1,18601.947266,2399
2,18234.630859,5147
3,17846.712891,7895
4,17790.203125,10644
5,17784.341797,13393
6,17737.746094,16142
7,17672.175781,18891
8,17672.175781,21640
9,17672.175781,24389
10,17665.195312,27138
11,17662.949219,29887
12,17662.949219,32636
13,17662.949219,35383
14,17662.949219,38132
15,17662.949219,40878
16,17662.949219,43627
17,17662.949219,46376
18,17662.949219,49125
19,17662.949219,51873
20,17644.048828,54622
21,17644.048828,57371
22,17644.048828,60118
23,17644.048828,62867
24,17644.048828,65616
25,17644.048828,68365
26,17644.048828,71114
27,17644.048828,73863
28,17644.048828,76612
29,17644.048828,79361
30,17644.048828,82110
31,17644.048828,84859
32,17644.048828,87608
33,17644.048828,90357
34,17644.048828,93106
35,17644.048828,95855
36,17644.048828,98604
37,17644.048828,101353
38,17644.048828,104102
39,17644.048828,106851
40,17644.048828,109600
41,17644.048828,112349
42,17644.048828,115098
43,17644.048828,117847
44,17644.048828,120596
45,17644.048828,123345
46,17644.048828,126094
47,17644.048828,128843
48,17644.048828,131592
49,17644.048828,134341
50,17644.048828,137090
51,17644.048828,139839
52,17644.048828,142588
53,17644.048828,145337
54,17644.048828,148086
55,17644.048828,150835
56,17644.048828,153584
57,17644.048828,156333
58,17644.048828,159082
59,17644.048828,161831
60,17644.048828,164580
61,17644.048828,167329
62,17644.048828,170078
63,17644.048828,172827
64,17644.048828,175576
65,17644.048828,178325
66,17644.048828,181074
67,17644.048828,183823
68,17644.048828,186572
69,17644.048828,189321
70,17644.048828,192070
71,17644.048828,194819
72,17644.048828,197568
73,17644.048828,200317
74,17644.048828,203066
75,17644.048828,205815
76,17644.048828,208564
77,17644.048828,211313
78,17644.048828,214062
79,17644.048828,216811
80,17644.048828,219560
81,17644.048828,222309
82,17644.048828,225058
83,17644.048828,227807
84,17644.048828,230556
85,17644.048828,233305
86,17644.048828,236054
87,17644.048828,238803
88,17644.048828,241552
89,17644.048828,244301
90,17644.048828,247050
91,17644.048828,249799
92,17644.048828,252548
93,17644.048828,255297
94,17644.048828,258046
95,17644.048828,260795
96,17644.048828,263544
97,17644.048828,266293
98,17644.048828,269042
99,17644.048828,271791
100,17644.048828,274540
101,17644.048828,277289
102,17644.048828,280038
103,17644.048828,282787
104,17644.048828,285536
105,17644.048828,288285
106,17644.048828,291034
107,17644.048828,293783
108,17644.048828,296532
109,17644.048828,299281
110,17644.048828,302030
111,17644.048828,304779
112,17626.306641,307528
113,17626.306641,310277
114,17626.306641,313026
115,17626.306641,315775
116,17626.306641,318524
117,17626.306641,321273
118,17626.306641,324022
119,17626.306641,326771
120,17626.306641,329520
121,17626.306641,332269
122,17626.306641,335018
123,17626.306641,337767
124,17624.833984,340516
125,17622.994141,343265
126,17591.121094,346014
127,17591.121094,348763
128,17591.121094,351512
129,17591.121094,354261
130,17591.121094,357010
131,17591.121094,359759
132,17591.121094,362508
133,17591.121094,365257
134,17591.121094,368006
135,17591.121094,370755
136,17591.121094,373504
137,17591.121094,376253
138,17591.121094,379002
139,17591.121094,381751
140,17591.121094,384500
141,17591.121094,387249
142,17591.121094,389998
143,17591.121094,392747
144,17591.121094,395496
145,17591.121094,398245
146,17591.121094,400994
147,17591.121094,403743
148,17591.121094,406492
149,17591.121094,409241
150,17591.121094,411990
151,17591.121094,414739
152,17591.121094,417488
153,17591.121094,420237
154,17591.121094,422986
155,17591.121094,425735
156,17591.121094,428484
157,17591.121094,431233
158,17591.121094,433982
159,17591.121094,436731
160,17591.121094,439480
161,17591.121094,442229
162,17591.121094,444978
163,17591.121094,447727
164,17591.121094,450476
165,17591.121094,453225
166,17591.121094,455974
167,17591.121094,458723
168,17591.121094,461472
169,17591.121094,464221
170,17591.121094,466970
171,17591.121094,469719
172,17591.121094,472468
173,17591.121094,475217
174,17591.121094,477966
175,17591.121094,480715
176,17591.121094,483464
177,17591.121094,486213
178,17591.121094,488962
179,17591.121094,491711
180,17591.121094,494460
181,17591.121094,497209
182,17591.121094,499958
183,17591.121094,502707
184,17591.121094,505456
185,17591.121094,508205
186,17591.121094,510954
187,17591.121094,513703
188,17591.121094,516452
189,17591.121094,519201
190,17591.121094,521950
191,17591.121094,524699
192,17591.121094,527448
193,17591.121094,530197
194,17591.121094,532946
195,17591.121094,535695
196,17591.121094,538444
197,17591.121094,541193
198,17591.121094,543942
199,17591.121094,546691
200,17591.121094,549440
201,17591.121094,552189
202,17591.121094,554938
203,17591.121094,557687
204,17591.121094,560436
205,17591.121094,563185
206,17591.121094,565934
207,17591.121094,568683
208,17591.121094,571432
209,17591.121094,574181
210,17591.121094,576930
211,17591.121094,579679
212,17591.121094,582428
213,17591.121094,585177
214,17591.121094,587926
215,17591.121094,590675
216,17591.121094,593424
217,17591.121094,596173
218,17591.121094,598922
219,17591.121094,601671
220,17591.121094,604420
221,17591.121094,607169
222,17591.121094,609918
223,17591.121094,612667
224,17591.121094,615416
225,17591.121094,618165
226,17591.121094,620914
227,17591.121094,623663
228,17591.121094,626412
229,17591.121094,629161
230,17591.121094,631910
231,17591.121094,634659
232,17591.121094,637408
233,17591.121094,640157
234,17591.121094,642906
235,17591.121094,645655
236,17591.121094,648404
237,17591.121094,651153
238,17591.121094,653902
239,17591.121094,656651
240,17591.121094,659400
241,17591.121094,662149
242,17591.121094,664898
243,17591.121094,667647
244,17591.121094,670396
245,17591.121094,673145
246,17591.121094,675894
247,17591.121094,678643
248,17591.121094,681392
249,17591.121094,684141
250,17591.121094,686890
251,17591.121094,689639
252,17591.121094,692388
253,17591.121094,695137
254,17591.121094,697886
255,17591.121094,700635
256,17591.121094,703384
257,17591.121094,706133
258,17591.121094,708882
259,17591.121094,711631
260,17591.121094,714380
261,17591.121094,717129
262,17591.121094,719878
263,17591.121094,722627
264,17591.121094,725376
265,17591.121094,728125
266,17591.121094,730874
267,17591.121094,733623
268,17591.121094,736372
269,17591.121094,739121
270,17591.121094,741870
271,17591.121094,744619
272,17591.121094,747368
273,17591.121094,750117
274,17591.121094,752866
275,17591.121094,755615
276,17591.121094,758364
277,17591.121094,761113
278,17591.121094,763862
279,17591.121094,766611
280,17591.121094,769360
281,17591.121094,772109
282,17591.121094,774858
283,17591.121094,777607
284,17591.121094,780356
285,17591.121094,783105
286,17591.121094,785854
287,17591.121094,788603
288,17591.121094,791352
289,17591.121094,794101
290,17591.121094,796850
291,17591.121094,799599
292,17591.121094,802348
293,17591.121094,805097
294,17591.121094,807846
295,17591.121094,810595
296,17591.121094,813344
297,17591.121094,816093
298,17591.121094,818842
17591.121094,1299.064639
1,18622.492188,2399
2,18130.744141,5068
3,18066.490234,7736
4,17863.626953,10405
5,17755.421875,13074
6,17703.359375,15743
7,17703.359375,18412
8,17664.835938,21081
9,17646.933594,23750
10,17646.933594,26419
11,17646.933594,29088
12,17646.933594,31756
13,17646.933594,34425
14,17646.933594,37093
15,17646.933594,39762
16,17646.933594,42430
17,17646.933594,45099
18,17646.933594,47768
19,17646.933594,50437
20,17646.933594,53106
21,17642.794922,55774
22,17642.794922,58443
23,17642.728516,61112
24,17642.728516,63781
25,17642.728516,66450
26,17642.728516,69119
27,17642.728516,71788
28,17642.728516,74457
29,17642.728516,77126
30,17642.728516,79795
31,17642.728516,82464
32,17642.728516,85133
33,17642.728516,87802
34,17642.728516,90471
35,17642.728516,93140
36,17642.728516,95809
37,17642.728516,98478
38,17642.728516,101147
39,17642.728516,103816
40,17642.728516,106485
41,17642.728516,109154
42,17642.728516,111823
43,17642.728516,114492
44,17642.728516,117161
45,17642.728516,119830
46,17642.728516,122499
47,17642.728516,125168
48,17642.728516,127837
49,17642.728516,130506
50,17642.728516,133175
51,17638.240234,135844
52,17623.322266,138513
53,17623.322266,141182
54,17623.322266,143851
55,17623.322266,146520
56,17623.322266,149189
57,17623.322266,151858
58,17623.322266,154527
59,17620.517578,157196
60,17620.517578,159865
61,17620.517578,162534
62,17620.517578,165203
63,17620.517578,167872
64,17620.517578,170541
65,17620.517578,173210
66,17620.517578,175879
67,17620.517578,178548
68,17620.517578,181217
69,17620.517578,183886
70,17620.517578,186555
71,17620.517578,189224
72,17620.517578,191893
73,17620.517578,194562
74,17620.517578,197231
75,17620.517578,199900
76,17620.517578,202569
77,17620.517578,205238
78,17620.517578,207907
79,17620.517578,210576
80,17620.517578,213245
81,17620.517578,215914
82,17620.517578,218583
83,17620.517578,221252
84,17620.517578,223921
85,17620.517578,226590
86,17620.517578,229259
87,17620.517578,231928
88,17620.517578,234597
89,17620.517578,237266
90,17620.517578,239935
91,17620.517578,242604
92,17620.517578,245273
93,17620.517578,247942
94,17620.517578,250611
95,17620.517578,253280
96,17620.517578,255949
97,17620.517578,258618
98,17620.517578,261287
99,17620.517578,263956
100,17620.517578,266625
101,17620.517578,269294
102,17620.517578,271963
103,17620.517578,274632
104,17620.517578,277301
105,17620.517578,279970
106,17620.517578,282639
107,17620.517578,285308
108,17620.517578,287977
109,17620.517578,290646
110,17620.517578,293315
111,17620.517578,295984
112,17620.517578,298653
113,17620.517578,301322
114,17620.517578,303991
115,17620.517578,306660
116,17620.517578,309329
117,17620.517578,311998
118,17620.517578,314667
119,17620.517578,317336
120,17620.517578,320005
121,17620.517578,322674
122,17620.517578,325343
123,17620.517578,328012
124,17620.517578,330681
125,17620.517578,333350
126,17620.517578,336019
127,17620.517578,338688
128,17620.517578,341357
129,17620.517578,344026
130,17620.517578,346695
131,17620.517578,349364
132,17620.517578,352033
133,17620.517578,354702
134,17620.517578,357371
135,17620.517578,360040
136,17620.517578,362709
137,17620.517578,365378
138,17620.517578,368047
139,17620.517578,370716
140,17620.517578,373385
141,17620.517578,376054
142,17620.517578,378723
143,17620.517578,381392
144,17620.517578,384061
145,17620.517578,386730
146,17620.517578,389399
147,17620.517578,392068
148,17620.517578,394737
149,17620.517578,397406
150,17620.517578,400075
151,17620.517578,402744
152,17620.517578,405413
153,17620.517578,408082
154,17620.517578,410751
155,17620.517578,413420
156,17620.517578,416089
157,17620.517578,418758
158,17620.517578,421427
159,17620.517578,424096
160,17620.517578,426765
161,17620.517578,429434
162,17620.517578,432103
163,17620.517578,434772
164,17620.517578,437441
165,17620.517578,440110
166,17620.517578,442779
167,17620.517578,445448
168,17620.517578,448117
169,17620.517578,450786
170,17620.517578,453455
171,17620.517578,456124
172,17620.517578,458793
173,17620.517578,461462
174,17620.517578,464131
175,17620.517578,466800
176,17620.517578,469469
177,17620.517578,472138
178,17620.517578,474807
179,17620.517578,477476
180,17620.517578,480145
181,17620.517578,482814
182,17620.517578,485483
183,17620.517578,488152
184,17620.517578,490821
185,17620.517578,493490
186,17620.517578,496159
187,17620.517578,498828
188,17620.517578,501497
189,17620.517578,504166
190,17620.517578,506835
191,17620.517578,509504
192,17620.517578,512173
193,17620.517578,514842
194,17620.517578,517511
195,17620.517578,520180
196,17620.517578,522849
197,17620.517578,525518
198,17620.517578,528187
199,17620.517578,530856
200,17620.517578,533525
201,17620.517578,536194
202,17620.517578,538863
203,17620.517578,541532
204,17620.517578,544201
205,17620.517578,546870
206,17620.517578,549539
207,17620.517578,552208
208,17620.517578,554877
209,17620.517578,557546
210,17620.517578,560215
211,17620.517578,562884
212,17620.517578,565553
213,17620.517578,568222
214,17620.517578,570891
215,17620.517578,573560
216,17620.517578,576229
217,17620.517578,578898
218,17620.517578,581567
219,17620.517578,584236
220,17620.517578,586905
221,17620.517578,589574
222,17620.517578,592243
223,17620.517578,594912
224,17620.517578,597581
225,17620.517578,600250
226,17620.517578,602919
227,17620.517578,605588
228,17620.517578,608257
229,17620.517578,610926
230,17620.517578,613595
231,17620.517578,616264
232,17620.517578,618933
233,17620.517578,621602
234,17620.517578,624271
235,17620.517578,626940
236,17620.517578,629609
237,17620.517578,632278
238,17620.517578,634947
239,17620.517578,637616
240,17620.517578,640285
241,17620.517578,642954
242,17620.517578,645623
243,17620.517578,648292
244,17620.517578,650961
245,17620.517578,653630
246,17620.517578,656299
247,17620.517578,658968
248,17620.517578,661637
249,17620.517578,664306
250,17620.517578,666975
251,17620.517578,669644
252,17620.517578,672313
253,17620.517578,674982
254,17620.517578,677651
255,17620.517578,680320
256,17620.517578,682989
257,17620.517578,685658
258,17620.517578,688327
259,17620.517578,690996
260,17620.517578,693665
261,17620.517578,696334
262,17620.517578,699003
263,17620.517578,701672
264,17620.517578,704341
265,17620.517578,707010
266,17620.517578,709679
267,17620.517578,712348
268,17620.517578,715017
269,17620.517578,717686
270,17620.517578,720355
271,17620.517578,723024
272,17620.517578,725693
273,17620.517578,728362
274,17620.517578,731031
275,17620.517578,733700
276,17620.517578,736369
277,17620.517578,739038
278,17620.517578,741707
279,17620.517578,744376
280,17620.517578,747045
281,17620.517578,749714
282,17620.517578,752383
283,17620.517578,755052
284,17620.517578,757721
285,17620.517578,760390
286,17620.517578,763059
287,17620.517578,765728
288,17620.517578,768397
289,17620.517578,771066
290,17620.517578,773735
291,17620.517578,776404
292,17620.517578,779073
293,17620.517578,781742
294,17620.517578,784411
295,17620.517578,787080
296,17620.517578,789749
297,17620.517578,792418
298,17620.517578,795087
299,17620.517578,797756
300,17620.517578,800425
301,17620.517578,803094
302,17620.517578,805763
303,17620.517578,808432
304,17620.517578,811101
305,17620.517578,813770
306,17620.517578,816439
307,17620.517578,819108
17620.517578,1300.307772
1,18653.697266,2399
2,18261.074219,5164
3,18078.294922,7928
4,17895.185547,10692
5,17746.898438,13457
6,17740.380859,16222
7,17661.048828,18987
8,17661.048828,21752
9,17661.048828,24517
10,17661.048828,27282
11,17661.048828,30047
12,17661.048828,32812
13,17661.048828,35577
14,17661.048828,38340
15,17652.337891,41105
16,17652.337891,43870
17,17652.337891,46635
18,17652.337891,49400
19,17652.337891,52165
20,17652.337891,54930
21,17652.337891,57695
22,17652.337891,60460
23,17652.337891,63225
24,17652.337891,65990
25,17652.337891,68755
26,17652.337891,71520
27,17652.337891,74285
28,17652.337891,77050
29,17652.337891,79815
30,17652.337891,82580
31,17652.337891,85345
32,17652.337891,88110
33,17652.337891,90875
34,17652.337891,93640
35,17652.337891,96405
36,17652.337891,99170
37,17652.337891,101935
38,17652.337891,104700
39,17652.337891,107465
40,17652.337891,110230
41,17652.337891,112995
42,17652.337891,115760
43,17652.337891,118525
44,17652.337891,121290
45,17652.337891,124055
46,17652.337891,126820
47,17652.337891,129585
48,17652.337891,132350
49,17652.337891,135115
50,17652.337891,137880
51,17652.337891,140645
52,17652.337891,143410
53,17652.337891,146175
54,17642.072266,148940
55,17642.072266,151705
56,17642.072266,154470
57,17642.072266,157235
58,17642.072266,160000
59,17642.072266,162765
60,17642.072266,165530
61,17642.072266,168295
62,17642.072266,171060
63,17642.072266,173825
64,17642.072266,176590
65,17642.072266,179355
66,17642.072266,182120
67,17642.072266,184885
68,17642.072266,187650
69,17640.738281,190415
70,17640.738281,193180
71,17640.738281,195945
72,17640.738281,198710
73,17640.738281,201475
74,17640.738281,204240
75,17640.738281,207005
76,17640.738281,209770
77,17640.738281,212535
78,17640.738281,215300
79,17640.738281,218065
80,17640.738281,220830
81,17640.738281,223595
82,17640.738281,226360
83,17640.738281,229125
84,17640.738281,231890
85,17640.738281,234655
86,17640.738281,237420
87,17640.738281,240185
88,17640.738281,242950
89,17640.738281,245715
90,17640.738281,248480
91,17640.738281,251245
92,17640.738281,254010
93,17640.738281,256775
94,17640.738281,259540
95,17640.738281,262305
96,17640.738281,265070
97,17640.738281,267835
98,17640.738281,270600
99,17640.738281,273365
100,17640.738281,276130
101,17640.738281,278895
102,17640.738281,281660
103,17640.738281,284425
104,17640.738281,287190
105,17640.738281,289955
106,17640.738281,292720
107,17640.738281,295485
108,17640.738281,298250
109,17640.738281,301015
110,17640.738281,303780
111,17640.738281,306545
112,17640.738281,309310
113,17640.738281,312075
114,17640.738281,314840
115,17640.738281,317605
116,17640.738281,320370
117,17640.738281,323135
118,17640.738281,325900
119,17640.738281,328665
120,17640.738281,331430
121,17640.738281,334195
122,17640.738281,336960
123,17640.738281,339725
124,17640.738281,342490
125,17640.738281,345255
126,17640.738281,348020
127,17604.171875,350785
128,17604.171875,353550
129,17604.171875,356315
130,17604.171875,359080
131,17604.171875,361845
132,17604.171875,364610
133,17604.171875,367375
134,17604.171875,370140
135,17604.171875,372905
136,17604.171875,375670
137,17604.171875,378435
138,17604.171875,381200
139,17604.171875,383965
140,17604.171875,386730
141,17604.171875,389495
142,17604.171875,392260
143,17604.171875,395025
144,17604.171875,397790
145,17604.171875,400555
146,17604.171875,403320
147,17604.171875,406085
148,17604.171875,408850
149,17604.171875,411615
150,17604.171875,414380
151,17604.171875,417145
152,17604.171875,419910
153,17604.171875,422675
154,17604.171875,425440
155,17604.171875,428205
156,17604.171875,430970
157,17604.171875,433735
158,17604.171875,436500
159,17604.171875,439265
160,17604.171875,442030
161,17604.171875,444795
162,17604.171875,447560
163,17604.171875,450325
164,17604.171875,453090
165,17604.171875,455855
166,17604.171875,458620
167,17604.171875,461385
168,17604.171875,464150
169,17604.171875,466915
170,17604.171875,469680
171,17604.171875,472445
172,17604.171875,475210
173,17604.171875,477975
174,17604.171875,480740
175,17604.171875,483505
176,17604.171875,486270
177,17604.171875,489035
178,17604.171875,491800
179,17604.171875,494565
180,17604.171875,497330
181,17604.171875,500095
182,17604.171875,502860
183,17604.171875,505625
184,17604.171875,508390
185,17604.171875,511155
186,17604.171875,513920
187,17604.171875,516685
188,17604.171875,519450
189,17604.171875,522215
190,17604.171875,524980
191,17604.171875,527745
192,17604.171875,530510
193,17604.171875,533275
194,17604.171875,536040
195,17604.171875,538805
196,17604.171875,541570
197,17604.171875,544335
198,17604.171875,547100
199,17604.171875,549865
200,17604.171875,552630
201,17604.171875,555395
202,17604.171875,558160
203,17604.171875,560925
204,17604.171875,563690
205,17604.171875,566455
206,17604.171875,569220
207,17604.171875,571985
208,17604.171875,574750
209,17604.171875,577515
210,17604.171875,580280
211,17604.171875,583045
212,17604.171875,585810
213,17604.171875,588575
214,17604.171875,591340
215,17604.171875,594105
216,17604.171875,596870
217,17604.171875,599635
218,17604.171875,602400
219,17604.171875,605165
220,17604.171875,607930
221,17604.171875,610695
222,17604.171875,613460
223,17604.171875,616225
224,17604.171875,618990
225,17604.171875,621755
226,17604.171875,624520
227,17604.171875,627285
228,17604.171875,630050
229,17604.171875,632815
230,17604.171875,635580
231,17604.171875,638345
232,17604.171875,641110
233,17604.171875,643875
234,17604.171875,646640
235,17604.171875,649405
236,17604.171875,652170
237,17604.171875,654935
238,17604.171875,657700
239,17604.171875,660465
240,17604.171875,663230
241,17604.171875,665995
242,17604.171875,668760
243,17604.171875,671525
244,17604.171875,674290
245,17604.171875,677055
246,17604.171875,679820
247,17604.171875,682585
248,17604.171875,685350
249,17604.171875,688115
250,17604.171875,690880
251,17604.171875,693645
252,17604.171875,696410
253,17604.171875,699175
254,17604.171875,701940
255,17604.171875,704705
256,17604.171875,707470
257,17604.171875,710235
258,17604.171875,713000
259,17604.171875,715765
260,17604.171875,718530
261,17604.171875,721295
262,17604.171875,724060
263,17604.171875,726825
264,17604.171875,729590
265,17604.171875,732355
266,17604.171875,735120
267,17604.171875,737885
268,17604.171875,740650
269,17604.171875,743415
270,17604.171875,746180
271,17604.171875,748945
272,17604.171875,751710
273,17604.171875,754475
274,17604.171875,757240
275,17604.171875,760005
276,17604.171875,762770
277,17604.171875,765535
278,17604.171875,768300
279,17604.171875,771065
280,17604.171875,773830
281,17604.171875,776595
282,17604.171875,779360
283,17604.171875,782125
284,17604.171875,784890
285,17604.171875,787655
286,17604.171875,790420
287,17604.171875,793185
288,17604.171875,795950
289,17604.171875,798715
290,17604.171875,801480
291,17604.171875,804245
292,17604.171875,807010
293,17604.171875,809775
294,17604.171875,812540
295,17604.171875,815305
296,17604.171875,818070
17604.171875,1297.258644
1,18729.472656,2399
2,18729.472656,5185
3,18729.472656,7971
4,17839.748047,10757
5,17733.117188,13544
6,17730.419922,16331
7,17715.224609,19118
8,17679.619141,21905
9,17679.619141,24692
10,17675.833984,27479
11,17675.833984,30266
12,17675.833984,33053
13,17674.462891,35840
14,17674.462891,38626
15,17674.462891,41413
16,17659.679688,44200
17,17650.160156,46987
18,17650.160156,49774
19,17650.160156,52561
20,17649.927734,55348
21,17649.927734,58135
22,17649.927734,60922
23,17649.927734,63709
24,17649.927734,66496
25,17649.927734,69283
26,17649.927734,72070
27,17634.365234,74857
28,17634.365234,77644
29,17634.365234,80431
30,17634.365234,83218
31,17634.365234,86005
32,17634.365234,88792
33,17634.365234,91579
34,17634.365234,94366
35,17634.365234,97153
36,17634.365234,99940
37,17634.365234,102727
38,17634.365234,105514
39,17634.365234,108301
40,17634.365234,111087
41,17634.365234,113874
42,17634.365234,116661
43,17634.365234,119448
44,17634.365234,122235
45,17634.365234,125022
46,17634.365234,127809
47,17634.365234,130596
48,17634.365234,133383
49,17634.365234,136170
50,17634.365234,138957
51,17634.365234,141744
52,17634.365234,144531
53,17634.365234,147318
54,17634.365234,150105
55,17634.365234,152892
56,17634.365234,155679
57,17634.365234,158466
58,17634.365234,161253
59,17634.365234,164040
60,17634.365234,166827
61,17634.365234,169614
62,17634.365234,172401
63,17634.365234,175188
64,17634.365234,177975
65,17634.365234,180762
66,17634.365234,183549
67,17634.365234,186336
68,17634.365234,189123
69,17634.365234,191910
70,17634.365234,194697
71,17634.365234,197484
72,17634.365234,200271
73,17634.365234,203058
74,17634.365234,205845
75,17634.365234,208632
76,17634.365234,211419
77,17634.365234,214206
78,17634.365234,216993
79,17634.365234,219780
80,17634.365234,222567
81,17634.365234,225354
82,17634.365234,228141
83,17634.365234,230928
84,17634.365234,233715
85,17634.365234,236502
86,17634.365234,239289
87,17634.365234,242076
88,17634.365234,244863
89,17634.365234,247650
90,17634.365234,250437
91,17634.365234,253224
92,17634.365234,256011
93,17634.365234,258798
94,17634.365234,261585
95,17634.365234,264372
96,17634.365234,267159
97,17634.365234,269946
98,17634.365234,272733
99,17634.365234,275520
100,17634.365234,278307
101,17634.365234,281094
102,17634.365234,283881
103,17634.365234,286668
104,17634.365234,289455
105,17634.365234,292242
106,17634.365234,295029
107,17634.365234,297816
108,17634.365234,300603
109,17634.365234,303390
110,17634.365234,306177
111,17634.365234,308964
112,17634.365234,311751
113,17634.365234,314538
114,17634.365234,317325
115,17634.365234,320112
116,17634.365234,322899
117,17634.365234,325686
118,17634.365234,328473
119,17634.365234,331260
120,17634.365234,334047
121,17634.365234,336834
122,17634.365234,339621
123,17634.365234,342408
124,17634.365234,345195
125,17634.365234,347982
126,17634.365234,350769
127,17634.365234,353556
128,17634.365234,356343
129,17634.365234,359130
130,17634.365234,361917
131,17634.365234,364704
132,17634.365234,367491
133,17634.365234,370278
134,17634.365234,373065
135,17634.365234,375852
136,17634.365234,378639
137,17634.365234,381426
138,17634.365234,384213
139,17634.365234,387000
140,17634.365234,389787
141,17634.365234,392574
142,17634.365234,395361
143,17634.365234,398148
144,17634.365234,400935
145,17634.365234,403722
146,17634.365234,406509
147,17634.365234,409296
148,17634.365234,412083
149,17634.365234,414870
150,17634.365234,417657
151,17634.365234,420444
152,17634.365234,423231
153,17634.365234,426018
154,17634.365234,428805
155,17634.365234,431592
156,17634.365234,434379
157,17634.365234,437166
158,17634.365234,439953
159,17634.365234,442740
160,17634.365234,445527
161,17634.365234,448314
162,17634.365234,451101
163,17634.365234,453888
164,17634.365234,456675
165,17634.365234,459462
166,17634.365234,462249
167,17634.365234,465036
168,17634.365234,467823
169,17634.365234,470610
170,17634.365234,473397
171,17634.365234,476184
172,17634.365234,478971
173,17634.365234,481758
174,17634.365234,484545
175,17634.365234,487332
176,17634.365234,490119
177,17634.365234,492906
178,17634.365234,495693
179,17634.365234,498480
180,17634.365234,501267
181,17634.365234,504054
182,17634.365234,506841
183,17634.365234,509628
184,17634.365234,512415
185,17634.365234,515202
186,17634.365234,517989
187,17634.365234,520776
188,17634.365234,523563
189,17634.365234,526350
190,17634.365234,529137
191,17634.365234,531924
192,17634.365234,534711
193,17634.365234,537498
194,17634.365234,540285
195,17634.365234,543072
196,17634.365234,545859
197,17634.365234,548646
198,17634.365234,551433
199,17634.365234,554220
200,17634.365234,557007
201,17634.365234,559794
202,17634.365234,562581
203,17634.365234,565368
204,17634.365234,568155
205,17634.365234,570942
206,17634.365234,573729
207,17634.365234,576516
208,17634.365234,579303
209,17634.365234,582090
210,17634.365234,584877
211,17634.365234,587664
212,17634.365234,590451
213,17634.365234,593238
214,17634.365234,596025
215,17634.365234,598812
216,17634.365234,601599
217,17634.365234,604386
218,17634.365234,607173
219,17634.365234,609960
220,17634.365234,612747
221,17634.365234,615534
222,17634.365234,618321
223,17634.365234,621108
224,17634.365234,623895
225,17634.365234,626682
226,17634.365234,629469
227,17634.365234,632256
228,17634.365234,635043
229,17634.365234,637830
230,17634.365234,640617
231,17634.365234,643404
232,17634.365234,646191
233,17634.365234,648978
234,17634.365234,651765
235,17634.365234,654552
236,17634.365234,657339
237,17634.365234,660126
238,17634.365234,662913
239,17634.365234,665700
240,17634.365234,668487
241,17634.365234,671274
242,17634.365234,674061
243,17634.365234,676848
244,17634.365234,679635
245,17634.365234,682422
246,17634.365234,685209
247,17634.365234,687996
248,17634.365234,690783
249,17634.365234,693570
250,17634.365234,696357
251,17634.365234,699144
252,17634.365234,701931
253,17634.365234,704718
254,17634.365234,707505
255,17634.365234,710292
256,17634.365234,713079
257,17634.365234,715866
258,17634.365234,718653
259,17634.365234,721440
260,17634.365234,724227
261,17634.365234,727014
262,17634.365234,729801
263,17634.365234,732588
264,17634.365234,735375
265,17634.365234,738162
266,17634.365234,740949
267,17634.365234,743736
268,17632.478516,746523
269,17632.478516,749310
270,17632.478516,752097
271,17632.478516,754884
272,17632.478516,757671
273,17632.478516,760458
274,17632.478516,763245
275,17632.478516,766032
276,17632.478516,768819
277,17632.478516,771606
278,17632.478516,774393
279,17632.478516,777180
280,17632.478516,779967
281,17632.478516,782754
282,17632.478516,785541
283,17632.478516,788328
284,17632.478516,791115
285,17632.478516,793902
286,17632.478516,796689
287,17632.478516,799476
288,17632.478516,802263
289,17632.478516,805050
290,17632.478516,807837
291,17632.478516,810624
292,17632.478516,813411
293,17632.478516,816198
294,17632.478516,818985
17632.478516,1294.202713
1,18829.078125,2399
2,18180.566406,5098
3,18067.671875,7796
4,17859.955078,10495
5,17745.906250,13196
6,17661.857422,15897
7,17661.857422,18598
8,17661.857422,21299
9,17629.830078,24000
10,17629.830078,26701
11,17629.830078,29402
12,17629.830078,32102
13,17629.830078,34802
14,17629.830078,37503
15,17629.830078,40204
16,17629.830078,42905
17,17629.830078,45606
18,17629.830078,48306
19,17629.830078,51007
20,17629.830078,53708
21,17629.830078,56409
22,17629.830078,59110
23,17629.830078,61811
24,17629.830078,64512
25,17629.830078,67213
26,17629.830078,69914
27,17629.830078,72615
28,17629.830078,75316
29,17629.830078,78017
30,17629.830078,80718
31,17629.830078,83419
32,17629.830078,86120
33,17629.830078,88821
34,17629.830078,91522
35,17629.830078,94223
36,17629.830078,96924
37,17629.830078,99625
38,17629.830078,102326
39,17629.830078,105027
40,17629.830078,107728
41,17629.830078,110429
42,17629.830078,113130
43,17629.830078,115831
44,17629.830078,118532
45,17629.830078,121233
46,17629.830078,123934
47,17629.830078,126635
48,17629.830078,129336
49,17629.830078,132037
50,17629.830078,134738
51,17629.830078,137439
52,17629.830078,140140
53,17629.830078,142841
54,17629.830078,145542
55,17629.830078,148243
56,17629.830078,150944
57,17629.830078,153645
58,17629.830078,156346
59,17629.830078,159047
60,17629.830078,161748
61,17629.830078,164449
62,17629.830078,167150
63,17629.830078,169851
64,17629.830078,172552
65,17629.830078,175253
66,17629.830078,177954
67,17629.830078,180655
68,17629.830078,183356
69,17629.830078,186057
70,17629.830078,188758
71,17629.830078,191459
72,17629.830078,194160
73,17629.830078,196861
74,17629.830078,199562
75,17629.830078,202263
76,17629.830078,204964
77,17629.830078,207665
78,17629.830078,210366
79,17609.398438,213067
80,17609.228516,215768
81,17609.228516,218469
82,17609.228516,221170
83,17609.228516,223871
84,17609.228516,226572
85,17609.228516,229273
86,17609.228516,231974
87,17609.228516,234675
88,17609.228516,237376
89,17609.228516,240077
90,17609.228516,242778
91,17609.228516,245479
92,17609.228516,248180
93,17609.228516,250881
94,17609.228516,253582
95,17609.228516,256283
96,17609.228516,258984
97,17609.228516,261685
98,17609.228516,264386
99,17609.228516,267087
100,17609.228516,269788
101,17609.228516,272489
102,17609.228516,275190
103,17609.228516,277891
104,17609.228516,280592
105,17609.228516,283293
106,17609.228516,285994
107,17609.228516,288695
108,17609.228516,291396
109,17609.228516,294097
110,17609.228516,296798
111,17609.228516,299499
112,17609.228516,302200
113,17609.228516,304901
114,17609.228516,307602
115,17609.228516,310303
116,17609.228516,313004
117,17609.228516,315705
118,17609.228516,318406
119,17609.228516,321107
120,17609.228516,323808
121,17609.228516,326509
122,17609.228516,329210
123,17609.228516,331911
124,17609.228516,334612
125,17609.228516,337313
126,17609.228516,340014
127,17609.228516,342715
128,17609.228516,345416
129,17609.228516,348117
130,17609.228516,350818
131,17609.228516,353519
132,17609.228516,356220
133,17609.228516,358921
134,17609.228516,361622
135,17609.228516,364323
136,17609.228516,367024
137,17609.228516,369725
138,17609.228516,372426
139,17609.228516,375127
140,17609.228516,377828
141,17609.228516,380529
142,17609.228516,383230
143,17609.228516,385931
144,17609.228516,388632
145,17609.228516,391333
146,17609.228516,394034
147,17609.228516,396735
148,17609.228516,399436
149,17609.228516,402137
150,17609.228516,404838
151,17609.228516,407539
152,17609.228516,410240
153,17609.228516,412941
154,17609.228516,415642
155,17609.228516,418343
156,17609.228516,421044
157,17609.228516,423745
158,17609.228516,426446
159,17609.228516,429147
160,17609.228516,431848
161,17609.228516,434549
162,17609.228516,437250
163,17609.228516,439951
164,17609.228516,442652
165,17609.228516,445353
166,17609.228516,448054
167,17609.228516,450755
168,17609.228516,453456
169,17609.228516,456157
170,17609.228516,458858
171,17609.228516,461559
172,17609.228516,464260
173,17609.228516,466961
174,17609.228516,469662
175,17609.228516,472363
176,17609.228516,475064
177,17609.228516,477765
178,17609.228516,480466
179,17609.228516,483167
180,17609.228516,485868
181,17609.228516,488569
182,17609.228516,491270
183,17609.228516,493971
184,17609.228516,496672
185,17609.228516,499373
186,17609.228516,502074
187,17609.228516,504775
188,17609.228516,507476
189,17609.228516,510177
190,17609.228516,512878
191,17609.228516,515579
192,17609.228516,518280
193,17609.228516,520981
194,17609.228516,523682
195,17609.228516,526383
196,17609.228516,529084
197,17609.228516,531785
198,17609.228516,534486
199,17609.228516,537187
200,17609.228516,539888
201,17609.228516,542589
202,17609.228516,545290
203,17609.228516,547991
204,17609.228516,550692
205,17609.228516,553393
206,17609.228516,556094
207,17609.228516,558795
208,17609.228516,561496
209,17609.228516,564197
210,17609.228516,566898
211,17609.228516,569599
212,17609.228516,572300
213,17609.228516,575001
214,17609.228516,577702
215,17609.228516,580403
216,17609.228516,583104
217,17609.228516,585805
218,17609.228516,588506
219,17609.228516,591207
220,17609.228516,593908
221,17609.228516,596609
222,17609.228516,599310
223,17609.228516,602011
224,17609.228516,604712
225,17609.228516,607413
226,17609.228516,610114
227,17609.228516,612815
228,17609.228516,615516
229,17609.228516,618217
230,17609.228516,620918
231,17609.228516,623619
232,17609.228516,626320
233,17609.228516,629021
234,17609.228516,631722
235,17609.228516,634423
236,17609.228516,637124
237,17609.228516,639825
238,17609.228516,642526
239,17609.228516,645227
240,17609.228516,647928
241,17609.228516,650629
242,17609.228516,653330
243,17609.228516,656031
244,17609.228516,658732
245,17609.228516,661433
246,17609.228516,664134
247,17609.228516,666835
248,17609.228516,669536
249,17609.228516,672237
250,17609.228516,674938
251,17609.228516,677639
252,17609.228516,680340
253,17609.228516,683041
254,17609.228516,685742
255,17609.228516,688443
256,17609.228516,691144
257,17609.228516,693845
258,17609.228516,696546
259,17609.228516,699247
260,17609.228516,701948
261,17609.228516,704649
262,17609.228516,707350
263,17609.228516,710051
264,17609.228516,712752
265,17609.228516,715453
266,17609.228516,718154
267,17609.228516,720855
268,17609.228516,723556
269,17609.228516,726257
270,17609.228516,728958
271,17609.228516,731659
272,17609.228516,734360
273,17609.228516,737061
274,17609.228516,739762
275,17609.228516,742463
276,17609.228516,745164
277,17609.228516,747865
278,17609.228516,750566
279,17609.228516,753267
280,17609.228516,755968
281,17609.228516,758669
282,17609.228516,761370
283,17609.228516,764071
284,17609.228516,766772
285,17609.228516,769473
286,17609.228516,772174
287,17609.228516,774875
288,17609.228516,777576
289,17609.228516,780277
290,17609.228516,782978
291,17609.228516,785679
292,17609.228516,788380
293,17609.228516,791081
294,17609.228516,793782
295,17609.228516,796483
296,17609.228516,799184
297,17609.228516,801885
298,17609.228516,804586
299,17609.228516,807287
300,17609.228516,809988
301,17609.228516,812689
302,17609.228516,815390
303,17609.228516,818091
17609.228516,1297.488739
1,18784.992188,2399
2,18260.451172,4969
3,17987.726562,7539
4,17953.142578,10109
5,17810.000000,12679
6,17708.912109,15249
7,17698.980469,17819
8,17698.296875,20389
9,17668.029297,22959
10,17668.029297,25529
11,17668.029297,28099
12,17668.029297,30669
13,17668.029297,33239
14,17668.029297,35808
15,17668.029297,38378
16,17668.029297,40948
17,17668.029297,43518
18,17668.029297,46088
19,17668.029297,48658
20,17668.029297,51228
21,17664.474609,53798
22,17664.474609,56368
23,17650.097656,58938
24,17650.097656,61508
25,17645.800781,64078
26,17645.800781,66648
27,17645.800781,69218
28,17645.800781,71788
29,17645.800781,74358
30,17645.800781,76928
31,17645.800781,79498
32,17645.800781,82068
33,17645.800781,84638
34,17645.800781,87208
35,17645.800781,89778
36,17645.800781,92347
37,17645.800781,94917
38,17645.800781,97487
39,17645.800781,100057
40,17645.800781,102627
41,17645.800781,105197
42,17645.800781,107767
43,17645.800781,110337
44,17645.800781,112907
45,17645.800781,115477
46,17645.800781,118047
47,17645.800781,120617
48,17645.800781,123187
49,17645.800781,125757
50,17645.800781,128327
51,17645.800781,130897
52,17645.800781,133467
53,17645.800781,136037
54,17645.800781,138607
55,17645.800781,141177
56,17645.800781,143747
57,17645.800781,146317
58,17645.800781,148887
59,17645.800781,151457
60,17645.800781,154027
61,17645.800781,156597
62,17645.800781,159167
63,17645.800781,161737
64,17645.800781,164307
65,17645.800781,166877
66,17645.800781,169447
67,17645.800781,172017
68,17645.800781,174587
69,17645.800781,177157
70,17645.800781,179727
71,17645.800781,182297
72,17645.800781,184867
73,17645.800781,187437
74,17645.800781,190007
75,17645.800781,192577
76,17645.800781,195147
77,17645.800781,197717
78,17645.800781,200287
79,17645.800781,202857
80,17645.800781,205427
81,17645.800781,207997
82,17645.800781,210567
83,17645.800781,213137
84,17645.800781,215707
85,17645.800781,218277
86,17645.800781,220847
87,17645.800781,223417
88,17645.800781,225987
89,17645.800781,228557
90,17645.800781,231127
91,17645.800781,233697
92,17645.800781,236267
93,17645.800781,238837
94,17645.800781,241407
95,17645.800781,243977
96,17645.800781,246547
97,17645.800781,249117
98,17645.800781,251687
99,17645.800781,254257
100,17645.800781,256827
101,17645.800781,259397
102,17645.800781,261967
103,17645.800781,264537
104,17645.800781,267107
105,17645.800781,269677
106,17645.800781,272247
107,17645.800781,274817
108,17645.800781,277387
109,17645.800781,279957
110,17645.800781,282527
111,17645.800781,285097
112,17645.800781,287667
113,17632.085938,290237
114,17632.085938,292807
115,17632.085938,295377
116,17630.867188,297947
117,17630.867188,300517
118,17630.867188,303087
119,17630.867188,305657
120,17630.867188,308227
121,17630.867188,310797
122,17630.867188,313367
123,17630.867188,315937
124,17630.867188,318507
125,17630.867188,321077
126,17630.867188,323647
127,17630.867188,326217
128,17630.867188,328787
129,17630.867188,331357
130,17630.867188,333927
131,17630.867188,336497
132,17630.867188,339067
133,17630.867188,341637
134,17630.867188,344207
135,17630.867188,346777
136,17630.867188,349347
137,17630.867188,351917
138,17630.867188,354487
139,17630.867188,357057
140,17630.867188,359627
141,17630.867188,362197
142,17630.867188,364767
143,17630.867188,367337
144,17630.867188,369907
145,17630.867188,372477
146,17630.867188,375047
147,17630.867188,377617
148,17630.867188,380187
149,17630.867188,382757
150,17630.867188,385327
151,17630.867188,387897
152,17630.867188,390467
153,17630.867188,393037
154,17630.867188,395607
155,17630.867188,398177
156,17630.867188,400747
157,17630.867188,403317
158,17630.867188,405887
159,17630.867188,408457
160,17630.867188,411027
161,17630.867188,413597
162,17629.128906,416167
163,17629.128906,418737
164,17629.128906,421307
165,17629.128906,423877
166,17629.128906,426447
167,17629.128906,429017
168,17629.128906,431587
169,17629.128906,434157
170,17629.128906,436727
171,17629.128906,439297
172,17629.128906,441867
173,17629.128906,444437
174,17629.128906,447007
175,17629.128906,449577
176,17629.128906,452147
177,17629.128906,454717
178,17629.128906,457287
179,17629.128906,459857
180,17629.128906,462427
181,17629.128906,464997
182,17629.128906,467567
183,17629.128906,470137
184,17629.128906,472707
185,17629.128906,475277
186,17629.128906,477847
187,17629.128906,480417
188,17629.128906,482987
189,17629.128906,485557
190,17629.128906,488127
191,17629.128906,490697
192,17629.128906,493267
193,17629.128906,495837
194,17629.128906,498407
195,17629.128906,500977
196,17629.128906,503547
197,17629.128906,506117
198,17629.128906,508687
199,17629.128906,511257
200,17629.128906,513827
201,17629.128906,516397
202,17629.128906,518967
203,17629.128906,521537
204,17629.128906,524107
205,17629.128906,526677
206,17629.128906,529247
207,17629.128906,531817
208,17629.128906,534387
209,17629.128906,536957
210,17629.128906,539527
211,17629.128906,542097
212,17629.128906,544667
213,17629.128906,547237
214,17629.128906,549807
215,17629.128906,552377
216,17629.128906,554947
217,17629.128906,557517
218,17629.128906,560087
219,17629.128906,562657
220,17629.128906,565227
221,17629.128906,567797
222,17629.128906,570367
223,17629.128906,572937
224,17629.128906,575507
225,17629.128906,578077
226,17629.128906,580647
227,17629.128906,583217
228,17629.128906,585787
229,17629.128906,588357
230,17629.128906,590927
231,17629.128906,593497
232,17629.128906,596067
233,17629.128906,598637
234,17629.128906,601207
235,17629.128906,603777
236,17629.128906,606347
237,17629.128906,608917
238,17629.128906,611487
239,17629.128906,614057
240,17629.128906,616627
241,17629.128906,619197
242,17629.128906,621767
243,17629.128906,624337
244,17629.128906,626907
245,17629.128906,629477
246,17629.128906,632047
247,17629.128906,634617
248,17629.128906,637187
249,17629.128906,639757
250,17629.128906,642327
251,17629.128906,644897
252,17629.128906,647467
253,17629.128906,650037
254,17629.128906,652607
255,17629.128906,655177
256,17629.128906,657747
257,17629.128906,660317
258,17629.128906,662887
259,17629.128906,665457
260,17629.128906,668027
261,17629.128906,670597
262,17629.128906,673167
263,17629.128906,675737
264,17629.128906,678307
265,17629.128906,680877
266,17629.128906,683447
267,17629.128906,686017
268,17629.128906,688587
269,17629.128906,691157
270,17629.128906,693727
271,17629.128906,696297
272,17629.128906,698867
273,17629.128906,701437
274,17629.128906,704007
275,17629.128906,706577
276,17629.128906,709147
277,17629.128906,711717
278,17629.128906,714287
279,17629.128906,716857
280,17629.128906,719427
281,17629.128906,721997
282,17629.128906,724567
283,17629.128906,727137
284,17629.128906,729707
285,17625.664062,732277
286,17622.001953,734847
287,17622.001953,737417
288,17622.001953,739987
289,17622.001953,742557
290,17622.001953,745127
291,17622.001953,747697
292,17622.001953,750267
293,17622.001953,752837
294,17622.001953,755407
295,17622.001953,757977
296,17622.001953,760547
297,17622.001953,763117
298,17622.001953,765687
299,17622.001953,768257
300,17622.001953,770827
301,17622.001953,773397
302,17622.001953,775967
303,17622.001953,778537
304,17622.001953,781107
305,17622.001953,783677
306,17622.001953,786247
307,17622.001953,788817
308,17620.744141,791387
309,17620.744141,793957
310,17620.744141,796527
311,17620.744141,799097
312,17620.744141,801667
313,17620.744141,804237
314,17620.744141,806807
315,17620.744141,809377
316,17620.744141,811947
317,17620.744141,814517
318,17620.744141,817087
17620.744141,1302.100349
1,18860.728516,2399
2,18241.656250,5161
3,18104.599609,7922
4,17912.189453,10684
5,17747.458984,13447
6,17747.458984,16210
7,17707.080078,18973
8,17707.080078,21736
9,17638.337891,24499
10,17638.337891,27262
11,17638.337891,30025
12,17638.337891,32787
13,17638.337891,35550
14,17636.541016,38312
15,17636.541016,41075
16,17636.541016,43838
17,17636.541016,46600
18,17636.541016,49363
19,17636.541016,52126
20,17636.541016,54889
21,17636.541016,57652
22,17636.541016,60415
23,17636.541016,63178
24,17636.541016,65941
25,17636.541016,68704
26,17636.541016,71467
27,17636.541016,74230
28,17636.541016,76993
29,17636.541016,79756
30,17636.541016,82519
31,17636.541016,85282
32,17636.541016,88045
33,17636.541016,90808
34,17636.541016,93571
35,17636.541016,96334
36,17636.541016,99097
37,17636.541016,101860
38,17636.541016,104623
39,17636.541016,107386
40,17636.541016,110149
41,17636.541016,112912
42,17636.541016,115675
43,17636.541016,118438
44,17636.541016,121201
45,17636.541016,123964
46,17636.541016,126727
47,17636.541016,129490
48,17636.541016,132253
49,17636.541016,135016
50,17636.541016,137779
51,17636.541016,140542
52,17636.541016,143305
53,17636.541016,146068
54,17636.541016,148831
55,17636.541016,151594
56,17636.541016,154357
57,17636.541016,157120
58,17636.541016,159883
59,17636.541016,162646
60,17636.541016,165409
61,17636.541016,168172
62,17636.541016,170935
63,17636.541016,173698
64,17636.541016,176461
65,17636.541016,179224
66,17636.541016,181987
67,17636.541016,184750
68,17636.541016,187513
69,17636.541016,190276
70,17636.541016,193039
71,17636.541016,195802
72,17636.541016,198565
73,17636.541016,201328
74,17636.541016,204091
75,17636.541016,206854
76,17636.541016,209617
77,17636.541016,212380
78,17636.541016,215143
79,17636.541016,217906
80,17636.541016,220669
81,17636.541016,223432
82,17636.541016,226195
83,17636.541016,228958
84,17636.541016,231721
85,17636.541016,234484
86,17636.541016,237247
87,17636.541016,240010
88,17636.541016,242773
89,17636.541016,245536
90,17636.541016,248299
91,17636.541016,251062
92,17636.541016,253825
93,17636.541016,256588
94,17636.541016,259351
95,17636.541016,262114
96,17636.541016,264877
97,17636.541016,267640
98,17636.541016,270403
99,17636.541016,273166
100,17636.541016,275929
101,17636.541016,278692
102,17636.541016,281455
103,17636.541016,284218
104,17636.541016,286981
105,17636.541016,289744
106,17636.541016,292507
107,17636.541016,295270
108,17636.541016,298033
109,17636.541016,300796
110,17636.541016,303559
111,17636.541016,306322
112,17636.541016,309085
113,17636.541016,311848
114,17636.541016,314611
115,17636.541016,317374
116,17636.541016,320137
117,17636.541016,322900
118,17636.541016,325663
119,17636.541016,328426
120,17636.541016,331189
121,17636.541016,333952
122,17636.541016,336715
123,17636.541016,339478
124,17636.541016,342241
125,17636.541016,345004
126,17636.541016,347767
127,17636.541016,350530
128,17636.541016,353293
129,17636.541016,356056
130,17636.541016,358819
131,17636.541016,361582
132,17636.541016,364345
133,17636.541016,367108
134,17636.541016,369871
135,17636.541016,372634
136,17636.541016,375397
137,17636.541016,378160
138,17636.541016,380923
139,17636.541016,383686
140,17636.541016,386449
141,17636.541016,389212
142,17636.541016,391975
143,17636.541016,394738
144,17636.541016,397501
145,17636.541016,400264
146,17636.541016,403027
147,17636.541016,405790
148,17636.541016,408553
149,17636.541016,411316
150,17636.541016,414079
151,17636.541016,416842
152,17636.541016,419605
153,17636.541016,422368
154,17636.541016,425131
155,17636.541016,427894
156,17636.541016,430657
157,17636.541016,433420
158,17636.541016,436183
159,17636.541016,438946
160,17636.541016,441709
161,17636.541016,444472
162,17636.541016,447235
163,17636.541016,449998
164,17636.541016,452761
165,17636.541016,455524
166,17636.541016,458287
167,17636.541016,461050
168,17636.541016,463813
169,17636.541016,466576
170,17636.541016,469339
171,17636.541016,472102
172,17636.541016,474865
173,17636.541016,477628
174,17636.541016,480391
175,17636.541016,483154
176,17636.541016,485917
177,17636.541016,488680
178,17636.541016,491443
179,17636.541016,494206
180,17636.541016,496969
181,17636.541016,499732
182,17636.541016,502495
183,17636.541016,505258
184,17636.541016,508021
185,17636.541016,510784
186,17636.541016,513547
187,17636.541016,516310
188,17636.541016,519073
189,17636.541016,521836
190,17636.541016,524599
191,17636.541016,527362
192,17636.541016,530125
193,17617.693359,532888
194,17617.693359,535651
195,17617.693359,538414
196,17617.693359,541177
197,17617.693359,543940
198,17617.693359,546703
199,17617.693359,549466
200,17617.693359,552229
201,17617.693359,554992
202,17617.693359,557755
203,17617.693359,560518
204,17617.693359,563281
205,17617.693359,566044
206,17617.693359,568807
207,17617.693359,571570
208,17617.693359,574333
209,17617.693359,577096
210,17617.693359,579859
211,17617.693359,582622
212,17617.693359,585385
213,17617.693359,588148
214,17617.693359,590911
215,17617.693359,593674
216,17617.693359,596437
217,17617.693359,599200
218,17617.693359,601963
219,17617.693359,604726
220,17617.693359,607489
221,17617.693359,610252
222,17617.693359,613015
223,17617.693359,615778
224,17617.693359,618541
225,17617.693359,621304
226,17617.693359,624067
227,17617.693359,626830
228,17617.693359,629593
229,17617.693359,632356
230,17617.693359,635119
231,17617.693359,637882
232,17617.693359,640645
233,17617.693359,643408
234,17617.693359,646171
235,17617.693359,648934
236,17617.693359,651697
237,17617.693359,654460
238,17617.693359,657223
239,17617.693359,659986
240,17617.693359,662749
241,17617.693359,665512
242,17617.693359,668275
243,17617.693359,671038
244,17617.693359,673801
245,17617.693359,676564
246,17617.693359,679327
247,17617.693359,682090
248,17617.693359,684853
249,17617.693359,687616
250,17617.693359,690379
251,17617.693359,693142
252,17617.693359,695905
253,17617.693359,698668
254,17617.693359,701431
255,17617.693359,704194
256,17617.693359,706957
257,17617.693359,709720
258,17617.693359,712483
259,17617.693359,715246
260,17617.693359,718009
261,17617.693359,720772
262,17617.693359,723535
263,17617.693359,726298
264,17617.693359,729061
265,17617.693359,731824
266,17617.693359,734587
267,17617.693359,737350
268,17617.693359,740113
269,17617.693359,742876
270,17617.693359,745639
271,17617.693359,748402
272,17617.693359,751165
273,17617.693359,753928
274,17617.693359,756691
275,17617.693359,759454
276,17617.693359,762217
277,17617.693359,764980
278,17617.693359,767743
279,17617.693359,770506
280,17617.693359,773269
281,17617.693359,776032
282,17617.693359,778795
283,17617.693359,781558
284,17617.693359,784321
285,17617.693359,787084
286,17617.693359,789847
287,17617.693359,792610
288,17617.693359,795373
289,17617.693359,798136
290,17617.693359,800899
291,17617.693359,803662
292,17617.693359,806425
293,17617.693359,809188
294,17617.693359,811951
295,17617.693359,814714
296,17617.693359,817477
17617.693359,1295.780245
1,19003.050781,2399
2,18180.445312,5205
3,18097.062500,8011
4,17963.066406,10817
5,17790.619141,13624
6,17754.337891,16431
7,17715.943359,19238
8,17692.378906,22045
9,17688.111328,24852
10,17674.347656,27659
11,17674.287109,30466
12,17619.896484,33273
13,17619.896484,36079
14,17619.896484,38886
15,17619.896484,41692
16,17619.896484,44499
17,17619.896484,47306
18,17619.896484,50113
19,17619.896484,52919
20,17619.896484,55726
21,17619.896484,58533
22,17619.896484,61340
23,17619.896484,64147
24,17619.896484,66954
25,17619.896484,69761
26,17619.896484,72568
27,17619.896484,75375
28,17619.896484,78182
29,17619.896484,80989
30,17619.896484,83796
31,17619.896484,86603
32,17619.896484,89410
33,17619.896484,92217
34,17619.896484,95024
35,17619.896484,97831
36,17619.896484,100638
37,17619.896484,103445
38,17619.896484,106252
39,17619.896484,109059
40,17619.896484,111866
41,17619.896484,114673
42,17619.896484,117480
43,17619.896484,120287
44,17619.896484,123094
45,17619.896484,125901
46,17619.896484,128708
47,17619.896484,131515
48,17619.896484,134322
49,17619.896484,137129
50,17619.896484,139936
51,17619.896484,142743
52,17619.896484,145550
53,17619.896484,148357
54,17619.896484,151164
55,17619.896484,153971
56,17619.896484,156778
57,17619.896484,159585
58,17619.896484,162392
59,17619.896484,165199
60,17619.896484,168006
61,17619.896484,170813
62,17619.896484,173620
63,17619.896484,176427
64,17619.896484,179234
65,17619.896484,182041
66,17619.896484,184848
67,17619.896484,187655
68,17619.896484,190462
69,17619.896484,193269
70,17619.896484,196076
71,17619.896484,198883
72,17619.896484,201690
73,17619.896484,204497
74,17619.896484,207304
75,17619.896484,210111
76,17619.896484,212918
77,17619.896484,215725
78,17619.896484,218532
79,17619.896484,221339
80,17619.896484,224146
81,17619.896484,226953
82,17619.896484,229760
83,17619.896484,232567
84,17619.896484,235374
85,17619.896484,238181
86,17619.896484,240988
87,17619.896484,243795
88,17619.896484,246602
89,17619.896484,249409
90,17619.896484,252216
91,17619.896484,255023
92,17619.896484,257830
93,17619.896484,260637
94,17619.896484,263444
95,17619.896484,266251
96,17619.896484,269058
97,17619.896484,271865
98,17619.896484,274672
99,17619.896484,277479
100,17619.896484,280286
101,17619.896484,283093
102,17619.896484,285900
103,17619.896484,288707
104,17619.896484,291514
105,17619.896484,294321
106,17615.257812,297128
107,17615.257812,299935
108,17615.257812,302742
109,17615.257812,305549
110,17615.257812,308356
111,17615.257812,311163
112,17615.257812,313970
113,17615.257812,316777
114,17615.257812,319584
115,17615.257812,322391
116,17615.257812,325198
117,17615.257812,328005
118,17615.257812,330812
119,17615.257812,333619
120,17615.257812,336426
121,17615.257812,339233
122,17615.257812,342040
123,17615.257812,344847
124,17615.257812,347654
125,17615.257812,350461
126,17615.257812,353268
127,17615.257812,356075
128,17615.257812,358882
129,17615.257812,361689
130,17615.257812,364496
131,17615.257812,367303
132,17615.257812,370110
133,17615.257812,372917
134,17615.257812,375724
135,17615.257812,378531
136,17615.257812,381338
137,17615.257812,384145
138,17615.257812,386952
139,17615.257812,389759
140,17615.257812,392566
141,17615.257812,395373
142,17615.257812,398180
143,17615.257812,400987
144,17615.257812,403794
145,17615.257812,406601
146,17615.257812,409408
147,17615.257812,412215
148,17615.257812,415022
149,17615.257812,417829
150,17615.257812,420636
151,17615.257812,423443
152,17615.257812,426250
153,17615.257812,429057
154,17615.257812,431864
155,17615.257812,434671
156,17615.257812,437478
157,17615.257812,440285
158,17615.257812,443092
159,17615.257812,445899
160,17615.257812,448706
161,17615.257812,451513
162,17615.257812,454320
163,17615.257812,457127
164,17615.257812,459934
165,17615.257812,462741
166,17615.257812,465548
167,17615.257812,468355
168,17615.257812,471162
169,17615.257812,473969
170,17615.257812,476776
171,17615.257812,479583
172,17615.257812,482390
173,17615.257812,485197
174,17615.257812,488004
175,17615.257812,490811
176,17615.257812,493618
177,17615.257812,496425
178,17615.257812,499232
179,17615.257812,502039
180,17615.257812,504846
181,17615.257812,507653
182,17615.257812,510460
183,17615.257812,513267
184,17615.257812,516074
185,17615.257812,518881
186,17615.257812,521688
187,17615.257812,524495
188,17615.257812,527302
189,17615.257812,530109
190,17615.257812,532916
191,17615.257812,535723
192,17615.257812,538530
193,17615.257812,541337
194,17615.257812,544144
195,17615.257812,546951
196,17615.257812,549758
197,17615.257812,552565
198,17615.257812,555372
199,17615.257812,558179
200,17615.257812,560986
201,17615.257812,563793
202,17615.257812,566600
203,17615.257812,569407
204,17615.257812,572214
205,17615.257812,575021
206,17615.257812,577828
207,17615.257812,580635
208,17615.257812,583442
209,17615.257812,586249
210,17615.257812,589056
211,17615.257812,591863
212,17615.257812,594670
213,17615.257812,597477
214,17615.257812,600284
215,17615.257812,603091
216,17615.257812,605898
217,17615.257812,608705
218,17615.257812,611512
219,17615.257812,614319
220,17615.257812,617126
221,17615.257812,619933
222,17615.257812,622740
223,17615.257812,625547
224,17615.257812,628354
225,17615.257812,631161
226,17615.257812,633968
227,17615.257812,636775
228,17615.257812,639582
229,17615.257812,642389
230,17615.257812,645196
231,17615.257812,648003
232,17615.257812,650810
233,17615.257812,653617
234,17615.257812,656424
235,17615.257812,659231
236,17615.257812,662038
237,17615.257812,664845
238,17615.257812,667652
239,17615.257812,670459
240,17615.257812,673266
241,17615.257812,676073
242,17615.257812,678880
243,17615.257812,681687
244,17615.257812,684494
245,17615.257812,687301
246,17615.257812,690108
247,17615.257812,692915
248,17615.257812,695722
249,17615.257812,698529
250,17615.257812,701336
251,17615.257812,704143
252,17615.257812,706950
253,17615.257812,709757
254,17615.257812,712564
255,17615.257812,715371
256,17615.257812,718178
257,17615.257812,720985
258,17615.257812,723792
259,17615.257812,726599
260,17615.257812,729406
261,17615.257812,732213
262,17615.257812,735020
263,17615.257812,737827
264,17615.257812,740634
265,17615.257812,743441
266,17615.257812,746248
267,17615.257812,749055
268,17615.257812,751862
269,17615.257812,754669
270,17615.257812,757476
271,17615.257812,760283
272,17615.257812,763090
273,17615.257812,765897
274,17615.257812,768704
275,17615.257812,771511
276,17615.257812,774318
277,17615.257812,777125
278,17615.257812,779932
279,17615.257812,782739
280,17615.257812,785546
281,17615.257812,788353
282,17615.257812,791160
283,17615.257812,793967
284,17615.257812,796774
285,17615.257812,799581
286,17615.257812,802388
287,17615.257812,805195
288,17615.257812,808002
289,17615.257812,810809
290,17615.257812,813616
291,17615.257812,816423
292,17615.257812,819230
17615.257812,1298.686747
1,18779.998047,2399
2,18283.949219,5091
3,17944.056641,7783
4,17886.283203,10475
5,17752.109375,13169
6,17752.109375,15863
7,17714.398438,18557
8,17681.148438,21251
9,17671.523438,23945
10,17637.798828,26639
11,17637.798828,29333
12,17637.798828,32026
13,17637.798828,34720
14,17637.798828,37413
15,17637.798828,40107
16,17637.798828,42801
17,17637.798828,45495
18,17637.798828,48189
19,17637.798828,50883
20,17637.798828,53577
21,17637.798828,56271
22,17637.798828,58964
23,17637.798828,61658
24,17637.798828,64352
25,17637.798828,67046
26,17637.798828,69740
27,17637.798828,72434
28,17637.798828,75128
29,17637.798828,77822
30,17637.798828,80516
31,17637.798828,83210
32,17637.798828,85903
33,17637.798828,88597
34,17637.798828,91291
35,17637.798828,93985
36,17637.798828,96679
37,17637.798828,99373
38,17637.798828,102067
39,17637.798828,104761
40,17637.798828,107455
41,17637.798828,110149
42,17637.798828,112843
43,17637.798828,115537
44,17637.798828,118231
45,17637.798828,120925
46,17637.798828,123619
47,17637.798828,126313
48,17637.798828,129007
49,17637.798828,131701
50,17637.798828,134395
51,17637.798828,137089
52,17637.798828,139783
53,17637.798828,142477
54,17637.798828,145171
55,17637.798828,147865
56,17637.798828,150559
57,17637.798828,153253
58,17637.798828,155947
59,17637.798828,158641
60,17637.798828,161335
61,17637.798828,164029
62,17637.798828,166723
63,17637.798828,169417
64,17637.798828,172111
65,17637.798828,174805
66,17637.798828,177499
67,17637.798828,180193
68,17637.798828,182887
69,17637.798828,185581
70,17637.798828,188275
71,17637.798828,190969
72,17637.798828,193663
73,17637.798828,196357
74,17637.798828,199051
75,17637.798828,201745
76,17637.798828,204439
77,17637.798828,207133
78,17637.798828,209827
79,17637.798828,212521
80,17637.798828,215215
81,17637.798828,217909
82,17637.798828,220603
83,17637.798828,223297
84,17637.798828,225991
85,17637.798828,228685
86,17637.798828,231379
87,17637.798828,234073
88,17637.798828,236767
89,17637.798828,239461
90,17637.798828,242155
91,17637.798828,244849
92,17637.798828,247543
93,17637.798828,250237
94,17637.798828,252931
95,17637.798828,255625
96,17637.798828,258319
97,17637.798828,261013
98,17637.798828,263707
99,17637.798828,266401
100,17637.798828,269095
101,17637.798828,271789
102,17637.798828,274483
103,17637.798828,277177
104,17637.798828,279871
105,17637.798828,282565
106,17637.798828,285259
107,17637.798828,287953
108,17637.798828,290647
109,17637.798828,293341
110,17637.798828,296035
111,17637.798828,298729
112,17637.798828,301423
113,17637.798828,304117
114,17637.798828,306811
115,17637.798828,309505
116,17637.798828,312199
117,17637.798828,314893
118,17637.798828,317587
119,17637.798828,320281
120,17637.798828,322975
121,17637.798828,325669
122,17637.798828,328363
123,17637.798828,331057
124,17637.798828,333751
125,17637.798828,336445
126,17637.798828,339139
127,17637.798828,341833
128,17637.798828,344527
129,17637.798828,347221
130,17637.798828,349915
131,17637.798828,352609
132,17637.798828,355303
133,17637.798828,357997
134,17637.798828,360691
135,17637.798828,363385
136,17637.798828,366079
137,17637.798828,368773
138,17637.798828,371467
139,17637.798828,374161
140,17637.798828,376855
141,17637.798828,379549
142,17637.798828,382243
143,17637.798828,384937
144,17637.798828,387631
145,17637.798828,390325
146,17636.746094,393019
147,17635.302734,395713
148,17635.302734,398407
149,17635.302734,401101
150,17635.302734,403795
151,17635.302734,406489
152,17635.302734,409183
153,17635.302734,411877
154,17635.302734,414571
155,17635.302734,417265
156,17635.302734,419959
157,17635.302734,422653
158,17635.302734,425347
159,17635.302734,428041
160,17635.302734,430735
161,17635.302734,433429
162,17635.302734,436123
163,17635.302734,438817
164,17635.302734,441511
165,17635.302734,444205
166,17635.302734,446899
167,17635.302734,449593
168,17635.302734,452287
169,17635.302734,454981
170,17635.302734,457675
171,17635.302734,460369
172,17635.302734,463063
173,17635.302734,465757
174,17635.302734,468451
175,17635.302734,471145
176,17635.302734,473839
177,17635.302734,476533
178,17635.302734,479227
179,17635.302734,481921
180,17635.302734,484615
181,17635.302734,487309
182,17635.302734,490003
183,17635.302734,492697
184,17635.302734,495391
185,17635.302734,498085
186,17635.302734,500779
187,17635.302734,503473
188,17635.302734,506167
189,17635.302734,508861
190,17635.302734,511555
191,17635.302734,514249
192,17635.302734,516943
193,17635.302734,519637
194,17635.302734,522331
195,17635.302734,525025
196,17635.302734,527719
197,17635.302734,530413
198,17635.302734,533107
199,17635.302734,535801
200,17635.302734,538495
201,17635.302734,541189
202,17635.302734,543883
203,17635.302734,546577
204,17635.302734,549271
205,17635.302734,551965
206,17635.302734,554659
207,17635.302734,557353
208,17635.302734,560047
209,17635.302734,562741
210,17635.302734,565435
211,17635.302734,568129
212,17635.302734,570823
213,17635.302734,573517
214,17635.302734,576211
215,17635.302734,578905
216,17635.302734,581599
217,17635.302734,584293
218,17635.302734,586987
219,17635.302734,589681
220,17635.302734,592375
221,17635.302734,595069
222,17635.302734,597763
223,17635.302734,600457
224,17635.302734,603151
225,17635.302734,605845
226,17635.302734,608539
227,17635.302734,611233
228,17635.302734,613927
229,17635.302734,616621
230,17635.302734,619315
231,17635.302734,622009
232,17635.302734,624703
233,17635.302734,627397
234,17635.302734,630091
235,17635.302734,632785
236,17635.302734,635479
237,17635.302734,638173
238,17635.302734,640867
239,17635.302734,643561
240,17635.302734,646255
241,17635.302734,648949
242,17635.302734,651643
243,17635.302734,654337
244,17635.302734,657031
245,17635.302734,659725
246,17635.302734,662419
247,17635.302734,665113
248,17635.302734,667807
249,17635.302734,670501
250,17635.302734,673195
251,17635.302734,675889
252,17635.302734,678583
253,17635.302734,681277
254,17635.302734,683971
255,17635.302734,686665
256,17635.302734,689359
257,17635.302734,692053
258,17635.302734,694747
259,17635.302734,697441
260,17635.302734,700135
261,17635.302734,702829
262,17635.302734,705523
263,17635.302734,708217
264,17635.302734,710911
265,17635.302734,713605
266,17635.302734,716299
267,17635.302734,718993
268,17635.302734,721687
269,17635.302734,724381
270,17635.302734,727075
271,17635.302734,729769
272,17635.302734,732463
273,17635.302734,735157
274,17635.302734,737851
275,17635.302734,740545
276,17635.302734,743239
277,17635.302734,745933
278,17635.302734,748627
279,17635.302734,751321
280,17635.302734,754015
281,17635.302734,756709
282,17635.302734,759403
283,17635.302734,762097
284,17635.302734,764791
285,17635.302734,767485
286,17635.302734,770179
287,17635.302734,772873
288,17635.302734,775567
289,17635.302734,778261
290,17635.302734,780955
291,17635.302734,783649
292,17635.302734,786343
293,17635.302734,789037
294,17635.302734,791731
295,17635.302734,794425
296,17635.302734,797119
297,17635.302734,799813
298,17635.302734,802507
299,17635.302734,805201
300,17635.302734,807895
301,17635.302734,810589
302,17635.302734,813283
303,17635.302734,815977
304,17635.302734,818671
17635.302734,1302.829040
1,19011.480469,2399
2,18374.189453,4974
3,18096.703125,7549
4,17850.523438,10124
5,17716.205078,12699
6,17714.634766,15274
7,17696.167969,17849
8,17679.687500,20424
9,17679.687500,22999
10,17678.259766,25574
11,17678.259766,28149
12,17678.259766,30724
13,17678.259766,33299
14,17678.259766,35874
15,17668.062500,38449
16,17668.062500,41023
17,17668.062500,43598
18,17668.062500,46173
19,17644.132812,48748
20,17644.132812,51323
21,17644.132812,53898
22,17644.132812,56473
23,17644.132812,59048
24,17644.132812,61623
25,17644.132812,64198
26,17644.132812,66773
27,17644.132812,69348
28,17644.132812,71923
29,17644.132812,74498
30,17644.132812,77073
31,17644.132812,79648
32,17644.132812,82223
33,17644.132812,84798
34,17644.132812,87373
35,17644.132812,89947
36,17644.132812,92522
37,17644.132812,95097
38,17644.132812,97672
39,17644.132812,100247
40,17644.132812,102822
41,17644.132812,105397
42,17644.132812,107972
43,17644.132812,110547
44,17644.132812,113122
45,17644.132812,115697
46,17644.132812,118272
47,17644.132812,120847
48,17644.132812,123422
49,17644.132812,125997
50,17644.132812,128572
51,17644.132812,131147
52,17644.132812,133722
53,17644.132812,136297
54,17644.132812,138872
55,17644.132812,141447
56,17644.132812,144022
57,17644.132812,146597
58,17644.132812,149172
59,17644.132812,151747
60,17644.132812,154322
61,17644.132812,156897
62,17644.132812,159472
63,17644.132812,162047
64,17644.132812,164622
65,17644.132812,167197
66,17644.132812,169772
67,17644.132812,172346
68,17644.132812,174921
69,17644.132812,177496
70,17644.132812,180071
71,17644.132812,182646
72,17644.132812,185221
73,17644.132812,187796
74,17644.132812,190371
75,17644.132812,192946
76,17644.132812,195521
77,17644.132812,198096
78,17644.132812,200671
79,17644.132812,203246
80,17644.132812,205821
81,17644.132812,208396
82,17644.132812,210970
83,17644.132812,213545
84,17644.132812,216120
85,17644.132812,218695
86,17644.132812,221270
87,17644.132812,223845
88,17644.132812,226420
89,17644.132812,228995
90,17644.132812,231570
91,17644.132812,234145
92,17644.132812,236720
93,17644.132812,239295
94,17644.132812,241870
95,17644.132812,244445
96,17644.132812,247020
97,17644.132812,249595
98,17644.132812,252170
99,17644.132812,254745
100,17644.132812,257320
101,17644.132812,259895
102,17644.132812,262470
103,17644.132812,265045
104,17644.132812,267620
105,17644.132812,270195
106,17644.132812,272770
107,17644.132812,275345
108,17644.132812,277920
109,17644.132812,280495
110,17644.132812,283070
111,17644.132812,285645
112,17644.132812,288220
113,17644.132812,290795
114,17644.132812,293370
115,17644.132812,295945
116,17644.132812,298520
117,17644.132812,301095
118,17644.132812,303670
119,17644.132812,306245
120,17644.132812,308820
121,17644.132812,311395
122,17644.132812,313970
123,17644.132812,316545
124,17644.132812,319120
125,17644.132812,321695
126,17644.132812,324270
127,17644.132812,326845
128,17644.132812,329420
129,17644.132812,331995
130,17644.132812,334570
131,17644.132812,337145
132,17644.132812,339720
133,17644.132812,342295
134,17644.132812,344870
135,17644.132812,347445
136,17644.132812,350020
137,17644.132812,352595
138,17644.132812,355170
139,17644.132812,357745
140,17644.132812,360320
141,17644.132812,362895
142,17644.132812,365470
143,17644.132812,368045
144,17644.132812,370620
145,17644.132812,373195
146,17644.132812,375770
147,17644.132812,378345
148,17644.132812,380920
149,17644.132812,383495
150,17644.132812,386070
151,17644.132812,388645
152,17644.132812,391220
153,17644.132812,393795
154,17644.132812,396370
155,17644.132812,398945
156,17644.132812,401520
157,17644.132812,404095
158,17644.132812,406670
159,17644.132812,409245
160,17644.132812,411820
161,17644.132812,414395
162,17644.132812,416970
163,17644.132812,419545
164,17644.132812,422120
165,17644.132812,424695
166,17644.132812,427270
167,17644.132812,429845
168,17644.132812,432420
169,17644.132812,434995
170,17644.132812,437570
171,17644.132812,440145
172,17644.132812,442720
173,17644.132812,445295
174,17644.132812,447870
175,17644.132812,450445
176,17644.132812,453020
177,17644.132812,455595
178,17644.132812,458170
179,17644.132812,460745
180,17644.132812,463320
181,17644.132812,465895
182,17644.132812,468470
183,17644.132812,471045
184,17644.132812,473620
185,17644.132812,476195
186,17644.132812,478770
187,17644.132812,481345
188,17644.132812,483920
189,17644.132812,486495
190,17644.132812,489070
191,17644.132812,491645
192,17644.132812,494220
193,17644.132812,496795
194,17644.132812,499370
195,17644.132812,501945
196,17644.132812,504520
197,17644.132812,507095
198,17644.132812,509670
199,17644.132812,512245
200,17644.132812,514820
201,17644.132812,517395
202,17644.132812,519970
203,17644.132812,522545
204,17644.132812,525120
205,17644.132812,527695
206,17644.132812,530270
207,17644.132812,532845
208,17644.132812,535420
209,17644.132812,537995
210,17644.132812,540570
211,17644.132812,543145
212,17644.132812,545720
213,17644.132812,548295
214,17644.132812,550870
215,17644.132812,553445
216,17644.132812,556020
217,17644.132812,558595
218,17644.132812,561170
219,17644.132812,563745
220,17644.132812,566320
221,17644.132812,568895
222,17644.132812,571470
223,17644.132812,574045
224,17644.132812,576620
225,17644.132812,579195
226,17644.132812,581770
227,17644.132812,584345
228,17644.132812,586920
229,17644.132812,589495
230,17644.132812,592070
231,17644.132812,594645
232,17644.132812,597220
233,17644.132812,599795
234,17644.132812,602370
235,17644.132812,604945
236,17644.132812,607520
237,17644.132812,610095
238,17644.132812,612670
239,17644.132812,615245
240,17644.132812,617820
241,17644.132812,620395
242,17644.132812,622970
243,17644.132812,625545
244,17625.482422,628120
245,17625.482422,630695
246,17625.482422,633270
247,17625.482422,635845
248,17625.482422,638420
249,17625.482422,640995
250,17625.482422,643570
251,17625.482422,646145
252,17625.482422,648720
253,17625.482422,651295
254,17625.482422,653870
255,17625.482422,656445
256,17625.482422,659020
257,17625.482422,661595
258,17625.482422,664170
259,17625.482422,666745
260,17625.482422,669320
261,17625.482422,671895
262,17625.482422,674470
263,17625.482422,677045
264,17625.482422,679620
265,17625.482422,682195
266,17625.482422,684770
267,17625.482422,687345
268,17625.482422,689920
269,17625.482422,692495
270,17625.482422,695070
271,17625.482422,697645
272,17625.482422,700220
273,17625.482422,702795
274,17625.482422,705370
275,17625.482422,707945
276,17625.482422,710520
277,17625.482422,713095
278,17625.482422,715670
279,17625.482422,718245
280,17625.482422,720820
281,17625.482422,723395
282,17625.482422,725970
283,17625.482422,728545
284,17625.482422,731120
285,17625.482422,733695
286,17625.482422,736270
287,17625.482422,738845
288,17625.482422,741420
289,17625.482422,743995
290,17625.482422,746570
291,17625.482422,749145
292,17625.482422,751720
293,17605.613281,754295
294,17605.613281,756870
295,17605.613281,759445
296,17605.613281,762020
297,17605.613281,764595
298,17605.613281,767170
299,17605.613281,769745
300,17605.613281,772320
301,17605.613281,774895
302,17605.613281,777470
303,17605.613281,780045
304,17605.613281,782620
305,17605.613281,785195
306,17605.613281,787770
307,17605.613281,790345
308,17605.613281,792920
309,17605.613281,795495
310,17605.613281,798070
311,17605.613281,800645
312,17605.613281,803220
313,17605.613281,805795
314,17605.613281,808370
315,17605.613281,810945
316,17605.613281,813520
317,17605.613281,816095
318,17605.613281,818670
17605.613281,1306.442395
