1,20420.726562,2399
2,20420.726562,4798
3,20394.621094,7197
4,20385.550781,9597
5,20363.427734,12001
6,20335.382812,14407
7,20321.457031,16836
8,20311.025391,19350
9,20279.505859,21980
10,20255.484375,24666
11,20252.419922,27378
12,20226.417969,30107
13,20226.417969,32839
14,20226.417969,35572
15,20217.625000,38310
16,20205.187500,41046
17,20205.187500,43789
18,20205.187500,46531
19,20205.187500,49274
20,20205.187500,52018
21,20205.187500,54764
22,20205.187500,57511
23,20205.187500,60256
24,20205.187500,63002
25,20205.187500,65749
26,20205.187500,68495
27,20205.187500,71243
28,20205.187500,73992
29,20205.187500,76741
30,20205.187500,79489
31,20205.187500,82238
32,20205.187500,84987
33,20205.187500,87736
34,20205.187500,90485
35,20205.187500,93234
36,20205.187500,95983
37,20205.187500,98732
38,20205.187500,101481
39,20205.187500,104230
40,20205.187500,106979
41,20205.187500,109728
42,20205.187500,112477
43,20205.187500,115226
44,20205.187500,117975
45,20205.187500,120724
46,20205.187500,123473
47,20205.187500,126222
48,20205.187500,128971
49,20205.187500,131720
50,20205.187500,134469
51,20205.187500,137218
52,20205.187500,139967
53,20205.187500,142716
54,20205.187500,145465
55,20205.187500,148214
56,20205.187500,150963
57,20205.187500,153712
58,20205.187500,156461
59,20205.187500,159210
60,20205.187500,161959
61,20205.187500,164708
62,20205.187500,167457
63,20191.888672,170206
64,20187.814453,172955
65,20173.820312,175704
66,20173.820312,178453
67,20173.820312,181202
68,20173.820312,183951
69,20173.820312,186700
70,20173.820312,189449
71,20173.820312,192198
72,20173.820312,194947
73,20173.820312,197696
74,20173.820312,200445
75,20173.820312,203194
76,20173.820312,205943
77,20173.820312,208692
78,20173.820312,211441
79,20173.820312,214190
80,20173.820312,216939
81,20173.820312,219688
82,20173.820312,222437
83,20173.820312,225186
84,20173.820312,227935
85,20173.820312,230684
86,20173.820312,233433
87,20173.820312,236182
88,20173.820312,238931
89,20173.820312,241680
90,20173.820312,244429
91,20173.820312,247178
92,20173.820312,249927
93,20173.820312,252676
94,20173.820312,255425
95,20173.820312,258174
96,20173.820312,260923
97,20173.820312,263672
98,20173.820312,266421
99,20173.820312,269170
100,20173.820312,271919
101,20173.820312,274668
102,20173.820312,277417
103,20173.820312,280166
104,20173.820312,282915
105,20173.820312,285664
106,20173.820312,288413
107,20173.820312,291162
108,20173.820312,293911
109,20173.820312,296660
110,20173.820312,299409
111,20172.910156,302158
112,20172.910156,304907
113,20172.910156,307656
114,20172.910156,310405
115,20172.910156,313154
116,20172.910156,315903
117,20172.910156,318652
118,20172.910156,321398
119,20172.910156,324147
120,20172.910156,326896
121,20172.910156,329644
122,20172.910156,332393
123,20172.910156,335142
124,20172.910156,337891
125,20172.910156,340640
126,20172.910156,343389
127,20172.910156,346138
128,20172.910156,348887
129,20172.910156,351636
130,20172.910156,354385
131,20172.910156,357134
132,20172.910156,359883
133,20172.910156,362632
134,20172.910156,365381
135,20172.910156,368130
136,20172.910156,370879
137,20172.910156,373628
138,20172.910156,376377
139,20172.910156,379126
140,20172.910156,381875
141,20172.910156,384624
142,20172.910156,387373
143,20172.910156,390122
144,20172.910156,392871
145,20172.910156,395620
146,20172.910156,398369
147,20172.910156,401118
148,20172.910156,403867
149,20172.910156,406616
150,20172.910156,409365
151,20172.910156,412114
152,20172.910156,414863
153,20172.910156,417612
154,20172.910156,420361
155,20172.910156,423110
156,20172.910156,425859
157,20172.910156,428608
158,20172.910156,431357
159,20172.910156,434106
160,20172.910156,436855
161,20172.910156,439604
162,20172.910156,442353
163,20172.910156,445102
164,20172.910156,447851
165,20172.910156,450600
166,20172.910156,453349
167,20172.910156,456098
168,20172.910156,458847
169,20172.910156,461596
170,20172.910156,464345
171,20172.910156,467094
172,20172.910156,469843
173,20172.910156,472592
174,20172.910156,475341
175,20172.910156,478090
176,20172.910156,480839
177,20172.910156,483588
178,20172.910156,486337
179,20172.910156,489086
180,20172.910156,491835
181,20172.910156,494584
182,20172.910156,497333
183,20172.910156,500082
184,20172.910156,502831
185,20172.910156,505580
186,20172.910156,508329
187,20172.910156,511078
188,20172.910156,513827
189,20172.910156,516576
190,20172.910156,519325
191,20172.910156,522074
192,20172.910156,524823
193,20172.910156,527572
194,20172.910156,530321
195,20172.910156,533070
196,20172.910156,535819
197,20172.910156,538568
198,20172.910156,541317
199,20172.910156,544066
200,20172.910156,546815
201,20172.910156,549564
202,20172.910156,552313
203,20172.910156,555062
204,20172.910156,557811
205,20172.910156,560560
206,20172.910156,563309
207,20172.910156,566058
208,20172.910156,568807
209,20172.910156,571556
210,20172.910156,574305
211,20172.910156,577054
212,20172.910156,579803
213,20172.910156,582202
214,20172.910156,584601
215,20172.910156,587000
216,20172.910156,589399
217,20172.910156,591798
218,20172.910156,594197
219,20172.910156,596596
220,20172.910156,598995
221,20172.910156,601394
222,20172.910156,603793
223,20172.910156,606192
224,20172.910156,608591
225,20172.910156,610990
226,20172.910156,613389
227,20172.910156,615788
228,20172.910156,618187
229,20172.910156,620586
230,20172.910156,622985
231,20172.910156,625384
232,20172.910156,627783
233,20172.910156,630182
234,20172.910156,632581
235,20172.910156,634980
236,20172.910156,637379
237,20172.910156,639778
238,20172.910156,642177
239,20172.910156,644576
240,20172.910156,646975
241,20172.910156,649374
242,20172.910156,651773
243,20172.910156,654172
244,20172.910156,656571
245,20172.910156,658970
246,20172.910156,661369
247,20172.910156,663768
248,20172.910156,666167
249,20172.910156,668566
250,20172.910156,670965
251,20172.910156,673364
252,20172.910156,675763
253,20172.910156,678162
254,20172.910156,680561
255,20172.910156,682960
256,20172.910156,685359
257,20172.910156,687758
258,20172.910156,690157
259,20172.910156,692556
260,20172.910156,694955
261,20172.910156,697354
262,20172.910156,699753
263,20172.910156,702152
264,20172.910156,704551
265,20172.910156,706950
266,20172.910156,709349
267,20172.910156,711748
20172.910156,748.955001
1,20412.974609,2399
2,20393.732422,4798
3,20393.732422,7197
4,20384.417969,9598
5,20338.029297,12000
6,20328.599609,14404
7,20246.271484,16818
8,20246.271484,19281
9,20246.271484,21862
10,20246.271484,24479
11,20238.355469,27118
12,20220.068359,29769
13,20220.068359,32427
14,20220.068359,35087
15,20220.068359,37751
16,20216.757812,40418
17,20216.757812,43086
18,20213.205078,45753
19,20188.980469,48420
20,20180.953125,51087
21,20180.953125,53756
22,20180.953125,56425
23,20180.953125,59094
24,20180.953125,61763
25,20180.953125,64432
26,20180.117188,67101
27,20179.984375,69770
28,20179.984375,72439
29,20179.984375,75108
30,20179.984375,77777
31,20179.984375,80446
32,20179.984375,83115
33,20179.984375,85784
34,20179.984375,88453
35,20179.984375,91122
36,20178.662109,93791
37,20175.935547,96460
38,20175.935547,99129
39,20175.876953,101798
40,20175.876953,104467
41,20175.876953,107136
42,20175.876953,109805
43,20175.876953,112474
44,20175.876953,115143
45,20175.876953,117812
46,20175.876953,120481
47,20175.876953,123150
48,20175.876953,125819
49,20175.876953,128488
50,20175.876953,131157
51,20175.876953,133826
52,20175.876953,136495
53,20175.876953,139164
54,20175.876953,141833
55,20175.876953,144422
56,20175.876953,146821
57,20175.876953,149220
58,20175.876953,151619
59,20172.910156,154018
60,20172.910156,156417
61,20172.910156,158816
62,20172.910156,161215
63,20172.910156,163614
64,20172.910156,166013
65,20172.910156,168412
66,20172.910156,170811
67,20172.910156,173210
68,20172.910156,175609
69,20172.910156,178008
70,20172.910156,180407
71,20172.910156,182806
72,20172.910156,185205
73,20172.910156,187604
74,20172.910156,190003
75,20172.910156,192402
76,20172.910156,194801
77,20172.910156,197200
78,20172.910156,199599
79,20172.910156,201998
80,20172.910156,204397
81,20172.910156,206796
82,20172.910156,209195
83,20172.910156,211594
84,20172.910156,213993
85,20172.910156,216392
86,20172.910156,218791
87,20172.910156,221190
88,20172.910156,223589
89,20172.910156,225988
90,20172.910156,228387
91,20172.910156,230786
92,20172.910156,233185
93,20172.910156,235584
94,20172.910156,237983
95,20172.910156,240382
96,20172.910156,242781
97,20172.910156,245180
98,20172.910156,247579
99,20172.910156,249978
100,20172.910156,252377
101,20172.910156,254776
102,20172.910156,257175
103,20172.910156,259574
104,20172.910156,261973
105,20172.910156,264372
106,20172.910156,266771
107,20172.910156,269170
108,20172.910156,271569
109,20172.910156,273968
110,20172.910156,276367
111,20172.910156,278766
112,20172.910156,281165
113,20172.910156,283564
114,20172.910156,285963
115,20172.910156,288362
116,20172.910156,290761
117,20172.910156,293160
118,20172.910156,295559
119,20172.910156,297958
120,20172.910156,300357
121,20172.910156,302756
122,20172.910156,305155
123,20172.910156,307554
124,20172.910156,309953
125,20172.910156,312352
126,20172.910156,314751
127,20172.910156,317150
128,20172.910156,319549
129,20172.910156,321948
130,20172.910156,324347
131,20172.910156,326746
132,20172.910156,329145
133,20172.910156,331544
134,20172.910156,333943
135,20172.910156,336342
136,20172.910156,338741
137,20172.910156,341140
138,20172.910156,343539
139,20172.910156,345938
140,20172.910156,348337
141,20172.910156,350736
142,20172.910156,353135
143,20172.910156,355534
144,20172.910156,357933
145,20172.910156,360332
146,20172.910156,362731
147,20172.910156,365130
148,20172.910156,367529
149,20172.910156,369928
150,20172.910156,372327
151,20172.910156,374726
152,20172.910156,377125
153,20172.910156,379524
154,20172.910156,381923
155,20172.910156,384322
156,20172.910156,386721
157,20172.910156,389120
158,20172.910156,391519
159,20172.910156,393918
160,20172.910156,396317
161,20172.910156,398716
162,20172.910156,401115
163,20172.910156,403514
164,20172.910156,405913
165,20172.910156,408312
166,20172.910156,410711
167,20172.910156,413110
168,20172.910156,415509
169,20172.910156,417908
170,20172.910156,420307
171,20172.910156,422706
172,20172.910156,425105
173,20172.910156,427504
174,20172.910156,429903
175,20172.910156,432302
176,20172.910156,434701
177,20172.910156,437100
178,20172.910156,439499
179,20172.910156,441898
180,20172.910156,444297
181,20172.910156,446696
182,20172.910156,449095
183,20172.910156,451494
184,20172.910156,453893
185,20172.910156,456292
186,20172.910156,458691
187,20172.910156,461090
188,20172.910156,463489
189,20172.910156,465888
190,20172.910156,468287
191,20172.910156,470686
192,20172.910156,473085
193,20172.910156,475484
194,20172.910156,477883
195,20172.910156,480282
196,20172.910156,482681
197,20172.910156,485080
198,20172.910156,487479
199,20172.910156,489878
200,20172.910156,492277
201,20172.910156,494676
202,20172.910156,497075
203,20172.910156,499474
204,20172.910156,501873
205,20172.910156,504272
206,20172.910156,506671
207,20172.910156,509070
208,20172.910156,511469
209,20172.910156,513868
210,20172.910156,516267
211,20172.910156,518666
212,20172.910156,521065
213,20172.910156,523464
214,20172.910156,525863
215,20172.910156,528262
216,20172.910156,530661
217,20172.910156,533060
218,20172.910156,535459
219,20172.910156,537858
220,20172.910156,540257
221,20172.910156,542656
222,20172.910156,545055
223,20172.910156,547454
224,20172.910156,549853
225,20172.910156,552252
226,20172.910156,554651
227,20172.910156,557050
228,20172.910156,559449
229,20172.910156,561848
230,20172.910156,564247
231,20172.910156,566646
232,20172.910156,569045
233,20172.910156,571444
234,20172.910156,573843
235,20172.910156,576242
236,20172.910156,578641
237,20172.910156,581040
238,20172.910156,583439
239,20172.910156,585838
240,20172.910156,588237
241,20172.910156,590636
242,20172.910156,593035
243,20172.910156,595434
244,20172.910156,597833
245,20172.910156,600232
246,20172.910156,602631
247,20172.910156,605030
248,20172.910156,607429
249,20172.910156,609828
250,20172.910156,612227
251,20172.910156,614626
252,20172.910156,617025
253,20172.910156,619424
254,20172.910156,621823
255,20172.910156,624222
256,20172.910156,626621
257,20172.910156,629020
258,20172.910156,631419
259,20172.910156,633818
260,20172.910156,636217
261,20172.910156,638616
262,20172.910156,641015
263,20172.910156,643414
264,20172.910156,645813
265,20172.910156,648212
266,20172.910156,650611
267,20172.910156,653010
268,20172.910156,655409
269,20172.910156,657808
270,20172.910156,660207
271,20172.910156,662606
272,20172.910156,665005
273,20172.910156,667404
274,20172.910156,669803
275,20172.910156,672202
276,20172.910156,674601
277,20172.910156,677000
278,20172.910156,679399
279,20172.910156,681798
280,20172.910156,684197
281,20172.910156,686596
282,20172.910156,688995
283,20172.910156,691394
284,20172.910156,693793
285,20172.910156,696192
286,20172.910156,698591
287,20172.910156,700990
288,20172.910156,703389
289,20172.910156,705788
290,20172.910156,708187
291,20172.910156,710586
20172.910156,742.254328
1,20423.386719,2399
2,20417.082031,4798
3,20403.138672,7197
4,20391.664062,9598
5,20362.916016,11999
6,20353.363281,14402
7,20332.835938,16818
8,20288.271484,19288
9,20288.271484,21926
10,20283.070312,24628
11,20241.640625,27361
12,20237.615234,30112
13,20229.671875,32868
14,20226.234375,35624
15,20222.087891,38386
16,20222.087891,41149
17,20221.003906,43914
18,20217.328125,46678
19,20212.068359,49442
20,20212.068359,52207
21,20212.068359,54972
22,20212.068359,57737
23,20212.068359,60502
24,20212.068359,63267
25,20201.605469,66032
26,20195.564453,68797
27,20184.564453,71562
28,20184.267578,74327
29,20184.267578,77092
30,20184.267578,79857
31,20184.267578,82622
32,20184.267578,85387
33,20184.267578,88152
34,20184.267578,90917
35,20178.507812,93682
36,20173.960938,96447
37,20173.960938,99212
38,20173.960938,101977
39,20173.960938,104742
40,20173.960938,107507
41,20173.960938,110272
42,20173.960938,113037
43,20173.960938,115802
44,20173.960938,118567
45,20173.533203,121332
46,20173.533203,124097
47,20173.533203,126862
48,20173.533203,129627
49,20173.533203,132392
50,20173.533203,135157
51,20173.533203,137922
52,20173.533203,140687
53,20173.533203,143452
54,20173.533203,146217
55,20173.533203,148982
56,20173.533203,151747
57,20173.533203,154512
58,20173.533203,157277
59,20173.533203,160042
60,20173.533203,162794
61,20173.533203,165193
62,20173.533203,167592
63,20173.156250,169991
64,20173.156250,172390
65,20173.156250,174789
66,20173.156250,177188
67,20173.156250,179587
68,20173.156250,181986
69,20173.156250,184385
70,20173.156250,186784
71,20173.156250,189183
72,20172.910156,191582
73,20172.910156,193981
74,20172.910156,196380
75,20172.910156,198779
76,20172.910156,201178
77,20172.910156,203577
78,20172.910156,205976
79,20172.910156,208375
80,20172.910156,210774
81,20172.910156,213173
82,20172.910156,215572
83,20172.910156,217971
84,20172.910156,220370
85,20172.910156,222769
86,20172.910156,225168
87,20172.910156,227567
88,20172.910156,229966
89,20172.910156,232365
90,20172.910156,234764
91,20172.910156,237163
92,20172.910156,239562
93,20172.910156,241961
94,20172.910156,244360
95,20172.910156,246759
96,20172.910156,249158
97,20172.910156,251557
98,20172.910156,253956
99,20172.910156,256355
100,20172.910156,258754
101,20172.910156,261153
102,20172.910156,263552
103,20172.910156,265951
104,20172.910156,268350
105,20172.910156,270749
106,20172.910156,273148
107,20172.910156,275547
108,20172.910156,277946
109,20172.910156,280345
110,20172.910156,282744
111,20172.910156,285143
112,20172.910156,287542
113,20172.910156,289941
114,20172.910156,292340
115,20172.910156,294739
116,20172.910156,297138
117,20172.910156,299537
118,20172.910156,301936
119,20172.910156,304335
120,20172.910156,306734
121,20172.910156,309133
122,20172.910156,311532
123,20172.910156,313931
124,20172.910156,316330
125,20172.910156,318729
126,20172.910156,321128
127,20172.910156,323527
128,20172.910156,325926
129,20172.910156,328325
130,20172.910156,330724
131,20172.910156,333123
132,20172.910156,335522
133,20172.910156,337921
134,20172.910156,340320
135,20172.910156,342719
136,20172.910156,345118
137,20172.910156,347517
138,20172.910156,349916
139,20172.910156,352315
140,20172.910156,354714
141,20172.910156,357113
142,20172.910156,359512
143,20172.910156,361911
144,20172.910156,364310
145,20172.910156,366709
146,20172.910156,369108
147,20172.910156,371507
148,20172.910156,373906
149,20172.910156,376305
150,20172.910156,378704
151,20172.910156,381103
152,20172.910156,383502
153,20172.910156,385901
154,20172.910156,388300
155,20172.910156,390699
156,20172.910156,393098
157,20172.910156,395497
158,20172.910156,397896
159,20172.910156,400295
160,20172.910156,402694
161,20172.910156,405093
162,20172.910156,407492
163,20172.910156,409891
164,20172.910156,412290
165,20172.910156,414689
166,20172.910156,417088
167,20172.910156,419487
168,20172.910156,421886
169,20172.910156,424285
170,20172.910156,426684
171,20172.910156,429083
172,20172.910156,431482
173,20172.910156,433881
174,20172.910156,436280
175,20172.910156,438679
176,20172.910156,441078
177,20172.910156,443477
178,20172.910156,445876
179,20172.910156,448275
180,20172.910156,450674
181,20172.910156,453073
182,20172.910156,455472
183,20172.910156,457871
184,20172.910156,460270
185,20172.910156,462669
186,20172.910156,465068
187,20172.910156,467467
188,20172.910156,469866
189,20172.910156,472265
190,20172.910156,474664
191,20172.910156,477063
192,20172.910156,479462
193,20172.910156,481861
194,20172.910156,484260
195,20172.910156,486659
196,20172.910156,489058
197,20172.910156,491457
198,20172.910156,493856
199,20172.910156,496255
200,20172.910156,498654
201,20172.910156,501053
202,20172.910156,503452
203,20172.910156,505851
204,20172.910156,508250
205,20172.910156,510649
206,20172.910156,513048
207,20172.910156,515447
208,20172.910156,517846
209,20172.910156,520245
210,20172.910156,522644
211,20172.910156,525043
212,20172.910156,527442
213,20172.910156,529841
214,20172.910156,532240
215,20172.910156,534639
216,20172.910156,537038
217,20172.910156,539437
218,20172.910156,541836
219,20172.910156,544235
220,20172.910156,546634
221,20172.910156,549033
222,20172.910156,551432
223,20172.910156,553831
224,20172.910156,556230
225,20172.910156,558629
226,20172.910156,561028
227,20172.910156,563427
228,20172.910156,565826
229,20172.910156,568225
230,20172.910156,570624
231,20172.910156,573023
232,20172.910156,575422
233,20172.910156,577821
234,20172.910156,580220
235,20172.910156,582619
236,20172.910156,585018
237,20172.910156,587417
238,20172.910156,589816
239,20172.910156,592215
240,20172.910156,594614
241,20172.910156,597013
242,20172.910156,599412
243,20172.910156,601811
244,20172.910156,604210
245,20172.910156,606609
246,20172.910156,609008
247,20172.910156,611407
248,20172.910156,613806
249,20172.910156,616205
250,20172.910156,618604
251,20172.910156,621003
252,20172.910156,623402
253,20172.910156,625801
254,20172.910156,628200
255,20172.910156,630599
256,20172.910156,632998
257,20172.910156,635397
258,20172.910156,637796
259,20172.910156,640195
260,20172.910156,642594
261,20172.910156,644993
262,20172.910156,647392
263,20172.910156,649791
264,20172.910156,652190
265,20172.910156,654589
266,20172.910156,656988
267,20172.910156,659387
268,20172.910156,661786
269,20172.910156,664185
270,20172.910156,666584
271,20172.910156,668983
272,20172.910156,671382
273,20172.910156,673781
274,20172.910156,676180
275,20172.910156,678579
276,20172.910156,680978
277,20172.910156,683377
278,20172.910156,685776
279,20172.910156,688175
280,20172.910156,690574
281,20172.910156,692973
282,20172.910156,695372
283,20172.910156,697771
284,20172.910156,700170
285,20172.910156,702569
286,20172.910156,704968
287,20172.910156,707367
288,20172.910156,709766
289,20172.910156,712165
20172.910156,746.726285
1,20429.244141,2399
2,20409.812500,4798
3,20403.714844,7197
4,20381.306641,9597
5,20358.425781,11999
6,20321.240234,14403
7,20295.115234,16815
8,20291.347656,19338
9,20234.826172,22081
10,20223.865234,24850
11,20221.798828,27632
12,20221.373047,30417
13,20220.125000,33202
14,20219.728516,35988
15,20219.728516,38775
16,20216.976562,41562
17,20216.976562,44349
18,20216.976562,47136
19,20216.976562,49923
20,20216.976562,52710
21,20211.667969,55497
22,20211.667969,58284
23,20211.667969,61071
24,20211.667969,63858
25,20211.667969,66645
26,20211.667969,69432
27,20211.667969,72219
28,20211.667969,75006
29,20211.667969,77793
30,20211.667969,80580
31,20211.667969,83367
32,20211.667969,86154
33,20211.667969,88941
34,20211.667969,91728
35,20211.667969,94515
36,20211.667969,97302
37,20211.667969,100089
38,20211.667969,102876
39,20211.667969,105663
40,20211.667969,108450
41,20211.667969,111237
42,20211.667969,114024
43,20211.667969,116811
44,20211.667969,119598
45,20211.667969,122385
46,20181.039062,125172
47,20181.039062,127959
48,20181.039062,130746
49,20181.039062,133533
50,20181.039062,136320
51,20181.039062,139107
52,20181.039062,141894
53,20181.039062,144681
54,20180.806641,147468
55,20180.806641,150252
56,20180.806641,153039
57,20180.806641,155826
58,20179.625000,158613
59,20179.146484,161400
60,20179.146484,164187
61,20179.146484,166974
62,20179.146484,169761
63,20179.146484,172548
64,20179.146484,175335
65,20179.146484,178122
66,20179.146484,180909
67,20179.146484,183696
68,20179.142578,186483
69,20179.142578,189270
70,20179.142578,192057
71,20179.142578,194844
72,20179.142578,197631
73,20179.142578,200418
74,20179.142578,203205
75,20179.142578,205992
76,20179.142578,208779
77,20179.142578,211566
78,20179.142578,214353
79,20179.142578,217140
80,20179.142578,219927
81,20179.142578,222714
82,20179.142578,225501
83,20179.142578,228288
84,20179.142578,231075
85,20179.142578,233862
86,20179.142578,236649
87,20179.142578,239436
88,20179.142578,242223
89,20179.142578,245010
90,20179.142578,247797
91,20179.142578,250584
92,20179.142578,253371
93,20179.142578,256158
94,20179.142578,258945
95,20179.142578,261732
96,20179.142578,264519
97,20179.142578,267306
98,20179.142578,270093
99,20179.142578,272880
100,20179.142578,275667
101,20179.142578,278454
102,20179.142578,281241
103,20179.142578,284028
104,20179.142578,286815
105,20179.142578,289602
106,20179.142578,292389
107,20179.142578,295176
108,20179.142578,297963
109,20179.142578,300750
110,20179.142578,303537
111,20179.142578,306324
112,20179.142578,309111
113,20179.142578,311898
114,20179.142578,314685
115,20179.142578,317472
116,20179.142578,320259
117,20179.142578,323046
118,20179.142578,325833
119,20179.142578,328620
120,20179.142578,331407
121,20179.142578,334194
122,20179.142578,336981
123,20179.142578,339768
124,20179.142578,342555
125,20179.142578,345342
126,20179.142578,348129
127,20179.142578,350916
128,20179.142578,353703
129,20179.142578,356490
130,20179.142578,359277
131,20179.142578,362064
132,20179.142578,364851
133,20179.142578,367638
134,20179.142578,370425
135,20179.142578,373212
136,20179.142578,375999
137,20179.142578,378786
138,20179.142578,381573
139,20179.142578,384360
140,20179.142578,387145
141,20179.142578,389931
142,20179.142578,392718
143,20179.142578,395505
144,20179.142578,398292
145,20179.142578,401079
146,20179.142578,403866
147,20179.142578,406653
148,20179.142578,409440
149,20179.142578,412227
150,20179.142578,415014
151,20179.142578,417801
152,20179.142578,420588
153,20179.142578,423375
154,20179.142578,426161
155,20179.142578,428948
156,20176.941406,431735
157,20176.941406,434520
158,20176.941406,437307
159,20176.941406,440094
160,20176.941406,442881
161,20176.941406,445668
162,20176.941406,448455
163,20176.941406,451242
164,20176.941406,454029
165,20176.941406,456816
166,20176.941406,459603
167,20176.941406,462390
168,20176.941406,465177
169,20176.941406,467964
170,20176.941406,470751
171,20176.941406,473538
172,20176.941406,476325
173,20176.941406,479112
174,20176.941406,481899
175,20176.941406,484686
176,20176.941406,487473
177,20176.941406,490260
178,20176.941406,493047
179,20176.941406,495834
180,20176.941406,498621
181,20176.941406,501408
182,20176.941406,504195
183,20176.941406,506982
184,20176.941406,509769
185,20176.941406,512556
186,20176.941406,515343
187,20176.941406,518130
188,20176.941406,520917
189,20176.941406,523697
190,20176.941406,526484
191,20176.941406,529271
192,20176.941406,532054
193,20176.941406,534453
194,20176.941406,536852
195,20176.941406,539251
196,20176.941406,541650
197,20176.941406,544049
198,20176.941406,546448
199,20176.941406,548847
200,20176.941406,551246
201,20176.941406,553645
202,20176.941406,556044
203,20176.941406,558443
204,20176.941406,560842
205,20176.941406,563241
206,20176.941406,565640
207,20176.941406,568039
208,20176.941406,570438
209,20176.941406,572837
210,20176.941406,575236
211,20176.941406,577635
212,20176.941406,580034
213,20176.941406,582433
214,20176.941406,584832
215,20176.941406,587231
216,20176.941406,589630
217,20176.941406,592029
218,20176.941406,594428
219,20176.941406,596827
220,20176.941406,599226
221,20176.941406,601625
222,20176.941406,604024
223,20176.941406,606423
224,20176.941406,608822
225,20176.941406,611221
226,20176.941406,613620
227,20176.941406,616019
228,20176.941406,618418
229,20176.941406,620817
230,20176.941406,623216
231,20176.941406,625615
232,20176.941406,628014
233,20176.941406,630413
234,20176.941406,632812
235,20176.941406,635211
236,20176.941406,637610
237,20176.941406,640009
238,20176.941406,642408
239,20176.941406,644807
240,20176.941406,647206
241,20176.941406,649605
242,20176.941406,652004
243,20176.941406,654403
244,20176.941406,656802
245,20176.941406,659201
246,20176.941406,661600
247,20176.941406,663999
248,20176.941406,666398
249,20176.941406,668797
250,20176.941406,671196
251,20176.941406,673595
252,20176.941406,675994
253,20176.941406,678393
254,20176.941406,680792
255,20176.941406,683191
256,20176.941406,685590
257,20176.941406,687989
258,20176.941406,690388
259,20176.941406,692787
260,20176.941406,695186
261,20176.941406,697585
262,20176.941406,699984
263,20176.941406,702383
264,20176.941406,704782
265,20176.941406,707181
266,20176.941406,709580
267,20176.941406,711979
20176.941406,741.752593
1,20432.953125,2399
2,20416.710938,4798
3,20398.830078,7197
4,20387.832031,9596
5,20367.603516,11997
6,20322.570312,14402
7,20322.570312,16809
8,20285.652344,19269
9,20281.814453,21924
10,20252.740234,24609
11,20239.488281,27302
12,20224.019531,29996
13,20224.019531,32692
14,20224.019531,35390
15,20224.019531,38088
16,20224.019531,40787
17,20220.953125,43487
18,20220.175781,46187
19,20218.462891,48887
20,20214.476562,51587
21,20214.476562,54287
22,20214.476562,56987
23,20214.476562,59687
24,20214.476562,62388
25,20214.476562,65088
26,20214.476562,67788
27,20213.603516,70488
28,20213.603516,73188
29,20213.603516,75888
30,20213.603516,78588
31,20213.603516,81288
32,20185.130859,83988
33,20185.130859,86689
34,20185.130859,89389
35,20185.130859,92090
36,20177.169922,94791
37,20177.169922,97491
38,20177.169922,100192
39,20177.169922,102893
40,20177.169922,105594
41,20177.169922,108295
42,20177.169922,110996
43,20177.169922,113697
44,20177.169922,116398
45,20177.169922,119099
46,20177.169922,121800
47,20177.169922,124501
48,20177.169922,127202
49,20177.169922,129903
50,20177.169922,132604
51,20177.169922,135305
52,20177.169922,138006
53,20177.169922,140707
54,20177.169922,143408
55,20177.169922,146109
56,20177.169922,148810
57,20177.169922,151511
58,20177.169922,154212
59,20177.169922,156913
60,20177.169922,159614
61,20177.169922,162315
62,20177.169922,165016
63,20177.169922,167717
64,20177.169922,170418
65,20177.169922,173119
66,20177.169922,175820
67,20177.169922,178521
68,20177.169922,181222
69,20177.169922,183923
70,20177.169922,186624
71,20177.169922,189325
72,20177.169922,192026
73,20177.169922,194727
74,20177.169922,197428
75,20177.169922,200129
76,20177.169922,202830
77,20177.169922,205531
78,20177.169922,208232
79,20177.169922,210933
80,20177.169922,213634
81,20177.169922,216335
82,20177.169922,219036
83,20177.169922,221737
84,20177.169922,224438
85,20177.169922,227139
86,20177.169922,229840
87,20177.169922,232541
88,20177.169922,235242
89,20177.169922,237943
90,20177.169922,240644
91,20177.169922,243345
92,20177.169922,246046
93,20177.169922,248747
94,20177.169922,251448
95,20177.169922,254149
96,20177.169922,256850
97,20177.169922,259551
98,20177.169922,262252
99,20177.169922,264953
100,20177.169922,267654
101,20177.169922,270355
102,20177.169922,273056
103,20177.169922,275757
104,20177.169922,278458
105,20177.169922,281159
106,20177.169922,283860
107,20177.169922,286561
108,20177.169922,289262
109,20177.169922,291963
110,20177.169922,294664
111,20177.169922,297365
112,20177.169922,300066
113,20177.169922,302767
114,20177.169922,305468
115,20177.169922,308169
116,20177.169922,310870
117,20177.169922,313571
118,20177.169922,316272
119,20177.169922,318973
120,20177.169922,321674
121,20177.169922,324375
122,20177.169922,327076
123,20177.169922,329777
124,20177.169922,332478
125,20177.169922,335179
126,20177.169922,337880
127,20177.169922,340581
128,20177.169922,343282
129,20177.169922,345983
130,20177.169922,348684
131,20177.169922,351385
132,20177.169922,354086
133,20177.169922,356787
134,20177.169922,359488
135,20177.169922,362189
136,20177.169922,364890
137,20177.169922,367591
138,20177.169922,370292
139,20177.169922,372993
140,20177.169922,375694
141,20177.169922,378395
142,20177.169922,381096
143,20177.169922,383797
144,20177.169922,386498
145,20177.169922,389199
146,20177.169922,391900
147,20177.169922,394601
148,20177.169922,397302
149,20177.169922,400003
150,20177.169922,402704
151,20177.169922,405405
152,20177.169922,408106
153,20177.169922,410807
154,20177.169922,413508
155,20177.169922,416209
156,20177.169922,418910
157,20177.169922,421611
158,20177.169922,424312
159,20177.169922,427013
160,20177.169922,429714
161,20177.169922,432415
162,20177.169922,435116
163,20177.169922,437817
164,20177.169922,440518
165,20177.169922,443219
166,20177.169922,445920
167,20177.169922,448621
168,20177.169922,451322
169,20177.169922,454023
170,20177.169922,456724
171,20177.169922,459425
172,20177.169922,462126
173,20177.169922,464827
174,20177.169922,467528
175,20177.169922,470229
176,20177.169922,472930
177,20177.169922,475631
178,20177.169922,478332
179,20177.169922,481033
180,20177.169922,483734
181,20177.169922,486435
182,20177.169922,489136
183,20177.169922,491837
184,20177.169922,494538
185,20177.169922,497239
186,20177.169922,499940
187,20177.169922,502641
188,20177.169922,505342
189,20177.169922,508043
190,20177.169922,510744
191,20177.169922,513445
192,20177.169922,516146
193,20177.169922,518847
194,20177.169922,521548
195,20177.169922,524249
196,20177.169922,526950
197,20177.169922,529651
198,20177.169922,532352
199,20177.169922,535053
200,20177.169922,537754
201,20177.169922,540455
202,20177.169922,543156
203,20177.169922,545857
204,20177.169922,548558
205,20177.169922,551259
206,20177.169922,553960
207,20177.169922,556661
208,20177.169922,559362
209,20177.169922,562063
210,20177.169922,564764
211,20177.169922,567465
212,20177.169922,570166
213,20177.169922,572867
214,20177.169922,575568
215,20177.169922,578269
216,20177.169922,580970
217,20177.169922,583671
218,20177.169922,586372
219,20177.169922,589073
220,20177.169922,591774
221,20177.169922,594475
222,20177.169922,597176
223,20177.169922,599877
224,20177.169922,602578
225,20177.169922,605279
226,20177.169922,607980
227,20177.169922,610681
228,20177.169922,613382
229,20177.169922,616083
230,20177.169922,618784
231,20177.169922,621485
232,20177.169922,624186
233,20177.169922,626887
234,20177.169922,629588
235,20177.169922,632289
236,20177.169922,634990
237,20177.169922,637691
238,20177.169922,640392
239,20177.169922,643093
240,20177.169922,645794
241,20177.169922,648495
242,20177.169922,651196
243,20177.169922,653897
244,20177.169922,656598
245,20177.169922,659299
246,20177.169922,662000
247,20177.169922,664701
248,20177.169922,667402
249,20177.169922,670103
250,20177.169922,672804
251,20177.169922,675505
252,20177.169922,678206
253,20177.169922,680907
254,20177.169922,683608
255,20177.169922,686309
256,20177.169922,689010
257,20177.169922,691711
258,20177.169922,694412
259,20177.169922,697113
260,20177.169922,699814
261,20177.169922,702515
262,20177.169922,705216
263,20177.169922,707917
264,20177.169922,710618
20177.169922,756.430574
1,20433.457031,2399
2,20433.457031,4798
3,20402.476562,7197
4,20386.642578,9596
5,20314.097656,11995
6,20314.097656,14398
7,20314.097656,16804
8,20301.728516,19234
9,20289.183594,21786
10,20258.681641,24353
11,20258.681641,26921
12,20239.761719,29489
13,20223.302734,32058
14,20223.302734,34626
15,20222.664062,37196
16,20222.115234,39765
17,20215.017578,42335
18,20215.017578,44905
19,20215.017578,47475
20,20214.867188,50045
21,20214.755859,52615
22,20214.052734,55185
23,20214.052734,57755
24,20213.414062,60325
25,20213.414062,62895
26,20213.414062,65465
27,20213.414062,68035
28,20212.837891,70605
29,20211.427734,73175
30,20211.427734,75745
31,20203.375000,78315
32,20203.375000,80885
33,20203.375000,83455
34,20203.375000,86025
35,20203.375000,88595
36,20203.375000,91165
37,20203.375000,93735
38,20203.375000,96305
39,20186.843750,98875
40,20186.843750,101445
41,20186.843750,104015
42,20186.843750,106585
43,20186.843750,109155
44,20186.843750,111725
45,20186.843750,114295
46,20186.843750,116865
47,20184.044922,119435
48,20173.568359,122005
49,20173.568359,124575
50,20173.568359,127145
51,20173.568359,129715
52,20173.568359,132285
53,20173.568359,134855
54,20173.568359,137425
55,20173.568359,139995
56,20173.568359,142565
57,20173.568359,145135
58,20173.568359,147705
59,20173.568359,150275
60,20173.568359,152845
61,20173.568359,155415
62,20173.568359,157985
63,20173.568359,160555
64,20173.568359,163125
65,20173.568359,165695
66,20173.568359,168265
67,20173.568359,170835
68,20172.910156,173405
69,20172.910156,175975
70,20172.910156,178545
71,20172.910156,181115
72,20172.910156,183685
73,20172.910156,186255
74,20172.910156,188825
75,20172.910156,191395
76,20172.910156,193965
77,20172.910156,196535
78,20172.910156,199105
79,20172.910156,201675
80,20172.910156,204245
81,20172.910156,206815
82,20172.910156,209385
83,20172.910156,211955
84,20172.910156,214525
85,20172.910156,217095
86,20172.910156,219665
87,20172.910156,222235
88,20172.910156,224805
89,20172.910156,227375
90,20172.910156,229945
91,20172.910156,232515
92,20172.910156,235085
93,20172.910156,237655
94,20172.910156,240225
95,20172.910156,242795
96,20172.910156,245365
97,20172.910156,247935
98,20172.910156,250505
99,20172.910156,253075
100,20172.910156,255645
101,20172.910156,258215
102,20172.910156,260785
103,20172.910156,263355
104,20172.910156,265925
105,20172.910156,268495
106,20172.910156,271065
107,20172.910156,273635
108,20172.910156,276205
109,20172.910156,278775
110,20172.910156,281345
111,20172.910156,283915
112,20172.910156,286485
113,20172.910156,289055
114,20172.910156,291625
115,20172.910156,294195
116,20172.910156,296765
117,20172.910156,299335
118,20172.910156,301905
119,20172.910156,304475
120,20172.910156,307045
121,20172.910156,309615
122,20172.910156,312185
123,20172.910156,314755
124,20172.910156,317325
125,20172.910156,319895
126,20172.910156,322465
127,20172.910156,325035
128,20172.910156,327605
129,20172.910156,330175
130,20172.910156,332745
131,20172.910156,335315
132,20172.910156,337885
133,20172.910156,340455
134,20172.910156,343025
135,20172.910156,345595
136,20172.910156,348165
137,20172.910156,350735
138,20172.910156,353305
139,20172.910156,355875
140,20172.910156,358445
141,20172.910156,361015
142,20172.910156,363585
143,20172.910156,366155
144,20172.910156,368725
145,20172.910156,371295
146,20172.910156,373865
147,20172.910156,376435
148,20172.910156,379005
149,20172.910156,381575
150,20172.910156,384145
151,20172.910156,386715
152,20172.910156,389285
153,20172.910156,391855
154,20172.910156,394425
155,20172.910156,396995
156,20172.910156,399565
157,20172.910156,402135
158,20172.910156,404705
159,20172.910156,407275
160,20172.910156,409845
161,20172.910156,412415
162,20172.910156,414985
163,20172.910156,417555
164,20172.910156,420125
165,20172.910156,422695
166,20172.910156,425265
167,20172.910156,427835
168,20172.910156,430405
169,20172.910156,432975
170,20172.910156,435545
171,20172.910156,438115
172,20172.910156,440685
173,20172.910156,443255
174,20172.910156,445825
175,20172.910156,448395
176,20172.910156,450965
177,20172.910156,453535
178,20172.910156,456105
179,20172.910156,458675
180,20172.910156,461245
181,20172.910156,463815
182,20172.910156,466385
183,20172.910156,468955
184,20172.910156,471525
185,20172.910156,474095
186,20172.910156,476665
187,20172.910156,479235
188,20172.910156,481805
189,20172.910156,484375
190,20172.910156,486945
191,20172.910156,489515
192,20172.910156,492085
193,20172.910156,494655
194,20172.910156,497225
195,20172.910156,499795
196,20172.910156,502365
197,20172.910156,504935
198,20172.910156,507505
199,20172.910156,510075
200,20172.910156,512645
201,20172.910156,515215
202,20172.910156,517785
203,20172.910156,520355
204,20172.910156,522925
205,20172.910156,525495
206,20172.910156,528065
207,20172.910156,530635
208,20172.910156,533205
209,20172.910156,535775
210,20172.910156,538345
211,20172.910156,540915
212,20172.910156,543485
213,20172.910156,546055
214,20172.910156,548625
215,20172.910156,551195
216,20172.910156,553765
217,20172.910156,556335
218,20172.910156,558905
219,20172.910156,561475
220,20172.910156,564045
221,20172.910156,566615
222,20172.910156,569185
223,20172.910156,571755
224,20172.910156,574325
225,20172.910156,576895
226,20172.910156,579465
227,20172.910156,582035
228,20172.910156,584605
229,20172.910156,587175
230,20172.910156,589745
231,20172.910156,592315
232,20172.910156,594885
233,20172.910156,597455
234,20172.910156,600025
235,20172.910156,602595
236,20172.910156,605165
237,20172.910156,607735
238,20172.910156,610305
239,20172.910156,612875
240,20172.910156,615445
241,20172.910156,618015
242,20172.910156,620585
243,20172.910156,623155
244,20172.910156,625725
245,20172.910156,628295
246,20172.910156,630865
247,20172.910156,633435
248,20172.910156,636005
249,20172.910156,638575
250,20172.910156,641145
251,20172.910156,643715
252,20172.910156,646285
253,20172.910156,648855
254,20172.910156,651425
255,20172.910156,653995
256,20172.910156,656565
257,20172.910156,659135
258,20172.910156,661705
259,20172.910156,664275
260,20172.910156,666845
261,20172.910156,669415
262,20172.910156,671985
263,20172.910156,674555
264,20172.910156,677125
265,20172.910156,679695
266,20172.910156,682265
267,20172.910156,684835
268,20172.910156,687405
269,20172.910156,689975
270,20172.910156,692545
271,20172.910156,695115
272,20172.910156,697685
273,20172.910156,700255
274,20172.910156,702825
275,20172.910156,705395
276,20172.910156,707965
277,20172.910156,710535
20172.910156,741.939239
1,20427.617188,2399
2,20418.894531,4798
3,20408.144531,7197
4,20385.644531,9597
5,20357.583984,11997
6,20328.550781,14405
7,20324.503906,16918
8,20305.980469,19574
9,20262.302734,22276
10,20262.302734,25001
11,20262.302734,27743
12,20262.302734,30489
13,20234.517578,33238
14,20234.517578,35989
15,20202.978516,38742
16,20202.978516,41499
17,20202.978516,44258
18,20202.978516,47017
19,20202.978516,49777
20,20202.978516,52537
21,20202.978516,55298
22,20202.978516,58061
23,20202.978516,60823
24,20202.978516,63586
25,20202.978516,66349
26,20202.978516,69112
27,20202.978516,71875
28,20202.978516,74638
29,20188.117188,77400
30,20176.068359,80163
31,20175.207031,82926
32,20175.207031,85689
33,20175.207031,88452
34,20175.207031,91215
35,20175.207031,93978
36,20175.207031,96741
37,20175.207031,99504
38,20173.488281,102267
39,20173.488281,105030
40,20173.488281,107793
41,20173.488281,110556
42,20173.488281,113319
43,20173.488281,116082
44,20173.488281,118845
45,20173.488281,121608
46,20173.488281,124371
47,20173.488281,127134
48,20173.488281,129897
49,20173.488281,132660
50,20173.488281,135423
51,20173.488281,138186
52,20173.488281,140949
53,20173.488281,143712
54,20173.488281,146475
55,20173.488281,149238
56,20173.488281,152001
57,20173.488281,154764
58,20173.488281,157527
59,20173.488281,160290
60,20173.488281,163053
61,20173.488281,165816
62,20173.488281,168579
63,20173.488281,171342
64,20173.488281,174105
65,20173.488281,176868
66,20173.488281,179631
67,20173.488281,182394
68,20173.488281,185157
69,20173.488281,187920
70,20173.488281,190683
71,20173.488281,193446
72,20173.488281,196209
73,20173.488281,198972
74,20173.488281,201735
75,20173.488281,204498
76,20173.488281,207261
77,20173.488281,210024
78,20173.488281,212787
79,20173.488281,215550
80,20173.488281,218313
81,20173.488281,221076
82,20173.488281,223839
83,20173.488281,226602
84,20173.488281,229365
85,20173.488281,232128
86,20173.488281,234891
87,20173.488281,237654
88,20173.488281,240417
89,20173.488281,243180
90,20173.488281,245943
91,20173.488281,248706
92,20173.488281,251469
93,20173.488281,254232
94,20173.488281,256995
95,20173.488281,259758
96,20173.488281,262521
97,20173.488281,265284
98,20173.488281,268047
99,20173.488281,270810
100,20173.488281,273209
101,20173.488281,275608
102,20173.488281,278007
103,20173.488281,280406
104,20173.488281,282805
105,20173.488281,285204
106,20173.488281,287603
107,20173.488281,290002
108,20173.488281,292401
109,20173.488281,294800
110,20173.488281,297199
111,20173.488281,299598
112,20173.488281,301997
113,20173.488281,304396
114,20173.488281,306795
115,20173.488281,309194
116,20173.488281,311593
117,20173.488281,313992
118,20173.488281,316391
119,20173.488281,318790
120,20173.488281,321189
121,20173.488281,323588
122,20173.488281,325987
123,20173.488281,328386
124,20173.488281,330785
125,20173.488281,333184
126,20173.488281,335583
127,20173.488281,337982
128,20173.488281,340381
129,20173.488281,342780
130,20173.488281,345179
131,20173.488281,347578
132,20173.488281,349977
133,20173.488281,352376
134,20173.488281,354775
135,20173.488281,357174
136,20173.488281,359573
137,20173.488281,361972
138,20173.488281,364371
139,20173.488281,366770
140,20173.488281,369169
141,20173.488281,371568
142,20173.488281,373967
143,20173.488281,376366
144,20173.488281,378765
145,20173.488281,381164
146,20173.488281,383563
147,20173.488281,385962
148,20173.488281,388361
149,20173.488281,390760
150,20173.488281,393159
151,20173.488281,395558
152,20173.488281,397957
153,20173.488281,400356
154,20173.488281,402755
155,20173.488281,405154
156,20173.488281,407553
157,20173.488281,409952
158,20173.488281,412351
159,20173.488281,414750
160,20173.488281,417149
161,20173.488281,419548
162,20173.488281,421947
163,20173.488281,424346
164,20173.488281,426745
165,20173.488281,429144
166,20173.488281,431543
167,20173.488281,433942
168,20173.488281,436341
169,20173.488281,438740
170,20173.488281,441139
171,20173.488281,443538
172,20173.488281,445937
173,20173.488281,448336
174,20173.488281,450735
175,20173.488281,453134
176,20173.488281,455533
177,20173.488281,457932
178,20173.488281,460331
179,20173.488281,462730
180,20173.488281,465129
181,20173.488281,467528
182,20173.488281,469927
183,20173.488281,472326
184,20173.488281,474725
185,20173.488281,477124
186,20173.488281,479523
187,20173.488281,481922
188,20173.488281,484321
189,20173.488281,486720
190,20173.488281,489119
191,20173.488281,491518
192,20173.488281,493917
193,20173.488281,496316
194,20173.488281,498715
195,20173.488281,501114
196,20173.488281,503513
197,20173.488281,505912
198,20173.488281,508311
199,20173.488281,510710
200,20173.488281,513109
201,20173.488281,515508
202,20173.488281,517907
203,20173.488281,520306
204,20173.488281,522705
205,20173.488281,525104
206,20173.488281,527503
207,20173.488281,529902
208,20173.488281,532301
209,20173.488281,534700
210,20173.488281,537099
211,20173.488281,539498
212,20173.488281,541897
213,20173.488281,544296
214,20173.488281,546695
215,20173.488281,549094
216,20173.488281,551493
217,20173.488281,553892
218,20173.488281,556291
219,20173.488281,558690
220,20173.488281,561089
221,20173.488281,563488
222,20173.488281,565887
223,20173.488281,568286
224,20173.488281,570685
225,20173.488281,573084
226,20173.488281,575483
227,20173.488281,577882
228,20173.488281,580281
229,20173.488281,582680
230,20173.488281,585079
231,20173.488281,587478
232,20173.488281,589877
233,20173.488281,592276
234,20173.488281,594675
235,20173.488281,597074
236,20173.488281,599473
237,20173.488281,601872
238,20173.488281,604271
239,20173.488281,606670
240,20173.488281,609069
241,20173.488281,611468
242,20173.488281,613867
243,20173.488281,616266
244,20173.488281,618665
245,20173.488281,621064
246,20173.488281,623463
247,20173.488281,625862
248,20173.488281,628261
249,20173.488281,630660
250,20173.488281,633059
251,20173.488281,635458
252,20173.488281,637857
253,20173.488281,640256
254,20173.488281,642655
255,20173.488281,645054
256,20173.488281,647453
257,20173.488281,649852
258,20173.488281,652251
259,20173.488281,654650
260,20173.488281,657049
261,20173.488281,659448
262,20173.488281,661847
263,20173.488281,664246
264,20173.488281,666645
265,20173.488281,669044
266,20173.488281,671443
267,20173.488281,673842
268,20173.488281,676241
269,20173.488281,678640
270,20173.488281,681039
271,20173.488281,683438
272,20173.488281,685837
273,20173.488281,688236
274,20173.488281,690635
275,20173.488281,693034
276,20173.488281,695433
277,20173.488281,697832
278,20173.488281,700231
279,20173.488281,702630
280,20173.488281,705029
281,20173.488281,707428
282,20173.488281,709827
283,20173.488281,712226
20173.488281,752.567374
1,20427.707031,2399
2,20427.105469,4798
3,20400.087891,7197
4,20378.916016,9597
5,20360.935547,11998
6,20352.603516,14405
7,20323.400391,16825
8,20304.220703,19254
9,20292.156250,21891
10,20269.312500,24640
11,20254.050781,27409
12,20223.716797,30189
13,20223.716797,32985
14,20223.716797,35779
15,20218.949219,38576
16,20215.962891,41371
17,20215.712891,44169
18,20211.835938,46970
19,20210.556641,49773
20,20210.556641,52576
21,20210.246094,55381
22,20210.183594,58185
23,20210.169922,60989
24,20210.169922,63793
25,20210.169922,66599
26,20210.146484,69404
27,20210.146484,72210
28,20210.146484,75016
29,20210.146484,77822
30,20210.146484,80628
31,20210.146484,83435
32,20210.146484,86242
33,20210.146484,89049
34,20210.146484,91856
35,20210.146484,94663
36,20210.146484,97470
37,20210.146484,100277
38,20210.146484,103084
39,20210.146484,105891
40,20210.146484,108698
41,20210.146484,111505
42,20210.146484,114312
43,20210.146484,117119
44,20210.146484,119926
45,20210.146484,122733
46,20210.146484,125540
47,20210.146484,128347
48,20210.146484,131154
49,20210.146484,133961
50,20210.146484,136768
51,20210.146484,139575
52,20210.146484,142382
53,20210.146484,145189
54,20210.146484,147996
55,20210.146484,150803
56,20210.146484,153610
57,20210.146484,156417
58,20210.146484,159224
59,20210.146484,162031
60,20210.146484,164838
61,20210.146484,167645
62,20210.146484,170452
63,20210.146484,173259
64,20210.146484,176066
65,20210.146484,178873
66,20210.146484,181680
67,20210.146484,184487
68,20210.146484,187294
69,20210.146484,190101
70,20210.146484,192908
71,20210.146484,195715
72,20210.146484,198522
73,20210.146484,201329
74,20210.146484,204136
75,20210.146484,206943
76,20210.146484,209750
77,20210.146484,212557
78,20210.146484,215364
79,20210.146484,218171
80,20210.146484,220978
81,20210.146484,223785
82,20210.146484,226592
83,20210.146484,229399
84,20210.146484,232206
85,20210.146484,235013
86,20210.146484,237820
87,20210.146484,240627
88,20210.146484,243434
89,20210.146484,246241
90,20210.146484,249048
91,20210.146484,251855
92,20210.146484,254662
93,20210.146484,257469
94,20210.146484,260276
95,20210.146484,263083
96,20210.146484,265890
97,20210.146484,268697
98,20210.146484,271504
99,20210.146484,274311
100,20210.146484,277118
101,20210.146484,279925
102,20210.146484,282732
103,20210.146484,285539
104,20210.146484,288346
105,20209.376953,291153
106,20209.376953,293960
107,20209.376953,296767
108,20209.376953,299574
109,20194.714844,302381
110,20187.574219,305188
111,20187.574219,307995
112,20187.574219,310802
113,20187.574219,313609
114,20187.574219,316416
115,20187.574219,319223
116,20187.574219,322030
117,20187.574219,324837
118,20187.574219,327644
119,20187.574219,330451
120,20187.574219,333258
121,20187.574219,336065
122,20187.574219,338872
123,20187.574219,341679
124,20187.574219,344486
125,20187.574219,347293
126,20187.574219,350100
127,20187.574219,352907
128,20187.574219,355714
129,20187.574219,358521
130,20187.574219,361328
131,20187.574219,364135
132,20187.574219,366942
133,20187.574219,369749
134,20187.574219,372556
135,20187.574219,375363
136,20187.574219,378170
137,20187.574219,380977
138,20187.574219,383784
139,20187.574219,386591
140,20187.574219,389398
141,20187.574219,392205
142,20187.574219,395012
143,20187.574219,397819
144,20187.574219,400626
145,20187.574219,403433
146,20187.574219,406240
147,20187.574219,409047
148,20187.574219,411854
149,20187.574219,414661
150,20187.574219,417468
151,20187.574219,420275
152,20187.574219,423082
153,20187.574219,425889
154,20187.574219,428696
155,20187.574219,431503
156,20187.574219,434310
157,20187.574219,437117
158,20187.574219,439924
159,20187.574219,442731
160,20187.574219,445538
161,20187.574219,448345
162,20187.574219,451152
163,20187.574219,453959
164,20187.574219,456766
165,20187.574219,459573
166,20187.574219,462380
167,20187.574219,465187
168,20187.574219,467994
169,20187.574219,470801
170,20187.574219,473608
171,20187.574219,476415
172,20187.574219,479222
173,20187.574219,482029
174,20187.574219,484836
175,20187.574219,487643
176,20187.574219,490450
177,20187.574219,493257
178,20187.574219,496064
179,20187.574219,498871
180,20187.574219,501678
181,20187.574219,504485
182,20187.574219,507292
183,20187.574219,510099
184,20187.574219,512906
185,20187.574219,515713
186,20187.574219,518520
187,20187.574219,521327
188,20187.574219,524134
189,20187.574219,526941
190,20187.574219,529748
191,20187.574219,532555
192,20187.574219,535362
193,20187.574219,538169
194,20187.574219,540976
195,20183.644531,543783
196,20183.644531,546590
197,20183.644531,549397
198,20183.644531,552204
199,20183.644531,555011
200,20183.644531,557818
201,20183.644531,560625
202,20183.644531,563432
203,20183.644531,566239
204,20183.644531,569046
205,20183.644531,571853
206,20183.644531,574660
207,20183.644531,577467
208,20183.644531,580274
209,20183.644531,583081
210,20183.644531,585888
211,20183.644531,588695
212,20183.644531,591502
213,20183.644531,594309
214,20183.644531,597116
215,20183.644531,599923
216,20183.644531,602730
217,20183.644531,605537
218,20183.644531,608344
219,20183.644531,611151
220,20183.644531,613958
221,20183.644531,616765
222,20183.644531,619572
223,20183.644531,622379
224,20183.644531,625186
225,20183.644531,627993
226,20183.644531,630800
227,20183.644531,633607
228,20183.400391,636020
229,20183.400391,638432
230,20183.400391,640842
231,20183.400391,643249
232,20183.400391,645655
233,20183.400391,648060
234,20183.400391,650464
235,20183.400391,652866
236,20183.400391,655268
237,20183.400391,657669
238,20183.400391,660068
239,20183.400391,662468
240,20183.400391,664868
241,20183.400391,667268
242,20183.400391,669668
243,20183.400391,672068
244,20183.400391,674467
245,20183.400391,676866
246,20183.400391,679265
247,20183.400391,681664
248,20183.400391,684063
249,20183.400391,686462
250,20183.400391,688861
251,20183.400391,691260
252,20183.400391,693659
253,20183.400391,696058
254,20183.400391,698457
255,20183.400391,700856
256,20183.400391,703255
257,20183.400391,705654
258,20183.400391,708053
259,20183.400391,710452
20183.400391,747.697514
1,20427.751953,2399
2,20413.361328,4798
3,20387.732422,7197
4,20378.632812,9597
5,20365.710938,12001
6,20346.910156,14407
7,20329.859375,16824
8,20299.005859,19241
9,20296.511719,21668
10,20255.962891,24233
11,20255.962891,26903
12,20241.621094,29580
13,20241.621094,32263
14,20220.138672,34950
15,20220.138672,37635
16,20219.214844,40323
17,20217.509766,43012
18,20217.509766,45702
19,20214.955078,48393
20,20214.955078,51084
21,20214.148438,53775
22,20214.148438,56466
23,20214.148438,59159
24,20212.101562,61851
25,20212.101562,64543
26,20212.101562,67236
27,20212.101562,69929
28,20212.101562,72622
29,20212.101562,75315
30,20212.101562,78008
31,20212.101562,80702
32,20212.101562,83395
33,20212.044922,86089
34,20211.957031,88783
35,20208.958984,91476
36,20202.617188,94170
37,20179.136719,96864
38,20174.550781,99558
39,20173.871094,102252
40,20173.871094,104946
41,20173.871094,107640
42,20173.871094,110333
43,20173.871094,113027
44,20173.871094,115721
45,20173.871094,118415
46,20173.871094,121109
47,20173.871094,123803
48,20173.871094,126497
49,20173.871094,129191
50,20173.871094,131885
51,20173.871094,134579
52,20173.871094,137273
53,20173.871094,139967
54,20173.871094,142661
55,20173.871094,145355
56,20173.871094,148049
57,20173.871094,150743
58,20173.871094,153437
59,20173.871094,156131
60,20173.871094,158825
61,20173.871094,161519
62,20173.871094,164213
63,20173.871094,166907
64,20173.871094,169601
65,20173.871094,172295
66,20173.871094,174989
67,20173.871094,177683
68,20173.871094,180377
69,20173.871094,183071
70,20173.871094,185765
71,20173.871094,188459
72,20173.871094,191153
73,20173.871094,193847
74,20173.871094,196541
75,20173.871094,199235
76,20173.871094,201929
77,20173.871094,204623
78,20173.871094,207317
79,20173.871094,210011
80,20173.871094,212705
81,20173.871094,215399
82,20173.871094,218093
83,20173.871094,220787
84,20173.871094,223481
85,20173.871094,226175
86,20173.871094,228869
87,20173.871094,231563
88,20173.871094,234257
89,20173.871094,236951
90,20173.871094,239645
91,20173.871094,242339
92,20173.871094,245033
93,20173.871094,247727
94,20173.871094,250421
95,20173.871094,253115
96,20173.871094,255809
97,20173.871094,258503
98,20173.871094,261197
99,20173.871094,263891
100,20173.871094,266585
101,20173.871094,269279
102,20173.871094,271973
103,20173.871094,274667
104,20173.871094,277361
105,20173.871094,280055
106,20173.871094,282749
107,20173.871094,285443
108,20173.871094,288137
109,20173.871094,290536
110,20173.871094,292935
111,20173.871094,295334
112,20173.871094,297733
113,20173.871094,300132
114,20173.871094,302531
115,20173.871094,304930
116,20173.871094,307329
117,20173.871094,309728
118,20173.871094,312127
119,20173.871094,314526
120,20173.871094,316925
121,20173.871094,319324
122,20173.871094,321723
123,20173.871094,324122
124,20173.871094,326521
125,20173.871094,328920
126,20173.871094,331319
127,20173.871094,333718
128,20173.871094,336117
129,20173.871094,338516
130,20173.871094,340915
131,20173.871094,343314
132,20173.871094,345713
133,20173.306641,348112
134,20173.306641,350511
135,20173.306641,352910
136,20173.306641,355309
137,20173.306641,357708
138,20172.910156,360107
139,20172.910156,362506
140,20172.910156,364905
141,20172.910156,367304
142,20172.910156,369703
143,20172.910156,372102
144,20172.910156,374501
145,20172.910156,376900
146,20172.910156,379299
147,20172.910156,381698
148,20172.910156,384097
149,20172.910156,386496
150,20172.910156,388895
151,20172.910156,391294
152,20172.910156,393693
153,20172.910156,396092
154,20172.910156,398491
155,20172.910156,400890
156,20172.910156,403289
157,20172.910156,405688
158,20172.910156,408087
159,20172.910156,410486
160,20172.910156,412885
161,20172.910156,415284
162,20172.910156,417683
163,20172.910156,420082
164,20172.910156,422481
165,20172.910156,424880
166,20172.910156,427279
167,20172.910156,429678
168,20172.910156,432077
169,20172.910156,434476
170,20172.910156,436875
171,20172.910156,439274
172,20172.910156,441673
173,20172.910156,444072
174,20172.910156,446471
175,20172.910156,448870
176,20172.910156,451269
177,20172.910156,453668
178,20172.910156,456067
179,20172.910156,458466
180,20172.910156,460865
181,20172.910156,463264
182,20172.910156,465663
183,20172.910156,468062
184,20172.910156,470461
185,20172.910156,472860
186,20172.910156,475259
187,20172.910156,477658
188,20172.910156,480057
189,20172.910156,482456
190,20172.910156,484855
191,20172.910156,487254
192,20172.910156,489653
193,20172.910156,492052
194,20172.910156,494451
195,20172.910156,496850
196,20172.910156,499249
197,20172.910156,501648
198,20172.910156,504047
199,20172.910156,506446
200,20172.910156,508845
201,20172.910156,511244
202,20172.910156,513643
203,20172.910156,516042
204,20172.910156,518441
205,20172.910156,520840
206,20172.910156,523239
207,20172.910156,525638
208,20172.910156,528037
209,20172.910156,530436
210,20172.910156,532835
211,20172.910156,535234
212,20172.910156,537633
213,20172.910156,540032
214,20172.910156,542431
215,20172.910156,544830
216,20172.910156,547229
217,20172.910156,549628
218,20172.910156,552027
219,20172.910156,554426
220,20172.910156,556825
221,20172.910156,559224
222,20172.910156,561623
223,20172.910156,564022
224,20172.910156,566421
225,20172.910156,568820
226,20172.910156,571219
227,20172.910156,573618
228,20172.910156,576017
229,20172.910156,578416
230,20172.910156,580815
231,20172.910156,583214
232,20172.910156,585613
233,20172.910156,588012
234,20172.910156,590411
235,20172.910156,592810
236,20172.910156,595209
237,20172.910156,597608
238,20172.910156,600007
239,20172.910156,602406
240,20172.910156,604805
241,20172.910156,607204
242,20172.910156,609603
243,20172.910156,612002
244,20172.910156,614401
245,20172.910156,616800
246,20172.910156,619199
247,20172.910156,621598
248,20172.910156,623997
249,20172.910156,626396
250,20172.910156,628795
251,20172.910156,631194
252,20172.910156,633593
253,20172.910156,635992
254,20172.910156,638391
255,20172.910156,640790
256,20172.910156,643189
257,20172.910156,645588
258,20172.910156,647987
259,20172.910156,650386
260,20172.910156,652785
261,20172.910156,655184
262,20172.910156,657583
263,20172.910156,659982
264,20172.910156,662381
265,20172.910156,664780
266,20172.910156,667179
267,20172.910156,669578
268,20172.910156,671977
269,20172.910156,674376
270,20172.910156,676775
271,20172.910156,679174
272,20172.910156,681573
273,20172.910156,683972
274,20172.910156,686371
275,20172.910156,688770
276,20172.910156,691169
277,20172.910156,693568
278,20172.910156,695967
279,20172.910156,698366
280,20172.910156,700765
281,20172.910156,703164
282,20172.910156,705563
283,20172.910156,707962
284,20172.910156,710361
285,20172.910156,712760
20172.910156,756.858515
1,20419.494141,2399
2,20419.494141,4798
3,20390.308594,7197
4,20390.308594,9597
5,20370.976562,11999
6,20353.208984,14401
7,20323.255859,16806
8,20308.082031,19211
9,20274.646484,21623
10,20253.792969,24141
11,20250.671875,26714
12,20232.980469,29287
13,20226.632812,31861
14,20217.574219,34434
15,20214.417969,37008
16,20213.480469,39583
17,20213.480469,42158
18,20213.437500,44733
19,20213.255859,47308
20,20192.501953,49883
21,20192.501953,52458
22,20192.501953,55033
23,20192.501953,57608
24,20192.501953,60183
25,20176.267578,62758
26,20176.267578,65333
27,20176.267578,67908
28,20176.267578,70483
29,20176.267578,73058
30,20176.267578,75633
31,20176.267578,78208
32,20176.267578,80783
33,20176.267578,83358
34,20176.267578,85933
35,20176.267578,88508
36,20176.267578,91083
37,20176.267578,93658
38,20176.267578,96233
39,20176.267578,98808
40,20176.267578,101383
41,20176.267578,103958
42,20176.267578,106533
43,20176.267578,109108
44,20176.267578,111683
45,20176.267578,114258
46,20176.267578,116833
47,20176.267578,119408
48,20176.267578,121983
49,20176.267578,124558
50,20176.267578,127133
51,20176.267578,129708
52,20176.267578,132283
53,20176.267578,134858
54,20176.267578,137433
55,20176.267578,140008
56,20176.267578,142583
57,20176.267578,145158
58,20176.267578,147733
59,20176.267578,150308
60,20176.267578,152883
61,20176.267578,155458
62,20176.267578,158033
63,20176.267578,160608
64,20176.267578,163183
65,20176.267578,165758
66,20176.267578,168333
67,20176.267578,170908
68,20176.267578,173483
69,20176.267578,176058
70,20176.267578,178633
71,20176.267578,181208
72,20176.267578,183783
73,20176.267578,186358
74,20176.267578,188933
75,20176.267578,191508
76,20175.720703,194083
77,20175.720703,196658
78,20175.720703,199233
79,20175.720703,201808
80,20175.720703,204383
81,20175.720703,206958
82,20175.720703,209533
83,20175.720703,212108
84,20175.720703,214683
85,20175.720703,217258
86,20175.720703,219833
87,20175.720703,222408
88,20175.720703,224983
89,20175.720703,227558
90,20175.720703,230133
91,20175.720703,232708
92,20175.720703,235283
93,20175.720703,237858
94,20175.720703,240433
95,20175.720703,243008
96,20174.449219,245583
97,20174.449219,248158
98,20174.449219,250733
99,20174.449219,253308
100,20173.568359,255883
101,20172.910156,258458
102,20172.910156,261033
103,20172.910156,263608
104,20172.910156,266183
105,20172.910156,268758
106,20172.910156,271333
107,20172.910156,273908
108,20172.910156,276483
109,20172.910156,279058
110,20172.910156,281633
111,20172.910156,284208
112,20172.910156,286783
113,20172.910156,289358
114,20172.910156,291933
115,20172.910156,294508
116,20172.910156,297083
117,20172.910156,299658
118,20172.910156,302233
119,20172.910156,304808
120,20172.910156,307383
121,20172.910156,309958
122,20172.910156,312533
123,20172.910156,315108
124,20172.910156,317683
125,20172.910156,320258
126,20172.910156,322833
127,20172.910156,325408
128,20172.910156,327983
129,20172.910156,330558
130,20172.910156,333133
131,20172.910156,335708
132,20172.910156,338283
133,20172.910156,340858
134,20172.910156,343433
135,20172.910156,346008
136,20172.910156,348583
137,20172.910156,351158
138,20172.910156,353733
139,20172.910156,356308
140,20172.910156,358883
141,20172.910156,361458
142,20172.910156,364033
143,20172.910156,366608
144,20172.910156,369183
145,20172.910156,371758
146,20172.910156,374333
147,20172.910156,376908
148,20172.910156,379483
149,20172.910156,382058
150,20172.910156,384633
151,20172.910156,387208
152,20172.910156,389783
153,20172.910156,392358
154,20172.910156,394933
155,20172.910156,397508
156,20172.910156,400083
157,20172.910156,402658
158,20172.910156,405233
159,20172.910156,407808
160,20172.910156,410383
161,20172.910156,412958
162,20172.910156,415533
163,20172.910156,418108
164,20172.910156,420683
165,20172.910156,423258
166,20172.910156,425833
167,20172.910156,428408
168,20172.910156,430983
169,20172.910156,433558
170,20172.910156,436133
171,20172.910156,438708
172,20172.910156,441283
173,20172.910156,443858
174,20172.910156,446433
175,20172.910156,449008
176,20172.910156,451583
177,20172.910156,454158
178,20172.910156,456733
179,20172.910156,459308
180,20172.910156,461883
181,20172.910156,464458
182,20172.910156,467033
183,20172.910156,469608
184,20172.910156,472183
185,20172.910156,474758
186,20172.910156,477333
187,20172.910156,479908
188,20172.910156,482483
189,20172.910156,485058
190,20172.910156,487633
191,20172.910156,490208
192,20172.910156,492783
193,20172.910156,495358
194,20172.910156,497933
195,20172.910156,500508
196,20172.910156,503083
197,20172.910156,505658
198,20172.910156,508233
199,20172.910156,510808
200,20172.910156,513383
201,20172.910156,515958
202,20172.910156,518533
203,20172.910156,521108
204,20172.910156,523683
205,20172.910156,526258
206,20172.910156,528833
207,20172.910156,531408
208,20172.910156,533983
209,20172.910156,536558
210,20172.910156,539133
211,20172.910156,541708
212,20172.910156,544283
213,20172.910156,546858
214,20172.910156,549433
215,20172.910156,552008
216,20172.910156,554583
217,20172.910156,557158
218,20172.910156,559733
219,20172.910156,562308
220,20172.910156,564883
221,20172.910156,567458
222,20172.910156,570033
223,20172.910156,572608
224,20172.910156,575183
225,20172.910156,577758
226,20172.910156,580333
227,20172.910156,582908
228,20172.910156,585483
229,20172.910156,588058
230,20172.910156,590633
231,20172.910156,593208
232,20172.910156,595783
233,20172.910156,598358
234,20172.910156,600933
235,20172.910156,603508
236,20172.910156,606083
237,20172.910156,608658
238,20172.910156,611233
239,20172.910156,613808
240,20172.910156,616383
241,20172.910156,618958
242,20172.910156,621533
243,20172.910156,624108
244,20172.910156,626683
245,20172.910156,629258
246,20172.910156,631833
247,20172.910156,634408
248,20172.910156,636983
249,20172.910156,639558
250,20172.910156,642133
251,20172.910156,644708
252,20172.910156,647283
253,20172.910156,649858
254,20172.910156,652433
255,20172.910156,655008
256,20172.910156,657583
257,20172.910156,660158
258,20172.910156,662733
259,20172.910156,665308
260,20172.910156,667883
261,20172.910156,670458
262,20172.910156,673033
263,20172.910156,675608
264,20172.910156,678183
265,20172.910156,680758
266,20172.910156,683333
267,20172.910156,685908
268,20172.910156,688483
269,20172.910156,691058
270,20172.910156,693633
271,20172.910156,696208
272,20172.910156,698783
273,20172.910156,701358
274,20172.910156,703933
275,20172.910156,706508
276,20172.910156,709083
277,20172.910156,711658
20172.910156,757.189700
