1,62035.003906,2399
2,62035.003906,5148
3,62035.003906,7897
4,62035.003906,10646
5,62035.003906,13395
6,62035.003906,16144
7,62035.003906,18884
8,62035.003906,21629
9,62035.003906,24378
10,62035.003906,27127
11,62035.003906,29871
12,62035.003906,32618
13,62035.003906,35340
14,62035.003906,38075
15,62035.003906,40820
16,62035.003906,43505
17,62035.003906,46154
18,62035.003906,48862
19,62035.003906,51597
20,62035.003906,54143
21,62035.003906,56881
22,62035.003906,59579
23,62035.003906,62227
24,62035.003906,64957
25,62035.003906,67610
26,62035.003906,70334
27,62035.003906,72986
28,62035.003906,75602
29,62035.003906,78247
30,62035.003906,80843
31,62035.003906,83400
32,62035.003906,85875
33,62035.003906,88399
34,62035.003906,90830
35,62035.003906,93579
36,62035.003906,96094
37,62035.003906,98533
38,62035.003906,100967
39,62035.003906,103385
40,62035.003906,105799
41,62035.003906,108210
42,62035.003906,110620
43,62035.003906,113027
44,62035.003906,115432
45,62035.003906,117834
46,62035.003906,120236
47,62035.003906,122636
48,62035.003906,125036
49,62035.003906,127436
50,62035.003906,129835
51,62035.003906,132234
52,62035.003906,134633
53,62035.003906,137032
54,62035.003906,139431
55,62035.003906,141830
56,62035.003906,144229
57,62035.003906,146628
58,62035.003906,149027
59,62035.003906,151426
60,62035.003906,153825
61,62035.003906,156224
62,62035.003906,158623
63,62035.003906,161022
64,62035.003906,163421
65,62035.003906,165820
66,62035.003906,168219
67,62035.003906,170618
68,62035.003906,173017
69,62035.003906,175416
70,62035.003906,177815
71,62035.003906,180214
72,62035.003906,182613
73,62035.003906,185012
74,62035.003906,187411
75,62035.003906,189810
76,62035.003906,192209
77,62035.003906,194608
78,62035.003906,197007
79,62035.003906,199406
80,62035.003906,201805
81,62035.003906,204204
82,62035.003906,206603
83,62035.003906,209002
84,62035.003906,211401
85,62035.003906,213800
86,62035.003906,216199
87,62035.003906,218598
88,62035.003906,220997
89,62035.003906,223396
90,62035.003906,225795
91,62035.003906,228194
92,62035.003906,230593
93,62035.003906,232992
94,62035.003906,235391
95,62035.003906,237790
96,62035.003906,240189
97,62035.003906,242588
98,62035.003906,244987
99,62035.003906,247386
100,62035.003906,249785
101,62035.003906,252184
102,62035.003906,254583
103,62035.003906,256982
104,62035.003906,259381
105,62035.003906,261780
106,62035.003906,264179
107,62035.003906,266578
108,62035.003906,268977
109,62035.003906,271376
110,62035.003906,273775
111,62035.003906,276174
112,62035.003906,278573
113,62035.003906,280972
114,62035.003906,283371
115,62035.003906,285770
116,62035.003906,288169
117,62035.003906,290568
118,62035.003906,292967
119,62035.003906,295366
120,62035.003906,297765
121,62035.003906,300164
122,62035.003906,302563
123,62035.003906,304962
124,62035.003906,307361
125,62035.003906,309760
126,62035.003906,312159
127,62035.003906,314558
128,62035.003906,316957
129,62035.003906,319356
130,62035.003906,321755
131,62035.003906,324154
132,62035.003906,326553
133,62035.003906,328952
134,62035.003906,331351
135,62035.003906,333750
136,62035.003906,336149
137,62035.003906,338548
138,62035.003906,340947
139,62035.003906,343346
140,62035.003906,345745
141,62035.003906,348144
142,62035.003906,350543
143,62035.003906,352942
144,62035.003906,355341
145,62035.003906,357740
146,62035.003906,360139
147,62035.003906,362538
148,62035.003906,364937
149,62035.003906,367336
150,62035.003906,369735
151,62035.003906,372134
152,62035.003906,374533
153,62035.003906,376932
154,62035.003906,379331
155,62035.003906,381730
156,62035.003906,384129
157,62035.003906,386528
158,62035.003906,388927
159,62035.003906,391326
160,62035.003906,393725
161,62035.003906,396124
162,62035.003906,398523
163,62035.003906,400922
164,62035.003906,403321
165,62035.003906,405720
166,62035.003906,408119
167,62035.003906,410518
168,62035.003906,412917
169,62035.003906,415316
170,62035.003906,417715
171,62035.003906,420114
172,62035.003906,422513
173,62035.003906,424912
174,62035.003906,427311
175,62035.003906,429710
176,62035.003906,432109
177,62035.003906,434508
178,62035.003906,436907
179,62035.003906,439306
180,62035.003906,441705
181,62035.003906,444104
182,62035.003906,446503
183,62035.003906,448902
184,62035.003906,451301
185,62035.003906,453700
186,62035.003906,456099
187,62035.003906,458498
188,62035.003906,460897
189,62035.003906,463296
190,62035.003906,465695
191,62035.003906,468094
192,62035.003906,470493
193,62035.003906,472892
194,62035.003906,475291
195,62035.003906,477690
196,62035.003906,480089
197,62035.003906,482488
198,62035.003906,484887
199,62035.003906,487286
200,62035.003906,489685
201,62035.003906,492084
202,62035.003906,494483
203,62035.003906,496882
204,62035.003906,499281
205,62035.003906,501680
206,62035.003906,504079
207,62035.003906,506478
208,62035.003906,508877
209,62035.003906,511276
210,62035.003906,513675
211,62035.003906,516074
212,62035.003906,518473
213,62035.003906,520872
214,62035.003906,523271
215,62035.003906,525670
216,62035.003906,528069
217,62035.003906,530468
218,62035.003906,532867
219,62035.003906,535266
220,62035.003906,537665
221,62035.003906,540064
222,62035.003906,542463
223,62035.003906,544862
224,62035.003906,547261
225,62035.003906,549660
226,62035.003906,552059
227,62035.003906,554458
228,62035.003906,556857
229,62035.003906,559256
230,62035.003906,561655
231,62035.003906,564054
232,62035.003906,566453
233,62035.003906,568852
234,62035.003906,571251
235,62035.003906,573650
236,62035.003906,576049
237,62035.003906,578448
238,62035.003906,580847
239,62035.003906,583246
240,62035.003906,585645
241,62035.003906,588044
242,62035.003906,590443
243,62035.003906,592842
244,62035.003906,595241
245,62035.003906,597640
246,62035.003906,600039
247,62035.003906,602438
248,62035.003906,604837
249,62035.003906,607236
250,62035.003906,609635
251,62035.003906,612034
252,62035.003906,614433
253,62035.003906,616832
254,62035.003906,619231
255,62035.003906,621630
256,62035.003906,624029
257,62035.003906,626428
258,62035.003906,628827
259,62035.003906,631226
260,62035.003906,633625
261,62035.003906,636024
262,62035.003906,638423
263,62035.003906,640822
264,62035.003906,643221
265,62035.003906,645620
266,62035.003906,648019
267,62035.003906,650418
268,62035.003906,652817
269,62035.003906,655216
270,62035.003906,657615
271,62035.003906,660014
272,62035.003906,662413
273,62035.003906,664812
274,62035.003906,667211
275,62035.003906,669610
276,62035.003906,672009
277,62035.003906,674408
278,62035.003906,676807
279,62035.003906,679206
280,62035.003906,681605
281,62035.003906,684004
282,62035.003906,686403
283,62035.003906,688802
284,62035.003906,691201
285,62035.003906,693600
286,62035.003906,695999
287,62035.003906,698398
288,62035.003906,700797
289,62035.003906,703196
290,62035.003906,705595
291,62035.003906,707994
292,62035.003906,710393
293,62035.003906,712792
294,62035.003906,715191
295,62035.003906,717590
296,62035.003906,719989
297,62035.003906,722388
298,62035.003906,724787
299,62035.003906,727186
300,62035.003906,729585
301,62035.003906,731984
302,62035.003906,734383
303,62035.003906,736782
304,62035.003906,739181
305,62035.003906,741580
306,62035.003906,743979
307,62035.003906,746378
308,62035.003906,748777
309,62035.003906,751176
310,62035.003906,753575
311,62035.003906,755974
312,62035.003906,758373
313,62035.003906,760772
314,62035.003906,763171
315,62035.003906,765570
316,62035.003906,767969
317,62035.003906,770368
318,62035.003906,772767
319,62035.003906,775166
320,62035.003906,777565
321,62035.003906,779964
322,62035.003906,782363
323,62035.003906,784762
324,62035.003906,787161
325,62035.003906,789560
326,62035.003906,791959
327,62035.003906,794358
328,62035.003906,796757
329,62035.003906,799156
330,62035.003906,801555
331,62035.003906,803954
332,62035.003906,806353
333,62035.003906,808752
334,62035.003906,811151
62035.003906,136.440470
1,62035.664062,2399
2,62035.003906,5068
3,62035.003906,7737
4,62035.003906,10406
5,62035.003906,13075
6,62035.003906,15744
7,62035.003906,18413
8,62035.003906,21082
9,62035.003906,23751
10,62035.003906,26419
11,62035.003906,29088
12,62035.003906,31746
13,62035.003906,34415
14,62035.003906,37076
15,62035.003906,39734
16,62035.003906,42390
17,62035.003906,45043
18,62035.003906,47706
19,62035.003906,50371
20,62035.003906,53025
21,62035.003906,55678
22,62035.003906,58261
23,62035.003906,60896
24,62035.003906,63535
25,62035.003906,66144
26,62035.003906,68713
27,62035.003906,71255
28,62035.003906,73778
29,62035.003906,76292
30,62035.003906,78803
31,62035.003906,81299
32,62035.003906,83818
33,62035.003906,86300
34,62035.003906,88875
35,62035.003906,91350
36,62035.003906,93803
37,62035.003906,96246
38,62035.003906,98684
39,62035.003906,101131
40,62035.003906,103566
41,62035.003906,106000
42,62035.003906,108427
43,62035.003906,110850
44,62035.003906,113269
45,62035.003906,115686
46,62035.003906,118097
47,62035.003906,120506
48,62035.003906,122913
49,62035.003906,125317
50,62035.003906,127720
51,62035.003906,130122
52,62035.003906,132524
53,62035.003906,134926
54,62035.003906,137328
55,62035.003906,139729
56,62035.003906,142128
57,62035.003906,144527
58,62035.003906,146926
59,62035.003906,149325
60,62035.003906,151724
61,62035.003906,154123
62,62035.003906,156522
63,62035.003906,158921
64,62035.003906,161320
65,62035.003906,163719
66,62035.003906,166118
67,62035.003906,168517
68,62035.003906,170916
69,62035.003906,173315
70,62035.003906,175714
71,62035.003906,178113
72,62035.003906,180512
73,62035.003906,182911
74,62035.003906,185310
75,62035.003906,187709
76,62035.003906,190108
77,62035.003906,192507
78,62035.003906,194906
79,62035.003906,197305
80,62035.003906,199704
81,62035.003906,202103
82,62035.003906,204502
83,62035.003906,206901
84,62035.003906,209300
85,62035.003906,211699
86,62035.003906,214098
87,62035.003906,216497
88,62035.003906,218896
89,62035.003906,221295
90,62035.003906,223694
91,62035.003906,226093
92,62035.003906,228492
93,62035.003906,230891
94,62035.003906,233290
95,62035.003906,235689
96,62035.003906,238088
97,62035.003906,240487
98,62035.003906,242886
99,62035.003906,245285
100,62035.003906,247684
101,62035.003906,250083
102,62035.003906,252482
103,62035.003906,254881
104,62035.003906,257280
105,62035.003906,259679
106,62035.003906,262078
107,62035.003906,264477
108,62035.003906,266876
109,62035.003906,269275
110,62035.003906,271674
111,62035.003906,274073
112,62035.003906,276472
113,62035.003906,278871
114,62035.003906,281270
115,62035.003906,283669
116,62035.003906,286068
117,62035.003906,288467
118,62035.003906,290866
119,62035.003906,293265
120,62035.003906,295664
121,62035.003906,298063
122,62035.003906,300462
123,62035.003906,302861
124,62035.003906,305260
125,62035.003906,307659
126,62035.003906,310058
127,62035.003906,312457
128,62035.003906,314856
129,62035.003906,317255
130,62035.003906,319654
131,62035.003906,322053
132,62035.003906,324452
133,62035.003906,326851
134,62035.003906,329250
135,62035.003906,331649
136,62035.003906,334048
137,62035.003906,336447
138,62035.003906,338846
139,62035.003906,341245
140,62035.003906,343644
141,62035.003906,346043
142,62035.003906,348442
143,62035.003906,350841
144,62035.003906,353240
145,62035.003906,355639
146,62035.003906,358038
147,62035.003906,360437
148,62035.003906,362836
149,62035.003906,365235
150,62035.003906,367634
151,62035.003906,370033
152,62035.003906,372432
153,62035.003906,374831
154,62035.003906,377230
155,62035.003906,379629
156,62035.003906,382028
157,62035.003906,384427
158,62035.003906,386826
159,62035.003906,389225
160,62035.003906,391624
161,62035.003906,394023
162,62035.003906,396422
163,62035.003906,398821
164,62035.003906,401220
165,62035.003906,403619
166,62035.003906,406018
167,62035.003906,408417
168,62035.003906,410816
169,62035.003906,413215
170,62035.003906,415614
171,62035.003906,418013
172,62035.003906,420412
173,62035.003906,422811
174,62035.003906,425210
175,62035.003906,427609
176,62035.003906,430008
177,62035.003906,432407
178,62035.003906,434806
179,62035.003906,437205
180,62035.003906,439604
181,62035.003906,442003
182,62035.003906,444402
183,62035.003906,446801
184,62035.003906,449200
185,62035.003906,451599
186,62035.003906,453998
187,62035.003906,456397
188,62035.003906,458796
189,62035.003906,461195
190,62035.003906,463594
191,62035.003906,465993
192,62035.003906,468392
193,62035.003906,470791
194,62035.003906,473190
195,62035.003906,475589
196,62035.003906,477988
197,62035.003906,480387
198,62035.003906,482786
199,62035.003906,485185
200,62035.003906,487584
201,62035.003906,489983
202,62035.003906,492382
203,62035.003906,494781
204,62035.003906,497180
205,62035.003906,499579
206,62035.003906,501978
207,62035.003906,504377
208,62035.003906,506776
209,62035.003906,509175
210,62035.003906,511574
211,62035.003906,513973
212,62035.003906,516372
213,62035.003906,518771
214,62035.003906,521170
215,62035.003906,523569
216,62035.003906,525968
217,62035.003906,528367
218,62035.003906,530766
219,62035.003906,533165
220,62035.003906,535564
221,62035.003906,537963
222,62035.003906,540362
223,62035.003906,542761
224,62035.003906,545160
225,62035.003906,547559
226,62035.003906,549958
227,62035.003906,552357
228,62035.003906,554756
229,62035.003906,557155
230,62035.003906,559554
231,62035.003906,561953
232,62035.003906,564352
233,62035.003906,566751
234,62035.003906,569150
235,62035.003906,571549
236,62035.003906,573948
237,62035.003906,576347
238,62035.003906,578746
239,62035.003906,581145
240,62035.003906,583544
241,62035.003906,585943
242,62035.003906,588342
243,62035.003906,590741
244,62035.003906,593140
245,62035.003906,595539
246,62035.003906,597938
247,62035.003906,600337
248,62035.003906,602736
249,62035.003906,605135
250,62035.003906,607534
251,62035.003906,609933
252,62035.003906,612332
253,62035.003906,614731
254,62035.003906,617130
255,62035.003906,619529
256,62035.003906,621928
257,62035.003906,624327
258,62035.003906,626726
259,62035.003906,629125
260,62035.003906,631524
261,62035.003906,633923
262,62035.003906,636322
263,62035.003906,638721
264,62035.003906,641120
265,62035.003906,643519
266,62035.003906,645918
267,62035.003906,648317
268,62035.003906,650716
269,62035.003906,653115
270,62035.003906,655514
271,62035.003906,657913
272,62035.003906,660312
273,62035.003906,662711
274,62035.003906,665110
275,62035.003906,667509
276,62035.003906,669908
277,62035.003906,672307
278,62035.003906,674706
279,62035.003906,677105
280,62035.003906,679504
281,62035.003906,681903
282,62035.003906,684302
283,62035.003906,686701
284,62035.003906,689100
285,62035.003906,691499
286,62035.003906,693898
287,62035.003906,696297
288,62035.003906,698696
289,62035.003906,701095
290,62035.003906,703494
291,62035.003906,705893
292,62035.003906,708292
293,62035.003906,710691
294,62035.003906,713090
295,62035.003906,715489
296,62035.003906,717888
297,62035.003906,720287
298,62035.003906,722686
299,62035.003906,725085
300,62035.003906,727484
301,62035.003906,729883
302,62035.003906,732282
303,62035.003906,734681
304,62035.003906,737080
305,62035.003906,739479
306,62035.003906,741878
307,62035.003906,744277
308,62035.003906,746676
309,62035.003906,749075
310,62035.003906,751474
311,62035.003906,753873
312,62035.003906,756272
313,62035.003906,758671
314,62035.003906,761070
315,62035.003906,763469
316,62035.003906,765868
317,62035.003906,768267
318,62035.003906,770666
319,62035.003906,773065
320,62035.003906,775464
321,62035.003906,777863
322,62035.003906,780262
323,62035.003906,782661
324,62035.003906,785060
325,62035.003906,787459
326,62035.003906,789858
327,62035.003906,792257
328,62035.003906,794656
329,62035.003906,797055
330,62035.003906,799454
331,62035.003906,801853
332,62035.003906,804252
333,62035.003906,806651
334,62035.003906,809050
335,62035.003906,811449
62035.003906,142.787016
1,62035.707031,2399
2,62035.003906,5164
3,62035.003906,7929
4,62035.003906,10694
5,62035.003906,13459
6,62035.003906,16222
7,62035.003906,18986
8,62035.003906,21751
9,62035.003906,24512
10,62035.003906,27275
11,62035.003906,30035
12,62035.003906,32794
13,62035.003906,35542
14,62035.003906,38301
15,62035.003906,41066
16,62035.003906,43822
17,62035.003906,46576
18,62035.003906,49341
19,62035.003906,52089
20,62035.003906,54849
21,62035.003906,57613
22,62035.003906,60320
23,62035.003906,63065
24,62035.003906,65698
25,62035.003906,68452
26,62035.003906,71132
27,62035.003906,73771
28,62035.003906,76427
29,62035.003906,79094
30,62035.003906,81811
31,62035.003906,84517
32,62035.003906,87275
33,62035.003906,90039
34,62035.003906,92803
35,62035.003906,95535
36,62035.003906,98232
37,62035.003906,100950
38,62035.003906,103691
39,62035.003906,106411
40,62035.003906,109105
41,62035.003906,111811
42,62035.003906,114537
43,62035.003906,117226
44,62035.003906,119971
45,62035.003906,122728
46,62035.003906,125466
47,62035.003906,128230
48,62035.003906,130910
49,62035.003906,133617
50,62035.003906,136236
51,62035.003906,138743
52,62035.003906,141175
53,62035.003906,143866
54,62035.003906,146312
55,62035.003906,148726
56,62035.003906,151137
57,62035.003906,153544
58,62035.003906,155949
59,62035.003906,158353
60,62035.003906,160755
61,62035.003906,163157
62,62035.003906,165559
63,62035.003906,167960
64,62035.003906,170359
65,62035.003906,172758
66,62035.003906,175157
67,62035.003906,177556
68,62035.003906,179955
69,62035.003906,182354
70,62035.003906,184753
71,62035.003906,187152
72,62035.003906,189551
73,62035.003906,191950
74,62035.003906,194349
75,62035.003906,196748
76,62035.003906,199147
77,62035.003906,201546
78,62035.003906,203945
79,62035.003906,206344
80,62035.003906,208743
81,62035.003906,211142
82,62035.003906,213541
83,62035.003906,215940
84,62035.003906,218339
85,62035.003906,220738
86,62035.003906,223137
87,62035.003906,225536
88,62035.003906,227935
89,62035.003906,230334
90,62035.003906,232733
91,62035.003906,235132
92,62035.003906,237531
93,62035.003906,239930
94,62035.003906,242329
95,62035.003906,244728
96,62035.003906,247127
97,62035.003906,249526
98,62035.003906,251925
99,62035.003906,254324
100,62035.003906,256723
101,62035.003906,259122
102,62035.003906,261521
103,62035.003906,263920
104,62035.003906,266319
105,62035.003906,268718
106,62035.003906,271117
107,62035.003906,273516
108,62035.003906,275915
109,62035.003906,278314
110,62035.003906,280713
111,62035.003906,283112
112,62035.003906,285511
113,62035.003906,287910
114,62035.003906,290309
115,62035.003906,292708
116,62035.003906,295107
117,62035.003906,297506
118,62035.003906,299905
119,62035.003906,302304
120,62035.003906,304703
121,62035.003906,307102
122,62035.003906,309501
123,62035.003906,311900
124,62035.003906,314299
125,62035.003906,316698
126,62035.003906,319097
127,62035.003906,321496
128,62035.003906,323895
129,62035.003906,326294
130,62035.003906,328693
131,62035.003906,331092
132,62035.003906,333491
133,62035.003906,335890
134,62035.003906,338289
135,62035.003906,340688
136,62035.003906,343087
137,62035.003906,345486
138,62035.003906,347885
139,62035.003906,350284
140,62035.003906,352683
141,62035.003906,355082
142,62035.003906,357481
143,62035.003906,359880
144,62035.003906,362279
145,62035.003906,364678
146,62035.003906,367077
147,62035.003906,369476
148,62035.003906,371875
149,62035.003906,374274
150,62035.003906,376673
151,62035.003906,379072
152,62035.003906,381471
153,62035.003906,383870
154,62035.003906,386269
155,62035.003906,388668
156,62035.003906,391067
157,62035.003906,393466
158,62035.003906,395865
159,62035.003906,398264
160,62035.003906,400663
161,62035.003906,403062
162,62035.003906,405461
163,62035.003906,407860
164,62035.003906,410259
165,62035.003906,412658
166,62035.003906,415057
167,62035.003906,417456
168,62035.003906,419855
169,62035.003906,422254
170,62035.003906,424653
171,62035.003906,427052
172,62035.003906,429451
173,62035.003906,431850
174,62035.003906,434249
175,62035.003906,436648
176,62035.003906,439047
177,62035.003906,441446
178,62035.003906,443845
179,62035.003906,446244
180,62035.003906,448643
181,62035.003906,451042
182,62035.003906,453441
183,62035.003906,455840
184,62035.003906,458239
185,62035.003906,460638
186,62035.003906,463037
187,62035.003906,465436
188,62035.003906,467835
189,62035.003906,470234
190,62035.003906,472633
191,62035.003906,475032
192,62035.003906,477431
193,62035.003906,479830
194,62035.003906,482229
195,62035.003906,484628
196,62035.003906,487027
197,62035.003906,489426
198,62035.003906,491825
199,62035.003906,494224
200,62035.003906,496623
201,62035.003906,499022
202,62035.003906,501421
203,62035.003906,503820
204,62035.003906,506219
205,62035.003906,508618
206,62035.003906,511017
207,62035.003906,513416
208,62035.003906,515815
209,62035.003906,518214
210,62035.003906,520613
211,62035.003906,523012
212,62035.003906,525411
213,62035.003906,527810
214,62035.003906,530209
215,62035.003906,532608
216,62035.003906,535007
217,62035.003906,537406
218,62035.003906,539805
219,62035.003906,542204
220,62035.003906,544603
221,62035.003906,547002
222,62035.003906,549401
223,62035.003906,551800
224,62035.003906,554199
225,62035.003906,556598
226,62035.003906,558997
227,62035.003906,561396
228,62035.003906,563795
229,62035.003906,566194
230,62035.003906,568593
231,62035.003906,570992
232,62035.003906,573391
233,62035.003906,575790
234,62035.003906,578189
235,62035.003906,580588
236,62035.003906,582987
237,62035.003906,585386
238,62035.003906,587785
239,62035.003906,590184
240,62035.003906,592583
241,62035.003906,594982
242,62035.003906,597381
243,62035.003906,599780
244,62035.003906,602179
245,62035.003906,604578
246,62035.003906,606977
247,62035.003906,609376
248,62035.003906,611775
249,62035.003906,614174
250,62035.003906,616573
251,62035.003906,618972
252,62035.003906,621371
253,62035.003906,623770
254,62035.003906,626169
255,62035.003906,628568
256,62035.003906,630967
257,62035.003906,633366
258,62035.003906,635765
259,62035.003906,638164
260,62035.003906,640563
261,62035.003906,642962
262,62035.003906,645361
263,62035.003906,647760
264,62035.003906,650159
265,62035.003906,652558
266,62035.003906,654957
267,62035.003906,657356
268,62035.003906,659755
269,62035.003906,662154
270,62035.003906,664553
271,62035.003906,666952
272,62035.003906,669351
273,62035.003906,671750
274,62035.003906,674149
275,62035.003906,676548
276,62035.003906,678947
277,62035.003906,681346
278,62035.003906,683745
279,62035.003906,686144
280,62035.003906,688543
281,62035.003906,690942
282,62035.003906,693341
283,62035.003906,695740
284,62035.003906,698139
285,62035.003906,700538
286,62035.003906,702937
287,62035.003906,705336
288,62035.003906,707735
289,62035.003906,710134
290,62035.003906,712533
291,62035.003906,714932
292,62035.003906,717331
293,62035.003906,719730
294,62035.003906,722129
295,62035.003906,724528
296,62035.003906,726927
297,62035.003906,729326
298,62035.003906,731725
299,62035.003906,734124
300,62035.003906,736523
301,62035.003906,738922
302,62035.003906,741321
303,62035.003906,743720
304,62035.003906,746119
305,62035.003906,748518
306,62035.003906,750917
307,62035.003906,753316
308,62035.003906,755715
309,62035.003906,758114
310,62035.003906,760513
311,62035.003906,762912
312,62035.003906,765311
313,62035.003906,767710
314,62035.003906,770109
315,62035.003906,772508
316,62035.003906,774907
317,62035.003906,777306
318,62035.003906,779705
319,62035.003906,782104
320,62035.003906,784503
321,62035.003906,786902
322,62035.003906,789301
323,62035.003906,791700
324,62035.003906,794099
325,62035.003906,796498
326,62035.003906,798897
327,62035.003906,801296
328,62035.003906,803695
329,62035.003906,806094
330,62035.003906,808493
331,62035.003906,810892
62035.003906,135.621772
1,62035.003906,2399
2,62035.003906,5186
3,62035.003906,7973
4,62035.003906,10760
5,62035.003906,13547
6,62035.003906,16331
7,62035.003906,19115
8,62035.003906,21897
9,62035.003906,24684
10,62035.003906,27447
11,62035.003906,30232
12,62035.003906,33017
13,62035.003906,35786
14,62035.003906,38541
15,62035.003906,41320
16,62035.003906,44105
17,62035.003906,46885
18,62035.003906,49646
19,62035.003906,52317
20,62035.003906,55093
21,62035.003906,57801
22,62035.003906,60550
23,62035.003906,63335
24,62035.003906,66113
25,62035.003906,68897
26,62035.003906,71678
27,62035.003906,74460
28,62035.003906,77206
29,62035.003906,79952
30,62035.003906,82724
31,62035.003906,85265
32,62035.003906,88041
33,62035.003906,90643
34,62035.003906,93299
35,62035.003906,95893
36,62035.003906,98429
37,62035.003906,100877
38,62035.003906,103658
39,62035.003906,106223
40,62035.003906,108729
41,62035.003906,111141
42,62035.003906,113551
43,62035.003906,115961
44,62035.003906,118371
45,62035.003906,120780
46,62035.003906,123185
47,62035.003906,125589
48,62035.003906,127993
49,62035.003906,130397
50,62035.003906,132801
51,62035.003906,135204
52,62035.003906,137605
53,62035.003906,140005
54,62035.003906,142405
55,62035.003906,144804
56,62035.003906,147203
57,62035.003906,149602
58,62035.003906,152001
59,62035.003906,154400
60,62035.003906,156799
61,62035.003906,159198
62,62035.003906,161597
63,62035.003906,163996
64,62035.003906,166395
65,62035.003906,168794
66,62035.003906,171193
67,62035.003906,173592
68,62035.003906,175991
69,62035.003906,178390
70,62035.003906,180789
71,62035.003906,183188
72,62035.003906,185587
73,62035.003906,187986
74,62035.003906,190385
75,62035.003906,192784
76,62035.003906,195183
77,62035.003906,197582
78,62035.003906,199981
79,62035.003906,202380
80,62035.003906,204779
81,62035.003906,207178
82,62035.003906,209577
83,62035.003906,211976
84,62035.003906,214375
85,62035.003906,216774
86,62035.003906,219173
87,62035.003906,221572
88,62035.003906,223971
89,62035.003906,226370
90,62035.003906,228769
91,62035.003906,231168
92,62035.003906,233567
93,62035.003906,235966
94,62035.003906,238365
95,62035.003906,240764
96,62035.003906,243163
97,62035.003906,245562
98,62035.003906,247961
99,62035.003906,250360
100,62035.003906,252759
101,62035.003906,255158
102,62035.003906,257557
103,62035.003906,259956
104,62035.003906,262355
105,62035.003906,264754
106,62035.003906,267153
107,62035.003906,269552
108,62035.003906,271951
109,62035.003906,274350
110,62035.003906,276749
111,62035.003906,279148
112,62035.003906,281547
113,62035.003906,283946
114,62035.003906,286345
115,62035.003906,288744
116,62035.003906,291143
117,62035.003906,293542
118,62035.003906,295941
119,62035.003906,298340
120,62035.003906,300739
121,62035.003906,303138
122,62035.003906,305537
123,62035.003906,307936
124,62035.003906,310335
125,62035.003906,312734
126,62035.003906,315133
127,62035.003906,317532
128,62035.003906,319931
129,62035.003906,322330
130,62035.003906,324729
131,62035.003906,327128
132,62035.003906,329527
133,62035.003906,331926
134,62035.003906,334325
135,62035.003906,336724
136,62035.003906,339123
137,62035.003906,341522
138,62035.003906,343921
139,62035.003906,346320
140,62035.003906,348719
141,62035.003906,351118
142,62035.003906,353517
143,62035.003906,355916
144,62035.003906,358315
145,62035.003906,360714
146,62035.003906,363113
147,62035.003906,365512
148,62035.003906,367911
149,62035.003906,370310
150,62035.003906,372709
151,62035.003906,375108
152,62035.003906,377507
153,62035.003906,379906
154,62035.003906,382305
155,62035.003906,384704
156,62035.003906,387103
157,62035.003906,389502
158,62035.003906,391901
159,62035.003906,394300
160,62035.003906,396699
161,62035.003906,399098
162,62035.003906,401497
163,62035.003906,403896
164,62035.003906,406295
165,62035.003906,408694
166,62035.003906,411093
167,62035.003906,413492
168,62035.003906,415891
169,62035.003906,418290
170,62035.003906,420689
171,62035.003906,423088
172,62035.003906,425487
173,62035.003906,427886
174,62035.003906,430285
175,62035.003906,432684
176,62035.003906,435083
177,62035.003906,437482
178,62035.003906,439881
179,62035.003906,442280
180,62035.003906,444679
181,62035.003906,447078
182,62035.003906,449477
183,62035.003906,451876
184,62035.003906,454275
185,62035.003906,456674
186,62035.003906,459073
187,62035.003906,461472
188,62035.003906,463871
189,62035.003906,466270
190,62035.003906,468669
191,62035.003906,471068
192,62035.003906,473467
193,62035.003906,475866
194,62035.003906,478265
195,62035.003906,480664
196,62035.003906,483063
197,62035.003906,485462
198,62035.003906,487861
199,62035.003906,490260
200,62035.003906,492659
201,62035.003906,495058
202,62035.003906,497457
203,62035.003906,499856
204,62035.003906,502255
205,62035.003906,504654
206,62035.003906,507053
207,62035.003906,509452
208,62035.003906,511851
209,62035.003906,514250
210,62035.003906,516649
211,62035.003906,519048
212,62035.003906,521447
213,62035.003906,523846
214,62035.003906,526245
215,62035.003906,528644
216,62035.003906,531043
217,62035.003906,533442
218,62035.003906,535841
219,62035.003906,538240
220,62035.003906,540639
221,62035.003906,543038
222,62035.003906,545437
223,62035.003906,547836
224,62035.003906,550235
225,62035.003906,552634
226,62035.003906,555033
227,62035.003906,557432
228,62035.003906,559831
229,62035.003906,562230
230,62035.003906,564629
231,62035.003906,567028
232,62035.003906,569427
233,62035.003906,571826
234,62035.003906,574225
235,62035.003906,576624
236,62035.003906,579023
237,62035.003906,581422
238,62035.003906,583821
239,62035.003906,586220
240,62035.003906,588619
241,62035.003906,591018
242,62035.003906,593417
243,62035.003906,595816
244,62035.003906,598215
245,62035.003906,600614
246,62035.003906,603013
247,62035.003906,605412
248,62035.003906,607811
249,62035.003906,610210
250,62035.003906,612609
251,62035.003906,615008
252,62035.003906,617407
253,62035.003906,619806
254,62035.003906,622205
255,62035.003906,624604
256,62035.003906,627003
257,62035.003906,629402
258,62035.003906,631801
259,62035.003906,634200
260,62035.003906,636599
261,62035.003906,638998
262,62035.003906,641397
263,62035.003906,643796
264,62035.003906,646195
265,62035.003906,648594
266,62035.003906,650993
267,62035.003906,653392
268,62035.003906,655791
269,62035.003906,658190
270,62035.003906,660589
271,62035.003906,662988
272,62035.003906,665387
273,62035.003906,667786
274,62035.003906,670185
275,62035.003906,672584
276,62035.003906,674983
277,62035.003906,677382
278,62035.003906,679781
279,62035.003906,682180
280,62035.003906,684579
281,62035.003906,686978
282,62035.003906,689377
283,62035.003906,691776
284,62035.003906,694175
285,62035.003906,696574
286,62035.003906,698973
287,62035.003906,701372
288,62035.003906,703771
289,62035.003906,706170
290,62035.003906,708569
291,62035.003906,710968
292,62035.003906,713367
293,62035.003906,715766
294,62035.003906,718165
295,62035.003906,720564
296,62035.003906,722963
297,62035.003906,725362
298,62035.003906,727761
299,62035.003906,730160
300,62035.003906,732559
301,62035.003906,734958
302,62035.003906,737357
303,62035.003906,739756
304,62035.003906,742155
305,62035.003906,744554
306,62035.003906,746953
307,62035.003906,749352
308,62035.003906,751751
309,62035.003906,754150
310,62035.003906,756549
311,62035.003906,758948
312,62035.003906,761347
313,62035.003906,763746
314,62035.003906,766145
315,62035.003906,768544
316,62035.003906,770943
317,62035.003906,773342
318,62035.003906,775741
319,62035.003906,778140
320,62035.003906,780539
321,62035.003906,782938
322,62035.003906,785337
323,62035.003906,787736
324,62035.003906,790135
325,62035.003906,792534
326,62035.003906,794933
327,62035.003906,797332
328,62035.003906,799731
329,62035.003906,802130
330,62035.003906,804529
331,62035.003906,806928
332,62035.003906,809327
333,62035.003906,811726
62035.003906,144.600357
1,62035.707031,2399
2,62035.003906,5100
3,62035.003906,7801
4,62035.003906,10500
5,62035.003906,13200
6,62035.003906,15901
7,62035.003906,18599
8,62035.003906,21290
9,62035.003906,23991
10,62035.003906,26682
11,62035.003906,29383
12,62035.003906,32074
13,62035.003906,34775
14,62035.003906,37473
15,62035.003906,40159
16,62035.003906,42838
17,62035.003906,45520
18,62035.003906,48220
19,62035.003906,50898
20,62035.003906,53577
21,62035.003906,56275
22,62035.003906,58961
23,62035.003906,61637
24,62035.003906,64337
25,62035.003906,66993
26,62035.003906,69667
27,62035.003906,72324
28,62035.003906,74970
29,62035.003906,77655
30,62035.003906,80342
31,62035.003906,83037
32,62035.003906,85678
33,62035.003906,88247
34,62035.003906,90786
35,62035.003906,93478
36,62035.003906,96036
37,62035.003906,98620
38,62035.003906,101165
39,62035.003906,103733
40,62035.003906,106229
41,62035.003906,108674
42,62035.003906,111087
43,62035.003906,113497
44,62035.003906,115905
45,62035.003906,118313
46,62035.003906,120719
47,62035.003906,123124
48,62035.003906,125528
49,62035.003906,127930
50,62035.003906,130332
51,62035.003906,132734
52,62035.003906,135135
53,62035.003906,137535
54,62035.003906,139934
55,62035.003906,142333
56,62035.003906,144732
57,62035.003906,147131
58,62035.003906,149530
59,62035.003906,151929
60,62035.003906,154328
61,62035.003906,156727
62,62035.003906,159126
63,62035.003906,161525
64,62035.003906,163924
65,62035.003906,166323
66,62035.003906,168722
67,62035.003906,171121
68,62035.003906,173520
69,62035.003906,175919
70,62035.003906,178318
71,62035.003906,180717
72,62035.003906,183116
73,62035.003906,185515
74,62035.003906,187914
75,62035.003906,190313
76,62035.003906,192712
77,62035.003906,195111
78,62035.003906,197510
79,62035.003906,199909
80,62035.003906,202308
81,62035.003906,204707
82,62035.003906,207106
83,62035.003906,209505
84,62035.003906,211904
85,62035.003906,214303
86,62035.003906,216702
87,62035.003906,219101
88,62035.003906,221500
89,62035.003906,223899
90,62035.003906,226298
91,62035.003906,228697
92,62035.003906,231096
93,62035.003906,233495
94,62035.003906,235894
95,62035.003906,238293
96,62035.003906,240692
97,62035.003906,243091
98,62035.003906,245490
99,62035.003906,247889
100,62035.003906,250288
101,62035.003906,252687
102,62035.003906,255086
103,62035.003906,257485
104,62035.003906,259884
105,62035.003906,262283
106,62035.003906,264682
107,62035.003906,267081
108,62035.003906,269480
109,62035.003906,271879
110,62035.003906,274278
111,62035.003906,276677
112,62035.003906,279076
113,62035.003906,281475
114,62035.003906,283874
115,62035.003906,286273
116,62035.003906,288672
117,62035.003906,291071
118,62035.003906,293470
119,62035.003906,295869
120,62035.003906,298268
121,62035.003906,300667
122,62035.003906,303066
123,62035.003906,305465
124,62035.003906,307864
125,62035.003906,310263
126,62035.003906,312662
127,62035.003906,315061
128,62035.003906,317460
129,62035.003906,319859
130,62035.003906,322258
131,62035.003906,324657
132,62035.003906,327056
133,62035.003906,329455
134,62035.003906,331854
135,62035.003906,334253
136,62035.003906,336652
137,62035.003906,339051
138,62035.003906,341450
139,62035.003906,343849
140,62035.003906,346248
141,62035.003906,348647
142,62035.003906,351046
143,62035.003906,353445
144,62035.003906,355844
145,62035.003906,358243
146,62035.003906,360642
147,62035.003906,363041
148,62035.003906,365440
149,62035.003906,367839
150,62035.003906,370238
151,62035.003906,372637
152,62035.003906,375036
153,62035.003906,377435
154,62035.003906,379834
155,62035.003906,382233
156,62035.003906,384632
157,62035.003906,387031
158,62035.003906,389430
159,62035.003906,391829
160,62035.003906,394228
161,62035.003906,396627
162,62035.003906,399026
163,62035.003906,401425
164,62035.003906,403824
165,62035.003906,406223
166,62035.003906,408622
167,62035.003906,411021
168,62035.003906,413420
169,62035.003906,415819
170,62035.003906,418218
171,62035.003906,420617
172,62035.003906,423016
173,62035.003906,425415
174,62035.003906,427814
175,62035.003906,430213
176,62035.003906,432612
177,62035.003906,435011
178,62035.003906,437410
179,62035.003906,439809
180,62035.003906,442208
181,62035.003906,444607
182,62035.003906,447006
183,62035.003906,449405
184,62035.003906,451804
185,62035.003906,454203
186,62035.003906,456602
187,62035.003906,459001
188,62035.003906,461400
189,62035.003906,463799
190,62035.003906,466198
191,62035.003906,468597
192,62035.003906,470996
193,62035.003906,473395
194,62035.003906,475794
195,62035.003906,478193
196,62035.003906,480592
197,62035.003906,482991
198,62035.003906,485390
199,62035.003906,487789
200,62035.003906,490188
201,62035.003906,492587
202,62035.003906,494986
203,62035.003906,497385
204,62035.003906,499784
205,62035.003906,502183
206,62035.003906,504582
207,62035.003906,506981
208,62035.003906,509380
209,62035.003906,511779
210,62035.003906,514178
211,62035.003906,516577
212,62035.003906,518976
213,62035.003906,521375
214,62035.003906,523774
215,62035.003906,526173
216,62035.003906,528572
217,62035.003906,530971
218,62035.003906,533370
219,62035.003906,535769
220,62035.003906,538168
221,62035.003906,540567
222,62035.003906,542966
223,62035.003906,545365
224,62035.003906,547764
225,62035.003906,550163
226,62035.003906,552562
227,62035.003906,554961
228,62035.003906,557360
229,62035.003906,559759
230,62035.003906,562158
231,62035.003906,564557
232,62035.003906,566956
233,62035.003906,569355
234,62035.003906,571754
235,62035.003906,574153
236,62035.003906,576552
237,62035.003906,578951
238,62035.003906,581350
239,62035.003906,583749
240,62035.003906,586148
241,62035.003906,588547
242,62035.003906,590946
243,62035.003906,593345
244,62035.003906,595744
245,62035.003906,598143
246,62035.003906,600542
247,62035.003906,602941
248,62035.003906,605340
249,62035.003906,607739
250,62035.003906,610138
251,62035.003906,612537
252,62035.003906,614936
253,62035.003906,617335
254,62035.003906,619734
255,62035.003906,622133
256,62035.003906,624532
257,62035.003906,626931
258,62035.003906,629330
259,62035.003906,631729
260,62035.003906,634128
261,62035.003906,636527
262,62035.003906,638926
263,62035.003906,641325
264,62035.003906,643724
265,62035.003906,646123
266,62035.003906,648522
267,62035.003906,650921
268,62035.003906,653320
269,62035.003906,655719
270,62035.003906,658118
271,62035.003906,660517
272,62035.003906,662916
273,62035.003906,665315
274,62035.003906,667714
275,62035.003906,670113
276,62035.003906,672512
277,62035.003906,674911
278,62035.003906,677310
279,62035.003906,679709
280,62035.003906,682108
281,62035.003906,684507
282,62035.003906,686906
283,62035.003906,689305
284,62035.003906,691704
285,62035.003906,694103
286,62035.003906,696502
287,62035.003906,698901
288,62035.003906,701300
289,62035.003906,703699
290,62035.003906,706098
291,62035.003906,708497
292,62035.003906,710896
293,62035.003906,713295
294,62035.003906,715694
295,62035.003906,718093
296,62035.003906,720492
297,62035.003906,722891
298,62035.003906,725290
299,62035.003906,727689
300,62035.003906,730088
301,62035.003906,732487
302,62035.003906,734886
303,62035.003906,737285
304,62035.003906,739684
305,62035.003906,742083
306,62035.003906,744482
307,62035.003906,746881
308,62035.003906,749280
309,62035.003906,751679
310,62035.003906,754078
311,62035.003906,756477
312,62035.003906,758876
313,62035.003906,761275
314,62035.003906,763674
315,62035.003906,766073
316,62035.003906,768472
317,62035.003906,770871
318,62035.003906,773270
319,62035.003906,775669
320,62035.003906,778068
321,62035.003906,780467
322,62035.003906,782866
323,62035.003906,785265
324,62035.003906,787664
325,62035.003906,790063
326,62035.003906,792462
327,62035.003906,794861
328,62035.003906,797260
329,62035.003906,799659
330,62035.003906,802058
331,62035.003906,804457
332,62035.003906,806856
333,62035.003906,809255
334,62035.003906,811654
62035.003906,143.049519
1,62035.003906,2399
2,62035.003906,4969
3,62035.003906,7539
4,62035.003906,10109
5,62035.003906,12679
6,62035.003906,15249
7,62035.003906,17819
8,62035.003906,20386
9,62035.003906,22956
10,62035.003906,25519
11,62035.003906,28088
12,62035.003906,30658
13,62035.003906,33222
14,62035.003906,35786
15,62035.003906,38351
16,62035.003906,40891
17,62035.003906,43440
18,62035.003906,46010
19,62035.003906,48557
20,62035.003906,51002
21,62035.003906,53550
22,62035.003906,56109
23,62035.003906,58679
24,62035.003906,61230
25,62035.003906,63679
26,62035.003906,66095
27,62035.003906,68642
28,62035.003906,71072
29,62035.003906,73481
30,62035.003906,75890
31,62035.003906,78296
32,62035.003906,80789
33,62035.003906,83291
34,62035.003906,85764
35,62035.003906,88232
36,62035.003906,90719
37,62035.003906,93187
38,62035.003906,95642
39,62035.003906,98071
40,62035.003906,100471
41,62035.003906,102871
42,62035.003906,105271
43,62035.003906,107671
44,62035.003906,110071
45,62035.003906,112471
46,62035.003906,114871
47,62035.003906,117271
48,62035.003906,119671
49,62035.003906,122071
50,62035.003906,124471
51,62035.003906,126871
52,62035.003906,129271
53,62035.003906,131670
54,62035.003906,134069
55,62035.003906,136468
56,62035.003906,138867
57,62035.003906,141266
58,62035.003906,143665
59,62035.003906,146064
60,62035.003906,148463
61,62035.003906,150862
62,62035.003906,153261
63,62035.003906,155660
64,62035.003906,158059
65,62035.003906,160458
66,62035.003906,162857
67,62035.003906,165256
68,62035.003906,167655
69,62035.003906,170054
70,62035.003906,172453
71,62035.003906,174852
72,62035.003906,177251
73,62035.003906,179650
74,62035.003906,182049
75,62035.003906,184448
76,62035.003906,186847
77,62035.003906,189246
78,62035.003906,191645
79,62035.003906,194044
80,62035.003906,196443
81,62035.003906,198842
82,62035.003906,201241
83,62035.003906,203640
84,62035.003906,206039
85,62035.003906,208438
86,62035.003906,210837
87,62035.003906,213236
88,62035.003906,215635
89,62035.003906,218034
90,62035.003906,220433
91,62035.003906,222832
92,62035.003906,225231
93,62035.003906,227630
94,62035.003906,230029
95,62035.003906,232428
96,62035.003906,234827
97,62035.003906,237226
98,62035.003906,239625
99,62035.003906,242024
100,62035.003906,244423
101,62035.003906,246822
102,62035.003906,249221
103,62035.003906,251620
104,62035.003906,254019
105,62035.003906,256418
106,62035.003906,258817
107,62035.003906,261216
108,62035.003906,263615
109,62035.003906,266014
110,62035.003906,268413
111,62035.003906,270812
112,62035.003906,273211
113,62035.003906,275610
114,62035.003906,278009
115,62035.003906,280408
116,62035.003906,282807
117,62035.003906,285206
118,62035.003906,287605
119,62035.003906,290004
120,62035.003906,292403
121,62035.003906,294802
122,62035.003906,297201
123,62035.003906,299600
124,62035.003906,301999
125,62035.003906,304398
126,62035.003906,306797
127,62035.003906,309196
128,62035.003906,311595
129,62035.003906,313994
130,62035.003906,316393
131,62035.003906,318792
132,62035.003906,321191
133,62035.003906,323590
134,62035.003906,325989
135,62035.003906,328388
136,62035.003906,330787
137,62035.003906,333186
138,62035.003906,335585
139,62035.003906,337984
140,62035.003906,340383
141,62035.003906,342782
142,62035.003906,345181
143,62035.003906,347580
144,62035.003906,349979
145,62035.003906,352378
146,62035.003906,354777
147,62035.003906,357176
148,62035.003906,359575
149,62035.003906,361974
150,62035.003906,364373
151,62035.003906,366772
152,62035.003906,369171
153,62035.003906,371570
154,62035.003906,373969
155,62035.003906,376368
156,62035.003906,378767
157,62035.003906,381166
158,62035.003906,383565
159,62035.003906,385964
160,62035.003906,388363
161,62035.003906,390762
162,62035.003906,393161
163,62035.003906,395560
164,62035.003906,397959
165,62035.003906,400358
166,62035.003906,402757
167,62035.003906,405156
168,62035.003906,407555
169,62035.003906,409954
170,62035.003906,412353
171,62035.003906,414752
172,62035.003906,417151
173,62035.003906,419550
174,62035.003906,421949
175,62035.003906,424348
176,62035.003906,426747
177,62035.003906,429146
178,62035.003906,431545
179,62035.003906,433944
180,62035.003906,436343
181,62035.003906,438742
182,62035.003906,441141
183,62035.003906,443540
184,62035.003906,445939
185,62035.003906,448338
186,62035.003906,450737
187,62035.003906,453136
188,62035.003906,455535
189,62035.003906,457934
190,62035.003906,460333
191,62035.003906,462732
192,62035.003906,465131
193,62035.003906,467530
194,62035.003906,469929
195,62035.003906,472328
196,62035.003906,474727
197,62035.003906,477126
198,62035.003906,479525
199,62035.003906,481924
200,62035.003906,484323
201,62035.003906,486722
202,62035.003906,489121
203,62035.003906,491520
204,62035.003906,493919
205,62035.003906,496318
206,62035.003906,498717
207,62035.003906,501116
208,62035.003906,503515
209,62035.003906,505914
210,62035.003906,508313
211,62035.003906,510712
212,62035.003906,513111
213,62035.003906,515510
214,62035.003906,517909
215,62035.003906,520308
216,62035.003906,522707
217,62035.003906,525106
218,62035.003906,527505
219,62035.003906,529904
220,62035.003906,532303
221,62035.003906,534702
222,62035.003906,537101
223,62035.003906,539500
224,62035.003906,541899
225,62035.003906,544298
226,62035.003906,546697
227,62035.003906,549096
228,62035.003906,551495
229,62035.003906,553894
230,62035.003906,556293
231,62035.003906,558692
232,62035.003906,561091
233,62035.003906,563490
234,62035.003906,565889
235,62035.003906,568288
236,62035.003906,570687
237,62035.003906,573086
238,62035.003906,575485
239,62035.003906,577884
240,62035.003906,580283
241,62035.003906,582682
242,62035.003906,585081
243,62035.003906,587480
244,62035.003906,589879
245,62035.003906,592278
246,62035.003906,594677
247,62035.003906,597076
248,62035.003906,599475
249,62035.003906,601874
250,62035.003906,604273
251,62035.003906,606672
252,62035.003906,609071
253,62035.003906,611470
254,62035.003906,613869
255,62035.003906,616268
256,62035.003906,618667
257,62035.003906,621066
258,62035.003906,623465
259,62035.003906,625864
260,62035.003906,628263
261,62035.003906,630662
262,62035.003906,633061
263,62035.003906,635460
264,62035.003906,637859
265,62035.003906,640258
266,62035.003906,642657
267,62035.003906,645056
268,62035.003906,647455
269,62035.003906,649854
270,62035.003906,652253
271,62035.003906,654652
272,62035.003906,657051
273,62035.003906,659450
274,62035.003906,661849
275,62035.003906,664248
276,62035.003906,666647
277,62035.003906,669046
278,62035.003906,671445
279,62035.003906,673844
280,62035.003906,676243
281,62035.003906,678642
282,62035.003906,681041
283,62035.003906,683440
284,62035.003906,685839
285,62035.003906,688238
286,62035.003906,690637
287,62035.003906,693036
288,62035.003906,695435
289,62035.003906,697834
290,62035.003906,700233
291,62035.003906,702632
292,62035.003906,705031
293,62035.003906,707430
294,62035.003906,709829
295,62035.003906,712228
296,62035.003906,714627
297,62035.003906,717026
298,62035.003906,719425
299,62035.003906,721824
300,62035.003906,724223
301,62035.003906,726622
302,62035.003906,729021
303,62035.003906,731420
304,62035.003906,733819
305,62035.003906,736218
306,62035.003906,738617
307,62035.003906,741016
308,62035.003906,743415
309,62035.003906,745814
310,62035.003906,748213
311,62035.003906,750612
312,62035.003906,753011
313,62035.003906,755410
314,62035.003906,757809
315,62035.003906,760208
316,62035.003906,762607
317,62035.003906,765006
318,62035.003906,767405
319,62035.003906,769804
320,62035.003906,772203
321,62035.003906,774602
322,62035.003906,777001
323,62035.003906,779400
324,62035.003906,781799
325,62035.003906,784198
326,62035.003906,786597
327,62035.003906,788996
328,62035.003906,791395
329,62035.003906,793794
330,62035.003906,796193
331,62035.003906,798592
332,62035.003906,800991
333,62035.003906,803390
334,62035.003906,805789
335,62035.003906,808188
336,62035.003906,810587
62035.003906,131.994066
1,62035.003906,2399
2,62035.003906,5162
3,62035.003906,7924
4,62035.003906,10685
5,62035.003906,13448
6,62035.003906,16210
7,62035.003906,18968
8,62035.003906,21731
9,62035.003906,24490
10,62035.003906,27253
11,62035.003906,30016
12,62035.003906,32778
13,62035.003906,35541
14,62035.003906,38303
15,62035.003906,41033
16,62035.003906,43735
17,62035.003906,46494
18,62035.003906,49187
19,62035.003906,51931
20,62035.003906,54688
21,62035.003906,57437
22,62035.003906,60078
23,62035.003906,62840
24,62035.003906,65500
25,62035.003906,68200
26,62035.003906,70919
27,62035.003906,73623
28,62035.003906,76264
29,62035.003906,78930
30,62035.003906,81587
31,62035.003906,84220
32,62035.003906,86975
33,62035.003906,89424
34,62035.003906,92055
35,62035.003906,94665
36,62035.003906,97093
37,62035.003906,99515
38,62035.003906,101935
39,62035.003906,104574
40,62035.003906,107132
41,62035.003906,109580
42,62035.003906,111992
43,62035.003906,114400
44,62035.003906,116806
45,62035.003906,119210
46,62035.003906,121613
47,62035.003906,124016
48,62035.003906,126417
49,62035.003906,128817
50,62035.003906,131217
51,62035.003906,133617
52,62035.003906,136017
53,62035.003906,138417
54,62035.003906,140816
55,62035.003906,143215
56,62035.003906,145614
57,62035.003906,148013
58,62035.003906,150412
59,62035.003906,152811
60,62035.003906,155210
61,62035.003906,157609
62,62035.003906,160008
63,62035.003906,162407
64,62035.003906,164806
65,62035.003906,167205
66,62035.003906,169604
67,62035.003906,172003
68,62035.003906,174402
69,62035.003906,176801
70,62035.003906,179200
71,62035.003906,181599
72,62035.003906,183998
73,62035.003906,186397
74,62035.003906,188796
75,62035.003906,191195
76,62035.003906,193594
77,62035.003906,195993
78,62035.003906,198392
79,62035.003906,200791
80,62035.003906,203190
81,62035.003906,205589
82,62035.003906,207988
83,62035.003906,210387
84,62035.003906,212786
85,62035.003906,215185
86,62035.003906,217584
87,62035.003906,219983
88,62035.003906,222382
89,62035.003906,224781
90,62035.003906,227180
91,62035.003906,229579
92,62035.003906,231978
93,62035.003906,234377
94,62035.003906,236776
95,62035.003906,239175
96,62035.003906,241574
97,62035.003906,243973
98,62035.003906,246372
99,62035.003906,248771
100,62035.003906,251170
101,62035.003906,253569
102,62035.003906,255968
103,62035.003906,258367
104,62035.003906,260766
105,62035.003906,263165
106,62035.003906,265564
107,62035.003906,267963
108,62035.003906,270362
109,62035.003906,272761
110,62035.003906,275160
111,62035.003906,277559
112,62035.003906,279958
113,62035.003906,282357
114,62035.003906,284756
115,62035.003906,287155
116,62035.003906,289554
117,62035.003906,291953
118,62035.003906,294352
119,62035.003906,296751
120,62035.003906,299150
121,62035.003906,301549
122,62035.003906,303948
123,62035.003906,306347
124,62035.003906,308746
125,62035.003906,311145
126,62035.003906,313544
127,62035.003906,315943
128,62035.003906,318342
129,62035.003906,320741
130,62035.003906,323140
131,62035.003906,325539
132,62035.003906,327938
133,62035.003906,330337
134,62035.003906,332736
135,62035.003906,335135
136,62035.003906,337534
137,62035.003906,339933
138,62035.003906,342332
139,62035.003906,344731
140,62035.003906,347130
141,62035.003906,349529
142,62035.003906,351928
143,62035.003906,354327
144,62035.003906,356726
145,62035.003906,359125
146,62035.003906,361524
147,62035.003906,363923
148,62035.003906,366322
149,62035.003906,368721
150,62035.003906,371120
151,62035.003906,373519
152,62035.003906,375918
153,62035.003906,378317
154,62035.003906,380716
155,62035.003906,383115
156,62035.003906,385514
157,62035.003906,387913
158,62035.003906,390312
159,62035.003906,392711
160,62035.003906,395110
161,62035.003906,397509
162,62035.003906,399908
163,62035.003906,402307
164,62035.003906,404706
165,62035.003906,407105
166,62035.003906,409504
167,62035.003906,411903
168,62035.003906,414302
169,62035.003906,416701
170,62035.003906,419100
171,62035.003906,421499
172,62035.003906,423898
173,62035.003906,426297
174,62035.003906,428696
175,62035.003906,431095
176,62035.003906,433494
177,62035.003906,435893
178,62035.003906,438292
179,62035.003906,440691
180,62035.003906,443090
181,62035.003906,445489
182,62035.003906,447888
183,62035.003906,450287
184,62035.003906,452686
185,62035.003906,455085
186,62035.003906,457484
187,62035.003906,459883
188,62035.003906,462282
189,62035.003906,464681
190,62035.003906,467080
191,62035.003906,469479
192,62035.003906,471878
193,62035.003906,474277
194,62035.003906,476676
195,62035.003906,479075
196,62035.003906,481474
197,62035.003906,483873
198,62035.003906,486272
199,62035.003906,488671
200,62035.003906,491070
201,62035.003906,493469
202,62035.003906,495868
203,62035.003906,498267
204,62035.003906,500666
205,62035.003906,503065
206,62035.003906,505464
207,62035.003906,507863
208,62035.003906,510262
209,62035.003906,512661
210,62035.003906,515060
211,62035.003906,517459
212,62035.003906,519858
213,62035.003906,522257
214,62035.003906,524656
215,62035.003906,527055
216,62035.003906,529454
217,62035.003906,531853
218,62035.003906,534252
219,62035.003906,536651
220,62035.003906,539050
221,62035.003906,541449
222,62035.003906,543848
223,62035.003906,546247
224,62035.003906,548646
225,62035.003906,551045
226,62035.003906,553444
227,62035.003906,555843
228,62035.003906,558242
229,62035.003906,560641
230,62035.003906,563040
231,62035.003906,565439
232,62035.003906,567838
233,62035.003906,570237
234,62035.003906,572636
235,62035.003906,575035
236,62035.003906,577434
237,62035.003906,579833
238,62035.003906,582232
239,62035.003906,584631
240,62035.003906,587030
241,62035.003906,589429
242,62035.003906,591828
243,62035.003906,594227
244,62035.003906,596626
245,62035.003906,599025
246,62035.003906,601424
247,62035.003906,603823
248,62035.003906,606222
249,62035.003906,608621
250,62035.003906,611020
251,62035.003906,613419
252,62035.003906,615818
253,62035.003906,618217
254,62035.003906,620616
255,62035.003906,623015
256,62035.003906,625414
257,62035.003906,627813
258,62035.003906,630212
259,62035.003906,632611
260,62035.003906,635010
261,62035.003906,637409
262,62035.003906,639808
263,62035.003906,642207
264,62035.003906,644606
265,62035.003906,647005
266,62035.003906,649404
267,62035.003906,651803
268,62035.003906,654202
269,62035.003906,656601
270,62035.003906,659000
271,62035.003906,661399
272,62035.003906,663798
273,62035.003906,666197
274,62035.003906,668596
275,62035.003906,670995
276,62035.003906,673394
277,62035.003906,675793
278,62035.003906,678192
279,62035.003906,680591
280,62035.003906,682990
281,62035.003906,685389
282,62035.003906,687788
283,62035.003906,690187
284,62035.003906,692586
285,62035.003906,694985
286,62035.003906,697384
287,62035.003906,699783
288,62035.003906,702182
289,62035.003906,704581
290,62035.003906,706980
291,62035.003906,709379
292,62035.003906,711778
293,62035.003906,714177
294,62035.003906,716576
295,62035.003906,718975
296,62035.003906,721374
297,62035.003906,723773
298,62035.003906,726172
299,62035.003906,728571
300,62035.003906,730970
301,62035.003906,733369
302,62035.003906,735768
303,62035.003906,738167
304,62035.003906,740566
305,62035.003906,742965
306,62035.003906,745364
307,62035.003906,747763
308,62035.003906,750162
309,62035.003906,752561
310,62035.003906,754960
311,62035.003906,757359
312,62035.003906,759758
313,62035.003906,762157
314,62035.003906,764556
315,62035.003906,766955
316,62035.003906,769354
317,62035.003906,771753
318,62035.003906,774152
319,62035.003906,776551
320,62035.003906,778950
321,62035.003906,781349
322,62035.003906,783748
323,62035.003906,786147
324,62035.003906,788546
325,62035.003906,790945
326,62035.003906,793344
327,62035.003906,795743
328,62035.003906,798142
329,62035.003906,800541
330,62035.003906,802940
331,62035.003906,805339
332,62035.003906,807738
333,62035.003906,810137
62035.003906,143.295981
1,62035.246094,2399
2,62035.003906,5206
3,62035.003906,8013
4,62035.003906,10820
5,62035.003906,13627
6,62035.003906,16433
7,62035.003906,19240
8,62035.003906,22037
9,62035.003906,24844
10,62035.003906,27650
11,62035.003906,30456
12,62035.003906,33251
13,62035.003906,36056
14,62035.003906,38790
15,62035.003906,41591
16,62035.003906,44298
17,62035.003906,47098
18,62035.003906,49865
19,62035.003906,52626
20,62035.003906,55377
21,62035.003906,58106
22,62035.003906,60891
23,62035.003906,63685
24,62035.003906,66459
25,62035.003906,69252
26,62035.003906,72019
27,62035.003906,74818
28,62035.003906,77568
29,62035.003906,80298
30,62035.003906,83000
31,62035.003906,85713
32,62035.003906,88362
33,62035.003906,91005
34,62035.003906,93473
35,62035.003906,95932
36,62035.003906,98383
37,62035.003906,100832
38,62035.003906,103275
39,62035.003906,105713
40,62035.003906,108142
41,62035.003906,110572
42,62035.003906,112995
43,62035.003906,115412
44,62035.003906,117824
45,62035.003906,120235
46,62035.003906,122643
47,62035.003906,125050
48,62035.003906,127453
49,62035.003906,129855
50,62035.003906,132257
51,62035.003906,134658
52,62035.003906,137059
53,62035.003906,139459
54,62035.003906,141858
55,62035.003906,144257
56,62035.003906,146656
57,62035.003906,149055
58,62035.003906,151454
59,62035.003906,153853
60,62035.003906,156252
61,62035.003906,158651
62,62035.003906,161050
63,62035.003906,163449
64,62035.003906,165848
65,62035.003906,168247
66,62035.003906,170646
67,62035.003906,173045
68,62035.003906,175444
69,62035.003906,177843
70,62035.003906,180242
71,62035.003906,182641
72,62035.003906,185040
73,62035.003906,187439
74,62035.003906,189838
75,62035.003906,192237
76,62035.003906,194636
77,62035.003906,197035
78,62035.003906,199434
79,62035.003906,201833
80,62035.003906,204232
81,62035.003906,206631
82,62035.003906,209030
83,62035.003906,211430
84,62035.003906,213829
85,62035.003906,216228
86,62035.003906,218627
87,62035.003906,221026
88,62035.003906,223425
89,62035.003906,225824
90,62035.003906,228223
91,62035.003906,230622
92,62035.003906,233021
93,62035.003906,235420
94,62035.003906,237819
95,62035.003906,240218
96,62035.003906,242617
97,62035.003906,245016
98,62035.003906,247415
99,62035.003906,249814
100,62035.003906,252213
101,62035.003906,254612
102,62035.003906,257011
103,62035.003906,259410
104,62035.003906,261809
105,62035.003906,264208
106,62035.003906,266607
107,62035.003906,269006
108,62035.003906,271405
109,62035.003906,273804
110,62035.003906,276203
111,62035.003906,278602
112,62035.003906,281001
113,62035.003906,283400
114,62035.003906,285799
115,62035.003906,288198
116,62035.003906,290597
117,62035.003906,292996
118,62035.003906,295395
119,62035.003906,297794
120,62035.003906,300193
121,62035.003906,302592
122,62035.003906,304991
123,62035.003906,307390
124,62035.003906,309789
125,62035.003906,312188
126,62035.003906,314587
127,62035.003906,316986
128,62035.003906,319385
129,62035.003906,321784
130,62035.003906,324183
131,62035.003906,326582
132,62035.003906,328981
133,62035.003906,331380
134,62035.003906,333779
135,62035.003906,336178
136,62035.003906,338577
137,62035.003906,340976
138,62035.003906,343375
139,62035.003906,345774
140,62035.003906,348173
141,62035.003906,350572
142,62035.003906,352971
143,62035.003906,355370
144,62035.003906,357769
145,62035.003906,360168
146,62035.003906,362567
147,62035.003906,364966
148,62035.003906,367365
149,62035.003906,369764
150,62035.003906,372163
151,62035.003906,374562
152,62035.003906,376961
153,62035.003906,379360
154,62035.003906,381759
155,62035.003906,384158
156,62035.003906,386557
157,62035.003906,388956
158,62035.003906,391355
159,62035.003906,393754
160,62035.003906,396153
161,62035.003906,398552
162,62035.003906,400951
163,62035.003906,403350
164,62035.003906,405749
165,62035.003906,408148
166,62035.003906,410547
167,62035.003906,412946
168,62035.003906,415345
169,62035.003906,417744
170,62035.003906,420143
171,62035.003906,422542
172,62035.003906,424941
173,62035.003906,427340
174,62035.003906,429739
175,62035.003906,432138
176,62035.003906,434537
177,62035.003906,436936
178,62035.003906,439335
179,62035.003906,441734
180,62035.003906,444133
181,62035.003906,446532
182,62035.003906,448931
183,62035.003906,451330
184,62035.003906,453729
185,62035.003906,456128
186,62035.003906,458527
187,62035.003906,460926
188,62035.003906,463325
189,62035.003906,465724
190,62035.003906,468123
191,62035.003906,470522
192,62035.003906,472921
193,62035.003906,475320
194,62035.003906,477719
195,62035.003906,480118
196,62035.003906,482517
197,62035.003906,484916
198,62035.003906,487315
199,62035.003906,489714
200,62035.003906,492113
201,62035.003906,494512
202,62035.003906,496911
203,62035.003906,499310
204,62035.003906,501709
205,62035.003906,504108
206,62035.003906,506507
207,62035.003906,508906
208,62035.003906,511305
209,62035.003906,513704
210,62035.003906,516103
211,62035.003906,518502
212,62035.003906,520901
213,62035.003906,523300
214,62035.003906,525699
215,62035.003906,528098
216,62035.003906,530497
217,62035.003906,532896
218,62035.003906,535295
219,62035.003906,537694
220,62035.003906,540093
221,62035.003906,542492
222,62035.003906,544891
223,62035.003906,547290
224,62035.003906,549689
225,62035.003906,552088
226,62035.003906,554487
227,62035.003906,556886
228,62035.003906,559285
229,62035.003906,561684
230,62035.003906,564083
231,62035.003906,566482
232,62035.003906,568881
233,62035.003906,571280
234,62035.003906,573679
235,62035.003906,576078
236,62035.003906,578477
237,62035.003906,580876
238,62035.003906,583275
239,62035.003906,585674
240,62035.003906,588073
241,62035.003906,590472
242,62035.003906,592871
243,62035.003906,595270
244,62035.003906,597669
245,62035.003906,600068
246,62035.003906,602467
247,62035.003906,604866
248,62035.003906,607265
249,62035.003906,609664
250,62035.003906,612063
251,62035.003906,614462
252,62035.003906,616861
253,62035.003906,619260
254,62035.003906,621659
255,62035.003906,624058
256,62035.003906,626457
257,62035.003906,628856
258,62035.003906,631255
259,62035.003906,633654
260,62035.003906,636053
261,62035.003906,638452
262,62035.003906,640851
263,62035.003906,643250
264,62035.003906,645649
265,62035.003906,648048
266,62035.003906,650447
267,62035.003906,652846
268,62035.003906,655245
269,62035.003906,657644
270,62035.003906,660043
271,62035.003906,662442
272,62035.003906,664841
273,62035.003906,667240
274,62035.003906,669639
275,62035.003906,672038
276,62035.003906,674437
277,62035.003906,676836
278,62035.003906,679235
279,62035.003906,681634
280,62035.003906,684033
281,62035.003906,686432
282,62035.003906,688831
283,62035.003906,691230
284,62035.003906,693629
285,62035.003906,696028
286,62035.003906,698427
287,62035.003906,700826
288,62035.003906,703225
289,62035.003906,705624
290,62035.003906,708023
291,62035.003906,710422
292,62035.003906,712821
293,62035.003906,715220
294,62035.003906,717619
295,62035.003906,720018
296,62035.003906,722417
297,62035.003906,724816
298,62035.003906,727215
299,62035.003906,729614
300,62035.003906,732013
301,62035.003906,734412
302,62035.003906,736811
303,62035.003906,739210
304,62035.003906,741609
305,62035.003906,744008
306,62035.003906,746407
307,62035.003906,748806
308,62035.003906,751205
309,62035.003906,753604
310,62035.003906,756003
311,62035.003906,758402
312,62035.003906,760801
313,62035.003906,763200
314,62035.003906,765599
315,62035.003906,767998
316,62035.003906,770397
317,62035.003906,772796
318,62035.003906,775195
319,62035.003906,777594
320,62035.003906,779993
321,62035.003906,782392
322,62035.003906,784791
323,62035.003906,787190
324,62035.003906,789589
325,62035.003906,791988
326,62035.003906,794387
327,62035.003906,796786
328,62035.003906,799185
329,62035.003906,801584
330,62035.003906,803983
331,62035.003906,806382
332,62035.003906,808781
333,62035.003906,811180
62035.003906,140.655178
1,62035.003906,2399
2,62035.003906,5093
3,62035.003906,7787
4,62035.003906,10481
5,62035.003906,13175
6,62035.003906,15869
7,62035.003906,18562
8,62035.003906,21252
9,62035.003906,23929
10,62035.003906,26622
11,62035.003906,29315
12,62035.003906,31994
13,62035.003906,34685
14,62035.003906,37377
15,62035.003906,40055
16,62035.003906,42727
17,62035.003906,45417
18,62035.003906,48071
19,62035.003906,50717
20,62035.003906,53381
21,62035.003906,56027
22,62035.003906,58709
23,62035.003906,61357
24,62035.003906,64022
25,62035.003906,66678
26,62035.003906,69251
27,62035.003906,71774
28,62035.003906,74200
29,62035.003906,76619
30,62035.003906,79255
31,62035.003906,81709
32,62035.003906,84155
33,62035.003906,86566
34,62035.003906,88975
35,62035.003906,91382
36,62035.003906,93787
37,62035.003906,96295
38,62035.003906,98791
39,62035.003906,101230
40,62035.003906,103634
41,62035.003906,106038
42,62035.003906,108443
43,62035.003906,110847
44,62035.003906,113249
45,62035.003906,115651
46,62035.003906,118053
47,62035.003906,120456
48,62035.003906,122859
49,62035.003906,125262
50,62035.003906,127664
51,62035.003906,130065
52,62035.003906,132466
53,62035.003906,134867
54,62035.003906,137268
55,62035.003906,139669
56,62035.003906,142070
57,62035.003906,144470
58,62035.003906,146870
59,62035.003906,149270
60,62035.003906,151669
61,62035.003906,154068
62,62035.003906,156467
63,62035.003906,158866
64,62035.003906,161265
65,62035.003906,163664
66,62035.003906,166063
67,62035.003906,168462
68,62035.003906,170861
69,62035.003906,173260
70,62035.003906,175659
71,62035.003906,178058
72,62035.003906,180457
73,62035.003906,182856
74,62035.003906,185255
75,62035.003906,187654
76,62035.003906,190053
77,62035.003906,192452
78,62035.003906,194851
79,62035.003906,197250
80,62035.003906,199649
81,62035.003906,202048
82,62035.003906,204447
83,62035.003906,206846
84,62035.003906,209245
85,62035.003906,211644
86,62035.003906,214043
87,62035.003906,216442
88,62035.003906,218841
89,62035.003906,221240
90,62035.003906,223639
91,62035.003906,226038
92,62035.003906,228437
93,62035.003906,230836
94,62035.003906,233235
95,62035.003906,235634
96,62035.003906,238033
97,62035.003906,240432
98,62035.003906,242831
99,62035.003906,245230
100,62035.003906,247629
101,62035.003906,250028
102,62035.003906,252427
103,62035.003906,254826
104,62035.003906,257225
105,62035.003906,259624
106,62035.003906,262023
107,62035.003906,264422
108,62035.003906,266821
109,62035.003906,269220
110,62035.003906,271619
111,62035.003906,274018
112,62035.003906,276417
113,62035.003906,278816
114,62035.003906,281215
115,62035.003906,283614
116,62035.003906,286013
117,62035.003906,288412
118,62035.003906,290811
119,62035.003906,293210
120,62035.003906,295609
121,62035.003906,298008
122,62035.003906,300407
123,62035.003906,302806
124,62035.003906,305205
125,62035.003906,307604
126,62035.003906,310003
127,62035.003906,312402
128,62035.003906,314801
129,62035.003906,317200
130,62035.003906,319599
131,62035.003906,321998
132,62035.003906,324397
133,62035.003906,326796
134,62035.003906,329195
135,62035.003906,331594
136,62035.003906,333993
137,62035.003906,336392
138,62035.003906,338791
139,62035.003906,341190
140,62035.003906,343589
141,62035.003906,345988
142,62035.003906,348387
143,62035.003906,350786
144,62035.003906,353185
145,62035.003906,355584
146,62035.003906,357983
147,62035.003906,360382
148,62035.003906,362781
149,62035.003906,365180
150,62035.003906,367579
151,62035.003906,369978
152,62035.003906,372377
153,62035.003906,374776
154,62035.003906,377175
155,62035.003906,379574
156,62035.003906,381973
157,62035.003906,384372
158,62035.003906,386771
159,62035.003906,389170
160,62035.003906,391569
161,62035.003906,393968
162,62035.003906,396367
163,62035.003906,398766
164,62035.003906,401165
165,62035.003906,403564
166,62035.003906,405963
167,62035.003906,408362
168,62035.003906,410761
169,62035.003906,413160
170,62035.003906,415559
171,62035.003906,417958
172,62035.003906,420357
173,62035.003906,422756
174,62035.003906,425155
175,62035.003906,427554
176,62035.003906,429953
177,62035.003906,432352
178,62035.003906,434751
179,62035.003906,437150
180,62035.003906,439549
181,62035.003906,441948
182,62035.003906,444347
183,62035.003906,446746
184,62035.003906,449145
185,62035.003906,451544
186,62035.003906,453943
187,62035.003906,456342
188,62035.003906,458741
189,62035.003906,461140
190,62035.003906,463539
191,62035.003906,465938
192,62035.003906,468337
193,62035.003906,470736
194,62035.003906,473135
195,62035.003906,475534
196,62035.003906,477933
197,62035.003906,480332
198,62035.003906,482731
199,62035.003906,485130
200,62035.003906,487529
201,62035.003906,489928
202,62035.003906,492327
203,62035.003906,494726
204,62035.003906,497125
205,62035.003906,499524
206,62035.003906,501923
207,62035.003906,504322
208,62035.003906,506721
209,62035.003906,509120
210,62035.003906,511519
211,62035.003906,513918
212,62035.003906,516317
213,62035.003906,518716
214,62035.003906,521115
215,62035.003906,523514
216,62035.003906,525913
217,62035.003906,528312
218,62035.003906,530711
219,62035.003906,533110
220,62035.003906,535509
221,62035.003906,537908
222,62035.003906,540307
223,62035.003906,542706
224,62035.003906,545105
225,62035.003906,547504
226,62035.003906,549903
227,62035.003906,552302
228,62035.003906,554701
229,62035.003906,557100
230,62035.003906,559499
231,62035.003906,561898
232,62035.003906,564297
233,62035.003906,566696
234,62035.003906,569095
235,62035.003906,571494
236,62035.003906,573893
237,62035.003906,576292
238,62035.003906,578691
239,62035.003906,581090
240,62035.003906,583489
241,62035.003906,585888
242,62035.003906,588287
243,62035.003906,590686
244,62035.003906,593085
245,62035.003906,595484
246,62035.003906,597883
247,62035.003906,600282
248,62035.003906,602681
249,62035.003906,605080
250,62035.003906,607479
251,62035.003906,609878
252,62035.003906,612277
253,62035.003906,614676
254,62035.003906,617075
255,62035.003906,619474
256,62035.003906,621873
257,62035.003906,624272
258,62035.003906,626671
259,62035.003906,629070
260,62035.003906,631469
261,62035.003906,633868
262,62035.003906,636267
263,62035.003906,638666
264,62035.003906,641065
265,62035.003906,643464
266,62035.003906,645863
267,62035.003906,648262
268,62035.003906,650661
269,62035.003906,653060
270,62035.003906,655459
271,62035.003906,657858
272,62035.003906,660257
273,62035.003906,662656
274,62035.003906,665055
275,62035.003906,667454
276,62035.003906,669853
277,62035.003906,672252
278,62035.003906,674651
279,62035.003906,677050
280,62035.003906,679449
281,62035.003906,681848
282,62035.003906,684247
283,62035.003906,686646
284,62035.003906,689045
285,62035.003906,691444
286,62035.003906,693843
287,62035.003906,696242
288,62035.003906,698641
289,62035.003906,701040
290,62035.003906,703439
291,62035.003906,705838
292,62035.003906,708237
293,62035.003906,710636
294,62035.003906,713035
295,62035.003906,715434
296,62035.003906,717833
297,62035.003906,720232
298,62035.003906,722631
299,62035.003906,725030
300,62035.003906,727429
301,62035.003906,729828
302,62035.003906,732227
303,62035.003906,734626
304,62035.003906,737025
305,62035.003906,739424
306,62035.003906,741823
307,62035.003906,744222
308,62035.003906,746621
309,62035.003906,749020
310,62035.003906,751419
311,62035.003906,753818
312,62035.003906,756217
313,62035.003906,758616
314,62035.003906,761015
315,62035.003906,763414
316,62035.003906,765813
317,62035.003906,768212
318,62035.003906,770611
319,62035.003906,773010
320,62035.003906,775409
321,62035.003906,777808
322,62035.003906,780207
323,62035.003906,782606
324,62035.003906,785005
325,62035.003906,787404
326,62035.003906,789803
327,62035.003906,792202
328,62035.003906,794601
329,62035.003906,797000
330,62035.003906,799399
331,62035.003906,801798
332,62035.003906,804197
333,62035.003906,806596
334,62035.003906,808995
335,62035.003906,811394
62035.003906,140.018022
1,62035.003906,2399
2,62035.003906,4974
3,62035.003906,7549
4,62035.003906,10123
5,62035.003906,12698
6,62035.003906,15273
7,62035.003906,17848
8,62035.003906,20423
9,62035.003906,22998
10,62035.003906,25571
11,62035.003906,28144
12,62035.003906,30719
13,62035.003906,33294
14,62035.003906,35860
15,62035.003906,38433
16,62035.003906,41006
17,62035.003906,43564
18,62035.003906,46112
19,62035.003906,48670
20,62035.003906,51227
21,62035.003906,53782
22,62035.003906,56353
23,62035.003906,58877
24,62035.003906,61402
25,62035.003906,63900
26,62035.003906,66373
27,62035.003906,68788
28,62035.003906,71197
29,62035.003906,73609
30,62035.003906,76176
31,62035.003906,78628
32,62035.003906,81057
33,62035.003906,83461
34,62035.003906,85865
35,62035.003906,88268
36,62035.003906,90671
37,62035.003906,93074
38,62035.003906,95477
39,62035.003906,97880
40,62035.003906,100282
41,62035.003906,102683
42,62035.003906,105083
43,62035.003906,107482
44,62035.003906,109881
45,62035.003906,112280
46,62035.003906,114679
47,62035.003906,117078
48,62035.003906,119477
49,62035.003906,121876
50,62035.003906,124275
51,62035.003906,126674
52,62035.003906,129073
53,62035.003906,131472
54,62035.003906,133871
55,62035.003906,136270
56,62035.003906,138669
57,62035.003906,141068
58,62035.003906,143467
59,62035.003906,145866
60,62035.003906,148265
61,62035.003906,150664
62,62035.003906,153063
63,62035.003906,155462
64,62035.003906,157861
65,62035.003906,160260
66,62035.003906,162659
67,62035.003906,165058
68,62035.003906,167457
69,62035.003906,169856
70,62035.003906,172255
71,62035.003906,174654
72,62035.003906,177053
73,62035.003906,179452
74,62035.003906,181851
75,62035.003906,184250
76,62035.003906,186649
77,62035.003906,189048
78,62035.003906,191447
79,62035.003906,193846
80,62035.003906,196245
81,62035.003906,198644
82,62035.003906,201043
83,62035.003906,203442
84,62035.003906,205841
85,62035.003906,208240
86,62035.003906,210639
87,62035.003906,213038
88,62035.003906,215437
89,62035.003906,217836
90,62035.003906,220235
91,62035.003906,222634
92,62035.003906,225033
93,62035.003906,227432
94,62035.003906,229831
95,62035.003906,232230
96,62035.003906,234629
97,62035.003906,237028
98,62035.003906,239427
99,62035.003906,241826
100,62035.003906,244225
101,62035.003906,246624
102,62035.003906,249023
103,62035.003906,251422
104,62035.003906,253821
105,62035.003906,256220
106,62035.003906,258619
107,62035.003906,261018
108,62035.003906,263417
109,62035.003906,265816
110,62035.003906,268215
111,62035.003906,270614
112,62035.003906,273013
113,62035.003906,275412
114,62035.003906,277811
115,62035.003906,280210
116,62035.003906,282609
117,62035.003906,285008
118,62035.003906,287407
119,62035.003906,289806
120,62035.003906,292205
121,62035.003906,294604
122,62035.003906,297003
123,62035.003906,299402
124,62035.003906,301801
125,62035.003906,304200
126,62035.003906,306599
127,62035.003906,308998
128,62035.003906,311397
129,62035.003906,313796
130,62035.003906,316195
131,62035.003906,318594
132,62035.003906,320993
133,62035.003906,323392
134,62035.003906,325791
135,62035.003906,328190
136,62035.003906,330589
137,62035.003906,332988
138,62035.003906,335387
139,62035.003906,337786
140,62035.003906,340185
141,62035.003906,342584
142,62035.003906,344983
143,62035.003906,347382
144,62035.003906,349781
145,62035.003906,352180
146,62035.003906,354579
147,62035.003906,356978
148,62035.003906,359377
149,62035.003906,361776
150,62035.003906,364175
151,62035.003906,366574
152,62035.003906,368973
153,62035.003906,371372
154,62035.003906,373771
155,62035.003906,376170
156,62035.003906,378569
157,62035.003906,380968
158,62035.003906,383367
159,62035.003906,385766
160,62035.003906,388165
161,62035.003906,390564
162,62035.003906,392963
163,62035.003906,395362
164,62035.003906,397761
165,62035.003906,400160
166,62035.003906,402559
167,62035.003906,404958
168,62035.003906,407357
169,62035.003906,409756
170,62035.003906,412155
171,62035.003906,414554
172,62035.003906,416953
173,62035.003906,419352
174,62035.003906,421751
175,62035.003906,424150
176,62035.003906,426549
177,62035.003906,428948
178,62035.003906,431347
179,62035.003906,433746
180,62035.003906,436145
181,62035.003906,438544
182,62035.003906,440943
183,62035.003906,443342
184,62035.003906,445741
185,62035.003906,448140
186,62035.003906,450539
187,62035.003906,452938
188,62035.003906,455337
189,62035.003906,457736
190,62035.003906,460135
191,62035.003906,462534
192,62035.003906,464933
193,62035.003906,467332
194,62035.003906,469731
195,62035.003906,472130
196,62035.003906,474529
197,62035.003906,476928
198,62035.003906,479327
199,62035.003906,481726
200,62035.003906,484125
201,62035.003906,486524
202,62035.003906,488923
203,62035.003906,491322
204,62035.003906,493721
205,62035.003906,496120
206,62035.003906,498519
207,62035.003906,500918
208,62035.003906,503317
209,62035.003906,505716
210,62035.003906,508115
211,62035.003906,510514
212,62035.003906,512913
213,62035.003906,515312
214,62035.003906,517711
215,62035.003906,520110
216,62035.003906,522509
217,62035.003906,524908
218,62035.003906,527307
219,62035.003906,529706
220,62035.003906,532105
221,62035.003906,534504
222,62035.003906,536903
223,62035.003906,539302
224,62035.003906,541701
225,62035.003906,544100
226,62035.003906,546499
227,62035.003906,548898
228,62035.003906,551297
229,62035.003906,553696
230,62035.003906,556095
231,62035.003906,558494
232,62035.003906,560893
233,62035.003906,563292
234,62035.003906,565691
235,62035.003906,568090
236,62035.003906,570489
237,62035.003906,572888
238,62035.003906,575287
239,62035.003906,577686
240,62035.003906,580085
241,62035.003906,582484
242,62035.003906,584883
243,62035.003906,587282
244,62035.003906,589681
245,62035.003906,592080
246,62035.003906,594479
247,62035.003906,596878
248,62035.003906,599277
249,62035.003906,601676
250,62035.003906,604075
251,62035.003906,606474
252,62035.003906,608873
253,62035.003906,611272
254,62035.003906,613671
255,62035.003906,616070
256,62035.003906,618469
257,62035.003906,620868
258,62035.003906,623267
259,62035.003906,625666
260,62035.003906,628065
261,62035.003906,630464
262,62035.003906,632863
263,62035.003906,635262
264,62035.003906,637661
265,62035.003906,640060
266,62035.003906,642459
267,62035.003906,644858
268,62035.003906,647257
269,62035.003906,649656
270,62035.003906,652055
271,62035.003906,654454
272,62035.003906,656853
273,62035.003906,659252
274,62035.003906,661651
275,62035.003906,664050
276,62035.003906,666449
277,62035.003906,668848
278,62035.003906,671247
279,62035.003906,673646
280,62035.003906,676045
281,62035.003906,678444
282,62035.003906,680843
283,62035.003906,683242
284,62035.003906,685641
285,62035.003906,688040
286,62035.003906,690439
287,62035.003906,692838
288,62035.003906,695237
289,62035.003906,697636
290,62035.003906,700035
291,62035.003906,702434
292,62035.003906,704833
293,62035.003906,707232
294,62035.003906,709631
295,62035.003906,712030
296,62035.003906,714429
297,62035.003906,716828
298,62035.003906,719227
299,62035.003906,721626
300,62035.003906,724025
301,62035.003906,726424
302,62035.003906,728823
303,62035.003906,731222
304,62035.003906,733621
305,62035.003906,736020
306,62035.003906,738419
307,62035.003906,740818
308,62035.003906,743217
309,62035.003906,745616
310,62035.003906,748015
311,62035.003906,750414
312,62035.003906,752813
313,62035.003906,755212
314,62035.003906,757611
315,62035.003906,760010
316,62035.003906,762409
317,62035.003906,764808
318,62035.003906,767207
319,62035.003906,769606
320,62035.003906,772005
321,62035.003906,774404
322,62035.003906,776803
323,62035.003906,779202
324,62035.003906,781601
325,62035.003906,784000
326,62035.003906,786399
327,62035.003906,788798
328,62035.003906,791197
329,62035.003906,793596
330,62035.003906,795995
331,62035.003906,798394
332,62035.003906,800793
333,62035.003906,803192
334,62035.003906,805591
335,62035.003906,807990
336,62035.003906,810389
62035.003906,139.452640
