1,20462.845315,2376
2,20453.655956,4752
3,20427.404339,7128
4,20413.368846,9504
5,20407.504649,11880
6,20383.961393,14257
7,20372.508588,16636
8,20357.902263,19021
9,20326.634100,21408
10,20324.926193,23794
11,20305.218553,26187
12,20295.908938,28581
13,20279.731663,30984
14,20268.310098,33397
15,20245.682458,35820
16,20237.648134,38242
17,20221.416061,40679
18,20221.416061,43123
19,20221.348383,45566
20,20218.523532,48022
21,20216.496532,50495
22,20216.496532,52974
23,20215.044658,55468
24,20214.238185,57967
25,20212.753076,60470
26,20212.591018,62989
27,20212.477211,65515
28,20212.059955,68056
29,20212.059955,70601
30,20211.796380,73160
31,20211.634458,75730
32,20211.585424,78295
33,20211.585424,80879
34,20211.585424,83475
35,20211.585424,86073
36,20211.585424,88674
37,20211.435673,91280
38,20211.435673,93883
39,20211.415694,96487
40,20211.415694,99099
41,20211.390916,101708
42,20211.384684,104317
43,20175.701156,106928
44,20175.701156,109534
45,20175.701156,112139
46,20175.701156,114743
47,20175.701156,117346
48,20175.701156,119956
49,20175.701156,122570
50,20175.701156,125177
51,20175.701156,127792
52,20175.701156,130404
53,20175.701156,133017
54,20175.701156,135628
55,20175.701156,138237
56,20175.701156,140851
57,20175.701156,143448
58,20175.701156,146047
59,20175.701156,148628
60,20175.701156,151211
61,20175.701156,153790
62,20175.701156,156366
63,20173.871740,158939
64,20173.871740,161505
65,20173.871740,164067
66,20173.871740,166635
67,20173.871740,169201
68,20173.871740,171762
69,20173.871740,174318
70,20173.871740,176871
71,20173.871740,179428
72,20173.871740,181978
73,20173.871740,184516
74,20173.871740,187048
75,20173.871740,189582
76,20173.871740,192108
77,20173.871740,194627
78,20173.871740,197146
79,20173.871740,199669
80,20173.871740,202186
81,20173.871740,204688
82,20173.871740,207197
83,20173.871740,209704
84,20173.871740,212216
85,20173.871740,214723
86,20173.871740,217217
87,20173.871740,219723
88,20173.871740,222225
89,20173.871740,224721
90,20173.871740,227219
91,20173.871740,229720
92,20173.871740,232220
93,20173.871740,234723
94,20173.871740,237213
95,20173.871740,239710
96,20173.871740,242209
97,20173.871740,244704
98,20173.871740,247202
99,20173.871740,249697
100,20173.871740,252194
101,20173.871740,254689
102,20173.871740,257184
103,20173.871740,259668
104,20173.871740,262150
105,20173.871740,264632
106,20173.871740,267102
107,20173.871740,269575
108,20173.871740,272040
109,20173.855489,274504
110,20173.855489,276968
111,20173.855489,279432
112,20173.855489,281900
113,20173.855489,284363
114,20173.855489,286827
115,20173.855489,289286
116,20173.855489,291753
117,20173.855489,294218
118,20173.855489,296688
119,20173.855489,299140
120,20173.855489,301593
121,20173.855489,304039
122,20173.855489,306487
123,20173.855489,308935
124,20173.855489,311391
125,20173.855489,313847
126,20173.855489,316300
127,20173.855489,318752
128,20173.855489,321204
129,20173.855489,323652
130,20173.855489,326110
131,20173.855489,328559
132,20173.855489,331012
133,20173.855489,333463
134,20173.855489,335923
135,20173.855489,338379
136,20173.855489,340839
137,20173.855489,343298
138,20173.855489,345756
139,20173.855489,348213
140,20173.855489,350655
141,20173.855489,353092
142,20173.532371,355530
143,20173.532371,357965
144,20173.532371,360401
145,20173.532371,362834
146,20173.532371,365272
147,20173.532371,367709
148,20173.532371,370148
149,20173.532371,372584
150,20173.532371,375024
151,20173.532371,377461
152,20173.532371,379901
153,20173.532371,382338
154,20173.532371,384775
155,20173.532371,387211
156,20173.532371,389651
157,20173.532371,392085
158,20173.532371,394516
159,20173.532371,396947
160,20173.532371,399384
161,20173.532371,401816
162,20173.532371,404258
163,20173.532371,406695
164,20173.532371,409133
165,20173.532371,411566
166,20173.532371,414001
167,20173.532371,416439
168,20173.532371,418878
169,20173.532371,421316
170,20173.532371,423758
171,20173.532371,426195
172,20173.532371,428631
173,20173.532371,431063
174,20173.532371,433500
175,20173.532371,435935
176,20173.532371,438376
177,20173.532371,440814
178,20173.532371,443249
179,20173.532371,445685
180,20173.532371,448130
181,20173.532371,450572
182,20172.910109,453021
183,20172.910109,455463
184,20172.910109,457908
185,20172.910109,460351
186,20172.910109,462801
187,20172.910109,465246
188,20172.910109,467703
189,20172.910109,470158
190,20172.910109,472618
191,20172.910109,475077
192,20172.910109,477541
193,20172.910109,480005
194,20172.910109,482463
195,20172.910109,484907
196,20172.910109,487354
197,20172.910109,489790
198,20172.910109,492239
199,20172.910109,494683
200,20172.910109,497123
201,20172.910109,499567
202,20172.910109,502012
203,20172.910109,504451
204,20172.910109,506903
205,20172.910109,509353
206,20172.910109,511815
207,20172.910109,514272
208,20172.910109,516723
209,20172.910109,519173
210,20172.910109,521620
211,20172.910109,524066
212,20172.910109,526510
213,20172.910109,528959
214,20172.910109,531395
215,20172.910109,533832
216,20172.910109,536270
217,20172.910109,538693
218,20172.910109,541119
219,20172.910109,543546
220,20172.910109,545977
221,20172.910109,548404
222,20172.910109,550842
223,20172.910109,553278
224,20172.910109,555715
225,20172.910109,558145
226,20172.910109,560588
227,20172.910109,563027
228,20172.910109,565459
229,20172.910109,567883
230,20172.910109,570309
231,20172.910109,572734
232,20172.910109,575166
233,20172.910109,577590
234,20172.910109,580021
235,20172.910109,582452
236,20172.910109,584884
237,20172.910109,587316
238,20172.910109,589745
239,20172.910109,592172
240,20172.910109,594601
241,20172.910109,597017
242,20172.910109,599434
243,20172.910109,601850
244,20172.910109,604269
245,20172.910109,606685
246,20172.910109,609109
247,20172.910109,611527
248,20172.910109,613957
249,20172.910109,616384
250,20172.910109,618817
251,20172.910109,621246
252,20172.910109,623680
253,20172.910109,626111
254,20172.910109,628549
255,20172.910109,630988
256,20172.910109,633429
257,20172.910109,635868
258,20172.910109,638308
259,20172.910109,640746
260,20172.910109,643187
261,20172.910109,645634
262,20172.910109,648084
263,20172.910109,650527
264,20172.910109,652973
265,20172.910109,655421
266,20172.910109,657872
267,20172.910109,660323
268,20172.910109,662779
269,20172.910109,665233
270,20172.910109,667688
271,20172.910109,670144
272,20172.910109,672611
273,20172.910109,675078
274,20172.910109,677551
275,20172.910109,680023
276,20172.910109,682508
277,20172.910109,684969
278,20172.910109,687433
279,20172.910109,689882
280,20172.910109,692331
281,20172.910109,694780
282,20172.910109,697225
283,20172.910109,699674
284,20172.910109,702119
285,20172.910109,704562
286,20172.910109,706979
287,20172.910109,709396
288,20172.910109,711818
20172.910109,46.726160
1,20464.390043,2376
2,20447.200582,4752
3,20427.728556,7128
4,20413.899900,9504
5,20394.864108,11880
6,20382.558436,14256
7,20348.828815,16636
8,20348.775871,19014
9,20328.475870,21395
10,20327.432403,23776
11,20304.969489,26159
12,20299.723307,28547
13,20277.682975,30948
14,20277.682975,33367
15,20226.187249,35803
16,20226.187249,38251
17,20220.139334,40712
18,20220.139334,43184
19,20215.398082,45682
20,20215.306356,48192
21,20214.269210,50704
22,20214.269210,53222
23,20213.817778,55757
24,20213.663520,58291
25,20213.349343,60833
26,20213.294969,63374
27,20198.270698,65924
28,20198.270698,68460
29,20198.270698,71010
30,20198.270698,73566
31,20198.270698,76135
32,20173.871740,78707
33,20173.871740,81291
34,20173.871740,83872
35,20173.871740,86456
36,20173.871740,89042
37,20173.871740,91633
38,20173.871740,94233
39,20173.871740,96832
40,20173.871740,99419
41,20173.871740,101991
42,20173.871740,104557
43,20173.871740,107113
44,20173.871740,109673
45,20173.871740,112236
46,20173.871740,114795
47,20173.871740,117360
48,20173.871740,119895
49,20173.871740,122431
50,20173.871740,124964
51,20173.871740,127499
52,20173.871740,130034
53,20173.871740,132558
54,20173.871740,135087
55,20173.871740,137617
56,20173.871740,140139
57,20173.871740,142657
58,20173.871740,145181
59,20173.871740,147673
60,20173.871740,150164
61,20173.871740,152652
62,20173.871740,155146
63,20173.871740,157643
64,20173.871740,160141
65,20173.871740,162624
66,20173.871740,165097
67,20173.871740,167570
68,20173.871740,170042
69,20173.871740,172518
70,20173.871740,174991
71,20173.871740,177466
72,20173.871740,179942
73,20173.871740,182418
74,20173.871740,184897
75,20173.871740,187368
76,20173.871740,189839
77,20173.871740,192311
78,20173.871740,194784
79,20173.871740,197242
80,20173.871740,199701
81,20173.871740,202160
82,20173.871740,204626
83,20173.871740,207092
84,20173.871740,209561
85,20173.871740,212027
86,20173.871740,214483
87,20173.871740,216932
88,20173.871740,219384
89,20173.871740,221833
90,20173.871740,224261
91,20173.855489,226699
92,20173.855489,229140
93,20173.855489,231580
94,20173.855489,234021
95,20173.855489,236463
96,20173.855489,238907
97,20173.855489,241347
98,20173.855489,243790
99,20173.855489,246222
100,20173.855489,248653
101,20173.855489,251082
102,20173.855489,253520
103,20173.855489,255959
104,20173.855489,258400
105,20173.855489,260837
106,20173.855489,263273
107,20173.855489,265699
108,20173.855489,268128
109,20173.855489,270558
110,20173.855489,272994
111,20173.855489,275424
112,20173.855489,277855
113,20173.855489,280283
114,20173.855489,282703
115,20173.855489,285115
116,20173.855489,287530
117,20173.855489,289941
118,20173.855489,292354
119,20173.855489,294767
120,20173.855489,297184
121,20173.855489,299600
122,20173.855489,302020
123,20173.855489,304441
124,20173.855489,306865
125,20173.855489,309286
126,20173.855489,311708
127,20173.855489,314123
128,20173.855489,316540
129,20172.910109,318954
130,20172.910109,321374
131,20172.910109,323789
132,20172.910109,326203
133,20172.910109,328618
134,20172.910109,331034
135,20172.910109,333449
136,20172.910109,335870
137,20172.910109,338292
138,20172.910109,340718
139,20172.910109,343143
140,20172.910109,345568
141,20172.910109,347989
142,20172.910109,350418
143,20172.910109,352845
144,20172.910109,355275
145,20172.910109,357706
146,20172.910109,360140
147,20172.910109,362574
148,20172.910109,365001
149,20172.910109,367427
150,20172.910109,369857
151,20172.910109,372284
152,20172.910109,374701
153,20172.910109,377127
154,20172.910109,379564
155,20172.910109,382000
156,20172.910109,384448
157,20172.910109,386884
158,20172.910109,389320
159,20172.910109,391756
160,20172.910109,394189
161,20172.910109,396613
162,20172.910109,399050
163,20172.910109,401472
164,20172.910109,403904
165,20172.910109,406329
166,20172.910109,408757
167,20172.910109,411186
168,20172.910109,413610
169,20172.910109,416027
170,20172.910109,418455
171,20172.910109,420881
172,20172.910109,423309
173,20172.910109,425728
174,20172.910109,428147
175,20172.910109,430564
176,20172.910109,432984
177,20172.910109,435399
178,20172.910109,437820
179,20172.910109,440238
180,20172.910109,442663
181,20172.910109,445086
182,20172.910109,447513
183,20172.910109,449942
184,20172.910109,452375
185,20172.910109,454805
186,20172.910109,457244
187,20172.910109,459683
188,20172.910109,462125
189,20172.910109,464568
190,20172.910109,467014
191,20172.910109,469452
192,20172.910109,471895
193,20172.910109,474329
194,20172.910109,476770
195,20172.910109,479206
196,20172.910109,481652
197,20172.910109,484086
198,20172.910109,486528
199,20172.910109,488970
200,20172.910109,491411
201,20172.910109,493849
202,20172.910109,496297
203,20172.910109,498737
204,20172.910109,501177
205,20172.910109,503616
206,20172.910109,506056
207,20172.910109,508498
208,20172.910109,510941
209,20172.910109,513386
210,20172.910109,515831
211,20172.910109,518267
212,20172.910109,520719
213,20172.910109,523171
214,20172.910109,525623
215,20172.910109,528072
216,20172.910109,530514
217,20172.910109,532932
218,20172.910109,535369
219,20172.910109,537789
220,20172.910109,540213
221,20172.910109,542634
222,20172.910109,545061
223,20172.910109,547484
224,20172.910109,549904
225,20172.910109,552329
226,20172.910109,554758
227,20172.910109,557182
228,20172.910109,559602
229,20172.910109,562010
230,20172.910109,564424
231,20172.910109,566839
232,20172.910109,569256
233,20172.910109,571670
234,20172.910109,574078
235,20172.910109,576487
236,20172.910109,578904
237,20172.910109,581322
238,20172.910109,583737
239,20172.910109,586147
240,20172.910109,588563
241,20172.910109,590972
242,20172.910109,593381
243,20172.910109,595788
244,20172.910109,598198
245,20172.910109,600605
246,20172.910109,603015
247,20172.910109,605423
248,20172.910109,607841
249,20172.910109,610253
250,20172.910109,612669
251,20172.910109,615080
252,20172.910109,617493
253,20172.910109,619907
254,20172.910109,622322
255,20172.910109,624730
256,20172.910109,627141
257,20172.910109,629548
258,20172.910109,631959
259,20172.910109,634370
260,20172.910109,636784
261,20172.910109,639199
262,20172.910109,641618
263,20172.910109,644025
264,20172.910109,646436
265,20172.910109,648846
266,20172.910109,651259
267,20172.910109,653672
268,20172.910109,656083
269,20172.910109,658494
270,20172.910109,660907
271,20172.910109,663318
272,20172.910109,665732
273,20172.910109,668140
274,20172.910109,670563
275,20172.910109,672979
276,20172.910109,675395
277,20172.910109,677807
278,20172.910109,680223
279,20172.910109,682640
280,20172.910109,685055
281,20172.910109,687473
282,20172.910109,689891
283,20172.910109,692311
284,20172.910109,694731
285,20172.910109,697152
286,20172.910109,699584
287,20172.910109,702018
288,20172.910109,704459
289,20172.910109,706897
290,20172.910109,709325
291,20172.910109,711746
20172.910109,46.151508
1,20463.254551,2376
2,20444.543340,4752
3,20422.119829,7128
4,20407.898638,9505
5,20389.935384,11882
6,20378.800068,14258
7,20368.418505,16638
8,20358.653498,19019
9,20338.477460,21402
10,20329.253835,23785
11,20323.522723,26171
12,20311.491973,28561
13,20289.596740,30962
14,20286.072486,33363
15,20243.971692,35777
16,20243.971692,38199
17,20227.378986,40625
18,20227.378986,43054
19,20223.718690,45506
20,20218.759343,47975
21,20218.759343,50451
22,20218.079433,52932
23,20218.042584,55432
24,20215.629842,57948
25,20212.315849,60469
26,20212.275708,62996
27,20211.864123,65538
28,20211.675101,68101
29,20196.046051,70669
30,20196.046051,73238
31,20185.641863,75803
32,20185.641863,78375
33,20173.871740,80951
34,20173.871740,83531
35,20173.871740,86112
36,20173.871740,88701
37,20173.871740,91296
38,20173.871740,93888
39,20173.871740,96487
40,20173.871740,99090
41,20173.871740,101692
42,20173.871740,104299
43,20173.871740,106904
44,20173.871740,109505
45,20173.871740,112112
46,20173.871740,114712
47,20173.871740,117313
48,20173.871740,119903
49,20173.871740,122484
50,20173.871740,125048
51,20173.871740,127619
52,20173.871740,130188
53,20173.871740,132750
54,20173.871740,135320
55,20173.871740,137877
56,20173.871740,140420
57,20173.871740,142964
58,20173.871740,145501
59,20173.871740,148038
60,20173.871740,150575
61,20173.871740,153086
62,20173.871740,155592
63,20173.871740,158100
64,20173.871740,160602
65,20173.871740,163100
66,20173.871740,165598
67,20173.871740,168098
68,20173.871740,170597
69,20173.871740,173093
70,20173.871740,175592
71,20173.871740,178081
72,20173.871740,180570
73,20173.871740,183053
74,20173.871740,185538
75,20173.871740,188016
76,20173.871740,190490
77,20173.871740,192967
78,20173.871740,195441
79,20173.871740,197918
80,20173.871740,200397
81,20173.871740,202876
82,20173.871740,205355
83,20173.871740,207833
84,20173.871740,210311
85,20173.871740,212774
86,20173.871740,215245
87,20173.871740,217715
88,20173.871740,220188
89,20173.855489,222663
90,20173.855489,225139
91,20173.855489,227617
92,20173.855489,230094
93,20173.855489,232568
94,20173.855489,235051
95,20173.855489,237518
96,20173.855489,239988
97,20173.855489,242458
98,20173.855489,244927
99,20173.855489,247394
100,20173.855489,249869
101,20173.855489,252340
102,20173.855489,254813
103,20173.855489,257282
104,20173.855489,259746
105,20173.855489,262213
106,20173.855489,264683
107,20173.855489,267151
108,20173.855489,269619
109,20173.855489,272086
110,20173.855489,274559
111,20173.855489,277029
112,20173.855489,279510
113,20173.532371,281988
114,20173.532371,284466
115,20173.532371,286941
116,20173.532371,289428
117,20173.532371,291904
118,20173.532371,294379
119,20173.532371,296852
120,20173.532371,299329
121,20173.532371,301816
122,20173.532371,304299
123,20173.532371,306778
124,20173.532371,309254
125,20173.532371,311725
126,20173.532371,314195
127,20173.532371,316664
128,20173.532371,319139
129,20173.532371,321607
130,20173.532371,324080
131,20173.532371,326547
132,20173.532371,329020
133,20173.532371,331488
134,20173.532371,333957
135,20173.532371,336406
136,20173.532371,338858
137,20173.532371,341312
138,20173.532371,343770
139,20173.532371,346224
140,20173.532371,348679
141,20173.532371,351133
142,20173.532371,353592
143,20173.532371,356052
144,20173.532371,358513
145,20173.532371,360970
146,20173.532371,363431
147,20173.532371,365888
148,20173.532371,368336
149,20173.532371,370783
150,20173.532371,373227
151,20173.532371,375669
152,20173.532371,378114
153,20173.532371,380557
154,20173.532371,383005
155,20173.532371,385450
156,20173.532371,387901
157,20173.532371,390345
158,20173.532371,392791
159,20173.532371,395236
160,20173.532371,397680
161,20173.532371,400125
162,20173.532371,402573
163,20173.532371,405021
164,20173.532371,407470
165,20173.532371,409915
166,20173.532371,412367
167,20173.532371,414799
168,20173.532371,417236
169,20173.532371,419669
170,20173.532371,422108
171,20173.532371,424530
172,20173.532371,426963
173,20173.532371,429392
174,20173.532371,431821
175,20173.532371,434249
176,20173.532371,436672
177,20173.532371,439094
178,20173.532371,441520
179,20173.532371,443942
180,20173.532371,446369
181,20173.532371,448789
182,20173.532371,451213
183,20173.532371,453633
184,20173.532371,456053
185,20173.532371,458475
186,20173.532371,460895
187,20173.532371,463312
188,20173.532371,465733
189,20173.532371,468152
190,20173.532371,470579
191,20173.532371,473006
192,20173.532371,475441
193,20173.532371,477874
194,20173.532371,480307
195,20173.532371,482732
196,20173.532371,485158
197,20172.910109,487582
198,20172.910109,490004
199,20172.910109,492403
200,20172.910109,494814
201,20172.910109,497225
202,20172.910109,499643
203,20172.910109,502059
204,20172.910109,504476
205,20172.910109,506895
206,20172.910109,509329
207,20172.910109,511759
208,20172.910109,514184
209,20172.910109,516609
210,20172.910109,519035
211,20172.910109,521457
212,20172.910109,523885
213,20172.910109,526313
214,20172.910109,528746
215,20172.910109,531180
216,20172.910109,533618
217,20172.910109,536055
218,20172.910109,538504
219,20172.910109,540949
220,20172.910109,543392
221,20172.910109,545841
222,20172.910109,548298
223,20172.910109,550739
224,20172.910109,553191
225,20172.910109,555647
226,20172.910109,558097
227,20172.910109,560547
228,20172.910109,563000
229,20172.910109,565454
230,20172.910109,567909
231,20172.910109,570364
232,20172.910109,572807
233,20172.910109,575247
234,20172.910109,577695
235,20172.910109,580141
236,20172.910109,582597
237,20172.910109,585052
238,20172.910109,587508
239,20172.910109,589962
240,20172.910109,592411
241,20172.910109,594857
242,20172.910109,597300
243,20172.910109,599746
244,20172.910109,602199
245,20172.910109,604642
246,20172.910109,607078
247,20172.910109,609513
248,20172.910109,611948
249,20172.910109,614381
250,20172.910109,616819
251,20172.910109,619260
252,20172.910109,621704
253,20172.910109,624147
254,20172.910109,626579
255,20172.910109,629015
256,20172.910109,631456
257,20172.910109,633894
258,20172.910109,636320
259,20172.910109,638737
260,20172.910109,641162
261,20172.910109,643593
262,20172.910109,646028
263,20172.910109,648457
264,20172.910109,650884
265,20172.910109,653309
266,20172.910109,655740
267,20172.910109,658173
268,20172.910109,660607
269,20172.910109,663035
270,20172.910109,665466
271,20172.910109,667900
272,20172.910109,670339
273,20172.910109,672779
274,20172.910109,675216
275,20172.910109,677641
276,20172.910109,680070
277,20172.910109,682501
278,20172.910109,684933
279,20172.910109,687362
280,20172.910109,689804
281,20172.910109,692244
282,20172.910109,694682
283,20172.910109,697117
284,20172.910109,699556
285,20172.910109,701996
286,20172.910109,704438
287,20172.910109,706877
288,20172.910109,709319
289,20172.910109,711765
20172.910109,47.364110
1,20459.252811,2376
2,20447.241793,4752
3,20426.425378,7128
4,20417.385588,9505
5,20403.190517,11882
6,20383.075333,14261
7,20364.063471,16643
8,20357.208451,19029
9,20346.944666,21428
10,20337.669260,23828
11,20312.425019,26234
12,20309.517658,28650
13,20286.020874,31075
14,20272.611853,33517
15,20258.130281,35966
16,20258.130281,38431
17,20233.723082,40911
18,20225.640147,43394
19,20222.701992,45897
20,20222.701992,48397
21,20221.178764,50904
22,20221.178764,53419
23,20213.435469,55945
24,20213.435469,58482
25,20172.910109,61031
26,20172.910109,63586
27,20172.910109,66142
28,20172.910109,68706
29,20172.910109,71272
30,20172.910109,73855
31,20172.910109,76428
32,20172.910109,79015
33,20172.910109,81614
34,20172.910109,84213
35,20172.910109,86793
36,20172.910109,89361
37,20172.910109,91894
38,20172.910109,94431
39,20172.910109,96956
40,20172.910109,99464
41,20172.910109,101912
42,20172.910109,104359
43,20172.910109,106792
44,20172.910109,109213
45,20172.910109,111636
46,20172.910109,114051
47,20172.910109,116466
48,20172.910109,118866
49,20172.910109,121268
50,20172.910109,123670
51,20172.910109,126073
52,20172.910109,128476
53,20172.910109,130870
54,20172.910109,133264
55,20172.910109,135659
56,20172.910109,138066
57,20172.910109,140475
58,20172.910109,142884
59,20172.910109,145279
60,20172.910109,147669
61,20172.910109,150057
62,20172.910109,152444
63,20172.910109,154831
64,20172.910109,157220
65,20172.910109,159607
66,20172.910109,161996
67,20172.910109,164384
68,20172.910109,166772
69,20172.910109,169160
70,20172.910109,171549
71,20172.910109,173936
72,20172.910109,176325
73,20172.910109,178714
74,20172.910109,181103
75,20172.910109,183493
76,20172.910109,185884
77,20172.910109,188273
78,20172.910109,190664
79,20172.910109,193054
80,20172.910109,195444
81,20172.910109,197836
82,20172.910109,200228
83,20172.910109,202620
84,20172.910109,205011
85,20172.910109,207399
86,20172.910109,209793
87,20172.910109,212182
88,20172.910109,214572
89,20172.910109,216960
90,20172.910109,219348
91,20172.910109,221737
92,20172.910109,224125
93,20172.910109,226514
94,20172.910109,228905
95,20172.910109,231299
96,20172.910109,233692
97,20172.910109,236085
98,20172.910109,238478
99,20172.910109,240872
100,20172.910109,243266
101,20172.910109,245660
102,20172.910109,248058
103,20172.910109,250456
104,20172.910109,252853
105,20172.910109,255235
106,20172.910109,257617
107,20172.910109,259998
108,20172.910109,262380
109,20172.910109,264762
110,20172.910109,267143
111,20172.910109,269524
112,20172.910109,271900
113,20172.910109,274276
114,20172.910109,276652
115,20172.910109,279028
116,20172.910109,281404
117,20172.910109,283780
118,20172.910109,286156
119,20172.910109,288532
120,20172.910109,290908
121,20172.910109,293284
122,20172.910109,295661
123,20172.910109,298038
124,20172.910109,300415
125,20172.910109,302793
126,20172.910109,305171
127,20172.910109,307549
128,20172.910109,309927
129,20172.910109,312306
130,20172.910109,314685
131,20172.910109,317064
132,20172.910109,319443
133,20172.910109,321821
134,20172.910109,324199
135,20172.910109,326575
136,20172.910109,328951
137,20172.910109,331327
138,20172.910109,333703
139,20172.910109,336079
140,20172.910109,338455
141,20172.910109,340831
142,20172.910109,343207
143,20172.910109,345583
144,20172.910109,347959
145,20172.910109,350335
146,20172.910109,352711
147,20172.910109,355087
148,20172.910109,357463
149,20172.910109,359846
150,20172.910109,362239
151,20172.910109,364615
152,20172.910109,366991
153,20172.910109,369367
154,20172.910109,371743
155,20172.910109,374119
156,20172.910109,376495
157,20172.910109,378871
158,20172.910109,381247
159,20172.910109,383623
160,20172.910109,385999
161,20172.910109,388375
162,20172.910109,390751
163,20172.910109,393127
164,20172.910109,395503
165,20172.910109,397879
166,20172.910109,400255
167,20172.910109,402631
168,20172.910109,405007
169,20172.910109,407383
170,20172.910109,409760
171,20172.910109,412137
172,20172.910109,414514
173,20172.910109,416891
174,20172.910109,419267
175,20172.910109,421643
176,20172.910109,424019
177,20172.910109,426395
178,20172.910109,428771
179,20172.910109,431147
180,20172.910109,433523
181,20172.910109,435899
182,20172.910109,438275
183,20172.910109,440651
184,20172.910109,443027
185,20172.910109,445403
186,20172.910109,447779
187,20172.910109,450155
188,20172.910109,452531
189,20172.910109,454907
190,20172.910109,457283
191,20172.910109,459659
192,20172.910109,462035
193,20172.910109,464411
194,20172.910109,466787
195,20172.910109,469163
196,20172.910109,471539
197,20172.910109,473915
198,20172.910109,476291
199,20172.910109,478667
200,20172.910109,481043
201,20172.910109,483419
202,20172.910109,485796
203,20172.910109,488173
204,20172.910109,490550
205,20172.910109,492927
206,20172.910109,495305
207,20172.910109,497682
208,20172.910109,500059
209,20172.910109,502436
210,20172.910109,504813
211,20172.910109,507190
212,20172.910109,509567
213,20172.910109,511944
214,20172.910109,514321
215,20172.910109,516698
216,20172.910109,519076
217,20172.910109,521454
218,20172.910109,523832
219,20172.910109,526210
220,20172.910109,528588
221,20172.910109,530966
222,20172.910109,533351
223,20172.910109,535742
224,20172.910109,538136
225,20172.910109,540515
226,20172.910109,542894
227,20172.910109,545273
228,20172.910109,547652
229,20172.910109,550031
230,20172.910109,552410
231,20172.910109,554789
232,20172.910109,557168
233,20172.910109,559545
234,20172.910109,561922
235,20172.910109,564299
236,20172.910109,566677
237,20172.910109,569055
238,20172.910109,571433
239,20172.910109,573810
240,20172.910109,576187
241,20172.910109,578564
242,20172.910109,580941
243,20172.910109,583317
244,20172.910109,585693
245,20172.910109,588069
246,20172.910109,590445
247,20172.910109,592821
248,20172.910109,595198
249,20172.910109,597575
250,20172.910109,599952
251,20172.910109,602329
252,20172.910109,604706
253,20172.910109,607085
254,20172.910109,609470
255,20172.910109,611859
256,20172.910109,614237
257,20172.910109,616615
258,20172.910109,618993
259,20172.910109,621371
260,20172.910109,623750
261,20172.910109,626129
262,20172.910109,628508
263,20172.910109,630886
264,20172.910109,633264
265,20172.910109,635642
266,20172.910109,638020
267,20172.910109,640398
268,20172.910109,642775
269,20172.910109,645152
270,20172.910109,647529
271,20172.910109,649906
272,20172.910109,652283
273,20172.910109,654660
274,20172.910109,657037
275,20172.910109,659414
276,20172.910109,661791
277,20172.910109,664168
278,20172.910109,666544
279,20172.910109,668920
280,20172.910109,671297
281,20172.910109,673674
282,20172.910109,676051
283,20172.910109,678428
284,20172.910109,680805
285,20172.910109,683182
286,20172.910109,685559
287,20172.910109,687936
288,20172.910109,690312
289,20172.910109,692688
290,20172.910109,695065
291,20172.910109,697442
292,20172.910109,699818
293,20172.910109,702194
294,20172.910109,704570
295,20172.910109,706946
296,20172.910109,709322
297,20172.910109,711698
20172.910109,44.402790
1,20456.225749,2376
2,20452.193805,4752
3,20434.921949,7128
4,20411.447801,9504
5,20401.338321,11880
6,20383.846591,14256
7,20363.443804,16633
8,20349.731021,19011
9,20333.413782,21403
10,20326.222047,23805
11,20315.358812,26211
12,20305.266529,28624
13,20287.736722,31039
14,20281.336867,33458
15,20248.311180,35865
16,20248.245348,38278
17,20235.396747,40700
18,20233.473605,43122
19,20224.832529,45570
20,20222.488032,48032
21,20215.967537,50505
22,20215.967537,52988
23,20180.495459,55480
24,20180.495459,57975
25,20180.495459,60478
26,20180.495459,62982
27,20180.495459,65497
28,20180.495459,68020
29,20180.495459,70553
30,20180.495459,73095
31,20180.495459,75642
32,20180.495459,78182
33,20180.495459,80726
34,20180.495459,83259
35,20180.495459,85783
36,20180.495459,88291
37,20180.495459,90781
38,20180.495459,93250
39,20180.495459,95722
40,20180.495459,98195
41,20180.495459,100656
42,20180.495459,103114
43,20180.495459,105568
44,20180.495459,108019
45,20173.871740,110463
46,20173.871740,112906
47,20173.871740,115349
48,20173.871740,117793
49,20173.871740,120234
50,20173.871740,122676
51,20173.871740,125122
52,20173.871740,127574
53,20173.871740,130026
54,20173.871740,132485
55,20173.871740,134944
56,20173.871740,137396
57,20173.871740,139849
58,20173.871740,142293
59,20173.871740,144723
60,20173.871740,147159
61,20173.871740,149587
62,20173.871740,152012
63,20173.871740,154438
64,20173.871740,156865
65,20173.871740,159286
66,20173.871740,161697
67,20173.871740,164106
68,20173.871740,166519
69,20173.871740,168930
70,20173.871740,171343
71,20173.871740,173760
72,20173.871740,176176
73,20173.871740,178592
74,20173.871740,181009
75,20173.871740,183425
76,20173.871740,185840
77,20173.871740,188252
78,20173.871740,190666
79,20173.871740,193080
80,20173.871740,195496
81,20173.871740,197911
82,20173.871740,200328
83,20173.871740,202742
84,20173.871740,205161
85,20173.871740,207580
86,20173.871740,209998
87,20173.871740,212410
88,20173.871740,214823
89,20173.871740,217231
90,20173.871740,219643
91,20173.871740,222053
92,20173.871740,224466
93,20173.871740,226874
94,20173.871740,229282
95,20173.871740,231690
96,20173.871740,234100
97,20173.871740,236508
98,20173.871740,238916
99,20173.871740,241319
100,20173.871740,243708
101,20173.871740,246097
102,20173.871740,248493
103,20173.871740,250882
104,20173.871740,253268
105,20173.871740,255655
106,20173.871740,258047
107,20173.871740,260432
108,20173.871740,262818
109,20173.855489,265205
110,20173.619749,267592
111,20173.532371,269979
112,20173.532371,272369
113,20173.532371,274755
114,20173.532371,277144
115,20173.532371,279533
116,20173.532371,281927
117,20173.532371,284319
118,20173.532371,286713
119,20173.532371,289109
120,20173.532371,291510
121,20173.532371,293906
122,20173.532371,296306
123,20173.532371,298702
124,20173.532371,301099
125,20173.532371,303496
126,20173.532371,305895
127,20173.532371,308294
128,20173.532371,310688
129,20173.532371,313081
130,20173.532371,315478
131,20173.532371,317871
132,20173.532371,320271
133,20173.532371,322668
134,20173.532371,325071
135,20173.532371,327469
136,20173.532371,329869
137,20173.532371,332257
138,20173.532371,334649
139,20173.532371,337037
140,20173.532371,339429
141,20173.532371,341821
142,20173.532371,344213
143,20173.532371,346602
144,20173.532371,348998
145,20173.532371,351391
146,20173.532371,353788
147,20173.532371,356180
148,20173.532371,358576
149,20173.532371,360969
150,20173.532371,363364
151,20173.532371,365756
152,20173.532371,368152
153,20173.532371,370545
154,20173.532371,372934
155,20172.910109,375319
156,20172.910109,377709
157,20172.910109,380097
158,20172.910109,382492
159,20172.910109,384887
160,20172.910109,387288
161,20172.910109,389685
162,20172.910109,392085
163,20172.910109,394480
164,20172.910109,396887
165,20172.910109,399294
166,20172.910109,401706
167,20172.910109,404120
168,20172.910109,406523
169,20172.910109,408924
170,20172.910109,411324
171,20172.910109,413724
172,20172.910109,416130
173,20172.910109,418535
174,20172.910109,420944
175,20172.910109,423354
176,20172.910109,425766
177,20172.910109,428173
178,20172.910109,430592
179,20172.910109,433005
180,20172.910109,435421
181,20172.910109,437831
182,20172.910109,440244
183,20172.910109,442660
184,20172.910109,445080
185,20172.910109,447497
186,20172.910109,449918
187,20172.910109,452338
188,20172.910109,454766
189,20172.910109,457191
190,20172.910109,459617
191,20172.910109,462044
192,20172.910109,464475
193,20172.910109,466904
194,20172.910109,469334
195,20172.910109,471766
196,20172.910109,474187
197,20172.910109,476609
198,20172.910109,479027
199,20172.910109,481455
200,20172.910109,483881
201,20172.910109,486305
202,20172.910109,488732
203,20172.910109,491155
204,20172.910109,493574
205,20172.910109,495993
206,20172.910109,498411
207,20172.910109,500831
208,20172.910109,503257
209,20172.910109,505682
210,20172.910109,508109
211,20172.910109,510533
212,20172.910109,512959
213,20172.910109,515386
214,20172.910109,517820
215,20172.910109,520242
216,20172.910109,522670
217,20172.910109,525099
218,20172.910109,527535
219,20172.910109,529970
220,20172.910109,532415
221,20172.910109,534843
222,20172.910109,537275
223,20172.910109,539705
224,20172.910109,542143
225,20172.910109,544576
226,20172.910109,547015
227,20172.910109,549436
228,20172.910109,551870
229,20172.910109,554288
230,20172.910109,556698
231,20172.910109,559105
232,20172.910109,561508
233,20172.910109,563915
234,20172.910109,566324
235,20172.910109,568731
236,20172.910109,571141
237,20172.910109,573547
238,20172.910109,575961
239,20172.910109,578368
240,20172.910109,580778
241,20172.910109,583187
242,20172.910109,585602
243,20172.910109,588013
244,20172.910109,590423
245,20172.910109,592833
246,20172.910109,595254
247,20172.910109,597672
248,20172.910109,600092
249,20172.910109,602515
250,20172.910109,604939
251,20172.910109,607349
252,20172.910109,609758
253,20172.910109,612167
254,20172.910109,614578
255,20172.910109,616990
256,20172.910109,619405
257,20172.910109,621814
258,20172.910109,624221
259,20172.910109,626630
260,20172.910109,629041
261,20172.910109,631450
262,20172.910109,633864
263,20172.910109,636273
264,20172.910109,638684
265,20172.910109,641095
266,20172.910109,643506
267,20172.910109,645914
268,20172.910109,648322
269,20172.910109,650728
270,20172.910109,653130
271,20172.910109,655534
272,20172.910109,657942
273,20172.910109,660349
274,20172.910109,662755
275,20172.910109,665162
276,20172.910109,667573
277,20172.910109,669984
278,20172.910109,672398
279,20172.910109,674811
280,20172.910109,677225
281,20172.910109,679636
282,20172.910109,682050
283,20172.910109,684462
284,20172.910109,686879
285,20172.910109,689301
286,20172.910109,691726
287,20172.910109,694151
288,20172.910109,696584
289,20172.910109,699020
290,20172.910109,701462
291,20172.910109,703888
292,20172.910109,706316
293,20172.910109,708745
294,20172.910109,711175
20172.910109,46.186892
1,20469.900959,2376
2,20447.022696,4752
3,20435.015718,7128
4,20414.636435,9504
5,20389.922446,11881
6,20377.459155,14257
7,20364.645192,16633
8,20364.204869,19013
9,20323.582115,21402
10,20321.040532,23798
11,20298.576044,26202
12,20298.576044,28609
13,20279.911149,31017
14,20279.911149,33429
15,20248.729889,35848
16,20241.470651,38268
17,20218.866025,40698
18,20218.866025,43133
19,20216.621729,45570
20,20214.452733,48013
21,20214.452733,50466
22,20213.911947,52920
23,20213.694597,55388
24,20213.694597,57871
25,20185.058537,60361
26,20185.058537,62858
27,20185.058537,65354
28,20185.058537,67859
29,20181.404889,70365
30,20181.404889,72876
31,20181.404889,75401
32,20181.404889,77925
33,20181.404889,80455
34,20181.404889,82978
35,20181.404889,85497
36,20179.148066,88015
37,20179.148066,90541
38,20179.148066,93065
39,20179.148066,95590
40,20179.148066,98115
41,20179.148066,100641
42,20179.148066,103152
43,20179.148066,105673
44,20179.148066,108198
45,20178.559770,110729
46,20178.559770,113252
47,20178.559770,115776
48,20178.559770,118298
49,20178.559770,120831
50,20178.559770,123364
51,20178.559770,125897
52,20178.559770,128415
53,20178.559770,130939
54,20178.559770,133464
55,20175.213796,135989
56,20175.213796,138523
57,20175.213796,141057
58,20175.213796,143591
59,20175.213796,146123
60,20175.213796,148646
61,20175.213796,151169
62,20175.213796,153684
63,20175.213796,156196
64,20175.213796,158704
65,20175.213796,161209
66,20175.213796,163716
67,20175.213796,166218
68,20175.213796,168726
69,20174.489588,171237
70,20174.489588,173744
71,20173.619749,176243
72,20173.619749,178742
73,20173.532371,181240
74,20173.532371,183737
75,20173.532371,186238
76,20173.532371,188746
77,20173.532371,191244
78,20173.532371,193747
79,20173.532371,196242
80,20173.532371,198743
81,20173.532371,201243
82,20173.532371,203738
83,20173.532371,206241
84,20173.532371,208740
85,20173.532371,211236
86,20173.532371,213732
87,20173.532371,216220
88,20173.532371,218714
89,20173.532371,221203
90,20173.532371,223694
91,20173.532371,226186
92,20173.532371,228668
93,20173.532371,231155
94,20173.532371,233634
95,20173.532371,236113
96,20173.532371,238580
97,20173.532371,241055
98,20173.532371,243526
99,20173.532371,246001
100,20173.532371,248477
101,20173.532371,250953
102,20173.532371,253431
103,20173.532371,255910
104,20173.532371,258402
105,20173.532371,260899
106,20173.532371,263400
107,20173.532371,265898
108,20173.532371,268401
109,20173.532371,270885
110,20173.532371,273377
111,20173.532371,275869
112,20173.532371,278372
113,20173.532371,280877
114,20172.910109,283365
115,20172.910109,285839
116,20172.910109,288313
117,20172.910109,290790
118,20172.910109,293259
119,20172.910109,295720
120,20172.910109,298180
121,20172.910109,300625
122,20172.910109,303072
123,20172.910109,305520
124,20172.910109,307966
125,20172.910109,310412
126,20172.910109,312845
127,20172.910109,315274
128,20172.910109,317698
129,20172.910109,320121
130,20172.910109,322547
131,20172.910109,324973
132,20172.910109,327408
133,20172.910109,329839
134,20172.910109,332265
135,20172.910109,334693
136,20172.910109,337125
137,20172.910109,339556
138,20172.910109,341987
139,20172.910109,344411
140,20172.910109,346839
141,20172.910109,349275
142,20172.910109,351702
143,20172.910109,354133
144,20172.910109,356567
145,20172.910109,358994
146,20172.910109,361422
147,20172.910109,363854
148,20172.910109,366283
149,20172.910109,368706
150,20172.910109,371124
151,20172.910109,373537
152,20172.910109,375961
153,20172.910109,378380
154,20172.910109,380805
155,20172.910109,383229
156,20172.910109,385653
157,20172.910109,388075
158,20172.910109,390496
159,20172.910109,392906
160,20172.910109,395320
161,20172.910109,397732
162,20172.910109,400132
163,20172.910109,402532
164,20172.910109,404938
165,20172.910109,407343
166,20172.910109,409742
167,20172.910109,412141
168,20172.910109,414543
169,20172.910109,416946
170,20172.910109,419350
171,20172.910109,421754
172,20172.910109,424157
173,20172.910109,426560
174,20172.910109,428967
175,20172.910109,431373
176,20172.910109,433781
177,20172.910109,436193
178,20172.910109,438609
179,20172.910109,441009
180,20172.910109,443413
181,20172.910109,445815
182,20172.910109,448202
183,20172.910109,450590
184,20172.910109,452979
185,20172.910109,455372
186,20172.910109,457766
187,20172.910109,460160
188,20172.910109,462550
189,20172.910109,464942
190,20172.910109,467337
191,20172.910109,469722
192,20172.910109,472107
193,20172.910109,474492
194,20172.910109,476878
195,20172.910109,479264
196,20172.910109,481652
197,20172.910109,484040
198,20172.910109,486429
199,20172.910109,488818
200,20172.910109,491212
201,20172.910109,493604
202,20172.910109,495995
203,20172.910109,498388
204,20172.910109,500784
205,20172.910109,503178
206,20172.910109,505575
207,20172.910109,507972
208,20172.910109,510371
209,20172.910109,512771
210,20172.910109,515170
211,20172.910109,517569
212,20172.910109,519970
213,20172.910109,522370
214,20172.910109,524769
215,20172.910109,527168
216,20172.910109,529568
217,20172.910109,531967
218,20172.910109,534365
219,20172.910109,536764
220,20172.910109,539165
221,20172.910109,541566
222,20172.910109,543964
223,20172.910109,546363
224,20172.910109,548759
225,20172.910109,551155
226,20172.910109,553550
227,20172.910109,555947
228,20172.910109,558332
229,20172.910109,560717
230,20172.910109,563102
231,20172.910109,565485
232,20172.910109,567867
233,20172.910109,570249
234,20172.910109,572632
235,20172.910109,575014
236,20172.910109,577397
237,20172.910109,579778
238,20172.910109,582160
239,20172.910109,584542
240,20172.910109,586925
241,20172.910109,589306
242,20172.910109,591688
243,20172.910109,594069
244,20172.910109,596452
245,20172.910109,598835
246,20172.910109,601218
247,20172.910109,603601
248,20172.910109,605984
249,20172.910109,608366
250,20172.910109,610747
251,20172.910109,613127
252,20172.910109,615507
253,20172.910109,617887
254,20172.910109,620268
255,20172.910109,622649
256,20172.910109,625033
257,20172.910109,627417
258,20172.910109,629802
259,20172.910109,632186
260,20172.910109,634567
261,20172.910109,636948
262,20172.910109,639332
263,20172.910109,641716
264,20172.910109,644104
265,20172.910109,646492
266,20172.910109,648871
267,20172.910109,651251
268,20172.910109,653631
269,20172.910109,656010
270,20172.910109,658390
271,20172.910109,660768
272,20172.910109,663148
273,20172.910109,665528
274,20172.910109,667910
275,20172.910109,670291
276,20172.910109,672673
277,20172.910109,675054
278,20172.910109,677436
279,20172.910109,679819
280,20172.910109,682202
281,20172.910109,684586
282,20172.910109,686969
283,20172.910109,689352
284,20172.910109,691736
285,20172.910109,694119
286,20172.910109,696503
287,20172.910109,698885
288,20172.910109,701268
289,20172.910109,703651
290,20172.910109,706036
291,20172.910109,708421
292,20172.910109,710805
20172.910109,45.879362
1,20463.782042,2376
2,20445.371584,4752
3,20432.911114,7128
4,20410.917193,9504
5,20392.859079,11880
6,20379.270221,14256
7,20367.150505,16634
8,20350.794199,19012
9,20346.839834,21395
10,20316.452989,23780
11,20305.642378,26166
12,20300.646409,28558
13,20286.113331,30953
14,20285.310401,33356
15,20273.146476,35760
16,20272.407353,38169
17,20241.335474,40585
18,20239.870943,43006
19,20227.269675,45430
20,20227.269675,47858
21,20219.633002,50283
22,20218.859496,52711
23,20213.599656,55141
24,20213.599656,57573
25,20213.599656,60006
26,20213.599656,62445
27,20183.145672,64890
28,20183.145672,67348
29,20175.322901,69819
30,20175.322901,72294
31,20175.322901,74781
32,20175.322901,77272
33,20175.322901,79757
34,20175.322901,82248
35,20175.322901,84735
36,20175.322901,87224
37,20175.322901,89721
38,20175.322901,92228
39,20175.322901,94732
40,20175.322901,97236
41,20175.322901,99746
42,20175.322901,102242
43,20175.322901,104737
44,20175.322901,107216
45,20175.322901,109693
46,20175.322901,112159
47,20173.906836,114628
48,20173.906836,117083
49,20173.906836,119537
50,20173.906836,121988
51,20173.871740,124449
52,20173.871740,126904
53,20173.871740,129367
54,20173.871740,131815
55,20173.871740,134269
56,20173.871740,136720
57,20173.871740,139167
58,20173.871740,141617
59,20173.871740,144061
60,20173.871740,146512
61,20172.910109,148958
62,20172.910109,151400
63,20172.910109,153842
64,20172.910109,156289
65,20172.910109,158732
66,20172.910109,161177
67,20172.910109,163616
68,20172.910109,166051
69,20172.910109,168474
70,20172.910109,170904
71,20172.910109,173334
72,20172.910109,175767
73,20172.910109,178202
74,20172.910109,180647
75,20172.910109,183088
76,20172.910109,185530
77,20172.910109,187969
78,20172.910109,190409
79,20172.910109,192854
80,20172.910109,195306
81,20172.910109,197756
82,20172.910109,200198
83,20172.910109,202644
84,20172.910109,205094
85,20172.910109,207529
86,20172.910109,209974
87,20172.910109,212423
88,20172.910109,214879
89,20172.910109,217316
90,20172.910109,219756
91,20172.910109,222189
92,20172.910109,224621
93,20172.910109,227052
94,20172.910109,229488
95,20172.910109,231922
96,20172.910109,234364
97,20172.910109,236803
98,20172.910109,239248
99,20172.910109,241689
100,20172.910109,244142
101,20172.910109,246586
102,20172.910109,249032
103,20172.910109,251476
104,20172.910109,253931
105,20172.910109,256370
106,20172.910109,258801
107,20172.910109,261236
108,20172.910109,263662
109,20172.910109,266092
110,20172.910109,268521
111,20172.910109,270940
112,20172.910109,273358
113,20172.910109,275776
114,20172.910109,278198
115,20172.910109,280619
116,20172.910109,283043
117,20172.910109,285458
118,20172.910109,287879
119,20172.910109,290300
120,20172.910109,292723
121,20172.910109,295144
122,20172.910109,297567
123,20172.910109,299988
124,20172.910109,302410
125,20172.910109,304830
126,20172.910109,307253
127,20172.910109,309676
128,20172.910109,312101
129,20172.910109,314526
130,20172.910109,316953
131,20172.910109,319380
132,20172.910109,321807
133,20172.910109,324216
134,20172.910109,326630
135,20172.910109,329043
136,20172.910109,331458
137,20172.910109,333873
138,20172.910109,336292
139,20172.910109,338708
140,20172.910109,341126
141,20172.910109,343542
142,20172.910109,345963
143,20172.910109,348386
144,20172.910109,350809
145,20172.910109,353231
146,20172.910109,355654
147,20172.910109,358083
148,20172.910109,360503
149,20172.910109,362925
150,20172.910109,365362
151,20172.910109,367799
152,20172.910109,370244
153,20172.910109,372675
154,20172.910109,375092
155,20172.910109,377507
156,20172.910109,379924
157,20172.910109,382333
158,20172.910109,384741
159,20172.910109,387147
160,20172.910109,389554
161,20172.910109,391961
162,20172.910109,394359
163,20172.910109,396753
164,20172.910109,399146
165,20172.910109,401538
166,20172.910109,403929
167,20172.910109,406320
168,20172.910109,408714
169,20172.910109,411107
170,20172.910109,413498
171,20172.910109,415889
172,20172.910109,418284
173,20172.910109,420679
174,20172.910109,423077
175,20172.910109,425475
176,20172.910109,427876
177,20172.910109,430277
178,20172.910109,432678
179,20172.910109,435082
180,20172.910109,437487
181,20172.910109,439890
182,20172.910109,442294
183,20172.910109,444699
184,20172.910109,447103
185,20172.910109,449505
186,20172.910109,451910
187,20172.910109,454314
188,20172.910109,456718
189,20172.910109,459123
190,20172.910109,461531
191,20172.910109,463937
192,20172.910109,466345
193,20172.910109,468751
194,20172.910109,471159
195,20172.910109,473564
196,20172.910109,475962
197,20172.910109,478357
198,20172.910109,480756
199,20172.910109,483156
200,20172.910109,485555
201,20172.910109,487949
202,20172.910109,490348
203,20172.910109,492745
204,20172.910109,495144
205,20172.910109,497546
206,20172.910109,499954
207,20172.910109,502366
208,20172.910109,504766
209,20172.910109,507166
210,20172.910109,509567
211,20172.910109,511969
212,20172.910109,514370
213,20172.910109,516772
214,20172.910109,519175
215,20172.910109,521575
216,20172.910109,523978
217,20172.910109,526379
218,20172.910109,528779
219,20172.910109,531175
220,20172.910109,533577
221,20172.910109,535977
222,20172.910109,538376
223,20172.910109,540773
224,20172.910109,543170
225,20172.910109,545568
226,20172.910109,547969
227,20172.910109,550368
228,20172.910109,552768
229,20172.910109,555171
230,20172.910109,557579
231,20172.910109,559992
232,20172.910109,562412
233,20172.910109,564834
234,20172.910109,567250
235,20172.910109,569667
236,20172.910109,572079
237,20172.910109,574494
238,20172.910109,576908
239,20172.910109,579321
240,20172.910109,581733
241,20172.910109,584148
242,20172.910109,586560
243,20172.910109,588973
244,20172.910109,591379
245,20172.910109,593783
246,20172.910109,596191
247,20172.910109,598598
248,20172.910109,601004
249,20172.910109,603409
250,20172.910109,605816
251,20172.910109,608225
252,20172.910109,610632
253,20172.910109,613046
254,20172.910109,615467
255,20172.910109,617883
256,20172.910109,620300
257,20172.910109,622716
258,20172.910109,625133
259,20172.910109,627550
260,20172.910109,629970
261,20172.910109,632387
262,20172.910109,634791
263,20172.910109,637195
264,20172.910109,639603
265,20172.910109,642009
266,20172.910109,644421
267,20172.910109,646835
268,20172.910109,649252
269,20172.910109,651668
270,20172.910109,654084
271,20172.910109,656478
272,20172.910109,658876
273,20172.910109,661274
274,20172.910109,663664
275,20172.910109,666053
276,20172.910109,668441
277,20172.910109,670828
278,20172.910109,673215
279,20172.910109,675600
280,20172.910109,677987
281,20172.910109,680378
282,20172.910109,682770
283,20172.910109,685162
284,20172.910109,687555
285,20172.910109,689949
286,20172.910109,692344
287,20172.910109,694738
288,20172.910109,697131
289,20172.910109,699514
290,20172.910109,701897
291,20172.910109,704280
292,20172.910109,706665
293,20172.910109,709050
294,20172.910109,711431
20172.910109,45.513203
1,20455.004786,2376
2,20453.866004,4752
3,20431.482253,7128
4,20419.086785,9504
5,20391.819084,11880
6,20390.921442,14256
7,20364.433966,16634
8,20358.299330,19011
9,20343.548774,21392
10,20327.372339,23773
11,20327.372339,26163
12,20327.372339,28560
13,20327.372339,30965
14,20327.372339,33368
15,20255.204827,35774
16,20238.818901,38196
17,20231.929990,40619
18,20230.130425,43058
19,20223.947760,45501
20,20223.897091,47956
21,20220.750781,50414
22,20220.750781,52880
23,20217.646369,55348
24,20217.360692,57816
25,20217.360692,60300
26,20217.176924,62786
27,20215.405565,65274
28,20215.405565,67771
29,20213.564452,70271
30,20213.241870,72784
31,20213.241870,75292
32,20213.241870,77806
33,20213.173603,80321
34,20213.108431,82841
35,20213.108431,85379
36,20213.108431,87920
37,20212.824776,90460
38,20212.771573,93007
39,20212.771573,95562
40,20212.728562,98118
41,20181.396935,100677
42,20181.396935,103236
43,20181.042829,105787
44,20181.042829,108341
45,20181.042829,110906
46,20181.042829,113462
47,20181.042829,116024
48,20181.042829,118588
49,20173.871740,121152
50,20173.871740,123719
51,20173.871740,126288
52,20173.871740,128864
53,20173.871740,131441
54,20173.871740,134015
55,20173.871740,136592
56,20173.871740,139172
57,20173.871740,141755
58,20173.871740,144337
59,20173.871740,146911
60,20173.871740,149477
61,20173.871740,152044
62,20173.871740,154602
63,20173.871740,157165
64,20173.871740,159711
65,20173.871740,162259
66,20173.871740,164807
67,20173.871740,167359
68,20173.871740,169910
69,20173.871740,172468
70,20173.871740,175020
71,20173.871740,177564
72,20173.871740,180078
73,20173.871740,182594
74,20173.855489,185115
75,20173.855489,187638
76,20173.855489,190159
77,20173.855489,192664
78,20173.855489,195177
79,20173.855489,197690
80,20173.855489,200193
81,20173.855489,202692
82,20173.855489,205200
83,20173.855489,207713
84,20173.855489,210215
85,20173.855489,212712
86,20173.855489,215215
87,20173.855489,217708
88,20173.855489,220205
89,20173.855489,222702
90,20173.855489,225170
91,20173.855489,227634
92,20173.855489,230103
93,20173.855489,232569
94,20173.855489,235029
95,20173.855489,237494
96,20173.855489,239951
97,20173.855489,242411
98,20173.855489,244871
99,20173.855489,247327
100,20173.855489,249786
101,20173.855489,252241
102,20173.855489,254701
103,20173.855489,257144
104,20173.855489,259591
105,20173.855489,262041
106,20173.855489,264486
107,20173.855489,266931
108,20173.855489,269373
109,20173.855489,271811
110,20173.855489,274246
111,20173.855489,276680
112,20173.855489,279123
113,20173.619749,281550
114,20173.568103,283980
115,20173.532371,286407
116,20173.532371,288833
117,20173.532371,291259
118,20173.532371,293688
119,20173.532371,296113
120,20173.532371,298535
121,20173.532371,300957
122,20173.532371,303382
123,20173.532371,305804
124,20173.532371,308227
125,20173.532371,310651
126,20173.532371,313085
127,20173.532371,315513
128,20173.532371,317952
129,20173.532371,320377
130,20173.532371,322800
131,20173.532371,325222
132,20173.532371,327651
133,20173.532371,330080
134,20173.532371,332508
135,20173.532371,334934
136,20173.532371,337367
137,20173.532371,339804
138,20173.532371,342251
139,20173.532371,344670
140,20173.532371,347086
141,20173.532371,349498
142,20173.532371,351919
143,20173.532371,354336
144,20173.532371,356758
145,20173.532371,359182
146,20173.532371,361600
147,20173.532371,364016
148,20173.532371,366446
149,20173.532371,368869
150,20173.532371,371303
151,20173.532371,373728
152,20173.532371,376153
153,20173.532371,378570
154,20173.532371,380993
155,20173.532371,383406
156,20173.532371,385824
157,20173.532371,388233
158,20173.532371,390640
159,20173.532371,393038
160,20173.532371,395436
161,20173.532371,397830
162,20173.532371,400224
163,20173.532371,402619
164,20173.532371,405024
165,20173.532371,407425
166,20173.532371,409824
167,20173.532371,412219
168,20173.532371,414617
169,20173.532371,417012
170,20173.532371,419417
171,20172.910109,421819
172,20172.910109,424225
173,20172.910109,426628
174,20172.910109,429036
175,20172.910109,431446
176,20172.910109,433859
177,20172.910109,436271
178,20172.910109,438680
179,20172.910109,441087
180,20172.910109,443501
181,20172.910109,445912
182,20172.910109,448336
183,20172.910109,450757
184,20172.910109,453185
185,20172.910109,455617
186,20172.910109,458056
187,20172.910109,460496
188,20172.910109,462922
189,20172.910109,465345
190,20172.910109,467773
191,20172.910109,470196
192,20172.910109,472623
193,20172.910109,475045
194,20172.910109,477468
195,20172.910109,479888
196,20172.910109,482313
197,20172.910109,484734
198,20172.910109,487161
199,20172.910109,489590
200,20172.910109,492024
201,20172.910109,494455
202,20172.910109,496885
203,20172.910109,499312
204,20172.910109,501740
205,20172.910109,504168
206,20172.910109,506593
207,20172.910109,509021
208,20172.910109,511451
209,20172.910109,513875
210,20172.910109,516304
211,20172.910109,518726
212,20172.910109,521158
213,20172.910109,523589
214,20172.910109,526025
215,20172.910109,528461
216,20172.910109,530899
217,20172.910109,533335
218,20172.910109,535778
219,20172.910109,538218
220,20172.910109,540666
221,20172.910109,543113
222,20172.910109,545560
223,20172.910109,548012
224,20172.910109,550461
225,20172.910109,552897
226,20172.910109,555346
227,20172.910109,557804
228,20172.910109,560265
229,20172.910109,562722
230,20172.910109,565172
231,20172.910109,567620
232,20172.910109,570073
233,20172.910109,572523
234,20172.910109,574982
235,20172.910109,577425
236,20172.910109,579897
237,20172.910109,582362
238,20172.910109,584819
239,20172.910109,587274
240,20172.910109,589738
241,20172.910109,592188
242,20172.910109,594641
243,20172.910109,597098
244,20172.910109,599559
245,20172.910109,602012
246,20172.910109,604463
247,20172.910109,606911
248,20172.910109,609360
249,20172.910109,611808
250,20172.910109,614266
251,20172.910109,616712
252,20172.910109,619160
253,20172.910109,621607
254,20172.910109,624055
255,20172.910109,626491
256,20172.910109,628909
257,20172.910109,631339
258,20172.910109,633773
259,20172.910109,636188
260,20172.910109,638604
261,20172.910109,641024
262,20172.910109,643451
263,20172.910109,645882
264,20172.910109,648304
265,20172.910109,650731
266,20172.910109,653151
267,20172.910109,655560
268,20172.910109,657976
269,20172.910109,660388
270,20172.910109,662808
271,20172.910109,665219
272,20172.910109,667640
273,20172.910109,670074
274,20172.910109,672504
275,20172.910109,674935
276,20172.910109,677356
277,20172.910109,679758
278,20172.910109,682158
279,20172.910109,684556
280,20172.910109,686957
281,20172.910109,689360
282,20172.910109,691768
283,20172.910109,694174
284,20172.910109,696582
285,20172.910109,698995
286,20172.910109,701412
287,20172.910109,703827
288,20172.910109,706243
289,20172.910109,708654
290,20172.910109,711071
20172.910109,46.377680
1,20463.793621,2376
2,20456.447596,4752
3,20430.456409,7128
4,20424.751143,9504
5,20424.751143,11880
6,20380.821924,14256
7,20361.105079,16635
8,20351.426187,19015
9,20332.552474,21396
10,20322.897911,23776
11,20307.606918,26158
12,20295.002187,28538
13,20282.616294,30924
14,20282.466729,33318
15,20237.421077,35717
16,20234.335262,38112
17,20226.877961,40513
18,20224.298939,42919
19,20216.400887,45333
20,20212.645631,47750
21,20212.263075,50171
22,20212.002198,52604
23,20178.470454,55043
24,20178.470454,57494
25,20178.470454,59955
26,20178.470454,62426
27,20177.136128,64886
28,20177.136128,67354
29,20175.217946,69838
30,20175.217946,72313
31,20173.906836,74790
32,20173.906836,77272
33,20173.906836,79765
34,20173.906836,82262
35,20173.871740,84758
36,20173.871740,87256
37,20173.871740,89771
38,20173.871740,92283
39,20173.871740,94805
40,20173.871740,97337
41,20173.871740,99859
42,20173.871740,102368
43,20173.871740,104871
44,20173.871740,107360
45,20173.871740,109852
46,20173.871740,112352
47,20173.871740,114853
48,20173.871740,117335
49,20173.871740,119802
50,20173.871740,122235
51,20173.871740,124662
52,20173.871740,127086
53,20173.871740,129509
54,20173.871740,131937
55,20173.871740,134360
56,20173.871740,136758
57,20173.871740,139157
58,20173.871740,141557
59,20173.871740,143953
60,20173.871740,146352
61,20173.871740,148741
62,20173.871740,151133
63,20173.871740,153524
64,20173.871740,155915
65,20173.871740,158306
66,20173.871740,160697
67,20173.871740,163086
68,20173.871740,165478
69,20173.871740,167865
70,20173.871740,170255
71,20173.871740,172642
72,20173.871740,175030
73,20173.871740,177419
74,20173.871740,179809
75,20173.871740,182196
76,20173.871740,184588
77,20173.871740,186980
78,20173.871740,189372
79,20173.871740,191763
80,20173.871740,194157
81,20173.871740,196551
82,20173.871740,198943
83,20173.871740,201328
84,20173.871740,203714
85,20173.871740,206096
86,20173.871740,208475
87,20173.871740,210854
88,20173.871740,213233
89,20173.871740,215612
90,20173.871740,217996
91,20173.871740,220380
92,20173.871740,222763
93,20173.871740,225145
94,20173.871740,227527
95,20173.871740,229910
96,20173.871740,232295
97,20173.871740,234677
98,20173.871740,237064
99,20173.855489,239449
100,20173.855489,241833
101,20173.855489,244216
102,20173.855489,246602
103,20173.855489,248985
104,20173.855489,251373
105,20173.855489,253760
106,20173.855489,256153
107,20173.855489,258543
108,20173.855489,260932
109,20173.855489,263321
110,20173.855489,265712
111,20173.855489,268102
112,20173.855489,270494
113,20173.855489,272883
114,20173.855489,275276
115,20173.855489,277668
116,20173.855489,280067
117,20173.855489,282461
118,20173.855489,284858
119,20173.532371,287251
120,20173.532371,289644
121,20173.532371,292040
122,20173.532371,294436
123,20173.532371,296832
124,20173.532371,299231
125,20173.532371,301623
126,20173.532371,304020
127,20173.532371,306412
128,20173.532371,308816
129,20172.910109,311222
130,20172.910109,313631
131,20172.910109,316044
132,20172.910109,318461
133,20172.910109,320872
134,20172.910109,323283
135,20172.910109,325694
136,20172.910109,328115
137,20172.910109,330540
138,20172.910109,332972
139,20172.910109,335399
140,20172.910109,337834
141,20172.910109,340262
142,20172.910109,342707
143,20172.910109,345161
144,20172.910109,347610
145,20172.910109,350058
146,20172.910109,352515
147,20172.910109,354960
148,20172.910109,357422
149,20172.910109,359877
150,20172.910109,362329
151,20172.910109,364782
152,20172.910109,367235
153,20172.910109,369700
154,20172.910109,372152
155,20172.910109,374605
156,20172.910109,377070
157,20172.910109,379516
158,20172.910109,381967
159,20172.910109,384413
160,20172.910109,386868
161,20172.910109,389326
162,20172.910109,391775
163,20172.910109,394221
164,20172.910109,396672
165,20172.910109,399120
166,20172.910109,401569
167,20172.910109,404015
168,20172.910109,406473
169,20172.910109,408931
170,20172.910109,411382
171,20172.910109,413834
172,20172.910109,416293
173,20172.910109,418761
174,20172.910109,421225
175,20172.910109,423690
176,20172.910109,426145
177,20172.910109,428599
178,20172.910109,431046
179,20172.910109,433496
180,20172.910109,435950
181,20172.910109,438403
182,20172.910109,440847
183,20172.910109,443283
184,20172.910109,445722
185,20172.910109,448152
186,20172.910109,450598
187,20172.910109,453042
188,20172.910109,455486
189,20172.910109,457929
190,20172.910109,460370
191,20172.910109,462811
192,20172.910109,465256
193,20172.910109,467691
194,20172.910109,470128
195,20172.910109,472560
196,20172.910109,474990
197,20172.910109,477423
198,20172.910109,479857
199,20172.910109,482291
200,20172.910109,484723
201,20172.910109,487154
202,20172.910109,489591
203,20172.910109,492038
204,20172.910109,494483
205,20172.910109,496923
206,20172.910109,499360
207,20172.910109,501798
208,20172.910109,504225
209,20172.910109,506654
210,20172.910109,509082
211,20172.910109,511509
212,20172.910109,513944
213,20172.910109,516361
214,20172.910109,518777
215,20172.910109,521194
216,20172.910109,523610
217,20172.910109,526026
218,20172.910109,528439
219,20172.910109,530851
220,20172.910109,533267
221,20172.910109,535680
222,20172.910109,538097
223,20172.910109,540520
224,20172.910109,542947
225,20172.910109,545363
226,20172.910109,547789
227,20172.910109,550211
228,20172.910109,552636
229,20172.910109,555058
230,20172.910109,557486
231,20172.910109,559904
232,20172.910109,562335
233,20172.910109,564764
234,20172.910109,567191
235,20172.910109,569599
236,20172.910109,572011
237,20172.910109,574415
238,20172.910109,576820
239,20172.910109,579225
240,20172.910109,581630
241,20172.910109,584034
242,20172.910109,586440
243,20172.910109,588832
244,20172.910109,591227
245,20172.910109,593624
246,20172.910109,596026
247,20172.910109,598422
248,20172.910109,600820
249,20172.910109,603216
250,20172.910109,605616
251,20172.910109,608017
252,20172.910109,610418
253,20172.910109,612821
254,20172.910109,615227
255,20172.910109,617634
256,20172.910109,620043
257,20172.910109,622442
258,20172.910109,624839
259,20172.910109,627234
260,20172.910109,629630
261,20172.910109,632023
262,20172.910109,634421
263,20172.910109,636817
264,20172.910109,639210
265,20172.910109,641599
266,20172.910109,643993
267,20172.910109,646385
268,20172.910109,648778
269,20172.910109,651169
270,20172.910109,653561
271,20172.910109,655952
272,20172.910109,658348
273,20172.910109,660743
274,20172.910109,663139
275,20172.910109,665538
276,20172.910109,667934
277,20172.910109,670330
278,20172.910109,672730
279,20172.910109,675129
280,20172.910109,677530
281,20172.910109,679937
282,20172.910109,682341
283,20172.910109,684745
284,20172.910109,687155
285,20172.910109,689562
286,20172.910109,691970
287,20172.910109,694375
288,20172.910109,696778
289,20172.910109,699184
290,20172.910109,701604
291,20172.910109,704017
292,20172.910109,706422
293,20172.910109,708828
294,20172.910109,711235
20172.910109,45.498987
1,20461.442927,2376
2,20456.157275,4752
3,20427.805927,7128
4,20408.709831,9504
5,20396.793692,11880
6,20390.021344,14256
7,20364.091098,16632
8,20358.268231,19008
9,20329.245651,21387
10,20318.599522,23775
11,20307.908623,26168
12,20302.232107,28566
13,20283.279616,30966
14,20283.279616,33368
15,20262.191866,35781
16,20258.930267,38195
17,20245.475445,40625
18,20245.475445,43062
19,20222.914915,45518
20,20222.464259,47983
21,20214.203335,50456
22,20213.273519,52933
23,20213.273519,55414
24,20213.021934,57903
25,20212.791914,60392
26,20212.791914,62898
27,20212.046010,65396
28,20212.046010,67900
29,20211.746935,70413
30,20211.746935,72930
31,20211.438974,75454
32,20211.340737,77985
33,20211.340737,80518
34,20211.340737,83060
35,20211.260673,85605
36,20211.260673,88149
37,20181.712940,90694
38,20181.712940,93246
39,20181.712940,95803
40,20181.712940,98364
41,20181.712940,100928
42,20181.712940,103489
43,20181.712940,106057
44,20181.712940,108629
45,20181.712940,111204
46,20181.712940,113786
47,20181.712940,116375
48,20181.712940,118961
49,20172.910109,121550
50,20172.910109,124121
51,20172.910109,126691
52,20172.910109,129216
53,20172.910109,131730
54,20172.910109,134221
55,20172.910109,136709
56,20172.910109,139190
57,20172.910109,141676
58,20172.910109,144152
59,20172.910109,146632
60,20172.910109,149109
61,20172.910109,151565
62,20172.910109,154024
63,20172.910109,156456
64,20172.910109,158890
65,20172.910109,161300
66,20172.910109,163712
67,20172.910109,166125
68,20172.910109,168517
69,20172.910109,170909
70,20172.910109,173303
71,20172.910109,175705
72,20172.910109,178110
73,20172.910109,180519
74,20172.910109,182924
75,20172.910109,185311
76,20172.910109,187701
77,20172.910109,190091
78,20172.910109,192482
79,20172.910109,194872
80,20172.910109,197263
81,20172.910109,199653
82,20172.910109,202044
83,20172.910109,204435
84,20172.910109,206826
85,20172.910109,209217
86,20172.910109,211608
87,20172.910109,213999
88,20172.910109,216388
89,20172.910109,218776
90,20172.910109,221167
91,20172.910109,223559
92,20172.910109,225952
93,20172.910109,228348
94,20172.910109,230745
95,20172.910109,233143
96,20172.910109,235538
97,20172.910109,237933
98,20172.910109,240331
99,20172.910109,242729
100,20172.910109,245125
101,20172.910109,247522
102,20172.910109,249910
103,20172.910109,252307
104,20172.910109,254704
105,20172.910109,257095
106,20172.910109,259488
107,20172.910109,261890
108,20172.910109,264295
109,20172.910109,266683
110,20172.910109,269061
111,20172.910109,271438
112,20172.910109,273815
113,20172.910109,276192
114,20172.910109,278569
115,20172.910109,280946
116,20172.910109,283323
117,20172.910109,285700
118,20172.910109,288078
119,20172.910109,290456
120,20172.910109,292833
121,20172.910109,295210
122,20172.910109,297591
123,20172.910109,299979
124,20172.910109,302370
125,20172.910109,304762
126,20172.910109,307154
127,20172.910109,309531
128,20172.910109,311908
129,20172.910109,314285
130,20172.910109,316662
131,20172.910109,319039
132,20172.910109,321417
133,20172.910109,323795
134,20172.910109,326177
135,20172.910109,328569
136,20172.910109,330961
137,20172.910109,333338
138,20172.910109,335716
139,20172.910109,338094
140,20172.910109,340471
141,20172.910109,342848
142,20172.910109,345225
143,20172.910109,347602
144,20172.910109,349979
145,20172.910109,352356
146,20172.910109,354733
147,20172.910109,357110
148,20172.910109,359487
149,20172.910109,361863
150,20172.910109,364239
151,20172.910109,366615
152,20172.910109,368991
153,20172.910109,371367
154,20172.910109,373748
155,20172.910109,376133
156,20172.910109,378519
157,20172.910109,380895
158,20172.910109,383271
159,20172.910109,385647
160,20172.910109,388023
161,20172.910109,390399
162,20172.910109,392775
163,20172.910109,395151
164,20172.910109,397528
165,20172.910109,399905
166,20172.910109,402282
167,20172.910109,404659
168,20172.910109,407036
169,20172.910109,409413
170,20172.910109,411790
171,20172.910109,414166
172,20172.910109,416542
173,20172.910109,418918
174,20172.910109,421294
175,20172.910109,423670
176,20172.910109,426046
177,20172.910109,428422
178,20172.910109,430798
179,20172.910109,433174
180,20172.910109,435551
181,20172.910109,437928
182,20172.910109,440304
183,20172.910109,442680
184,20172.910109,445056
185,20172.910109,447432
186,20172.910109,449809
187,20172.910109,452186
188,20172.910109,454563
189,20172.910109,456940
190,20172.910109,459317
191,20172.910109,461694
192,20172.910109,464071
193,20172.910109,466448
194,20172.910109,468826
195,20172.910109,471204
196,20172.910109,473581
197,20172.910109,475958
198,20172.910109,478335
199,20172.910109,480712
200,20172.910109,483089
201,20172.910109,485466
202,20172.910109,487842
203,20172.910109,490218
204,20172.910109,492596
205,20172.910109,494974
206,20172.910109,497352
207,20172.910109,499730
208,20172.910109,502109
209,20172.910109,504488
210,20172.910109,506867
211,20172.910109,509246
212,20172.910109,511624
213,20172.910109,514002
214,20172.910109,516380
215,20172.910109,518758
216,20172.910109,521136
217,20172.910109,523514
218,20172.910109,525892
219,20172.910109,528269
220,20172.910109,530645
221,20172.910109,533021
222,20172.910109,535397
223,20172.910109,537773
224,20172.910109,540150
225,20172.910109,542527
226,20172.910109,544904
227,20172.910109,547282
228,20172.910109,549660
229,20172.910109,552038
230,20172.910109,554416
231,20172.910109,556794
232,20172.910109,559171
233,20172.910109,561548
234,20172.910109,563925
235,20172.910109,566302
236,20172.910109,568679
237,20172.910109,571056
238,20172.910109,573433
239,20172.910109,575809
240,20172.910109,578186
241,20172.910109,580563
242,20172.910109,582941
243,20172.910109,585318
244,20172.910109,587695
245,20172.910109,590072
246,20172.910109,592450
247,20172.910109,594829
248,20172.910109,597208
249,20172.910109,599587
250,20172.910109,601965
251,20172.910109,604342
252,20172.910109,606720
253,20172.910109,609098
254,20172.910109,611476
255,20172.910109,613853
256,20172.910109,616231
257,20172.910109,618610
258,20172.910109,620990
259,20172.910109,623369
260,20172.910109,625749
261,20172.910109,628129
262,20172.910109,630509
263,20172.910109,632890
264,20172.910109,635271
265,20172.910109,637652
266,20172.910109,640034
267,20172.910109,642410
268,20172.910109,644786
269,20172.910109,647162
270,20172.910109,649538
271,20172.910109,651914
272,20172.910109,654290
273,20172.910109,656666
274,20172.910109,659042
275,20172.910109,661418
276,20172.910109,663794
277,20172.910109,666170
278,20172.910109,668546
279,20172.910109,670922
280,20172.910109,673298
281,20172.910109,675674
282,20172.910109,678050
283,20172.910109,680426
284,20172.910109,682802
285,20172.910109,685178
286,20172.910109,687554
287,20172.910109,689930
288,20172.910109,692306
289,20172.910109,694682
290,20172.910109,697058
291,20172.910109,699434
292,20172.910109,701810
293,20172.910109,704186
294,20172.910109,706562
295,20172.910109,708938
296,20172.910109,711314
20172.910109,44.431228
