1,2762809.525995,2376
2,2762809.525995,4796
3,2762809.525995,7227
4,2762809.525995,9779
5,2762809.525995,12309
6,2762809.525995,14690
7,2762809.525995,17077
8,2762809.525995,19459
9,2762809.525995,21845
10,2762809.525995,24221
11,2762809.525995,26597
12,2762809.525995,28973
13,2762809.525995,31349
14,2762809.525995,33725
15,2762809.525995,36101
16,2762809.525995,38477
17,2762809.525995,40853
18,2762809.525995,43232
19,2762809.525995,45619
20,2762809.525995,48030
21,2762809.525995,50421
22,2762809.525995,52800
23,2762809.525995,55180
24,2762809.525995,57562
25,2762809.525995,59938
26,2762809.525995,62322
27,2762809.525995,64721
28,2762809.525995,67140
29,2762809.525995,69551
30,2762809.525995,71947
31,2762809.525995,74360
32,2762809.525995,76789
33,2762809.525995,79224
34,2762809.525995,81625
35,2762809.525995,84036
36,2762809.525995,86432
37,2762809.525995,88826
38,2762809.525995,91216
39,2762809.525995,93596
40,2762809.525995,95984
41,2762809.525995,98375
42,2762809.525995,100764
43,2762809.525995,103154
44,2762809.525995,105534
45,2762809.525995,107920
46,2762809.525995,110302
47,2762809.525995,112697
48,2762809.525995,115091
49,2762809.525995,117492
50,2762809.525995,119880
51,2762809.525995,122256
52,2762809.525995,124640
53,2762809.525995,127046
54,2762809.525995,129455
55,2762809.525995,131844
56,2762809.525995,134240
57,2762809.525995,136652
58,2762809.525995,139050
59,2762809.525995,141445
60,2762809.525995,143863
61,2762809.525995,146298
62,2762809.525995,148689
63,2762809.525995,151088
64,2762809.525995,153476
65,2762809.525995,155869
66,2762809.525995,158258
67,2762809.525995,160635
68,2762809.525995,163017
69,2762809.525995,165407
70,2762809.525995,167812
71,2762809.525995,170237
72,2762809.525995,172631
73,2762809.525995,175022
74,2762809.525995,177416
75,2762809.525995,179816
76,2762809.525995,182193
77,2762809.525995,184570
78,2762809.525995,186954
79,2762809.525995,189343
80,2762809.525995,191731
81,2762809.525995,194123
82,2762809.525995,196518
83,2762809.525995,198938
84,2762809.525995,201331
85,2762809.525995,203713
86,2762809.525995,206093
87,2762809.525995,208479
88,2762809.525995,210870
89,2762809.525995,213264
90,2762809.525995,215651
91,2762809.525995,218035
92,2762809.525995,220413
93,2762809.525995,222792
94,2762809.525995,225187
95,2762809.525995,227587
96,2762809.525995,229979
97,2762809.525995,232385
98,2762809.525995,234771
99,2762809.525995,237166
100,2762809.525995,239571
101,2762809.525995,241982
102,2762809.525995,244389
103,2762809.525995,246782
104,2762809.525995,249180
105,2762809.525995,251566
106,2762809.525995,253958
107,2762809.525995,256349
108,2762809.525995,258732
109,2762809.525995,261126
110,2762809.525995,263529
111,2762809.525995,265935
112,2762809.525995,268334
113,2762809.525995,270741
114,2762809.525995,273160
115,2762809.525995,275556
116,2762809.525995,277959
117,2762809.525995,280352
118,2762809.525995,282759
119,2762809.525995,285155
120,2762809.525995,287551
121,2762809.525995,289961
122,2762809.525995,292365
123,2762809.525995,294774
124,2762809.525995,297169
125,2762809.525995,299556
126,2762809.525995,301936
127,2762809.525995,304312
128,2762809.525995,306693
129,2762809.525995,309069
130,2762809.525995,311454
131,2762809.525995,313851
132,2762809.525995,316261
133,2762809.525995,318666
134,2762809.525995,321063
135,2762809.525995,323456
136,2762809.525995,325846
137,2762809.525995,328236
138,2762809.525995,330626
139,2762809.525995,333019
140,2762809.525995,335404
141,2762809.525995,337813
142,2762809.525995,340202
143,2762809.525995,342591
144,2762809.525995,344984
145,2762809.525995,347391
146,2762809.525995,349794
147,2762809.525995,352182
148,2762809.525995,354568
149,2762809.525995,356960
150,2762809.525995,359351
151,2762809.525995,361747
152,2762809.525995,364138
153,2762809.525995,366530
154,2762809.525995,368906
155,2762809.525995,371282
156,2762809.525995,373658
157,2762809.525995,376040
158,2762809.525995,378420
159,2762809.525995,380807
160,2762809.525995,383195
161,2762809.525995,385586
162,2762809.525995,388000
163,2762809.525995,390419
164,2762809.525995,392806
165,2762809.525995,395187
166,2762809.525995,397583
167,2762809.525995,399968
168,2762809.525995,402375
169,2762809.525995,404789
170,2762809.525995,407198
171,2762809.525995,409613
172,2762809.525995,412033
173,2762809.525995,414453
174,2762809.525995,416850
175,2762809.525995,419226
176,2762809.525995,421605
177,2762809.525995,423988
178,2762809.525995,426375
179,2762809.525995,428763
180,2762809.525995,431151
181,2762809.525995,433536
182,2762809.525995,435914
183,2762809.525995,438298
184,2762809.525995,440689
185,2762809.525995,443109
186,2762809.525995,445516
187,2762809.525995,447896
188,2762809.525995,450287
189,2762809.525995,452684
190,2762809.525995,455095
191,2762809.525995,457511
192,2762809.525995,459908
193,2762809.525995,462319
194,2762809.525995,464715
195,2762809.525995,467113
196,2762809.525995,469503
197,2762809.525995,471890
198,2762809.525995,474276
199,2762809.525995,476672
200,2762809.525995,479061
201,2762809.525995,481437
202,2762809.525995,483817
203,2762809.525995,486211
204,2762809.525995,488602
205,2762809.525995,491015
206,2762809.525995,493400
207,2762809.525995,495794
208,2762809.525995,498184
209,2762809.525995,500597
210,2762809.525995,503017
211,2762809.525995,505412
212,2762809.525995,507798
213,2762809.525995,510187
214,2762809.525995,512575
215,2762809.525995,514966
216,2762809.525995,517364
217,2762809.525995,519768
218,2762809.525995,522167
219,2762809.525995,524575
220,2762809.525995,527001
221,2762809.525995,529413
222,2762809.525995,531801
223,2762809.525995,534185
224,2762809.525995,536561
225,2762809.525995,538955
226,2762809.525995,541336
227,2762809.525995,543722
228,2762809.525995,546112
229,2762809.525995,548505
230,2762809.525995,550916
231,2762809.525995,553314
232,2762809.525995,555738
233,2762809.525995,558160
234,2762809.525995,560553
235,2762809.525995,562954
236,2762809.525995,565356
237,2762809.525995,567754
238,2762809.525995,570135
239,2762809.525995,572532
240,2762809.525995,574929
241,2762809.525995,577312
242,2762809.525995,579692
243,2762809.525995,582086
244,2762809.525995,584479
245,2762809.525995,586860
246,2762809.525995,589248
247,2762809.525995,591646
248,2762809.525995,594038
249,2762809.525995,596431
250,2762809.525995,598821
251,2762809.525995,601220
252,2762809.525995,603617
253,2762809.525995,605999
254,2762809.525995,608395
255,2762809.525995,610795
256,2762809.525995,613171
257,2762809.525995,615547
258,2762809.525995,617923
259,2762809.525995,620319
260,2762809.525995,622700
261,2762809.525995,625090
262,2762809.525995,627489
263,2762809.525995,629880
264,2762809.525995,632263
265,2762809.525995,634647
266,2762809.525995,637035
267,2762809.525995,639428
268,2762809.525995,641806
269,2762809.525995,644185
270,2762809.525995,646575
271,2762809.525995,648977
272,2762809.525995,651383
273,2762809.525995,653788
274,2762809.525995,656172
275,2762809.525995,658559
276,2762809.525995,660939
277,2762809.525995,663325
278,2762809.525995,665714
279,2762809.525995,668105
280,2762809.525995,670487
281,2762809.525995,672869
282,2762809.525995,675257
283,2762809.525995,677656
284,2762809.525995,680052
285,2762809.525995,682446
286,2762809.525995,684838
287,2762809.525995,687230
288,2762809.525995,689619
289,2762809.525995,692025
290,2762809.525995,694407
291,2762809.525995,696808
292,2762809.525995,699201
293,2762809.525995,701611
294,2762809.525995,703999
295,2762809.525995,706378
296,2762809.525995,708755
297,2762809.525995,711145
298,2762809.525995,713541
299,2762809.525995,715945
300,2762809.525995,718345
301,2762809.525995,720733
2762809.525995,40.383391
1,2762809.525995,2376
2,2762809.525995,4772
3,2762809.525995,7187
4,2762809.525995,9707
5,2762809.525995,12198
6,2762809.525995,14611
7,2762809.525995,17027
8,2762809.525995,19403
9,2762809.525995,21779
10,2762809.525995,24163
11,2762809.525995,26546
12,2762809.525995,28939
13,2762809.525995,31319
14,2762809.525995,33715
15,2762809.525995,36100
16,2762809.525995,38476
17,2762809.525995,40852
18,2762809.525995,43228
19,2762809.525995,45604
20,2762809.525995,47980
21,2762809.525995,50361
22,2762809.525995,52738
23,2762809.525995,55119
24,2762809.525995,57506
25,2762809.525995,59910
26,2762809.525995,62292
27,2762809.525995,64684
28,2762809.525995,67073
29,2762809.525995,69487
30,2762809.525995,71904
31,2762809.525995,74319
32,2762809.525995,76718
33,2762809.525995,79127
34,2762809.525995,81518
35,2762809.525995,83914
36,2762809.525995,86295
37,2762809.525995,88672
38,2762809.525995,91056
39,2762809.525995,93457
40,2762809.525995,95839
41,2762809.525995,98224
42,2762809.525995,100601
43,2762809.525995,102978
44,2762809.525995,105363
45,2762809.525995,107744
46,2762809.525995,110126
47,2762809.525995,112519
48,2762809.525995,114923
49,2762809.525995,117327
50,2762809.525995,119723
51,2762809.525995,122125
52,2762809.525995,124531
53,2762809.525995,126938
54,2762809.525995,129329
55,2762809.525995,131735
56,2762809.525995,134131
57,2762809.525995,136519
58,2762809.525995,138922
59,2762809.525995,141331
60,2762809.525995,143744
61,2762809.525995,146154
62,2762809.525995,148540
63,2762809.525995,150925
64,2762809.525995,153309
65,2762809.525995,155685
66,2762809.525995,158065
67,2762809.525995,160480
68,2762809.525995,162888
69,2762809.525995,165285
70,2762809.525995,167674
71,2762809.525995,170061
72,2762809.525995,172448
73,2762809.525995,174829
74,2762809.525995,177207
75,2762809.525995,179597
76,2762809.525995,181982
77,2762809.525995,184360
78,2762809.525995,186747
79,2762809.525995,189136
80,2762809.525995,191538
81,2762809.525995,193926
82,2762809.525995,196318
83,2762809.525995,198716
84,2762809.525995,201126
85,2762809.525995,203539
86,2762809.525995,205969
87,2762809.525995,208387
88,2762809.525995,210788
89,2762809.525995,213168
90,2762809.525995,215568
91,2762809.525995,217981
92,2762809.525995,220398
93,2762809.525995,222802
94,2762809.525995,225181
95,2762809.525995,227595
96,2762809.525995,230005
97,2762809.525995,232390
98,2762809.525995,234783
99,2762809.525995,237190
100,2762809.525995,239598
101,2762809.525995,242009
102,2762809.525995,244405
103,2762809.525995,246804
104,2762809.525995,249196
105,2762809.525995,251617
106,2762809.525995,254024
107,2762809.525995,256455
108,2762809.525995,258854
109,2762809.525995,261255
110,2762809.525995,263652
111,2762809.525995,266052
112,2762809.525995,268445
113,2762809.525995,270838
114,2762809.525995,273215
115,2762809.525995,275591
116,2762809.525995,277967
117,2762809.525995,280343
118,2762809.525995,282722
119,2762809.525995,285123
120,2762809.525995,287502
121,2762809.525995,289912
122,2762809.525995,292291
123,2762809.525995,294672
124,2762809.525995,297083
125,2762809.525995,299492
126,2762809.525995,301897
127,2762809.525995,304305
128,2762809.525995,306699
129,2762809.525995,309090
130,2762809.525995,311469
131,2762809.525995,313849
132,2762809.525995,316227
133,2762809.525995,318616
134,2762809.525995,321004
135,2762809.525995,323401
136,2762809.525995,325811
137,2762809.525995,328215
138,2762809.525995,330606
139,2762809.525995,333018
140,2762809.525995,335409
141,2762809.525995,337809
142,2762809.525995,340201
143,2762809.525995,342587
144,2762809.525995,344966
145,2762809.525995,347350
146,2762809.525995,349744
147,2762809.525995,352140
148,2762809.525995,354535
149,2762809.525995,356937
150,2762809.525995,359319
151,2762809.525995,361695
152,2762809.525995,364074
153,2762809.525995,366455
154,2762809.525995,368850
155,2762809.525995,371247
156,2762809.525995,373642
157,2762809.525995,376021
158,2762809.525995,378412
159,2762809.525995,380801
160,2762809.525995,383190
161,2762809.525995,385590
162,2762809.525995,387978
163,2762809.525995,390378
164,2762809.525995,392768
165,2762809.525995,395149
166,2762809.525995,397540
167,2762809.525995,399940
168,2762809.525995,402331
169,2762809.525995,404734
170,2762809.525995,407117
171,2762809.525995,409496
172,2762809.525995,411889
173,2762809.525995,414282
174,2762809.525995,416683
175,2762809.525995,419078
176,2762809.525995,421491
177,2762809.525995,423900
178,2762809.525995,426315
179,2762809.525995,428704
180,2762809.525995,431106
181,2762809.525995,433501
182,2762809.525995,435889
183,2762809.525995,438273
184,2762809.525995,440652
185,2762809.525995,443034
186,2762809.525995,445417
187,2762809.525995,447818
188,2762809.525995,450214
189,2762809.525995,452608
190,2762809.525995,454990
191,2762809.525995,457374
192,2762809.525995,459758
193,2762809.525995,462152
194,2762809.525995,464546
195,2762809.525995,466945
196,2762809.525995,469345
197,2762809.525995,471735
198,2762809.525995,474124
199,2762809.525995,476503
200,2762809.525995,478885
201,2762809.525995,481270
202,2762809.525995,483659
203,2762809.525995,486058
204,2762809.525995,488454
205,2762809.525995,490852
206,2762809.525995,493238
207,2762809.525995,495629
208,2762809.525995,498017
209,2762809.525995,500416
210,2762809.525995,502824
211,2762809.525995,505219
212,2762809.525995,507630
213,2762809.525995,510054
214,2762809.525995,512458
215,2762809.525995,514859
216,2762809.525995,517254
217,2762809.525995,519658
218,2762809.525995,522057
219,2762809.525995,524455
220,2762809.525995,526864
221,2762809.525995,529274
222,2762809.525995,531666
223,2762809.525995,534042
224,2762809.525995,536418
225,2762809.525995,538795
226,2762809.525995,541172
227,2762809.525995,543549
228,2762809.525995,545927
229,2762809.525995,548317
230,2762809.525995,550702
231,2762809.525995,553088
232,2762809.525995,555483
233,2762809.525995,557875
234,2762809.525995,560287
235,2762809.525995,562702
236,2762809.525995,565100
237,2762809.525995,567511
238,2762809.525995,569897
239,2762809.525995,572309
240,2762809.525995,574714
241,2762809.525995,577113
242,2762809.525995,579503
243,2762809.525995,581894
244,2762809.525995,584271
245,2762809.525995,586648
246,2762809.525995,589032
247,2762809.525995,591424
248,2762809.525995,593811
249,2762809.525995,596205
250,2762809.525995,598592
251,2762809.525995,600985
252,2762809.525995,603365
253,2762809.525995,605753
254,2762809.525995,608135
255,2762809.525995,610524
256,2762809.525995,612904
257,2762809.525995,615284
258,2762809.525995,617669
259,2762809.525995,620057
260,2762809.525995,622453
261,2762809.525995,624851
262,2762809.525995,627230
263,2762809.525995,629624
264,2762809.525995,632018
265,2762809.525995,634410
266,2762809.525995,636795
267,2762809.525995,639192
268,2762809.525995,641575
269,2762809.525995,643962
270,2762809.525995,646363
271,2762809.525995,648766
272,2762809.525995,651148
273,2762809.525995,653555
274,2762809.525995,655942
275,2762809.525995,658334
276,2762809.525995,660745
277,2762809.525995,663148
278,2762809.525995,665550
279,2762809.525995,667953
280,2762809.525995,670362
281,2762809.525995,672768
282,2762809.525995,675182
283,2762809.525995,677596
284,2762809.525995,679987
285,2762809.525995,682372
286,2762809.525995,684754
287,2762809.525995,687142
288,2762809.525995,689536
289,2762809.525995,691934
290,2762809.525995,694319
291,2762809.525995,696710
292,2762809.525995,699087
293,2762809.525995,701464
294,2762809.525995,703846
295,2762809.525995,706229
296,2762809.525995,708625
297,2762809.525995,711037
298,2762809.525995,713418
299,2762809.525995,715813
300,2762809.525995,718198
301,2762809.525995,720594
2762809.525995,40.731479
1,2762809.525995,2376
2,2762809.525995,4791
3,2762809.525995,7217
4,2762809.525995,9745
5,2762809.525995,12236
6,2762809.525995,14654
7,2762809.525995,17083
8,2762809.525995,19478
9,2762809.525995,21874
10,2762809.525995,24256
11,2762809.525995,26638
12,2762809.525995,29022
13,2762809.525995,31407
14,2762809.525995,33783
15,2762809.525995,36159
16,2762809.525995,38535
17,2762809.525995,40921
18,2762809.525995,43303
19,2762809.525995,45679
20,2762809.525995,48055
21,2762809.525995,50434
22,2762809.525995,52825
23,2762809.525995,55205
24,2762809.525995,57585
25,2762809.525995,59981
26,2762809.525995,62376
27,2762809.525995,64768
28,2762809.525995,67170
29,2762809.525995,69576
30,2762809.525995,71975
31,2762809.525995,74380
32,2762809.525995,76775
33,2762809.525995,79174
34,2762809.525995,81571
35,2762809.525995,83992
36,2762809.525995,86397
37,2762809.525995,88807
38,2762809.525995,91208
39,2762809.525995,93633
40,2762809.525995,96043
41,2762809.525995,98459
42,2762809.525995,100837
43,2762809.525995,103234
44,2762809.525995,105621
45,2762809.525995,108011
46,2762809.525995,110421
47,2762809.525995,112840
48,2762809.525995,115252
49,2762809.525995,117682
50,2762809.525995,120058
51,2762809.525995,122439
52,2762809.525995,124835
53,2762809.525995,127215
54,2762809.525995,129598
55,2762809.525995,131997
56,2762809.525995,134418
57,2762809.525995,136831
58,2762809.525995,139244
59,2762809.525995,141649
60,2762809.525995,144055
61,2762809.525995,146441
62,2762809.525995,148849
63,2762809.525995,151283
64,2762809.525995,153692
65,2762809.525995,156146
66,2762809.525995,158582
67,2762809.525995,160982
68,2762809.525995,163372
69,2762809.525995,165763
70,2762809.525995,168144
71,2762809.525995,170532
72,2762809.525995,172908
73,2762809.525995,175292
74,2762809.525995,177668
75,2762809.525995,180066
76,2762809.525995,182457
77,2762809.525995,184851
78,2762809.525995,187271
79,2762809.525995,189683
80,2762809.525995,192085
81,2762809.525995,194494
82,2762809.525995,196886
83,2762809.525995,199280
84,2762809.525995,201659
85,2762809.525995,204042
86,2762809.525995,206420
87,2762809.525995,208811
88,2762809.525995,211196
89,2762809.525995,213584
90,2762809.525995,215979
91,2762809.525995,218371
92,2762809.525995,220758
93,2762809.525995,223159
94,2762809.525995,225536
95,2762809.525995,227931
96,2762809.525995,230323
97,2762809.525995,232733
98,2762809.525995,235146
99,2762809.525995,237551
100,2762809.525995,239968
101,2762809.525995,242383
102,2762809.525995,244797
103,2762809.525995,247203
104,2762809.525995,249608
105,2762809.525995,252000
106,2762809.525995,254410
107,2762809.525995,256828
108,2762809.525995,259212
109,2762809.525995,261600
110,2762809.525995,263979
111,2762809.525995,266372
112,2762809.525995,268757
113,2762809.525995,271150
114,2762809.525995,273545
115,2762809.525995,275948
116,2762809.525995,278363
117,2762809.525995,280814
118,2762809.525995,283223
119,2762809.525995,285638
120,2762809.525995,288036
121,2762809.525995,290451
122,2762809.525995,292890
123,2762809.525995,295291
124,2762809.525995,297674
125,2762809.525995,300050
126,2762809.525995,302433
127,2762809.525995,304833
128,2762809.525995,307209
129,2762809.525995,309585
130,2762809.525995,311967
131,2762809.525995,314349
132,2762809.525995,316738
133,2762809.525995,319137
134,2762809.525995,321516
135,2762809.525995,323908
136,2762809.525995,326290
137,2762809.525995,328674
138,2762809.525995,331058
139,2762809.525995,333456
140,2762809.525995,335844
141,2762809.525995,338228
142,2762809.525995,340626
143,2762809.525995,343043
144,2762809.525995,345423
145,2762809.525995,347805
146,2762809.525995,350193
147,2762809.525995,352589
148,2762809.525995,354984
149,2762809.525995,357373
150,2762809.525995,359754
151,2762809.525995,362158
152,2762809.525995,364536
153,2762809.525995,366935
154,2762809.525995,369332
155,2762809.525995,371718
156,2762809.525995,374104
157,2762809.525995,376505
158,2762809.525995,378908
159,2762809.525995,381302
160,2762809.525995,383689
161,2762809.525995,386076
162,2762809.525995,388456
163,2762809.525995,390841
164,2762809.525995,393219
165,2762809.525995,395617
166,2762809.525995,398012
167,2762809.525995,400407
168,2762809.525995,402820
169,2762809.525995,405222
170,2762809.525995,407611
171,2762809.525995,410017
172,2762809.525995,412429
173,2762809.525995,414871
174,2762809.525995,417270
175,2762809.525995,419666
176,2762809.525995,422046
177,2762809.525995,424435
178,2762809.525995,426828
179,2762809.525995,429246
180,2762809.525995,431636
181,2762809.525995,434042
182,2762809.525995,436456
183,2762809.525995,438865
184,2762809.525995,441265
185,2762809.525995,443641
186,2762809.525995,446017
187,2762809.525995,448397
188,2762809.525995,450778
189,2762809.525995,453159
190,2762809.525995,455557
191,2762809.525995,457960
192,2762809.525995,460357
193,2762809.525995,462754
194,2762809.525995,465134
195,2762809.525995,467524
196,2762809.525995,469920
197,2762809.525995,472314
198,2762809.525995,474714
199,2762809.525995,477104
200,2762809.525995,479500
201,2762809.525995,481917
202,2762809.525995,484313
203,2762809.525995,486718
204,2762809.525995,489106
205,2762809.525995,491496
206,2762809.525995,493888
207,2762809.525995,496282
208,2762809.525995,498695
209,2762809.525995,501119
210,2762809.525995,503504
211,2762809.525995,505901
212,2762809.525995,508297
213,2762809.525995,510701
214,2762809.525995,513119
215,2762809.525995,515516
216,2762809.525995,517899
217,2762809.525995,520300
218,2762809.525995,522695
219,2762809.525995,525077
220,2762809.525995,527458
221,2762809.525995,529834
222,2762809.525995,532215
223,2762809.525995,534605
224,2762809.525995,536992
225,2762809.525995,539381
226,2762809.525995,541774
227,2762809.525995,544162
228,2762809.525995,546556
229,2762809.525995,548954
230,2762809.525995,551353
231,2762809.525995,553738
232,2762809.525995,556131
233,2762809.525995,558508
234,2762809.525995,560887
235,2762809.525995,563273
236,2762809.525995,565657
237,2762809.525995,568047
238,2762809.525995,570442
239,2762809.525995,572824
240,2762809.525995,575212
241,2762809.525995,577616
242,2762809.525995,580015
243,2762809.525995,582423
244,2762809.525995,584847
245,2762809.525995,587261
246,2762809.525995,589671
247,2762809.525995,592060
248,2762809.525995,594436
249,2762809.525995,596834
250,2762809.525995,599227
251,2762809.525995,601604
252,2762809.525995,603994
253,2762809.525995,606380
254,2762809.525995,608779
255,2762809.525995,611166
256,2762809.525995,613556
257,2762809.525995,615932
258,2762809.525995,618308
259,2762809.525995,620696
260,2762809.525995,623080
261,2762809.525995,625466
262,2762809.525995,627853
263,2762809.525995,630238
264,2762809.525995,632633
265,2762809.525995,635031
266,2762809.525995,637442
267,2762809.525995,639854
268,2762809.525995,642239
269,2762809.525995,644636
270,2762809.525995,647026
271,2762809.525995,649431
272,2762809.525995,651845
273,2762809.525995,654280
274,2762809.525995,656716
275,2762809.525995,659147
276,2762809.525995,661559
277,2762809.525995,663967
278,2762809.525995,666362
279,2762809.525995,668748
280,2762809.525995,671141
281,2762809.525995,673536
282,2762809.525995,675940
283,2762809.525995,678316
284,2762809.525995,680695
285,2762809.525995,683078
286,2762809.525995,685468
287,2762809.525995,687859
288,2762809.525995,690253
289,2762809.525995,692654
290,2762809.525995,695047
291,2762809.525995,697455
292,2762809.525995,699846
293,2762809.525995,702229
294,2762809.525995,704624
295,2762809.525995,707032
296,2762809.525995,709423
297,2762809.525995,711811
298,2762809.525995,714188
299,2762809.525995,716565
300,2762809.525995,718947
2762809.525995,40.445264
1,2762809.525995,2376
2,2762809.525995,4772
3,2762809.525995,7176
4,2762809.525995,9685
5,2762809.525995,12181
6,2762809.525995,14638
7,2762809.525995,17061
8,2762809.525995,19451
9,2762809.525995,21854
10,2762809.525995,24250
11,2762809.525995,26640
12,2762809.525995,29022
13,2762809.525995,31404
14,2762809.525995,33792
15,2762809.525995,36173
16,2762809.525995,38557
17,2762809.525995,40942
18,2762809.525995,43318
19,2762809.525995,45694
20,2762809.525995,48070
21,2762809.525995,50446
22,2762809.525995,52829
23,2762809.525995,55207
24,2762809.525995,57597
25,2762809.525995,59985
26,2762809.525995,62389
27,2762809.525995,64788
28,2762809.525995,67193
29,2762809.525995,69600
30,2762809.525995,71998
31,2762809.525995,74399
32,2762809.525995,76807
33,2762809.525995,79217
34,2762809.525995,81625
35,2762809.525995,84032
36,2762809.525995,86431
37,2762809.525995,88880
38,2762809.525995,91274
39,2762809.525995,93694
40,2762809.525995,96093
41,2762809.525995,98510
42,2762809.525995,100916
43,2762809.525995,103305
44,2762809.525995,105700
45,2762809.525995,108094
46,2762809.525995,110502
47,2762809.525995,112900
48,2762809.525995,115302
49,2762809.525995,117693
50,2762809.525995,120094
51,2762809.525995,122487
52,2762809.525995,124871
53,2762809.525995,127263
54,2762809.525995,129660
55,2762809.525995,132061
56,2762809.525995,134451
57,2762809.525995,136856
58,2762809.525995,139247
59,2762809.525995,141631
60,2762809.525995,144056
61,2762809.525995,146470
62,2762809.525995,148865
63,2762809.525995,151272
64,2762809.525995,153659
65,2762809.525995,156050
66,2762809.525995,158466
67,2762809.525995,160891
68,2762809.525995,163319
69,2762809.525995,165757
70,2762809.525995,168171
71,2762809.525995,170585
72,2762809.525995,172990
73,2762809.525995,175378
74,2762809.525995,177771
75,2762809.525995,180147
76,2762809.525995,182543
77,2762809.525995,184944
78,2762809.525995,187320
79,2762809.525995,189696
80,2762809.525995,192079
81,2762809.525995,194465
82,2762809.525995,196866
83,2762809.525995,199269
84,2762809.525995,201683
85,2762809.525995,204083
86,2762809.525995,206491
87,2762809.525995,208895
88,2762809.525995,211304
89,2762809.525995,213712
90,2762809.525995,216113
91,2762809.525995,218521
92,2762809.525995,220923
93,2762809.525995,223320
94,2762809.525995,225716
95,2762809.525995,228115
96,2762809.525995,230510
97,2762809.525995,232895
98,2762809.525995,235283
99,2762809.525995,237673
100,2762809.525995,240087
101,2762809.525995,242487
102,2762809.525995,244881
103,2762809.525995,247271
104,2762809.525995,249651
105,2762809.525995,252059
106,2762809.525995,254459
107,2762809.525995,256854
108,2762809.525995,259257
109,2762809.525995,261649
110,2762809.525995,264033
111,2762809.525995,266441
112,2762809.525995,268833
113,2762809.525995,271227
114,2762809.525995,273613
115,2762809.525995,275997
116,2762809.525995,278392
117,2762809.525995,280801
118,2762809.525995,283225
119,2762809.525995,285639
120,2762809.525995,288033
121,2762809.525995,290435
122,2762809.525995,292818
123,2762809.525995,295211
124,2762809.525995,297616
125,2762809.525995,300016
126,2762809.525995,302410
127,2762809.525995,304791
128,2762809.525995,307181
129,2762809.525995,309579
130,2762809.525995,311970
131,2762809.525995,314352
132,2762809.525995,316737
133,2762809.525995,319133
134,2762809.525995,321514
135,2762809.525995,323916
136,2762809.525995,326316
137,2762809.525995,328700
138,2762809.525995,331083
139,2762809.525995,333468
140,2762809.525995,335858
141,2762809.525995,338251
142,2762809.525995,340643
143,2762809.525995,343033
144,2762809.525995,345421
145,2762809.525995,347830
146,2762809.525995,350235
147,2762809.525995,352644
148,2762809.525995,355046
149,2762809.525995,357445
150,2762809.525995,359826
151,2762809.525995,362208
152,2762809.525995,364603
153,2762809.525995,367019
154,2762809.525995,369416
155,2762809.525995,371807
156,2762809.525995,374208
157,2762809.525995,376602
158,2762809.525995,378994
159,2762809.525995,381399
160,2762809.525995,383780
161,2762809.525995,386163
162,2762809.525995,388552
163,2762809.525995,390937
164,2762809.525995,393329
165,2762809.525995,395738
166,2762809.525995,398126
167,2762809.525995,400503
168,2762809.525995,402888
169,2762809.525995,405283
170,2762809.525995,407673
171,2762809.525995,410066
172,2762809.525995,412461
173,2762809.525995,414854
174,2762809.525995,417244
175,2762809.525995,419643
176,2762809.525995,422028
177,2762809.525995,424411
178,2762809.525995,426789
179,2762809.525995,429169
180,2762809.525995,431564
181,2762809.525995,433965
182,2762809.525995,436364
183,2762809.525995,438767
184,2762809.525995,441173
185,2762809.525995,443581
186,2762809.525995,445971
187,2762809.525995,448383
188,2762809.525995,450773
189,2762809.525995,453165
190,2762809.525995,455555
191,2762809.525995,457948
192,2762809.525995,460339
193,2762809.525995,462725
194,2762809.525995,465110
195,2762809.525995,467498
196,2762809.525995,469887
197,2762809.525995,472299
198,2762809.525995,474720
199,2762809.525995,477138
200,2762809.525995,479532
201,2762809.525995,481918
202,2762809.525995,484294
203,2762809.525995,486683
204,2762809.525995,489073
205,2762809.525995,491452
206,2762809.525995,493839
207,2762809.525995,496247
208,2762809.525995,498643
209,2762809.525995,501043
210,2762809.525995,503437
211,2762809.525995,505833
212,2762809.525995,508221
213,2762809.525995,510613
214,2762809.525995,513015
215,2762809.525995,515430
216,2762809.525995,517818
217,2762809.525995,520208
218,2762809.525995,522606
219,2762809.525995,525017
220,2762809.525995,527399
221,2762809.525995,529784
222,2762809.525995,532170
223,2762809.525995,534565
224,2762809.525995,536981
225,2762809.525995,539391
226,2762809.525995,541811
227,2762809.525995,544215
228,2762809.525995,546612
229,2762809.525995,549012
230,2762809.525995,551402
231,2762809.525995,553778
232,2762809.525995,556156
233,2762809.525995,558535
234,2762809.525995,560926
235,2762809.525995,563326
236,2762809.525995,565740
237,2762809.525995,568128
238,2762809.525995,570516
239,2762809.525995,572910
240,2762809.525995,575301
241,2762809.525995,577713
242,2762809.525995,580111
243,2762809.525995,582507
244,2762809.525995,584893
245,2762809.525995,587299
246,2762809.525995,589676
247,2762809.525995,592053
248,2762809.525995,594438
249,2762809.525995,596818
250,2762809.525995,599211
251,2762809.525995,601634
252,2762809.525995,604040
253,2762809.525995,606461
254,2762809.525995,608882
255,2762809.525995,611275
256,2762809.525995,613664
257,2762809.525995,616056
258,2762809.525995,618445
259,2762809.525995,620848
260,2762809.525995,623240
261,2762809.525995,625645
262,2762809.525995,628032
263,2762809.525995,630414
264,2762809.525995,632803
265,2762809.525995,635192
266,2762809.525995,637568
267,2762809.525995,639945
268,2762809.525995,642321
269,2762809.525995,644707
270,2762809.525995,647093
271,2762809.525995,649515
272,2762809.525995,651913
273,2762809.525995,654323
274,2762809.525995,656723
275,2762809.525995,659128
276,2762809.525995,661517
277,2762809.525995,663905
278,2762809.525995,666299
279,2762809.525995,668716
280,2762809.525995,671095
281,2762809.525995,673476
282,2762809.525995,675862
283,2762809.525995,678258
284,2762809.525995,680649
285,2762809.525995,683041
286,2762809.525995,685417
287,2762809.525995,687793
288,2762809.525995,690169
289,2762809.525995,692545
290,2762809.525995,694922
291,2762809.525995,697299
292,2762809.525995,699693
293,2762809.525995,702084
294,2762809.525995,704473
295,2762809.525995,706857
296,2762809.525995,709247
297,2762809.525995,711638
298,2762809.525995,714046
299,2762809.525995,716434
300,2762809.525995,718818
2762809.525995,40.240202
1,2762809.525995,2376
2,2762809.525995,4766
3,2762809.525995,7161
4,2762809.525995,9658
5,2762809.525995,12136
6,2762809.525995,14565
7,2762809.525995,16987
8,2762809.525995,19382
9,2762809.525995,21779
10,2762809.525995,24155
11,2762809.525995,26543
12,2762809.525995,28919
13,2762809.525995,31310
14,2762809.525995,33695
15,2762809.525995,36081
16,2762809.525995,38465
17,2762809.525995,40850
18,2762809.525995,43226
19,2762809.525995,45602
20,2762809.525995,47983
21,2762809.525995,50371
22,2762809.525995,52764
23,2762809.525995,55140
24,2762809.525995,57516
25,2762809.525995,59898
26,2762809.525995,62277
27,2762809.525995,64660
28,2762809.525995,67043
29,2762809.525995,69462
30,2762809.525995,71852
31,2762809.525995,74239
32,2762809.525995,76628
33,2762809.525995,79016
34,2762809.525995,81403
35,2762809.525995,83788
36,2762809.525995,86181
37,2762809.525995,88589
38,2762809.525995,90988
39,2762809.525995,93397
40,2762809.525995,95817
41,2762809.525995,98216
42,2762809.525995,100616
43,2762809.525995,103028
44,2762809.525995,105416
45,2762809.525995,107833
46,2762809.525995,110216
47,2762809.525995,112628
48,2762809.525995,115037
49,2762809.525995,117446
50,2762809.525995,119839
51,2762809.525995,122219
52,2762809.525995,124602
53,2762809.525995,126985
54,2762809.525995,129378
55,2762809.525995,131769
56,2762809.525995,134145
57,2762809.525995,136521
58,2762809.525995,138905
59,2762809.525995,141288
60,2762809.525995,143691
61,2762809.525995,146082
62,2762809.525995,148477
63,2762809.525995,150860
64,2762809.525995,153240
65,2762809.525995,155634
66,2762809.525995,158031
67,2762809.525995,160431
68,2762809.525995,162839
69,2762809.525995,165265
70,2762809.525995,167648
71,2762809.525995,170032
72,2762809.525995,172427
73,2762809.525995,174806
74,2762809.525995,177197
75,2762809.525995,179588
76,2762809.525995,181977
77,2762809.525995,184369
78,2762809.525995,186761
79,2762809.525995,189164
80,2762809.525995,191553
81,2762809.525995,193936
82,2762809.525995,196328
83,2762809.525995,198731
84,2762809.525995,201119
85,2762809.525995,203511
86,2762809.525995,205901
87,2762809.525995,208307
88,2762809.525995,210707
89,2762809.525995,213090
90,2762809.525995,215474
91,2762809.525995,217855
92,2762809.525995,220238
93,2762809.525995,222630
94,2762809.525995,225014
95,2762809.525995,227390
96,2762809.525995,229768
97,2762809.525995,232149
98,2762809.525995,234540
99,2762809.525995,236938
100,2762809.525995,239331
101,2762809.525995,241721
102,2762809.525995,244125
103,2762809.525995,246533
104,2762809.525995,248914
105,2762809.525995,251298
106,2762809.525995,253693
107,2762809.525995,256094
108,2762809.525995,258497
109,2762809.525995,260926
110,2762809.525995,263330
111,2762809.525995,265722
112,2762809.525995,268117
113,2762809.525995,270514
114,2762809.525995,272903
115,2762809.525995,275289
116,2762809.525995,277682
117,2762809.525995,280076
118,2762809.525995,282457
119,2762809.525995,284843
120,2762809.525995,287238
121,2762809.525995,289640
122,2762809.525995,292027
123,2762809.525995,294438
124,2762809.525995,296847
125,2762809.525995,299261
126,2762809.525995,301646
127,2762809.525995,304033
128,2762809.525995,306417
129,2762809.525995,308803
130,2762809.525995,311194
131,2762809.525995,313590
132,2762809.525995,315976
133,2762809.525995,318367
134,2762809.525995,320772
135,2762809.525995,323151
136,2762809.525995,325533
137,2762809.525995,327919
138,2762809.525995,330325
139,2762809.525995,332733
140,2762809.525995,335137
141,2762809.525995,337529
142,2762809.525995,339916
143,2762809.525995,342304
144,2762809.525995,344702
145,2762809.525995,347099
146,2762809.525995,349489
147,2762809.525995,351884
148,2762809.525995,354286
149,2762809.525995,356702
150,2762809.525995,359083
151,2762809.525995,361470
152,2762809.525995,363857
153,2762809.525995,366246
154,2762809.525995,368629
155,2762809.525995,371013
156,2762809.525995,373389
157,2762809.525995,375765
158,2762809.525995,378146
159,2762809.525995,380536
160,2762809.525995,382929
161,2762809.525995,385324
162,2762809.525995,387700
163,2762809.525995,390083
164,2762809.525995,392474
165,2762809.525995,394873
166,2762809.525995,397266
167,2762809.525995,399665
168,2762809.525995,402064
169,2762809.525995,404473
170,2762809.525995,406888
171,2762809.525995,409277
172,2762809.525995,411664
173,2762809.525995,414040
174,2762809.525995,416422
175,2762809.525995,418818
176,2762809.525995,421210
177,2762809.525995,423621
178,2762809.525995,426035
179,2762809.525995,428443
180,2762809.525995,430834
181,2762809.525995,433234
182,2762809.525995,435618
183,2762809.525995,438004
184,2762809.525995,440389
185,2762809.525995,442785
186,2762809.525995,445163
187,2762809.525995,447556
188,2762809.525995,449944
189,2762809.525995,452320
190,2762809.525995,454699
191,2762809.525995,457084
192,2762809.525995,459486
193,2762809.525995,461887
194,2762809.525995,464282
195,2762809.525995,466687
196,2762809.525995,469093
197,2762809.525995,471495
198,2762809.525995,473881
199,2762809.525995,476257
200,2762809.525995,478642
201,2762809.525995,481021
202,2762809.525995,483406
203,2762809.525995,485804
204,2762809.525995,488203
205,2762809.525995,490591
206,2762809.525995,492982
207,2762809.525995,495365
208,2762809.525995,497755
209,2762809.525995,500131
210,2762809.525995,502507
211,2762809.525995,504883
212,2762809.525995,507261
213,2762809.525995,509639
214,2762809.525995,512021
215,2762809.525995,514414
216,2762809.525995,516817
217,2762809.525995,519222
218,2762809.525995,521625
219,2762809.525995,524014
220,2762809.525995,526397
221,2762809.525995,528789
222,2762809.525995,531182
223,2762809.525995,533589
224,2762809.525995,535992
225,2762809.525995,538390
226,2762809.525995,540777
227,2762809.525995,543163
228,2762809.525995,545553
229,2762809.525995,547940
230,2762809.525995,550329
231,2762809.525995,552719
232,2762809.525995,555107
233,2762809.525995,557495
234,2762809.525995,559874
235,2762809.525995,562255
236,2762809.525995,564643
237,2762809.525995,567037
238,2762809.525995,569413
239,2762809.525995,571794
240,2762809.525995,574170
241,2762809.525995,576559
242,2762809.525995,578937
243,2762809.525995,581316
244,2762809.525995,583696
245,2762809.525995,586080
246,2762809.525995,588467
247,2762809.525995,590875
248,2762809.525995,593266
249,2762809.525995,595678
250,2762809.525995,598067
251,2762809.525995,600482
252,2762809.525995,602881
253,2762809.525995,605278
254,2762809.525995,607686
255,2762809.525995,610093
256,2762809.525995,612491
257,2762809.525995,614884
258,2762809.525995,617274
259,2762809.525995,619665
260,2762809.525995,622046
261,2762809.525995,624428
262,2762809.525995,626813
263,2762809.525995,629199
264,2762809.525995,631593
265,2762809.525995,633995
266,2762809.525995,636417
267,2762809.525995,638837
268,2762809.525995,641265
269,2762809.525995,643658
270,2762809.525995,646057
271,2762809.525995,648465
272,2762809.525995,650880
273,2762809.525995,653296
274,2762809.525995,655695
275,2762809.525995,658097
276,2762809.525995,660473
277,2762809.525995,662849
278,2762809.525995,665230
279,2762809.525995,667621
280,2762809.525995,669998
281,2762809.525995,672394
282,2762809.525995,674787
283,2762809.525995,677177
284,2762809.525995,679568
285,2762809.525995,681969
286,2762809.525995,684373
287,2762809.525995,686771
288,2762809.525995,689176
289,2762809.525995,691564
290,2762809.525995,693951
291,2762809.525995,696338
292,2762809.525995,698729
293,2762809.525995,701153
294,2762809.525995,703581
295,2762809.525995,705976
296,2762809.525995,708357
297,2762809.525995,710742
298,2762809.525995,713139
299,2762809.525995,715529
300,2762809.525995,717924
301,2762809.525995,720317
2762809.525995,40.533466
1,2762809.525995,2376
2,2762809.525995,4804
3,2762809.525995,7220
4,2762809.525995,9701
5,2762809.525995,12154
6,2762809.525995,14590
7,2762809.525995,17024
8,2762809.525995,19440
9,2762809.525995,21837
10,2762809.525995,24221
11,2762809.525995,26597
12,2762809.525995,28982
13,2762809.525995,31368
14,2762809.525995,33756
15,2762809.525995,36147
16,2762809.525995,38523
17,2762809.525995,40899
18,2762809.525995,43275
19,2762809.525995,45653
20,2762809.525995,48042
21,2762809.525995,50432
22,2762809.525995,52816
23,2762809.525995,55207
24,2762809.525995,57611
25,2762809.525995,60021
26,2762809.525995,62421
27,2762809.525995,64832
28,2762809.525995,67245
29,2762809.525995,69662
30,2762809.525995,72063
31,2762809.525995,74467
32,2762809.525995,76860
33,2762809.525995,79271
34,2762809.525995,81679
35,2762809.525995,84063
36,2762809.525995,86453
37,2762809.525995,88864
38,2762809.525995,91265
39,2762809.525995,93658
40,2762809.525995,96065
41,2762809.525995,98467
42,2762809.525995,100862
43,2762809.525995,103265
44,2762809.525995,105661
45,2762809.525995,108073
46,2762809.525995,110461
47,2762809.525995,112846
48,2762809.525995,115228
49,2762809.525995,117611
50,2762809.525995,120004
51,2762809.525995,122401
52,2762809.525995,124804
53,2762809.525995,127211
54,2762809.525995,129600
55,2762809.525995,132000
56,2762809.525995,134407
57,2762809.525995,136819
58,2762809.525995,139206
59,2762809.525995,141607
60,2762809.525995,143986
61,2762809.525995,146365
62,2762809.525995,148745
63,2762809.525995,151125
64,2762809.525995,153512
65,2762809.525995,155907
66,2762809.525995,158296
67,2762809.525995,160689
68,2762809.525995,163082
69,2762809.525995,165483
70,2762809.525995,167900
71,2762809.525995,170323
72,2762809.525995,172728
73,2762809.525995,175139
74,2762809.525995,177532
75,2762809.525995,179927
76,2762809.525995,182316
77,2762809.525995,184716
78,2762809.525995,187097
79,2762809.525995,189492
80,2762809.525995,191876
81,2762809.525995,194293
82,2762809.525995,196694
83,2762809.525995,199114
84,2762809.525995,201530
85,2762809.525995,203965
86,2762809.525995,206385
87,2762809.525995,208815
88,2762809.525995,211240
89,2762809.525995,213670
90,2762809.525995,216097
91,2762809.525995,218573
92,2762809.525995,220967
93,2762809.525995,223391
94,2762809.525995,225778
95,2762809.525995,228175
96,2762809.525995,230553
97,2762809.525995,232938
98,2762809.525995,235314
99,2762809.525995,237699
100,2762809.525995,240082
101,2762809.525995,242463
102,2762809.525995,244852
103,2762809.525995,247228
104,2762809.525995,249609
105,2762809.525995,252006
106,2762809.525995,254391
107,2762809.525995,256786
108,2762809.525995,259189
109,2762809.525995,261583
110,2762809.525995,263983
111,2762809.525995,266375
112,2762809.525995,268759
113,2762809.525995,271138
114,2762809.525995,273523
115,2762809.525995,275911
116,2762809.525995,278320
117,2762809.525995,280723
118,2762809.525995,283128
119,2762809.525995,285545
120,2762809.525995,287965
121,2762809.525995,290368
122,2762809.525995,292761
123,2762809.525995,295169
124,2762809.525995,297567
125,2762809.525995,299967
126,2762809.525995,302371
127,2762809.525995,304768
128,2762809.525995,307156
129,2762809.525995,309560
130,2762809.525995,311972
131,2762809.525995,314366
132,2762809.525995,316742
133,2762809.525995,319118
134,2762809.525995,321500
135,2762809.525995,323876
136,2762809.525995,326252
137,2762809.525995,328628
138,2762809.525995,331015
139,2762809.525995,333408
140,2762809.525995,335813
141,2762809.525995,338225
142,2762809.525995,340607
143,2762809.525995,342983
144,2762809.525995,345359
145,2762809.525995,347735
146,2762809.525995,350121
147,2762809.525995,352512
148,2762809.525995,354901
149,2762809.525995,357285
150,2762809.525995,359668
151,2762809.525995,362080
152,2762809.525995,364473
153,2762809.525995,366891
154,2762809.525995,369292
155,2762809.525995,371708
156,2762809.525995,374103
157,2762809.525995,376489
158,2762809.525995,378891
159,2762809.525995,381292
160,2762809.525995,383695
161,2762809.525995,386084
162,2762809.525995,388464
163,2762809.525995,390847
164,2762809.525995,393245
165,2762809.525995,395645
166,2762809.525995,398021
167,2762809.525995,400411
168,2762809.525995,402790
169,2762809.525995,405185
170,2762809.525995,407567
171,2762809.525995,409966
172,2762809.525995,412355
173,2762809.525995,414764
174,2762809.525995,417159
175,2762809.525995,419549
176,2762809.525995,421940
177,2762809.525995,424340
178,2762809.525995,426722
179,2762809.525995,429124
180,2762809.525995,431514
181,2762809.525995,433894
182,2762809.525995,436287
183,2762809.525995,438693
184,2762809.525995,441105
185,2762809.525995,443536
186,2762809.525995,445949
187,2762809.525995,448353
188,2762809.525995,450741
189,2762809.525995,453129
190,2762809.525995,455516
191,2762809.525995,457909
192,2762809.525995,460298
193,2762809.525995,462689
194,2762809.525995,465096
195,2762809.525995,467491
196,2762809.525995,469877
197,2762809.525995,472263
198,2762809.525995,474657
199,2762809.525995,477046
200,2762809.525995,479454
201,2762809.525995,481855
202,2762809.525995,484257
203,2762809.525995,486657
204,2762809.525995,489045
205,2762809.525995,491432
206,2762809.525995,493827
207,2762809.525995,496224
208,2762809.525995,498629
209,2762809.525995,501043
210,2762809.525995,503460
211,2762809.525995,505897
212,2762809.525995,508307
213,2762809.525995,510715
214,2762809.525995,513103
215,2762809.525995,515493
216,2762809.525995,517872
217,2762809.525995,520263
218,2762809.525995,522662
219,2762809.525995,525078
220,2762809.525995,527498
221,2762809.525995,529928
222,2762809.525995,532333
223,2762809.525995,534736
224,2762809.525995,537141
225,2762809.525995,539540
226,2762809.525995,541933
227,2762809.525995,544328
228,2762809.525995,546734
229,2762809.525995,549139
230,2762809.525995,551515
231,2762809.525995,553891
232,2762809.525995,556271
233,2762809.525995,558655
234,2762809.525995,561048
235,2762809.525995,563443
236,2762809.525995,565821
237,2762809.525995,568200
238,2762809.525995,570597
239,2762809.525995,573000
240,2762809.525995,575412
241,2762809.525995,577814
242,2762809.525995,580210
243,2762809.525995,582611
244,2762809.525995,585005
245,2762809.525995,587406
246,2762809.525995,589793
247,2762809.525995,592191
248,2762809.525995,594581
249,2762809.525995,596975
250,2762809.525995,599371
251,2762809.525995,601769
252,2762809.525995,604158
253,2762809.525995,606550
254,2762809.525995,608950
255,2762809.525995,611341
256,2762809.525995,613729
257,2762809.525995,616124
258,2762809.525995,618514
259,2762809.525995,620918
260,2762809.525995,623312
261,2762809.525995,625708
262,2762809.525995,628103
263,2762809.525995,630503
264,2762809.525995,632896
265,2762809.525995,635281
266,2762809.525995,637680
267,2762809.525995,640068
268,2762809.525995,642467
269,2762809.525995,644858
270,2762809.525995,647251
271,2762809.525995,649641
272,2762809.525995,652033
273,2762809.525995,654428
274,2762809.525995,656846
275,2762809.525995,659254
276,2762809.525995,661642
277,2762809.525995,664037
278,2762809.525995,666431
279,2762809.525995,668812
280,2762809.525995,671191
281,2762809.525995,673570
282,2762809.525995,675954
283,2762809.525995,678344
284,2762809.525995,680737
285,2762809.525995,683137
286,2762809.525995,685551
287,2762809.525995,687964
288,2762809.525995,690355
289,2762809.525995,692760
290,2762809.525995,695156
291,2762809.525995,697547
292,2762809.525995,699938
293,2762809.525995,702324
294,2762809.525995,704724
295,2762809.525995,707112
296,2762809.525995,709504
297,2762809.525995,711898
298,2762809.525995,714285
299,2762809.525995,716681
300,2762809.525995,719097
2762809.525995,40.491530
1,2762809.525995,2376
2,2762809.525995,4794
3,2762809.525995,7221
4,2762809.525995,9735
5,2762809.525995,12206
6,2762809.525995,14612
7,2762809.525995,17029
8,2762809.525995,19431
9,2762809.525995,21819
10,2762809.525995,24195
11,2762809.525995,26571
12,2762809.525995,28947
13,2762809.525995,31323
14,2762809.525995,33699
15,2762809.525995,36075
16,2762809.525995,38451
17,2762809.525995,40827
18,2762809.525995,43203
19,2762809.525995,45579
20,2762809.525995,47955
21,2762809.525995,50339
22,2762809.525995,52723
23,2762809.525995,55107
24,2762809.525995,57494
25,2762809.525995,59886
26,2762809.525995,62267
27,2762809.525995,64679
28,2762809.525995,67074
29,2762809.525995,69473
30,2762809.525995,71895
31,2762809.525995,74293
32,2762809.525995,76693
33,2762809.525995,79103
34,2762809.525995,81503
35,2762809.525995,83916
36,2762809.525995,86325
37,2762809.525995,88724
38,2762809.525995,91110
39,2762809.525995,93507
40,2762809.525995,95883
41,2762809.525995,98272
42,2762809.525995,100657
43,2762809.525995,103055
44,2762809.525995,105451
45,2762809.525995,107843
46,2762809.525995,110247
47,2762809.525995,112664
48,2762809.525995,115069
49,2762809.525995,117468
50,2762809.525995,119854
51,2762809.525995,122252
52,2762809.525995,124645
53,2762809.525995,127043
54,2762809.525995,129425
55,2762809.525995,131808
56,2762809.525995,134188
57,2762809.525995,136581
58,2762809.525995,138973
59,2762809.525995,141360
60,2762809.525995,143755
61,2762809.525995,146180
62,2762809.525995,148590
63,2762809.525995,151001
64,2762809.525995,153401
65,2762809.525995,155803
66,2762809.525995,158205
67,2762809.525995,160592
68,2762809.525995,162988
69,2762809.525995,165387
70,2762809.525995,167789
71,2762809.525995,170210
72,2762809.525995,172641
73,2762809.525995,175037
74,2762809.525995,177439
75,2762809.525995,179843
76,2762809.525995,182222
77,2762809.525995,184602
78,2762809.525995,186986
79,2762809.525995,189378
80,2762809.525995,191762
81,2762809.525995,194142
82,2762809.525995,196533
83,2762809.525995,198940
84,2762809.525995,201336
85,2762809.525995,203739
86,2762809.525995,206115
87,2762809.525995,208491
88,2762809.525995,210875
89,2762809.525995,213258
90,2762809.525995,215648
91,2762809.525995,218043
92,2762809.525995,220433
93,2762809.525995,222831
94,2762809.525995,225218
95,2762809.525995,227605
96,2762809.525995,229993
97,2762809.525995,232379
98,2762809.525995,234764
99,2762809.525995,237155
100,2762809.525995,239549
101,2762809.525995,241948
102,2762809.525995,244346
103,2762809.525995,246760
104,2762809.525995,249169
105,2762809.525995,251559
106,2762809.525995,253944
107,2762809.525995,256329
108,2762809.525995,258716
109,2762809.525995,261115
110,2762809.525995,263499
111,2762809.525995,265883
112,2762809.525995,268278
113,2762809.525995,270676
114,2762809.525995,273078
115,2762809.525995,275492
116,2762809.525995,277877
117,2762809.525995,280274
118,2762809.525995,282657
119,2762809.525995,285073
120,2762809.525995,287471
121,2762809.525995,289881
122,2762809.525995,292283
123,2762809.525995,294691
124,2762809.525995,297074
125,2762809.525995,299458
126,2762809.525995,301843
127,2762809.525995,304241
128,2762809.525995,306629
129,2762809.525995,309021
130,2762809.525995,311423
131,2762809.525995,313814
132,2762809.525995,316204
133,2762809.525995,318586
134,2762809.525995,320973
135,2762809.525995,323355
136,2762809.525995,325746
137,2762809.525995,328142
138,2762809.525995,330543
139,2762809.525995,332946
140,2762809.525995,335333
141,2762809.525995,337726
142,2762809.525995,340110
143,2762809.525995,342494
144,2762809.525995,344877
145,2762809.525995,347292
146,2762809.525995,349699
147,2762809.525995,352097
148,2762809.525995,354481
149,2762809.525995,356882
150,2762809.525995,359286
151,2762809.525995,361683
152,2762809.525995,364097
153,2762809.525995,366497
154,2762809.525995,368873
155,2762809.525995,371249
156,2762809.525995,373626
157,2762809.525995,376003
158,2762809.525995,378388
159,2762809.525995,380773
160,2762809.525995,383165
161,2762809.525995,385557
162,2762809.525995,387948
163,2762809.525995,390339
164,2762809.525995,392738
165,2762809.525995,395158
166,2762809.525995,397564
167,2762809.525995,399975
168,2762809.525995,402374
169,2762809.525995,404779
170,2762809.525995,407165
171,2762809.525995,409543
172,2762809.525995,411932
173,2762809.525995,414316
174,2762809.525995,416709
175,2762809.525995,419108
176,2762809.525995,421513
177,2762809.525995,423920
178,2762809.525995,426306
179,2762809.525995,428702
180,2762809.525995,431079
181,2762809.525995,433461
182,2762809.525995,435847
183,2762809.525995,438250
184,2762809.525995,440666
185,2762809.525995,443077
186,2762809.525995,445468
187,2762809.525995,447873
188,2762809.525995,450269
189,2762809.525995,452671
190,2762809.525995,455068
191,2762809.525995,457455
192,2762809.525995,459838
193,2762809.525995,462225
194,2762809.525995,464606
195,2762809.525995,466989
196,2762809.525995,469368
197,2762809.525995,471755
198,2762809.525995,474137
199,2762809.525995,476521
200,2762809.525995,478897
201,2762809.525995,481275
202,2762809.525995,483666
203,2762809.525995,486060
204,2762809.525995,488436
205,2762809.525995,490812
206,2762809.525995,493189
207,2762809.525995,495572
208,2762809.525995,497953
209,2762809.525995,500338
210,2762809.525995,502724
211,2762809.525995,505110
212,2762809.525995,507492
213,2762809.525995,509888
214,2762809.525995,512288
215,2762809.525995,514680
216,2762809.525995,517061
217,2762809.525995,519443
218,2762809.525995,521830
219,2762809.525995,524220
220,2762809.525995,526606
221,2762809.525995,528994
222,2762809.525995,531383
223,2762809.525995,533774
224,2762809.525995,536163
225,2762809.525995,538567
226,2762809.525995,540964
227,2762809.525995,543360
228,2762809.525995,545750
229,2762809.525995,548153
230,2762809.525995,550554
231,2762809.525995,552957
232,2762809.525995,555337
233,2762809.525995,557722
234,2762809.525995,560122
235,2762809.525995,562512
236,2762809.525995,564905
237,2762809.525995,567282
238,2762809.525995,569663
239,2762809.525995,572052
240,2762809.525995,574455
241,2762809.525995,576854
242,2762809.525995,579256
243,2762809.525995,581642
244,2762809.525995,584036
245,2762809.525995,586431
246,2762809.525995,588825
247,2762809.525995,591241
248,2762809.525995,593637
249,2762809.525995,596040
250,2762809.525995,598431
251,2762809.525995,600827
252,2762809.525995,603232
253,2762809.525995,605657
254,2762809.525995,608092
255,2762809.525995,610493
256,2762809.525995,612914
257,2762809.525995,615307
258,2762809.525995,617708
259,2762809.525995,620125
260,2762809.525995,622509
261,2762809.525995,624891
262,2762809.525995,627273
263,2762809.525995,629657
264,2762809.525995,632047
265,2762809.525995,634440
266,2762809.525995,636831
267,2762809.525995,639242
268,2762809.525995,641635
269,2762809.525995,644036
270,2762809.525995,646446
271,2762809.525995,648887
272,2762809.525995,651283
273,2762809.525995,653679
274,2762809.525995,656074
275,2762809.525995,658479
276,2762809.525995,660864
277,2762809.525995,663259
278,2762809.525995,665656
279,2762809.525995,668059
280,2762809.525995,670456
281,2762809.525995,672857
282,2762809.525995,675267
283,2762809.525995,677679
284,2762809.525995,680074
285,2762809.525995,682475
286,2762809.525995,684862
287,2762809.525995,687259
288,2762809.525995,689646
289,2762809.525995,692047
290,2762809.525995,694426
291,2762809.525995,696807
292,2762809.525995,699205
293,2762809.525995,701599
294,2762809.525995,703994
295,2762809.525995,706402
296,2762809.525995,708800
297,2762809.525995,711196
298,2762809.525995,713587
299,2762809.525995,715988
300,2762809.525995,718379
301,2762809.525995,720774
2762809.525995,40.565892
1,2762809.525995,2376
2,2762809.525995,4766
3,2762809.525995,7170
4,2762809.525995,9644
5,2762809.525995,12128
6,2762809.525995,14616
7,2762809.525995,17091
8,2762809.525995,19524
9,2762809.525995,21910
10,2762809.525995,24299
11,2762809.525995,26701
12,2762809.525995,29097
13,2762809.525995,31499
14,2762809.525995,33875
15,2762809.525995,36251
16,2762809.525995,38627
17,2762809.525995,41010
18,2762809.525995,43396
19,2762809.525995,45776
20,2762809.525995,48158
21,2762809.525995,50546
22,2762809.525995,52934
23,2762809.525995,55316
24,2762809.525995,57697
25,2762809.525995,60073
26,2762809.525995,62463
27,2762809.525995,64853
28,2762809.525995,67251
29,2762809.525995,69654
30,2762809.525995,72061
31,2762809.525995,74488
32,2762809.525995,76882
33,2762809.525995,79301
34,2762809.525995,81698
35,2762809.525995,84120
36,2762809.525995,86502
37,2762809.525995,88891
38,2762809.525995,91292
39,2762809.525995,93687
40,2762809.525995,96081
41,2762809.525995,98477
42,2762809.525995,100877
43,2762809.525995,103280
44,2762809.525995,105672
45,2762809.525995,108097
46,2762809.525995,110509
47,2762809.525995,112922
48,2762809.525995,115300
49,2762809.525995,117691
50,2762809.525995,120074
51,2762809.525995,122459
52,2762809.525995,124841
53,2762809.525995,127246
54,2762809.525995,129645
55,2762809.525995,132050
56,2762809.525995,134433
57,2762809.525995,136818
58,2762809.525995,139205
59,2762809.525995,141610
60,2762809.525995,144021
61,2762809.525995,146424
62,2762809.525995,148809
63,2762809.525995,151219
64,2762809.525995,153617
65,2762809.525995,156011
66,2762809.525995,158403
67,2762809.525995,160795
68,2762809.525995,163180
69,2762809.525995,165568
70,2762809.525995,167951
71,2762809.525995,170349
72,2762809.525995,172755
73,2762809.525995,175173
74,2762809.525995,177550
75,2762809.525995,179969
76,2762809.525995,182354
77,2762809.525995,184757
78,2762809.525995,187161
79,2762809.525995,189572
80,2762809.525995,191975
81,2762809.525995,194393
82,2762809.525995,196806
83,2762809.525995,199226
84,2762809.525995,201625
85,2762809.525995,204038
86,2762809.525995,206448
87,2762809.525995,208825
88,2762809.525995,211204
89,2762809.525995,213583
90,2762809.525995,215973
91,2762809.525995,218370
92,2762809.525995,220781
93,2762809.525995,223196
94,2762809.525995,225572
95,2762809.525995,227950
96,2762809.525995,230341
97,2762809.525995,232746
98,2762809.525995,235151
99,2762809.525995,237575
100,2762809.525995,239993
101,2762809.525995,242422
102,2762809.525995,244847
103,2762809.525995,247305
104,2762809.525995,249722
105,2762809.525995,252145
106,2762809.525995,254552
107,2762809.525995,256951
108,2762809.525995,259365
109,2762809.525995,261771
110,2762809.525995,264176
111,2762809.525995,266594
112,2762809.525995,268994
113,2762809.525995,271386
114,2762809.525995,273778
115,2762809.525995,276163
116,2762809.525995,278553
117,2762809.525995,280945
118,2762809.525995,283332
119,2762809.525995,285719
120,2762809.525995,288103
121,2762809.525995,290494
122,2762809.525995,292888
123,2762809.525995,295272
124,2762809.525995,297679
125,2762809.525995,300073
126,2762809.525995,302470
127,2762809.525995,304869
128,2762809.525995,307248
129,2762809.525995,309633
130,2762809.525995,312038
131,2762809.525995,314454
132,2762809.525995,316840
133,2762809.525995,319229
134,2762809.525995,321606
135,2762809.525995,323985
136,2762809.525995,326381
137,2762809.525995,328783
138,2762809.525995,331169
139,2762809.525995,333566
140,2762809.525995,335958
141,2762809.525995,338341
142,2762809.525995,340718
143,2762809.525995,343095
144,2762809.525995,345476
145,2762809.525995,347857
146,2762809.525995,350247
147,2762809.525995,352635
148,2762809.525995,355016
149,2762809.525995,357420
150,2762809.525995,359818
151,2762809.525995,362226
152,2762809.525995,364626
153,2762809.525995,367010
154,2762809.525995,369401
155,2762809.525995,371809
156,2762809.525995,374214
157,2762809.525995,376621
158,2762809.525995,379030
159,2762809.525995,381464
160,2762809.525995,383879
161,2762809.525995,386287
162,2762809.525995,388679
163,2762809.525995,391072
164,2762809.525995,393454
165,2762809.525995,395837
166,2762809.525995,398226
167,2762809.525995,400604
168,2762809.525995,402991
169,2762809.525995,405387
170,2762809.525995,407779
171,2762809.525995,410179
172,2762809.525995,412561
173,2762809.525995,414937
174,2762809.525995,417319
175,2762809.525995,419698
176,2762809.525995,422082
177,2762809.525995,424475
178,2762809.525995,426864
179,2762809.525995,429269
180,2762809.525995,431682
181,2762809.525995,434066
182,2762809.525995,436442
183,2762809.525995,438818
184,2762809.525995,441195
185,2762809.525995,443574
186,2762809.525995,445964
187,2762809.525995,448379
188,2762809.525995,450772
189,2762809.525995,453157
190,2762809.525995,455555
191,2762809.525995,457935
192,2762809.525995,460319
193,2762809.525995,462721
194,2762809.525995,465108
195,2762809.525995,467492
196,2762809.525995,469883
197,2762809.525995,472271
198,2762809.525995,474651
199,2762809.525995,477038
200,2762809.525995,479431
201,2762809.525995,481825
202,2762809.525995,484216
203,2762809.525995,486621
204,2762809.525995,489015
205,2762809.525995,491420
206,2762809.525995,493813
207,2762809.525995,496196
208,2762809.525995,498573
209,2762809.525995,500950
210,2762809.525995,503329
211,2762809.525995,505707
212,2762809.525995,508094
213,2762809.525995,510485
214,2762809.525995,512888
215,2762809.525995,515285
216,2762809.525995,517686
217,2762809.525995,520077
218,2762809.525995,522471
219,2762809.525995,524903
220,2762809.525995,527315
221,2762809.525995,529719
222,2762809.525995,532115
223,2762809.525995,534527
224,2762809.525995,536918
225,2762809.525995,539318
226,2762809.525995,541720
227,2762809.525995,544123
228,2762809.525995,546519
229,2762809.525995,548917
230,2762809.525995,551312
231,2762809.525995,553719
232,2762809.525995,556119
233,2762809.525995,558522
234,2762809.525995,560904
235,2762809.525995,563301
236,2762809.525995,565705
237,2762809.525995,568111
238,2762809.525995,570495
239,2762809.525995,572880
240,2762809.525995,575273
241,2762809.525995,577685
242,2762809.525995,580062
243,2762809.525995,582445
244,2762809.525995,584828
245,2762809.525995,587212
246,2762809.525995,589599
247,2762809.525995,591988
248,2762809.525995,594376
249,2762809.525995,596761
250,2762809.525995,599151
251,2762809.525995,601542
252,2762809.525995,603937
253,2762809.525995,606346
254,2762809.525995,608743
255,2762809.525995,611140
256,2762809.525995,613523
257,2762809.525995,615907
258,2762809.525995,618285
259,2762809.525995,620663
260,2762809.525995,623048
261,2762809.525995,625436
262,2762809.525995,627821
263,2762809.525995,630214
264,2762809.525995,632618
265,2762809.525995,635014
266,2762809.525995,637427
267,2762809.525995,639830
268,2762809.525995,642221
269,2762809.525995,644602
270,2762809.525995,646995
271,2762809.525995,649391
272,2762809.525995,651795
273,2762809.525995,654190
274,2762809.525995,656584
275,2762809.525995,658967
276,2762809.525995,661367
277,2762809.525995,663763
278,2762809.525995,666151
279,2762809.525995,668551
280,2762809.525995,670949
281,2762809.525995,673361
282,2762809.525995,675753
283,2762809.525995,678153
284,2762809.525995,680558
285,2762809.525995,682953
286,2762809.525995,685348
287,2762809.525995,687732
288,2762809.525995,690111
289,2762809.525995,692492
290,2762809.525995,694886
291,2762809.525995,697285
292,2762809.525995,699707
293,2762809.525995,702126
294,2762809.525995,704515
295,2762809.525995,706906
296,2762809.525995,709305
297,2762809.525995,711718
298,2762809.525995,714116
299,2762809.525995,716499
300,2762809.525995,718889
2762809.525995,40.615698
1,2762809.525995,2376
2,2762809.525995,4771
3,2762809.525995,7171
4,2762809.525995,9673
5,2762809.525995,12156
6,2762809.525995,14575
7,2762809.525995,17004
8,2762809.525995,19416
9,2762809.525995,21805
10,2762809.525995,24192
11,2762809.525995,26579
12,2762809.525995,28962
13,2762809.525995,31345
14,2762809.525995,33732
15,2762809.525995,36111
16,2762809.525995,38489
17,2762809.525995,40865
18,2762809.525995,43241
19,2762809.525995,45617
20,2762809.525995,47999
21,2762809.525995,50387
22,2762809.525995,52788
23,2762809.525995,55173
24,2762809.525995,57572
25,2762809.525995,59996
26,2762809.525995,62418
27,2762809.525995,64842
28,2762809.525995,67238
29,2762809.525995,69619
30,2762809.525995,72007
31,2762809.525995,74411
32,2762809.525995,76806
33,2762809.525995,79215
34,2762809.525995,81607
35,2762809.525995,83996
36,2762809.525995,86386
37,2762809.525995,88777
38,2762809.525995,91177
39,2762809.525995,93585
40,2762809.525995,95983
41,2762809.525995,98396
42,2762809.525995,100811
43,2762809.525995,103209
44,2762809.525995,105585
45,2762809.525995,107961
46,2762809.525995,110338
47,2762809.525995,112721
48,2762809.525995,115103
49,2762809.525995,117487
50,2762809.525995,119877
51,2762809.525995,122274
52,2762809.525995,124684
53,2762809.525995,127114
54,2762809.525995,129522
55,2762809.525995,131907
56,2762809.525995,134298
57,2762809.525995,136702
58,2762809.525995,139117
59,2762809.525995,141522
60,2762809.525995,143921
61,2762809.525995,146307
62,2762809.525995,148705
63,2762809.525995,151102
64,2762809.525995,153488
65,2762809.525995,155879
66,2762809.525995,158258
67,2762809.525995,160640
68,2762809.525995,163027
69,2762809.525995,165416
70,2762809.525995,167806
71,2762809.525995,170191
72,2762809.525995,172571
73,2762809.525995,174953
74,2762809.525995,177355
75,2762809.525995,179763
76,2762809.525995,182167
77,2762809.525995,184558
78,2762809.525995,186934
79,2762809.525995,189315
80,2762809.525995,191699
81,2762809.525995,194080
82,2762809.525995,196466
83,2762809.525995,198871
84,2762809.525995,201257
85,2762809.525995,203646
86,2762809.525995,206042
87,2762809.525995,208432
88,2762809.525995,210813
89,2762809.525995,213205
90,2762809.525995,215599
91,2762809.525995,217986
92,2762809.525995,220384
93,2762809.525995,222772
94,2762809.525995,225180
95,2762809.525995,227608
96,2762809.525995,229988
97,2762809.525995,232373
98,2762809.525995,234767
99,2762809.525995,237156
100,2762809.525995,239540
101,2762809.525995,241927
102,2762809.525995,244323
103,2762809.525995,246715
104,2762809.525995,249119
105,2762809.525995,251544
106,2762809.525995,253952
107,2762809.525995,256350
108,2762809.525995,258731
109,2762809.525995,261113
110,2762809.525995,263500
111,2762809.525995,265898
112,2762809.525995,268285
113,2762809.525995,270684
114,2762809.525995,273061
115,2762809.525995,275443
116,2762809.525995,277834
117,2762809.525995,280237
118,2762809.525995,282636
119,2762809.525995,285044
120,2762809.525995,287454
121,2762809.525995,289853
122,2762809.525995,292255
123,2762809.525995,294651
124,2762809.525995,297034
125,2762809.525995,299425
126,2762809.525995,301819
127,2762809.525995,304214
128,2762809.525995,306604
129,2762809.525995,308985
130,2762809.525995,311375
131,2762809.525995,313776
132,2762809.525995,316161
133,2762809.525995,318550
134,2762809.525995,320931
135,2762809.525995,323318
136,2762809.525995,325701
137,2762809.525995,328096
138,2762809.525995,330497
139,2762809.525995,332879
140,2762809.525995,335256
141,2762809.525995,337637
142,2762809.525995,340017
143,2762809.525995,342397
144,2762809.525995,344777
145,2762809.525995,347160
146,2762809.525995,349569
147,2762809.525995,352007
148,2762809.525995,354429
149,2762809.525995,356843
150,2762809.525995,359249
151,2762809.525995,361652
152,2762809.525995,364038
153,2762809.525995,366425
154,2762809.525995,368804
155,2762809.525995,371184
156,2762809.525995,373574
157,2762809.525995,375968
158,2762809.525995,378362
159,2762809.525995,380748
160,2762809.525995,383124
161,2762809.525995,385509
162,2762809.525995,387901
163,2762809.525995,390312
164,2762809.525995,392706
165,2762809.525995,395111
166,2762809.525995,397504
167,2762809.525995,399890
168,2762809.525995,402269
169,2762809.525995,404652
170,2762809.525995,407043
171,2762809.525995,409424
172,2762809.525995,411822
173,2762809.525995,414245
174,2762809.525995,416666
175,2762809.525995,419093
176,2762809.525995,421486
177,2762809.525995,423879
178,2762809.525995,426264
179,2762809.525995,428657
180,2762809.525995,431045
181,2762809.525995,433436
182,2762809.525995,435824
183,2762809.525995,438219
184,2762809.525995,440615
185,2762809.525995,443027
186,2762809.525995,445449
187,2762809.525995,447848
188,2762809.525995,450229
189,2762809.525995,452610
190,2762809.525995,454995
191,2762809.525995,457382
192,2762809.525995,459772
193,2762809.525995,462165
194,2762809.525995,464553
195,2762809.525995,466941
196,2762809.525995,469321
197,2762809.525995,471698
198,2762809.525995,474078
199,2762809.525995,476458
200,2762809.525995,478841
201,2762809.525995,481225
202,2762809.525995,483614
203,2762809.525995,485996
204,2762809.525995,488381
205,2762809.525995,490777
206,2762809.525995,493153
207,2762809.525995,495530
208,2762809.525995,497921
209,2762809.525995,500297
210,2762809.525995,502673
211,2762809.525995,505049
212,2762809.525995,507426
213,2762809.525995,509810
214,2762809.525995,512200
215,2762809.525995,514585
216,2762809.525995,516971
217,2762809.525995,519360
218,2762809.525995,521744
219,2762809.525995,524130
220,2762809.525995,526526
221,2762809.525995,528927
222,2762809.525995,531316
223,2762809.525995,533720
224,2762809.525995,536106
225,2762809.525995,538500
226,2762809.525995,540901
227,2762809.525995,543312
228,2762809.525995,545709
229,2762809.525995,548095
230,2762809.525995,550490
231,2762809.525995,552891
232,2762809.525995,555267
233,2762809.525995,557645
234,2762809.525995,560021
235,2762809.525995,562402
236,2762809.525995,564782
237,2762809.525995,567179
238,2762809.525995,569576
239,2762809.525995,571974
240,2762809.525995,574381
241,2762809.525995,576798
242,2762809.525995,579186
243,2762809.525995,581571
244,2762809.525995,583950
245,2762809.525995,586331
246,2762809.525995,588719
247,2762809.525995,591126
248,2762809.525995,593538
249,2762809.525995,595927
250,2762809.525995,598307
251,2762809.525995,600687
252,2762809.525995,603073
253,2762809.525995,605460
254,2762809.525995,607840
255,2762809.525995,610221
256,2762809.525995,612599
257,2762809.525995,614978
258,2762809.525995,617360
259,2762809.525995,619742
260,2762809.525995,622130
261,2762809.525995,624525
262,2762809.525995,626921
263,2762809.525995,629325
264,2762809.525995,631714
265,2762809.525995,634128
266,2762809.525995,636545
267,2762809.525995,638934
268,2762809.525995,641326
269,2762809.525995,643708
270,2762809.525995,646095
271,2762809.525995,648484
272,2762809.525995,650867
273,2762809.525995,653259
274,2762809.525995,655639
275,2762809.525995,658024
276,2762809.525995,660400
277,2762809.525995,662785
278,2762809.525995,665172
279,2762809.525995,667559
280,2762809.525995,669944
281,2762809.525995,672339
282,2762809.525995,674722
283,2762809.525995,677117
284,2762809.525995,679501
285,2762809.525995,681887
286,2762809.525995,684284
287,2762809.525995,686687
288,2762809.525995,689079
289,2762809.525995,691482
290,2762809.525995,693877
291,2762809.525995,696278
292,2762809.525995,698670
293,2762809.525995,701070
294,2762809.525995,703457
295,2762809.525995,705846
296,2762809.525995,708233
297,2762809.525995,710615
298,2762809.525995,712996
299,2762809.525995,715391
300,2762809.525995,717774
301,2762809.525995,720166
2762809.525995,40.200283
1,2762809.525995,2376
2,2762809.525995,4795
3,2762809.525995,7216
4,2762809.525995,9764
5,2762809.525995,12261
6,2762809.525995,14690
7,2762809.525995,17113
8,2762809.525995,19489
9,2762809.525995,21865
10,2762809.525995,24242
11,2762809.525995,26619
12,2762809.525995,29014
13,2762809.525995,31410
14,2762809.525995,33802
15,2762809.525995,36195
16,2762809.525995,38581
17,2762809.525995,40964
18,2762809.525995,43348
19,2762809.525995,45754
20,2762809.525995,48143
21,2762809.525995,50534
22,2762809.525995,52915
23,2762809.525995,55291
24,2762809.525995,57674
25,2762809.525995,60068
26,2762809.525995,62474
27,2762809.525995,64887
28,2762809.525995,67282
29,2762809.525995,69702
30,2762809.525995,72102
31,2762809.525995,74515
32,2762809.525995,76896
33,2762809.525995,79284
34,2762809.525995,81686
35,2762809.525995,84096
36,2762809.525995,86516
37,2762809.525995,88997
38,2762809.525995,91416
39,2762809.525995,93810
40,2762809.525995,96199
41,2762809.525995,98600
42,2762809.525995,100983
43,2762809.525995,103367
44,2762809.525995,105754
45,2762809.525995,108138
46,2762809.525995,110528
47,2762809.525995,112928
48,2762809.525995,115342
49,2762809.525995,117764
50,2762809.525995,120167
51,2762809.525995,122543
52,2762809.525995,124925
53,2762809.525995,127309
54,2762809.525995,129688
55,2762809.525995,132074
56,2762809.525995,134468
57,2762809.525995,136864
58,2762809.525995,139256
59,2762809.525995,141659
60,2762809.525995,144050
61,2762809.525995,146452
62,2762809.525995,148828
63,2762809.525995,151211
64,2762809.525995,153602
65,2762809.525995,156003
66,2762809.525995,158419
67,2762809.525995,160830
68,2762809.525995,163233
69,2762809.525995,165633
70,2762809.525995,168012
71,2762809.525995,170414
72,2762809.525995,172801
73,2762809.525995,175199
74,2762809.525995,177591
75,2762809.525995,179981
76,2762809.525995,182383
77,2762809.525995,184773
78,2762809.525995,187165
79,2762809.525995,189557
80,2762809.525995,191949
81,2762809.525995,194359
82,2762809.525995,196781
83,2762809.525995,199178
84,2762809.525995,201585
85,2762809.525995,204003
86,2762809.525995,206439
87,2762809.525995,208855
88,2762809.525995,211243
89,2762809.525995,213670
90,2762809.525995,216057
91,2762809.525995,218450
92,2762809.525995,220841
93,2762809.525995,223217
94,2762809.525995,225598
95,2762809.525995,227980
96,2762809.525995,230371
97,2762809.525995,232788
98,2762809.525995,235192
99,2762809.525995,237598
100,2762809.525995,240013
101,2762809.525995,242435
102,2762809.525995,244847
103,2762809.525995,247275
104,2762809.525995,249678
105,2762809.525995,252101
106,2762809.525995,254525
107,2762809.525995,256939
108,2762809.525995,259362
109,2762809.525995,261752
110,2762809.525995,264140
111,2762809.525995,266535
112,2762809.525995,268920
113,2762809.525995,271300
114,2762809.525995,273686
115,2762809.525995,276072
116,2762809.525995,278471
117,2762809.525995,280880
118,2762809.525995,283271
119,2762809.525995,285674
120,2762809.525995,288087
121,2762809.525995,290482
122,2762809.525995,292899
123,2762809.525995,295293
124,2762809.525995,297683
125,2762809.525995,300069
126,2762809.525995,302472
127,2762809.525995,304871
128,2762809.525995,307282
129,2762809.525995,309710
130,2762809.525995,312138
131,2762809.525995,314553
132,2762809.525995,316956
133,2762809.525995,319355
134,2762809.525995,321745
135,2762809.525995,324149
136,2762809.525995,326546
137,2762809.525995,328965
138,2762809.525995,331353
139,2762809.525995,333739
140,2762809.525995,336123
141,2762809.525995,338509
142,2762809.525995,340909
143,2762809.525995,343291
144,2762809.525995,345690
145,2762809.525995,348084
146,2762809.525995,350478
147,2762809.525995,352879
148,2762809.525995,355288
149,2762809.525995,357680
150,2762809.525995,360078
151,2762809.525995,362494
152,2762809.525995,364883
153,2762809.525995,367301
154,2762809.525995,369687
155,2762809.525995,372091
156,2762809.525995,374481
157,2762809.525995,376887
158,2762809.525995,379296
159,2762809.525995,381694
160,2762809.525995,384103
161,2762809.525995,386533
162,2762809.525995,388933
163,2762809.525995,391342
164,2762809.525995,393740
165,2762809.525995,396138
166,2762809.525995,398556
167,2762809.525995,400958
168,2762809.525995,403344
169,2762809.525995,405732
170,2762809.525995,408130
171,2762809.525995,410523
172,2762809.525995,412928
173,2762809.525995,415338
174,2762809.525995,417755
175,2762809.525995,420164
176,2762809.525995,422547
177,2762809.525995,424960
178,2762809.525995,427352
179,2762809.525995,429745
180,2762809.525995,432157
181,2762809.525995,434579
182,2762809.525995,436991
183,2762809.525995,439403
184,2762809.525995,441793
185,2762809.525995,444185
186,2762809.525995,446569
187,2762809.525995,448956
188,2762809.525995,451350
189,2762809.525995,453747
190,2762809.525995,456148
191,2762809.525995,458546
192,2762809.525995,460951
193,2762809.525995,463346
194,2762809.525995,465728
195,2762809.525995,468132
196,2762809.525995,470529
197,2762809.525995,472944
198,2762809.525995,475339
199,2762809.525995,477733
200,2762809.525995,480118
201,2762809.525995,482515
202,2762809.525995,484905
203,2762809.525995,487326
204,2762809.525995,489704
205,2762809.525995,492098
206,2762809.525995,494508
207,2762809.525995,496892
208,2762809.525995,499283
209,2762809.525995,501710
210,2762809.525995,504122
211,2762809.525995,506528
212,2762809.525995,508931
213,2762809.525995,511357
214,2762809.525995,513763
215,2762809.525995,516174
216,2762809.525995,518588
217,2762809.525995,521003
218,2762809.525995,523391
219,2762809.525995,525797
220,2762809.525995,528196
221,2762809.525995,530605
222,2762809.525995,533016
223,2762809.525995,535439
224,2762809.525995,537846
225,2762809.525995,540248
226,2762809.525995,542625
227,2762809.525995,545002
228,2762809.525995,547385
229,2762809.525995,549805
230,2762809.525995,552214
231,2762809.525995,554632
232,2762809.525995,557064
233,2762809.525995,559484
234,2762809.525995,561905
235,2762809.525995,564318
236,2762809.525995,566694
237,2762809.525995,569086
238,2762809.525995,571480
239,2762809.525995,573861
240,2762809.525995,576264
241,2762809.525995,578675
242,2762809.525995,581097
243,2762809.525995,583531
244,2762809.525995,585933
245,2762809.525995,588331
246,2762809.525995,590724
247,2762809.525995,593120
248,2762809.525995,595511
249,2762809.525995,597928
250,2762809.525995,600310
251,2762809.525995,602695
252,2762809.525995,605071
253,2762809.525995,607452
254,2762809.525995,609828
255,2762809.525995,612210
256,2762809.525995,614603
257,2762809.525995,616998
258,2762809.525995,619408
259,2762809.525995,621818
260,2762809.525995,624202
261,2762809.525995,626590
262,2762809.525995,628996
263,2762809.525995,631420
264,2762809.525995,633834
265,2762809.525995,636247
266,2762809.525995,638657
267,2762809.525995,641082
268,2762809.525995,643475
269,2762809.525995,645880
270,2762809.525995,648265
271,2762809.525995,650670
272,2762809.525995,653054
273,2762809.525995,655443
274,2762809.525995,657849
275,2762809.525995,660253
276,2762809.525995,662645
277,2762809.525995,665044
278,2762809.525995,667422
279,2762809.525995,669801
280,2762809.525995,672190
281,2762809.525995,674573
282,2762809.525995,676962
283,2762809.525995,679353
284,2762809.525995,681757
285,2762809.525995,684176
286,2762809.525995,686585
287,2762809.525995,689011
288,2762809.525995,691407
289,2762809.525995,693809
290,2762809.525995,696220
291,2762809.525995,698622
292,2762809.525995,701023
293,2762809.525995,703420
294,2762809.525995,705823
295,2762809.525995,708217
296,2762809.525995,710621
297,2762809.525995,713026
298,2762809.525995,715436
299,2762809.525995,717851
300,2762809.525995,720246
2762809.525995,40.965753
