1,19589.206119,2376
2,18725.275344,5040
3,18592.521382,7701
4,18223.570541,10358
5,18112.345480,12997
6,18017.381385,15632
7,17919.259901,18267
8,17846.122075,20901
9,17807.784820,23540
10,17807.784820,26198
11,17768.197847,28852
12,17763.431057,31511
13,17763.431057,34162
14,17762.518677,36824
15,17751.708151,39480
16,17751.708151,42142
17,17751.708151,44803
18,17751.708151,47466
19,17736.523349,50126
20,17736.523349,52788
21,17736.523349,55442
22,17736.523349,58102
23,17736.523349,60764
24,17736.523349,63426
25,17736.523349,66087
26,17736.523349,68750
27,17736.523349,71410
28,17736.523349,74074
29,17736.523349,76736
30,17736.523349,79397
31,17736.523349,82057
32,17715.480709,84719
33,17715.480709,87383
34,17715.480709,90046
35,17715.480709,92707
36,17715.480709,95370
37,17715.480709,98032
38,17715.480709,100694
39,17715.480709,103356
40,17715.480709,106019
41,17715.480709,108680
42,17715.480709,111341
43,17715.480709,114000
44,17715.480709,116661
45,17712.585042,119323
46,17712.585042,121984
47,17702.035613,124648
48,17702.035613,127311
49,17702.035613,129974
50,17702.035613,132637
51,17702.035613,135300
52,17702.035613,137962
53,17700.337225,140621
54,17700.337225,143283
55,17700.337225,145946
56,17700.337225,148609
57,17700.337225,151272
58,17700.337225,153937
59,17700.337225,156602
60,17700.337225,159267
61,17700.337225,161930
62,17700.337225,164595
63,17700.337225,167259
64,17700.337225,169924
65,17700.337225,172587
66,17700.337225,175252
67,17700.337225,177917
68,17700.337225,180582
69,17700.337225,183247
70,17700.337225,185912
71,17700.337225,188577
72,17700.337225,191241
73,17700.337225,193906
74,17700.337225,196571
75,17700.337225,199236
76,17700.337225,201901
77,17700.337225,204566
78,17700.337225,207231
79,17700.337225,209896
80,17700.337225,212561
81,17700.337225,215226
82,17700.337225,217891
83,17700.337225,220556
84,17700.337225,223221
85,17700.337225,225886
86,17700.337225,228551
87,17700.337225,231216
88,17700.337225,233881
89,17700.337225,236546
90,17700.337225,239211
91,17700.337225,241876
92,17700.337225,244541
93,17700.337225,247206
94,17700.337225,249871
95,17700.337225,252536
96,17700.337225,255201
97,17700.337225,257866
98,17700.337225,260531
99,17700.337225,263196
100,17700.337225,265861
101,17700.337225,268526
102,17700.337225,271191
103,17700.337225,273855
104,17700.337225,276520
105,17700.337225,279184
106,17700.337225,281849
107,17700.337225,284514
108,17700.337225,287179
109,17700.337225,289844
110,17700.337225,292509
111,17700.337225,295172
112,17700.337225,297837
113,17700.337225,300502
114,17700.337225,303167
115,17700.337225,305831
116,17700.337225,308496
117,17700.337225,311161
118,17700.337225,313826
119,17700.337225,316491
120,17700.337225,319156
121,17700.337225,321821
122,17700.337225,324486
123,17700.337225,327151
124,17700.337225,329816
125,17700.337225,332481
126,17700.337225,335146
127,17700.337225,337811
128,17700.337225,340476
129,17700.337225,343141
130,17700.337225,345806
131,17700.337225,348471
132,17700.337225,351136
133,17700.337225,353801
134,17700.337225,356466
135,17700.337225,359131
136,17700.337225,361796
137,17700.337225,364461
138,17700.337225,367126
139,17700.337225,369791
140,17700.337225,372456
141,17700.337225,375121
142,17700.337225,377786
143,17700.337225,380451
144,17700.337225,383116
145,17700.337225,385781
146,17700.337225,388446
147,17700.337225,391111
148,17700.337225,393776
149,17700.337225,396441
150,17700.337225,399106
151,17700.337225,401771
152,17700.337225,404436
153,17700.337225,407101
154,17700.337225,409766
155,17700.337225,412431
156,17700.337225,415096
157,17700.337225,417761
158,17700.337225,420426
159,17700.337225,423091
160,17700.337225,425756
161,17700.337225,428421
162,17700.337225,431086
163,17700.337225,433751
164,17700.337225,436416
165,17700.337225,439081
166,17700.337225,441746
167,17700.337225,444411
168,17700.337225,447076
169,17700.337225,449741
170,17700.337225,452406
171,17700.337225,455071
172,17700.337225,457736
173,17700.337225,460401
174,17700.337225,463066
175,17700.337225,465731
176,17700.337225,468396
177,17700.337225,471061
178,17700.337225,473726
179,17700.337225,476391
180,17700.337225,479056
181,17700.337225,481721
182,17700.337225,484386
183,17700.337225,487051
184,17700.337225,489716
185,17700.337225,492381
186,17700.337225,495046
187,17700.337225,497711
188,17700.337225,500376
189,17700.337225,503041
190,17700.337225,505706
191,17700.337225,508371
192,17700.337225,511036
193,17700.337225,513701
194,17700.337225,516366
195,17700.337225,519031
196,17700.337225,521696
197,17700.337225,524361
198,17700.337225,527026
199,17700.337225,529691
200,17700.337225,532356
201,17700.337225,535021
202,17700.337225,537686
203,17700.337225,540351
204,17700.337225,543016
205,17700.337225,545681
206,17700.337225,548346
207,17700.337225,551011
208,17700.337225,553676
209,17700.337225,556341
210,17700.337225,559006
211,17700.337225,561671
212,17700.337225,564336
213,17700.337225,567001
214,17700.337225,569666
215,17700.337225,572331
216,17700.337225,574996
217,17700.337225,577661
218,17700.337225,580326
219,17700.337225,582991
220,17700.337225,585656
221,17700.337225,588320
222,17700.337225,590985
223,17700.337225,593649
224,17700.337225,596314
225,17700.337225,598979
226,17700.337225,601644
227,17700.337225,604308
228,17700.337225,606973
229,17700.337225,609638
230,17700.337225,612303
231,17700.337225,614968
232,17700.337225,617633
233,17700.337225,620298
234,17700.337225,622963
235,17700.337225,625628
236,17700.337225,628293
237,17700.337225,630958
238,17700.337225,633623
239,17700.337225,636288
240,17700.337225,638953
241,17700.337225,641618
242,17700.337225,644283
243,17700.337225,646948
244,17700.337225,649613
245,17700.337225,652278
246,17700.337225,654943
247,17700.337225,657608
248,17700.337225,660273
249,17700.337225,662938
250,17700.337225,665603
251,17700.337225,668268
252,17700.337225,670933
253,17700.337225,673598
254,17700.337225,676263
255,17700.337225,678928
256,17700.337225,681593
257,17700.337225,684258
258,17700.337225,686923
259,17700.337225,689588
260,17700.337225,692253
261,17700.337225,694918
262,17700.337225,697583
263,17700.337225,700248
264,17700.337225,702913
265,17700.337225,705578
266,17700.337225,708243
267,17700.337225,710908
268,17700.337225,713573
269,17700.337225,716238
270,17700.337225,718903
271,17700.337225,721568
272,17700.337225,724233
273,17700.337225,726898
274,17700.337225,729563
275,17700.337225,732228
276,17700.337225,734893
277,17700.337225,737558
278,17700.337225,740223
279,17700.337225,742888
280,17700.337225,745553
281,17700.337225,748218
282,17700.337225,750883
283,17700.337225,753548
284,17700.337225,756213
285,17700.337225,758878
286,17700.337225,761543
287,17700.337225,764208
288,17700.337225,766873
289,17700.337225,769538
290,17700.337225,772203
291,17700.337225,774868
292,17700.337225,777533
293,17700.337225,780198
294,17700.337225,782863
295,17700.337225,785528
296,17700.337225,788193
297,17700.337225,790858
298,17700.337225,793523
299,17700.337225,796188
300,17700.337225,798853
301,17700.337225,801518
302,17700.337225,804183
303,17700.337225,806848
304,17700.337225,809513
305,17700.337225,812178
306,17700.337225,814843
307,17700.337225,817508
17700.337225,82.916186
1,19550.841601,2376
2,18737.451116,5016
3,18659.774151,7653
4,18279.867796,10288
5,18185.065613,12919
6,18185.065613,15539
7,17895.386955,18155
8,17834.699310,20776
9,17834.128502,23393
10,17834.128502,26023
11,17783.323777,28648
12,17779.503379,31275
13,17779.503379,33901
14,17772.555506,36531
15,17772.555506,39158
16,17756.433383,41787
17,17755.487555,44417
18,17753.190565,47050
19,17753.190565,49679
20,17753.190565,52311
21,17753.190565,54942
22,17752.702740,57575
23,17729.260601,60209
24,17729.260601,62844
25,17729.260601,65476
26,17725.317735,68110
27,17718.229523,70745
28,17718.229523,73381
29,17718.229523,76017
30,17718.229523,78654
31,17718.229523,81292
32,17718.229523,83930
33,17718.229523,86567
34,17718.229523,89204
35,17716.881181,91842
36,17716.881181,94480
37,17716.881181,97118
38,17716.881181,99756
39,17716.881181,102394
40,17716.881181,105032
41,17716.881181,107669
42,17716.881181,110307
43,17716.881181,112946
44,17704.240549,115585
45,17704.240549,118224
46,17704.240549,120863
47,17704.240549,123503
48,17704.240549,126143
49,17704.240549,128780
50,17704.240549,131417
51,17704.240549,134054
52,17704.240549,136691
53,17704.240549,139327
54,17704.240549,141963
55,17704.240549,144599
56,17704.240549,147235
57,17704.240549,149872
58,17704.240549,152509
59,17704.240549,155146
60,17704.240549,157784
61,17704.240549,160422
62,17704.240549,163060
63,17704.240549,165698
64,17704.240549,168336
65,17704.240549,170975
66,17704.240549,173614
67,17704.240549,176253
68,17704.240549,178892
69,17704.240549,181531
70,17704.240549,184170
71,17704.240549,186809
72,17704.240549,189448
73,17704.240549,192087
74,17704.240549,194726
75,17704.240549,197365
76,17704.240549,200004
77,17704.240549,202644
78,17704.240549,205284
79,17704.240549,207924
80,17704.240549,210564
81,17704.240549,213204
82,17704.240549,215844
83,17704.240549,218484
84,17704.240549,221124
85,17704.240549,223764
86,17704.240549,226404
87,17704.240549,229044
88,17704.240549,231684
89,17704.240549,234324
90,17704.240549,236964
91,17704.240549,239604
92,17704.240549,242244
93,17704.240549,244884
94,17704.240549,247524
95,17704.240549,250162
96,17704.240549,252802
97,17704.240549,255442
98,17704.240549,258082
99,17704.240549,260722
100,17704.240549,263362
101,17704.240549,266002
102,17704.240549,268642
103,17704.240549,271282
104,17704.240549,273922
105,17704.240549,276562
106,17704.240549,279202
107,17704.240549,281842
108,17704.240549,284482
109,17704.240549,287122
110,17704.240549,289762
111,17704.240549,292402
112,17704.240549,295042
113,17704.240549,297682
114,17704.240549,300322
115,17704.240549,302962
116,17704.240549,305602
117,17704.240549,308242
118,17704.240549,310881
119,17704.240549,313520
120,17704.240549,316160
121,17704.240549,318800
122,17704.240549,321440
123,17704.240549,324080
124,17704.240549,326720
125,17704.240549,329360
126,17704.240549,331999
127,17704.240549,334639
128,17704.240549,337279
129,17704.240549,339919
130,17704.240549,342559
131,17704.240549,345199
132,17704.240549,347839
133,17704.240549,350479
134,17704.240549,353118
135,17704.240549,355757
136,17704.240549,358396
137,17704.240549,361035
138,17704.240549,363674
139,17704.240549,366314
140,17704.240549,368954
141,17704.240549,371594
142,17704.240549,374234
143,17704.240549,376874
144,17704.240549,379514
145,17704.240549,382154
146,17704.240549,384794
147,17704.240549,387434
148,17704.240549,390074
149,17704.240549,392714
150,17704.240549,395354
151,17704.240549,397994
152,17704.240549,400634
153,17704.240549,403274
154,17704.240549,405914
155,17704.240549,408554
156,17704.240549,411194
157,17704.240549,413834
158,17704.240549,416474
159,17704.240549,419114
160,17704.240549,421754
161,17704.240549,424394
162,17704.240549,427034
163,17704.240549,429674
164,17704.240549,432314
165,17704.240549,434954
166,17704.240549,437594
167,17704.240549,440234
168,17704.240549,442874
169,17704.240549,445514
170,17704.240549,448154
171,17704.240549,450794
172,17704.240549,453434
173,17704.240549,456074
174,17704.240549,458714
175,17704.240549,461354
176,17704.240549,463994
177,17704.240549,466634
178,17704.240549,469274
179,17704.240549,471914
180,17704.240549,474554
181,17704.240549,477194
182,17704.240549,479834
183,17704.240549,482474
184,17704.240549,485114
185,17704.240549,487754
186,17704.240549,490394
187,17704.240549,493034
188,17704.240549,495674
189,17704.240549,498314
190,17704.240549,500954
191,17704.240549,503594
192,17704.240549,506234
193,17704.240549,508874
194,17704.240549,511514
195,17704.240549,514154
196,17704.240549,516794
197,17704.240549,519434
198,17704.240549,522074
199,17704.240549,524714
200,17704.240549,527354
201,17704.240549,529994
202,17704.240549,532634
203,17704.240549,535274
204,17704.240549,537914
205,17704.240549,540554
206,17704.240549,543194
207,17704.240549,545834
208,17704.240549,548474
209,17704.240549,551114
210,17704.240549,553754
211,17704.240549,556393
212,17704.240549,559033
213,17704.240549,561671
214,17704.240549,564311
215,17704.240549,566951
216,17704.240549,569591
217,17704.240549,572230
218,17704.240549,574870
219,17704.240549,577510
220,17704.240549,580150
221,17704.240549,582790
222,17704.240549,585430
223,17704.240549,588069
224,17704.240549,590709
225,17704.240549,593349
226,17704.240549,595989
227,17704.240549,598629
228,17704.240549,601269
229,17704.240549,603909
230,17704.240549,606549
231,17704.240549,609189
232,17704.240549,611829
233,17704.240549,614469
234,17704.240549,617109
235,17704.240549,619749
236,17704.240549,622389
237,17704.240549,625029
238,17704.240549,627669
239,17704.240549,630309
240,17704.240549,632949
241,17704.240549,635589
242,17704.240549,638229
243,17704.240549,640869
244,17704.240549,643509
245,17704.240549,646149
246,17704.240549,648789
247,17704.240549,651429
248,17704.240549,654069
249,17704.240549,656709
250,17704.240549,659349
251,17704.240549,661989
252,17704.240549,664629
253,17704.240549,667269
254,17704.240549,669909
255,17704.240549,672549
256,17704.240549,675189
257,17704.240549,677829
258,17704.240549,680469
259,17704.240549,683109
260,17704.240549,685749
261,17704.240549,688389
262,17704.240549,691029
263,17704.240549,693669
264,17704.240549,696309
265,17704.240549,698949
266,17704.240549,701589
267,17704.240549,704229
268,17704.240549,706869
269,17704.240549,709509
270,17704.240549,712149
271,17704.240549,714789
272,17704.240549,717429
273,17704.240549,720069
274,17704.240549,722709
275,17704.240549,725349
276,17704.240549,727989
277,17704.240549,730629
278,17704.240549,733269
279,17704.240549,735909
280,17704.240549,738549
281,17704.240549,741189
282,17704.240549,743829
283,17704.240549,746469
284,17704.240549,749109
285,17704.240549,751749
286,17704.240549,754389
287,17704.240549,757029
288,17704.240549,759669
289,17704.240549,762309
290,17704.240549,764949
291,17704.240549,767589
292,17704.240549,770229
293,17704.240549,772869
294,17704.240549,775509
295,17704.240549,778149
296,17704.240549,780789
297,17704.240549,783429
298,17704.240549,786069
299,17704.240549,788709
300,17704.240549,791349
301,17704.240549,793989
302,17704.240549,796629
303,17704.240549,799269
304,17704.240549,801909
305,17704.240549,804549
306,17704.240549,807189
307,17704.240549,809829
308,17704.240549,812469
309,17704.240549,815109
310,17704.240549,817749
17704.240549,83.684713
1,19541.677063,2376
2,19158.629302,5037
3,18389.407644,7697
4,18221.935169,10351
5,18137.103892,12986
6,18008.199912,15619
7,17855.824177,18248
8,17840.356577,20891
9,17806.718105,23535
10,17778.642850,26190
11,17778.642850,28843
12,17773.711931,31501
13,17771.805631,34155
14,17771.805631,36814
15,17764.830363,39468
16,17764.830363,42128
17,17764.830363,44784
18,17764.830363,47442
19,17764.830363,50096
20,17764.830363,52752
21,17742.700025,55405
22,17739.624523,58061
23,17729.431393,60716
24,17729.431393,63375
25,17729.431393,66030
26,17729.431393,68688
27,17729.431393,71344
28,17729.431393,74003
29,17729.431393,76659
30,17729.431393,79317
31,17729.431393,81970
32,17729.431393,84626
33,17720.835973,87281
34,17720.835973,89939
35,17720.835973,92596
36,17720.835973,95256
37,17720.835973,97913
38,17720.835973,100571
39,17720.835973,103227
40,17720.835973,105887
41,17720.835973,108543
42,17720.835973,111203
43,17720.835973,113863
44,17720.835973,116523
45,17720.835973,119183
46,17720.835973,121843
47,17720.835973,124502
48,17720.835973,127159
49,17720.835973,129818
50,17720.835973,132478
51,17720.835973,135136
52,17720.835973,137796
53,17720.835973,140453
54,17720.835973,143114
55,17720.835973,145766
56,17720.835973,148426
57,17720.835973,151080
58,17720.835973,153739
59,17720.835973,156394
60,17720.835973,159054
61,17720.835973,161712
62,17720.835973,164372
63,17720.835973,167029
64,17720.835973,169689
65,17720.835973,172344
66,17720.835973,175003
67,17720.835973,177663
68,17720.835973,180323
69,17720.835973,182984
70,17720.835973,185642
71,17720.835973,188303
72,17720.835973,190963
73,17720.835973,193621
74,17720.835973,196281
75,17720.835973,198940
76,17720.835973,201600
77,17720.835973,204260
78,17720.835973,206920
79,17720.835973,209579
80,17720.835973,212239
81,17720.835973,214898
82,17720.835973,217556
83,17720.835973,220214
84,17720.835973,222874
85,17720.835973,225535
86,17720.835973,228196
87,17720.835973,230857
88,17720.835973,233518
89,17720.835973,236179
90,17720.835973,238840
91,17720.835973,241500
92,17720.835973,244160
93,17720.835973,246819
94,17720.835973,249479
95,17720.835973,252139
96,17720.835973,254800
97,17720.835973,257461
98,17720.835973,260122
99,17720.835973,262782
100,17720.835973,265442
101,17720.835973,268102
102,17720.835973,270761
103,17720.835973,273422
104,17720.835973,276082
105,17720.835973,278742
106,17720.835973,281402
107,17720.835973,284062
108,17720.835973,286722
109,17720.835973,289382
110,17720.835973,292043
111,17720.835973,294704
112,17720.835973,297365
113,17720.835973,300025
114,17720.835973,302686
115,17720.835973,305345
116,17720.835973,308005
117,17720.835973,310664
118,17720.835973,313323
119,17720.835973,315982
120,17720.835973,318642
121,17720.835973,321302
122,17720.835973,323962
123,17720.835973,326621
124,17720.835973,329280
125,17720.835973,331940
126,17720.835973,334599
127,17720.835973,337260
128,17720.835973,339919
129,17720.835973,342579
130,17720.835973,345238
131,17720.835973,347898
132,17720.835973,350557
133,17720.835973,353218
134,17720.835973,355877
135,17720.835973,358535
136,17720.835973,361194
137,17720.835973,363854
138,17720.835973,366513
139,17720.835973,369174
140,17720.835973,371833
141,17720.835973,374494
142,17709.898027,377153
143,17709.898027,379814
144,17709.898027,382473
145,17709.898027,385134
146,17709.898027,387793
147,17709.898027,390452
148,17709.898027,393110
149,17708.429035,395770
150,17708.429035,398428
151,17708.429035,401088
152,17708.429035,403746
153,17708.429035,406406
154,17700.495042,409064
155,17700.495042,411724
156,17700.495042,414383
157,17700.495042,417043
158,17700.495042,419702
159,17700.495042,422362
160,17700.495042,425021
161,17700.495042,427680
162,17700.495042,430338
163,17700.495042,432998
164,17700.495042,435657
165,17700.495042,438317
166,17700.495042,440976
167,17700.495042,443637
168,17700.495042,446296
169,17700.495042,448956
170,17700.495042,451615
171,17700.495042,454275
172,17700.495042,456934
173,17700.495042,459594
174,17700.495042,462253
175,17700.495042,464912
176,17700.495042,467571
177,17700.495042,470232
178,17700.495042,472890
179,17700.495042,475551
180,17700.495042,478210
181,17700.495042,480871
182,17700.495042,483530
183,17700.495042,486191
184,17700.495042,488850
185,17700.495042,491511
186,17700.495042,494170
187,17700.495042,496831
188,17700.495042,499490
189,17700.495042,502151
190,17700.495042,504810
191,17700.495042,507471
192,17700.495042,510130
193,17700.495042,512791
194,17700.495042,515450
195,17700.495042,518111
196,17700.495042,520770
197,17700.495042,523431
198,17700.495042,526090
199,17700.495042,528751
200,17700.495042,531410
201,17700.495042,534071
202,17700.495042,536729
203,17700.495042,539390
204,17700.495042,542049
205,17700.495042,544710
206,17700.495042,547369
207,17700.495042,550030
208,17700.495042,552689
209,17700.495042,555350
210,17700.495042,558009
211,17700.495042,560670
212,17700.495042,563329
213,17700.495042,565990
214,17700.495042,568649
215,17700.495042,571310
216,17700.495042,573969
217,17700.495042,576630
218,17700.495042,579289
219,17700.495042,581950
220,17700.495042,584609
221,17700.495042,587270
222,17700.495042,589929
223,17700.495042,592590
224,17700.495042,595249
225,17700.495042,597910
226,17700.495042,600569
227,17700.495042,603230
228,17697.186252,605889
229,17697.186252,608547
230,17697.186252,611207
231,17697.186252,613866
232,17697.186252,616526
233,17697.186252,619185
234,17697.186252,621845
235,17697.186252,624505
236,17697.186252,627165
237,17697.186252,629824
238,17697.186252,632484
239,17697.186252,635143
240,17697.186252,637803
241,17697.186252,640463
242,17697.186252,643123
243,17697.186252,645782
244,17697.186252,648442
245,17697.186252,651102
246,17697.186252,653762
247,17697.186252,656423
248,17697.186252,659083
249,17697.186252,661744
250,17697.186252,664404
251,17697.186252,667065
252,17697.186252,669725
253,17697.186252,672386
254,17697.186252,675046
255,17697.186252,677706
256,17697.186252,680366
257,17697.186252,683026
258,17697.186252,685686
259,17697.186252,688346
260,17697.186252,691006
261,17697.186252,693666
262,17697.186252,696326
263,17697.186252,698984
264,17697.186252,701644
265,17697.186252,704304
266,17697.186252,706964
267,17697.186252,709624
268,17697.186252,712284
269,17697.186252,714944
270,17697.186252,717604
271,17697.186252,720265
272,17697.186252,722925
273,17697.186252,725586
274,17697.186252,728246
275,17697.186252,730907
276,17697.186252,733567
277,17697.186252,736228
278,17697.186252,738888
279,17697.186252,741549
280,17697.186252,744209
281,17697.186252,746870
282,17697.186252,749530
283,17697.186252,752191
284,17697.186252,754851
285,17697.186252,757512
286,17697.186252,760172
287,17697.186252,762833
288,17697.186252,765493
289,17697.186252,768154
290,17697.186252,770814
291,17697.186252,773475
292,17697.186252,776135
293,17697.186252,778796
294,17697.186252,781456
295,17697.186252,784117
296,17697.186252,786777
297,17697.186252,789438
298,17697.186252,792098
299,17697.186252,794759
300,17697.186252,797419
301,17697.186252,800080
302,17697.186252,802740
303,17697.186252,805401
304,17697.186252,808061
305,17697.186252,810722
306,17697.186252,813382
307,17697.186252,816043
308,17697.186252,818703
17697.186252,83.160620
1,19524.154549,2376
2,18695.608908,5031
3,18384.734600,7685
4,18231.653392,10334
5,18130.220061,12973
6,17990.605297,15609
7,17880.027917,18247
8,17851.565225,20882
9,17821.213951,23528
10,17821.213951,26174
11,17814.427791,28814
12,17804.087664,31464
13,17804.087664,34115
14,17804.087664,36765
15,17773.483978,39417
16,17764.142783,42068
17,17753.804843,44718
18,17753.804843,47368
19,17753.804843,50018
20,17753.804843,52670
21,17753.804843,55325
22,17742.154722,57981
23,17742.154722,60635
24,17742.154722,63292
25,17736.973378,65949
26,17729.826297,68606
27,17729.826297,71262
28,17729.826297,73918
29,17729.826297,76572
30,17729.826297,79228
31,17729.826297,81883
32,17729.826297,84539
33,17729.826297,87195
34,17729.826297,89851
35,17696.892996,92503
36,17696.892996,95158
37,17696.892996,97808
38,17696.892996,100461
39,17696.892996,103114
40,17696.892996,105767
41,17696.892996,108424
42,17696.892996,111079
43,17696.892996,113733
44,17696.892996,116388
45,17696.892996,119044
46,17696.892996,121698
47,17696.892996,124353
48,17696.892996,127010
49,17696.892996,129667
50,17696.892996,132324
51,17696.892996,134981
52,17696.892996,137638
53,17696.892996,140295
54,17694.917395,142952
55,17694.917395,145609
56,17694.917395,148266
57,17694.917395,150924
58,17694.917395,153581
59,17694.917395,156239
60,17694.917395,158896
61,17694.917395,161553
62,17694.917395,164210
63,17694.917395,166868
64,17694.917395,169525
65,17694.917395,172180
66,17694.917395,174836
67,17694.917395,177491
68,17694.917395,180148
69,17694.917395,182805
70,17694.917395,185462
71,17694.917395,188119
72,17694.917395,190776
73,17694.917395,193433
74,17694.917395,196090
75,17694.917395,198746
76,17694.917395,201402
77,17694.917395,204060
78,17694.917395,206716
79,17694.917395,209373
80,17694.917395,212029
81,17694.917395,214687
82,17694.917395,217343
83,17694.917395,220001
84,17694.917395,222657
85,17692.072687,225315
86,17692.072687,227971
87,17692.072687,230628
88,17692.072687,233284
89,17686.823746,235940
90,17686.823746,238597
91,17686.823746,241255
92,17686.823746,243912
93,17686.823746,246567
94,17686.823746,249224
95,17686.823746,251880
96,17686.823746,254537
97,17678.780149,257194
98,17664.193345,259851
99,17657.615108,262509
100,17657.615108,265166
101,17657.615108,267824
102,17657.615108,270481
103,17647.755183,273139
104,17647.755183,275796
105,17647.755183,278454
106,17647.755183,281111
107,17647.755183,283769
108,17647.755183,286426
109,17647.755183,289084
110,17647.755183,291741
111,17647.755183,294399
112,17647.755183,297056
113,17647.755183,299714
114,17647.755183,302371
115,17647.755183,305029
116,17647.755183,307686
117,17647.755183,310344
118,17647.755183,313001
119,17647.755183,315659
120,17647.755183,318316
121,17647.755183,320974
122,17647.755183,323631
123,17647.755183,326289
124,17647.755183,328946
125,17647.755183,331604
126,17647.755183,334261
127,17647.755183,336919
128,17647.755183,339576
129,17647.755183,342234
130,17647.755183,344891
131,17647.755183,347549
132,17647.755183,350206
133,17647.755183,352864
134,17647.755183,355521
135,17647.755183,358179
136,17647.755183,360836
137,17647.755183,363494
138,17647.755183,366151
139,17647.755183,368809
140,17647.755183,371466
141,17647.755183,374124
142,17644.159625,376781
143,17644.159625,379439
144,17644.159625,382096
145,17644.159625,384754
146,17644.159625,387411
147,17644.159625,390069
148,17644.159625,392726
149,17644.159625,395384
150,17644.159625,398041
151,17644.159625,400699
152,17644.159625,403356
153,17644.159625,406014
154,17644.159625,408671
155,17644.159625,411329
156,17644.159625,413986
157,17644.159625,416644
158,17644.159625,419301
159,17644.159625,421959
160,17644.159625,424616
161,17644.159625,427274
162,17644.159625,429931
163,17644.159625,432589
164,17644.159625,435246
165,17644.159625,437904
166,17644.159625,440561
167,17644.159625,443219
168,17644.159625,445876
169,17644.159625,448534
170,17644.159625,451191
171,17644.159625,453849
172,17644.159625,456506
173,17644.159625,459164
174,17644.159625,461821
175,17644.159625,464479
176,17644.159625,467136
177,17644.159625,469794
178,17644.159625,472451
179,17644.159625,475109
180,17644.159625,477766
181,17644.159625,480424
182,17644.159625,483081
183,17644.159625,485739
184,17644.159625,488396
185,17644.159625,491054
186,17644.159625,493711
187,17644.159625,496369
188,17644.159625,499026
189,17644.159625,501684
190,17644.159625,504341
191,17644.159625,506999
192,17644.159625,509656
193,17644.159625,512314
194,17644.159625,514971
195,17644.159625,517629
196,17644.159625,520286
197,17644.159625,522944
198,17638.801945,525601
199,17638.801945,528259
200,17638.801945,530916
201,17638.801945,533574
202,17638.801945,536231
203,17638.801945,538889
204,17638.801945,541546
205,17638.801945,544204
206,17638.801945,546861
207,17638.801945,549519
208,17638.801945,552176
209,17638.801945,554834
210,17638.801945,557491
211,17638.801945,560149
212,17638.801945,562806
213,17638.801945,565464
214,17638.801945,568120
215,17638.801945,570778
216,17638.801945,573435
217,17638.801945,576093
218,17638.801945,578750
219,17638.801945,581408
220,17638.801945,584065
221,17638.801945,586723
222,17638.801945,589380
223,17638.801945,592038
224,17638.801945,594695
225,17638.801945,597353
226,17638.801945,600010
227,17638.801945,602668
228,17638.801945,605325
229,17638.801945,607983
230,17638.801945,610640
231,17638.801945,613298
232,17638.801945,615955
233,17638.801945,618613
234,17638.801945,621270
235,17638.801945,623928
236,17638.801945,626585
237,17638.801945,629243
238,17638.801945,631900
239,17638.801945,634558
240,17638.801945,637215
241,17638.801945,639873
242,17638.801945,642530
243,17638.801945,645188
244,17638.801945,647845
245,17638.801945,650503
246,17638.801945,653160
247,17638.801945,655818
248,17638.801945,658475
249,17638.801945,661133
250,17638.801945,663790
251,17638.801945,666448
252,17638.801945,669105
253,17638.801945,671763
254,17638.801945,674420
255,17638.801945,677078
256,17638.801945,679735
257,17638.801945,682393
258,17638.801945,685050
259,17638.801945,687708
260,17638.801945,690365
261,17638.801945,693023
262,17638.801945,695680
263,17638.801945,698338
264,17638.801945,700995
265,17638.801945,703653
266,17638.801945,706310
267,17638.801945,708968
268,17638.801945,711625
269,17638.801945,714283
270,17638.801945,716940
271,17638.801945,719598
272,17638.801945,722255
273,17638.801945,724913
274,17638.801945,727570
275,17638.801945,730228
276,17638.801945,732885
277,17638.801945,735543
278,17638.801945,738200
279,17638.801945,740858
280,17638.801945,743515
281,17638.801945,746173
282,17638.801945,748830
283,17638.801945,751488
284,17638.801945,754145
285,17638.801945,756803
286,17638.801945,759460
287,17638.801945,762118
288,17638.801945,764775
289,17638.801945,767433
290,17638.801945,770090
291,17638.801945,772748
292,17638.801945,775405
293,17638.801945,778063
294,17638.801945,780720
295,17638.801945,783378
296,17638.801945,786035
297,17638.801945,788693
298,17638.801945,791350
299,17638.801945,794008
300,17638.801945,796665
301,17638.801945,799323
302,17638.801945,801980
303,17638.801945,804637
304,17638.801945,807294
305,17638.801945,809952
306,17638.801945,812609
307,17638.801945,815267
308,17638.801945,817924
17638.801945,82.528911
1,19553.285216,2376
2,18700.856546,5000
3,18425.920015,7623
4,18270.799864,10244
5,18123.117393,12848
6,18001.866951,15451
7,17910.210784,18053
8,17850.135348,20662
9,17804.155621,23266
10,17800.893780,25875
11,17800.893780,28472
12,17800.893780,31083
13,17800.893780,33692
14,17800.893780,36304
15,17798.588890,38916
16,17798.588890,41528
17,17798.588890,44138
18,17794.356657,46753
19,17741.251882,49366
20,17741.251882,51980
21,17741.251882,54593
22,17741.251882,57208
23,17738.413545,59825
24,17738.413545,62442
25,17738.413545,65061
26,17738.413545,67680
27,17738.159547,70300
28,17729.599451,72919
29,17717.736393,75540
30,17717.736393,78162
31,17717.736393,80782
32,17717.736393,83403
33,17712.171208,86025
34,17712.171208,88647
35,17712.171208,91269
36,17712.171208,93892
37,17712.171208,96516
38,17712.171208,99140
39,17712.171208,101763
40,17712.171208,104387
41,17710.837818,107011
42,17710.837818,109635
43,17710.837818,112257
44,17710.837818,114880
45,17710.837818,117501
46,17710.837818,120122
47,17710.837818,122743
48,17710.837818,125366
49,17710.837818,127989
50,17710.837818,130612
51,17710.837818,133235
52,17710.837818,135858
53,17710.837818,138481
54,17710.837818,141104
55,17710.837818,143726
56,17710.837818,146348
57,17710.837818,148971
58,17710.837818,151594
59,17710.837818,154217
60,17710.837818,156840
61,17710.837818,159463
62,17710.837818,162087
63,17710.837818,164711
64,17710.837818,167335
65,17710.837818,169959
66,17710.837818,172583
67,17710.837818,175207
68,17710.837818,177831
69,17710.837818,180451
70,17710.837818,183074
71,17710.837818,185696
72,17710.837818,188318
73,17710.837818,190940
74,17710.837818,193562
75,17710.837818,196184
76,17710.837818,198806
77,17710.837818,201428
78,17710.837818,204050
79,17710.837818,206672
80,17710.837818,209294
81,17710.837818,211916
82,17710.837818,214538
83,17710.837818,217160
84,17710.837818,219782
85,17703.866904,222404
86,17703.866904,225026
87,17703.866904,227647
88,17703.866904,230269
89,17703.866904,232892
90,17703.866904,235515
91,17703.866904,238136
92,17703.866904,240759
93,17703.866904,243382
94,17703.866904,246005
95,17703.866904,248628
96,17703.866904,251251
97,17696.669258,253874
98,17696.669258,256497
99,17696.669258,259120
100,17696.669258,261743
101,17696.669258,264367
102,17696.669258,266991
103,17696.669258,269615
104,17696.669258,272239
105,17696.669258,274863
106,17696.669258,277487
107,17696.669258,280111
108,17696.669258,282735
109,17696.669258,285359
110,17696.669258,287983
111,17696.669258,290607
112,17696.669258,293231
113,17696.669258,295855
114,17696.669258,298478
115,17696.669258,301101
116,17696.669258,303725
117,17696.669258,306347
118,17696.669258,308971
119,17696.669258,311594
120,17696.669258,314218
121,17696.669258,316840
122,17696.669258,319464
123,17696.669258,322088
124,17696.669258,324712
125,17696.669258,327336
126,17696.669258,329960
127,17696.669258,332584
128,17696.669258,335208
129,17696.669258,337832
130,17696.669258,340456
131,17696.669258,343080
132,17696.669258,345704
133,17696.669258,348328
134,17696.669258,350952
135,17696.669258,353576
136,17696.669258,356200
137,17696.669258,358824
138,17696.669258,361448
139,17696.669258,364072
140,17696.669258,366696
141,17696.669258,369320
142,17696.669258,371944
143,17696.669258,374568
144,17696.669258,377192
145,17696.669258,379816
146,17696.669258,382440
147,17696.669258,385064
148,17696.669258,387688
149,17696.669258,390312
150,17696.669258,392936
151,17696.669258,395560
152,17696.669258,398184
153,17696.669258,400808
154,17696.669258,403432
155,17696.669258,406056
156,17696.669258,408680
157,17696.669258,411304
158,17696.669258,413928
159,17696.669258,416552
160,17696.669258,419176
161,17696.669258,421800
162,17696.669258,424424
163,17696.669258,427048
164,17696.669258,429672
165,17696.669258,432296
166,17696.669258,434920
167,17696.669258,437544
168,17696.669258,440168
169,17696.669258,442792
170,17696.669258,445416
171,17696.669258,448040
172,17696.669258,450664
173,17696.669258,453288
174,17696.669258,455911
175,17696.669258,458534
176,17696.669258,461157
177,17696.669258,463781
178,17696.669258,466405
179,17696.669258,469029
180,17696.669258,471653
181,17696.669258,474277
182,17696.669258,476901
183,17696.669258,479525
184,17696.669258,482149
185,17696.669258,484773
186,17696.669258,487397
187,17696.669258,490021
188,17696.669258,492645
189,17696.669258,495269
190,17696.669258,497893
191,17696.669258,500517
192,17696.669258,503141
193,17696.669258,505765
194,17696.669258,508389
195,17696.669258,511013
196,17696.669258,513637
197,17696.669258,516261
198,17696.669258,518885
199,17696.669258,521509
200,17696.669258,524133
201,17696.669258,526757
202,17696.669258,529381
203,17696.669258,532005
204,17696.669258,534629
205,17696.669258,537253
206,17696.669258,539877
207,17696.669258,542501
208,17696.669258,545125
209,17696.669258,547749
210,17696.669258,550373
211,17696.669258,552997
212,17696.669258,555621
213,17696.669258,558245
214,17696.669258,560869
215,17696.669258,563493
216,17696.669258,566117
217,17696.669258,568741
218,17696.669258,571365
219,17696.669258,573989
220,17696.669258,576613
221,17696.669258,579237
222,17696.669258,581861
223,17696.669258,584485
224,17696.669258,587109
225,17696.669258,589733
226,17696.669258,592357
227,17696.669258,594981
228,17696.669258,597605
229,17696.669258,600229
230,17696.669258,602853
231,17696.669258,605477
232,17696.669258,608101
233,17696.669258,610725
234,17696.669258,613349
235,17696.669258,615973
236,17696.669258,618597
237,17696.669258,621221
238,17696.669258,623845
239,17696.669258,626469
240,17696.669258,629093
241,17696.669258,631717
242,17696.669258,634341
243,17696.669258,636965
244,17696.669258,639589
245,17696.669258,642213
246,17696.669258,644837
247,17696.669258,647461
248,17696.669258,650085
249,17696.669258,652709
250,17696.669258,655333
251,17696.669258,657957
252,17696.669258,660581
253,17696.669258,663205
254,17696.669258,665829
255,17696.669258,668453
256,17696.669258,671077
257,17696.669258,673701
258,17696.669258,676325
259,17696.669258,678949
260,17696.669258,681573
261,17696.669258,684197
262,17696.669258,686821
263,17696.669258,689445
264,17696.669258,692069
265,17696.669258,694693
266,17696.669258,697317
267,17696.669258,699941
268,17696.669258,702565
269,17696.669258,705189
270,17696.669258,707813
271,17696.669258,710437
272,17696.669258,713061
273,17696.669258,715685
274,17696.669258,718309
275,17696.669258,720933
276,17696.669258,723557
277,17696.669258,726181
278,17696.669258,728805
279,17696.669258,731429
280,17696.669258,734053
281,17696.669258,736677
282,17696.669258,739301
283,17696.669258,741925
284,17696.669258,744549
285,17696.669258,747173
286,17696.669258,749797
287,17696.669258,752421
288,17696.669258,755045
289,17696.669258,757669
290,17696.669258,760293
291,17696.669258,762917
292,17696.669258,765541
293,17696.669258,768165
294,17696.669258,770789
295,17696.669258,773413
296,17696.669258,776037
297,17696.669258,778661
298,17696.669258,781285
299,17696.669258,783909
300,17696.669258,786533
301,17696.669258,789157
302,17696.669258,791781
303,17696.669258,794405
304,17696.669258,797029
305,17696.669258,799653
306,17696.669258,802277
307,17696.669258,804901
308,17696.669258,807525
309,17696.669258,810149
310,17696.669258,812773
311,17696.669258,815397
312,17696.669258,818021
17696.669258,84.338127
1,19523.562536,2376
2,18789.887121,5023
3,18591.093395,7666
4,18233.074773,10307
5,18151.130832,12944
6,17930.538069,15570
7,17899.577074,18190
8,17811.091529,20812
9,17809.247591,23439
10,17809.247591,26076
11,17809.247591,28708
12,17809.247591,31348
13,17809.247591,33986
14,17809.247591,36625
15,17805.921211,39258
16,17782.119381,41899
17,17782.119381,44534
18,17778.325804,47174
19,17743.067031,49814
20,17743.067031,52457
21,17743.067031,55098
22,17743.067031,57742
23,17738.489778,60382
24,17738.489778,63025
25,17738.489778,65665
26,17734.121686,68307
27,17725.277185,70951
28,17725.277185,73595
29,17725.277185,76238
30,17725.277185,78883
31,17725.277185,81525
32,17725.277185,84169
33,17725.277185,86812
34,17725.277185,89456
35,17725.277185,92096
36,17725.277185,94740
37,17725.277185,97383
38,17725.277185,100027
39,17725.277185,102671
40,17725.277185,105314
41,17725.277185,107954
42,17725.277185,110596
43,17725.277185,113234
44,17725.277185,115876
45,17725.277185,118511
46,17725.277185,121151
47,17725.277185,123791
48,17725.277185,126431
49,17725.277185,129073
50,17712.658881,131713
51,17712.495902,134357
52,17712.495902,137001
53,17712.495902,139646
54,17712.495902,142291
55,17712.495902,144933
56,17712.495902,147578
57,17711.026301,150225
58,17711.026301,152870
59,17711.026301,155515
60,17703.622177,158160
61,17703.622177,160805
62,17703.622177,163452
63,17703.622177,166099
64,17703.622177,168746
65,17703.622177,171393
66,17703.622177,174040
67,17703.622177,176687
68,17703.622177,179334
69,17703.622177,181981
70,17703.622177,184628
71,17703.622177,187275
72,17703.622177,189922
73,17703.622177,192569
74,17703.622177,195216
75,17703.622177,197860
76,17703.622177,200507
77,17703.622177,203154
78,17703.622177,205801
79,17703.622177,208448
80,17703.622177,211094
81,17703.622177,213741
82,17703.622177,216387
83,17703.622177,219034
84,17703.622177,221681
85,17703.622177,224328
86,17703.622177,226975
87,17703.622177,229622
88,17703.622177,232269
89,17703.622177,234916
90,17703.622177,237563
91,17703.622177,240210
92,17703.622177,242857
93,17703.622177,245504
94,17703.622177,248151
95,17703.622177,250798
96,17703.622177,253445
97,17703.622177,256092
98,17703.622177,258738
99,17703.622177,261385
100,17703.622177,264031
101,17703.622177,266677
102,17703.622177,269322
103,17703.622177,271968
104,17703.622177,274613
105,17703.622177,277259
106,17703.622177,279904
107,17703.622177,282550
108,17703.622177,285195
109,17703.622177,287842
110,17703.622177,290488
111,17703.622177,293135
112,17703.622177,295781
113,17703.622177,298428
114,17703.622177,301074
115,17703.622177,303721
116,17703.622177,306367
117,17703.622177,309014
118,17703.622177,311660
119,17703.622177,314306
120,17703.622177,316952
121,17703.622177,319599
122,17703.622177,322245
123,17703.622177,324891
124,17703.622177,327537
125,17703.622177,330184
126,17703.622177,332830
127,17703.622177,335477
128,17703.622177,338123
129,17703.622177,340770
130,17703.622177,343416
131,17703.622177,346063
132,17703.622177,348709
133,17703.622177,351354
134,17703.622177,354000
135,17703.622177,356645
136,17703.622177,359289
137,17703.622177,361935
138,17703.622177,364580
139,17703.622177,367227
140,17703.622177,369873
141,17703.622177,372520
142,17703.622177,375166
143,17703.622177,377813
144,17703.622177,380459
145,17703.622177,383106
146,17703.622177,385751
147,17703.622177,388398
148,17703.622177,391044
149,17703.622177,393691
150,17703.622177,396337
151,17703.622177,398984
152,17703.622177,401630
153,17703.622177,404277
154,17703.622177,406923
155,17703.622177,409570
156,17703.622177,412216
157,17703.622177,414863
158,17703.622177,417507
159,17703.622177,420153
160,17703.622177,422798
161,17703.622177,425444
162,17703.622177,428089
163,17703.622177,430735
164,17703.622177,433379
165,17703.622177,436024
166,17703.622177,438669
167,17703.622177,441315
168,17703.622177,443960
169,17703.622177,446607
170,17703.622177,449253
171,17703.622177,451900
172,17703.622177,454546
173,17703.622177,457193
174,17703.622177,459839
175,17703.622177,462486
176,17703.622177,465132
177,17703.622177,467779
178,17703.622177,470425
179,17703.622177,473072
180,17703.622177,475718
181,17703.622177,478364
182,17703.622177,481010
183,17703.622177,483657
184,17703.622177,486303
185,17703.622177,488950
186,17703.622177,491596
187,17703.622177,494242
188,17703.622177,496888
189,17703.622177,499535
190,17703.622177,502181
191,17703.622177,504828
192,17703.622177,507474
193,17703.622177,510121
194,17703.622177,512767
195,17703.622177,515414
196,17703.622177,518058
197,17703.622177,520703
198,17703.622177,523347
199,17703.622177,525992
200,17703.622177,528636
201,17703.622177,531281
202,17703.622177,533925
203,17703.622177,536572
204,17703.622177,539218
205,17703.622177,541865
206,17703.622177,544511
207,17703.622177,547158
208,17703.622177,549804
209,17703.622177,552451
210,17703.622177,555097
211,17703.622177,557744
212,17703.622177,560389
213,17703.622177,563035
214,17703.622177,565680
215,17703.622177,568327
216,17703.622177,570973
217,17703.622177,573620
218,17703.622177,576265
219,17703.622177,578911
220,17703.622177,581556
221,17703.622177,584202
222,17703.622177,586847
223,17703.622177,589494
224,17703.622177,592139
225,17703.622177,594786
226,17703.622177,597432
227,17703.622177,600079
228,17703.622177,602725
229,17703.622177,605372
230,17703.622177,608018
231,17703.622177,610665
232,17703.622177,613311
233,17703.622177,615958
234,17703.622177,618604
235,17703.622177,621251
236,17703.622177,623897
237,17703.622177,626543
238,17703.622177,629189
239,17703.622177,631836
240,17703.622177,634481
241,17703.622177,637128
242,17703.622177,639774
243,17703.622177,642421
244,17703.622177,645067
245,17703.622177,647714
246,17703.622177,650360
247,17703.622177,653007
248,17703.622177,655653
249,17703.622177,658300
250,17703.622177,660946
251,17703.622177,663593
252,17703.622177,666239
253,17703.622177,668886
254,17703.622177,671532
255,17703.622177,674179
256,17703.622177,676825
257,17703.622177,679472
258,17703.622177,682118
259,17703.622177,684765
260,17703.622177,687411
261,17703.622177,690058
262,17703.622177,692704
263,17703.622177,695351
264,17703.622177,697997
265,17703.622177,700644
266,17703.622177,703290
267,17703.622177,705937
268,17703.622177,708583
269,17703.622177,711230
270,17703.622177,713876
271,17703.622177,716523
272,17703.622177,719169
273,17703.622177,721816
274,17703.622177,724462
275,17703.622177,727109
276,17703.622177,729755
277,17703.622177,732402
278,17703.622177,735048
279,17703.622177,737695
280,17703.622177,740341
281,17703.622177,742988
282,17703.622177,745634
283,17703.622177,748281
284,17703.622177,750927
285,17703.622177,753574
286,17703.622177,756220
287,17703.622177,758867
288,17703.622177,761513
289,17703.622177,764160
290,17703.622177,766806
291,17703.622177,769453
292,17703.622177,772099
293,17703.622177,774746
294,17703.622177,777392
295,17703.622177,780039
296,17703.622177,782685
297,17703.622177,785332
298,17703.622177,787978
299,17703.622177,790625
300,17703.622177,793271
301,17703.622177,795918
302,17703.622177,798564
303,17703.622177,801211
304,17703.622177,803857
305,17703.622177,806504
306,17703.622177,809150
307,17703.622177,811797
308,17703.622177,814443
309,17703.622177,817090
17703.622177,83.983673
1,19442.143216,2376
2,18729.584245,5001
3,18457.297258,7624
4,18259.628194,10239
5,18118.460687,12851
6,18053.373859,15462
7,17939.539651,18063
8,17860.446133,20664
9,17812.972326,23274
10,17794.246784,25889
11,17774.570996,28504
12,17763.480880,31125
13,17763.480880,33733
14,17763.480880,36350
15,17752.110029,38966
16,17752.110029,41587
17,17751.504920,44210
18,17751.504920,46834
19,17751.504920,49452
20,17751.504920,52073
21,17751.504920,54686
22,17751.504920,57308
23,17751.504920,59924
24,17751.504920,62545
25,17751.504920,65162
26,17751.504920,67781
27,17751.504920,70398
28,17751.504920,73019
29,17751.504920,75639
30,17751.504920,78261
31,17739.239041,80883
32,17739.239041,83507
33,17739.239041,86126
34,17739.239041,88747
35,17739.239041,91371
36,17722.649514,93995
37,17722.649514,96619
38,17721.932005,99243
39,17721.932005,101861
40,17706.508928,104486
41,17706.508928,107111
42,17706.508928,109735
43,17706.508928,112358
44,17706.508928,114981
45,17706.508928,117606
46,17706.508928,120230
47,17706.508928,122853
48,17706.508928,125478
49,17706.508928,128102
50,17706.508928,130727
51,17706.508928,133350
52,17706.508928,135974
53,17706.508928,138599
54,17706.508928,141222
55,17706.508928,143846
56,17706.508928,146469
57,17706.508928,149093
58,17706.508928,151716
59,17706.508928,154339
60,17706.508928,156962
61,17706.508928,159582
62,17706.508928,162203
63,17706.508928,164826
64,17706.508928,167447
65,17706.508928,170072
66,17706.508928,172695
67,17706.508928,175320
68,17706.508928,177943
69,17706.508928,180568
70,17706.508928,183191
71,17706.508928,185816
72,17706.508928,188438
73,17706.508928,191063
74,17706.508928,193685
75,17706.508928,196310
76,17706.508928,198932
77,17706.508928,201557
78,17706.508928,204180
79,17706.508928,206805
80,17706.508928,209428
81,17706.508928,212053
82,17706.508928,214676
83,17706.508928,217301
84,17706.508928,219922
85,17706.508928,222547
86,17706.508928,225168
87,17706.508928,227793
88,17706.508928,230414
89,17706.508928,233039
90,17706.508928,235659
91,17706.508928,238282
92,17706.508928,240900
93,17706.508928,243520
94,17706.508928,246140
95,17706.508928,248764
96,17706.508928,251385
97,17706.508928,254009
98,17706.508928,256630
99,17706.508928,259253
100,17706.508928,261874
101,17706.508928,264498
102,17706.508928,267121
103,17706.508928,269746
104,17706.508928,272369
105,17706.508928,274993
106,17706.508928,277617
107,17706.508928,280242
108,17706.508928,282865
109,17706.508928,285488
110,17706.508928,288109
111,17706.508928,290733
112,17706.508928,293355
113,17706.508928,295979
114,17706.508928,298601
115,17706.508928,301225
116,17706.508928,303846
117,17706.508928,306467
118,17706.508928,309089
119,17706.508928,311713
120,17706.508928,314336
121,17706.508928,316961
122,17706.508928,319583
123,17706.508928,322208
124,17706.508928,324830
125,17706.508928,327455
126,17706.508928,330078
127,17706.508928,332702
128,17706.508928,335324
129,17706.508928,337949
130,17706.508928,340571
131,17706.508928,343196
132,17706.508928,345818
133,17706.508928,348443
134,17706.508928,351065
135,17706.508928,353690
136,17706.508928,356312
137,17706.508928,358937
138,17706.508928,361559
139,17706.508928,364184
140,17706.508928,366806
141,17706.508928,369431
142,17706.508928,372052
143,17706.508928,374677
144,17706.508928,377298
145,17706.508928,379920
146,17706.508928,382540
147,17706.508928,385164
148,17706.508928,387785
149,17706.508928,390409
150,17706.508928,393029
151,17706.508928,395652
152,17706.508928,398273
153,17706.508928,400898
154,17706.508928,403519
155,17706.508928,406142
156,17706.508928,408763
157,17706.508928,411388
158,17706.508928,414009
159,17706.508928,416634
160,17706.508928,419255
161,17706.508928,421880
162,17706.508928,424501
163,17706.508928,427125
164,17706.508928,429746
165,17706.508928,432371
166,17706.508928,434992
167,17706.508928,437617
168,17706.508928,440238
169,17706.508928,442863
170,17706.508928,445484
171,17706.508928,448109
172,17706.508928,450730
173,17706.508928,453355
174,17706.508928,455976
175,17706.508928,458601
176,17706.508928,461222
177,17706.508928,463846
178,17706.508928,466467
179,17706.508928,469092
180,17706.508928,471713
181,17706.508928,474338
182,17706.508928,476959
183,17706.508928,479584
184,17706.508928,482205
185,17706.508928,484830
186,17706.508928,487451
187,17706.508928,490076
188,17706.508928,492696
189,17706.508928,495320
190,17706.508928,497939
191,17706.508928,500563
192,17706.508928,503184
193,17706.508928,505809
194,17706.508928,508430
195,17706.508928,511055
196,17706.508928,513676
197,17706.508928,516301
198,17706.508928,518922
199,17706.508928,521547
200,17706.508928,524168
201,17706.508928,526793
202,17706.508928,529414
203,17706.508928,532039
204,17706.508928,534659
205,17706.508928,537283
206,17706.508928,539903
207,17706.508928,542528
208,17706.508928,545149
209,17706.508928,547774
210,17706.508928,550395
211,17706.508928,553020
212,17706.508928,555641
213,17706.508928,558266
214,17706.508928,560887
215,17706.508928,563512
216,17706.508928,566133
217,17706.508928,568758
218,17706.508928,571379
219,17706.508928,574004
220,17706.508928,576625
221,17706.508928,579250
222,17706.508928,581871
223,17706.508928,584494
224,17706.508928,587115
225,17706.508928,589740
226,17706.508928,592361
227,17706.508928,594986
228,17706.508928,597607
229,17706.508928,600232
230,17706.508928,602853
231,17706.508928,605478
232,17706.508928,608099
233,17706.508928,610724
234,17706.508928,613345
235,17706.508928,615967
236,17706.508928,618588
237,17706.508928,621211
238,17706.508928,623832
239,17706.508928,626457
240,17706.508928,629078
241,17706.508928,631703
242,17706.508928,634324
243,17706.508928,636949
244,17706.508928,639570
245,17706.508928,642195
246,17706.508928,644816
247,17706.508928,647441
248,17706.508928,650062
249,17706.508928,652687
250,17706.508928,655308
251,17706.508928,657933
252,17706.508928,660554
253,17706.508928,663179
254,17706.508928,665800
255,17706.508928,668425
256,17706.508928,671046
257,17706.508928,673671
258,17706.508928,676292
259,17706.508928,678917
260,17706.508928,681538
261,17706.508928,684163
262,17706.508928,686784
263,17706.508928,689409
264,17706.508928,692030
265,17706.508928,694655
266,17706.508928,697276
267,17706.508928,699901
268,17706.508928,702522
269,17706.508928,705147
270,17706.508928,707767
271,17706.508928,710392
272,17706.508928,713013
273,17706.508928,715638
274,17706.508928,718259
275,17706.508928,720884
276,17706.508928,723505
277,17706.508928,726130
278,17706.508928,728751
279,17706.508928,731376
280,17706.508928,733997
281,17706.508928,736622
282,17706.508928,739243
283,17706.508928,741868
284,17706.508928,744489
285,17706.508928,747114
286,17706.508928,749735
287,17706.508928,752360
288,17706.508928,754981
289,17706.508928,757606
290,17706.508928,760227
291,17706.508928,762852
292,17706.508928,765473
293,17706.508928,768098
294,17706.508928,770719
295,17706.508928,773344
296,17706.508928,775964
297,17706.508928,778589
298,17706.508928,781209
299,17706.508928,783834
300,17706.508928,786455
301,17706.508928,789079
302,17706.508928,791699
303,17706.508928,794323
304,17706.508928,796943
305,17706.508928,799567
306,17706.508928,802187
307,17706.508928,804811
308,17706.508928,807431
309,17706.508928,810055
310,17706.508928,812675
311,17706.508928,815299
312,17706.508928,817919
17706.508928,84.366216
1,19602.749427,2376
2,18783.904157,5000
3,18457.874403,7624
4,18457.874403,10243
5,18122.777142,12853
6,18057.393686,15462
7,17949.234831,18066
8,17842.810089,20674
9,17814.236943,23286
10,17798.183679,25903
11,17798.183679,28523
12,17798.183679,31143
13,17798.183679,33764
14,17798.183679,36385
15,17798.183679,39006
16,17798.183679,41628
17,17786.716836,44249
18,17786.716836,46868
19,17786.716836,49487
20,17786.716836,52105
21,17786.716836,54723
22,17786.716836,57344
23,17785.795393,59964
24,17770.459278,62583
25,17741.122864,65205
26,17741.122864,67826
27,17741.122864,70450
28,17736.855881,73073
29,17731.373471,75693
30,17731.373471,78315
31,17731.373471,80938
32,17731.373471,83561
33,17731.373471,86186
34,17731.373471,88811
35,17731.373471,91436
36,17731.373471,94061
37,17731.373471,96682
38,17731.373471,99304
39,17731.373471,101929
40,17731.373471,104553
41,17731.373471,107176
42,17727.451211,109799
43,17727.451211,112422
44,17727.451211,115045
45,17727.451211,117669
46,17727.451211,120293
47,17727.451211,122918
48,17727.451211,125544
49,17727.451211,128170
50,17727.451211,130796
51,17727.451211,133422
52,17727.451211,136048
53,17727.451211,138674
54,17727.451211,141300
55,17727.451211,143926
56,17727.451211,146552
57,17727.451211,149178
58,17727.451211,151804
59,17727.451211,154430
60,17727.451211,157056
61,17727.451211,159682
62,17727.451211,162308
63,17727.451211,164934
64,17727.451211,167560
65,17727.451211,170185
66,17727.451211,172811
67,17727.451211,175437
68,17727.451211,178063
69,17727.451211,180689
70,17727.451211,183315
71,17727.451211,185940
72,17727.451211,188566
73,17727.451211,191192
74,17727.451211,193818
75,17727.451211,196444
76,17727.451211,199070
77,17727.451211,201696
78,17727.451211,204322
79,17727.451211,206948
80,17727.451211,209574
81,17727.451211,212200
82,17727.451211,214826
83,17727.451211,217450
84,17727.451211,220076
85,17727.451211,222702
86,17727.451211,225328
87,17727.451211,227954
88,17727.451211,230580
89,17727.451211,233206
90,17727.451211,235832
91,17727.451211,238458
92,17727.451211,241084
93,17727.451211,243710
94,17727.451211,246336
95,17727.451211,248962
96,17727.451211,251588
97,17727.451211,254214
98,17727.451211,256840
99,17727.451211,259466
100,17727.451211,262092
101,17727.451211,264718
102,17727.451211,267344
103,17727.451211,269970
104,17727.451211,272596
105,17727.451211,275222
106,17727.451211,277848
107,17727.451211,280474
108,17727.451211,283100
109,17727.451211,285726
110,17727.451211,288352
111,17727.451211,290978
112,17727.451211,293604
113,17727.451211,296230
114,17727.451211,298856
115,17727.451211,301482
116,17727.451211,304108
117,17727.451211,306734
118,17727.451211,309360
119,17727.451211,311986
120,17727.451211,314612
121,17727.451211,317238
122,17727.451211,319864
123,17727.451211,322490
124,17727.451211,325116
125,17727.451211,327742
126,17727.451211,330368
127,17727.451211,332994
128,17727.451211,335620
129,17727.451211,338246
130,17727.451211,340872
131,17727.451211,343498
132,17727.451211,346123
133,17727.451211,348748
134,17727.451211,351373
135,17727.451211,353998
136,17727.451211,356623
137,17727.451211,359248
138,17727.451211,361873
139,17727.451211,364496
140,17727.451211,367121
141,17727.451211,369746
142,17727.451211,372371
143,17727.451211,374996
144,17727.451211,377621
145,17727.451211,380246
146,17727.451211,382870
147,17727.451211,385494
148,17727.451211,388118
149,17727.451211,390741
150,17727.451211,393365
151,17727.451211,395989
152,17727.451211,398613
153,17727.451211,401237
154,17727.451211,403861
155,17727.451211,406485
156,17727.451211,409109
157,17727.451211,411735
158,17727.451211,414361
159,17727.451211,416987
160,17727.451211,419613
161,17727.451211,422239
162,17727.451211,424864
163,17727.451211,427490
164,17727.451211,430115
165,17727.451211,432740
166,17727.451211,435365
167,17727.451211,437991
168,17727.451211,440617
169,17727.451211,443243
170,17727.451211,445869
171,17727.451211,448495
172,17727.451211,451121
173,17727.451211,453747
174,17727.451211,456373
175,17727.451211,458999
176,17727.451211,461625
177,17727.451211,464251
178,17727.451211,466877
179,17727.451211,469503
180,17727.451211,472129
181,17727.451211,474755
182,17727.451211,477381
183,17727.451211,480007
184,17727.451211,482633
185,17727.451211,485259
186,17727.451211,487885
187,17727.451211,490511
188,17727.451211,493137
189,17727.451211,495763
190,17727.451211,498389
191,17727.451211,501015
192,17727.451211,503641
193,17727.451211,506267
194,17727.451211,508893
195,17727.451211,511519
196,17727.451211,514145
197,17727.451211,516771
198,17727.451211,519397
199,17727.451211,522023
200,17727.451211,524649
201,17727.451211,527275
202,17727.451211,529901
203,17727.451211,532527
204,17727.451211,535153
205,17727.451211,537779
206,17727.451211,540405
207,17727.451211,543031
208,17727.451211,545657
209,17727.451211,548283
210,17727.451211,550909
211,17727.451211,553535
212,17727.451211,556161
213,17727.451211,558787
214,17727.451211,561413
215,17727.451211,564039
216,17727.451211,566665
217,17727.451211,569291
218,17727.451211,571917
219,17727.451211,574543
220,17727.451211,577169
221,17727.451211,579795
222,17727.451211,582421
223,17727.451211,585047
224,17727.451211,587673
225,17727.451211,590299
226,17727.451211,592925
227,17727.451211,595551
228,17727.451211,598177
229,17727.451211,600803
230,17727.451211,603429
231,17727.451211,606055
232,17727.451211,608681
233,17727.451211,611307
234,17727.451211,613933
235,17727.451211,616559
236,17727.451211,619185
237,17727.451211,621811
238,17727.451211,624436
239,17727.451211,627061
240,17727.451211,629686
241,17727.451211,632310
242,17727.451211,634934
243,17727.451211,637559
244,17727.451211,640184
245,17727.451211,642809
246,17727.451211,645434
247,17727.451211,648059
248,17727.451211,650684
249,17727.451211,653310
250,17727.451211,655936
251,17727.451211,658562
252,17727.451211,661188
253,17727.451211,663814
254,17727.451211,666440
255,17727.451211,669066
256,17727.451211,671692
257,17727.451211,674318
258,17727.451211,676944
259,17727.451211,679570
260,17727.451211,682196
261,17727.451211,684822
262,17727.451211,687448
263,17727.451211,690074
264,17727.451211,692700
265,17727.451211,695326
266,17727.451211,697952
267,17727.451211,700578
268,17727.451211,703204
269,17727.451211,705830
270,17727.451211,708456
271,17727.451211,711082
272,17727.451211,713708
273,17727.451211,716334
274,17727.451211,718960
275,17727.451211,721586
276,17727.451211,724212
277,17727.451211,726838
278,17727.451211,729464
279,17727.451211,732090
280,17727.451211,734716
281,17727.451211,737342
282,17727.451211,739968
283,17727.451211,742594
284,17727.451211,745220
285,17727.451211,747846
286,17727.451211,750471
287,17727.451211,753096
288,17727.451211,755720
289,17727.451211,758344
290,17727.451211,760968
291,17727.451211,763592
292,17727.451211,766216
293,17727.451211,768840
294,17727.451211,771464
295,17727.451211,774088
296,17727.451211,776712
297,17727.451211,779336
298,17727.451211,781960
299,17727.451211,784584
300,17727.451211,787208
301,17727.451211,789833
302,17727.451211,792458
303,17727.451211,795084
304,17727.451211,797710
305,17727.451211,800336
306,17727.451211,802962
307,17727.451211,805588
308,17727.451211,808214
309,17727.451211,810840
310,17727.451211,813466
311,17727.451211,816092
312,17727.451211,818718
17727.451211,84.760823
1,19489.635954,2376
2,18864.458415,5006
3,18455.765137,7636
4,18213.755332,10264
5,18103.865131,12884
6,18011.857747,15496
7,17891.855675,18103
8,17843.471301,20707
9,17804.623143,23325
10,17799.429795,25948
11,17791.810591,28576
12,17778.165618,31204
13,17775.793851,33830
14,17775.793851,36459
15,17775.793851,39081
16,17746.036820,41710
17,17744.636990,44335
18,17744.636990,46963
19,17744.636990,49587
20,17744.636990,52217
21,17744.636990,54848
22,17744.636990,57479
23,17744.636990,60107
24,17744.636990,62738
25,17744.636990,65368
26,17744.636990,67998
27,17744.636990,70627
28,17744.636990,73258
29,17744.636990,75887
30,17744.636990,78518
31,17744.636990,81148
32,17744.636990,83778
33,17744.636990,86405
34,17744.636990,89034
35,17736.761672,91661
36,17736.761672,94290
37,17736.761672,96916
38,17736.761672,99544
39,17736.761672,102171
40,17736.761672,104799
41,17736.761672,107427
42,17736.761672,110054
43,17736.761672,112683
44,17725.402363,115312
45,17725.402363,117941
46,17725.402363,120569
47,17725.402363,123199
48,17725.402363,125830
49,17725.402363,128460
50,17725.402363,131091
51,17725.402363,133720
52,17724.816675,136350
53,17724.816675,138980
54,17724.816675,141610
55,17724.816675,144240
56,17724.816675,146870
57,17724.816675,149500
58,17724.816675,152130
59,17724.816675,154760
60,17724.816675,157390
61,17724.816675,160020
62,17724.816675,162650
63,17724.816675,165281
64,17724.816675,167912
65,17724.816675,170543
66,17724.816675,173174
67,17724.816675,175806
68,17724.816675,178438
69,17724.816675,181070
70,17724.816675,183701
71,17724.816675,186332
72,17724.816675,188964
73,17718.135211,191596
74,17718.135211,194228
75,17718.135211,196860
76,17718.135211,199492
77,17718.135211,202124
78,17718.135211,204756
79,17718.135211,207388
80,17718.135211,210020
81,17718.135211,212652
82,17718.135211,215284
83,17718.135211,217916
84,17718.135211,220548
85,17717.168886,223180
86,17717.168886,225812
87,17717.168886,228444
88,17717.168886,231076
89,17717.168886,233708
90,17717.168886,236340
91,17717.168886,238972
92,17717.168886,241604
93,17717.168886,244236
94,17717.168886,246868
95,17717.168886,249500
96,17717.168886,252132
97,17717.168886,254763
98,17717.168886,257395
99,17712.247836,260027
100,17712.247836,262659
101,17712.247836,265290
102,17712.247836,267922
103,17712.247836,270553
104,17712.247836,273185
105,17712.247836,275817
106,17712.247836,278449
107,17712.247836,281078
108,17712.247836,283710
109,17712.247836,286341
110,17712.247836,288973
111,17712.247836,291605
112,17712.247836,294237
113,17712.247836,296868
114,17712.247836,299500
115,17712.247836,302132
116,17712.247836,304763
117,17709.635834,307394
118,17709.635834,310025
119,17709.635834,312657
120,17709.635834,315289
121,17709.635834,317921
122,17709.635834,320553
123,17709.635834,323185
124,17709.635834,325817
125,17709.635834,328448
126,17709.635834,331080
127,17709.635834,333711
128,17709.635834,336342
129,17709.635834,338973
130,17709.635834,341603
131,17707.828418,344234
132,17707.828418,346866
133,17707.828418,349496
134,17707.828418,352128
135,17707.828418,354758
136,17707.828418,357390
137,17707.828418,360022
138,17707.828418,362654
139,17707.828418,365285
140,17707.828418,367917
141,17707.828418,370548
142,17707.828418,373180
143,17707.828418,375812
144,17707.828418,378444
145,17707.828418,381076
146,17707.828418,383708
147,17707.828418,386340
148,17707.828418,388972
149,17707.828418,391604
150,17707.828418,394236
151,17707.828418,396868
152,17707.828418,399500
153,17707.828418,402132
154,17707.828418,404764
155,17707.828418,407396
156,17707.828418,410028
157,17707.828418,412660
158,17707.828418,415292
159,17707.828418,417924
160,17707.828418,420556
161,17707.828418,423188
162,17707.828418,425820
163,17707.828418,428452
164,17707.828418,431084
165,17707.828418,433716
166,17707.828418,436348
167,17707.828418,438980
168,17707.828418,441612
169,17707.828418,444244
170,17707.828418,446876
171,17707.828418,449508
172,17707.828418,452140
173,17707.828418,454772
174,17707.828418,457404
175,17707.828418,460036
176,17707.828418,462668
177,17707.828418,465300
178,17707.828418,467932
179,17707.828418,470564
180,17707.828418,473196
181,17707.828418,475828
182,17707.828418,478460
183,17707.828418,481092
184,17707.828418,483724
185,17707.828418,486356
186,17707.828418,488988
187,17707.828418,491620
188,17707.828418,494252
189,17707.828418,496884
190,17707.828418,499516
191,17707.828418,502148
192,17707.828418,504780
193,17707.828418,507412
194,17707.828418,510044
195,17707.828418,512676
196,17707.828418,515308
197,17707.828418,517939
198,17707.828418,520571
199,17707.828418,523203
200,17707.828418,525835
201,17707.828418,528467
202,17707.828418,531099
203,17707.828418,533731
204,17707.828418,536361
205,17707.828418,538991
206,17707.828418,541621
207,17707.828418,544252
208,17707.828418,546883
209,17707.828418,549515
210,17707.828418,552146
211,17707.828418,554777
212,17707.828418,557408
213,17707.828418,560039
214,17707.828418,562670
215,17707.828418,565301
216,17707.828418,567933
217,17707.828418,570565
218,17707.828418,573197
219,17707.828418,575829
220,17707.828418,578461
221,17707.828418,581093
222,17707.828418,583725
223,17707.828418,586357
224,17707.828418,588989
225,17707.828418,591621
226,17707.828418,594253
227,17707.828418,596885
228,17707.828418,599517
229,17707.828418,602149
230,17707.828418,604781
231,17707.828418,607413
232,17707.828418,610045
233,17707.828418,612677
234,17707.828418,615309
235,17707.828418,617941
236,17707.828418,620573
237,17707.828418,623205
238,17707.828418,625837
239,17707.828418,628469
240,17707.828418,631101
241,17707.828418,633733
242,17707.828418,636365
243,17707.828418,638997
244,17707.828418,641629
245,17707.828418,644261
246,17707.828418,646893
247,17707.828418,649525
248,17707.828418,652157
249,17707.828418,654789
250,17707.828418,657421
251,17707.828418,660053
252,17707.828418,662685
253,17707.828418,665317
254,17707.828418,667949
255,17707.828418,670581
256,17707.828418,673213
257,17707.828418,675845
258,17707.828418,678477
259,17707.828418,681109
260,17707.828418,683741
261,17707.828418,686373
262,17707.828418,689005
263,17707.828418,691637
264,17707.828418,694269
265,17707.828418,696901
266,17707.828418,699533
267,17707.828418,702165
268,17707.828418,704797
269,17707.828418,707429
270,17707.828418,710061
271,17707.828418,712693
272,17707.828418,715325
273,17707.828418,717957
274,17707.828418,720589
275,17707.828418,723221
276,17707.828418,725853
277,17707.828418,728485
278,17707.828418,731117
279,17707.828418,733749
280,17707.828418,736381
281,17707.828418,739013
282,17707.828418,741645
283,17707.828418,744277
284,17707.828418,746909
285,17707.828418,749541
286,17707.828418,752173
287,17707.828418,754805
288,17707.828418,757437
289,17707.828418,760069
290,17707.828418,762701
291,17707.828418,765333
292,17707.828418,767965
293,17707.828418,770597
294,17707.828418,773229
295,17707.828418,775861
296,17707.828418,778493
297,17707.828418,781125
298,17707.828418,783757
299,17707.828418,786389
300,17707.828418,789021
301,17707.828418,791653
302,17707.828418,794285
303,17707.828418,796917
304,17707.828418,799549
305,17707.828418,802181
306,17707.828418,804813
307,17707.828418,807445
308,17707.828418,810077
309,17707.828418,812709
310,17707.828418,815341
311,17707.828418,817973
17707.828418,84.716238
1,19593.963170,2376
2,18723.341278,5035
3,18475.806003,7691
4,18254.432346,10342
5,18213.619043,12983
6,18019.814307,15624
7,17937.807329,18258
8,17852.394180,20887
9,17823.100446,23525
10,17817.443243,26173
11,17817.443243,28825
12,17784.007325,31479
13,17784.007325,34128
14,17776.179424,36777
15,17776.179424,39421
16,17776.179424,42069
17,17776.179424,44717
18,17776.179424,47366
19,17776.179424,50015
20,17776.179424,52668
21,17776.179424,55319
22,17772.847143,57971
23,17772.847143,60621
24,17772.847143,63274
25,17772.847143,65922
26,17770.899961,68575
27,17770.899961,71230
28,17769.803192,73885
29,17762.091675,76538
30,17762.091675,79194
31,17761.141011,81850
32,17761.141011,84506
33,17761.141011,87162
34,17761.141011,89818
35,17761.141011,92474
36,17761.141011,95130
37,17756.161419,97786
38,17756.161419,100442
39,17728.508210,103094
40,17728.508210,105747
41,17728.508210,108402
42,17728.508210,111057
43,17728.508210,113714
44,17728.508210,116371
45,17728.508210,119028
46,17728.508210,121685
47,17728.508210,124342
48,17728.508210,127000
49,17728.508210,129657
50,17728.508210,132315
51,17728.508210,134974
52,17728.508210,137633
53,17728.508210,140292
54,17728.508210,142951
55,17728.508210,145610
56,17728.508210,148269
57,17728.508210,150928
58,17728.508210,153587
59,17728.508210,156246
60,17728.508210,158905
61,17713.153150,161564
62,17713.153150,164223
63,17713.153150,166882
64,17713.153150,169541
65,17713.153150,172200
66,17713.058810,174859
67,17713.058810,177517
68,17711.611049,180176
69,17711.611049,182835
70,17711.611049,185494
71,17711.611049,188153
72,17711.611049,190812
73,17711.611049,193471
74,17711.611049,196130
75,17711.611049,198789
76,17711.611049,201448
77,17711.456031,204107
78,17704.716988,206766
79,17704.716988,209425
80,17704.716988,212084
81,17704.716988,214743
82,17704.716988,217402
83,17704.716988,220061
84,17704.716988,222720
85,17704.716988,225379
86,17704.716988,228038
87,17704.716988,230697
88,17704.716988,233356
89,17704.716988,236015
90,17704.716988,238674
91,17704.716988,241333
92,17704.716988,243992
93,17704.716988,246651
94,17704.716988,249310
95,17704.716988,251969
96,17704.716988,254628
97,17704.716988,257287
98,17704.716988,259946
99,17704.716988,262605
100,17704.716988,265264
101,17704.716988,267923
102,17704.716988,270582
103,17704.716988,273241
104,17704.716988,275900
105,17704.716988,278559
106,17704.716988,281217
107,17704.716988,283876
108,17704.716988,286535
109,17704.716988,289194
110,17704.716988,291853
111,17704.716988,294512
112,17704.716988,297171
113,17704.716988,299830
114,17704.716988,302489
115,17704.716988,305148
116,17704.716988,307807
117,17704.716988,310466
118,17704.716988,313125
119,17704.716988,315784
120,17704.716988,318443
121,17704.716988,321102
122,17704.716988,323761
123,17704.716988,326420
124,17704.716988,329079
125,17704.716988,331738
126,17704.716988,334397
127,17704.716988,337056
128,17704.716988,339715
129,17704.716988,342374
130,17704.716988,345033
131,17704.716988,347692
132,17704.716988,350351
133,17704.716988,353010
134,17704.716988,355669
135,17704.716988,358328
136,17704.716988,360987
137,17704.716988,363646
138,17704.716988,366305
139,17704.716988,368964
140,17704.716988,371623
141,17704.716988,374282
142,17704.716988,376941
143,17704.716988,379600
144,17704.716988,382259
145,17704.716988,384918
146,17704.716988,387577
147,17704.716988,390236
148,17704.716988,392895
149,17704.716988,395554
150,17704.716988,398213
151,17704.716988,400872
152,17704.716988,403531
153,17704.716988,406190
154,17704.716988,408849
155,17704.716988,411508
156,17704.716988,414167
157,17704.716988,416826
158,17704.716988,419485
159,17704.716988,422144
160,17704.716988,424803
161,17704.716988,427462
162,17704.716988,430121
163,17704.716988,432780
164,17704.716988,435439
165,17704.716988,438098
166,17704.716988,440757
167,17704.716988,443416
168,17704.716988,446075
169,17704.716988,448734
170,17704.716988,451393
171,17704.716988,454052
172,17704.716988,456711
173,17704.716988,459370
174,17704.716988,462029
175,17704.716988,464688
176,17704.716988,467347
177,17704.716988,470006
178,17704.716988,472665
179,17704.716988,475324
180,17704.716988,477983
181,17704.716988,480642
182,17704.716988,483301
183,17704.716988,485960
184,17704.716988,488619
185,17704.716988,491278
186,17704.716988,493936
187,17704.716988,496595
188,17704.716988,499254
189,17704.716988,501913
190,17704.716988,504571
191,17704.716988,507230
192,17704.716988,509889
193,17704.716988,512548
194,17704.716988,515207
195,17704.716988,517866
196,17704.716988,520525
197,17704.716988,523184
198,17704.716988,525843
199,17704.716988,528502
200,17704.716988,531161
201,17704.716988,533820
202,17704.716988,536479
203,17704.716988,539138
204,17704.716988,541797
205,17704.716988,544456
206,17704.716988,547115
207,17704.716988,549774
208,17704.716988,552433
209,17704.716988,555092
210,17704.716988,557751
211,17704.716988,560410
212,17704.716988,563068
213,17704.716988,565726
214,17704.716988,568383
215,17704.716988,571042
216,17704.716988,573701
217,17704.716988,576360
218,17704.716988,579019
219,17704.716988,581678
220,17704.716988,584337
221,17704.716988,586996
222,17704.716988,589655
223,17704.716988,592314
224,17704.716988,594973
225,17704.716988,597632
226,17704.716988,600291
227,17704.716988,602950
228,17704.716988,605609
229,17704.716988,608268
230,17704.716988,610927
231,17704.716988,613586
232,17704.716988,616245
233,17704.716988,618903
234,17704.716988,621562
235,17704.716988,624220
236,17704.716988,626877
237,17704.716988,629535
238,17704.716988,632193
239,17704.716988,634851
240,17704.716988,637509
241,17704.716988,640168
242,17704.716988,642827
243,17704.716988,645486
244,17704.716988,648145
245,17704.716988,650804
246,17704.716988,653463
247,17704.716988,656122
248,17704.716988,658781
249,17704.716988,661440
250,17704.716988,664099
251,17704.716988,666758
252,17704.716988,669417
253,17704.716988,672076
254,17704.716988,674735
255,17704.716988,677393
256,17704.716988,680052
257,17704.716988,682711
258,17704.716988,685370
259,17704.716988,688029
260,17704.716988,690688
261,17704.716988,693347
262,17704.716988,696006
263,17704.716988,698665
264,17704.716988,701324
265,17704.716988,703982
266,17704.716988,706641
267,17704.716988,709300
268,17704.716988,711959
269,17704.716988,714618
270,17704.716988,717277
271,17704.716988,719936
272,17704.716988,722595
273,17704.716988,725254
274,17704.716988,727913
275,17704.716988,730572
276,17704.716988,733231
277,17704.716988,735890
278,17704.716988,738549
279,17704.716988,741208
280,17704.716988,743867
281,17704.716988,746526
282,17704.716988,749185
283,17704.716988,751844
284,17704.716988,754503
285,17704.716988,757161
286,17704.716988,759820
287,17704.716988,762478
288,17704.716988,765137
289,17704.716988,767796
290,17704.716988,770455
291,17704.716988,773114
292,17704.716988,775773
293,17704.716988,778431
294,17704.716988,781090
295,17704.716988,783749
296,17704.716988,786408
297,17704.716988,789067
298,17704.716988,791726
299,17704.716988,794385
300,17704.716988,797044
301,17704.716988,799703
302,17704.716988,802362
303,17704.716988,805021
304,17704.716988,807680
305,17704.716988,810339
306,17704.716988,812998
307,17704.716988,815657
308,17704.716988,818316
17704.716988,83.685632
