1,20479.393615,2376
2,20469.448775,4752
3,20442.116545,7128
4,20419.999939,9510
5,20398.819209,11897
6,20366.875855,14298
7,20363.803753,16715
8,20363.803753,19152
9,20291.301505,21621
10,20278.756300,24118
11,20258.599721,26634
12,20233.511529,29184
13,20222.164059,31746
14,20221.221630,34327
15,20214.320015,36919
16,20213.492270,39532
17,20213.103641,42159
18,20212.536003,44786
19,20212.237884,47423
20,20212.092847,50066
21,20212.014797,52713
22,20183.344196,55365
23,20181.510622,58014
24,20180.696709,60662
25,20180.696709,63299
26,20180.696709,65938
27,20180.696709,68585
28,20180.696709,71236
29,20180.696709,73875
30,20180.696709,76517
31,20180.696709,79113
32,20180.696709,81685
33,20180.696709,84209
34,20180.696709,86685
35,20180.696709,89163
36,20180.696709,91615
37,20180.696709,94058
38,20180.696709,96486
39,20180.696709,98885
40,20180.696709,101277
41,20180.696709,103670
42,20180.696709,106065
43,20180.696709,108463
44,20180.696709,110862
45,20173.871740,113262
46,20173.871740,115684
47,20173.871740,118099
48,20173.871740,120541
49,20173.871740,123007
50,20173.871740,125463
51,20173.871740,127916
52,20173.871740,130378
53,20173.871740,132855
54,20173.871740,135335
55,20173.871740,137808
56,20173.871740,140287
57,20173.871740,142770
58,20173.871740,145240
59,20173.871740,147711
60,20173.871740,150186
61,20173.871740,152660
62,20173.871740,155156
63,20173.871740,157638
64,20173.871740,160136
65,20173.871740,162611
66,20173.871740,165091
67,20173.871740,167560
68,20173.871740,170040
69,20173.871740,172530
70,20173.871740,175029
71,20173.871740,177508
72,20173.871740,180009
73,20173.871740,182495
74,20173.871740,184981
75,20173.871740,187454
76,20173.871740,189939
77,20173.871740,192393
78,20173.871740,194848
79,20173.871740,197325
80,20173.871740,199787
81,20173.871740,202235
82,20173.871740,204691
83,20173.871740,207132
84,20173.871740,209567
85,20173.871740,212013
86,20173.871740,214457
87,20173.871740,216905
88,20173.871740,219336
89,20173.871740,221764
90,20173.871740,224198
91,20173.871740,226616
92,20173.871740,229039
93,20173.871740,231450
94,20173.871740,233862
95,20173.871740,236279
96,20173.871740,238693
97,20173.871740,241109
98,20173.871740,243507
99,20173.871740,245895
100,20173.871740,248285
101,20173.871740,250676
102,20173.871740,253058
103,20173.871740,255438
104,20173.871740,257819
105,20173.871740,260199
106,20173.871740,262578
107,20173.871740,264956
108,20173.871740,267339
109,20173.871740,269730
110,20173.871740,272132
111,20173.871740,274535
112,20173.871740,276916
113,20173.871740,279299
114,20173.871740,281697
115,20173.871740,284102
116,20173.871740,286514
117,20173.871740,288929
118,20173.871740,291333
119,20173.871740,293729
120,20173.871740,296133
121,20173.855489,298539
122,20173.855489,300953
123,20173.855489,303368
124,20173.855489,305800
125,20173.855489,308236
126,20173.855489,310676
127,20173.855489,313120
128,20173.855489,315556
129,20173.855489,317985
130,20173.855489,320429
131,20173.855489,322874
132,20173.855489,325320
133,20173.855489,327790
134,20173.855489,330254
135,20173.855489,332722
136,20173.855489,335193
137,20173.855489,337663
138,20173.855489,340141
139,20173.855489,342627
140,20173.855489,345106
141,20173.855489,347589
142,20173.855489,350070
143,20173.855489,352557
144,20173.855489,355034
145,20173.855489,357506
146,20173.855489,359988
147,20173.855489,362479
148,20173.855489,364981
149,20173.855489,367487
150,20173.855489,369998
151,20173.855489,372517
152,20173.855489,375047
153,20173.855489,377577
154,20173.855489,380108
155,20173.855489,382639
156,20172.910109,385171
157,20172.910109,387702
158,20172.910109,390258
159,20172.910109,392790
160,20172.910109,395305
161,20172.910109,397789
162,20172.910109,400266
163,20172.910109,402726
164,20172.910109,405179
165,20172.910109,407638
166,20172.910109,410092
167,20172.910109,412568
168,20172.910109,415036
169,20172.910109,417510
170,20172.910109,419975
171,20172.910109,422435
172,20172.910109,424883
173,20172.910109,427317
174,20172.910109,429757
175,20172.910109,432181
176,20172.910109,434610
177,20172.910109,437013
178,20172.910109,439429
179,20172.910109,441833
180,20172.910109,444237
181,20172.910109,446643
182,20172.910109,449041
183,20172.910109,451441
184,20172.910109,453844
185,20172.910109,456244
186,20172.910109,458630
187,20172.910109,461016
188,20172.910109,463401
189,20172.910109,465787
190,20172.910109,468172
191,20172.910109,470555
192,20172.910109,472941
193,20172.910109,475327
194,20172.910109,477713
195,20172.910109,480097
196,20172.910109,482483
197,20172.910109,484869
198,20172.910109,487252
199,20172.910109,489639
200,20172.910109,492025
201,20172.910109,494412
202,20172.910109,496799
203,20172.910109,499186
204,20172.910109,501562
205,20172.910109,503938
206,20172.910109,506314
207,20172.910109,508690
208,20172.910109,511066
209,20172.910109,513442
210,20172.910109,515818
211,20172.910109,518194
212,20172.910109,520570
213,20172.910109,522946
214,20172.910109,525322
215,20172.910109,527698
216,20172.910109,530074
217,20172.910109,532450
218,20172.910109,534826
219,20172.910109,537202
220,20172.910109,539578
221,20172.910109,541954
222,20172.910109,544330
223,20172.910109,546706
224,20172.910109,549082
225,20172.910109,551458
226,20172.910109,553834
227,20172.910109,556210
228,20172.910109,558586
229,20172.910109,560962
230,20172.910109,563338
231,20172.910109,565714
232,20172.910109,568090
233,20172.910109,570466
234,20172.910109,572842
235,20172.910109,575218
236,20172.910109,577594
237,20172.910109,579970
238,20172.910109,582346
239,20172.910109,584722
240,20172.910109,587098
241,20172.910109,589474
242,20172.910109,591853
243,20172.910109,594240
244,20172.910109,596616
245,20172.910109,598992
246,20172.910109,601368
247,20172.910109,603744
248,20172.910109,606120
249,20172.910109,608496
250,20172.910109,610872
251,20172.910109,613248
252,20172.910109,615624
253,20172.910109,618000
254,20172.910109,620376
255,20172.910109,622752
256,20172.910109,625128
257,20172.910109,627504
258,20172.910109,629880
259,20172.910109,632256
260,20172.910109,634632
261,20172.910109,637008
262,20172.910109,639384
263,20172.910109,641760
264,20172.910109,644136
265,20172.910109,646512
266,20172.910109,648888
267,20172.910109,651264
268,20172.910109,653640
269,20172.910109,656016
270,20172.910109,658392
271,20172.910109,660768
272,20172.910109,663144
273,20172.910109,665520
274,20172.910109,667896
275,20172.910109,670272
276,20172.910109,672648
277,20172.910109,675024
278,20172.910109,677400
279,20172.910109,679776
280,20172.910109,682152
281,20172.910109,684528
282,20172.910109,686904
283,20172.910109,689280
284,20172.910109,691656
285,20172.910109,694032
286,20172.910109,696408
287,20172.910109,698784
288,20172.910109,701160
289,20172.910109,703536
290,20172.910109,705912
291,20172.910109,708294
292,20172.910109,710686
20172.910109,45.753999
1,20473.400281,2376
2,20465.262594,4752
3,20441.271941,7128
4,20413.845201,9508
5,20386.073814,11900
6,20349.101998,14309
7,20333.755211,16742
8,20312.103602,19204
9,20303.763970,21687
10,20218.747393,24202
11,20218.180154,26739
12,20216.629359,29299
13,20216.107271,31881
14,20216.107271,34479
15,20215.473090,37078
16,20215.162724,39691
17,20215.004747,42311
18,20214.924116,44935
19,20214.919176,47564
20,20214.901624,50196
21,20214.898015,52834
22,20214.889521,55469
23,20180.758045,58106
24,20180.758045,60738
25,20178.725861,63372
26,20173.871740,66011
27,20173.871740,68647
28,20173.871740,71283
29,20173.871740,73921
30,20173.871740,76556
31,20173.871740,79194
32,20173.871740,81831
33,20173.871740,84465
34,20173.871740,87093
35,20173.871740,89725
36,20173.871740,92348
37,20173.871740,94968
38,20173.871740,97586
39,20173.871740,100157
40,20173.871740,102686
41,20173.871740,105190
42,20173.871740,107663
43,20173.871740,110135
44,20173.871740,112601
45,20173.871740,115051
46,20173.871740,117501
47,20173.871740,119950
48,20173.871740,122372
49,20173.871740,124794
50,20173.871740,127206
51,20173.871740,129608
52,20173.871740,132001
53,20173.871740,134387
54,20173.871740,136773
55,20173.871740,139159
56,20173.871740,141545
57,20173.871740,143921
58,20173.871740,146297
59,20173.871740,148673
60,20173.871740,151049
61,20173.871740,153425
62,20173.871740,155801
63,20173.871740,158177
64,20173.871740,160553
65,20173.871740,162932
66,20173.871740,165318
67,20173.871740,167704
68,20173.871740,170090
69,20173.871740,172474
70,20173.871740,174850
71,20173.871740,177226
72,20173.871740,179602
73,20173.871740,181978
74,20173.871740,184354
75,20173.871740,186730
76,20173.871740,189106
77,20173.871740,191482
78,20173.871740,193858
79,20173.871740,196234
80,20173.871740,198610
81,20173.871740,200986
82,20173.871740,203362
83,20173.871740,205738
84,20173.871740,208114
85,20173.871740,210490
86,20173.871740,212866
87,20173.871740,215242
88,20173.871740,217618
89,20173.871740,219994
90,20173.871740,222370
91,20173.871740,224747
92,20173.871740,227128
93,20173.871740,229511
94,20173.871740,231899
95,20173.871740,234299
96,20173.871740,236700
97,20173.855489,239109
98,20173.855489,241538
99,20173.855489,243970
100,20173.855489,246399
101,20173.855489,248844
102,20173.855489,251282
103,20173.855489,253720
104,20173.855489,256167
105,20173.855489,258619
106,20173.855489,261083
107,20173.855489,263556
108,20173.855489,266027
109,20173.855489,268496
110,20173.855489,270969
111,20173.855489,273444
112,20173.855489,275933
113,20173.855489,278389
114,20173.532371,280877
115,20173.532371,283341
116,20173.532371,285816
117,20173.532371,288301
118,20173.532371,290795
119,20173.532371,293312
120,20173.532371,295845
121,20173.532371,298353
122,20173.532371,300855
123,20173.532371,303357
124,20173.532371,305870
125,20173.532371,308386
126,20173.532371,310906
127,20173.532371,313430
128,20173.532371,315932
129,20173.532371,318466
130,20173.532371,320958
131,20173.532371,323454
132,20173.532371,325946
133,20173.532371,328431
134,20173.532371,330888
135,20173.532371,333325
136,20173.532371,335759
137,20173.532371,338192
138,20173.532371,340633
139,20173.532371,343079
140,20173.532371,345522
141,20173.532371,347976
142,20173.532371,350416
143,20173.532371,352865
144,20173.532371,355304
145,20173.532371,357736
146,20173.532371,360159
147,20173.532371,362582
148,20173.532371,364994
149,20173.532371,367416
150,20173.532371,369832
151,20173.532371,372247
152,20173.532371,374659
153,20173.532371,377074
154,20173.532371,379493
155,20173.532371,381909
156,20173.532371,384332
157,20173.532371,386758
158,20173.532371,389191
159,20173.532371,391613
160,20173.532371,394046
161,20173.532371,396466
162,20173.532371,398893
163,20173.532371,401312
164,20173.532371,403734
165,20173.532371,406160
166,20173.532371,408592
167,20173.532371,411019
168,20173.532371,413458
169,20173.532371,415895
170,20173.532371,418339
171,20173.532371,420782
172,20173.532371,423224
173,20173.532371,425669
174,20173.532371,428093
175,20173.532371,430515
176,20173.532371,432920
177,20173.532371,435328
178,20173.532371,437736
179,20173.532371,440141
180,20173.532371,442546
181,20173.532371,444951
182,20173.532371,447359
183,20173.532371,449766
184,20173.532371,452163
185,20173.532371,454558
186,20173.532371,456949
187,20173.532371,459345
188,20173.532371,461738
189,20173.532371,464130
190,20173.532371,466525
191,20173.532371,468920
192,20173.532371,471310
193,20173.532371,473708
194,20173.532371,476103
195,20173.532371,478497
196,20173.532371,480892
197,20173.532371,483286
198,20173.532371,485666
199,20173.532371,488046
200,20173.532371,490425
201,20173.532371,492802
202,20173.532371,495180
203,20173.532371,497560
204,20173.532371,499940
205,20173.532371,502322
206,20173.532371,504704
207,20173.532371,507084
208,20173.532371,509466
209,20173.532371,511851
210,20172.910109,514243
211,20172.910109,516650
212,20172.910109,519068
213,20172.910109,521497
214,20172.910109,523940
215,20172.910109,526391
216,20172.910109,528846
217,20172.910109,531313
218,20172.910109,533800
219,20172.910109,536303
220,20172.910109,538791
221,20172.910109,541289
222,20172.910109,543799
223,20172.910109,546313
224,20172.910109,548830
225,20172.910109,551322
226,20172.910109,553840
227,20172.910109,556332
228,20172.910109,558792
229,20172.910109,561260
230,20172.910109,563702
231,20172.910109,566130
232,20172.910109,568550
233,20172.910109,570970
234,20172.910109,573400
235,20172.910109,575817
236,20172.910109,578224
237,20172.910109,580635
238,20172.910109,583032
239,20172.910109,585431
240,20172.910109,587832
241,20172.910109,590232
242,20172.910109,592633
243,20172.910109,595023
244,20172.910109,597411
245,20172.910109,599802
246,20172.910109,602183
247,20172.910109,604559
248,20172.910109,606939
249,20172.910109,609327
250,20172.910109,611715
251,20172.910109,614091
252,20172.910109,616467
253,20172.910109,618843
254,20172.910109,621219
255,20172.910109,623595
256,20172.910109,625971
257,20172.910109,628347
258,20172.910109,630723
259,20172.910109,633099
260,20172.910109,635475
261,20172.910109,637851
262,20172.910109,640227
263,20172.910109,642603
264,20172.910109,644979
265,20172.910109,647355
266,20172.910109,649731
267,20172.910109,652107
268,20172.910109,654483
269,20172.910109,656859
270,20172.910109,659235
271,20172.910109,661611
272,20172.910109,663987
273,20172.910109,666363
274,20172.910109,668739
275,20172.910109,671115
276,20172.910109,673491
277,20172.910109,675867
278,20172.910109,678243
279,20172.910109,680619
280,20172.910109,682995
281,20172.910109,685371
282,20172.910109,687747
283,20172.910109,690123
284,20172.910109,692499
285,20172.910109,694875
286,20172.910109,697251
287,20172.910109,699627
288,20172.910109,702003
289,20172.910109,704379
290,20172.910109,706755
291,20172.910109,709135
292,20172.910109,711523
20172.910109,45.135521
1,20483.606844,2376
2,20470.900201,4752
3,20444.459390,7128
4,20412.728584,9511
5,20397.092600,11912
6,20364.140751,14333
7,20339.374531,16769
8,20339.374531,19239
9,20339.374531,21725
10,20308.691917,24231
11,20275.028050,26747
12,20238.797002,29279
13,20223.919680,31830
14,20221.242405,34399
15,20221.242405,36975
16,20174.809201,39568
17,20174.809201,42164
18,20174.809201,44777
19,20174.809201,47367
20,20174.809201,49970
21,20174.809201,52567
22,20173.910315,55175
23,20173.863822,57761
24,20173.863822,60351
25,20173.863822,62896
26,20173.863822,65453
27,20173.863822,68012
28,20173.863822,70555
29,20173.863822,73061
30,20173.863822,75580
31,20173.863822,78085
32,20173.863822,80570
33,20173.863822,83044
34,20173.863822,85495
35,20173.863822,87914
36,20173.863822,90340
37,20173.863822,92765
38,20173.863822,95183
39,20173.863822,97608
40,20173.863822,100018
41,20173.863822,102424
42,20173.863822,104837
43,20173.863822,107245
44,20173.863822,109653
45,20173.863822,112074
46,20173.863822,114471
47,20173.863822,116859
48,20173.863822,119256
49,20173.863822,121655
50,20172.910109,124058
51,20172.910109,126478
52,20172.910109,128918
53,20172.910109,131366
54,20172.910109,133823
55,20172.910109,136293
56,20172.910109,138782
57,20172.910109,141287
58,20172.910109,143800
59,20172.910109,146309
60,20172.910109,148824
61,20172.910109,151337
62,20172.910109,153851
63,20172.910109,156370
64,20172.910109,158878
65,20172.910109,161369
66,20172.910109,163846
67,20172.910109,166305
68,20172.910109,168765
69,20172.910109,171186
70,20172.910109,173606
71,20172.910109,176031
72,20172.910109,178461
73,20172.910109,180900
74,20172.910109,183310
75,20172.910109,185720
76,20172.910109,188124
77,20172.910109,190534
78,20172.910109,192948
79,20172.910109,195359
80,20172.910109,197749
81,20172.910109,200144
82,20172.910109,202542
83,20172.910109,204946
84,20172.910109,207361
85,20172.910109,209766
86,20172.910109,212155
87,20172.910109,214531
88,20172.910109,216907
89,20172.910109,219283
90,20172.910109,221659
91,20172.910109,224035
92,20172.910109,226411
93,20172.910109,228787
94,20172.910109,231163
95,20172.910109,233539
96,20172.910109,235915
97,20172.910109,238294
98,20172.910109,240682
99,20172.910109,243070
100,20172.910109,245446
101,20172.910109,247822
102,20172.910109,250198
103,20172.910109,252574
104,20172.910109,254950
105,20172.910109,257326
106,20172.910109,259702
107,20172.910109,262078
108,20172.910109,264454
109,20172.910109,266830
110,20172.910109,269206
111,20172.910109,271582
112,20172.910109,273958
113,20172.910109,276334
114,20172.910109,278710
115,20172.910109,281086
116,20172.910109,283462
117,20172.910109,285838
118,20172.910109,288214
119,20172.910109,290590
120,20172.910109,292966
121,20172.910109,295342
122,20172.910109,297718
123,20172.910109,300094
124,20172.910109,302470
125,20172.910109,304846
126,20172.910109,307222
127,20172.910109,309598
128,20172.910109,311974
129,20172.910109,314350
130,20172.910109,316726
131,20172.910109,319102
132,20172.910109,321478
133,20172.910109,323854
134,20172.910109,326230
135,20172.910109,328606
136,20172.910109,330982
137,20172.910109,333358
138,20172.910109,335734
139,20172.910109,338110
140,20172.910109,340486
141,20172.910109,342862
142,20172.910109,345238
143,20172.910109,347614
144,20172.910109,349990
145,20172.910109,352366
146,20172.910109,354744
147,20172.910109,357129
148,20172.910109,359514
149,20172.910109,361890
150,20172.910109,364266
151,20172.910109,366642
152,20172.910109,369018
153,20172.910109,371394
154,20172.910109,373770
155,20172.910109,376146
156,20172.910109,378522
157,20172.910109,380898
158,20172.910109,383274
159,20172.910109,385650
160,20172.910109,388026
161,20172.910109,390402
162,20172.910109,392778
163,20172.910109,395154
164,20172.910109,397530
165,20172.910109,399906
166,20172.910109,402282
167,20172.910109,404658
168,20172.910109,407034
169,20172.910109,409410
170,20172.910109,411786
171,20172.910109,414162
172,20172.910109,416538
173,20172.910109,418914
174,20172.910109,421290
175,20172.910109,423666
176,20172.910109,426042
177,20172.910109,428418
178,20172.910109,430794
179,20172.910109,433170
180,20172.910109,435546
181,20172.910109,437922
182,20172.910109,440298
183,20172.910109,442674
184,20172.910109,445050
185,20172.910109,447426
186,20172.910109,449802
187,20172.910109,452178
188,20172.910109,454554
189,20172.910109,456930
190,20172.910109,459306
191,20172.910109,461682
192,20172.910109,464058
193,20172.910109,466434
194,20172.910109,468810
195,20172.910109,471186
196,20172.910109,473562
197,20172.910109,475938
198,20172.910109,478314
199,20172.910109,480690
200,20172.910109,483066
201,20172.910109,485442
202,20172.910109,487818
203,20172.910109,490194
204,20172.910109,492570
205,20172.910109,494946
206,20172.910109,497322
207,20172.910109,499698
208,20172.910109,502074
209,20172.910109,504450
210,20172.910109,506826
211,20172.910109,509202
212,20172.910109,511578
213,20172.910109,513954
214,20172.910109,516330
215,20172.910109,518706
216,20172.910109,521082
217,20172.910109,523458
218,20172.910109,525834
219,20172.910109,528210
220,20172.910109,530586
221,20172.910109,532962
222,20172.910109,535338
223,20172.910109,537714
224,20172.910109,540090
225,20172.910109,542466
226,20172.910109,544842
227,20172.910109,547218
228,20172.910109,549594
229,20172.910109,551970
230,20172.910109,554346
231,20172.910109,556722
232,20172.910109,559098
233,20172.910109,561474
234,20172.910109,563850
235,20172.910109,566226
236,20172.910109,568602
237,20172.910109,570978
238,20172.910109,573354
239,20172.910109,575730
240,20172.910109,578106
241,20172.910109,580482
242,20172.910109,582858
243,20172.910109,585234
244,20172.910109,587615
245,20172.910109,590003
246,20172.910109,592379
247,20172.910109,594755
248,20172.910109,597131
249,20172.910109,599507
250,20172.910109,601883
251,20172.910109,604259
252,20172.910109,606635
253,20172.910109,609011
254,20172.910109,611387
255,20172.910109,613763
256,20172.910109,616139
257,20172.910109,618515
258,20172.910109,620891
259,20172.910109,623267
260,20172.910109,625643
261,20172.910109,628019
262,20172.910109,630399
263,20172.910109,632790
264,20172.910109,635190
265,20172.910109,637582
266,20172.910109,639974
267,20172.910109,642350
268,20172.910109,644728
269,20172.910109,647117
270,20172.910109,649506
271,20172.910109,651882
272,20172.910109,654258
273,20172.910109,656637
274,20172.910109,659025
275,20172.910109,661415
276,20172.910109,663791
277,20172.910109,666167
278,20172.910109,668543
279,20172.910109,670919
280,20172.910109,673295
281,20172.910109,675671
282,20172.910109,678047
283,20172.910109,680423
284,20172.910109,682799
285,20172.910109,685175
286,20172.910109,687551
287,20172.910109,689927
288,20172.910109,692303
289,20172.910109,694679
290,20172.910109,697055
291,20172.910109,699431
292,20172.910109,701807
293,20172.910109,704183
294,20172.910109,706559
295,20172.910109,708935
296,20172.910109,711311
20172.910109,44.317328
1,20484.238033,2376
2,20465.451585,4752
3,20439.544935,7128
4,20420.977820,9508
5,20396.563938,11899
6,20369.086811,14307
7,20352.318552,16730
8,20321.000599,19171
9,20315.382478,21638
10,20282.334864,24125
11,20270.999642,26625
12,20266.698423,29161
13,20246.717426,31711
14,20227.512462,34281
15,20226.036571,36874
16,20225.462480,39478
17,20225.065984,42094
18,20223.022004,44716
19,20222.054277,47344
20,20222.017109,49967
21,20221.897728,52596
22,20217.822664,55216
23,20213.954972,57848
24,20213.614492,60479
25,20213.117999,63109
26,20212.373738,65740
27,20189.043851,68378
28,20181.147542,71021
29,20181.147542,73660
30,20181.147542,76290
31,20181.106469,78929
32,20180.438152,81570
33,20180.438152,84201
34,20180.438152,86826
35,20180.438152,89449
36,20180.438152,92065
37,20180.438152,94672
38,20180.438152,97256
39,20180.438152,99825
40,20180.438152,102392
41,20180.438152,104946
42,20180.438152,107444
43,20180.438152,109939
44,20180.438152,112399
45,20180.438152,114857
46,20180.438152,117316
47,20180.438152,119757
48,20180.438152,122187
49,20180.438152,124609
50,20180.438152,127028
51,20180.438152,129434
52,20180.438152,131832
53,20180.438152,134235
54,20180.438152,136654
55,20179.450053,139089
56,20179.450053,141524
57,20179.450053,143956
58,20179.243172,146387
59,20179.243172,148827
60,20179.243172,151279
61,20179.243172,153737
62,20179.243172,156205
63,20179.243172,158664
64,20179.243172,161113
65,20179.243172,163562
66,20179.243172,166022
67,20179.243172,168492
68,20179.243172,170968
69,20179.243172,173426
70,20179.243172,175905
71,20179.243172,178388
72,20179.243172,180872
73,20179.243172,183349
74,20179.243172,185821
75,20179.243172,188297
76,20179.243172,190771
77,20179.243172,193263
78,20179.243172,195750
79,20179.243172,198213
80,20179.243172,200669
81,20179.243172,203118
82,20179.243172,205569
83,20179.243172,208023
84,20179.243172,210474
85,20179.243172,212905
86,20179.243172,215322
87,20177.523442,217732
88,20177.523442,220130
89,20177.523442,222533
90,20177.523442,224940
91,20177.523442,227362
92,20177.523442,229794
93,20177.523442,232228
94,20177.523442,234661
95,20177.523442,237087
96,20177.523442,239543
97,20177.523442,241995
98,20177.523442,244445
99,20177.523442,246906
100,20177.523442,249372
101,20177.523442,251828
102,20177.523442,254298
103,20177.523442,256780
104,20177.523442,259248
105,20177.523442,261712
106,20177.523442,264186
107,20177.523442,266646
108,20177.523442,269109
109,20177.523442,271591
110,20177.523442,274054
111,20177.523442,276531
112,20177.523442,279012
113,20177.523442,281498
114,20177.523442,283979
115,20177.523442,286456
116,20177.523442,288931
117,20177.523442,291407
118,20177.523442,293881
119,20177.523442,296359
120,20177.523442,298837
121,20177.523442,301285
122,20177.523442,303718
123,20177.523442,306162
124,20177.523442,308599
125,20177.523442,311039
126,20177.523442,313493
127,20177.523442,315929
128,20177.523442,318377
129,20177.523442,320830
130,20177.523442,323269
131,20177.523442,325707
132,20177.523442,328155
133,20176.541068,330599
134,20176.541068,333044
135,20176.541068,335492
136,20176.541068,337951
137,20176.541068,340419
138,20176.541068,342898
139,20176.541068,345385
140,20176.541068,347877
141,20176.541068,350356
142,20176.541068,352837
143,20176.541068,355316
144,20176.541068,357797
145,20176.541068,360262
146,20176.541068,362737
147,20176.541068,365210
148,20176.541068,367675
149,20176.541068,370135
150,20176.541068,372602
151,20176.541068,375084
152,20176.541068,377571
153,20176.541068,380056
154,20176.541068,382534
155,20176.541068,384993
156,20176.541068,387451
157,20176.541068,389886
158,20176.541068,392335
159,20176.541068,394787
160,20176.541068,397227
161,20176.541068,399662
162,20176.541068,402096
163,20176.541068,404529
164,20176.541068,406974
165,20176.541068,409400
166,20176.541068,411824
167,20176.541068,414236
168,20176.541068,416646
169,20176.541068,419059
170,20176.541068,421473
171,20176.541068,423895
172,20176.541068,426321
173,20176.541068,428752
174,20176.541068,431189
175,20176.541068,433638
176,20176.541068,436072
177,20176.541068,438512
178,20176.541068,440920
179,20176.541068,443316
180,20176.541068,445702
181,20176.541068,448087
182,20176.541068,450472
183,20176.541068,452850
184,20176.541068,455229
185,20176.541068,457607
186,20176.541068,459985
187,20176.541068,462369
188,20176.541068,464752
189,20176.541068,467135
190,20176.541068,469513
191,20176.541068,471896
192,20176.541068,474276
193,20176.541068,476660
194,20176.541068,479044
195,20176.541068,481426
196,20176.541068,483810
197,20176.541068,486194
198,20176.541068,488578
199,20176.541068,490961
200,20176.541068,493337
201,20176.541068,495713
202,20176.541068,498089
203,20176.541068,500465
204,20176.541068,502841
205,20176.541068,505217
206,20176.541068,507593
207,20176.541068,509969
208,20176.541068,512345
209,20176.541068,514721
210,20176.541068,517097
211,20176.541068,519473
212,20176.541068,521849
213,20176.541068,524225
214,20176.541068,526601
215,20176.541068,528977
216,20176.541068,531353
217,20176.541068,533729
218,20176.541068,536105
219,20176.541068,538481
220,20176.541068,540857
221,20176.541068,543233
222,20176.541068,545609
223,20176.541068,547985
224,20176.541068,550361
225,20176.541068,552737
226,20176.541068,555113
227,20176.541068,557489
228,20176.541068,559865
229,20176.541068,562241
230,20176.541068,564617
231,20176.541068,566993
232,20176.541068,569369
233,20176.541068,571745
234,20176.541068,574121
235,20176.541068,576497
236,20176.541068,578873
237,20176.541068,581249
238,20176.541068,583625
239,20176.541068,586001
240,20176.541068,588377
241,20176.541068,590756
242,20176.541068,593139
243,20176.541068,595531
244,20176.541068,597936
245,20176.541068,600358
246,20176.541068,602806
247,20176.541068,605259
248,20176.541068,607727
249,20176.541068,610204
250,20176.541068,612697
251,20176.541068,615202
252,20172.910109,617725
253,20172.910109,620270
254,20172.910109,622808
255,20172.910109,625368
256,20172.910109,627927
257,20172.910109,630464
258,20172.910109,632968
259,20172.910109,635481
260,20172.910109,637976
261,20172.910109,640412
262,20172.910109,642863
263,20172.910109,645291
264,20172.910109,647712
265,20172.910109,650137
266,20172.910109,652530
267,20172.910109,654925
268,20172.910109,657324
269,20172.910109,659723
270,20172.910109,662113
271,20172.910109,664505
272,20172.910109,666899
273,20172.910109,669297
274,20172.910109,671689
275,20172.910109,674092
276,20172.910109,676481
277,20172.910109,678857
278,20172.910109,681233
279,20172.910109,683609
280,20172.910109,685985
281,20172.910109,688361
282,20172.910109,690737
283,20172.910109,693113
284,20172.910109,695489
285,20172.910109,697865
286,20172.910109,700241
287,20172.910109,702617
288,20172.910109,704993
289,20172.910109,707369
290,20172.910109,709745
291,20172.910109,712121
20172.910109,45.814145
1,20473.665441,2376
2,20468.558367,4752
3,20443.271168,7128
4,20424.451402,9508
5,20391.081857,11899
6,20357.296117,14301
7,20336.275083,16738
8,20325.172991,19193
9,20297.376093,21671
10,20233.149945,24175
11,20223.212691,26706
12,20221.099067,29255
13,20215.798473,31824
14,20215.143385,34412
15,20214.773574,37009
16,20214.699028,39609
17,20180.495459,42213
18,20180.495459,44820
19,20180.495459,47432
20,20180.495459,50045
21,20180.495459,52659
22,20180.495459,55272
23,20180.495459,57886
24,20180.495459,60481
25,20180.495459,63079
26,20180.495459,65668
27,20180.495459,68239
28,20180.495459,70789
29,20180.495459,73338
30,20180.495459,75847
31,20180.495459,78312
32,20180.495459,80776
33,20180.495459,83231
34,20180.495459,85674
35,20180.495459,88097
36,20180.495459,90521
37,20180.495459,92928
38,20180.495459,95337
39,20180.495459,97745
40,20180.495459,100138
41,20180.495459,102521
42,20180.495459,104904
43,20180.495459,107287
44,20180.495459,109670
45,20180.495459,112053
46,20180.495459,114436
47,20180.495459,116819
48,20180.495459,119206
49,20180.495459,121606
50,20180.495459,123999
51,20180.495459,126392
52,20180.495459,128768
53,20180.495459,131144
54,20180.495459,133520
55,20180.495459,135896
56,20180.495459,138272
57,20180.495459,140648
58,20180.495459,143024
59,20180.495459,145400
60,20180.495459,147776
61,20180.495459,150152
62,20180.495459,152528
63,20180.495459,154904
64,20180.495459,157280
65,20180.495459,159656
66,20180.495459,162032
67,20180.495459,164408
68,20180.495459,166784
69,20180.495459,169160
70,20180.495459,171536
71,20180.495459,173912
72,20180.495459,176288
73,20180.495459,178664
74,20180.495459,181040
75,20180.495459,183416
76,20180.495459,185792
77,20180.495459,188168
78,20180.495459,190545
79,20180.495459,192926
80,20180.495459,195308
81,20180.495459,197693
82,20180.495459,200087
83,20177.822789,202487
84,20177.822789,204905
85,20177.822789,207320
86,20177.822789,209748
87,20177.822789,212172
88,20177.822789,214600
89,20177.822789,217035
90,20177.822789,219475
91,20177.822789,221914
92,20177.822789,224363
93,20177.822789,226816
94,20177.822789,229286
95,20177.822789,231745
96,20177.822789,234224
97,20177.822789,236704
98,20177.822789,239164
99,20177.822789,241601
100,20177.822789,244050
101,20177.822789,246487
102,20175.877124,248936
103,20175.877124,251379
104,20175.877124,253830
105,20175.877124,256294
106,20175.877124,258761
107,20175.877124,261235
108,20175.877124,263712
109,20175.877124,266202
110,20175.877124,268672
111,20175.877124,271150
112,20175.877124,273628
113,20175.877124,276109
114,20175.877124,278596
115,20175.877124,281078
116,20175.877124,283529
117,20175.877124,285992
118,20175.877124,288446
119,20175.877124,290914
120,20175.877124,293379
121,20175.877124,295845
122,20175.877124,298324
123,20175.877124,300815
124,20175.877124,303301
125,20175.877124,305778
126,20175.877124,308271
127,20175.877124,310768
128,20175.877124,313281
129,20175.877124,315768
130,20175.877124,318251
131,20175.877124,320727
132,20175.877124,323200
133,20175.447151,325656
134,20175.447151,328105
135,20175.447151,330565
136,20175.447151,333020
137,20175.447151,335482
138,20175.447151,337949
139,20175.447151,340424
140,20175.447151,342908
141,20175.447151,345388
142,20175.447151,347850
143,20175.447151,350309
144,20175.447151,352760
145,20175.447151,355205
146,20175.447151,357663
147,20172.910109,360125
148,20172.910109,362586
149,20172.910109,365050
150,20172.910109,367520
151,20172.910109,370004
152,20172.910109,372501
153,20172.910109,374997
154,20172.910109,377508
155,20172.910109,380014
156,20172.910109,382533
157,20172.910109,385056
158,20172.910109,387565
159,20172.910109,390058
160,20172.910109,392526
161,20172.910109,394996
162,20172.910109,397465
163,20172.910109,399934
164,20172.910109,402411
165,20172.910109,404866
166,20172.910109,407324
167,20172.910109,409770
168,20172.910109,412207
169,20172.910109,414621
170,20172.910109,417016
171,20172.910109,419397
172,20172.910109,421776
173,20172.910109,424156
174,20172.910109,426536
175,20172.910109,428916
176,20172.910109,431296
177,20172.910109,433676
178,20172.910109,436055
179,20172.910109,438434
180,20172.910109,440813
181,20172.910109,443192
182,20172.910109,445568
183,20172.910109,447944
184,20172.910109,450320
185,20172.910109,452696
186,20172.910109,455072
187,20172.910109,457449
188,20172.910109,459829
189,20172.910109,462211
190,20172.910109,464595
191,20172.910109,466979
192,20172.910109,469357
193,20172.910109,471740
194,20172.910109,474122
195,20172.910109,476505
196,20172.910109,478881
197,20172.910109,481257
198,20172.910109,483633
199,20172.910109,486009
200,20172.910109,488385
201,20172.910109,490761
202,20172.910109,493137
203,20172.910109,495513
204,20172.910109,497889
205,20172.910109,500266
206,20172.910109,502648
207,20172.910109,505030
208,20172.910109,507411
209,20172.910109,509787
210,20172.910109,512163
211,20172.910109,514539
212,20172.910109,516915
213,20172.910109,519291
214,20172.910109,521667
215,20172.910109,524043
216,20172.910109,526419
217,20172.910109,528795
218,20172.910109,531171
219,20172.910109,533547
220,20172.910109,535923
221,20172.910109,538299
222,20172.910109,540675
223,20172.910109,543051
224,20172.910109,545427
225,20172.910109,547803
226,20172.910109,550179
227,20172.910109,552555
228,20172.910109,554931
229,20172.910109,557307
230,20172.910109,559683
231,20172.910109,562059
232,20172.910109,564435
233,20172.910109,566811
234,20172.910109,569187
235,20172.910109,571563
236,20172.910109,573939
237,20172.910109,576315
238,20172.910109,578691
239,20172.910109,581067
240,20172.910109,583443
241,20172.910109,585819
242,20172.910109,588195
243,20172.910109,590571
244,20172.910109,592947
245,20172.910109,595323
246,20172.910109,597699
247,20172.910109,600075
248,20172.910109,602451
249,20172.910109,604827
250,20172.910109,607203
251,20172.910109,609579
252,20172.910109,611955
253,20172.910109,614331
254,20172.910109,616707
255,20172.910109,619083
256,20172.910109,621459
257,20172.910109,623835
258,20172.910109,626211
259,20172.910109,628587
260,20172.910109,630963
261,20172.910109,633339
262,20172.910109,635715
263,20172.910109,638091
264,20172.910109,640467
265,20172.910109,642843
266,20172.910109,645219
267,20172.910109,647595
268,20172.910109,649971
269,20172.910109,652352
270,20172.910109,654744
271,20172.910109,657120
272,20172.910109,659496
273,20172.910109,661872
274,20172.910109,664248
275,20172.910109,666624
276,20172.910109,669000
277,20172.910109,671376
278,20172.910109,673752
279,20172.910109,676128
280,20172.910109,678504
281,20172.910109,680880
282,20172.910109,683256
283,20172.910109,685632
284,20172.910109,688011
285,20172.910109,690398
286,20172.910109,692785
287,20172.910109,695161
288,20172.910109,697537
289,20172.910109,699913
290,20172.910109,702295
291,20172.910109,704688
292,20172.910109,707081
293,20172.910109,709457
294,20172.910109,711833
20172.910109,44.751715
1,20480.031267,2376
2,20477.768892,4752
3,20446.631146,7128
4,20419.211002,9505
5,20393.978924,11891
6,20372.178344,14292
7,20346.475377,16714
8,20301.904634,19162
9,20285.110616,21623
10,20242.802147,24098
11,20237.230944,26592
12,20230.550201,29097
13,20228.054855,31616
14,20227.579960,34149
15,20222.139104,36700
16,20221.245484,39276
17,20220.761078,41864
18,20206.950410,44462
19,20179.113085,47060
20,20177.539100,49652
21,20177.539100,52252
22,20177.539100,54854
23,20177.539100,57458
24,20177.539100,60070
25,20177.539100,62655
26,20177.539100,65242
27,20177.539100,67801
28,20177.539100,70318
29,20177.539100,72820
30,20177.539100,75323
31,20177.539100,77814
32,20177.539100,80288
33,20175.935607,82753
34,20175.877124,85237
35,20175.877124,87715
36,20175.877124,90191
37,20175.877124,92665
38,20175.877124,95149
39,20175.877124,97612
40,20175.877124,100110
41,20175.877124,102621
42,20175.877124,105123
43,20175.877124,107669
44,20175.877124,110200
45,20175.877124,112735
46,20175.877124,115254
47,20175.877124,117773
48,20175.877124,120292
49,20175.877124,122795
50,20175.877124,125299
51,20175.877124,127792
52,20175.877124,130306
53,20175.877124,132806
54,20175.877124,135316
55,20175.877124,137809
56,20175.877124,140297
57,20175.877124,142780
58,20175.877124,145249
59,20175.877124,147722
60,20175.877124,150165
61,20175.877124,152593
62,20175.877124,155034
63,20175.877124,157474
64,20175.877124,159915
65,20175.877124,162364
66,20175.877124,164792
67,20175.877124,167216
68,20175.877124,169628
69,20175.877124,172055
70,20175.877124,174490
71,20175.877124,176911
72,20175.877124,179350
73,20175.447151,181784
74,20175.447151,184232
75,20175.447151,186684
76,20175.447151,189145
77,20175.447151,191621
78,20175.447151,194088
79,20175.447151,196564
80,20175.447151,199054
81,20175.447151,201542
82,20175.447151,204040
83,20175.447151,206539
84,20175.447151,209040
85,20175.447151,211510
86,20175.447151,213983
87,20175.447151,216463
88,20175.447151,218922
89,20175.447151,221359
90,20175.447151,223803
91,20175.447151,226240
92,20172.910109,228695
93,20172.910109,231149
94,20172.910109,233603
95,20172.910109,236060
96,20172.910109,238517
97,20172.910109,240986
98,20172.910109,243468
99,20172.910109,245954
100,20172.910109,248461
101,20172.910109,250970
102,20172.910109,253470
103,20172.910109,255988
104,20172.910109,258491
105,20172.910109,261004
106,20172.910109,263530
107,20172.910109,266046
108,20172.910109,268549
109,20172.910109,271070
110,20172.910109,273590
111,20172.910109,276095
112,20172.910109,278586
113,20172.910109,281085
114,20172.910109,283579
115,20172.910109,286065
116,20172.910109,288557
117,20172.910109,291030
118,20172.910109,293491
119,20172.910109,295961
120,20172.910109,298417
121,20172.910109,300852
122,20172.910109,303292
123,20172.910109,305755
124,20172.910109,308215
125,20172.910109,310646
126,20172.910109,313099
127,20172.910109,315543
128,20172.910109,317970
129,20172.910109,320404
130,20172.910109,322832
131,20172.910109,325267
132,20172.910109,327693
133,20172.910109,330125
134,20172.910109,332566
135,20172.910109,335004
136,20172.910109,337429
137,20172.910109,339855
138,20172.910109,342286
139,20172.910109,344707
140,20172.910109,347111
141,20172.910109,349519
142,20172.910109,351927
143,20172.910109,354348
144,20172.910109,356763
145,20172.910109,359186
146,20172.910109,361602
147,20172.910109,364029
148,20172.910109,366457
149,20172.910109,368889
150,20172.910109,371309
151,20172.910109,373732
152,20172.910109,376135
153,20172.910109,378555
154,20172.910109,380975
155,20172.910109,383395
156,20172.910109,385811
157,20172.910109,388238
158,20172.910109,390648
159,20172.910109,393067
160,20172.910109,395502
161,20172.910109,397918
162,20172.910109,400341
163,20172.910109,402767
164,20172.910109,405181
165,20172.910109,407588
166,20172.910109,409993
167,20172.910109,412403
168,20172.910109,414817
169,20172.910109,417226
170,20172.910109,419611
171,20172.910109,421995
172,20172.910109,424380
173,20172.910109,426765
174,20172.910109,429149
175,20172.910109,431533
176,20172.910109,433917
177,20172.910109,436302
178,20172.910109,438687
179,20172.910109,441072
180,20172.910109,443466
181,20172.910109,445861
182,20172.910109,448256
183,20172.910109,450640
184,20172.910109,453027
185,20172.910109,455413
186,20172.910109,457799
187,20172.910109,460184
188,20172.910109,462570
189,20172.910109,464956
190,20172.910109,467341
191,20172.910109,469728
192,20172.910109,472113
193,20172.910109,474499
194,20172.910109,476885
195,20172.910109,479272
196,20172.910109,481659
197,20172.910109,484046
198,20172.910109,486429
199,20172.910109,488816
200,20172.910109,491203
201,20172.910109,493590
202,20172.910109,495974
203,20172.910109,498360
204,20172.910109,500748
205,20172.910109,503135
206,20172.910109,505523
207,20172.910109,507899
208,20172.910109,510284
209,20172.910109,512669
210,20172.910109,515054
211,20172.910109,517441
212,20172.910109,519827
213,20172.910109,522212
214,20172.910109,524599
215,20172.910109,526985
216,20172.910109,529370
217,20172.910109,531756
218,20172.910109,534143
219,20172.910109,536531
220,20172.910109,538919
221,20172.910109,541295
222,20172.910109,543680
223,20172.910109,546064
224,20172.910109,548448
225,20172.910109,550833
226,20172.910109,553218
227,20172.910109,555604
228,20172.910109,557991
229,20172.910109,560374
230,20172.910109,562759
231,20172.910109,565144
232,20172.910109,567528
233,20172.910109,569914
234,20172.910109,572301
235,20172.910109,574677
236,20172.910109,577065
237,20172.910109,579441
238,20172.910109,581817
239,20172.910109,584193
240,20172.910109,586569
241,20172.910109,588945
242,20172.910109,591321
243,20172.910109,593697
244,20172.910109,596073
245,20172.910109,598449
246,20172.910109,600825
247,20172.910109,603201
248,20172.910109,605577
249,20172.910109,607953
250,20172.910109,610329
251,20172.910109,612705
252,20172.910109,615086
253,20172.910109,617471
254,20172.910109,619864
255,20172.910109,622249
256,20172.910109,624634
257,20172.910109,627010
258,20172.910109,629386
259,20172.910109,631762
260,20172.910109,634138
261,20172.910109,636514
262,20172.910109,638890
263,20172.910109,641266
264,20172.910109,643651
265,20172.910109,646035
266,20172.910109,648426
267,20172.910109,650802
268,20172.910109,653178
269,20172.910109,655554
270,20172.910109,657930
271,20172.910109,660306
272,20172.910109,662682
273,20172.910109,665058
274,20172.910109,667434
275,20172.910109,669810
276,20172.910109,672186
277,20172.910109,674562
278,20172.910109,676938
279,20172.910109,679314
280,20172.910109,681690
281,20172.910109,684066
282,20172.910109,686442
283,20172.910109,688818
284,20172.910109,691194
285,20172.910109,693570
286,20172.910109,695946
287,20172.910109,698322
288,20172.910109,700698
289,20172.910109,703074
290,20172.910109,705450
291,20172.910109,707828
292,20172.910109,710213
293,20172.910109,712598
20172.910109,45.940935
1,20475.078354,2376
2,20471.644823,4752
3,20432.050408,7128
4,20416.527764,9507
5,20388.774014,11893
6,20376.238531,14293
7,20376.238531,16713
8,20278.825373,19160
9,20241.985822,21639
10,20230.204583,24140
11,20224.482262,26666
12,20223.650837,29216
13,20222.835828,31798
14,20222.592426,34391
15,20222.465203,37000
16,20221.399018,39616
17,20220.370369,42234
18,20219.948276,44857
19,20219.935331,47482
20,20219.876552,50106
21,20219.876552,52731
22,20187.966338,55353
23,20187.966338,57976
24,20187.966338,60598
25,20187.966338,63221
26,20184.345252,65846
27,20184.345252,68462
28,20184.345252,71076
29,20184.345252,73692
30,20184.345252,76305
31,20184.345252,78920
32,20184.345252,81535
33,20184.345252,84150
34,20184.345252,86747
35,20184.345252,89349
36,20184.345252,91951
37,20184.345252,94543
38,20184.345252,97117
39,20184.345252,99674
40,20184.345252,102223
41,20184.345252,104771
42,20184.345252,107266
43,20184.345252,109750
44,20184.345252,112229
45,20184.345252,114697
46,20184.137674,117172
47,20184.137674,119646
48,20184.137674,122126
49,20184.137674,124603
50,20184.137674,127077
51,20182.288777,129554
52,20182.288777,132026
53,20182.288777,134476
54,20182.288777,136923
55,20182.288777,139381
56,20182.288777,141840
57,20182.288777,144315
58,20182.288777,146792
59,20182.288777,149282
60,20182.288777,151773
61,20182.288777,154226
62,20182.288777,156683
63,20182.288777,159153
64,20182.288777,161614
65,20182.288777,164081
66,20182.288777,166543
67,20182.288777,169021
68,20182.288777,171490
69,20182.288777,173963
70,20182.288777,176444
71,20182.288777,178884
72,20182.288777,181341
73,20182.288777,183799
74,20182.288777,186261
75,20182.288777,188715
76,20182.288777,191164
77,20182.288777,193622
78,20182.288777,196084
79,20182.288777,198534
80,20182.288777,200998
81,20182.288777,203449
82,20181.729536,205913
83,20181.729536,208384
84,20181.729536,210851
85,20181.729536,213339
86,20181.729536,215828
87,20181.729536,218310
88,20181.729536,220823
89,20181.729536,223326
90,20181.729536,225830
91,20181.729536,228317
92,20181.729536,230824
93,20181.729536,233344
94,20181.729536,235856
95,20181.729536,238359
96,20181.729536,240844
97,20181.729536,243328
98,20181.729536,245821
99,20181.729536,248307
100,20181.729536,250793
101,20181.729536,253263
102,20181.729536,255727
103,20181.729536,258195
104,20181.729536,260655
105,20181.729536,263122
106,20181.729536,265581
107,20181.729536,268027
108,20181.729536,270460
109,20180.530578,272895
110,20180.530578,275336
111,20180.530578,277769
112,20180.530578,280212
113,20180.530578,282654
114,20180.530578,285098
115,20180.530578,287547
116,20180.530578,289997
117,20180.530578,292441
118,20180.530578,294899
119,20180.530578,297354
120,20180.530578,299811
121,20180.530578,302280
122,20180.530578,304748
123,20180.530578,307218
124,20180.530578,309692
125,20180.530578,312169
126,20180.530578,314663
127,20180.530578,317119
128,20180.530578,319574
129,20180.530578,322028
130,20179.367763,324495
131,20179.367763,326960
132,20179.367763,329425
133,20179.367763,331878
134,20179.367763,334336
135,20179.367763,336785
136,20179.367763,339240
137,20179.367763,341699
138,20179.367763,344160
139,20179.367763,346629
140,20179.367763,349075
141,20179.367763,351538
142,20179.367763,354001
143,20179.367763,356472
144,20179.367763,358950
145,20179.367763,361416
146,20179.367763,363878
147,20179.367763,366339
148,20179.367763,368802
149,20179.367763,371233
150,20179.367763,373662
151,20179.367763,376091
152,20179.367763,378513
153,20179.367763,380935
154,20179.367763,383347
155,20179.367763,385768
156,20177.343474,388201
157,20177.343474,390639
158,20177.343474,393090
159,20177.343474,395542
160,20177.343474,398007
161,20177.343474,400490
162,20177.343474,402975
163,20177.343474,405466
164,20177.343474,407971
165,20177.343474,410485
166,20177.343474,413025
167,20177.343474,415565
168,20177.343474,418048
169,20177.343474,420490
170,20177.343474,422927
171,20177.343474,425364
172,20177.343474,427805
173,20177.343474,430235
174,20177.343474,432662
175,20177.343474,435097
176,20177.343474,437520
177,20177.343474,439944
178,20177.343474,442375
179,20177.343474,444786
180,20177.343474,447192
181,20177.343474,449587
182,20177.343474,451985
183,20177.343474,454375
184,20177.343474,456762
185,20177.343474,459148
186,20177.343474,461536
187,20177.343474,463923
188,20177.343474,466303
189,20177.343474,468685
190,20177.343474,471066
191,20177.343474,473446
192,20177.343474,475825
193,20177.343474,478206
194,20177.343474,480588
195,20177.343474,482964
196,20177.343474,485346
197,20177.343474,487722
198,20177.343474,490098
199,20177.343474,492474
200,20177.343474,494850
201,20177.343474,497226
202,20177.343474,499602
203,20177.343474,501978
204,20177.343474,504354
205,20177.343474,506730
206,20177.343474,509106
207,20177.343474,511482
208,20177.343474,513858
209,20177.343474,516234
210,20177.343474,518610
211,20177.343474,520986
212,20177.343474,523362
213,20177.343474,525738
214,20177.343474,528114
215,20177.343474,530490
216,20177.343474,532866
217,20177.343474,535245
218,20177.343474,537628
219,20177.343474,540013
220,20177.343474,542389
221,20177.343474,544765
222,20177.343474,547141
223,20177.343474,549519
224,20177.343474,551903
225,20177.343474,554279
226,20177.343474,556655
227,20177.343474,559031
228,20177.343474,561407
229,20177.343474,563783
230,20177.343474,566159
231,20177.343474,568535
232,20177.343474,570911
233,20177.343474,573287
234,20177.343474,575663
235,20177.343474,578039
236,20177.343474,580415
237,20177.343474,582791
238,20177.343474,585167
239,20177.343474,587543
240,20177.343474,589919
241,20177.343474,592295
242,20177.343474,594671
243,20177.343474,597047
244,20177.343474,599423
245,20177.343474,601799
246,20177.343474,604175
247,20177.343474,606552
248,20177.343474,608937
249,20177.343474,611322
250,20177.343474,613698
251,20177.343474,616074
252,20177.343474,618450
253,20177.343474,620826
254,20177.343474,623202
255,20177.343474,625578
256,20177.343474,627954
257,20177.343474,630330
258,20177.343474,632706
259,20177.343474,635082
260,20177.343474,637458
261,20177.343474,639834
262,20177.343474,642210
263,20177.343474,644586
264,20177.343474,646962
265,20177.343474,649338
266,20177.343474,651714
267,20177.343474,654090
268,20177.343474,656466
269,20177.343474,658842
270,20177.343474,661218
271,20177.343474,663594
272,20177.343474,665970
273,20177.343474,668346
274,20177.343474,670722
275,20177.343474,673098
276,20177.343474,675474
277,20177.343474,677850
278,20177.343474,680226
279,20177.343474,682602
280,20177.343474,684978
281,20177.343474,687356
282,20177.343474,689738
283,20177.343474,692125
284,20177.343474,694517
285,20177.343474,696905
286,20177.343474,699281
287,20177.343474,701657
288,20177.343474,704033
289,20177.343474,706409
290,20177.343474,708785
291,20177.343474,711161
20177.343474,45.090645
1,20475.483459,2376
2,20469.230758,4752
3,20435.371849,7128
4,20408.929015,9508
5,20396.343068,11896
6,20375.201411,14293
7,20372.840540,16708
8,20319.954708,19128
9,20301.238406,21572
10,20289.598579,24043
11,20224.259897,26534
12,20221.205303,29036
13,20220.517441,31572
14,20220.149842,34126
15,20219.883019,36706
16,20219.749969,39291
17,20219.665771,41887
18,20219.603974,44491
19,20219.583613,47104
20,20219.580216,49711
21,20180.173525,52326
22,20180.173525,54943
23,20173.871740,57563
24,20173.871740,60181
25,20173.871740,62795
26,20173.871740,65413
27,20173.871740,68034
28,20173.871740,70655
29,20173.871740,73276
30,20173.871740,75901
31,20173.871740,78518
32,20173.871740,81118
33,20173.871740,83695
34,20173.871740,86260
35,20173.871740,88797
36,20173.871740,91307
37,20173.871740,93797
38,20173.871740,96267
39,20173.871740,98725
40,20173.871740,101183
41,20173.871740,103628
42,20173.871740,106065
43,20173.871740,108473
44,20173.871740,110881
45,20173.871740,113290
46,20173.871740,115697
47,20173.871740,118108
48,20173.871740,120525
49,20173.871740,122933
50,20173.871740,125333
51,20173.871740,127724
52,20173.871740,130115
53,20173.871740,132506
54,20173.871740,134897
55,20173.871740,137288
56,20173.871740,139672
57,20173.871740,142048
58,20173.871740,144424
59,20173.871740,146800
60,20173.871740,149176
61,20173.871740,151552
62,20173.871740,153928
63,20173.871740,156304
64,20173.871740,158680
65,20173.871740,161056
66,20173.871740,163432
67,20173.871740,165808
68,20173.871740,168184
69,20173.871740,170560
70,20173.871740,172936
71,20173.871740,175312
72,20173.871740,177688
73,20173.871740,180064
74,20173.871740,182440
75,20173.871740,184816
76,20173.871740,187192
77,20173.871740,189571
78,20173.871740,191963
79,20173.871740,194356
80,20173.871740,196749
81,20173.871740,199125
82,20173.871740,201501
83,20173.871740,203877
84,20173.871740,206253
85,20173.871740,208629
86,20173.871740,211006
87,20173.871740,213383
88,20173.871740,215761
89,20173.871740,218143
90,20173.855489,220531
91,20173.855489,222926
92,20173.855489,225328
93,20173.855489,227735
94,20173.855489,230143
95,20173.855489,232561
96,20173.855489,234982
97,20173.855489,237421
98,20173.855489,239865
99,20173.855489,242309
100,20173.855489,244765
101,20173.855489,247211
102,20173.855489,249662
103,20173.855489,252124
104,20173.855489,254576
105,20173.855489,257026
106,20173.855489,259488
107,20173.855489,261947
108,20173.855489,264393
109,20173.855489,266850
110,20173.855489,269311
111,20173.532371,271773
112,20173.532371,274279
113,20173.532371,276773
114,20173.532371,279305
115,20173.532371,281831
116,20173.532371,284403
117,20173.532371,286971
118,20173.532371,289527
119,20173.532371,292079
120,20173.532371,294629
121,20173.532371,297189
122,20173.532371,299757
123,20173.532371,302297
124,20173.532371,304837
125,20173.532371,307408
126,20173.532371,309958
127,20173.532371,312507
128,20173.532371,315058
129,20173.532371,317595
130,20173.532371,320162
131,20173.532371,322705
132,20173.532371,325253
133,20173.532371,327814
134,20173.532371,330360
135,20173.532371,332901
136,20173.532371,335421
137,20173.532371,337941
138,20173.532371,340466
139,20173.532371,343000
140,20173.532371,345516
141,20173.532371,348027
142,20173.532371,350554
143,20173.532371,353081
144,20173.532371,355611
145,20173.532371,358135
146,20173.532371,360645
147,20173.532371,363159
148,20173.532371,365662
149,20173.532371,368152
150,20173.532371,370648
151,20173.532371,373159
152,20173.532371,375628
153,20173.532371,378095
154,20173.532371,380551
155,20173.532371,382997
156,20173.532371,385448
157,20173.532371,387861
158,20173.532371,390270
159,20173.532371,392690
160,20173.532371,395096
161,20173.532371,397516
162,20173.532371,399940
163,20173.532371,402354
164,20173.532371,404776
165,20173.532371,407194
166,20173.532371,409607
167,20173.532371,412024
168,20173.532371,414449
169,20173.532371,416864
170,20173.532371,419280
171,20173.532371,421702
172,20173.532371,424119
173,20173.532371,426542
174,20173.532371,428967
175,20173.532371,431391
176,20173.532371,433809
177,20173.532371,436217
178,20173.532371,438627
179,20173.532371,441041
180,20173.532371,443450
181,20173.532371,445860
182,20173.532371,448270
183,20173.532371,450685
184,20173.532371,453100
185,20173.532371,455514
186,20173.532371,457916
187,20173.532371,460316
188,20173.532371,462707
189,20173.532371,465098
190,20173.532371,467489
191,20173.532371,469880
192,20173.532371,472271
193,20173.532371,474662
194,20173.532371,477053
195,20173.532371,479441
196,20173.532371,481824
197,20173.532371,484207
198,20173.532371,486590
199,20173.532371,488973
200,20173.532371,491356
201,20173.532371,493738
202,20173.532371,496121
203,20173.532371,498504
204,20173.532371,500887
205,20173.532371,503270
206,20173.532371,505653
207,20173.532371,508036
208,20173.532371,510419
209,20173.532371,512801
210,20173.532371,515183
211,20173.532371,517565
212,20173.532371,519944
213,20173.532371,522327
214,20173.532371,524710
215,20173.532371,527093
216,20173.532371,529476
217,20173.532371,531859
218,20173.532371,534242
219,20173.532371,536625
220,20173.532371,539007
221,20173.532371,541390
222,20173.532371,543772
223,20173.532371,546155
224,20173.532371,548538
225,20173.532371,550920
226,20173.532371,553303
227,20173.532371,555686
228,20173.532371,558068
229,20173.532371,560451
230,20173.532371,562833
231,20173.532371,565215
232,20173.532371,567598
233,20173.532371,569981
234,20173.532371,572364
235,20173.532371,574746
236,20173.532371,577128
237,20173.532371,579505
238,20173.532371,581882
239,20173.532371,584259
240,20173.532371,586640
241,20173.532371,589023
242,20173.532371,591406
243,20173.532371,593789
244,20173.532371,596172
245,20173.532371,598554
246,20173.532371,600934
247,20173.532371,603317
248,20173.532371,605700
249,20173.532371,608083
250,20173.532371,610466
251,20173.532371,612849
252,20173.532371,615232
253,20173.532371,617608
254,20173.532371,619984
255,20173.532371,622360
256,20173.532371,624736
257,20173.532371,627112
258,20173.532371,629488
259,20173.532371,631864
260,20173.532371,634240
261,20173.532371,636616
262,20173.532371,638992
263,20173.532371,641368
264,20173.532371,643744
265,20173.532371,646120
266,20173.532371,648496
267,20173.532371,650872
268,20173.532371,653248
269,20173.532371,655624
270,20173.532371,658000
271,20173.532371,660376
272,20173.532371,662752
273,20173.532371,665128
274,20173.532371,667504
275,20173.532371,669880
276,20173.532371,672256
277,20173.532371,674632
278,20173.532371,677008
279,20173.532371,679384
280,20173.532371,681760
281,20173.532371,684136
282,20173.532371,686512
283,20173.532371,688888
284,20173.532371,691264
285,20173.532371,693640
286,20173.532371,696016
287,20173.532371,698392
288,20173.532371,700768
289,20173.532371,703144
290,20173.532371,705520
291,20173.532371,707896
292,20173.532371,710272
293,20173.532371,712648
20173.532371,45.435643
1,20480.433341,2376
2,20470.327520,4752
3,20453.465043,7128
4,20453.465043,9509
5,20383.359930,11900
6,20370.865860,14303
7,20338.590809,16721
8,20302.704770,19159
9,20279.858929,21620
10,20231.655313,24109
11,20228.070296,26615
12,20226.937987,29140
13,20223.083021,31683
14,20214.350147,34248
15,20194.463977,36828
16,20181.542425,39411
17,20181.542425,42009
18,20181.542425,44612
19,20181.542425,47201
20,20181.542425,49792
21,20181.542425,52392
22,20181.542425,54978
23,20181.542425,57566
24,20181.542425,60134
25,20181.542425,62638
26,20179.757275,65129
27,20179.757275,67624
28,20179.757275,70105
29,20179.757275,72583
30,20179.757275,75074
31,20179.757275,77580
32,20179.757275,80096
33,20179.757275,82599
34,20179.757275,85114
35,20179.757275,87616
36,20179.757275,90117
37,20177.024821,92617
38,20177.024821,95125
39,20176.268105,97634
40,20176.268105,100158
41,20176.268105,102688
42,20176.268105,105198
43,20176.268105,107723
44,20176.268105,110217
45,20176.268105,112735
46,20176.268105,115254
47,20176.268105,117786
48,20176.268105,120319
49,20176.268105,122829
50,20176.268105,125360
51,20176.268105,127867
52,20176.268105,130388
53,20176.268105,132884
54,20176.268105,135370
55,20176.268105,137840
56,20176.268105,140326
57,20176.268105,142812
58,20176.268105,145275
59,20176.268105,147739
60,20176.268105,150185
61,20176.268105,152638
62,20176.268105,155070
63,20176.268105,157488
64,20176.268105,159909
65,20176.268105,162329
66,20176.268105,164741
67,20176.268105,167152
68,20176.268105,169558
69,20176.268105,171981
70,20176.268105,174393
71,20176.268105,176793
72,20176.268105,179207
73,20176.268105,181612
74,20176.268105,184020
75,20176.268105,186429
76,20176.268105,188827
77,20176.268105,191227
78,20176.268105,193625
79,20176.268105,196016
80,20176.268105,198410
81,20176.268105,200803
82,20176.268105,203201
83,20176.268105,205602
84,20176.268105,208008
85,20176.268105,210413
86,20176.268105,212825
87,20176.268105,215245
88,20173.871740,217676
89,20173.871740,220088
90,20173.871740,222521
91,20173.871740,224953
92,20173.871740,227395
93,20173.871740,229834
94,20173.871740,232279
95,20173.871740,234739
96,20173.871740,237191
97,20173.871740,239647
98,20173.871740,242111
99,20173.871740,244582
100,20173.871740,247059
101,20173.871740,249549
102,20173.871740,252030
103,20173.871740,254514
104,20173.871740,257012
105,20173.871740,259508
106,20173.871740,261998
107,20173.871740,264470
108,20173.871740,266916
109,20173.871740,269367
110,20173.871740,271806
111,20173.871740,274236
112,20173.871740,276678
113,20173.871740,279111
114,20173.871740,281550
115,20173.871740,283973
116,20173.871740,286404
117,20173.871740,288820
118,20173.871740,291240
119,20173.871740,293659
120,20173.871740,296080
121,20173.871740,298504
122,20173.871740,300936
123,20173.871740,303356
124,20173.871740,305770
125,20173.871740,308185
126,20173.871740,310602
127,20173.871740,313021
128,20173.871740,315433
129,20173.871740,317844
130,20173.871740,320253
131,20173.871740,322652
132,20173.871740,325048
133,20173.871740,327445
134,20173.871740,329844
135,20173.871740,332243
136,20173.871740,334643
137,20173.871740,337043
138,20173.871740,339445
139,20173.871740,341834
140,20173.871740,344225
141,20173.871740,346615
142,20173.871740,349005
143,20173.871740,351394
144,20173.871740,353777
145,20173.871740,356159
146,20173.871740,358542
147,20173.871740,360922
148,20173.871740,363301
149,20173.871740,365684
150,20173.871740,368074
151,20173.871740,370459
152,20173.871740,372843
153,20173.871740,375225
154,20173.871740,377610
155,20173.871740,379993
156,20173.871740,382377
157,20173.871740,384761
158,20173.871740,387147
159,20173.871740,389534
160,20173.871740,391920
161,20173.871740,394310
162,20173.871740,396698
163,20173.871740,399088
164,20173.871740,401476
165,20173.871740,403866
166,20173.871740,406255
167,20173.871740,408644
168,20173.871740,411034
169,20173.871740,413431
170,20173.871740,415828
171,20173.871740,418225
172,20173.871740,420624
173,20173.871740,423020
174,20173.871740,425416
175,20173.871740,427803
176,20173.871740,430190
177,20173.871740,432579
178,20173.871740,434961
179,20173.871740,437342
180,20173.871740,439723
181,20173.871740,442103
182,20173.871740,444485
183,20173.871740,446871
184,20173.871740,449259
185,20173.532371,451659
186,20173.532371,454062
187,20173.532371,456462
188,20173.532371,458871
189,20173.532371,461291
190,20173.532371,463713
191,20173.532371,466141
192,20173.532371,468569
193,20173.532371,470991
194,20173.532371,473432
195,20173.532371,475880
196,20173.532371,478335
197,20173.532371,480794
198,20173.532371,483254
199,20173.532371,485705
200,20173.532371,488158
201,20173.532371,490613
202,20173.532371,493079
203,20173.532371,495558
204,20173.532371,498041
205,20173.532371,500515
206,20173.532371,502986
207,20173.532371,505441
208,20173.532371,507880
209,20173.532371,510312
210,20173.532371,512744
211,20173.532371,515171
212,20173.532371,517597
213,20173.532371,520015
214,20173.532371,522431
215,20173.532371,524824
216,20173.532371,527226
217,20173.532371,529625
218,20173.532371,532036
219,20173.532371,534449
220,20173.532371,536860
221,20173.532371,539264
222,20173.532371,541663
223,20173.532371,544064
224,20173.532371,546479
225,20173.532371,548892
226,20173.532371,551304
227,20173.532371,553726
228,20173.532371,556134
229,20173.532371,558546
230,20173.532371,560959
231,20173.532371,563368
232,20173.532371,565783
233,20173.532371,568196
234,20173.532371,570601
235,20173.532371,573010
236,20173.532371,575424
237,20173.532371,577826
238,20173.532371,580234
239,20173.532371,582645
240,20173.532371,585049
241,20173.532371,587457
242,20173.532371,589864
243,20173.532371,592273
244,20173.532371,594683
245,20173.532371,597093
246,20173.532371,599500
247,20173.532371,601908
248,20173.532371,604317
249,20173.532371,606728
250,20173.532371,609133
251,20173.532371,611538
252,20173.532371,613938
253,20173.532371,616345
254,20173.532371,618737
255,20173.532371,621134
256,20173.532371,623530
257,20173.532371,625929
258,20173.532371,628328
259,20173.532371,630721
260,20173.532371,633116
261,20173.532371,635509
262,20173.532371,637902
263,20173.532371,640296
264,20173.532371,642679
265,20173.532371,645063
266,20173.532371,647447
267,20173.532371,649835
268,20173.532371,652222
269,20173.532371,654611
270,20173.532371,657002
271,20173.532371,659395
272,20173.532371,661788
273,20173.532371,664180
274,20173.532371,666571
275,20173.532371,668963
276,20173.532371,671347
277,20173.532371,673732
278,20173.532371,676117
279,20173.532371,678504
280,20173.532371,680888
281,20173.532371,683275
282,20173.532371,685661
283,20173.532371,688045
284,20173.532371,690429
285,20173.532371,692812
286,20173.532371,695198
287,20173.532371,697578
288,20173.532371,699959
289,20173.532371,702342
290,20173.532371,704726
291,20173.532371,707112
292,20173.532371,709501
293,20173.532371,711891
20173.532371,45.831111
1,20480.411787,2376
2,20476.262340,4752
3,20438.874695,7128
4,20414.241261,9513
5,20397.918084,11913
6,20369.501951,14330
7,20337.957073,16759
8,20328.758223,19197
9,20319.267640,21659
10,20278.102241,24143
11,20243.407183,26629
12,20231.156626,29145
13,20229.930796,31683
14,20228.138874,34243
15,20223.545972,36822
16,20215.333001,39419
17,20192.439273,42021
18,20178.726697,44629
19,20178.726697,47257
20,20178.726697,49889
21,20178.726697,52526
22,20178.726697,55146
23,20178.726697,57708
24,20178.726697,60203
25,20178.726697,62647
26,20178.726697,65073
27,20178.726697,67478
28,20178.726697,69887
29,20178.726697,72297
30,20178.726697,74708
31,20173.906836,77112
32,20173.871740,79522
33,20173.871740,81932
34,20173.871740,84343
35,20173.871740,86764
36,20173.871740,89196
37,20173.871740,91623
38,20173.871740,94063
39,20173.871740,96509
40,20173.871740,98979
41,20173.871740,101454
42,20173.871740,103952
43,20173.871740,106456
44,20173.871740,108956
45,20173.871740,111451
46,20173.871740,113991
47,20173.871740,116493
48,20173.871740,119013
49,20173.871740,121541
50,20173.871740,124049
51,20173.871740,126550
52,20173.871740,129036
53,20173.871740,131564
54,20173.871740,134069
55,20173.871740,136589
56,20173.871740,139112
57,20173.855489,141626
58,20173.855489,144130
59,20173.855489,146630
60,20173.855489,149127
61,20173.855489,151628
62,20173.855489,154129
63,20173.855489,156632
64,20173.855489,159153
65,20173.855489,161670
66,20172.910109,164183
67,20172.910109,166698
68,20172.910109,169221
69,20172.910109,171754
70,20172.910109,174285
71,20172.910109,176820
72,20172.910109,179352
73,20172.910109,181882
74,20172.910109,184402
75,20172.910109,186919
76,20172.910109,189395
77,20172.910109,191873
78,20172.910109,194309
79,20172.910109,196753
80,20172.910109,199196
81,20172.910109,201626
82,20172.910109,204043
83,20172.910109,206459
84,20172.910109,208866
85,20172.910109,211274
86,20172.910109,213679
87,20172.910109,216089
88,20172.910109,218499
89,20172.910109,220916
90,20172.910109,223345
91,20172.910109,225772
92,20172.910109,228201
93,20172.910109,230626
94,20172.910109,233041
95,20172.910109,235459
96,20172.910109,237880
97,20172.910109,240271
98,20172.910109,242647
99,20172.910109,245023
100,20172.910109,247399
101,20172.910109,249775
102,20172.910109,252151
103,20172.910109,254527
104,20172.910109,256903
105,20172.910109,259279
106,20172.910109,261655
107,20172.910109,264031
108,20172.910109,266407
109,20172.910109,268783
110,20172.910109,271159
111,20172.910109,273535
112,20172.910109,275911
113,20172.910109,278287
114,20172.910109,280663
115,20172.910109,283039
116,20172.910109,285415
117,20172.910109,287791
118,20172.910109,290167
119,20172.910109,292543
120,20172.910109,294919
121,20172.910109,297295
122,20172.910109,299671
123,20172.910109,302047
124,20172.910109,304423
125,20172.910109,306799
126,20172.910109,309175
127,20172.910109,311551
128,20172.910109,313927
129,20172.910109,316303
130,20172.910109,318679
131,20172.910109,321055
132,20172.910109,323431
133,20172.910109,325807
134,20172.910109,328183
135,20172.910109,330562
136,20172.910109,332949
137,20172.910109,335341
138,20172.910109,337717
139,20172.910109,340093
140,20172.910109,342469
141,20172.910109,344845
142,20172.910109,347221
143,20172.910109,349597
144,20172.910109,351973
145,20172.910109,354349
146,20172.910109,356725
147,20172.910109,359101
148,20172.910109,361477
149,20172.910109,363853
150,20172.910109,366229
151,20172.910109,368605
152,20172.910109,370981
153,20172.910109,373360
154,20172.910109,375745
155,20172.910109,378131
156,20172.910109,380517
157,20172.910109,382893
158,20172.910109,385269
159,20172.910109,387645
160,20172.910109,390021
161,20172.910109,392397
162,20172.910109,394773
163,20172.910109,397149
164,20172.910109,399525
165,20172.910109,401901
166,20172.910109,404277
167,20172.910109,406653
168,20172.910109,409029
169,20172.910109,411405
170,20172.910109,413781
171,20172.910109,416157
172,20172.910109,418533
173,20172.910109,420909
174,20172.910109,423285
175,20172.910109,425661
176,20172.910109,428037
177,20172.910109,430413
178,20172.910109,432789
179,20172.910109,435165
180,20172.910109,437541
181,20172.910109,439917
182,20172.910109,442293
183,20172.910109,444669
184,20172.910109,447045
185,20172.910109,449421
186,20172.910109,451797
187,20172.910109,454173
188,20172.910109,456549
189,20172.910109,458925
190,20172.910109,461301
191,20172.910109,463677
192,20172.910109,466053
193,20172.910109,468429
194,20172.910109,470805
195,20172.910109,473181
196,20172.910109,475557
197,20172.910109,477933
198,20172.910109,480309
199,20172.910109,482685
200,20172.910109,485065
201,20172.910109,487455
202,20172.910109,489845
203,20172.910109,492221
204,20172.910109,494597
205,20172.910109,496973
206,20172.910109,499349
207,20172.910109,501727
208,20172.910109,504117
209,20172.910109,506507
210,20172.910109,508883
211,20172.910109,511259
212,20172.910109,513635
213,20172.910109,516011
214,20172.910109,518387
215,20172.910109,520763
216,20172.910109,523139
217,20172.910109,525515
218,20172.910109,527891
219,20172.910109,530267
220,20172.910109,532643
221,20172.910109,535019
222,20172.910109,537395
223,20172.910109,539771
224,20172.910109,542147
225,20172.910109,544523
226,20172.910109,546899
227,20172.910109,549275
228,20172.910109,551651
229,20172.910109,554027
230,20172.910109,556403
231,20172.910109,558779
232,20172.910109,561155
233,20172.910109,563531
234,20172.910109,565907
235,20172.910109,568283
236,20172.910109,570659
237,20172.910109,573035
238,20172.910109,575411
239,20172.910109,577787
240,20172.910109,580163
241,20172.910109,582539
242,20172.910109,584915
243,20172.910109,587291
244,20172.910109,589667
245,20172.910109,592043
246,20172.910109,594419
247,20172.910109,596795
248,20172.910109,599171
249,20172.910109,601547
250,20172.910109,603923
251,20172.910109,606299
252,20172.910109,608675
253,20172.910109,611051
254,20172.910109,613427
255,20172.910109,615803
256,20172.910109,618179
257,20172.910109,620555
258,20172.910109,622931
259,20172.910109,625307
260,20172.910109,627683
261,20172.910109,630059
262,20172.910109,632435
263,20172.910109,634811
264,20172.910109,637187
265,20172.910109,639563
266,20172.910109,641939
267,20172.910109,644315
268,20172.910109,646691
269,20172.910109,649067
270,20172.910109,651443
271,20172.910109,653819
272,20172.910109,656195
273,20172.910109,658571
274,20172.910109,660947
275,20172.910109,663323
276,20172.910109,665699
277,20172.910109,668075
278,20172.910109,670451
279,20172.910109,672827
280,20172.910109,675203
281,20172.910109,677579
282,20172.910109,679955
283,20172.910109,682331
284,20172.910109,684707
285,20172.910109,687083
286,20172.910109,689459
287,20172.910109,691835
288,20172.910109,694211
289,20172.910109,696587
290,20172.910109,698963
291,20172.910109,701339
292,20172.910109,703715
293,20172.910109,706091
294,20172.910109,708467
295,20172.910109,710846
20172.910109,44.505912
