1,5544.342969,2376
2,5544.342969,5041
3,5542.425736,7706
4,5542.375446,10370
5,5542.182136,13034
6,5542.182136,15699
7,5542.157691,18364
8,5542.157691,21027
9,5542.157691,23690
10,5542.157691,26353
11,5542.157691,29018
12,5542.157691,31682
13,5542.157691,34346
14,5542.157691,37011
15,5542.157691,39675
16,5542.126196,42337
17,5542.126196,45002
18,5542.126196,47667
19,5542.126196,50327
20,5542.126196,52992
21,5542.126196,55654
22,5542.126196,58317
23,5542.126196,60981
24,5542.126196,63646
25,5542.126196,66310
26,5542.126196,68974
27,5542.126196,71636
28,5542.126196,74299
29,5542.126196,76961
30,5542.126196,79625
31,5542.126196,82290
32,5542.126196,84955
33,5542.126196,87617
34,5542.126196,90282
35,5542.045014,92945
36,5542.045014,95608
37,5542.045014,98267
38,5542.045014,100932
39,5542.045014,103596
40,5542.045014,106261
41,5542.006459,108926
42,5542.006459,111589
43,5542.006459,114253
44,5542.006459,116916
45,5542.006459,119579
46,5542.006459,122242
47,5542.006459,124901
48,5541.929235,127566
49,5541.929235,130230
50,5541.875283,132893
51,5541.875283,135557
52,5541.875283,138220
53,5541.875283,140880
54,5541.875283,143541
55,5541.875283,146205
56,5541.875283,148868
57,5541.875283,151531
58,5541.875283,154193
59,5541.875283,156857
60,5541.875283,159520
61,5541.838515,162180
62,5541.838515,164843
63,5541.838515,167507
64,5541.838515,170171
65,5541.838515,172834
66,5541.838515,175495
67,5541.838515,178155
68,5541.838515,180816
69,5541.754566,183480
70,5541.754566,186143
71,5541.754566,188806
72,5541.754566,191461
73,5541.754566,194122
74,5541.754566,196779
75,5541.754566,199437
76,5541.754566,202095
77,5541.679102,204760
78,5541.679102,207422
79,5541.679102,210086
80,5541.679102,212745
81,5541.679102,215408
82,5541.647565,218071
83,5541.647565,220734
84,5541.647565,223395
85,5541.647565,226060
86,5541.647565,228724
87,5541.647565,231386
88,5541.647565,234050
89,5541.647565,236712
90,5541.647565,239370
91,5541.647565,242034
92,5541.647565,244690
93,5541.647565,247351
94,5541.647565,250008
95,5541.647565,252663
96,5541.647565,255316
97,5541.647565,257970
98,5541.647565,260616
99,5541.647565,263270
100,5541.647565,265929
101,5541.647565,268588
102,5541.647565,271248
103,5541.647565,273908
104,5541.647565,276567
105,5541.647565,279231
106,5541.647565,281895
107,5541.647565,284556
108,5541.647565,287220
109,5541.647565,289881
110,5541.647565,292541
111,5541.647565,295202
112,5541.647565,297866
113,5541.647565,300531
114,5541.647565,303191
115,5541.647565,305851
116,5541.647565,308508
117,5541.647565,311165
118,5541.647565,313827
119,5541.647565,316490
120,5541.647565,319153
121,5541.647565,321813
122,5541.643141,324476
123,5541.643141,327140
124,5541.643141,329805
125,5541.643141,332465
126,5541.643141,335129
127,5541.643141,337789
128,5541.643141,340450
129,5541.643141,343111
130,5541.643141,345770
131,5541.643141,348435
132,5541.643141,351098
133,5541.643141,353761
134,5541.643141,356424
135,5541.643141,359087
136,5541.643141,361752
137,5541.643141,364417
138,5541.643141,367077
139,5541.643141,369741
140,5541.643141,372400
141,5541.643141,375057
142,5541.643141,377713
143,5541.643141,380374
144,5541.643141,383024
145,5541.643141,385680
146,5541.643141,388328
147,5541.643141,390980
148,5541.643141,393636
149,5541.643141,396288
150,5541.643141,398937
151,5541.643141,401583
152,5541.643141,404231
153,5541.643141,406881
154,5541.643141,409529
155,5541.643141,412179
156,5541.643141,414843
157,5541.643141,417503
158,5541.643141,420151
159,5541.643141,422801
160,5541.643141,425452
161,5541.643141,428098
162,5541.643141,430757
163,5541.643141,433413
164,5541.643141,436073
165,5541.643141,438735
166,5541.643141,441398
167,5541.643141,444057
168,5541.643141,446718
169,5541.643141,449372
170,5541.643141,452025
171,5541.643141,454673
172,5541.643141,457327
173,5541.643141,459982
174,5541.643141,462636
175,5541.643141,465285
176,5541.643141,467934
177,5541.643141,470589
178,5541.643141,473241
179,5541.643141,475884
180,5541.643141,478525
181,5541.643141,481171
182,5541.643141,483817
183,5541.643141,486478
184,5541.643141,489136
185,5541.643141,491787
186,5541.643141,494435
187,5541.643141,497079
188,5541.643141,499709
189,5541.643141,502351
190,5541.643141,504989
191,5541.643141,507627
192,5541.643141,510262
193,5541.643141,512906
194,5541.643141,515547
195,5541.643141,518194
196,5541.643141,520845
197,5541.643141,523497
198,5541.643141,526150
199,5541.643141,528803
200,5541.643141,531452
201,5541.643141,534101
202,5541.643141,536756
203,5541.643141,539410
204,5541.643141,542053
205,5541.643141,544709
206,5541.643141,547365
207,5541.643141,550024
208,5541.643141,552683
209,5541.643141,555338
210,5541.643141,558001
211,5541.643141,560663
212,5541.643141,563321
213,5541.643141,565975
214,5541.643141,568623
215,5541.643141,571282
216,5541.643141,573942
217,5541.643141,576596
218,5541.643141,579242
219,5541.643141,581887
220,5541.643141,584535
221,5541.643141,587188
222,5541.643141,589836
223,5541.643141,592480
224,5541.643141,595134
225,5541.643141,597779
226,5541.643141,600434
227,5541.643141,603090
228,5541.643141,605749
229,5541.643141,608403
230,5541.643141,611048
231,5541.643141,613679
232,5541.643141,616324
233,5541.643141,618978
234,5541.643141,621628
235,5541.643141,624275
236,5541.643141,626924
237,5541.643141,629575
238,5541.643141,632223
239,5541.643141,634855
240,5541.643141,637492
241,5541.643141,640128
242,5541.643141,642778
243,5541.643141,645426
244,5541.643141,648069
245,5541.643141,650725
246,5541.643141,653377
247,5541.643141,656022
248,5541.643141,658655
249,5541.643141,661284
250,5541.643141,663911
251,5541.643141,666562
252,5541.643141,669209
253,5541.643141,671851
254,5541.643141,674498
255,5541.643141,677154
256,5541.643141,679804
257,5541.643141,682451
258,5541.643141,685093
259,5541.643141,687722
260,5541.643141,690362
261,5541.643141,693007
262,5541.643141,695644
263,5541.643141,698289
264,5541.643141,700937
265,5541.643141,703580
266,5541.643141,706219
267,5541.643141,708859
268,5541.643141,711520
269,5541.643141,714176
270,5541.643141,716832
271,5541.643141,719493
272,5541.643141,722155
273,5541.643141,724812
274,5541.643141,727468
275,5541.643141,730117
276,5541.643141,732760
277,5541.643141,735407
278,5541.643141,738049
279,5541.643141,740676
280,5541.643141,743297
281,5541.643141,745931
5541.643141,3.778084
1,5543.243651,2376
2,5543.243651,5016
3,5542.182136,7656
4,5542.182136,10295
5,5542.178395,12935
6,5542.178395,15575
7,5542.178395,18215
8,5542.178395,20854
9,5542.178395,23493
10,5542.178395,26132
11,5542.178395,28772
12,5542.178395,31412
13,5542.178395,34051
14,5542.178395,36690
15,5542.140198,39330
16,5541.929235,41970
17,5541.929235,44607
18,5541.929235,47242
19,5541.929235,49882
20,5541.929235,52521
21,5541.929235,55157
22,5541.929235,57796
23,5541.929235,60435
24,5541.929235,63075
25,5541.929235,65715
26,5541.929235,68354
27,5541.929235,70991
28,5541.929235,73629
29,5541.929235,76263
30,5541.929235,78899
31,5541.929235,81537
32,5541.929235,84169
33,5541.929235,86808
34,5541.796107,89444
35,5541.796107,92074
36,5541.796107,94707
37,5541.796107,97347
38,5541.796107,99986
39,5541.796107,102626
40,5541.796107,105261
41,5541.796107,107895
42,5541.796107,110530
43,5541.796107,113161
44,5541.796107,115792
45,5541.796107,118425
46,5541.796107,121065
47,5541.796107,123700
48,5541.796107,126332
49,5541.796107,128960
50,5541.796107,131591
51,5541.796107,134226
52,5541.796107,136852
53,5541.796107,139483
54,5541.754566,142113
55,5541.754566,144740
56,5541.754566,147370
57,5541.754566,149999
58,5541.754566,152622
59,5541.754566,155242
60,5541.754566,157861
61,5541.754566,160478
62,5541.754566,163095
63,5541.754566,165710
64,5541.754566,168331
65,5541.754566,170958
66,5541.754566,173579
67,5541.754566,176201
68,5541.754566,178829
69,5541.754566,181447
70,5541.754566,184081
71,5541.754566,186701
72,5541.754566,189322
73,5541.754566,191939
74,5541.754566,194552
75,5541.754566,197166
76,5541.754566,199783
77,5541.754566,202388
78,5541.754566,205004
79,5541.754566,207627
80,5541.754566,210239
81,5541.754566,212849
82,5541.754566,215458
83,5541.754566,218070
84,5541.754566,220684
85,5541.754566,223312
86,5541.754566,225937
87,5541.754566,228550
88,5541.754566,231171
89,5541.754566,233795
90,5541.754566,236422
91,5541.754566,239044
92,5541.754566,241673
93,5541.754566,244300
94,5541.754566,246920
95,5541.754566,249529
96,5541.754566,252155
97,5541.754566,254780
98,5541.647565,257408
99,5541.643141,260035
100,5541.643141,262646
101,5541.643141,265267
102,5541.643141,267869
103,5541.643141,270482
104,5541.643141,273097
105,5541.643141,275707
106,5541.643141,278313
107,5541.643141,280938
108,5541.643141,283558
109,5541.643141,286175
110,5541.643141,288795
111,5541.643141,291420
112,5541.643141,294042
113,5541.643141,296658
114,5541.643141,299260
115,5541.643141,301857
116,5541.643141,304434
117,5541.643141,307011
118,5541.643141,309585
119,5541.643141,312189
120,5541.643141,314802
121,5541.643141,317406
122,5541.643141,320001
123,5541.643141,322578
124,5541.643141,325169
125,5541.643141,327743
126,5541.643141,330316
127,5541.643141,332877
128,5541.643141,335439
129,5541.643141,338003
130,5541.643141,340571
131,5541.643141,343140
132,5541.643141,345698
133,5541.643141,348256
134,5541.643141,350828
135,5541.643141,353386
136,5541.643141,355948
137,5541.643141,358496
138,5541.643141,361041
139,5541.643141,363588
140,5541.643141,366142
141,5541.643141,368680
142,5541.643141,371205
143,5541.643141,373723
144,5541.643141,376255
145,5541.643141,378787
146,5541.643141,381326
147,5541.643141,383871
148,5541.643141,386407
149,5541.643141,388948
150,5541.643141,391505
151,5541.643141,394069
152,5541.643141,396637
153,5541.643141,399210
154,5541.643141,401791
155,5541.643141,404378
156,5541.643141,406955
157,5541.643141,409529
158,5541.643141,412096
159,5541.643141,414677
160,5541.643141,417253
161,5541.643141,419830
162,5541.643141,422418
163,5541.643141,424991
164,5541.643141,427558
165,5541.643141,430143
166,5541.643141,432714
167,5541.643141,435290
168,5541.643141,437857
169,5541.643141,440437
170,5541.643141,443016
171,5541.643141,445587
172,5541.643141,448167
173,5541.643141,450730
174,5541.643141,453285
175,5541.643141,455838
176,5541.643141,458394
177,5541.643141,460959
178,5541.643141,463512
179,5541.643141,466077
180,5541.643141,468649
181,5541.643141,471203
182,5541.643141,473762
183,5541.643141,476332
184,5541.643141,478875
185,5541.643141,481411
186,5541.643141,483975
187,5541.643141,486490
188,5541.643141,489036
189,5541.643141,491594
190,5541.643141,494141
191,5541.643141,496687
192,5541.643141,499238
193,5541.643141,501792
194,5541.643141,504342
195,5541.643141,506894
196,5541.643141,509434
197,5541.643141,511981
198,5541.643141,514529
199,5541.643141,517091
200,5541.643141,519668
201,5541.643141,522241
202,5541.643141,524833
203,5541.643141,527434
204,5541.643141,530030
205,5541.643141,532613
206,5541.643141,535191
207,5541.643141,537774
208,5541.643141,540347
209,5541.643141,542909
210,5541.643141,545470
211,5541.643141,548031
212,5541.643141,550576
213,5541.643141,553155
214,5541.643141,555731
215,5541.643141,558294
216,5541.643141,560863
217,5541.643141,563450
218,5541.643141,566036
219,5541.643141,568619
220,5541.643141,571203
221,5541.643141,573789
222,5541.643141,576372
223,5541.643141,578955
224,5541.643141,581546
225,5541.643141,584139
226,5541.643141,586740
227,5541.643141,589329
228,5541.643141,591929
229,5541.643141,594518
230,5541.643141,597106
231,5541.643141,599693
232,5541.643141,602283
233,5541.643141,604871
234,5541.643141,607456
235,5541.643141,610017
236,5541.643141,612598
237,5541.643141,615174
238,5541.643141,617750
239,5541.643141,620323
240,5541.643141,622895
241,5541.643141,625465
242,5541.643141,628043
243,5541.643141,630627
244,5541.643141,633207
245,5541.643141,635810
246,5541.643141,638411
247,5541.643141,641016
248,5541.643141,643614
249,5541.643141,646208
250,5541.643141,648791
251,5541.643141,651381
252,5541.643141,653972
253,5541.643141,656580
254,5541.643141,659178
255,5541.643141,661757
256,5541.643141,664342
257,5541.643141,666906
258,5541.643141,669480
259,5541.643141,672063
260,5541.643141,674631
261,5541.643141,677197
262,5541.643141,679765
263,5541.643141,682333
264,5541.643141,684908
265,5541.643141,687488
266,5541.643141,690077
267,5541.643141,692660
268,5541.643141,695239
269,5541.643141,697813
270,5541.643141,700383
271,5541.643141,702949
272,5541.643141,705533
273,5541.643141,708121
274,5541.643141,710719
275,5541.643141,713314
276,5541.643141,715904
277,5541.643141,718494
278,5541.643141,721080
279,5541.643141,723668
280,5541.643141,726252
281,5541.643141,728834
282,5541.643141,731429
283,5541.643141,734010
284,5541.643141,736615
285,5541.643141,739210
286,5541.643141,741800
287,5541.643141,744384
5541.643141,3.802296
1,5544.939640,2376
2,5543.753028,5037
3,5542.260997,7698
4,5542.182136,10358
5,5542.182136,13019
6,5542.178395,15679
7,5542.177402,18338
8,5542.177402,20999
9,5542.177402,23655
10,5542.177402,26316
11,5542.177402,28976
12,5542.177402,31637
13,5542.177402,34298
14,5542.177402,36957
15,5542.177402,39618
16,5542.177402,42279
17,5541.937920,44940
18,5541.937920,47596
19,5541.937920,50254
20,5541.937920,52915
21,5541.937920,55576
22,5541.937920,58235
23,5541.937920,60896
24,5541.937920,63552
25,5541.937920,66212
26,5541.937920,68872
27,5541.937920,71528
28,5541.937920,74188
29,5541.937920,76848
30,5541.937920,79508
31,5541.937920,82164
32,5541.937920,84811
33,5541.937920,87456
34,5541.937920,90100
35,5541.937920,92741
36,5541.937920,95382
37,5541.829390,98021
38,5541.829390,100668
39,5541.829390,103319
40,5541.829390,105969
41,5541.829390,108620
42,5541.796107,111262
43,5541.796107,113912
44,5541.796107,116547
45,5541.796107,119191
46,5541.796107,121827
47,5541.796107,124466
48,5541.796107,127093
49,5541.796107,129721
50,5541.796107,132360
51,5541.796107,134985
52,5541.796107,137619
53,5541.796107,140243
54,5541.796107,142869
55,5541.796107,145489
56,5541.796107,148104
57,5541.796107,150740
58,5541.796107,153372
59,5541.796107,155998
60,5541.796107,158622
61,5541.796107,161229
62,5541.796107,163845
63,5541.647565,166461
64,5541.647565,169080
65,5541.647565,171700
66,5541.647565,174321
67,5541.647565,176943
68,5541.647565,179549
69,5541.647565,182159
70,5541.647565,184779
71,5541.647565,187387
72,5541.647565,190002
73,5541.647565,192605
74,5541.647565,195214
75,5541.647565,197826
76,5541.647565,200433
77,5541.647565,203032
78,5541.647565,205630
79,5541.647565,208234
80,5541.647565,210828
81,5541.647565,213426
82,5541.647565,216016
83,5541.647565,218606
84,5541.647565,221207
85,5541.647565,223787
86,5541.647565,226393
87,5541.647565,229003
88,5541.647565,231600
89,5541.647565,234203
90,5541.647565,236801
91,5541.647565,239414
92,5541.647565,242011
93,5541.647565,244589
94,5541.647565,247176
95,5541.647565,249766
96,5541.647565,252342
97,5541.647565,254929
98,5541.647565,257522
99,5541.647565,260101
100,5541.647565,262670
101,5541.647565,265230
102,5541.647565,267789
103,5541.647565,270358
104,5541.647565,272926
105,5541.647565,275512
106,5541.647565,278089
107,5541.647565,280666
108,5541.647565,283246
109,5541.647565,285829
110,5541.647565,288414
111,5541.647565,290997
112,5541.647565,293575
113,5541.647565,296153
114,5541.647565,298734
115,5541.647565,301322
116,5541.647565,303907
117,5541.647565,306498
118,5541.647565,309092
119,5541.647565,311680
120,5541.647565,314255
121,5541.647565,316813
122,5541.647565,319402
123,5541.647565,321997
124,5541.647565,324585
125,5541.647565,327172
126,5541.647565,329751
127,5541.647565,332307
128,5541.647565,334898
129,5541.647565,337483
130,5541.647565,340086
131,5541.647565,342713
132,5541.647565,345309
133,5541.647565,347916
134,5541.647565,350508
135,5541.647565,353103
136,5541.647565,355717
137,5541.647565,358326
138,5541.647565,360932
139,5541.647565,363554
140,5541.647565,366160
141,5541.647565,368760
142,5541.647565,371352
143,5541.647565,373954
144,5541.647565,376551
145,5541.647565,379139
146,5541.647565,381727
147,5541.647565,384321
148,5541.647565,386900
149,5541.647565,389487
150,5541.647565,392085
151,5541.647565,394686
152,5541.647565,397278
153,5541.647565,399864
154,5541.647565,402452
155,5541.647565,405032
156,5541.647565,407625
157,5541.647565,410215
158,5541.647565,412816
159,5541.647565,415418
160,5541.647565,418024
161,5541.647565,420618
162,5541.647565,423208
163,5541.647565,425797
164,5541.647565,428390
165,5541.647565,430986
166,5541.647565,433594
167,5541.647565,436196
168,5541.647565,438796
169,5541.647565,441403
170,5541.647565,444037
171,5541.647565,446661
172,5541.647565,449276
173,5541.647565,451896
174,5541.647565,454506
175,5541.647565,457121
176,5541.647565,459738
177,5541.647565,462358
178,5541.647565,464978
179,5541.647565,467591
180,5541.647565,470219
181,5541.647565,472833
182,5541.647565,475443
183,5541.647565,478049
184,5541.647565,480660
185,5541.647565,483278
186,5541.647565,485902
187,5541.647565,488515
188,5541.647565,491130
189,5541.647565,493736
190,5541.647565,496337
191,5541.647565,498941
192,5541.647565,501553
193,5541.647565,504157
194,5541.647565,506768
195,5541.647565,509369
196,5541.647565,511973
197,5541.647565,514577
198,5541.647565,517177
199,5541.647565,519789
200,5541.647565,522408
201,5541.647565,525013
202,5541.647565,527631
203,5541.647565,530254
204,5541.647565,532875
205,5541.647565,535494
206,5541.647565,538111
207,5541.647565,540734
208,5541.647565,543338
209,5541.647565,545938
210,5541.647565,548530
211,5541.647565,551135
212,5541.647565,553722
213,5541.647565,556323
214,5541.647565,558919
215,5541.647565,561525
216,5541.647565,564121
217,5541.647565,566727
218,5541.647565,569320
219,5541.647565,571916
220,5541.647565,574500
221,5541.647565,577092
222,5541.647565,579694
223,5541.647565,582299
224,5541.647565,584886
225,5541.647565,587488
226,5541.647565,590098
227,5541.647565,592716
228,5541.647565,595312
229,5541.647565,597906
230,5541.647565,600503
231,5541.647565,603083
232,5541.647565,605686
233,5541.647565,608294
234,5541.647565,610899
235,5541.647565,613514
236,5541.647565,616109
237,5541.647565,618734
238,5541.647565,621331
239,5541.647565,623935
240,5541.647565,626530
241,5541.647565,629137
242,5541.647565,631732
243,5541.647565,634334
244,5541.647565,636936
245,5541.647565,639537
246,5541.647565,642127
247,5541.647565,644717
248,5541.647565,647301
249,5541.647565,649885
250,5541.647565,652457
251,5541.647565,655037
252,5541.647565,657645
253,5541.647565,660248
254,5541.647565,662851
255,5541.647565,665443
256,5541.647565,668032
257,5541.647565,670624
258,5541.647565,673219
259,5541.647565,675810
260,5541.647565,678407
261,5541.647565,681014
262,5541.647565,683605
263,5541.647565,686196
264,5541.647565,688785
265,5541.647565,691374
266,5541.647565,693975
267,5541.647565,696563
268,5541.647565,699147
269,5541.647565,701736
270,5541.647565,704336
271,5541.647565,706940
272,5541.647565,709543
273,5541.647565,712153
274,5541.647565,714757
275,5541.647565,717377
276,5541.647565,719997
277,5541.647565,722607
278,5541.647565,725214
279,5541.647565,727811
280,5541.647565,730411
281,5541.647565,733020
282,5541.647565,735610
283,5541.647565,738198
284,5541.647565,740793
285,5541.647565,743378
286,5541.647565,745980
5541.647565,3.853112
1,5545.049749,2376
2,5545.049749,5034
3,5542.376638,7692
4,5542.186935,10350
5,5542.182136,13004
6,5542.178395,15662
7,5542.177402,18320
8,5542.177402,20976
9,5542.177402,23634
10,5542.177402,26291
11,5542.177402,28947
12,5542.177402,31602
13,5542.177402,34259
14,5542.177402,36916
15,5542.177402,39574
16,5542.177402,42232
17,5542.177402,44889
18,5542.017875,47543
19,5542.017875,50199
20,5542.017875,52857
21,5542.017875,55515
22,5542.017875,58171
23,5541.843181,60827
24,5541.843181,63485
25,5541.843181,66142
26,5541.843181,68799
27,5541.843181,71454
28,5541.843181,74107
29,5541.843181,76763
30,5541.843181,79420
31,5541.843181,82077
32,5541.843181,84735
33,5541.843181,87392
34,5541.843181,90049
35,5541.843181,92707
36,5541.843181,95363
37,5541.843181,98020
38,5541.843181,100676
39,5541.830576,103329
40,5541.830576,105986
41,5541.830576,108644
42,5541.830576,111297
43,5541.830576,113944
44,5541.830576,116591
45,5541.830576,119238
46,5541.830576,121882
47,5541.830576,124531
48,5541.830576,127175
49,5541.830576,129818
50,5541.830576,132468
51,5541.830576,135120
52,5541.830576,137770
53,5541.830576,140413
54,5541.830576,143060
55,5541.830576,145706
56,5541.830576,148351
57,5541.830576,150992
58,5541.830576,153630
59,5541.830576,156274
60,5541.830576,158917
61,5541.830576,161566
62,5541.830576,164209
63,5541.830576,166853
64,5541.830576,169508
65,5541.830576,172156
66,5541.830576,174798
67,5541.830576,177443
68,5541.830576,180085
69,5541.830576,182738
70,5541.830576,185388
71,5541.830576,188045
72,5541.830576,190700
73,5541.830576,193353
74,5541.830576,196006
75,5541.830576,198656
76,5541.830576,201312
77,5541.830576,203966
78,5541.830576,206624
79,5541.830576,209279
80,5541.830576,211929
81,5541.830576,214579
82,5541.830576,217229
83,5541.830576,219884
84,5541.830576,222534
85,5541.830576,225184
86,5541.830576,227829
87,5541.830576,230482
88,5541.830576,233129
89,5541.830576,235773
90,5541.830576,238417
91,5541.830576,241068
92,5541.830576,243723
93,5541.830576,246377
94,5541.830576,249023
95,5541.830576,251670
96,5541.830576,254320
97,5541.830576,256966
98,5541.830576,259619
99,5541.830576,262267
100,5541.830576,264917
101,5541.830576,267561
102,5541.830576,270199
103,5541.830576,272837
104,5541.830576,275492
105,5541.830576,278146
106,5541.830576,280792
107,5541.830576,283438
108,5541.830576,286096
109,5541.830576,288748
110,5541.830576,291397
111,5541.830576,294048
112,5541.830576,296698
113,5541.830576,299353
114,5541.830576,302006
115,5541.830576,304654
116,5541.830576,307289
117,5541.830576,309926
118,5541.830576,312558
119,5541.830576,315196
120,5541.830576,317838
121,5541.830576,320479
122,5541.754566,323119
123,5541.754566,325763
124,5541.754566,328406
125,5541.754566,331048
126,5541.754566,333697
127,5541.754566,336340
128,5541.754566,338986
129,5541.754566,341636
130,5541.754566,344276
131,5541.754566,346905
132,5541.754566,349539
133,5541.754566,352181
134,5541.754566,354821
135,5541.754566,357453
136,5541.754566,360091
137,5541.754566,362717
138,5541.754566,365344
139,5541.754566,367970
140,5541.754566,370599
141,5541.754566,373229
142,5541.754566,375848
143,5541.754566,378483
144,5541.754566,381114
145,5541.754566,383740
146,5541.754566,386358
147,5541.754566,388983
148,5541.754566,391609
149,5541.754566,394231
150,5541.754566,396865
151,5541.754566,399488
152,5541.754566,402117
153,5541.754566,404742
154,5541.754566,407377
155,5541.754566,410010
156,5541.754566,412638
157,5541.754566,415260
158,5541.754566,417887
159,5541.754566,420521
160,5541.754566,423148
161,5541.754566,425772
162,5541.754566,428391
163,5541.754566,431008
164,5541.754566,433627
165,5541.754566,436251
166,5541.754566,438878
167,5541.754566,441494
168,5541.754566,444099
169,5541.754566,446711
170,5541.754566,449313
171,5541.754566,451916
172,5541.754566,454518
173,5541.754566,457114
174,5541.754566,459706
175,5541.754566,462297
176,5541.754566,464892
177,5541.754566,467488
178,5541.754566,470091
179,5541.754566,472693
180,5541.754566,475322
181,5541.679102,477938
182,5541.679102,480553
183,5541.679102,483167
184,5541.679102,485779
185,5541.679102,488385
186,5541.679102,491005
187,5541.679102,493616
188,5541.679102,496237
189,5541.679102,498868
190,5541.679102,501499
191,5541.679102,504122
192,5541.679102,506741
193,5541.679102,509359
194,5541.679102,511982
195,5541.679102,514591
196,5541.679102,517206
197,5541.679102,519811
198,5541.679102,522413
199,5541.679102,525028
200,5541.679102,527661
201,5541.679102,530278
202,5541.679102,532907
203,5541.679102,535530
204,5541.679102,538146
205,5541.679102,540762
206,5541.679102,543385
207,5541.679102,546006
208,5541.679102,548615
209,5541.679102,551237
210,5541.679102,553855
211,5541.679102,556474
212,5541.679102,559082
213,5541.679102,561686
214,5541.679102,564295
215,5541.679102,566919
216,5541.679102,569538
217,5541.679102,572152
218,5541.679102,574768
219,5541.679102,577372
220,5541.679102,579982
221,5541.679102,582596
222,5541.679102,585192
223,5541.647565,587800
224,5541.647565,590413
225,5541.647565,593016
226,5541.647565,595621
227,5541.647565,598237
228,5541.647565,600855
229,5541.647565,603467
230,5541.647565,606076
231,5541.647565,608680
232,5541.647565,611296
233,5541.647565,613906
234,5541.647565,616523
235,5541.647565,619135
236,5541.647565,621744
237,5541.647565,624341
238,5541.647565,626942
239,5541.647565,629559
240,5541.647565,632179
241,5541.647565,634784
242,5541.647565,637392
243,5541.647565,640005
244,5541.647565,642590
245,5541.647565,645166
246,5541.647565,647753
247,5541.647565,650343
248,5541.647565,652919
249,5541.647565,655507
250,5541.647565,658084
251,5541.647565,660668
252,5541.647565,663248
253,5541.647565,665829
254,5541.647565,668422
255,5541.647565,671014
256,5541.647565,673598
257,5541.647565,676192
258,5541.647565,678769
259,5541.647565,681352
260,5541.647565,683938
261,5541.647565,686523
262,5541.647565,689106
263,5541.647565,691686
264,5541.647565,694275
265,5541.647565,696870
266,5541.647565,699468
267,5541.647565,702061
268,5541.647565,704642
269,5541.647565,707217
270,5541.647565,709801
271,5541.647565,712374
272,5541.647565,714956
273,5541.647565,717553
274,5541.647565,720158
275,5541.647565,722769
276,5541.647565,725358
277,5541.647565,727951
278,5541.647565,730552
279,5541.647565,733157
280,5541.647565,735744
281,5541.647565,738335
282,5541.647565,740926
283,5541.647565,743525
284,5541.647565,746124
5541.647565,3.829153
1,5543.836083,2376
2,5543.836083,5000
3,5542.182136,7624
4,5542.182136,10248
5,5542.182136,12871
6,5542.178395,15495
7,5542.126196,18118
8,5542.126196,20741
9,5542.126196,23364
10,5542.126196,25988
11,5542.126196,28611
12,5542.017875,31233
13,5542.017875,33857
14,5542.017875,36481
15,5542.017875,39105
16,5542.017875,41727
17,5542.017875,44351
18,5542.017875,46973
19,5542.017875,49597
20,5542.017875,52221
21,5542.017875,54840
22,5542.017875,57464
23,5542.017875,60087
24,5542.017875,62709
25,5542.017875,65331
26,5542.017875,67951
27,5542.017875,70574
28,5542.017875,73197
29,5542.017875,75819
30,5542.017875,78443
31,5542.017875,81066
32,5542.017875,83686
33,5542.017875,86309
34,5542.017875,88933
35,5542.017875,91555
36,5542.017875,94178
37,5542.017875,96800
38,5542.017875,99420
39,5542.017875,102042
40,5542.017875,104660
41,5542.017875,107271
42,5542.017875,109889
43,5542.017875,112509
44,5541.981627,115132
45,5541.981627,117750
46,5541.981627,120364
47,5541.981627,122977
48,5541.981627,125585
49,5541.981627,128191
50,5541.981627,130804
51,5541.981627,133415
52,5541.981627,136025
53,5541.981627,138643
54,5541.981627,141257
55,5541.981627,143869
56,5541.981627,146490
57,5541.796107,149106
58,5541.796107,151719
59,5541.796107,154333
60,5541.796107,156949
61,5541.700558,159559
62,5541.700558,162164
63,5541.700558,164781
64,5541.700558,167391
65,5541.700558,169998
66,5541.700558,172608
67,5541.700558,175220
68,5541.700558,177834
69,5541.700558,180451
70,5541.700558,183067
71,5541.700558,185679
72,5541.647565,188290
73,5541.647565,190903
74,5541.647565,193525
75,5541.647565,196145
76,5541.647565,198763
77,5541.647565,201380
78,5541.647565,203993
79,5541.647565,206609
80,5541.647565,209219
81,5541.647565,211836
82,5541.647565,214451
83,5541.647565,217065
84,5541.647565,219673
85,5541.647565,222290
86,5541.647565,224908
87,5541.647565,227522
88,5541.647565,230130
89,5541.647565,232747
90,5541.647565,235367
91,5541.647565,237979
92,5541.647565,240593
93,5541.647565,243211
94,5541.647565,245829
95,5541.647565,248447
96,5541.647565,251054
97,5541.647565,253665
98,5541.647565,256280
99,5541.647565,258896
100,5541.647565,261508
101,5541.647565,264119
102,5541.647565,266731
103,5541.647565,269338
104,5541.647565,271958
105,5541.647565,274571
106,5541.647565,277180
107,5541.647565,279787
108,5541.647565,282399
109,5541.647565,285010
110,5541.647565,287629
111,5541.647565,290247
112,5541.647565,292857
113,5541.647565,295464
114,5541.647565,298079
115,5541.647565,300693
116,5541.647565,303300
117,5541.647565,305909
118,5541.647565,308514
119,5541.647565,311119
120,5541.647565,313732
121,5541.647565,316340
122,5541.647565,318939
123,5541.647565,321544
124,5541.647565,324147
125,5541.647565,326743
126,5541.647565,329348
127,5541.647565,331951
128,5541.647565,334566
129,5541.647565,337175
130,5541.647565,339786
131,5541.647565,342401
132,5541.647565,345010
133,5541.647565,347614
134,5541.647565,350213
135,5541.647565,352820
136,5541.647565,355431
137,5541.647565,358029
138,5541.647565,360630
139,5541.647565,363236
140,5541.647565,365830
141,5541.647565,368414
142,5541.647565,371004
143,5541.647565,373594
144,5541.647565,376192
145,5541.647565,378790
146,5541.647565,381386
147,5541.647565,383986
148,5541.647565,386576
149,5541.647565,389169
150,5541.647565,391772
151,5541.647565,394378
152,5541.647565,396984
153,5541.647565,399580
154,5541.647565,402187
155,5541.647565,404793
156,5541.647565,407401
157,5541.647565,410011
158,5541.647565,412620
159,5541.647565,415237
160,5541.647565,417843
161,5541.647565,420441
162,5541.647565,423052
163,5541.647565,425653
164,5541.647565,428269
165,5541.647565,430881
166,5541.647565,433487
167,5541.647565,436106
168,5541.647565,438716
169,5541.647565,441330
170,5541.647565,443935
171,5541.647565,446539
172,5541.647565,449145
173,5541.647565,451748
174,5541.647565,454342
175,5541.647565,456933
176,5541.647565,459531
177,5541.647565,462116
178,5541.647565,464697
179,5541.647565,467285
180,5541.647565,469877
181,5541.647565,472477
182,5541.647565,475087
183,5541.647565,477697
184,5541.647565,480307
185,5541.647565,482909
186,5541.647565,485507
187,5541.647565,488096
188,5541.647565,490685
189,5541.647565,493282
190,5541.647565,495882
191,5541.647565,498488
192,5541.647565,501083
193,5541.647565,503681
194,5541.647565,506283
195,5541.647565,508879
196,5541.647565,511473
197,5541.647565,514073
198,5541.647565,516670
199,5541.647565,519266
200,5541.647565,521866
201,5541.647565,524459
202,5541.647565,527052
203,5541.643141,529645
204,5541.643141,532238
205,5541.643141,534834
206,5541.643141,537426
207,5541.643141,540012
208,5541.643141,542608
209,5541.643141,545213
210,5541.643141,547816
211,5541.643141,550408
212,5541.643141,553013
213,5541.643141,555628
214,5541.643141,558227
215,5541.643141,560821
216,5541.643141,563430
217,5541.643141,566036
218,5541.643141,568637
219,5541.643141,571233
220,5541.643141,573833
221,5541.643141,576440
222,5541.643141,579035
223,5541.643141,581628
224,5541.643141,584209
225,5541.643141,586787
226,5541.643141,589379
227,5541.643141,591976
228,5541.643141,594573
229,5541.643141,597167
230,5541.643141,599760
231,5541.643141,602346
232,5541.643141,604933
233,5541.643141,607524
234,5541.643141,610122
235,5541.643141,612721
236,5541.643141,615322
237,5541.643141,617909
238,5541.643141,620501
239,5541.643141,623097
240,5541.643141,625685
241,5541.643141,628275
242,5541.643141,630863
243,5541.643141,633449
244,5541.643141,636040
245,5541.643141,638643
246,5541.643141,641222
247,5541.643141,643821
248,5541.643141,646411
249,5541.643141,648996
250,5541.643141,651598
251,5541.643141,654197
252,5541.643141,656810
253,5541.643141,659423
254,5541.643141,662032
255,5541.643141,664638
256,5541.643141,667250
257,5541.643141,669856
258,5541.643141,672464
259,5541.643141,675072
260,5541.643141,677691
261,5541.643141,680294
262,5541.643141,682888
263,5541.643141,685480
264,5541.643141,688077
265,5541.643141,690673
266,5541.643141,693283
267,5541.643141,695884
268,5541.643141,698466
269,5541.643141,701059
270,5541.643141,703660
271,5541.643141,706254
272,5541.643141,708854
273,5541.643141,711447
274,5541.643141,714033
275,5541.643141,716618
276,5541.643141,719209
277,5541.643141,721789
278,5541.643141,724376
279,5541.643141,726959
280,5541.643141,729537
281,5541.643141,732116
282,5541.643141,734702
283,5541.643141,737278
284,5541.643141,739862
285,5541.643141,742464
286,5541.643141,745068
5541.643141,3.869285
1,5543.869397,2376
2,5543.869397,5023
3,5542.625693,7670
4,5542.397579,10317
5,5542.397579,12963
6,5542.182136,15610
7,5542.182136,18256
8,5542.178395,20903
9,5542.178395,23548
10,5542.178395,26193
11,5542.178395,28839
12,5542.178395,31484
13,5542.178395,34131
14,5542.178395,36778
15,5542.178395,39425
16,5542.178395,42071
17,5542.178395,44718
18,5542.178395,47363
19,5542.178395,50009
20,5542.178395,52653
21,5542.178395,55298
22,5542.178395,57944
23,5542.178395,60591
24,5542.178395,63238
25,5541.950868,65885
26,5541.950868,68528
27,5541.950868,71174
28,5541.943105,73819
29,5541.943105,76464
30,5541.943105,79109
31,5541.943105,81755
32,5541.943105,84399
33,5541.943105,87044
34,5541.943105,89688
35,5541.943105,92329
36,5541.943105,94975
37,5541.943105,97618
38,5541.943105,100263
39,5541.943105,102910
40,5541.943105,105556
41,5541.943105,108201
42,5541.943105,110842
43,5541.943105,113481
44,5541.943105,116127
45,5541.943105,118772
46,5541.943105,121416
47,5541.943105,124060
48,5541.943105,126705
49,5541.943105,129346
50,5541.943105,131986
51,5541.943105,134618
52,5541.943105,137256
53,5541.943105,139895
54,5541.943105,142540
55,5541.943105,145182
56,5541.943105,147824
57,5541.943105,150465
58,5541.943105,153107
59,5541.943105,155749
60,5541.943105,158389
61,5541.943105,161027
62,5541.943105,163668
63,5541.943105,166306
64,5541.943105,168946
65,5541.943105,171588
66,5541.943105,174230
67,5541.943105,176871
68,5541.943105,179509
69,5541.943105,182150
70,5541.943105,184793
71,5541.943105,187436
72,5541.943105,190076
73,5541.943105,192717
74,5541.943105,195354
75,5541.943105,197999
76,5541.679102,200639
77,5541.679102,203275
78,5541.679102,205905
79,5541.679102,208539
80,5541.647565,211175
81,5541.647565,213815
82,5541.647565,216457
83,5541.647565,219100
84,5541.647565,221739
85,5541.647565,224375
86,5541.647565,227013
87,5541.647565,229644
88,5541.647565,232277
89,5541.647565,234904
90,5541.647565,237535
91,5541.647565,240160
92,5541.647565,242793
93,5541.647565,245425
94,5541.647565,248057
95,5541.647565,250683
96,5541.643141,253310
97,5541.643141,255938
98,5541.643141,258573
99,5541.643141,261209
100,5541.643141,263848
101,5541.643141,266484
102,5541.643141,269121
103,5541.643141,271767
104,5541.643141,274408
105,5541.643141,277034
106,5541.643141,279659
107,5541.643141,282293
108,5541.643141,284918
109,5541.643141,287550
110,5541.643141,290173
111,5541.643141,292784
112,5541.643141,295399
113,5541.643141,298010
114,5541.643141,300622
115,5541.643141,303242
116,5541.643141,305857
117,5541.643141,308472
118,5541.643141,311092
119,5541.643141,313703
120,5541.643141,316322
121,5541.643141,318953
122,5541.643141,321594
123,5541.643141,324232
124,5541.643141,326856
125,5541.643141,329475
126,5541.643141,332112
127,5541.643141,334746
128,5541.643141,337379
129,5541.643141,340020
130,5541.643141,342659
131,5541.643141,345295
132,5541.643141,347926
133,5541.643141,350550
134,5541.643141,353164
135,5541.643141,355790
136,5541.643141,358398
137,5541.643141,361007
138,5541.643141,363616
139,5541.643141,366225
140,5541.643141,368848
141,5541.643141,371454
142,5541.643141,374049
143,5541.643141,376657
144,5541.643141,379267
145,5541.643141,381870
146,5541.643141,384480
147,5541.643141,387089
148,5541.643141,389695
149,5541.643141,392289
150,5541.643141,394869
151,5541.643141,397457
152,5541.643141,400039
153,5541.643141,402629
154,5541.643141,405244
155,5541.643141,407857
156,5541.643141,410456
157,5541.643141,413069
158,5541.643141,415682
159,5541.643141,418294
160,5541.643141,420890
161,5541.643141,423493
162,5541.643141,426115
163,5541.643141,428721
164,5541.643141,431321
165,5541.643141,433932
166,5541.643141,436544
167,5541.643141,439161
168,5541.643141,441769
169,5541.643141,444385
170,5541.643141,447000
171,5541.643141,449618
172,5541.643141,452233
173,5541.643141,454840
174,5541.643141,457452
175,5541.643141,460066
176,5541.643141,462673
177,5541.643141,465281
178,5541.643141,467886
179,5541.643141,470505
180,5541.643141,473123
181,5541.643141,475741
182,5541.643141,478344
183,5541.643141,480960
184,5541.643141,483580
185,5541.643141,486198
186,5541.643141,488816
187,5541.643141,491429
188,5541.643141,494031
189,5541.643141,496633
190,5541.643141,499240
191,5541.643141,501847
192,5541.643141,504462
193,5541.643141,507071
194,5541.643141,509676
195,5541.643141,512281
196,5541.643141,514878
197,5541.643141,517457
198,5541.643141,520047
199,5541.643141,522631
200,5541.643141,525221
201,5541.643141,527815
202,5541.643141,530412
203,5541.643141,533005
204,5541.643141,535601
205,5541.643141,538214
206,5541.643141,540816
207,5541.643141,543429
208,5541.643141,546038
209,5541.643141,548657
210,5541.643141,551264
211,5541.643141,553867
212,5541.643141,556473
213,5541.643141,559066
214,5541.643141,561667
215,5541.643141,564273
216,5541.643141,566881
217,5541.643141,569497
218,5541.643141,572115
219,5541.643141,574728
220,5541.643141,577350
221,5541.643141,579973
222,5541.643141,582588
223,5541.643141,585199
224,5541.643141,587821
225,5541.643141,590443
226,5541.643141,593065
227,5541.643141,595687
228,5541.643141,598298
229,5541.643141,600906
230,5541.643141,603531
231,5541.643141,606157
232,5541.643141,608765
233,5541.643141,611382
234,5541.643141,614004
235,5541.643141,616609
236,5541.643141,619230
237,5541.643141,621844
238,5541.643141,624465
239,5541.643141,627080
240,5541.643141,629694
241,5541.643141,632310
242,5541.643141,634931
243,5541.643141,637561
244,5541.643141,640188
245,5541.643141,642817
246,5541.643141,645460
247,5541.643141,648099
248,5541.643141,650736
249,5541.643141,653374
250,5541.643141,656008
251,5541.643141,658639
252,5541.643141,661274
253,5541.643141,663892
254,5541.643141,666513
255,5541.643141,669132
256,5541.643141,671750
257,5541.643141,674356
258,5541.643141,676972
259,5541.643141,679586
260,5541.643141,682202
261,5541.643141,684818
262,5541.643141,687433
263,5541.643141,690041
264,5541.643141,692663
265,5541.643141,695278
266,5541.643141,697893
267,5541.643141,700512
268,5541.643141,703132
269,5541.643141,705766
270,5541.643141,708392
271,5541.643141,711012
272,5541.643141,713629
273,5541.643141,716253
274,5541.643141,718892
275,5541.643141,721528
276,5541.643141,724163
277,5541.643141,726788
278,5541.643141,729414
279,5541.643141,732039
280,5541.643141,734665
281,5541.643141,737291
282,5541.643141,739921
283,5541.643141,742548
284,5541.643141,745169
5541.643141,3.824339
1,5542.632458,2376
2,5542.457463,5001
3,5542.445574,7626
4,5542.182136,10250
5,5542.182136,12875
6,5542.182136,15499
7,5542.133508,18124
8,5542.133508,20749
9,5542.133508,23374
10,5542.133508,25999
11,5541.989594,28622
12,5541.979841,31247
13,5541.979841,33871
14,5541.979841,36496
15,5541.979841,39121
16,5541.979841,41745
17,5541.929235,44369
18,5541.929235,46993
19,5541.929235,49617
20,5541.929235,52242
21,5541.929235,54867
22,5541.929235,57492
23,5541.929235,60117
24,5541.929235,62741
25,5541.830576,65363
26,5541.830576,67987
27,5541.830576,70611
28,5541.830576,73236
29,5541.830576,75860
30,5541.830576,78484
31,5541.830576,81108
32,5541.830576,83733
33,5541.830576,86358
34,5541.830576,88982
35,5541.830576,91607
36,5541.830576,94230
37,5541.754566,96855
38,5541.754566,99480
39,5541.754566,102104
40,5541.754566,104728
41,5541.754566,107353
42,5541.754566,109977
43,5541.754566,112600
44,5541.754566,115223
45,5541.754566,117847
46,5541.735094,120468
47,5541.735094,123091
48,5541.735094,125713
49,5541.735094,128337
50,5541.735094,130960
51,5541.721091,133584
52,5541.721091,136209
53,5541.721091,138834
54,5541.721091,141457
55,5541.721091,144080
56,5541.721091,146702
57,5541.721091,149325
58,5541.721091,151945
59,5541.721091,154565
60,5541.721091,157185
61,5541.721091,159805
62,5541.721091,162426
63,5541.721091,165050
64,5541.721091,167675
65,5541.721091,170292
66,5541.721091,172913
67,5541.721091,175534
68,5541.721091,178156
69,5541.721091,180773
70,5541.721091,183390
71,5541.721091,186009
72,5541.721091,188628
73,5541.721091,191244
74,5541.721091,193863
75,5541.721091,196479
76,5541.721091,199096
77,5541.721091,201704
78,5541.721091,204323
79,5541.721091,206937
80,5541.721091,209552
81,5541.721091,212165
82,5541.721091,214785
83,5541.721091,217405
84,5541.721091,220022
85,5541.688575,222644
86,5541.688575,225252
87,5541.688575,227868
88,5541.688575,230479
89,5541.688575,233096
90,5541.688575,235719
91,5541.688575,238337
92,5541.688575,240953
93,5541.688575,243562
94,5541.688575,246184
95,5541.647565,248805
96,5541.647565,251425
97,5541.647565,254042
98,5541.647565,256654
99,5541.647565,259266
100,5541.647565,261875
101,5541.647565,264487
102,5541.647565,267099
103,5541.647565,269717
104,5541.647565,272335
105,5541.647565,274953
106,5541.647565,277565
107,5541.647565,280185
108,5541.647565,282794
109,5541.647565,285403
110,5541.647565,288014
111,5541.647565,290629
112,5541.647565,293243
113,5541.647565,295865
114,5541.647565,298477
115,5541.647565,301090
116,5541.647565,303708
117,5541.647565,306320
118,5541.647565,308923
119,5541.647565,311529
120,5541.647565,314130
121,5541.647565,316738
122,5541.647565,319336
123,5541.647565,321943
124,5541.647565,324556
125,5541.647565,327165
126,5541.647565,329776
127,5541.647565,332393
128,5541.647565,335002
129,5541.647565,337620
130,5541.647565,340232
131,5541.647565,342849
132,5541.647565,345456
133,5541.647565,348057
134,5541.647565,350654
135,5541.647565,353251
136,5541.647565,355854
137,5541.647565,358448
138,5541.643141,361051
139,5541.643141,363635
140,5541.643141,366226
141,5541.643141,368823
142,5541.643141,371428
143,5541.643141,374018
144,5541.643141,376618
145,5541.643141,379204
146,5541.643141,381798
147,5541.643141,384382
148,5541.643141,386960
149,5541.643141,389557
150,5541.643141,392152
151,5541.643141,394760
152,5541.643141,397357
153,5541.643141,399964
154,5541.643141,402573
155,5541.643141,405173
156,5541.643141,407775
157,5541.643141,410372
158,5541.643141,412966
159,5541.643141,415557
160,5541.643141,418144
161,5541.643141,420733
162,5541.643141,423323
163,5541.643141,425917
164,5541.643141,428507
165,5541.643141,431091
166,5541.643141,433677
167,5541.643141,436259
168,5541.643141,438846
169,5541.643141,441430
170,5541.643141,444006
171,5541.643141,446593
172,5541.643141,449168
173,5541.643141,451754
174,5541.643141,454350
175,5541.643141,456946
176,5541.643141,459544
177,5541.643141,462145
178,5541.643141,464745
179,5541.643141,467340
180,5541.643141,469930
181,5541.643141,472503
182,5541.643141,475083
183,5541.643141,477654
184,5541.643141,480221
185,5541.643141,482778
186,5541.643141,485343
187,5541.643141,487884
188,5541.643141,490422
189,5541.643141,492957
190,5541.643141,495499
191,5541.643141,498041
192,5541.643141,500581
193,5541.643141,503136
194,5541.643141,505698
195,5541.643141,508266
196,5541.643141,510825
197,5541.643141,513378
198,5541.643141,515944
199,5541.643141,518504
200,5541.643141,521072
201,5541.643141,523625
202,5541.643141,526187
203,5541.643141,528755
204,5541.643141,531301
205,5541.643141,533852
206,5541.643141,536421
207,5541.643141,538986
208,5541.643141,541555
209,5541.643141,544120
210,5541.643141,546691
211,5541.643141,549256
212,5541.643141,551797
213,5541.643141,554353
214,5541.643141,556901
215,5541.643141,559442
216,5541.643141,561982
217,5541.643141,564528
218,5541.643141,567078
219,5541.643141,569618
220,5541.643141,572170
221,5541.643141,574705
222,5541.643141,577248
223,5541.643141,579792
224,5541.643141,582332
225,5541.643141,584869
226,5541.643141,587412
227,5541.643141,589948
228,5541.643141,592497
229,5541.643141,595027
230,5541.643141,597576
231,5541.643141,600116
232,5541.643141,602652
233,5541.643141,605208
234,5541.643141,607762
235,5541.643141,610329
236,5541.643141,612893
237,5541.643141,615467
238,5541.643141,618029
239,5541.643141,620582
240,5541.643141,623131
241,5541.643141,625680
242,5541.643141,628213
243,5541.643141,630746
244,5541.643141,633287
245,5541.643141,635833
246,5541.643141,638363
247,5541.643141,640888
248,5541.643141,643399
249,5541.643141,645917
250,5541.643141,648437
251,5541.643141,650966
252,5541.643141,653487
253,5541.643141,656011
254,5541.643141,658559
255,5541.643141,661127
256,5541.643141,663682
257,5541.643141,666239
258,5541.643141,668795
259,5541.643141,671350
260,5541.643141,673907
261,5541.643141,676463
262,5541.643141,679027
263,5541.643141,681577
264,5541.643141,684130
265,5541.643141,686699
266,5541.643141,689272
267,5541.643141,691825
268,5541.643141,694382
269,5541.643141,696928
270,5541.643141,699491
271,5541.643141,702058
272,5541.643141,704611
273,5541.643141,707162
274,5541.643141,709707
275,5541.643141,712260
276,5541.643141,714809
277,5541.643141,717379
278,5541.643141,719945
279,5541.643141,722497
280,5541.643141,725042
281,5541.643141,727611
282,5541.643141,730166
283,5541.643141,732724
284,5541.643141,735278
285,5541.643141,737835
286,5541.643141,740386
287,5541.643141,742961
288,5541.643141,745545
5541.643141,3.835570
1,5544.217868,2376
2,5542.665482,5002
3,5542.182136,7628
4,5542.182136,10254
5,5542.182136,12879
6,5542.182136,15505
7,5542.182136,18131
8,5542.182136,20757
9,5542.182136,23382
10,5542.178395,26006
11,5542.178395,28632
12,5542.178395,31258
13,5542.178395,33883
14,5542.178395,36507
15,5542.126196,39133
16,5542.126196,41759
17,5542.126196,44383
18,5542.126196,47009
19,5542.126196,49633
20,5542.126196,52258
21,5542.126196,54882
22,5542.126196,57505
23,5542.099083,60131
24,5542.099083,62756
25,5542.072571,65381
26,5542.072571,68007
27,5542.006459,70633
28,5542.006459,73258
29,5542.006459,75884
30,5542.006459,78506
31,5542.006459,81131
32,5542.006459,83756
33,5542.006459,86382
34,5542.006459,89007
35,5542.006459,91633
36,5541.929235,94259
37,5541.929235,96882
38,5541.929235,99508
39,5541.929235,102132
40,5541.929235,104758
41,5541.929235,107384
42,5541.929235,110009
43,5541.929235,112635
44,5541.929235,115259
45,5541.929235,117885
46,5541.929235,120510
47,5541.929235,123136
48,5541.929235,125761
49,5541.929235,128387
50,5541.929235,131010
51,5541.929235,133626
52,5541.798213,136246
53,5541.798213,138863
54,5541.798213,141481
55,5541.798213,144101
56,5541.798213,146724
57,5541.798213,149347
58,5541.798213,151972
59,5541.798213,154597
60,5541.798213,157223
61,5541.798213,159847
62,5541.798213,162471
63,5541.798213,165095
64,5541.798213,167720
65,5541.798213,170341
66,5541.798213,172966
67,5541.798213,175589
68,5541.798213,178214
69,5541.798213,180839
70,5541.798213,183463
71,5541.798213,186088
72,5541.798213,188708
73,5541.798213,191332
74,5541.798213,193950
75,5541.798213,196570
76,5541.798213,199187
77,5541.798213,201805
78,5541.798213,204428
79,5541.798213,207051
80,5541.798213,209669
81,5541.798213,212289
82,5541.798213,214903
83,5541.798213,217521
84,5541.798213,220135
85,5541.798213,222754
86,5541.798213,225374
87,5541.798213,227995
88,5541.798213,230614
89,5541.798213,233232
90,5541.798213,235853
91,5541.798213,238472
92,5541.798213,241091
93,5541.798213,243709
94,5541.798213,246327
95,5541.798213,248947
96,5541.798213,251565
97,5541.798213,254184
98,5541.735094,256798
99,5541.735094,259415
100,5541.735094,262031
101,5541.735094,264650
102,5541.735094,267264
103,5541.735094,269876
104,5541.735094,272487
105,5541.735094,275096
106,5541.735094,277717
107,5541.735094,280338
108,5541.735094,282957
109,5541.735094,285576
110,5541.735094,288194
111,5541.735094,290816
112,5541.735094,293438
113,5541.735094,296060
114,5541.735094,298677
115,5541.735094,301297
116,5541.735094,303918
117,5541.735094,306540
118,5541.735094,309153
119,5541.735094,311771
120,5541.735094,314393
121,5541.735094,317013
122,5541.735094,319636
123,5541.735094,322258
124,5541.735094,324876
125,5541.735094,327491
126,5541.735094,330110
127,5541.735094,332723
128,5541.735094,335342
129,5541.735094,337951
130,5541.735094,340555
131,5541.735094,343159
132,5541.735094,345763
133,5541.735094,348369
134,5541.735094,350969
135,5541.735094,353572
136,5541.735094,356175
137,5541.735094,358776
138,5541.735094,361385
139,5541.735094,363986
140,5541.735094,366586
141,5541.735094,369177
142,5541.735094,371773
143,5541.735094,374378
144,5541.735094,376992
145,5541.735094,379605
146,5541.735094,382222
147,5541.735094,384833
148,5541.735094,387449
149,5541.735094,390066
150,5541.735094,392683
151,5541.735094,395295
152,5541.735094,397890
153,5541.735094,400495
154,5541.735094,403099
155,5541.735094,405691
156,5541.735094,408291
157,5541.735094,410888
158,5541.735094,413496
159,5541.735094,416100
160,5541.735094,418710
161,5541.735094,421313
162,5541.735094,423913
163,5541.735094,426519
164,5541.735094,429127
165,5541.735094,431741
166,5541.735094,434350
167,5541.647565,436964
168,5541.647565,439576
169,5541.647565,442190
170,5541.647565,444800
171,5541.647565,447412
172,5541.647565,450026
173,5541.647565,452641
174,5541.647565,455257
175,5541.647565,457871
176,5541.647565,460495
177,5541.647565,463114
178,5541.647565,465734
179,5541.647565,468350
180,5541.647565,470969
181,5541.647565,473589
182,5541.647565,476204
183,5541.647565,478826
184,5541.647565,481443
185,5541.647565,484051
186,5541.647565,486663
187,5541.647565,489275
188,5541.647565,491887
189,5541.647565,494499
190,5541.647565,497110
191,5541.647565,499723
192,5541.647565,502332
193,5541.647565,504937
194,5541.647565,507562
195,5541.647565,510171
196,5541.647565,512777
197,5541.647565,515390
198,5541.647565,518014
199,5541.647565,520633
200,5541.647565,523253
201,5541.647565,525871
202,5541.647565,528485
203,5541.647565,531102
204,5541.647565,533711
205,5541.647565,536324
206,5541.647565,538947
207,5541.647565,541565
208,5541.647565,544184
209,5541.647565,546801
210,5541.647565,549426
211,5541.647565,552050
212,5541.647565,554668
213,5541.647565,557290
214,5541.647565,559906
215,5541.647565,562518
216,5541.647565,565139
217,5541.647565,567760
218,5541.647565,570377
219,5541.647565,572994
220,5541.647565,575602
221,5541.647565,578212
222,5541.647565,580822
223,5541.647565,583436
224,5541.647565,586048
225,5541.647565,588662
226,5541.647565,591275
227,5541.647565,593886
228,5541.647565,596504
229,5541.647565,599112
230,5541.647565,601723
231,5541.647565,604339
232,5541.647565,606948
233,5541.647565,609565
234,5541.647565,612180
235,5541.647565,614796
236,5541.647565,617414
237,5541.647565,620030
238,5541.647565,622642
239,5541.647565,625259
240,5541.647565,627872
241,5541.647565,630484
242,5541.647565,633097
243,5541.647565,635706
244,5541.647565,638318
245,5541.647565,640930
246,5541.647565,643544
247,5541.647565,646147
248,5541.647565,648761
249,5541.647565,651363
250,5541.647565,653967
251,5541.647565,656573
252,5541.647565,659168
253,5541.647565,661758
254,5541.647565,664343
255,5541.647565,666930
256,5541.647565,669529
257,5541.647565,672131
258,5541.647565,674725
259,5541.647565,677325
260,5541.647565,679922
261,5541.647565,682521
262,5541.647565,685119
263,5541.647565,687731
264,5541.647565,690327
265,5541.647565,692918
266,5541.647565,695506
267,5541.647565,698104
268,5541.647565,700695
269,5541.647565,703290
270,5541.647565,705889
271,5541.647565,708498
272,5541.647565,711101
273,5541.647565,713708
274,5541.647565,716315
275,5541.647565,718925
276,5541.647565,721541
277,5541.647565,724153
278,5541.647565,726758
279,5541.647565,729370
280,5541.647565,731977
281,5541.647565,734582
282,5541.647565,737187
283,5541.647565,739790
284,5541.647565,742391
285,5541.647565,745005
5541.647565,3.810011
1,5543.487772,2376
2,5543.298460,5008
3,5542.522991,7640
4,5542.522991,10272
5,5542.445574,12904
6,5542.182136,15536
7,5542.182136,18168
8,5542.182136,20800
9,5542.178395,23432
10,5542.107408,26064
11,5542.017875,28694
12,5542.017875,31324
13,5542.006459,33956
14,5542.006459,36586
15,5542.006459,39217
16,5542.006459,41848
17,5542.006459,44479
18,5542.006459,47111
19,5542.006459,49740
20,5542.006459,52372
21,5541.981627,55003
22,5541.981627,57634
23,5541.981627,60265
24,5541.929235,62897
25,5541.929235,65529
26,5541.929235,68157
27,5541.929235,70788
28,5541.929235,73413
29,5541.929235,76042
30,5541.929235,78669
31,5541.929235,81297
32,5541.929235,83927
33,5541.929235,86557
34,5541.929235,89185
35,5541.929235,91816
36,5541.929235,94446
37,5541.929235,97077
38,5541.929235,99707
39,5541.929235,102337
40,5541.929235,104967
41,5541.929235,107598
42,5541.929235,110228
43,5541.929235,112858
44,5541.929235,115489
45,5541.929235,118119
46,5541.780297,120750
47,5541.780297,123381
48,5541.780297,126012
49,5541.780297,128643
50,5541.780297,131274
51,5541.780297,133905
52,5541.780297,136537
53,5541.700558,139169
54,5541.700558,141799
55,5541.700558,144430
56,5541.700558,147062
57,5541.700558,149694
58,5541.700558,152326
59,5541.700558,154957
60,5541.700558,157588
61,5541.700558,160220
62,5541.700558,162852
63,5541.700558,165481
64,5541.700558,168113
65,5541.700558,170743
66,5541.700558,173371
67,5541.700558,176000
68,5541.700558,178628
69,5541.700558,181254
70,5541.700558,183881
71,5541.700558,186510
72,5541.700558,189139
73,5541.700558,191770
74,5541.700558,194399
75,5541.700558,197031
76,5541.700558,199662
77,5541.647565,202286
78,5541.647565,204911
79,5541.647565,207539
80,5541.647565,210168
81,5541.647565,212794
82,5541.647565,215417
83,5541.647565,218040
84,5541.647565,220665
85,5541.647565,223294
86,5541.647565,225920
87,5541.647565,228542
88,5541.647565,231173
89,5541.647565,233802
90,5541.647565,236432
91,5541.647565,239060
92,5541.647565,241689
93,5541.647565,244321
94,5541.647565,246953
95,5541.647565,249581
96,5541.647565,252203
97,5541.647565,254830
98,5541.647565,257456
99,5541.647565,260081
100,5541.647565,262707
101,5541.647565,265324
102,5541.647565,267949
103,5541.647565,270565
104,5541.647565,273180
105,5541.647565,275807
106,5541.647565,278438
107,5541.647565,281061
108,5541.647565,283683
109,5541.647565,286310
110,5541.647565,288937
111,5541.647565,291564
112,5541.647565,294187
113,5541.647565,296814
114,5541.647565,299437
115,5541.647565,302067
116,5541.647565,304697
117,5541.647565,307320
118,5541.647565,309945
119,5541.647565,312569
120,5541.647565,315184
121,5541.647565,317806
122,5541.643141,320420
123,5541.643141,323039
124,5541.643141,325653
125,5541.643141,328265
126,5541.643141,330874
127,5541.643141,333495
128,5541.643141,336110
129,5541.643141,338727
130,5541.643141,341342
131,5541.643141,343970
132,5541.643141,346597
133,5541.643141,349224
134,5541.643141,351854
135,5541.643141,354479
136,5541.643141,357101
137,5541.643141,359726
138,5541.643141,362353
139,5541.643141,364978
140,5541.643141,367599
141,5541.643141,370215
142,5541.643141,372835
143,5541.643141,375452
144,5541.643141,378077
145,5541.643141,380700
146,5541.643141,383326
147,5541.643141,385949
148,5541.643141,388575
149,5541.643141,391198
150,5541.643141,393824
151,5541.643141,396447
152,5541.643141,399073
153,5541.643141,401696
154,5541.643141,404322
155,5541.643141,406946
156,5541.643141,409570
157,5541.643141,412191
158,5541.643141,414817
159,5541.643141,417445
160,5541.643141,420071
161,5541.643141,422697
162,5541.643141,425323
163,5541.643141,427951
164,5541.643141,430576
165,5541.643141,433197
166,5541.643141,435826
167,5541.643141,438458
168,5541.643141,441082
169,5541.643141,443708
170,5541.643141,446325
171,5541.643141,448950
172,5541.643141,451579
173,5541.643141,454210
174,5541.643141,456835
175,5541.643141,459466
176,5541.643141,462089
177,5541.643141,464709
178,5541.643141,467328
179,5541.643141,469952
180,5541.643141,472571
181,5541.643141,475193
182,5541.643141,477802
183,5541.643141,480413
184,5541.643141,483029
185,5541.643141,485640
186,5541.643141,488258
187,5541.643141,490875
188,5541.643141,493497
189,5541.643141,496117
190,5541.643141,498730
191,5541.643141,501351
192,5541.643141,503972
193,5541.643141,506598
194,5541.643141,509225
195,5541.643141,511840
196,5541.643141,514456
197,5541.643141,517061
198,5541.643141,519677
199,5541.643141,522283
200,5541.643141,524900
201,5541.643141,527520
202,5541.643141,530129
203,5541.643141,532748
204,5541.643141,535361
205,5541.643141,537972
206,5541.643141,540575
207,5541.643141,543187
208,5541.643141,545800
209,5541.643141,548401
210,5541.643141,550999
211,5541.643141,553602
212,5541.643141,556194
213,5541.643141,558790
214,5541.643141,561387
215,5541.643141,563986
216,5541.643141,566576
217,5541.643141,569158
218,5541.643141,571749
219,5541.643141,574343
220,5541.643141,576930
221,5541.643141,579515
222,5541.643141,582101
223,5541.643141,584701
224,5541.643141,587298
225,5541.643141,589895
226,5541.643141,592484
227,5541.643141,595077
228,5541.643141,597669
229,5541.643141,600259
230,5541.643141,602861
231,5541.643141,605459
232,5541.643141,608056
233,5541.643141,610669
234,5541.643141,613284
235,5541.643141,615905
236,5541.643141,618522
237,5541.643141,621140
238,5541.643141,623752
239,5541.643141,626358
240,5541.643141,628961
241,5541.643141,631562
242,5541.643141,634173
243,5541.643141,636781
244,5541.643141,639398
245,5541.643141,642011
246,5541.643141,644616
247,5541.643141,647210
248,5541.643141,649802
249,5541.643141,652404
250,5541.643141,655015
251,5541.643141,657621
252,5541.643141,660225
253,5541.643141,662842
254,5541.643141,665454
255,5541.643141,668060
256,5541.643141,670668
257,5541.643141,673276
258,5541.643141,675895
259,5541.643141,678514
260,5541.643141,681127
261,5541.643141,683739
262,5541.643141,686352
263,5541.643141,688952
264,5541.643141,691546
265,5541.643141,694151
266,5541.643141,696767
267,5541.643141,699372
268,5541.643141,701975
269,5541.643141,704577
270,5541.643141,707165
271,5541.643141,709759
272,5541.643141,712364
273,5541.643141,714985
274,5541.643141,717596
275,5541.643141,720197
276,5541.643141,722798
277,5541.643141,725401
278,5541.643141,728001
279,5541.643141,730600
280,5541.643141,733185
281,5541.643141,735765
282,5541.643141,738343
283,5541.643141,740919
284,5541.643141,743506
285,5541.643141,746098
5541.643141,3.882606
1,5544.594802,2376
2,5542.826257,5035
3,5542.655376,7694
4,5542.182136,10353
5,5542.182136,13011
6,5542.182136,15670
7,5542.182136,18328
8,5542.182136,20985
9,5542.182136,23641
10,5542.178395,26299
11,5542.178395,28958
12,5542.178395,31617
13,5542.178395,34276
14,5542.178395,36935
15,5542.178395,39592
16,5542.178395,42248
17,5542.178395,44907
18,5542.178395,47566
19,5542.178395,50224
20,5542.178395,52881
21,5542.178395,55538
22,5542.072571,58194
23,5542.072571,60850
24,5542.072571,63504
25,5542.072571,66157
26,5542.072571,68814
27,5542.072571,71464
28,5542.072571,74114
29,5541.981627,76762
30,5541.981627,79413
31,5541.981627,82070
32,5541.890064,84725
33,5541.890064,87371
34,5541.890064,90015
35,5541.890064,92657
36,5541.890064,95312
37,5541.890064,97971
38,5541.890064,100629
39,5541.890064,103283
40,5541.890064,105937
41,5541.890064,108595
42,5541.890064,111249
43,5541.890064,113894
44,5541.890064,116543
45,5541.890064,119193
46,5541.890064,121847
47,5541.890064,124500
48,5541.890064,127148
49,5541.890064,129799
50,5541.890064,132447
51,5541.890064,135094
52,5541.890064,137738
53,5541.890064,140375
54,5541.890064,143011
55,5541.890064,145654
56,5541.890064,148290
57,5541.890064,150926
58,5541.890064,153558
59,5541.890064,156200
60,5541.890064,158848
61,5541.890064,161491
62,5541.890064,164142
63,5541.890064,166787
64,5541.890064,169426
65,5541.890064,172054
66,5541.890064,174680
67,5541.890064,177311
68,5541.890064,179946
69,5541.890064,182575
70,5541.890064,185208
71,5541.890064,187838
72,5541.890064,190464
73,5541.890064,193088
74,5541.890064,195710
75,5541.890064,198334
76,5541.890064,200966
77,5541.890064,203585
78,5541.735094,206203
79,5541.735094,208826
80,5541.735094,211455
81,5541.735094,214090
82,5541.735094,216717
83,5541.735094,219326
84,5541.735094,221949
85,5541.735094,224582
86,5541.735094,227201
87,5541.735094,229812
88,5541.735094,232425
89,5541.735094,235037
90,5541.735094,237632
91,5541.735094,240222
92,5541.735094,242809
93,5541.735094,245410
94,5541.735094,248001
95,5541.735094,250611
96,5541.735094,253200
97,5541.735094,255792
98,5541.735094,258403
99,5541.735094,261013
100,5541.735094,263624
101,5541.647565,266229
102,5541.647565,268848
103,5541.647565,271478
104,5541.647565,274113
105,5541.647565,276738
106,5541.647565,279366
107,5541.647565,281980
108,5541.647565,284596
109,5541.647565,287207
110,5541.647565,289825
111,5541.647565,292438
112,5541.647565,295060
113,5541.647565,297679
114,5541.647565,300282
115,5541.647565,302896
116,5541.647565,305500
117,5541.647565,308105
118,5541.647565,310711
119,5541.647565,313319
120,5541.647565,315923
121,5541.647565,318539
122,5541.647565,321148
123,5541.647565,323754
124,5541.647565,326365
125,5541.647565,328975
126,5541.647565,331590
127,5541.647565,334197
128,5541.647565,336802
129,5541.647565,339396
130,5541.647565,341995
131,5541.647565,344603
132,5541.647565,347201
133,5541.647565,349808
134,5541.647565,352406
135,5541.647565,355008
136,5541.647565,357608
137,5541.647565,360198
138,5541.647565,362788
139,5541.647565,365385
140,5541.647565,367972
141,5541.647565,370563
142,5541.647565,373168
143,5541.647565,375761
144,5541.647565,378353
145,5541.647565,380942
146,5541.647565,383528
147,5541.647565,386120
148,5541.647565,388731
149,5541.647565,391344
150,5541.647565,393943
151,5541.647565,396550
152,5541.647565,399180
153,5541.647565,401795
154,5541.647565,404412
155,5541.647565,407026
156,5541.647565,409634
157,5541.647565,412242
158,5541.647565,414839
159,5541.647565,417441
160,5541.647565,420039
161,5541.647565,422653
162,5541.647565,425260
163,5541.647565,427858
164,5541.647565,430459
165,5541.647565,433065
166,5541.647565,435668
167,5541.647565,438279
168,5541.647565,440886
169,5541.647565,443488
170,5541.647565,446087
171,5541.647565,448693
172,5541.647565,451293
173,5541.647565,453889
174,5541.647565,456481
175,5541.647565,459069
176,5541.647565,461649
177,5541.647565,464235
178,5541.647565,466815
179,5541.647565,469399
180,5541.647565,472000
181,5541.647565,474612
182,5541.647565,477220
183,5541.647565,479833
184,5541.647565,482452
185,5541.647565,485057
186,5541.647565,487661
187,5541.647565,490264
188,5541.647565,492881
189,5541.647565,495502
190,5541.647565,498106
191,5541.647565,500709
192,5541.647565,503308
193,5541.647565,505895
194,5541.647565,508479
195,5541.647565,511074
196,5541.647565,513679
197,5541.647565,516285
198,5541.647565,518887
199,5541.647565,521484
200,5541.647565,524053
201,5541.647565,526622
202,5541.647565,529205
203,5541.647565,531797
204,5541.647565,534388
205,5541.647565,536968
206,5541.647565,539563
207,5541.647565,542154
208,5541.647565,544741
209,5541.647565,547334
210,5541.647565,549919
211,5541.647565,552520
212,5541.647565,555134
213,5541.647565,557748
214,5541.647565,560364
215,5541.647565,562972
216,5541.647565,565585
217,5541.647565,568202
218,5541.647565,570812
219,5541.647565,573424
220,5541.647565,576039
221,5541.647565,578661
222,5541.647565,581264
223,5541.647565,583867
224,5541.647565,586461
225,5541.647565,589070
226,5541.647565,591676
227,5541.647565,594267
228,5541.647565,596857
229,5541.647565,599461
230,5541.647565,602054
231,5541.647565,604646
232,5541.647565,607233
233,5541.647565,609833
234,5541.647565,612431
235,5541.647565,615026
236,5541.647565,617604
237,5541.647565,620190
238,5541.647565,622789
239,5541.647565,625383
240,5541.647565,628003
241,5541.647565,630597
242,5541.647565,633200
243,5541.647565,635806
244,5541.647565,638403
245,5541.647565,641019
246,5541.647565,643625
247,5541.647565,646228
248,5541.647565,648828
249,5541.647565,651431
250,5541.647565,654043
251,5541.647565,656653
252,5541.647565,659271
253,5541.647565,661870
254,5541.647565,664472
255,5541.647565,667074
256,5541.647565,669685
257,5541.647565,672295
258,5541.647565,674905
259,5541.647565,677516
260,5541.647565,680124
261,5541.647565,682738
262,5541.647565,685347
263,5541.647565,687959
264,5541.647565,690570
265,5541.647565,693186
266,5541.647565,695793
267,5541.647565,698398
268,5541.647565,701008
269,5541.647565,703614
270,5541.647565,706211
271,5541.647565,708812
272,5541.647565,711405
273,5541.647565,713989
274,5541.647565,716586
275,5541.647565,719197
276,5541.647565,721793
277,5541.647565,724392
278,5541.647565,726987
279,5541.647565,729578
280,5541.647565,732167
281,5541.647565,734752
282,5541.647565,737349
283,5541.647565,739956
284,5541.647565,742570
285,5541.647565,745181
5541.647565,3.818963
