1,7257.540033,2376
2,7250.896564,5041
3,7245.197610,7706
4,7245.045959,10371
5,7244.782536,13032
6,7244.754985,15691
7,7244.754985,18340
8,7244.754985,20969
9,7244.754985,23518
10,7244.754985,26013
11,7244.754985,28540
12,7244.754985,31030
13,7244.754985,33515
14,7244.754985,35990
15,7244.754985,38469
16,7244.754985,40933
17,7244.754985,43387
18,7244.754985,45842
19,7244.754985,48302
20,7244.754985,50760
21,7244.754985,53208
22,7244.754985,55665
23,7244.754985,58115
24,7244.754985,60568
25,7244.754985,63014
26,7244.754985,65445
27,7244.754985,67876
28,7244.754985,70318
29,7244.754985,72758
30,7244.754985,75204
31,7244.754985,77644
32,7244.754985,80086
33,7244.754985,82523
34,7244.754985,84961
35,7244.754985,87386
36,7244.754985,89814
37,7244.754985,92249
38,7244.754985,94684
39,7244.754985,97112
40,7244.754985,99543
41,7244.754985,101966
42,7244.754985,104390
43,7244.754985,106828
44,7244.754985,109268
45,7244.754985,111724
46,7244.754985,114175
47,7244.754985,116604
48,7244.754985,119035
49,7244.754985,121456
50,7244.754985,123874
51,7244.754985,126302
52,7244.754985,128718
53,7244.754985,131148
54,7244.754985,133580
55,7244.754985,136012
56,7244.754985,138443
57,7244.754985,140865
58,7244.754985,143280
59,7244.754985,145702
60,7244.754985,148127
61,7244.754985,150554
62,7244.754985,152981
63,7244.754985,155398
64,7244.754985,157822
65,7244.754985,160234
66,7244.754985,162655
67,7244.754985,165075
68,7244.754985,167500
69,7244.754985,169926
70,7244.754985,172341
71,7244.754985,174759
72,7244.754985,177170
73,7244.754985,179584
74,7244.754985,181993
75,7244.754985,184410
76,7244.754985,186826
77,7244.754985,189238
78,7244.754985,191656
79,7244.754985,194062
80,7244.754985,196474
81,7244.754985,198904
82,7244.754985,201332
83,7244.754985,203757
84,7244.754985,206181
85,7244.754985,208603
86,7244.754985,211033
87,7244.754985,213474
88,7244.754985,215907
89,7244.754985,218336
90,7244.754985,220775
91,7244.754985,223214
92,7244.754985,225640
93,7244.754985,228064
94,7244.754985,230477
95,7244.754985,232887
96,7244.754985,235296
97,7244.754985,237707
98,7244.754985,240111
99,7244.754985,242523
100,7244.754985,244941
101,7244.754985,247361
102,7244.754985,249770
103,7244.754985,252201
104,7244.754985,254639
105,7244.754985,257075
106,7244.754985,259512
107,7244.754985,261952
108,7244.754985,264380
109,7244.754985,266794
110,7244.754985,269221
111,7244.754985,271635
112,7244.754985,274056
113,7244.754985,276477
114,7244.754985,278891
115,7244.754985,281311
116,7244.754985,283732
117,7244.754985,286156
118,7244.754985,288580
119,7244.754985,291005
120,7244.754985,293421
121,7244.754985,295834
122,7244.754985,298254
123,7244.754985,300663
124,7244.754985,303083
125,7244.754985,305506
126,7244.754985,307930
127,7244.754985,310351
128,7244.754985,312771
129,7244.754985,315200
130,7244.754985,317631
131,7244.754985,320066
132,7244.722003,322505
133,7244.722003,324943
134,7244.722003,327367
135,7244.722003,329785
136,7244.722003,332198
137,7244.722003,334610
138,7244.722003,337020
139,7244.722003,339431
140,7244.722003,341847
141,7244.722003,344257
142,7244.722003,346663
143,7244.722003,349073
144,7244.722003,351480
145,7244.722003,353888
146,7244.722003,356301
147,7244.722003,358718
148,7244.722003,361138
149,7244.722003,363547
150,7244.722003,365970
151,7244.722003,368383
152,7244.722003,370796
153,7244.722003,373206
154,7244.722003,375621
155,7244.722003,378030
156,7244.722003,380441
157,7244.722003,382848
158,7244.722003,385263
159,7244.722003,387691
160,7244.722003,390118
161,7244.722003,392538
162,7244.722003,394971
163,7244.722003,397397
164,7244.722003,399830
165,7244.722003,402262
166,7244.722003,404688
167,7244.722003,407117
168,7244.722003,409544
169,7244.722003,411963
170,7244.722003,414390
171,7244.722003,416808
172,7244.722003,419227
173,7244.722003,421650
174,7244.722003,424068
175,7244.722003,426495
176,7244.722003,428928
177,7244.722003,431362
178,7244.722003,433797
179,7244.722003,436232
180,7244.722003,438669
181,7244.722003,441098
182,7244.722003,443525
183,7244.722003,445952
184,7244.722003,448374
185,7244.722003,450799
186,7244.722003,453214
187,7244.722003,455626
188,7244.722003,458046
189,7244.722003,460467
190,7244.722003,462884
191,7244.722003,465305
192,7244.722003,467727
193,7244.722003,470158
194,7244.722003,472583
195,7244.722003,474996
196,7244.722003,477430
197,7244.722003,479866
198,7244.722003,482309
199,7244.722003,484760
200,7244.722003,487202
201,7244.722003,489630
202,7244.722003,492052
203,7244.722003,494469
204,7244.722003,496894
205,7244.722003,499320
206,7244.722003,501738
207,7244.722003,504159
208,7244.722003,506574
209,7244.722003,508983
210,7244.722003,511391
211,7244.722003,513810
212,7244.722003,516227
213,7244.722003,518647
214,7244.722003,521072
215,7244.722003,523487
216,7244.722003,525900
217,7244.722003,528312
218,7244.722003,530725
219,7244.722003,533144
220,7244.722003,535556
221,7244.722003,537966
222,7244.722003,540386
223,7244.722003,542804
224,7244.722003,545216
225,7244.722003,547630
226,7244.722003,550036
227,7244.722003,552456
228,7244.722003,554873
229,7244.722003,557291
230,7244.722003,559712
231,7244.722003,562133
232,7244.722003,564558
233,7244.722003,566989
234,7244.722003,569396
235,7244.722003,571799
236,7244.722003,574206
237,7244.722003,576620
238,7244.722003,579041
239,7244.722003,581476
240,7244.722003,583900
241,7244.722003,586323
242,7244.722003,588735
243,7244.722003,591156
244,7244.722003,593579
245,7244.722003,595999
246,7244.722003,598419
247,7244.722003,600839
248,7244.722003,603261
249,7244.722003,605673
250,7244.722003,608086
251,7244.722003,610495
252,7244.722003,612906
253,7244.722003,615325
254,7244.722003,617739
255,7244.722003,620154
256,7244.722003,622572
257,7244.722003,624986
258,7244.722003,627400
259,7244.722003,629817
260,7244.722003,632229
261,7244.722003,634642
262,7244.722003,637053
263,7244.722003,639458
264,7244.722003,641865
265,7244.722003,644271
266,7244.722003,646698
267,7244.722003,649131
268,7244.722003,651557
269,7244.722003,653979
270,7244.722003,656400
271,7244.722003,658837
272,7244.722003,661264
273,7244.722003,663690
274,7244.722003,666108
275,7244.722003,668529
276,7244.722003,670947
277,7244.722003,673365
278,7244.722003,675791
279,7244.722003,678208
280,7244.722003,680619
281,7244.722003,683034
282,7244.722003,685463
283,7244.722003,687876
284,7244.722003,690305
285,7244.722003,692731
286,7244.722003,695152
287,7244.722003,697568
288,7244.722003,699998
289,7244.722003,702419
290,7244.722003,704853
291,7244.722003,707290
292,7244.722003,709713
293,7244.722003,712136
294,7244.722003,714557
295,7244.722003,716982
296,7244.722003,719419
297,7244.722003,721851
298,7244.722003,724283
7244.722003,1.894526
1,7253.373492,2376
2,7250.358426,5016
3,7245.045959,7656
4,7244.805531,10296
5,7244.782536,12930
6,7244.754985,15563
7,7244.754985,18184
8,7244.754985,20775
9,7244.754985,23311
10,7244.754985,25816
11,7244.754985,28320
12,7244.754985,30803
13,7244.754985,33268
14,7244.754985,35745
15,7244.754985,38215
16,7244.754985,40669
17,7244.754985,43109
18,7244.754985,45546
19,7244.754985,47977
20,7244.754985,50411
21,7244.754985,52843
22,7244.754985,55279
23,7244.754985,57717
24,7244.754985,60167
25,7244.754985,62598
26,7244.754985,65032
27,7244.754985,67470
28,7244.754985,69901
29,7244.754985,72332
30,7244.754985,74761
31,7244.754985,77185
32,7244.754985,79606
33,7244.754985,82036
34,7244.754985,84453
35,7244.754985,86875
36,7244.754985,89307
37,7244.754985,91734
38,7244.754985,94163
39,7244.754985,96593
40,7244.754985,99029
41,7244.754985,101473
42,7244.754985,103902
43,7244.754985,106332
44,7244.754985,108762
45,7244.754985,111187
46,7244.754985,113607
47,7244.754985,116026
48,7244.754985,118446
49,7244.754985,120873
50,7244.754985,123290
51,7244.754985,125700
52,7244.754985,128112
53,7244.754985,130521
54,7244.754985,132926
55,7244.754985,135338
56,7244.754985,137750
57,7244.754985,140162
58,7244.754985,142580
59,7244.754985,145000
60,7244.754985,147420
61,7244.754985,149846
62,7244.754985,152260
63,7244.754985,154679
64,7244.754985,157103
65,7244.754985,159529
66,7244.754985,161953
67,7244.754985,164368
68,7244.754985,166783
69,7244.754985,169204
70,7244.754985,171620
71,7244.754985,174055
72,7244.754985,176489
73,7244.754985,178909
74,7244.754985,181330
75,7244.754985,183747
76,7244.754985,186163
77,7244.754985,188577
78,7244.754985,190995
79,7244.754985,193418
80,7244.754985,195829
81,7244.754985,198249
82,7244.754985,200672
83,7244.754985,203093
84,7244.754985,205512
85,7244.754985,207929
86,7244.754985,210356
87,7244.754985,212786
88,7244.754985,215211
89,7244.754985,217630
90,7244.754985,220050
91,7244.754985,222469
92,7244.754985,224887
93,7244.754985,227301
94,7244.754985,229719
95,7244.754985,232140
96,7244.754985,234555
97,7244.754985,236967
98,7244.754985,239384
99,7244.754985,241802
100,7244.754985,244219
101,7244.754985,246635
102,7244.754985,249044
103,7244.754985,251459
104,7244.754985,253869
105,7244.754985,256295
106,7244.754985,258719
107,7244.754985,261137
108,7244.754985,263558
109,7244.754985,265979
110,7244.754985,268395
111,7244.754985,270812
112,7244.754985,273235
113,7244.754985,275656
114,7244.754985,278087
115,7244.754985,280511
116,7244.754985,282929
117,7244.754985,285347
118,7244.754985,287770
119,7244.754985,290177
120,7244.754985,292588
121,7244.754985,294995
122,7244.754985,297402
123,7244.754985,299821
124,7244.754985,302236
125,7244.754985,304656
126,7244.754985,307063
127,7244.754985,309473
128,7244.754985,311883
129,7244.754985,314292
130,7244.754985,316701
131,7244.754985,319108
132,7244.754985,321518
133,7244.754985,323927
134,7244.754985,326339
135,7244.754985,328747
136,7244.754985,331164
137,7244.754985,333586
138,7244.754985,336001
139,7244.754985,338411
140,7244.754985,340831
141,7244.754985,343252
142,7244.754985,345661
143,7244.754985,348074
144,7244.754985,350483
145,7244.754985,352902
146,7244.754985,355315
147,7244.754985,357726
148,7244.754985,360144
149,7244.754985,362558
150,7244.754985,364975
151,7244.754985,367382
152,7244.754985,369808
153,7244.754985,372219
154,7244.754985,374629
155,7244.754985,377035
156,7244.754985,379444
157,7244.754985,381849
158,7244.754985,384263
159,7244.754985,386675
160,7244.754985,389085
161,7244.754985,391490
162,7244.754985,393896
163,7244.754985,396304
164,7244.754985,398710
165,7244.754985,401121
166,7244.754985,403526
167,7244.754985,405933
168,7244.754985,408333
169,7244.754985,410738
170,7244.754985,413146
171,7244.754985,415552
172,7244.754985,417954
173,7244.754985,420354
174,7244.754985,422768
175,7244.754985,425187
176,7244.754985,427608
177,7244.754985,430020
178,7244.754985,432430
179,7244.754985,434837
180,7244.754985,437246
181,7244.754985,439652
182,7244.754985,442050
183,7244.754985,444459
184,7244.754985,446871
185,7244.754985,449279
186,7244.754985,451694
187,7244.754985,454118
188,7244.754985,456543
189,7244.754985,458969
190,7244.754985,461394
191,7244.754985,463823
192,7244.754985,466247
193,7244.754985,468669
194,7244.754985,471090
195,7244.754985,473513
196,7244.754985,475942
197,7244.754985,478366
198,7244.754985,480780
199,7244.754985,483207
200,7244.754985,485630
201,7244.754985,488053
202,7244.754985,490477
203,7244.754985,492900
204,7244.754985,495311
205,7244.754985,497727
206,7244.754985,500139
207,7244.754985,502566
208,7244.754985,504976
209,7244.754985,507392
210,7244.754985,509810
211,7244.754985,512217
212,7244.754985,514619
213,7244.754985,517024
214,7244.754985,519433
215,7244.754985,521837
216,7244.754985,524243
217,7244.754985,526658
218,7244.754985,529073
219,7244.754985,531497
220,7244.754985,533917
221,7244.754985,536337
222,7244.754985,538745
223,7244.754985,541161
224,7244.754985,543573
225,7244.754985,545983
226,7244.754985,548396
227,7244.754985,550813
228,7244.754985,553225
229,7244.754985,555644
230,7244.754985,558067
231,7244.754985,560490
232,7244.754985,562907
233,7244.754985,565336
234,7244.754985,567759
235,7244.754985,570176
236,7244.754985,572599
237,7244.754985,575018
238,7244.754985,577438
239,7244.754985,579850
240,7244.754985,582266
241,7244.754985,584670
242,7244.754985,587076
243,7244.754985,589480
244,7244.754985,591885
245,7244.754985,594291
246,7244.754985,596700
247,7244.754985,599123
248,7244.754985,601536
249,7244.754985,603959
250,7244.754985,606382
251,7244.754985,608801
252,7244.754985,611211
253,7244.754985,613626
254,7244.754985,616043
255,7244.754985,618452
256,7244.754985,620864
257,7244.754985,623276
258,7244.754985,625685
259,7244.754985,628092
260,7244.754985,630502
261,7244.754985,632907
262,7244.754985,635319
263,7244.754985,637734
264,7244.754985,640142
265,7244.754985,642553
266,7244.754985,644966
267,7244.754985,647385
268,7244.754985,649800
269,7244.754985,652214
270,7244.754985,654629
271,7244.754985,657048
272,7244.754985,659460
273,7244.754985,661874
274,7244.754985,664274
275,7244.754985,666683
276,7244.754985,669089
277,7244.754985,671488
278,7244.754985,673906
279,7244.754985,676321
280,7244.754985,678742
281,7244.754985,681167
282,7244.754985,683584
283,7244.754985,685996
284,7244.754985,688405
285,7244.754985,690811
286,7244.754985,693215
287,7244.754985,695623
288,7244.754985,698029
289,7244.754985,700435
290,7244.754985,702868
291,7244.754985,705286
292,7244.754985,707701
293,7244.754985,710119
294,7244.754985,712536
295,7244.754985,714953
296,7244.754985,717373
297,7244.754985,719793
298,7244.754985,722212
299,7244.754985,724632
7244.754985,1.870414
1,7249.998510,2376
2,7249.930373,5037
3,7249.930373,7697
4,7244.805531,10358
5,7244.782536,13012
6,7244.754985,15653
7,7244.754985,18303
8,7244.754985,20927
9,7244.754985,23497
10,7244.754985,26030
11,7244.754985,28558
12,7244.754985,31073
13,7244.754985,33565
14,7244.754985,36029
15,7244.754985,38486
16,7244.754985,40940
17,7244.754985,43396
18,7244.754985,45852
19,7244.754985,48289
20,7244.754985,50738
21,7244.754985,53186
22,7244.754985,55630
23,7244.754985,58070
24,7244.754985,60520
25,7244.754985,62959
26,7244.754985,65400
27,7244.754985,67837
28,7244.754985,70270
29,7244.754985,72704
30,7244.754985,75157
31,7244.754985,77596
32,7244.754985,80036
33,7244.754985,82477
34,7244.754985,84918
35,7244.754985,87369
36,7244.754985,89803
37,7244.754985,92237
38,7244.754985,94661
39,7244.754985,97086
40,7244.754985,99500
41,7244.754985,101922
42,7244.754985,104351
43,7244.754985,106776
44,7244.754985,109196
45,7244.754985,111623
46,7244.754985,114046
47,7244.754985,116474
48,7244.754985,118900
49,7244.754985,121321
50,7244.754985,123743
51,7244.754985,126162
52,7244.754985,128582
53,7244.754985,131001
54,7244.754985,133419
55,7244.754985,135836
56,7244.754985,138277
57,7244.754985,140706
58,7244.754985,143143
59,7244.754985,145596
60,7244.754985,148027
61,7244.754985,150456
62,7244.754985,152881
63,7244.754985,155296
64,7244.754985,157720
65,7244.754985,160139
66,7244.754985,162552
67,7244.754985,164991
68,7244.754985,167416
69,7244.754985,169842
70,7244.754985,172254
71,7244.754985,174675
72,7244.754985,177110
73,7244.754985,179536
74,7244.754985,181976
75,7244.754985,184414
76,7244.754985,186851
77,7244.754985,189286
78,7244.754985,191714
79,7244.754985,194140
80,7244.754985,196566
81,7244.754985,198999
82,7244.754985,201434
83,7244.754985,203865
84,7244.754985,206304
85,7244.754985,208738
86,7244.754985,211181
87,7244.754985,213607
88,7244.754985,216028
89,7244.754985,218456
90,7244.754985,220877
91,7244.754985,223302
92,7244.754985,225742
93,7244.754985,228161
94,7244.754985,230596
95,7244.754985,233029
96,7244.754985,235455
97,7244.754985,237873
98,7244.754985,240299
99,7244.754985,242726
100,7244.754985,245149
101,7244.754985,247576
102,7244.754985,250005
103,7244.754985,252435
104,7244.754985,254863
105,7244.754985,257301
106,7244.754985,259731
107,7244.754985,262163
108,7244.754985,264576
109,7244.754985,266992
110,7244.754985,269406
111,7244.754985,271830
112,7244.754985,274250
113,7244.754985,276667
114,7244.754985,279078
115,7244.754985,281494
116,7244.754985,283914
117,7244.754985,286333
118,7244.754985,288754
119,7244.754985,291165
120,7244.754985,293583
121,7244.754985,295996
122,7244.754985,298405
123,7244.754985,300805
124,7244.754985,303206
125,7244.754985,305623
126,7244.754985,308035
127,7244.754985,310455
128,7244.754985,312876
129,7244.754985,315297
130,7244.754985,317713
131,7244.754985,320127
132,7244.754985,322544
133,7244.754985,324960
134,7244.754985,327368
135,7244.754985,329780
136,7244.754985,332195
137,7244.754985,334610
138,7244.754985,337015
139,7244.754985,339422
140,7244.754985,341842
141,7244.754985,344263
142,7244.754985,346678
143,7244.754985,349100
144,7244.754985,351522
145,7244.754985,353951
146,7244.754985,356385
147,7244.754985,358816
148,7244.754985,361236
149,7244.754985,363662
150,7244.754985,366085
151,7244.754985,368507
152,7244.754985,370935
153,7244.754985,373361
154,7244.754985,375793
155,7244.754985,378223
156,7244.754985,380654
157,7244.754985,383069
158,7244.754985,385480
159,7244.754985,387905
160,7244.754985,390327
161,7244.754985,392756
162,7244.754985,395185
163,7244.754985,397620
164,7244.754985,400049
165,7244.754985,402473
166,7244.754985,404909
167,7244.754985,407356
168,7244.754985,409803
169,7244.754985,412260
170,7244.754985,414708
171,7244.754985,417139
172,7244.754985,419558
173,7244.754985,421980
174,7244.754985,424410
175,7244.754985,426841
176,7244.754985,429274
177,7244.754985,431692
178,7244.754985,434112
179,7244.754985,436541
180,7244.754985,438974
181,7244.754985,441395
182,7244.754985,443807
183,7244.754985,446234
184,7244.754985,448651
185,7244.754985,451079
186,7244.754985,453509
187,7244.754985,455940
188,7244.754985,458364
189,7244.754985,460790
190,7244.754985,463226
191,7244.754985,465643
192,7244.754985,468061
193,7244.754985,470487
194,7244.754985,472912
195,7244.754985,475331
196,7244.754985,477740
197,7244.754985,480153
198,7244.754985,482571
199,7244.754985,484994
200,7244.754985,487421
201,7244.754985,489833
202,7244.754985,492249
203,7244.754985,494661
204,7244.754985,497075
205,7244.754985,499501
206,7244.754985,501920
207,7244.754985,504331
208,7244.754985,506749
209,7244.754985,509161
210,7244.754985,511578
211,7244.754985,513987
212,7244.754985,516398
213,7244.754985,518808
214,7244.754985,521226
215,7244.754985,523656
216,7244.754985,526093
217,7244.754985,528535
218,7244.754985,530976
219,7244.754985,533427
220,7244.754985,535878
221,7244.754985,538316
222,7244.754985,540740
223,7244.754985,543171
224,7244.754985,545608
225,7244.754985,548030
226,7244.754985,550451
227,7244.754985,552857
228,7244.754985,555273
229,7244.754985,557691
230,7244.754985,560118
231,7244.754985,562530
232,7244.754985,564936
233,7244.754985,567347
234,7244.754985,569750
235,7244.754985,572158
236,7244.754985,574564
237,7244.754985,576973
238,7244.754985,579384
239,7244.754985,581792
240,7244.754985,584200
241,7244.754985,586606
242,7244.754985,589018
243,7244.754985,591433
244,7244.754985,593850
245,7244.754985,596261
246,7244.754985,598669
247,7244.754985,601090
248,7244.754985,603499
249,7244.754985,605903
250,7244.754985,608320
251,7244.754985,610729
252,7244.754985,613147
253,7244.754985,615562
254,7244.754985,617966
255,7244.754985,620384
256,7244.754985,622801
257,7244.754985,625234
258,7244.754985,627645
259,7244.754985,630048
260,7244.754985,632458
261,7244.754985,634862
262,7244.754985,637272
263,7244.754985,639691
264,7244.754985,642109
265,7244.754985,644527
266,7244.754985,646936
267,7244.754985,649351
268,7244.754985,651761
269,7244.754985,654178
270,7244.754985,656592
271,7244.754985,659004
272,7244.754985,661417
273,7244.754985,663829
274,7244.754985,666242
275,7244.754985,668649
276,7244.754985,671055
277,7244.754985,673467
278,7244.754985,675871
279,7244.754985,678278
280,7244.754985,680683
281,7244.754985,683084
282,7244.754985,685485
283,7244.754985,687897
284,7244.754985,690308
285,7244.754985,692716
286,7244.754985,695118
287,7244.754985,697520
288,7244.754985,699922
289,7244.754985,702325
290,7244.754985,704724
291,7244.754985,707128
292,7244.754985,709547
293,7244.754985,711951
294,7244.754985,714377
295,7244.754985,716811
296,7244.754985,719242
297,7244.754985,721668
298,7244.754985,724093
7244.754985,1.873370
1,7262.180929,2376
2,7262.180929,5034
3,7245.197610,7692
4,7244.782536,10350
5,7244.754985,13004
6,7244.754985,15651
7,7244.754985,18285
8,7244.754985,20872
9,7244.754985,23405
10,7244.754985,25907
11,7244.754985,28426
12,7244.754985,30924
13,7244.754985,33395
14,7244.754985,35849
15,7244.754985,38300
16,7244.754985,40778
17,7244.754985,43230
18,7244.754985,45687
19,7244.754985,48136
20,7244.754985,50566
21,7244.754985,53011
22,7244.754985,55454
23,7244.754985,57899
24,7244.754985,60338
25,7244.754985,62768
26,7244.754985,65200
27,7244.754985,67633
28,7244.754985,70062
29,7244.754985,72494
30,7244.754985,74927
31,7244.754985,77355
32,7244.754985,79793
33,7244.754985,82214
34,7244.754985,84649
35,7244.754985,87085
36,7244.754985,89522
37,7244.754985,91963
38,7244.754985,94398
39,7244.754985,96835
40,7244.754985,99261
41,7244.754985,101688
42,7244.754985,104127
43,7244.754985,106561
44,7244.754985,109006
45,7244.754985,111434
46,7244.754985,113873
47,7244.754985,116295
48,7244.754985,118727
49,7244.754985,121154
50,7244.754985,123579
51,7244.754985,126004
52,7244.754985,128421
53,7244.754985,130862
54,7244.754985,133309
55,7244.754985,135755
56,7244.754985,138181
57,7244.754985,140601
58,7244.754985,143024
59,7244.754985,145448
60,7244.754985,147874
61,7244.754985,150293
62,7244.754985,152709
63,7244.754985,155128
64,7244.754985,157539
65,7244.754985,159956
66,7244.754985,162368
67,7244.754985,164779
68,7244.754985,167189
69,7244.754985,169600
70,7244.754985,172013
71,7244.754985,174426
72,7244.754985,176833
73,7244.754985,179242
74,7244.754985,181645
75,7244.754985,184047
76,7244.754985,186457
77,7244.754985,188869
78,7244.754985,191287
79,7244.754985,193707
80,7244.754985,196122
81,7244.754985,198543
82,7244.754985,200960
83,7244.754985,203372
84,7244.754985,205792
85,7244.754985,208208
86,7244.754985,210625
87,7244.754985,213038
88,7244.754985,215461
89,7244.754985,217882
90,7244.754985,220302
91,7244.754985,222737
92,7244.754985,225158
93,7244.754985,227585
94,7244.754985,230015
95,7244.754985,232439
96,7244.754985,234856
97,7244.754985,237275
98,7244.754985,239691
99,7244.754985,242109
100,7244.754985,244521
101,7244.754985,246935
102,7244.754985,249341
103,7244.754985,251746
104,7244.754985,254158
105,7244.754985,256571
106,7244.754985,258984
107,7244.754985,261393
108,7244.754985,263795
109,7244.754985,266202
110,7244.754985,268601
111,7244.754985,271008
112,7244.754985,273418
113,7244.754985,275825
114,7244.754985,278229
115,7244.754985,280639
116,7244.754985,283047
117,7244.754985,285454
118,7244.754985,287879
119,7244.754985,290306
120,7244.754985,292730
121,7244.754985,295172
122,7244.754985,297596
123,7244.754985,300016
124,7244.754985,302429
125,7244.754985,304844
126,7244.754985,307248
127,7244.754985,309656
128,7244.754985,312069
129,7244.754985,314473
130,7244.754985,316883
131,7244.754985,319291
132,7244.754985,321699
133,7244.754985,324106
134,7244.754985,326513
135,7244.754985,328931
136,7244.754985,331335
137,7244.754985,333734
138,7244.754985,336147
139,7244.754985,338551
140,7244.754985,340946
141,7244.754985,343347
142,7244.754985,345768
143,7244.754985,348184
144,7244.754985,350597
145,7244.754985,353010
146,7244.754985,355419
147,7244.754985,357827
148,7244.754985,360234
149,7244.754985,362647
150,7244.754985,365055
151,7244.754985,367469
152,7244.754985,369879
153,7244.754985,372282
154,7244.754985,374687
155,7244.754985,377101
156,7244.754985,379505
157,7244.754985,381912
158,7244.754985,384333
159,7244.754985,386749
160,7244.754985,389169
161,7244.754985,391593
162,7244.754985,394004
163,7244.754985,396418
164,7244.754985,398828
165,7244.754985,401234
166,7244.754985,403641
167,7244.754985,406044
168,7244.754985,408446
169,7244.754985,410858
170,7244.754985,413275
171,7244.754985,415689
172,7244.754985,418122
173,7244.754985,420556
174,7244.754985,422985
175,7244.754985,425414
176,7244.754985,427834
177,7244.754985,430255
178,7244.754985,432670
179,7244.754985,435085
180,7244.754985,437511
181,7244.754985,439935
182,7244.754985,442347
183,7244.754985,444767
184,7244.754985,447178
185,7244.754985,449609
186,7244.754985,452036
187,7244.754985,454459
188,7244.754985,456877
189,7244.754985,459299
190,7244.754985,461724
191,7244.754985,464144
192,7244.754985,466566
193,7244.754985,469000
194,7244.754985,471434
195,7244.754985,473864
196,7244.754985,476281
197,7244.754985,478698
198,7244.754985,481106
199,7244.754985,483518
200,7244.754985,485939
201,7244.754985,488360
202,7244.754985,490781
203,7244.754985,493206
204,7244.754985,495621
205,7244.754985,498036
206,7244.754985,500452
207,7244.754985,502867
208,7244.754985,505286
209,7244.754985,507714
210,7244.754985,510148
211,7244.754985,512582
212,7244.754985,515029
213,7244.754985,517473
214,7244.754985,519910
215,7244.754985,522343
216,7244.754985,524776
217,7244.754985,527199
218,7244.754985,529631
219,7244.754985,532053
220,7244.754985,534475
221,7244.754985,536894
222,7244.754985,539316
223,7244.754985,541743
224,7244.754985,544163
225,7244.754985,546583
226,7244.754985,549002
227,7244.754985,551421
228,7244.754985,553843
229,7244.754985,556254
230,7244.754985,558666
231,7244.754985,561079
232,7244.754985,563486
233,7244.754985,565901
234,7244.754985,568310
235,7244.754985,570720
236,7244.754985,573137
237,7244.754985,575542
238,7244.754985,577954
239,7244.754985,580370
240,7244.754985,582779
241,7244.754985,585197
242,7244.754985,587612
243,7244.754985,590021
244,7244.754985,592445
245,7244.754985,594863
246,7244.754985,597277
247,7244.754985,599700
248,7244.754985,602119
249,7244.754985,604538
250,7244.754985,606944
251,7244.754985,609363
252,7244.754985,611782
253,7244.754985,614199
254,7244.754985,616616
255,7244.754985,619024
256,7244.754985,621439
257,7244.754985,623855
258,7244.754985,626261
259,7244.754985,628662
260,7244.754985,631071
261,7244.754985,633472
262,7244.754985,635883
263,7244.754985,638299
264,7244.754985,640702
265,7244.754985,643102
266,7244.754985,645497
267,7244.754985,647906
268,7244.754985,650315
269,7244.754985,652724
270,7244.754985,655124
271,7244.754985,657535
272,7244.754985,659946
273,7244.754985,662357
274,7244.754985,664759
275,7244.754985,667157
276,7244.754985,669557
277,7244.754985,671959
278,7244.754985,674358
279,7244.754985,676776
280,7244.754985,679193
281,7244.754985,681614
282,7244.754985,684027
283,7244.754985,686441
284,7244.754985,688845
285,7244.754985,691257
286,7244.754985,693668
287,7244.754985,696071
288,7244.754985,698481
289,7244.754985,700892
290,7244.754985,703298
291,7244.754985,705708
292,7244.754985,708119
293,7244.754985,710540
294,7244.754985,712965
295,7244.754985,715382
296,7244.754985,717789
297,7244.754985,720196
298,7244.754985,722603
299,7244.754985,725009
7244.754985,1.868998
1,7259.631028,2376
2,7256.372092,5000
3,7245.309871,7624
4,7244.782536,10247
5,7244.782536,12868
6,7244.782536,15483
7,7244.782536,18072
8,7244.782536,20668
9,7244.782536,23186
10,7244.782536,25699
11,7244.754985,28196
12,7244.754985,30681
13,7244.754985,33168
14,7244.754985,35641
15,7244.754985,38090
16,7244.754985,40546
17,7244.754985,42996
18,7244.754985,45444
19,7244.754985,47896
20,7244.754985,50357
21,7244.754985,52802
22,7244.754985,55264
23,7244.754985,57715
24,7244.754985,60161
25,7244.754985,62603
26,7244.722003,65050
27,7244.722003,67487
28,7244.722003,69922
29,7244.722003,72356
30,7244.722003,74791
31,7244.722003,77233
32,7244.722003,79676
33,7244.722003,82104
34,7244.722003,84529
35,7244.722003,86950
36,7244.722003,89378
37,7244.722003,91813
38,7244.722003,94237
39,7244.722003,96663
40,7244.722003,99095
41,7244.722003,101514
42,7244.722003,103941
43,7244.722003,106376
44,7244.722003,108797
45,7244.722003,111238
46,7244.722003,113668
47,7244.722003,116096
48,7244.722003,118511
49,7244.722003,120927
50,7244.722003,123349
51,7244.722003,125770
52,7244.722003,128195
53,7244.722003,130618
54,7244.722003,133042
55,7244.722003,135455
56,7244.722003,137874
57,7244.722003,140302
58,7244.722003,142717
59,7244.722003,145129
60,7244.722003,147546
61,7244.722003,149960
62,7244.722003,152369
63,7244.722003,154780
64,7244.722003,157193
65,7244.722003,159600
66,7244.722003,162023
67,7244.722003,164450
68,7244.722003,166862
69,7244.722003,169271
70,7244.722003,171680
71,7244.722003,174086
72,7244.722003,176500
73,7244.722003,178910
74,7244.722003,181318
75,7244.722003,183727
76,7244.722003,186140
77,7244.722003,188547
78,7244.722003,190955
79,7244.722003,193369
80,7244.722003,195789
81,7244.722003,198204
82,7244.722003,200625
83,7244.722003,203045
84,7244.722003,205464
85,7244.722003,207887
86,7244.722003,210297
87,7244.722003,212709
88,7244.722003,215106
89,7244.722003,217511
90,7244.722003,219924
91,7244.722003,222344
92,7244.722003,224764
93,7244.722003,227177
94,7244.722003,229589
95,7244.722003,232005
96,7244.722003,234408
97,7244.722003,236816
98,7244.722003,239225
99,7244.722003,241636
100,7244.722003,244042
101,7244.722003,246441
102,7244.722003,248844
103,7244.722003,251257
104,7244.722003,253675
105,7244.722003,256101
106,7244.722003,258525
107,7244.722003,260941
108,7244.722003,263356
109,7244.722003,265778
110,7244.722003,268202
111,7244.722003,270619
112,7244.722003,273042
113,7244.722003,275455
114,7244.722003,277873
115,7244.722003,280292
116,7244.722003,282711
117,7244.722003,285131
118,7244.722003,287557
119,7244.722003,289994
120,7244.722003,292414
121,7244.722003,294830
122,7244.722003,297245
123,7244.722003,299662
124,7244.722003,302086
125,7244.722003,304506
126,7244.722003,306919
127,7244.722003,309326
128,7244.722003,311736
129,7244.722003,314151
130,7244.722003,316574
131,7244.722003,318982
132,7244.722003,321399
133,7244.722003,323827
134,7244.722003,326250
135,7244.722003,328665
136,7244.722003,331085
137,7244.722003,333496
138,7244.722003,335915
139,7244.722003,338329
140,7244.722003,340741
141,7244.722003,343154
142,7244.722003,345557
143,7244.722003,347963
144,7244.722003,350384
145,7244.722003,352794
146,7244.722003,355207
147,7244.722003,357615
148,7244.722003,360019
149,7244.722003,362433
150,7244.722003,364850
151,7244.722003,367272
152,7244.722003,369691
153,7244.722003,372103
154,7244.722003,374523
155,7244.722003,376939
156,7244.722003,379360
157,7244.722003,381766
158,7244.722003,384167
159,7244.722003,386569
160,7244.722003,388975
161,7244.722003,391378
162,7244.722003,393792
163,7244.722003,396201
164,7244.722003,398611
165,7244.722003,401034
166,7244.722003,403447
167,7244.722003,405867
168,7244.722003,408296
169,7244.722003,410729
170,7244.722003,413175
171,7244.722003,415602
172,7244.722003,418025
173,7244.722003,420448
174,7244.722003,422870
175,7244.722003,425287
176,7244.722003,427694
177,7244.722003,430097
178,7244.722003,432509
179,7244.722003,434917
180,7244.722003,437325
181,7244.722003,439739
182,7244.722003,442152
183,7244.722003,444568
184,7244.722003,446974
185,7244.722003,449381
186,7244.722003,451788
187,7244.722003,454193
188,7244.722003,456606
189,7244.722003,459017
190,7244.722003,461424
191,7244.722003,463829
192,7244.722003,466241
193,7244.722003,468656
194,7244.722003,471065
195,7244.722003,473471
196,7244.722003,475872
197,7244.722003,478275
198,7244.722003,480681
199,7244.722003,483100
200,7244.722003,485508
201,7244.722003,487921
202,7244.722003,490321
203,7244.722003,492721
204,7244.722003,495123
205,7244.722003,497527
206,7244.722003,499932
207,7244.722003,502335
208,7244.722003,504737
209,7244.722003,507135
210,7244.722003,509544
211,7244.722003,511954
212,7244.722003,514357
213,7244.722003,516757
214,7244.722003,519162
215,7244.722003,521569
216,7244.722003,523971
217,7244.722003,526373
218,7244.722003,528779
219,7244.722003,531189
220,7244.722003,533593
221,7244.722003,535996
222,7244.722003,538399
223,7244.722003,540811
224,7244.722003,543218
225,7244.722003,545638
226,7244.722003,548064
227,7244.722003,550479
228,7244.722003,552892
229,7244.722003,555308
230,7244.722003,557714
231,7244.722003,560120
232,7244.722003,562524
233,7244.722003,564932
234,7244.722003,567332
235,7244.722003,569730
236,7244.722003,572129
237,7244.722003,574524
238,7244.722003,576935
239,7244.722003,579360
240,7244.722003,581785
241,7244.722003,584203
242,7244.722003,586626
243,7244.722003,589036
244,7244.722003,591445
245,7244.722003,593855
246,7244.722003,596261
247,7244.722003,598671
248,7244.722003,601091
249,7244.722003,603493
250,7244.722003,605900
251,7244.722003,608304
252,7244.722003,610723
253,7244.722003,613144
254,7244.722003,615563
255,7244.722003,617975
256,7244.722003,620394
257,7244.722003,622803
258,7244.722003,625213
259,7244.722003,627642
260,7244.722003,630057
261,7244.722003,632472
262,7244.722003,634888
263,7244.722003,637312
264,7244.722003,639729
265,7244.722003,642139
266,7244.722003,644560
267,7244.722003,646971
268,7244.722003,649404
269,7244.722003,651819
270,7244.722003,654240
271,7244.722003,656663
272,7244.722003,659091
273,7244.722003,661500
274,7244.722003,663909
275,7244.722003,666326
276,7244.722003,668740
277,7244.722003,671165
278,7244.722003,673577
279,7244.722003,675993
280,7244.722003,678402
281,7244.722003,680808
282,7244.722003,683223
283,7244.722003,685627
284,7244.722003,688030
285,7244.722003,690442
286,7244.722003,692850
287,7244.722003,695272
288,7244.722003,697691
289,7244.722003,700106
290,7244.722003,702527
291,7244.722003,704942
292,7244.722003,707362
293,7244.722003,709781
294,7244.722003,712190
295,7244.722003,714605
296,7244.722003,717029
297,7244.722003,719448
298,7244.722003,721868
299,7244.722003,724292
7244.722003,1.846890
1,7255.169938,2376
2,7249.666904,5023
3,7245.045959,7670
4,7244.813465,10317
5,7244.782536,12959
6,7244.754985,15602
7,7244.754985,18229
8,7244.754985,20823
9,7244.754985,23368
10,7244.754985,25892
11,7244.754985,28401
12,7244.754985,30899
13,7244.754985,33375
14,7244.754985,35838
15,7244.754985,38298
16,7244.754985,40750
17,7244.754985,43200
18,7244.754985,45641
19,7244.754985,48089
20,7244.754985,50535
21,7244.754985,52975
22,7244.754985,55415
23,7244.754985,57850
24,7244.754985,60293
25,7244.754985,62722
26,7244.754985,65155
27,7244.754985,67593
28,7244.754985,70026
29,7244.754985,72460
30,7244.754985,74885
31,7244.754985,77312
32,7244.754985,79761
33,7244.754985,82206
34,7244.754985,84636
35,7244.754985,87060
36,7244.754985,89490
37,7244.754985,91913
38,7244.754985,94339
39,7244.754985,96767
40,7244.754985,99184
41,7244.754985,101601
42,7244.754985,104039
43,7244.754985,106469
44,7244.754985,108891
45,7244.754985,111322
46,7244.754985,113749
47,7244.754985,116185
48,7244.754985,118616
49,7244.754985,121033
50,7244.754985,123464
51,7244.754985,125874
52,7244.754985,128293
53,7244.754985,130710
54,7244.754985,133149
55,7244.754985,135574
56,7244.754985,137998
57,7244.754985,140431
58,7244.754985,142844
59,7244.754985,145262
60,7244.754985,147679
61,7244.754985,150098
62,7244.754985,152523
63,7244.754985,154936
64,7244.754985,157365
65,7244.754985,159797
66,7244.754985,162227
67,7244.754985,164644
68,7244.754985,167076
69,7244.754985,169501
70,7244.754985,171927
71,7244.754985,174359
72,7244.754985,176790
73,7244.754985,179208
74,7244.754985,181643
75,7244.754985,184065
76,7244.754985,186492
77,7244.754985,188915
78,7244.754985,191343
79,7244.754985,193764
80,7244.754985,196176
81,7244.754985,198592
82,7244.754985,201015
83,7244.754985,203441
84,7244.754985,205866
85,7244.754985,208288
86,7244.754985,210713
87,7244.754985,213133
88,7244.754985,215548
89,7244.754985,217964
90,7244.754985,220382
91,7244.754985,222808
92,7244.754985,225221
93,7244.754985,227638
94,7244.754985,230063
95,7244.754985,232489
96,7244.754985,234911
97,7244.754985,237333
98,7244.754985,239764
99,7244.754985,242180
100,7244.754985,244600
101,7244.754985,247027
102,7244.754985,249447
103,7244.754985,251866
104,7244.754985,254286
105,7244.754985,256713
106,7244.754985,259132
107,7244.754985,261538
108,7244.754985,263970
109,7244.754985,266397
110,7244.754985,268825
111,7244.754985,271241
112,7244.754985,273655
113,7244.754985,276061
114,7244.754985,278465
115,7244.754985,280880
116,7244.754985,283292
117,7244.754985,285707
118,7244.754985,288119
119,7244.754985,290532
120,7244.754985,292941
121,7244.754985,295349
122,7244.754985,297763
123,7244.754985,300177
124,7244.754985,302589
125,7244.754985,305012
126,7244.754985,307447
127,7244.754985,309884
128,7244.754985,312296
129,7244.754985,314710
130,7244.754985,317129
131,7244.754985,319550
132,7244.754985,321975
133,7244.754985,324392
134,7244.754985,326819
135,7244.754985,329233
136,7244.754985,331655
137,7244.754985,334084
138,7244.754985,336510
139,7244.754985,338923
140,7244.754985,341346
141,7244.754985,343764
142,7244.754985,346176
143,7244.754985,348597
144,7244.754985,351021
145,7244.754985,353434
146,7244.754985,355870
147,7244.754985,358301
148,7244.754985,360721
149,7244.754985,363152
150,7244.754985,365576
151,7244.754985,368001
152,7244.754985,370428
153,7244.754985,372845
154,7244.754985,375265
155,7244.754985,377683
156,7244.754985,380104
157,7244.754985,382515
158,7244.754985,384920
159,7244.754985,387346
160,7244.754985,389768
161,7244.754985,392193
162,7244.754985,394615
163,7244.754985,397030
164,7244.754985,399445
165,7244.754985,401870
166,7244.754985,404288
167,7244.754985,406710
168,7244.754985,409121
169,7244.754985,411533
170,7244.754985,413941
171,7244.754985,416350
172,7244.754985,418773
173,7244.754985,421185
174,7244.754985,423599
175,7244.754985,426013
176,7244.754985,428430
177,7244.754985,430835
178,7244.754985,433247
179,7244.754985,435654
180,7244.754985,438054
181,7244.754985,440459
182,7244.754985,442865
183,7244.754985,445272
184,7244.754985,447684
185,7244.754985,450094
186,7244.754985,452507
187,7244.754985,454918
188,7244.754985,457326
189,7244.754985,459744
190,7244.754985,462156
191,7244.754985,464558
192,7244.754985,466961
193,7244.754985,469371
194,7244.754985,471779
195,7244.754985,474194
196,7244.754985,476603
197,7244.754985,479023
198,7244.754985,481438
199,7244.754985,483842
200,7244.754985,486243
201,7244.754985,488645
202,7244.754985,491057
203,7244.754985,493469
204,7244.754985,495872
205,7244.754985,498281
206,7244.754985,500698
207,7244.754985,503119
208,7244.754985,505534
209,7244.754985,507948
210,7244.754985,510365
211,7244.754985,512773
212,7244.754985,515186
213,7244.754985,517590
214,7244.754985,520003
215,7244.754985,522407
216,7244.754985,524812
217,7244.754985,527227
218,7244.754985,529642
219,7244.754985,532059
220,7244.754985,534482
221,7244.754985,536914
222,7244.754985,539344
223,7244.754985,541771
224,7244.754985,544195
225,7244.754985,546617
226,7244.754985,549027
227,7244.754985,551442
228,7244.754985,553864
229,7244.754985,556279
230,7244.754985,558698
231,7244.754985,561113
232,7244.754985,563532
233,7244.754985,565944
234,7244.754985,568356
235,7244.754985,570769
236,7244.754985,573193
237,7244.754985,575617
238,7244.754985,578021
239,7244.754985,580434
240,7244.754985,582855
241,7244.754985,585271
242,7244.754985,587694
243,7244.754985,590111
244,7244.754985,592515
245,7244.754985,594926
246,7244.754985,597341
247,7244.754985,599761
248,7244.754985,602179
249,7244.754985,604589
250,7244.754985,606997
251,7244.754985,609421
252,7244.754985,611829
253,7244.754985,614237
254,7244.754985,616639
255,7244.754985,619054
256,7244.754985,621473
257,7244.754985,623884
258,7244.754985,626294
259,7244.754985,628707
260,7244.754985,631122
261,7244.754985,633544
262,7244.754985,635960
263,7244.754985,638379
264,7244.754985,640793
265,7244.754985,643201
266,7244.754985,645615
267,7244.754985,648034
268,7244.754985,650443
269,7244.754985,652847
270,7244.754985,655251
271,7244.754985,657666
272,7244.754985,660082
273,7244.754985,662499
274,7244.754985,664908
275,7244.754985,667316
276,7244.754985,669717
277,7244.754985,672121
278,7244.754985,674526
279,7244.754985,676934
280,7244.754985,679349
281,7244.754985,681762
282,7244.754985,684167
283,7244.754985,686572
284,7244.754985,688972
285,7244.754985,691380
286,7244.754985,693796
287,7244.754985,696209
288,7244.722003,698646
289,7244.722003,701075
290,7244.722003,703517
291,7244.722003,705957
292,7244.722003,708393
293,7244.722003,710819
294,7244.722003,713257
295,7244.722003,715693
296,7244.722003,718112
297,7244.722003,720541
298,7244.722003,722964
299,7244.722003,725390
7244.722003,1.889198
1,7255.728417,2376
2,7250.505183,5001
3,7245.045959,7626
4,7244.917395,10249
5,7244.917395,12871
6,7244.754985,15481
7,7244.754985,18076
8,7244.754985,20658
9,7244.754985,23182
10,7244.754985,25694
11,7244.754985,28187
12,7244.754985,30692
13,7244.754985,33176
14,7244.754985,35636
15,7244.754985,38082
16,7244.754985,40522
17,7244.754985,42975
18,7244.754985,45419
19,7244.754985,47864
20,7244.754985,50304
21,7244.754985,52737
22,7244.754985,55179
23,7244.754985,57610
24,7244.754985,60050
25,7244.754985,62494
26,7244.754985,64934
27,7244.754985,67371
28,7244.754985,69805
29,7244.754985,72252
30,7244.754985,74686
31,7244.754985,77138
32,7244.754985,79578
33,7244.754985,82022
34,7244.754985,84459
35,7244.754985,86893
36,7244.754985,89320
37,7244.754985,91754
38,7244.754985,94192
39,7244.754985,96633
40,7244.754985,99069
41,7244.754985,101520
42,7244.754985,103966
43,7244.754985,106410
44,7244.754985,108839
45,7244.754985,111274
46,7244.754985,113711
47,7244.754985,116145
48,7244.754985,118571
49,7244.754985,120995
50,7244.754985,123429
51,7244.754985,125864
52,7244.754985,128295
53,7244.754985,130721
54,7244.754985,133156
55,7244.754985,135587
56,7244.754985,138013
57,7244.754985,140432
58,7244.754985,142855
59,7244.754985,145280
60,7244.754985,147714
61,7244.754985,150161
62,7244.754985,152593
63,7244.754985,155019
64,7244.754985,157451
65,7244.754985,159888
66,7244.754985,162307
67,7244.754985,164729
68,7244.754985,167148
69,7244.754985,169569
70,7244.754985,171993
71,7244.754985,174408
72,7244.754985,176833
73,7244.754985,179259
74,7244.754985,181681
75,7244.754985,184103
76,7244.754985,186536
77,7244.754985,188960
78,7244.754985,191377
79,7244.754985,193791
80,7244.754985,196225
81,7244.754985,198655
82,7244.754985,201080
83,7244.754985,203509
84,7244.754985,205937
85,7244.754985,208361
86,7244.754985,210770
87,7244.754985,213194
88,7244.754985,215601
89,7244.754985,218018
90,7244.754985,220436
91,7244.754985,222851
92,7244.754985,225274
93,7244.754985,227703
94,7244.754985,230133
95,7244.754985,232574
96,7244.754985,235003
97,7244.754985,237427
98,7244.754985,239861
99,7244.754985,242312
100,7244.754985,244749
101,7244.754985,247178
102,7244.754985,249614
103,7244.754985,252036
104,7244.754985,254453
105,7244.754985,256878
106,7244.754985,259308
107,7244.754985,261735
108,7244.754985,264178
109,7244.754985,266609
110,7244.754985,269049
111,7244.754985,271481
112,7244.754985,273900
113,7244.754985,276317
114,7244.754985,278738
115,7244.754985,281160
116,7244.754985,283582
117,7244.754985,285997
118,7244.754985,288421
119,7244.754985,290836
120,7244.754985,293251
121,7244.754985,295696
122,7244.754985,298125
123,7244.754985,300569
124,7244.754985,303008
125,7244.754985,305463
126,7244.754985,307908
127,7244.754985,310350
128,7244.754985,312812
129,7244.754985,315262
130,7244.754985,317699
131,7244.754985,320130
132,7244.754985,322555
133,7244.754985,324996
134,7244.754985,327431
135,7244.754985,329879
136,7244.754985,332331
137,7244.754985,334753
138,7244.754985,337187
139,7244.754985,339630
140,7244.754985,342086
141,7244.754985,344539
142,7244.754985,346978
143,7244.754985,349419
144,7244.754985,351856
145,7244.754985,354290
146,7244.754985,356715
147,7244.754985,359140
148,7244.754985,361567
149,7244.754985,363998
150,7244.754985,366434
151,7244.754985,368860
152,7244.754985,371281
153,7244.754985,373708
154,7244.754985,376138
155,7244.754985,378562
156,7244.754985,380984
157,7244.754985,383409
158,7244.754985,385832
159,7244.754985,388246
160,7244.754985,390669
161,7244.754985,393090
162,7244.754985,395510
163,7244.754985,397933
164,7244.754985,400366
165,7244.754985,402785
166,7244.754985,405213
167,7244.754985,407642
168,7244.754985,410066
169,7244.754985,412499
170,7244.754985,414929
171,7244.754985,417341
172,7244.754985,419769
173,7244.754985,422200
174,7244.754985,424619
175,7244.754985,427050
176,7244.754985,429473
177,7244.754985,431888
178,7244.754985,434305
179,7244.754985,436738
180,7244.754985,439171
181,7244.754985,441599
182,7244.754985,444031
183,7244.754985,446460
184,7244.754985,448884
185,7244.754985,451311
186,7244.754985,453730
187,7244.754985,456142
188,7244.754985,458555
189,7244.754985,460987
190,7244.754985,463396
191,7244.754985,465806
192,7244.754985,468216
193,7244.754985,470633
194,7244.754985,473056
195,7244.754985,475473
196,7244.754985,477897
197,7244.754985,480324
198,7244.754985,482765
199,7244.754985,485193
200,7244.754985,487622
201,7244.754985,490049
202,7244.754985,492475
203,7244.754985,494901
204,7244.754985,497328
205,7244.754985,499756
206,7244.754985,502178
207,7244.754985,504591
208,7244.754985,507005
209,7244.754985,509424
210,7244.754985,511838
211,7244.754985,514256
212,7244.754985,516663
213,7244.754985,519084
214,7244.754985,521507
215,7244.754985,523929
216,7244.754985,526348
217,7244.754985,528761
218,7244.754985,531173
219,7244.754985,533587
220,7244.754985,536001
221,7244.754985,538416
222,7244.754985,540823
223,7244.754985,543235
224,7244.754985,545647
225,7244.754985,548067
226,7244.754985,550493
227,7244.754985,552922
228,7244.754985,555344
229,7244.754985,557776
230,7244.754985,560205
231,7244.754985,562626
232,7244.754985,565039
233,7244.754985,567448
234,7244.754985,569861
235,7244.754985,572270
236,7244.754985,574681
237,7244.754985,577087
238,7244.754985,579494
239,7244.754985,581911
240,7244.754985,584332
241,7244.754985,586753
242,7244.754985,589173
243,7244.754985,591586
244,7244.754985,593999
245,7244.754985,596413
246,7244.754985,598832
247,7244.754985,601248
248,7244.754985,603660
249,7244.754985,606071
250,7244.754985,608486
251,7244.754985,610905
252,7244.754985,613317
253,7244.754985,615727
254,7244.754985,618133
255,7244.754985,620561
256,7244.754985,622996
257,7244.754985,625426
258,7244.754985,627855
259,7244.754985,630280
260,7244.754985,632698
261,7244.754985,635122
262,7244.754985,637537
263,7244.754985,639954
264,7244.754985,642371
265,7244.754985,644784
266,7244.754985,647196
267,7244.754985,649611
268,7244.754985,652019
269,7244.754985,654432
270,7244.754985,656853
271,7244.754985,659271
272,7244.754985,661686
273,7244.754985,664111
274,7244.754985,666533
275,7244.754985,668957
276,7244.754985,671383
277,7244.754985,673801
278,7244.754985,676219
279,7244.754985,678637
280,7244.754985,681051
281,7244.754985,683474
282,7244.754985,685891
283,7244.754985,688309
284,7244.754985,690730
285,7244.754985,693152
286,7244.754985,695563
287,7244.754985,697974
288,7244.754985,700387
289,7244.754985,702807
290,7244.754985,705229
291,7244.754985,707662
292,7244.754985,710091
293,7244.754985,712523
294,7244.754985,714958
295,7244.754985,717384
296,7244.754985,719817
297,7244.754985,722237
298,7244.754985,724659
7244.754985,1.897021
1,7252.132909,2376
2,7247.213811,5002
3,7245.079069,7628
4,7245.045959,10253
5,7244.805531,12875
6,7244.782536,15494
7,7244.754985,18091
8,7244.754985,20643
9,7244.754985,23149
10,7244.754985,25646
11,7244.754985,28136
12,7244.754985,30619
13,7244.754985,33103
14,7244.754985,35575
15,7244.754985,38035
16,7244.754985,40487
17,7244.754985,42920
18,7244.754985,45357
19,7244.754985,47793
20,7244.754985,50212
21,7244.754985,52642
22,7244.754985,55077
23,7244.754985,57507
24,7244.754985,59953
25,7244.754985,62392
26,7244.754985,64823
27,7244.754985,67263
28,7244.754985,69701
29,7244.754985,72142
30,7244.754985,74573
31,7244.754985,77002
32,7244.754985,79436
33,7244.754985,81861
34,7244.754985,84289
35,7244.754985,86723
36,7244.754985,89147
37,7244.754985,91582
38,7244.754985,94012
39,7244.754985,96448
40,7244.754985,98874
41,7244.754985,101304
42,7244.754985,103723
43,7244.754985,106151
44,7244.754985,108584
45,7244.754985,111014
46,7244.754985,113442
47,7244.754985,115868
48,7244.754985,118280
49,7244.754985,120695
50,7244.754985,123113
51,7244.754985,125523
52,7244.754985,127935
53,7244.754985,130356
54,7244.754985,132775
55,7244.754985,135196
56,7244.754985,137616
57,7244.754985,140048
58,7244.754985,142489
59,7244.754985,144929
60,7244.754985,147352
61,7244.754985,149776
62,7244.754985,152189
63,7244.754985,154601
64,7244.754985,157032
65,7244.754985,159450
66,7244.754985,161874
67,7244.754985,164292
68,7244.754985,166715
69,7244.754985,169135
70,7244.754985,171553
71,7244.754985,173977
72,7244.754985,176405
73,7244.754985,178836
74,7244.754985,181262
75,7244.754985,183682
76,7244.754985,186096
77,7244.754985,188516
78,7244.754985,190941
79,7244.754985,193356
80,7244.754985,195765
81,7244.754985,198168
82,7244.754985,200575
83,7244.754985,202979
84,7244.754985,205387
85,7244.754985,207805
86,7244.754985,210234
87,7244.754985,212659
88,7244.754985,215079
89,7244.754985,217504
90,7244.754985,219932
91,7244.754985,222369
92,7244.754985,224798
93,7244.754985,227228
94,7244.754985,229642
95,7244.754985,232054
96,7244.754985,234476
97,7244.754985,236889
98,7244.754985,239316
99,7244.754985,241733
100,7244.754985,244148
101,7244.754985,246559
102,7244.754985,248965
103,7244.754985,251377
104,7244.754985,253785
105,7244.754985,256186
106,7244.754985,258615
107,7244.754985,261033
108,7244.754985,263461
109,7244.754985,265877
110,7244.754985,268295
111,7244.754985,270715
112,7244.754985,273124
113,7244.754985,275534
114,7244.754985,277959
115,7244.754985,280384
116,7244.754985,282812
117,7244.754985,285231
118,7244.754985,287643
119,7244.754985,290059
120,7244.754985,292480
121,7244.754985,294899
122,7244.754985,297319
123,7244.754985,299733
124,7244.754985,302154
125,7244.754985,304561
126,7244.754985,306966
127,7244.754985,309374
128,7244.754985,311793
129,7244.754985,314203
130,7244.754985,316613
131,7244.754985,319025
132,7244.754985,321439
133,7244.754985,323858
134,7244.754985,326265
135,7244.754985,328679
136,7244.754985,331089
137,7244.754985,333502
138,7244.754985,335921
139,7244.754985,338337
140,7244.754985,340740
141,7244.754985,343153
142,7244.754985,345566
143,7244.754985,347984
144,7244.754985,350405
145,7244.754985,352821
146,7244.754985,355243
147,7244.754985,357670
148,7244.754985,360091
149,7244.754985,362512
150,7244.754985,364924
151,7244.754985,367343
152,7244.754985,369761
153,7244.754985,372181
154,7244.754985,374598
155,7244.754985,377009
156,7244.754985,379425
157,7244.754985,381833
158,7244.754985,384247
159,7244.754985,386656
160,7244.754985,389059
161,7244.754985,391476
162,7244.754985,393891
163,7244.754985,396294
164,7244.754985,398700
165,7244.754985,401118
166,7244.754985,403532
167,7244.754985,405942
168,7244.754985,408370
169,7244.754985,410785
170,7244.754985,413200
171,7244.754985,415608
172,7244.754985,418015
173,7244.754985,420431
174,7244.754985,422850
175,7244.754985,425250
176,7244.754985,427655
177,7244.754985,430075
178,7244.754985,432494
179,7244.754985,434909
180,7244.754985,437326
181,7244.754985,439751
182,7244.754985,442169
183,7244.754985,444580
184,7244.754985,446990
185,7244.754985,449401
186,7244.754985,451813
187,7244.754985,454229
188,7244.754985,456642
189,7244.754985,459053
190,7244.754985,461459
191,7244.754985,463863
192,7244.754985,466269
193,7244.754985,468680
194,7244.754985,471095
195,7244.754985,473508
196,7244.754985,475918
197,7244.754985,478326
198,7244.754985,480735
199,7244.754985,483134
200,7244.754985,485533
201,7244.754985,487937
202,7244.754985,490346
203,7244.754985,492763
204,7244.754985,495176
205,7244.754985,497582
206,7244.754985,499996
207,7244.754985,502414
208,7244.754985,504834
209,7244.754985,507247
210,7244.754985,509668
211,7244.754985,512087
212,7244.754985,514502
213,7244.754985,516911
214,7244.754985,519332
215,7244.754985,521753
216,7244.754985,524170
217,7244.754985,526577
218,7244.754985,528986
219,7244.754985,531400
220,7244.754985,533810
221,7244.754985,536223
222,7244.754985,538632
223,7244.754985,541039
224,7244.754985,543447
225,7244.754985,545858
226,7244.754985,548277
227,7244.754985,550683
228,7244.754985,553098
229,7244.754985,555509
230,7244.754985,557911
231,7244.754985,560314
232,7244.754985,562720
233,7244.754985,565129
234,7244.754985,567543
235,7244.754985,569952
236,7244.754985,572355
237,7244.754985,574769
238,7244.754985,577177
239,7244.754985,579588
240,7244.754985,582001
241,7244.754985,584411
242,7244.754985,586816
243,7244.754985,589220
244,7244.754985,591619
245,7244.754985,594032
246,7244.754985,596445
247,7244.754985,598853
248,7244.754985,601255
249,7244.754985,603663
250,7244.754985,606081
251,7244.754985,608495
252,7244.754985,610909
253,7244.754985,613324
254,7244.754985,615733
255,7244.754985,618145
256,7244.754985,620564
257,7244.754985,622986
258,7244.754985,625399
259,7244.754985,627820
260,7244.754985,630240
261,7244.754985,632654
262,7244.754985,635079
263,7244.754985,637497
264,7244.754985,639908
265,7244.754985,642324
266,7244.754985,644735
267,7244.754985,647143
268,7244.754985,649549
269,7244.754985,651957
270,7244.754985,654370
271,7244.754985,656785
272,7244.754985,659208
273,7244.754985,661633
274,7244.754985,664062
275,7244.754985,666489
276,7244.754985,668915
277,7244.754985,671332
278,7244.754985,673747
279,7244.754985,676164
280,7244.754985,678575
281,7244.754985,680985
282,7244.754985,683400
283,7244.754985,685814
284,7244.754985,688229
285,7244.754985,690640
286,7244.754985,693045
287,7244.754985,695463
288,7244.754985,697890
289,7244.754985,700314
290,7244.754985,702740
291,7244.754985,705167
292,7244.754985,707581
293,7244.754985,709996
294,7244.754985,712413
295,7244.754985,714830
296,7244.754985,717254
297,7244.754985,719673
298,7244.754985,722092
299,7244.754985,724507
7244.754985,1.883947
1,7253.618866,2376
2,7253.618866,5008
3,7245.197610,7640
4,7244.889168,10270
5,7244.805531,12899
6,7244.805531,15512
7,7244.782536,18126
8,7244.754985,20682
9,7244.754985,23190
10,7244.754985,25682
11,7244.754985,28166
12,7244.754985,30651
13,7244.754985,33109
14,7244.754985,35552
15,7244.754985,37993
16,7244.754985,40433
17,7244.754985,42877
18,7244.754985,45322
19,7244.754985,47759
20,7244.754985,50195
21,7244.754985,52622
22,7244.754985,55047
23,7244.754985,57478
24,7244.754985,59912
25,7244.754985,62354
26,7244.754985,64789
27,7244.754985,67232
28,7244.754985,69671
29,7244.754985,72096
30,7244.754985,74528
31,7244.754985,76966
32,7244.754985,79412
33,7244.754985,81859
34,7244.754985,84295
35,7244.754985,86730
36,7244.754985,89168
37,7244.754985,91608
38,7244.754985,94033
39,7244.754985,96461
40,7244.754985,98872
41,7244.754985,101304
42,7244.754985,103733
43,7244.754985,106157
44,7244.754985,108577
45,7244.754985,111005
46,7244.754985,113426
47,7244.754985,115850
48,7244.754985,118277
49,7244.754985,120700
50,7244.754985,123130
51,7244.754985,125549
52,7244.754985,127968
53,7244.754985,130388
54,7244.754985,132804
55,7244.754985,135238
56,7244.754985,137667
57,7244.754985,140090
58,7244.754985,142512
59,7244.754985,144927
60,7244.754985,147348
61,7244.754985,149766
62,7244.754985,152194
63,7244.754985,154620
64,7244.754985,157064
65,7244.754985,159489
66,7244.754985,161917
67,7244.754985,164345
68,7244.754985,166773
69,7244.754985,169191
70,7244.754985,171616
71,7244.754985,174050
72,7244.754985,176476
73,7244.754985,178902
74,7244.754985,181319
75,7244.754985,183737
76,7244.754985,186152
77,7244.754985,188576
78,7244.754985,190999
79,7244.754985,193411
80,7244.754985,195837
81,7244.754985,198254
82,7244.754985,200663
83,7244.754985,203090
84,7244.754985,205525
85,7244.754985,207963
86,7244.754985,210392
87,7244.754985,212822
88,7244.754985,215247
89,7244.754985,217666
90,7244.754985,220093
91,7244.754985,222520
92,7244.754985,224934
93,7244.754985,227351
94,7244.754985,229777
95,7244.754985,232201
96,7244.754985,234621
97,7244.754985,237042
98,7244.754985,239472
99,7244.754985,241884
100,7244.754985,244302
101,7244.754985,246718
102,7244.754985,249135
103,7244.754985,251550
104,7244.754985,253962
105,7244.754985,256369
106,7244.754985,258795
107,7244.754985,261226
108,7244.754985,263656
109,7244.754985,266085
110,7244.754985,268512
111,7244.754985,270932
112,7244.754985,273354
113,7244.754985,275775
114,7244.754985,278200
115,7244.754985,280628
116,7244.754985,283049
117,7244.754985,285474
118,7244.754985,287891
119,7244.754985,290316
120,7244.754985,292745
121,7244.754985,295173
122,7244.754985,297593
123,7244.754985,300022
124,7244.754985,302451
125,7244.754985,304875
126,7244.754985,307301
127,7244.754985,309730
128,7244.754985,312158
129,7244.754985,314595
130,7244.754985,317033
131,7244.754985,319472
132,7244.754985,321905
133,7244.754985,324329
134,7244.754985,326760
135,7244.754985,329185
136,7244.754985,331598
137,7244.754985,334028
138,7244.754985,336464
139,7244.754985,338895
140,7244.754985,341329
141,7244.754985,343757
142,7244.754985,346195
143,7244.754985,348621
144,7244.754985,351047
145,7244.754985,353475
146,7244.754985,355912
147,7244.754985,358345
148,7244.754985,360782
149,7244.754985,363212
150,7244.754985,365643
151,7244.754985,368066
152,7244.754985,370492
153,7244.754985,372904
154,7244.754985,375323
155,7244.754985,377738
156,7244.754985,380155
157,7244.754985,382585
158,7244.754985,384999
159,7244.754985,387406
160,7244.754985,389810
161,7244.754985,392216
162,7244.754985,394631
163,7244.754985,397039
164,7244.754985,399448
165,7244.754985,401850
166,7244.754985,404257
167,7244.754985,406666
168,7244.754985,409075
169,7244.754985,411473
170,7244.754985,413878
171,7244.754985,416284
172,7244.754985,418680
173,7244.754985,421086
174,7244.754985,423507
175,7244.754985,425933
176,7244.754985,428351
177,7244.754985,430775
178,7244.754985,433204
179,7244.754985,435631
180,7244.754985,438058
181,7244.754985,440488
182,7244.754985,442916
183,7244.754985,445351
184,7244.754985,447785
185,7244.754985,450205
186,7244.754985,452627
187,7244.754985,455064
188,7244.754985,457495
189,7244.754985,459920
190,7244.754985,462346
191,7244.754985,464764
192,7244.754985,467188
193,7244.754985,469616
194,7244.754985,472034
195,7244.754985,474448
196,7244.754985,476862
197,7244.754985,479276
198,7244.754985,481687
199,7244.754985,484098
200,7244.754985,486500
201,7244.754985,488914
202,7244.754985,491328
203,7244.754985,493736
204,7244.754985,496157
205,7244.754985,498580
206,7244.754985,500989
207,7244.754985,503417
208,7244.754985,505835
209,7244.754985,508258
210,7244.754985,510678
211,7244.754985,513094
212,7244.754985,515509
213,7244.754985,517920
214,7244.754985,520336
215,7244.754985,522742
216,7244.754985,525157
217,7244.754985,527573
218,7244.754985,529980
219,7244.754985,532380
220,7244.754985,534786
221,7244.754985,537208
222,7244.754985,539627
223,7244.754985,542047
224,7244.754985,544468
225,7244.754985,546888
226,7244.754985,549307
227,7244.754985,551723
228,7244.754985,554144
229,7244.754985,556555
230,7244.754985,558964
231,7244.754985,561367
232,7244.754985,563777
233,7244.754985,566204
234,7244.754985,568627
235,7244.754985,571042
236,7244.754985,573460
237,7244.754985,575884
238,7244.754985,578297
239,7244.754985,580717
240,7244.754985,583131
241,7244.754985,585547
242,7244.754985,587961
243,7244.754985,590373
244,7244.754985,592791
245,7244.754985,595218
246,7244.754985,597634
247,7244.754985,600048
248,7244.754985,602459
249,7244.754985,604873
250,7244.754985,607297
251,7244.754985,609723
252,7244.754985,612148
253,7244.754985,614562
254,7244.754985,616970
255,7244.754985,619386
256,7244.754985,621814
257,7244.754985,624235
258,7244.754985,626651
259,7244.754985,629083
260,7244.754985,631509
261,7244.754985,633932
262,7244.754985,636365
263,7244.754985,638789
264,7244.754985,641221
265,7244.754985,643643
266,7244.754985,646078
267,7244.754985,648510
268,7244.754985,650927
269,7244.754985,653351
270,7244.754985,655773
271,7244.754985,658191
272,7244.754985,660625
273,7244.754985,663054
274,7244.754985,665475
275,7244.754985,667902
276,7244.754985,670337
277,7244.754985,672761
278,7244.754985,675184
279,7244.754985,677609
280,7244.754985,680042
281,7244.754985,682466
282,7244.754985,684882
283,7244.754985,687293
284,7244.754985,689700
285,7244.754985,692104
286,7244.754985,694511
287,7244.754985,696925
288,7244.754985,699344
289,7244.754985,701763
290,7244.754985,704173
291,7244.754985,706594
292,7244.754985,709008
293,7244.754985,711412
294,7244.754985,713821
295,7244.754985,716244
296,7244.754985,718670
297,7244.754985,721087
298,7244.754985,723500
7244.754985,1.865710
1,7259.447957,2376
2,7252.515428,5035
3,7245.045959,7694
4,7245.045959,10352
5,7244.782536,13008
6,7244.782536,15653
7,7244.754985,18284
8,7244.754985,20894
9,7244.754985,23447
10,7244.754985,25962
11,7244.754985,28466
12,7244.754985,30970
13,7244.754985,33457
14,7244.754985,35924
15,7244.754985,38384
16,7244.754985,40844
17,7244.754985,43291
18,7244.754985,45736
19,7244.754985,48180
20,7244.754985,50613
21,7244.754985,53054
22,7244.754985,55493
23,7244.754985,57934
24,7244.754985,60369
25,7244.754985,62812
26,7244.754985,65247
27,7244.754985,67688
28,7244.754985,70132
29,7244.754985,72571
30,7244.754985,75010
31,7244.754985,77440
32,7244.754985,79867
33,7244.754985,82309
34,7244.754985,84740
35,7244.754985,87177
36,7244.754985,89624
37,7244.754985,92062
38,7244.754985,94493
39,7244.754985,96923
40,7244.754985,99346
41,7244.754985,101767
42,7244.754985,104195
43,7244.754985,106626
44,7244.754985,109053
45,7244.754985,111487
46,7244.754985,113916
47,7244.754985,116346
48,7244.754985,118778
49,7244.754985,121208
50,7244.754985,123644
51,7244.754985,126084
52,7244.754985,128518
53,7244.754985,130942
54,7244.754985,133370
55,7244.754985,135782
56,7244.754985,138207
57,7244.754985,140628
58,7244.754985,143048
59,7244.754985,145464
60,7244.754985,147895
61,7244.754985,150322
62,7244.754985,152741
63,7244.754985,155163
64,7244.754985,157593
65,7244.754985,160006
66,7244.754985,162445
67,7244.754985,164867
68,7244.754985,167291
69,7244.754985,169712
70,7244.754985,172139
71,7244.754985,174561
72,7244.754985,176977
73,7244.754985,179402
74,7244.754985,181826
75,7244.754985,184246
76,7244.754985,186667
77,7244.754985,189093
78,7244.754985,191512
79,7244.754985,193937
80,7244.754985,196363
81,7244.754985,198791
82,7244.754985,201212
83,7244.754985,203627
84,7244.754985,206064
85,7244.754985,208498
86,7244.754985,210929
87,7244.754985,213366
88,7244.754985,215789
89,7244.754985,218208
90,7244.754985,220639
91,7244.754985,223064
92,7244.754985,225491
93,7244.754985,227917
94,7244.754985,230336
95,7244.754985,232752
96,7244.754985,235168
97,7244.754985,237586
98,7244.754985,240010
99,7244.754985,242431
100,7244.754985,244846
101,7244.754985,247270
102,7244.754985,249694
103,7244.754985,252111
104,7244.754985,254518
105,7244.754985,256934
106,7244.754985,259351
107,7244.754985,261766
108,7244.754985,264182
109,7244.754985,266597
110,7244.754985,269012
111,7244.754985,271428
112,7244.754985,273849
113,7244.754985,276262
114,7244.754985,278682
115,7244.754985,281097
116,7244.754985,283508
117,7244.754985,285909
118,7244.754985,288319
119,7244.754985,290723
120,7244.754985,293137
121,7244.754985,295571
122,7244.754985,298002
123,7244.754985,300433
124,7244.754985,302869
125,7244.754985,305295
126,7244.754985,307719
127,7244.754985,310135
128,7244.754985,312563
129,7244.754985,314989
130,7244.754985,317411
131,7244.754985,319820
132,7244.754985,322230
133,7244.754985,324644
134,7244.754985,327058
135,7244.754985,329478
136,7244.754985,331903
137,7244.754985,334323
138,7244.754985,336744
139,7244.754985,339158
140,7244.754985,341564
141,7244.754985,343974
142,7244.754985,346392
143,7244.754985,348812
144,7244.754985,351229
145,7244.754985,353635
146,7244.754985,356032
147,7244.754985,358438
148,7244.754985,360853
149,7244.754985,363266
150,7244.754985,365675
151,7244.754985,368098
152,7244.754985,370513
153,7244.754985,372927
154,7244.754985,375334
155,7244.754985,377740
156,7244.754985,380159
157,7244.754985,382560
158,7244.754985,384961
159,7244.754985,387367
160,7244.754985,389766
161,7244.754985,392172
162,7244.754985,394575
163,7244.754985,396978
164,7244.754985,399393
165,7244.754985,401808
166,7244.754985,404228
167,7244.754985,406650
168,7244.754985,409088
169,7244.754985,411520
170,7244.754985,413946
171,7244.754985,416384
172,7244.754985,418814
173,7244.754985,421241
174,7244.754985,423661
175,7244.754985,426082
176,7244.754985,428509
177,7244.754985,430929
178,7244.754985,433364
179,7244.754985,435785
180,7244.754985,438204
181,7244.754985,440625
182,7244.754985,443043
183,7244.754985,445461
184,7244.754985,447870
185,7244.754985,450278
186,7244.754985,452681
187,7244.754985,455082
188,7244.754985,457493
189,7244.754985,459899
190,7244.754985,462316
191,7244.754985,464726
192,7244.754985,467126
193,7244.754985,469531
194,7244.754985,471941
195,7244.754985,474349
196,7244.754985,476762
197,7244.754985,479170
198,7244.754985,481576
199,7244.754985,483982
200,7244.754985,486385
201,7244.754985,488799
202,7244.754985,491212
203,7244.754985,493620
204,7244.754985,496039
205,7244.754985,498454
206,7244.754985,500866
207,7244.754985,503269
208,7244.754985,505673
209,7244.754985,508096
210,7244.754985,510503
211,7244.754985,512926
212,7244.754985,515339
213,7244.754985,517773
214,7244.754985,520200
215,7244.754985,522623
216,7244.754985,525040
217,7244.754985,527460
218,7244.754985,529889
219,7244.754985,532310
220,7244.754985,534722
221,7244.754985,537131
222,7244.754985,539536
223,7244.754985,541948
224,7244.754985,544368
225,7244.754985,546791
226,7244.754985,549223
227,7244.754985,551636
228,7244.754985,554063
229,7244.754985,556476
230,7244.754985,558887
231,7244.754985,561297
232,7244.754985,563712
233,7244.754985,566117
234,7244.754985,568536
235,7244.754985,570958
236,7244.754985,573389
237,7244.754985,575827
238,7244.754985,578255
239,7244.754985,580680
240,7244.754985,583104
241,7244.754985,585517
242,7244.754985,587931
243,7244.754985,590353
244,7244.754985,592776
245,7244.754985,595201
246,7244.754985,597620
247,7244.754985,600049
248,7244.754985,602474
249,7244.754985,604897
250,7244.754985,607323
251,7244.754985,609733
252,7244.754985,612148
253,7244.754985,614571
254,7244.754985,616976
255,7244.754985,619385
256,7244.754985,621800
257,7244.754985,624216
258,7244.754985,626639
259,7244.754985,629064
260,7244.754985,631489
261,7244.754985,633899
262,7244.754985,636317
263,7244.754985,638754
264,7244.754985,641184
265,7244.754985,643612
266,7244.754985,646042
267,7244.754985,648460
268,7244.754985,650878
269,7244.754985,653305
270,7244.754985,655725
271,7244.754985,658156
272,7244.754985,660585
273,7244.754985,663006
274,7244.754985,665427
275,7244.754985,667850
276,7244.754985,670263
277,7244.754985,672687
278,7244.754985,675118
279,7244.754985,677547
280,7244.754985,679984
281,7244.754985,682414
282,7244.754985,684838
283,7244.754985,687262
284,7244.754985,689691
285,7244.754985,692112
286,7244.754985,694537
287,7244.754985,696952
288,7244.754985,699372
289,7244.754985,701788
290,7244.754985,704201
291,7244.754985,706614
292,7244.754985,709028
293,7244.754985,711439
294,7244.754985,713843
295,7244.754985,716253
296,7244.754985,718667
297,7244.754985,721090
298,7244.754985,723511
7244.754985,1.866749
