1,19589.206119,2376
2,18725.275344,5040
3,18347.222926,7701
4,18150.118430,10356
5,18028.327105,13004
6,17846.393832,15646
7,17788.725629,18291
8,17732.495769,20935
9,17732.495769,23592
10,17692.534642,26251
11,17664.493733,28914
12,17642.572207,31574
13,17639.694414,34234
14,17639.694414,36894
15,17639.694414,39552
16,17624.414300,42209
17,17624.245336,44866
18,17622.326392,47526
19,17622.326392,50183
20,17622.292019,52840
21,17620.340718,55498
22,17620.340718,58156
23,17618.093041,60815
24,17618.093041,63476
25,17618.093041,66137
26,17618.093041,68800
27,17618.093041,71462
28,17618.093041,74125
29,17618.093041,76788
30,17618.093041,79452
31,17618.093041,82116
32,17615.563456,84780
33,17615.563456,87442
34,17615.563456,90106
35,17615.563456,92770
36,17615.563456,95433
37,17615.563456,98097
38,17615.563456,100761
39,17615.563456,103425
40,17615.563456,106089
41,17615.563456,108754
42,17615.563456,111417
43,17615.563456,114082
44,17615.563456,116746
45,17615.563456,119411
46,17615.563456,122075
47,17615.563456,124740
48,17615.563456,127402
49,17615.563456,130067
50,17611.865588,132732
51,17611.865588,135397
52,17611.865588,138060
53,17611.865588,140725
54,17610.155874,143390
55,17609.817873,146053
56,17607.807947,148718
57,17607.807947,151383
58,17607.807947,154048
59,17607.807947,156713
60,17607.807947,159378
61,17607.807947,162043
62,17607.173963,164707
63,17607.173963,167372
64,17607.173963,170037
65,17607.173963,172702
66,17607.173963,175367
67,17606.068545,178032
68,17606.068545,180697
69,17605.873874,183362
70,17605.873874,186027
71,17605.873874,188692
72,17605.873874,191357
73,17605.873874,194022
74,17605.873874,196687
75,17605.873874,199352
76,17605.873874,202017
77,17605.873874,204682
78,17605.873874,207347
79,17605.873874,210012
80,17605.873874,212677
81,17605.873874,215342
82,17605.873874,218007
83,17605.873874,220672
84,17605.873874,223337
85,17605.873874,226002
86,17605.873874,228667
87,17605.873874,231332
88,17605.824749,233997
89,17605.824749,236662
90,17605.244082,239327
91,17605.244082,241992
92,17605.244082,244657
93,17605.244082,247322
94,17604.475540,249987
95,17604.475540,252652
96,17604.475540,255317
97,17604.475540,257982
98,17604.475540,260647
99,17604.475540,263312
100,17604.475540,265977
101,17604.475540,268642
102,17604.475540,271307
103,17604.475540,273972
104,17604.475540,276637
105,17604.475540,279302
106,17604.475540,281967
107,17604.475540,284632
108,17604.475540,287297
109,17604.475540,289962
110,17604.341615,292627
111,17604.341615,295292
112,17604.341615,297957
113,17604.341615,300622
114,17604.341615,303287
115,17604.341615,305952
116,17603.662966,308617
117,17603.662966,311282
118,17603.662966,313947
119,17603.662966,316612
120,17603.662966,319277
121,17603.662966,321942
122,17603.662966,324607
123,17603.662966,327272
124,17603.662966,329937
125,17603.662966,332602
126,17603.662966,335267
127,17603.662966,337932
128,17603.662966,340597
129,17603.662966,343262
130,17603.662966,345927
131,17602.503861,348592
132,17602.503861,351257
133,17602.503861,353922
134,17602.503861,356587
135,17602.503861,359252
136,17602.503861,361917
137,17602.503861,364582
138,17602.503861,367247
139,17602.503861,369912
140,17602.503861,372577
141,17602.503861,375242
142,17602.503861,377907
143,17602.503861,380572
144,17600.312439,383237
145,17600.312439,385902
146,17600.312439,388567
147,17600.312439,391232
148,17600.312439,393897
149,17600.312439,396562
150,17599.812567,399227
151,17599.812567,401892
152,17599.812567,404557
153,17599.812567,407222
154,17599.812567,409887
155,17599.812567,412552
156,17599.812567,415217
157,17599.812567,417882
158,17599.812567,420547
159,17599.812567,423212
160,17599.812567,425877
161,17599.812567,428542
162,17599.812567,431207
163,17599.812567,433872
164,17599.812567,436537
165,17599.812567,439202
166,17599.812567,441867
167,17599.812567,444532
168,17599.812567,447197
169,17599.812567,449862
170,17599.812567,452527
171,17599.812567,455192
172,17599.812567,457857
173,17599.812567,460522
174,17599.812567,463187
175,17599.812567,465852
176,17599.812567,468517
177,17599.812567,471182
178,17599.812567,473847
179,17599.812567,476512
180,17599.812567,479177
181,17599.812567,481842
182,17599.812567,484507
183,17599.812567,487172
184,17599.812567,489837
185,17599.812567,492502
186,17599.812567,495167
187,17599.812567,497832
188,17599.812567,500497
189,17599.812567,503162
190,17599.812567,505827
191,17599.812567,508492
192,17599.812567,511157
193,17599.812567,513822
194,17599.812567,516487
195,17599.812567,519152
196,17599.812567,521817
197,17599.812567,524482
198,17599.812567,527147
199,17599.812567,529812
200,17599.812567,532477
201,17599.812567,535142
202,17599.812567,537807
203,17599.812567,540472
204,17599.812567,543137
205,17599.812567,545802
206,17599.812567,548467
207,17599.812567,551132
208,17599.812567,553797
209,17599.812567,556462
210,17599.812567,559127
211,17598.785949,561792
212,17598.785949,564457
213,17598.243772,567122
214,17598.243772,569787
215,17598.243772,572452
216,17598.243772,575117
217,17598.243772,577782
218,17598.243772,580447
219,17598.243772,583112
220,17598.243772,585777
221,17598.243772,588442
222,17598.243772,591107
223,17598.243772,593772
224,17598.243772,596437
225,17598.243772,599102
226,17598.243772,601767
227,17598.243772,604432
228,17598.243772,607097
229,17598.243772,609762
230,17598.243772,612427
231,17598.243772,615092
232,17598.243772,617757
233,17598.243772,620422
234,17598.243772,623087
235,17598.243772,625752
236,17598.243772,628417
237,17598.243772,631082
238,17598.243772,633747
239,17598.243772,636412
240,17598.243772,639077
241,17598.243772,641742
242,17598.243772,644407
243,17598.243772,647072
244,17598.243772,649737
245,17598.243772,652402
246,17598.243772,655067
247,17598.243772,657732
248,17598.243772,660397
249,17598.243772,663062
250,17598.243772,665727
251,17598.243772,668392
252,17598.243772,671057
253,17598.243772,673722
254,17598.243772,676387
255,17598.243772,679052
256,17598.243772,681717
257,17598.243772,684382
258,17598.243772,687047
259,17598.243772,689712
260,17598.243772,692377
261,17598.243772,695042
262,17598.243772,697707
263,17598.243772,700372
264,17598.243772,703037
265,17598.243772,705702
266,17598.243772,708367
267,17598.243772,711032
268,17598.243772,713697
269,17598.243772,716362
270,17598.243772,719027
271,17598.243772,721692
272,17598.243772,724357
273,17598.243772,727022
274,17598.243772,729687
275,17598.243772,732352
276,17596.633476,735017
277,17596.633476,737682
278,17596.633476,740347
279,17596.633476,743012
280,17596.633476,745677
281,17596.115998,748342
282,17596.115998,751007
283,17596.115998,753672
284,17596.115601,756337
285,17595.182910,759002
286,17595.182910,761667
287,17595.182910,764332
288,17595.182910,766997
289,17595.182910,769662
290,17595.182910,772327
291,17595.182910,774992
292,17595.182910,777657
293,17595.182910,780322
294,17595.182910,782987
295,17595.182910,785652
296,17595.182910,788317
297,17595.182910,790982
298,17595.182910,793647
299,17595.182910,796312
300,17595.182910,798977
301,17595.182910,801642
302,17595.182910,804307
303,17595.182910,806972
304,17595.182910,809637
305,17595.182910,812302
306,17595.182910,814967
307,17595.182910,817632
17595.182910,83.374417
1,19550.841601,2376
2,18737.451116,5016
3,18359.821891,7654
4,18202.229530,10291
5,18066.869798,12921
6,17912.585738,15546
7,17811.501178,18158
8,17781.783736,20780
9,17747.555698,23412
10,17744.120999,26048
11,17737.044680,28682
12,17634.705895,31317
13,17633.195145,33952
14,17625.225609,36584
15,17614.849448,39219
16,17614.016894,41854
17,17614.016894,44489
18,17614.016894,47126
19,17614.016894,49763
20,17614.016894,52401
21,17608.455144,55038
22,17608.455144,57673
23,17608.455144,60307
24,17608.325915,62942
25,17608.325915,65577
26,17604.142673,68212
27,17602.451203,70848
28,17597.788753,73485
29,17597.788753,76122
30,17597.788753,78759
31,17597.788753,81396
32,17597.788753,84034
33,17597.788753,86672
34,17597.788753,89310
35,17596.071067,91949
36,17596.071067,94589
37,17596.071067,97229
38,17596.071067,99868
39,17596.071067,102508
40,17596.071067,105148
41,17596.071067,107788
42,17596.071067,110428
43,17596.071067,113068
44,17596.071067,115708
45,17596.071067,118348
46,17596.071067,120988
47,17596.071067,123628
48,17596.071067,126268
49,17596.071067,128908
50,17596.071067,131548
51,17596.071067,134188
52,17595.397864,136828
53,17595.397864,139468
54,17595.397864,142108
55,17595.397864,144748
56,17595.397864,147388
57,17595.397864,150028
58,17595.397864,152668
59,17595.397864,155308
60,17595.397864,157948
61,17595.397864,160588
62,17595.397864,163228
63,17595.397864,165868
64,17595.397864,168508
65,17595.397864,171148
66,17595.397864,173788
67,17595.397864,176428
68,17595.397864,179068
69,17595.397864,181708
70,17595.397864,184348
71,17595.397864,186988
72,17595.397864,189628
73,17595.397864,192268
74,17595.397864,194908
75,17595.397864,197548
76,17595.397864,200188
77,17595.397864,202828
78,17595.397864,205468
79,17595.397864,208108
80,17595.397864,210748
81,17595.397864,213388
82,17595.397864,216028
83,17595.397864,218668
84,17595.397864,221308
85,17595.397864,223948
86,17595.397864,226588
87,17595.397864,229228
88,17595.397864,231868
89,17595.397864,234508
90,17595.397864,237148
91,17595.397864,239788
92,17595.397864,242428
93,17595.397864,245068
94,17595.397864,247708
95,17595.397864,250348
96,17595.397864,252988
97,17595.397864,255628
98,17595.397864,258268
99,17595.397864,260908
100,17595.397864,263548
101,17595.397864,266188
102,17595.397864,268828
103,17595.397864,271468
104,17595.397864,274108
105,17595.397864,276748
106,17595.037002,279388
107,17594.409364,282028
108,17594.409364,284668
109,17594.409364,287308
110,17594.409364,289948
111,17594.409364,292588
112,17594.409364,295228
113,17594.409364,297868
114,17594.409364,300508
115,17594.409364,303148
116,17594.409364,305788
117,17594.409364,308428
118,17594.409364,311068
119,17594.409364,313708
120,17594.409364,316348
121,17594.409364,318988
122,17594.409364,321628
123,17594.409364,324268
124,17594.409364,326908
125,17594.409364,329548
126,17594.409364,332188
127,17594.409364,334828
128,17594.409364,337468
129,17594.409364,340108
130,17594.409364,342748
131,17594.409364,345388
132,17594.409364,348028
133,17592.771338,350668
134,17592.771338,353308
135,17592.771338,355948
136,17592.771338,358588
137,17592.771338,361228
138,17592.771338,363868
139,17592.771338,366508
140,17592.771338,369148
141,17592.771338,371788
142,17592.281263,374428
143,17592.281263,377068
144,17592.281263,379708
145,17592.281263,382348
146,17592.281263,384988
147,17592.281263,387628
148,17592.281263,390268
149,17592.281263,392908
150,17592.281263,395548
151,17592.281263,398188
152,17592.281263,400828
153,17592.281263,403468
154,17592.281263,406108
155,17592.281263,408748
156,17592.281263,411388
157,17592.281263,414028
158,17592.281263,416668
159,17592.281263,419308
160,17592.281263,421948
161,17592.281263,424588
162,17592.281263,427228
163,17592.281263,429868
164,17592.281263,432508
165,17592.281263,435148
166,17592.281263,437788
167,17592.281263,440428
168,17592.281263,443068
169,17592.281263,445708
170,17592.281263,448348
171,17592.281263,450988
172,17592.281263,453628
173,17592.281263,456268
174,17592.281263,458908
175,17592.281263,461548
176,17592.281263,464188
177,17592.281263,466828
178,17592.281263,469468
179,17592.281263,472108
180,17592.281263,474748
181,17592.281263,477388
182,17592.281263,480028
183,17592.281263,482668
184,17592.281263,485308
185,17592.281263,487948
186,17592.281263,490588
187,17592.281263,493228
188,17592.281263,495868
189,17592.281263,498508
190,17592.281263,501148
191,17592.281263,503788
192,17592.281263,506428
193,17592.281263,509068
194,17592.281263,511708
195,17592.281263,514348
196,17592.281263,516988
197,17592.281263,519628
198,17592.281263,522268
199,17592.281263,524908
200,17592.281263,527548
201,17592.281263,530188
202,17592.281263,532828
203,17592.281263,535468
204,17592.281263,538108
205,17592.281263,540748
206,17592.281263,543388
207,17592.281263,546028
208,17592.281263,548668
209,17592.281263,551308
210,17592.281263,553948
211,17592.281263,556588
212,17592.281263,559228
213,17592.281263,561868
214,17592.281263,564508
215,17592.281263,567148
216,17592.281263,569788
217,17592.281263,572428
218,17592.281263,575068
219,17592.281263,577708
220,17592.281263,580348
221,17592.281263,582988
222,17592.281263,585628
223,17592.281263,588268
224,17592.281263,590908
225,17592.281263,593548
226,17592.281263,596188
227,17592.281263,598828
228,17592.281263,601468
229,17592.281263,604108
230,17592.281263,606748
231,17592.281263,609388
232,17592.281263,612028
233,17592.281263,614668
234,17592.281263,617308
235,17592.281263,619948
236,17592.281263,622588
237,17592.281263,625228
238,17592.281263,627868
239,17592.281263,630508
240,17592.281263,633148
241,17592.281263,635788
242,17592.281263,638428
243,17592.281263,641068
244,17592.281263,643708
245,17592.281263,646348
246,17592.281263,648988
247,17592.281263,651628
248,17592.281263,654268
249,17592.281263,656908
250,17592.281263,659548
251,17592.281263,662188
252,17592.281263,664828
253,17592.281263,667468
254,17592.281263,670108
255,17592.281263,672748
256,17592.281263,675388
257,17592.281263,678028
258,17592.281263,680668
259,17592.281263,683308
260,17592.281263,685948
261,17592.281263,688588
262,17592.281263,691228
263,17592.281263,693868
264,17592.281263,696508
265,17592.281263,699148
266,17592.281263,701788
267,17592.281263,704428
268,17592.281263,707068
269,17592.281263,709708
270,17592.281263,712348
271,17592.281263,714988
272,17592.281263,717628
273,17592.281263,720268
274,17592.281263,722908
275,17591.746166,725548
276,17591.746166,728188
277,17591.746166,730828
278,17591.746166,733468
279,17591.746166,736108
280,17591.746166,738748
281,17591.746166,741388
282,17591.746166,744028
283,17591.746166,746668
284,17591.746166,749308
285,17591.746166,751948
286,17591.746166,754588
287,17591.746166,757228
288,17591.746166,759868
289,17591.746166,762508
290,17591.746166,765148
291,17591.746166,767788
292,17591.746166,770428
293,17591.746166,773068
294,17591.746166,775708
295,17591.746166,778348
296,17591.746166,780988
297,17591.746166,783628
298,17591.746166,786268
299,17591.746166,788908
300,17591.746166,791548
301,17591.746166,794188
302,17591.746166,796828
303,17591.746166,799468
304,17591.746166,802108
305,17591.746166,804748
306,17591.746166,807388
307,17591.746166,810028
308,17591.746166,812668
309,17591.746166,815308
310,17591.746166,817948
17591.746166,83.713151
1,19541.677063,2376
2,19158.629302,5037
3,18304.312586,7697
4,18248.886567,10353
5,18091.034783,13008
6,17875.019580,15648
7,17804.186796,18289
8,17769.778305,20932
9,17742.031291,23583
10,17716.804499,26233
11,17704.061188,28889
12,17702.083080,31547
13,17702.083080,34203
14,17679.999173,36860
15,17667.426588,39515
16,17665.522381,42169
17,17665.522381,44823
18,17661.876293,47478
19,17657.044436,50132
20,17655.160387,52787
21,17652.884665,55443
22,17644.471552,58098
23,17640.528871,60754
24,17640.528871,63411
25,17636.279801,66068
26,17636.279801,68726
27,17625.747187,71386
28,17623.314208,74045
29,17620.969401,76706
30,17619.040279,79367
31,17619.040279,82028
32,17617.482899,84689
33,17616.559912,87350
34,17616.559912,90011
35,17616.019474,92672
36,17615.842555,95333
37,17615.842555,97994
38,17614.131806,100655
39,17613.957463,103316
40,17611.441215,105977
41,17611.441215,108638
42,17611.441215,111299
43,17611.441215,113960
44,17611.441215,116621
45,17609.794966,119282
46,17609.794966,121943
47,17609.794966,124604
48,17609.794966,127265
49,17609.200778,129926
50,17609.200778,132587
51,17609.200778,135248
52,17609.200778,137909
53,17609.200778,140570
54,17609.200778,143231
55,17609.200778,145892
56,17609.200778,148553
57,17608.938076,151214
58,17608.938076,153875
59,17607.127364,156536
60,17607.127364,159197
61,17606.931306,161858
62,17606.931306,164519
63,17606.488890,167180
64,17606.488890,169841
65,17605.758597,172502
66,17605.758597,175163
67,17605.758597,177824
68,17605.758597,180485
69,17602.729325,183146
70,17602.729325,185807
71,17602.729325,188468
72,17602.024315,191129
73,17601.210645,193790
74,17601.210645,196451
75,17601.210645,199112
76,17601.210645,201773
77,17601.210645,204434
78,17601.210645,207095
79,17601.210645,209756
80,17601.210645,212417
81,17601.210645,215078
82,17601.210645,217739
83,17601.210645,220400
84,17601.210645,223061
85,17600.048954,225722
86,17600.048954,228383
87,17600.048954,231044
88,17600.048954,233705
89,17600.048954,236366
90,17600.048954,239027
91,17600.048954,241688
92,17600.048954,244349
93,17600.048954,247010
94,17600.048954,249671
95,17600.048954,252332
96,17600.048954,254993
97,17600.048954,257654
98,17600.048954,260315
99,17600.048954,262976
100,17600.048954,265637
101,17600.048954,268298
102,17599.699174,270959
103,17599.699174,273620
104,17599.699174,276281
105,17599.699174,278942
106,17599.699174,281603
107,17599.699174,284264
108,17599.699174,286925
109,17597.153760,289586
110,17597.153760,292247
111,17597.153760,294908
112,17597.153760,297569
113,17597.153760,300230
114,17597.153760,302891
115,17597.153760,305552
116,17597.153760,308213
117,17597.153760,310874
118,17597.153760,313535
119,17597.153760,316196
120,17597.153760,318857
121,17597.153760,321518
122,17597.153760,324179
123,17597.153760,326840
124,17597.153760,329501
125,17597.153760,332162
126,17597.153760,334823
127,17597.153760,337484
128,17597.153760,340145
129,17597.153760,342806
130,17597.153760,345467
131,17597.153760,348128
132,17597.153760,350789
133,17597.153760,353450
134,17597.153760,356111
135,17596.583692,358772
136,17596.583692,361433
137,17596.583692,364094
138,17596.583692,366755
139,17596.583692,369416
140,17596.583692,372077
141,17596.583692,374738
142,17596.583692,377399
143,17596.583692,380060
144,17596.583692,382721
145,17596.583692,385382
146,17596.583692,388043
147,17596.583692,390704
148,17596.583692,393365
149,17596.583692,396026
150,17596.583692,398687
151,17596.583692,401348
152,17596.583692,404009
153,17596.583692,406670
154,17596.583692,409331
155,17596.583692,411992
156,17596.583692,414653
157,17596.583692,417314
158,17596.583692,419975
159,17596.583692,422636
160,17595.815475,425297
161,17595.815475,427958
162,17595.815475,430619
163,17595.815475,433280
164,17595.815475,435941
165,17595.815475,438602
166,17595.815475,441263
167,17595.815475,443924
168,17595.815475,446585
169,17595.815475,449246
170,17595.815475,451907
171,17595.815475,454568
172,17595.815475,457229
173,17595.815475,459890
174,17595.815475,462551
175,17595.815475,465212
176,17595.608398,467873
177,17595.608398,470534
178,17595.608398,473195
179,17595.608398,475856
180,17594.212147,478517
181,17594.212147,481178
182,17594.212147,483839
183,17594.212147,486500
184,17594.212147,489161
185,17594.212147,491822
186,17594.212147,494483
187,17594.212147,497144
188,17594.212147,499805
189,17594.212147,502466
190,17594.212147,505127
191,17594.212147,507788
192,17594.212147,510449
193,17594.212147,513110
194,17594.212147,515771
195,17594.212147,518432
196,17594.212147,521093
197,17594.212147,523754
198,17594.212147,526415
199,17594.212147,529076
200,17594.212147,531737
201,17594.212147,534398
202,17594.212147,537059
203,17594.212147,539720
204,17594.212147,542381
205,17594.212147,545042
206,17594.212147,547703
207,17594.212147,550364
208,17594.212147,553025
209,17594.212147,555686
210,17594.212147,558347
211,17594.212147,561008
212,17594.212147,563669
213,17594.212147,566330
214,17594.212147,568991
215,17594.212147,571652
216,17594.212147,574313
217,17594.212147,576974
218,17594.212147,579635
219,17594.212147,582296
220,17594.212147,584957
221,17594.212147,587618
222,17594.212147,590279
223,17594.212147,592940
224,17594.212147,595601
225,17594.212147,598262
226,17594.212147,600923
227,17594.212147,603584
228,17594.212147,606245
229,17594.212147,608906
230,17594.212147,611567
231,17594.212147,614228
232,17594.212147,616889
233,17594.212147,619550
234,17594.212147,622211
235,17594.212147,624872
236,17594.212147,627533
237,17594.212147,630194
238,17594.212147,632855
239,17594.212147,635516
240,17594.212147,638177
241,17594.212147,640838
242,17594.212147,643499
243,17594.212147,646160
244,17594.212147,648821
245,17594.212147,651482
246,17594.212147,654143
247,17594.212147,656804
248,17594.212147,659465
249,17594.212147,662126
250,17594.212147,664787
251,17594.212147,667448
252,17594.212147,670109
253,17594.212147,672770
254,17594.212147,675431
255,17594.212147,678092
256,17594.212147,680753
257,17594.212147,683414
258,17594.212147,686075
259,17594.212147,688736
260,17594.212147,691397
261,17594.212147,694058
262,17594.212147,696719
263,17594.212147,699380
264,17594.212147,702041
265,17594.212147,704702
266,17594.212147,707363
267,17594.212147,710024
268,17594.212147,712685
269,17594.212147,715346
270,17594.212147,718007
271,17594.212147,720668
272,17594.212147,723329
273,17594.212147,725990
274,17594.212147,728651
275,17594.212147,731312
276,17594.212147,733973
277,17594.212147,736634
278,17594.212147,739295
279,17594.212147,741956
280,17594.212147,744617
281,17593.982457,747278
282,17593.982457,749939
283,17593.982457,752600
284,17593.982457,755261
285,17593.982457,757922
286,17593.982457,760583
287,17593.982457,763244
288,17593.982457,765905
289,17593.982457,768566
290,17593.982457,771227
291,17593.982457,773888
292,17593.982457,776549
293,17593.982457,779210
294,17593.982457,781870
295,17593.982457,784531
296,17593.982457,787192
297,17593.982457,789853
298,17593.982457,792514
299,17593.982457,795175
300,17593.982457,797836
301,17593.982457,800497
302,17593.982457,803158
303,17593.982457,805819
304,17593.982457,808480
305,17593.982457,811141
306,17593.982457,813802
307,17593.982457,816463
308,17593.982457,819124
17593.982457,83.537892
1,19524.154549,2376
2,18695.608908,5031
3,18395.572220,7685
4,18174.269008,10334
5,18076.540566,12971
6,17915.317856,15612
7,17805.389237,18248
8,17734.409756,20888
9,17726.180581,23535
10,17718.943426,26185
11,17713.391825,28835
12,17713.391825,31490
13,17691.985819,34144
14,17683.501705,36796
15,17683.501705,39450
16,17683.501705,42104
17,17627.887540,44758
18,17613.899647,47412
19,17613.899647,50067
20,17612.879765,52723
21,17612.879765,55379
22,17612.879765,58035
23,17612.345602,60692
24,17612.345602,63350
25,17611.093948,66007
26,17611.093948,68665
27,17611.093948,71322
28,17611.093948,73977
29,17611.093948,76632
30,17611.093948,79289
31,17608.253751,81946
32,17608.253751,84603
33,17608.226239,87260
34,17607.631754,89917
35,17607.631754,92573
36,17607.631754,95229
37,17607.631754,97885
38,17607.631754,100542
39,17607.631754,103199
40,17607.631754,105857
41,17607.631754,108515
42,17607.631754,111173
43,17606.655320,113831
44,17606.655320,116489
45,17606.655320,119147
46,17606.655320,121805
47,17606.451600,124463
48,17606.451600,127121
49,17606.451600,129779
50,17606.451600,132437
51,17606.451600,135095
52,17606.451600,137753
53,17603.703825,140411
54,17603.703825,143069
55,17603.703825,145727
56,17603.703825,148385
57,17603.703825,151043
58,17603.703825,153701
59,17603.703825,156359
60,17603.703825,159017
61,17603.703825,161675
62,17603.703825,164333
63,17603.703825,166991
64,17603.703825,169649
65,17603.703825,172307
66,17603.703825,174965
67,17603.703825,177623
68,17603.703825,180281
69,17603.703825,182939
70,17603.703825,185597
71,17603.703825,188255
72,17603.703825,190913
73,17603.703825,193571
74,17603.703825,196229
75,17603.703825,198887
76,17603.703825,201545
77,17603.703825,204203
78,17603.703825,206861
79,17603.703825,209519
80,17603.703825,212177
81,17603.703825,214835
82,17603.703825,217493
83,17603.703825,220151
84,17603.703825,222809
85,17603.703825,225467
86,17603.703825,228125
87,17603.703825,230783
88,17603.703825,233441
89,17603.703825,236099
90,17603.703825,238757
91,17603.703825,241415
92,17603.703825,244073
93,17601.816911,246731
94,17601.816911,249389
95,17601.816911,252047
96,17601.816911,254705
97,17601.816911,257363
98,17601.816911,260021
99,17601.816911,262679
100,17601.816911,265337
101,17601.816911,267995
102,17601.816911,270653
103,17601.816911,273311
104,17601.816911,275969
105,17601.816911,278627
106,17601.816911,281285
107,17601.816911,283943
108,17601.816911,286601
109,17601.816911,289259
110,17601.816911,291917
111,17601.816911,294575
112,17601.816911,297233
113,17601.816911,299891
114,17601.816911,302549
115,17601.816911,305207
116,17601.816911,307865
117,17601.816911,310523
118,17601.816911,313181
119,17601.816911,315839
120,17601.816911,318497
121,17599.342058,321155
122,17599.342058,323813
123,17599.342058,326471
124,17599.342058,329129
125,17599.342058,331787
126,17598.932909,334445
127,17598.932909,337103
128,17598.932909,339761
129,17598.932909,342419
130,17598.932909,345077
131,17598.932909,347735
132,17598.932909,350393
133,17598.932909,353051
134,17598.932909,355709
135,17598.932909,358367
136,17598.932909,361025
137,17598.932909,363683
138,17598.932909,366341
139,17598.932909,368999
140,17598.932909,371657
141,17598.932909,374315
142,17598.932909,376973
143,17598.932909,379631
144,17598.932909,382289
145,17598.932909,384947
146,17598.932909,387605
147,17597.351574,390263
148,17597.351574,392921
149,17597.351574,395579
150,17597.351574,398237
151,17597.351574,400895
152,17597.351574,403553
153,17597.351574,406211
154,17597.351574,408869
155,17597.351574,411527
156,17597.351574,414185
157,17597.351574,416843
158,17597.351574,419501
159,17597.351574,422159
160,17597.351574,424817
161,17597.351574,427475
162,17597.351574,430133
163,17597.351574,432791
164,17597.351574,435449
165,17597.351574,438107
166,17597.351574,440765
167,17597.351574,443423
168,17597.351574,446081
169,17597.351574,448739
170,17597.351574,451397
171,17597.351574,454055
172,17597.351574,456713
173,17597.351574,459371
174,17597.351574,462029
175,17597.351574,464687
176,17597.351574,467345
177,17597.351574,470003
178,17597.351574,472661
179,17597.351574,475319
180,17597.351574,477977
181,17597.351574,480635
182,17597.351574,483293
183,17597.351574,485951
184,17597.351574,488609
185,17597.351574,491267
186,17597.351574,493925
187,17597.351574,496583
188,17597.351574,499241
189,17597.351574,501899
190,17597.351574,504557
191,17597.351574,507215
192,17597.351574,509873
193,17597.351574,512531
194,17597.351574,515189
195,17597.351574,517847
196,17597.351574,520505
197,17597.351574,523163
198,17597.351574,525821
199,17597.351574,528479
200,17597.351574,531137
201,17597.351574,533795
202,17597.351574,536453
203,17597.351574,539111
204,17597.351574,541769
205,17597.351574,544427
206,17597.351574,547085
207,17597.351574,549743
208,17597.351574,552401
209,17597.351574,555059
210,17597.351574,557717
211,17597.351574,560375
212,17597.351574,563033
213,17597.351574,565691
214,17597.351574,568349
215,17597.351574,571007
216,17597.351574,573665
217,17597.351574,576323
218,17597.351574,578981
219,17597.351574,581639
220,17597.351574,584297
221,17597.351574,586955
222,17597.351574,589613
223,17597.351574,592271
224,17597.351574,594929
225,17597.351574,597587
226,17597.351574,600245
227,17597.351574,602903
228,17597.351574,605561
229,17597.351574,608219
230,17597.351574,610877
231,17597.351574,613535
232,17597.351574,616193
233,17597.351574,618851
234,17597.351574,621509
235,17597.351574,624167
236,17597.351574,626825
237,17597.351574,629483
238,17597.351574,632141
239,17597.351574,634799
240,17597.351574,637457
241,17597.351574,640115
242,17597.351574,642773
243,17597.351574,645431
244,17597.351574,648089
245,17597.351574,650747
246,17597.351574,653405
247,17597.351574,656063
248,17597.351574,658721
249,17597.351574,661379
250,17597.351574,664037
251,17597.351574,666695
252,17597.351574,669353
253,17597.351574,672011
254,17597.351574,674669
255,17597.351574,677327
256,17597.351574,679985
257,17597.351574,682643
258,17597.351574,685301
259,17597.351574,687959
260,17597.351574,690617
261,17597.351574,693275
262,17597.351574,695933
263,17597.351574,698591
264,17597.351574,701249
265,17597.351574,703907
266,17597.351574,706565
267,17597.351574,709223
268,17597.351574,711881
269,17597.351574,714539
270,17597.351574,717197
271,17597.351574,719855
272,17597.351574,722513
273,17597.351574,725171
274,17597.351574,727829
275,17597.351574,730487
276,17597.351574,733145
277,17597.351574,735803
278,17597.351574,738461
279,17597.351574,741119
280,17597.351574,743777
281,17597.351574,746435
282,17597.351574,749093
283,17597.351574,751751
284,17597.351574,754409
285,17597.351574,757067
286,17597.351574,759725
287,17597.351574,762383
288,17597.351574,765041
289,17597.351574,767699
290,17597.351574,770357
291,17597.351574,773015
292,17597.351574,775673
293,17597.351574,778331
294,17597.351574,780989
295,17597.351574,783647
296,17597.351574,786305
297,17597.351574,788963
298,17597.351574,791621
299,17597.351574,794279
300,17597.351574,796937
301,17597.351574,799595
302,17597.351574,802253
303,17597.351574,804911
304,17597.351574,807569
305,17597.351574,810227
306,17597.351574,812885
307,17597.351574,815543
308,17597.351574,818201
17597.351574,83.824003
1,19553.285216,2376
2,18700.856546,5000
3,18361.309601,7623
4,18166.516189,10243
5,18061.836050,12855
6,17945.668466,15466
7,17792.239724,18077
8,17745.388375,20679
9,17728.804418,23283
10,17719.863417,25895
11,17716.533848,28509
12,17716.533848,31125
13,17706.125917,33737
14,17706.125917,36352
15,17701.867143,38968
16,17699.892613,41585
17,17683.363655,44204
18,17683.363655,46825
19,17670.298034,49446
20,17650.566097,52067
21,17643.636736,54689
22,17638.703447,57311
23,17638.076699,59933
24,17638.076699,62555
25,17638.076699,65177
26,17638.076699,67799
27,17634.642157,70421
28,17634.642157,73044
29,17634.642157,75667
30,17633.161883,78290
31,17632.830500,80911
32,17627.879147,83532
33,17627.879147,86154
34,17623.631585,88776
35,17622.777198,91399
36,17622.777198,94021
37,17621.826690,96644
38,17621.826690,99268
39,17619.152108,101892
40,17618.302936,104516
41,17615.172215,107140
42,17615.172215,109764
43,17615.172215,112388
44,17615.172215,115012
45,17615.172215,117636
46,17615.172215,120260
47,17615.172215,122884
48,17615.172215,125508
49,17615.172215,128132
50,17615.172215,130756
51,17615.172215,133380
52,17615.172215,136004
53,17613.376788,138628
54,17613.376788,141252
55,17613.376788,143876
56,17613.376788,146500
57,17613.376788,149124
58,17611.512700,151748
59,17611.512700,154372
60,17611.512700,156996
61,17611.512700,159620
62,17611.512700,162244
63,17611.512700,164868
64,17611.512700,167492
65,17611.247394,170116
66,17611.247394,172740
67,17610.163400,175364
68,17610.163400,177988
69,17610.163400,180612
70,17606.921100,183236
71,17606.921100,185860
72,17606.921100,188484
73,17603.800372,191108
74,17603.800372,193732
75,17603.656725,196356
76,17603.532867,198980
77,17603.532867,201604
78,17603.140610,204228
79,17602.511140,206852
80,17602.511140,209476
81,17602.323077,212100
82,17602.323077,214724
83,17602.323077,217348
84,17602.323077,219972
85,17602.323077,222596
86,17602.323077,225220
87,17602.323077,227844
88,17602.323077,230468
89,17602.323077,233092
90,17602.323077,235716
91,17602.323077,238340
92,17602.323077,240964
93,17602.323077,243588
94,17602.323077,246212
95,17602.323077,248836
96,17602.323077,251460
97,17602.323077,254084
98,17602.323077,256708
99,17602.323077,259332
100,17602.323077,261956
101,17602.323077,264580
102,17602.323077,267204
103,17602.323077,269828
104,17602.323077,272452
105,17602.323077,275076
106,17602.323077,277700
107,17602.323077,280324
108,17602.323077,282948
109,17602.323077,285572
110,17602.323077,288196
111,17602.323077,290820
112,17602.323077,293444
113,17602.323077,296068
114,17602.323077,298692
115,17602.323077,301316
116,17602.323077,303940
117,17602.323077,306564
118,17602.323077,309188
119,17602.323077,311812
120,17602.323077,314436
121,17601.361284,317060
122,17601.361284,319684
123,17601.361284,322308
124,17601.361284,324932
125,17601.361284,327556
126,17601.361284,330180
127,17601.361284,332804
128,17600.232031,335428
129,17600.232031,338052
130,17600.232031,340676
131,17600.232031,343300
132,17600.232031,345924
133,17600.232031,348548
134,17600.232031,351172
135,17600.232031,353796
136,17600.232031,356420
137,17600.232031,359044
138,17600.232031,361668
139,17600.232031,364292
140,17600.232031,366916
141,17600.232031,369540
142,17600.232031,372164
143,17600.232031,374788
144,17600.232031,377412
145,17600.232031,380036
146,17600.232031,382660
147,17600.232031,385284
148,17600.232031,387908
149,17600.232031,390532
150,17600.232031,393156
151,17600.232031,395780
152,17600.232031,398404
153,17600.232031,401028
154,17600.232031,403652
155,17600.232031,406276
156,17599.285970,408900
157,17599.285970,411524
158,17599.285970,414148
159,17599.285970,416772
160,17599.285970,419396
161,17597.811171,422020
162,17597.811171,424644
163,17597.811171,427268
164,17597.811171,429892
165,17597.811171,432516
166,17597.811171,435140
167,17597.811171,437764
168,17597.811171,440388
169,17597.811171,443012
170,17597.811171,445636
171,17597.811171,448260
172,17597.811171,450884
173,17597.811171,453508
174,17597.811171,456132
175,17597.811171,458756
176,17597.811171,461380
177,17597.811171,464004
178,17597.811171,466628
179,17597.811171,469252
180,17597.811171,471876
181,17597.811171,474500
182,17597.811171,477124
183,17597.811171,479748
184,17597.811171,482372
185,17597.811171,484996
186,17597.811171,487620
187,17597.811171,490244
188,17597.811171,492868
189,17597.811171,495492
190,17597.811171,498116
191,17597.247848,500740
192,17597.247848,503364
193,17597.247848,505988
194,17597.247848,508612
195,17597.247848,511236
196,17597.247848,513860
197,17597.247848,516484
198,17597.247848,519108
199,17597.247848,521732
200,17597.247848,524356
201,17597.247848,526980
202,17597.247848,529604
203,17597.247848,532228
204,17597.247848,534852
205,17597.247848,537476
206,17597.247848,540100
207,17597.247848,542724
208,17597.247848,545348
209,17597.247848,547972
210,17597.247848,550596
211,17597.247848,553220
212,17597.247848,555844
213,17597.247848,558468
214,17597.247848,561092
215,17597.247848,563716
216,17597.247848,566340
217,17597.247848,568964
218,17597.247848,571588
219,17597.247848,574212
220,17597.247848,576836
221,17597.247848,579460
222,17597.247848,582084
223,17597.247848,584708
224,17597.247848,587331
225,17597.247848,589954
226,17597.247848,592578
227,17597.247848,595202
228,17597.247848,597826
229,17597.247848,600450
230,17597.247848,603074
231,17597.247848,605698
232,17597.247848,608322
233,17597.247848,610946
234,17597.247848,613570
235,17597.247848,616194
236,17597.247848,618818
237,17597.247848,621442
238,17597.247848,624066
239,17597.247848,626690
240,17597.247848,629314
241,17597.247848,631938
242,17597.247848,634562
243,17597.247848,637186
244,17597.247848,639810
245,17597.247848,642434
246,17597.247848,645058
247,17597.247848,647682
248,17597.247848,650306
249,17597.247848,652930
250,17597.247848,655554
251,17597.247848,658178
252,17597.247848,660802
253,17597.247848,663426
254,17597.247848,666050
255,17597.247848,668674
256,17597.247848,671298
257,17597.247848,673922
258,17597.247848,676546
259,17596.462942,679170
260,17596.462942,681794
261,17596.462942,684418
262,17596.462942,687042
263,17596.462942,689666
264,17596.462942,692290
265,17596.462942,694914
266,17596.462942,697538
267,17596.462942,700162
268,17596.462942,702786
269,17596.462942,705410
270,17596.462942,708034
271,17596.462942,710658
272,17596.462942,713282
273,17596.462942,715906
274,17596.462942,718530
275,17596.462942,721154
276,17596.462942,723778
277,17596.462942,726402
278,17596.462942,729026
279,17596.462942,731650
280,17596.462942,734274
281,17596.462942,736898
282,17596.462942,739522
283,17596.462942,742146
284,17596.462942,744770
285,17596.462942,747394
286,17596.462942,750018
287,17596.462942,752642
288,17596.462942,755266
289,17596.462942,757890
290,17596.462942,760514
291,17596.462942,763138
292,17596.462942,765762
293,17596.462942,768386
294,17596.462942,771010
295,17596.462942,773634
296,17596.462942,776258
297,17596.462942,778882
298,17596.462942,781506
299,17596.462942,784130
300,17596.462942,786754
301,17596.462942,789378
302,17596.462942,792002
303,17596.462942,794626
304,17596.462942,797250
305,17596.462942,799874
306,17596.462942,802498
307,17596.462942,805122
308,17596.462942,807746
309,17596.462942,810370
310,17596.462942,812994
311,17596.462942,815618
312,17596.462942,818242
17596.462942,84.987713
1,19523.562536,2376
2,18789.887121,5023
3,18591.093395,7667
4,18163.125285,10307
5,18041.285005,12941
6,17867.581121,15575
7,17835.386468,18199
8,17792.906267,20823
9,17742.993864,23454
10,17716.401348,26094
11,17707.999371,28733
12,17680.292444,31375
13,17677.441065,34019
14,17668.676725,36663
15,17667.010082,39306
16,17655.193240,41949
17,17639.251577,44593
18,17636.607123,47239
19,17636.607123,49884
20,17634.420054,52530
21,17628.077652,55176
22,17628.077652,57823
23,17628.077652,60467
24,17621.317304,63110
25,17621.317304,65754
26,17617.835625,68398
27,17616.861299,71043
28,17616.861299,73688
29,17616.861299,76334
30,17616.861299,78980
31,17615.938672,81625
32,17615.594534,84270
33,17615.594534,86916
34,17615.594534,89562
35,17615.594534,92209
36,17612.462006,94856
37,17610.084563,97503
38,17609.523220,100150
39,17607.178244,102797
40,17607.178244,105444
41,17605.616566,108091
42,17605.307559,110738
43,17605.307559,113385
44,17603.350603,116032
45,17603.350603,118679
46,17603.350603,121326
47,17603.302028,123973
48,17603.302028,126620
49,17603.302028,129267
50,17603.222057,131914
51,17603.222057,134561
52,17603.222057,137208
53,17603.222057,139855
54,17603.222057,142502
55,17603.222057,145149
56,17603.222057,147796
57,17603.222057,150443
58,17602.560471,153090
59,17602.560471,155737
60,17601.906185,158384
61,17601.906185,161031
62,17601.056353,163678
63,17601.056353,166325
64,17601.056353,168972
65,17601.056353,171619
66,17601.056353,174266
67,17601.056353,176913
68,17601.056353,179560
69,17601.056353,182207
70,17601.056353,184854
71,17601.056353,187501
72,17601.056353,190148
73,17601.056353,192795
74,17601.056353,195442
75,17600.591903,198089
76,17600.591903,200736
77,17600.591903,203383
78,17600.591903,206030
79,17600.591903,208677
80,17600.591903,211324
81,17600.591903,213971
82,17600.591903,216618
83,17600.591903,219265
84,17600.591903,221912
85,17600.591903,224559
86,17600.591903,227206
87,17600.591903,229853
88,17600.591903,232500
89,17600.591903,235147
90,17600.591903,237794
91,17600.591903,240441
92,17600.591903,243088
93,17600.591903,245735
94,17600.591903,248382
95,17600.591903,251029
96,17600.591903,253676
97,17600.591903,256323
98,17600.591903,258970
99,17600.591903,261617
100,17600.591903,264264
101,17600.591903,266911
102,17600.591903,269558
103,17600.591903,272205
104,17600.591903,274852
105,17600.591903,277499
106,17600.591903,280146
107,17600.591903,282793
108,17600.591903,285440
109,17600.591903,288087
110,17600.591903,290734
111,17600.591903,293381
112,17600.591903,296028
113,17600.591903,298675
114,17600.591903,301322
115,17600.591903,303969
116,17600.591903,306616
117,17600.591903,309263
118,17600.591903,311910
119,17600.591903,314557
120,17600.591903,317204
121,17600.591903,319851
122,17600.591903,322498
123,17600.591903,325145
124,17600.591903,327792
125,17600.591903,330439
126,17600.591903,333086
127,17600.591903,335733
128,17600.591903,338380
129,17600.591903,341027
130,17600.591903,343674
131,17600.591903,346321
132,17600.591903,348968
133,17600.591903,351615
134,17600.591903,354262
135,17600.591903,356909
136,17600.591903,359556
137,17600.591903,362203
138,17600.591903,364850
139,17600.591903,367497
140,17600.591903,370144
141,17600.591903,372791
142,17600.591903,375438
143,17600.591903,378085
144,17600.591903,380732
145,17600.591903,383379
146,17600.591903,386026
147,17600.591903,388673
148,17600.591903,391320
149,17600.591903,393967
150,17600.591903,396614
151,17600.591903,399261
152,17600.591903,401908
153,17600.591903,404555
154,17600.591903,407202
155,17600.591903,409849
156,17600.591903,412496
157,17600.591903,415143
158,17600.591903,417790
159,17600.591903,420437
160,17600.591903,423084
161,17600.591903,425731
162,17600.591903,428378
163,17600.591903,431025
164,17600.591903,433672
165,17600.591903,436319
166,17600.591903,438966
167,17600.591903,441613
168,17600.591903,444260
169,17600.591903,446907
170,17600.591903,449554
171,17600.591903,452201
172,17600.591903,454848
173,17600.591903,457495
174,17600.591903,460142
175,17600.591903,462789
176,17600.591903,465436
177,17594.278597,468083
178,17594.278597,470730
179,17594.278597,473377
180,17594.278597,476024
181,17594.278597,478671
182,17594.278597,481318
183,17594.278597,483965
184,17594.278597,486612
185,17594.278597,489259
186,17594.278597,491906
187,17594.278597,494553
188,17594.278597,497200
189,17594.278597,499847
190,17594.278597,502494
191,17594.278597,505141
192,17594.278597,507788
193,17594.278597,510435
194,17594.278597,513082
195,17594.278597,515729
196,17594.278597,518376
197,17594.278597,521023
198,17594.278597,523670
199,17594.278597,526317
200,17594.278597,528964
201,17594.278597,531611
202,17594.278597,534258
203,17594.278597,536905
204,17594.278597,539552
205,17594.278597,542199
206,17594.278597,544846
207,17594.145033,547493
208,17594.145033,550140
209,17594.145033,552787
210,17594.145033,555434
211,17594.145033,558081
212,17594.145033,560728
213,17594.145033,563375
214,17594.145033,566022
215,17594.145033,568669
216,17594.145033,571316
217,17594.145033,573963
218,17590.602575,576610
219,17590.602575,579257
220,17590.602575,581904
221,17590.602575,584551
222,17590.602575,587198
223,17590.602575,589845
224,17590.602575,592492
225,17590.602575,595139
226,17590.602575,597786
227,17590.602575,600433
228,17590.602575,603080
229,17590.602575,605727
230,17589.822662,608374
231,17589.822662,611021
232,17589.822662,613668
233,17589.822662,616315
234,17589.822662,618962
235,17589.822662,621609
236,17589.822662,624256
237,17589.822662,626903
238,17589.822662,629550
239,17589.822662,632197
240,17589.822662,634844
241,17589.822662,637491
242,17589.822662,640138
243,17589.822662,642785
244,17589.822662,645432
245,17589.822662,648079
246,17589.822662,650726
247,17589.822662,653373
248,17589.822662,656020
249,17589.822662,658667
250,17589.822662,661314
251,17589.822662,663961
252,17589.822662,666608
253,17589.822662,669255
254,17589.822662,671902
255,17589.822662,674549
256,17589.822662,677196
257,17589.822662,679843
258,17589.822662,682490
259,17589.822662,685137
260,17589.822662,687784
261,17589.822662,690431
262,17589.822662,693078
263,17589.822662,695725
264,17589.822662,698372
265,17589.822662,701019
266,17589.822662,703666
267,17589.822662,706313
268,17589.822662,708960
269,17589.822662,711607
270,17589.822662,714254
271,17589.822662,716901
272,17589.822662,719548
273,17589.822662,722195
274,17589.822662,724842
275,17589.822662,727489
276,17589.822662,730136
277,17589.822662,732783
278,17589.822662,735430
279,17589.822662,738077
280,17589.822662,740724
281,17589.822662,743371
282,17589.822662,746018
283,17589.822662,748665
284,17589.822662,751312
285,17589.822662,753959
286,17589.822662,756606
287,17589.822662,759253
288,17589.822662,761900
289,17589.822662,764547
290,17589.822662,767194
291,17589.822662,769841
292,17589.822662,772488
293,17589.822662,775135
294,17589.822662,777782
295,17589.822662,780429
296,17589.822662,783076
297,17589.822662,785723
298,17589.822662,788370
299,17589.822662,791017
300,17589.822662,793664
301,17589.822662,796311
302,17589.822662,798958
303,17589.822662,801605
304,17589.822662,804252
305,17589.822662,806899
306,17589.822662,809546
307,17589.822662,812193
308,17589.822662,814840
309,17589.822662,817487
17589.822662,83.892643
1,19442.143216,2376
2,18729.584245,5001
3,18488.157998,7623
4,18206.582941,10242
5,18083.412388,12854
6,17889.398867,15468
7,17783.314329,18079
8,17751.648896,20690
9,17747.632539,23306
10,17714.184330,25922
11,17692.629553,28544
12,17692.629553,31166
13,17656.953467,33790
14,17647.528645,36414
15,17645.571252,39035
16,17645.571252,41656
17,17645.571252,44278
18,17645.571252,46899
19,17635.912379,49520
20,17624.916202,52141
21,17621.842067,54762
22,17621.036670,57383
23,17617.637437,60005
24,17613.722991,62630
25,17610.654680,65255
26,17610.335494,67880
27,17610.335494,70505
28,17608.698123,73130
29,17608.698123,75755
30,17608.698123,78380
31,17608.698123,81005
32,17608.698123,83630
33,17608.698123,86255
34,17608.698123,88879
35,17608.698123,91504
36,17608.698123,94129
37,17608.698123,96754
38,17608.698123,99379
39,17607.278154,102004
40,17607.278154,104629
41,17607.278154,107254
42,17607.278154,109879
43,17607.278154,112504
44,17603.924873,115129
45,17603.924873,117754
46,17603.924873,120379
47,17603.924873,123004
48,17603.924873,125629
49,17603.924873,128254
50,17603.924873,130879
51,17603.924873,133504
52,17603.924873,136129
53,17603.924873,138754
54,17603.924873,141379
55,17603.924873,144004
56,17603.924873,146629
57,17603.924873,149254
58,17603.924873,151879
59,17603.924873,154504
60,17603.924873,157129
61,17603.924873,159754
62,17603.924873,162379
63,17603.924873,165004
64,17603.924873,167629
65,17603.924873,170254
66,17603.924873,172879
67,17603.924873,175504
68,17602.938130,178129
69,17602.938130,180754
70,17602.938130,183379
71,17602.938130,186004
72,17602.938130,188629
73,17601.106576,191254
74,17601.106576,193879
75,17601.106576,196504
76,17601.106576,199129
77,17601.106576,201754
78,17601.106576,204379
79,17601.106576,207004
80,17601.106576,209629
81,17601.106576,212254
82,17601.106576,214879
83,17601.106576,217504
84,17601.106576,220129
85,17601.106576,222754
86,17601.106576,225379
87,17601.106576,228004
88,17601.106576,230629
89,17601.106576,233254
90,17601.106576,235879
91,17601.106576,238504
92,17601.106576,241129
93,17601.106576,243754
94,17601.106576,246379
95,17601.106576,249004
96,17601.106576,251629
97,17601.106576,254254
98,17601.106576,256879
99,17601.106576,259504
100,17601.106576,262129
101,17601.106576,264754
102,17601.106576,267379
103,17601.106576,270004
104,17601.106576,272629
105,17601.106576,275254
106,17601.106576,277879
107,17601.106576,280504
108,17601.106576,283129
109,17601.106576,285754
110,17601.106576,288379
111,17601.106576,291004
112,17601.106576,293629
113,17601.106576,296254
114,17601.106576,298879
115,17601.106576,301504
116,17601.106576,304129
117,17601.106576,306754
118,17601.106576,309379
119,17601.106576,312004
120,17601.106576,314629
121,17601.106576,317254
122,17601.106576,319879
123,17601.106576,322504
124,17601.106576,325129
125,17601.106576,327754
126,17601.106576,330379
127,17601.106576,333004
128,17601.106576,335629
129,17601.106576,338254
130,17601.106576,340879
131,17601.106576,343504
132,17601.106576,346129
133,17601.106576,348754
134,17601.106576,351379
135,17601.106576,354004
136,17601.106576,356629
137,17601.106576,359254
138,17601.106576,361879
139,17601.106576,364504
140,17601.106576,367129
141,17600.850687,369754
142,17600.850687,372379
143,17600.850687,375004
144,17600.850687,377629
145,17600.850687,380254
146,17600.850687,382879
147,17600.850687,385504
148,17600.850687,388129
149,17600.850687,390754
150,17600.850687,393379
151,17600.850687,396004
152,17600.850687,398629
153,17600.850687,401254
154,17600.850687,403879
155,17600.850687,406504
156,17600.850687,409129
157,17600.850687,411754
158,17600.850687,414379
159,17600.850687,417004
160,17600.850687,419629
161,17600.850687,422254
162,17600.850687,424879
163,17600.850687,427504
164,17600.850687,430129
165,17600.850687,432754
166,17600.850687,435379
167,17600.850687,438004
168,17600.850687,440629
169,17600.850687,443254
170,17600.850687,445879
171,17600.850687,448504
172,17600.850687,451129
173,17600.850687,453754
174,17600.850687,456379
175,17600.850687,459004
176,17600.850687,461629
177,17600.850687,464254
178,17600.850687,466879
179,17600.850687,469504
180,17600.850687,472129
181,17600.850687,474754
182,17600.850687,477379
183,17600.850687,480004
184,17597.072820,482629
185,17597.072820,485254
186,17597.072820,487879
187,17597.072820,490504
188,17597.072820,493129
189,17597.072820,495754
190,17597.072820,498379
191,17597.072820,501004
192,17595.763681,503629
193,17595.763681,506254
194,17595.763681,508879
195,17595.763681,511504
196,17595.763681,514129
197,17595.763681,516754
198,17595.763681,519379
199,17595.763681,522004
200,17595.763681,524629
201,17595.763681,527254
202,17595.763681,529879
203,17595.763681,532504
204,17595.763681,535129
205,17595.763681,537754
206,17595.763681,540379
207,17595.763681,543004
208,17595.763681,545629
209,17595.763681,548254
210,17595.763681,550879
211,17595.763681,553504
212,17595.763681,556129
213,17595.763681,558754
214,17595.763681,561379
215,17595.763681,564004
216,17595.763681,566629
217,17595.763681,569254
218,17595.763681,571879
219,17595.763681,574504
220,17595.763681,577129
221,17595.763681,579754
222,17595.763681,582379
223,17595.763681,585004
224,17595.763681,587629
225,17595.763681,590254
226,17595.763681,592879
227,17595.763681,595504
228,17595.763681,598129
229,17595.763681,600754
230,17595.763681,603379
231,17595.763681,606004
232,17595.763681,608629
233,17595.763681,611254
234,17595.763681,613879
235,17595.763681,616504
236,17595.763681,619129
237,17595.763681,621754
238,17595.763681,624379
239,17595.763681,627004
240,17595.763681,629629
241,17595.763681,632254
242,17595.763681,634879
243,17595.763681,637504
244,17595.763681,640129
245,17595.763681,642754
246,17595.763681,645379
247,17595.763681,648004
248,17595.763681,650629
249,17595.763681,653254
250,17595.763681,655879
251,17595.763681,658504
252,17595.763681,661129
253,17595.763681,663754
254,17595.763681,666379
255,17595.763681,669004
256,17595.763681,671629
257,17595.763681,674254
258,17595.763681,676879
259,17595.763681,679504
260,17595.763681,682129
261,17595.763681,684754
262,17595.763681,687379
263,17595.763681,690004
264,17595.763681,692629
265,17595.763681,695254
266,17595.763681,697879
267,17595.763681,700504
268,17595.763681,703129
269,17595.763681,705754
270,17595.763681,708379
271,17595.763681,711004
272,17595.763681,713629
273,17595.763681,716254
274,17595.763681,718879
275,17595.763681,721504
276,17595.763681,724129
277,17595.763681,726754
278,17595.763681,729379
279,17595.763681,732004
280,17595.763681,734629
281,17595.763681,737254
282,17595.763681,739879
283,17595.763681,742504
284,17595.763681,745129
285,17595.763681,747754
286,17595.763681,750379
287,17595.763681,753004
288,17595.763681,755629
289,17595.763681,758254
290,17595.763681,760879
291,17595.763681,763504
292,17595.763681,766129
293,17595.763681,768754
294,17595.763681,771379
295,17595.763681,774004
296,17595.763681,776629
297,17595.763681,779254
298,17595.763681,781879
299,17595.763681,784504
300,17595.763681,787129
301,17595.763681,789754
302,17595.763681,792379
303,17595.763681,795004
304,17595.763681,797629
305,17595.763681,800254
306,17595.763681,802879
307,17595.763681,805504
308,17595.763681,808129
309,17595.763681,810754
310,17595.660276,813379
311,17595.660276,816004
312,17594.824697,818629
17594.824697,84.306823
1,19602.749427,2376
2,18783.904157,5000
3,18500.725149,7624
4,18199.990685,10241
5,18020.850652,12854
6,17915.117507,15458
7,17806.076467,18065
8,17749.305606,20672
9,17739.488259,23285
10,17716.219870,25900
11,17695.581382,28515
12,17693.601695,31134
13,17687.189042,33756
14,17676.919949,36376
15,17670.430449,38993
16,17639.992533,41609
17,17630.282823,44229
18,17626.652738,46849
19,17624.884469,49471
20,17618.076335,52089
21,17618.076335,54708
22,17615.617498,57328
23,17615.617498,59946
24,17615.617498,62567
25,17614.321503,65188
26,17612.433884,67809
27,17612.433884,70429
28,17612.433884,73051
29,17612.433884,75674
30,17612.433884,78300
31,17610.725476,80926
32,17609.218947,83551
33,17609.218947,86177
34,17609.011362,88802
35,17609.011362,91427
36,17608.295055,94051
37,17608.295055,96676
38,17607.768076,99300
39,17607.768076,101926
40,17607.768076,104551
41,17605.342350,107177
42,17605.342350,109803
43,17605.342350,112429
44,17605.342350,115055
45,17605.342350,117681
46,17605.342350,120307
47,17605.342350,122933
48,17605.342350,125559
49,17605.342350,128185
50,17601.900065,130811
51,17601.900065,133437
52,17601.900065,136063
53,17601.900065,138689
54,17601.900065,141315
55,17600.746377,143941
56,17599.717591,146567
57,17595.779712,149193
58,17595.754752,151819
59,17595.198202,154445
60,17595.198202,157071
61,17595.198202,159697
62,17595.198202,162323
63,17595.198202,164949
64,17595.198202,167575
65,17594.907888,170201
66,17594.907888,172827
67,17594.907888,175453
68,17594.907888,178079
69,17594.907888,180705
70,17594.907888,183331
71,17594.907888,185957
72,17594.907888,188583
73,17594.907888,191209
74,17594.907888,193835
75,17594.907888,196461
76,17594.907888,199087
77,17594.907888,201713
78,17594.907888,204339
79,17594.907888,206965
80,17594.907888,209591
81,17594.907888,212217
82,17594.907888,214843
83,17594.907888,217469
84,17594.907888,220095
85,17594.907888,222721
86,17594.907888,225347
87,17594.907888,227973
88,17594.907888,230599
89,17594.907888,233225
90,17594.907888,235851
91,17594.907888,238477
92,17594.907888,241103
93,17594.907888,243729
94,17594.907888,246355
95,17594.907888,248981
96,17594.907888,251607
97,17594.907888,254233
98,17594.907888,256859
99,17594.907888,259485
100,17594.907888,262111
101,17594.907888,264737
102,17594.907888,267363
103,17594.907888,269989
104,17594.907888,272615
105,17594.907888,275241
106,17594.907888,277867
107,17594.907888,280493
108,17594.907888,283119
109,17594.907888,285745
110,17594.907888,288371
111,17594.907888,290997
112,17594.907888,293623
113,17594.907888,296249
114,17594.907888,298875
115,17594.907888,301501
116,17594.907888,304127
117,17594.907888,306753
118,17594.907888,309379
119,17594.907888,312005
120,17594.907888,314631
121,17594.907888,317257
122,17594.907888,319883
123,17594.907888,322509
124,17594.907888,325135
125,17594.907888,327761
126,17594.907888,330387
127,17594.907888,333013
128,17594.907888,335639
129,17594.907888,338265
130,17594.907888,340891
131,17594.907888,343517
132,17594.907888,346143
133,17594.907888,348769
134,17594.907888,351395
135,17594.907888,354021
136,17594.907888,356647
137,17594.907888,359273
138,17594.907888,361899
139,17594.907888,364525
140,17594.907888,367151
141,17594.907888,369777
142,17594.907888,372403
143,17594.907888,375029
144,17594.907888,377655
145,17594.907888,380281
146,17594.907888,382907
147,17594.907888,385533
148,17594.907888,388159
149,17594.907888,390785
150,17594.907888,393411
151,17594.907888,396037
152,17594.907888,398663
153,17594.907888,401289
154,17594.907888,403915
155,17594.907888,406541
156,17594.907888,409167
157,17594.907888,411793
158,17594.907888,414419
159,17594.907888,417045
160,17594.907888,419671
161,17594.907888,422297
162,17594.907888,424923
163,17594.907888,427549
164,17594.907888,430175
165,17594.907888,432801
166,17594.907888,435427
167,17594.907888,438053
168,17594.907888,440679
169,17594.907888,443305
170,17594.907888,445931
171,17594.907888,448557
172,17594.907888,451183
173,17594.907888,453809
174,17594.907888,456435
175,17594.907888,459061
176,17594.907888,461687
177,17594.907888,464313
178,17594.907888,466939
179,17594.907888,469565
180,17594.907888,472191
181,17594.907888,474817
182,17594.907888,477443
183,17594.907888,480069
184,17594.907888,482695
185,17594.907888,485321
186,17594.907888,487947
187,17594.907888,490573
188,17594.907888,493199
189,17594.907888,495825
190,17594.907888,498451
191,17594.907888,501077
192,17594.907888,503703
193,17594.907888,506329
194,17594.907888,508955
195,17594.907888,511581
196,17594.907888,514207
197,17594.907888,516833
198,17594.907888,519459
199,17594.907888,522085
200,17594.907888,524711
201,17594.907888,527337
202,17594.907888,529963
203,17594.907888,532589
204,17594.907888,535215
205,17594.907888,537841
206,17594.907888,540467
207,17594.907888,543093
208,17594.907888,545719
209,17594.907888,548345
210,17594.907888,550971
211,17594.907888,553597
212,17594.907888,556223
213,17594.907888,558849
214,17594.907888,561475
215,17594.907888,564101
216,17594.907888,566727
217,17594.907888,569353
218,17594.907888,571979
219,17594.907888,574605
220,17594.907888,577231
221,17594.907888,579857
222,17594.907888,582483
223,17594.907888,585109
224,17594.907888,587735
225,17594.907888,590361
226,17594.907888,592987
227,17594.907888,595613
228,17594.907888,598239
229,17594.907888,600865
230,17594.907888,603491
231,17594.907888,606117
232,17594.907888,608743
233,17594.907888,611369
234,17594.907888,613995
235,17594.907888,616621
236,17594.907888,619247
237,17594.907888,621873
238,17594.907888,624499
239,17594.907888,627125
240,17594.907888,629751
241,17594.907888,632377
242,17594.907888,635003
243,17594.907888,637629
244,17594.907888,640255
245,17594.907888,642881
246,17594.907888,645507
247,17594.907888,648133
248,17594.907888,650759
249,17594.907888,653385
250,17594.907888,656011
251,17594.907888,658637
252,17594.907888,661263
253,17594.907888,663889
254,17594.907888,666515
255,17594.907888,669141
256,17594.907888,671767
257,17594.907888,674393
258,17594.907888,677019
259,17594.907888,679645
260,17594.907888,682271
261,17594.907888,684897
262,17594.907888,687523
263,17594.907888,690149
264,17594.907888,692775
265,17594.907888,695401
266,17594.907888,698027
267,17594.907888,700653
268,17594.907888,703279
269,17594.907888,705905
270,17594.907888,708531
271,17594.907888,711157
272,17594.907888,713783
273,17594.907888,716409
274,17594.907888,719035
275,17594.907888,721661
276,17594.907888,724287
277,17594.907888,726913
278,17594.907888,729539
279,17594.907888,732165
280,17594.907888,734791
281,17594.907888,737417
282,17594.907888,740043
283,17594.907888,742669
284,17594.907888,745295
285,17594.907888,747921
286,17594.907888,750547
287,17594.907888,753173
288,17594.907888,755799
289,17594.907888,758425
290,17594.907888,761051
291,17594.907888,763677
292,17594.907888,766303
293,17594.907888,768929
294,17594.907888,771555
295,17594.907888,774181
296,17594.907888,776807
297,17594.907888,779433
298,17594.907888,782059
299,17594.907888,784685
300,17594.907888,787311
301,17594.907888,789937
302,17594.907888,792563
303,17594.907888,795189
304,17594.907888,797815
305,17594.907888,800441
306,17594.907888,803067
307,17594.907888,805693
308,17594.907888,808319
309,17594.907888,810945
310,17594.907888,813571
311,17594.907888,816197
312,17594.907888,818823
17594.907888,84.576430
1,19489.635954,2376
2,18864.458415,5006
3,18400.025782,7635
4,18208.924690,10259
5,18090.362225,12878
6,17853.783238,15497
7,17774.084939,18113
8,17769.374067,20724
9,17732.915188,23339
10,17699.608069,25959
11,17695.318835,28579
12,17670.651854,31201
13,17642.119922,33821
14,17639.099772,36443
15,17639.099772,39067
16,17639.099772,41691
17,17639.099772,44319
18,17617.555123,46946
19,17614.572382,49574
20,17610.229488,52204
21,17607.792136,54833
22,17607.792136,57464
23,17607.792136,60096
24,17607.792136,62727
25,17607.792136,65359
26,17606.405929,67990
27,17606.405929,70620
28,17604.422270,73250
29,17604.422270,75882
30,17604.422270,78514
31,17604.422270,81146
32,17604.422270,83778
33,17604.422270,86410
34,17604.422270,89042
35,17601.573052,91674
36,17601.573052,94306
37,17600.387801,96938
38,17600.387801,99570
39,17599.884276,102202
40,17599.884276,104834
41,17599.884276,107466
42,17599.884276,110098
43,17599.884276,112730
44,17599.884276,115362
45,17599.884276,117994
46,17599.884276,120626
47,17599.884276,123258
48,17599.884276,125890
49,17599.884276,128522
50,17599.884276,131154
51,17599.884276,133786
52,17599.884276,136418
53,17599.884276,139050
54,17599.884276,141682
55,17599.884276,144314
56,17599.884276,146946
57,17599.884276,149578
58,17599.884276,152210
59,17599.884276,154842
60,17599.884276,157474
61,17599.884276,160106
62,17599.884276,162738
63,17597.267744,165370
64,17597.267744,168002
65,17597.267744,170634
66,17597.267744,173266
67,17597.267744,175898
68,17597.267744,178530
69,17597.267744,181162
70,17597.267744,183794
71,17597.267744,186426
72,17597.267744,189058
73,17597.267744,191690
74,17597.267744,194322
75,17597.267744,196954
76,17596.679953,199586
77,17596.679953,202218
78,17596.679953,204850
79,17596.679953,207482
80,17596.679953,210114
81,17596.679953,212746
82,17596.679953,215378
83,17596.679953,218010
84,17596.679953,220642
85,17596.679953,223274
86,17596.679953,225906
87,17596.679953,228538
88,17594.729852,231170
89,17594.729852,233802
90,17594.729852,236431
91,17594.729852,239060
92,17594.729852,241689
93,17594.729852,244320
94,17594.729852,246951
95,17594.729852,249582
96,17594.729852,252214
97,17594.729852,254846
98,17594.729852,257478
99,17594.729852,260110
100,17594.729852,262742
101,17594.729852,265374
102,17594.729852,268006
103,17594.572847,270638
104,17594.572847,273270
105,17594.572847,275902
106,17594.306763,278534
107,17593.497119,281166
108,17593.497119,283798
109,17593.497119,286430
110,17593.497119,289062
111,17593.497119,291694
112,17593.497119,294326
113,17593.497119,296958
114,17593.497119,299590
115,17593.497119,302222
116,17593.497119,304854
117,17593.497119,307486
118,17593.497119,310118
119,17593.497119,312750
120,17593.497119,315382
121,17593.497119,318014
122,17592.089643,320646
123,17592.089643,323278
124,17592.089643,325910
125,17592.089643,328542
126,17592.089643,331174
127,17592.089643,333806
128,17592.089643,336438
129,17592.089643,339070
130,17592.089643,341702
131,17592.089643,344334
132,17592.089643,346966
133,17592.089643,349598
134,17592.089643,352230
135,17592.089643,354862
136,17592.089643,357494
137,17592.089643,360126
138,17592.089643,362758
139,17592.089643,365390
140,17592.089643,368022
141,17592.089643,370654
142,17592.089643,373286
143,17592.089643,375918
144,17592.089643,378550
145,17592.089643,381182
146,17590.191431,383814
147,17590.191431,386446
148,17590.191431,389078
149,17590.191431,391710
150,17590.191431,394342
151,17590.191431,396974
152,17590.191431,399606
153,17590.191431,402238
154,17590.191431,404870
155,17590.191431,407502
156,17590.191431,410134
157,17590.191431,412766
158,17590.191431,415398
159,17590.191431,418030
160,17590.191431,420662
161,17590.191431,423294
162,17590.191431,425926
163,17590.191431,428558
164,17590.191431,431190
165,17590.191431,433822
166,17590.191431,436454
167,17590.191431,439086
168,17590.191431,441718
169,17590.191431,444350
170,17590.191431,446982
171,17590.191431,449614
172,17590.191431,452246
173,17590.191431,454878
174,17590.191431,457510
175,17590.191431,460142
176,17590.191431,462774
177,17590.191431,465406
178,17590.191431,468038
179,17590.191431,470670
180,17590.191431,473302
181,17590.191431,475934
182,17590.191431,478566
183,17590.191431,481198
184,17590.191431,483830
185,17590.191431,486462
186,17590.191431,489094
187,17590.191431,491726
188,17590.191431,494358
189,17590.191431,496990
190,17590.191431,499622
191,17590.191431,502254
192,17590.191431,504886
193,17590.191431,507518
194,17590.191431,510150
195,17590.191431,512782
196,17590.191431,515414
197,17590.191431,518046
198,17590.191431,520678
199,17590.191431,523310
200,17590.191431,525942
201,17590.191431,528574
202,17590.191431,531206
203,17590.191431,533838
204,17590.191431,536470
205,17590.191431,539102
206,17590.191431,541734
207,17590.191431,544366
208,17590.191431,546998
209,17590.191431,549630
210,17590.191431,552262
211,17590.191431,554894
212,17590.191431,557526
213,17590.191431,560158
214,17590.191431,562790
215,17590.191431,565422
216,17590.191431,568054
217,17590.191431,570686
218,17590.191431,573318
219,17590.191431,575950
220,17590.191431,578582
221,17590.191431,581214
222,17590.191431,583846
223,17590.191431,586478
224,17590.191431,589110
225,17590.191431,591742
226,17590.191431,594374
227,17590.191431,597006
228,17590.191431,599638
229,17590.191431,602270
230,17590.191431,604902
231,17590.191431,607534
232,17590.191431,610166
233,17590.191431,612798
234,17590.191431,615430
235,17590.191431,618062
236,17590.191431,620694
237,17590.191431,623326
238,17590.191431,625958
239,17590.191431,628590
240,17590.191431,631222
241,17590.191431,633854
242,17590.191431,636486
243,17590.191431,639118
244,17590.191431,641750
245,17590.191431,644382
246,17590.191431,647014
247,17590.191431,649646
248,17590.191431,652278
249,17590.191431,654910
250,17590.191431,657542
251,17590.191431,660174
252,17590.191431,662806
253,17590.191431,665438
254,17590.191431,668070
255,17590.191431,670702
256,17590.191431,673334
257,17590.191431,675966
258,17590.191431,678598
259,17590.191431,681230
260,17590.191431,683862
261,17590.191431,686494
262,17590.191431,689126
263,17590.191431,691758
264,17590.191431,694390
265,17590.191431,697022
266,17590.191431,699654
267,17590.191431,702286
268,17590.191431,704918
269,17590.191431,707550
270,17590.191431,710182
271,17590.191431,712814
272,17590.191431,715446
273,17590.191431,718078
274,17590.191431,720710
275,17590.191431,723342
276,17590.191431,725974
277,17590.191431,728606
278,17590.191431,731238
279,17590.191431,733870
280,17590.191431,736502
281,17590.191431,739134
282,17590.191431,741766
283,17590.191431,744398
284,17590.191431,747030
285,17590.191431,749662
286,17590.191431,752294
287,17590.191431,754926
288,17590.191431,757558
289,17590.191431,760190
290,17590.191431,762822
291,17590.191431,765454
292,17590.191431,768086
293,17590.191431,770718
294,17590.191431,773350
295,17590.191431,775982
296,17590.191431,778614
297,17590.191431,781246
298,17590.191431,783878
299,17590.191431,786510
300,17590.191431,789142
301,17590.191431,791774
302,17590.191431,794406
303,17590.191431,797038
304,17590.191431,799670
305,17590.191431,802302
306,17590.191431,804934
307,17590.191431,807566
308,17590.191431,810198
309,17590.191431,812830
310,17590.191431,815462
311,17590.191431,818094
17590.191431,84.699240
1,19593.963170,2376
2,18723.341278,5035
3,18605.367750,7691
4,18213.896527,10340
5,17956.327752,12980
6,17896.666464,15618
7,17757.159808,18257
8,17741.853937,20894
9,17741.853937,23541
10,17719.870216,26195
11,17719.870216,28850
12,17668.718331,31509
13,17668.718331,34167
14,17645.543108,36826
15,17645.543108,39485
16,17645.543108,42143
17,17645.543108,44801
18,17645.543108,47460
19,17645.543108,50114
20,17645.543108,52766
21,17636.327405,55419
22,17636.327405,58073
23,17622.902134,60729
24,17620.550384,63386
25,17620.550384,66043
26,17619.904696,68700
27,17619.790491,71357
28,17619.790491,74013
29,17614.955737,76670
30,17614.955737,79328
31,17612.829851,81986
32,17610.452859,84644
33,17605.141891,87302
34,17605.141891,89960
35,17605.141891,92618
36,17605.141891,95276
37,17605.100710,97935
38,17605.100710,100594
39,17605.100710,103253
40,17605.100710,105912
41,17602.225153,108571
42,17602.225153,111230
43,17602.225153,113889
44,17602.225153,116548
45,17602.225153,119207
46,17602.225153,121866
47,17602.225153,124525
48,17602.225153,127184
49,17602.225153,129843
50,17602.225153,132502
51,17602.225153,135161
52,17602.225153,137820
53,17602.225153,140479
54,17602.225153,143138
55,17602.225153,145797
56,17602.225153,148456
57,17602.225153,151115
58,17602.225153,153774
59,17602.225153,156433
60,17602.225153,159092
61,17602.225153,161751
62,17602.225153,164410
63,17602.225153,167069
64,17602.225153,169728
65,17602.225153,172387
66,17602.225153,175046
67,17601.779342,177705
68,17601.779342,180364
69,17601.779342,183023
70,17598.309171,185682
71,17598.309171,188341
72,17598.309171,191000
73,17598.309171,193659
74,17597.963414,196318
75,17597.899488,198977
76,17597.899488,201636
77,17597.899488,204295
78,17597.899488,206954
79,17597.899488,209613
80,17597.899488,212272
81,17597.899488,214931
82,17597.899488,217590
83,17597.899488,220249
84,17597.899488,222908
85,17597.899488,225567
86,17597.899488,228226
87,17597.899488,230885
88,17597.899488,233544
89,17597.899488,236203
90,17597.899488,238862
91,17597.899488,241521
92,17597.899488,244180
93,17597.899488,246839
94,17597.899488,249498
95,17597.899488,252157
96,17597.899488,254816
97,17597.899488,257475
98,17597.899488,260134
99,17597.899488,262793
100,17597.899488,265452
101,17597.899488,268111
102,17597.899488,270770
103,17597.856392,273429
104,17597.856392,276088
105,17597.238550,278747
106,17597.238550,281406
107,17597.238550,284065
108,17597.238550,286724
109,17597.238550,289383
110,17597.238550,292042
111,17597.238550,294701
112,17597.238550,297360
113,17597.238550,300019
114,17597.238550,302678
115,17597.238550,305337
116,17597.238550,307996
117,17597.238550,310655
118,17597.238550,313314
119,17597.238550,315973
120,17597.238550,318632
121,17597.238550,321291
122,17597.238550,323950
123,17597.238550,326609
124,17597.238550,329268
125,17597.238550,331927
126,17597.238550,334586
127,17597.238550,337245
128,17597.238550,339904
129,17597.162104,342563
130,17597.162104,345222
131,17597.162104,347881
132,17597.162104,350540
133,17597.162104,353199
134,17597.162104,355858
135,17597.162104,358517
136,17597.162104,361176
137,17597.162104,363835
138,17597.162104,366494
139,17597.162104,369153
140,17597.162104,371812
141,17597.162104,374471
142,17597.162104,377130
143,17597.162104,379789
144,17597.162104,382448
145,17597.162104,385107
146,17597.162104,387766
147,17597.162104,390425
148,17597.162104,393084
149,17597.162104,395743
150,17597.087013,398402
151,17597.087013,401061
152,17597.087013,403720
153,17597.087013,406379
154,17597.087013,409038
155,17597.087013,411697
156,17597.087013,414356
157,17597.087013,417015
158,17597.087013,419674
159,17597.087013,422333
160,17597.087013,424992
161,17597.087013,427651
162,17597.087013,430310
163,17597.087013,432969
164,17597.087013,435628
165,17597.087013,438287
166,17597.087013,440946
167,17597.087013,443605
168,17597.087013,446264
169,17597.087013,448923
170,17597.087013,451582
171,17597.087013,454241
172,17597.087013,456900
173,17597.087013,459559
174,17597.087013,462218
175,17597.087013,464877
176,17597.087013,467536
177,17597.087013,470195
178,17597.087013,472854
179,17597.087013,475513
180,17597.087013,478172
181,17597.087013,480831
182,17597.087013,483490
183,17597.087013,486149
184,17597.087013,488808
185,17597.087013,491467
186,17597.087013,494126
187,17597.087013,496785
188,17597.087013,499444
189,17597.087013,502103
190,17597.087013,504762
191,17597.087013,507421
192,17597.087013,510080
193,17597.087013,512739
194,17597.087013,515398
195,17597.087013,518057
196,17597.087013,520716
197,17597.087013,523375
198,17597.087013,526034
199,17597.087013,528693
200,17597.087013,531352
201,17597.087013,534011
202,17597.087013,536670
203,17597.087013,539329
204,17597.087013,541988
205,17597.087013,544647
206,17597.087013,547306
207,17597.087013,549965
208,17597.087013,552624
209,17597.087013,555283
210,17597.087013,557942
211,17597.087013,560601
212,17597.087013,563260
213,17597.087013,565919
214,17597.087013,568578
215,17597.087013,571237
216,17597.087013,573896
217,17597.087013,576555
218,17597.087013,579214
219,17597.087013,581873
220,17597.087013,584532
221,17597.087013,587191
222,17597.087013,589850
223,17597.087013,592509
224,17597.087013,595168
225,17597.087013,597827
226,17597.087013,600486
227,17597.087013,603145
228,17597.087013,605804
229,17597.087013,608463
230,17597.087013,611122
231,17597.087013,613781
232,17597.087013,616440
233,17596.445320,619099
234,17596.445320,621758
235,17596.445320,624417
236,17596.445320,627076
237,17596.445320,629735
238,17596.445320,632394
239,17596.445320,635053
240,17596.445320,637712
241,17596.445320,640371
242,17596.445320,643030
243,17596.445320,645689
244,17596.445320,648348
245,17596.445320,651007
246,17596.445320,653666
247,17596.445320,656325
248,17596.445320,658984
249,17596.445320,661643
250,17596.445320,664302
251,17596.445320,666961
252,17596.445320,669620
253,17596.445320,672279
254,17596.445320,674938
255,17596.445320,677597
256,17596.445320,680256
257,17596.445320,682915
258,17596.445320,685574
259,17596.445320,688233
260,17596.445320,690892
261,17596.445320,693551
262,17596.445320,696210
263,17596.445320,698869
264,17596.445320,701528
265,17596.445320,704187
266,17596.445320,706846
267,17596.445320,709505
268,17596.445320,712164
269,17596.445320,714823
270,17596.445320,717482
271,17596.445320,720141
272,17596.445320,722800
273,17596.445320,725459
274,17596.445320,728118
275,17596.445320,730777
276,17596.445320,733436
277,17596.445320,736095
278,17596.445320,738754
279,17596.445320,741413
280,17596.445320,744072
281,17596.445320,746731
282,17596.445320,749390
283,17596.445320,752049
284,17596.445320,754708
285,17596.445320,757367
286,17596.445320,760026
287,17596.445320,762685
288,17596.445320,765344
289,17596.445320,768003
290,17596.445320,770662
291,17596.445320,773321
292,17596.445320,775980
293,17596.445320,778639
294,17596.445320,781298
295,17596.445320,783957
296,17596.445320,786616
297,17596.445320,789275
298,17596.445320,791934
299,17596.445320,794593
300,17596.445320,797252
301,17596.445320,799911
302,17596.445320,802570
303,17596.445320,805229
304,17596.445320,807888
305,17596.445320,810547
306,17596.445320,813206
307,17596.445320,815865
308,17596.445320,818524
17596.445320,83.447693
