1,49433.491683,2376
2,49402.502566,5041
3,49374.285084,7706
4,49362.321739,10371
5,49358.587516,13036
6,49358.526751,15701
7,49358.526751,18366
8,49357.038696,21031
9,49357.001691,23696
10,49356.970821,26361
11,49356.970821,29026
12,49356.970821,31691
13,49356.970821,34356
14,49356.966401,37021
15,49356.965141,39686
16,49356.965141,42351
17,49356.965141,45016
18,49356.965141,47681
19,49356.965141,50346
20,49356.965141,53011
21,49356.965141,55675
22,49356.965141,58340
23,49356.965141,61005
24,49356.965141,63670
25,49356.965141,66335
26,49356.965141,69000
27,49356.965141,71665
28,49356.965141,74329
29,49356.965141,76994
30,49356.965141,79658
31,49356.965141,82322
32,49356.965141,84987
33,49356.965141,87652
34,49356.965141,90317
35,49356.965141,92982
36,49356.965141,95647
37,49356.965141,98312
38,49356.965141,100977
39,49356.965141,103642
40,49356.965141,106306
41,49356.965141,108969
42,49356.965141,111634
43,49356.965141,114299
44,49356.943542,116964
45,49356.943542,119629
46,49356.943542,122293
47,49356.943542,124958
48,49356.943542,127622
49,49356.943542,130286
50,49356.943542,132951
51,49356.943542,135616
52,49356.943542,138280
53,49356.943542,140943
54,49356.943542,143608
55,49356.943542,146272
56,49356.943542,148937
57,49356.943542,151602
58,49356.943542,154267
59,49356.943542,156932
60,49356.943542,159597
61,49356.943542,162262
62,49356.943542,164927
63,49356.943542,167590
64,49356.943542,170254
65,49356.943542,172917
66,49356.943542,175581
67,49356.943542,178245
68,49356.943542,180909
69,49356.943542,183573
70,49356.931608,186238
71,49356.931608,188900
72,49356.927384,191565
73,49356.927384,194230
74,49356.927384,196895
75,49356.927384,199559
76,49356.927384,202222
77,49356.927384,204886
78,49356.927384,207551
79,49356.927384,210216
80,49356.927384,212881
81,49356.927384,215546
82,49356.927384,218211
83,49356.927384,220876
84,49356.927384,223541
85,49356.927384,226206
86,49356.927384,228871
87,49356.927384,231536
88,49356.927384,234201
89,49356.927384,236866
90,49356.927384,239531
91,49356.927384,242196
92,49356.927384,244861
93,49356.927384,247526
94,49356.927384,250191
95,49356.927384,252856
96,49356.927384,255520
97,49356.927384,258185
98,49356.927384,260850
99,49356.927384,263514
100,49356.927384,266179
101,49356.927384,268843
102,49356.927384,271508
103,49356.927384,274173
104,49356.927384,276838
105,49356.927384,279503
106,49356.927384,282167
107,49356.927384,284830
108,49356.927384,287495
109,49356.927384,290159
110,49356.927384,292824
111,49356.927384,295489
112,49356.927384,298153
113,49356.927384,300818
114,49356.927384,303483
115,49356.927384,306148
116,49356.927384,308813
117,49356.927384,311478
118,49356.927384,314140
119,49356.927384,316803
120,49356.927384,319468
121,49356.927384,322133
122,49356.927384,324798
123,49356.927384,327463
124,49356.927384,330127
125,49356.927384,332792
126,49356.927384,335457
127,49356.927384,338122
128,49356.927384,340787
129,49356.927384,343452
130,49356.927384,346117
131,49356.927384,348782
132,49356.927384,351447
133,49356.927384,354112
134,49356.927384,356777
135,49356.927384,359441
136,49356.927384,362106
137,49356.927384,364771
138,49356.927384,367436
139,49356.927384,370101
140,49356.927384,372766
141,49356.927384,375431
142,49356.927384,378096
143,49356.927384,380761
144,49356.927384,383425
145,49356.927384,386089
146,49356.927384,388754
147,49356.927384,391419
148,49356.927384,394084
149,49356.927384,396749
150,49356.927384,399414
151,49356.927384,402079
152,49356.927384,404744
153,49356.927384,407406
154,49356.927384,410068
155,49356.927384,412733
156,49356.927384,415396
157,49356.927384,418061
158,49356.927384,420726
159,49356.927384,423391
160,49356.927384,426056
161,49356.927384,428719
162,49356.927384,431383
163,49356.927384,434047
164,49356.927384,436712
165,49356.927384,439376
166,49356.927384,442041
167,49356.927384,444706
168,49356.927384,447369
169,49356.927384,450034
170,49356.927384,452699
171,49356.927384,455364
172,49356.927384,458025
173,49356.927384,460690
174,49356.927384,463355
175,49356.927384,466020
176,49356.927384,468685
177,49356.927384,471350
178,49356.927384,474014
179,49356.927384,476679
180,49356.927384,479344
181,49356.927384,482009
182,49356.927384,484674
183,49356.927384,487333
184,49356.927384,489997
185,49356.927384,492662
186,49356.927384,495326
187,49356.927384,497989
188,49356.927384,500653
189,49356.927384,503318
190,49356.927384,505982
191,49356.927384,508647
192,49356.927384,511312
193,49356.927384,513977
194,49356.927384,516642
195,49356.927384,519307
196,49356.927384,521972
197,49356.927384,524637
198,49356.927384,527301
199,49356.927384,529966
200,49356.927384,532631
201,49356.927384,535295
202,49356.927384,537959
203,49356.927384,540624
204,49356.927384,543289
205,49356.927384,545954
206,49356.927384,548617
207,49356.927384,551281
208,49356.927384,553946
209,49356.927384,556611
210,49356.927384,559275
211,49356.927384,561940
212,49356.927384,564605
213,49356.927384,567270
214,49356.927384,569934
215,49356.927384,572599
216,49356.927384,575264
217,49356.927384,577929
218,49356.927384,580594
219,49356.927384,583259
220,49356.927384,585924
221,49356.927384,588589
222,49356.927384,591254
223,49356.927384,593919
224,49356.927384,596584
225,49356.927384,599249
226,49356.927384,601914
227,49356.927384,604579
228,49356.927384,607244
229,49356.927384,609909
230,49356.927384,612574
231,49356.927384,615239
232,49356.927384,617904
233,49356.927384,620569
234,49356.927384,623233
235,49356.927384,625897
236,49356.927384,628562
237,49356.927384,631226
238,49356.927384,633890
239,49356.927384,636555
240,49356.927384,639220
241,49356.927384,641885
242,49356.927384,644549
243,49356.927384,647214
244,49356.927384,649879
245,49356.927384,652543
246,49356.927384,655207
247,49356.927384,657871
248,49356.927384,660536
249,49356.927384,663201
250,49356.927384,665866
251,49356.927384,668531
252,49356.927384,671196
253,49356.927384,673861
254,49356.927384,676526
255,49356.927384,679191
256,49356.927384,681856
257,49356.927384,684519
258,49356.927384,687184
259,49356.927384,689848
260,49356.927384,692513
261,49356.927384,695176
262,49356.927384,697841
263,49356.927384,700504
264,49356.927384,703168
265,49356.927384,705832
266,49356.927384,708496
267,49356.927384,711161
268,49356.927384,713825
269,49356.927384,716489
270,49356.927384,719153
271,49356.927384,721818
272,49356.927384,724481
273,49356.927384,727146
274,49356.927384,729811
275,49356.927384,732476
276,49356.927384,735140
277,49356.927384,737803
278,49356.927384,740468
279,49356.927384,743133
280,49356.927384,745798
281,49356.927384,748463
282,49356.927384,751128
283,49356.927384,753793
284,49356.927384,756457
285,49356.927384,759122
286,49356.927384,761787
287,49356.927384,764451
288,49356.927384,767116
289,49356.916868,769781
290,49356.916868,772445
291,49356.916868,775110
292,49356.916868,777775
293,49356.916868,780440
294,49356.916868,783103
295,49356.916868,785768
296,49356.916868,788433
297,49356.916868,791097
298,49356.916868,793762
299,49356.916868,796427
300,49356.916868,799092
301,49356.916868,801756
302,49356.916868,804421
303,49356.916868,807085
304,49356.916868,809750
305,49356.916868,812415
306,49356.916868,815080
307,49356.916868,817742
49356.916868,27.290330
1,49429.445951,2376
2,49416.560523,5016
3,49372.107508,7656
4,49362.507044,10296
5,49358.178940,12936
6,49357.302227,15576
7,49357.070180,18216
8,49357.063172,20856
9,49357.052853,23496
10,49356.996122,26136
11,49356.996122,28776
12,49356.977656,31416
13,49356.977656,34056
14,49356.965022,36696
15,49356.965022,39336
16,49356.965022,41976
17,49356.965022,44616
18,49356.954675,47256
19,49356.954675,49895
20,49356.938878,52535
21,49356.938170,55175
22,49356.938170,57815
23,49356.938170,60454
24,49356.928451,63094
25,49356.928451,65734
26,49356.919097,68374
27,49356.919097,71014
28,49356.919097,73654
29,49356.919097,76293
30,49356.919097,78933
31,49356.919097,81572
32,49356.919097,84212
33,49356.919097,86852
34,49356.914646,89492
35,49356.914646,92132
36,49356.914646,94772
37,49356.914646,97412
38,49356.914646,100052
39,49356.912173,102690
40,49356.911028,105330
41,49356.911028,107970
42,49356.911028,110606
43,49356.911028,113246
44,49356.911028,115886
45,49356.911028,118526
46,49356.911028,121166
47,49356.911028,123805
48,49356.911028,126445
49,49356.911028,129085
50,49356.908750,131725
51,49356.908750,134365
52,49356.908750,137005
53,49356.908750,139644
54,49356.908750,142284
55,49356.908750,144923
56,49356.908750,147563
57,49356.908750,150203
58,49356.908750,152843
59,49356.908750,155483
60,49356.908750,158123
61,49356.908750,160762
62,49356.908750,163402
63,49356.908750,166038
64,49356.908750,168677
65,49356.898254,171316
66,49356.898254,173956
67,49356.898254,176595
68,49356.898254,179235
69,49356.898254,181875
70,49356.898254,184515
71,49356.898254,187155
72,49356.898254,189794
73,49356.898254,192434
74,49356.898254,195074
75,49356.898254,197714
76,49356.898254,200354
77,49356.898254,202993
78,49356.898254,205633
79,49356.898254,208273
80,49356.898254,210913
81,49356.898254,213553
82,49356.898254,216193
83,49356.898254,218833
84,49356.898254,221473
85,49356.898254,224113
86,49356.898254,226752
87,49356.898254,229391
88,49356.898254,232030
89,49356.898254,234669
90,49356.898254,237308
91,49356.898254,239948
92,49356.898254,242588
93,49356.898254,245226
94,49356.898254,247866
95,49356.898254,250505
96,49356.898254,253144
97,49356.898254,255784
98,49356.898254,258424
99,49356.898254,261064
100,49356.898254,263703
101,49356.898254,266343
102,49356.898254,268983
103,49356.898254,271623
104,49356.898254,274263
105,49356.898254,276903
106,49356.898254,279543
107,49356.898254,282183
108,49356.898254,284823
109,49356.898254,287463
110,49356.898254,290101
111,49356.898254,292741
112,49356.898254,295380
113,49356.898254,298020
114,49356.898254,300660
115,49356.898254,303300
116,49356.898254,305940
117,49356.898254,308580
118,49356.898254,311220
119,49356.898254,313859
120,49356.898254,316497
121,49356.898254,319137
122,49356.898254,321777
123,49356.898254,324416
124,49356.898254,327056
125,49356.898254,329696
126,49356.898254,332335
127,49356.898254,334975
128,49356.898254,337615
129,49356.898254,340255
130,49356.898254,342895
131,49356.898254,345535
132,49356.898254,348175
133,49356.898254,350815
134,49356.898254,353455
135,49356.898254,356094
136,49356.898254,358734
137,49356.898254,361374
138,49356.898254,364014
139,49356.898254,366654
140,49356.898254,369294
141,49356.898254,371933
142,49356.898254,374573
143,49356.898254,377213
144,49356.898254,379853
145,49356.898254,382493
146,49356.898254,385133
147,49356.898254,387773
148,49356.898254,390413
149,49356.898254,393053
150,49356.898254,395691
151,49356.898254,398331
152,49356.898254,400970
153,49356.898254,403610
154,49356.898254,406250
155,49356.898254,408889
156,49356.898254,411529
157,49356.898254,414169
158,49356.898254,416808
159,49356.898254,419448
160,49356.898254,422087
161,49356.898254,424727
162,49356.898254,427367
163,49356.898254,430007
164,49356.898254,432647
165,49356.898254,435286
166,49356.898254,437926
167,49356.898254,440566
168,49356.898254,443206
169,49356.898254,445845
170,49356.898254,448484
171,49356.898254,451122
172,49356.898254,453762
173,49356.898254,456402
174,49356.898254,459042
175,49356.898254,461682
176,49356.898183,464322
177,49356.898183,466962
178,49356.898183,469598
179,49356.898183,472235
180,49356.898183,474875
181,49356.898183,477515
182,49356.898183,480155
183,49356.898183,482795
184,49356.898183,485435
185,49356.898183,488075
186,49356.898183,490715
187,49356.898183,493355
188,49356.898183,495995
189,49356.898183,498635
190,49356.898183,501275
191,49356.898183,503915
192,49356.898183,506555
193,49356.898183,509195
194,49356.898183,511834
195,49356.898183,514474
196,49356.898183,517114
197,49356.898183,519754
198,49356.898183,522394
199,49356.898183,525033
200,49356.898183,527673
201,49356.898183,530313
202,49356.898183,532952
203,49356.898183,535591
204,49356.898183,538228
205,49356.898183,540868
206,49356.898183,543506
207,49356.898183,546144
208,49356.898183,548784
209,49356.898183,551424
210,49356.898183,554064
211,49356.898183,556704
212,49356.898183,559344
213,49356.898183,561984
214,49356.898183,564624
215,49356.898183,567264
216,49356.898183,569903
217,49356.898183,572543
218,49356.898183,575182
219,49356.898183,577821
220,49356.898183,580461
221,49356.898183,583100
222,49356.898183,585738
223,49356.898183,588377
224,49356.898183,591017
225,49356.898183,593656
226,49356.898183,596294
227,49356.898183,598934
228,49356.898183,601573
229,49356.898183,604213
230,49356.898183,606853
231,49356.898183,609492
232,49356.898183,612132
233,49356.898183,614771
234,49356.898183,617411
235,49356.898183,620051
236,49356.898183,622691
237,49356.898183,625331
238,49356.898183,627971
239,49356.898183,630610
240,49356.898183,633250
241,49356.898183,635890
242,49356.898183,638530
243,49356.898183,641170
244,49356.898183,643810
245,49356.898183,646450
246,49356.898183,649090
247,49356.898183,651730
248,49356.898183,654369
249,49356.898183,657007
250,49356.898183,659647
251,49356.898183,662287
252,49356.898183,664925
253,49356.898183,667561
254,49356.898183,670200
255,49356.898183,672840
256,49356.898183,675480
257,49356.898183,678120
258,49356.898183,680759
259,49356.898183,683396
260,49356.898183,686035
261,49356.898183,688675
262,49356.898183,691314
263,49356.898183,693954
264,49356.898183,696593
265,49356.898183,699233
266,49356.898183,701873
267,49356.898183,704512
268,49356.898183,707152
269,49356.898183,709792
270,49356.898183,712432
271,49356.898183,715072
272,49356.898183,717711
273,49356.898183,720351
274,49356.898183,722990
275,49356.898183,725630
276,49356.898183,728270
277,49356.898183,730910
278,49356.898183,733550
279,49356.898183,736190
280,49356.898183,738830
281,49356.898183,741469
282,49356.898183,744109
283,49356.898183,746749
284,49356.898183,749388
285,49356.898183,752028
286,49356.898183,754668
287,49356.898183,757308
288,49356.898183,759948
289,49356.898183,762588
290,49356.898183,765228
291,49356.898183,767868
292,49356.898183,770508
293,49356.898183,773147
294,49356.898183,775787
295,49356.898183,778427
296,49356.898183,781066
297,49356.898183,783706
298,49356.898183,786346
299,49356.898183,788986
300,49356.898183,791626
301,49356.898183,794266
302,49356.898183,796906
303,49356.898183,799544
304,49356.898183,802182
305,49356.898183,804819
306,49356.898183,807456
307,49356.898183,810094
308,49356.898183,812732
309,49356.898183,815372
310,49356.898183,818011
49356.898183,27.400701
1,49431.094418,2376
2,49420.540058,5037
3,49373.747260,7698
4,49363.268500,10359
5,49358.165984,13020
6,49357.302987,15681
7,49357.159546,18342
8,49357.060583,21003
9,49357.042509,23664
10,49357.042509,26325
11,49357.042509,28986
12,49357.042509,31647
13,49356.981303,34308
14,49356.981303,36969
15,49356.978982,39630
16,49356.978982,42291
17,49356.978982,44952
18,49356.978982,47613
19,49356.978982,50274
20,49356.974052,52935
21,49356.974052,55596
22,49356.971768,58257
23,49356.971768,60918
24,49356.971768,63579
25,49356.971768,66240
26,49356.957579,68901
27,49356.957579,71562
28,49356.948357,74223
29,49356.941989,76884
30,49356.941989,79545
31,49356.934468,82206
32,49356.934468,84867
33,49356.934468,87528
34,49356.934468,90189
35,49356.934468,92850
36,49356.934468,95511
37,49356.934468,98172
38,49356.934468,100833
39,49356.934468,103494
40,49356.934468,106155
41,49356.934468,108815
42,49356.934468,111476
43,49356.934468,114136
44,49356.934468,116797
45,49356.934468,119458
46,49356.934468,122119
47,49356.934468,124780
48,49356.934468,127441
49,49356.934468,130101
50,49356.934468,132760
51,49356.934468,135421
52,49356.934468,138082
53,49356.934468,140743
54,49356.934468,143403
55,49356.934468,146064
56,49356.934468,148725
57,49356.934468,151385
58,49356.934468,154046
59,49356.934468,156707
60,49356.934468,159368
61,49356.934468,162029
62,49356.934468,164690
63,49356.934468,167351
64,49356.934468,170012
65,49356.934468,172673
66,49356.934468,175334
67,49356.934468,177995
68,49356.934468,180655
69,49356.934468,183316
70,49356.934468,185977
71,49356.934468,188638
72,49356.934468,191299
73,49356.934468,193960
74,49356.934468,196621
75,49356.934468,199282
76,49356.934468,201942
77,49356.934468,204603
78,49356.934468,207264
79,49356.919301,209925
80,49356.919301,212585
81,49356.919301,215245
82,49356.919301,217906
83,49356.919301,220567
84,49356.919301,223228
85,49356.919301,225889
86,49356.919301,228550
87,49356.919301,231211
88,49356.919301,233872
89,49356.919301,236533
90,49356.919301,239194
91,49356.910518,241855
92,49356.910518,244516
93,49356.910518,247177
94,49356.910518,249838
95,49356.910518,252498
96,49356.910518,255159
97,49356.910518,257819
98,49356.910518,260480
99,49356.910518,263141
100,49356.910518,265802
101,49356.910518,268462
102,49356.910518,271122
103,49356.910518,273783
104,49356.910518,276444
105,49356.910518,279105
106,49356.910518,281766
107,49356.910518,284427
108,49356.910518,287088
109,49356.910518,289749
110,49356.910518,292410
111,49356.910518,295071
112,49356.910518,297730
113,49356.910518,300391
114,49356.910518,303051
115,49356.910518,305711
116,49356.910518,308372
117,49356.910518,311033
118,49356.910518,313694
119,49356.910518,316355
120,49356.910518,319016
121,49356.910518,321677
122,49356.910518,324338
123,49356.910518,326999
124,49356.910518,329660
125,49356.910518,332321
126,49356.910518,334982
127,49356.910518,337640
128,49356.910518,340299
129,49356.910518,342960
130,49356.910518,345620
131,49356.910518,348281
132,49356.910518,350942
133,49356.910518,353603
134,49356.910518,356264
135,49356.910518,358925
136,49356.910518,361586
137,49356.910518,364246
138,49356.910518,366907
139,49356.910518,369568
140,49356.910518,372229
141,49356.910518,374890
142,49356.910518,377551
143,49356.910518,380212
144,49356.910518,382871
145,49356.910518,385532
146,49356.910518,388192
147,49356.910518,390853
148,49356.910518,393513
149,49356.910518,396174
150,49356.910518,398835
151,49356.910518,401496
152,49356.910518,404157
153,49356.910518,406817
154,49356.910518,409478
155,49356.910518,412139
156,49356.910518,414800
157,49356.910518,417461
158,49356.910518,420122
159,49356.910518,422783
160,49356.910518,425444
161,49356.910518,428104
162,49356.910518,430765
163,49356.910518,433425
164,49356.910518,436085
165,49356.910518,438745
166,49356.910518,441406
167,49356.910518,444067
168,49356.910518,446728
169,49356.906069,449388
170,49356.906069,452048
171,49356.906069,454709
172,49356.906069,457370
173,49356.906069,460031
174,49356.906069,462692
175,49356.906069,465352
176,49356.906069,468013
177,49356.906069,470673
178,49356.906069,473334
179,49356.906069,475995
180,49356.906069,478656
181,49356.906069,481317
182,49356.906069,483977
183,49356.906069,486638
184,49356.906069,489299
185,49356.906069,491960
186,49356.906069,494621
187,49356.906069,497282
188,49356.906069,499943
189,49356.906069,502604
190,49356.906069,505265
191,49356.906069,507926
192,49356.906069,510587
193,49356.906069,513248
194,49356.906069,515909
195,49356.906069,518570
196,49356.906069,521231
197,49356.906069,523892
198,49356.906069,526553
199,49356.906069,529214
200,49356.906069,531875
201,49356.906069,534535
202,49356.906069,537194
203,49356.906069,539855
204,49356.906069,542516
205,49356.906069,545177
206,49356.906069,547838
207,49356.906069,550499
208,49356.906069,553159
209,49356.906069,555819
210,49356.906069,558479
211,49356.906069,561140
212,49356.906069,563800
213,49356.906069,566461
214,49356.906069,569121
215,49356.906069,571781
216,49356.906069,574442
217,49356.906069,577103
218,49356.906069,579764
219,49356.906069,582424
220,49356.906069,585085
221,49356.906069,587745
222,49356.906069,590406
223,49356.906069,593065
224,49356.906069,595726
225,49356.906069,598386
226,49356.906069,601047
227,49356.906069,603708
228,49356.906069,606368
229,49356.906069,609029
230,49356.906069,611690
231,49356.906069,614351
232,49356.906069,617010
233,49356.906069,619671
234,49356.906069,622332
235,49356.906069,624993
236,49356.906069,627654
237,49356.906069,630315
238,49356.906069,632976
239,49356.906069,635637
240,49356.906069,638298
241,49356.906069,640959
242,49356.906069,643620
243,49356.906069,646281
244,49356.906069,648942
245,49356.906069,651603
246,49356.906069,654264
247,49356.906069,656924
248,49356.906069,659585
249,49356.906069,662246
250,49356.906069,664907
251,49356.906069,667567
252,49356.906069,670228
253,49356.906069,672889
254,49356.906069,675550
255,49356.906069,678211
256,49356.906069,680872
257,49356.906069,683532
258,49356.906069,686193
259,49356.906069,688854
260,49356.906069,691515
261,49356.906069,694175
262,49356.906069,696832
263,49356.906069,699493
264,49356.906069,702154
265,49356.906069,704815
266,49356.906069,707475
267,49356.906069,710136
268,49356.906069,712797
269,49356.906069,715458
270,49356.906069,718119
271,49356.906069,720780
272,49356.906069,723440
273,49356.906069,726101
274,49356.906069,728762
275,49356.906069,731421
276,49356.906069,734082
277,49356.906069,736743
278,49356.906069,739403
279,49356.906069,742064
280,49356.906069,744725
281,49356.906069,747386
282,49356.906069,750047
283,49356.906069,752705
284,49356.906069,755366
285,49356.906069,758027
286,49356.906069,760688
287,49356.906069,763349
288,49356.906069,766010
289,49356.906069,768671
290,49356.906069,771332
291,49356.906069,773992
292,49356.906069,776653
293,49356.906069,779314
294,49356.906069,781975
295,49356.906069,784636
296,49356.906069,787297
297,49356.906069,789958
298,49356.906069,792619
299,49356.906069,795280
300,49356.906069,797941
301,49356.906069,800602
302,49356.906069,803262
303,49356.906069,805923
304,49356.906069,808584
305,49356.906069,811245
306,49356.906069,813906
307,49356.906069,816567
308,49356.906069,819227
49356.906069,27.355667
1,49431.476404,2376
2,49407.357897,5034
3,49375.864771,7692
4,49363.617727,10350
5,49360.586984,13008
6,49357.727796,15666
7,49357.137425,18324
8,49357.031188,20982
9,49356.980347,23640
10,49356.957476,26298
11,49356.957476,28956
12,49356.957476,31614
13,49356.957476,34272
14,49356.957000,36930
15,49356.954675,39588
16,49356.954675,42246
17,49356.954675,44904
18,49356.954675,47562
19,49356.929565,50220
20,49356.925989,52878
21,49356.922858,55536
22,49356.922858,58194
23,49356.922858,60852
24,49356.922858,63510
25,49356.922858,66168
26,49356.922858,68826
27,49356.922858,71484
28,49356.922858,74142
29,49356.922858,76800
30,49356.922858,79458
31,49356.922858,82115
32,49356.922858,84773
33,49356.922858,87431
34,49356.922858,90089
35,49356.922858,92747
36,49356.922858,95405
37,49356.922858,98061
38,49356.922858,100716
39,49356.922858,103373
40,49356.922858,106030
41,49356.922858,108688
42,49356.922858,111346
43,49356.922858,114003
44,49356.922858,116661
45,49356.922858,119319
46,49356.922858,121977
47,49356.922858,124634
48,49356.922858,127291
49,49356.922858,129949
50,49356.922858,132606
51,49356.922858,135264
52,49356.922858,137922
53,49356.922858,140580
54,49356.922858,143238
55,49356.922858,145893
56,49356.922858,148551
57,49356.922858,151208
58,49356.922858,153866
59,49356.922858,156524
60,49356.922858,159182
61,49356.922858,161839
62,49356.922858,164496
63,49356.922858,167154
64,49356.922858,169812
65,49356.922858,172470
66,49356.922858,175128
67,49356.922858,177786
68,49356.922858,180443
69,49356.922858,183098
70,49356.922858,185756
71,49356.922858,188414
72,49356.922858,191070
73,49356.922858,193728
74,49356.922858,196386
75,49356.922858,199044
76,49356.922858,201702
77,49356.922858,204360
78,49356.922858,207018
79,49356.922858,209675
80,49356.922858,212333
81,49356.922858,214991
82,49356.922858,217647
83,49356.922858,220304
84,49356.922858,222962
85,49356.922858,225620
86,49356.922858,228278
87,49356.922858,230934
88,49356.922858,233592
89,49356.922858,236250
90,49356.922858,238908
91,49356.922858,241566
92,49356.922858,244224
93,49356.922858,246882
94,49356.922858,249540
95,49356.922858,252197
96,49356.922858,254854
97,49356.922858,257512
98,49356.922858,260170
99,49356.922858,262828
100,49356.922858,265486
101,49356.922858,268144
102,49356.922858,270802
103,49356.922858,273457
104,49356.922858,276115
105,49356.922858,278773
106,49356.922858,281431
107,49356.922858,284088
108,49356.922858,286745
109,49356.922858,289402
110,49356.922858,292059
111,49356.922858,294717
112,49356.922858,297374
113,49356.922858,300026
114,49356.922858,302682
115,49356.922858,305340
116,49356.922858,307997
117,49356.922858,310655
118,49356.922858,313313
119,49356.922858,315971
120,49356.922858,318629
121,49356.922858,321287
122,49356.922858,323945
123,49356.922858,326603
124,49356.922858,329260
125,49356.922858,331917
126,49356.922858,334575
127,49356.922858,337233
128,49356.922858,339891
129,49356.922858,342549
130,49356.922858,345207
131,49356.922858,347864
132,49356.922858,350522
133,49356.922858,353179
134,49356.922858,355837
135,49356.922858,358495
136,49356.922858,361152
137,49356.922858,363809
138,49356.922858,366466
139,49356.922858,369124
140,49356.922858,371782
141,49356.922858,374440
142,49356.922858,377097
143,49356.922858,379755
144,49356.922858,382413
145,49356.922858,385071
146,49356.922858,387729
147,49356.922858,390385
148,49356.922858,393043
149,49356.922858,395701
150,49356.922858,398359
151,49356.922858,401017
152,49356.922858,403675
153,49356.922858,406332
154,49356.922858,408989
155,49356.922858,411647
156,49356.922858,414305
157,49356.922858,416963
158,49356.922858,419620
159,49356.922858,422278
160,49356.922858,424934
161,49356.922858,427592
162,49356.922858,430250
163,49356.922858,432908
164,49356.922858,435566
165,49356.922858,438224
166,49356.922858,440882
167,49356.922858,443539
168,49356.922858,446197
169,49356.922858,448855
170,49356.922858,451513
171,49356.922858,454171
172,49356.922858,456829
173,49356.922858,459486
174,49356.922858,462144
175,49356.922858,464801
176,49356.922858,467459
177,49356.922858,470117
178,49356.916423,472773
179,49356.916423,475431
180,49356.916423,478089
181,49356.916423,480747
182,49356.916423,483405
183,49356.916423,486063
184,49356.916423,488721
185,49356.916423,491379
186,49356.916423,494037
187,49356.916423,496695
188,49356.916423,499353
189,49356.916423,502011
190,49356.916423,504669
191,49356.916423,507327
192,49356.916423,509985
193,49356.916423,512643
194,49356.916423,515301
195,49356.916423,517959
196,49356.916423,520617
197,49356.916423,523274
198,49356.916423,525932
199,49356.916423,528590
200,49356.916423,531248
201,49356.916423,533906
202,49356.916423,536564
203,49356.916423,539222
204,49356.916423,541879
205,49356.916423,544537
206,49356.916423,547195
207,49356.916423,549853
208,49356.916423,552511
209,49356.916423,555167
210,49356.916423,557825
211,49356.916423,560482
212,49356.916423,563140
213,49356.916423,565797
214,49356.916423,568455
215,49356.916423,571113
216,49356.916423,573771
217,49356.916423,576428
218,49356.916423,579085
219,49356.916423,581743
220,49356.916423,584401
221,49356.916423,587059
222,49356.916423,589716
223,49356.916423,592374
224,49356.916423,595032
225,49356.916423,597690
226,49356.916423,600346
227,49356.916423,603004
228,49356.916423,605662
229,49356.916423,608320
230,49356.916423,610978
231,49356.916423,613636
232,49356.916423,616294
233,49356.916423,618952
234,49356.916423,621610
235,49356.916423,624267
236,49356.916423,626925
237,49356.916423,629583
238,49356.916423,632240
239,49356.916423,634898
240,49356.916423,637555
241,49356.916423,640213
242,49356.916423,642871
243,49356.916423,645529
244,49356.916423,648187
245,49356.916423,650845
246,49356.916423,653503
247,49356.916423,656160
248,49356.916423,658818
249,49356.916423,661476
250,49356.916423,664134
251,49356.916423,666792
252,49356.916423,669450
253,49356.916423,672108
254,49356.916423,674766
255,49356.916423,677424
256,49356.916423,680082
257,49356.916423,682740
258,49356.916423,685397
259,49356.916423,688054
260,49356.916423,690712
261,49356.916423,693369
262,49356.916423,696027
263,49356.916423,698682
264,49356.916423,701339
265,49356.916423,703997
266,49356.916423,706655
267,49356.916423,709313
268,49356.916423,711971
269,49356.916423,714629
270,49356.916423,717285
271,49356.916423,719943
272,49356.916423,722601
273,49356.916423,725259
274,49356.916423,727917
275,49356.916423,730575
276,49356.916423,733233
277,49356.916423,735891
278,49356.916423,738549
279,49356.916423,741207
280,49356.916423,743865
281,49356.916423,746523
282,49356.916423,749180
283,49356.916423,751838
284,49356.916423,754495
285,49356.916423,757153
286,49356.916423,759811
287,49356.916423,762468
288,49356.916423,765126
289,49356.916423,767784
290,49356.916423,770442
291,49356.916423,773099
292,49356.916423,775756
293,49356.916423,778414
294,49356.916423,781072
295,49356.916423,783730
296,49356.916423,786388
297,49356.916423,789043
298,49356.916423,791701
299,49356.916423,794359
300,49356.916423,797017
301,49356.916423,799675
302,49356.916423,802332
303,49356.916423,804989
304,49356.916423,807646
305,49356.916423,810304
306,49356.916423,812961
307,49356.916423,815619
308,49356.916423,818277
49356.916423,27.528817
1,49425.625296,2376
2,49402.738522,5000
3,49375.789207,7624
4,49365.467084,10248
5,49358.326562,12872
6,49357.584324,15496
7,49357.147169,18120
8,49357.097329,20744
9,49357.041149,23368
10,49357.003573,25992
11,49356.999822,28616
12,49356.969373,31240
13,49356.969373,33864
14,49356.969373,36488
15,49356.969373,39112
16,49356.969373,41736
17,49356.969373,44360
18,49356.969373,46984
19,49356.966214,49608
20,49356.966214,52232
21,49356.966214,54856
22,49356.966214,57480
23,49356.943293,60104
24,49356.943293,62728
25,49356.943293,65352
26,49356.943293,67976
27,49356.943293,70600
28,49356.943293,73224
29,49356.943293,75848
30,49356.943293,78472
31,49356.943293,81094
32,49356.943293,83717
33,49356.943293,86341
34,49356.943293,88965
35,49356.943293,91589
36,49356.943293,94213
37,49356.943293,96837
38,49356.943293,99460
39,49356.943293,102084
40,49356.943293,104708
41,49356.943293,107332
42,49356.929668,109955
43,49356.928567,112579
44,49356.928567,115203
45,49356.928567,117827
46,49356.928567,120451
47,49356.928567,123074
48,49356.928567,125698
49,49356.928567,128320
50,49356.928567,130944
51,49356.928567,133568
52,49356.925376,136192
53,49356.925376,138816
54,49356.925376,141440
55,49356.925376,144064
56,49356.925376,146688
57,49356.925376,149312
58,49356.925376,151936
59,49356.925376,154560
60,49356.925376,157183
61,49356.925376,159806
62,49356.925376,162430
63,49356.925376,165054
64,49356.925376,167678
65,49356.925376,170301
66,49356.925376,172925
67,49356.925376,175549
68,49356.925376,178173
69,49356.925376,180797
70,49356.925376,183421
71,49356.925376,186044
72,49356.925376,188666
73,49356.925376,191290
74,49356.925376,193914
75,49356.925376,196538
76,49356.925376,199162
77,49356.925376,201786
78,49356.925376,204410
79,49356.925376,207034
80,49356.925376,209658
81,49356.925376,212282
82,49356.925376,214905
83,49356.925376,217529
84,49356.925376,220151
85,49356.925376,222774
86,49356.925376,225398
87,49356.925376,228022
88,49356.925376,230645
89,49356.925376,233269
90,49356.925376,235892
91,49356.925376,238515
92,49356.925376,241139
93,49356.925376,243763
94,49356.925376,246387
95,49356.925376,249011
96,49356.925376,251635
97,49356.925376,254259
98,49356.925376,256883
99,49356.925376,259506
100,49356.925376,262130
101,49356.925376,264754
102,49356.925376,267374
103,49356.925376,269997
104,49356.923032,272621
105,49356.923032,275245
106,49356.923032,277869
107,49356.923032,280493
108,49356.923032,283117
109,49356.923032,285741
110,49356.923032,288365
111,49356.923032,290989
112,49356.923032,293613
113,49356.923032,296236
114,49356.923032,298860
115,49356.923032,301484
116,49356.923032,304108
117,49356.923032,306732
118,49356.923032,309354
119,49356.923032,311978
120,49356.923032,314601
121,49356.923032,317225
122,49356.923032,319849
123,49356.923032,322473
124,49356.923032,325097
125,49356.923032,327721
126,49356.923032,330345
127,49356.923032,332969
128,49356.923032,335593
129,49356.923032,338217
130,49356.923032,340841
131,49356.923032,343465
132,49356.923032,346089
133,49356.923032,348712
134,49356.923032,351336
135,49356.923032,353959
136,49356.923032,356583
137,49356.923032,359206
138,49356.923032,361830
139,49356.923032,364454
140,49356.923032,367078
141,49356.923032,369700
142,49356.923032,372324
143,49356.923032,374948
144,49356.923032,377572
145,49356.923032,380196
146,49356.923032,382820
147,49356.923032,385444
148,49356.923032,388068
149,49356.923032,390692
150,49356.923032,393316
151,49356.923032,395939
152,49356.923032,398563
153,49356.923032,401187
154,49356.923032,403811
155,49356.923032,406435
156,49356.923032,409059
157,49356.923032,411683
158,49356.923032,414307
159,49356.923032,416931
160,49356.923032,419555
161,49356.923032,422179
162,49356.923032,424803
163,49356.923032,427427
164,49356.923032,430051
165,49356.923032,432675
166,49356.913748,435299
167,49356.913748,437923
168,49356.913748,440546
169,49356.913748,443170
170,49356.913748,445794
171,49356.913748,448418
172,49356.913748,451042
173,49356.913748,453666
174,49356.913748,456290
175,49356.913748,458914
176,49356.913748,461537
177,49356.913748,464161
178,49356.911059,466785
179,49356.911059,469409
180,49356.911059,472032
181,49356.911059,474656
182,49356.911059,477280
183,49356.909766,479902
184,49356.909766,482526
185,49356.909766,485150
186,49356.909766,487774
187,49356.909766,490398
188,49356.909766,493022
189,49356.909766,495645
190,49356.909766,498269
191,49356.909766,500893
192,49356.909766,503517
193,49356.909766,506141
194,49356.909766,508765
195,49356.909766,511389
196,49356.909766,514013
197,49356.909766,516637
198,49356.909766,519261
199,49356.909766,521885
200,49356.909766,524508
201,49356.909766,527132
202,49356.909766,529756
203,49356.909766,532380
204,49356.909766,535004
205,49356.909766,537628
206,49356.909766,540252
207,49356.909766,542876
208,49356.909766,545500
209,49356.909766,548123
210,49356.909766,550747
211,49356.909766,553371
212,49356.909766,555995
213,49356.909766,558619
214,49356.909766,561243
215,49356.909766,563867
216,49356.909766,566491
217,49356.909766,569115
218,49356.906182,571739
219,49356.906182,574363
220,49356.906182,576987
221,49356.906182,579611
222,49356.906182,582235
223,49356.906182,584859
224,49356.906182,587480
225,49356.906182,590104
226,49356.906182,592728
227,49356.906182,595350
228,49356.906182,597973
229,49356.906182,600596
230,49356.906182,603220
231,49356.906182,605843
232,49356.906182,608467
233,49356.906182,611091
234,49356.906182,613715
235,49356.906182,616333
236,49356.906182,618956
237,49356.906182,621579
238,49356.906182,624202
239,49356.906182,626826
240,49356.906182,629450
241,49356.906182,632074
242,49356.906182,634697
243,49356.906182,637319
244,49356.906182,639941
245,49356.906182,642564
246,49356.906182,645188
247,49356.906182,647810
248,49356.906182,650434
249,49356.906182,653057
250,49356.906182,655680
251,49356.906182,658304
252,49356.906182,660928
253,49356.906182,663552
254,49356.906182,666175
255,49356.906182,668799
256,49356.906182,671423
257,49356.906182,674045
258,49356.906182,676669
259,49356.906182,679293
260,49356.906182,681914
261,49356.906182,684538
262,49356.906182,687161
263,49356.906182,689785
264,49356.906182,692409
265,49356.906182,695033
266,49356.906182,697657
267,49356.906182,700281
268,49356.906182,702904
269,49356.906182,705528
270,49356.906182,708152
271,49356.906182,710776
272,49356.906182,713400
273,49356.906182,716023
274,49356.906182,718647
275,49356.906182,721270
276,49356.906182,723893
277,49356.906182,726517
278,49356.906182,729140
279,49356.906182,731762
280,49356.906182,734386
281,49356.906182,737010
282,49356.906182,739634
283,49356.906182,742257
284,49356.906182,744879
285,49356.906182,747502
286,49356.906182,750125
287,49356.906182,752749
288,49356.906182,755373
289,49356.906182,757997
290,49356.906182,760621
291,49356.906182,763245
292,49356.906182,765869
293,49356.906182,768493
294,49356.906182,771117
295,49356.906182,773739
296,49356.906182,776363
297,49356.906182,778987
298,49356.906182,781611
299,49356.906182,784235
300,49356.906182,786859
301,49356.906182,789483
302,49356.906182,792107
303,49356.906182,794731
304,49356.906182,797355
305,49356.906182,799979
306,49356.906182,802602
307,49356.906182,805225
308,49356.906182,807848
309,49356.906182,810472
310,49356.906182,813096
311,49356.906182,815720
312,49356.906182,818342
49356.906182,27.704032
1,49446.562892,2376
2,49401.421979,5023
3,49400.295470,7670
4,49361.708897,10317
5,49359.128368,12964
6,49357.448374,15611
7,49357.157910,18258
8,49357.103656,20905
9,49357.065131,23552
10,49357.031297,26199
11,49357.031297,28846
12,49357.025211,31493
13,49357.025211,34140
14,49357.025211,36787
15,49357.004347,39434
16,49357.004347,42081
17,49357.004347,44728
18,49357.004347,47375
19,49357.004347,50022
20,49357.002383,52669
21,49356.968109,55316
22,49356.968109,57963
23,49356.968109,60610
24,49356.968109,63257
25,49356.968109,65904
26,49356.968109,68551
27,49356.968109,71198
28,49356.968109,73845
29,49356.968109,76492
30,49356.968109,79139
31,49356.968109,81786
32,49356.951494,84432
33,49356.951494,87078
34,49356.951494,89724
35,49356.951494,92371
36,49356.951494,95018
37,49356.951494,97663
38,49356.951494,100310
39,49356.951494,102956
40,49356.951494,105603
41,49356.951494,108249
42,49356.951494,110896
43,49356.951494,113543
44,49356.951494,116190
45,49356.951494,118837
46,49356.951494,121484
47,49356.951494,124130
48,49356.951494,126777
49,49356.951494,129424
50,49356.951494,132070
51,49356.947926,134717
52,49356.947926,137362
53,49356.947926,140009
54,49356.947926,142656
55,49356.947926,145303
56,49356.947926,147950
57,49356.947926,150597
58,49356.947926,153244
59,49356.947926,155891
60,49356.947926,158537
61,49356.943133,161183
62,49356.943133,163830
63,49356.943133,166477
64,49356.943133,169123
65,49356.943133,171770
66,49356.943133,174417
67,49356.943133,177064
68,49356.943133,179711
69,49356.943133,182358
70,49356.943133,185005
71,49356.943133,187652
72,49356.943133,190299
73,49356.943133,192946
74,49356.943133,195593
75,49356.943133,198240
76,49356.932911,200887
77,49356.932911,203534
78,49356.932911,206181
79,49356.932911,208827
80,49356.932911,211474
81,49356.932911,214119
82,49356.932911,216764
83,49356.932911,219411
84,49356.932911,222058
85,49356.932911,224705
86,49356.932911,227352
87,49356.932911,229999
88,49356.927384,232645
89,49356.927384,235291
90,49356.927384,237937
91,49356.927384,240583
92,49356.927384,243230
93,49356.927384,245876
94,49356.927384,248523
95,49356.927384,251170
96,49356.927384,253817
97,49356.927384,256464
98,49356.927384,259111
99,49356.927384,261758
100,49356.927384,264405
101,49356.927384,267052
102,49356.927384,269699
103,49356.922341,272345
104,49356.922341,274992
105,49356.922341,277638
106,49356.922341,280285
107,49356.922341,282932
108,49356.922341,285579
109,49356.922341,288225
110,49356.922341,290872
111,49356.922341,293519
112,49356.922341,296165
113,49356.922341,298812
114,49356.922341,301459
115,49356.922341,304106
116,49356.919156,306753
117,49356.919156,309399
118,49356.919156,312046
119,49356.919156,314693
120,49356.919156,317340
121,49356.919156,319987
122,49356.919156,322634
123,49356.919156,325281
124,49356.919156,327928
125,49356.919156,330574
126,49356.919156,333221
127,49356.919156,335868
128,49356.919156,338515
129,49356.919156,341162
130,49356.919156,343808
131,49356.919156,346455
132,49356.919156,349099
133,49356.919156,351746
134,49356.919156,354393
135,49356.919156,357040
136,49356.919156,359687
137,49356.919156,362333
138,49356.919156,364980
139,49356.919156,367627
140,49356.919156,370274
141,49356.910083,372921
142,49356.910083,375568
143,49356.910083,378215
144,49356.910083,380862
145,49356.910083,383508
146,49356.910083,386155
147,49356.910083,388802
148,49356.910083,391449
149,49356.910083,394096
150,49356.910083,396743
151,49356.909848,399390
152,49356.909848,402035
153,49356.909848,404680
154,49356.909848,407327
155,49356.909848,409974
156,49356.909848,412621
157,49356.909848,415266
158,49356.909848,417911
159,49356.909848,420558
160,49356.909848,423205
161,49356.909848,425852
162,49356.909848,428499
163,49356.909848,431143
164,49356.909848,433790
165,49356.909848,436437
166,49356.909848,439084
167,49356.909848,441731
168,49356.909848,444377
169,49356.909848,447024
170,49356.909848,449671
171,49356.909848,452317
172,49356.909848,454964
173,49356.909848,457610
174,49356.909848,460257
175,49356.909848,462903
176,49356.909848,465550
177,49356.909848,468197
178,49356.909848,470844
179,49356.909848,473491
180,49356.909848,476138
181,49356.909848,478785
182,49356.909848,481432
183,49356.909848,484079
184,49356.909848,486726
185,49356.909848,489373
186,49356.909848,492020
187,49356.909848,494667
188,49356.909848,497314
189,49356.909848,499960
190,49356.909848,502607
191,49356.909848,505254
192,49356.909848,507901
193,49356.909848,510548
194,49356.909848,513195
195,49356.909848,515842
196,49356.909848,518489
197,49356.909848,521136
198,49356.909848,523783
199,49356.909848,526430
200,49356.909848,529077
201,49356.909848,531724
202,49356.909848,534371
203,49356.909848,537018
204,49356.909848,539664
205,49356.909848,542311
206,49356.909848,544956
207,49356.909848,547603
208,49356.909848,550249
209,49356.909848,552896
210,49356.909848,555543
211,49356.909848,558190
212,49356.909848,560837
213,49356.909848,563484
214,49356.909848,566130
215,49356.909848,568777
216,49356.909848,571423
217,49356.909848,574068
218,49356.909848,576715
219,49356.909848,579362
220,49356.909848,582009
221,49356.909848,584656
222,49356.909848,587303
223,49356.909848,589950
224,49356.909848,592596
225,49356.909848,595243
226,49356.909848,597890
227,49356.909848,600537
228,49356.909848,603184
229,49356.909848,605831
230,49356.909848,608478
231,49356.909848,611125
232,49356.909848,613772
233,49356.909848,616419
234,49356.909848,619066
235,49356.909848,621713
236,49356.909848,624360
237,49356.909848,627007
238,49356.909848,629651
239,49356.909848,632298
240,49356.909848,634945
241,49356.909848,637592
242,49356.909848,640239
243,49356.909848,642884
244,49356.909848,645531
245,49356.909848,648178
246,49356.909848,650825
247,49356.909848,653472
248,49356.909848,656119
249,49356.909848,658766
250,49356.909848,661413
251,49356.909848,664060
252,49356.909848,666706
253,49356.909848,669353
254,49356.909848,671999
255,49356.909848,674645
256,49356.909848,677292
257,49356.909848,679939
258,49356.909848,682586
259,49356.909848,685232
260,49356.909848,687878
261,49356.909848,690525
262,49356.909848,693172
263,49356.909848,695816
264,49356.909848,698461
265,49356.909848,701108
266,49356.909848,703755
267,49356.909848,706401
268,49356.909848,709048
269,49356.909848,711695
270,49356.909848,714342
271,49356.909848,716989
272,49356.909848,719636
273,49356.909848,722283
274,49356.909848,724930
275,49356.909848,727575
276,49356.909848,730222
277,49356.909848,732868
278,49356.909848,735515
279,49356.909848,738162
280,49356.909848,740809
281,49356.909848,743454
282,49356.909848,746101
283,49356.909848,748748
284,49356.909848,751393
285,49356.909848,754040
286,49356.909848,756686
287,49356.909848,759333
288,49356.909848,761980
289,49356.909848,764627
290,49356.909848,767274
291,49356.909848,769921
292,49356.909848,772568
293,49356.909848,775215
294,49356.909848,777862
295,49356.909848,780509
296,49356.909848,783156
297,49356.909848,785801
298,49356.909848,788447
299,49356.909848,791093
300,49356.909848,793740
301,49356.909848,796387
302,49356.909848,799034
303,49356.909848,801680
304,49356.909848,804327
305,49356.909848,806973
306,49356.909848,809619
307,49356.909848,812266
308,49356.909848,814913
309,49356.909848,817559
310,49356.909848,820206
49356.909848,27.727348
1,49470.903898,2376
2,49440.775004,5001
3,49384.492585,7626
4,49362.720560,10251
5,49358.323695,12876
6,49357.708142,15501
7,49357.175515,18126
8,49357.114399,20751
9,49357.007665,23376
10,49357.007665,26001
11,49357.007665,28626
12,49357.004600,31251
13,49357.002234,33876
14,49357.002234,36501
15,49357.002234,39125
16,49357.002234,41750
17,49357.002234,44375
18,49357.002234,47000
19,49356.979542,49625
20,49356.979542,52250
21,49356.979542,54875
22,49356.979542,57500
23,49356.979542,60125
24,49356.979542,62750
25,49356.979542,65375
26,49356.950376,68000
27,49356.950376,70625
28,49356.950376,73250
29,49356.950376,75875
30,49356.950376,78500
31,49356.950376,81125
32,49356.950376,83750
33,49356.950376,86375
34,49356.950376,89000
35,49356.950376,91625
36,49356.950376,94249
37,49356.950376,96873
38,49356.950376,99498
39,49356.950376,102123
40,49356.950376,104748
41,49356.950376,107373
42,49356.950376,109998
43,49356.950376,112623
44,49356.934364,115247
45,49356.934364,117872
46,49356.934364,120497
47,49356.934364,123122
48,49356.934364,125747
49,49356.934364,128372
50,49356.934364,130997
51,49356.934364,133621
52,49356.934364,136246
53,49356.934364,138871
54,49356.934364,141496
55,49356.934364,144121
56,49356.934364,146746
57,49356.934364,149370
58,49356.934364,151993
59,49356.934364,154618
60,49356.934364,157243
61,49356.934364,159868
62,49356.934364,162493
63,49356.934364,165118
64,49356.934364,167743
65,49356.934364,170368
66,49356.934364,172993
67,49356.934364,175618
68,49356.934364,178242
69,49356.934364,180867
70,49356.934364,183492
71,49356.934364,186117
72,49356.934364,188742
73,49356.934364,191367
74,49356.934364,193992
75,49356.934364,196616
76,49356.934364,199239
77,49356.934364,201864
78,49356.934364,204489
79,49356.934364,207113
80,49356.921226,209738
81,49356.921226,212363
82,49356.921226,214987
83,49356.921226,217612
84,49356.921226,220237
85,49356.921226,222862
86,49356.921226,225487
87,49356.921226,228112
88,49356.921226,230737
89,49356.921226,233362
90,49356.921226,235986
91,49356.921226,238611
92,49356.921226,241235
93,49356.921226,243860
94,49356.921226,246484
95,49356.921226,249108
96,49356.921226,251733
97,49356.921226,254358
98,49356.921226,256983
99,49356.921226,259608
100,49356.921226,262233
101,49356.921226,264858
102,49356.921226,267482
103,49356.921226,270107
104,49356.921226,272732
105,49356.921226,275357
106,49356.921226,277982
107,49356.921226,280606
108,49356.921226,283231
109,49356.921226,285855
110,49356.921226,288480
111,49356.921226,291103
112,49356.921226,293726
113,49356.921226,296351
114,49356.921226,298975
115,49356.921226,301600
116,49356.921226,304224
117,49356.921226,306846
118,49356.921226,309471
119,49356.921226,312095
120,49356.921226,314720
121,49356.921226,317345
122,49356.921226,319970
123,49356.921226,322595
124,49356.921226,325220
125,49356.921226,327845
126,49356.921226,330469
127,49356.921226,333093
128,49356.921226,335718
129,49356.921226,338343
130,49356.921226,340968
131,49356.921226,343593
132,49356.921226,346218
133,49356.921226,348843
134,49356.921226,351468
135,49356.921226,354093
136,49356.921226,356718
137,49356.921226,359343
138,49356.921226,361967
139,49356.921226,364592
140,49356.921226,367217
141,49356.921226,369841
142,49356.921226,372466
143,49356.921226,375091
144,49356.921226,377716
145,49356.921226,380341
146,49356.921226,382966
147,49356.921226,385589
148,49356.921226,388214
149,49356.921226,390839
150,49356.921226,393464
151,49356.921226,396089
152,49356.921226,398714
153,49356.921226,401339
154,49356.921226,403964
155,49356.921226,406586
156,49356.921226,409211
157,49356.921226,411836
158,49356.921226,414461
159,49356.921226,417086
160,49356.921226,419711
161,49356.921226,422336
162,49356.921226,424960
163,49356.921226,427585
164,49356.921226,430210
165,49356.921226,432835
166,49356.921226,435460
167,49356.921226,438085
168,49356.921226,440710
169,49356.921226,443335
170,49356.921226,445959
171,49356.921226,448584
172,49356.921226,451209
173,49356.921226,453834
174,49356.921226,456459
175,49356.921226,459084
176,49356.921226,461709
177,49356.921226,464334
178,49356.921226,466959
179,49356.921226,469584
180,49356.921226,472209
181,49356.921226,474834
182,49356.921226,477458
183,49356.921226,480083
184,49356.921226,482708
185,49356.921226,485333
186,49356.911028,487957
187,49356.911028,490582
188,49356.911028,493207
189,49356.911028,495831
190,49356.911028,498456
191,49356.911028,501081
192,49356.911028,503704
193,49356.911028,506329
194,49356.911028,508954
195,49356.911028,511579
196,49356.911028,514204
197,49356.911028,516829
198,49356.911028,519454
199,49356.911028,522078
200,49356.911028,524702
201,49356.911028,527327
202,49356.911028,529952
203,49356.911028,532577
204,49356.911028,535201
205,49356.911028,537826
206,49356.911028,540451
207,49356.911028,543076
208,49356.911028,545701
209,49356.911028,548326
210,49356.911028,550951
211,49356.911028,553575
212,49356.911028,556199
213,49356.911028,558824
214,49356.911028,561448
215,49356.911028,564073
216,49356.911028,566698
217,49356.911028,569322
218,49356.911028,571947
219,49356.911028,574572
220,49356.911028,577197
221,49356.911028,579821
222,49356.911028,582446
223,49356.911028,585071
224,49356.911028,587696
225,49356.911028,590321
226,49356.911028,592946
227,49356.911028,595571
228,49356.911028,598195
229,49356.911028,600820
230,49356.911028,603445
231,49356.911028,606070
232,49356.911028,608695
233,49356.911028,611320
234,49356.911028,613945
235,49356.911028,616570
236,49356.911028,619195
237,49356.911028,621820
238,49356.911028,624445
239,49356.911028,627070
240,49356.911028,629695
241,49356.911028,632320
242,49356.911028,634945
243,49356.911028,637570
244,49356.911028,640195
245,49356.911028,642820
246,49356.911028,645443
247,49356.911028,648067
248,49356.911028,650692
249,49356.911028,653316
250,49356.911028,655941
251,49356.911028,658566
252,49356.911028,661191
253,49356.911028,663815
254,49356.911028,666439
255,49356.911028,669064
256,49356.911028,671688
257,49356.911028,674313
258,49356.911028,676936
259,49356.911028,679561
260,49356.911028,682186
261,49356.911028,684810
262,49356.911028,687434
263,49356.911028,690058
264,49356.911028,692683
265,49356.911028,695307
266,49356.911028,697931
267,49356.911028,700556
268,49356.911028,703181
269,49356.911028,705806
270,49356.911028,708431
271,49356.911028,711056
272,49356.911028,713681
273,49356.911028,716305
274,49356.911028,718930
275,49356.911028,721555
276,49356.911028,724180
277,49356.911028,726805
278,49356.911028,729430
279,49356.904557,732055
280,49356.904557,734680
281,49356.904557,737305
282,49356.904557,739930
283,49356.904557,742555
284,49356.904557,745180
285,49356.904557,747804
286,49356.904557,750428
287,49356.904557,753053
288,49356.904557,755678
289,49356.904557,758302
290,49356.904557,760927
291,49356.904557,763552
292,49356.904557,766177
293,49356.904557,768802
294,49356.904557,771426
295,49356.904557,774051
296,49356.904557,776676
297,49356.904557,779301
298,49356.904557,781926
299,49356.904557,784551
300,49356.904557,787176
301,49356.904557,789801
302,49356.904557,792426
303,49356.904557,795051
304,49356.904557,797676
305,49356.904557,800299
306,49356.904557,802923
307,49356.904557,805547
308,49356.904557,808172
309,49356.904557,810797
310,49356.904557,813422
311,49356.904557,816047
312,49356.904557,818670
49356.904557,27.680020
1,49442.184554,2376
2,49410.840576,5002
3,49388.570684,7628
4,49367.791675,10254
5,49360.697999,12880
6,49357.773783,15506
7,49357.141437,18132
8,49357.082310,20758
9,49357.005964,23384
10,49357.005964,26010
11,49357.005964,28636
12,49357.005964,31262
13,49356.996340,33888
14,49356.996340,36514
15,49356.988870,39140
16,49356.988870,41766
17,49356.976313,44392
18,49356.976313,47018
19,49356.976313,49644
20,49356.971851,52270
21,49356.971851,54895
22,49356.971851,57521
23,49356.971851,60147
24,49356.971851,62773
25,49356.943140,65399
26,49356.943140,68024
27,49356.943140,70650
28,49356.943140,73276
29,49356.943140,75901
30,49356.943140,78527
31,49356.943140,81153
32,49356.943140,83779
33,49356.943140,86405
34,49356.943140,89031
35,49356.942153,91657
36,49356.942153,94283
37,49356.942153,96909
38,49356.942153,99535
39,49356.942153,102160
40,49356.942153,104783
41,49356.942153,107409
42,49356.942153,110035
43,49356.942153,112660
44,49356.942153,115286
45,49356.942153,117912
46,49356.942153,120538
47,49356.942153,123164
48,49356.942153,125790
49,49356.942153,128416
50,49356.942153,131042
51,49356.942153,133667
52,49356.942153,136293
53,49356.942153,138919
54,49356.942153,141544
55,49356.942153,144168
56,49356.942153,146793
57,49356.942153,149418
58,49356.942153,152043
59,49356.942153,154669
60,49356.942153,157295
61,49356.942153,159921
62,49356.942153,162545
63,49356.942153,165171
64,49356.933366,167796
65,49356.933366,170422
66,49356.933366,173048
67,49356.933366,175674
68,49356.933366,178300
69,49356.933366,180926
70,49356.933366,183552
71,49356.933366,186178
72,49356.933366,188804
73,49356.933366,191430
74,49356.933366,194056
75,49356.933366,196682
76,49356.933366,199308
77,49356.933366,201934
78,49356.933366,204560
79,49356.933366,207184
80,49356.933366,209810
81,49356.933366,212436
82,49356.933366,215062
83,49356.933366,217688
84,49356.933366,220314
85,49356.933366,222939
86,49356.933366,225565
87,49356.933366,228191
88,49356.933366,230816
89,49356.933366,233442
90,49356.933366,236068
91,49356.933366,238694
92,49356.933366,241319
93,49356.933366,243945
94,49356.933366,246571
95,49356.933366,249195
96,49356.933366,251821
97,49356.933366,254447
98,49356.933366,257072
99,49356.933366,259698
100,49356.933366,262324
101,49356.933366,264950
102,49356.933366,267576
103,49356.933366,270202
104,49356.933366,272827
105,49356.933366,275453
106,49356.933366,278079
107,49356.933366,280705
108,49356.933366,283330
109,49356.933366,285956
110,49356.933366,288579
111,49356.933366,291203
112,49356.933366,293829
113,49356.933366,296455
114,49356.933366,299081
115,49356.933366,301707
116,49356.933366,304333
117,49356.933366,306958
118,49356.933366,309584
119,49356.933366,312210
120,49356.933366,314836
121,49356.933366,317461
122,49356.933366,320086
123,49356.933366,322710
124,49356.933366,325336
125,49356.933366,327961
126,49356.933366,330587
127,49356.933366,333213
128,49356.933366,335837
129,49356.933366,338463
130,49356.933366,341088
131,49356.933366,343714
132,49356.933366,346340
133,49356.933366,348965
134,49356.933366,351590
135,49356.933366,354215
136,49356.933366,356841
137,49356.933366,359467
138,49356.933366,362093
139,49356.933366,364719
140,49356.933366,367345
141,49356.933366,369971
142,49356.933366,372597
143,49356.933366,375223
144,49356.933366,377849
145,49356.923871,380475
146,49356.923871,383101
147,49356.923871,385727
148,49356.923871,388353
149,49356.917226,390979
150,49356.917226,393605
151,49356.917226,396231
152,49356.917226,398857
153,49356.917226,401483
154,49356.917226,404109
155,49356.917226,406734
156,49356.917226,409360
157,49356.917226,411986
158,49356.917226,414612
159,49356.917226,417238
160,49356.917226,419863
161,49356.917226,422489
162,49356.917226,425115
163,49356.917226,427741
164,49356.917226,430365
165,49356.917226,432991
166,49356.917226,435617
167,49356.917226,438242
168,49356.917226,440867
169,49356.917226,443493
170,49356.917226,446119
171,49356.917226,448745
172,49356.917226,451371
173,49356.917226,453997
174,49356.917226,456623
175,49356.917226,459248
176,49356.917226,461874
177,49356.917226,464498
178,49356.917226,467122
179,49356.917226,469746
180,49356.917226,472372
181,49356.917226,474998
182,49356.917226,477624
183,49356.917226,480250
184,49356.917226,482876
185,49356.917226,485501
186,49356.917226,488127
187,49356.917226,490753
188,49356.917226,493378
189,49356.917226,496004
190,49356.917226,498630
191,49356.917226,501256
192,49356.917226,503882
193,49356.917226,506507
194,49356.917226,509133
195,49356.917226,511759
196,49356.917226,514385
197,49356.917226,517011
198,49356.917226,519635
199,49356.917226,522260
200,49356.917226,524886
201,49356.917226,527511
202,49356.917226,530137
203,49356.917226,532763
204,49356.917226,535389
205,49356.917226,538015
206,49356.917226,540640
207,49356.917226,543266
208,49356.917226,545892
209,49356.917226,548518
210,49356.917226,551144
211,49356.917226,553770
212,49356.917226,556396
213,49356.917226,559021
214,49356.917226,561644
215,49356.917226,564270
216,49356.917226,566896
217,49356.917226,569522
218,49356.917226,572148
219,49356.917226,574774
220,49356.917226,577400
221,49356.917226,580026
222,49356.917226,582652
223,49356.917226,585277
224,49356.917226,587903
225,49356.917226,590527
226,49356.917226,593152
227,49356.917226,595778
228,49356.917226,598404
229,49356.917226,601030
230,49356.917226,603656
231,49356.917226,606281
232,49356.917226,608907
233,49356.917226,611533
234,49356.917226,614159
235,49356.917226,616785
236,49356.917226,619411
237,49356.917226,622037
238,49356.917226,624663
239,49356.917226,627289
240,49356.917226,629915
241,49356.917226,632541
242,49356.917226,635167
243,49356.917226,637793
244,49356.917226,640418
245,49356.917226,643042
246,49356.917226,645667
247,49356.917226,648293
248,49356.917226,650916
249,49356.917226,653542
250,49356.917226,656168
251,49356.917226,658794
252,49356.917226,661420
253,49356.917226,664046
254,49356.917226,666670
255,49356.917226,669296
256,49356.917226,671922
257,49356.917226,674548
258,49356.917226,677174
259,49356.917226,679800
260,49356.917226,682426
261,49356.917226,685052
262,49356.917226,687678
263,49356.917226,690304
264,49356.917226,692930
265,49356.917226,695556
266,49356.917226,698181
267,49356.917226,700807
268,49356.917226,703432
269,49356.917226,706058
270,49356.917226,708683
271,49356.917226,711308
272,49356.917226,713934
273,49356.917226,716559
274,49356.917226,719185
275,49356.917226,721809
276,49356.917226,724432
277,49356.917226,727053
278,49356.917226,729679
279,49356.917226,732304
280,49356.917226,734929
281,49356.917226,737554
282,49356.917226,740180
283,49356.917226,742806
284,49356.917226,745432
285,49356.917226,748058
286,49356.917226,750684
287,49356.917226,753310
288,49356.917226,755936
289,49356.917226,758560
290,49356.917226,761184
291,49356.917226,763808
292,49356.917226,766433
293,49356.917226,769059
294,49356.917226,771685
295,49356.917226,774311
296,49356.917226,776937
297,49356.917226,779563
298,49356.917226,782189
299,49356.917226,784815
300,49356.917226,787440
301,49356.916735,790065
302,49356.916735,792691
303,49356.916735,795317
304,49356.916735,797940
305,49356.908671,800566
306,49356.908671,803192
307,49356.908671,805818
308,49356.908671,808444
309,49356.900146,811070
310,49356.900146,813696
311,49356.900146,816322
312,49356.900146,818947
49356.900146,27.798404
1,49441.364986,2376
2,49441.364986,5008
3,49375.575655,7640
4,49363.788868,10272
5,49359.325479,12904
6,49357.713388,15536
7,49357.428158,18168
8,49357.060219,20800
9,49356.993241,23432
10,49356.993241,26064
11,49356.956439,28696
12,49356.953469,31328
13,49356.953469,33960
14,49356.953469,36592
15,49356.953469,39224
16,49356.949769,41856
17,49356.949769,44487
18,49356.949769,47119
19,49356.949769,49751
20,49356.949769,52383
21,49356.949769,55015
22,49356.949769,57647
23,49356.949769,60279
24,49356.949769,62911
25,49356.949769,65543
26,49356.949769,68173
27,49356.949769,70805
28,49356.949769,73437
29,49356.949769,76069
30,49356.949769,78701
31,49356.949769,81333
32,49356.949769,83965
33,49356.949769,86596
34,49356.949769,89228
35,49356.949769,91860
36,49356.949769,94491
37,49356.949769,97123
38,49356.949769,99755
39,49356.949769,102387
40,49356.949769,105019
41,49356.949769,107651
42,49356.936488,110283
43,49356.936488,112915
44,49356.936488,115547
45,49356.936488,118179
46,49356.936488,120811
47,49356.936488,123442
48,49356.936488,126073
49,49356.936488,128702
50,49356.936488,131332
51,49356.936488,133964
52,49356.936488,136596
53,49356.936488,139227
54,49356.936488,141859
55,49356.936488,144491
56,49356.936488,147123
57,49356.936488,149755
58,49356.936488,152382
59,49356.936488,155014
60,49356.936488,157646
61,49356.936488,160278
62,49356.936488,162910
63,49356.936488,165541
64,49356.936488,168173
65,49356.936488,170805
66,49356.936488,173436
67,49356.936488,176065
68,49356.936488,178697
69,49356.936488,181328
70,49356.936488,183959
71,49356.936488,186590
72,49356.936488,189221
73,49356.936488,191853
74,49356.932575,194485
75,49356.932575,197117
76,49356.932575,199747
77,49356.932575,202379
78,49356.932575,205010
79,49356.932575,207642
80,49356.932575,210274
81,49356.932575,212906
82,49356.932575,215537
83,49356.932575,218169
84,49356.932575,220801
85,49356.932575,223433
86,49356.932575,226065
87,49356.932575,228697
88,49356.932575,231328
89,49356.932575,233960
90,49356.932575,236592
91,49356.932575,239224
92,49356.932575,241856
93,49356.932575,244488
94,49356.932575,247120
95,49356.932575,249752
96,49356.932575,252384
97,49356.932575,255016
98,49356.932575,257648
99,49356.932575,260280
100,49356.932575,262912
101,49356.932575,265543
102,49356.924136,268174
103,49356.914862,270806
104,49356.914862,273438
105,49356.914862,276070
106,49356.914862,278702
107,49356.914862,281334
108,49356.914862,283963
109,49356.914862,286595
110,49356.914862,289227
111,49356.914862,291859
112,49356.914862,294491
113,49356.914862,297123
114,49356.914862,299755
115,49356.914862,302387
116,49356.914862,305018
117,49356.914862,307650
118,49356.914862,310282
119,49356.914862,312914
120,49356.914862,315546
121,49356.914862,318178
122,49356.914862,320810
123,49356.914862,323442
124,49356.914862,326074
125,49356.914862,328705
126,49356.914862,331337
127,49356.914862,333969
128,49356.914862,336601
129,49356.914862,339232
130,49356.914862,341864
131,49356.914862,344496
132,49356.914862,347128
133,49356.914862,349760
134,49356.914862,352392
135,49356.914862,355024
136,49356.914862,357656
137,49356.914862,360288
138,49356.914862,362920
139,49356.914862,365552
140,49356.914862,368183
141,49356.914862,370815
142,49356.914862,373446
143,49356.914862,376078
144,49356.914862,378709
145,49356.914862,381341
146,49356.914862,383973
147,49356.914862,386605
148,49356.914862,389237
149,49356.914862,391869
150,49356.914862,394501
151,49356.914862,397131
152,49356.914862,399763
153,49356.914862,402395
154,49356.914862,405027
155,49356.914862,407658
156,49356.914862,410290
157,49356.914862,412922
158,49356.914862,415554
159,49356.914862,418186
160,49356.914862,420818
161,49356.914862,423450
162,49356.914862,426082
163,49356.914862,428714
164,49356.914862,431345
165,49356.914862,433977
166,49356.914862,436609
167,49356.914862,439241
168,49356.914862,441873
169,49356.914862,444505
170,49356.914862,447135
171,49356.914862,449767
172,49356.914862,452399
173,49356.914862,455031
174,49356.914862,457663
175,49356.914862,460295
176,49356.914862,462925
177,49356.914862,465557
178,49356.914862,468189
179,49356.914862,470821
180,49356.914862,473453
181,49356.914862,476085
182,49356.914862,478717
183,49356.914862,481349
184,49356.914862,483981
185,49356.914862,486613
186,49356.914862,489244
187,49356.914862,491875
188,49356.914862,494507
189,49356.914862,497138
190,49356.914862,499770
191,49356.914862,502402
192,49356.914862,505034
193,49356.914862,507665
194,49356.914862,510297
195,49356.914862,512928
196,49356.914862,515560
197,49356.914862,518191
198,49356.914862,520823
199,49356.914862,523453
200,49356.914862,526084
201,49356.914862,528716
202,49356.911059,531348
203,49356.911059,533980
204,49356.911059,536612
205,49356.911059,539244
206,49356.911059,541876
207,49356.911059,544508
208,49356.911059,547140
209,49356.911059,549772
210,49356.911059,552404
211,49356.911059,555036
212,49356.911059,557668
213,49356.911059,560300
214,49356.911059,562930
215,49356.911059,565562
216,49356.911059,568194
217,49356.911059,570826
218,49356.911059,573458
219,49356.911059,576090
220,49356.911059,578722
221,49356.911059,581353
222,49356.911059,583984
223,49356.911059,586616
224,49356.911059,589247
225,49356.911059,591879
226,49356.911059,594511
227,49356.911059,597142
228,49356.911059,599774
229,49356.911059,602405
230,49356.911059,605037
231,49356.911059,607669
232,49356.911059,610299
233,49356.911059,612931
234,49356.911059,615563
235,49356.911059,618195
236,49356.911059,620827
237,49356.911059,623459
238,49356.911059,626091
239,49356.911059,628723
240,49356.911059,631355
241,49356.911059,633987
242,49356.911059,636619
243,49356.911059,639250
244,49356.911059,641882
245,49356.911059,644514
246,49356.911059,647146
247,49356.911059,649777
248,49356.911059,652409
249,49356.911059,655041
250,49356.911059,657673
251,49356.911059,660305
252,49356.911059,662937
253,49356.911059,665569
254,49356.911059,668201
255,49356.911059,670833
256,49356.911059,673465
257,49356.911059,676097
258,49356.911059,678729
259,49356.911059,681361
260,49356.911059,683993
261,49356.911059,686625
262,49356.911059,689257
263,49356.911059,691889
264,49356.911059,694521
265,49356.911059,697153
266,49356.911059,699785
267,49356.911059,702417
268,49356.911059,705048
269,49356.911059,707680
270,49356.911059,710312
271,49356.911059,712944
272,49356.911059,715576
273,49356.911059,718208
274,49356.911059,720840
275,49356.911059,723472
276,49356.911059,726104
277,49356.911059,728736
278,49356.911059,731368
279,49356.911059,734000
280,49356.911059,736632
281,49356.911059,739264
282,49356.911059,741896
283,49356.911059,744528
284,49356.911059,747160
285,49356.911059,749792
286,49356.911059,752424
287,49356.911059,755055
288,49356.902135,757687
289,49356.902135,760319
290,49356.902135,762951
291,49356.902135,765583
292,49356.899083,768215
293,49356.899083,770847
294,49356.899083,773478
295,49356.899083,776110
296,49356.899083,778742
297,49356.899083,781374
298,49356.899083,784006
299,49356.899083,786638
300,49356.899083,789270
301,49356.899083,791902
302,49356.899083,794534
303,49356.899083,797166
304,49356.899083,799797
305,49356.899083,802429
306,49356.899083,805061
307,49356.899083,807693
308,49356.899083,810325
309,49356.899083,812957
310,49356.899083,815589
311,49356.899083,818218
49356.899083,27.806543
1,49440.662969,2376
2,49405.196708,5035
3,49374.882893,7694
4,49361.758443,10353
5,49358.790047,13012
6,49357.698213,15671
7,49357.232669,18330
8,49357.011239,20989
9,49356.995356,23648
10,49356.995356,26307
11,49356.995356,28966
12,49356.995356,31625
13,49356.995356,34284
14,49356.995356,36943
15,49356.995356,39602
16,49356.995356,42261
17,49356.995356,44920
18,49356.995356,47579
19,49356.995356,50238
20,49356.995356,52897
21,49356.995356,55556
22,49356.966297,58215
23,49356.966297,60873
24,49356.964896,63531
25,49356.964896,66190
26,49356.964896,68848
27,49356.964896,71507
28,49356.964896,74166
29,49356.964896,76825
30,49356.964896,79484
31,49356.964896,82143
32,49356.964896,84802
33,49356.964896,87461
34,49356.964896,90120
35,49356.964896,92779
36,49356.964896,95438
37,49356.964896,98097
38,49356.964896,100756
39,49356.964896,103415
40,49356.964896,106073
41,49356.964896,108732
42,49356.964896,111389
43,49356.964896,114048
44,49356.964896,116707
45,49356.964896,119366
46,49356.938384,122025
47,49356.938384,124684
48,49356.938384,127343
49,49356.938384,130002
50,49356.938384,132660
51,49356.938384,135319
52,49356.938384,137978
53,49356.938384,140637
54,49356.938384,143296
55,49356.938384,145954
56,49356.938384,148611
57,49356.938384,151270
58,49356.938384,153929
59,49356.936344,156588
60,49356.936344,159246
61,49356.936344,161905
62,49356.936344,164563
63,49356.936344,167222
64,49356.936344,169880
65,49356.936344,172539
66,49356.936344,175198
67,49356.936344,177857
68,49356.936344,180516
69,49356.936344,183175
70,49356.916868,185834
71,49356.916868,188493
72,49356.916868,191152
73,49356.916868,193811
74,49356.916868,196470
75,49356.916868,199129
76,49356.908780,201787
77,49356.908780,204446
78,49356.908780,207105
79,49356.908780,209764
80,49356.908780,212423
81,49356.908780,215082
82,49356.908780,217741
83,49356.908780,220400
84,49356.908780,223059
85,49356.908780,225718
86,49356.908780,228377
87,49356.908780,231035
88,49356.908780,233694
89,49356.908780,236353
90,49356.908780,239012
91,49356.908780,241671
92,49356.908780,244330
93,49356.908780,246989
94,49356.908780,249648
95,49356.908780,252307
96,49356.908780,254966
97,49356.908780,257625
98,49356.908780,260284
99,49356.908780,262941
100,49356.908780,265600
101,49356.908780,268259
102,49356.908780,270918
103,49356.908780,273577
104,49356.908780,276236
105,49356.908780,278895
106,49356.908780,281554
107,49356.908780,284213
108,49356.908780,286872
109,49356.908780,289531
110,49356.908780,292190
111,49356.908780,294849
112,49356.908780,297508
113,49356.908780,300167
114,49356.908780,302825
115,49356.908780,305484
116,49356.908780,308142
117,49356.908780,310801
118,49356.908780,313460
119,49356.908780,316119
120,49356.908780,318778
121,49356.908780,321437
122,49356.908780,324096
123,49356.908780,326755
124,49356.908780,329414
125,49356.908780,332073
126,49356.908780,334732
127,49356.908780,337391
128,49356.908780,340050
129,49356.908780,342709
130,49356.908780,345367
131,49356.908780,348025
132,49356.908780,350684
133,49356.908780,353343
134,49356.908780,356002
135,49356.908780,358661
136,49356.908780,361320
137,49356.908780,363979
138,49356.908780,366638
139,49356.908780,369296
140,49356.908780,371955
141,49356.908780,374612
142,49356.908780,377271
143,49356.908780,379930
144,49356.908780,382589
145,49356.908780,385248
146,49356.908780,387906
147,49356.908780,390565
148,49356.908780,393224
149,49356.906559,395883
150,49356.906559,398542
151,49356.906559,401201
152,49356.906559,403860
153,49356.906559,406519
154,49356.906559,409177
155,49356.906559,411836
156,49356.906559,414495
157,49356.906559,417154
158,49356.906559,419813
159,49356.906559,422472
160,49356.906559,425131
161,49356.906559,427790
162,49356.906559,430449
163,49356.906559,433108
164,49356.906559,435767
165,49356.906559,438426
166,49356.906559,441085
167,49356.906559,443744
168,49356.906559,446403
169,49356.906559,449062
170,49356.906559,451721
171,49356.906559,454380
172,49356.906559,457039
173,49356.906559,459696
174,49356.906559,462355
175,49356.906559,465014
176,49356.906559,467673
177,49356.906559,470331
178,49356.906559,472990
179,49356.906559,475649
180,49356.906559,478308
181,49356.906559,480967
182,49356.906559,483626
183,49356.906559,486284
184,49356.906559,488942
185,49356.906559,491601
186,49356.906559,494260
187,49356.906559,496918
188,49356.906559,499577
189,49356.906559,502236
190,49356.906559,504895
191,49356.906559,507554
192,49356.906559,510213
193,49356.906559,512872
194,49356.906559,515529
195,49356.906559,518188
196,49356.906559,520847
197,49356.906559,523505
198,49356.906559,526163
199,49356.906559,528822
200,49356.906559,531481
201,49356.906559,534139
202,49356.906559,536798
203,49356.906559,539457
204,49356.906559,542116
205,49356.906559,544775
206,49356.906559,547433
207,49356.906559,550092
208,49356.906559,552750
209,49356.906559,555408
210,49356.906559,558067
211,49356.906559,560726
212,49356.906559,563385
213,49356.906559,566044
214,49356.906559,568703
215,49356.906559,571362
216,49356.906559,574021
217,49356.906559,576680
218,49356.906559,579339
219,49356.906559,581998
220,49356.906559,584657
221,49356.906559,587316
222,49356.906559,589975
223,49356.906559,592633
224,49356.906559,595292
225,49356.906559,597951
226,49356.906559,600610
227,49356.906559,603269
228,49356.906559,605927
229,49356.906559,608586
230,49356.906559,611245
231,49356.906559,613904
232,49356.906559,616563
233,49356.906559,619222
234,49356.906559,621881
235,49356.906559,624540
236,49356.906559,627199
237,49356.906559,629858
238,49356.906559,632517
239,49356.906559,635176
240,49356.906559,637835
241,49356.906559,640493
242,49356.906559,643152
243,49356.906559,645810
244,49356.906559,648469
245,49356.906559,651126
246,49356.906559,653785
247,49356.906559,656444
248,49356.906559,659103
249,49356.906559,661762
250,49356.906559,664421
251,49356.906559,667080
252,49356.906559,669739
253,49356.906559,672398
254,49356.906559,675057
255,49356.906559,677716
256,49356.906559,680375
257,49356.906559,683034
258,49356.906559,685693
259,49356.906559,688352
260,49356.906559,691011
261,49356.906559,693670
262,49356.906559,696329
263,49356.906559,698988
264,49356.906559,701647
265,49356.906559,704305
266,49356.906559,706964
267,49356.906559,709623
268,49356.906559,712281
269,49356.906559,714939
270,49356.906559,717597
271,49356.906559,720256
272,49356.906559,722915
273,49356.906559,725574
274,49356.906559,728232
275,49356.906559,730890
276,49356.906559,733548
277,49356.906559,736207
278,49356.906559,738866
279,49356.906559,741525
280,49356.906559,744184
281,49356.906559,746843
282,49356.906559,749502
283,49356.906559,752161
284,49356.906559,754820
285,49356.906559,757479
286,49356.906559,760138
287,49356.906559,762797
288,49356.906559,765456
289,49356.906559,768115
290,49356.906559,770774
291,49356.906559,773433
292,49356.906559,776092
293,49356.906559,778750
294,49356.906559,781408
295,49356.906559,784067
296,49356.906559,786726
297,49356.906559,789385
298,49356.906559,792043
299,49356.906559,794702
300,49356.906559,797361
301,49356.906559,800020
302,49356.906559,802679
303,49356.906559,805337
304,49356.906559,807995
305,49356.906559,810654
306,49356.906559,813313
307,49356.906559,815972
308,49356.906559,818631
49356.906559,27.512357
