1,62356.253434,2376
2,62097.658846,5041
3,62038.494957,7706
4,62037.953821,10371
5,62037.953821,13036
6,62037.953821,15698
7,62037.953821,18361
8,62037.953821,21016
9,62037.953821,23669
10,62037.953821,26330
11,62037.953821,28992
12,62037.953821,31651
13,62037.953821,34313
14,62037.953821,36974
15,62037.953821,39633
16,62037.953821,42290
17,62037.953821,44953
18,62037.953821,47614
19,62037.953821,50273
20,62037.953821,52935
21,62037.953821,55596
22,62037.953821,58255
23,62037.953821,60917
24,62037.953821,63579
25,62037.953821,66243
26,62037.953821,68901
27,62037.953821,71565
28,62037.953821,74226
29,62037.953821,76890
30,62037.953821,79551
31,62037.953821,82212
32,62037.953821,84868
33,62037.953821,87523
34,62037.953821,90180
35,62037.953821,92839
36,62037.953821,95503
37,62037.953821,98165
38,62037.953821,100824
39,62037.953821,103487
40,62037.953821,106146
41,62037.953821,108809
42,62037.953821,111469
43,62037.953821,114132
44,62037.953821,116794
45,62037.953821,119458
46,62037.953821,122120
47,62037.953821,124777
48,62037.953821,127441
49,62037.953821,130101
50,62037.953821,132763
51,62037.953821,135425
52,62037.953821,138086
53,62037.953821,140749
54,62037.953821,143403
55,62037.953821,146058
56,62037.953821,148714
57,62037.953821,151371
58,62037.953821,154034
59,62037.953821,156688
60,62037.953821,159347
61,62037.953821,162008
62,62037.953821,164667
63,62037.953821,167327
64,62037.953821,169990
65,62037.953821,172653
66,62037.953821,175312
67,62037.953821,177976
68,62037.953821,180637
69,62037.953821,183302
70,62037.953821,185964
71,62037.953821,188625
72,62037.953821,191287
73,62037.197775,193946
74,62037.197775,196608
75,62037.197775,199268
76,62037.197775,201932
77,62037.197775,204592
78,62037.197775,207245
79,62037.197775,209906
80,62037.197775,212564
81,62037.197775,215227
82,62037.197775,217889
83,62037.197775,220551
84,62037.197775,223210
85,62037.197775,225871
86,62037.197775,228524
87,62037.197775,231183
88,62037.197775,233843
89,62037.197775,236499
90,62037.197775,239156
91,62037.197775,241815
92,62037.197775,244471
93,62037.197775,247134
94,62037.197775,249795
95,62037.197775,252458
96,62037.197775,255119
97,62037.197775,257780
98,62037.197775,260439
99,62037.197775,263101
100,62037.197775,265763
101,62037.197775,268424
102,62037.197775,271086
103,62037.197775,273746
104,62037.197775,276406
105,62037.197775,279069
106,62037.197775,281728
107,62037.197775,284387
108,62037.197775,287046
109,62037.197775,289707
110,62037.197775,292369
111,62037.197775,295029
112,62037.197775,297690
113,62037.197775,300351
114,62037.197775,303014
115,62037.197775,305675
116,62037.197775,308337
117,62037.197775,310996
118,62037.197775,313659
119,62037.197775,316318
120,62037.197775,318981
121,62037.197775,321644
122,62037.197775,324305
123,62037.197775,326967
124,62037.197775,329626
125,62037.197775,332286
126,62037.197775,334939
127,62037.197775,337596
128,62037.197775,340251
129,62037.197775,342909
130,62037.197775,345564
131,62037.197775,348225
132,62037.197775,350883
133,62037.197775,353545
134,62037.197775,356203
135,62037.197775,358862
136,62037.197775,361517
137,62037.197775,364176
138,62037.197775,366835
139,62037.197775,369495
140,62037.197775,372152
141,62037.197775,374810
142,62037.197775,377469
143,62037.197775,380132
144,62037.197775,382793
145,62037.197775,385453
146,62037.197775,388112
147,62037.197775,390773
148,62037.197775,393434
149,62037.197775,396095
150,62037.197775,398757
151,62037.197775,401419
152,62037.197775,404079
153,62037.197775,406741
154,62037.197775,409401
155,62037.197775,412059
156,62037.197775,414716
157,62037.197775,417379
158,62037.197775,420036
159,62037.197775,422696
160,62037.197775,425358
161,62037.197775,428016
162,62037.197775,430671
163,62037.197775,433324
164,62037.197775,435988
165,62037.197775,438650
166,62037.197775,441307
167,62037.197775,443965
168,62037.197775,446617
169,62037.197775,449276
170,62037.197775,451932
171,62037.197775,454586
172,62037.197775,457246
173,62037.197775,459900
174,62037.197775,462554
175,62037.197775,465207
176,62037.197775,467869
177,62037.197775,470529
178,62037.197775,473182
179,62037.197775,475837
180,62037.197775,478496
181,62037.197775,481157
182,62037.197775,483818
183,62037.197775,486479
184,62037.197775,489140
185,62037.197775,491798
186,62037.197775,494461
187,62037.197775,497122
188,62037.197775,499786
189,62037.197775,502445
190,62037.197775,505107
191,62037.197775,507770
192,62037.197775,510433
193,62037.197775,513095
194,62037.197775,515758
195,62037.197775,518417
196,62037.197775,521078
197,62037.197775,523740
198,62037.197775,526400
199,62037.197775,529061
200,62037.197775,531720
201,62037.197775,534380
202,62037.197775,537044
203,62037.197775,539708
204,62037.197775,542367
205,62037.197775,545026
206,62037.197775,547690
207,62037.197775,550353
208,62037.197775,553016
209,62037.197775,555676
210,62037.197775,558335
211,62037.197775,560993
212,62037.197775,563648
213,62037.197775,566309
214,62037.197775,568971
215,62037.197775,571632
216,62037.197775,574290
217,62037.197775,576946
218,62037.197775,579602
219,62037.197775,582263
220,62037.197775,584923
221,62037.197775,587585
222,62037.197775,590242
223,62037.197775,592900
224,62037.197775,595561
225,62037.197775,598225
226,62037.197775,600887
227,62037.197775,603546
228,62037.197775,606208
229,62037.197775,608866
230,62037.197775,611524
231,62037.197775,614183
232,62037.197775,616843
233,62037.197775,619503
234,62037.197775,622165
235,62037.197775,624824
236,62037.197775,627485
237,62037.197775,630148
238,62037.197775,632810
239,62037.197775,635469
240,62037.197775,638130
241,62037.197775,640788
242,62037.197775,643448
243,62037.197775,646111
244,62037.197775,648771
245,62037.197775,651431
246,62037.197775,654091
247,62037.197775,656749
248,62037.197775,659409
249,62037.197775,662070
250,62037.197775,664731
251,62037.197775,667389
252,62037.197775,670054
253,62037.197775,672711
254,62037.197775,675368
255,62037.197775,678028
256,62037.197775,680690
257,62037.197775,683349
258,62037.197775,686012
259,62037.197775,688672
260,62037.197775,691330
261,62037.197775,693992
262,62037.197775,696654
263,62037.197775,699319
264,62037.197775,701978
265,62037.197775,704640
266,62037.197775,707301
267,62037.197775,709961
268,62037.197775,712620
269,62037.197775,715282
270,62037.197775,717936
271,62037.197775,720592
272,62037.197775,723254
273,62037.197775,725914
274,62037.197775,728575
275,62037.197775,731233
276,62037.197775,733892
277,62037.197775,736555
278,62037.197775,739216
279,62037.197775,741878
280,62037.197775,744537
281,62037.197775,747196
282,62037.197775,749851
283,62037.197775,752511
284,62037.197775,755174
285,62037.197775,757833
286,62037.197775,760495
287,62037.197775,763157
288,62037.197775,765820
289,62037.197775,768482
290,62037.197775,771145
291,62037.197775,773809
292,62037.197775,776471
293,62037.197775,779127
294,62037.197775,781790
295,62037.197775,784448
296,62037.197775,787113
297,62037.197775,789775
298,62037.197775,792437
299,62037.197775,795097
300,62037.197775,797754
301,62037.197775,800405
302,62037.197775,803058
303,62037.197775,805709
304,62037.197775,808366
305,62037.197775,811029
62037.197775,4.475140
1,62272.764351,2376
2,62075.667901,5016
3,62038.289660,7656
4,62037.820924,10295
5,62037.652059,12935
6,62037.652059,15573
7,62037.652059,18207
8,62037.652059,20844
9,62037.652059,23482
10,62037.652059,26118
11,62037.652059,28754
12,62037.652059,31386
13,62037.652059,34025
14,62037.652059,36663
15,62037.652059,39302
16,62037.652059,41937
17,62037.652059,44575
18,62037.652059,47210
19,62037.652059,49849
20,62037.652059,52485
21,62037.652059,55123
22,62037.652059,57763
23,62037.652059,60401
24,62037.652059,63038
25,62037.652059,65674
26,62037.652059,68311
27,62037.652059,70949
28,62037.652059,73583
29,62037.652059,76219
30,62037.652059,78856
31,62037.652059,81493
32,62037.652059,84130
33,62037.652059,86764
34,62037.652059,89397
35,62037.652059,92034
36,62037.652059,94670
37,62037.652059,97304
38,62037.652059,99941
39,62037.652059,102577
40,62037.652059,105214
41,62037.652059,107846
42,62037.652059,110480
43,62037.652059,113116
44,62037.652059,115753
45,62037.652059,118385
46,62037.652059,121020
47,62037.652059,123652
48,62037.652059,126287
49,62037.652059,128925
50,62037.652059,131563
51,62037.652059,134201
52,62037.652059,136840
53,62037.652059,139478
54,62037.652059,142115
55,62037.652059,144754
56,62037.652059,147391
57,62037.652059,150031
58,62037.652059,152667
59,62037.652059,155304
60,62037.652059,157939
61,62037.652059,160576
62,62037.652059,163209
63,62037.652059,165842
64,62037.652059,168478
65,62037.652059,171114
66,62037.652059,173748
67,62037.652059,176386
68,62037.652059,179021
69,62037.652059,181655
70,62037.652059,184292
71,62037.652059,186926
72,62037.652059,189561
73,62037.652059,192199
74,62037.652059,194833
75,62037.652059,197471
76,62037.652059,200106
77,62037.652059,202741
78,62037.652059,205377
79,62037.652059,208012
80,62037.652059,210649
81,62037.652059,213284
82,62037.652059,215923
83,62037.652059,218560
84,62037.652059,221200
85,62037.652059,223836
86,62037.652059,226470
87,62037.652059,229108
88,62037.652059,231745
89,62037.652059,234382
90,62037.652059,237017
91,62037.652059,239655
92,62037.652059,242292
93,62037.652059,244928
94,62037.652059,247562
95,62037.652059,250197
96,62037.652059,252836
97,62037.652059,255471
98,62037.652059,258110
99,62037.652059,260748
100,62037.652059,263384
101,62036.936198,266023
102,62036.936198,268662
103,62036.936198,271302
104,62036.936198,273941
105,62036.936198,276576
106,62036.936198,279212
107,62036.936198,281847
108,62036.936198,284487
109,62036.936198,287121
110,62036.936198,289754
111,62036.936198,292389
112,62036.936198,295026
113,62036.936198,297661
114,62036.936198,300299
115,62036.936198,302934
116,62036.936198,305572
117,62036.936198,308211
118,62036.936198,310845
119,62036.936198,313480
120,62036.936198,316115
121,62036.936198,318752
122,62036.936198,321388
123,62036.936198,324023
124,62036.936198,326654
125,62036.936198,329290
126,62036.936198,331928
127,62036.936198,334565
128,62036.936198,337203
129,62036.936198,339839
130,62036.936198,342478
131,62036.936198,345117
132,62036.936198,347752
133,62036.936198,350386
134,62036.936198,353019
135,62036.936198,355656
136,62036.936198,358289
137,62036.936198,360920
138,62036.936198,363549
139,62036.936198,366185
140,62036.936198,368814
141,62036.936198,371450
142,62036.936198,374080
143,62036.936198,376712
144,62036.936198,379352
145,62036.936198,381988
146,62036.936198,384620
147,62036.936198,387256
148,62036.936198,389889
149,62036.936198,392527
150,62036.936198,395165
151,62036.936198,397802
152,62036.936198,400435
153,62036.936198,403073
154,62036.936198,405709
155,62036.936198,408348
156,62036.936198,410988
157,62036.936198,413623
158,62036.936198,416259
159,62036.936198,418896
160,62036.936198,421532
161,62036.936198,424171
162,62036.936198,426806
163,62036.936198,429442
164,62036.936198,432077
165,62036.936198,434715
166,62036.936198,437348
167,62036.936198,439985
168,62036.936198,442616
169,62036.936198,445253
170,62036.936198,447887
171,62036.936198,450522
172,62036.936198,453160
173,62036.936198,455792
174,62036.936198,458421
175,62036.936198,461054
176,62036.936198,463690
177,62036.936198,466326
178,62036.936198,468961
179,62036.936198,471596
180,62036.936198,474227
181,62036.936198,476862
182,62036.936198,479499
183,62036.936198,482136
184,62036.936198,484772
185,62036.936198,487409
186,62036.936198,490046
187,62036.936198,492681
188,62036.936198,495318
189,62036.936198,497952
190,62036.936198,500588
191,62036.936198,503226
192,62036.936198,505860
193,62036.936198,508496
194,62036.936198,511132
195,62036.936198,513771
196,62036.936198,516406
197,62036.936198,519040
198,62036.936198,521677
199,62036.936198,524311
200,62036.936198,526949
201,62036.936198,529582
202,62036.936198,532209
203,62036.936198,534841
204,62036.936198,537472
205,62036.936198,540109
206,62036.936198,542743
207,62036.936198,545376
208,62036.936198,548004
209,62036.936198,550635
210,62036.936198,553269
211,62036.936198,555907
212,62036.936198,558545
213,62036.936198,561178
214,62036.936198,563813
215,62036.936198,566449
216,62036.936198,569087
217,62036.936198,571725
218,62036.936198,574360
219,62036.936198,576999
220,62036.936198,579635
221,62036.936198,582274
222,62036.936198,584908
223,62036.936198,587540
224,62036.936198,590177
225,62036.936198,592810
226,62036.936198,595446
227,62036.936198,598082
228,62036.936198,600715
229,62036.936198,603348
230,62036.936198,605983
231,62036.936198,608619
232,62036.936198,611257
233,62036.936198,613891
234,62036.936198,616529
235,62036.936198,619165
236,62036.936198,621800
237,62036.936198,624432
238,62036.936198,627066
239,62036.936198,629698
240,62036.936198,632330
241,62036.936198,634961
242,62036.936198,637594
243,62036.936198,640229
244,62036.936198,642864
245,62036.936198,645494
246,62036.936198,648132
247,62036.936198,650767
248,62036.936198,653401
249,62036.936198,656038
250,62036.592385,658677
251,62036.592385,661313
252,62036.592385,663949
253,62036.592385,666581
254,62036.592385,669219
255,62036.592385,671849
256,62036.592385,674484
257,62036.592385,677116
258,62036.592385,679750
259,62036.592385,682385
260,62036.592385,685019
261,62036.592385,687657
262,62036.592385,690294
263,62036.592385,692929
264,62036.592385,695562
265,62036.592385,698199
266,62036.592385,700837
267,62036.592385,703473
268,62036.592385,706111
269,62036.592385,708750
270,62036.592385,711387
271,62036.592385,714022
272,62036.592385,716658
273,62036.592385,719294
274,62036.592385,721932
275,62036.592385,724565
276,62036.592385,727201
277,62036.592385,729840
278,62036.592385,732473
279,62036.592385,735110
280,62036.592385,737748
281,62036.592385,740386
282,62036.592385,743022
283,62036.592385,745652
284,62036.592385,748287
285,62036.592385,750920
286,62036.592385,753556
287,62036.592385,756194
288,62036.592385,758831
289,62036.592385,761464
290,62036.592385,764095
291,62036.592385,766723
292,62036.592385,769357
293,62036.592385,771995
294,62036.592385,774627
295,62036.592385,777259
296,62036.592385,779890
297,62036.592385,782523
298,62036.592385,785154
299,62036.592385,787784
300,62036.592385,790414
301,62036.592385,793047
302,62036.592385,795678
303,62036.592385,798312
304,62036.592385,800950
305,62036.592385,803587
306,62036.592385,806221
307,62036.592385,808857
308,62036.592385,811497
62036.592385,4.557695
1,62201.514112,2376
2,62057.935704,5037
3,62043.206775,7698
4,62040.654168,10359
5,62039.011722,13019
6,62039.011722,15677
7,62039.011722,18328
8,62039.011722,20984
9,62039.011722,23639
10,62039.011722,26293
11,62039.011722,28949
12,62039.011722,31603
13,62039.011722,34257
14,62039.011722,36905
15,62039.011722,39561
16,62039.011722,42218
17,62039.011722,44874
18,62039.011722,47527
19,62039.011722,50182
20,62039.011722,52833
21,62039.011722,55485
22,62039.011722,58140
23,62039.011722,60794
24,62039.011722,63453
25,62039.011722,66112
26,62039.011722,68771
27,62039.011722,71424
28,62039.011722,74079
29,62039.011722,76738
30,62039.011722,79397
31,62039.011722,82055
32,62039.011722,84713
33,62039.011722,87373
34,62039.011722,90030
35,62039.011722,92689
36,62039.011722,95343
37,62039.011722,97998
38,62039.011722,100651
39,62039.011722,103309
40,62039.011722,105968
41,62039.011722,108626
42,62039.011722,111284
43,62039.011722,113943
44,62039.011722,116602
45,62039.011722,119260
46,62039.011722,121921
47,62039.011722,124579
48,62039.011722,127238
49,62039.011722,129894
50,62039.011722,132555
51,62039.011722,135208
52,62039.011722,137862
53,62039.011722,140516
54,62039.011722,143175
55,62039.011722,145835
56,62039.011722,148492
57,62039.011722,151148
58,62039.011722,153807
59,62039.011722,156458
60,62039.011722,159118
61,62039.011722,161773
62,62039.011722,164431
63,62039.011722,167085
64,62039.011722,169746
65,62039.011722,172404
66,62039.011722,175057
67,62039.011722,177712
68,62039.011722,180367
69,62039.011722,183021
70,62039.011722,185676
71,62039.011722,188332
72,62039.011722,190985
73,62039.011722,193640
74,62039.011722,196294
75,62039.011722,198951
76,62039.011722,201605
77,62039.011722,204260
78,62039.011722,206919
79,62039.011722,209579
80,62039.011722,212236
81,62039.011722,214892
82,62039.011722,217544
83,62039.011722,220200
84,62039.011722,222857
85,62039.011722,225509
86,62039.011722,228167
87,62039.011722,230819
88,62039.011722,233477
89,62039.011722,236136
90,62039.011722,238793
91,62039.011722,241451
92,62039.011722,244108
93,62039.011722,246765
94,62039.011722,249423
95,62039.011722,252081
96,62039.011722,254742
97,62039.011722,257400
98,62039.011722,260059
99,62039.011722,262714
100,62039.011722,265373
101,62039.011722,268031
102,62039.011722,270687
103,62039.011722,273344
104,62039.011722,276002
105,62039.011722,278659
106,62039.011722,281318
107,62039.011722,283975
108,62039.011722,286631
109,62039.011722,289290
110,62039.011722,291950
111,62039.011722,294595
112,62039.011722,297246
113,62039.011722,299898
114,62039.011722,302553
115,62039.011722,305203
116,62039.011722,307855
117,62039.011722,310510
118,62039.011722,313162
119,62039.011722,315812
120,62039.011722,318465
121,62039.011722,321126
122,62039.011722,323781
123,62039.011722,326437
124,62039.011722,329090
125,62039.011722,331742
126,62039.011722,334400
127,62039.011722,337056
128,62039.011722,339709
129,62039.011722,342362
130,62039.011722,345016
131,62039.011722,347674
132,62039.011722,350325
133,62039.011722,352977
134,62039.011722,355630
135,62039.011722,358285
136,62039.011722,360940
137,62039.011722,363597
138,62039.011722,366246
139,62039.011722,368898
140,62039.011722,371540
141,62039.011722,374184
142,62039.011722,376836
143,62039.011722,379491
144,62039.011722,382148
145,62039.011722,384806
146,62039.011722,387454
147,62039.011722,390104
148,62039.011722,392757
149,62039.011722,395407
150,62039.011722,398054
151,62039.011722,400711
152,62039.011722,403368
153,62039.011722,406021
154,62039.011722,408678
155,62039.011722,411331
156,62039.011722,413987
157,62039.011722,416640
158,62039.011722,419299
159,62039.011722,421955
160,62039.011722,424611
161,62039.011722,427264
162,62039.011722,429918
163,62039.011722,432569
164,62039.011722,435219
165,62039.011722,437872
166,62039.011722,440524
167,62039.011722,443172
168,62039.011722,445826
169,62039.011722,448481
170,62039.011722,451131
171,62039.011722,453779
172,62039.011722,456434
173,62039.011722,459088
174,62039.011722,461742
175,62039.011722,464393
176,62039.011722,467045
177,62039.011722,469700
178,62039.011722,472352
179,62039.011722,475007
180,62039.011722,477662
181,62039.011722,480315
182,62039.011722,482971
183,62039.011722,485628
184,62039.011722,488268
185,62039.011722,490922
186,62039.011722,493577
187,62039.011722,496236
188,62039.011722,498892
189,62039.011722,501549
190,62039.011722,504202
191,62039.011722,506856
192,62039.011722,509510
193,62039.011722,512167
194,62039.011722,514823
195,62039.011722,517480
196,62039.011722,520133
197,62039.011722,522786
198,62039.011722,525443
199,62039.011722,528101
200,62039.011722,530756
201,62039.011722,533401
202,62039.011722,536055
203,62039.011722,538707
204,62039.011722,541354
205,62039.011722,544009
206,62039.011722,546660
207,62039.011722,549316
208,62039.011722,551968
209,62039.011722,554625
210,62039.011722,557279
211,62039.011722,559931
212,62039.011722,562578
213,62039.011722,565233
214,62039.011722,567887
215,62039.011722,570535
216,62039.011722,573184
217,62039.011722,575835
218,62039.011722,578491
219,62039.011722,581144
220,62039.011722,583803
221,62039.011722,586460
222,62039.011722,589111
223,62039.011722,591764
224,62039.011722,594416
225,62039.011722,597070
226,62039.011722,599719
227,62039.011722,602372
228,62039.011722,605031
229,62039.011722,607687
230,62039.011722,610341
231,62039.011722,613000
232,62039.011722,615651
233,62039.011722,618304
234,62039.011722,620962
235,62039.011722,623616
236,62039.011722,626270
237,62039.011722,628923
238,62039.011722,631579
239,62039.011722,634226
240,62039.011722,636873
241,62039.011722,639526
242,62039.011722,642181
243,62039.011722,644838
244,62039.011722,647495
245,62039.011722,650151
246,62039.011722,652803
247,62039.011722,655457
248,62039.011722,658107
249,62039.011722,660756
250,62039.011722,663404
251,62039.011722,666057
252,62039.011722,668711
253,62039.011722,671368
254,62039.011722,674025
255,62039.011722,676677
256,62039.011722,679327
257,62039.011722,681979
258,62039.011722,684629
259,62039.011722,687284
260,62039.011722,689937
261,62039.011722,692591
262,62039.011722,695238
263,62039.011722,697891
264,62039.011722,700545
265,62039.011722,703201
266,62039.011722,705858
267,62039.011722,708513
268,62039.011722,711164
269,62039.011722,713815
270,62039.011722,716470
271,62039.011722,719119
272,62039.011722,721772
273,62039.011722,724430
274,62039.011722,727083
275,62039.011722,729730
276,62039.011722,732384
277,62039.011722,735039
278,62039.011722,737692
279,62039.011722,740348
280,62039.011722,743004
281,62039.011722,745662
282,62039.011722,748322
283,62039.011722,750977
284,62039.011722,753629
285,62039.011722,756284
286,62039.011722,758942
287,62039.011722,761595
288,62039.011722,764251
289,62039.011722,766902
290,62039.011722,769557
291,62039.011722,772209
292,62039.011722,774863
293,62039.011722,777518
294,62039.011722,780165
295,62039.011722,782816
296,62039.011722,785468
297,62039.011722,788120
298,62039.011722,790775
299,62039.011722,793431
300,62039.011722,796087
301,62039.011722,798736
302,62039.011722,801382
303,62039.011722,804034
304,62039.011722,806689
305,62039.011722,809347
62039.011722,4.630888
1,62243.570715,2376
2,62066.256810,5034
3,62039.953392,7692
4,62038.289660,10350
5,62038.246927,13008
6,62038.246927,15665
7,62038.246927,18319
8,62038.246927,20975
9,62038.246927,23632
10,62038.246927,26287
11,62038.246927,28932
12,62038.246927,31586
13,62038.246927,34240
14,62038.246927,36894
15,62038.246927,39550
16,62038.246927,42208
17,62038.246927,44865
18,62038.246927,47516
19,62038.246927,50168
20,62038.246927,52821
21,62038.246927,55472
22,62038.246927,58126
23,62038.246927,60780
24,62038.246927,63435
25,62038.246927,66087
26,62038.246927,68742
27,62038.246927,71398
28,62038.246927,74048
29,62038.246927,76702
30,62038.246927,79356
31,62038.246927,82011
32,62038.246927,84664
33,62038.246927,87317
34,62038.246927,89973
35,62038.246927,92627
36,62038.246927,95281
37,62038.246927,97937
38,62038.246927,100590
39,62038.246927,103247
40,62038.246927,105899
41,62038.246927,108553
42,62038.246927,111209
43,62038.246927,113862
44,62038.246927,116517
45,62038.246927,119172
46,62038.246927,121829
47,62038.246927,124485
48,62038.246927,127140
49,62038.246927,129794
50,62038.246927,132450
51,62038.246927,135102
52,62038.246927,137747
53,62038.246927,140403
54,62038.246927,143058
55,62038.246927,145713
56,62038.246927,148366
57,62038.246927,151021
58,62038.246927,153675
59,62038.246927,156330
60,62038.246927,158984
61,62038.246927,161640
62,62038.246927,164297
63,62038.246927,166954
64,62038.246927,169612
65,62038.246927,172265
66,62038.246927,174922
67,62038.246927,177578
68,62038.246927,180234
69,62038.246927,182890
70,62038.246927,185543
71,62038.246927,188195
72,62038.246927,190852
73,62038.246927,193505
74,62038.246927,196155
75,62038.246927,198808
76,62038.246927,201460
77,62038.246927,204116
78,62038.246927,206771
79,62038.246927,209426
80,62038.246927,212075
81,62038.246927,214727
82,62038.246927,217376
83,62038.246927,220029
84,62038.246927,222685
85,62038.246927,225334
86,62038.246927,227988
87,62038.246927,230637
88,62038.246927,233288
89,62038.246927,235941
90,62038.246927,238596
91,62038.246927,241245
92,62038.246927,243898
93,62038.246927,246549
94,62038.246927,249206
95,62038.246927,251863
96,62038.246927,254518
97,62038.246927,257173
98,62038.246927,259829
99,62038.246927,262487
100,62038.246927,265141
101,62038.246927,267797
102,62038.246927,270449
103,62038.246927,273103
104,62038.246927,275759
105,62038.246927,278414
106,62038.246927,281068
107,62038.246927,283721
108,62038.246927,286374
109,62038.246927,289029
110,62038.246927,291684
111,62038.246927,294335
112,62038.246927,296988
113,62038.246927,299643
114,62038.246927,302294
115,62038.246927,304951
116,62038.246927,307608
117,62038.246927,310264
118,62038.246927,312917
119,62038.246927,315574
120,62038.246927,318224
121,62038.246927,320881
122,62038.246927,323533
123,62038.246927,326185
124,62038.246927,328838
125,62038.246927,331494
126,62038.246927,334150
127,62038.246927,336798
128,62038.246927,339449
129,62038.246927,342099
130,62038.246927,344751
131,62038.246927,347402
132,62038.246927,350057
133,62038.246927,352715
134,62038.246927,355371
135,62038.246927,358021
136,62038.246927,360676
137,62038.246927,363323
138,62038.246927,365978
139,62038.246927,368634
140,62038.246927,371289
141,62038.246927,373941
142,62038.246927,376585
143,62038.246927,379234
144,62038.246927,381887
145,62038.246927,384543
146,62038.246927,387198
147,62038.246927,389852
148,62038.246927,392507
149,62038.246927,395156
150,62038.246927,397807
151,62038.246927,400461
152,62038.246927,403116
153,62038.246927,405771
154,62038.246927,408428
155,62038.246927,411082
156,62038.246927,413734
157,62036.936198,416390
158,62036.936198,419046
159,62036.936198,421700
160,62036.936198,424354
161,62036.936198,427007
162,62036.936198,429654
163,62036.936198,432307
164,62036.936198,434959
165,62036.936198,437616
166,62036.936198,440273
167,62036.936198,442928
168,62036.936198,445582
169,62036.936198,448234
170,62036.936198,450882
171,62036.936198,453530
172,62036.936198,456185
173,62036.936198,458838
174,62036.936198,461489
175,62036.936198,464144
176,62036.936198,466795
177,62036.936198,469450
178,62036.936198,472105
179,62036.936198,474760
180,62036.936198,477411
181,62036.936198,480066
182,62036.936198,482722
183,62036.936198,485374
184,62036.936198,488029
185,62036.936198,490684
186,62036.936198,493337
187,62036.936198,495994
188,62036.936198,498650
189,62036.936198,501297
190,62036.936198,503945
191,62036.936198,506589
192,62036.936198,509232
193,62036.936198,511880
194,62036.936198,514532
195,62036.936198,517184
196,62036.936198,519830
197,62036.936198,522484
198,62036.936198,525137
199,62036.936198,527788
200,62036.936198,530439
201,62036.936198,533092
202,62036.936198,535744
203,62036.936198,538400
204,62036.936198,541051
205,62036.936198,543706
206,62036.936198,546360
207,62036.936198,549016
208,62036.936198,551670
209,62036.936198,554322
210,62036.936198,556974
211,62036.936198,559629
212,62036.936198,562285
213,62036.936198,564939
214,62036.936198,567591
215,62036.936198,570247
216,62036.936198,572900
217,62036.936198,575557
218,62036.936198,578213
219,62036.936198,580869
220,62036.936198,583526
221,62036.936198,586175
222,62036.936198,588829
223,62036.936198,591484
224,62036.936198,594142
225,62036.936198,596795
226,62036.936198,599448
227,62036.936198,602104
228,62036.936198,604758
229,62036.936198,607409
230,62036.936198,610064
231,62036.936198,612715
232,62036.936198,615366
233,62036.936198,618019
234,62036.936198,620669
235,62036.936198,623323
236,62036.936198,625972
237,62036.936198,628622
238,62036.936198,631276
239,62036.936198,633931
240,62036.936198,636582
241,62036.936198,639237
242,62036.936198,641890
243,62036.936198,644542
244,62036.936198,647191
245,62036.936198,649845
246,62036.936198,652500
247,62036.936198,655155
248,62036.936198,657809
249,62036.936198,660465
250,62036.936198,663118
251,62036.936198,665774
252,62036.936198,668426
253,62036.936198,671081
254,62036.936198,673737
255,62036.936198,676392
256,62036.936198,679045
257,62036.936198,681702
258,62036.936198,684352
259,62036.936198,687008
260,62036.936198,689660
261,62036.936198,692312
262,62036.936198,694967
263,62036.936198,697620
264,62036.936198,700273
265,62036.936198,702930
266,62036.936198,705586
267,62036.936198,708241
268,62036.936198,710896
269,62036.936198,713551
270,62036.936198,716206
271,62036.936198,718862
272,62036.936198,721513
273,62036.936198,724170
274,62036.936198,726825
275,62036.936198,729479
276,62036.936198,732135
277,62036.936198,734790
278,62036.936198,737443
279,62036.936198,740093
280,62036.936198,742751
281,62036.936198,745407
282,62036.936198,748060
283,62036.936198,750710
284,62036.936198,753365
285,62036.936198,756019
286,62036.936198,758675
287,62036.936198,761331
288,62036.936198,763986
289,62036.936198,766643
290,62036.936198,769298
291,62036.936198,771954
292,62036.936198,774603
293,62036.936198,777252
294,62036.936198,779905
295,62036.936198,782559
296,62036.936198,785214
297,62036.936198,787867
298,62036.936198,790517
299,62036.936198,793173
300,62036.936198,795826
301,62036.936198,798476
302,62036.936198,801131
303,62036.936198,803789
304,62036.936198,806445
305,62036.936198,809095
306,62036.936198,811748
62036.936198,4.547013
1,62248.677192,2376
2,62054.476957,5000
3,62044.924064,7624
4,62042.022752,10248
5,62040.024449,12871
6,62040.024449,15494
7,62040.024449,18113
8,62040.024449,20729
9,62040.024449,23349
10,62040.024449,25963
11,62040.024449,28578
12,62040.024449,31200
13,62040.024449,33820
14,62040.024449,36439
15,62040.024449,39060
16,62040.024449,41682
17,62040.024449,44301
18,62040.024449,46922
19,62040.024449,49543
20,62040.024449,52163
21,62040.024449,54775
22,62040.024449,57395
23,62040.024449,60012
24,62040.024449,62634
25,62040.024449,65255
26,62040.024449,67874
27,62040.024449,70491
28,62040.024449,73112
29,62040.024449,75733
30,62040.024449,78354
31,62040.024449,80972
32,62040.024449,83591
33,62040.024449,86208
34,62040.024449,88830
35,62040.024449,91451
36,62040.024449,94073
37,62040.024449,96693
38,62040.024449,99310
39,62040.024449,101928
40,62038.592934,104544
41,62038.592934,107165
42,62038.592934,109785
43,62038.592934,112402
44,62038.592934,115023
45,62038.592934,117641
46,62038.592934,120257
47,62038.592934,122873
48,62038.592934,125489
49,62038.592934,128106
50,62038.592934,130727
51,62038.592934,133347
52,62038.592934,135966
53,62038.592934,138587
54,62038.592934,141207
55,62038.592934,143826
56,62038.592934,146440
57,62038.592934,149059
58,62038.592934,151677
59,62038.592934,154297
60,62038.592934,156916
61,62038.592934,159533
62,62038.592934,162153
63,62038.592934,164769
64,62038.592934,167391
65,62038.592934,170011
66,62038.592934,172631
67,62038.592934,175253
68,62038.592934,177876
69,62038.592934,180499
70,62038.592934,183123
71,62038.592934,185745
72,62038.592934,188364
73,62038.592934,190986
74,62038.592934,193605
75,62038.592934,196224
76,62038.592934,198844
77,62038.592934,201462
78,62038.592934,204085
79,62038.592934,206702
80,62038.592934,209323
81,62038.592934,211944
82,62038.592934,214564
83,62038.592934,217187
84,62038.592934,219805
85,62038.592934,222422
86,62038.592934,225032
87,62038.592934,227652
88,62038.592934,230270
89,62038.592934,232885
90,62038.592934,235504
91,62038.592934,238125
92,62038.592934,240744
93,62038.592934,243365
94,62038.592934,245982
95,62038.592934,248602
96,62038.592934,251222
97,62038.592934,253841
98,62038.592934,256458
99,62038.592934,259082
100,62038.592934,261704
101,62038.592934,264324
102,62038.592934,266946
103,62038.592934,269568
104,62038.592934,272187
105,62038.592934,274808
106,62038.592934,277431
107,62038.592934,280051
108,62038.592934,282675
109,62038.592934,285296
110,62038.592934,287913
111,62038.592934,290530
112,62038.592934,293151
113,62038.592934,295774
114,62038.592934,298393
115,62038.592934,301012
116,62038.592934,303628
117,62038.592934,306244
118,62038.592934,308863
119,62038.592934,311482
120,62038.592934,314101
121,62038.592934,316718
122,62038.592934,319335
123,62038.592934,321951
124,62038.592934,324567
125,62038.592934,327183
126,62038.592934,329806
127,62038.592934,332426
128,62038.592934,335045
129,62038.592934,337665
130,62038.592934,340288
131,62038.592934,342903
132,62038.592934,345525
133,62038.592934,348145
134,62038.592934,350768
135,62038.592934,353390
136,62038.592934,356008
137,62038.592934,358627
138,62038.592934,361247
139,62038.592934,363868
140,62038.592934,366488
141,62038.592934,369108
142,62038.592934,371731
143,62038.592934,374350
144,62038.592934,376972
145,62038.592934,379592
146,62038.592934,382209
147,62038.592934,384828
148,62038.592934,387449
149,62038.592934,390068
150,62038.592934,392685
151,62038.592934,395308
152,62038.592934,397923
153,62038.592934,400542
154,62038.592934,403162
155,62038.592934,405784
156,62038.592934,408406
157,62038.592934,411029
158,62038.592934,413651
159,62038.592934,416270
160,62038.592934,418888
161,62038.592934,421509
162,62038.592934,424132
163,62038.592934,426754
164,62038.592934,429374
165,62038.592934,431993
166,62038.592934,434609
167,62038.592934,437231
168,62038.592934,439854
169,62038.592934,442478
170,62038.592934,445095
171,62038.592934,447712
172,62038.592934,450331
173,62038.592934,452953
174,62038.592934,455575
175,62038.592934,458198
176,62038.592934,460820
177,62038.592934,463444
178,62038.592934,466065
179,62038.592934,468688
180,62038.592934,471307
181,62038.592934,473928
182,62038.592934,476548
183,62038.592934,479170
184,62038.592934,481784
185,62038.592934,484407
186,62038.592934,487031
187,62038.592934,489655
188,62038.592934,492277
189,62038.592934,494894
190,62038.592934,497516
191,62038.592934,500135
192,62038.592934,502757
193,62038.592934,505377
194,62038.592934,507999
195,62038.592934,510620
196,62038.592934,513242
197,62038.592934,515866
198,62038.592934,518489
199,62038.592934,521112
200,62038.592934,523728
201,62038.592934,526351
202,62038.592934,528973
203,62038.592934,531587
204,62038.592934,534203
205,62038.592934,536818
206,62038.592934,539436
207,62038.592934,542055
208,62038.592934,544671
209,62038.592934,547289
210,62038.592934,549906
211,62038.592934,552527
212,62038.592934,555146
213,62038.592934,557764
214,62038.592934,560379
215,62038.592934,563000
216,62038.592934,565618
217,62038.592934,568237
218,62038.592934,570855
219,62038.592934,573476
220,62038.592934,576094
221,62038.592934,578716
222,62038.592934,581338
223,62038.592934,583955
224,62038.592934,586576
225,62038.592934,589196
226,62036.730013,591816
227,62036.730013,594434
228,62036.730013,597054
229,62036.730013,599675
230,62036.730013,602294
231,62036.730013,604912
232,62036.730013,607532
233,62036.730013,610154
234,62036.730013,612772
235,62036.730013,615390
236,62036.730013,618011
237,62036.730013,620627
238,62036.730013,623245
239,62036.730013,625863
240,62036.730013,628477
241,62036.730013,631094
242,62036.730013,633715
243,62036.730013,636336
244,62036.730013,638958
245,62036.730013,641573
246,62036.730013,644195
247,62036.730013,646816
248,62036.730013,649434
249,62036.730013,652055
250,62036.730013,654678
251,62036.730013,657296
252,62036.730013,659919
253,62036.730013,662539
254,62036.730013,665162
255,62036.730013,667784
256,62036.730013,670407
257,62036.730013,673030
258,62036.730013,675648
259,62036.730013,678271
260,62036.730013,680887
261,62036.730013,683506
262,62036.730013,686128
263,62036.730013,688749
264,62036.730013,691370
265,62036.730013,693992
266,62036.730013,696611
267,62036.730013,699235
268,62036.730013,701856
269,62036.730013,704477
270,62036.730013,707100
271,62036.730013,709722
272,62036.730013,712342
273,62036.730013,714966
274,62036.730013,717589
275,62036.730013,720207
276,62036.730013,722831
277,62036.730013,725451
278,62036.730013,728074
279,62036.730013,730693
280,62036.730013,733314
281,62036.730013,735935
282,62036.730013,738554
283,62036.730013,741174
284,62036.730013,743796
285,62036.730013,746418
286,62036.730013,749036
287,62036.730013,751655
288,62036.730013,754275
289,62036.730013,756889
290,62036.730013,759506
291,62036.730013,762125
292,62036.730013,764744
293,62036.730013,767362
294,62036.730013,769983
295,62036.730013,772602
296,62036.730013,775224
297,62036.730013,777842
298,62036.730013,780457
299,62036.730013,783080
300,62036.730013,785698
301,62036.730013,788321
302,62036.730013,790939
303,62036.730013,793559
304,62036.730013,796181
305,62036.730013,798804
306,62036.730013,801427
307,62036.730013,804045
308,62036.730013,806666
309,62036.730013,809283
62036.730013,4.561245
1,62184.573406,2376
2,62084.763504,5023
3,62043.206775,7670
4,62038.289660,10317
5,62038.289660,12963
6,62038.289660,15603
7,62038.289660,18243
8,62038.289660,20885
9,62038.289660,23529
10,62038.289660,26164
11,62038.289660,28806
12,62038.289660,31444
13,62038.289660,34087
14,62038.289660,36730
15,62038.289660,39370
16,62038.289660,42015
17,62038.289660,44658
18,62038.289660,47299
19,62038.289660,49941
20,62038.289660,52584
21,62038.289660,55227
22,62038.289660,57867
23,62038.289660,60508
24,62038.289660,63151
25,62038.289660,65796
26,62038.289660,68438
27,62038.289660,71082
28,62038.289660,73726
29,62038.289660,76369
30,62038.289660,79010
31,62038.289660,81650
32,62038.289660,84295
33,62038.289660,86942
34,62038.289660,89587
35,62038.289660,92232
36,62038.289660,94876
37,62038.289660,97515
38,62038.289660,100160
39,62038.289660,102802
40,62038.289660,105446
41,62038.289660,108087
42,62038.289660,110730
43,62038.289660,113372
44,62038.289660,116015
45,62038.289660,118659
46,62037.574353,121306
47,62037.574353,123947
48,62037.574353,126589
49,62037.574353,129232
50,62037.574353,131874
51,62037.574353,134519
52,62037.574353,137160
53,62037.574353,139806
54,62037.574353,142449
55,62037.574353,145088
56,62037.574353,147728
57,62037.574353,150371
58,62037.574353,153015
59,62037.574353,155654
60,62037.574353,158298
61,62037.574353,160937
62,62037.574353,163576
63,62037.574353,166221
64,62037.574353,168864
65,62037.574353,171507
66,62037.574353,174148
67,62037.574353,176792
68,62037.574353,179436
69,62037.574353,182079
70,62037.574353,184723
71,62037.574353,187368
72,62037.574353,190014
73,62037.574353,192660
74,62037.574353,195304
75,62037.574353,197946
76,62037.574353,200588
77,62037.574353,203233
78,62037.574353,205877
79,62037.574353,208521
80,62037.574353,211159
81,62037.574353,213800
82,62037.574353,216445
83,62037.574353,219089
84,62037.574353,221733
85,62037.574353,224378
86,62037.574353,227024
87,62037.574353,229667
88,62037.574353,232309
89,62037.574353,234952
90,62037.574353,237594
91,62037.574353,240233
92,62037.574353,242876
93,62037.574353,245510
94,62037.574353,248154
95,62037.574353,250797
96,62037.574353,253440
97,62037.574353,256085
98,62037.574353,258723
99,62037.574353,261365
100,62037.574353,264005
101,62037.574353,266640
102,62037.574353,269282
103,62037.574353,271921
104,62037.574353,274559
105,62037.574353,277203
106,62037.574353,279848
107,62037.574353,282492
108,62037.574353,285137
109,62037.574353,287779
110,62037.574353,290419
111,62037.574353,293064
112,62037.574353,295710
113,62037.574353,298353
114,62037.574353,300999
115,62037.574353,303644
116,62037.574353,306283
117,62037.574353,308924
118,62037.574353,311565
119,62037.574353,314210
120,62037.574353,316851
121,62037.574353,319493
122,62037.574353,322138
123,62037.574353,324781
124,62037.574353,327426
125,62037.574353,330068
126,62037.574353,332711
127,62037.574353,335356
128,62037.574353,337998
129,62037.574353,340636
130,62037.574353,343274
131,62037.574353,345918
132,62037.574353,348564
133,62037.574353,351207
134,62037.574353,353852
135,62037.574353,356488
136,62037.574353,359128
137,62037.574353,361770
138,62037.574353,364414
139,62037.574353,367059
140,62037.574353,369698
141,62037.574353,372342
142,62037.574353,374985
143,62037.574353,377626
144,62037.574353,380273
145,62037.574353,382915
146,62037.574353,385559
147,62037.574353,388204
148,62037.574353,390849
149,62037.574353,393492
150,62037.574353,396132
151,62037.574353,398777
152,62037.574353,401418
153,62037.574353,404060
154,62037.574353,406704
155,62037.574353,409347
156,62037.574353,411989
157,62037.574353,414629
158,62037.574353,417271
159,62037.574353,419916
160,62037.574353,422557
161,62037.574353,425202
162,62037.574353,427843
163,62037.574353,430486
164,62037.574353,433132
165,62037.574353,435775
166,62037.574353,438415
167,62037.574353,441049
168,62037.574353,443688
169,62037.574353,446325
170,62037.574353,448967
171,62037.574353,451609
172,62037.574353,454255
173,62037.574353,456901
174,62037.574353,459545
175,62037.574353,462190
176,62037.574353,464834
177,62037.574353,467475
178,62037.574353,470117
179,62037.574353,472764
180,62037.574353,475409
181,62037.574353,478054
182,62037.574353,480698
183,62037.574353,483343
184,62037.574353,485986
185,62037.574353,488628
186,62037.574353,491270
187,62037.574353,493915
188,62037.574353,496555
189,62037.574353,499200
190,62037.574353,501844
191,62037.574353,504489
192,62037.574353,507134
193,62037.574353,509775
194,62037.574353,512422
195,62037.574353,515066
196,62037.574353,517708
197,62037.574353,520352
198,62037.574353,522992
199,62037.574353,525636
200,62037.574353,528277
201,62037.574353,530922
202,62037.574353,533559
203,62037.574353,536201
204,62037.574353,538844
205,62037.574353,541485
206,62037.574353,544126
207,62037.574353,546767
208,62037.574353,549410
209,62037.574353,552047
210,62037.574353,554690
211,62037.574353,557331
212,62037.574353,559972
213,62037.574353,562614
214,62037.574353,565257
215,62037.574353,567901
216,62037.574353,570542
217,62037.574353,573184
218,62037.574353,575825
219,62037.574353,578468
220,62037.574353,581108
221,62037.574353,583750
222,62037.574353,586391
223,62037.574353,589026
224,62037.574353,591671
225,62037.574353,594313
226,62037.574353,596956
227,62037.574353,599597
228,62037.574353,602242
229,62037.574353,604887
230,62037.574353,607528
231,62037.574353,610168
232,62037.574353,612807
233,62037.574353,615451
234,62037.574353,618091
235,62037.574353,620734
236,62037.574353,623379
237,62037.574353,626023
238,62037.574353,628665
239,62037.574353,631309
240,62037.574353,633950
241,62037.574353,636591
242,62037.574353,639226
243,62037.574353,641868
244,62037.574353,644510
245,62037.574353,647153
246,62037.574353,649795
247,62037.574353,652439
248,62037.574353,655085
249,62037.574353,657728
250,62037.574353,660372
251,62037.574353,663010
252,62037.574353,665648
253,62037.574353,668291
254,62037.574353,670935
255,62037.574353,673573
256,62037.574353,676212
257,62037.574353,678848
258,62037.574353,681491
259,62037.574353,684134
260,62037.574353,686771
261,62037.574353,689415
262,62037.574353,692059
263,62037.574353,694703
264,62037.574353,697342
265,62037.574353,699983
266,62037.574353,702628
267,62037.574353,705273
268,62037.574353,707909
269,62037.574353,710551
270,62037.574353,713195
271,62037.574353,715837
272,62037.574353,718479
273,62037.574353,721119
274,62037.574353,723760
275,62037.574353,726398
276,62037.574353,729039
277,62037.574353,731676
278,62037.574353,734317
279,62037.574353,736959
280,62037.574353,739602
281,62037.574353,742245
282,62037.574353,744886
283,62037.574353,747530
284,62037.574353,750171
285,62037.574353,752814
286,62037.574353,755460
287,62037.574353,758105
288,62037.574353,760750
289,62037.574353,763394
290,62037.574353,766037
291,62037.574353,768678
292,62037.574353,771322
293,62037.574353,773967
294,62037.574353,776610
295,62037.574353,779252
296,62037.574353,781893
297,62037.574353,784535
298,62037.574353,787179
299,62037.574353,789822
300,62037.574353,792467
301,62037.574353,795113
302,62037.574353,797755
303,62037.574353,800396
304,62037.574353,803038
305,62037.574353,805682
306,62037.574353,808328
307,62037.574353,810968
62037.574353,4.534499
1,62189.657433,2376
2,62056.110370,5001
3,62043.588029,7626
4,62039.453981,10251
5,62038.289660,12876
6,62038.289660,15501
7,62037.820924,18119
8,62037.820924,20738
9,62037.820924,23361
10,62037.820924,25977
11,62037.820924,28595
12,62037.820924,31217
13,62037.820924,33841
14,62037.820924,36461
15,62037.820924,39083
16,62037.820924,41699
17,62037.820924,44321
18,62037.820924,46941
19,62037.820924,49558
20,62037.820924,52179
21,62037.820924,54799
22,62037.820924,57419
23,62037.820924,60040
24,62037.820924,62658
25,62037.820924,65278
26,62037.820924,67896
27,62037.820924,70514
28,62037.820924,73135
29,62037.820924,75758
30,62037.820924,78376
31,62037.820924,80999
32,62037.820924,83621
33,62037.820924,86244
34,62037.820924,88867
35,62037.820924,91492
36,62037.820924,94112
37,62037.820924,96732
38,62037.820924,99354
39,62037.820924,101976
40,62037.820924,104598
41,62037.820924,107222
42,62037.820924,109843
43,62037.820924,112465
44,62037.820924,115086
45,62037.820924,117711
46,62037.820924,120332
47,62037.820924,122952
48,62037.820924,125573
49,62037.820924,128194
50,62037.820924,130814
51,62037.820924,133435
52,62037.820924,136058
53,62037.820924,138681
54,62037.820924,141303
55,62037.820924,143924
56,62037.820924,146544
57,62037.820924,149168
58,62037.820924,151787
59,62037.820924,154407
60,62037.820924,157030
61,62037.820924,159653
62,62037.820924,162272
63,62037.820924,164890
64,62037.820924,167506
65,62037.820924,170129
66,62037.820924,172751
67,62037.820924,175370
68,62037.820924,177992
69,62037.820924,180617
70,62037.820924,183240
71,62037.820924,185864
72,62037.820924,188484
73,62037.820924,191105
74,62037.820924,193728
75,62037.820924,196347
76,62037.820924,198969
77,62037.820924,201590
78,62037.820924,204212
79,62037.820924,206836
80,62037.820924,209457
81,62037.820924,212078
82,62037.820924,214694
83,62037.820924,217314
84,62037.820924,219933
85,62037.820924,222553
86,62037.820924,225168
87,62037.820924,227792
88,62037.820924,230413
89,62037.820924,233030
90,62037.820924,235651
91,62037.820924,238269
92,62037.820924,240889
93,62037.820924,243513
94,62037.820924,246133
95,62037.820924,248757
96,62037.820924,251379
97,62037.820924,253998
98,62037.820924,256623
99,62037.820924,259243
100,62037.820924,261865
101,62037.820924,264489
102,62037.820924,267111
103,62037.820924,269732
104,62037.820924,272357
105,62037.820924,274981
106,62037.820924,277605
107,62037.820924,280226
108,62037.820924,282847
109,62037.820924,285464
110,62037.820924,288079
111,62037.820924,290688
112,62037.820924,293302
113,62037.820924,295925
114,62037.820924,298537
115,62037.820924,301153
116,62037.820924,303765
117,62037.820924,306380
118,62037.820924,308996
119,62037.820924,311615
120,62037.820924,314235
121,62037.820924,316853
122,62037.820924,319473
123,62037.820924,322095
124,62037.820924,324716
125,62037.820924,327336
126,62037.820924,329958
127,62037.820924,332578
128,62037.820924,335199
129,62037.820924,337822
130,62037.820924,340444
131,62037.820924,343060
132,62037.820924,345681
133,62037.820924,348301
134,62037.820924,350920
135,62037.820924,353538
136,62037.820924,356153
137,62037.820924,358772
138,62037.820924,361391
139,62037.820924,364013
140,62037.820924,366633
141,62037.820924,369249
142,62037.820924,371870
143,62037.820924,374494
144,62037.820924,377113
145,62037.820924,379732
146,62037.820924,382351
147,62037.820924,384974
148,62037.820924,387597
149,62037.820924,390219
150,62037.820924,392841
151,62037.820924,395464
152,62037.820924,398087
153,62037.820924,400708
154,62037.820924,403330
155,62037.820924,405950
156,62037.820924,408572
157,62037.820924,411196
158,62037.820924,413819
159,62037.820924,416442
160,62037.820924,419066
161,62037.820924,421690
162,62037.820924,424311
163,62037.820924,426932
164,62037.820924,429550
165,62037.820924,432172
166,62037.820924,434794
167,62037.820924,437419
168,62037.820924,440042
169,62037.820924,442667
170,62037.820924,445289
171,62037.820924,447912
172,62037.820924,450533
173,62037.820924,453154
174,62037.820924,455777
175,62037.820924,458395
176,62037.820924,461015
177,62037.820924,463637
178,62037.820924,466262
179,62037.820924,468882
180,62037.820924,471503
181,62037.820924,474124
182,62037.820924,476742
183,62037.820924,479360
184,62037.820924,481978
185,62037.820924,484599
186,62037.820924,487220
187,62037.820924,489843
188,62037.820924,492464
189,62037.097698,495085
190,62037.097698,497709
191,62037.097698,500331
192,62037.097698,502953
193,62037.097698,505574
194,62037.097698,508196
195,62037.097698,510817
196,62037.097698,513436
197,62037.097698,516057
198,62037.097698,518678
199,62037.097698,521294
200,62037.097698,523916
201,62037.097698,526533
202,62037.097698,529153
203,62037.097698,531776
204,62037.097698,534392
205,62037.097698,537010
206,62037.097698,539632
207,62037.097698,542253
208,62037.097698,544872
209,62037.097698,547493
210,62037.097698,550114
211,62037.097698,552731
212,62037.097698,555351
213,62037.097698,557973
214,62037.097698,560596
215,62037.097698,563217
216,62037.097698,565839
217,62037.097698,568463
218,62037.097698,571083
219,62037.097698,573705
220,62037.097698,576328
221,62037.097698,578950
222,62037.097698,581570
223,62037.097698,584191
224,62037.097698,586813
225,62037.097698,589435
226,62037.097698,592057
227,62037.097698,594678
228,62037.097698,597299
229,62037.097698,599921
230,62037.097698,602543
231,62037.097698,605159
232,62037.097698,607781
233,62037.097698,610403
234,62037.097698,613027
235,62037.097698,615650
236,62037.097698,618271
237,62037.097698,620894
238,62037.097698,623515
239,62037.097698,626139
240,62037.097698,628755
241,62037.097698,631373
242,62037.097698,633995
243,62037.097698,636616
244,62037.097698,639236
245,62037.097698,641859
246,62037.097698,644482
247,62037.097698,647103
248,62037.097698,649720
249,62037.097698,652340
250,62037.097698,654961
251,62037.097698,657580
252,62037.097698,660200
253,62037.097698,662820
254,62037.097698,665443
255,62037.097698,668059
256,62037.097698,670675
257,62037.097698,673292
258,62037.097698,675915
259,62037.097698,678533
260,62037.097698,681151
261,62037.097698,683770
262,62037.097698,686389
263,62037.097698,689010
264,62037.097698,691630
265,62037.097698,694253
266,62037.097698,696870
267,62037.097698,699494
268,62037.097698,702115
269,62037.097698,704735
270,62037.097698,707352
271,62037.097698,709977
272,62037.097698,712600
273,62037.097698,715220
274,62037.097698,717843
275,62037.097698,720465
276,62037.097698,723088
277,62037.097698,725712
278,62037.097698,728333
279,62037.097698,730953
280,62037.097698,733578
281,62037.097698,736200
282,62037.097698,738822
283,62037.097698,741445
284,62037.097698,744070
285,62037.097698,746692
286,62037.097698,749317
287,62037.097698,751938
288,62037.097698,754560
289,62037.097698,757181
290,62037.097698,759798
291,62037.097698,762418
292,62037.097698,765038
293,62037.097698,767658
294,62037.097698,770274
295,62037.097698,772895
296,62037.097698,775511
297,62037.097698,778131
298,62037.097698,780747
299,62037.097698,783367
300,62037.097698,785981
301,62037.097698,788598
302,62036.936198,791214
303,62036.936198,793832
304,62036.936198,796454
305,62036.936198,799073
306,62036.936198,801692
307,62036.936198,804309
308,62036.936198,806929
309,62036.936198,809545
62036.936198,4.545489
1,62191.473463,2376
2,62054.233522,5002
3,62042.961048,7628
4,62040.024449,10253
5,62040.024449,12876
6,62037.403827,15499
7,62037.403827,18121
8,62037.403827,20738
9,62037.403827,23357
10,62037.403827,25982
11,62037.403827,28607
12,62037.403827,31230
13,62037.403827,33851
14,62037.403827,36473
15,62037.403827,39096
16,62037.403827,41719
17,62037.403827,44339
18,62037.403827,46956
19,62037.403827,49580
20,62037.403827,52201
21,62037.403827,54824
22,62037.403827,57449
23,62037.403827,60074
24,62037.403827,62698
25,62037.403827,65317
26,62037.403827,67941
27,62037.403827,70564
28,62037.403827,73188
29,62037.403827,75813
30,62037.403827,78436
31,62037.403827,81062
32,62037.403827,83686
33,62037.403827,86308
34,62037.403827,88932
35,62037.403827,91556
36,62037.403827,94179
37,62037.403827,96800
38,62037.403827,99420
39,62037.403827,102043
40,62037.403827,104664
41,62037.403827,107283
42,62037.403827,109903
43,62037.403827,112524
44,62037.403827,115148
45,62037.403827,117766
46,62037.403827,120387
47,62037.403827,123009
48,62037.403827,125631
49,62037.403827,128250
50,62037.403827,130874
51,62037.403827,133498
52,62037.403827,136121
53,62037.403827,138744
54,62037.403827,141364
55,62037.403827,143984
56,62037.403827,146601
57,62037.403827,149215
58,62037.403827,151839
59,62037.403827,154459
60,62037.403827,157077
61,62037.403827,159695
62,62037.403827,162315
63,62037.403827,164937
64,62037.403827,167559
65,62037.403827,170178
66,62037.403827,172796
67,62037.403827,175415
68,62037.403827,178033
69,62037.403827,180652
70,62037.403827,183272
71,62037.403827,185896
72,62037.403827,188517
73,62037.403827,191135
74,62037.403827,193755
75,62037.403827,196377
76,62037.403827,198994
77,62037.403827,201613
78,62037.403827,204235
79,62037.403827,206859
80,62037.403827,209480
81,62037.403827,212101
82,62037.403827,214725
83,62037.403827,217342
84,62037.403827,219959
85,62037.403827,222578
86,62037.403827,225199
87,62037.403827,227821
88,62037.403827,230444
89,62037.403827,233067
90,62037.403827,235687
91,62037.403827,238307
92,62037.403827,240925
93,62037.403827,243548
94,62037.403827,246169
95,62037.403827,248790
96,62037.403827,251411
97,62037.403827,254033
98,62037.403827,256657
99,62037.403827,259277
100,62037.403827,261898
101,62037.403827,264521
102,62037.403827,267143
103,62037.403827,269763
104,62037.403827,272388
105,62037.403827,275010
106,62037.403827,277628
107,62037.403827,280250
108,62037.403827,282873
109,62037.403827,285493
110,62037.403827,288114
111,62037.403827,290733
112,62037.403827,293357
113,62037.403827,295980
114,62037.403827,298603
115,62037.403827,301224
116,62037.403827,303847
117,62037.403827,306464
118,62037.403827,309085
119,62037.403827,311704
120,62037.403827,314324
121,62037.403827,316944
122,62037.403827,319565
123,62037.403827,322185
124,62037.403827,324805
125,62037.403827,327429
126,62037.403827,330052
127,62037.403827,332673
128,62037.403827,335292
129,62037.403827,337915
130,62037.403827,340537
131,62037.403827,343160
132,62037.403827,345784
133,62037.403827,348406
134,62037.403827,351030
135,62037.403827,353654
136,62037.403827,356277
137,62037.403827,358899
138,62037.403827,361523
139,62037.403827,364148
140,62037.403827,366772
141,62037.403827,369396
142,62037.403827,372019
143,62037.403827,374640
144,62037.403827,377261
145,62037.403827,379886
146,62037.403827,382509
147,62037.403827,385130
148,62037.403827,387753
149,62037.403827,390376
150,62037.403827,393001
151,62037.403827,395624
152,62037.403827,398250
153,62037.403827,400873
154,62037.403827,403494
155,62037.403827,406118
156,62037.403827,408741
157,62037.403827,411360
158,62037.403827,413986
159,62037.403827,416608
160,62037.403827,419232
161,62037.403827,421857
162,62037.403827,424480
163,62037.403827,427100
164,62037.403827,429721
165,62037.403827,432343
166,62037.403827,434968
167,62037.403827,437592
168,62037.403827,440215
169,62037.403827,442838
170,62037.403827,445461
171,62037.403827,448086
172,62037.403827,450710
173,62037.403827,453331
174,62037.403827,455956
175,62037.403827,458579
176,62037.403827,461203
177,62037.403827,463827
178,62037.403827,466448
179,62037.403827,469072
180,62037.403827,471696
181,62037.403827,474319
182,62037.403827,476944
183,62037.403827,479567
184,62037.403827,482191
185,62037.403827,484813
186,62037.403827,487436
187,62037.403827,490061
188,62037.403827,492683
189,62037.403827,495304
190,62037.403827,497923
191,62037.403827,500545
192,62036.936198,503166
193,62036.936198,505789
194,62036.936198,508411
195,62036.936198,511035
196,62036.936198,513660
197,62036.936198,516281
198,62036.936198,518904
199,62036.936198,521524
200,62036.936198,524147
201,62036.936198,526768
202,62036.936198,529386
203,62036.936198,532007
204,62036.936198,534629
205,62036.936198,537250
206,62036.936198,539870
207,62036.936198,542493
208,62036.936198,545115
209,62036.936198,547739
210,62036.936198,550363
211,62036.936198,552983
212,62036.936198,555606
213,62036.936198,558228
214,62036.936198,560849
215,62036.936198,563471
216,62036.936198,566093
217,62036.936198,568713
218,62036.936198,571333
219,62036.936198,573954
220,62036.936198,576576
221,62036.936198,579196
222,62036.936198,581819
223,62036.936198,584444
224,62036.936198,587067
225,62036.936198,589682
226,62036.936198,592308
227,62036.936198,594928
228,62036.936198,597553
229,62036.936198,600177
230,62036.936198,602800
231,62036.936198,605421
232,62036.936198,608044
233,62036.936198,610669
234,62036.936198,613292
235,62036.936198,615916
236,62036.936198,618537
237,62036.936198,621160
238,62036.936198,623784
239,62036.936198,626409
240,62036.936198,629032
241,62036.936198,631654
242,62036.936198,634274
243,62036.936198,636895
244,62036.936198,639515
245,62036.936198,642140
246,62036.936198,644765
247,62036.936198,647391
248,62036.936198,650013
249,62036.936198,652638
250,62036.936198,655262
251,62036.936198,657886
252,62036.936198,660509
253,62036.936198,663129
254,62036.936198,665744
255,62036.936198,668369
256,62036.936198,670991
257,62036.936198,673613
258,62036.936198,676236
259,62036.936198,678856
260,62036.936198,681480
261,62036.936198,684103
262,62036.936198,686724
263,62036.936198,689349
264,62036.936198,691972
265,62036.936198,694591
266,62036.936198,697215
267,62036.936198,699837
268,62036.936198,702460
269,62036.936198,705085
270,62036.936198,707708
271,62036.936198,710329
272,62036.936198,712948
273,62036.936198,715568
274,62036.936198,718191
275,62036.936198,720815
276,62036.936198,723438
277,62036.936198,726062
278,62036.936198,728682
279,62036.936198,731304
280,62036.936198,733927
281,62036.936198,736544
282,62036.936198,739168
283,62036.936198,741793
284,62036.936198,744417
285,62036.936198,747038
286,62036.936198,749659
287,62036.936198,752281
288,62036.936198,754902
289,62036.936198,757524
290,62036.936198,760143
291,62036.936198,762768
292,62036.936198,765392
293,62036.936198,768017
294,62036.936198,770642
295,62036.936198,773265
296,62036.936198,775887
297,62036.936198,778509
298,62036.936198,781132
299,62036.936198,783758
300,62036.936198,786378
301,62036.936198,788999
302,62036.936198,791621
303,62036.936198,794243
304,62036.936198,796867
305,62036.936198,799492
306,62036.936198,802109
307,62036.936198,804732
308,62036.936198,807357
309,62036.936198,809983
62036.936198,4.545908
1,62428.464287,2376
2,62113.485520,5008
3,62054.668234,7640
4,62039.011722,10272
5,62038.592934,12902
6,62037.820924,15531
7,62037.820924,18160
8,62037.820924,20787
9,62037.820924,23417
10,62037.820924,26044
11,62037.820924,28674
12,62037.820924,31302
13,62037.820924,33933
14,62037.820924,36559
15,62037.820924,39184
16,62037.820924,41810
17,62037.820924,44438
18,62037.820924,47067
19,62037.820924,49694
20,62037.820924,52324
21,62037.820924,54951
22,62037.820924,57580
23,62037.820924,60209
24,62037.820924,62836
25,62037.820924,65467
26,62037.820924,68099
27,62037.820924,70727
28,62037.820924,73353
29,62037.820924,75983
30,62037.820924,78615
31,62037.820924,81243
32,62037.820924,83870
33,62037.820924,86498
34,62037.820924,89128
35,62037.820924,91755
36,62037.820924,94380
37,62037.820924,97010
38,62037.820924,99636
39,62037.820924,102262
40,62037.820924,104887
41,62037.820924,107513
42,62037.820924,110140
43,62037.820924,112764
44,62037.820924,115394
45,62037.820924,118021
46,62037.820924,120648
47,62037.820924,123277
48,62037.820924,125907
49,62037.820924,128536
50,62037.820924,131165
51,62037.820924,133795
52,62037.820924,136422
53,62037.820924,139051
54,62037.820924,141683
55,62037.820924,144314
56,62037.820924,146942
57,62037.820924,149572
58,62037.820924,152200
59,62037.820924,154827
60,62037.820924,157454
61,62037.820924,160077
62,62037.820924,162703
63,62037.820924,165330
64,62037.820924,167957
65,62037.820924,170582
66,62037.820924,173208
67,62037.820924,175834
68,62037.820924,178461
69,62037.820924,181084
70,62037.820924,183707
71,62037.820924,186330
72,62037.820924,188954
73,62037.820924,191580
74,62037.820924,194209
75,62037.820924,196836
76,62037.820924,199460
77,62037.820924,202090
78,62037.820924,204717
79,62037.820924,207345
80,62037.820924,209973
81,62037.820924,212605
82,62037.820924,215233
83,62037.820924,217860
84,62037.820924,220490
85,62037.820924,223121
86,62037.820924,225745
87,62037.820924,228371
88,62037.820924,230997
89,62037.820924,233626
90,62037.820924,236258
91,62037.820924,238888
92,62037.820924,241517
93,62037.820924,244144
94,62037.820924,246774
95,62037.820924,249402
96,62037.820924,252027
97,62037.820924,254651
98,62037.820924,257277
99,62037.820924,259902
100,62037.820924,262528
101,62037.820924,265152
102,62037.820924,267782
103,62037.820924,270408
104,62037.820924,273033
105,62037.820924,275660
106,62037.820924,278286
107,62037.820924,280914
108,62037.820924,283540
109,62037.820924,286168
110,62037.820924,288798
111,62037.820924,291427
112,62037.820924,294055
113,62037.820924,296683
114,62037.820924,299312
115,62037.820924,301938
116,62037.820924,304563
117,62037.820924,307187
118,62037.820924,309814
119,62037.820924,312444
120,62037.820924,315075
121,62037.820924,317704
122,62037.820924,320331
123,62037.820924,322962
124,62037.820924,325590
125,62037.820924,328218
126,62037.820924,330846
127,62037.820924,333476
128,62037.820924,336104
129,62037.820924,338730
130,62037.820924,341357
131,62037.820924,343987
132,62037.820924,346614
133,62037.820924,349243
134,62037.820924,351871
135,62037.820924,354500
136,62037.820924,357128
137,62037.659026,359754
138,62037.659026,362380
139,62037.659026,365005
140,62037.659026,367632
141,62037.659026,370264
142,62037.659026,372892
143,62037.659026,375512
144,62037.659026,378142
145,62037.659026,380768
146,62037.659026,383390
147,62037.659026,386018
148,62037.659026,388646
149,62037.659026,391270
150,62037.659026,393901
151,62037.659026,396526
152,62037.659026,399151
153,62037.659026,401781
154,62037.659026,404412
155,62036.941214,407041
156,62036.941214,409667
157,62036.941214,412290
158,62036.941214,414916
159,62036.941214,417540
160,62036.941214,420170
161,62036.941214,422798
162,62036.941214,425427
163,62036.941214,428057
164,62036.941214,430686
165,62036.941214,433316
166,62036.941214,435945
167,62036.941214,438577
168,62036.941214,441208
169,62036.941214,443836
170,62036.941214,446466
171,62036.941214,449096
172,62036.941214,451726
173,62036.941214,454356
174,62036.941214,456988
175,62036.941214,459619
176,62036.941214,462247
177,62036.941214,464873
178,62036.936198,467500
179,62036.936198,470129
180,62036.936198,472759
181,62036.936198,475388
182,62036.936198,478016
183,62036.936198,480646
184,62036.936198,483271
185,62036.936198,485899
186,62036.936198,488529
187,62036.936198,491160
188,62036.936198,493786
189,62036.936198,496416
190,62036.936198,499043
191,62036.936198,501670
192,62036.936198,504295
193,62036.936198,506920
194,62036.936198,509545
195,62036.936198,512168
196,62036.936198,514794
197,62036.936198,517423
198,62036.936198,520049
199,62036.936198,522674
200,62036.936198,525301
201,62036.936198,527930
202,62036.936198,530557
203,62036.936198,533188
204,62036.936198,535818
205,62036.936198,538439
206,62036.936198,541067
207,62036.936198,543694
208,62036.936198,546322
209,62036.936198,548946
210,62036.936198,551573
211,62036.936198,554202
212,62036.936198,556833
213,62036.936198,559464
214,62036.936198,562092
215,62036.936198,564721
216,62036.936198,567349
217,62036.936198,569978
218,62036.936198,572605
219,62036.936198,575235
220,62036.936198,577864
221,62036.936198,580491
222,62036.936198,583123
223,62036.936198,585747
224,62036.936198,588375
225,62036.936198,591007
226,62036.936198,593635
227,62036.936198,596266
228,62036.936198,598894
229,62036.936198,601520
230,62036.936198,604149
231,62036.936198,606774
232,62036.936198,609399
233,62036.936198,612024
234,62036.936198,614654
235,62036.936198,617285
236,62036.936198,619913
237,62036.936198,622538
238,62036.936198,625166
239,62036.936198,627789
240,62036.936198,630416
241,62036.936198,633040
242,62036.936198,635667
243,62036.936198,638295
244,62036.936198,640921
245,62036.936198,643549
246,62036.936198,646179
247,62036.936198,648808
248,62036.936198,651438
249,62036.936198,654067
250,62036.936198,656698
251,62036.936198,659322
252,62036.936198,661950
253,62036.936198,664578
254,62036.936198,667204
255,62036.936198,669831
256,62036.936198,672457
257,62036.936198,675081
258,62036.936198,677708
259,62036.936198,680332
260,62036.936198,682962
261,62036.936198,685593
262,62036.936198,688219
263,62036.936198,690847
264,62036.936198,693478
265,62036.936198,696106
266,62036.936198,698734
267,62036.936198,701361
268,62036.936198,703991
269,62036.936198,706617
270,62036.936198,709246
271,62036.936198,711874
272,62036.936198,714496
273,62036.936198,717118
274,62036.936198,719738
275,62036.936198,722359
276,62036.936198,724989
277,62036.936198,727612
278,62036.936198,730241
279,62036.936198,732869
280,62036.936198,735492
281,62036.936198,738119
282,62036.936198,740749
283,62036.936198,743375
284,62036.936198,746005
285,62036.936198,748629
286,62036.936198,751256
287,62036.936198,753879
288,62036.936198,756507
289,62036.936198,759136
290,62036.936198,761765
291,62036.936198,764396
292,62036.936198,767026
293,62036.936198,769657
294,62036.936198,772288
295,62036.936198,774918
296,62036.936198,777549
297,62036.936198,780181
298,62036.936198,782806
299,62036.936198,785434
300,62036.936198,788062
301,62036.936198,790693
302,62036.936198,793325
303,62036.936198,795952
304,62036.936198,798584
305,62036.936198,801211
306,62036.936198,803835
307,62036.936198,806460
308,62036.936198,809090
309,62036.936198,811716
62036.936198,4.613965
1,62146.324380,2376
2,62068.454004,5035
3,62039.011722,7694
4,62037.953821,10353
5,62037.953821,13011
6,62037.953821,15669
7,62037.953821,18318
8,62037.953821,20972
9,62037.953821,23629
10,62037.953821,26281
11,62037.953821,28932
12,62037.953821,31588
13,62037.953821,34242
14,62037.953821,36895
15,62037.953821,39549
16,62037.953821,42202
17,62037.953821,44849
18,62037.953821,47506
19,62037.953821,50163
20,62037.953821,52820
21,62037.953821,55474
22,62037.953821,58133
23,62037.953821,60787
24,62037.953821,63437
25,62037.953821,66083
26,62037.953821,68736
27,62037.953821,71387
28,62037.953821,74043
29,62037.953821,76698
30,62037.953821,79351
31,62037.953821,82006
32,62037.953821,84660
33,62037.953821,87307
34,62037.953821,89960
35,62037.953821,92617
36,62037.953821,95271
37,62037.953821,97927
38,62037.953821,100583
39,62037.953821,103234
40,62037.953821,105890
41,62037.953821,108545
42,62037.953821,111202
43,62037.953821,113859
44,62037.953821,116514
45,62037.953821,119170
46,62037.953821,121825
47,62037.953821,124480
48,62037.953821,127134
49,62037.953821,129787
50,62037.953821,132441
51,62037.953821,135095
52,62037.953821,137753
53,62037.953821,140406
54,62037.953821,143061
55,62037.953821,145718
56,62037.953821,148377
57,62037.953821,151033
58,62037.953821,153690
59,62037.953821,156346
60,62037.953821,159000
61,62037.953821,161657
62,62037.953821,164313
63,62037.953821,166970
64,62037.953821,169626
65,62037.953821,172284
66,62037.953821,174941
67,62037.953821,177591
68,62037.953821,180244
69,62037.953821,182896
70,62037.953821,185552
71,62037.953821,188204
72,62037.953821,190860
73,62037.953821,193515
74,62037.953821,196163
75,62037.953821,198818
76,62037.953821,201473
77,62037.953821,204124
78,62037.953821,206778
79,62037.953821,209429
80,62037.953821,212085
81,62037.953821,214739
82,62037.953821,217395
83,62037.953821,220049
84,62037.953821,222703
85,62037.953821,225355
86,62037.953821,228011
87,62037.953821,230664
88,62037.953821,233316
89,62037.953821,235970
90,62037.953821,238623
91,62037.953821,241278
92,62037.953821,243927
93,62037.953821,246581
94,62037.953821,249236
95,62037.953821,251892
96,62037.953821,254550
97,62037.953821,257205
98,62037.953821,259860
99,62037.953821,262517
100,62037.953821,265171
101,62037.953821,267825
102,62037.953821,270480
103,62037.953821,273136
104,62037.953821,275791
105,62037.953821,278447
106,62037.953821,281103
107,62037.953821,283759
108,62037.953821,286413
109,62037.953821,289068
110,62037.953821,291719
111,62037.953821,294371
112,62037.953821,297029
113,62037.953821,299684
114,62037.953821,302339
115,62037.953821,304990
116,62037.953821,307644
117,62037.953821,310296
118,62037.953821,312951
119,62037.953821,315606
120,62037.953821,318262
121,62037.953821,320917
122,62037.953821,323573
123,62037.953821,326226
124,62037.953821,328881
125,62037.953821,331537
126,62037.953821,334192
127,62037.953821,336847
128,62037.953821,339501
129,62037.953821,342156
130,62037.953821,344810
131,62037.953821,347458
132,62037.953821,350115
133,62037.953821,352774
134,62037.953821,355429
135,62037.953821,358084
136,62037.953821,360736
137,62037.953821,363390
138,62037.953821,366047
139,62037.953821,368703
140,62037.953821,371361
141,62037.953821,374017
142,62037.953821,376672
143,62037.953821,379327
144,62037.953821,381984
145,62037.953821,384643
146,62037.953821,387300
147,62037.953821,389958
148,62037.953821,392615
149,62037.953821,395271
150,62037.953821,397928
151,62037.953821,400586
152,62037.953821,403242
153,62037.953821,405897
154,62037.953821,408548
155,62037.953821,411201
156,62037.953821,413857
157,62037.953821,416513
158,62037.953821,419163
159,62037.953821,421817
160,62037.953821,424469
161,62037.953821,427121
162,62037.953821,429778
163,62037.953821,432433
164,62037.953821,435089
165,62037.953821,437744
166,62037.953821,440397
167,62037.953821,443053
168,62037.953821,445709
169,62037.953821,448368
170,62037.953821,451020
171,62037.953821,453673
172,62037.953821,456325
173,62037.953821,458980
174,62037.953821,461635
175,62037.953821,464289
176,62037.953821,466943
177,62037.953821,469598
178,62037.953821,472251
179,62037.953821,474907
180,62037.953821,477565
181,62037.953821,480220
182,62037.953821,482876
183,62037.953821,485530
184,62037.953821,488181
185,62037.953821,490835
186,62037.953821,493492
187,62037.953821,496141
188,62037.953821,498798
189,62037.953821,501457
190,62037.953821,504109
191,62037.953821,506766
192,62037.953821,509420
193,62037.953821,512074
194,62037.953821,514727
195,62037.953821,517384
196,62037.953821,520037
197,62037.953821,522693
198,62037.953821,525350
199,62037.953821,528001
200,62037.953821,530652
201,62037.953821,533309
202,62037.953821,535961
203,62037.953821,538616
204,62037.953821,541271
205,62037.953821,543927
206,62037.953821,546580
207,62037.953821,549232
208,62037.953821,551889
209,62037.953821,554544
210,62037.953821,557193
211,62037.953821,559850
212,62037.953821,562505
213,62037.953821,565163
214,62037.953821,567815
215,62037.953821,570469
216,62037.953821,573126
217,62037.953821,575779
218,62037.953821,578433
219,62037.953821,581091
220,62037.953821,583741
221,62037.953821,586390
222,62037.953821,589041
223,62037.953821,591692
224,62037.953821,594342
225,62037.953821,596997
226,62037.953821,599650
227,62037.953821,602302
228,62037.953821,604953
229,62037.953821,607599
230,62037.953821,610252
231,62037.953821,612907
232,62037.953821,615564
233,62037.953821,618219
234,62037.953821,620870
235,62037.953821,623527
236,62037.953821,626183
237,62037.953821,628837
238,62037.953821,631495
239,62037.953821,634145
240,62037.953821,636798
241,62037.953821,639450
242,62037.953821,642094
243,62037.953821,644746
244,62037.953821,647399
245,62037.953821,650053
246,62037.953821,652706
247,62037.953821,655362
248,62037.953821,658019
249,62037.953821,660676
250,62037.953821,663332
251,62037.953821,665989
252,62037.953821,668646
253,62037.953821,671301
254,62037.953821,673958
255,62037.953821,676615
256,62037.953821,679273
257,62037.953821,681930
258,62037.953821,684581
259,62037.953821,687236
260,62037.403827,689883
261,62037.403827,692536
262,62037.403827,695191
263,62037.403827,697842
264,62037.403827,700489
265,62037.403827,703148
266,62037.403827,705803
267,62037.403827,708454
268,62037.403827,711106
269,62037.403827,713761
270,62037.403827,716417
271,62037.403827,719070
272,62037.403827,721718
273,62037.403827,724370
274,62037.403827,727028
275,62037.403827,729683
276,62037.403827,732338
277,62037.403827,734993
278,62037.403827,737646
279,62037.403827,740302
280,62037.403827,742954
281,62037.403827,745610
282,62037.403827,748266
283,62037.403827,750922
284,62037.403827,753576
285,62037.403827,756233
286,62037.403827,758888
287,62037.403827,761545
288,62037.403827,764202
289,62037.403827,766859
290,62037.403827,769516
291,62037.403827,772170
292,62037.403827,774824
293,62037.403827,777478
294,62037.403827,780130
295,62037.403827,782782
296,62037.403827,785440
297,62037.403827,788096
298,62037.403827,790751
299,62037.403827,793407
300,62037.403827,796061
301,62037.403827,798716
302,62037.403827,801366
303,62037.403827,804022
304,62037.403827,806669
305,62037.403827,809326
62037.403827,4.489936
