1,18683.692049,2376
2,18565.649748,5039
3,18366.002636,7699
4,18074.417445,10345
5,17925.073813,12989
6,17833.941516,15630
7,17748.893227,18268
8,17720.879692,20924
9,17656.524351,23583
10,17641.582186,26242
11,17629.937474,28900
12,17626.190361,31556
13,17623.312978,34211
14,17623.312978,36868
15,17622.367967,39525
16,17618.534426,42182
17,17618.534426,44840
18,17617.462195,47498
19,17617.337479,50158
20,17616.325244,52818
21,17616.325244,55476
22,17616.221090,58136
23,17616.221090,60797
24,17613.645453,63459
25,17613.645453,66122
26,17612.080516,68785
27,17612.080516,71448
28,17612.080516,74112
29,17612.080516,76776
30,17612.080516,79440
31,17612.080516,82105
32,17612.080516,84770
33,17611.656347,87435
34,17611.656347,90100
35,17611.514953,92765
36,17606.296524,95430
37,17606.296524,98095
38,17606.277258,100760
39,17606.277258,103425
40,17606.277258,106090
41,17606.277258,108755
42,17606.277258,111420
43,17606.277258,114085
44,17606.277258,116750
45,17605.378445,119415
46,17605.378445,122080
47,17605.378445,124745
48,17605.378445,127410
49,17605.378445,130075
50,17605.378445,132740
51,17605.378445,135405
52,17605.378445,138070
53,17605.378445,140735
54,17605.378445,143400
55,17604.563890,146065
56,17604.563890,148730
57,17604.563890,151395
58,17604.563890,154060
59,17604.563890,156725
60,17604.563890,159390
61,17604.563890,162055
62,17604.563890,164720
63,17604.563890,167385
64,17604.563890,170050
65,17604.563890,172715
66,17599.153156,175380
67,17599.153156,178045
68,17599.153156,180710
69,17599.153156,183375
70,17599.153156,186040
71,17599.153156,188705
72,17599.153156,191370
73,17599.153156,194035
74,17599.153156,196700
75,17599.153156,199365
76,17599.153156,202030
77,17599.153156,204695
78,17599.153156,207360
79,17599.153156,210025
80,17599.153156,212690
81,17599.153156,215355
82,17599.153156,218020
83,17599.153156,220685
84,17599.153156,223350
85,17599.153156,226015
86,17599.153156,228680
87,17599.153156,231345
88,17598.141110,234010
89,17598.141110,236675
90,17598.141110,239340
91,17598.141110,242005
92,17598.141110,244670
93,17598.141110,247335
94,17598.141110,250000
95,17598.141110,252665
96,17598.141110,255330
97,17598.141110,257995
98,17598.141110,260660
99,17598.141110,263325
100,17598.141110,265990
101,17598.141110,268655
102,17598.141110,271320
103,17598.141110,273985
104,17598.141110,276650
105,17598.141110,279315
106,17598.141110,281980
107,17598.141110,284645
108,17598.141110,287310
109,17598.141110,289975
110,17598.141110,292640
111,17598.141110,295305
112,17598.141110,297970
113,17598.141110,300635
114,17598.141110,303300
115,17598.141110,305965
116,17598.141110,308630
117,17598.141110,311295
118,17598.141110,313960
119,17598.141110,316625
120,17598.141110,319290
121,17598.141110,321955
122,17598.141110,324620
123,17594.792731,327285
124,17594.792731,329950
125,17594.792731,332615
126,17594.792731,335279
127,17594.792731,337944
128,17594.792731,340609
129,17594.792731,343274
130,17594.792731,345939
131,17594.792731,348604
132,17594.792731,351269
133,17594.792731,353934
134,17594.792731,356599
135,17594.792731,359264
136,17594.792731,361929
137,17594.792731,364594
138,17594.792731,367259
139,17594.792731,369924
140,17594.792731,372589
141,17594.792731,375254
142,17594.792731,377919
143,17594.792731,380584
144,17594.792731,383249
145,17594.792731,385914
146,17594.792731,388579
147,17594.792731,391244
148,17594.792731,393909
149,17594.792731,396574
150,17594.792731,399239
151,17594.792731,401904
152,17594.792731,404569
153,17594.792731,407234
154,17594.792731,409899
155,17594.792731,412564
156,17594.792731,415229
157,17594.792731,417894
158,17594.792731,420559
159,17594.792731,423224
160,17594.792731,425889
161,17594.792731,428554
162,17594.792731,431219
163,17594.792731,433884
164,17594.792731,436549
165,17594.792731,439214
166,17594.792731,441879
167,17594.792731,444544
168,17594.792731,447209
169,17594.792731,449874
170,17594.792731,452539
171,17594.792731,455204
172,17594.792731,457869
173,17594.792731,460534
174,17594.792731,463199
175,17594.792731,465864
176,17594.792731,468529
177,17594.792731,471194
178,17594.792731,473859
179,17594.792731,476524
180,17594.792731,479189
181,17594.792731,481854
182,17594.792731,484519
183,17594.792731,487184
184,17594.792731,489849
185,17594.792731,492514
186,17594.792731,495179
187,17594.792731,497844
188,17594.792731,500509
189,17594.792731,503174
190,17594.792731,505839
191,17594.792731,508504
192,17594.792731,511169
193,17594.792731,513834
194,17594.792731,516499
195,17594.792731,519164
196,17594.792731,521829
197,17594.792731,524494
198,17594.792731,527159
199,17594.792731,529824
200,17594.792731,532489
201,17594.792731,535154
202,17594.792731,537819
203,17594.792731,540484
204,17594.792731,543149
205,17594.792731,545814
206,17594.792731,548479
207,17594.792731,551144
208,17594.792731,553809
209,17594.792731,556474
210,17594.792731,559139
211,17594.792731,561804
212,17594.792731,564469
213,17594.792731,567134
214,17594.792731,569799
215,17594.792731,572464
216,17594.792731,575129
217,17594.792731,577794
218,17594.792731,580459
219,17594.792731,583124
220,17594.792731,585789
221,17594.792731,588454
222,17594.792731,591119
223,17594.792731,593784
224,17594.792731,596449
225,17594.792731,599114
226,17594.792731,601779
227,17594.792731,604444
228,17594.792731,607109
229,17594.792731,609774
230,17594.792731,612439
231,17594.792731,615104
232,17594.792731,617769
233,17594.792731,620434
234,17594.792731,623099
235,17594.792731,625764
236,17594.792731,628429
237,17594.792731,631094
238,17594.792731,633759
239,17594.792731,636424
240,17594.792731,639089
241,17594.792731,641754
242,17594.792731,644419
243,17594.792731,647084
244,17594.792731,649749
245,17594.792731,652414
246,17594.792731,655079
247,17594.792731,657744
248,17594.792731,660409
249,17594.792731,663074
250,17594.792731,665739
251,17594.792731,668404
252,17594.792731,671069
253,17594.792731,673734
254,17594.792731,676399
255,17594.792731,679064
256,17594.792731,681729
257,17594.792731,684394
258,17594.792731,687059
259,17594.792731,689724
260,17594.792731,692389
261,17594.792731,695054
262,17594.792731,697719
263,17594.792731,700384
264,17594.792731,703049
265,17594.792731,705714
266,17594.792731,708379
267,17594.792731,711044
268,17594.792731,713709
269,17594.792731,716374
270,17594.792731,719039
271,17594.792731,721704
272,17594.792731,724369
273,17594.792731,727034
274,17594.792731,729699
275,17594.792731,732364
276,17594.792731,735029
277,17594.792731,737694
278,17594.792731,740359
279,17594.792731,743024
280,17594.792731,745689
281,17594.792731,748354
282,17594.792731,751019
283,17594.792731,753684
284,17594.792731,756349
285,17594.792731,759014
286,17594.792731,761679
287,17594.792731,764344
288,17594.792731,767009
289,17594.792731,769674
290,17594.792731,772339
291,17594.792731,775004
292,17594.792731,777669
293,17594.792731,780334
294,17594.792731,782999
295,17594.792731,785664
296,17594.792731,788329
297,17594.792731,790994
298,17594.792731,793659
299,17594.792731,796324
300,17594.792731,798989
301,17594.792731,801654
302,17594.792731,804319
303,17594.792731,806984
304,17594.792731,809649
305,17594.792731,812314
306,17594.792731,814979
307,17594.792731,817644
17594.792731,82.587116
1,18677.711113,2376
2,18405.166177,5014
3,18212.586143,7652
4,18029.950928,10284
5,17892.816633,12905
6,17803.923087,15524
7,17724.535410,18142
8,17719.251610,20766
9,17705.720581,23397
10,17696.484623,26031
11,17696.484623,28663
12,17688.530157,31296
13,17688.530157,33928
14,17675.602578,36562
15,17627.359229,39193
16,17625.393894,41826
17,17625.393894,44459
18,17620.083641,47093
19,17609.621229,49729
20,17608.090957,52364
21,17608.090957,55001
22,17608.090957,57639
23,17606.689775,60277
24,17606.145445,62916
25,17602.948502,65555
26,17598.546004,68194
27,17598.546004,70833
28,17598.546004,73473
29,17597.660433,76113
30,17597.660433,78753
31,17597.660433,81393
32,17597.093528,84033
33,17597.093528,86672
34,17597.093528,89311
35,17597.093528,91951
36,17597.093528,94591
37,17597.093528,97231
38,17597.093528,99871
39,17594.986892,102511
40,17594.986892,105151
41,17594.702683,107791
42,17593.833065,110431
43,17593.833065,113071
44,17591.662861,115711
45,17591.662861,118351
46,17591.662861,120991
47,17591.662861,123631
48,17591.662861,126271
49,17591.662861,128911
50,17591.662861,131551
51,17591.662861,134191
52,17591.662861,136831
53,17591.662861,139471
54,17591.662861,142111
55,17591.662861,144751
56,17591.662861,147391
57,17591.662861,150031
58,17591.358248,152671
59,17591.358248,155311
60,17591.358248,157951
61,17591.358248,160591
62,17591.358248,163231
63,17590.888404,165871
64,17590.888404,168511
65,17590.888404,171151
66,17590.888404,173791
67,17590.888404,176431
68,17590.888404,179071
69,17590.888404,181711
70,17590.888404,184351
71,17590.888404,186991
72,17590.888404,189631
73,17590.888404,192271
74,17590.888404,194911
75,17590.888404,197551
76,17590.888404,200191
77,17590.888404,202831
78,17590.888404,205471
79,17590.888404,208111
80,17590.888404,210751
81,17590.888404,213391
82,17590.888404,216031
83,17590.888404,218671
84,17590.888404,221311
85,17590.888404,223951
86,17590.888404,226591
87,17590.888404,229231
88,17590.888404,231871
89,17590.888404,234511
90,17590.888404,237151
91,17590.888404,239791
92,17590.888404,242431
93,17590.888404,245071
94,17590.888404,247711
95,17590.888404,250351
96,17590.888404,252991
97,17590.888404,255631
98,17590.888404,258271
99,17590.888404,260911
100,17590.888404,263551
101,17590.888404,266191
102,17590.888404,268831
103,17590.888404,271471
104,17590.888404,274111
105,17590.888404,276751
106,17590.888404,279391
107,17590.888404,282031
108,17590.888404,284671
109,17590.888404,287311
110,17590.888404,289951
111,17590.888404,292591
112,17590.888404,295231
113,17590.888404,297871
114,17590.888404,300511
115,17590.888404,303151
116,17590.888404,305791
117,17590.888404,308431
118,17590.888404,311071
119,17590.888404,313711
120,17590.888404,316351
121,17590.888404,318991
122,17590.888404,321631
123,17590.888404,324271
124,17590.888404,326911
125,17590.888404,329551
126,17590.888404,332191
127,17590.888404,334831
128,17590.888404,337471
129,17590.888404,340111
130,17590.888404,342751
131,17590.888404,345391
132,17590.888404,348031
133,17590.888404,350671
134,17590.888404,353311
135,17590.888404,355951
136,17590.888404,358591
137,17590.888404,361231
138,17590.888404,363871
139,17590.888404,366511
140,17590.888404,369151
141,17590.888404,371791
142,17590.888404,374431
143,17590.888404,377071
144,17590.888404,379711
145,17590.888404,382351
146,17590.888404,384991
147,17590.888404,387631
148,17590.888404,390271
149,17590.888404,392911
150,17590.888404,395551
151,17590.888404,398191
152,17590.888404,400831
153,17590.888404,403471
154,17590.888404,406111
155,17590.888404,408751
156,17590.888404,411391
157,17590.888404,414031
158,17590.888404,416671
159,17590.888404,419311
160,17590.888404,421951
161,17590.888404,424591
162,17590.888404,427231
163,17590.888404,429871
164,17590.888404,432511
165,17590.888404,435151
166,17590.888404,437791
167,17590.888404,440431
168,17590.888404,443071
169,17590.888404,445711
170,17590.888404,448351
171,17590.888404,450991
172,17590.888404,453631
173,17590.888404,456271
174,17590.888404,458911
175,17590.888404,461551
176,17590.888404,464191
177,17590.888404,466831
178,17590.888404,469471
179,17590.888404,472111
180,17590.888404,474751
181,17590.888404,477391
182,17590.888404,480031
183,17590.888404,482671
184,17590.888404,485311
185,17590.888404,487951
186,17590.888404,490591
187,17590.888404,493231
188,17590.888404,495871
189,17590.888404,498511
190,17590.888404,501151
191,17590.888404,503791
192,17590.888404,506431
193,17590.888404,509071
194,17590.888404,511711
195,17590.888404,514351
196,17590.888404,516991
197,17590.888404,519631
198,17590.888404,522271
199,17590.888404,524911
200,17590.888404,527551
201,17590.888404,530191
202,17590.888404,532831
203,17590.888404,535471
204,17590.888404,538111
205,17590.888404,540751
206,17590.888404,543391
207,17590.888404,546031
208,17590.888404,548671
209,17590.888404,551311
210,17590.888404,553951
211,17590.888404,556591
212,17590.888404,559231
213,17590.888404,561871
214,17590.888404,564511
215,17590.888404,567151
216,17590.888404,569791
217,17590.888404,572431
218,17590.888404,575071
219,17590.888404,577711
220,17590.888404,580351
221,17590.888404,582991
222,17590.888404,585631
223,17590.888404,588271
224,17590.888404,590911
225,17590.888404,593551
226,17590.888404,596191
227,17590.888404,598831
228,17590.888404,601471
229,17590.888404,604111
230,17590.888404,606751
231,17590.888404,609391
232,17590.888404,612031
233,17590.888404,614671
234,17590.888404,617311
235,17590.888404,619951
236,17590.888404,622591
237,17590.888404,625231
238,17590.888404,627871
239,17590.888404,630511
240,17590.888404,633151
241,17590.888404,635791
242,17590.888404,638431
243,17590.888404,641071
244,17590.888404,643711
245,17590.888404,646351
246,17590.888404,648991
247,17590.888404,651631
248,17590.888404,654271
249,17590.888404,656911
250,17590.888404,659551
251,17590.888404,662191
252,17590.888404,664831
253,17590.888404,667471
254,17590.888404,670111
255,17590.888404,672751
256,17590.888404,675391
257,17590.888404,678031
258,17590.888404,680671
259,17590.888404,683311
260,17590.888404,685951
261,17590.888404,688591
262,17590.888404,691231
263,17590.888404,693871
264,17590.888404,696511
265,17590.888404,699151
266,17590.888404,701791
267,17590.888404,704431
268,17590.888404,707071
269,17590.888404,709711
270,17590.888404,712351
271,17590.888404,714991
272,17590.888404,717631
273,17590.888404,720271
274,17590.888404,722911
275,17590.888404,725551
276,17590.888404,728191
277,17590.888404,730831
278,17590.888404,733471
279,17590.888404,736111
280,17590.888404,738751
281,17590.888404,741391
282,17590.888404,744031
283,17590.888404,746671
284,17590.888404,749311
285,17590.888404,751951
286,17590.888404,754591
287,17590.888404,757231
288,17590.888404,759871
289,17590.888404,762511
290,17590.888404,765151
291,17590.888404,767791
292,17590.888404,770431
293,17590.888404,773071
294,17590.888404,775711
295,17590.888404,778351
296,17590.888404,780991
297,17590.888404,783631
298,17590.888404,786271
299,17590.888404,788911
300,17590.888404,791551
301,17590.888404,794191
302,17590.888404,796831
303,17590.888404,799471
304,17590.888404,802111
305,17590.888404,804751
306,17590.888404,807391
307,17590.888404,810031
308,17590.888404,812671
309,17590.888404,815311
310,17590.888404,817951
17590.888404,83.637893
1,18716.494940,2376
2,18396.552484,5035
3,18226.546791,7689
4,18077.048765,10338
5,17857.746088,12978
6,17780.520252,15614
7,17742.733836,18253
8,17715.650137,20900
9,17690.045022,23551
10,17642.828812,26205
11,17641.698695,28859
12,17634.974642,31508
13,17634.974642,34163
14,17634.974642,36815
15,17630.200985,39470
16,17630.200985,42124
17,17630.200985,44779
18,17627.877374,47434
19,17626.675646,50091
20,17623.634519,52749
21,17618.548109,55406
22,17618.548109,58064
23,17613.231366,60723
24,17612.753613,63383
25,17612.753613,66044
26,17612.753613,68703
27,17606.295737,71364
28,17606.295737,74023
29,17606.295737,76683
30,17606.295737,79344
31,17603.804035,82005
32,17603.804035,84662
33,17603.804035,87322
34,17603.804035,89983
35,17600.782785,92641
36,17600.782785,95302
37,17600.782785,97962
38,17600.782785,100622
39,17600.782785,103283
40,17600.782785,105943
41,17600.782785,108604
42,17598.949457,111263
43,17598.949457,113921
44,17598.949457,116581
45,17598.949457,119240
46,17598.949457,121901
47,17598.949457,124561
48,17598.949457,127222
49,17598.949457,129881
50,17597.385686,132541
51,17597.385686,135202
52,17597.385686,137863
53,17597.385686,140524
54,17597.385686,143184
55,17597.385686,145845
56,17597.296130,148505
57,17597.296130,151165
58,17596.956544,153826
59,17596.256729,156487
60,17596.256729,159148
61,17596.256729,161809
62,17596.256729,164470
63,17596.256729,167130
64,17596.256729,169790
65,17596.256729,172450
66,17596.256729,175110
67,17596.256729,177769
68,17596.256729,180430
69,17596.256729,183091
70,17596.256729,185752
71,17596.256729,188413
72,17596.256729,191074
73,17596.256729,193734
74,17596.256729,196395
75,17596.256729,199056
76,17596.256729,201717
77,17596.256729,204378
78,17596.256729,207039
79,17594.699451,209700
80,17594.699451,212361
81,17594.699451,215022
82,17594.699451,217683
83,17594.699451,220344
84,17594.699451,223005
85,17594.699451,225666
86,17594.699451,228327
87,17594.699451,230988
88,17594.699451,233649
89,17594.699451,236310
90,17594.699451,238971
91,17594.699451,241632
92,17594.699451,244293
93,17594.699451,246954
94,17594.699451,249615
95,17594.699451,252276
96,17594.699451,254937
97,17594.699451,257598
98,17594.699451,260259
99,17594.699451,262920
100,17594.699451,265581
101,17594.699451,268242
102,17594.699451,270903
103,17594.699451,273564
104,17594.699451,276225
105,17594.699451,278886
106,17594.699451,281547
107,17594.699451,284208
108,17594.699451,286869
109,17594.699451,289530
110,17594.699451,292191
111,17594.699451,294852
112,17594.699451,297513
113,17594.699451,300174
114,17594.699451,302835
115,17594.699451,305496
116,17594.699451,308157
117,17594.699451,310818
118,17594.699451,313479
119,17594.699451,316140
120,17594.699451,318801
121,17594.699451,321462
122,17594.699451,324123
123,17594.699451,326784
124,17594.699451,329445
125,17594.699451,332106
126,17594.699451,334767
127,17594.699451,337428
128,17594.699451,340089
129,17594.699451,342750
130,17594.699451,345411
131,17594.699451,348072
132,17594.699451,350733
133,17594.699451,353394
134,17594.699451,356055
135,17594.699451,358716
136,17594.699451,361377
137,17594.699451,364038
138,17594.699451,366699
139,17594.699451,369360
140,17594.699451,372021
141,17594.699451,374682
142,17594.699451,377343
143,17594.699451,380004
144,17594.699451,382665
145,17594.699451,385326
146,17594.699451,387987
147,17594.699451,390648
148,17594.699451,393309
149,17594.699451,395970
150,17594.699451,398631
151,17594.699451,401292
152,17594.699451,403953
153,17594.699451,406614
154,17594.699451,409275
155,17594.699451,411936
156,17594.699451,414597
157,17594.699451,417258
158,17594.699451,419919
159,17594.699451,422580
160,17594.699451,425241
161,17594.699451,427902
162,17594.699451,430563
163,17594.699451,433224
164,17594.699451,435885
165,17594.699451,438546
166,17594.699451,441207
167,17594.699451,443868
168,17594.699451,446529
169,17594.699451,449190
170,17594.699451,451851
171,17594.699451,454512
172,17594.699451,457173
173,17594.699451,459834
174,17594.699451,462495
175,17594.699451,465156
176,17594.699451,467817
177,17594.699451,470478
178,17594.699451,473139
179,17594.699451,475800
180,17594.699451,478461
181,17594.699451,481122
182,17594.699451,483783
183,17594.699451,486444
184,17594.699451,489105
185,17594.699451,491766
186,17594.699451,494427
187,17594.699451,497088
188,17594.699451,499749
189,17594.699451,502410
190,17594.699451,505071
191,17594.699451,507732
192,17594.699451,510393
193,17594.699451,513054
194,17594.699451,515715
195,17594.699451,518376
196,17594.699451,521037
197,17594.699451,523698
198,17594.699451,526359
199,17594.699451,529020
200,17594.699451,531681
201,17594.699451,534342
202,17594.699451,537003
203,17594.699451,539664
204,17594.699451,542325
205,17594.699451,544986
206,17594.699451,547647
207,17594.699451,550308
208,17594.699451,552969
209,17594.345205,555630
210,17594.345205,558291
211,17594.345205,560952
212,17594.345205,563613
213,17594.345205,566274
214,17594.345205,568935
215,17594.345205,571596
216,17594.345205,574257
217,17594.345205,576918
218,17594.345205,579579
219,17594.345205,582240
220,17594.345205,584901
221,17594.345205,587562
222,17594.345205,590223
223,17594.345205,592884
224,17594.345205,595545
225,17594.345205,598206
226,17594.345205,600867
227,17594.345205,603528
228,17594.345205,606189
229,17594.345205,608850
230,17594.345205,611511
231,17594.345205,614172
232,17594.345205,616833
233,17594.345205,619494
234,17594.345205,622155
235,17592.136305,624816
236,17592.136305,627477
237,17592.136305,630138
238,17592.136305,632799
239,17592.136305,635460
240,17592.136305,638121
241,17592.136305,640782
242,17592.136305,643443
243,17592.136305,646104
244,17592.136305,648765
245,17592.136305,651426
246,17592.136305,654087
247,17592.136305,656748
248,17592.136305,659409
249,17592.136305,662070
250,17592.136305,664731
251,17591.534311,667392
252,17591.534311,670053
253,17591.534311,672714
254,17591.534311,675375
255,17591.534311,678036
256,17591.534311,680697
257,17591.534311,683358
258,17591.534311,686019
259,17591.534311,688680
260,17591.534311,691341
261,17591.534311,694002
262,17591.534311,696663
263,17591.534311,699324
264,17591.534311,701985
265,17591.534311,704646
266,17591.534311,707307
267,17591.534311,709968
268,17591.534311,712629
269,17591.534311,715290
270,17591.534311,717951
271,17591.534311,720612
272,17591.534311,723273
273,17591.534311,725934
274,17591.534311,728595
275,17591.534311,731256
276,17591.534311,733917
277,17591.534311,736578
278,17591.534311,739239
279,17591.534311,741900
280,17591.534311,744561
281,17591.534311,747222
282,17591.534311,749883
283,17591.534311,752544
284,17591.534311,755205
285,17591.534311,757866
286,17591.534311,760527
287,17591.534311,763188
288,17591.534311,765849
289,17591.534311,768510
290,17591.534311,771171
291,17591.534311,773832
292,17591.534311,776493
293,17591.534311,779154
294,17591.534311,781815
295,17591.534311,784476
296,17591.534311,787137
297,17591.534311,789798
298,17591.534311,792459
299,17591.534311,795120
300,17591.534311,797781
301,17591.534311,800442
302,17591.534311,803103
303,17591.534311,805764
304,17591.534311,808425
305,17591.534311,811086
306,17591.534311,813747
307,17591.534311,816408
308,17591.534311,819069
17591.534311,83.877965
1,18697.792343,2376
2,18376.877173,5030
3,18179.995387,7677
4,18028.327212,10312
5,17911.904168,12947
6,17818.171736,15582
7,17719.539819,18214
8,17716.275849,20865
9,17709.645073,23508
10,17694.735232,26158
11,17694.313347,28813
12,17672.975374,31467
13,17666.408210,34121
14,17666.044738,36776
15,17646.411561,39429
16,17644.178181,42082
17,17635.624872,44735
18,17627.901625,47387
19,17623.398130,50039
20,17621.422438,52693
21,17619.870160,55347
22,17619.870160,58001
23,17618.576245,60657
24,17618.576245,63315
25,17618.576245,65973
26,17614.772075,68631
27,17614.772075,71289
28,17611.700750,73945
29,17611.700750,76602
30,17611.700750,79259
31,17611.700750,81916
32,17611.700750,84572
33,17609.585905,87229
34,17609.585905,89886
35,17606.846858,92543
36,17606.846858,95200
37,17606.846858,97857
38,17606.846858,100514
39,17606.846858,103171
40,17605.755487,105828
41,17605.755487,108484
42,17605.755487,111140
43,17604.535543,113796
44,17604.535543,116453
45,17604.535543,119111
46,17604.535543,121769
47,17604.535543,124427
48,17604.535543,127085
49,17604.535543,129743
50,17603.792014,132401
51,17603.792014,135059
52,17603.792014,137717
53,17603.792014,140375
54,17603.792014,143033
55,17603.792014,145691
56,17603.792014,148349
57,17603.792014,151007
58,17603.792014,153665
59,17603.792014,156323
60,17603.792014,158981
61,17603.792014,161639
62,17603.792014,164297
63,17603.792014,166955
64,17603.792014,169613
65,17603.792014,172271
66,17603.792014,174929
67,17603.792014,177587
68,17603.792014,180245
69,17603.792014,182903
70,17603.792014,185561
71,17603.792014,188219
72,17603.792014,190877
73,17603.792014,193535
74,17603.792014,196193
75,17603.792014,198851
76,17603.792014,201509
77,17603.792014,204167
78,17603.792014,206825
79,17603.792014,209483
80,17603.792014,212141
81,17603.792014,214799
82,17603.792014,217457
83,17603.792014,220115
84,17603.792014,222773
85,17603.792014,225431
86,17603.792014,228089
87,17603.792014,230747
88,17603.792014,233405
89,17603.792014,236063
90,17603.792014,238721
91,17603.792014,241379
92,17603.792014,244037
93,17603.792014,246695
94,17603.792014,249353
95,17603.792014,252011
96,17603.792014,254669
97,17603.792014,257327
98,17603.792014,259985
99,17603.792014,262643
100,17603.792014,265301
101,17603.792014,267959
102,17603.792014,270617
103,17603.792014,273275
104,17603.792014,275933
105,17603.792014,278591
106,17603.792014,281249
107,17603.792014,283907
108,17603.792014,286565
109,17603.792014,289223
110,17603.792014,291881
111,17603.792014,294539
112,17603.792014,297197
113,17603.792014,299855
114,17603.792014,302513
115,17603.792014,305171
116,17603.792014,307829
117,17603.792014,310487
118,17603.792014,313145
119,17603.792014,315803
120,17603.792014,318461
121,17603.792014,321119
122,17603.792014,323777
123,17603.792014,326435
124,17603.792014,329093
125,17603.792014,331751
126,17603.792014,334409
127,17603.792014,337067
128,17603.792014,339725
129,17603.792014,342383
130,17603.792014,345041
131,17603.792014,347699
132,17603.792014,350357
133,17603.792014,353015
134,17603.792014,355673
135,17603.792014,358331
136,17603.792014,360989
137,17603.792014,363647
138,17603.792014,366305
139,17603.792014,368963
140,17603.792014,371621
141,17603.792014,374279
142,17603.792014,376937
143,17602.863614,379595
144,17602.863614,382253
145,17602.863614,384911
146,17602.863614,387569
147,17602.863614,390227
148,17602.863614,392885
149,17602.863614,395543
150,17602.492150,398201
151,17602.492150,400859
152,17602.492150,403517
153,17602.492150,406175
154,17602.492150,408833
155,17602.492150,411491
156,17602.492150,414149
157,17602.492150,416807
158,17602.492150,419465
159,17602.492150,422123
160,17602.492150,424781
161,17602.492150,427439
162,17602.492150,430097
163,17602.492150,432755
164,17602.492150,435413
165,17602.492150,438071
166,17602.492150,440729
167,17602.492150,443387
168,17602.492150,446045
169,17602.492150,448703
170,17602.492150,451361
171,17599.711044,454019
172,17599.711044,456677
173,17599.711044,459335
174,17599.711044,461993
175,17599.711044,464651
176,17599.711044,467309
177,17599.711044,469967
178,17599.711044,472625
179,17599.711044,475283
180,17599.711044,477941
181,17599.711044,480599
182,17599.711044,483257
183,17599.711044,485915
184,17599.711044,488573
185,17599.711044,491231
186,17599.711044,493889
187,17599.711044,496547
188,17599.711044,499205
189,17599.711044,501863
190,17599.711044,504521
191,17599.711044,507179
192,17599.711044,509837
193,17599.711044,512495
194,17599.711044,515153
195,17599.711044,517811
196,17599.711044,520469
197,17599.711044,523127
198,17599.711044,525785
199,17599.711044,528443
200,17599.711044,531101
201,17599.711044,533759
202,17599.711044,536417
203,17599.711044,539075
204,17599.711044,541733
205,17599.711044,544391
206,17599.711044,547049
207,17599.711044,549707
208,17599.711044,552365
209,17599.711044,555023
210,17599.711044,557681
211,17599.711044,560339
212,17599.711044,562997
213,17599.711044,565655
214,17599.711044,568313
215,17599.711044,570971
216,17599.711044,573629
217,17599.711044,576287
218,17599.711044,578945
219,17599.711044,581603
220,17599.711044,584261
221,17599.711044,586919
222,17599.711044,589577
223,17599.711044,592235
224,17599.711044,594893
225,17599.711044,597551
226,17599.711044,600209
227,17599.711044,602867
228,17599.711044,605525
229,17599.711044,608183
230,17599.711044,610841
231,17599.711044,613499
232,17599.711044,616157
233,17599.711044,618815
234,17599.711044,621473
235,17599.711044,624131
236,17599.711044,626789
237,17599.711044,629447
238,17599.711044,632105
239,17599.711044,634763
240,17599.711044,637421
241,17599.711044,640079
242,17599.711044,642737
243,17599.711044,645395
244,17599.711044,648053
245,17599.711044,650711
246,17599.711044,653369
247,17599.711044,656027
248,17599.711044,658685
249,17599.711044,661343
250,17599.711044,664001
251,17599.711044,666659
252,17599.711044,669317
253,17599.711044,671975
254,17599.711044,674633
255,17599.711044,677291
256,17599.711044,679949
257,17599.711044,682607
258,17599.711044,685265
259,17599.711044,687923
260,17599.711044,690581
261,17599.711044,693239
262,17599.711044,695897
263,17599.711044,698555
264,17599.711044,701213
265,17599.711044,703871
266,17599.711044,706529
267,17599.711044,709187
268,17599.711044,711845
269,17599.711044,714503
270,17599.711044,717161
271,17599.711044,719819
272,17599.711044,722477
273,17599.711044,725135
274,17599.711044,727793
275,17599.711044,730451
276,17599.711044,733109
277,17599.711044,735767
278,17599.711044,738425
279,17599.711044,741083
280,17599.711044,743741
281,17599.711044,746399
282,17599.711044,749057
283,17599.711044,751715
284,17599.711044,754373
285,17599.711044,757031
286,17599.711044,759689
287,17599.711044,762347
288,17599.711044,765005
289,17599.711044,767663
290,17599.711044,770321
291,17599.711044,772979
292,17599.711044,775637
293,17599.711044,778295
294,17599.711044,780953
295,17599.711044,783611
296,17599.711044,786269
297,17599.711044,788927
298,17599.711044,791585
299,17599.711044,794243
300,17599.711044,796901
301,17599.711044,799559
302,17599.711044,802217
303,17599.711044,804875
304,17599.711044,807533
305,17599.711044,810191
306,17599.711044,812849
307,17599.711044,815507
308,17599.711044,818165
17599.711044,83.563461
1,18621.566729,2376
2,18563.965476,4999
3,18205.995754,7620
4,18003.311223,10233
5,17894.727785,12844
6,17819.270902,15450
7,17782.276431,18057
8,17749.315058,20670
9,17728.883854,23288
10,17721.002134,25906
11,17719.183470,28524
12,17686.374997,31145
13,17677.124195,33767
14,17673.613243,36390
15,17657.063824,39012
16,17654.959056,41634
17,17646.750887,44256
18,17644.156400,46877
19,17644.156400,49497
20,17643.435301,52117
21,17643.435301,54737
22,17640.371907,57355
23,17640.371907,59974
24,17640.371907,62593
25,17639.126596,65214
26,17636.396959,67836
27,17633.627420,70459
28,17632.579140,73083
29,17632.579140,75707
30,17630.468949,78331
31,17621.130682,80955
32,17618.351544,83579
33,17618.351544,86203
34,17618.351544,88827
35,17618.351544,91451
36,17618.351544,94075
37,17618.351544,96699
38,17618.351544,99322
39,17618.351544,101944
40,17618.351544,104567
41,17611.364377,107190
42,17611.364377,109814
43,17611.364377,112438
44,17611.364377,115062
45,17608.901354,117686
46,17608.901354,120310
47,17608.901354,122934
48,17608.901354,125558
49,17608.901354,128182
50,17608.901354,130806
51,17608.901354,133430
52,17608.901354,136054
53,17608.901354,138678
54,17608.901354,141302
55,17608.901354,143926
56,17608.901354,146550
57,17607.191568,149173
58,17607.191568,151797
59,17607.191568,154421
60,17607.191568,157045
61,17607.191568,159669
62,17607.191568,162293
63,17606.226285,164917
64,17604.955758,167541
65,17604.955758,170165
66,17604.174398,172789
67,17604.174398,175413
68,17604.174398,178037
69,17604.174398,180661
70,17604.174398,183285
71,17604.174398,185909
72,17604.174398,188533
73,17604.174398,191157
74,17604.174398,193781
75,17604.174398,196405
76,17604.174398,199029
77,17604.174398,201653
78,17604.174398,204277
79,17604.174398,206900
80,17604.174398,209524
81,17604.174398,212148
82,17604.174398,214771
83,17604.174398,217395
84,17604.174398,220019
85,17604.174398,222643
86,17604.174398,225267
87,17604.174398,227891
88,17604.174398,230515
89,17601.967199,233139
90,17601.967199,235763
91,17601.967199,238387
92,17601.967199,241011
93,17601.967199,243635
94,17601.967199,246259
95,17601.967199,248883
96,17601.967199,251507
97,17601.967199,254131
98,17601.967199,256755
99,17601.967199,259379
100,17601.967199,262003
101,17601.967199,264627
102,17601.517420,267251
103,17601.517420,269875
104,17601.517420,272499
105,17601.517420,275123
106,17601.517420,277747
107,17601.517420,280371
108,17601.517420,282995
109,17601.517420,285619
110,17601.517420,288243
111,17601.517420,290867
112,17601.517420,293491
113,17601.517420,296115
114,17601.517420,298739
115,17601.517420,301363
116,17601.517420,303987
117,17601.517420,306611
118,17601.517420,309235
119,17601.517420,311859
120,17600.857628,314483
121,17600.857628,317107
122,17600.857628,319731
123,17600.857628,322355
124,17600.857628,324979
125,17600.857628,327603
126,17600.857628,330227
127,17600.857628,332850
128,17600.857628,335474
129,17600.857628,338098
130,17600.857628,340722
131,17600.857628,343346
132,17600.857628,345970
133,17600.857628,348594
134,17600.857628,351218
135,17600.857628,353842
136,17600.857628,356466
137,17600.857628,359090
138,17600.857628,361714
139,17600.857628,364338
140,17600.857628,366962
141,17600.857628,369586
142,17600.857628,372210
143,17600.857628,374834
144,17600.857628,377458
145,17600.857628,380082
146,17600.857628,382705
147,17600.857628,385329
148,17600.857628,387953
149,17600.857628,390577
150,17600.857628,393201
151,17600.857628,395825
152,17600.857628,398449
153,17600.857628,401073
154,17600.857628,403697
155,17600.857628,406321
156,17600.857628,408945
157,17600.857628,411569
158,17600.857628,414193
159,17600.857628,416817
160,17600.857628,419441
161,17600.857628,422065
162,17600.857628,424689
163,17600.857628,427313
164,17600.857628,429937
165,17600.857628,432561
166,17600.857628,435185
167,17600.857628,437809
168,17600.857628,440433
169,17600.857628,443057
170,17600.857628,445681
171,17599.640379,448305
172,17599.640379,450929
173,17599.640379,453553
174,17599.029654,456177
175,17599.029654,458801
176,17599.029654,461425
177,17597.677047,464049
178,17597.677047,466673
179,17597.677047,469297
180,17597.677047,471921
181,17597.677047,474545
182,17597.677047,477169
183,17597.677047,479793
184,17597.677047,482416
185,17597.677047,485040
186,17597.677047,487664
187,17597.677047,490288
188,17597.677047,492912
189,17597.677047,495536
190,17597.677047,498160
191,17597.677047,500784
192,17597.677047,503408
193,17597.677047,506032
194,17597.677047,508656
195,17597.677047,511280
196,17597.677047,513904
197,17597.677047,516528
198,17597.677047,519152
199,17597.677047,521776
200,17597.677047,524400
201,17596.115463,527024
202,17596.115463,529648
203,17596.115463,532272
204,17596.115463,534896
205,17596.115463,537520
206,17596.115463,540144
207,17595.103479,542768
208,17593.369376,545392
209,17593.369376,548016
210,17593.369376,550640
211,17593.369376,553264
212,17593.369376,555888
213,17593.369376,558512
214,17593.369376,561136
215,17593.369376,563760
216,17593.369376,566384
217,17593.369376,569008
218,17593.369376,571632
219,17593.369376,574256
220,17593.369376,576880
221,17593.369376,579504
222,17593.369376,582128
223,17593.369376,584752
224,17593.369376,587376
225,17593.369376,590000
226,17593.356408,592624
227,17593.356408,595248
228,17593.356408,597872
229,17593.356408,600496
230,17593.356408,603120
231,17593.356408,605744
232,17593.356408,608368
233,17593.356408,610992
234,17593.356408,613616
235,17593.356408,616240
236,17593.356408,618864
237,17593.356408,621488
238,17593.356408,624112
239,17593.356408,626736
240,17593.356408,629360
241,17593.356408,631984
242,17593.356408,634608
243,17593.356408,637232
244,17593.356408,639856
245,17593.356408,642480
246,17593.356408,645104
247,17593.356408,647728
248,17593.356408,650352
249,17593.356408,652976
250,17593.356408,655600
251,17593.356408,658224
252,17593.356408,660848
253,17593.356408,663472
254,17593.356408,666096
255,17593.356408,668720
256,17593.356408,671344
257,17593.356408,673968
258,17593.356408,676592
259,17593.356408,679216
260,17593.356408,681840
261,17593.356408,684464
262,17593.356408,687088
263,17593.356408,689712
264,17593.356408,692336
265,17593.356408,694960
266,17593.356408,697584
267,17593.356408,700208
268,17593.356408,702832
269,17593.356408,705456
270,17593.356408,708080
271,17593.356408,710704
272,17593.356408,713328
273,17593.356408,715952
274,17593.356408,718576
275,17593.356408,721200
276,17593.356408,723824
277,17593.356408,726448
278,17593.356408,729072
279,17593.356408,731696
280,17593.356408,734320
281,17593.356408,736944
282,17593.356408,739568
283,17593.356408,742192
284,17593.356408,744816
285,17593.356408,747440
286,17593.356408,750064
287,17593.356408,752688
288,17593.356408,755312
289,17593.356408,757936
290,17593.356408,760560
291,17593.356408,763184
292,17593.356408,765808
293,17593.356408,768432
294,17593.356408,771056
295,17593.356408,773680
296,17593.356408,776304
297,17593.356408,778928
298,17593.356408,781552
299,17593.356408,784176
300,17593.356408,786800
301,17593.356408,789424
302,17593.356408,792048
303,17593.356408,794672
304,17593.356408,797296
305,17593.356408,799920
306,17593.356408,802544
307,17593.356408,805168
308,17593.356408,807792
309,17593.356408,810416
310,17593.356408,813040
311,17593.356408,815664
312,17593.356408,818288
17593.356408,84.977705
1,18708.812797,2376
2,18439.039378,5021
3,18210.254149,7663
4,18092.603384,10299
5,17899.115045,12928
6,17871.900822,15562
7,17789.755569,18198
8,17770.993450,20832
9,17743.578226,23466
10,17703.123129,26108
11,17693.247648,28749
12,17676.288322,31389
13,17674.904744,34029
14,17632.011403,36670
15,17625.054073,39313
16,17622.644920,41957
17,17621.268427,44599
18,17619.952353,47242
19,17619.952353,49886
20,17618.184286,52530
21,17618.184286,55174
22,17617.008042,57818
23,17616.543509,60463
24,17616.543509,63106
25,17616.543509,65749
26,17616.543509,68394
27,17616.543509,71038
28,17616.543509,73682
29,17615.165639,76327
30,17615.165639,78972
31,17615.165639,81617
32,17615.165639,84263
33,17615.165639,86908
34,17615.165639,89554
35,17610.714424,92199
36,17610.714424,94844
37,17610.714424,97490
38,17610.714424,100135
39,17610.714424,102781
40,17610.714424,105426
41,17610.714424,108069
42,17610.714424,110716
43,17610.714424,113363
44,17607.888331,116009
45,17607.888331,118655
46,17607.207121,121298
47,17607.207121,123944
48,17607.207121,126589
49,17607.207121,129235
50,17607.207121,131879
51,17605.034520,134523
52,17605.034520,137169
53,17605.034520,139815
54,17604.381108,142462
55,17604.381108,145109
56,17604.381108,147756
57,17604.381108,150403
58,17604.381108,153050
59,17604.381108,155697
60,17604.381108,158344
61,17604.381108,160990
62,17604.381108,163636
63,17604.381108,166283
64,17604.381108,168930
65,17604.381108,171577
66,17604.381108,174224
67,17604.381108,176871
68,17604.381108,179517
69,17601.705924,182164
70,17601.705924,184811
71,17601.705924,187458
72,17601.705924,190105
73,17601.705924,192752
74,17601.705924,195399
75,17601.705924,198046
76,17601.705924,200693
77,17601.402203,203340
78,17601.402203,205987
79,17601.402203,208634
80,17601.402203,211281
81,17601.402203,213928
82,17600.139271,216575
83,17600.139271,219222
84,17600.139271,221869
85,17600.139271,224516
86,17600.139271,227163
87,17600.139271,229810
88,17600.139271,232457
89,17597.904781,235104
90,17597.904781,237751
91,17597.904781,240398
92,17597.904781,243045
93,17597.904781,245692
94,17597.904781,248339
95,17597.904781,250986
96,17597.904781,253633
97,17597.904781,256280
98,17597.904781,258927
99,17597.904781,261574
100,17597.904781,264221
101,17597.904781,266868
102,17597.904781,269515
103,17597.904781,272162
104,17597.904781,274809
105,17597.904781,277456
106,17597.904781,280103
107,17597.904781,282750
108,17597.904781,285397
109,17597.904781,288044
110,17597.904781,290691
111,17597.904781,293338
112,17597.904781,295985
113,17597.904781,298632
114,17597.904781,301279
115,17597.904781,303926
116,17597.904781,306573
117,17597.904781,309220
118,17597.904781,311867
119,17597.904781,314514
120,17597.904781,317161
121,17597.679948,319808
122,17597.679948,322455
123,17597.679948,325102
124,17597.679948,327749
125,17597.679948,330396
126,17597.679948,333043
127,17597.679948,335690
128,17597.679948,338337
129,17597.679948,340984
130,17597.679948,343631
131,17597.679948,346278
132,17597.679948,348925
133,17597.679948,351572
134,17597.679948,354219
135,17597.679948,356866
136,17597.679948,359513
137,17597.679948,362160
138,17597.679948,364807
139,17597.679948,367454
140,17593.360536,370101
141,17593.130275,372748
142,17593.130275,375395
143,17593.130275,378042
144,17593.130275,380689
145,17593.130275,383336
146,17593.130275,385983
147,17593.130275,388630
148,17593.130275,391277
149,17593.130275,393924
150,17593.130275,396571
151,17593.130275,399218
152,17593.130275,401865
153,17593.130275,404512
154,17593.130275,407159
155,17593.130275,409806
156,17593.130275,412453
157,17593.130275,415100
158,17593.130275,417747
159,17593.130275,420394
160,17593.130275,423041
161,17593.130275,425688
162,17593.130275,428335
163,17593.130275,430982
164,17593.130275,433629
165,17593.130275,436276
166,17593.130275,438923
167,17593.130275,441570
168,17593.130275,444217
169,17593.130275,446864
170,17593.130275,449511
171,17593.130275,452158
172,17593.130275,454805
173,17593.130275,457452
174,17593.130275,460099
175,17593.130275,462746
176,17593.130275,465393
177,17593.130275,468040
178,17593.130275,470687
179,17593.130275,473334
180,17593.130275,475981
181,17593.130275,478628
182,17593.130275,481275
183,17593.130275,483922
184,17593.130275,486569
185,17593.130275,489216
186,17593.130275,491863
187,17593.130275,494510
188,17593.130275,497157
189,17593.130275,499804
190,17593.130275,502451
191,17593.130275,505098
192,17593.130275,507745
193,17593.130275,510392
194,17593.130275,513039
195,17593.130275,515686
196,17593.130275,518333
197,17593.130275,520980
198,17593.130275,523627
199,17593.130275,526274
200,17593.130275,528921
201,17593.130275,531568
202,17593.130275,534215
203,17593.130275,536862
204,17593.130275,539509
205,17593.130275,542156
206,17593.130275,544803
207,17593.130275,547450
208,17593.130275,550097
209,17593.130275,552744
210,17593.130275,555391
211,17593.130275,558038
212,17593.130275,560685
213,17593.130275,563332
214,17593.130275,565979
215,17593.130275,568626
216,17593.130275,571273
217,17593.130275,573920
218,17593.130275,576567
219,17593.130275,579214
220,17593.130275,581861
221,17593.130275,584508
222,17593.130275,587155
223,17593.130275,589802
224,17593.130275,592449
225,17593.130275,595096
226,17593.130275,597743
227,17593.130275,600390
228,17593.130275,603037
229,17593.130275,605684
230,17593.130275,608331
231,17593.130275,610978
232,17593.130275,613625
233,17593.130275,616272
234,17593.130275,618919
235,17593.130275,621566
236,17593.130275,624213
237,17593.130275,626860
238,17593.130275,629507
239,17593.130275,632154
240,17593.130275,634801
241,17593.130275,637448
242,17593.130275,640095
243,17593.130275,642742
244,17593.130275,645389
245,17593.130275,648036
246,17593.130275,650683
247,17593.130275,653330
248,17593.130275,655977
249,17593.130275,658624
250,17593.130275,661271
251,17593.130275,663918
252,17593.130275,666565
253,17593.130275,669212
254,17593.130275,671859
255,17593.130275,674506
256,17593.130275,677153
257,17593.130275,679800
258,17593.130275,682447
259,17593.130275,685094
260,17593.130275,687741
261,17593.130275,690388
262,17593.130275,693035
263,17593.130275,695682
264,17593.130275,698329
265,17593.130275,700976
266,17593.130275,703623
267,17593.130275,706270
268,17593.130275,708917
269,17593.130275,711564
270,17593.130275,714211
271,17593.130275,716858
272,17593.130275,719505
273,17593.130275,722152
274,17593.130275,724799
275,17593.130275,727446
276,17593.130275,730093
277,17593.130275,732740
278,17593.130275,735387
279,17593.130275,738034
280,17593.130275,740681
281,17593.130275,743328
282,17593.130275,745975
283,17593.130275,748622
284,17593.130275,751269
285,17593.130275,753916
286,17593.130275,756563
287,17593.130275,759210
288,17593.130275,761857
289,17593.130275,764504
290,17593.130275,767151
291,17593.130275,769798
292,17593.130275,772445
293,17593.130275,775092
294,17593.130275,777739
295,17593.130275,780386
296,17593.130275,783033
297,17593.130275,785680
298,17593.130275,788327
299,17593.130275,790974
300,17593.130275,793621
301,17593.130275,796268
302,17593.130275,798915
303,17593.130275,801562
304,17593.130275,804209
305,17593.130275,806856
306,17593.130275,809503
307,17593.130275,812150
308,17593.130275,814797
309,17593.130275,817444
17593.130275,84.116121
1,18646.717144,2376
2,18457.791149,4999
3,18457.791149,7615
4,18044.424401,10227
5,17926.967190,12834
6,17827.317684,15443
7,17784.564116,18051
8,17744.615872,20660
9,17735.508295,23276
10,17719.615510,25895
11,17719.615510,28518
12,17712.401372,31142
13,17701.771886,33765
14,17692.164402,36387
15,17687.616981,39011
16,17680.297189,41635
17,17666.068191,44259
18,17666.068191,46884
19,17655.426734,49507
20,17650.878268,52131
21,17650.878268,54756
22,17650.878268,57381
23,17650.878268,60006
24,17630.691548,62631
25,17615.668248,65255
26,17615.668248,67879
27,17614.741023,70503
28,17614.528070,73126
29,17614.528070,75750
30,17614.528070,78374
31,17614.528070,80999
32,17613.528123,83624
33,17613.528123,86249
34,17613.528123,88874
35,17609.634630,91499
36,17609.634630,94124
37,17605.651792,96749
38,17605.651792,99374
39,17605.651792,101999
40,17605.651792,104624
41,17603.851220,107249
42,17603.703412,109874
43,17603.703412,112499
44,17603.703412,115124
45,17602.942309,117747
46,17602.942309,120370
47,17602.942309,122993
48,17602.942309,125616
49,17602.942309,128240
50,17602.942309,130865
51,17602.942309,133490
52,17602.942309,136115
53,17602.942309,138740
54,17602.942309,141365
55,17602.942309,143990
56,17602.942309,146615
57,17602.942309,149240
58,17602.942309,151865
59,17602.942309,154490
60,17602.942309,157115
61,17602.942309,159740
62,17602.942309,162365
63,17599.639401,164990
64,17599.639401,167615
65,17599.639401,170240
66,17599.639401,172865
67,17599.639401,175490
68,17599.639401,178115
69,17599.639401,180740
70,17599.639401,183365
71,17599.639401,185990
72,17599.639401,188615
73,17599.639401,191240
74,17599.639401,193865
75,17599.639401,196490
76,17599.166383,199115
77,17599.166383,201740
78,17599.166383,204365
79,17599.166383,206990
80,17599.166383,209615
81,17599.166383,212240
82,17599.166383,214865
83,17599.166383,217490
84,17599.166383,220115
85,17599.166383,222740
86,17599.166383,225365
87,17599.166383,227990
88,17599.166383,230615
89,17599.166383,233240
90,17599.166383,235865
91,17599.166383,238490
92,17599.166383,241115
93,17599.166383,243740
94,17599.166383,246365
95,17599.166383,248990
96,17599.166383,251615
97,17599.166383,254240
98,17599.166383,256865
99,17599.166383,259490
100,17599.166383,262115
101,17599.166383,264740
102,17599.166383,267365
103,17599.166383,269990
104,17599.166383,272615
105,17599.166383,275240
106,17599.166383,277865
107,17599.166383,280490
108,17599.166383,283115
109,17599.166383,285740
110,17599.166383,288365
111,17599.166383,290990
112,17599.166383,293615
113,17599.166383,296240
114,17599.166383,298865
115,17599.166383,301490
116,17599.166383,304115
117,17599.166383,306740
118,17599.166383,309365
119,17599.166383,311990
120,17599.166383,314615
121,17599.166383,317240
122,17599.166383,319865
123,17599.166383,322490
124,17599.166383,325115
125,17599.166383,327740
126,17599.166383,330365
127,17599.166383,332990
128,17599.166383,335615
129,17599.166383,338240
130,17596.112473,340865
131,17596.112473,343490
132,17596.112473,346115
133,17596.112473,348740
134,17596.112473,351365
135,17596.112473,353990
136,17596.112473,356615
137,17596.112473,359240
138,17596.112473,361865
139,17596.112473,364490
140,17596.112473,367115
141,17596.112473,369740
142,17596.112473,372365
143,17596.112473,374990
144,17596.112473,377615
145,17596.112473,380240
146,17596.112473,382865
147,17596.112473,385490
148,17596.112473,388115
149,17595.535187,390740
150,17595.535187,393365
151,17595.535187,395990
152,17595.535187,398615
153,17595.535187,401240
154,17595.535187,403865
155,17595.535187,406490
156,17595.535187,409115
157,17595.535187,411740
158,17595.535187,414365
159,17595.535187,416990
160,17595.535187,419615
161,17595.535187,422240
162,17595.535187,424865
163,17595.535187,427490
164,17595.535187,430115
165,17595.535187,432740
166,17595.535187,435365
167,17595.535187,437990
168,17595.535187,440615
169,17595.535187,443240
170,17595.535187,445865
171,17595.535187,448490
172,17595.535187,451115
173,17595.535187,453740
174,17595.535187,456365
175,17595.535187,458990
176,17595.535187,461615
177,17595.535187,464240
178,17595.535187,466865
179,17595.523244,469490
180,17595.523244,472115
181,17595.523244,474740
182,17595.523244,477365
183,17595.523244,479990
184,17595.523244,482615
185,17595.523244,485240
186,17595.523244,487865
187,17595.523244,490490
188,17595.523244,493115
189,17595.523244,495740
190,17595.523244,498365
191,17595.523244,500990
192,17595.523244,503615
193,17595.523244,506240
194,17595.523244,508865
195,17595.523244,511490
196,17595.523244,514115
197,17595.523244,516740
198,17595.523244,519365
199,17595.523244,521990
200,17595.523244,524615
201,17595.523244,527240
202,17595.523244,529865
203,17595.523244,532490
204,17595.523244,535115
205,17595.523244,537740
206,17595.523244,540365
207,17595.523244,542990
208,17595.523244,545615
209,17595.523244,548240
210,17595.523244,550865
211,17595.523244,553490
212,17595.523244,556115
213,17595.523244,558740
214,17594.229260,561365
215,17594.229260,563990
216,17594.229260,566615
217,17594.229260,569240
218,17594.229260,571865
219,17594.229260,574490
220,17594.229260,577115
221,17594.229260,579740
222,17594.229260,582365
223,17594.229260,584990
224,17594.229260,587615
225,17594.229260,590240
226,17594.229260,592865
227,17594.229260,595490
228,17594.229260,598115
229,17594.229260,600740
230,17594.229260,603365
231,17594.229260,605990
232,17594.229260,608615
233,17594.229260,611240
234,17594.229260,613865
235,17594.229260,616490
236,17594.229260,619115
237,17594.229260,621740
238,17594.229260,624365
239,17594.229260,626990
240,17594.229260,629615
241,17594.229260,632240
242,17594.229260,634865
243,17594.229260,637490
244,17594.229260,640115
245,17594.229260,642740
246,17594.229260,645365
247,17594.229260,647990
248,17594.229260,650615
249,17594.229260,653240
250,17594.229260,655865
251,17594.229260,658490
252,17594.229260,661115
253,17594.229260,663740
254,17594.229260,666365
255,17594.229260,668990
256,17594.229260,671615
257,17594.229260,674240
258,17594.229260,676865
259,17594.229260,679490
260,17594.229260,682115
261,17594.229260,684740
262,17594.229260,687365
263,17594.229260,689990
264,17594.229260,692615
265,17594.229260,695240
266,17594.229260,697865
267,17594.229260,700490
268,17594.229260,703115
269,17594.229260,705740
270,17594.229260,708365
271,17594.229260,710990
272,17594.229260,713615
273,17594.229260,716240
274,17594.229260,718865
275,17594.229260,721490
276,17594.229260,724115
277,17594.229260,726740
278,17594.229260,729365
279,17594.229260,731990
280,17594.229260,734615
281,17594.229260,737240
282,17594.229260,739865
283,17594.229260,742490
284,17594.229260,745115
285,17594.229260,747740
286,17594.229260,750365
287,17594.229260,752990
288,17594.229260,755615
289,17594.229260,758240
290,17594.229260,760865
291,17594.229260,763490
292,17594.229260,766115
293,17594.229260,768740
294,17594.229260,771365
295,17594.229260,773990
296,17594.229260,776615
297,17594.229260,779240
298,17594.229260,781865
299,17594.229260,784490
300,17594.229260,787115
301,17594.229260,789740
302,17594.229260,792365
303,17594.229260,794990
304,17594.229260,797615
305,17594.229260,800240
306,17594.229260,802865
307,17594.229260,805490
308,17594.229260,808115
309,17594.229260,810740
310,17594.229260,813365
311,17594.229260,815990
312,17594.229260,818615
17594.229260,84.606175
1,18764.122120,2376
2,18422.860879,4998
3,18184.100162,7615
4,18184.100162,10225
5,18004.123624,12823
6,17813.651033,15429
7,17791.752706,18039
8,17745.090101,20652
9,17720.496281,23262
10,17714.688917,25878
11,17708.688803,28493
12,17703.180183,31108
13,17686.306437,33730
14,17683.580614,36352
15,17663.318109,38974
16,17662.415169,41596
17,17649.715561,44218
18,17648.256838,46841
19,17648.256838,49462
20,17648.256838,52084
21,17625.195201,54708
22,17622.341717,57332
23,17618.848472,59956
24,17618.848472,62580
25,17616.539563,65204
26,17616.539563,67829
27,17615.358078,70455
28,17612.496055,73081
29,17611.025108,75706
30,17609.583689,78331
31,17609.583689,80955
32,17609.583689,83580
33,17609.583689,86206
34,17607.835776,88832
35,17607.835776,91458
36,17607.835776,94084
37,17607.224847,96710
38,17605.421079,99336
39,17605.421079,101962
40,17605.421079,104588
41,17604.939713,107214
42,17604.939713,109840
43,17604.939713,112466
44,17604.939713,115092
45,17604.939713,117718
46,17604.939713,120344
47,17599.518332,122970
48,17599.518332,125596
49,17599.518332,128222
50,17599.518332,130848
51,17599.518332,133474
52,17598.195311,136100
53,17598.094724,138726
54,17598.094724,141352
55,17598.094724,143978
56,17598.094724,146604
57,17597.209856,149230
58,17597.209856,151856
59,17597.209856,154482
60,17597.209856,157108
61,17597.209856,159734
62,17597.209856,162360
63,17597.209856,164986
64,17596.226468,167612
65,17596.226468,170238
66,17596.226468,172864
67,17596.226468,175490
68,17596.226468,178116
69,17596.226468,180742
70,17596.226468,183368
71,17596.226468,185994
72,17596.226468,188620
73,17596.226468,191246
74,17596.226468,193872
75,17596.226468,196498
76,17596.226468,199124
77,17596.226468,201750
78,17596.226468,204376
79,17596.226468,207002
80,17596.226468,209628
81,17596.226468,212254
82,17596.226468,214880
83,17596.226468,217506
84,17596.226468,220132
85,17596.226468,222758
86,17596.226468,225384
87,17596.226468,228010
88,17596.226468,230636
89,17596.226468,233262
90,17596.226468,235888
91,17596.226468,238514
92,17596.226468,241140
93,17596.226468,243766
94,17596.226468,246392
95,17596.226468,249018
96,17596.226468,251644
97,17594.654730,254270
98,17594.654730,256896
99,17594.654730,259522
100,17594.654730,262148
101,17594.654730,264774
102,17594.654730,267400
103,17594.654730,270026
104,17594.654730,272652
105,17594.654730,275278
106,17594.412740,277904
107,17594.412740,280530
108,17594.412740,283156
109,17594.412740,285782
110,17594.412740,288408
111,17594.412740,291034
112,17594.412740,293660
113,17594.412740,296286
114,17594.412740,298912
115,17594.412740,301538
116,17594.412740,304164
117,17594.412740,306790
118,17594.412740,309416
119,17594.412740,312042
120,17594.412740,314668
121,17594.412740,317294
122,17594.412740,319920
123,17593.967078,322546
124,17593.967078,325172
125,17593.967078,327798
126,17593.967078,330424
127,17593.967078,333050
128,17593.967078,335676
129,17593.967078,338302
130,17593.967078,340928
131,17593.967078,343554
132,17593.967078,346180
133,17593.967078,348806
134,17593.967078,351432
135,17593.967078,354058
136,17593.967078,356684
137,17593.967078,359310
138,17593.967078,361936
139,17593.967078,364562
140,17593.967078,367188
141,17593.967078,369814
142,17593.967078,372440
143,17593.967078,375066
144,17593.967078,377692
145,17593.967078,380318
146,17593.967078,382944
147,17593.967078,385570
148,17593.967078,388196
149,17593.967078,390822
150,17593.967078,393448
151,17593.967078,396074
152,17593.967078,398700
153,17593.967078,401326
154,17593.967078,403952
155,17593.967078,406578
156,17593.967078,409204
157,17593.967078,411830
158,17593.967078,414456
159,17593.967078,417082
160,17593.967078,419708
161,17593.967078,422334
162,17593.967078,424960
163,17593.967078,427586
164,17593.967078,430212
165,17593.967078,432838
166,17593.967078,435464
167,17593.967078,438090
168,17593.967078,440716
169,17593.967078,443342
170,17593.967078,445968
171,17593.967078,448594
172,17593.967078,451220
173,17593.967078,453846
174,17593.967078,456472
175,17593.967078,459098
176,17593.967078,461724
177,17593.967078,464350
178,17593.967078,466976
179,17593.967078,469602
180,17593.967078,472228
181,17593.967078,474854
182,17593.967078,477480
183,17593.967078,480106
184,17593.967078,482732
185,17593.967078,485358
186,17593.967078,487984
187,17593.967078,490610
188,17593.967078,493236
189,17593.967078,495862
190,17593.967078,498488
191,17593.967078,501114
192,17593.967078,503740
193,17593.967078,506366
194,17593.967078,508992
195,17593.967078,511618
196,17593.967078,514244
197,17593.967078,516870
198,17593.967078,519496
199,17593.967078,522122
200,17593.967078,524748
201,17593.967078,527374
202,17593.967078,530000
203,17593.967078,532626
204,17593.967078,535252
205,17593.967078,537878
206,17593.967078,540504
207,17593.967078,543130
208,17593.967078,545756
209,17593.967078,548382
210,17593.967078,551008
211,17593.967078,553634
212,17593.967078,556260
213,17593.967078,558886
214,17593.967078,561512
215,17593.967078,564138
216,17593.967078,566764
217,17593.967078,569390
218,17593.967078,572016
219,17593.967078,574642
220,17593.967078,577268
221,17593.692276,579894
222,17593.692276,582520
223,17593.692276,585146
224,17593.692276,587772
225,17593.692276,590398
226,17592.363245,593024
227,17590.972164,595650
228,17590.972164,598276
229,17590.972164,600902
230,17590.972164,603528
231,17590.972164,606154
232,17590.972164,608780
233,17590.972164,611406
234,17590.972164,614032
235,17590.972164,616658
236,17590.972164,619284
237,17590.972164,621910
238,17590.972164,624536
239,17590.972164,627162
240,17590.972164,629788
241,17590.972164,632414
242,17590.972164,635040
243,17590.972164,637666
244,17590.972164,640292
245,17590.972164,642918
246,17590.972164,645544
247,17590.972164,648170
248,17590.972164,650796
249,17590.972164,653422
250,17590.972164,656048
251,17590.972164,658674
252,17590.972164,661300
253,17590.972164,663926
254,17590.972164,666552
255,17590.972164,669178
256,17590.972164,671804
257,17590.972164,674430
258,17590.972164,677056
259,17590.972164,679682
260,17590.972164,682308
261,17590.972164,684934
262,17590.972164,687560
263,17590.972164,690186
264,17590.972164,692812
265,17590.972164,695438
266,17590.972164,698064
267,17590.972164,700690
268,17590.972164,703316
269,17590.972164,705942
270,17590.972164,708568
271,17590.972164,711194
272,17590.972164,713820
273,17590.972164,716446
274,17590.972164,719072
275,17590.972164,721698
276,17590.972164,724324
277,17590.972164,726950
278,17590.972164,729576
279,17590.972164,732202
280,17590.972164,734828
281,17590.972164,737454
282,17590.972164,740080
283,17590.972164,742706
284,17590.972164,745332
285,17590.972164,747958
286,17590.972164,750584
287,17590.972164,753210
288,17590.972164,755836
289,17590.972164,758462
290,17590.972164,761088
291,17590.972164,763714
292,17590.972164,766340
293,17590.972164,768966
294,17590.972164,771592
295,17590.972164,774218
296,17590.972164,776844
297,17590.972164,779470
298,17590.972164,782096
299,17590.972164,784722
300,17590.972164,787348
301,17590.972164,789974
302,17590.972164,792600
303,17590.972164,795226
304,17590.972164,797852
305,17590.972164,800477
306,17590.972164,803103
307,17590.972164,805729
308,17590.972164,808355
309,17590.972164,810981
310,17590.972164,813607
311,17590.972164,816233
312,17590.972164,818859
17590.972164,83.836332
1,18669.144896,2376
2,18412.048745,5007
3,18216.709674,7636
4,18054.494865,10255
5,17861.256384,12868
6,17821.181090,15480
7,17769.843439,18094
8,17744.458837,20712
9,17658.030226,23336
10,17658.030226,25962
11,17626.613943,28589
12,17622.040434,31217
13,17620.069792,33843
14,17620.069792,36469
15,17619.021275,39093
16,17616.857046,41717
17,17616.857046,44344
18,17616.857046,46971
19,17616.202736,49601
20,17611.265318,52231
21,17610.843486,54861
22,17610.843486,57492
23,17610.843486,60121
24,17610.843486,62751
25,17610.843486,65381
26,17610.843486,68011
27,17610.843486,70642
28,17610.843486,73274
29,17610.843486,75906
30,17610.843486,78538
31,17610.843486,81170
32,17610.843486,83802
33,17610.843486,86434
34,17610.843486,89066
35,17610.843486,91698
36,17610.843486,94330
37,17610.843486,96962
38,17610.843486,99594
39,17610.843486,102226
40,17610.843486,104858
41,17610.843486,107490
42,17610.843486,110122
43,17608.992046,112754
44,17608.992046,115386
45,17607.857495,118018
46,17605.720644,120650
47,17605.720644,123282
48,17605.720644,125914
49,17605.720644,128546
50,17605.720644,131178
51,17605.464485,133810
52,17602.735333,136442
53,17602.735333,139074
54,17602.735333,141706
55,17602.735333,144338
56,17602.009226,146970
57,17602.009226,149602
58,17601.786179,152234
59,17601.786179,154866
60,17599.890257,157498
61,17598.194465,160130
62,17598.194465,162762
63,17598.194465,165394
64,17598.194465,168026
65,17598.194465,170658
66,17597.194323,173290
67,17597.194323,175922
68,17597.194323,178554
69,17597.194323,181186
70,17597.194323,183818
71,17597.194323,186450
72,17597.194323,189082
73,17597.194323,191714
74,17597.194323,194346
75,17597.194323,196978
76,17597.194323,199610
77,17597.194323,202242
78,17597.194323,204874
79,17597.194323,207506
80,17597.194323,210138
81,17597.194323,212770
82,17597.194323,215402
83,17597.194323,218034
84,17597.194323,220666
85,17597.194323,223298
86,17597.194323,225930
87,17597.194323,228562
88,17597.194323,231194
89,17597.194323,233826
90,17597.194323,236458
91,17597.194323,239090
92,17597.194323,241722
93,17597.194323,244354
94,17597.194323,246986
95,17597.194323,249618
96,17597.194323,252250
97,17597.194323,254882
98,17597.194323,257514
99,17597.194323,260146
100,17597.194323,262778
101,17597.194323,265410
102,17597.194323,268042
103,17597.194323,270674
104,17597.194323,273306
105,17597.194323,275938
106,17597.194323,278570
107,17597.194323,281202
108,17597.194323,283834
109,17597.194323,286466
110,17597.194323,289098
111,17597.194323,291730
112,17597.194323,294362
113,17597.194323,296994
114,17597.194323,299626
115,17597.194323,302258
116,17597.194323,304890
117,17597.194323,307522
118,17597.194323,310154
119,17597.194323,312786
120,17597.194323,315418
121,17597.194323,318050
122,17597.194323,320682
123,17597.194323,323314
124,17597.194323,325946
125,17597.194323,328578
126,17597.194323,331210
127,17597.194323,333842
128,17597.194323,336474
129,17597.194323,339106
130,17597.194323,341738
131,17597.194323,344370
132,17597.194323,347002
133,17597.194323,349634
134,17597.194323,352266
135,17597.194323,354898
136,17597.194323,357530
137,17597.194323,360162
138,17597.194323,362794
139,17597.194323,365426
140,17597.194323,368058
141,17597.194323,370690
142,17597.194323,373322
143,17597.194323,375954
144,17597.194323,378586
145,17597.194323,381218
146,17597.194323,383850
147,17597.194323,386482
148,17597.194323,389114
149,17597.194323,391746
150,17597.194323,394378
151,17597.194323,397010
152,17597.194323,399642
153,17597.194323,402274
154,17597.194323,404906
155,17597.194323,407538
156,17597.194323,410170
157,17597.194323,412802
158,17597.194323,415434
159,17597.194323,418066
160,17597.194323,420698
161,17597.194323,423330
162,17597.194323,425962
163,17597.194323,428594
164,17597.194323,431226
165,17597.194323,433858
166,17593.529957,436490
167,17593.529957,439122
168,17593.529957,441754
169,17593.529957,444386
170,17593.529957,447018
171,17593.529957,449650
172,17593.529957,452282
173,17593.529957,454914
174,17593.529957,457546
175,17593.529957,460178
176,17593.529957,462810
177,17593.529957,465442
178,17593.529957,468074
179,17593.529957,470706
180,17593.529957,473338
181,17593.529957,475970
182,17593.529957,478602
183,17593.529957,481234
184,17593.529957,483866
185,17593.529957,486498
186,17593.529957,489130
187,17593.529957,491762
188,17593.529957,494394
189,17593.529957,497026
190,17593.529957,499658
191,17593.529957,502290
192,17593.529957,504922
193,17593.529957,507554
194,17593.529957,510186
195,17592.080532,512818
196,17592.080532,515450
197,17592.080532,518082
198,17592.080532,520714
199,17592.080532,523346
200,17592.080532,525978
201,17592.080532,528610
202,17592.080532,531242
203,17592.080532,533874
204,17592.080532,536506
205,17592.080532,539138
206,17592.080532,541770
207,17592.080532,544402
208,17592.080532,547034
209,17592.080532,549666
210,17592.080532,552298
211,17592.080532,554930
212,17592.080532,557562
213,17592.080532,560194
214,17592.080532,562826
215,17592.080532,565458
216,17592.080532,568090
217,17592.080532,570722
218,17592.080532,573354
219,17592.080532,575986
220,17592.080532,578618
221,17592.080532,581250
222,17592.080532,583882
223,17591.119277,586514
224,17591.119277,589146
225,17591.119277,591778
226,17591.119277,594410
227,17591.119277,597042
228,17591.119277,599674
229,17591.119277,602306
230,17591.119277,604938
231,17591.119277,607570
232,17591.119277,610202
233,17591.119277,612834
234,17591.119277,615466
235,17591.119277,618098
236,17591.119277,620730
237,17591.119277,623362
238,17591.119277,625994
239,17591.119277,628626
240,17591.119277,631258
241,17591.119277,633890
242,17591.119277,636522
243,17591.119277,639154
244,17591.119277,641786
245,17591.119277,644418
246,17591.119277,647050
247,17591.119277,649682
248,17591.119277,652314
249,17591.119277,654946
250,17591.119277,657578
251,17591.119277,660210
252,17591.119277,662842
253,17591.119277,665474
254,17591.119277,668106
255,17591.119277,670738
256,17591.119277,673370
257,17591.119277,676002
258,17591.119277,678634
259,17591.119277,681266
260,17591.119277,683898
261,17591.119277,686530
262,17591.119277,689162
263,17591.119277,691794
264,17591.119277,694426
265,17591.119277,697058
266,17591.119277,699690
267,17591.119277,702322
268,17591.119277,704954
269,17591.119277,707586
270,17591.119277,710218
271,17591.119277,712850
272,17591.119277,715482
273,17591.119277,718114
274,17591.119277,720746
275,17591.119277,723378
276,17591.119277,726010
277,17591.119277,728642
278,17591.119277,731274
279,17591.119277,733906
280,17591.119277,736538
281,17591.119277,739170
282,17591.119277,741802
283,17591.119277,744434
284,17591.119277,747066
285,17591.119277,749698
286,17591.119277,752330
287,17591.119277,754962
288,17591.119277,757594
289,17591.119277,760226
290,17591.119277,762858
291,17591.119277,765490
292,17591.119277,768122
293,17591.119277,770754
294,17591.119277,773386
295,17591.119277,776018
296,17591.119277,778650
297,17591.119277,781282
298,17591.119277,783914
299,17591.119277,786546
300,17591.119277,789178
301,17591.119277,791810
302,17591.119277,794442
303,17591.119277,797074
304,17591.119277,799706
305,17591.119277,802338
306,17591.119277,804970
307,17591.119277,807602
308,17591.119277,810234
309,17591.119277,812866
310,17591.119277,815498
311,17591.119277,818130
17591.119277,84.609901
1,18767.402332,2376
2,18474.926646,5031
3,18191.516992,7682
4,18076.101471,10326
5,17975.213210,12966
6,17810.801513,15604
7,17751.917541,18244
8,17723.570906,20891
9,17705.257409,23542
10,17690.866316,26193
11,17675.520910,28844
12,17675.520910,31497
13,17666.860432,34153
14,17664.626573,36810
15,17645.671513,39467
16,17640.221243,42124
17,17634.706432,44779
18,17634.706432,47434
19,17630.595069,50089
20,17628.521384,52743
21,17621.408143,55398
22,17620.073040,58056
23,17619.845913,60714
24,17619.283494,63372
25,17615.740815,66031
26,17612.713742,68689
27,17610.304919,71347
28,17610.304919,74002
29,17610.255027,76658
30,17610.255027,79315
31,17610.255027,81972
32,17610.255027,84631
33,17610.255027,87289
34,17610.255027,89946
35,17608.389157,92603
36,17608.389157,95261
37,17608.389157,97920
38,17608.389157,100579
39,17608.389157,103238
40,17608.389157,105896
41,17608.389157,108554
42,17608.389157,111213
43,17608.389157,113870
44,17608.389157,116527
45,17608.389157,119185
46,17608.389157,121843
47,17608.389157,124500
48,17602.780513,127158
49,17602.780513,129817
50,17602.689275,132474
51,17602.689275,135130
52,17602.689275,137787
53,17602.689275,140443
54,17602.689275,143100
55,17602.689275,145758
56,17602.689275,148417
57,17602.689275,151076
58,17602.689275,153735
59,17602.689275,156393
60,17602.689275,159050
61,17602.689275,161707
62,17602.689275,164365
63,17602.689275,167019
64,17602.689275,169678
65,17602.689275,172331
66,17602.689275,174989
67,17602.689275,177647
68,17602.689275,180305
69,17602.689275,182963
70,17602.689275,185622
71,17602.689275,188281
72,17602.689275,190938
73,17602.689275,193597
74,17602.689275,196254
75,17602.689275,198911
76,17602.689275,201569
77,17602.689275,204227
78,17602.689275,206886
79,17602.689275,209545
80,17602.689275,212202
81,17602.689275,214860
82,17602.689275,217519
83,17602.689275,220178
84,17602.689275,222836
85,17602.689275,225494
86,17602.689275,228153
87,17602.689275,230812
88,17602.689275,233471
89,17602.689275,236129
90,17602.689275,238786
91,17602.689275,241444
92,17602.689275,244101
93,17602.689275,246758
94,17602.689275,249417
95,17602.689275,252074
96,17602.689275,254732
97,17602.689275,257388
98,17602.689275,260044
99,17602.689275,262703
100,17602.689275,265361
101,17602.689275,268018
102,17602.689275,270676
103,17602.689275,273335
104,17602.689275,275992
105,17602.689275,278651
106,17602.689275,281310
107,17602.689275,283968
108,17602.689275,286627
109,17602.689275,289286
110,17602.689275,291945
111,17602.689275,294604
112,17602.689275,297263
113,17602.689275,299922
114,17602.689275,302581
115,17602.689275,305240
116,17602.366302,307899
117,17602.366302,310558
118,17602.366302,313214
119,17599.798446,315872
120,17599.798446,318530
121,17599.798446,321189
122,17599.798446,323848
123,17599.798446,326507
124,17597.753905,329166
125,17597.753905,331824
126,17597.753905,334483
127,17597.753905,337142
128,17597.753905,339801
129,17597.753905,342460
130,17597.753905,345119
131,17597.753905,347778
132,17597.753905,350437
133,17597.753905,353096
134,17597.753905,355755
135,17597.753905,358414
136,17597.753905,361073
137,17597.753905,363732
138,17597.753905,366391
139,17597.753905,369050
140,17597.753905,371709
141,17597.753905,374368
142,17597.753905,377027
143,17597.753905,379686
144,17597.753905,382345
145,17597.753905,385004
146,17597.275042,387663
147,17597.275042,390322
148,17597.275042,392981
149,17597.275042,395640
150,17596.348062,398299
151,17596.348062,400958
152,17596.348062,403617
153,17596.348062,406276
154,17596.348062,408935
155,17596.280140,411594
156,17596.280140,414253
157,17596.280140,416911
158,17596.280140,419569
159,17596.280140,422227
160,17596.280140,424885
161,17596.280140,427544
162,17596.280140,430203
163,17596.280140,432862
164,17596.280140,435521
165,17596.280140,438180
166,17596.280140,440839
167,17596.280140,443498
168,17596.280140,446157
169,17596.280140,448816
170,17596.280140,451475
171,17596.280140,454134
172,17596.280140,456793
173,17596.280140,459452
174,17596.280140,462111
175,17596.280140,464770
176,17596.280140,467429
177,17596.280140,470088
178,17596.280140,472747
179,17596.280140,475406
180,17596.280140,478065
181,17596.280140,480724
182,17596.280140,483383
183,17596.280140,486042
184,17596.280140,488701
185,17596.280140,491360
186,17596.280140,494019
187,17596.280140,496678
188,17596.280140,499337
189,17596.280140,501996
190,17596.280140,504655
191,17596.280140,507314
192,17596.280140,509973
193,17596.280140,512632
194,17596.280140,515291
195,17596.280140,517950
196,17596.280140,520609
197,17596.280140,523268
198,17596.280140,525927
199,17596.280140,528586
200,17596.280140,531245
201,17596.280140,533904
202,17596.280140,536563
203,17596.280140,539222
204,17596.280140,541881
205,17596.280140,544540
206,17596.280140,547199
207,17596.280140,549858
208,17596.280140,552517
209,17596.280140,555176
210,17596.280140,557835
211,17596.280140,560494
212,17596.280140,563153
213,17596.280140,565812
214,17596.280140,568471
215,17596.280140,571130
216,17596.280140,573789
217,17596.280140,576448
218,17596.280140,579107
219,17596.280140,581766
220,17596.280140,584425
221,17596.280140,587084
222,17596.280140,589743
223,17596.280140,592402
224,17596.280140,595061
225,17596.280140,597720
226,17596.280140,600379
227,17596.280140,603038
228,17596.280140,605697
229,17596.280140,608356
230,17596.280140,611015
231,17596.280140,613674
232,17596.280140,616333
233,17596.280140,618992
234,17596.280140,621651
235,17596.280140,624310
236,17596.280140,626969
237,17596.280140,629628
238,17596.280140,632287
239,17596.280140,634946
240,17596.280140,637605
241,17596.280140,640264
242,17596.280140,642923
243,17596.280140,645582
244,17596.280140,648241
245,17596.280140,650900
246,17596.280140,653559
247,17596.280140,656218
248,17596.280140,658877
249,17596.280140,661536
250,17596.280140,664195
251,17596.280140,666854
252,17596.280140,669513
253,17596.280140,672172
254,17596.280140,674831
255,17596.280140,677490
256,17596.280140,680149
257,17596.280140,682808
258,17596.280140,685467
259,17596.280140,688126
260,17596.280140,690785
261,17596.280140,693444
262,17596.280140,696103
263,17596.280140,698762
264,17596.280140,701421
265,17596.280140,704080
266,17596.280140,706739
267,17596.280140,709398
268,17596.280140,712057
269,17596.280140,714716
270,17596.280140,717375
271,17596.280140,720034
272,17596.280140,722693
273,17596.280140,725352
274,17596.280140,728011
275,17596.280140,730670
276,17596.280140,733329
277,17596.280140,735988
278,17596.280140,738647
279,17596.280140,741306
280,17596.280140,743965
281,17596.280140,746624
282,17596.280140,749283
283,17596.280140,751942
284,17596.280140,754601
285,17596.280140,757260
286,17596.280140,759919
287,17596.280140,762578
288,17596.280140,765237
289,17596.280140,767896
290,17596.280140,770555
291,17596.280140,773214
292,17596.280140,775873
293,17596.280140,778532
294,17596.280140,781191
295,17596.280140,783850
296,17596.280140,786509
297,17596.280140,789168
298,17596.280140,791827
299,17596.280140,794486
300,17596.280140,797145
301,17596.280140,799804
302,17596.280140,802463
303,17596.280140,805122
304,17596.280140,807781
305,17596.280140,810440
306,17596.280140,813099
307,17596.280140,815758
308,17596.280140,818417
17596.280140,83.259603
