1,20420.166338,2376
2,20411.048148,4754
3,20387.806031,7135
4,20379.404623,9521
5,20378.128053,11906
6,20351.389572,14295
7,20335.389073,16691
8,20313.091747,19105
9,20298.752451,21522
10,20296.935549,23949
11,20277.376094,26386
12,20277.376094,28843
13,20258.482133,31322
14,20247.532492,33796
15,20230.706514,36296
16,20225.111781,38800
17,20223.261136,41306
18,20223.261136,43797
19,20222.086140,46294
20,20222.086140,48792
21,20222.086140,51296
22,20222.086140,53801
23,20218.656949,56318
24,20217.451794,58839
25,20217.362340,61369
26,20217.277829,63908
27,20217.039373,66439
28,20216.699947,68978
29,20215.951181,71523
30,20215.951181,74075
31,20211.662899,76627
32,20211.655374,79183
33,20211.614730,81737
34,20211.614730,84294
35,20211.584836,86854
36,20211.574929,89418
37,20211.562551,91976
38,20211.562551,94536
39,20211.562551,97100
40,20211.562551,99665
41,20211.562551,102229
42,20211.562551,104798
43,20211.561622,107366
44,20211.561622,109923
45,20185.875653,112473
46,20185.875653,115027
47,20185.875653,117589
48,20185.875653,120163
49,20173.871740,122735
50,20173.871740,125309
51,20173.871740,127881
52,20173.871740,130452
53,20173.871740,133016
54,20173.871740,135587
55,20173.871740,138166
56,20173.871740,140750
57,20173.871740,143333
58,20173.871740,145906
59,20173.871740,148466
60,20173.871740,151018
61,20173.871740,153578
62,20173.871740,156140
63,20173.871740,158683
64,20173.871740,161228
65,20173.871740,163770
66,20173.871740,166317
67,20173.871740,168873
68,20173.871740,171417
69,20173.871740,173967
70,20173.871740,176516
71,20173.871740,179058
72,20173.871740,181599
73,20173.871740,184143
74,20173.871740,186689
75,20173.871740,189236
76,20173.871740,191784
77,20173.871740,194325
78,20173.871740,196863
79,20173.871740,199390
80,20173.871740,201915
81,20173.512660,204441
82,20173.512660,206967
83,20173.311534,209492
84,20173.311534,212016
85,20173.311534,214542
86,20173.311534,217070
87,20173.311534,219596
88,20173.311534,222125
89,20173.311534,224654
90,20173.311534,227183
91,20173.311534,229709
92,20173.311534,232236
93,20173.311534,234766
94,20173.311534,237301
95,20173.311534,239841
96,20173.311534,242383
97,20173.311534,244912
98,20173.311534,247437
99,20173.311534,249964
100,20173.311534,252492
101,20173.311534,255021
102,20173.311534,257550
103,20173.311534,260080
104,20173.311534,262610
105,20173.311534,265140
106,20173.311534,267669
107,20173.311534,270181
108,20173.311534,272689
109,20173.311534,275202
110,20173.311534,277715
111,20173.311534,280229
112,20173.311534,282726
113,20173.311534,285248
114,20173.311534,287768
115,20173.311534,290288
116,20173.311534,292811
117,20173.311534,295307
118,20173.311534,297804
119,20172.910109,300301
120,20172.910109,302796
121,20172.910109,305295
122,20172.910109,307783
123,20172.910109,310267
124,20172.910109,312756
125,20172.910109,315245
126,20172.910109,317735
127,20172.910109,320223
128,20172.910109,322709
129,20172.910109,325199
130,20172.910109,327690
131,20172.910109,330178
132,20172.910109,332655
133,20172.910109,335119
134,20172.910109,337585
135,20172.910109,340056
136,20172.910109,342529
137,20172.910109,345000
138,20172.910109,347473
139,20172.910109,349945
140,20172.910109,352406
141,20172.910109,354868
142,20172.910109,357325
143,20172.910109,359782
144,20172.910109,362240
145,20172.910109,364694
146,20172.910109,367147
147,20172.910109,369601
148,20172.910109,372052
149,20172.910109,374487
150,20172.910109,376909
151,20172.910109,379351
152,20172.910109,381800
153,20172.910109,384222
154,20172.910109,386646
155,20172.910109,389063
156,20172.910109,391482
157,20172.910109,393913
158,20172.910109,396327
159,20172.910109,398729
160,20172.910109,401123
161,20172.910109,403517
162,20172.910109,405919
163,20172.910109,408327
164,20172.910109,410736
165,20172.910109,413144
166,20172.910109,415540
167,20172.910109,417932
168,20172.910109,420327
169,20172.910109,422722
170,20172.910109,425119
171,20172.910109,427528
172,20172.910109,429947
173,20172.910109,432361
174,20172.910109,434763
175,20172.910109,437154
176,20172.910109,439544
177,20172.910109,441923
178,20172.910109,444306
179,20172.910109,446699
180,20172.910109,449096
181,20172.910109,451499
182,20172.910109,453889
183,20172.910109,456280
184,20172.910109,458677
185,20172.910109,461087
186,20172.910109,463481
187,20172.910109,465876
188,20172.910109,468253
189,20172.910109,470637
190,20172.910109,473023
191,20172.910109,475399
192,20172.910109,477778
193,20172.910109,480166
194,20172.910109,482557
195,20172.910109,484948
196,20172.910109,487325
197,20172.910109,489707
198,20172.910109,492090
199,20172.910109,494475
200,20172.910109,496864
201,20172.910109,499261
202,20172.910109,501652
203,20172.910109,504050
204,20172.910109,506448
205,20172.910109,508827
206,20172.910109,511207
207,20172.910109,513587
208,20172.910109,515967
209,20172.910109,518346
210,20172.910109,520726
211,20172.910109,523110
212,20172.910109,525498
213,20172.910109,527886
214,20172.910109,530264
215,20172.910109,532644
216,20172.910109,535028
217,20172.910109,537415
218,20172.910109,539803
219,20172.910109,542191
220,20172.910109,544580
221,20172.910109,546958
222,20172.910109,549337
223,20172.910109,551724
224,20172.910109,554115
225,20172.910109,556518
226,20172.910109,558928
227,20172.910109,561332
228,20172.910109,563738
229,20172.910109,566143
230,20172.910109,568538
231,20172.910109,570933
232,20172.910109,573316
233,20172.910109,575700
234,20172.910109,578082
235,20172.910109,580465
236,20172.910109,582847
237,20172.910109,585230
238,20172.910109,587615
239,20172.910109,590003
240,20172.910109,592394
241,20172.910109,594774
242,20172.910109,597155
243,20172.910109,599537
244,20172.910109,601918
245,20172.910109,604298
246,20172.910109,606678
247,20172.910109,609058
248,20172.910109,611439
249,20172.910109,613828
250,20172.910109,616219
251,20172.910109,618598
252,20172.910109,620977
253,20172.910109,623356
254,20172.910109,625737
255,20172.910109,628127
256,20172.910109,630519
257,20172.910109,632908
258,20172.910109,635299
259,20172.910109,637691
260,20172.910109,640086
261,20172.910109,642473
262,20172.910109,644865
263,20172.910109,647267
264,20172.910109,649669
265,20172.910109,652056
266,20172.910109,654446
267,20172.910109,656837
268,20172.910109,659224
269,20172.910109,661620
270,20172.910109,664018
271,20172.910109,666413
272,20172.910109,668790
273,20172.910109,671173
274,20172.910109,673563
275,20172.910109,675960
276,20172.910109,678353
277,20172.910109,680744
278,20172.910109,683137
279,20172.910109,685530
280,20172.910109,687906
281,20172.910109,690282
282,20172.910109,692658
283,20172.910109,695036
284,20172.910109,697425
285,20172.910109,699816
286,20172.910109,702192
287,20172.910109,704568
288,20172.910109,706944
289,20172.910109,709320
290,20172.910109,711696
20172.910109,46.496252
1,20413.198529,2376
2,20396.485217,4752
3,20383.518683,7130
4,20377.781783,9512
5,20360.980384,11900
6,20339.190492,14292
7,20327.163891,16685
8,20315.277645,19091
9,20313.079700,21510
10,20301.652816,23941
11,20285.820050,26383
12,20280.073905,28844
13,20266.756243,31303
14,20266.756243,33767
15,20248.046117,36236
16,20229.990550,38709
17,20221.230678,41184
18,20220.714910,43661
19,20218.195725,46143
20,20216.555938,48632
21,20216.156096,51120
22,20216.156096,53616
23,20214.647991,56113
24,20214.647991,58617
25,20214.647991,61134
26,20214.647991,63648
27,20214.236745,66166
28,20214.122397,68676
29,20211.653215,71187
30,20211.581345,73706
31,20176.141822,76222
32,20176.141822,78739
33,20173.871740,81255
34,20173.871740,83783
35,20173.871740,86311
36,20173.871740,88842
37,20173.871740,91364
38,20173.871740,93889
39,20173.871740,96404
40,20173.871740,98926
41,20173.871740,101442
42,20173.871740,103964
43,20173.871740,106483
44,20173.871740,108974
45,20173.871740,111465
46,20173.871740,113940
47,20173.871740,116418
48,20173.871740,118894
49,20173.871740,121372
50,20173.871740,123853
51,20173.871740,126336
52,20173.871740,128806
53,20173.871740,131274
54,20173.871740,133742
55,20173.871740,136215
56,20173.871740,138687
57,20173.871740,141151
58,20173.871740,143618
59,20173.871740,146086
60,20173.871740,148547
61,20172.910109,151011
62,20172.910109,153466
63,20172.910109,155934
64,20172.910109,158400
65,20172.910109,160863
66,20172.910109,163324
67,20172.910109,165775
68,20172.910109,168221
69,20172.910109,170673
70,20172.910109,173118
71,20172.910109,175557
72,20172.910109,177986
73,20172.910109,180404
74,20172.910109,182848
75,20172.910109,185293
76,20172.910109,187725
77,20172.910109,190154
78,20172.910109,192556
79,20172.910109,194969
80,20172.910109,197385
81,20172.910109,199785
82,20172.910109,202185
83,20172.910109,204584
84,20172.910109,206975
85,20172.910109,209366
86,20172.910109,211757
87,20172.910109,214146
88,20172.910109,216538
89,20172.910109,218930
90,20172.910109,221321
91,20172.910109,223712
92,20172.910109,226104
93,20172.910109,228504
94,20172.910109,230908
95,20172.910109,233312
96,20172.910109,235717
97,20172.910109,238108
98,20172.910109,240501
99,20172.910109,242892
100,20172.910109,245283
101,20172.910109,247671
102,20172.910109,250062
103,20172.910109,252452
104,20172.910109,254842
105,20172.910109,257230
106,20172.910109,259617
107,20172.910109,262005
108,20172.910109,264393
109,20172.910109,266777
110,20172.910109,269166
111,20172.910109,271557
112,20172.910109,273947
113,20172.910109,276338
114,20172.910109,278729
115,20172.910109,281119
116,20172.910109,283516
117,20172.910109,285915
118,20172.910109,288311
119,20172.910109,290694
120,20172.910109,293077
121,20172.910109,295460
122,20172.910109,297850
123,20172.910109,300243
124,20172.910109,302630
125,20172.910109,305010
126,20172.910109,307391
127,20172.910109,309780
128,20172.910109,312169
129,20172.910109,314557
130,20172.910109,316946
131,20172.910109,319326
132,20172.910109,321706
133,20172.910109,324085
134,20172.910109,326461
135,20172.910109,328837
136,20172.910109,331214
137,20172.910109,333596
138,20172.910109,335982
139,20172.910109,338373
140,20172.910109,340765
141,20172.910109,343141
142,20172.910109,345517
143,20172.910109,347893
144,20172.910109,350269
145,20172.910109,352645
146,20172.910109,355021
147,20172.910109,357397
148,20172.910109,359773
149,20172.910109,362149
150,20172.910109,364525
151,20172.910109,366901
152,20172.910109,369277
153,20172.910109,371656
154,20172.910109,374035
155,20172.910109,376415
156,20172.910109,378796
157,20172.910109,381177
158,20172.910109,383559
159,20172.910109,385941
160,20172.910109,388323
161,20172.910109,390705
162,20172.910109,393087
163,20172.910109,395469
164,20172.910109,397846
165,20172.910109,400228
166,20172.910109,402614
167,20172.910109,405001
168,20172.910109,407388
169,20172.910109,409776
170,20172.910109,412162
171,20172.910109,414550
172,20172.910109,416938
173,20172.910109,419317
174,20172.910109,421696
175,20172.910109,424075
176,20172.910109,426453
177,20172.910109,428832
178,20172.910109,431210
179,20172.910109,433588
180,20172.910109,435966
181,20172.910109,438344
182,20172.910109,440722
183,20172.910109,443100
184,20172.910109,445478
185,20172.910109,447856
186,20172.910109,450235
187,20172.910109,452613
188,20172.910109,454991
189,20172.910109,457376
190,20172.910109,459752
191,20172.910109,462128
192,20172.910109,464504
193,20172.910109,466884
194,20172.910109,469267
195,20172.910109,471657
196,20172.910109,474053
197,20172.910109,476436
198,20172.910109,478824
199,20172.910109,481218
200,20172.910109,483617
201,20172.910109,486018
202,20172.910109,488406
203,20172.910109,490790
204,20172.910109,493177
205,20172.910109,495564
206,20172.910109,497954
207,20172.910109,500339
208,20172.910109,502721
209,20172.910109,505097
210,20172.910109,507473
211,20172.910109,509852
212,20172.910109,512235
213,20172.910109,514620
214,20172.910109,517006
215,20172.910109,519392
216,20172.910109,521778
217,20172.910109,524164
218,20172.910109,526551
219,20172.910109,528944
220,20172.910109,531341
221,20172.910109,533717
222,20172.910109,536102
223,20172.910109,538488
224,20172.910109,540874
225,20172.910109,543260
226,20172.910109,545636
227,20172.910109,548022
228,20172.910109,550408
229,20172.910109,552794
230,20172.910109,555180
231,20172.910109,557566
232,20172.910109,559953
233,20172.910109,562344
234,20172.910109,564737
235,20172.910109,567123
236,20172.910109,569499
237,20172.910109,571885
238,20172.910109,574271
239,20172.910109,576657
240,20172.910109,579033
241,20172.910109,581409
242,20172.910109,583785
243,20172.910109,586161
244,20172.910109,588537
245,20172.910109,590913
246,20172.910109,593289
247,20172.910109,595665
248,20172.910109,598047
249,20172.910109,600438
250,20172.910109,602835
251,20172.910109,605221
252,20172.910109,607606
253,20172.910109,609992
254,20172.910109,612378
255,20172.910109,614764
256,20172.910109,617150
257,20172.910109,619536
258,20172.910109,621922
259,20172.910109,624298
260,20172.910109,626676
261,20172.910109,629060
262,20172.910109,631451
263,20172.910109,633847
264,20172.910109,636230
265,20172.910109,638615
266,20172.910109,640995
267,20172.910109,643374
268,20172.910109,645754
269,20172.910109,648137
270,20172.910109,650524
271,20172.910109,652913
272,20172.910109,655294
273,20172.910109,657685
274,20172.910109,660077
275,20172.910109,662456
276,20172.910109,664834
277,20172.910109,667212
278,20172.910109,669592
279,20172.910109,671977
280,20172.910109,674366
281,20172.910109,676765
282,20172.910109,679159
283,20172.910109,681553
284,20172.910109,683932
285,20172.910109,686311
286,20172.910109,688690
287,20172.910109,691069
288,20172.910109,693454
289,20172.910109,695846
290,20172.910109,698224
291,20172.910109,700602
292,20172.910109,702983
293,20172.910109,705372
294,20172.910109,707762
295,20172.910109,710140
296,20172.910109,712517
20172.910109,45.562027
1,20419.545117,2376
2,20410.505385,4756
3,20385.787162,7135
4,20375.723874,9519
5,20359.263794,11908
6,20350.749507,14306
7,20328.531750,16710
8,20328.531750,19121
9,20328.531750,21538
10,20328.531750,23955
11,20328.531750,26384
12,20328.531750,28811
13,20328.531750,31247
14,20328.531750,33706
15,20328.531750,36175
16,20328.531750,38650
17,20328.531750,41137
18,20328.531750,43629
19,20328.531750,46124
20,20328.531750,48629
21,20328.531750,51129
22,20328.531750,53626
23,20328.531750,56124
24,20328.531750,58628
25,20328.531750,61142
26,20328.531750,63655
27,20328.531750,66167
28,20328.531750,68686
29,20328.531750,71213
30,20328.531750,73745
31,20328.531750,76283
32,20328.531750,78823
33,20328.531750,81365
34,20328.531750,83905
35,20328.531750,86448
36,20328.531750,88998
37,20328.531750,91546
38,20328.531750,94100
39,20328.531750,96655
40,20328.531750,99214
41,20328.531750,101774
42,20328.531750,104318
43,20328.531750,106863
44,20328.531750,109405
45,20328.531750,111952
46,20328.531750,114502
47,20328.531750,117049
48,20328.531750,119578
49,20328.531750,122097
50,20328.531750,124618
51,20328.531750,127133
52,20328.531750,129637
53,20328.531750,132130
54,20328.531750,134636
55,20328.531750,137145
56,20328.531750,139657
57,20328.531750,142172
58,20328.531750,144662
59,20328.531750,147156
60,20328.531750,149653
61,20328.531750,152123
62,20328.531750,154590
63,20328.531750,157058
64,20328.531750,159527
65,20328.531750,161996
66,20328.531750,164469
67,20328.531750,166939
68,20328.531750,169410
69,20328.531750,171872
70,20328.531750,174332
71,20328.531750,176796
72,20328.531750,179259
73,20328.531750,181721
74,20328.531750,184185
75,20328.531750,186644
76,20328.531750,189114
77,20328.531750,191589
78,20328.531750,194065
79,20328.531750,196544
80,20328.531750,199026
81,20328.531750,201493
82,20328.531750,203954
83,20328.531750,206412
84,20328.531750,208870
85,20328.531750,211329
86,20328.531750,213795
87,20328.531750,216265
88,20328.531750,218737
89,20328.531750,221210
90,20328.531750,223677
91,20328.531750,226145
92,20328.531750,228616
93,20328.531750,231073
94,20328.531750,233532
95,20328.531750,235998
96,20328.531750,238462
97,20328.531750,240928
98,20328.531750,243394
99,20328.531750,245859
100,20328.531750,248324
101,20328.531750,250793
102,20328.531750,253260
103,20328.531750,255720
104,20328.531750,258193
105,20328.531750,260667
106,20328.531750,263118
107,20328.531750,265576
108,20328.531750,268029
109,20328.531750,270481
110,20328.531750,272931
111,20328.531750,275369
112,20328.531750,277809
113,20328.531750,280251
114,20328.531750,282699
115,20328.531750,285143
116,20328.531750,287588
117,20328.531750,290018
118,20328.531750,292442
119,20328.531750,294870
120,20328.531750,297283
121,20328.531750,299697
122,20328.531750,302113
123,20328.531750,304527
124,20328.531750,306938
125,20328.531750,309353
126,20328.531750,311768
127,20328.531750,314177
128,20328.531750,316585
129,20328.531750,319000
130,20328.531750,321421
131,20328.531750,323843
132,20328.531750,326263
133,20328.531750,328684
134,20328.531750,331108
135,20328.531750,333529
136,20328.531750,335953
137,20328.531750,338368
138,20328.531750,340780
139,20328.531750,343193
140,20328.531750,345607
141,20328.531750,348019
142,20328.531750,350433
143,20328.531750,352845
144,20328.531750,355260
145,20328.531750,357673
146,20328.531750,360089
147,20328.531750,362504
148,20328.531750,364923
149,20328.531750,367336
150,20328.531750,369748
151,20328.531750,372159
152,20328.531750,374571
153,20328.531750,376982
154,20328.531750,379396
155,20328.531750,381811
156,20328.531750,384227
157,20328.531750,386645
158,20328.531750,389060
159,20328.531750,391478
160,20328.531750,393896
161,20328.531750,396316
162,20328.531750,398738
163,20328.531750,401158
164,20328.531750,403578
165,20328.531750,405998
166,20328.531750,408421
167,20328.531750,410846
168,20328.531750,413270
169,20328.531750,415693
170,20328.531750,418118
171,20328.531750,420545
172,20328.531750,422972
173,20328.531750,425399
174,20328.531750,427828
175,20328.531750,430260
176,20328.531750,432667
177,20328.531750,435084
178,20328.531750,437503
179,20328.531750,439920
180,20328.531750,442324
181,20328.531750,444731
182,20328.531750,447147
183,20328.531750,449564
184,20328.531750,451980
185,20328.531750,454383
186,20328.531750,456783
187,20328.531750,459184
188,20328.531750,461586
189,20328.531750,463987
190,20328.531750,466387
191,20328.531750,468789
192,20328.531750,471200
193,20328.531750,473613
194,20328.531750,476026
195,20328.531750,478441
196,20328.531750,480855
197,20328.531750,483257
198,20328.531750,485659
199,20328.531750,488061
200,20328.531750,490464
201,20328.531750,492867
202,20328.531750,495269
203,20328.531750,497671
204,20328.531750,500074
205,20328.531750,502476
206,20328.531750,504880
207,20328.531750,507285
208,20328.531750,509689
209,20328.531750,512094
210,20328.531750,514485
211,20328.531750,516876
212,20328.531750,519268
213,20328.531750,521661
214,20328.531750,524057
215,20328.531750,526453
216,20328.531750,528849
217,20328.531750,531245
218,20328.531750,533644
219,20328.531750,536048
220,20328.531750,538458
221,20328.531750,540868
222,20328.531750,543258
223,20328.531750,545649
224,20328.531750,548040
225,20328.531750,550431
226,20328.531750,552822
227,20328.531750,555214
228,20328.531750,557605
229,20328.531750,559996
230,20328.531750,562387
231,20328.531750,564778
232,20328.531750,567169
233,20328.531750,569560
234,20328.531750,571951
235,20328.531750,574342
236,20328.531750,576734
237,20328.531750,579134
238,20328.531750,581537
239,20328.531750,583942
240,20328.531750,586346
241,20328.531750,588751
242,20328.531750,591156
243,20328.531750,593561
244,20328.531750,595966
245,20328.531750,598371
246,20328.531750,600776
247,20328.531750,603181
248,20328.531750,605586
249,20328.531750,607991
250,20328.531750,610396
251,20328.531750,612801
252,20328.531750,615206
253,20328.531750,617611
254,20328.531750,620017
255,20328.531750,622437
256,20328.531750,624859
257,20328.531750,627280
258,20328.531750,629700
259,20328.531750,632120
260,20328.531750,634525
261,20328.531750,636930
262,20328.531750,639335
263,20328.531750,641741
264,20328.531750,644147
265,20328.531750,646553
266,20328.531750,648958
267,20328.531750,651364
268,20328.531750,653769
269,20328.531750,656174
270,20328.531750,658579
271,20328.531750,660984
272,20328.531750,663388
273,20328.531750,665793
274,20328.531750,668198
275,20328.531750,670602
276,20328.531750,673007
277,20328.531750,675411
278,20328.531750,677815
279,20328.531750,680220
280,20328.531750,682629
281,20328.531750,685046
282,20328.531750,687464
283,20328.531750,689880
284,20328.531750,692285
285,20328.531750,694691
286,20328.531750,697089
287,20328.531750,699494
288,20328.531750,701899
289,20328.531750,704313
290,20328.531750,706730
291,20328.531750,709138
292,20328.531750,711545
20328.531750,48.347537
1,20427.170667,2376
2,20416.358406,4757
3,20389.997614,7143
4,20385.523168,9540
5,20362.446743,11943
6,20351.161738,14358
7,20325.179890,16781
8,20323.108393,19218
9,20303.621552,21656
10,20297.022323,24101
11,20282.045771,26559
12,20281.292773,29026
13,20279.572200,31498
14,20279.572200,33965
15,20248.811536,36432
16,20239.675049,38902
17,20221.769112,41376
18,20221.769112,43851
19,20221.769112,46329
20,20221.769112,48806
21,20218.584034,51289
22,20217.497180,53775
23,20216.210953,56264
24,20215.725454,58756
25,20214.281746,61247
26,20214.281746,63744
27,20213.762925,66245
28,20213.271854,68742
29,20212.533279,71228
30,20212.533279,73715
31,20212.533279,76203
32,20212.533279,78692
33,20212.533279,81169
34,20212.533279,83648
35,20212.533279,86128
36,20212.533279,88613
37,20212.533279,91104
38,20212.533279,93599
39,20212.533279,96094
40,20212.533279,98596
41,20212.533279,101111
42,20212.533279,103627
43,20212.533279,106150
44,20212.533279,108669
45,20212.533279,111164
46,20212.533279,113651
47,20212.533279,116124
48,20212.533279,118603
49,20212.533279,121089
50,20212.533279,123581
51,20212.533279,126070
52,20212.533279,128557
53,20212.533279,131034
54,20212.533279,133514
55,20212.533279,135976
56,20212.533279,138424
57,20212.533279,140871
58,20212.533279,143332
59,20212.533279,145790
60,20212.533279,148240
61,20212.533279,150693
62,20212.533279,153150
63,20212.533279,155598
64,20212.533279,158045
65,20212.533279,160483
66,20212.533279,162927
67,20212.533279,165364
68,20212.533279,167804
69,20212.533279,170228
70,20212.533279,172656
71,20212.533279,175075
72,20212.533279,177498
73,20212.533279,179924
74,20212.533279,182356
75,20212.533279,184772
76,20212.533279,187187
77,20212.533279,189603
78,20212.533279,192007
79,20212.533279,194414
80,20212.533279,196822
81,20212.533279,199229
82,20212.533279,201640
83,20212.533279,204051
84,20212.533279,206448
85,20212.533279,208846
86,20212.533279,211244
87,20212.533279,213642
88,20212.533279,216039
89,20212.533279,218435
90,20212.533279,220832
91,20212.533279,223230
92,20212.533279,225629
93,20212.533279,228035
94,20212.533279,230443
95,20212.533279,232840
96,20212.533279,235238
97,20212.533279,237627
98,20212.533279,240016
99,20212.533279,242404
100,20212.533279,244793
101,20212.533279,247182
102,20212.533279,249572
103,20212.533279,251970
104,20212.533279,254368
105,20212.533279,256767
106,20212.533279,259156
107,20212.533279,261545
108,20212.533279,263934
109,20212.533279,266324
110,20212.533279,268701
111,20212.533279,271078
112,20212.533279,273456
113,20212.533279,275834
114,20212.533279,278212
115,20212.533279,280590
116,20212.533279,282968
117,20212.533279,285346
118,20212.533279,287725
119,20212.533279,290104
120,20212.533279,292483
121,20212.533279,294863
122,20212.533279,297250
123,20212.533279,299641
124,20212.533279,302034
125,20212.533279,304412
126,20212.533279,306790
127,20212.533279,309168
128,20212.533279,311547
129,20212.533279,313926
130,20212.533279,316305
131,20212.533279,318684
132,20212.533279,321064
133,20212.533279,323447
134,20212.533279,325837
135,20212.533279,328217
136,20212.533279,330604
137,20212.533279,332997
138,20212.533279,335395
139,20212.533279,337795
140,20212.533279,340174
141,20212.533279,342553
142,20212.533279,344933
143,20212.533279,347313
144,20212.533279,349693
145,20212.533279,352074
146,20212.533279,354468
147,20212.533279,356872
148,20212.533279,359281
149,20212.533279,361675
150,20212.533279,364056
151,20212.533279,366437
152,20212.533279,368818
153,20212.533279,371199
154,20212.533279,373582
155,20212.533279,375970
156,20212.533279,378362
157,20212.533279,380746
158,20212.533279,383133
159,20212.533279,385519
160,20212.533279,387898
161,20212.533279,390277
162,20212.533279,392656
163,20212.533279,395036
164,20212.533279,397416
165,20212.533279,399803
166,20212.533279,402200
167,20212.533279,404583
168,20212.533279,406974
169,20212.533279,409366
170,20212.533279,411748
171,20212.533279,414130
172,20212.533279,416511
173,20212.533279,418892
174,20212.533279,421272
175,20212.533279,423653
176,20212.533279,426035
177,20212.533279,428417
178,20212.533279,430800
179,20212.533279,433184
180,20212.533279,435573
181,20212.533279,437969
182,20212.533279,440370
183,20212.533279,442759
184,20212.533279,445137
185,20212.533279,447523
186,20212.533279,449899
187,20212.533279,452275
188,20212.533279,454651
189,20212.533279,457027
190,20212.533279,459403
191,20212.533279,461779
192,20212.533279,464155
193,20212.533279,466531
194,20212.533279,468907
195,20212.533279,471283
196,20212.533279,473659
197,20212.533279,476035
198,20212.533279,478411
199,20212.533279,480787
200,20212.533279,483163
201,20212.533279,485539
202,20212.533279,487915
203,20212.533279,490291
204,20212.533279,492667
205,20212.533279,495043
206,20212.533279,497419
207,20212.533279,499795
208,20212.533279,502171
209,20212.533279,504547
210,20212.533279,506923
211,20212.533279,509299
212,20212.533279,511675
213,20212.533279,514051
214,20212.533279,516427
215,20212.533279,518803
216,20212.533279,521179
217,20212.533279,523555
218,20212.533279,525931
219,20212.533279,528307
220,20212.533279,530683
221,20212.533279,533059
222,20212.533279,535437
223,20212.533279,537817
224,20212.533279,540199
225,20212.533279,542582
226,20212.533279,544958
227,20212.533279,547334
228,20212.533279,549710
229,20212.533279,552086
230,20212.533279,554462
231,20212.533279,556838
232,20212.533279,559214
233,20212.533279,561590
234,20212.533279,563966
235,20212.533279,566342
236,20212.533279,568718
237,20212.533279,571094
238,20212.533279,573470
239,20212.533279,575846
240,20212.533279,578222
241,20212.533279,580598
242,20212.533279,582974
243,20212.533279,585350
244,20212.533279,587726
245,20212.533279,590102
246,20212.533279,592480
247,20212.533279,594867
248,20212.533279,597248
249,20212.533279,599637
250,20212.533279,602013
251,20212.533279,604389
252,20212.533279,606765
253,20212.533279,609141
254,20212.533279,611519
255,20212.533279,613905
256,20212.533279,616291
257,20212.533279,618667
258,20212.533279,621049
259,20212.533279,623442
260,20212.533279,625834
261,20212.533279,628212
262,20212.533279,630603
263,20212.533279,632979
264,20212.533279,635355
265,20212.533279,637731
266,20212.533279,640107
267,20212.533279,642483
268,20212.533279,644862
269,20212.533279,647249
270,20212.533279,649639
271,20212.533279,652015
272,20212.533279,654398
273,20212.533279,656784
274,20212.533279,659174
275,20212.533279,661566
276,20212.533279,663942
277,20212.533279,666318
278,20212.533279,668694
279,20212.533279,671070
280,20212.533279,673446
281,20212.533279,675822
282,20212.533279,678198
283,20212.533279,680574
284,20212.533279,682955
285,20212.533279,685341
286,20212.533279,687729
287,20212.533279,690105
288,20212.533279,692481
289,20212.533279,694857
290,20212.533279,697233
291,20212.533279,699609
292,20212.533279,701985
293,20212.533279,704361
294,20212.533279,706737
295,20212.533279,709113
296,20212.533279,711489
20212.533279,45.488059
1,20430.203760,2376
2,20416.399086,4756
3,20398.689942,7141
4,20397.336898,9531
5,20360.417825,11937
6,20344.809591,14351
7,20328.405562,16780
8,20318.388181,19218
9,20304.524506,21666
10,20302.187087,24118
11,20270.956022,26578
12,20260.967172,29046
13,20260.967172,31514
14,20260.967172,33985
15,20230.684567,36461
16,20230.684567,38931
17,20224.615723,41414
18,20224.154471,43897
19,20224.154471,46377
20,20216.573974,48856
21,20215.696292,51342
22,20215.696292,53828
23,20213.413353,56316
24,20213.413353,58804
25,20206.190266,61294
26,20194.006500,63791
27,20182.856752,66289
28,20182.856752,68787
29,20182.856752,71287
30,20182.856752,73785
31,20182.856752,76287
32,20177.219000,78777
33,20177.219000,81268
34,20177.219000,83732
35,20177.219000,86201
36,20177.219000,88674
37,20177.219000,91148
38,20177.219000,93632
39,20177.219000,96126
40,20177.219000,98641
41,20177.219000,101154
42,20177.219000,103667
43,20177.219000,106180
44,20177.219000,108688
45,20177.219000,111199
46,20177.219000,113712
47,20177.219000,116223
48,20177.219000,118728
49,20177.219000,121236
50,20177.219000,123747
51,20177.219000,126256
52,20177.219000,128767
53,20177.219000,131278
54,20177.219000,133786
55,20177.219000,136299
56,20177.219000,138811
57,20177.190013,141326
58,20177.190013,143837
59,20177.190013,146344
60,20177.190013,148847
61,20177.190013,151350
62,20177.190013,153838
63,20177.190013,156325
64,20177.190013,158811
65,20177.170143,161282
66,20177.170143,163753
67,20177.170143,166225
68,20177.170143,168698
69,20177.170143,171174
70,20177.170143,173663
71,20177.170143,176164
72,20177.170143,178663
73,20177.170143,181153
74,20177.170143,183623
75,20175.684733,186093
76,20175.684733,188567
77,20173.871740,191038
78,20173.871740,193511
79,20173.871740,195983
80,20173.871740,198457
81,20173.871740,200932
82,20173.871740,203407
83,20173.871740,205882
84,20173.871740,208353
85,20173.871740,210832
86,20173.871740,213303
87,20173.871740,215785
88,20173.871740,218268
89,20173.871740,220754
90,20173.871740,223238
91,20173.871740,225712
92,20173.871740,228187
93,20173.871740,230662
94,20173.871740,233127
95,20173.871740,235597
96,20173.871740,238069
97,20173.871740,240543
98,20173.871740,243022
99,20173.871740,245497
100,20173.871740,247978
101,20173.855489,250459
102,20173.855489,252945
103,20173.855489,255430
104,20173.855489,257916
105,20173.855489,260381
106,20173.855489,262846
107,20173.568103,265313
108,20173.568103,267780
109,20173.532371,270249
110,20173.532371,272721
111,20173.532371,275196
112,20173.532371,277677
113,20173.532371,280157
114,20173.532371,282639
115,20173.532371,285119
116,20173.532371,287578
117,20173.532371,290035
118,20173.532371,292496
119,20173.532371,294959
120,20173.532371,297429
121,20173.532371,299903
122,20173.532371,302375
123,20173.532371,304848
124,20173.532371,307317
125,20173.532371,309783
126,20173.532371,312258
127,20173.532371,314749
128,20173.532371,317240
129,20173.532371,319726
130,20173.532371,322210
131,20173.532371,324691
132,20173.532371,327140
133,20173.532371,329575
134,20173.532371,332009
135,20173.532371,334444
136,20173.532371,336883
137,20173.532371,339329
138,20173.532371,341752
139,20173.532371,344172
140,20173.532371,346593
141,20173.532371,349019
142,20173.532371,351453
143,20173.532371,353887
144,20173.532371,356311
145,20173.532371,358736
146,20173.532371,361157
147,20173.532371,363577
148,20173.532371,365998
149,20173.532371,368433
150,20173.532371,370871
151,20173.532371,373317
152,20173.532371,375750
153,20173.532371,378178
154,20173.532371,380587
155,20173.532371,383000
156,20173.532371,385416
157,20173.532371,387831
158,20173.532371,390245
159,20173.532371,392662
160,20173.532371,395081
161,20173.532371,397500
162,20173.532371,399916
163,20173.532371,402343
164,20173.532371,404771
165,20173.532371,407201
166,20173.532371,409638
167,20173.532371,412075
168,20173.532371,414511
169,20173.532371,416949
170,20173.532371,419378
171,20173.532371,421807
172,20173.532371,424237
173,20173.532371,426667
174,20173.532371,429096
175,20173.532371,431512
176,20173.532371,433933
177,20173.532371,436344
178,20173.532371,438755
179,20173.532371,441166
180,20173.532371,443570
181,20173.532371,445976
182,20173.532371,448380
183,20173.532371,450783
184,20173.532371,453191
185,20173.532371,455599
186,20173.532371,458008
187,20173.532371,460411
188,20173.532371,462812
189,20173.532371,465216
190,20173.532371,467604
191,20173.532371,469992
192,20173.532371,472383
193,20173.532371,474773
194,20173.532371,477152
195,20173.532371,479537
196,20173.532371,481923
197,20173.532371,484309
198,20173.532371,486709
199,20173.532371,489101
200,20173.532371,491493
201,20173.532371,493889
202,20173.532371,496286
203,20173.532371,498682
204,20173.532371,501061
205,20173.532371,503440
206,20173.532371,505819
207,20173.532371,508198
208,20173.532371,510577
209,20173.532371,512956
210,20173.532371,515336
211,20173.532371,517716
212,20173.532371,520097
213,20173.532371,522488
214,20173.532371,524887
215,20173.532371,527296
216,20173.532371,529711
217,20173.532371,532090
218,20173.532371,534471
219,20173.532371,536855
220,20173.532371,539253
221,20173.532371,541641
222,20173.532371,544022
223,20173.532371,546402
224,20173.532371,548782
225,20173.532371,551161
226,20173.532371,553541
227,20173.532371,555921
228,20173.532371,558300
229,20173.532371,560679
230,20173.532371,563060
231,20173.532371,565441
232,20173.532371,567817
233,20173.532371,570199
234,20173.532371,572575
235,20173.532371,574951
236,20173.532371,577327
237,20173.532371,579703
238,20173.532371,582079
239,20173.532371,584455
240,20173.532371,586831
241,20173.532371,589207
242,20173.532371,591583
243,20173.532371,593959
244,20173.532371,596335
245,20173.532371,598711
246,20173.532371,601088
247,20173.532371,603473
248,20173.532371,605862
249,20173.532371,608249
250,20173.532371,610638
251,20173.532371,613020
252,20173.532371,615403
253,20173.532371,617785
254,20173.532371,620168
255,20173.532371,622544
256,20173.532371,624920
257,20173.532371,627296
258,20173.532371,629672
259,20173.532371,632048
260,20173.532371,634424
261,20173.532371,636800
262,20173.532371,639176
263,20173.532371,641552
264,20173.532371,643932
265,20173.532371,646315
266,20173.532371,648698
267,20173.532371,651081
268,20173.532371,653459
269,20173.532371,655837
270,20173.532371,658216
271,20173.532371,660595
272,20173.532371,662974
273,20173.532371,665353
274,20173.532371,667732
275,20173.532371,670110
276,20173.532371,672488
277,20173.532371,674870
278,20173.532371,677265
279,20173.532371,679643
280,20173.532371,682021
281,20173.532371,684398
282,20173.532371,686775
283,20173.532371,689153
284,20173.532371,691541
285,20173.532371,693934
286,20173.532371,696326
287,20173.532371,698703
288,20173.532371,701080
289,20173.532371,703457
290,20173.532371,705834
291,20173.532371,708211
292,20173.532371,710593
20173.532371,46.206203
1,20418.129870,2376
2,20411.341328,4757
3,20404.542366,7139
4,20404.542366,9524
5,20404.542366,11917
6,20404.542366,14317
7,20404.542366,16716
8,20306.418426,19133
9,20299.823815,21552
10,20298.788409,23981
11,20279.581485,26416
12,20268.815532,28861
13,20257.330988,31311
14,20251.682971,33769
15,20226.406606,36235
16,20226.277847,38708
17,20225.923811,41186
18,20225.748355,43678
19,20220.246133,46177
20,20217.928326,48675
21,20217.928326,51177
22,20217.870168,53681
23,20214.510027,56200
24,20214.510027,58732
25,20214.510027,61279
26,20214.404536,63844
27,20214.404536,66402
28,20214.347844,68962
29,20212.907616,71524
30,20212.907616,74087
31,20211.897678,76639
32,20211.897678,79192
33,20183.865023,81752
34,20183.865023,84309
35,20183.382212,86874
36,20183.382212,89439
37,20183.163771,92011
38,20183.163771,94584
39,20183.163771,97153
40,20183.163771,99726
41,20177.410498,102304
42,20177.410498,104873
43,20177.410498,107442
44,20177.410498,110005
45,20177.410498,112563
46,20177.410498,115103
47,20177.410498,117655
48,20177.410498,120198
49,20177.410498,122757
50,20177.410498,125298
51,20177.410498,127851
52,20176.921976,130387
53,20176.921976,132920
54,20176.921976,135442
55,20176.921976,137961
56,20176.921976,140482
57,20176.797812,143004
58,20176.797812,145530
59,20176.797812,148058
60,20176.797812,150577
61,20176.797812,153097
62,20176.797812,155616
63,20176.797812,158131
64,20176.797812,160639
65,20176.797812,163148
66,20176.797812,165644
67,20176.797812,168143
68,20176.797812,170648
69,20176.797812,173154
70,20176.797812,175660
71,20176.797812,178156
72,20176.797812,180653
73,20176.797812,183151
74,20176.797812,185646
75,20176.797812,188139
76,20176.797812,190637
77,20176.192466,193136
78,20176.192466,195630
79,20176.192466,198122
80,20176.192466,200578
81,20176.192466,203030
82,20176.192466,205486
83,20176.192466,207941
84,20176.192466,210389
85,20172.910109,212849
86,20172.910109,215313
87,20172.910109,217778
88,20172.910109,220231
89,20172.910109,222685
90,20172.910109,225138
91,20172.910109,227596
92,20172.910109,230039
93,20172.910109,232477
94,20172.910109,234920
95,20172.910109,237370
96,20172.910109,239826
97,20172.910109,242289
98,20172.910109,244741
99,20172.910109,247213
100,20172.910109,249668
101,20172.910109,252116
102,20172.910109,254567
103,20172.910109,257017
104,20172.910109,259446
105,20172.910109,261891
106,20172.910109,264321
107,20172.910109,266748
108,20172.910109,269164
109,20172.910109,271582
110,20172.910109,274000
111,20172.910109,276418
112,20172.910109,278839
113,20172.910109,281262
114,20172.910109,283685
115,20172.910109,286104
116,20172.910109,288530
117,20172.910109,290953
118,20172.910109,293371
119,20172.910109,295786
120,20172.910109,298201
121,20172.910109,300614
122,20172.910109,303016
123,20172.910109,305419
124,20172.910109,307825
125,20172.910109,310233
126,20172.910109,312620
127,20172.910109,315006
128,20172.910109,317391
129,20172.910109,319776
130,20172.910109,322163
131,20172.910109,324551
132,20172.910109,326939
133,20172.910109,329335
134,20172.910109,331736
135,20172.910109,334136
136,20172.910109,336535
137,20172.910109,338922
138,20172.910109,341309
139,20172.910109,343696
140,20172.910109,346084
141,20172.910109,348472
142,20172.910109,350858
143,20172.910109,353243
144,20172.910109,355630
145,20172.910109,358019
146,20172.910109,360407
147,20172.910109,362795
148,20172.910109,365184
149,20172.910109,367573
150,20172.910109,369962
151,20172.910109,372349
152,20172.910109,374738
153,20172.910109,377127
154,20172.910109,379517
155,20172.910109,381908
156,20172.910109,384300
157,20172.910109,386691
158,20172.910109,389086
159,20172.910109,391483
160,20172.910109,393878
161,20172.910109,396273
162,20172.910109,398670
163,20172.910109,401067
164,20172.910109,403465
165,20172.910109,405866
166,20172.910109,408269
167,20172.910109,410673
168,20172.910109,413065
169,20172.910109,415460
170,20172.910109,417859
171,20172.910109,420265
172,20172.910109,422670
173,20172.910109,425076
174,20172.910109,427465
175,20172.910109,429853
176,20172.910109,432242
177,20172.910109,434635
178,20172.910109,437027
179,20172.910109,439421
180,20172.910109,441815
181,20172.910109,444218
182,20172.910109,446627
183,20172.910109,449020
184,20172.910109,451400
185,20172.910109,453780
186,20172.910109,456160
187,20172.910109,458540
188,20172.910109,460921
189,20172.910109,463302
190,20172.910109,465683
191,20172.910109,468071
192,20172.910109,470468
193,20172.910109,472862
194,20172.910109,475259
195,20172.910109,477656
196,20172.910109,480038
197,20172.910109,482421
198,20172.910109,484806
199,20172.910109,487192
200,20172.910109,489580
201,20172.910109,491982
202,20172.910109,494375
203,20172.910109,496768
204,20172.910109,499163
205,20172.910109,501564
206,20172.910109,503942
207,20172.910109,506319
208,20172.910109,508696
209,20172.910109,511073
210,20172.910109,513450
211,20172.910109,515827
212,20172.910109,518204
213,20172.910109,520581
214,20172.910109,522959
215,20172.910109,525337
216,20172.910109,527716
217,20172.910109,530095
218,20172.910109,532478
219,20172.910109,534869
220,20172.910109,537273
221,20172.910109,539662
222,20172.910109,542053
223,20172.910109,544442
224,20172.910109,546836
225,20172.910109,549228
226,20172.910109,551621
227,20172.910109,553999
228,20172.910109,556377
229,20172.910109,558755
230,20172.910109,561133
231,20172.910109,563511
232,20172.910109,565889
233,20172.910109,568267
234,20172.910109,570645
235,20172.910109,573023
236,20172.910109,575401
237,20172.910109,577779
238,20172.910109,580157
239,20172.910109,582535
240,20172.910109,584913
241,20172.910109,587291
242,20172.910109,589669
243,20172.910109,592047
244,20172.910109,594425
245,20172.910109,596802
246,20172.910109,599180
247,20172.910109,601561
248,20172.910109,603945
249,20172.910109,606330
250,20172.910109,608715
251,20172.910109,611100
252,20172.910109,613485
253,20172.910109,615864
254,20172.910109,618245
255,20172.910109,620632
256,20172.910109,623024
257,20172.910109,625403
258,20172.910109,627782
259,20172.910109,630161
260,20172.910109,632540
261,20172.910109,634922
262,20172.910109,637315
263,20172.910109,639721
264,20172.910109,642113
265,20172.910109,644490
266,20172.910109,646866
267,20172.910109,649242
268,20172.910109,651618
269,20172.910109,653996
270,20172.910109,656380
271,20172.910109,658756
272,20172.910109,661132
273,20172.910109,663508
274,20172.910109,665884
275,20172.910109,668260
276,20172.910109,670636
277,20172.910109,673012
278,20172.910109,675388
279,20172.910109,677764
280,20172.910109,680140
281,20172.910109,682516
282,20172.910109,684892
283,20172.910109,687268
284,20172.910109,689644
285,20172.910109,692020
286,20172.910109,694403
287,20172.910109,696793
288,20172.910109,699185
289,20172.910109,701561
290,20172.910109,703938
291,20172.910109,706315
292,20172.910109,708692
293,20172.910109,711069
20172.910109,45.700555
1,20420.850357,2376
2,20405.470205,4755
3,20388.762738,7133
4,20372.632305,9514
5,20361.642677,11902
6,20356.135219,14292
7,20324.181548,16701
8,20313.774661,19120
9,20303.212738,21547
10,20289.129284,23995
11,20270.440655,26452
12,20269.391038,28912
13,20265.044904,31376
14,20256.042948,33852
15,20228.644238,36331
16,20228.644238,38821
17,20223.589671,41321
18,20223.589671,43822
19,20222.551973,46328
20,20220.562186,48834
21,20219.512301,51347
22,20218.745596,53866
23,20218.590518,56382
24,20218.590518,58907
25,20212.767730,61433
26,20212.767730,63966
27,20212.767730,66508
28,20212.767730,69043
29,20211.948224,71587
30,20211.948224,74129
31,20211.785080,76678
32,20211.785080,79243
33,20211.785080,81802
34,20211.651317,84369
35,20211.606738,86934
36,20211.606738,89506
37,20211.606738,92079
38,20211.606738,94655
39,20211.569025,97233
40,20211.569025,99812
41,20211.569025,102378
42,20211.363525,104926
43,20211.295729,107474
44,20211.248232,110021
45,20184.564742,112570
46,20184.564742,115118
47,20180.366228,117667
48,20180.366228,120198
49,20180.366228,122727
50,20180.366228,125259
51,20180.366228,127775
52,20180.366228,130289
53,20178.515932,132800
54,20178.515932,135313
55,20178.515932,137824
56,20178.515932,140341
57,20178.515932,142857
58,20178.515932,145376
59,20178.515932,147891
60,20178.515932,150408
61,20178.515932,152922
62,20178.515932,155439
63,20178.515932,157957
64,20178.515932,160473
65,20175.322901,162986
66,20175.322901,165491
67,20175.126308,168008
68,20175.126308,170528
69,20173.871740,173044
70,20173.871740,175550
71,20173.871740,178046
72,20173.871740,180543
73,20173.871740,183033
74,20173.871740,185528
75,20173.871740,188014
76,20173.871740,190501
77,20173.871740,192990
78,20173.871740,195473
79,20173.871740,197957
80,20173.871740,200444
81,20173.532371,202929
82,20173.532371,205412
83,20173.532371,207894
84,20173.532371,210378
85,20173.532371,212868
86,20173.532371,215357
87,20173.532371,217842
88,20173.532371,220320
89,20173.532371,222796
90,20173.532371,225273
91,20173.532371,227753
92,20173.532371,230232
93,20173.532371,232710
94,20173.532371,235185
95,20173.532371,237662
96,20173.532371,240141
97,20173.532371,242626
98,20173.532371,245108
99,20173.532371,247589
100,20173.532371,250070
101,20173.532371,252534
102,20173.532371,254997
103,20173.532371,257464
104,20173.532371,259925
105,20173.532371,262390
106,20173.532371,264848
107,20173.532371,267306
108,20173.532371,269761
109,20173.532371,272218
110,20173.532371,274674
111,20173.532371,277129
112,20173.532371,279585
113,20173.532371,282046
114,20173.532371,284492
115,20173.532371,286941
116,20173.532371,289379
117,20173.532371,291818
118,20173.532371,294260
119,20173.532371,296708
120,20173.532371,299158
121,20173.532371,301607
122,20173.532371,304057
123,20173.532371,306506
124,20173.532371,308953
125,20173.532371,311405
126,20173.532371,313854
127,20173.532371,316293
128,20173.532371,318733
129,20173.532371,321173
130,20173.532371,323611
131,20173.532371,326044
132,20173.532371,328477
133,20173.532371,330910
134,20173.532371,333344
135,20173.532371,335778
136,20173.532371,338215
137,20173.532371,340650
138,20173.532371,343088
139,20173.532371,345524
140,20173.532371,347961
141,20173.532371,350383
142,20173.532371,352801
143,20173.532371,355224
144,20173.532371,357647
145,20173.532371,360076
146,20173.532371,362503
147,20173.532371,364925
148,20173.532371,367347
149,20173.532371,369771
150,20173.532371,372195
151,20173.532371,374618
152,20173.532371,377039
153,20173.532371,379461
154,20173.532371,381888
155,20173.532371,384309
156,20173.532371,386734
157,20173.532371,389160
158,20173.532371,391586
159,20173.532371,394018
160,20173.532371,396441
161,20173.532371,398863
162,20173.532371,401286
163,20173.532371,403704
164,20173.532371,406113
165,20173.532371,408527
166,20173.532371,410943
167,20173.532371,413359
168,20173.532371,415773
169,20173.532371,418189
170,20173.532371,420606
171,20172.910109,423019
172,20172.910109,425429
173,20172.910109,427840
174,20172.910109,430249
175,20172.910109,432658
176,20172.910109,435067
177,20172.910109,437475
178,20172.910109,439884
179,20172.910109,442295
180,20172.910109,444714
181,20172.910109,447131
182,20172.910109,449549
183,20172.910109,451968
184,20172.910109,454382
185,20172.910109,456795
186,20172.910109,459206
187,20172.910109,461619
188,20172.910109,464031
189,20172.910109,466443
190,20172.910109,468848
191,20172.910109,471252
192,20172.910109,473644
193,20172.910109,476038
194,20172.910109,478431
195,20172.910109,480825
196,20172.910109,483218
197,20172.910109,485612
198,20172.910109,488006
199,20172.910109,490402
200,20172.910109,492804
201,20172.910109,495203
202,20172.910109,497605
203,20172.910109,500019
204,20172.910109,502432
205,20172.910109,504846
206,20172.910109,507261
207,20172.910109,509671
208,20172.910109,512086
209,20172.910109,514479
210,20172.910109,516876
211,20172.910109,519266
212,20172.910109,521657
213,20172.910109,524043
214,20172.910109,526431
215,20172.910109,528820
216,20172.910109,531208
217,20172.910109,533595
218,20172.910109,535983
219,20172.910109,538372
220,20172.910109,540766
221,20172.910109,543158
222,20172.910109,545550
223,20172.910109,547946
224,20172.910109,550343
225,20172.910109,552740
226,20172.910109,555128
227,20172.910109,557516
228,20172.910109,559903
229,20172.910109,562290
230,20172.910109,564678
231,20172.910109,567068
232,20172.910109,569459
233,20172.910109,571853
234,20172.910109,574248
235,20172.910109,576649
236,20172.910109,579056
237,20172.910109,581460
238,20172.910109,583861
239,20172.910109,586258
240,20172.910109,588659
241,20172.910109,591045
242,20172.910109,593435
243,20172.910109,595831
244,20172.910109,598209
245,20172.910109,600587
246,20172.910109,602966
247,20172.910109,605344
248,20172.910109,607722
249,20172.910109,610099
250,20172.910109,612476
251,20172.910109,614853
252,20172.910109,617230
253,20172.910109,619607
254,20172.910109,621984
255,20172.910109,624362
256,20172.910109,626739
257,20172.910109,629115
258,20172.910109,631492
259,20172.910109,633869
260,20172.910109,636246
261,20172.910109,638623
262,20172.910109,640999
263,20172.910109,643375
264,20172.910109,645752
265,20172.910109,648130
266,20172.910109,650509
267,20172.910109,652888
268,20172.910109,655267
269,20172.910109,657645
270,20172.910109,660024
271,20172.910109,662403
272,20172.910109,664783
273,20172.910109,667163
274,20172.910109,669543
275,20172.910109,671923
276,20172.910109,674303
277,20172.910109,676683
278,20172.910109,679064
279,20172.910109,681453
280,20172.910109,683844
281,20172.910109,686236
282,20172.910109,688628
283,20172.910109,691007
284,20172.910109,693386
285,20172.910109,695765
286,20172.910109,698144
287,20172.910109,700523
288,20172.910109,702902
289,20172.910109,705281
290,20172.910109,707660
291,20172.910109,710040
292,20172.910109,712420
20172.910109,46.143253
1,20417.131266,2376
2,20408.454754,4755
3,20386.998833,7137
4,20378.263012,9520
5,20367.005800,11913
6,20352.135255,14303
7,20334.115926,16699
8,20334.115926,19094
9,20334.115926,21498
10,20306.103418,23921
11,20306.103418,26346
12,20306.103418,28789
13,20306.103418,31238
14,20306.103418,33700
15,20306.103418,36161
16,20306.103418,38624
17,20306.103418,41098
18,20306.103418,43572
19,20306.103418,46043
20,20306.103418,48522
21,20306.103418,51012
22,20306.103418,53513
23,20306.103418,56022
24,20306.103418,58541
25,20306.103418,61059
26,20306.103418,63576
27,20306.103418,66096
28,20306.103418,68617
29,20306.103418,71131
30,20306.103418,73648
31,20306.103418,76163
32,20306.103418,78677
33,20306.103418,81191
34,20306.103418,83706
35,20306.103418,86227
36,20306.103418,88746
37,20306.103418,91262
38,20306.103418,93789
39,20306.103418,96320
40,20306.103418,98850
41,20306.103418,101368
42,20306.103418,103890
43,20306.103418,106412
44,20306.103418,108940
45,20306.103418,111469
46,20306.103418,113980
47,20306.103418,116498
48,20306.103418,119025
49,20306.103418,121553
50,20306.103418,124080
51,20306.103418,126607
52,20306.103418,129120
53,20306.103418,131628
54,20306.103418,134129
55,20306.103418,136632
56,20306.103418,139138
57,20306.103418,141626
58,20306.103418,144123
59,20306.103418,146620
60,20306.103418,149115
61,20306.103418,151606
62,20306.103418,154102
63,20306.103418,156583
64,20306.103418,159069
65,20306.103418,161556
66,20306.103418,164038
67,20306.103418,166522
68,20306.103418,169004
69,20306.103418,171491
70,20306.103418,173964
71,20306.103418,176442
72,20306.103418,178905
73,20306.103418,181373
74,20306.103418,183822
75,20306.103418,186280
76,20306.103418,188746
77,20306.103418,191219
78,20306.103418,193690
79,20306.103418,196165
80,20306.103418,198634
81,20306.103418,201105
82,20306.103418,203577
83,20306.103418,206047
84,20306.103418,208519
85,20306.103418,210993
86,20306.103418,213469
87,20306.103418,215920
88,20306.103418,218375
89,20306.103418,220834
90,20306.103418,223279
91,20306.103418,225715
92,20306.103418,228149
93,20306.103418,230586
94,20306.103418,233023
95,20306.103418,235461
96,20306.103418,237896
97,20306.103418,240333
98,20306.103418,242758
99,20306.103418,245194
100,20306.103418,247615
101,20306.103418,250031
102,20306.103418,252448
103,20306.103418,254861
104,20306.103418,257271
105,20306.103418,259685
106,20306.103418,262099
107,20306.103418,264514
108,20306.103418,266926
109,20306.103418,269339
110,20306.103418,271737
111,20306.103418,274133
112,20306.103418,276529
113,20306.103418,278934
114,20306.103418,281360
115,20306.103418,283768
116,20306.103418,286162
117,20306.103418,288555
118,20306.103418,290948
119,20306.103418,293342
120,20306.103418,295737
121,20306.103418,298133
122,20306.103418,300529
123,20306.103418,302925
124,20306.103418,305321
125,20306.103418,307718
126,20306.103418,310115
127,20306.103418,312509
128,20306.103418,314903
129,20306.103418,317297
130,20306.103418,319692
131,20306.103418,322092
132,20306.103418,324500
133,20306.103418,326907
134,20306.103418,329312
135,20306.103418,331711
136,20306.103418,334113
137,20306.103418,336513
138,20306.103418,338916
139,20306.103418,341312
140,20306.103418,343710
141,20306.103418,346104
142,20306.103418,348499
143,20306.103418,350886
144,20306.103418,353273
145,20306.103418,355660
146,20306.103418,358046
147,20306.103418,360433
148,20306.103418,362833
149,20306.103418,365242
150,20306.103418,367651
151,20306.103418,370055
152,20306.103418,372445
153,20306.103418,374835
154,20306.103418,377226
155,20306.103418,379611
156,20306.103418,381996
157,20306.103418,384381
158,20306.103418,386767
159,20306.103418,389157
160,20306.103418,391552
161,20306.103418,393949
162,20306.103418,396334
163,20306.103418,398719
164,20306.103418,401104
165,20306.103418,403489
166,20306.103418,405874
167,20306.103418,408259
168,20306.103418,410645
169,20306.103418,413031
170,20306.103418,415417
171,20306.103418,417803
172,20306.103418,420195
173,20306.103418,422595
174,20306.103418,424999
175,20306.103418,427396
176,20306.103418,429782
177,20306.103418,432168
178,20306.103418,434554
179,20306.103418,436940
180,20306.103418,439326
181,20306.103418,441716
182,20306.103418,444111
183,20306.103418,446508
184,20306.103418,448905
185,20306.103418,451302
186,20306.103418,453689
187,20306.103418,456076
188,20306.103418,458468
189,20306.103418,460869
190,20306.103418,463270
191,20306.103418,465656
192,20306.103418,468041
193,20306.103418,470427
194,20306.103418,472812
195,20306.103418,475198
196,20306.103418,477585
197,20306.103418,479979
198,20306.103418,482365
199,20306.103418,484751
200,20306.103418,487137
201,20306.103418,489523
202,20306.103418,491909
203,20306.103418,494294
204,20306.103418,496679
205,20306.103418,499064
206,20306.103418,501450
207,20306.103418,503835
208,20306.103418,506220
209,20306.103418,508606
210,20306.103418,510994
211,20306.103418,513382
212,20306.103418,515775
213,20306.103418,518168
214,20306.103418,520561
215,20306.103418,522947
216,20306.103418,525332
217,20306.103418,527717
218,20306.103418,530102
219,20306.103418,532487
220,20306.103418,534872
221,20306.103418,537257
222,20306.103418,539642
223,20306.103418,542026
224,20306.103418,544414
225,20306.103418,546808
226,20306.103418,549192
227,20306.103418,551576
228,20306.103418,553959
229,20306.103418,556343
230,20306.103418,558726
231,20306.103418,561110
232,20306.103418,563494
233,20306.103418,565877
234,20306.103418,568261
235,20306.103418,570645
236,20306.103418,573028
237,20306.103418,575411
238,20306.103418,577795
239,20306.103418,580179
240,20306.103418,582563
241,20306.103418,584947
242,20306.103418,587332
243,20306.103418,589720
244,20306.103418,592112
245,20306.103418,594505
246,20306.103418,596889
247,20306.103418,599273
248,20306.103418,601656
249,20306.103418,604040
250,20306.103418,606424
251,20306.103418,608806
252,20306.103418,611190
253,20306.103418,613574
254,20306.103418,615958
255,20306.103418,618342
256,20306.103418,620726
257,20306.103418,623110
258,20306.103418,625493
259,20306.103418,627877
260,20306.103418,630261
261,20306.103418,632644
262,20306.103418,635027
263,20306.103418,637411
264,20306.103418,639795
265,20306.103418,642179
266,20306.103418,644564
267,20306.103418,646958
268,20306.103418,649366
269,20306.103418,651777
270,20306.103418,654162
271,20306.103418,656547
272,20306.103418,658931
273,20306.103418,661316
274,20306.103418,663701
275,20306.103418,666086
276,20306.103418,668471
277,20306.103418,670856
278,20306.103418,673242
279,20306.103418,675635
280,20306.103418,678032
281,20306.103418,680429
282,20306.103418,682813
283,20306.103418,685197
284,20306.103418,687581
285,20306.103418,689964
286,20306.103418,692349
287,20306.103418,694737
288,20306.103418,697127
289,20306.103418,699517
290,20306.103418,701907
291,20306.103418,704297
292,20306.103418,706687
293,20306.103418,709077
294,20306.103418,711461
20306.103418,45.413555
1,20421.307916,2376
2,20407.720609,4756
3,20391.079584,7134
4,20377.973917,9515
5,20358.718509,11900
6,20351.840386,14298
7,20330.305479,16707
8,20317.283571,19117
9,20306.626356,21530
10,20299.270828,23949
11,20293.456870,26366
12,20287.288417,28794
13,20280.653043,31233
14,20259.667447,33676
15,20238.124526,36121
16,20232.631475,38566
17,20222.251343,41023
18,20222.251343,43480
19,20222.251343,45940
20,20222.251343,48403
21,20216.758483,50883
22,20215.867759,53369
23,20214.194400,55851
24,20213.873880,58332
25,20213.844343,60819
26,20213.844343,63302
27,20213.520768,65791
28,20213.520768,68279
29,20213.520768,70767
30,20213.520768,73256
31,20189.043479,75747
32,20189.043479,78242
33,20178.953860,80734
34,20178.953860,83228
35,20178.953860,85715
36,20178.953860,88205
37,20178.953860,90701
38,20178.953860,93198
39,20178.953860,95695
40,20178.953860,98176
41,20178.953860,100657
42,20178.953860,103143
43,20178.645887,105618
44,20178.645887,108083
45,20178.645887,110553
46,20178.645887,113012
47,20178.645887,115476
48,20178.645887,117939
49,20178.645887,120403
50,20178.645887,122874
51,20178.645887,125350
52,20178.645887,127828
53,20178.645887,130287
54,20178.645887,132749
55,20178.645887,135208
56,20178.645887,137664
57,20178.645887,140118
58,20178.645887,142573
59,20178.645887,145023
60,20178.645887,147474
61,20178.645887,149925
62,20178.645887,152377
63,20178.645887,154829
64,20178.645887,157281
65,20178.645887,159731
66,20178.645887,162182
67,20178.645887,164637
68,20178.645887,167086
69,20178.645887,169534
70,20178.645887,171990
71,20178.645887,174451
72,20178.645887,176916
73,20178.645887,179382
74,20178.645887,181846
75,20178.645887,184309
76,20178.645887,186768
77,20178.645887,189226
78,20178.645887,191683
79,20178.645887,194139
80,20178.645887,196597
81,20178.645887,199055
82,20178.645887,201513
83,20178.645887,203971
84,20178.645887,206429
85,20178.645887,208888
86,20178.645887,211348
87,20178.645887,213803
88,20178.645887,216260
89,20178.645887,218721
90,20178.645887,221179
91,20178.645887,223638
92,20178.645887,226100
93,20178.645887,228559
94,20178.645887,231019
95,20178.645887,233479
96,20178.645887,235944
97,20178.645887,238408
98,20178.645887,240873
99,20178.645887,243338
100,20178.645887,245803
101,20178.645887,248265
102,20178.645887,250730
103,20178.645887,253193
104,20178.645887,255658
105,20178.645887,258124
106,20178.645887,260592
107,20178.645887,263056
108,20178.645887,265526
109,20178.645887,267995
110,20178.645887,270467
111,20178.645887,272941
112,20178.645887,275421
113,20178.645887,277904
114,20178.645887,280368
115,20178.645887,282832
116,20178.645887,285298
117,20178.645887,287763
118,20178.645887,290226
119,20178.645887,292690
120,20178.645887,295154
121,20178.645887,297617
122,20178.645887,300078
123,20178.645887,302521
124,20178.645887,304963
125,20178.645887,307400
126,20178.645887,309835
127,20178.645887,312263
128,20178.645887,314698
129,20178.645887,317131
130,20178.645887,319564
131,20178.645887,321996
132,20178.645887,324429
133,20178.645887,326862
134,20178.645887,329296
135,20178.645887,331729
136,20178.645887,334165
137,20178.645887,336611
138,20178.645887,339060
139,20178.645887,341508
140,20178.645887,343959
141,20178.645887,346396
142,20178.645887,348833
143,20178.645887,351269
144,20178.645887,353707
145,20178.645887,356144
146,20178.645887,358579
147,20178.645887,361015
148,20178.645887,363453
149,20178.645887,365891
150,20178.645887,368328
151,20178.645887,370764
152,20178.645887,373200
153,20178.645887,375635
154,20178.645887,378075
155,20178.645887,380524
156,20178.645887,382983
157,20178.645887,385448
158,20178.645887,387896
159,20178.645887,390347
160,20178.645887,392795
161,20178.645887,395230
162,20178.645887,397667
163,20178.645887,400104
164,20178.645887,402537
165,20178.645887,404972
166,20178.645887,407407
167,20178.645887,409840
168,20178.645887,412269
169,20178.645887,414699
170,20178.645887,417131
171,20178.645887,419563
172,20178.645887,421993
173,20178.645887,424421
174,20178.645887,426847
175,20178.645887,429275
176,20178.645887,431704
177,20178.645887,434133
178,20178.645887,436565
179,20178.645887,438996
180,20178.645887,441429
181,20178.645887,443861
182,20178.645887,446290
183,20178.645887,448720
184,20178.645887,451154
185,20178.645887,453593
186,20178.645887,456033
187,20178.645887,458463
188,20178.645887,460892
189,20178.645887,463321
190,20178.645887,465749
191,20178.645887,468175
192,20178.645887,470594
193,20178.645887,473014
194,20178.645887,475436
195,20178.645887,477858
196,20178.645887,480283
197,20178.645887,482710
198,20178.645887,485137
199,20178.645887,487564
200,20178.645887,489991
201,20178.645887,492418
202,20178.645887,494848
203,20178.645887,497294
204,20178.645887,499742
205,20178.645887,502191
206,20178.645887,504642
207,20178.645887,507091
208,20178.645887,509521
209,20178.645887,511948
210,20178.645887,514375
211,20178.645887,516802
212,20178.645887,519229
213,20178.645887,521654
214,20178.645887,524080
215,20178.645887,526508
216,20178.645887,528935
217,20178.645887,531361
218,20178.645887,533791
219,20173.871740,536222
220,20173.871740,538654
221,20173.871740,541084
222,20173.871740,543516
223,20173.871740,545947
224,20173.871740,548378
225,20173.871740,550808
226,20173.871740,553237
227,20173.871740,555666
228,20173.871740,558105
229,20173.871740,560548
230,20173.871740,562987
231,20173.871740,565430
232,20173.871740,567861
233,20173.871740,570293
234,20173.871740,572723
235,20173.871740,575155
236,20173.871740,577577
237,20173.871740,580000
238,20173.871740,582423
239,20173.871740,584846
240,20173.871740,587272
241,20173.871740,589699
242,20173.871740,592142
243,20173.871740,594587
244,20173.871740,597029
245,20173.871740,599471
246,20173.871740,601885
247,20173.871740,604294
248,20173.871740,606706
249,20173.871740,609123
250,20173.871740,611536
251,20173.871740,613947
252,20173.871740,616360
253,20173.871740,618773
254,20173.871740,621196
255,20173.871740,623629
256,20173.871740,626061
257,20173.871740,628494
258,20173.871740,630919
259,20173.871740,633333
260,20173.871740,635749
261,20173.871740,638174
262,20173.871740,640604
263,20173.871740,643035
264,20173.871740,645465
265,20173.871740,647902
266,20173.871740,650328
267,20173.871740,652755
268,20173.871740,655179
269,20173.871740,657601
270,20173.871740,660015
271,20173.871740,662429
272,20173.871740,664845
273,20173.871740,667262
274,20173.871740,669679
275,20173.871740,672096
276,20173.871740,674509
277,20173.871740,676923
278,20173.871740,679338
279,20173.871740,681751
280,20173.871740,684167
281,20173.871740,686582
282,20173.871740,688997
283,20173.871740,691413
284,20173.871740,693830
285,20173.871740,696247
286,20173.871740,698662
287,20173.871740,701080
288,20173.871740,703498
289,20173.871740,705917
290,20173.871740,708340
291,20173.871740,710765
20173.871740,47.737285
1,20416.944034,2376
2,20409.646656,4754
3,20395.457157,7133
4,20382.015648,9514
5,20351.167495,11903
6,20339.167484,14294
7,20338.221038,16691
8,20320.408358,19100
9,20305.391854,21506
10,20292.601697,23922
11,20280.516326,26336
12,20277.265865,28754
13,20258.267589,31180
14,20249.795232,33619
15,20241.758658,36076
16,20241.758658,38539
17,20228.330063,41005
18,20228.330063,43479
19,20228.330063,45955
20,20228.330063,48439
21,20220.296458,50920
22,20220.296458,53389
23,20220.057958,55861
24,20219.365818,58345
25,20218.486150,60844
26,20217.879100,63346
27,20217.879100,65855
28,20212.716391,68369
29,20212.550192,70886
30,20212.389872,73408
31,20212.386440,75924
32,20212.378390,78443
33,20212.368609,80965
34,20212.368609,83483
35,20212.368019,86005
36,20212.368019,88532
37,20185.270890,91061
38,20185.270890,93588
39,20185.270890,96122
40,20185.270890,98655
41,20185.270890,101184
42,20185.270890,103716
43,20185.270890,106254
44,20185.270890,108792
45,20185.270890,111337
46,20185.270890,113889
47,20185.270890,116441
48,20185.270890,118978
49,20185.270890,121515
50,20185.270890,124057
51,20185.270890,126568
52,20185.270890,129082
53,20178.726697,131592
54,20178.726697,134104
55,20176.541068,136613
56,20176.541068,139117
57,20175.964435,141624
58,20175.964435,144132
59,20175.964435,146633
60,20175.964435,149136
61,20175.964435,151638
62,20175.964435,154140
63,20175.964435,156643
64,20175.964435,159162
65,20175.964435,161678
66,20175.964435,164202
67,20175.500879,166711
68,20175.500879,169218
69,20175.184869,171728
70,20175.184869,174234
71,20174.259957,176740
72,20174.259957,179248
73,20174.259957,181755
74,20174.259957,184259
75,20174.259957,186761
76,20174.259957,189267
77,20174.259957,191757
78,20174.259957,194248
79,20174.259957,196737
80,20174.259957,199227
81,20173.871740,201725
82,20173.871740,204229
83,20173.871740,206740
84,20173.871740,209249
85,20173.871740,211764
86,20173.871740,214254
87,20173.871740,216737
88,20173.871740,219219
89,20173.871740,221701
90,20173.871740,224184
91,20173.871740,226665
92,20173.871740,229152
93,20173.871740,231639
94,20173.871740,234129
95,20173.871740,236616
96,20173.871740,239091
97,20173.871740,241563
98,20173.871740,244044
99,20173.871740,246525
100,20173.871740,248995
101,20173.871740,251466
102,20173.871740,253944
103,20173.871740,256432
104,20173.871740,258915
105,20173.871740,261406
106,20173.871740,263896
107,20173.871740,266388
108,20173.871740,268869
109,20173.871740,271351
110,20173.871740,273833
111,20173.871740,276324
112,20173.871740,278811
113,20173.871740,281297
114,20173.871740,283783
115,20173.871740,286269
116,20173.871740,288747
117,20173.871740,291232
118,20173.871740,293714
119,20173.871740,296178
120,20173.871740,298640
121,20173.871740,301102
122,20173.871740,303545
123,20173.871740,305995
124,20173.871740,308447
125,20173.871740,310892
126,20173.871740,313345
127,20173.871740,315797
128,20173.871740,318251
129,20173.871740,320693
130,20173.871740,323137
131,20173.871740,325598
132,20173.871740,328076
133,20173.871740,330537
134,20173.871740,332998
135,20173.871740,335428
136,20173.871740,337860
137,20173.871740,340290
138,20173.871740,342720
139,20173.871740,345138
140,20173.871740,347557
141,20173.871740,349973
142,20173.871740,352382
143,20173.871740,354787
144,20173.871740,357200
145,20173.871740,359604
146,20173.871740,361987
147,20173.871740,364367
148,20173.871740,366750
149,20173.871740,369130
150,20173.871740,371511
151,20173.871740,373893
152,20173.871740,376276
153,20173.871740,378660
154,20173.871740,381041
155,20173.871740,383423
156,20173.871740,385804
157,20173.871740,388187
158,20173.871740,390577
159,20173.871740,392968
160,20173.871740,395351
161,20173.871740,397734
162,20173.871740,400122
163,20173.871740,402515
164,20173.871740,404907
165,20173.871740,407283
166,20173.871740,409659
167,20173.871740,412035
168,20173.871740,414411
169,20173.871740,416787
170,20173.871740,419163
171,20173.871740,421539
172,20173.871740,423915
173,20173.871740,426291
174,20173.871740,428667
175,20173.871740,431043
176,20173.871740,433419
177,20173.871740,435795
178,20173.871740,438171
179,20173.871740,440550
180,20173.871740,442939
181,20173.871740,445315
182,20173.871740,447694
183,20173.871740,450079
184,20173.871740,452463
185,20173.871740,454839
186,20173.871740,457219
187,20173.871740,459601
188,20173.871740,461991
189,20173.871740,464387
190,20173.871740,466797
191,20173.871740,469201
192,20173.871740,471590
193,20173.871740,473979
194,20173.871740,476355
195,20173.871740,478731
196,20173.871740,481107
197,20173.871740,483483
198,20173.871740,485859
199,20173.871740,488235
200,20173.871740,490611
201,20173.871740,492987
202,20173.871740,495372
203,20173.871740,497763
204,20173.871740,500154
205,20173.871740,502545
206,20173.871740,504936
207,20173.871740,507327
208,20173.871740,509718
209,20173.871740,512109
210,20173.871740,514500
211,20173.871740,516891
212,20173.871740,519270
213,20173.871740,521657
214,20173.871740,524044
215,20173.871740,526422
216,20173.871740,528801
217,20173.871740,531181
218,20173.871740,533561
219,20173.871740,535940
220,20173.871740,538319
221,20173.871740,540700
222,20173.871740,543084
223,20173.871740,545478
224,20173.871740,547873
225,20173.871740,550267
226,20173.871740,552648
227,20173.871740,555029
228,20173.871740,557410
229,20173.871740,559791
230,20173.871740,562172
231,20173.871740,564554
232,20173.871740,566936
233,20173.871740,569319
234,20173.871740,571702
235,20173.871740,574084
236,20173.871740,576468
237,20173.871740,578853
238,20173.871740,581244
239,20173.871740,583637
240,20173.871740,586031
241,20173.871740,588425
242,20173.871740,590818
243,20173.871740,593210
244,20173.871740,595601
245,20173.871740,597992
246,20173.871740,600383
247,20173.871740,602774
248,20173.871740,605167
249,20173.871740,607566
250,20173.871740,609956
251,20173.871740,612345
252,20173.871740,614734
253,20173.871740,617122
254,20173.871740,619510
255,20173.871740,621899
256,20173.871740,624289
257,20173.871740,626680
258,20173.871740,629070
259,20173.871740,631459
260,20173.871740,633849
261,20173.871740,636240
262,20173.871740,638631
263,20173.871740,641022
264,20173.871740,643413
265,20173.871740,645803
266,20173.871740,648193
267,20173.871740,650582
268,20173.871740,652974
269,20173.871740,655366
270,20173.871740,657760
271,20173.871740,660154
272,20173.871740,662548
273,20173.871740,664942
274,20173.871740,667339
275,20173.871740,669735
276,20173.871740,672132
277,20173.871740,674535
278,20173.871740,676945
279,20173.871740,679362
280,20173.871740,681783
281,20173.871740,684204
282,20173.871740,686618
283,20173.871740,689003
284,20173.871740,691395
285,20173.871740,693789
286,20173.871740,696183
287,20173.871740,698579
288,20173.871740,700975
289,20173.871740,703374
290,20173.871740,705784
291,20173.871740,708196
292,20173.871740,710597
20173.871740,46.503839
