1,223.482979,2376
2,217.332938,4752
3,215.254383,7128
4,213.711376,9504
5,213.283321,11880
6,213.283321,14256
7,211.571407,16632
8,210.882758,19008
9,210.485869,21384
10,209.337420,23760
11,208.766407,26136
12,208.766407,28515
13,208.766407,30892
14,208.437953,33268
15,207.554464,35645
16,207.554464,38021
17,207.554464,40398
18,207.554464,42776
19,207.554464,45155
20,207.554464,47533
21,207.554464,49912
22,207.554464,52291
23,206.881671,54668
24,206.871654,57046
25,206.805422,59424
26,206.768435,61803
27,206.743046,64179
28,206.743046,66555
29,206.743046,68931
30,206.743046,71311
31,206.435376,73690
32,206.342611,76067
33,206.342611,78444
34,206.342611,80821
35,206.342611,83199
36,206.115292,85578
37,206.115292,87957
38,206.050478,90336
39,206.050478,92714
40,206.050478,95093
41,206.050478,97473
42,206.050478,99851
43,206.012334,102229
44,205.726878,104609
45,205.726878,106987
46,205.726878,109365
47,205.726878,111743
48,205.726878,114120
49,205.726878,116497
50,205.726878,118874
51,205.726878,121251
52,205.726878,123628
53,205.726878,126004
54,205.726878,128382
55,205.726878,130759
56,205.726878,133136
57,205.632872,135512
58,205.632872,137888
59,205.632872,140265
60,205.632872,142643
61,205.632872,145019
62,205.632872,147395
63,205.433860,149772
64,205.433860,152149
65,205.433860,154525
66,205.433860,156901
67,205.433860,159277
68,205.433860,161653
69,205.217814,164031
70,205.217814,166410
71,205.217814,168788
72,205.217814,171166
73,205.217814,173544
74,205.217814,175920
75,205.217814,178296
76,205.217814,180674
77,205.217814,183052
78,205.217814,185428
79,205.217814,187804
80,205.217814,190180
81,205.191327,192558
82,205.191327,194936
83,205.191327,197315
84,205.191327,199693
85,205.191327,202071
86,205.191327,204448
87,205.191327,206828
88,205.191327,209208
89,205.191327,211585
90,205.191327,213961
91,205.191327,216341
92,205.191327,218719
93,205.191327,221096
94,205.191327,223472
95,205.191327,225848
96,205.191327,228225
97,205.191327,230604
98,205.191327,232981
99,205.191327,235358
100,205.191327,237738
101,205.191327,240116
102,205.191327,242494
103,205.191327,244872
104,205.191327,247249
105,205.191327,249627
106,205.191327,252005
107,205.191327,254382
108,205.191327,256758
109,205.191327,259137
110,205.191327,261514
111,205.191327,263891
112,205.191327,266268
113,205.191327,268644
114,205.191327,271021
115,205.191327,273397
116,205.191327,275774
117,205.191327,278151
118,205.191327,280529
119,205.191327,282905
120,205.191327,285282
121,205.191327,287663
122,205.191327,290042
123,205.191327,292422
124,205.191327,294802
125,205.191327,297180
126,205.191327,299557
127,205.191327,301936
128,205.191327,304314
129,205.191327,306693
130,205.191327,309071
131,205.191327,311450
132,205.191327,313826
133,205.191327,316203
134,205.191327,318580
135,205.191327,320957
136,205.117481,323335
137,205.117481,325715
138,205.117481,328093
139,205.117481,330472
140,205.117481,332850
141,205.117481,335228
142,205.117481,337606
143,205.117481,339985
144,205.117481,342364
145,205.117481,344743
146,205.117481,347120
147,205.117481,349497
148,205.117481,351873
149,205.117481,354250
150,205.117481,356629
151,205.117481,359008
152,205.117481,361386
153,205.117481,363762
154,205.117481,366140
155,205.117481,368517
156,205.117481,370894
157,205.117481,373272
158,205.117481,375651
159,205.117481,378029
160,205.117481,380407
161,205.117481,382787
162,205.117481,385167
163,205.117481,387548
164,205.117481,389924
165,205.117481,392301
166,205.117481,394677
167,205.117481,397053
168,205.117481,399431
169,205.117481,401810
170,205.117481,404189
171,205.117481,406574
172,205.117481,408957
173,205.117481,411341
174,205.117481,413721
175,205.038886,416101
176,205.038886,418481
177,205.038886,420858
178,205.038886,423237
179,205.034641,425618
180,205.034641,427994
181,205.034641,430375
182,205.034641,432758
183,205.034641,435141
184,205.034641,437525
185,205.034641,439904
186,205.034641,442286
187,205.034641,444666
188,205.034641,447049
189,205.034641,449431
190,205.034641,451812
191,205.034641,454192
192,205.034641,456571
193,205.034641,458953
194,205.034641,461334
195,205.020672,463716
196,205.020672,466101
197,205.020672,468486
198,205.020672,470868
199,205.020672,473251
200,205.020672,475631
201,205.020672,478009
202,205.020672,480392
203,205.020672,482775
204,205.020672,485156
205,205.020672,487536
206,205.020672,489915
207,205.020672,492297
208,205.020672,494676
209,205.020672,497055
210,205.020672,499433
211,205.017617,501813
212,205.017617,504190
213,205.017617,506568
214,205.017617,508948
215,205.017617,511328
216,205.017617,513706
217,205.017617,516089
218,205.017617,518469
219,205.017617,520847
220,205.017617,523226
221,205.017617,525608
222,205.017617,527990
223,205.017617,530370
224,205.017617,532750
225,205.017617,535131
226,205.017617,537509
227,205.017617,539890
228,205.017617,542267
229,205.017617,544644
230,205.017617,547020
231,205.017617,549398
232,205.017617,551778
233,205.017617,554157
234,205.017617,556534
235,205.017617,558913
236,205.017617,561289
237,205.017617,563668
238,205.017617,566050
239,205.017617,568433
240,205.017617,570814
241,205.017617,573191
242,205.017617,575569
243,205.017617,577947
244,205.017617,580328
245,205.017617,582707
246,205.017617,585085
247,205.017617,587468
248,205.017617,589850
249,205.017617,592230
250,205.017617,594609
251,205.017617,596989
252,205.017617,599368
253,205.017617,601751
254,205.017617,604131
255,205.017617,606510
256,205.017617,608891
257,205.017617,611268
258,205.017617,613646
259,205.017617,616026
260,205.017617,618403
261,205.017617,620783
262,205.017617,623164
263,205.017617,625548
264,205.017617,627927
265,205.017617,630309
266,205.017617,632692
267,205.017617,635073
268,205.017617,637450
269,205.017617,639830
270,205.017617,642207
271,205.017617,644586
272,205.017617,646964
273,205.017617,649343
274,205.017617,651722
275,205.017617,654098
276,205.017617,656476
277,205.017617,658855
278,205.017617,661235
279,205.017617,663615
280,205.017617,665996
281,205.017617,668376
282,205.017617,670752
283,205.017617,673130
284,205.017617,675508
285,205.017617,677886
286,205.017617,680269
287,205.017617,682650
288,205.017617,685031
289,205.017617,687416
290,205.017617,689797
291,205.017617,692175
292,205.017617,694552
293,205.017617,696928
294,205.017617,699306
295,205.017617,701684
296,205.017617,704062
297,205.017617,706443
298,205.017617,708823
299,205.017617,711204
205.017617,7.115446
1,222.152944,2376
2,217.392662,4752
3,215.644599,7128
4,214.364086,9504
5,213.340512,11880
6,212.144349,14256
7,210.741524,16632
8,210.545494,19008
9,209.854516,21384
10,209.337777,23761
11,209.175382,26138
12,209.175382,28514
13,208.026408,30890
14,207.847317,33266
15,207.847317,35643
16,207.484898,38022
17,207.484898,40402
18,207.301500,42779
19,207.214930,45155
20,207.214930,47531
21,207.214930,49907
22,207.214930,52283
23,207.214930,54659
24,207.214930,57037
25,207.214930,59413
26,207.214930,61790
27,207.083741,64168
28,207.083741,66545
29,207.061437,68922
30,206.735940,71299
31,206.735940,73677
32,206.735940,76053
33,206.735940,78430
34,206.735940,80807
35,206.735940,83184
36,206.735940,85560
37,206.378884,87936
38,206.378884,90313
39,206.378884,92690
40,206.378884,95067
41,206.378884,97443
42,206.378884,99820
43,206.378884,102197
44,206.378884,104574
45,206.378884,106952
46,206.378884,109329
47,206.378884,111706
48,206.378884,114083
49,206.378884,116460
50,206.378884,118837
51,206.378884,121213
52,206.378884,123589
53,206.378884,125967
54,206.378884,128345
55,206.378884,130722
56,206.378884,133101
57,206.378884,135482
58,206.378884,137860
59,206.378884,140238
60,206.378884,142614
61,206.378884,144990
62,206.378884,147367
63,206.378884,149745
64,206.378884,152122
65,206.378884,154500
66,206.378884,156878
67,206.378884,159257
68,206.378884,161633
69,206.378884,164009
70,206.378884,166388
71,206.378884,168768
72,206.378884,171144
73,206.378884,173521
74,206.378884,175898
75,206.378884,178275
76,206.378884,180651
77,206.378884,183027
78,206.378884,185404
79,206.378884,187780
80,206.378884,190156
81,206.378884,192533
82,206.378884,194910
83,206.378884,197286
84,206.378884,199663
85,206.378884,202040
86,206.378884,204417
87,206.378884,206794
88,206.378884,209170
89,206.378884,211549
90,206.378884,213927
91,206.378884,216305
92,206.378884,218682
93,206.378884,221058
94,206.378884,223434
95,206.378884,225811
96,206.378884,228187
97,206.378884,230565
98,206.378884,232943
99,206.378884,235319
100,206.378884,237697
101,206.378884,240073
102,206.378884,242450
103,206.378884,244828
104,206.378884,247205
105,206.378884,249583
106,206.378884,251963
107,206.378884,254341
108,206.378884,256720
109,206.378884,259097
110,206.378884,261474
111,206.378884,263852
112,206.378884,266232
113,206.378884,268609
114,206.378884,270985
115,206.378884,273363
116,206.378884,275740
117,206.378884,278116
118,206.378884,280492
119,206.378884,282869
120,206.378884,285249
121,206.378884,287626
122,206.378884,290002
123,206.378884,292379
124,206.378884,294756
125,206.378884,297132
126,206.378884,299510
127,206.378884,301886
128,206.378884,304263
129,206.378884,306640
130,206.378884,309016
131,206.378884,311393
132,206.378884,313770
133,206.378884,316147
134,206.378884,318524
135,206.378884,320901
136,206.378884,323280
137,206.378884,325656
138,206.378884,328033
139,206.378884,330411
140,206.378884,332788
141,206.378884,335165
142,206.378884,337541
143,206.378884,339920
144,206.378884,342297
145,206.378884,344674
146,206.378884,347051
147,206.378884,349427
148,206.378884,351804
149,206.378884,354181
150,206.378884,356559
151,206.378884,358935
152,206.378884,361311
153,206.378884,363687
154,206.378884,366063
155,206.378884,368440
156,206.378884,370816
157,206.378884,373192
158,206.378884,375569
159,206.378884,377945
160,206.378884,380321
161,206.378884,382697
162,206.378884,385075
163,206.378884,387452
164,206.378884,389828
165,206.378884,392207
166,206.378884,394585
167,206.378884,396963
168,206.378884,399340
169,206.378884,401718
170,206.378884,404096
171,206.378884,406473
172,206.378884,408851
173,206.378884,411229
174,206.378884,413606
175,206.378884,415984
176,206.378884,418360
177,206.378884,420738
178,206.378884,423115
179,206.378884,425493
180,206.378884,427869
181,206.378884,430247
182,206.378884,432623
183,206.378884,435002
184,206.378884,437378
185,206.378884,439755
186,206.378884,442132
187,206.378884,444511
188,206.378884,446892
189,206.378884,449272
190,206.378884,451650
191,206.378884,454028
192,206.378884,456406
193,206.378884,458784
194,206.378884,461163
195,206.378884,463540
196,206.378884,465916
197,206.378884,468292
198,206.378884,470670
199,206.378884,473048
200,206.378884,475424
201,206.378884,477801
202,206.378884,480179
203,206.378884,482557
204,206.378884,484935
205,206.378884,487313
206,206.378884,489692
207,206.378884,492069
208,206.378884,494447
209,206.378884,496823
210,206.378884,499199
211,206.378884,501576
212,206.378884,503952
213,206.378884,506329
214,206.378884,508705
215,206.378884,511083
216,206.378884,513462
217,206.378884,515839
218,206.378884,518218
219,206.378884,520598
220,206.378884,522978
221,206.378884,525355
222,206.378884,527733
223,206.378884,530110
224,206.378884,532488
225,206.378884,534865
226,206.378884,537243
227,206.378884,539621
228,206.378884,541999
229,206.378884,544377
230,206.378884,546754
231,206.378884,549133
232,206.378884,551511
233,206.378884,553888
234,206.378884,556267
235,206.378884,558644
236,206.378884,561022
237,206.378884,563399
238,206.378884,565775
239,206.378884,568153
240,206.378884,570530
241,206.378884,572910
242,206.378884,575287
243,206.378884,577664
244,206.378884,580044
245,206.378884,582426
246,206.378884,584804
247,206.378884,587181
248,206.378884,589561
249,206.378884,591939
250,206.378884,594317
251,206.378884,596693
252,206.378884,599070
253,206.378884,601447
254,206.378884,603824
255,206.378884,606202
256,206.378884,608578
257,206.378884,610956
258,206.378884,613333
259,206.378884,615711
260,206.378884,618088
261,206.378884,620465
262,206.378884,622841
263,206.378884,625218
264,206.378884,627594
265,206.378884,629971
266,206.378884,632348
267,206.378884,634727
268,206.378884,637103
269,206.378884,639479
270,206.378884,641856
271,206.378884,644235
272,206.378884,646612
273,206.378884,648990
274,206.378884,651367
275,206.378884,653745
276,206.378884,656121
277,206.378884,658498
278,206.378884,660875
279,206.378884,663252
280,206.378884,665629
281,206.378884,668006
282,206.378884,670383
283,206.378884,672759
284,206.378884,675136
285,206.378884,677514
286,206.378884,679890
287,206.378884,682267
288,206.378884,684644
289,206.378884,687021
290,206.378884,689398
291,206.378884,691777
292,206.378884,694156
293,206.378884,696535
294,206.378884,698912
295,206.378884,701292
296,206.378884,703670
297,206.378884,706048
298,206.378884,708428
299,206.378884,710806
206.378884,7.154834
1,223.218002,2376
2,216.298487,4752
3,214.864893,7128
4,214.680969,9504
5,213.134557,11881
6,212.685673,14257
7,210.070725,16633
8,210.070725,19009
9,209.656086,21385
10,209.054348,23762
11,208.524403,26140
12,208.432623,28517
13,208.396682,30894
14,208.396682,33270
15,208.396682,35646
16,208.396682,38022
17,208.396682,40399
18,208.396682,42776
19,207.312244,45152
20,207.187123,47528
21,206.931767,49904
22,206.931767,52281
23,206.931767,54658
24,206.931767,57034
25,206.931767,59411
26,206.931767,61788
27,206.931767,64167
28,206.931767,66543
29,206.879752,68921
30,206.879752,71299
31,206.879752,73676
32,206.879752,76054
33,206.879752,78432
34,206.879752,80810
35,206.879752,83187
36,206.879752,85564
37,206.879752,87942
38,206.879752,90318
39,206.879752,92697
40,206.879752,95078
41,206.879752,97456
42,206.879752,99837
43,206.879752,102217
44,206.879752,104594
45,206.304942,106971
46,206.304942,109348
47,206.304942,111724
48,206.304942,114102
49,205.876266,116478
50,205.876266,118855
51,205.876266,121232
52,205.876266,123611
53,205.876266,125988
54,205.876266,128364
55,205.876266,130742
56,205.876266,133120
57,205.876266,135497
58,205.725258,137873
59,205.725258,140249
60,205.725258,142625
61,205.705574,145001
62,205.705574,147377
63,205.705574,149754
64,205.705574,152133
65,205.705574,154511
66,205.582969,156887
67,205.577414,159264
68,205.577414,161642
69,205.566988,164019
70,205.566988,166395
71,205.566988,168772
72,205.373538,171151
73,205.354352,173529
74,205.354352,175907
75,205.354352,178284
76,205.354352,180661
77,205.354352,183039
78,205.354352,185417
79,205.354352,187794
80,205.354352,190171
81,205.354352,192548
82,205.343827,194925
83,205.343827,197302
84,205.343827,199678
85,205.343827,202055
86,205.343827,204434
87,205.343827,206813
88,205.343827,209189
89,205.308886,211566
90,205.308886,213943
91,205.286232,216320
92,205.286232,218696
93,205.286232,221072
94,205.286232,223448
95,205.286232,225824
96,205.286232,228201
97,205.286232,230578
98,205.286232,232954
99,205.286232,235331
100,205.286232,237709
101,205.286232,240087
102,205.286232,242463
103,205.286232,244839
104,205.286232,247216
105,205.286232,249593
106,205.286232,251972
107,205.286232,254349
108,205.286232,256726
109,205.286232,259104
110,205.286232,261482
111,205.286232,263860
112,205.286232,266237
113,205.286232,268616
114,205.286232,270992
115,205.286232,273369
116,205.286232,275747
117,205.247061,278126
118,205.247061,280504
119,205.247061,282881
120,205.247061,285259
121,205.247061,287639
122,205.247061,290015
123,205.247061,292392
124,205.247061,294768
125,205.247061,297146
126,205.247061,299524
127,205.247061,301903
128,205.247061,304281
129,205.247061,306659
130,205.247061,309035
131,205.247061,311411
132,205.247061,313787
133,205.247061,316165
134,205.247061,318544
135,205.247061,320922
136,205.247061,323298
137,205.247061,325676
138,205.247061,328053
139,205.247061,330430
140,205.247061,332809
141,205.247061,335185
142,205.247061,337561
143,205.160223,339938
144,205.160223,342315
145,205.141274,344691
146,205.125115,347069
147,205.125115,349449
148,205.125115,351827
149,205.125115,354204
150,205.125115,356585
151,205.125115,358962
152,205.125115,361339
153,205.125115,363716
154,205.125115,366092
155,205.125115,368470
156,205.125115,370848
157,205.125115,373226
158,205.125115,375602
159,205.125115,377979
160,205.125115,380357
161,205.125115,382735
162,205.125115,385114
163,205.125115,387491
164,205.125115,389867
165,205.125115,392246
166,205.125115,394625
167,205.125115,397006
168,205.125115,399385
169,205.125115,401763
170,205.125115,404140
171,205.125115,406517
172,205.125115,408893
173,205.125115,411270
174,205.125115,413647
175,205.125115,416025
176,205.125115,418405
177,205.125115,420784
178,205.125115,423162
179,205.125115,425539
180,205.125115,427915
181,205.125115,430293
182,205.125115,432671
183,205.125115,435052
184,205.125115,437429
185,205.125115,439806
186,205.125115,442183
187,205.125115,444562
188,205.125115,446940
189,205.055443,449318
190,205.055443,451696
191,205.055443,454075
192,205.055443,456454
193,205.055443,458833
194,205.055443,461209
195,205.055443,463587
196,205.055443,465963
197,205.055443,468341
198,205.055443,470717
199,205.055443,473094
200,205.055443,475470
201,205.055443,477848
202,205.055443,480225
203,205.055443,482602
204,205.055443,484978
205,205.055443,487355
206,205.055443,489732
207,205.055443,492110
208,205.055443,494487
209,205.055443,496864
210,205.055443,499241
211,205.055443,501620
212,205.055443,503996
213,205.034365,506373
214,205.034365,508751
215,205.034365,511131
216,205.034365,513510
217,205.034365,515891
218,205.034365,518269
219,205.034365,520645
220,205.034365,523023
221,205.034365,525400
222,205.034365,527776
223,205.034365,530155
224,205.034365,532532
225,205.034365,534909
226,205.034365,537287
227,205.034365,539665
228,205.034365,542042
229,205.034365,544418
230,205.034365,546795
231,205.034365,549171
232,205.034365,551548
233,205.034365,553925
234,205.034365,556302
235,205.034365,558679
236,205.034365,561056
237,205.034365,563433
238,205.034365,565810
239,205.034365,568187
240,205.034365,570564
241,205.034365,572940
242,205.034365,575317
243,205.034365,577694
244,205.034365,580070
245,205.034365,582448
246,205.034365,584825
247,205.034365,587203
248,205.034365,589581
249,205.034365,591959
250,205.034365,594335
251,205.034365,596711
252,205.034365,599087
253,205.034365,601464
254,205.034365,603841
255,205.034365,606219
256,205.034365,608598
257,205.034365,610974
258,205.034365,613351
259,205.034365,615730
260,205.034365,618107
261,205.034365,620484
262,205.034365,622860
263,205.034365,625237
264,205.034365,627614
265,205.034365,629990
266,205.034365,632367
267,205.034365,634743
268,205.034365,637120
269,205.034365,639496
270,205.034365,641872
271,205.034365,644248
272,205.034365,646625
273,205.034365,649001
274,205.034365,651379
275,205.034365,653759
276,205.034365,656137
277,205.034365,658514
278,205.034365,660892
279,205.034365,663268
280,205.034365,665644
281,205.034365,668022
282,205.034365,670402
283,205.034365,672781
284,205.034365,675158
285,205.034365,677535
286,205.034365,679912
287,205.034365,682288
288,205.034365,684665
289,205.034365,687042
290,205.034365,689419
291,205.034365,691796
292,205.034365,694174
293,204.975544,696552
294,204.975544,698930
295,204.975544,701308
296,204.975544,703685
297,204.975544,706062
298,204.975544,708438
299,204.975544,710817
204.975544,7.069717
1,223.437299,2376
2,217.285488,4752
3,216.579163,7128
4,215.229385,9504
5,213.854275,11880
6,212.916518,14256
7,211.967643,16632
8,210.835324,19008
9,210.427659,21385
10,209.402236,23761
11,208.901317,26137
12,208.584839,28514
13,208.132669,30890
14,208.074244,33266
15,208.074244,35643
16,208.074244,38021
17,206.835269,40400
18,206.835269,42778
19,206.826326,45155
20,206.826326,47532
21,206.701607,49910
22,206.701607,52286
23,206.673137,54662
24,206.655098,57038
25,206.655098,59415
26,206.655098,61793
27,206.655098,64170
28,206.655098,66549
29,206.655098,68928
30,206.508841,71306
31,206.480279,73682
32,206.129593,76058
33,206.129593,78434
34,206.129593,80810
35,206.129593,83186
36,206.129593,85563
37,206.129593,87940
38,206.129593,90316
39,205.901995,92692
40,205.901995,95068
41,205.901995,97445
42,205.901995,99821
43,205.887046,102198
44,205.887046,104574
45,205.887046,106952
46,205.887046,109329
47,205.887046,111705
48,205.887046,114083
49,205.887046,116461
50,205.887046,118837
51,205.887046,121213
52,205.887046,123592
53,205.887046,125968
54,205.887046,128344
55,205.887046,130720
56,205.763642,133096
57,205.733266,135472
58,205.733266,137850
59,205.733266,140229
60,205.733266,142605
61,205.733266,144982
62,205.733266,147360
63,205.733266,149738
64,205.733266,152115
65,205.733266,154492
66,205.733266,156870
67,205.733266,159247
68,205.733266,161624
69,205.733266,164004
70,205.733266,166382
71,205.733266,168761
72,205.733266,171138
73,205.733266,173515
74,205.733266,175894
75,205.733266,178271
76,205.728450,180648
77,205.728450,183024
78,205.728450,185401
79,205.728450,187779
80,205.728450,190158
81,205.728450,192535
82,205.728450,194911
83,205.728450,197289
84,205.728450,199667
85,205.728450,202047
86,205.728450,204424
87,205.728450,206803
88,205.728450,209180
89,205.728450,211557
90,205.728450,213933
91,205.728450,216312
92,205.728450,218690
93,205.728450,221067
94,205.728450,223445
95,205.728450,225824
96,205.728450,228200
97,205.728450,230576
98,205.728450,232954
99,205.728450,235332
100,205.728450,237710
101,205.728450,240086
102,205.728450,242462
103,205.728450,244842
104,205.728450,247222
105,205.728450,249602
106,205.728450,251980
107,205.728450,254358
108,205.531333,256736
109,205.531333,259113
110,205.531333,261491
111,205.531333,263867
112,205.531333,266246
113,205.531333,268624
114,205.531333,271002
115,205.531333,273380
116,205.531333,275757
117,205.531333,278136
118,205.531333,280513
119,205.531333,282889
120,205.531333,285265
121,205.531333,287641
122,205.531333,290018
123,205.531333,292397
124,205.531333,294779
125,205.531333,297157
126,205.531333,299536
127,205.531333,301914
128,205.531333,304290
129,205.531333,306667
130,205.531333,309045
131,205.531333,311422
132,205.531333,313802
133,205.531333,316181
134,205.531333,318560
135,205.531333,320938
136,205.531333,323314
137,205.531333,325691
138,205.531333,328068
139,205.531333,330445
140,205.531333,332821
141,205.531333,335197
142,205.531333,337573
143,205.531333,339949
144,205.531333,342327
145,205.531333,344703
146,205.531333,347079
147,205.531333,349456
148,205.531333,351833
149,205.531333,354209
150,205.531333,356586
151,205.531333,358962
152,205.531333,361338
153,205.531333,363715
154,205.531333,366092
155,205.531333,368468
156,205.531333,370845
157,205.531333,373221
158,205.531333,375599
159,205.531333,377975
160,205.531333,380351
161,205.531333,382727
162,205.531333,385104
163,205.531333,387481
164,205.531333,389858
165,205.531333,392235
166,205.531333,394611
167,205.531333,396988
168,205.531333,399365
169,205.531333,401741
170,205.531333,404119
171,205.531333,406495
172,205.531333,408871
173,205.531333,411247
174,205.531333,413623
175,205.531333,415999
176,205.531333,418376
177,205.531333,420752
178,205.531333,423129
179,205.531333,425506
180,205.531333,427882
181,205.531333,430259
182,205.531333,432635
183,205.531333,435013
184,205.531333,437391
185,205.531333,439769
186,205.531333,442145
187,205.531333,444522
188,205.531333,446899
189,205.531333,449276
190,205.531333,451653
191,205.531333,454029
192,205.531333,456406
193,205.531333,458784
194,205.531333,461161
195,205.531333,463538
196,205.531333,465915
197,205.531333,468292
198,205.531333,470669
199,205.531333,473047
200,205.531333,475424
201,205.531333,477800
202,205.531333,480176
203,205.531333,482554
204,205.531333,484932
205,205.531333,487312
206,205.531333,489690
207,205.531333,492068
208,205.531333,494444
209,205.531333,496822
210,205.531333,499200
211,205.531333,501577
212,205.531333,503955
213,205.531333,506332
214,205.531333,508710
215,205.531333,511087
216,205.531333,513464
217,205.531333,515842
218,205.531333,518219
219,205.531333,520596
220,205.531333,522974
221,205.531333,525353
222,205.531333,527731
223,205.531333,530108
224,205.531333,532484
225,205.531333,534863
226,205.531333,537240
227,205.531333,539616
228,205.531333,541992
229,205.531333,544370
230,205.531333,546749
231,205.531333,549127
232,205.531333,551504
233,205.531333,553881
234,205.531333,556259
235,205.531333,558638
236,205.531333,561017
237,205.531333,563396
238,205.531333,565775
239,205.531333,568152
240,205.531333,570528
241,205.531333,572908
242,205.531333,575286
243,205.531333,577663
244,205.531333,580041
245,205.531333,582417
246,205.531333,584795
247,205.531333,587172
248,205.531333,589550
249,205.531333,591928
250,205.531333,594305
251,205.531333,596681
252,205.531333,599058
253,205.531333,601435
254,205.531333,603813
255,205.531333,606191
256,205.531333,608567
257,205.531333,610944
258,205.531333,613321
259,205.531333,615699
260,205.531333,618077
261,205.531333,620455
262,205.531333,622832
263,205.531333,625211
264,205.531333,627588
265,205.531333,629965
266,205.531333,632341
267,205.531333,634718
268,205.531333,637095
269,205.531333,639474
270,205.531333,641850
271,205.531333,644229
272,205.531333,646608
273,205.531333,648988
274,205.531333,651366
275,205.531333,653743
276,205.531333,656120
277,205.531333,658499
278,205.531333,660879
279,205.531333,663256
280,205.531333,665635
281,205.531333,668014
282,205.531333,670391
283,205.531333,672767
284,205.531333,675144
285,205.531333,677520
286,205.531333,679897
287,205.531333,682274
288,205.531333,684650
289,205.531333,687027
290,205.531333,689403
291,205.531333,691784
292,205.531333,694161
293,205.531333,696540
294,205.531333,698917
295,205.531333,701294
296,205.531333,703674
297,205.531333,706052
298,205.531333,708429
299,205.531333,710808
205.531333,7.042367
1,222.248456,2376
2,216.398090,4752
3,216.258385,7128
4,213.811310,9504
5,213.049630,11880
6,212.151035,14256
7,212.106072,16632
8,212.087295,19008
9,209.328338,21384
10,209.328338,23760
11,208.631240,26136
12,208.631240,28512
13,208.631240,30888
14,208.485354,33265
15,208.047414,35641
16,208.004252,38017
17,207.519103,40393
18,207.519103,42769
19,207.519103,45145
20,207.519103,47521
21,207.366420,49897
22,207.366420,52273
23,207.366420,54649
24,207.366420,57025
25,207.133722,59401
26,207.133722,61777
27,207.133722,64154
28,207.133722,66530
29,207.133722,68907
30,206.819794,71285
31,206.819794,73661
32,206.819794,76038
33,206.819794,78415
34,206.819794,80791
35,206.819794,83167
36,206.819794,85543
37,205.994982,87919
38,205.994982,90295
39,205.896449,92672
40,205.896449,95048
41,205.896449,97424
42,205.896449,99802
43,205.896449,102178
44,205.896449,104554
45,205.765652,106931
46,205.765652,109308
47,205.765652,111685
48,205.765652,114062
49,205.765652,116439
50,205.765652,118816
51,205.765652,121192
52,205.765652,123568
53,205.765652,125944
54,205.765652,128320
55,205.765652,130696
56,205.765652,133072
57,205.765652,135448
58,205.765652,137824
59,205.765652,140200
60,205.765652,142576
61,205.765652,144954
62,205.765652,147331
63,205.765652,149710
64,205.765652,152087
65,205.677437,154465
66,205.677437,156842
67,205.542086,159219
68,205.542086,161596
69,205.542086,163972
70,205.542086,166348
71,205.542086,168724
72,205.542086,171100
73,205.438537,173476
74,205.438537,175852
75,205.438537,178230
76,205.438537,180606
77,205.438537,182982
78,205.438537,185358
79,205.438537,187734
80,205.438537,190110
81,205.438537,192486
82,205.438537,194863
83,205.438537,197239
84,205.438537,199615
85,205.438537,201991
86,205.438537,204367
87,205.438537,206743
88,205.438537,209119
89,205.438537,211495
90,205.438537,213872
91,205.333425,216248
92,205.333425,218624
93,205.333425,221000
94,205.333425,223376
95,205.333425,225752
96,205.333425,228128
97,205.254080,230504
98,205.254080,232882
99,205.254080,235259
100,205.254080,237635
101,205.254080,240011
102,205.254080,242389
103,205.254080,244765
104,205.254080,247141
105,205.254080,249517
106,205.254080,251893
107,205.248624,254270
108,205.248624,256646
109,205.248624,259023
110,205.248624,261400
111,205.248624,263776
112,205.248624,266153
113,205.248624,268530
114,205.248624,270907
115,205.248624,273283
116,205.248624,275660
117,205.248624,278037
118,205.248624,280415
119,205.248624,282791
120,205.248624,285170
121,205.248624,287546
122,205.248624,289924
123,205.248624,292300
124,205.248624,294676
125,205.248624,297053
126,205.248624,299433
127,205.248624,301812
128,205.248624,304191
129,205.248624,306570
130,205.248624,308946
131,205.248624,311323
132,205.248624,313703
133,205.248624,316084
134,205.248624,318462
135,205.248624,320839
136,205.248624,323216
137,205.248624,325592
138,205.248624,327969
139,205.248624,330348
140,205.248624,332725
141,205.248624,335102
142,205.248624,337478
143,205.248624,339855
144,205.248624,342232
145,205.248624,344608
146,205.248624,346986
147,205.248624,349363
148,205.248624,351740
149,205.248624,354116
150,205.248624,356493
151,205.248624,358869
152,205.248624,361246
153,205.248624,363622
154,205.248624,365999
155,205.248624,368377
156,205.248624,370753
157,205.248624,373129
158,205.248624,375505
159,205.248624,377881
160,205.248624,380257
161,205.248624,382633
162,205.248624,385013
163,205.248624,387392
164,205.248624,389769
165,205.248624,392147
166,205.248624,394524
167,205.248624,396900
168,205.248624,399277
169,205.248624,401655
170,205.248624,404031
171,205.248624,406409
172,205.248624,408787
173,205.248624,411164
174,205.248624,413541
175,205.248624,415918
176,205.248624,418295
177,205.248624,420673
178,205.248624,423052
179,205.248624,425429
180,205.248624,427806
181,205.248624,430182
182,205.248624,432560
183,205.248624,434938
184,205.248624,437314
185,205.248624,439690
186,205.248624,442067
187,205.248624,444447
188,205.248624,446825
189,205.248624,449203
190,205.248624,451581
191,205.248624,453960
192,205.248624,456337
193,205.248624,458715
194,205.248624,461091
195,205.248624,463470
196,205.248624,465847
197,205.248624,468225
198,205.248624,470602
199,205.248624,472978
200,205.248624,475354
201,205.248624,477730
202,205.248624,480106
203,205.248624,482483
204,205.248624,484859
205,205.248624,487235
206,205.248624,489611
207,205.248624,491987
208,205.248624,494364
209,205.248624,496743
210,205.248624,499119
211,205.248624,501497
212,205.248624,503874
213,205.248624,506252
214,205.248624,508628
215,205.248624,511004
216,205.248624,513380
217,205.248624,515756
218,205.248624,518132
219,205.248624,520509
220,205.248624,522885
221,205.248624,525261
222,205.248624,527638
223,205.248624,530017
224,205.248624,532394
225,205.248624,534771
226,205.248624,537150
227,205.248624,539526
228,205.248624,541906
229,205.248624,544285
230,205.248624,546662
231,205.248624,549039
232,205.248624,551417
233,205.248624,553793
234,205.248624,556169
235,205.248624,558546
236,205.248624,560924
237,205.248624,563302
238,205.248624,565679
239,205.248624,568056
240,205.248624,570433
241,205.248624,572811
242,205.248624,575192
243,205.248624,577570
244,205.248624,579946
245,205.248624,582324
246,205.248624,584702
247,205.248624,587080
248,205.248624,589456
249,205.248624,591834
250,205.248624,594211
251,205.248624,596589
252,205.248624,598966
253,205.248624,601343
254,205.248624,603720
255,205.248624,606096
256,205.248624,608472
257,205.248624,610850
258,205.248624,613227
259,205.248624,615605
260,205.248624,617981
261,205.248624,620357
262,205.248624,622734
263,205.248624,625111
264,205.248624,627487
265,205.248624,629863
266,205.248624,632239
267,205.248624,634615
268,205.248624,636991
269,205.248624,639368
270,205.248624,641744
271,205.248624,644120
272,205.248624,646496
273,205.248624,648873
274,205.248624,651249
275,205.248624,653625
276,205.248624,656001
277,205.248624,658377
278,205.248624,660753
279,205.248624,663129
280,205.248624,665505
281,205.248624,667882
282,205.248624,670258
283,205.248624,672634
284,205.248624,675011
285,205.248624,677387
286,205.248624,679765
287,205.248624,682142
288,205.248624,684519
289,205.248624,686896
290,205.248624,689272
291,205.248624,691648
292,205.248624,694024
293,205.248624,696400
294,205.248624,698776
295,205.248624,701152
296,205.248624,703529
297,205.248624,705905
298,205.248624,708282
299,205.248624,710658
205.248624,7.071599
1,223.133959,2376
2,217.759416,4752
3,215.433935,7128
4,213.957314,9504
5,212.649163,11880
6,211.249899,14256
7,210.061602,16632
8,209.611151,19008
9,209.281245,21384
10,209.281245,23760
11,209.252085,26136
12,208.829498,28512
13,208.259501,30888
14,208.259501,33264
15,208.259501,35641
16,208.259501,38018
17,207.472357,40396
18,207.472357,42773
19,207.472357,45150
20,207.472357,47526
21,207.472357,49902
22,207.472357,52278
23,207.472357,54654
24,207.472357,57031
25,206.775869,59408
26,206.775869,61785
27,206.656385,64161
28,206.475115,66538
29,206.475115,68915
30,206.421607,71293
31,206.421607,73670
32,206.421607,76047
33,206.421607,78423
34,206.161584,80800
35,206.137042,83177
36,206.137042,85556
37,206.137042,87935
38,206.137042,90311
39,206.137042,92687
40,206.137042,95063
41,206.137042,97440
42,206.137042,99816
43,205.869682,102194
44,205.869682,104571
45,205.868023,106949
46,205.868023,109325
47,205.868023,111701
48,205.868023,114079
49,205.868023,116455
50,205.868023,118832
51,205.868023,121209
52,205.868023,123585
53,205.750964,125962
54,205.750964,128340
55,205.750964,130717
56,205.750964,133095
57,205.750964,135471
58,205.750964,137847
59,205.750964,140223
60,205.750964,142599
61,205.655485,144977
62,205.655485,147354
63,205.655485,149731
64,205.655485,152107
65,205.655485,154485
66,205.655485,156861
67,205.655485,159238
68,205.655485,161616
69,205.596037,163992
70,205.596037,166369
71,205.596037,168746
72,205.596037,171124
73,205.596037,173502
74,205.596037,175878
75,205.596037,178254
76,205.596037,180632
77,205.596037,183008
78,205.596037,185385
79,205.596037,187761
80,205.596037,190137
81,205.596037,192513
82,205.596037,194889
83,205.596037,197266
84,205.596037,199644
85,205.596037,202021
86,205.596037,204398
87,205.596037,206775
88,205.596037,209152
89,205.596037,211530
90,205.596037,213906
91,205.596037,216282
92,205.596037,218658
93,205.596037,221034
94,205.596037,223410
95,205.596037,225788
96,205.596037,228165
97,205.596037,230542
98,205.596037,232919
99,205.596037,235297
100,205.596037,237673
101,205.596037,240049
102,205.596037,242426
103,205.596037,244803
104,205.596037,247179
105,205.596037,249555
106,205.596037,251931
107,205.596037,254307
108,205.596037,256684
109,205.596037,259060
110,205.596037,261436
111,205.596037,263813
112,205.596037,266190
113,205.596037,268566
114,205.596037,270943
115,205.596037,273320
116,205.596037,275697
117,205.596037,278074
118,205.596037,280451
119,205.596037,282828
120,205.596037,285204
121,205.596037,287581
122,205.596037,289958
123,205.526858,292334
124,205.526858,294710
125,205.526858,297088
126,205.526858,299465
127,205.526858,301842
128,205.526858,304219
129,205.526858,306599
130,205.526858,308977
131,205.526858,311354
132,205.526858,313731
133,205.526858,316108
134,205.526858,318485
135,205.526858,320861
136,205.526858,323237
137,205.526858,325615
138,205.526858,327994
139,205.526858,330372
140,205.526858,332750
141,205.526858,335126
142,205.526858,337502
143,205.526858,339880
144,205.526858,342256
145,205.526858,344635
146,205.526858,347012
147,205.526858,349388
148,205.526858,351765
149,205.526858,354141
150,205.526858,356518
151,205.526858,358895
152,205.526858,361271
153,205.526858,363648
154,205.526858,366026
155,205.526858,368403
156,205.526858,370781
157,205.526858,373159
158,205.526858,375537
159,205.526858,377913
160,205.526858,380289
161,205.526858,382667
162,205.526858,385045
163,205.526858,387421
164,205.526858,389798
165,205.526858,392174
166,205.526858,394550
167,205.526858,396926
168,205.526858,399302
169,205.526858,401678
170,205.526858,404054
171,205.526858,406431
172,205.526858,408810
173,205.526858,411187
174,205.526858,413563
175,205.526858,415940
176,205.526858,418316
177,205.526858,420695
178,205.526858,423072
179,205.526858,425448
180,205.526858,427824
181,205.526858,430200
182,205.526858,432577
183,205.526858,434954
184,205.526858,437331
185,205.526858,439708
186,205.526858,442085
187,205.526858,444462
188,205.526858,446838
189,205.526858,449216
190,205.526858,451592
191,205.526858,453969
192,205.526858,456345
193,205.526858,458722
194,205.526858,461098
195,205.526858,463474
196,205.526858,465850
197,205.526858,468227
198,205.526858,470603
199,205.526858,472979
200,205.526858,475355
201,205.526858,477731
202,205.526858,480107
203,205.526858,482483
204,205.526858,484859
205,205.526858,487236
206,205.526858,489613
207,205.526858,491989
208,205.526858,494365
209,205.526858,496741
210,205.526858,499117
211,205.526858,501493
212,205.526858,503870
213,205.526858,506246
214,205.526858,508622
215,205.526858,510998
216,205.526858,513375
217,205.526858,515752
218,205.526858,518131
219,205.526858,520507
220,205.526858,522884
221,205.526858,525260
222,205.526858,527637
223,205.526858,530016
224,205.526858,532392
225,205.526858,534769
226,205.526858,537146
227,205.526858,539522
228,205.526858,541899
229,205.526858,544275
230,205.526858,546652
231,205.526858,549031
232,205.526858,551407
233,205.526858,553784
234,205.526858,556160
235,205.526858,558537
236,205.526858,560913
237,205.526858,563289
238,205.526858,565666
239,205.526858,568043
240,205.526858,570421
241,205.526858,572801
242,205.526858,575177
243,205.526858,577556
244,205.526858,579936
245,205.526858,582313
246,205.526858,584691
247,205.526858,587068
248,205.526858,589444
249,205.526858,591820
250,205.526858,594197
251,205.526858,596575
252,205.526858,598953
253,205.526858,601330
254,205.526858,603707
255,205.526858,606086
256,205.526858,608463
257,205.526858,610839
258,205.526858,613217
259,205.526858,615594
260,205.526858,617971
261,205.526858,620348
262,205.526858,622725
263,205.526858,625101
264,205.526858,627477
265,205.526858,629854
266,205.526858,632233
267,205.526858,634611
268,205.526858,636988
269,205.526858,639369
270,205.526858,641745
271,205.526858,644121
272,205.526858,646499
273,205.526858,648878
274,205.526858,651255
275,205.526858,653632
276,205.526858,656010
277,205.526858,658388
278,205.526858,660766
279,205.526858,663142
280,205.526858,665520
281,205.526858,667899
282,205.526858,670278
283,205.526858,672658
284,205.526858,675036
285,205.526858,677414
286,205.526858,679790
287,205.526858,682167
288,205.526858,684543
289,205.526858,686920
290,205.526858,689297
291,205.526858,691674
292,205.526858,694053
293,205.526858,696430
294,205.526858,698806
295,205.526858,701184
296,205.526858,703560
297,205.526858,705937
298,205.526858,708313
299,205.526858,710691
205.526858,7.098400
1,222.633646,2376
2,216.923343,4752
3,214.607713,7128
4,214.080122,9504
5,212.329344,11880
6,212.278667,14256
7,211.373754,16632
8,210.406167,19008
9,210.406167,21384
10,209.619484,23760
11,209.444778,26136
12,209.341569,28512
13,209.028427,30888
14,209.028427,33264
15,208.137845,35640
16,208.137845,38016
17,207.629740,40392
18,207.629740,42768
19,207.558723,45144
20,207.558723,47520
21,207.481075,49896
22,207.481075,52273
23,207.481075,54650
24,206.406664,57026
25,206.346077,59402
26,206.251435,61778
27,206.251435,64154
28,206.251435,66530
29,206.251435,68906
30,206.251435,71282
31,206.251435,73659
32,206.251435,76036
33,206.114476,78413
34,206.114476,80789
35,206.114476,83165
36,206.114476,85542
37,206.080850,87919
38,206.080850,90296
39,206.080850,92674
40,206.080850,95051
41,206.080850,97430
42,206.080850,99806
43,205.762702,102182
44,205.762702,104558
45,205.762702,106934
46,205.762702,109311
47,205.762702,111687
48,205.762702,114064
49,205.701911,116442
50,205.701911,118818
51,205.701911,121194
52,205.701911,123572
53,205.613221,125948
54,205.613221,128325
55,205.613221,130703
56,205.613221,133080
57,205.613221,135456
58,205.613221,137833
59,205.613221,140209
60,205.613221,142585
61,205.613221,144963
62,205.613221,147340
63,205.500647,149716
64,205.500647,152093
65,205.445866,154470
66,205.445866,156847
67,205.445866,159224
68,205.445866,161601
69,205.445866,163978
70,205.445866,166355
71,205.445866,168733
72,205.445866,171109
73,205.445866,173485
74,205.445866,175861
75,205.445866,178238
76,205.445866,180615
77,205.445866,182991
78,205.445866,185370
79,205.445866,187749
80,205.445866,190126
81,205.419863,192503
82,205.419863,194880
83,205.419863,197257
84,205.400767,199633
85,205.341710,202009
86,205.341710,204386
87,205.341710,206762
88,205.341710,209139
89,205.341710,211516
90,205.341710,213895
91,205.341710,216274
92,205.341710,218652
93,205.341710,221029
94,205.341710,223407
95,205.341710,225785
96,205.341710,228163
97,205.341710,230542
98,205.341710,232919
99,205.341710,235296
100,205.341710,237673
101,205.341710,240050
102,205.341710,242428
103,205.341710,244805
104,205.341710,247182
105,205.341710,249560
106,205.341710,251937
107,205.341710,254318
108,205.341710,256696
109,205.341710,259072
110,205.341710,261448
111,205.341710,263825
112,205.341710,266203
113,205.341710,268582
114,205.341710,270960
115,205.341710,273337
116,205.341710,275715
117,205.341710,278091
118,205.341710,280469
119,205.341710,282847
120,205.341710,285223
121,205.341710,287603
122,205.341710,289982
123,205.341710,292358
124,205.341710,294735
125,205.341710,297113
126,205.341710,299490
127,205.341710,301866
128,205.341710,304244
129,205.341710,306624
130,205.341710,309002
131,205.341710,311379
132,205.341710,313755
133,205.341710,316133
134,205.341710,318511
135,205.341710,320890
136,205.341710,323266
137,205.341710,325646
138,205.341710,328024
139,205.193687,330400
140,205.193687,332776
141,205.193687,335153
142,205.193687,337529
143,205.193687,339906
144,205.193687,342283
145,205.193687,344661
146,205.193687,347040
147,205.193687,349420
148,205.193687,351799
149,205.193687,354178
150,205.193687,356555
151,205.193687,358931
152,205.193687,361307
153,205.193687,363684
154,205.193687,366060
155,205.193687,368437
156,205.170408,370814
157,205.170408,373191
158,205.170408,375568
159,205.170408,377945
160,205.170408,380322
161,205.170408,382699
162,205.170408,385075
163,205.170408,387454
164,205.170408,389831
165,205.170408,392212
166,205.170408,394590
167,205.170408,396967
168,205.170408,399344
169,205.170408,401722
170,205.170408,404099
171,205.170408,406475
172,205.170408,408853
173,205.170408,411231
174,205.170408,413610
175,205.170408,415988
176,205.170408,418369
177,205.170408,420749
178,205.170408,423126
179,205.170408,425503
180,205.170408,427882
181,205.170408,430259
182,205.170408,432639
183,205.170408,435020
184,205.170408,437398
185,205.170408,439776
186,205.170408,442154
187,205.170408,444532
188,205.170408,446909
189,205.170408,449287
190,205.091477,451663
191,205.091477,454042
192,205.091477,456419
193,205.091477,458798
194,205.091477,461175
195,205.091477,463553
196,205.091477,465931
197,205.091477,468309
198,205.091477,470687
199,205.091477,473068
200,205.091477,475446
201,205.091477,477824
202,205.091477,480200
203,205.091477,482579
204,205.091477,484957
205,205.091477,487337
206,205.091477,489715
207,205.091477,492092
208,205.091477,494469
209,205.091477,496846
210,205.091477,499223
211,205.091477,501602
212,205.091477,503982
213,205.091477,506360
214,205.091477,508736
215,205.091477,511114
216,205.091477,513492
217,205.091477,515872
218,205.091477,518249
219,205.091477,520630
220,205.091477,523010
221,205.091477,525387
222,205.091477,527765
223,205.091477,530142
224,205.091477,532519
225,204.969541,534898
226,204.969541,537277
227,204.967529,539658
228,204.967529,542037
229,204.967529,544416
230,204.967529,546793
231,204.967529,549171
232,204.967529,551547
233,204.967529,553924
234,204.967529,556302
235,204.967529,558678
236,204.967529,561056
237,204.967529,563432
238,204.967529,565809
239,204.967529,568188
240,204.967529,570564
241,204.967529,572940
242,204.967529,575316
243,204.967529,577693
244,204.967529,580070
245,204.967529,582448
246,204.967529,584825
247,204.967529,587202
248,204.967529,589579
249,204.967529,591956
250,204.967529,594332
251,204.967529,596710
252,204.967529,599086
253,204.967529,601464
254,204.967529,603841
255,204.967529,606217
256,204.967529,608594
257,204.967529,610972
258,204.967529,613350
259,204.967529,615727
260,204.967529,618104
261,204.967529,620481
262,204.967529,622858
263,204.967529,625235
264,204.967529,627612
265,204.967529,629989
266,204.967529,632366
267,204.967529,634744
268,204.967529,637121
269,204.967529,639497
270,204.967529,641874
271,204.967529,644250
272,204.967529,646626
273,204.967529,649002
274,204.967529,651379
275,204.967529,653757
276,204.967529,656133
277,204.967529,658509
278,204.967529,660885
279,204.967529,663261
280,204.967529,665638
281,204.967529,668014
282,204.967529,670390
283,204.967529,672766
284,204.967529,675143
285,204.967529,677522
286,204.967529,679900
287,204.967529,682277
288,204.967529,684653
289,204.967529,687030
290,204.967529,689407
291,204.967529,691786
292,204.967529,694162
293,204.967529,696539
294,204.967529,698918
295,204.967529,701296
296,204.967529,703675
297,204.967529,706053
298,204.967529,708430
299,204.967529,710808
204.967529,7.051696
1,223.159013,2376
2,217.875060,4752
3,216.458857,7128
4,213.694463,9504
5,212.865571,11880
6,212.214986,14256
7,212.086547,16632
8,210.938674,19008
9,210.108405,21384
10,209.112753,23760
11,208.274026,26136
12,208.245707,28512
13,208.245707,30888
14,208.245707,33264
15,208.245707,35640
16,208.166862,38016
17,208.116340,40392
18,208.116340,42768
19,208.116340,45144
20,208.046190,47520
21,208.046190,49897
22,207.032409,52274
23,207.032409,54650
24,207.032409,57027
25,207.032409,59404
26,207.032409,61782
27,207.032409,64159
28,207.032409,66535
29,207.032409,68911
30,207.032409,71287
31,207.032409,73664
32,207.032409,76042
33,207.032409,78419
34,207.032409,80798
35,207.032409,83174
36,207.032409,85550
37,207.032409,87928
38,207.032409,90305
39,206.557681,92681
40,206.557681,95057
41,206.557681,97433
42,206.557681,99810
43,206.557681,102186
44,206.557681,104562
45,206.413374,106938
46,206.413374,109314
47,206.413374,111690
48,206.413374,114066
49,206.410611,116442
50,206.410611,118819
51,206.345652,121197
52,206.345652,123574
53,206.345652,125951
54,206.345652,128328
55,206.345652,130706
56,206.345652,133082
57,205.960206,135458
58,205.960206,137834
59,205.960206,140212
60,205.960206,142588
61,205.515044,144965
62,205.515044,147341
63,205.515044,149717
64,205.515044,152094
65,205.515044,154470
66,205.515044,156847
67,205.515044,159224
68,205.515044,161600
69,205.515044,163976
70,205.515044,166352
71,205.515044,168729
72,205.515044,171106
73,205.515044,173484
74,205.515044,175861
75,205.515044,178239
76,205.515044,180617
77,205.515044,182994
78,205.515044,185372
79,205.515044,187749
80,205.515044,190125
81,205.515044,192502
82,205.515044,194879
83,205.478290,197256
84,205.478290,199633
85,205.478290,202009
86,205.478290,204388
87,205.478290,206766
88,205.478290,209144
89,205.478290,211522
90,205.478290,213898
91,205.460080,216275
92,205.460080,218653
93,205.460080,221031
94,205.460080,223408
95,205.460080,225785
96,205.460080,228161
97,205.460080,230539
98,205.460080,232916
99,205.460080,235294
100,205.460080,237671
101,205.460080,240048
102,205.460080,242424
103,205.460080,244802
104,205.460080,247180
105,205.460080,249556
106,205.460080,251932
107,205.460080,254308
108,205.460080,256684
109,205.460080,259060
110,205.460080,261437
111,205.460080,263813
112,205.460080,266191
113,205.460080,268569
114,205.460080,270946
115,205.439748,273324
116,205.439748,275702
117,205.439748,278080
118,205.439748,280457
119,205.439748,282834
120,205.439748,285212
121,205.439748,287590
122,205.439748,289968
123,205.424659,292344
124,205.424659,294720
125,205.424659,297097
126,205.424659,299473
127,205.424659,301851
128,205.424659,304227
129,205.424659,306603
130,205.424659,308979
131,205.424659,311356
132,205.424659,313734
133,205.424659,316110
134,205.424659,318487
135,205.424659,320864
136,205.424659,323241
137,205.424659,325617
138,205.424659,327994
139,205.424659,330371
140,205.424659,332749
141,205.424659,335127
142,205.424659,337503
143,205.424659,339879
144,205.424659,342257
145,205.424659,344634
146,205.424659,347011
147,205.424659,349388
148,205.424659,351765
149,205.424659,354143
150,205.424659,356520
151,205.424659,358896
152,205.424659,361273
153,205.424659,363651
154,205.424659,366029
155,205.424659,368406
156,205.424659,370783
157,205.424659,373159
158,205.424659,375536
159,205.424659,377912
160,205.424659,380288
161,205.424659,382665
162,205.424659,385041
163,205.424659,387417
164,205.424659,389793
165,205.424659,392170
166,205.424659,394547
167,205.424659,396923
168,205.424659,399299
169,205.424659,401675
170,205.424659,404051
171,205.424659,406427
172,205.424659,408804
173,205.424659,411183
174,205.424659,413559
175,205.424659,415935
176,205.424659,418313
177,205.424659,420689
178,205.424659,423065
179,205.424659,425441
180,205.424659,427818
181,205.424659,430194
182,205.424659,432572
183,205.424659,434949
184,205.424659,437328
185,205.424659,439707
186,205.424659,442083
187,205.424659,444459
188,205.424659,446835
189,205.424659,449213
190,205.424659,451590
191,205.424659,453967
192,205.424659,456343
193,205.424659,458719
194,205.424659,461096
195,205.424659,463472
196,205.424659,465848
197,205.424659,468226
198,205.424659,470602
199,205.424659,472978
200,205.424659,475354
201,205.424659,477730
202,205.424659,480109
203,205.424659,482486
204,205.424659,484862
205,205.424659,487238
206,205.424659,489614
207,205.424659,491991
208,205.424659,494367
209,205.424659,496743
210,205.424659,499119
211,205.424659,501495
212,205.424659,503872
213,205.424659,506248
214,205.424659,508624
215,205.424659,511000
216,205.424659,513377
217,205.424659,515754
218,205.424659,518130
219,205.424659,520506
220,205.424659,522884
221,205.424659,525260
222,205.424659,527636
223,205.424659,530013
224,205.424659,532389
225,205.424659,534766
226,205.424659,537143
227,205.424659,539519
228,205.424659,541895
229,205.424659,544271
230,205.424659,546647
231,205.424659,549023
232,205.424659,551399
233,205.424659,553775
234,205.424659,556151
235,205.424659,558530
236,205.424659,560906
237,205.424659,563283
238,205.424659,565659
239,205.424659,568035
240,205.424659,570412
241,205.424659,572789
242,205.424659,575169
243,205.424659,577546
244,205.424659,579923
245,205.424659,582301
246,205.424659,584678
247,205.424659,587055
248,205.424659,589431
249,205.424659,591807
250,205.424659,594184
251,205.424659,596561
252,205.424659,598938
253,205.424659,601314
254,205.424659,603690
255,205.424659,606066
256,205.424659,608442
257,205.424659,610818
258,205.424659,613195
259,205.424659,615572
260,205.424659,617948
261,205.424659,620324
262,205.424659,622700
263,205.424659,625077
264,205.424659,627453
265,205.424659,629829
266,205.424659,632206
267,205.424659,634583
268,205.424659,636959
269,205.424659,639335
270,205.424659,641711
271,205.424659,644087
272,205.424659,646464
273,205.424659,648840
274,205.424659,651216
275,205.424659,653592
276,205.424659,655968
277,205.424659,658344
278,205.424659,660720
279,205.424659,663097
280,205.424659,665474
281,205.424659,667852
282,205.424659,670229
283,205.424659,672605
284,205.424659,674981
285,205.424659,677357
286,205.424659,679733
287,205.424659,682110
288,205.424659,684486
289,205.424659,686862
290,205.424659,689240
291,205.424659,691617
292,205.424659,693994
293,205.424659,696371
294,205.424659,698748
295,205.424659,701126
296,205.424659,703504
297,205.424659,705882
298,205.424659,708259
299,205.424659,710636
205.424659,7.057588
1,223.767839,2376
2,216.843276,4752
3,215.303804,7128
4,215.303804,9504
5,212.536637,11880
6,211.266872,14256
7,210.747454,16632
8,210.362210,19008
9,210.239564,21384
10,210.239564,23760
11,208.643188,26137
12,208.643188,28514
13,208.643188,30890
14,208.643188,33266
15,208.533269,35642
16,208.533269,38018
17,207.843591,40395
18,207.843591,42771
19,207.232726,45147
20,207.232726,47523
21,207.232726,49901
22,206.523072,52277
23,206.523072,54656
24,206.523072,57032
25,206.345288,59409
26,206.186572,61786
27,206.138692,64164
28,206.138692,66543
29,206.138692,68920
30,206.138692,71297
31,206.138692,73673
32,206.138692,76050
33,205.887314,78429
34,205.887314,80806
35,205.887314,83185
36,205.887314,85562
37,205.887314,87939
38,205.887314,90316
39,205.887314,92694
40,205.887314,95070
41,205.887314,97446
42,205.887314,99822
43,205.887314,102199
44,205.887314,104576
45,205.887314,106953
46,205.887314,109331
47,205.887314,111708
48,205.887314,114085
49,205.887314,116462
50,205.887314,118839
51,205.887314,121216
52,205.769726,123594
53,205.769726,125971
54,205.769726,128347
55,205.769726,130724
56,205.769726,133100
57,205.769726,135477
58,205.769726,137853
59,205.769726,140230
60,205.769726,142607
61,205.769726,144985
62,205.651543,147364
63,205.651543,149743
64,205.651543,152119
65,205.651543,154498
66,205.651543,156875
67,205.575949,159254
68,205.560032,161632
69,205.560032,164009
70,205.560032,166387
71,205.397917,168767
72,205.397917,171144
73,205.362175,173524
74,205.362175,175902
75,205.362175,178280
76,205.362175,180659
77,205.362175,183038
78,205.362175,185416
79,205.362175,187796
80,205.362175,190175
81,205.362175,192553
82,205.362175,194930
83,205.362175,197308
84,205.362175,199685
85,205.362175,202061
86,205.362175,204438
87,205.362175,206815
88,205.362175,209191
89,205.362175,211568
90,205.362175,213944
91,205.203761,216322
92,205.203761,218700
93,205.203761,221077
94,205.203761,223454
95,205.203761,225832
96,205.203761,228209
97,205.203761,230587
98,205.203761,232963
99,205.203761,235339
100,205.203761,237716
101,205.203761,240093
102,205.203761,242470
103,205.203761,244847
104,205.203761,247224
105,205.203761,249601
106,205.186372,251979
107,205.186372,254356
108,205.186372,256732
109,205.186372,259108
110,205.186372,261485
111,205.186372,263863
112,205.186372,266241
113,205.054568,268617
114,205.054568,270993
115,205.054568,273369
116,205.054568,275746
117,205.054568,278123
118,205.054568,280499
119,205.054568,282875
120,205.054568,285254
121,205.046162,287633
122,205.046162,290010
123,205.046162,292387
124,205.046162,294764
125,205.046162,297142
126,205.046162,299520
127,205.046162,301898
128,205.046162,304279
129,205.046162,306655
130,205.046162,309032
131,205.046162,311408
132,205.046162,313788
133,205.046162,316165
134,205.046162,318545
135,205.046162,320921
136,205.046162,323299
137,205.046162,325678
138,205.037441,328056
139,205.037441,330433
140,205.037441,332809
141,205.037441,335186
142,205.037441,337562
143,205.037441,339938
144,205.037441,342317
145,205.037441,344696
146,205.037441,347074
147,205.037441,349451
148,205.037441,351829
149,205.037441,354205
150,205.037441,356582
151,205.037441,358959
152,205.037441,361337
153,205.037441,363714
154,205.037441,366091
155,205.037441,368468
156,205.037441,370844
157,205.037441,373220
158,205.037441,375596
159,205.037441,377973
160,205.037441,380352
161,205.037441,382729
162,205.037441,385106
163,205.037441,387482
164,205.037441,389860
165,205.037441,392237
166,205.037441,394614
167,205.037441,396991
168,205.037441,399367
169,205.037441,401744
170,205.037441,404120
171,205.037441,406499
172,205.037441,408876
173,205.037441,411254
174,205.037441,413630
175,205.037441,416008
176,205.037441,418385
177,205.037441,420763
178,205.037441,423140
179,205.037441,425517
180,205.037441,427893
181,205.037441,430269
182,205.037441,432646
183,205.037441,435023
184,205.037441,437400
185,205.037441,439778
186,205.037441,442157
187,205.037441,444536
188,205.037441,446914
189,205.037441,449290
190,205.020622,451667
191,205.020622,454046
192,205.020622,456423
193,205.020622,458801
194,205.020622,461179
195,205.020622,463557
196,205.020622,465934
197,205.020622,468311
198,205.020622,470687
199,205.020622,473064
200,205.020622,475441
201,205.020622,477818
202,205.020622,480194
203,205.020622,482570
204,205.020622,484946
205,205.020622,487324
206,205.020622,489703
207,205.020622,492081
208,205.020622,494459
209,205.020622,496836
210,205.020622,499213
211,205.020622,501592
212,205.020622,503969
213,205.020622,506345
214,205.020622,508722
215,205.020622,511100
216,205.020622,513477
217,205.020622,515855
218,205.020622,518232
219,205.020622,520609
220,205.020622,522985
221,205.020622,525361
222,205.020622,527738
223,205.020622,530115
224,205.020622,532492
225,205.020622,534870
226,205.020622,537248
227,205.020622,539625
228,205.020622,542001
229,205.020622,544379
230,205.020622,546755
231,205.020622,549133
232,205.020622,551510
233,205.020622,553887
234,205.020622,556264
235,205.020622,558640
236,205.020622,561018
237,205.020622,563394
238,205.020622,565770
239,205.020622,568148
240,205.020622,570527
241,205.020622,572906
242,205.020622,575287
243,205.020622,577667
244,205.020622,580046
245,205.020622,582425
246,205.020622,584803
247,205.020622,587183
248,205.020622,589561
249,205.020622,591939
250,205.020622,594316
251,205.020622,596694
252,205.020622,599070
253,205.020622,601446
254,205.020622,603823
255,205.020622,606199
256,205.020622,608576
257,205.020622,610954
258,205.020622,613330
259,205.020622,615707
260,205.020622,618086
261,205.020622,620463
262,205.020622,622839
263,205.020622,625215
264,205.020622,627593
265,205.020622,629970
266,205.020622,632347
267,205.020622,634724
268,205.020622,637100
269,205.020622,639478
270,205.020622,641856
271,205.020622,644235
272,205.020622,646613
273,205.020622,648992
274,205.020622,651369
275,205.020622,653746
276,204.994019,656123
277,204.994019,658500
278,204.994019,660876
279,204.994019,663255
280,204.994019,665633
281,204.994019,668013
282,204.994019,670390
283,204.994019,672766
284,204.994019,675143
285,204.994019,677519
286,204.994019,679895
287,204.994019,682271
288,204.994019,684648
289,204.994019,687026
290,204.994019,689403
291,204.994019,691781
292,204.994019,694160
293,204.994019,696539
294,204.994019,698916
295,204.994019,701293
296,204.994019,703671
297,204.994019,706050
298,204.994019,708427
299,204.994019,710805
204.994019,7.076041
1,223.331987,2376
2,218.661437,4752
3,216.893786,7128
4,215.090885,9504
5,213.043180,11880
6,211.822981,14256
7,211.465662,16632
8,210.641838,19008
9,209.664463,21385
10,209.281170,23761
11,209.281170,26137
12,209.120019,28513
13,208.739627,30889
14,208.739627,33265
15,208.739627,35641
16,208.739627,38017
17,207.237831,40393
18,207.213834,42769
19,207.213834,45145
20,207.213834,47521
21,207.213834,49897
22,207.213834,52273
23,207.213834,54649
24,207.213834,57025
25,207.213834,59401
26,207.213834,61779
27,206.644396,64155
28,206.644396,66531
29,206.644396,68907
30,206.644396,71283
31,206.565765,73659
32,206.565765,76035
33,206.565765,78412
34,206.565765,80789
35,206.565765,83166
36,206.565765,85544
37,206.505579,87922
38,206.505579,90301
39,206.505579,92680
40,206.505579,95059
41,206.505579,97435
42,206.505579,99813
43,206.505579,102191
44,206.505579,104570
45,206.505579,106948
46,206.505579,109326
47,206.505579,111704
48,206.505579,114081
49,206.505579,116457
50,206.505579,118833
51,206.505579,121211
52,206.358899,123588
53,206.358899,125966
54,206.358899,128345
55,206.358899,130721
56,206.358899,133097
57,206.358899,135476
58,206.358899,137854
59,206.358899,140233
60,206.358899,142611
61,206.358899,144989
62,206.193848,147368
63,206.193848,149746
64,206.193848,152123
65,206.193848,154504
66,206.193848,156882
67,206.193848,159260
68,206.193848,161640
69,206.193848,164019
70,206.193848,166400
71,206.193848,168779
72,206.193848,171160
73,206.193848,173539
74,206.193848,175917
75,206.193848,178296
76,206.193848,180676
77,206.068739,183055
78,206.068739,185432
79,206.068739,187811
80,206.068739,190189
81,205.941230,192568
82,205.941230,194947
83,205.941230,197327
84,205.941230,199706
85,205.941230,202085
86,205.941230,204464
87,205.941230,206843
88,205.941230,209220
89,205.910481,211600
90,205.910481,213978
91,205.910481,216358
92,205.910481,218740
93,205.910481,221123
94,205.910481,223502
95,205.910481,225880
96,205.910481,228258
97,205.910481,230637
98,205.827472,233013
99,205.827472,235393
100,205.827472,237770
101,205.827472,240147
102,205.827472,242524
103,205.827472,244903
104,205.827472,247282
105,205.827472,249660
106,205.827472,252038
107,205.827472,254418
108,205.827472,256797
109,205.827472,259175
110,205.827472,261553
111,205.827472,263933
112,205.827472,266312
113,205.827472,268689
114,205.827472,271066
115,205.827472,273443
116,205.827472,275820
117,205.743979,278198
118,205.743979,280575
119,205.743979,282954
120,205.743979,285332
121,205.743979,287708
122,205.743979,290084
123,205.743979,292461
124,205.743979,294837
125,205.743979,297214
126,205.743979,299590
127,205.743979,301967
128,205.743979,304343
129,205.743979,306720
130,205.743979,309096
131,205.743979,311474
132,205.743979,313850
133,205.743979,316230
134,205.743979,318608
135,205.743979,320985
136,205.743979,323361
137,205.743979,325739
138,205.743979,328116
139,205.743979,330492
140,205.743979,332869
141,205.743979,335246
142,205.743979,337622
143,205.743979,340000
144,205.743979,342377
145,205.743979,344754
146,205.743979,347130
147,205.743979,349509
148,205.743979,351886
149,205.743979,354265
150,205.743979,356644
151,205.743979,359022
152,205.743979,361398
153,205.743979,363776
154,205.743979,366153
155,205.743979,368530
156,205.743979,370907
157,205.743979,373284
158,205.743979,375661
159,205.743979,378038
160,205.743979,380414
161,205.743979,382790
162,205.743979,385167
163,205.743979,387546
164,205.743979,389923
165,205.743979,392301
166,205.743979,394680
167,205.743979,397058
168,205.743979,399435
169,205.743979,401812
170,205.743979,404190
171,205.743979,406567
172,205.743979,408944
173,205.743979,411322
174,205.743979,413700
175,205.743979,416079
176,205.743979,418457
177,205.743979,420836
178,205.743979,423212
179,205.743979,425589
180,205.743979,427965
181,205.743979,430343
182,205.743979,432719
183,205.743979,435097
184,205.743979,437473
185,205.743979,439850
186,205.743979,442227
187,205.743979,444603
188,205.743979,446979
189,205.743979,449356
190,205.743979,451732
191,205.743979,454111
192,205.743979,456488
193,205.743979,458865
194,205.743979,461243
195,205.743979,463620
196,205.743979,465996
197,205.743979,468373
198,205.743979,470751
199,205.743979,473130
200,205.743979,475507
201,205.743979,477883
202,205.743979,480263
203,205.743979,482640
204,205.743979,485016
205,205.743979,487393
206,205.743979,489771
207,205.743979,492149
208,205.743979,494527
209,205.743979,496905
210,205.743979,499284
211,205.743979,501660
212,205.743979,504037
213,205.743979,506414
214,205.743979,508792
215,205.743979,511174
216,205.743979,513553
217,205.743979,515934
218,205.743979,518314
219,205.743979,520695
220,205.743979,523075
221,205.743979,525453
222,205.743979,527832
223,205.743979,530209
224,205.743979,532585
225,205.743979,534962
226,205.743979,537341
227,205.743979,539718
228,205.743979,542096
229,205.743979,544475
230,205.743979,546852
231,205.743979,549230
232,205.743979,551607
233,205.743979,553984
234,205.743979,556360
235,205.743979,558737
236,205.743979,561116
237,205.743979,563495
238,205.743979,565872
239,205.743979,568248
240,205.743979,570626
241,205.743979,573005
242,205.743979,575383
243,205.743979,577761
244,205.743979,580138
245,205.743979,582516
246,205.743979,584894
247,205.743979,587272
248,205.743979,589652
249,205.743979,592032
250,205.743979,594412
251,205.743979,596791
252,205.743979,599169
253,205.743979,601548
254,205.743979,603926
255,205.743979,606304
256,205.743979,608682
257,205.743979,611060
258,205.743979,613437
259,205.743979,615814
260,205.743979,618192
261,205.743979,620569
262,205.743979,622945
263,205.743979,625322
264,205.743979,627699
265,205.743979,630076
266,205.743979,632453
267,205.743979,634830
268,205.743979,637208
269,205.743979,639586
270,205.743979,641963
271,205.743979,644341
272,205.743979,646717
273,205.743979,649094
274,205.743979,651471
275,205.743979,653847
276,205.743979,656223
277,205.743979,658600
278,205.743979,660976
279,205.743979,663354
280,205.743979,665731
281,205.743979,668107
282,205.743979,670483
283,205.743979,672859
284,205.743979,675235
285,205.743979,677613
286,205.743979,679990
287,205.743979,682367
288,205.743979,684745
289,205.743979,687122
290,205.743979,689498
291,205.743979,691875
292,205.743979,694252
293,205.743979,696629
294,205.743979,699008
295,205.743979,701386
296,205.743979,703763
297,205.743979,706140
298,205.743979,708517
299,205.743979,710894
205.743979,7.084705
