1,19589.206119,2376
2,18725.275344,5040
3,18592.521382,7701
4,18246.356680,10357
5,18090.510328,13005
6,18015.582596,15642
7,17869.243382,18275
8,17836.739810,20915
9,17775.345094,23567
10,17775.345094,26220
11,17775.345094,28877
12,17775.345094,31535
13,17775.345094,34196
14,17775.345094,36857
15,17763.794013,39516
16,17756.033185,42179
17,17747.094122,44842
18,17747.094122,47505
19,17747.094122,50168
20,17747.094122,52831
21,17747.094122,55494
22,17747.094122,58156
23,17747.094122,60818
24,17747.094122,63481
25,17747.094122,66144
26,17747.094122,68807
27,17747.094122,71470
28,17747.094122,74133
29,17747.094122,76796
30,17747.094122,79458
31,17747.094122,82120
32,17747.094122,84782
33,17747.094122,87444
34,17747.094122,90106
35,17747.094122,92768
36,17747.094122,95430
37,17747.094122,98092
38,17747.094122,100754
39,17747.094122,103418
40,17747.094122,106082
41,17747.094122,108746
42,17747.094122,111410
43,17747.094122,114074
44,17747.094122,116738
45,17747.094122,119402
46,17747.094122,122066
47,17747.094122,124730
48,17747.094122,127394
49,17747.094122,130058
50,17747.094122,132722
51,17747.094122,135386
52,17747.094122,138050
53,17747.094122,140714
54,17747.094122,143378
55,17747.094122,146042
56,17747.094122,148706
57,17722.825931,151370
58,17722.825931,154034
59,17722.825931,156698
60,17722.825931,159362
61,17722.825931,162026
62,17722.825931,164690
63,17722.825931,167354
64,17722.825931,170018
65,17722.825931,172682
66,17722.825931,175346
67,17722.825931,178010
68,17722.825931,180674
69,17722.825931,183338
70,17722.825931,186002
71,17722.825931,188666
72,17722.825931,191330
73,17722.825931,193994
74,17722.825931,196658
75,17722.825931,199322
76,17722.825931,201986
77,17722.825931,204650
78,17722.825931,207314
79,17722.825931,209978
80,17722.825931,212642
81,17722.825931,215306
82,17722.825931,217970
83,17722.825931,220634
84,17722.825931,223298
85,17722.825931,225962
86,17722.825931,228626
87,17722.825931,231290
88,17722.825931,233954
89,17722.825931,236618
90,17722.825931,239282
91,17722.825931,241946
92,17718.907138,244610
93,17718.907138,247274
94,17718.907138,249938
95,17718.907138,252602
96,17718.907138,255266
97,17718.907138,257930
98,17718.907138,260594
99,17718.907138,263258
100,17718.907138,265922
101,17718.907138,268586
102,17718.907138,271250
103,17718.907138,273914
104,17718.907138,276578
105,17718.907138,279242
106,17718.907138,281906
107,17718.907138,284570
108,17718.907138,287234
109,17718.907138,289898
110,17718.907138,292562
111,17718.907138,295226
112,17718.907138,297890
113,17718.907138,300554
114,17718.907138,303218
115,17718.907138,305882
116,17718.907138,308546
117,17718.907138,311210
118,17718.907138,313874
119,17718.907138,316538
120,17718.907138,319202
121,17718.907138,321866
122,17718.907138,324530
123,17718.907138,327194
124,17718.907138,329858
125,17718.907138,332522
126,17718.907138,335186
127,17718.907138,337850
128,17718.907138,340515
129,17718.907138,343180
130,17718.907138,345845
131,17718.907138,348510
132,17718.907138,351175
133,17718.907138,353840
134,17718.907138,356505
135,17718.907138,359170
136,17718.907138,361835
137,17718.907138,364500
138,17718.907138,367165
139,17718.907138,369830
140,17718.907138,372495
141,17718.907138,375160
142,17718.907138,377825
143,17718.907138,380490
144,17718.907138,383155
145,17718.907138,385820
146,17718.907138,388485
147,17718.907138,391150
148,17718.907138,393815
149,17718.907138,396480
150,17718.907138,399145
151,17718.907138,401810
152,17718.907138,404475
153,17718.907138,407140
154,17718.907138,409805
155,17718.907138,412470
156,17718.907138,415135
157,17718.907138,417800
158,17718.907138,420465
159,17718.907138,423130
160,17718.907138,425795
161,17718.907138,428460
162,17718.907138,431125
163,17718.907138,433790
164,17718.907138,436455
165,17718.907138,439120
166,17718.907138,441785
167,17718.907138,444450
168,17709.158744,447115
169,17709.158744,449780
170,17709.158744,452445
171,17709.158744,455110
172,17709.158744,457775
173,17709.158744,460440
174,17709.158744,463105
175,17708.385460,465770
176,17708.385460,468435
177,17708.385460,471100
178,17708.385460,473765
179,17708.385460,476430
180,17708.385460,479095
181,17708.385460,481760
182,17708.385460,484425
183,17708.385460,487090
184,17708.385460,489755
185,17708.385460,492420
186,17708.385460,495085
187,17708.385460,497750
188,17703.568050,500415
189,17703.568050,503080
190,17703.568050,505744
191,17703.568050,508408
192,17703.568050,511072
193,17692.164407,513736
194,17692.164407,516400
195,17692.164407,519064
196,17692.164407,521728
197,17692.164407,524392
198,17692.164407,527056
199,17692.164407,529720
200,17692.164407,532384
201,17692.164407,535048
202,17692.164407,537712
203,17692.164407,540376
204,17692.164407,543040
205,17692.164407,545704
206,17692.164407,548368
207,17692.164407,551032
208,17692.164407,553696
209,17692.164407,556360
210,17692.164407,559024
211,17692.164407,561688
212,17692.164407,564351
213,17692.164407,567014
214,17692.164407,569677
215,17692.164407,572340
216,17692.164407,575003
217,17692.164407,577666
218,17692.164407,580329
219,17692.164407,582992
220,17692.164407,585655
221,17692.164407,588319
222,17692.164407,590982
223,17692.164407,593645
224,17692.164407,596308
225,17692.164407,598971
226,17692.164407,601635
227,17692.164407,604299
228,17692.164407,606963
229,17692.164407,609627
230,17692.164407,612291
231,17692.164407,614955
232,17692.164407,617619
233,17692.164407,620283
234,17692.164407,622947
235,17692.164407,625611
236,17692.164407,628275
237,17692.164407,630939
238,17692.164407,633603
239,17692.164407,636267
240,17692.164407,638931
241,17692.164407,641595
242,17692.164407,644259
243,17692.164407,646921
244,17692.164407,649583
245,17692.164407,652246
246,17692.164407,654909
247,17665.045766,657572
248,17665.045766,660235
249,17665.045766,662898
250,17665.045766,665561
251,17665.045766,668224
252,17665.045766,670887
253,17665.045766,673550
254,17665.045766,676213
255,17665.045766,678876
256,17665.045766,681536
257,17665.045766,684197
258,17665.045766,686857
259,17665.045766,689517
260,17665.045766,692177
261,17665.045766,694837
262,17665.045766,697498
263,17665.045766,700159
264,17665.045766,702820
265,17665.045766,705481
266,17665.045766,708142
267,17665.045766,710803
268,17665.045766,713462
269,17665.045766,716122
270,17665.045766,718782
271,17665.045766,721442
272,17665.045766,724102
273,17665.045766,726762
274,17665.045766,729422
275,17665.045766,732082
276,17665.045766,734742
277,17665.045766,737402
278,17665.045766,740063
279,17665.045766,742724
280,17665.045766,745386
281,17665.045766,748048
282,17665.045766,750710
283,17665.045766,753372
284,17665.045766,756034
285,17665.045766,758696
286,17665.045766,761357
287,17665.045766,764018
288,17665.045766,766679
289,17665.045766,769340
290,17665.045766,772001
291,17665.045766,774662
292,17665.045766,777323
293,17665.045766,779984
294,17665.045766,782645
295,17665.045766,785306
296,17665.045766,787967
297,17665.045766,790629
298,17665.045766,793291
299,17665.045766,795953
300,17665.045766,798615
301,17665.045766,801277
302,17665.045766,803939
303,17665.045766,806601
304,17665.045766,809263
305,17665.045766,811925
306,17665.045766,814587
307,17665.045766,817249
17665.045766,82.946451
1,19550.841601,2376
2,18737.451116,5016
3,18395.920178,7654
4,18270.445759,10288
5,18243.092868,12919
6,17995.323391,15538
7,17877.827765,18160
8,17808.499626,20776
9,17808.499626,23408
10,17791.426372,26038
11,17757.993230,28673
12,17755.684705,31308
13,17742.743749,33946
14,17742.743749,36583
15,17740.957948,39220
16,17740.957948,41858
17,17740.957948,44496
18,17740.957948,47133
19,17740.957948,49771
20,17740.957948,52409
21,17740.957948,55047
22,17740.957948,57685
23,17740.957948,60323
24,17740.957948,62961
25,17740.957948,65598
26,17740.957948,68235
27,17740.957948,70873
28,17740.957948,73511
29,17740.957948,76149
30,17740.957948,78787
31,17740.957948,81425
32,17740.957948,84063
33,17740.957948,86701
34,17740.957948,89339
35,17740.957948,91977
36,17740.957948,94614
37,17740.957948,97252
38,17740.957948,99890
39,17740.957948,102528
40,17740.957948,105166
41,17740.957948,107804
42,17740.957948,110442
43,17740.957948,113080
44,17740.957948,115718
45,17740.957948,118356
46,17740.957948,120994
47,17740.957948,123632
48,17740.957948,126270
49,17740.957948,128908
50,17740.957948,131545
51,17740.957948,134183
52,17740.957948,136821
53,17740.957948,139459
54,17740.957948,142097
55,17740.957948,144735
56,17740.957948,147373
57,17740.957948,150011
58,17740.957948,152649
59,17740.957948,155287
60,17740.957948,157926
61,17740.957948,160565
62,17740.957948,163204
63,17740.957948,165843
64,17740.957948,168482
65,17740.957948,171121
66,17740.957948,173761
67,17740.957948,176401
68,17740.957948,179041
69,17740.957948,181681
70,17740.957948,184321
71,17740.957948,186961
72,17740.957948,189601
73,17740.957948,192241
74,17740.957948,194881
75,17740.957948,197521
76,17740.957948,200161
77,17740.957948,202801
78,17740.957948,205441
79,17740.957948,208081
80,17740.957948,210721
81,17740.957948,213361
82,17740.957948,216001
83,17740.957948,218641
84,17740.957948,221281
85,17740.957948,223921
86,17740.957948,226561
87,17740.957948,229201
88,17740.957948,231841
89,17740.957948,234481
90,17740.957948,237121
91,17740.957948,239761
92,17740.957948,242401
93,17728.399277,245041
94,17728.399277,247681
95,17728.399277,250321
96,17728.399277,252961
97,17728.399277,255601
98,17728.399277,258241
99,17728.399277,260881
100,17728.399277,263521
101,17728.399277,266161
102,17728.399277,268801
103,17728.399277,271441
104,17728.399277,274081
105,17728.399277,276721
106,17728.399277,279361
107,17728.399277,282000
108,17728.399277,284639
109,17728.399277,287278
110,17728.399277,289917
111,17728.399277,292556
112,17728.399277,295195
113,17728.399277,297834
114,17728.399277,300473
115,17728.399277,303113
116,17728.399277,305753
117,17714.236662,308393
118,17711.499740,311033
119,17711.499740,313673
120,17711.499740,316313
121,17711.499740,318953
122,17711.499740,321593
123,17711.499740,324233
124,17711.499740,326873
125,17711.499740,329513
126,17711.499740,332153
127,17711.499740,334793
128,17711.499740,337433
129,17711.499740,340073
130,17711.499740,342713
131,17711.499740,345353
132,17711.499740,347993
133,17711.499740,350633
134,17711.499740,353273
135,17711.499740,355913
136,17711.499740,358553
137,17711.499740,361193
138,17711.499740,363833
139,17711.499740,366473
140,17711.499740,369113
141,17711.499740,371753
142,17711.499740,374393
143,17711.499740,377033
144,17711.499740,379673
145,17711.499740,382313
146,17711.499740,384953
147,17711.499740,387593
148,17711.499740,390233
149,17711.499740,392873
150,17711.499740,395513
151,17711.499740,398153
152,17711.499740,400793
153,17711.499740,403433
154,17711.499740,406073
155,17711.499740,408713
156,17711.499740,411353
157,17711.499740,413993
158,17711.499740,416633
159,17711.499740,419273
160,17711.499740,421913
161,17711.499740,424553
162,17711.499740,427193
163,17711.499740,429833
164,17711.499740,432473
165,17711.499740,435113
166,17711.499740,437753
167,17711.499740,440393
168,17711.499740,443033
169,17711.499740,445673
170,17711.499740,448313
171,17711.499740,450953
172,17711.499740,453593
173,17711.499740,456233
174,17711.499740,458873
175,17711.499740,461513
176,17711.499740,464153
177,17711.499740,466793
178,17711.499740,469433
179,17711.499740,472073
180,17711.499740,474712
181,17711.499740,477351
182,17711.499740,479990
183,17711.499740,482629
184,17711.499740,485268
185,17711.499740,487907
186,17711.499740,490546
187,17711.499740,493185
188,17700.903109,495824
189,17700.903109,498463
190,17700.903109,501103
191,17700.903109,503743
192,17700.903109,506383
193,17700.903109,509023
194,17700.903109,511663
195,17700.903109,514303
196,17700.903109,516942
197,17700.903109,519581
198,17700.903109,522220
199,17694.464769,524859
200,17693.481527,527498
201,17693.481527,530135
202,17693.481527,532772
203,17693.481527,535409
204,17693.481527,538046
205,17693.481527,540683
206,17693.481527,543320
207,17693.481527,545957
208,17693.481527,548594
209,17693.481527,551231
210,17693.481527,553868
211,17693.481527,556505
212,17693.481527,559142
213,17693.481527,561779
214,17693.481527,564416
215,17693.481527,567054
216,17693.481527,569692
217,17693.481527,572331
218,17693.481527,574970
219,17693.481527,577609
220,17693.481527,580248
221,17693.481527,582887
222,17693.481527,585526
223,17693.481527,588165
224,17693.481527,590804
225,17693.481527,593443
226,17693.481527,596082
227,17693.481527,598721
228,17693.481527,601360
229,17693.481527,603999
230,17693.481527,606638
231,17693.481527,609278
232,17693.481527,611918
233,17693.481527,614558
234,17693.481527,617198
235,17693.481527,619838
236,17693.481527,622478
237,17692.852637,625118
238,17692.852637,627758
239,17692.852637,630398
240,17692.852637,633038
241,17692.852637,635678
242,17692.852637,638318
243,17692.852637,640958
244,17692.852637,643598
245,17692.852637,646238
246,17692.852637,648878
247,17692.852637,651518
248,17692.852637,654158
249,17692.852637,656798
250,17692.852637,659438
251,17692.852637,662078
252,17692.852637,664718
253,17692.852637,667358
254,17692.852637,669998
255,17692.852637,672638
256,17692.852637,675278
257,17692.852637,677918
258,17692.852637,680558
259,17692.852637,683198
260,17692.852637,685838
261,17692.852637,688478
262,17692.852637,691117
263,17692.852637,693756
264,17692.852637,696395
265,17692.852637,699034
266,17692.852637,701673
267,17692.852637,704312
268,17692.852637,706951
269,17692.852637,709590
270,17692.852637,712229
271,17692.852637,714868
272,17692.852637,717506
273,17692.852637,720144
274,17692.852637,722782
275,17692.852637,725420
276,17692.852637,728058
277,17692.852637,730696
278,17692.852637,733334
279,17692.852637,735972
280,17692.852637,738610
281,17692.852637,741248
282,17692.852637,743886
283,17692.852637,746524
284,17692.852637,749162
285,17692.852637,751800
286,17692.852637,754438
287,17692.852637,757076
288,17692.852637,759714
289,17692.852637,762352
290,17692.852637,764990
291,17692.852637,767628
292,17692.852637,770266
293,17692.852637,772904
294,17692.852637,775542
295,17692.852637,778180
296,17692.852637,780818
297,17692.852637,783456
298,17692.852637,786088
299,17692.852637,788720
300,17692.852637,791352
301,17692.852637,793984
302,17692.852637,796616
303,17692.852637,799248
304,17692.852637,801880
305,17692.852637,804512
306,17692.852637,807144
307,17692.852637,809781
308,17692.852637,812418
309,17692.852637,815055
310,17692.852637,817692
17692.852637,83.085675
1,19541.677063,2376
2,19158.629302,5037
3,19158.629302,7697
4,18198.428253,10351
5,18101.566359,13005
6,17913.143239,15643
7,17831.801475,18286
8,17811.209390,20935
9,17801.616422,23585
10,17774.051965,26239
11,17774.051965,28896
12,17760.524006,31553
13,17760.524006,34212
14,17760.524006,36872
15,17760.524006,39532
16,17760.524006,42192
17,17754.955153,44852
18,17754.955153,47513
19,17754.955153,50174
20,17754.955153,52834
21,17754.955153,55494
22,17754.955153,58154
23,17754.955153,60814
24,17743.756909,63474
25,17743.756909,66134
26,17743.756909,68794
27,17743.756909,71455
28,17732.551468,74116
29,17732.551468,76777
30,17732.551468,79438
31,17732.551468,82099
32,17732.551468,84760
33,17732.551468,87421
34,17732.503826,90082
35,17732.503826,92743
36,17732.503826,95404
37,17732.503826,98065
38,17720.360286,100726
39,17720.360286,103387
40,17720.360286,106048
41,17720.360286,108709
42,17720.360286,111370
43,17720.185224,114031
44,17720.185224,116692
45,17720.185224,119353
46,17720.185224,122014
47,17720.185224,124675
48,17720.185224,127336
49,17720.185224,129997
50,17720.185224,132658
51,17720.185224,135319
52,17720.185224,137980
53,17720.185224,140641
54,17720.185224,143302
55,17720.185224,145963
56,17720.185224,148624
57,17720.185224,151285
58,17720.185224,153946
59,17720.185224,156607
60,17720.185224,159268
61,17720.185224,161929
62,17720.185224,164590
63,17720.185224,167251
64,17720.185224,169912
65,17720.185224,172573
66,17720.185224,175234
67,17720.185224,177894
68,17720.185224,180554
69,17720.185224,183214
70,17720.185224,185874
71,17720.185224,188534
72,17720.185224,191194
73,17720.185224,193854
74,17720.185224,196513
75,17720.185224,199172
76,17720.185224,201831
77,17720.185224,204490
78,17720.185224,207149
79,17720.185224,209809
80,17720.185224,212469
81,17720.185224,215129
82,17720.185224,217788
83,17720.185224,220447
84,17720.185224,223106
85,17720.185224,225765
86,17720.185224,228424
87,17720.185224,231083
88,17720.185224,233742
89,17720.185224,236401
90,17720.185224,239060
91,17720.185224,241719
92,17720.185224,244378
93,17720.185224,247037
94,17720.185224,249696
95,17720.185224,252355
96,17720.185224,255014
97,17720.185224,257674
98,17720.185224,260334
99,17720.185224,262994
100,17720.185224,265654
101,17720.185224,268314
102,17720.185224,270973
103,17720.185224,273632
104,17720.185224,276291
105,17720.185224,278950
106,17705.611596,281609
107,17705.611596,284268
108,17705.611596,286927
109,17705.611596,289586
110,17705.611596,292245
111,17705.611596,294905
112,17705.611596,297565
113,17705.611596,300225
114,17705.611596,302885
115,17705.611596,305545
116,17705.611596,308205
117,17705.611596,310865
118,17705.611596,313525
119,17705.611596,316185
120,17705.611596,318845
121,17705.611596,321505
122,17705.611596,324165
123,17705.611596,326825
124,17705.611596,329485
125,17705.611596,332145
126,17705.611596,334806
127,17705.611596,337467
128,17705.611596,340128
129,17705.611596,342789
130,17705.611596,345450
131,17705.611596,348111
132,17705.611596,350772
133,17705.611596,353433
134,17705.611596,356094
135,17705.611596,358755
136,17705.611596,361416
137,17705.611596,364077
138,17705.611596,366738
139,17705.611596,369399
140,17705.611596,372060
141,17705.611596,374721
142,17705.611596,377382
143,17705.611596,380043
144,17705.611596,382704
145,17705.611596,385365
146,17705.611596,388026
147,17705.611596,390687
148,17705.611596,393348
149,17705.611596,396009
150,17705.611596,398670
151,17705.611596,401331
152,17705.611596,403992
153,17705.611596,406653
154,17705.611596,409314
155,17705.611596,411975
156,17705.611596,414636
157,17705.611596,417297
158,17705.611596,419958
159,17705.611596,422619
160,17705.611596,425280
161,17705.611596,427941
162,17705.611596,430602
163,17705.611596,433263
164,17705.611596,435924
165,17705.611596,438585
166,17705.611596,441246
167,17705.611596,443907
168,17705.611596,446568
169,17705.611596,449229
170,17705.611596,451890
171,17705.611596,454551
172,17705.611596,457212
173,17705.611596,459873
174,17705.611596,462534
175,17705.611596,465195
176,17705.611596,467856
177,17705.611596,470517
178,17705.611596,473178
179,17705.611596,475839
180,17699.478532,478500
181,17699.478532,481161
182,17699.478532,483822
183,17699.478532,486483
184,17699.478532,489143
185,17699.478532,491803
186,17699.478532,494463
187,17699.478532,497123
188,17699.478532,499783
189,17699.478532,502443
190,17699.478532,505104
191,17699.478532,507765
192,17699.478532,510426
193,17699.478532,513087
194,17699.478532,515748
195,17699.478532,518409
196,17699.478532,521070
197,17699.478532,523731
198,17699.478532,526392
199,17699.478532,529053
200,17699.478532,531714
201,17699.478532,534375
202,17699.478532,537036
203,17699.478532,539697
204,17699.478532,542358
205,17699.478532,545019
206,17699.478532,547680
207,17699.478532,550341
208,17699.478532,553002
209,17699.478532,555663
210,17699.478532,558324
211,17699.478532,560985
212,17699.478532,563646
213,17699.478532,566307
214,17697.370192,568968
215,17697.370192,571629
216,17697.370192,574290
217,17697.370192,576951
218,17697.370192,579612
219,17697.370192,582273
220,17697.370192,584934
221,17697.370192,587595
222,17697.370192,590256
223,17697.370192,592917
224,17697.370192,595578
225,17697.370192,598239
226,17697.370192,600900
227,17697.370192,603561
228,17697.370192,606222
229,17697.370192,608883
230,17697.370192,611544
231,17697.370192,614205
232,17697.370192,616866
233,17697.370192,619527
234,17697.370192,622188
235,17697.370192,624849
236,17697.370192,627510
237,17697.370192,630171
238,17697.370192,632832
239,17697.370192,635493
240,17697.370192,638154
241,17697.370192,640815
242,17697.370192,643476
243,17697.370192,646137
244,17697.370192,648798
245,17697.370192,651459
246,17697.370192,654120
247,17697.370192,656781
248,17697.370192,659442
249,17697.370192,662103
250,17697.370192,664764
251,17697.370192,667425
252,17697.370192,670086
253,17697.370192,672747
254,17697.370192,675408
255,17697.370192,678069
256,17697.370192,680730
257,17697.370192,683391
258,17697.370192,686052
259,17697.370192,688713
260,17697.370192,691374
261,17697.370192,694035
262,17697.370192,696696
263,17697.370192,699357
264,17697.370192,702018
265,17697.370192,704679
266,17697.370192,707340
267,17697.370192,710001
268,17697.370192,712662
269,17697.370192,715323
270,17697.370192,717984
271,17697.370192,720645
272,17697.370192,723306
273,17697.370192,725967
274,17697.370192,728628
275,17697.370192,731289
276,17697.370192,733950
277,17697.370192,736611
278,17697.370192,739272
279,17697.370192,741933
280,17697.370192,744594
281,17697.370192,747255
282,17697.370192,749916
283,17697.370192,752577
284,17697.370192,755238
285,17697.370192,757899
286,17697.370192,760559
287,17697.370192,763219
288,17697.370192,765879
289,17697.370192,768539
290,17697.370192,771199
291,17697.370192,773859
292,17697.370192,776519
293,17697.370192,779179
294,17697.370192,781839
295,17697.370192,784499
296,17697.370192,787158
297,17697.370192,789818
298,17697.370192,792478
299,17697.370192,795138
300,17697.370192,797798
301,17697.370192,800458
302,17697.370192,803118
303,17697.370192,805778
304,17697.370192,808438
305,17697.370192,811098
306,17697.370192,813758
307,17697.370192,816418
308,17697.370192,819078
17697.370192,83.860627
1,19524.154549,2376
2,18695.608908,5031
3,18402.052011,7685
4,18194.851673,10334
5,18110.687470,12975
6,18094.911175,15600
7,17942.812605,18224
8,17827.378583,20861
9,17820.134967,23496
10,17820.134967,26143
11,17820.134967,28791
12,17760.817461,31442
13,17760.817461,34093
14,17760.817461,36745
15,17760.817461,39397
16,17759.463104,42049
17,17759.463104,44701
18,17759.463104,47353
19,17759.463104,50005
20,17759.463104,52657
21,17759.463104,55309
22,17759.463104,57961
23,17759.463104,60614
24,17744.145323,63267
25,17743.236595,65920
26,17743.236595,68573
27,17743.236595,71226
28,17743.236595,73879
29,17743.236595,76532
30,17743.236595,79185
31,17743.236595,81838
32,17743.236595,84491
33,17743.236595,87144
34,17743.236595,89797
35,17743.236595,92450
36,17743.236595,95103
37,17743.236595,97756
38,17743.236595,100409
39,17743.236595,103062
40,17743.236595,105715
41,17743.236595,108368
42,17743.236595,111021
43,17743.236595,113674
44,17743.236595,116327
45,17743.236595,118980
46,17743.236595,121634
47,17743.236595,124288
48,17743.236595,126943
49,17743.236595,129598
50,17743.236595,132253
51,17743.236595,134908
52,17743.236595,137563
53,17743.236595,140218
54,17743.236595,142873
55,17743.236595,145528
56,17743.236595,148183
57,17743.236595,150838
58,17743.236595,153493
59,17743.236595,156148
60,17743.236595,158803
61,17743.236595,161458
62,17743.236595,164113
63,17743.236595,166768
64,17743.236595,169423
65,17743.236595,172078
66,17743.236595,174733
67,17743.236595,177388
68,17743.236595,180043
69,17743.236595,182698
70,17743.236595,185353
71,17743.236595,188008
72,17743.236595,190663
73,17743.236595,193318
74,17743.236595,195973
75,17743.236595,198628
76,17743.236595,201283
77,17728.974028,203938
78,17728.974028,206593
79,17728.974028,209248
80,17728.974028,211903
81,17728.974028,214558
82,17728.974028,217213
83,17728.974028,219868
84,17728.974028,222523
85,17728.974028,225178
86,17728.974028,227833
87,17728.974028,230488
88,17728.974028,233143
89,17728.974028,235798
90,17728.974028,238453
91,17728.974028,241108
92,17728.974028,243763
93,17728.974028,246418
94,17728.974028,249073
95,17728.974028,251728
96,17728.974028,254383
97,17728.974028,257038
98,17728.974028,259693
99,17728.974028,262348
100,17728.974028,265003
101,17728.974028,267658
102,17728.974028,270313
103,17728.974028,272968
104,17728.974028,275623
105,17728.974028,278278
106,17728.974028,280933
107,17728.974028,283589
108,17728.974028,286245
109,17728.974028,288901
110,17728.974028,291557
111,17728.974028,294213
112,17728.974028,296869
113,17728.974028,299525
114,17728.974028,302181
115,17728.974028,304837
116,17728.974028,307493
117,17728.974028,310149
118,17728.974028,312805
119,17728.974028,315461
120,17728.974028,318117
121,17728.974028,320773
122,17728.974028,323429
123,17728.974028,326085
124,17728.974028,328741
125,17728.974028,331397
126,17728.974028,334053
127,17728.974028,336709
128,17728.974028,339365
129,17728.974028,342021
130,17728.974028,344677
131,17728.974028,347333
132,17728.974028,349990
133,17728.974028,352647
134,17728.974028,355304
135,17728.974028,357961
136,17728.974028,360618
137,17728.974028,363275
138,17728.974028,365933
139,17728.974028,368591
140,17728.974028,371249
141,17728.974028,373907
142,17728.974028,376565
143,17728.974028,379223
144,17728.974028,381881
145,17728.974028,384539
146,17728.974028,387197
147,17728.974028,389855
148,17728.974028,392513
149,17728.974028,395171
150,17728.974028,397829
151,17728.974028,400487
152,17728.974028,403145
153,17728.974028,405803
154,17728.974028,408461
155,17728.974028,411119
156,17728.974028,413777
157,17728.974028,416435
158,17728.974028,419093
159,17728.974028,421751
160,17728.974028,424409
161,17728.974028,427067
162,17728.974028,429725
163,17728.974028,432383
164,17728.974028,435041
165,17728.974028,437699
166,17728.974028,440357
167,17728.974028,443015
168,17728.974028,445673
169,17728.974028,448331
170,17728.974028,450989
171,17728.974028,453647
172,17728.974028,456305
173,17728.974028,458963
174,17728.974028,461621
175,17728.974028,464279
176,17728.974028,466937
177,17728.974028,469595
178,17728.974028,472253
179,17728.974028,474911
180,17728.974028,477569
181,17728.974028,480227
182,17728.974028,482885
183,17728.974028,485543
184,17728.974028,488201
185,17728.974028,490859
186,17728.974028,493517
187,17728.974028,496175
188,17728.974028,498833
189,17728.974028,501491
190,17728.974028,504149
191,17728.974028,506807
192,17728.974028,509465
193,17728.974028,512123
194,17728.974028,514781
195,17728.974028,517439
196,17728.974028,520097
197,17728.974028,522755
198,17728.974028,525413
199,17728.974028,528071
200,17728.974028,530729
201,17728.974028,533387
202,17728.974028,536045
203,17728.974028,538703
204,17728.974028,541361
205,17728.974028,544019
206,17728.974028,546677
207,17728.974028,549335
208,17728.974028,551993
209,17728.974028,554651
210,17728.974028,557309
211,17728.974028,559967
212,17728.974028,562625
213,17728.974028,565283
214,17728.974028,567941
215,17728.974028,570599
216,17728.974028,573257
217,17728.974028,575915
218,17728.974028,578573
219,17728.974028,581231
220,17728.974028,583889
221,17728.974028,586547
222,17728.974028,589205
223,17728.974028,591863
224,17728.974028,594521
225,17728.974028,597179
226,17728.974028,599837
227,17728.974028,602495
228,17728.974028,605153
229,17728.974028,607811
230,17728.974028,610469
231,17728.974028,613127
232,17728.974028,615785
233,17728.974028,618443
234,17728.974028,621101
235,17728.974028,623759
236,17728.974028,626417
237,17692.521813,629075
238,17692.521813,631733
239,17692.521813,634391
240,17692.521813,637049
241,17692.521813,639707
242,17692.521813,642365
243,17692.521813,645023
244,17692.521813,647681
245,17692.521813,650339
246,17692.521813,652997
247,17692.521813,655655
248,17692.521813,658313
249,17692.521813,660971
250,17692.521813,663629
251,17692.521813,666287
252,17692.521813,668945
253,17692.521813,671603
254,17692.521813,674261
255,17692.521813,676919
256,17692.521813,679577
257,17692.521813,682235
258,17692.521813,684893
259,17692.521813,687551
260,17692.521813,690209
261,17692.521813,692867
262,17692.521813,695525
263,17692.521813,698183
264,17692.521813,700841
265,17692.521813,703499
266,17692.521813,706157
267,17692.521813,708815
268,17692.521813,711473
269,17692.521813,714131
270,17692.521813,716789
271,17692.521813,719447
272,17692.521813,722105
273,17692.521813,724763
274,17692.521813,727421
275,17692.521813,730079
276,17692.521813,732737
277,17692.521813,735395
278,17692.521813,738053
279,17692.521813,740711
280,17692.521813,743369
281,17692.521813,746027
282,17692.521813,748685
283,17692.521813,751343
284,17692.521813,754001
285,17692.521813,756659
286,17692.521813,759317
287,17692.521813,761975
288,17692.521813,764633
289,17692.521813,767291
290,17692.521813,769949
291,17692.521813,772607
292,17692.521813,775265
293,17692.521813,777923
294,17692.521813,780581
295,17692.521813,783239
296,17692.521813,785897
297,17692.521813,788555
298,17692.521813,791213
299,17692.521813,793871
300,17692.521813,796529
301,17692.521813,799187
302,17692.521813,801845
303,17692.521813,804503
304,17692.521813,807161
305,17692.521813,809819
306,17692.521813,812477
307,17692.521813,815135
308,17692.521813,817793
17692.521813,83.798075
1,19553.285216,2376
2,18700.856546,5000
3,18462.403781,7623
4,18223.953077,10245
5,18079.471611,12855
6,17978.262434,15454
7,17877.066912,18058
8,17877.066912,20662
9,17804.253453,23267
10,17799.013199,25886
11,17799.013199,28507
12,17785.751156,31130
13,17785.751156,33754
14,17785.751156,36378
15,17766.616656,39000
16,17766.616656,41624
17,17766.616656,44247
18,17766.616656,46871
19,17766.616656,49495
20,17766.616656,52118
21,17766.616656,54742
22,17766.616656,57366
23,17766.616656,59990
24,17766.616656,62614
25,17755.347050,65238
26,17755.347050,67862
27,17755.347050,70486
28,17755.347050,73110
29,17755.347050,75734
30,17755.347050,78358
31,17755.347050,80982
32,17755.347050,83606
33,17755.347050,86230
34,17755.347050,88854
35,17755.347050,91478
36,17755.347050,94102
37,17755.347050,96726
38,17755.347050,99350
39,17755.347050,101974
40,17755.347050,104598
41,17755.347050,107222
42,17755.347050,109846
43,17755.347050,112470
44,17755.347050,115094
45,17755.347050,117718
46,17755.347050,120342
47,17755.347050,122966
48,17755.347050,125590
49,17755.347050,128214
50,17755.347050,130838
51,17755.347050,133462
52,17745.081047,136086
53,17745.081047,138710
54,17745.081047,141334
55,17745.081047,143958
56,17745.081047,146582
57,17745.081047,149206
58,17745.081047,151830
59,17745.081047,154454
60,17745.081047,157078
61,17745.081047,159702
62,17745.081047,162326
63,17745.081047,164950
64,17745.081047,167574
65,17745.081047,170198
66,17745.081047,172822
67,17745.081047,175446
68,17745.081047,178070
69,17745.081047,180694
70,17743.399477,183318
71,17743.399477,185942
72,17743.399477,188566
73,17743.399477,191190
74,17743.399477,193814
75,17743.399477,196438
76,17743.399477,199062
77,17743.399477,201686
78,17743.399477,204310
79,17743.399477,206934
80,17743.399477,209558
81,17743.399477,212182
82,17743.399477,214806
83,17743.399477,217430
84,17743.399477,220054
85,17740.688928,222678
86,17740.688928,225302
87,17740.688928,227926
88,17740.688928,230550
89,17740.688928,233174
90,17740.688928,235798
91,17740.688928,238422
92,17740.688928,241044
93,17740.688928,243666
94,17740.688928,246288
95,17740.688928,248910
96,17740.688928,251532
97,17740.688928,254154
98,17740.688928,256776
99,17740.688928,259398
100,17740.688928,262020
101,17740.688928,264642
102,17740.688928,267264
103,17740.688928,269886
104,17740.688928,272508
105,17740.688928,275130
106,17740.688928,277752
107,17740.688928,280374
108,17740.688928,282996
109,17740.688928,285618
110,17740.688928,288240
111,17740.688928,290862
112,17740.688928,293484
113,17740.688928,296106
114,17740.688928,298728
115,17740.688928,301350
116,17740.688928,303972
117,17740.688928,306594
118,17740.688928,309216
119,17740.688928,311838
120,17740.688928,314460
121,17740.688928,317083
122,17740.688928,319706
123,17740.688928,322329
124,17740.688928,324952
125,17740.688928,327575
126,17740.688928,330198
127,17740.688928,332821
128,17740.688928,335444
129,17740.688928,338067
130,17740.688928,340689
131,17740.688928,343311
132,17740.688928,345933
133,17740.688928,348555
134,17740.688928,351177
135,17740.688928,353799
136,17740.688928,356421
137,17740.688928,359043
138,17740.688928,361666
139,17740.688928,364289
140,17740.688928,366912
141,17740.688928,369535
142,17740.688928,372157
143,17740.688928,374779
144,17740.688928,377401
145,17740.688928,380023
146,17740.688928,382645
147,17740.688928,385268
148,17740.688928,387890
149,17740.688928,390513
150,17740.688928,393135
151,17740.688928,395756
152,17740.688928,398377
153,17740.688928,400998
154,17740.688928,403620
155,17740.688928,406242
156,17740.688928,408864
157,17740.688928,411486
158,17740.688928,414108
159,17740.688928,416730
160,17740.688928,419352
161,17740.688928,421975
162,17740.688928,424598
163,17740.688928,427221
164,17740.688928,429844
165,17740.688928,432467
166,17740.688928,435091
167,17740.688928,437715
168,17740.688928,440339
169,17740.688928,442963
170,17740.688928,445587
171,17735.175878,448211
172,17717.195419,450835
173,17717.195419,453459
174,17717.195419,456083
175,17717.195419,458707
176,17717.195419,461331
177,17717.195419,463955
178,17717.195419,466579
179,17717.195419,469203
180,17717.195419,471827
181,17717.195419,474451
182,17717.195419,477075
183,17717.195419,479699
184,17717.195419,482322
185,17717.195419,484946
186,17717.195419,487570
187,17717.195419,490194
188,17717.195419,492818
189,17717.195419,495442
190,17717.195419,498066
191,17717.195419,500690
192,17717.195419,503314
193,17717.195419,505938
194,17717.195419,508562
195,17717.195419,511186
196,17717.195419,513810
197,17717.195419,516434
198,17717.195419,519058
199,17717.195419,521682
200,17717.195419,524306
201,17717.195419,526930
202,17717.195419,529554
203,17717.195419,532178
204,17717.195419,534802
205,17717.195419,537426
206,17717.195419,540050
207,17717.195419,542674
208,17717.195419,545298
209,17717.195419,547922
210,17717.195419,550546
211,17717.195419,553170
212,17717.195419,555794
213,17717.195419,558418
214,17717.195419,561042
215,17717.195419,563666
216,17717.195419,566290
217,17717.195419,568914
218,17717.195419,571538
219,17717.195419,574162
220,17717.195419,576786
221,17717.195419,579410
222,17717.195419,582034
223,17717.195419,584658
224,17717.195419,587282
225,17717.195419,589906
226,17717.195419,592530
227,17717.195419,595154
228,17717.195419,597778
229,17717.195419,600402
230,17717.195419,603026
231,17717.195419,605650
232,17717.195419,608274
233,17717.195419,610898
234,17717.195419,613522
235,17717.195419,616146
236,17717.195419,618770
237,17717.195419,621394
238,17717.195419,624018
239,17717.195419,626642
240,17717.195419,629264
241,17717.195419,631886
242,17717.195419,634508
243,17717.195419,637130
244,17717.195419,639753
245,17717.195419,642376
246,17717.195419,644999
247,17717.195419,647622
248,17717.195419,650245
249,17717.195419,652868
250,17717.195419,655491
251,17717.195419,658114
252,17717.195419,660737
253,17717.195419,663360
254,17717.195419,665983
255,17717.195419,668606
256,17717.195419,671228
257,17717.195419,673851
258,17717.195419,676474
259,17717.195419,679097
260,17717.195419,681719
261,17717.195419,684341
262,17717.195419,686963
263,17717.195419,689587
264,17717.195419,692211
265,17717.195419,694835
266,17717.195419,697459
267,17717.195419,700083
268,17717.195419,702707
269,17717.195419,705331
270,17717.195419,707955
271,17717.195419,710579
272,17717.195419,713203
273,17717.195419,715827
274,17717.195419,718451
275,17717.195419,721075
276,17717.195419,723699
277,17717.195419,726323
278,17716.475271,728947
279,17716.475271,731571
280,17716.475271,734195
281,17716.475271,736819
282,17716.475271,739443
283,17716.475271,742067
284,17716.475271,744691
285,17716.475271,747315
286,17716.475271,749939
287,17716.475271,752563
288,17716.475271,755187
289,17716.475271,757811
290,17716.475271,760435
291,17710.444546,763059
292,17710.444546,765683
293,17710.444546,768307
294,17710.444546,770931
295,17710.444546,773555
296,17710.444546,776179
297,17710.444546,778803
298,17710.444546,781427
299,17710.444546,784051
300,17710.444546,786675
301,17710.444546,789299
302,17710.444546,791923
303,17710.444546,794547
304,17710.444546,797171
305,17710.444546,799795
306,17710.444546,802419
307,17710.444546,805043
308,17710.444546,807667
309,17710.444546,810291
310,17710.444546,812915
311,17710.444546,815539
312,17710.444546,818163
17710.444546,84.429189
1,19523.562536,2376
2,18789.887121,5023
3,18591.093395,7668
4,18188.529360,10304
5,18126.970861,12938
6,18126.970861,15561
7,17908.245067,18185
8,17808.640799,20813
9,17800.838168,23442
10,17797.464518,26080
11,17788.026943,28721
12,17783.369621,31362
13,17781.065813,34005
14,17781.065813,36648
15,17781.065813,39291
16,17781.065813,41932
17,17781.065813,44574
18,17781.065813,47217
19,17781.065813,49860
20,17781.065813,52503
21,17781.065813,55146
22,17781.065813,57790
23,17781.065813,60435
24,17728.895854,63080
25,17728.895854,65725
26,17728.895854,68370
27,17728.895854,71015
28,17728.895854,73660
29,17728.895854,76305
30,17728.895854,78948
31,17728.895854,81593
32,17728.895854,84238
33,17728.895854,86883
34,17728.895854,89528
35,17728.895854,92173
36,17728.895854,94818
37,17728.895854,97463
38,17728.895854,100108
39,17728.895854,102753
40,17728.895854,105398
41,17728.895854,108043
42,17728.895854,110688
43,17728.895854,113333
44,17728.895854,115978
45,17728.895854,118623
46,17728.895854,121269
47,17728.895854,123915
48,17728.895854,126561
49,17728.895854,129207
50,17728.895854,131853
51,17728.895854,134499
52,17728.895854,137145
53,17728.895854,139791
54,17728.895854,142437
55,17728.895854,145083
56,17728.895854,147729
57,17728.895854,150375
58,17728.895854,153021
59,17728.895854,155667
60,17728.895854,158313
61,17728.895854,160959
62,17728.895854,163605
63,17728.895854,166251
64,17728.895854,168897
65,17728.895854,171543
66,17728.895854,174189
67,17728.895854,176835
68,17728.895854,179481
69,17728.895854,182127
70,17728.895854,184773
71,17728.895854,187419
72,17728.895854,190066
73,17728.895854,192713
74,17728.895854,195360
75,17728.895854,198007
76,17728.895854,200654
77,17728.895854,203301
78,17728.895854,205948
79,17728.895854,208595
80,17728.895854,211242
81,17728.895854,213889
82,17728.895854,216536
83,17728.895854,219183
84,17728.895854,221830
85,17728.895854,224477
86,17728.895854,227124
87,17728.895854,229771
88,17728.895854,232418
89,17728.895854,235065
90,17728.895854,237712
91,17728.895854,240359
92,17728.895854,243006
93,17728.895854,245653
94,17728.895854,248300
95,17728.895854,250947
96,17728.895854,253594
97,17728.895854,256241
98,17728.895854,258888
99,17728.895854,261535
100,17728.895854,264182
101,17728.895854,266829
102,17728.895854,269476
103,17728.895854,272123
104,17728.895854,274770
105,17728.895854,277417
106,17728.895854,280064
107,17728.895854,282711
108,17728.895854,285358
109,17728.895854,288005
110,17728.895854,290652
111,17728.895854,293299
112,17728.895854,295946
113,17728.895854,298593
114,17728.895854,301240
115,17728.895854,303887
116,17728.895854,306534
117,17728.895854,309181
118,17728.895854,311828
119,17728.895854,314475
120,17721.373309,317122
121,17721.373309,319769
122,17721.373309,322416
123,17721.373309,325063
124,17721.373309,327710
125,17701.933675,330357
126,17701.933675,333004
127,17701.933675,335651
128,17701.933675,338298
129,17701.933675,340945
130,17701.933675,343592
131,17701.933675,346239
132,17701.933675,348886
133,17701.933675,351533
134,17701.933675,354180
135,17701.933675,356827
136,17701.933675,359474
137,17701.933675,362121
138,17701.933675,364768
139,17701.933675,367415
140,17701.933675,370062
141,17701.933675,372709
142,17701.933675,375356
143,17701.933675,378003
144,17701.933675,380650
145,17701.933675,383297
146,17701.933675,385944
147,17701.933675,388591
148,17701.933675,391238
149,17701.933675,393885
150,17701.933675,396532
151,17701.933675,399179
152,17701.933675,401826
153,17701.933675,404473
154,17701.933675,407120
155,17701.933675,409767
156,17701.933675,412414
157,17701.933675,415061
158,17701.933675,417708
159,17701.933675,420355
160,17701.933675,423002
161,17701.933675,425649
162,17701.933675,428296
163,17701.933675,430943
164,17701.933675,433590
165,17701.933675,436237
166,17701.933675,438884
167,17701.933675,441531
168,17701.933675,444178
169,17701.933675,446825
170,17701.933675,449472
171,17701.933675,452119
172,17701.933675,454766
173,17701.933675,457413
174,17701.933675,460047
175,17701.933675,462681
176,17701.933675,465315
177,17701.933675,467949
178,17701.933675,470583
179,17701.933675,473217
180,17701.933675,475851
181,17701.933675,478485
182,17701.933675,481119
183,17701.933675,483753
184,17701.933675,486387
185,17701.933675,489021
186,17701.933675,491655
187,17701.933675,494289
188,17701.933675,496923
189,17701.933675,499557
190,17701.933675,502193
191,17701.933675,504840
192,17701.933675,507487
193,17701.933675,510134
194,17701.933675,512781
195,17701.933675,515428
196,17701.933675,518075
197,17701.933675,520722
198,17701.933675,523369
199,17701.933675,526016
200,17701.933675,528663
201,17701.933675,531310
202,17701.933675,533957
203,17701.933675,536604
204,17701.933675,539251
205,17701.933675,541898
206,17701.933675,544545
207,17701.933675,547192
208,17701.933675,549839
209,17701.933675,552486
210,17701.933675,555133
211,17701.933675,557780
212,17701.933675,560427
213,17701.933675,563074
214,17701.933675,565721
215,17701.933675,568368
216,17701.933675,571015
217,17701.933675,573662
218,17701.933675,576309
219,17701.933675,578956
220,17701.933675,581603
221,17701.933675,584250
222,17701.933675,586897
223,17701.933675,589544
224,17701.933675,592191
225,17701.933675,594838
226,17701.933675,597485
227,17701.933675,600132
228,17701.933675,602779
229,17701.933675,605426
230,17701.933675,608073
231,17701.933675,610720
232,17701.933675,613367
233,17701.933675,616014
234,17701.933675,618661
235,17701.933675,621308
236,17701.933675,623955
237,17701.933675,626602
238,17701.933675,629249
239,17701.933675,631896
240,17701.933675,634543
241,17701.933675,637190
242,17701.933675,639837
243,17701.933675,642484
244,17701.933675,645131
245,17701.933675,647778
246,17701.933675,650425
247,17701.933675,653072
248,17701.933675,655719
249,17701.933675,658366
250,17701.933675,661013
251,17701.933675,663660
252,17701.933675,666307
253,17701.933675,668954
254,17701.933675,671601
255,17701.933675,674248
256,17701.933675,676895
257,17701.933675,679542
258,17701.933675,682189
259,17701.933675,684836
260,17701.933675,687483
261,17701.933675,690130
262,17701.933675,692777
263,17701.933675,695424
264,17701.933675,698071
265,17701.933675,700718
266,17701.933675,703365
267,17701.933675,706012
268,17701.933675,708659
269,17701.933675,711306
270,17701.933675,713953
271,17701.933675,716600
272,17701.933675,719247
273,17701.933675,721894
274,17701.933675,724541
275,17701.933675,727188
276,17701.933675,729835
277,17701.933675,732482
278,17701.933675,735129
279,17701.933675,737776
280,17701.933675,740421
281,17701.933675,743066
282,17701.933675,745711
283,17701.933675,748357
284,17701.933675,751003
285,17701.933675,753649
286,17701.933675,756295
287,17701.933675,758941
288,17701.933675,761587
289,17701.933675,764233
290,17701.933675,766879
291,17701.933675,769525
292,17701.933675,772171
293,17701.933675,774817
294,17701.933675,777463
295,17701.933675,780109
296,17701.933675,782755
297,17701.933675,785401
298,17701.933675,788047
299,17701.933675,790693
300,17701.933675,793339
301,17701.933675,795985
302,17701.933675,798631
303,17701.933675,801277
304,17701.933675,803923
305,17701.933675,806569
306,17701.933675,809215
307,17701.933675,811861
308,17701.933675,814507
309,17701.933675,817153
17701.933675,84.015693
1,19442.143216,2376
2,18729.584245,5001
3,18488.157998,7624
4,18488.157998,10243
5,18119.223547,12853
6,17995.940245,15458
7,17953.280658,18060
8,17819.894126,20668
9,17793.198625,23275
10,17790.314688,25890
11,17768.741711,28504
12,17768.319899,31124
13,17768.319899,33745
14,17756.433159,36366
15,17756.433159,38987
16,17747.678033,41610
17,17747.678033,44233
18,17747.678033,46856
19,17747.678033,49479
20,17747.678033,52103
21,17747.678033,54727
22,17739.214204,57352
23,17739.214204,59977
24,17739.214204,62602
25,17739.214204,65226
26,17739.214204,67851
27,17739.214204,70476
28,17739.214204,73101
29,17739.214204,75725
30,17739.214204,78350
31,17739.214204,80975
32,17739.214204,83600
33,17739.214204,86225
34,17739.214204,88850
35,17739.214204,91475
36,17739.214204,94100
37,17739.214204,96725
38,17739.214204,99350
39,17739.214204,101975
40,17739.214204,104600
41,17739.214204,107225
42,17728.927399,109850
43,17728.927399,112475
44,17728.927399,115100
45,17728.927399,117725
46,17728.927399,120350
47,17728.927399,122975
48,17728.927399,125600
49,17728.927399,128225
50,17728.927399,130850
51,17728.927399,133475
52,17728.927399,136100
53,17728.927399,138725
54,17728.927399,141350
55,17728.927399,143975
56,17728.927399,146600
57,17728.927399,149225
58,17728.927399,151850
59,17728.927399,154475
60,17728.927399,157100
61,17728.927399,159725
62,17728.927399,162350
63,17728.927399,164975
64,17728.927399,167600
65,17728.927399,170225
66,17728.927399,172850
67,17728.927399,175475
68,17728.927399,178100
69,17728.927399,180725
70,17728.927399,183350
71,17728.927399,185975
72,17728.927399,188600
73,17728.927399,191225
74,17728.927399,193850
75,17728.927399,196475
76,17728.927399,199100
77,17728.927399,201725
78,17728.927399,204350
79,17728.927399,206975
80,17728.927399,209600
81,17728.927399,212225
82,17728.927399,214850
83,17728.927399,217475
84,17728.927399,220100
85,17728.927399,222725
86,17728.927399,225350
87,17728.927399,227975
88,17728.927399,230600
89,17728.927399,233225
90,17728.927399,235850
91,17728.927399,238475
92,17728.927399,241100
93,17728.927399,243725
94,17728.927399,246350
95,17728.927399,248975
96,17720.354002,251600
97,17720.354002,254225
98,17720.354002,256850
99,17720.354002,259475
100,17720.354002,262100
101,17720.354002,264725
102,17720.354002,267350
103,17720.354002,269975
104,17720.354002,272600
105,17720.354002,275225
106,17720.354002,277850
107,17720.354002,280475
108,17720.354002,283100
109,17720.354002,285725
110,17720.354002,288350
111,17720.354002,290975
112,17720.354002,293600
113,17720.354002,296225
114,17720.354002,298850
115,17720.354002,301475
116,17720.354002,304100
117,17720.354002,306725
118,17720.354002,309350
119,17720.354002,311975
120,17720.354002,314600
121,17720.354002,317225
122,17720.354002,319850
123,17720.354002,322475
124,17720.354002,325100
125,17720.354002,327725
126,17720.354002,330350
127,17720.354002,332975
128,17720.354002,335600
129,17720.354002,338225
130,17720.354002,340850
131,17720.354002,343475
132,17720.354002,346100
133,17720.354002,348725
134,17720.354002,351350
135,17720.354002,353975
136,17720.354002,356600
137,17720.354002,359225
138,17720.354002,361850
139,17720.354002,364475
140,17720.354002,367100
141,17720.354002,369725
142,17720.354002,372350
143,17720.354002,374975
144,17720.354002,377600
145,17720.354002,380225
146,17720.354002,382850
147,17720.354002,385475
148,17720.354002,388100
149,17720.354002,390725
150,17720.354002,393350
151,17720.354002,395975
152,17720.354002,398600
153,17720.354002,401225
154,17720.354002,403850
155,17720.354002,406475
156,17720.354002,409100
157,17720.354002,411725
158,17720.354002,414350
159,17720.354002,416975
160,17720.354002,419600
161,17720.354002,422225
162,17720.354002,424850
163,17720.354002,427475
164,17720.354002,430100
165,17718.694905,432725
166,17718.694905,435350
167,17718.694905,437975
168,17718.694905,440600
169,17718.694905,443225
170,17718.694905,445850
171,17718.694905,448475
172,17718.694905,451100
173,17718.694905,453725
174,17718.694905,456350
175,17718.694905,458975
176,17718.694905,461600
177,17718.694905,464225
178,17718.694905,466850
179,17718.694905,469475
180,17718.694905,472100
181,17718.694905,474725
182,17718.694905,477350
183,17718.694905,479975
184,17718.694905,482600
185,17718.694905,485225
186,17718.694905,487850
187,17718.694905,490475
188,17718.694905,493100
189,17718.694905,495725
190,17718.694905,498350
191,17718.694905,500975
192,17718.694905,503600
193,17718.694905,506225
194,17718.694905,508850
195,17718.694905,511475
196,17718.694905,514100
197,17718.694905,516725
198,17718.694905,519350
199,17718.694905,521975
200,17718.694905,524600
201,17718.694905,527225
202,17718.694905,529850
203,17718.694905,532475
204,17718.694905,535100
205,17718.694905,537725
206,17718.694905,540350
207,17718.694905,542975
208,17718.694905,545600
209,17718.694905,548225
210,17718.694905,550850
211,17718.694905,553475
212,17718.694905,556100
213,17718.694905,558725
214,17718.694905,561350
215,17718.694905,563975
216,17718.694905,566600
217,17718.694905,569225
218,17718.694905,571850
219,17718.694905,574475
220,17718.694905,577100
221,17718.694905,579725
222,17718.694905,582350
223,17718.694905,584975
224,17718.694905,587600
225,17718.694905,590225
226,17718.694905,592850
227,17718.694905,595475
228,17718.694905,598100
229,17718.694905,600725
230,17718.694905,603350
231,17718.694905,605975
232,17718.694905,608599
233,17718.694905,611223
234,17718.694905,613847
235,17718.694905,616471
236,17716.641640,619095
237,17716.641640,621719
238,17716.641640,624343
239,17716.641640,626967
240,17716.641640,629591
241,17716.641640,632215
242,17716.641640,634839
243,17716.641640,637463
244,17716.641640,640081
245,17716.641640,642700
246,17716.641640,645320
247,17716.641640,647941
248,17716.641640,650562
249,17716.641640,653185
250,17716.641640,655808
251,17716.641640,658431
252,17716.641640,661054
253,17716.641640,663677
254,17716.641640,666300
255,17716.641640,668923
256,17716.641640,671546
257,17716.641640,674169
258,17716.641640,676792
259,17716.641640,679415
260,17716.641640,682038
261,17716.641640,684661
262,17716.641640,687284
263,17716.641640,689907
264,17716.641640,692530
265,17716.641640,695153
266,17716.641640,697776
267,17716.641640,700399
268,17716.641640,703022
269,17716.641640,705645
270,17716.641640,708269
271,17716.641640,710893
272,17716.641640,713517
273,17716.641640,716141
274,17716.641640,718765
275,17716.641640,721389
276,17716.641640,724013
277,17716.641640,726637
278,17716.641640,729261
279,17716.641640,731885
280,17716.641640,734509
281,17716.641640,737133
282,17716.641640,739757
283,17716.641640,742381
284,17716.641640,745005
285,17716.641640,747629
286,17716.641640,750253
287,17705.372658,752877
288,17705.372658,755501
289,17705.372658,758125
290,17705.372658,760749
291,17705.372658,763373
292,17705.372658,765997
293,17705.372658,768621
294,17705.372658,771245
295,17705.372658,773869
296,17705.372658,776493
297,17705.372658,779117
298,17705.372658,781741
299,17705.372658,784365
300,17705.372658,786989
301,17705.372658,789613
302,17705.372658,792236
303,17705.372658,794859
304,17705.372658,797482
305,17705.372658,800105
306,17705.372658,802728
307,17705.372658,805352
308,17705.372658,807975
309,17705.372658,810598
310,17705.372658,813221
311,17705.372658,815844
312,17705.372658,818467
17705.372658,84.488992
1,19602.749427,2376
2,18783.904157,5000
3,18369.749915,7624
4,18240.137275,10242
5,18122.204023,12855
6,18122.204023,15460
7,17861.328722,18067
8,17800.912592,20674
9,17795.900069,23291
10,17785.497494,25909
11,17785.497494,28530
12,17785.497494,31154
13,17785.497494,33780
14,17773.470735,36405
15,17767.640725,39030
16,17767.640725,41656
17,17767.640725,44282
18,17767.640725,46907
19,17767.640725,49533
20,17767.640725,52159
21,17767.640725,54785
22,17767.640725,57411
23,17765.218946,60037
24,17765.218946,62663
25,17765.218946,65289
26,17761.756225,67915
27,17761.756225,70541
28,17737.843973,73166
29,17721.312391,75792
30,17721.312391,78418
31,17721.312391,81044
32,17721.312391,83670
33,17721.312391,86296
34,17721.312391,88922
35,17721.312391,91548
36,17721.312391,94174
37,17720.915957,96800
38,17720.915957,99426
39,17720.915957,102052
40,17720.915957,104678
41,17720.915957,107304
42,17720.915957,109930
43,17720.915957,112555
44,17720.915957,115181
45,17720.915957,117807
46,17720.915957,120433
47,17720.915957,123059
48,17720.915957,125684
49,17720.915957,128310
50,17720.915957,130936
51,17720.915957,133562
52,17720.915957,136188
53,17720.915957,138814
54,17718.081912,141440
55,17718.081912,144066
56,17718.081912,146692
57,17718.081912,149318
58,17718.081912,151944
59,17718.081912,154570
60,17718.081912,157196
61,17718.081912,159822
62,17718.081912,162448
63,17718.081912,165074
64,17718.081912,167700
65,17718.081912,170326
66,17718.081912,172952
67,17718.081912,175578
68,17718.081912,178204
69,17718.081912,180830
70,17718.081912,183456
71,17718.081912,186082
72,17718.081912,188708
73,17718.081912,191334
74,17718.081912,193959
75,17718.081912,196584
76,17718.081912,199209
77,17718.081912,201834
78,17718.081912,204460
79,17718.081912,207086
80,17718.081912,209712
81,17718.081912,212337
82,17718.081912,214962
83,17718.081912,217587
84,17718.081912,220212
85,17718.081912,222837
86,17718.081912,225462
87,17718.081912,228087
88,17718.081912,230712
89,17718.081912,233337
90,17718.081912,235962
91,17718.081912,238587
92,17716.806667,241212
93,17716.806667,243837
94,17716.806667,246462
95,17716.806667,249087
96,17716.806667,251712
97,17716.806667,254337
98,17716.806667,256962
99,17716.806667,259587
100,17716.806667,262212
101,17716.806667,264837
102,17716.806667,267462
103,17716.806667,270087
104,17716.806667,272712
105,17716.806667,275337
106,17716.806667,277962
107,17716.806667,280587
108,17716.806667,283212
109,17716.806667,285837
110,17716.806667,288462
111,17716.806667,291087
112,17716.806667,293712
113,17716.806667,296337
114,17716.806667,298962
115,17716.806667,301588
116,17716.806667,304214
117,17716.806667,306840
118,17716.806667,309466
119,17716.806667,312092
120,17716.806667,314718
121,17716.806667,317344
122,17716.806667,319970
123,17716.806667,322596
124,17716.806667,325222
125,17716.806667,327848
126,17716.806667,330474
127,17716.806667,333100
128,17716.806667,335726
129,17716.806667,338352
130,17716.806667,340978
131,17716.806667,343604
132,17716.806667,346229
133,17716.806667,348854
134,17716.806667,351479
135,17716.806667,354104
136,17716.806667,356729
137,17716.806667,359354
138,17716.806667,361978
139,17716.806667,364602
140,17716.806667,367227
141,17716.806667,369852
142,17716.806667,372477
143,17716.806667,375102
144,17716.806667,377727
145,17716.806667,380352
146,17716.806667,382977
147,17716.806667,385602
148,17716.806667,388228
149,17716.806667,390854
150,17716.806667,393480
151,17716.806667,396106
152,17716.806667,398732
153,17716.806667,401358
154,17716.806667,403984
155,17716.806667,406610
156,17716.806667,409236
157,17716.806667,411862
158,17716.806667,414488
159,17716.806667,417114
160,17716.806667,419740
161,17716.806667,422366
162,17716.806667,424992
163,17700.313494,427618
164,17700.313494,430244
165,17700.313494,432870
166,17700.313494,435496
167,17700.313494,438122
168,17700.313494,440748
169,17700.313494,443374
170,17700.313494,446000
171,17700.313494,448626
172,17700.313494,451251
173,17700.313494,453876
174,17700.313494,456501
175,17700.313494,459126
176,17700.313494,461750
177,17700.313494,464374
178,17700.313494,466999
179,17700.313494,469624
180,17700.313494,472249
181,17700.313494,474874
182,17700.313494,477499
183,17700.313494,480124
184,17700.313494,482749
185,17700.313494,485374
186,17700.313494,487999
187,17700.313494,490624
188,17700.313494,493249
189,17700.313494,495874
190,17700.313494,498499
191,17700.313494,501124
192,17700.313494,503749
193,17700.313494,506375
194,17700.313494,509001
195,17700.313494,511626
196,17700.313494,514251
197,17700.313494,516876
198,17700.313494,519501
199,17700.313494,522126
200,17700.313494,524751
201,17700.313494,527376
202,17700.313494,530001
203,17700.313494,532626
204,17700.313494,535251
205,17700.313494,537876
206,17700.313494,540500
207,17700.313494,543124
208,17700.313494,545748
209,17700.313494,548372
210,17700.313494,550996
211,17700.313494,553620
212,17700.313494,556244
213,17700.313494,558868
214,17700.313494,561492
215,17700.313494,564116
216,17700.313494,566740
217,17700.313494,569364
218,17700.313494,571988
219,17700.313494,574612
220,17700.313494,577237
221,17700.313494,579862
222,17700.313494,582487
223,17700.313494,585112
224,17700.313494,587736
225,17700.313494,590360
226,17700.313494,592984
227,17700.313494,595608
228,17700.313494,598233
229,17700.313494,600858
230,17700.313494,603482
231,17700.313494,606106
232,17700.313494,608730
233,17700.313494,611354
234,17700.313494,613978
235,17700.313494,616602
236,17700.313494,619226
237,17700.313494,621850
238,17700.313494,624474
239,17700.313494,627098
240,17700.313494,629722
241,17700.313494,632347
242,17700.313494,634972
243,17700.313494,637597
244,17700.313494,640222
245,17700.313494,642847
246,17700.313494,645472
247,17700.313494,648097
248,17700.313494,650722
249,17700.313494,653348
250,17700.313494,655974
251,17700.313494,658600
252,17700.313494,661226
253,17700.313494,663852
254,17700.313494,666478
255,17700.313494,669104
256,17700.313494,671730
257,17700.313494,674356
258,17700.313494,676982
259,17700.313494,679608
260,17700.313494,682234
261,17700.313494,684860
262,17700.313494,687486
263,17700.313494,690112
264,17700.313494,692738
265,17700.313494,695364
266,17700.313494,697990
267,17700.313494,700616
268,17700.313494,703242
269,17700.313494,705868
270,17700.313494,708494
271,17700.313494,711120
272,17700.313494,713746
273,17700.313494,716372
274,17700.313494,718998
275,17700.313494,721624
276,17700.313494,724250
277,17700.313494,726876
278,17700.313494,729502
279,17700.313494,732128
280,17700.313494,734754
281,17700.313494,737380
282,17698.288892,740006
283,17698.288892,742632
284,17698.288892,745258
285,17698.288892,747884
286,17698.288892,750510
287,17698.288892,753136
288,17698.288892,755762
289,17698.288892,758388
290,17698.288892,761014
291,17698.288892,763640
292,17698.288892,766265
293,17698.288892,768890
294,17698.288892,771515
295,17698.288892,774140
296,17698.288892,776765
297,17698.288892,779391
298,17698.288892,782017
299,17698.288892,784643
300,17698.288892,787269
301,17698.288892,789895
302,17698.288892,792521
303,17698.288892,795147
304,17698.288892,797773
305,17698.288892,800399
306,17698.288892,803025
307,17698.288892,805651
308,17698.288892,808277
309,17698.288892,810903
310,17698.288892,813529
311,17698.288892,816155
312,17698.288892,818781
17698.288892,83.890646
1,19489.635954,2376
2,18864.458415,5006
3,18418.655331,7636
4,18244.965450,10261
5,18103.533335,12874
6,18008.333369,15493
7,17847.847086,18098
8,17806.215735,20703
9,17789.907931,23324
10,17789.907931,25948
11,17775.140192,28576
12,17775.140192,31205
13,17770.225756,33832
14,17768.290888,36460
15,17762.853621,39088
16,17762.853621,41716
17,17762.853621,44345
18,17757.887898,46974
19,17757.751366,49603
20,17757.141549,52233
21,17757.141549,54863
22,17757.141549,57493
23,17749.073700,60123
24,17749.073700,62753
25,17748.352077,65383
26,17748.352077,68012
27,17748.352077,70641
28,17748.352077,73270
29,17748.352077,75899
30,17748.352077,78528
31,17748.352077,81157
32,17748.352077,83786
33,17748.352077,86415
34,17748.352077,89044
35,17748.352077,91673
36,17748.352077,94303
37,17734.829361,96934
38,17734.829361,99565
39,17734.829361,102196
40,17734.829361,104827
41,17734.829361,107458
42,17734.829361,110089
43,17734.829361,112720
44,17734.829361,115351
45,17734.829361,117982
46,17734.829361,120613
47,17734.829361,123244
48,17731.443415,125875
49,17731.443415,128506
50,17731.443415,131137
51,17731.443415,133768
52,17731.443415,136399
53,17731.443415,139030
54,17731.443415,141661
55,17731.443415,144292
56,17731.443415,146923
57,17731.443415,149554
58,17731.443415,152185
59,17731.443415,154816
60,17731.443415,157447
61,17731.443415,160078
62,17731.443415,162709
63,17731.443415,165340
64,17731.443415,167971
65,17731.443415,170602
66,17731.443415,173233
67,17731.443415,175864
68,17731.443415,178495
69,17731.443415,181126
70,17731.443415,183757
71,17731.443415,186388
72,17731.443415,189019
73,17731.443415,191650
74,17731.443415,194281
75,17731.443415,196912
76,17731.443415,199543
77,17731.443415,202174
78,17731.443415,204805
79,17731.443415,207436
80,17731.443415,210067
81,17731.443415,212698
82,17728.768698,215329
83,17725.976635,217960
84,17725.976635,220591
85,17725.976635,223222
86,17725.976635,225853
87,17725.976635,228484
88,17725.976635,231115
89,17725.976635,233746
90,17725.976635,236377
91,17725.976635,239008
92,17725.976635,241639
93,17719.276268,244270
94,17719.276268,246901
95,17719.276268,249532
96,17719.276268,252163
97,17719.276268,254794
98,17719.276268,257425
99,17719.276268,260056
100,17719.276268,262687
101,17719.276268,265318
102,17719.276268,267949
103,17719.276268,270580
104,17719.276268,273211
105,17719.276268,275842
106,17719.276268,278473
107,17719.276268,281104
108,17719.276268,283735
109,17715.672207,286366
110,17715.672207,288980
111,17715.672207,291594
112,17715.672207,294215
113,17715.672207,296847
114,17715.672207,299479
115,17715.672207,302111
116,17715.672207,304743
117,17715.672207,307375
118,17715.672207,310007
119,17715.672207,312639
120,17715.672207,315271
121,17715.672207,317903
122,17715.672207,320535
123,17715.672207,323167
124,17715.672207,325799
125,17715.672207,328431
126,17715.672207,331063
127,17715.672207,333695
128,17715.672207,336327
129,17715.672207,338959
130,17715.672207,341591
131,17715.672207,344223
132,17715.672207,346855
133,17715.672207,349487
134,17715.672207,352119
135,17715.672207,354751
136,17715.672207,357383
137,17715.672207,360015
138,17715.672207,362647
139,17715.672207,365279
140,17715.672207,367911
141,17715.672207,370543
142,17715.672207,373175
143,17715.672207,375807
144,17715.672207,378439
145,17715.672207,381071
146,17715.672207,383703
147,17715.672207,386335
148,17715.672207,388967
149,17715.672207,391599
150,17715.672207,394231
151,17715.672207,396863
152,17715.672207,399495
153,17715.672207,402127
154,17715.672207,404759
155,17715.672207,407391
156,17715.672207,410023
157,17715.672207,412655
158,17715.672207,415287
159,17715.672207,417919
160,17715.672207,420551
161,17715.672207,423183
162,17715.672207,425815
163,17715.672207,428447
164,17715.672207,431079
165,17715.672207,433711
166,17715.672207,436343
167,17715.672207,438975
168,17715.672207,441607
169,17715.672207,444239
170,17715.672207,446871
171,17715.672207,449503
172,17715.672207,452135
173,17715.672207,454767
174,17715.672207,457399
175,17715.672207,460031
176,17715.672207,462663
177,17715.672207,465295
178,17715.672207,467927
179,17715.672207,470559
180,17715.672207,473191
181,17715.672207,475823
182,17715.672207,478455
183,17715.672207,481087
184,17715.672207,483719
185,17715.672207,486351
186,17715.672207,488983
187,17715.672207,491615
188,17715.672207,494247
189,17715.672207,496879
190,17715.672207,499511
191,17715.672207,502143
192,17715.672207,504775
193,17715.672207,507407
194,17715.672207,510039
195,17715.672207,512671
196,17715.672207,515303
197,17715.672207,517935
198,17715.672207,520567
199,17715.672207,523199
200,17715.672207,525831
201,17715.672207,528463
202,17715.672207,531095
203,17715.672207,533727
204,17715.672207,536359
205,17715.672207,538991
206,17715.672207,541623
207,17715.672207,544255
208,17715.672207,546887
209,17715.672207,549519
210,17715.672207,552151
211,17715.672207,554783
212,17715.672207,557415
213,17715.672207,560047
214,17715.672207,562679
215,17715.672207,565311
216,17715.672207,567943
217,17715.672207,570575
218,17715.672207,573207
219,17715.672207,575839
220,17715.672207,578471
221,17715.672207,581103
222,17715.672207,583735
223,17715.672207,586367
224,17715.672207,588999
225,17715.672207,591631
226,17715.672207,594263
227,17715.672207,596895
228,17715.672207,599527
229,17715.672207,602159
230,17715.672207,604791
231,17715.672207,607423
232,17715.672207,610055
233,17715.672207,612687
234,17715.672207,615319
235,17715.672207,617951
236,17715.672207,620583
237,17715.672207,623215
238,17715.672207,625847
239,17715.672207,628479
240,17715.672207,631111
241,17715.672207,633743
242,17715.672207,636375
243,17715.672207,639007
244,17715.672207,641639
245,17715.672207,644271
246,17715.672207,646903
247,17715.672207,649535
248,17715.672207,652167
249,17715.672207,654799
250,17715.672207,657431
251,17715.672207,660063
252,17715.672207,662695
253,17715.672207,665327
254,17715.672207,667959
255,17715.672207,670591
256,17715.672207,673223
257,17715.672207,675855
258,17713.958076,678487
259,17713.958076,681119
260,17713.958076,683751
261,17713.958076,686383
262,17713.958076,689015
263,17713.958076,691647
264,17713.958076,694279
265,17713.958076,696911
266,17713.958076,699543
267,17713.958076,702175
268,17713.958076,704807
269,17713.958076,707439
270,17713.958076,710071
271,17713.958076,712703
272,17713.958076,715335
273,17713.958076,717967
274,17713.958076,720599
275,17713.958076,723231
276,17713.958076,725863
277,17713.958076,728495
278,17713.958076,731127
279,17713.958076,733759
280,17713.958076,736374
281,17713.958076,738989
282,17713.958076,741604
283,17713.958076,744219
284,17713.958076,746834
285,17713.958076,749449
286,17713.958076,752064
287,17713.958076,754679
288,17713.958076,757294
289,17713.958076,759909
290,17713.958076,762524
291,17713.958076,765139
292,17713.958076,767754
293,17713.958076,770369
294,17713.958076,772984
295,17713.958076,775599
296,17713.958076,778214
297,17713.958076,780829
298,17701.077936,783444
299,17701.077936,786059
300,17701.077936,788674
301,17701.077936,791289
302,17694.532505,793904
303,17694.532505,796519
304,17694.532505,799134
305,17694.532505,801753
306,17694.532505,804384
307,17694.532505,807016
308,17694.532505,809648
309,17694.532505,812280
310,17694.532505,814912
311,17694.532505,817544
17694.532505,84.744458
1,19593.963170,2376
2,18723.341278,5035
3,18357.230645,7691
4,18218.867607,10341
5,18218.867607,12985
6,18002.709398,15625
7,17914.130628,18257
8,17857.240077,20901
9,17786.553669,23548
10,17786.553669,26202
11,17786.553669,28859
12,17780.546907,31514
13,17754.437405,34171
14,17754.437405,36827
15,17752.146222,39485
16,17752.146222,42143
17,17752.146222,44801
18,17752.146222,47458
19,17746.070923,50116
20,17739.221848,52774
21,17739.221848,55432
22,17739.221848,58090
23,17739.221848,60748
24,17739.221848,63406
25,17739.221848,66064
26,17731.790273,68722
27,17731.790273,71380
28,17731.790273,74038
29,17717.292380,76696
30,17717.292380,79354
31,17717.292380,82013
32,17717.292380,84672
33,17717.292380,87331
34,17717.292380,89990
35,17717.292380,92649
36,17717.292380,95308
37,17717.292380,97966
38,17717.292380,100624
39,17717.292380,103282
40,17717.292380,105940
41,17717.292380,108598
42,17717.292380,111255
43,17717.292380,113913
44,17717.292380,116571
45,17717.292380,119229
46,17717.292380,121885
47,17717.292380,124541
48,17717.292380,127197
49,17717.292380,129853
50,17717.292380,132509
51,17717.292380,135165
52,17717.292380,137821
53,17717.292380,140477
54,17717.292380,143133
55,17717.292380,145789
56,17717.292380,148445
57,17717.292380,151101
58,17717.292380,153757
59,17717.292380,156413
60,17717.292380,159069
61,17717.292380,161725
62,17717.292380,164381
63,17717.292380,167037
64,17717.292380,169693
65,17717.292380,172349
66,17717.292380,175005
67,17717.292380,177661
68,17717.292380,180317
69,17717.292380,182973
70,17717.292380,185629
71,17717.292380,188285
72,17717.292380,190940
73,17717.292380,193595
74,17717.292380,196250
75,17717.292380,198905
76,17717.292380,201560
77,17717.292380,204215
78,17717.292380,206870
79,17717.292380,209526
80,17717.292380,212182
81,17717.292380,214839
82,17717.292380,217495
83,17717.292380,220151
84,17717.292380,222807
85,17717.292380,225463
86,17717.292380,228119
87,17717.292380,230775
88,17717.292380,233431
89,17717.292380,236087
90,17717.292380,238743
91,17717.292380,241399
92,17717.292380,244054
93,17717.292380,246709
94,17717.292380,249364
95,17717.292380,252019
96,17717.292380,254674
97,17717.292380,257329
98,17717.292380,259984
99,17717.292380,262639
100,17717.292380,265294
101,17717.292380,267949
102,17717.292380,270604
103,17717.292380,273259
104,17717.292380,275914
105,17717.292380,278569
106,17717.292380,281223
107,17717.292380,283877
108,17717.292380,286531
109,17717.292380,289185
110,17717.292380,291839
111,17717.292380,294493
112,17717.292380,297147
113,17717.292380,299801
114,17717.292380,302455
115,17717.292380,305109
116,17717.292380,307763
117,17717.292380,310417
118,17717.292380,313071
119,17717.292380,315725
120,17717.292380,318378
121,17717.292380,321031
122,17717.292380,323684
123,17717.292380,326337
124,17717.292380,328990
125,17717.292380,331643
126,17717.292380,334296
127,17717.292380,336949
128,17717.292380,339603
129,17717.292380,342257
130,17717.292380,344911
131,17717.292380,347565
132,17717.292380,350219
133,17717.292380,352874
134,17717.292380,355529
135,17717.292380,358184
136,17717.292380,360839
137,17717.292380,363494
138,17717.292380,366150
139,17717.292380,368806
140,17717.292380,371462
141,17717.292380,374119
142,17717.292380,376776
143,17717.292380,379433
144,17717.292380,382090
145,17717.292380,384747
146,17717.292380,387404
147,17717.292380,390061
148,17717.292380,392718
149,17717.292380,395376
150,17717.292380,398034
151,17717.292380,400692
152,17717.292380,403350
153,17717.292380,406008
154,17717.292380,408666
155,17717.292380,411324
156,17717.292380,413982
157,17717.292380,416640
158,17717.292380,419298
159,17715.099246,421956
160,17715.099246,424614
161,17715.099246,427272
162,17715.099246,429930
163,17714.321639,432588
164,17714.321639,435246
165,17714.321639,437904
166,17714.321639,440562
167,17714.321639,443220
168,17714.321639,445878
169,17714.321639,448536
170,17714.321639,451194
171,17714.321639,453852
172,17714.321639,456510
173,17714.321639,459168
174,17714.321639,461826
175,17714.321639,464484
176,17709.111633,467142
177,17709.111633,469800
178,17709.111633,472457
179,17709.111633,475114
180,17709.111633,477771
181,17709.111633,480428
182,17709.111633,483084
183,17709.111633,485742
184,17709.111633,488400
185,17709.111633,491056
186,17709.111633,493712
187,17709.111633,496369
188,17709.111633,499026
189,17709.111633,501685
190,17709.111633,504344
191,17709.111633,507003
192,17709.111633,509662
193,17709.111633,512321
194,17709.111633,514980
195,17709.111633,517639
196,17709.111633,520298
197,17709.111633,522957
198,17709.111633,525616
199,17709.111633,528275
200,17709.111633,530934
201,17709.111633,533593
202,17709.111633,536252
203,17709.111633,538911
204,17709.111633,541570
205,17709.111633,544229
206,17709.111633,546888
207,17709.111633,549547
208,17709.111633,552206
209,17709.111633,554865
210,17709.111633,557524
211,17709.111633,560183
212,17709.111633,562842
213,17709.111633,565501
214,17709.111633,568160
215,17709.111633,570819
216,17709.111633,573478
217,17709.111633,576137
218,17709.111633,578796
219,17709.111633,581455
220,17709.111633,584114
221,17709.111633,586773
222,17709.111633,589432
223,17709.111633,592091
224,17709.111633,594750
225,17709.111633,597409
226,17709.111633,600068
227,17709.111633,602727
228,17709.111633,605386
229,17709.111633,608045
230,17709.111633,610704
231,17709.111633,613363
232,17709.111633,616022
233,17709.111633,618681
234,17709.111633,621340
235,17709.111633,623999
236,17709.111633,626658
237,17709.111633,629317
238,17709.111633,631976
239,17709.111633,634635
240,17709.111633,637294
241,17709.111633,639953
242,17709.111633,642612
243,17709.111633,645271
244,17709.111633,647930
245,17709.111633,650589
246,17709.111633,653248
247,17709.111633,655907
248,17709.111633,658566
249,17709.111633,661225
250,17709.111633,663884
251,17709.111633,666543
252,17709.111633,669202
253,17709.111633,671861
254,17709.111633,674520
255,17709.111633,677179
256,17709.111633,679838
257,17709.111633,682497
258,17709.111633,685156
259,17709.111633,687815
260,17709.111633,690473
261,17709.111633,693131
262,17709.111633,695789
263,17709.111633,698447
264,17709.111633,701105
265,17709.111633,703763
266,17709.111633,706421
267,17709.111633,709079
268,17709.111633,711737
269,17709.111633,714395
270,17709.111633,717053
271,17709.111633,719711
272,17709.111633,722368
273,17709.111633,725025
274,17709.111633,727682
275,17709.111633,730339
276,17709.111633,732996
277,17709.111633,735653
278,17709.111633,738310
279,17709.111633,740967
280,17709.111633,743624
281,17709.111633,746281
282,17709.111633,748938
283,17709.111633,751595
284,17709.111633,754252
285,17709.111633,756909
286,17709.111633,759566
287,17709.111633,762223
288,17709.111633,764881
289,17709.111633,767539
290,17709.111633,770197
291,17709.111633,772855
292,17709.111633,775513
293,17709.111633,778171
294,17709.111633,780829
295,17709.111633,783487
296,17709.111633,786145
297,17709.111633,788803
298,17709.111633,791461
299,17690.696624,794119
300,17690.696624,796777
301,17690.696624,799435
302,17690.696624,802093
303,17690.696624,804751
304,17690.696624,807409
305,17690.696624,810067
306,17690.696624,812725
307,17690.696624,815383
308,17690.696624,818041
17690.696624,83.538802
