1,19589.206119,2376
2,18725.275344,5040
3,18386.104472,7701
4,18201.843265,10361
5,18106.198278,13009
6,18001.868329,15643
7,17820.703698,18270
8,17794.070262,20908
9,17773.778577,23560
10,17742.076627,26216
11,17724.303784,28877
12,17724.303784,31537
13,17715.452956,34197
14,17699.378788,36858
15,17693.914366,39516
16,17669.347914,42176
17,17669.347914,44835
18,17669.347914,47496
19,17647.968996,50157
20,17645.028481,52818
21,17645.028481,55479
22,17645.028481,58140
23,17640.527248,60801
24,17640.527248,63463
25,17640.527248,66126
26,17632.628784,68788
27,17632.628784,71450
28,17632.628784,74112
29,17632.628784,76774
30,17632.628784,79437
31,17632.628784,82100
32,17629.495765,84762
33,17626.745560,87426
34,17623.274563,90090
35,17623.274563,92754
36,17620.365168,95418
37,17620.365168,98082
38,17619.892518,100746
39,17619.892518,103411
40,17616.623168,106076
41,17616.623168,108741
42,17616.623168,111405
43,17616.623168,114070
44,17616.623168,116735
45,17616.623168,119400
46,17616.623168,122065
47,17616.623168,124730
48,17616.623168,127395
49,17615.708227,130060
50,17615.708227,132725
51,17615.708227,135390
52,17615.708227,138055
53,17615.708227,140720
54,17611.965823,143385
55,17611.965823,146050
56,17611.965823,148715
57,17611.965823,151380
58,17610.426603,154045
59,17609.748423,156710
60,17609.748423,159375
61,17609.748423,162039
62,17609.267430,164703
63,17609.267430,167367
64,17609.267430,170031
65,17608.681103,172696
66,17608.681103,175361
67,17608.681103,178026
68,17608.681103,180691
69,17608.588550,183356
70,17608.588550,186021
71,17608.588550,188686
72,17608.588550,191351
73,17608.588550,194016
74,17608.588550,196681
75,17608.588550,199346
76,17608.588550,202011
77,17608.588550,204676
78,17608.588550,207341
79,17608.588550,210006
80,17608.588550,212671
81,17608.588550,215336
82,17608.588550,218001
83,17608.588550,220666
84,17608.588550,223331
85,17608.588550,225996
86,17608.588550,228661
87,17608.588550,231326
88,17608.588550,233991
89,17608.588550,236656
90,17608.588550,239321
91,17608.588550,241986
92,17608.588550,244651
93,17608.588550,247316
94,17608.588550,249981
95,17608.588550,252646
96,17608.588550,255311
97,17608.588550,257976
98,17608.588550,260641
99,17608.588550,263306
100,17608.588550,265971
101,17608.588550,268636
102,17608.588550,271301
103,17608.588550,273966
104,17608.588550,276631
105,17608.588550,279296
106,17608.588550,281961
107,17608.588550,284626
108,17608.516295,287291
109,17608.516295,289956
110,17608.516295,292621
111,17608.516295,295286
112,17608.516295,297951
113,17608.516295,300616
114,17608.516295,303281
115,17608.516295,305946
116,17608.516295,308611
117,17608.516295,311276
118,17608.516295,313941
119,17608.516295,316606
120,17608.516295,319271
121,17608.516295,321936
122,17608.516295,324601
123,17608.516295,327266
124,17608.516295,329931
125,17608.516295,332596
126,17608.516295,335261
127,17608.516295,337926
128,17608.516295,340591
129,17608.516295,343256
130,17608.516295,345921
131,17608.516295,348586
132,17608.516295,351251
133,17608.516295,353916
134,17608.516295,356581
135,17608.516295,359246
136,17608.516295,361911
137,17608.516295,364576
138,17608.516295,367241
139,17608.516295,369906
140,17608.516295,372571
141,17608.516295,375236
142,17608.516295,377901
143,17608.516295,380566
144,17608.516295,383231
145,17608.516295,385896
146,17608.516295,388561
147,17608.516295,391226
148,17608.516295,393891
149,17608.516295,396556
150,17608.516295,399221
151,17608.516295,401886
152,17608.516295,404551
153,17608.516295,407216
154,17608.516295,409881
155,17608.516295,412546
156,17608.516295,415211
157,17608.516295,417876
158,17608.516295,420541
159,17608.516295,423206
160,17608.516295,425871
161,17608.516295,428536
162,17608.516295,431201
163,17608.516295,433866
164,17608.516295,436531
165,17608.516295,439196
166,17608.516295,441861
167,17608.516295,444526
168,17608.516295,447191
169,17608.516295,449856
170,17606.804979,452521
171,17606.804979,455186
172,17604.554993,457851
173,17604.554993,460516
174,17604.554993,463181
175,17604.554993,465846
176,17604.554993,468511
177,17604.554993,471176
178,17604.554993,473841
179,17604.554993,476506
180,17604.554993,479171
181,17604.554993,481836
182,17604.554993,484501
183,17604.554993,487166
184,17604.554993,489831
185,17604.554993,492496
186,17604.554993,495161
187,17604.554993,497826
188,17604.554993,500491
189,17604.554993,503156
190,17604.554993,505821
191,17604.554993,508486
192,17604.554993,511151
193,17604.554993,513816
194,17604.554993,516481
195,17604.554993,519146
196,17604.554993,521811
197,17604.554993,524476
198,17604.554993,527141
199,17604.554993,529806
200,17604.554993,532471
201,17603.989406,535136
202,17603.989406,537801
203,17603.989406,540466
204,17603.989406,543131
205,17603.989406,545796
206,17603.989406,548461
207,17603.989406,551126
208,17603.989406,553791
209,17603.989406,556456
210,17603.989406,559121
211,17603.989406,561786
212,17603.989406,564451
213,17603.989406,567116
214,17603.989406,569781
215,17603.989406,572446
216,17603.989406,575111
217,17603.989406,577776
218,17603.989406,580441
219,17603.989406,583106
220,17603.989406,585771
221,17603.989406,588436
222,17603.989406,591101
223,17603.989406,593766
224,17603.989406,596431
225,17603.989406,599096
226,17603.989406,601761
227,17603.989406,604426
228,17603.989406,607091
229,17603.989406,609756
230,17603.989406,612421
231,17603.989406,615086
232,17603.989406,617751
233,17603.989406,620416
234,17603.989406,623081
235,17603.989406,625746
236,17603.989406,628411
237,17603.989406,631076
238,17603.989406,633741
239,17603.989406,636406
240,17603.989406,639071
241,17603.989406,641736
242,17603.989406,644401
243,17603.989406,647066
244,17603.989406,649731
245,17603.989406,652396
246,17603.989406,655061
247,17603.989406,657726
248,17603.989406,660391
249,17603.989406,663056
250,17603.989406,665721
251,17603.989406,668386
252,17603.989406,671051
253,17603.989406,673716
254,17603.989406,676381
255,17603.989406,679046
256,17603.989406,681711
257,17603.989406,684376
258,17603.989406,687041
259,17603.989406,689706
260,17603.989406,692371
261,17603.989406,695036
262,17603.989406,697701
263,17603.989406,700366
264,17603.989406,703031
265,17603.989406,705696
266,17603.989406,708361
267,17603.989406,711026
268,17603.989406,713691
269,17603.989406,716356
270,17603.989406,719021
271,17603.989406,721686
272,17603.989406,724351
273,17603.989406,727016
274,17603.989406,729681
275,17603.989406,732346
276,17603.989406,735011
277,17603.989406,737676
278,17603.989406,740341
279,17603.989406,743006
280,17603.989406,745671
281,17603.989406,748336
282,17603.989406,751001
283,17603.989406,753666
284,17603.989406,756331
285,17603.989406,758996
286,17603.989406,761661
287,17603.989406,764326
288,17603.989406,766991
289,17603.989406,769656
290,17603.989406,772321
291,17603.989406,774986
292,17603.989406,777651
293,17603.989406,780316
294,17603.989406,782981
295,17603.989406,785646
296,17603.989406,788311
297,17603.989406,790976
298,17603.989406,793641
299,17603.989406,796306
300,17603.989406,798971
301,17603.989406,801636
302,17603.989406,804301
303,17603.989406,806966
304,17603.989406,809631
305,17603.989406,812296
306,17603.989406,814961
307,17603.989406,817626
17603.989406,83.489909
1,19550.841601,2376
2,18737.451116,5016
3,18488.440564,7654
4,18209.840084,10293
5,18140.942336,12925
6,18002.696710,15548
7,17806.930202,18165
8,17771.401818,20779
9,17770.875040,23410
10,17738.812929,26043
11,17738.812929,28682
12,17738.306065,31322
13,17722.645508,33960
14,17721.020001,36600
15,17721.020001,39239
16,17688.129177,41879
17,17688.129177,44519
18,17668.011345,47159
19,17667.649655,49799
20,17662.735384,52436
21,17662.735384,55074
22,17662.735384,57712
23,17637.222248,60351
24,17628.508245,62990
25,17622.911704,65629
26,17622.911704,68268
27,17618.710587,70905
28,17618.710587,73542
29,17618.710587,76180
30,17618.257481,78818
31,17618.257481,81456
32,17618.257481,84094
33,17618.257481,86732
34,17618.257481,89370
35,17618.257481,92008
36,17618.257481,94646
37,17618.257481,97284
38,17615.648309,99922
39,17615.648309,102560
40,17615.648309,105198
41,17615.648309,107836
42,17615.648309,110474
43,17615.648309,113112
44,17615.648309,115750
45,17615.648309,118388
46,17613.477495,121026
47,17613.477495,123665
48,17613.477495,126304
49,17612.893882,128943
50,17608.490182,131582
51,17608.490182,134221
52,17608.490182,136860
53,17608.490182,139499
54,17608.490182,142138
55,17608.490182,144777
56,17608.490182,147416
57,17606.786480,150055
58,17606.786480,152694
59,17606.786480,155333
60,17606.786480,157973
61,17606.786480,160613
62,17606.786480,163253
63,17606.786480,165893
64,17606.786480,168533
65,17606.786480,171173
66,17606.786480,173813
67,17606.786480,176453
68,17606.786480,179093
69,17606.786480,181733
70,17606.786480,184373
71,17606.786480,187013
72,17603.105399,189653
73,17603.105399,192293
74,17603.105399,194933
75,17603.105399,197573
76,17603.105399,200213
77,17603.105399,202853
78,17603.105399,205493
79,17603.105399,208133
80,17603.105399,210773
81,17603.105399,213413
82,17603.105399,216053
83,17603.105399,218693
84,17598.129401,221333
85,17598.129401,223973
86,17598.129401,226613
87,17598.129401,229253
88,17598.129401,231893
89,17598.129401,234533
90,17598.129401,237173
91,17598.129401,239813
92,17598.129401,242453
93,17598.129401,245093
94,17598.129401,247733
95,17598.129401,250373
96,17598.129401,253013
97,17597.535104,255653
98,17597.535104,258293
99,17597.535104,260933
100,17597.535104,263573
101,17597.535104,266213
102,17597.535104,268853
103,17597.535104,271493
104,17597.535104,274133
105,17597.535104,276773
106,17597.535104,279413
107,17597.535104,282053
108,17597.535104,284693
109,17597.535104,287333
110,17597.535104,289973
111,17597.535104,292613
112,17597.535104,295253
113,17597.535104,297893
114,17597.535104,300533
115,17597.535104,303173
116,17597.535104,305813
117,17597.535104,308453
118,17597.535104,311093
119,17597.535104,313733
120,17597.535104,316373
121,17597.535104,319013
122,17597.535104,321653
123,17597.535104,324293
124,17597.535104,326933
125,17597.535104,329573
126,17597.535104,332213
127,17597.535104,334853
128,17597.535104,337493
129,17597.535104,340133
130,17597.535104,342773
131,17597.535104,345413
132,17597.535104,348053
133,17597.535104,350693
134,17596.708627,353333
135,17596.708627,355973
136,17596.708627,358613
137,17596.708627,361253
138,17596.708627,363893
139,17596.066685,366533
140,17596.066685,369173
141,17596.066685,371813
142,17596.066685,374453
143,17596.066685,377093
144,17596.066685,379733
145,17596.066685,382373
146,17596.066685,385013
147,17596.066685,387653
148,17596.066685,390293
149,17596.066685,392933
150,17596.066685,395573
151,17596.066685,398213
152,17596.066685,400853
153,17596.066685,403493
154,17596.066685,406133
155,17596.066685,408773
156,17596.066685,411413
157,17596.066685,414053
158,17596.066685,416693
159,17596.066685,419333
160,17596.066685,421973
161,17596.066685,424613
162,17596.066685,427253
163,17596.066685,429893
164,17596.066685,432533
165,17596.066685,435173
166,17596.066685,437813
167,17596.066685,440453
168,17596.066685,443093
169,17596.066685,445733
170,17596.066685,448373
171,17596.066685,451013
172,17596.066685,453653
173,17596.066685,456293
174,17596.066685,458933
175,17596.066685,461573
176,17596.066685,464213
177,17596.066685,466853
178,17596.066685,469493
179,17596.066685,472133
180,17596.066685,474773
181,17596.066685,477413
182,17596.066685,480053
183,17596.066685,482693
184,17596.066685,485333
185,17595.886128,487973
186,17595.886128,490613
187,17595.886128,493253
188,17595.886128,495893
189,17595.886128,498533
190,17595.886128,501173
191,17595.886128,503813
192,17595.886128,506453
193,17595.886128,509093
194,17595.886128,511733
195,17595.886128,514373
196,17595.886128,517013
197,17595.886128,519653
198,17595.886128,522293
199,17595.886128,524933
200,17595.886128,527573
201,17595.886128,530213
202,17595.886128,532853
203,17595.886128,535493
204,17595.886128,538133
205,17595.886128,540773
206,17595.886128,543413
207,17595.886128,546053
208,17595.886128,548693
209,17595.886128,551333
210,17595.886128,553973
211,17595.886128,556613
212,17595.886128,559253
213,17595.886128,561893
214,17595.886128,564533
215,17595.886128,567173
216,17595.886128,569813
217,17595.886128,572453
218,17595.886128,575093
219,17595.886128,577733
220,17595.886128,580373
221,17595.886128,583013
222,17595.886128,585653
223,17595.886128,588293
224,17595.886128,590933
225,17595.886128,593573
226,17595.886128,596213
227,17595.886128,598853
228,17595.886128,601493
229,17595.886128,604133
230,17595.886128,606773
231,17595.886128,609413
232,17595.886128,612053
233,17595.886128,614693
234,17595.886128,617333
235,17595.886128,619973
236,17595.886128,622613
237,17595.886128,625253
238,17595.886128,627893
239,17595.886128,630533
240,17595.886128,633173
241,17595.886128,635813
242,17595.886128,638453
243,17595.886128,641093
244,17595.886128,643733
245,17595.886128,646373
246,17595.886128,649013
247,17595.886128,651653
248,17595.886128,654293
249,17595.886128,656933
250,17595.886128,659573
251,17595.886128,662213
252,17595.886128,664853
253,17595.886128,667493
254,17595.886128,670133
255,17595.886128,672773
256,17595.886128,675413
257,17595.886128,678053
258,17595.886128,680693
259,17595.886128,683333
260,17595.886128,685973
261,17595.886128,688613
262,17595.886128,691253
263,17595.886128,693893
264,17595.886128,696533
265,17595.886128,699173
266,17595.886128,701813
267,17595.886128,704453
268,17595.886128,707093
269,17595.886128,709733
270,17595.886128,712373
271,17595.886128,715013
272,17595.886128,717653
273,17595.886128,720293
274,17595.886128,722933
275,17595.886128,725573
276,17595.886128,728213
277,17595.886128,730853
278,17595.886128,733493
279,17595.886128,736133
280,17595.886128,738773
281,17595.886128,741413
282,17595.886128,744053
283,17595.886128,746693
284,17595.886128,749333
285,17595.886128,751973
286,17595.886128,754613
287,17595.886128,757253
288,17595.886128,759893
289,17595.886128,762533
290,17595.886128,765173
291,17595.886128,767813
292,17595.886128,770453
293,17595.886128,773093
294,17595.886128,775733
295,17595.886128,778373
296,17595.886128,781013
297,17595.886128,783653
298,17595.886128,786293
299,17595.886128,788933
300,17595.886128,791573
301,17595.886128,794213
302,17595.886128,796853
303,17595.886128,799493
304,17595.886128,802133
305,17595.886128,804773
306,17595.886128,807413
307,17595.886128,810053
308,17595.886128,812693
309,17595.886128,815333
310,17595.886128,817973
17595.886128,83.510036
1,19541.677063,2376
2,19158.629302,5037
3,18371.407883,7696
4,18225.115272,10350
5,18107.446088,12999
6,17933.619935,15634
7,17818.290969,18270
8,17781.986434,20914
9,17765.480984,23562
10,17742.572834,26218
11,17737.392480,28875
12,17732.195221,31534
13,17728.816253,34193
14,17724.824435,36852
15,17719.611948,39511
16,17715.521392,42170
17,17695.200634,44831
18,17678.930507,47492
19,17678.930507,50153
20,17678.930507,52812
21,17675.665473,55472
22,17671.874726,58132
23,17671.874726,60792
24,17669.732075,63452
25,17661.394875,66112
26,17661.394875,68772
27,17658.099485,71432
28,17658.099485,74092
29,17653.239672,76752
30,17651.748429,79412
31,17651.748429,82072
32,17651.748429,84732
33,17651.748429,87393
34,17651.748429,90054
35,17651.748429,92715
36,17651.748429,95376
37,17651.748429,98037
38,17651.748429,100698
39,17651.748429,103359
40,17651.748429,106020
41,17645.401750,108678
42,17643.859187,111337
43,17643.859187,113996
44,17637.499822,116653
45,17637.499822,119310
46,17637.499822,121968
47,17637.499822,124626
48,17637.499822,127285
49,17627.370766,129945
50,17627.370766,132605
51,17627.370766,135266
52,17625.380092,137926
53,17625.380092,140586
54,17625.380092,143247
55,17625.380092,145908
56,17625.380092,148569
57,17625.380092,151230
58,17625.380092,153891
59,17625.380092,156552
60,17625.380092,159213
61,17625.380092,161874
62,17624.695655,164535
63,17624.695655,167196
64,17623.068920,169857
65,17623.068920,172518
66,17623.068920,175178
67,17623.068920,177838
68,17623.068920,180498
69,17622.175962,183158
70,17622.175962,185818
71,17622.175962,188478
72,17622.175962,191138
73,17621.337775,193798
74,17620.226210,196458
75,17620.226210,199118
76,17620.226210,201778
77,17620.226210,204438
78,17620.226210,207098
79,17620.226210,209759
80,17620.226210,212420
81,17619.952289,215081
82,17619.952289,217742
83,17619.952289,220403
84,17619.952289,223064
85,17619.952289,225725
86,17619.952289,228386
87,17619.952289,231047
88,17619.952289,233708
89,17619.952289,236369
90,17619.952289,239030
91,17619.952289,241691
92,17619.952289,244352
93,17619.952289,247013
94,17619.952289,249674
95,17617.850468,252335
96,17617.850468,254996
97,17617.850468,257657
98,17617.085858,260318
99,17617.085858,262979
100,17617.085858,265640
101,17617.085858,268301
102,17617.085858,270962
103,17617.085858,273623
104,17617.085858,276284
105,17617.085858,278945
106,17615.637127,281606
107,17615.637127,284267
108,17615.637127,286928
109,17615.637127,289589
110,17615.637127,292250
111,17615.637127,294911
112,17615.637127,297572
113,17615.637127,300233
114,17615.637127,302894
115,17615.637127,305555
116,17609.405432,308216
117,17608.095668,310877
118,17608.095668,313538
119,17608.095668,316199
120,17608.095668,318860
121,17608.095668,321521
122,17608.095668,324182
123,17608.095668,326843
124,17608.095668,329504
125,17608.095668,332165
126,17608.095668,334826
127,17608.038532,337487
128,17608.038532,340148
129,17608.038532,342809
130,17608.038532,345470
131,17608.038532,348131
132,17608.038532,350792
133,17608.038532,353453
134,17608.038532,356114
135,17608.038532,358775
136,17608.038532,361436
137,17605.553719,364097
138,17605.553719,366758
139,17605.553719,369419
140,17605.553719,372080
141,17605.553719,374741
142,17605.553719,377402
143,17605.553719,380063
144,17605.553719,382724
145,17605.553719,385385
146,17605.553719,388046
147,17605.553719,390707
148,17605.553719,393368
149,17605.553719,396029
150,17605.553719,398690
151,17605.553719,401351
152,17605.553719,404012
153,17605.553719,406673
154,17605.553719,409334
155,17605.553719,411995
156,17605.553719,414656
157,17605.553719,417317
158,17605.553719,419978
159,17605.553719,422639
160,17605.553719,425300
161,17605.553719,427961
162,17605.553719,430622
163,17605.553719,433283
164,17604.647627,435944
165,17604.119660,438605
166,17604.119660,441266
167,17604.119660,443927
168,17604.119660,446588
169,17604.119660,449249
170,17603.432112,451910
171,17603.432112,454571
172,17603.432112,457232
173,17603.262318,459893
174,17603.262318,462554
175,17603.262318,465215
176,17603.262318,467876
177,17603.262318,470537
178,17603.262318,473198
179,17600.286295,475859
180,17600.286295,478520
181,17600.286295,481181
182,17600.286295,483842
183,17600.286295,486503
184,17600.286295,489164
185,17600.286295,491825
186,17600.286295,494486
187,17600.286295,497147
188,17600.286295,499808
189,17600.286295,502469
190,17600.286295,505130
191,17600.286295,507791
192,17600.286295,510452
193,17600.286295,513113
194,17600.286295,515774
195,17600.286295,518435
196,17600.286295,521096
197,17600.286295,523757
198,17600.286295,526418
199,17600.286295,529079
200,17600.286295,531740
201,17600.286295,534401
202,17600.286295,537062
203,17600.286295,539723
204,17600.286295,542384
205,17600.286295,545045
206,17600.286295,547706
207,17600.286295,550367
208,17600.286295,553028
209,17600.286295,555689
210,17600.286295,558350
211,17600.286295,561011
212,17600.286295,563672
213,17600.286295,566333
214,17600.286295,568994
215,17600.286295,571655
216,17600.286295,574316
217,17600.286295,576977
218,17600.286295,579638
219,17600.286295,582299
220,17600.286295,584960
221,17600.286295,587621
222,17600.286295,590282
223,17600.286295,592943
224,17600.286295,595604
225,17600.286295,598265
226,17600.286295,600926
227,17600.286295,603587
228,17600.286295,606248
229,17600.286295,608909
230,17600.286295,611570
231,17600.286295,614231
232,17600.286295,616892
233,17600.286295,619553
234,17600.286295,622214
235,17600.286295,624875
236,17600.286295,627536
237,17600.286295,630197
238,17600.286295,632858
239,17600.286295,635519
240,17600.286295,638180
241,17600.286295,640841
242,17600.286295,643502
243,17600.286295,646163
244,17600.286295,648824
245,17600.286295,651485
246,17600.286295,654146
247,17600.286295,656807
248,17600.286295,659468
249,17600.286295,662129
250,17600.286295,664790
251,17600.286295,667451
252,17600.286295,670112
253,17600.286295,672773
254,17600.286295,675434
255,17600.286295,678095
256,17600.286295,680756
257,17600.286295,683417
258,17600.286295,686078
259,17600.286295,688739
260,17600.286295,691400
261,17600.286295,694061
262,17600.286295,696722
263,17600.286295,699383
264,17600.286295,702044
265,17600.286295,704705
266,17600.286295,707366
267,17600.286295,710027
268,17600.286295,712688
269,17600.286295,715349
270,17600.286295,718010
271,17600.286295,720671
272,17600.286295,723332
273,17600.286295,725993
274,17600.286295,728654
275,17600.286295,731315
276,17600.286295,733976
277,17600.286295,736637
278,17600.286295,739298
279,17600.286295,741959
280,17600.286295,744620
281,17600.286295,747281
282,17600.286295,749942
283,17600.286295,752603
284,17600.286295,755264
285,17600.286295,757925
286,17600.286295,760586
287,17600.286295,763247
288,17600.286295,765908
289,17600.286295,768569
290,17600.286295,771230
291,17600.286295,773891
292,17600.286295,776552
293,17600.286295,779213
294,17600.286295,781874
295,17600.286295,784535
296,17600.286295,787196
297,17600.286295,789857
298,17600.286295,792518
299,17600.286295,795179
300,17600.286295,797840
301,17600.286295,800501
302,17600.286295,803162
303,17600.286295,805823
304,17600.286295,808484
305,17600.286295,811145
306,17600.286295,813806
307,17600.286295,816467
308,17600.286295,819128
17600.241555,83.344652
1,19524.154549,2376
2,18695.608908,5031
3,18431.008924,7685
4,18240.470951,10337
5,18040.462182,12983
6,17932.730983,15618
7,17844.027353,18252
8,17844.027353,20896
9,17758.816200,23545
10,17732.952464,26199
11,17732.952464,28849
12,17732.952464,31504
13,17716.533514,34160
14,17716.533514,36815
15,17716.533514,39466
16,17716.533514,42122
17,17658.224692,44778
18,17658.224692,47433
19,17658.224692,50088
20,17647.486690,52743
21,17647.486690,55399
22,17645.452777,58055
23,17645.452777,60711
24,17645.452777,63367
25,17645.452777,66023
26,17645.452777,68679
27,17645.452777,71335
28,17644.392699,73990
29,17629.094798,76645
30,17629.094798,79300
31,17628.241044,81955
32,17628.241044,84611
33,17628.241044,87268
34,17627.517985,89925
35,17627.517985,92582
36,17627.517985,95239
37,17627.517985,97896
38,17627.481017,100553
39,17627.481017,103210
40,17627.481017,105867
41,17627.481017,108524
42,17621.413334,111181
43,17621.413334,113838
44,17620.760272,116495
45,17620.760272,119151
46,17618.639881,121807
47,17618.639881,124463
48,17618.639881,127119
49,17618.639881,129776
50,17618.639881,132433
51,17618.639881,135090
52,17613.991119,137747
53,17613.991119,140404
54,17613.991119,143061
55,17613.991119,145718
56,17613.991119,148375
57,17613.991119,151032
58,17613.991119,153689
59,17613.991119,156346
60,17613.991119,159003
61,17613.991119,161660
62,17613.991119,164317
63,17613.991119,166974
64,17613.991119,169631
65,17613.991119,172289
66,17613.991119,174947
67,17613.991119,177605
68,17613.991119,180263
69,17613.991119,182921
70,17613.991119,185579
71,17613.991119,188237
72,17613.991119,190895
73,17613.991119,193553
74,17613.991119,196211
75,17613.991119,198869
76,17613.991119,201527
77,17613.991119,204185
78,17613.991119,206843
79,17613.991119,209501
80,17613.991119,212159
81,17613.991119,214817
82,17613.991119,217475
83,17613.991119,220133
84,17613.991119,222791
85,17613.991119,225449
86,17613.991119,228107
87,17613.991119,230765
88,17613.991119,233423
89,17613.991119,236081
90,17613.991119,238739
91,17610.645188,241397
92,17609.747853,244055
93,17609.209888,246713
94,17609.209888,249371
95,17609.209888,252029
96,17609.155376,254687
97,17609.155376,257345
98,17608.188007,260003
99,17608.188007,262661
100,17608.188007,265319
101,17608.188007,267977
102,17608.188007,270635
103,17608.188007,273293
104,17608.188007,275951
105,17608.188007,278609
106,17608.188007,281267
107,17608.188007,283925
108,17608.188007,286583
109,17608.188007,289241
110,17608.188007,291899
111,17608.188007,294557
112,17608.188007,297215
113,17608.188007,299873
114,17608.188007,302531
115,17608.188007,305189
116,17608.188007,307847
117,17608.188007,310505
118,17608.188007,313163
119,17608.188007,315821
120,17608.188007,318479
121,17608.188007,321137
122,17608.188007,323795
123,17608.188007,326453
124,17608.188007,329111
125,17608.188007,331769
126,17608.188007,334427
127,17608.188007,337085
128,17608.188007,339743
129,17608.188007,342401
130,17608.188007,345059
131,17608.188007,347717
132,17608.188007,350375
133,17608.188007,353033
134,17608.188007,355691
135,17608.188007,358349
136,17606.618811,361007
137,17606.618811,363665
138,17606.618811,366323
139,17606.618811,368981
140,17606.618811,371639
141,17606.618811,374297
142,17606.550771,376955
143,17606.550771,379613
144,17606.550771,382271
145,17606.550771,384929
146,17606.550771,387587
147,17606.550771,390245
148,17606.550771,392903
149,17606.550771,395561
150,17605.260879,398219
151,17605.260879,400877
152,17605.260879,403535
153,17605.260879,406193
154,17605.260879,408851
155,17605.260879,411509
156,17605.260879,414167
157,17604.098843,416825
158,17604.098843,419483
159,17604.098843,422141
160,17604.098843,424799
161,17604.098843,427457
162,17604.098843,430115
163,17604.098843,432773
164,17604.098843,435431
165,17604.098843,438089
166,17604.098843,440747
167,17604.098843,443405
168,17604.098843,446063
169,17604.098843,448721
170,17604.098843,451379
171,17604.098843,454037
172,17604.098843,456695
173,17604.098843,459353
174,17604.098843,462011
175,17604.098843,464669
176,17604.098843,467327
177,17604.098843,469985
178,17604.098843,472643
179,17604.098843,475301
180,17604.098843,477959
181,17604.098843,480617
182,17604.098843,483275
183,17604.098843,485933
184,17604.098843,488591
185,17604.098843,491249
186,17604.098843,493907
187,17604.098843,496565
188,17604.098843,499223
189,17604.098843,501881
190,17604.098843,504539
191,17604.098843,507197
192,17604.098843,509855
193,17604.098843,512513
194,17604.098843,515171
195,17604.098843,517829
196,17604.098843,520487
197,17604.098843,523145
198,17604.098843,525803
199,17604.098843,528461
200,17604.098843,531119
201,17604.098843,533777
202,17604.098843,536435
203,17604.098843,539093
204,17604.098843,541751
205,17604.098843,544409
206,17604.098843,547067
207,17604.098843,549725
208,17604.098843,552383
209,17604.098843,555041
210,17604.098843,557699
211,17604.098843,560357
212,17604.098843,563015
213,17604.098843,565673
214,17604.098843,568331
215,17604.098843,570989
216,17604.098843,573647
217,17604.098843,576305
218,17604.098843,578963
219,17604.098843,581621
220,17604.098843,584279
221,17604.098843,586937
222,17604.098843,589595
223,17604.098843,592253
224,17604.098843,594911
225,17604.098843,597569
226,17604.098843,600227
227,17604.098843,602885
228,17604.098843,605543
229,17604.098843,608201
230,17604.098843,610859
231,17604.098843,613517
232,17604.098843,616175
233,17604.098843,618833
234,17604.098843,621491
235,17604.098843,624149
236,17604.098843,626807
237,17604.098843,629465
238,17604.098843,632123
239,17604.098843,634781
240,17604.098843,637439
241,17604.098843,640097
242,17604.098843,642755
243,17604.098843,645413
244,17604.098843,648071
245,17604.098843,650729
246,17604.098843,653387
247,17604.098843,656045
248,17604.098843,658703
249,17604.098843,661361
250,17604.098843,664019
251,17604.098843,666677
252,17604.098843,669335
253,17604.098843,671993
254,17604.098843,674651
255,17604.098843,677309
256,17604.098843,679967
257,17604.098843,682625
258,17604.098843,685283
259,17604.098843,687941
260,17604.098843,690599
261,17604.098843,693257
262,17604.098843,695915
263,17604.098843,698573
264,17604.098843,701231
265,17604.098843,703889
266,17604.098843,706547
267,17604.098843,709205
268,17604.098843,711863
269,17604.098843,714521
270,17604.098843,717179
271,17604.098843,719837
272,17604.098843,722495
273,17604.098843,725153
274,17602.955473,727811
275,17602.955473,730469
276,17602.955473,733127
277,17602.955473,735785
278,17602.955473,738443
279,17602.955473,741101
280,17602.955473,743759
281,17602.955473,746417
282,17602.955473,749075
283,17602.955473,751733
284,17602.955473,754391
285,17602.955473,757049
286,17602.955473,759707
287,17601.188440,762365
288,17601.188440,765023
289,17601.188440,767681
290,17601.188440,770339
291,17601.188440,772997
292,17601.188440,775655
293,17601.188440,778313
294,17601.188440,780971
295,17601.188440,783629
296,17601.188440,786287
297,17601.188440,788945
298,17601.188440,791603
299,17601.188440,794261
300,17601.188440,796919
301,17601.188440,799577
302,17601.188440,802235
303,17601.188440,804893
304,17601.188440,807551
305,17601.188440,810209
306,17601.188440,812867
307,17601.188440,815525
308,17601.188440,818183
17601.188440,83.393114
1,19553.285216,2376
2,18700.856546,5000
3,18436.397364,7623
4,18199.202289,10244
5,18090.317503,12860
6,17915.062418,15475
7,17832.352087,18078
8,17793.481982,20683
9,17764.266747,23295
10,17732.923796,25914
11,17723.748555,28536
12,17679.404845,31158
13,17676.767626,33779
14,17676.729270,36401
15,17658.838130,39023
16,17658.838130,41644
17,17652.925149,44266
18,17650.210756,46887
19,17650.210756,49509
20,17650.210756,52131
21,17639.582255,54753
22,17639.582255,57375
23,17639.582255,59997
24,17638.318443,62620
25,17638.318443,65243
26,17638.318443,67866
27,17638.318443,70489
28,17634.998833,73112
29,17634.060936,75735
30,17634.060936,78358
31,17634.060936,80980
32,17634.060936,83604
33,17634.060936,86228
34,17634.060936,88851
35,17634.060936,91475
36,17634.060936,94099
37,17634.060936,96723
38,17634.060936,99347
39,17633.528207,101971
40,17632.932771,104595
41,17632.932771,107219
42,17632.932771,109843
43,17632.711524,112467
44,17632.711524,115091
45,17632.711524,117715
46,17632.711524,120339
47,17631.316942,122963
48,17631.316942,125587
49,17631.316942,128210
50,17631.316942,130833
51,17631.316942,133456
52,17631.316942,136079
53,17631.316942,138702
54,17631.316942,141325
55,17631.316942,143948
56,17624.803126,146572
57,17624.803126,149196
58,17624.154466,151820
59,17624.154466,154444
60,17622.327539,157068
61,17619.532002,159692
62,17619.532002,162316
63,17619.532002,164940
64,17619.532002,167564
65,17616.733696,170188
66,17616.733696,172812
67,17616.733696,175436
68,17614.074702,178060
69,17614.074702,180684
70,17612.948646,183308
71,17612.948646,185932
72,17611.358626,188556
73,17611.358626,191180
74,17611.358626,193804
75,17610.294953,196428
76,17610.294953,199052
77,17610.294953,201676
78,17610.294953,204300
79,17610.294953,206924
80,17610.294953,209548
81,17610.294953,212172
82,17610.294953,214796
83,17610.294953,217420
84,17610.294953,220044
85,17610.294953,222668
86,17610.294953,225292
87,17607.280976,227916
88,17607.280976,230540
89,17607.280976,233164
90,17607.280976,235788
91,17607.280976,238412
92,17607.280976,241036
93,17607.280976,243660
94,17607.280976,246284
95,17607.280976,248908
96,17607.280976,251532
97,17607.280976,254156
98,17607.280976,256780
99,17603.883806,259404
100,17603.883806,262028
101,17603.883806,264652
102,17603.883806,267276
103,17603.883806,269900
104,17603.883806,272524
105,17603.883806,275148
106,17603.883806,277772
107,17603.883806,280396
108,17603.883806,283020
109,17603.883806,285644
110,17603.883806,288268
111,17603.883806,290892
112,17602.151778,293516
113,17601.181888,296140
114,17601.181888,298764
115,17601.181888,301388
116,17601.181888,304012
117,17601.181888,306636
118,17601.181888,309260
119,17601.181888,311884
120,17601.181888,314508
121,17601.181888,317132
122,17601.181888,319756
123,17601.181888,322380
124,17601.181888,325004
125,17600.202236,327628
126,17600.202236,330252
127,17600.202236,332876
128,17600.202236,335500
129,17600.202236,338124
130,17600.202236,340748
131,17600.202236,343372
132,17600.202236,345996
133,17600.202236,348620
134,17600.202236,351244
135,17600.202236,353868
136,17600.202236,356492
137,17600.202236,359116
138,17600.202236,361740
139,17600.202236,364364
140,17600.202236,366988
141,17600.202236,369612
142,17600.202236,372236
143,17599.268596,374860
144,17599.268596,377484
145,17599.268596,380108
146,17599.268596,382732
147,17599.268596,385356
148,17599.268596,387980
149,17599.268596,390604
150,17599.268596,393228
151,17599.268596,395852
152,17599.268596,398476
153,17599.268596,401100
154,17599.268596,403724
155,17599.268596,406348
156,17599.268596,408972
157,17599.268596,411596
158,17599.268596,414220
159,17599.268596,416844
160,17599.268596,419468
161,17599.268596,422092
162,17599.268596,424716
163,17598.481155,427340
164,17598.481155,429964
165,17598.481155,432588
166,17598.481155,435212
167,17598.481155,437836
168,17598.481155,440460
169,17598.481155,443084
170,17598.481155,445708
171,17598.481155,448332
172,17598.481155,450956
173,17598.481155,453580
174,17598.481155,456204
175,17598.481155,458828
176,17598.481155,461452
177,17598.481155,464076
178,17598.481155,466700
179,17598.481155,469324
180,17598.481155,471948
181,17598.481155,474572
182,17598.481155,477196
183,17598.481155,479820
184,17598.481155,482444
185,17598.481155,485068
186,17598.481155,487692
187,17598.481155,490316
188,17598.481155,492940
189,17598.153033,495564
190,17598.153033,498188
191,17598.153033,500812
192,17598.153033,503436
193,17598.153033,506060
194,17598.153033,508684
195,17598.153033,511308
196,17598.153033,513932
197,17598.153033,516556
198,17598.153033,519180
199,17598.153033,521804
200,17598.153033,524428
201,17597.870718,527052
202,17597.870718,529676
203,17597.870718,532300
204,17597.870718,534924
205,17597.337942,537548
206,17597.337942,540172
207,17596.624014,542796
208,17596.624014,545420
209,17596.624014,548044
210,17596.624014,550668
211,17596.624014,553292
212,17596.624014,555916
213,17596.624014,558540
214,17596.624014,561164
215,17596.624014,563788
216,17596.624014,566412
217,17596.624014,569036
218,17596.624014,571660
219,17596.624014,574284
220,17596.624014,576908
221,17596.624014,579532
222,17596.624014,582156
223,17596.624014,584780
224,17596.624014,587404
225,17596.624014,590028
226,17596.624014,592652
227,17596.624014,595276
228,17596.624014,597900
229,17596.327308,600524
230,17596.327308,603148
231,17596.327308,605772
232,17596.327308,608396
233,17596.327308,611020
234,17596.327308,613644
235,17596.327308,616268
236,17596.327308,618892
237,17596.327308,621516
238,17596.327308,624140
239,17596.327308,626764
240,17596.327308,629388
241,17595.332021,632012
242,17595.332021,634636
243,17595.332021,637260
244,17595.332021,639884
245,17595.332021,642508
246,17595.332021,645132
247,17595.332021,647756
248,17595.235214,650380
249,17595.235214,653004
250,17595.235214,655628
251,17595.235214,658252
252,17595.235214,660876
253,17595.235214,663500
254,17595.235214,666124
255,17595.235214,668748
256,17595.235214,671372
257,17595.235214,673990
258,17595.235214,676608
259,17595.235214,679226
260,17595.235214,681844
261,17595.235214,684462
262,17595.235214,687080
263,17595.235214,689698
264,17595.235214,692316
265,17595.235214,694934
266,17595.235214,697552
267,17595.235214,700170
268,17595.235214,702789
269,17595.235214,705413
270,17595.235214,708037
271,17595.235214,710661
272,17595.235214,713285
273,17595.235214,715909
274,17595.235214,718533
275,17595.235214,721157
276,17595.235214,723781
277,17595.235214,726405
278,17595.235214,729029
279,17595.235214,731653
280,17595.235214,734277
281,17595.235214,736901
282,17595.235214,739525
283,17595.235214,742149
284,17595.235214,744773
285,17595.235214,747397
286,17595.235214,750021
287,17595.235214,752645
288,17595.235214,755269
289,17595.235214,757893
290,17595.235214,760517
291,17595.235214,763141
292,17595.235214,765765
293,17595.235214,768389
294,17595.235214,771013
295,17595.235214,773637
296,17595.235214,776261
297,17594.940479,778885
298,17594.940479,781509
299,17594.940479,784133
300,17594.940479,786757
301,17594.940479,789381
302,17594.940479,792005
303,17594.940479,794629
304,17594.940479,797253
305,17594.940479,799877
306,17594.940479,802501
307,17594.940479,805125
308,17594.940479,807749
309,17594.940479,810373
310,17594.940479,812997
311,17594.940479,815621
312,17594.940479,818245
17594.940479,84.652730
1,19523.562536,2376
2,18789.887121,5023
3,18591.093395,7669
4,18200.925764,10311
5,18131.343780,12947
6,17878.609720,15569
7,17874.303152,18185
8,17828.891319,20804
9,17772.643714,23439
10,17741.156426,26075
11,17741.156426,28713
12,17740.381798,31351
13,17740.381798,33992
14,17740.381798,36634
15,17710.787831,39276
16,17709.198550,41918
17,17688.872884,44560
18,17683.706407,47202
19,17666.339673,49844
20,17666.339673,52485
21,17666.339673,55127
22,17662.986860,57769
23,17650.450167,60409
24,17647.565160,63049
25,17638.472579,65689
26,17638.472579,68330
27,17634.101254,70972
28,17628.108843,73614
29,17628.108843,76256
30,17628.108843,78898
31,17628.108843,81540
32,17628.108843,84183
33,17628.108843,86826
34,17628.108843,89469
35,17628.108843,92112
36,17628.108843,94755
37,17628.108843,97399
38,17628.108843,100042
39,17628.108843,102686
40,17628.108843,105330
41,17624.101124,107974
42,17624.101124,110618
43,17623.075563,113262
44,17623.075563,115907
45,17623.075563,118553
46,17622.422002,121199
47,17622.422002,123845
48,17620.466170,126491
49,17620.466170,129136
50,17620.466170,131780
51,17620.466170,134424
52,17620.466170,137069
53,17620.466170,139714
54,17619.821970,142359
55,17619.821970,145004
56,17618.946211,147649
57,17618.946211,150294
58,17618.946211,152938
59,17618.499417,155582
60,17617.302989,158227
61,17617.302989,160872
62,17617.302989,163517
63,17617.302989,166162
64,17617.302989,168807
65,17617.302989,171452
66,17617.302989,174097
67,17616.667419,176742
68,17616.667419,179387
69,17616.667419,182032
70,17616.667419,184677
71,17616.667419,187322
72,17616.667419,189968
73,17614.438775,192614
74,17614.438775,195260
75,17614.438775,197906
76,17614.438775,200552
77,17614.438775,203198
78,17614.438775,205845
79,17614.438775,208492
80,17614.438775,211139
81,17614.438775,213786
82,17614.438775,216433
83,17614.438775,219080
84,17614.438775,221727
85,17614.438775,224374
86,17614.438775,227021
87,17614.438775,229668
88,17611.486188,232315
89,17611.486188,234962
90,17611.486188,237609
91,17611.486188,240256
92,17611.486188,242903
93,17611.486188,245550
94,17611.486188,248197
95,17611.486188,250844
96,17611.486188,253491
97,17611.486188,256138
98,17610.009236,258785
99,17610.009236,261432
100,17610.009236,264079
101,17610.009236,266726
102,17610.009236,269373
103,17610.009236,272020
104,17610.009236,274667
105,17610.009236,277314
106,17610.009236,279961
107,17610.009236,282608
108,17610.009236,285255
109,17610.009236,287902
110,17610.009236,290549
111,17609.820136,293196
112,17608.562443,295843
113,17608.562443,298490
114,17608.562443,301137
115,17608.562443,303784
116,17607.895750,306431
117,17607.895750,309078
118,17607.895750,311725
119,17607.895750,314372
120,17607.895750,317019
121,17607.895750,319666
122,17607.895750,322313
123,17607.895750,324960
124,17607.895750,327607
125,17607.895750,330254
126,17607.895750,332901
127,17607.895750,335548
128,17607.895750,338195
129,17607.895750,340842
130,17607.895750,343489
131,17607.895750,346136
132,17607.612026,348783
133,17607.612026,351430
134,17607.612026,354077
135,17607.612026,356724
136,17607.612026,359371
137,17607.612026,362018
138,17607.612026,364665
139,17607.612026,367312
140,17607.612026,369959
141,17607.612026,372606
142,17607.612026,375253
143,17607.612026,377900
144,17607.612026,380547
145,17607.612026,383194
146,17607.612026,385841
147,17607.612026,388488
148,17607.612026,391135
149,17607.612026,393782
150,17607.612026,396429
151,17607.612026,399076
152,17607.612026,401723
153,17607.612026,404370
154,17607.612026,407017
155,17607.612026,409664
156,17607.612026,412311
157,17606.893430,414958
158,17606.893430,417605
159,17606.893430,420252
160,17606.893430,422899
161,17606.893430,425546
162,17606.893430,428193
163,17606.893430,430840
164,17606.893430,433487
165,17606.893430,436134
166,17606.893430,438781
167,17606.893430,441428
168,17606.893430,444075
169,17606.893430,446722
170,17606.893430,449369
171,17606.893430,452016
172,17606.893430,454663
173,17606.893430,457310
174,17606.893430,459957
175,17606.893430,462604
176,17606.893430,465251
177,17606.893430,467898
178,17606.893430,470545
179,17606.893430,473192
180,17606.893430,475839
181,17606.893430,478486
182,17606.893430,481133
183,17606.893430,483780
184,17606.893430,486427
185,17606.142894,489074
186,17606.142894,491721
187,17606.142894,494368
188,17606.142894,497015
189,17606.142894,499662
190,17606.142894,502309
191,17606.142894,504956
192,17606.142894,507603
193,17606.142894,510250
194,17606.142894,512897
195,17606.142894,515544
196,17606.142894,518191
197,17606.142894,520838
198,17606.142894,523485
199,17606.142894,526132
200,17606.142894,528779
201,17606.142894,531426
202,17606.142894,534073
203,17606.142894,536720
204,17606.142894,539367
205,17606.142894,542014
206,17606.142894,544661
207,17606.142894,547308
208,17606.142894,549955
209,17606.142894,552602
210,17606.142894,555249
211,17606.142894,557896
212,17606.142894,560543
213,17606.142894,563190
214,17606.142894,565837
215,17606.142894,568484
216,17606.142894,571131
217,17606.142894,573778
218,17606.142894,576425
219,17606.142894,579072
220,17606.142894,581719
221,17606.142894,584366
222,17606.142894,587013
223,17606.142894,589660
224,17606.142894,592307
225,17606.142894,594954
226,17606.142894,597601
227,17606.142894,600248
228,17606.142894,602895
229,17606.142894,605542
230,17606.142894,608189
231,17606.142894,610836
232,17606.142894,613483
233,17606.142894,616130
234,17606.142894,618777
235,17606.142894,621424
236,17606.142894,624071
237,17606.142894,626718
238,17606.142894,629365
239,17606.142894,632012
240,17606.142894,634659
241,17606.142894,637306
242,17606.142894,639953
243,17606.142894,642600
244,17606.142894,645247
245,17606.142894,647894
246,17606.142894,650541
247,17606.142894,653188
248,17606.142894,655835
249,17606.142894,658482
250,17606.142894,661129
251,17606.142894,663776
252,17606.142894,666423
253,17606.142894,669070
254,17606.142894,671717
255,17606.142894,674364
256,17606.142894,677011
257,17606.142894,679658
258,17606.142894,682305
259,17606.142894,684952
260,17606.142894,687599
261,17606.142894,690246
262,17606.142894,692893
263,17606.142894,695540
264,17606.142894,698187
265,17606.142894,700834
266,17606.142894,703481
267,17606.142894,706128
268,17606.142894,708775
269,17606.142894,711422
270,17606.142894,714069
271,17606.142894,716716
272,17606.142894,719363
273,17606.142894,722010
274,17606.142894,724657
275,17606.142894,727304
276,17606.142894,729951
277,17606.142894,732598
278,17606.142894,735245
279,17606.142894,737892
280,17606.142894,740539
281,17606.142894,743186
282,17606.142894,745833
283,17606.142894,748480
284,17606.142894,751127
285,17606.142894,753774
286,17606.142894,756421
287,17606.142894,759068
288,17606.142894,761715
289,17606.142894,764362
290,17606.142894,767009
291,17606.142894,769656
292,17606.142894,772303
293,17606.142894,774950
294,17606.142894,777597
295,17606.142894,780244
296,17606.142894,782891
297,17606.142894,785538
298,17606.142894,788185
299,17606.142894,790832
300,17606.142894,793479
301,17606.142894,796126
302,17605.298672,798773
303,17605.298672,801420
304,17605.298672,804067
305,17605.298672,806714
306,17605.298672,809361
307,17605.298672,812008
308,17605.298672,814655
309,17605.298672,817302
17605.298672,83.190702
1,19442.143216,2376
2,18729.584245,5001
3,18488.157998,7624
4,18488.157998,10244
5,18128.835232,12859
6,18001.462186,15469
7,18001.462186,18078
8,17785.250742,20683
9,17748.223426,23291
10,17738.432098,25911
11,17738.432098,28532
12,17709.477205,31155
13,17693.337405,33779
14,17693.337405,36402
15,17682.537330,39026
16,17673.719234,41651
17,17667.337570,44274
18,17638.211884,46896
19,17638.211884,49519
20,17630.473177,52142
21,17630.473177,54765
22,17628.178492,57388
23,17624.782677,60011
24,17621.957826,62633
25,17621.957826,65255
26,17621.957826,67877
27,17618.736724,70499
28,17618.736724,73121
29,17618.736724,75744
30,17618.736724,78367
31,17618.316463,80990
32,17618.316463,83613
33,17618.098796,86237
34,17617.806962,88861
35,17617.806962,91485
36,17617.806962,94109
37,17617.806962,96733
38,17617.806962,99356
39,17617.806962,101979
40,17615.945414,104602
41,17615.945414,107226
42,17615.945414,109850
43,17615.945414,112474
44,17615.945414,115094
45,17615.945414,117714
46,17615.945414,120334
47,17615.588003,122955
48,17615.588003,125576
49,17615.006293,128197
50,17615.006293,130820
51,17615.006293,133443
52,17615.006293,136066
53,17615.006293,138689
54,17615.006293,141312
55,17615.006293,143935
56,17615.006293,146558
57,17615.006293,149182
58,17615.006293,151807
59,17615.006293,154432
60,17615.006293,157056
61,17615.006293,159680
62,17615.006293,162305
63,17615.006293,164930
64,17615.006293,167555
65,17615.006293,170180
66,17615.006293,172805
67,17615.006293,175430
68,17615.006293,178055
69,17615.006293,180680
70,17615.006293,183305
71,17615.006293,185930
72,17612.093475,188555
73,17612.093475,191180
74,17612.093475,193805
75,17612.093475,196430
76,17612.093475,199055
77,17611.948969,201680
78,17611.948969,204305
79,17611.948969,206930
80,17611.948969,209555
81,17611.948969,212180
82,17611.948969,214805
83,17611.948969,217430
84,17611.948969,220055
85,17611.948969,222680
86,17611.203162,225305
87,17611.203162,227930
88,17611.203162,230555
89,17611.203162,233180
90,17611.203162,235805
91,17611.203162,238430
92,17611.203162,241055
93,17611.203162,243680
94,17611.203162,246305
95,17611.203162,248930
96,17611.203162,251555
97,17611.203162,254180
98,17611.203162,256805
99,17611.203162,259430
100,17611.203162,262055
101,17611.203162,264680
102,17611.203162,267305
103,17611.203162,269930
104,17611.203162,272555
105,17610.402180,275180
106,17610.402180,277805
107,17610.402180,280430
108,17610.402180,283055
109,17610.402180,285680
110,17610.402180,288305
111,17610.402180,290930
112,17610.402180,293555
113,17610.402180,296180
114,17610.402180,298805
115,17610.402180,301430
116,17610.402180,304055
117,17608.950055,306680
118,17608.950055,309305
119,17608.950055,311930
120,17608.950055,314555
121,17608.950055,317180
122,17608.950055,319805
123,17608.950055,322430
124,17608.950055,325055
125,17608.950055,327680
126,17608.950055,330305
127,17608.950055,332930
128,17608.950055,335555
129,17608.950055,338180
130,17608.950055,340805
131,17608.950055,343430
132,17608.950055,346055
133,17608.950055,348680
134,17608.950055,351305
135,17608.950055,353930
136,17608.950055,356555
137,17608.950055,359180
138,17608.950055,361805
139,17608.950055,364430
140,17608.950055,367055
141,17608.950055,369680
142,17608.950055,372305
143,17608.950055,374930
144,17608.950055,377555
145,17608.950055,380180
146,17608.950055,382805
147,17608.950055,385430
148,17608.950055,388055
149,17608.950055,390680
150,17608.950055,393305
151,17608.950055,395930
152,17608.950055,398555
153,17608.950055,401180
154,17608.950055,403805
155,17608.950055,406430
156,17608.950055,409055
157,17608.950055,411680
158,17608.950055,414305
159,17608.950055,416930
160,17608.950055,419555
161,17608.950055,422180
162,17608.950055,424805
163,17608.950055,427430
164,17608.950055,430055
165,17608.950055,432680
166,17608.950055,435305
167,17608.950055,437930
168,17608.950055,440555
169,17608.950055,443180
170,17608.950055,445805
171,17608.950055,448430
172,17608.950055,451055
173,17605.880818,453680
174,17605.880818,456305
175,17605.880818,458930
176,17605.880818,461555
177,17605.880818,464180
178,17605.880818,466805
179,17605.880818,469430
180,17605.880818,472055
181,17605.880818,474680
182,17605.880818,477305
183,17605.880818,479930
184,17605.880818,482555
185,17605.880818,485180
186,17605.757543,487805
187,17605.757543,490430
188,17605.757543,493055
189,17605.757543,495680
190,17605.757543,498305
191,17605.757543,500930
192,17605.757543,503555
193,17605.757543,506180
194,17605.757543,508805
195,17605.757543,511430
196,17605.757543,514055
197,17605.757543,516680
198,17605.757543,519305
199,17605.757543,521930
200,17605.757543,524555
201,17605.757543,527180
202,17605.757543,529805
203,17605.757543,532430
204,17605.757543,535055
205,17605.757543,537680
206,17605.757543,540305
207,17605.757543,542930
208,17605.757543,545555
209,17605.757543,548180
210,17605.757543,550805
211,17605.757543,553430
212,17605.757543,556055
213,17605.757543,558680
214,17604.966719,561305
215,17604.966719,563930
216,17604.966719,566555
217,17604.966719,569180
218,17604.966719,571805
219,17604.966719,574430
220,17604.966719,577055
221,17604.966719,579680
222,17604.966719,582305
223,17604.966719,584930
224,17604.966719,587555
225,17604.966719,590180
226,17604.966719,592805
227,17604.966719,595430
228,17604.966719,598055
229,17604.966719,600680
230,17604.966719,603305
231,17604.966719,605930
232,17604.966719,608555
233,17604.966719,611180
234,17604.966719,613805
235,17604.966719,616430
236,17604.966719,619055
237,17604.966719,621680
238,17604.966719,624305
239,17604.966719,626930
240,17604.966719,629555
241,17604.966719,632180
242,17604.966719,634805
243,17604.966719,637430
244,17604.966719,640055
245,17604.966719,642680
246,17604.966719,645305
247,17604.966719,647930
248,17604.966719,650555
249,17604.966719,653180
250,17604.966719,655805
251,17604.966719,658430
252,17604.966719,661055
253,17604.966719,663680
254,17604.966719,666305
255,17604.966719,668930
256,17604.966719,671555
257,17604.966719,674180
258,17604.966719,676805
259,17604.966719,679430
260,17604.966719,682055
261,17604.966719,684680
262,17604.966719,687305
263,17604.966719,689930
264,17604.966719,692555
265,17604.966719,695180
266,17604.966719,697805
267,17604.966719,700430
268,17604.966719,703055
269,17604.966719,705680
270,17604.966719,708305
271,17604.966719,710930
272,17604.966719,713555
273,17604.966719,716180
274,17604.966719,718805
275,17604.966719,721430
276,17604.966719,724055
277,17604.966719,726680
278,17604.966719,729305
279,17604.966719,731930
280,17604.966719,734555
281,17604.966719,737180
282,17604.966719,739805
283,17604.966719,742430
284,17604.966719,745055
285,17604.966719,747680
286,17604.966719,750305
287,17604.966719,752930
288,17604.966719,755555
289,17604.966719,758180
290,17604.966719,760805
291,17604.966719,763430
292,17604.966719,766055
293,17604.966719,768680
294,17604.966719,771305
295,17604.966719,773930
296,17604.966719,776555
297,17604.966719,779180
298,17604.966719,781805
299,17604.966719,784430
300,17604.966719,787055
301,17604.966719,789680
302,17604.966719,792305
303,17604.966719,794930
304,17604.966719,797555
305,17604.966719,800180
306,17604.966719,802805
307,17604.966719,805430
308,17604.966719,808055
309,17604.966719,810680
310,17604.966719,813305
311,17604.966719,815930
312,17604.966719,818555
17604.966719,84.603168
1,19602.749427,2376
2,18783.904157,5000
3,18406.686426,7624
4,18208.545915,10243
5,18052.175629,12857
6,17938.777175,15464
7,17838.209997,18074
8,17789.939279,20683
9,17783.717303,23300
10,17760.968054,25920
11,17733.887968,28538
12,17725.261251,31162
13,17725.261251,33786
14,17701.616435,36409
15,17688.548510,39033
16,17678.938548,41657
17,17678.938548,44281
18,17672.757175,46905
19,17667.625040,49529
20,17665.190298,52153
21,17665.190298,54777
22,17665.190298,57401
23,17665.190298,60025
24,17658.515678,62649
25,17658.515678,65273
26,17655.035021,67897
27,17637.555902,70521
28,17637.555902,73145
29,17636.697975,75769
30,17634.183294,78393
31,17634.183294,81017
32,17630.654246,83641
33,17626.272437,86265
34,17626.272437,88889
35,17626.272437,91513
36,17626.272437,94137
37,17625.289686,96761
38,17623.991743,99385
39,17623.991743,102009
40,17623.991743,104633
41,17623.991743,107257
42,17623.991743,109881
43,17622.559292,112505
44,17622.559292,115129
45,17622.559292,117753
46,17622.559292,120377
47,17620.198298,123001
48,17620.198298,125625
49,17620.198298,128250
50,17620.198298,130875
51,17620.198298,133500
52,17620.198298,136125
53,17618.848652,138750
54,17618.848652,141375
55,17618.848652,144000
56,17618.848652,146624
57,17618.848652,149249
58,17616.050800,151874
59,17614.801840,154499
60,17614.801840,157124
61,17614.801840,159749
62,17614.598278,162374
63,17614.096312,164999
64,17614.096312,167624
65,17614.096312,170249
66,17614.035568,172874
67,17614.035568,175499
68,17614.035568,178124
69,17614.035568,180749
70,17614.035568,183374
71,17613.032427,185999
72,17613.032427,188624
73,17613.032427,191249
74,17613.032427,193874
75,17613.032427,196499
76,17613.032427,199124
77,17611.474052,201749
78,17610.705781,204374
79,17610.705781,206999
80,17610.705781,209624
81,17610.705781,212249
82,17610.705781,214874
83,17610.192020,217499
84,17610.192020,220124
85,17610.192020,222749
86,17610.192020,225374
87,17610.192020,227999
88,17610.192020,230625
89,17610.192020,233251
90,17610.192020,235877
91,17607.556016,238503
92,17607.556016,241129
93,17607.556016,243755
94,17607.556016,246381
95,17607.556016,249007
96,17607.556016,251633
97,17607.556016,254259
98,17606.074022,256885
99,17606.074022,259511
100,17606.074022,262137
101,17603.536324,264763
102,17603.082642,267389
103,17603.082642,270015
104,17603.082642,272641
105,17603.082642,275267
106,17603.082642,277893
107,17603.082642,280519
108,17603.082642,283145
109,17603.082642,285771
110,17603.082642,288397
111,17601.887177,291023
112,17601.887177,293649
113,17601.887177,296275
114,17601.887177,298901
115,17601.887177,301527
116,17601.887177,304153
117,17601.887177,306779
118,17601.887177,309405
119,17601.887177,312031
120,17601.887177,314657
121,17601.887177,317283
122,17601.887177,319909
123,17601.887177,322535
124,17601.887177,325161
125,17601.887177,327787
126,17599.620285,330413
127,17599.620285,333039
128,17599.620285,335665
129,17599.620285,338291
130,17599.620285,340917
131,17599.620285,343543
132,17599.620285,346169
133,17599.620285,348795
134,17599.620285,351421
135,17599.620285,354047
136,17599.620285,356673
137,17599.620285,359299
138,17599.620285,361925
139,17599.620285,364551
140,17599.620285,367177
141,17599.620285,369803
142,17599.620285,372429
143,17599.620285,375055
144,17599.620285,377681
145,17599.620285,380307
146,17599.620285,382933
147,17599.620285,385559
148,17599.620285,388185
149,17599.620285,390811
150,17599.620285,393437
151,17599.620285,396063
152,17599.620285,398689
153,17599.620285,401315
154,17599.620285,403941
155,17599.620285,406567
156,17599.620285,409193
157,17599.620285,411819
158,17599.620285,414445
159,17599.620285,417071
160,17599.620285,419697
161,17599.406084,422323
162,17599.406084,424949
163,17599.406084,427575
164,17599.406084,430201
165,17599.406084,432827
166,17599.406084,435453
167,17599.406084,438079
168,17599.406084,440705
169,17599.406084,443331
170,17599.406084,445957
171,17599.406084,448583
172,17599.406084,451209
173,17599.406084,453835
174,17599.406084,456461
175,17599.406084,459087
176,17599.406084,461713
177,17599.406084,464339
178,17599.406084,466965
179,17599.406084,469591
180,17599.406084,472217
181,17599.406084,474843
182,17599.406084,477469
183,17599.406084,480095
184,17599.406084,482721
185,17599.406084,485347
186,17599.406084,487973
187,17599.406084,490599
188,17599.406084,493225
189,17599.406084,495851
190,17599.406084,498477
191,17599.406084,501103
192,17599.406084,503729
193,17599.406084,506355
194,17599.406084,508981
195,17597.519996,511607
196,17597.519996,514233
197,17597.519996,516859
198,17597.519996,519485
199,17597.519996,522111
200,17597.519996,524737
201,17597.519996,527363
202,17597.519996,529989
203,17597.519996,532615
204,17597.519996,535241
205,17597.519996,537867
206,17597.519996,540493
207,17597.519996,543119
208,17596.210616,545745
209,17596.210616,548371
210,17596.210616,550997
211,17595.466350,553623
212,17595.466350,556249
213,17595.466350,558875
214,17595.466350,561501
215,17595.466350,564127
216,17595.466350,566753
217,17595.466350,569379
218,17595.466350,572005
219,17595.466350,574631
220,17595.466350,577257
221,17595.466350,579883
222,17595.466350,582509
223,17595.466350,585135
224,17595.466350,587761
225,17595.466350,590387
226,17595.466350,593013
227,17595.466350,595639
228,17595.466350,598265
229,17595.466350,600891
230,17595.466350,603517
231,17595.466350,606143
232,17595.466350,608769
233,17595.466350,611395
234,17595.466350,614021
235,17595.466350,616647
236,17595.466350,619273
237,17595.466350,621899
238,17595.466350,624525
239,17595.466350,627151
240,17595.466350,629777
241,17595.466350,632403
242,17595.466350,635029
243,17595.466350,637655
244,17595.466350,640281
245,17595.466350,642907
246,17595.466350,645533
247,17595.466350,648159
248,17595.466350,650785
249,17595.237724,653411
250,17595.237724,656037
251,17595.237724,658663
252,17595.237724,661289
253,17595.237724,663915
254,17595.237724,666541
255,17595.237724,669167
256,17595.237724,671793
257,17595.237724,674419
258,17595.237724,677045
259,17595.237724,679671
260,17595.237724,682297
261,17595.237724,684923
262,17595.237724,687549
263,17595.237724,690175
264,17595.237724,692801
265,17595.237724,695427
266,17595.237724,698053
267,17595.237724,700679
268,17595.237724,703305
269,17595.237724,705931
270,17595.237724,708557
271,17595.237724,711183
272,17595.237724,713809
273,17595.237724,716435
274,17595.237724,719061
275,17595.237724,721687
276,17595.237724,724313
277,17595.237724,726939
278,17595.237724,729565
279,17595.237724,732191
280,17595.237724,734817
281,17595.237724,737443
282,17595.237724,740069
283,17595.099328,742695
284,17595.099328,745321
285,17595.099328,747947
286,17595.099328,750573
287,17595.099328,753199
288,17595.099328,755825
289,17595.099328,758451
290,17595.099328,761077
291,17595.099328,763703
292,17595.099328,766329
293,17595.099328,768955
294,17595.099328,771581
295,17595.099328,774207
296,17595.099328,776833
297,17595.099328,779459
298,17595.099328,782085
299,17595.099328,784711
300,17595.099328,787337
301,17595.099328,789963
302,17595.099328,792589
303,17595.099328,795215
304,17595.099328,797841
305,17595.099328,800467
306,17595.099328,803093
307,17595.099328,805719
308,17595.099328,808345
309,17595.099328,810971
310,17595.099328,813597
311,17595.099328,816223
312,17595.099328,818849
17595.099328,83.500480
1,19489.635954,2376
2,18864.458415,5006
3,18403.526733,7635
4,18233.300779,10260
5,18064.468043,12879
6,17923.676124,15492
7,17829.725582,18093
8,17781.617321,20704
9,17757.021453,23325
10,17756.651061,25951
11,17724.007383,28575
12,17724.007383,31201
13,17695.938396,33829
14,17694.167538,36456
15,17677.508417,39084
16,17671.948815,41712
17,17664.481715,44340
18,17664.481715,46968
19,17664.481715,49597
20,17664.481715,52226
21,17656.487335,54855
22,17656.487335,57484
23,17650.248030,60114
24,17647.215551,62743
25,17647.215551,65372
26,17644.843817,68001
27,17644.843817,70630
28,17644.843817,73259
29,17636.380596,75888
30,17636.380596,78516
31,17636.380596,81144
32,17625.425942,83773
33,17625.425942,86402
34,17625.425942,89031
35,17625.425942,91660
36,17625.425942,94289
37,17625.425942,96918
38,17625.425942,99547
39,17625.425942,102176
40,17625.425942,104806
41,17618.652972,107436
42,17618.652972,110067
43,17618.652972,112698
44,17618.652972,115329
45,17618.652972,117959
46,17615.276552,120590
47,17615.276552,123221
48,17615.276552,125852
49,17615.227985,128483
50,17615.227985,131114
51,17615.227985,133745
52,17615.227985,136376
53,17615.227985,139007
54,17615.227985,141638
55,17615.227985,144269
56,17615.227985,146900
57,17608.913250,149532
58,17607.885605,152164
59,17607.885605,154796
60,17606.788940,157428
61,17606.788940,160060
62,17606.788940,162692
63,17606.788940,165324
64,17606.788940,167956
65,17606.788940,170588
66,17606.788940,173220
67,17606.788940,175852
68,17604.842739,178484
69,17604.842739,181115
70,17604.842739,183746
71,17604.842739,186377
72,17604.842739,189008
73,17604.842739,191639
74,17604.842739,194270
75,17600.353922,196901
76,17600.353922,199532
77,17600.353922,202164
78,17600.353922,204796
79,17600.353922,207428
80,17600.353922,210060
81,17600.353922,212692
82,17600.353922,215324
83,17600.353922,217956
84,17594.155848,220588
85,17594.155848,223220
86,17594.155848,225852
87,17594.155848,228484
88,17594.155848,231116
89,17594.155848,233748
90,17594.155848,236379
91,17594.155848,239010
92,17594.155848,241641
93,17594.155848,244272
94,17594.155848,246903
95,17594.155848,249535
96,17592.968112,252167
97,17591.592972,254799
98,17591.592972,257431
99,17591.373578,260063
100,17591.373578,262695
101,17590.850909,265327
102,17590.850909,267959
103,17590.850909,270591
104,17590.850909,273223
105,17590.850909,275855
106,17590.850909,278487
107,17590.850909,281119
108,17590.850909,283751
109,17590.850909,286383
110,17590.850909,289015
111,17590.850909,291647
112,17590.850909,294279
113,17590.850909,296911
114,17590.850909,299543
115,17590.850909,302175
116,17590.850909,304807
117,17590.850909,307439
118,17590.850909,310071
119,17590.850909,312703
120,17590.850909,315335
121,17590.850909,317967
122,17590.850909,320599
123,17590.850909,323231
124,17589.266613,325863
125,17589.266613,328495
126,17589.266613,331127
127,17589.266613,333759
128,17589.266613,336391
129,17589.266613,339023
130,17589.266613,341655
131,17588.124128,344287
132,17587.394073,346919
133,17587.394073,349551
134,17587.394073,352183
135,17587.394073,354815
136,17587.013405,357447
137,17587.013405,360079
138,17587.013405,362711
139,17587.013405,365343
140,17587.013405,367975
141,17587.013405,370607
142,17587.013405,373239
143,17587.013405,375871
144,17587.013405,378503
145,17587.013405,381135
146,17587.013405,383767
147,17587.013405,386399
148,17587.013405,389031
149,17587.013405,391663
150,17587.013405,394295
151,17587.013405,396927
152,17587.013405,399559
153,17587.013405,402191
154,17587.013405,404823
155,17587.013405,407455
156,17587.013405,410087
157,17586.191754,412719
158,17586.191754,415351
159,17586.191754,417983
160,17586.191754,420615
161,17586.191754,423247
162,17586.191754,425879
163,17586.191754,428511
164,17586.191754,431143
165,17586.191754,433775
166,17586.191754,436407
167,17586.191754,439039
168,17586.191754,441671
169,17586.191754,444303
170,17586.191754,446935
171,17586.191754,449567
172,17586.191754,452199
173,17586.191754,454831
174,17586.191754,457463
175,17586.191754,460095
176,17586.191754,462727
177,17586.191754,465359
178,17586.191754,467991
179,17586.191754,470623
180,17586.191754,473255
181,17586.191754,475887
182,17586.191754,478519
183,17586.191754,481151
184,17586.191754,483783
185,17586.191754,486415
186,17586.191754,489047
187,17586.191754,491679
188,17586.191754,494311
189,17586.191754,496943
190,17586.191754,499575
191,17586.191754,502207
192,17586.191754,504839
193,17586.191754,507471
194,17586.191754,510103
195,17586.191754,512735
196,17586.191754,515367
197,17586.191754,517999
198,17586.191754,520631
199,17586.191754,523263
200,17586.191754,525895
201,17586.191754,528527
202,17586.191754,531159
203,17586.191754,533791
204,17586.191754,536423
205,17586.191754,539055
206,17586.191754,541687
207,17586.191754,544319
208,17586.191754,546951
209,17586.191754,549583
210,17586.191754,552215
211,17586.191754,554847
212,17586.191754,557479
213,17586.191754,560111
214,17586.191754,562743
215,17586.191754,565375
216,17586.191754,568007
217,17586.191754,570639
218,17586.191754,573271
219,17586.191754,575903
220,17586.191754,578535
221,17586.191754,581167
222,17586.191754,583799
223,17586.191754,586431
224,17586.191754,589063
225,17586.191754,591695
226,17586.191754,594327
227,17586.191754,596959
228,17586.191754,599591
229,17586.191754,602223
230,17586.191754,604855
231,17586.191754,607487
232,17586.191754,610119
233,17586.191754,612751
234,17586.191754,615383
235,17586.191754,618015
236,17586.191754,620647
237,17586.191754,623279
238,17586.191754,625911
239,17586.191754,628543
240,17586.191754,631175
241,17586.191754,633807
242,17586.191754,636439
243,17586.191754,639071
244,17586.191754,641703
245,17586.191754,644335
246,17586.191754,646967
247,17586.191754,649599
248,17586.191754,652231
249,17586.191754,654863
250,17586.191754,657495
251,17586.191754,660127
252,17586.191754,662759
253,17586.191754,665391
254,17586.191754,668023
255,17586.191754,670655
256,17586.191754,673287
257,17586.191754,675919
258,17586.191754,678551
259,17586.191754,681183
260,17586.191754,683815
261,17586.191754,686447
262,17586.191754,689079
263,17586.191754,691711
264,17586.191754,694343
265,17586.191754,696975
266,17586.191754,699607
267,17586.191754,702239
268,17586.191754,704871
269,17586.191754,707503
270,17586.191754,710135
271,17586.191754,712767
272,17586.191754,715399
273,17586.191754,718031
274,17586.191754,720663
275,17586.191754,723295
276,17586.191754,725927
277,17586.191754,728559
278,17586.191754,731191
279,17586.191754,733823
280,17586.191754,736455
281,17586.191754,739087
282,17586.191754,741719
283,17586.191754,744351
284,17586.191754,746983
285,17586.191754,749615
286,17586.191754,752247
287,17586.191754,754879
288,17586.191754,757511
289,17586.191754,760143
290,17586.191754,762775
291,17586.191754,765407
292,17586.191754,768039
293,17586.191754,770671
294,17586.191754,773303
295,17586.191754,775935
296,17586.191754,778567
297,17586.191754,781199
298,17586.191754,783831
299,17586.191754,786463
300,17586.191754,789095
301,17586.191754,791727
302,17586.191754,794359
303,17586.191754,796991
304,17586.191754,799623
305,17586.191754,802255
306,17586.191754,804887
307,17586.191754,807519
308,17586.191754,810151
309,17586.191754,812783
310,17586.191754,815415
311,17586.191754,818047
17586.191754,84.882803
1,19593.963170,2376
2,18723.341278,5035
3,18403.638864,7690
4,18403.638864,10341
5,18403.638864,12987
6,18089.224200,15626
7,18089.224200,18258
8,17782.623453,20902
9,17755.282777,23550
10,17755.282777,26201
11,17744.088653,28852
12,17732.302689,31509
13,17706.197848,34166
14,17699.131522,36823
15,17699.131522,39479
16,17699.131522,42136
17,17662.476445,44793
18,17658.010396,47450
19,17658.010396,50107
20,17658.010396,52764
21,17632.139023,55421
22,17631.407899,58079
23,17630.759916,60737
24,17623.797661,63395
25,17623.370958,66053
26,17623.370958,68711
27,17623.370958,71369
28,17617.458189,74027
29,17617.458189,76685
30,17617.458189,79343
31,17617.458189,82001
32,17614.906845,84659
33,17613.408677,87317
34,17612.860904,89975
35,17612.860904,92633
36,17612.860904,95291
37,17612.733887,97949
38,17610.916714,100607
39,17610.916714,103265
40,17610.916714,105923
41,17610.916714,108581
42,17610.916714,111239
43,17610.916714,113897
44,17610.916714,116555
45,17610.608357,119213
46,17609.985789,121871
47,17609.985789,124529
48,17609.985789,127187
49,17609.985789,129845
50,17607.115253,132503
51,17607.115253,135160
52,17607.115253,137817
53,17607.115253,140475
54,17607.115253,143133
55,17607.115253,145791
56,17607.115253,148450
57,17607.115253,151109
58,17607.115253,153768
59,17606.595981,156427
60,17606.595981,159086
61,17606.595981,161744
62,17606.595981,164402
63,17606.595981,167060
64,17606.595981,169718
65,17606.595981,172376
66,17606.595981,175034
67,17606.595981,177692
68,17606.595981,180351
69,17606.595981,183010
70,17606.595981,185669
71,17606.312424,188328
72,17605.532598,190987
73,17605.532598,193646
74,17605.532598,196305
75,17605.532598,198964
76,17605.532598,201623
77,17605.532598,204282
78,17605.532598,206941
79,17605.532598,209600
80,17605.532598,212259
81,17605.532598,214918
82,17602.418985,217577
83,17602.418985,220236
84,17602.418985,222895
85,17602.418985,225554
86,17602.418985,228213
87,17602.418985,230872
88,17602.418985,233531
89,17602.418985,236190
90,17602.418985,238849
91,17602.418985,241508
92,17602.418985,244167
93,17602.418985,246826
94,17602.418985,249485
95,17602.418985,252144
96,17602.418985,254803
97,17602.418985,257462
98,17602.418985,260121
99,17602.418985,262780
100,17602.418985,265439
101,17602.418985,268098
102,17601.759928,270757
103,17601.759928,273416
104,17601.759928,276075
105,17601.759928,278734
106,17601.759928,281393
107,17601.759928,284052
108,17601.759928,286711
109,17601.759928,289370
110,17601.759928,292029
111,17601.759928,294688
112,17601.759928,297347
113,17601.759928,300006
114,17601.759928,302665
115,17601.759928,305324
116,17601.759928,307983
117,17601.759928,310642
118,17601.759928,313301
119,17601.759928,315960
120,17598.979135,318619
121,17598.979135,321278
122,17598.979135,323937
123,17598.979135,326596
124,17598.979135,329255
125,17598.979135,331914
126,17598.979135,334573
127,17598.979135,337232
128,17598.979135,339891
129,17598.979135,342550
130,17598.979135,345209
131,17598.139877,347868
132,17598.139877,350527
133,17598.139877,353186
134,17598.139877,355845
135,17598.139877,358504
136,17598.139877,361163
137,17598.139877,363822
138,17598.139877,366481
139,17598.139877,369140
140,17598.139877,371799
141,17598.139877,374458
142,17598.139877,377117
143,17598.139877,379776
144,17598.139877,382435
145,17598.139877,385094
146,17598.139877,387753
147,17598.139877,390412
148,17598.139877,393071
149,17598.139877,395730
150,17598.139877,398389
151,17598.139877,401048
152,17598.139877,403707
153,17598.139877,406366
154,17598.139877,409025
155,17598.139877,411684
156,17598.139877,414343
157,17598.139877,417002
158,17598.031164,419661
159,17598.031164,422320
160,17598.031164,424979
161,17598.031164,427638
162,17598.031164,430297
163,17598.031164,432956
164,17598.031164,435615
165,17598.031164,438274
166,17598.031164,440933
167,17597.896541,443592
168,17597.896541,446251
169,17597.896541,448910
170,17597.896541,451569
171,17597.896541,454228
172,17597.896541,456887
173,17597.896541,459546
174,17597.896541,462205
175,17597.896541,464864
176,17597.896541,467523
177,17597.896541,470182
178,17597.896541,472841
179,17597.896541,475500
180,17597.896541,478159
181,17597.896541,480818
182,17597.896541,483477
183,17597.896541,486136
184,17597.896541,488795
185,17597.896541,491454
186,17597.896541,494113
187,17597.896541,496772
188,17597.896541,499431
189,17597.896541,502090
190,17597.896541,504749
191,17597.896541,507408
192,17597.896541,510067
193,17597.896541,512726
194,17597.896541,515385
195,17597.896541,518044
196,17597.896541,520703
197,17597.896541,523362
198,17597.896541,526021
199,17597.896541,528680
200,17597.896541,531339
201,17597.896541,533998
202,17597.896541,536657
203,17597.896541,539316
204,17597.896541,541975
205,17597.896541,544634
206,17597.896541,547293
207,17597.896541,549952
208,17597.896541,552611
209,17597.896541,555270
210,17597.896541,557929
211,17597.896541,560588
212,17597.896541,563247
213,17597.896541,565906
214,17597.896541,568565
215,17597.896541,571224
216,17597.896541,573883
217,17597.896541,576542
218,17597.896541,579201
219,17597.896541,581860
220,17597.896541,584519
221,17597.896541,587178
222,17597.896541,589837
223,17597.896541,592496
224,17597.896541,595155
225,17597.896541,597814
226,17597.896541,600473
227,17597.896541,603132
228,17597.896541,605791
229,17597.896541,608450
230,17597.896541,611109
231,17597.896541,613768
232,17597.896541,616427
233,17597.896541,619086
234,17597.896541,621745
235,17597.896541,624404
236,17597.896541,627063
237,17597.896541,629722
238,17597.896541,632381
239,17597.896541,635040
240,17597.896541,637699
241,17597.896541,640358
242,17597.896541,643017
243,17597.896541,645676
244,17597.896541,648335
245,17597.896541,650994
246,17597.896541,653653
247,17597.896541,656312
248,17597.896541,658971
249,17597.896541,661630
250,17597.896541,664289
251,17597.896541,666948
252,17597.896541,669607
253,17597.896541,672266
254,17597.896541,674925
255,17597.896541,677584
256,17597.896541,680243
257,17597.896541,682902
258,17597.896541,685561
259,17597.896541,688220
260,17597.896541,690879
261,17597.896541,693538
262,17597.896541,696197
263,17597.896541,698856
264,17597.896541,701515
265,17597.896541,704174
266,17597.896541,706833
267,17597.896541,709492
268,17597.896541,712151
269,17597.896541,714810
270,17597.896541,717469
271,17597.896541,720128
272,17597.896541,722787
273,17597.896541,725446
274,17597.896541,728105
275,17597.896541,730764
276,17597.896541,733423
277,17597.896541,736082
278,17597.896541,738741
279,17597.896541,741400
280,17597.896541,744059
281,17597.896541,746718
282,17597.896541,749377
283,17597.896541,752036
284,17597.896541,754695
285,17597.896541,757354
286,17597.896541,760013
287,17597.896541,762672
288,17597.896541,765331
289,17597.896541,767990
290,17597.896541,770649
291,17597.896541,773308
292,17597.896541,775967
293,17597.896541,778626
294,17597.896541,781285
295,17597.896541,783944
296,17597.896541,786603
297,17597.896541,789262
298,17597.896541,791921
299,17597.896541,794580
300,17597.896541,797239
301,17597.896541,799898
302,17597.896541,802557
303,17597.896541,805216
304,17597.896541,807875
305,17597.896541,810534
306,17597.896541,813193
307,17597.896541,815852
308,17597.896541,818511
17597.896541,83.835991
