1,18322.473101,2376
2,18200.196066,5035
3,18154.471176,7682
4,18076.690044,10325
5,17829.734701,12961
6,17781.005885,15601
7,17766.065055,18257
8,17752.632538,20915
9,17720.810805,23576
10,17716.810033,26239
11,17706.354117,28900
12,17706.354117,31564
13,17706.354117,34228
14,17706.354117,36892
15,17683.351634,39556
16,17663.884002,42220
17,17651.570486,44884
18,17645.322053,47548
19,17642.934332,50212
20,17635.958823,52876
21,17635.958823,55540
22,17632.411223,58204
23,17628.089715,60868
24,17623.060412,63529
25,17623.060412,66190
26,17623.060412,68850
27,17623.060412,71510
28,17621.458081,74169
29,17621.458081,76829
30,17621.458081,79489
31,17621.453188,82149
32,17621.453188,84810
33,17621.453188,87471
34,17621.453188,90132
35,17621.453188,92795
36,17621.453188,95458
37,17619.177633,98121
38,17619.177633,100784
39,17619.177633,103447
40,17619.177633,106110
41,17619.177633,108773
42,17619.177633,111436
43,17619.177633,114099
44,17619.177633,116762
45,17617.075401,119424
46,17617.075401,122086
47,17617.075401,124750
48,17617.075401,127415
49,17617.075401,130080
50,17616.485927,132745
51,17616.485927,135410
52,17616.485927,138075
53,17616.485927,140740
54,17616.485927,143405
55,17615.775145,146070
56,17615.775145,148735
57,17614.665412,151399
58,17614.665412,154064
59,17614.665412,156729
60,17614.469147,159394
61,17614.469147,162059
62,17614.469147,164724
63,17614.469147,167389
64,17614.469147,170054
65,17614.469147,172719
66,17614.469147,175384
67,17614.469147,178049
68,17614.469147,180714
69,17614.469147,183376
70,17614.469147,186039
71,17612.407168,188702
72,17612.407168,191365
73,17612.407168,194028
74,17612.407168,196691
75,17612.407168,199354
76,17612.407168,202018
77,17612.407168,204682
78,17612.407168,207346
79,17612.407168,210010
80,17612.407168,212674
81,17612.407168,215338
82,17612.407168,218002
83,17612.407168,220666
84,17612.407168,223330
85,17609.845015,225994
86,17609.845015,228658
87,17609.845015,231322
88,17609.845015,233987
89,17609.845015,236652
90,17609.845015,239317
91,17609.845015,241982
92,17609.845015,244647
93,17609.845015,247312
94,17609.845015,249977
95,17609.845015,252642
96,17609.845015,255307
97,17609.845015,257972
98,17609.845015,260637
99,17609.845015,263302
100,17609.845015,265967
101,17609.845015,268632
102,17609.845015,271297
103,17609.845015,273962
104,17609.845015,276627
105,17609.845015,279292
106,17609.845015,281957
107,17609.845015,284622
108,17609.549900,287287
109,17609.549900,289952
110,17609.549900,292617
111,17609.549900,295282
112,17609.549900,297947
113,17609.549900,300612
114,17609.549900,303277
115,17609.549900,305942
116,17609.549900,308607
117,17609.549900,311272
118,17609.549900,313937
119,17609.549900,316602
120,17609.549900,319267
121,17609.549900,321932
122,17609.549900,324597
123,17609.549900,327262
124,17609.549900,329927
125,17609.549900,332592
126,17609.549900,335257
127,17609.549900,337922
128,17608.236970,340587
129,17608.236970,343252
130,17608.236970,345917
131,17608.236970,348582
132,17607.617666,351247
133,17607.617666,353912
134,17607.617666,356577
135,17607.617666,359242
136,17607.617666,361907
137,17607.617666,364572
138,17607.617666,367237
139,17607.617666,369902
140,17607.617666,372567
141,17607.617666,375232
142,17607.617666,377897
143,17607.617666,380562
144,17607.617666,383227
145,17607.617666,385892
146,17607.617666,388557
147,17607.617666,391222
148,17607.617666,393887
149,17607.617666,396552
150,17607.617666,399217
151,17607.617666,401882
152,17607.617666,404547
153,17607.617666,407212
154,17607.617666,409877
155,17607.617666,412542
156,17607.617666,415207
157,17607.617666,417872
158,17607.617666,420537
159,17607.617666,423202
160,17607.617666,425867
161,17607.617666,428532
162,17607.617666,431197
163,17607.617666,433862
164,17607.617666,436527
165,17607.617666,439192
166,17607.617666,441857
167,17607.617666,444522
168,17607.617666,447187
169,17607.617666,449852
170,17607.617666,452517
171,17607.617666,455182
172,17607.617666,457847
173,17607.617666,460512
174,17607.617666,463177
175,17607.617666,465842
176,17607.617666,468507
177,17607.617666,471172
178,17607.617666,473837
179,17607.617666,476502
180,17607.617666,479167
181,17607.617666,481832
182,17607.617666,484497
183,17607.617666,487162
184,17607.617666,489827
185,17607.617666,492492
186,17607.617666,495157
187,17607.617666,497822
188,17607.617666,500487
189,17605.955934,503152
190,17605.955934,505817
191,17605.955934,508482
192,17605.955934,511147
193,17605.955934,513812
194,17605.955934,516477
195,17605.955934,519142
196,17605.955934,521807
197,17605.955934,524472
198,17605.955934,527137
199,17605.955934,529802
200,17605.955934,532467
201,17605.955934,535132
202,17605.955934,537797
203,17605.955934,540462
204,17605.955934,543127
205,17605.955934,545792
206,17605.681486,548457
207,17605.681486,551122
208,17605.681486,553787
209,17605.681486,556452
210,17605.681486,559117
211,17605.640819,561782
212,17605.640819,564447
213,17605.640819,567112
214,17605.640819,569777
215,17605.640819,572442
216,17605.640819,575107
217,17605.640819,577772
218,17605.640819,580437
219,17605.640819,583102
220,17605.640819,585767
221,17605.640819,588432
222,17605.640819,591097
223,17605.640819,593762
224,17605.640819,596427
225,17605.640819,599092
226,17605.640819,601757
227,17605.640819,604422
228,17605.640819,607087
229,17605.640819,609752
230,17605.640819,612417
231,17605.640819,615082
232,17605.640819,617747
233,17605.640819,620412
234,17605.640819,623077
235,17605.640819,625742
236,17605.640819,628407
237,17605.640819,631072
238,17605.640819,633737
239,17605.640819,636402
240,17605.640819,639067
241,17605.640819,641732
242,17605.640819,644397
243,17605.640819,647062
244,17605.640819,649727
245,17605.640819,652392
246,17605.640819,655057
247,17605.640819,657722
248,17605.640819,660387
249,17605.640819,663052
250,17605.640819,665717
251,17605.640819,668382
252,17605.640819,671047
253,17604.977275,673712
254,17604.977275,676377
255,17604.977275,679042
256,17604.977275,681707
257,17604.977275,684372
258,17604.977275,687037
259,17604.977275,689702
260,17604.977275,692367
261,17604.977275,695032
262,17602.720196,697697
263,17602.720196,700362
264,17602.720196,703027
265,17602.720196,705692
266,17602.720196,708357
267,17602.720196,711022
268,17602.720196,713687
269,17602.720196,716352
270,17602.720196,719017
271,17602.720196,721682
272,17602.720196,724347
273,17602.720196,727012
274,17602.720196,729677
275,17601.981454,732342
276,17601.981454,735007
277,17601.981454,737672
278,17601.981454,740337
279,17601.981454,743002
280,17601.981454,745667
281,17601.981454,748332
282,17601.981454,750997
283,17601.981454,753662
284,17601.924113,756327
285,17601.924113,758992
286,17601.924113,761657
287,17601.924113,764322
288,17601.924113,766987
289,17601.924113,769652
290,17601.924113,772317
291,17601.924113,774982
292,17601.924113,777647
293,17601.924113,780312
294,17601.190926,782977
295,17601.190926,785642
296,17601.190926,788307
297,17601.190926,790972
298,17601.190926,793637
299,17601.190926,796302
300,17601.190926,798967
301,17601.190926,801632
302,17601.190926,804297
303,17601.190926,806962
304,17601.190926,809627
305,17601.190926,812292
306,17601.190926,814957
307,17601.190926,817622
17601.190926,83.072057
1,18380.822402,2376
2,18264.395085,5012
3,18139.006486,7641
4,18024.387784,10264
5,17822.689569,12880
6,17814.439416,15510
7,17785.185406,18142
8,17745.741867,20773
9,17745.218194,23409
10,17717.591172,26045
11,17717.591172,28684
12,17707.507577,31322
13,17707.507577,33961
14,17697.440214,36600
15,17637.520497,39239
16,17637.186158,41878
17,17637.186158,44517
18,17637.186158,47154
19,17634.237179,49791
20,17634.237179,52429
21,17634.237179,55067
22,17633.741125,57705
23,17625.545064,60343
24,17625.545064,62980
25,17624.318832,65617
26,17624.318832,68254
27,17624.318832,70891
28,17624.318832,73528
29,17620.437386,76165
30,17619.554621,78802
31,17619.554621,81439
32,17617.665818,84076
33,17617.665818,86713
34,17617.665818,89351
35,17614.001160,91989
36,17614.001160,94627
37,17613.534237,97265
38,17613.362972,99903
39,17613.362972,102541
40,17613.362972,105179
41,17613.362972,107818
42,17613.362972,110457
43,17613.362972,113095
44,17613.362972,115733
45,17613.362972,118371
46,17613.362972,121009
47,17613.362972,123647
48,17613.362972,126287
49,17613.362972,128927
50,17613.362972,131567
51,17613.362972,134207
52,17613.362972,136847
53,17613.362972,139487
54,17613.362972,142127
55,17613.362972,144767
56,17613.362972,147407
57,17610.938286,150046
58,17610.938286,152685
59,17610.938286,155324
60,17606.215382,157963
61,17604.054297,160602
62,17604.054297,163241
63,17604.054297,165881
64,17604.054297,168521
65,17604.054297,171161
66,17604.054297,173801
67,17604.054297,176441
68,17604.054297,179081
69,17604.054297,181721
70,17604.054297,184361
71,17604.054297,187001
72,17604.054297,189641
73,17604.054297,192281
74,17604.054297,194921
75,17604.054297,197561
76,17603.417095,200201
77,17603.417095,202841
78,17603.417095,205481
79,17603.417095,208121
80,17603.417095,210761
81,17603.417095,213401
82,17603.132964,216041
83,17601.499113,218681
84,17601.499113,221321
85,17601.499113,223961
86,17601.499113,226601
87,17601.499113,229241
88,17601.499113,231881
89,17601.499113,234521
90,17601.499113,237161
91,17601.499113,239801
92,17601.499113,242441
93,17601.499113,245081
94,17601.499113,247721
95,17601.499113,250361
96,17601.499113,253001
97,17601.499113,255641
98,17601.499113,258281
99,17601.499113,260921
100,17601.499113,263561
101,17601.499113,266201
102,17601.499113,268841
103,17601.499113,271481
104,17601.499113,274121
105,17601.499113,276761
106,17601.499113,279401
107,17601.499113,282041
108,17601.499113,284681
109,17601.499113,287321
110,17601.499113,289961
111,17601.499113,292601
112,17601.499113,295241
113,17601.499113,297881
114,17601.499113,300521
115,17601.499113,303161
116,17601.499113,305801
117,17601.499113,308441
118,17601.499113,311081
119,17601.499113,313721
120,17601.499113,316361
121,17601.499113,319001
122,17601.499113,321641
123,17601.499113,324281
124,17601.499113,326921
125,17601.499113,329561
126,17601.499113,332201
127,17601.499113,334841
128,17601.499113,337481
129,17601.499113,340121
130,17601.256704,342761
131,17601.256704,345401
132,17601.256704,348041
133,17601.256704,350681
134,17601.256704,353321
135,17601.256704,355961
136,17601.256704,358601
137,17601.256704,361241
138,17601.256704,363881
139,17601.256704,366521
140,17601.256704,369161
141,17601.256704,371801
142,17601.256704,374441
143,17601.256704,377081
144,17601.256704,379721
145,17601.256704,382361
146,17601.256704,385001
147,17599.595097,387641
148,17599.595097,390281
149,17599.595097,392921
150,17599.595097,395561
151,17599.595097,398201
152,17599.595097,400841
153,17599.595097,403481
154,17599.595097,406121
155,17599.595097,408761
156,17599.595097,411401
157,17599.595097,414041
158,17599.595097,416681
159,17599.595097,419321
160,17599.595097,421961
161,17599.595097,424601
162,17599.595097,427241
163,17599.595097,429881
164,17599.595097,432521
165,17599.595097,435161
166,17599.595097,437801
167,17599.595097,440441
168,17599.595097,443081
169,17599.595097,445721
170,17599.595097,448361
171,17599.595097,451001
172,17599.595097,453641
173,17599.595097,456281
174,17599.595097,458921
175,17599.595097,461561
176,17599.595097,464201
177,17599.595097,466841
178,17599.595097,469481
179,17599.595097,472121
180,17599.595097,474761
181,17599.595097,477401
182,17599.595097,480041
183,17599.595097,482681
184,17599.595097,485321
185,17599.595097,487961
186,17599.595097,490601
187,17599.595097,493241
188,17599.595097,495881
189,17599.595097,498521
190,17599.595097,501161
191,17599.595097,503801
192,17599.595097,506441
193,17599.595097,509081
194,17599.595097,511721
195,17599.595097,514361
196,17599.595097,517001
197,17599.595097,519641
198,17599.595097,522281
199,17599.595097,524921
200,17598.717007,527561
201,17598.717007,530201
202,17598.717007,532841
203,17598.717007,535481
204,17598.717007,538121
205,17598.717007,540761
206,17598.717007,543401
207,17598.717007,546041
208,17598.717007,548681
209,17598.717007,551321
210,17598.717007,553961
211,17598.717007,556601
212,17598.717007,559241
213,17598.717007,561881
214,17598.717007,564521
215,17598.717007,567161
216,17598.717007,569801
217,17598.717007,572441
218,17598.717007,575081
219,17598.717007,577721
220,17598.717007,580361
221,17598.717007,583001
222,17598.717007,585641
223,17598.717007,588281
224,17598.717007,590921
225,17598.717007,593561
226,17598.717007,596201
227,17598.717007,598841
228,17598.717007,601481
229,17598.717007,604121
230,17598.717007,606761
231,17598.717007,609401
232,17598.717007,612041
233,17598.717007,614681
234,17598.717007,617321
235,17598.717007,619961
236,17598.717007,622601
237,17598.717007,625241
238,17598.717007,627881
239,17598.717007,630521
240,17598.717007,633161
241,17598.717007,635801
242,17598.717007,638441
243,17598.717007,641081
244,17598.717007,643721
245,17598.717007,646361
246,17598.717007,649001
247,17598.717007,651641
248,17598.717007,654281
249,17598.717007,656921
250,17598.717007,659561
251,17598.717007,662201
252,17598.717007,664841
253,17598.717007,667481
254,17598.717007,670121
255,17598.717007,672761
256,17598.717007,675401
257,17598.717007,678041
258,17598.717007,680681
259,17598.717007,683321
260,17598.717007,685961
261,17598.717007,688601
262,17598.717007,691241
263,17598.717007,693881
264,17598.717007,696521
265,17597.347551,699161
266,17596.623267,701801
267,17596.623267,704441
268,17596.623267,707081
269,17596.623267,709721
270,17596.623267,712361
271,17596.623267,715001
272,17596.424190,717641
273,17596.424190,720281
274,17596.424190,722921
275,17596.424190,725561
276,17596.424190,728201
277,17596.424190,730841
278,17596.424190,733481
279,17596.424190,736121
280,17596.424190,738761
281,17596.424190,741401
282,17596.424190,744041
283,17596.424190,746681
284,17596.424190,749321
285,17596.424190,751961
286,17596.424190,754601
287,17596.424190,757241
288,17596.424190,759881
289,17596.424190,762521
290,17596.424190,765161
291,17596.424190,767801
292,17596.424190,770441
293,17596.424190,773081
294,17596.424190,775721
295,17596.424190,778361
296,17596.424190,781001
297,17596.424190,783641
298,17596.424190,786281
299,17596.424190,788921
300,17596.424190,791561
301,17596.424190,794201
302,17596.424190,796841
303,17596.424190,799481
304,17596.424190,802121
305,17596.424190,804761
306,17596.424190,807401
307,17596.424190,810041
308,17596.424190,812681
309,17596.424190,815321
310,17596.424190,817961
17596.424190,83.659170
1,18392.415638,2376
2,18207.899619,5032
3,18053.963327,7683
4,17912.376381,10326
5,17815.724968,12962
6,17786.325912,15592
7,17739.767672,18236
8,17722.106639,20887
9,17720.804020,23541
10,17720.804020,26198
11,17708.295095,28855
12,17708.295095,31513
13,17708.295095,34173
14,17708.295095,36833
15,17686.732367,39493
16,17680.668723,42153
17,17628.885024,44813
18,17626.404117,47473
19,17620.805229,50133
20,17620.805229,52793
21,17620.805229,55453
22,17617.755665,58113
23,17617.755665,60773
24,17617.755665,63432
25,17616.893675,66092
26,17616.893675,68752
27,17616.893675,71412
28,17616.893675,74072
29,17616.893675,76731
30,17614.028643,79388
31,17614.028643,82047
32,17614.028643,84704
33,17614.028643,87362
34,17614.028643,90019
35,17614.028643,92676
36,17614.028643,95334
37,17614.028643,97993
38,17612.845670,100652
39,17612.783176,103312
40,17612.783176,105972
41,17612.783176,108632
42,17612.783176,111292
43,17612.783176,113952
44,17610.519766,116613
45,17610.519766,119274
46,17610.519766,121934
47,17610.519766,124595
48,17607.658844,127256
49,17607.658844,129917
50,17607.658844,132578
51,17607.658844,135239
52,17607.658844,137900
53,17606.141127,140561
54,17606.141127,143222
55,17606.141127,145882
56,17606.141127,148543
57,17606.141127,151204
58,17606.141127,153865
59,17606.141127,156526
60,17606.141127,159187
61,17606.104587,161848
62,17606.104587,164509
63,17606.104587,167170
64,17605.288674,169830
65,17605.288674,172490
66,17605.288674,175151
67,17604.428958,177812
68,17604.428958,180473
69,17604.428958,183134
70,17604.428958,185795
71,17604.428958,188456
72,17604.428958,191117
73,17604.428958,193778
74,17603.211557,196439
75,17602.125263,199100
76,17602.125263,201761
77,17602.125263,204422
78,17602.125263,207083
79,17602.125263,209744
80,17602.125263,212405
81,17602.125263,215066
82,17602.125263,217727
83,17602.125263,220388
84,17602.125263,223049
85,17602.125263,225710
86,17602.125263,228371
87,17602.125263,231032
88,17602.125263,233693
89,17602.125263,236353
90,17602.125263,239014
91,17601.082242,241675
92,17601.082242,244336
93,17601.082242,246997
94,17601.082242,249658
95,17601.082242,252319
96,17601.082242,254980
97,17601.082242,257641
98,17601.082242,260302
99,17601.082242,262963
100,17601.082242,265624
101,17601.082242,268285
102,17601.082242,270946
103,17601.082242,273607
104,17601.082242,276268
105,17601.082242,278929
106,17601.082242,281590
107,17601.082242,284251
108,17601.082242,286912
109,17601.082242,289573
110,17601.082242,292234
111,17601.082242,294895
112,17601.082242,297556
113,17601.082242,300217
114,17601.082242,302878
115,17601.082242,305539
116,17601.082242,308200
117,17601.082242,310861
118,17601.082242,313522
119,17601.082242,316183
120,17601.082242,318844
121,17600.054018,321505
122,17600.054018,324166
123,17600.054018,326827
124,17600.054018,329488
125,17600.054018,332149
126,17600.054018,334810
127,17600.054018,337471
128,17600.054018,340132
129,17600.054018,342793
130,17600.054018,345454
131,17600.054018,348115
132,17600.054018,350776
133,17600.054018,353437
134,17599.055266,356098
135,17599.055266,358759
136,17599.055266,361420
137,17599.055266,364081
138,17599.055266,366742
139,17599.055266,369403
140,17599.055266,372064
141,17598.289778,374725
142,17598.289778,377386
143,17598.289778,380047
144,17598.289778,382708
145,17598.289778,385369
146,17598.289778,388030
147,17598.289778,390691
148,17598.289778,393352
149,17598.289778,396013
150,17598.289778,398674
151,17598.289778,401335
152,17598.289778,403996
153,17598.289778,406657
154,17598.289778,409318
155,17598.289778,411979
156,17598.289778,414640
157,17598.289778,417301
158,17598.289778,419962
159,17598.289778,422623
160,17598.289778,425284
161,17598.289778,427945
162,17598.289778,430606
163,17598.289778,433267
164,17598.289778,435928
165,17598.289778,438589
166,17598.289778,441250
167,17598.289778,443911
168,17598.289778,446572
169,17598.289778,449233
170,17598.289778,451894
171,17598.289778,454555
172,17598.289778,457216
173,17598.289778,459877
174,17598.289778,462538
175,17598.289778,465199
176,17598.289778,467860
177,17598.289778,470521
178,17598.289778,473182
179,17598.289778,475843
180,17598.289778,478504
181,17598.289778,481165
182,17598.289778,483826
183,17598.289778,486487
184,17598.289778,489148
185,17598.289778,491809
186,17598.289778,494470
187,17598.289778,497131
188,17598.289778,499792
189,17598.289778,502453
190,17598.289778,505114
191,17598.289778,507775
192,17598.289778,510436
193,17598.289778,513097
194,17598.289778,515758
195,17598.289778,518419
196,17598.289778,521080
197,17598.289778,523741
198,17598.289778,526402
199,17598.289778,529063
200,17598.289778,531724
201,17598.289778,534385
202,17598.289778,537046
203,17598.289778,539707
204,17598.289778,542368
205,17598.289778,545029
206,17598.289778,547690
207,17598.289778,550351
208,17598.289778,553012
209,17598.289778,555673
210,17598.289778,558334
211,17598.289778,560995
212,17598.289778,563656
213,17598.289778,566317
214,17598.289778,568978
215,17598.289778,571639
216,17598.289778,574300
217,17598.289778,576961
218,17598.289778,579622
219,17598.289778,582283
220,17598.289778,584944
221,17598.289778,587605
222,17598.289778,590266
223,17598.289778,592927
224,17598.289778,595588
225,17598.289778,598249
226,17598.289778,600910
227,17598.289778,603571
228,17598.289778,606232
229,17598.289778,608893
230,17598.289778,611554
231,17598.289778,614215
232,17598.289778,616876
233,17598.289778,619537
234,17598.289778,622198
235,17598.289778,624859
236,17598.289778,627520
237,17598.289778,630181
238,17598.289778,632842
239,17598.289778,635503
240,17598.289778,638164
241,17598.289778,640825
242,17598.289778,643486
243,17598.289778,646147
244,17598.289778,648808
245,17598.289778,651469
246,17598.289778,654130
247,17598.289778,656791
248,17598.289778,659452
249,17598.289778,662113
250,17598.289778,664774
251,17598.289778,667435
252,17598.289778,670096
253,17598.289778,672757
254,17598.289778,675418
255,17598.289778,678079
256,17598.289778,680740
257,17598.289778,683401
258,17598.289778,686062
259,17598.289778,688723
260,17598.289778,691384
261,17598.289778,694045
262,17598.289778,696706
263,17598.289778,699367
264,17598.289778,702028
265,17598.289778,704689
266,17598.289778,707350
267,17598.289778,710011
268,17598.289778,712672
269,17598.289778,715333
270,17598.289778,717994
271,17598.289778,720655
272,17598.289778,723316
273,17598.289778,725977
274,17598.289778,728638
275,17598.289778,731299
276,17598.289778,733960
277,17598.289778,736621
278,17598.289778,739282
279,17598.289778,741943
280,17598.289778,744604
281,17598.289778,747265
282,17598.289778,749926
283,17598.289778,752587
284,17598.289778,755248
285,17598.289778,757909
286,17598.289778,760570
287,17598.289778,763231
288,17598.289778,765892
289,17598.289778,768553
290,17598.289778,771214
291,17598.289778,773875
292,17598.289778,776536
293,17598.289778,779197
294,17598.289778,781858
295,17598.289778,784519
296,17598.289778,787180
297,17598.289778,789841
298,17598.289778,792502
299,17598.289778,795163
300,17598.289778,797824
301,17598.289778,800485
302,17598.289778,803146
303,17598.289778,805807
304,17598.289778,808468
305,17598.289778,811129
306,17598.289778,813790
307,17598.289778,816451
308,17598.289778,819112
17598.289778,83.128719
1,18380.812439,2376
2,18213.780507,5026
3,18103.102952,7670
4,17951.093290,10306
5,17867.337961,12944
6,17787.477454,15588
7,17761.053800,18241
8,17725.554580,20895
9,17716.428875,23551
10,17716.428875,26209
11,17706.232672,28865
12,17699.206116,31523
13,17698.371080,34180
14,17684.887196,36838
15,17672.634585,39496
16,17672.634585,42154
17,17667.377423,44811
18,17663.970736,47468
19,17663.970736,50123
20,17653.452909,52778
21,17653.452909,55434
22,17649.978651,58090
23,17649.978651,60746
24,17648.714286,63402
25,17648.714286,66058
26,17648.677576,68714
27,17648.677576,71370
28,17643.184335,74026
29,17636.037388,76682
30,17628.981450,79338
31,17617.691370,81994
32,17617.691370,84650
33,17617.691370,87306
34,17609.314884,89962
35,17609.314884,92618
36,17609.314884,95274
37,17609.314884,97930
38,17609.314884,100586
39,17609.314884,103242
40,17609.314884,105898
41,17609.314884,108553
42,17609.314884,111207
43,17609.314884,113862
44,17609.314884,116516
45,17609.314884,119170
46,17609.314884,121825
47,17609.314884,124481
48,17609.314884,127137
49,17609.314884,129793
50,17609.314884,132449
51,17609.314884,135106
52,17609.314884,137763
53,17609.314884,140420
54,17609.314884,143077
55,17609.314884,145734
56,17609.314884,148391
57,17609.314884,151048
58,17609.314884,153706
59,17609.314884,156364
60,17609.314884,159022
61,17609.314884,161680
62,17609.314884,164338
63,17609.314884,166996
64,17609.314884,169654
65,17609.314884,172312
66,17609.314884,174970
67,17606.035040,177628
68,17603.579172,180286
69,17603.579172,182944
70,17603.579172,185602
71,17603.579172,188260
72,17603.579172,190918
73,17603.579172,193576
74,17603.579172,196234
75,17603.579172,198892
76,17603.579172,201550
77,17603.301103,204208
78,17603.129381,206866
79,17602.817907,209524
80,17602.817907,212182
81,17602.817907,214840
82,17602.817907,217498
83,17602.817907,220156
84,17602.817907,222814
85,17602.817907,225472
86,17602.817907,228130
87,17602.817907,230788
88,17602.817907,233446
89,17602.817907,236104
90,17602.817907,238762
91,17602.817907,241420
92,17602.817907,244078
93,17602.817907,246736
94,17602.817907,249394
95,17602.817907,252052
96,17602.817907,254710
97,17602.817907,257368
98,17602.817907,260026
99,17602.817907,262684
100,17602.817907,265342
101,17602.817907,268000
102,17602.817907,270658
103,17602.817907,273316
104,17602.817907,275974
105,17602.817907,278632
106,17602.817907,281290
107,17602.817907,283948
108,17602.817907,286606
109,17602.472904,289264
110,17602.472904,291922
111,17602.472904,294580
112,17602.472904,297238
113,17602.472904,299896
114,17602.472904,302554
115,17602.472904,305212
116,17602.472904,307870
117,17602.472904,310527
118,17602.472904,313185
119,17602.472904,315843
120,17602.081779,318501
121,17602.081779,321159
122,17602.081779,323817
123,17602.081779,326475
124,17602.081779,329133
125,17602.081779,331791
126,17602.081779,334449
127,17602.081779,337107
128,17602.081779,339765
129,17602.081779,342423
130,17602.081779,345081
131,17602.081779,347739
132,17602.081779,350397
133,17602.081779,353055
134,17602.081779,355713
135,17602.081779,358371
136,17600.243531,361029
137,17600.243531,363687
138,17599.447673,366345
139,17599.447673,369003
140,17599.447673,371661
141,17599.447673,374319
142,17599.447673,376977
143,17599.447673,379635
144,17599.447673,382293
145,17599.447673,384951
146,17599.447673,387609
147,17599.447673,390267
148,17599.447673,392925
149,17599.447673,395583
150,17599.447673,398241
151,17599.447673,400899
152,17599.447673,403557
153,17599.447673,406215
154,17599.447673,408873
155,17599.447673,411531
156,17599.447673,414189
157,17599.447673,416847
158,17599.447673,419505
159,17599.447673,422163
160,17599.447673,424821
161,17599.447673,427479
162,17599.447673,430137
163,17597.535898,432795
164,17597.535898,435453
165,17597.535898,438111
166,17597.535898,440769
167,17597.535898,443427
168,17597.535898,446085
169,17597.535898,448743
170,17597.535898,451401
171,17597.535898,454059
172,17597.535898,456717
173,17597.535898,459375
174,17597.535898,462033
175,17597.535898,464691
176,17597.535898,467349
177,17597.535898,470007
178,17597.535898,472665
179,17597.535898,475323
180,17597.535898,477981
181,17597.535898,480639
182,17597.535898,483297
183,17597.535898,485955
184,17597.535898,488613
185,17597.535898,491271
186,17597.535898,493929
187,17597.535898,496587
188,17597.535898,499245
189,17597.535898,501903
190,17597.535898,504561
191,17597.535898,507219
192,17597.535898,509877
193,17597.535898,512535
194,17597.535898,515193
195,17597.535898,517851
196,17597.535898,520509
197,17597.535898,523167
198,17597.535898,525825
199,17597.535898,528483
200,17597.535898,531141
201,17597.535898,533799
202,17597.535898,536457
203,17597.535898,539115
204,17597.535898,541773
205,17597.535898,544431
206,17597.535898,547089
207,17597.535898,549747
208,17597.535898,552405
209,17597.535898,555063
210,17597.535898,557721
211,17597.535898,560379
212,17597.535898,563037
213,17597.535898,565695
214,17597.535898,568353
215,17597.535898,571011
216,17597.535898,573669
217,17597.535898,576327
218,17597.535898,578985
219,17597.535898,581643
220,17597.535898,584301
221,17597.535898,586959
222,17597.535898,589617
223,17597.535898,592275
224,17597.535898,594933
225,17597.535898,597591
226,17597.535898,600249
227,17597.535898,602907
228,17597.535898,605565
229,17597.535898,608223
230,17597.535898,610881
231,17597.535898,613539
232,17597.535898,616197
233,17597.535898,618855
234,17597.535898,621513
235,17597.535898,624171
236,17597.535898,626829
237,17597.535898,629487
238,17597.535898,632145
239,17597.535898,634803
240,17597.535898,637461
241,17597.535898,640119
242,17597.535898,642777
243,17597.535898,645435
244,17597.535898,648093
245,17597.535898,650751
246,17597.535898,653409
247,17597.535898,656067
248,17597.535898,658725
249,17597.535898,661383
250,17597.535898,664041
251,17597.535898,666699
252,17597.535898,669357
253,17597.535898,672015
254,17597.535898,674673
255,17597.535898,677331
256,17597.535898,679989
257,17597.535898,682647
258,17597.535898,685305
259,17597.535898,687963
260,17597.535898,690621
261,17597.535898,693279
262,17597.535898,695937
263,17597.535898,698595
264,17596.960902,701253
265,17596.960902,703911
266,17596.960902,706569
267,17596.960902,709227
268,17596.960902,711885
269,17596.960902,714543
270,17596.960902,717201
271,17596.960902,719859
272,17596.960902,722517
273,17596.218628,725175
274,17596.218628,727833
275,17596.218628,730491
276,17596.218628,733149
277,17596.218628,735807
278,17596.218628,738465
279,17596.218628,741123
280,17596.218628,743781
281,17596.218628,746439
282,17596.218628,749097
283,17596.218628,751755
284,17596.218628,754413
285,17596.218628,757071
286,17596.218628,759729
287,17596.218628,762387
288,17593.784180,765045
289,17593.784180,767703
290,17593.784180,770361
291,17593.784180,773019
292,17593.784180,775677
293,17593.784180,778335
294,17593.784180,780993
295,17593.784180,783651
296,17593.784180,786309
297,17593.784180,788967
298,17593.784180,791625
299,17593.784180,794283
300,17593.784180,796941
301,17593.784180,799599
302,17593.784180,802257
303,17593.784180,804915
304,17593.784180,807573
305,17593.784180,810231
306,17593.784180,812889
307,17593.784180,815547
308,17593.784180,818205
17593.784180,83.598875
1,18332.478019,2376
2,18228.540048,4996
3,18111.962280,7609
4,17999.459741,10220
5,17830.627743,12823
6,17830.627743,15431
7,17783.373081,18040
8,17732.488076,20656
9,17726.111361,23275
10,17726.111361,25896
11,17724.120118,28517
12,17658.294585,31138
13,17654.321219,33759
14,17652.251263,36379
15,17643.109414,38999
16,17640.648239,41617
17,17634.220599,44237
18,17634.220599,46857
19,17634.220599,49477
20,17631.989998,52097
21,17631.989998,54717
22,17631.989998,57337
23,17631.699527,59958
24,17631.699527,62579
25,17631.699527,65200
26,17631.699527,67820
27,17631.699527,70439
28,17630.480894,73059
29,17630.480894,75679
30,17630.480894,78300
31,17630.480894,80921
32,17630.480894,83542
33,17630.480894,86163
34,17630.480894,88784
35,17630.480894,91406
36,17630.480894,94027
37,17630.480894,96648
38,17630.480894,99269
39,17630.480894,101890
40,17627.284850,104511
41,17627.284850,107133
42,17627.284850,109754
43,17627.284850,112376
44,17627.284850,114999
45,17627.284850,117622
46,17627.284850,120245
47,17627.284850,122868
48,17627.284850,125491
49,17626.579576,128114
50,17623.801672,130737
51,17623.801672,133361
52,17623.801672,135985
53,17623.801672,138609
54,17623.338879,141233
55,17623.338879,143857
56,17623.338879,146480
57,17623.338879,149103
58,17623.338879,151726
59,17623.338879,154349
60,17623.338879,156972
61,17623.338879,159595
62,17623.338879,162218
63,17623.338879,164841
64,17623.338879,167464
65,17623.338879,170087
66,17623.338879,172710
67,17623.338879,175333
68,17623.338879,177956
69,17623.338879,180579
70,17623.338879,183202
71,17623.338879,185825
72,17623.338879,188448
73,17623.338879,191071
74,17623.338879,193694
75,17623.338879,196317
76,17623.338879,198940
77,17623.338879,201563
78,17621.401423,204186
79,17621.401423,206810
80,17621.401423,209434
81,17621.401423,212058
82,17621.401423,214682
83,17621.401423,217306
84,17618.111894,219930
85,17618.111894,222554
86,17618.111894,225178
87,17618.111894,227802
88,17614.816293,230426
89,17614.816293,233050
90,17614.816293,235674
91,17614.816293,238298
92,17614.816293,240922
93,17614.816293,243546
94,17614.816293,246170
95,17614.816293,248794
96,17614.816293,251418
97,17614.816293,254042
98,17614.816293,256666
99,17614.816293,259290
100,17614.816293,261914
101,17614.816293,264538
102,17614.816293,267162
103,17614.816293,269786
104,17614.816293,272410
105,17614.816293,275034
106,17614.816293,277658
107,17614.816293,280282
108,17614.816293,282906
109,17614.816293,285530
110,17614.816293,288154
111,17614.816293,290778
112,17614.816293,293402
113,17614.816293,296026
114,17614.816293,298650
115,17614.816293,301274
116,17614.816293,303898
117,17614.816293,306522
118,17614.816293,309146
119,17614.816293,311770
120,17614.816293,314394
121,17614.816293,317018
122,17614.816293,319642
123,17614.816293,322266
124,17614.816293,324890
125,17614.816293,327514
126,17612.281878,330138
127,17612.281878,332762
128,17612.281878,335386
129,17612.281878,338010
130,17612.281878,340634
131,17610.144393,343258
132,17610.144393,345882
133,17610.144393,348506
134,17610.144393,351130
135,17610.144393,353754
136,17610.144393,356378
137,17610.144393,359002
138,17610.144393,361626
139,17610.144393,364250
140,17610.144393,366874
141,17610.144393,369498
142,17610.144393,372122
143,17610.144393,374746
144,17610.144393,377370
145,17610.144393,379994
146,17610.144393,382618
147,17610.144393,385242
148,17610.144393,387866
149,17610.144393,390490
150,17610.144393,393114
151,17610.144393,395738
152,17610.144393,398362
153,17610.144393,400986
154,17610.144393,403610
155,17610.144393,406234
156,17610.144393,408858
157,17610.144393,411482
158,17610.144393,414106
159,17610.144393,416730
160,17610.144393,419354
161,17610.144393,421978
162,17610.144393,424602
163,17610.144393,427226
164,17610.144393,429850
165,17610.144393,432474
166,17610.144393,435098
167,17610.144393,437722
168,17610.144393,440346
169,17610.144393,442970
170,17610.144393,445594
171,17610.144393,448218
172,17610.144393,450842
173,17607.250223,453466
174,17607.250223,456090
175,17607.250223,458714
176,17607.250223,461338
177,17607.250223,463962
178,17607.250223,466586
179,17607.250223,469210
180,17607.250223,471834
181,17607.250223,474458
182,17607.250223,477082
183,17607.250223,479706
184,17607.250223,482330
185,17607.250223,484954
186,17607.250223,487578
187,17607.250223,490202
188,17607.250223,492826
189,17607.250223,495450
190,17607.250223,498074
191,17607.250223,500698
192,17607.250223,503322
193,17607.250223,505946
194,17607.250223,508570
195,17607.250223,511194
196,17607.250223,513818
197,17607.250223,516442
198,17607.250223,519066
199,17607.250223,521690
200,17607.250223,524314
201,17607.250223,526938
202,17607.250223,529562
203,17607.250223,532186
204,17607.250223,534810
205,17607.250223,537434
206,17607.250223,540058
207,17607.250223,542682
208,17607.250223,545306
209,17606.607453,547930
210,17606.607453,550554
211,17606.607453,553178
212,17605.551377,555802
213,17605.551377,558426
214,17605.551377,561050
215,17605.551377,563674
216,17605.551377,566298
217,17605.551377,568922
218,17605.551377,571546
219,17604.468064,574170
220,17604.468064,576794
221,17604.468064,579418
222,17604.468064,582042
223,17604.468064,584666
224,17604.468064,587290
225,17604.468064,589914
226,17604.468064,592538
227,17604.468064,595162
228,17604.468064,597786
229,17604.468064,600410
230,17604.468064,603034
231,17604.468064,605658
232,17604.468064,608282
233,17604.468064,610906
234,17604.468064,613530
235,17604.468064,616154
236,17604.468064,618778
237,17604.468064,621402
238,17604.468064,624026
239,17604.468064,626650
240,17604.468064,629274
241,17604.229826,631898
242,17604.229826,634522
243,17604.229826,637146
244,17604.229826,639770
245,17604.229826,642394
246,17604.229826,645018
247,17604.229826,647642
248,17604.229826,650266
249,17604.229826,652890
250,17604.229826,655514
251,17604.229826,658138
252,17604.229826,660762
253,17604.229826,663386
254,17604.229826,666010
255,17604.229826,668634
256,17604.229826,671258
257,17604.229826,673882
258,17604.229826,676506
259,17604.229826,679130
260,17604.229826,681754
261,17604.229826,684378
262,17604.229826,687002
263,17604.229826,689626
264,17604.229826,692250
265,17604.229826,694874
266,17604.229826,697498
267,17604.229826,700122
268,17604.229826,702746
269,17604.229826,705370
270,17604.229826,707994
271,17604.229826,710618
272,17604.229826,713242
273,17604.229826,715866
274,17604.229826,718490
275,17604.229826,721114
276,17604.229826,723738
277,17604.229826,726362
278,17604.229826,728986
279,17604.229826,731610
280,17604.229826,734234
281,17604.229826,736858
282,17604.229826,739482
283,17604.229826,742106
284,17604.229826,744730
285,17604.229826,747354
286,17604.229826,749978
287,17604.229826,752602
288,17604.229826,755226
289,17604.229826,757850
290,17604.229826,760474
291,17604.229826,763098
292,17604.229826,765722
293,17604.229826,768346
294,17604.229826,770970
295,17604.229826,773594
296,17604.229826,776218
297,17604.229826,778842
298,17604.229826,781466
299,17604.229826,784090
300,17604.229826,786714
301,17604.229826,789338
302,17604.229826,791962
303,17604.229826,794586
304,17604.229826,797210
305,17604.229826,799834
306,17604.229826,802458
307,17604.229826,805081
308,17604.229826,807705
309,17604.229826,810329
310,17604.229826,812953
311,17604.229826,815577
312,17604.229826,818201
17604.229826,85.041761
1,18361.862161,2376
2,18202.034866,5018
3,18133.125250,7653
4,17930.234543,10275
5,17895.342359,12888
6,17823.742109,15515
7,17777.798524,18149
8,17757.584789,20785
9,17754.163929,23425
10,17752.705778,26065
11,17715.050670,28706
12,17695.235590,31347
13,17690.479889,33988
14,17687.346524,36629
15,17687.346524,39271
16,17658.691980,41914
17,17658.691980,44557
18,17650.891451,47200
19,17643.594397,49843
20,17643.594397,52487
21,17638.674799,55132
22,17638.674799,57777
23,17634.856558,60422
24,17634.189047,63068
25,17634.189047,65714
26,17634.189047,68360
27,17634.189047,71006
28,17634.189047,73652
29,17634.189047,76298
30,17626.683981,78944
31,17626.683981,81590
32,17626.683981,84236
33,17626.683981,86882
34,17626.683981,89528
35,17626.683981,92174
36,17626.683981,94820
37,17626.683981,97466
38,17624.701944,100111
39,17624.701944,102754
40,17624.701944,105397
41,17624.290504,108040
42,17624.290504,110684
43,17623.648561,113328
44,17623.648561,115972
45,17623.648561,118617
46,17616.644536,121262
47,17616.529957,123907
48,17615.401601,126552
49,17615.401601,129197
50,17615.401601,131843
51,17615.401601,134488
52,17615.401601,137133
53,17615.401601,139778
54,17615.401601,142424
55,17615.401601,145070
56,17615.401601,147717
57,17615.401601,150364
58,17615.401601,153011
59,17615.401601,155658
60,17613.403509,158305
61,17613.403509,160952
62,17613.403509,163599
63,17613.403509,166246
64,17613.403509,168893
65,17613.403509,171540
66,17613.291459,174187
67,17613.291459,176834
68,17613.110327,179481
69,17613.110327,182127
70,17613.110327,184774
71,17613.110327,187421
72,17613.110327,190068
73,17613.110327,192715
74,17613.110327,195362
75,17613.110327,198009
76,17613.110327,200656
77,17613.110327,203303
78,17613.110327,205950
79,17613.110327,208597
80,17613.110327,211244
81,17613.110327,213891
82,17613.110327,216538
83,17613.110327,219185
84,17613.110327,221832
85,17611.408282,224479
86,17611.007975,227126
87,17611.007975,229773
88,17610.433470,232420
89,17610.433470,235067
90,17610.433470,237714
91,17610.433470,240361
92,17609.554588,243008
93,17609.554588,245655
94,17609.554588,248302
95,17609.254090,250949
96,17609.254090,253596
97,17607.910467,256243
98,17607.910467,258890
99,17607.910467,261537
100,17607.842583,264184
101,17607.842583,266831
102,17607.419946,269478
103,17607.419946,272125
104,17607.419946,274772
105,17607.419946,277419
106,17607.419946,280066
107,17607.419946,282713
108,17606.764910,285360
109,17606.764910,288007
110,17606.764910,290654
111,17606.764910,293301
112,17606.764910,295948
113,17606.764910,298595
114,17606.764910,301242
115,17606.764910,303889
116,17606.764910,306536
117,17606.764910,309183
118,17606.764910,311830
119,17606.764910,314477
120,17606.764910,317124
121,17606.764910,319771
122,17606.764910,322418
123,17606.764910,325065
124,17606.764910,327712
125,17606.764910,330359
126,17606.764910,333006
127,17606.764910,335653
128,17602.936109,338300
129,17602.936109,340947
130,17602.936109,343594
131,17602.936109,346241
132,17602.936109,348888
133,17602.936109,351535
134,17598.928421,354182
135,17598.928421,356829
136,17598.928421,359476
137,17598.928421,362123
138,17598.928421,364770
139,17598.928421,367417
140,17598.928421,370064
141,17598.928421,372711
142,17598.928421,375358
143,17598.928421,378005
144,17598.928421,380652
145,17598.928421,383299
146,17598.928421,385946
147,17598.928421,388593
148,17598.928421,391240
149,17598.928421,393887
150,17598.928421,396534
151,17598.928421,399181
152,17598.928421,401828
153,17598.928421,404475
154,17598.928421,407122
155,17598.928421,409769
156,17598.928421,412416
157,17598.928421,415063
158,17598.928421,417710
159,17598.752165,420357
160,17598.752165,423004
161,17598.752165,425651
162,17598.752165,428298
163,17598.752165,430945
164,17598.752165,433592
165,17598.752165,436239
166,17598.752165,438885
167,17598.752165,441532
168,17598.752165,444179
169,17598.752165,446826
170,17598.752165,449473
171,17598.752165,452120
172,17598.752165,454767
173,17598.752165,457414
174,17598.752165,460061
175,17598.752165,462708
176,17598.752165,465355
177,17598.752165,468002
178,17598.752165,470649
179,17598.752165,473296
180,17598.752165,475943
181,17598.752165,478590
182,17598.752165,481237
183,17598.752165,483884
184,17598.752165,486531
185,17598.752165,489178
186,17598.752165,491825
187,17598.752165,494472
188,17598.752165,497119
189,17598.752165,499766
190,17598.752165,502413
191,17598.752165,505060
192,17598.752165,507707
193,17598.752165,510354
194,17597.019936,513001
195,17597.019936,515648
196,17597.019936,518295
197,17597.019936,520942
198,17597.019936,523589
199,17597.019936,526236
200,17597.019936,528883
201,17597.019936,531530
202,17597.019936,534177
203,17597.019936,536824
204,17597.019936,539471
205,17597.019936,542118
206,17597.019936,544765
207,17597.019936,547412
208,17597.019936,550059
209,17597.019936,552706
210,17597.019936,555353
211,17597.019936,558000
212,17597.019936,560647
213,17597.019936,563294
214,17597.019936,565941
215,17597.019936,568588
216,17597.019936,571235
217,17597.019936,573882
218,17597.019936,576529
219,17597.019936,579176
220,17597.019936,581823
221,17597.019936,584470
222,17597.019936,587117
223,17597.019936,589764
224,17597.019936,592411
225,17597.019936,595058
226,17597.019936,597705
227,17597.019936,600352
228,17597.019936,602998
229,17597.019936,605645
230,17597.019936,608292
231,17597.019936,610939
232,17597.019936,613586
233,17597.019936,616233
234,17597.019936,618880
235,17597.019936,621527
236,17597.019936,624174
237,17597.019936,626821
238,17597.019936,629468
239,17597.019936,632115
240,17597.019936,634762
241,17597.019936,637409
242,17597.019936,640056
243,17597.019936,642703
244,17597.019936,645350
245,17597.019936,647997
246,17597.019936,650644
247,17597.019936,653291
248,17597.019936,655938
249,17597.019936,658585
250,17597.019936,661232
251,17597.019936,663879
252,17597.019936,666526
253,17597.019936,669173
254,17597.019936,671820
255,17597.019936,674467
256,17597.019936,677114
257,17597.019936,679761
258,17597.019936,682408
259,17597.019936,685055
260,17597.019936,687702
261,17597.019936,690349
262,17597.019936,692996
263,17597.019936,695643
264,17597.019936,698290
265,17597.019936,700937
266,17597.019936,703584
267,17597.019936,706231
268,17597.019936,708878
269,17597.019936,711525
270,17597.019936,714172
271,17597.019936,716819
272,17597.019936,719466
273,17597.019936,722113
274,17597.019936,724760
275,17597.019936,727407
276,17597.019936,730054
277,17597.019936,732701
278,17597.019936,735348
279,17597.019936,737995
280,17597.019936,740642
281,17597.019936,743289
282,17597.019936,745936
283,17597.019936,748583
284,17597.019936,751230
285,17597.019936,753877
286,17597.019936,756524
287,17597.019936,759171
288,17597.019936,761818
289,17597.019936,764465
290,17597.019936,767112
291,17597.019936,769759
292,17597.019936,772406
293,17597.019936,775053
294,17597.019936,777700
295,17597.019936,780347
296,17597.019936,782994
297,17597.019936,785641
298,17597.019936,788288
299,17597.019936,790935
300,17597.019936,793582
301,17597.019936,796229
302,17597.019936,798876
303,17597.019936,801523
304,17597.019936,804170
305,17597.019936,806817
306,17597.019936,809464
307,17597.019936,812111
308,17597.019936,814758
309,17597.019936,817405
17597.019936,83.249323
1,18336.499434,2376
2,18207.550371,4991
3,18077.089410,7599
4,17970.548336,10204
5,17845.039436,12815
6,17815.382030,15422
7,17783.885884,18032
8,17773.515980,20648
9,17755.936033,23266
10,17695.618303,25885
11,17693.786598,28505
12,17693.685514,31125
13,17693.685514,33745
14,17693.685514,36365
15,17659.320959,38984
16,17659.320959,41604
17,17658.952509,44224
18,17647.043553,46845
19,17647.043553,49466
20,17639.103704,52087
21,17639.103704,54708
22,17639.103704,57330
23,17635.763152,59952
24,17635.732267,62574
25,17633.165269,65196
26,17633.165269,67818
27,17633.165269,70440
28,17633.165269,73062
29,17633.165269,75685
30,17633.165269,78308
31,17633.165269,80931
32,17633.165269,83554
33,17633.165269,86177
34,17632.680651,88800
35,17630.186122,91424
36,17630.186122,94048
37,17630.186122,96672
38,17627.519194,99296
39,17627.519194,101920
40,17625.675964,104544
41,17625.675964,107168
42,17625.675964,109792
43,17625.675964,112416
44,17625.093587,115039
45,17624.738866,117663
46,17624.738866,120287
47,17624.738866,122911
48,17624.738866,125535
49,17624.738866,128159
50,17621.986281,130781
51,17620.214357,133402
52,17620.214357,136024
53,17620.214357,138646
54,17617.418465,141268
55,17617.418465,143890
56,17617.418465,146512
57,17617.418465,149134
58,17617.418465,151756
59,17617.418465,154379
60,17617.418465,157002
61,17617.418465,159625
62,17617.418465,162248
63,17612.440940,164871
64,17612.324012,167494
65,17612.324012,170117
66,17612.324012,172741
67,17612.324012,175365
68,17612.324012,177989
69,17612.324012,180613
70,17612.324012,183237
71,17612.324012,185861
72,17612.324012,188486
73,17612.324012,191111
74,17612.324012,193736
75,17612.324012,196361
76,17612.324012,198985
77,17609.153609,201609
78,17609.153609,204233
79,17608.707214,206857
80,17608.707214,209481
81,17608.707214,212105
82,17608.707214,214729
83,17608.707214,217353
84,17608.707214,219977
85,17608.707214,222601
86,17608.707214,225225
87,17608.707214,227849
88,17608.707214,230473
89,17608.707214,233097
90,17608.707214,235722
91,17608.707214,238347
92,17608.707214,240972
93,17608.707214,243597
94,17608.707214,246222
95,17606.507290,248847
96,17606.507290,251472
97,17606.507290,254097
98,17606.027119,256722
99,17602.979555,259347
100,17602.979555,261972
101,17602.979555,264597
102,17602.662618,267222
103,17602.662618,269847
104,17602.662618,272472
105,17602.662618,275097
106,17602.662618,277722
107,17602.662618,280347
108,17602.662618,282972
109,17602.662618,285597
110,17602.662618,288222
111,17602.662618,290847
112,17602.662618,293472
113,17602.662618,296097
114,17602.662618,298722
115,17602.662618,301347
116,17602.662618,303972
117,17601.801963,306597
118,17601.801963,309222
119,17601.801963,311847
120,17601.801963,314472
121,17601.801963,317097
122,17601.801963,319722
123,17601.801963,322347
124,17601.801963,324972
125,17601.801963,327597
126,17601.801963,330222
127,17601.801963,332847
128,17601.801963,335472
129,17601.801963,338097
130,17601.801963,340722
131,17601.801963,343347
132,17601.801963,345972
133,17601.801963,348597
134,17601.801963,351222
135,17601.801963,353847
136,17601.801963,356472
137,17601.801963,359097
138,17601.801963,361722
139,17601.801963,364347
140,17601.801963,366972
141,17601.801963,369597
142,17601.801963,372222
143,17601.801963,374847
144,17601.801963,377472
145,17601.801963,380097
146,17601.664785,382722
147,17601.664785,385347
148,17601.664785,387972
149,17601.664785,390597
150,17601.664785,393222
151,17601.664785,395847
152,17601.664785,398472
153,17601.664785,401097
154,17601.664785,403722
155,17601.664785,406347
156,17601.664785,408972
157,17601.664785,411597
158,17601.664785,414222
159,17601.664785,416847
160,17601.664785,419472
161,17601.664785,422097
162,17601.664785,424722
163,17601.424167,427347
164,17601.424167,429972
165,17601.424167,432597
166,17601.424167,435222
167,17601.424167,437847
168,17601.424167,440472
169,17601.424167,443097
170,17601.424167,445722
171,17601.424167,448347
172,17601.424167,450972
173,17601.424167,453597
174,17601.424167,456222
175,17601.424167,458847
176,17601.424167,461472
177,17601.424167,464097
178,17601.424167,466722
179,17601.424167,469347
180,17601.424167,471972
181,17601.424167,474597
182,17601.424167,477222
183,17601.424167,479847
184,17601.424167,482472
185,17601.424167,485097
186,17601.424167,487722
187,17601.424167,490347
188,17601.424167,492972
189,17601.424167,495597
190,17601.424167,498222
191,17601.424167,500847
192,17601.424167,503472
193,17601.424167,506097
194,17601.424167,508722
195,17601.424167,511347
196,17601.424167,513972
197,17601.424167,516597
198,17601.424167,519222
199,17601.424167,521847
200,17601.424167,524472
201,17601.424167,527097
202,17601.424167,529722
203,17601.424167,532347
204,17601.424167,534972
205,17601.424167,537597
206,17601.424167,540222
207,17601.424167,542847
208,17601.424167,545472
209,17601.424167,548097
210,17601.424167,550722
211,17601.424167,553347
212,17601.424167,555972
213,17601.424167,558597
214,17601.424167,561222
215,17601.424167,563847
216,17601.424167,566472
217,17601.424167,569097
218,17601.424167,571722
219,17601.424167,574347
220,17601.424167,576972
221,17600.784457,579597
222,17600.784457,582222
223,17600.784457,584847
224,17600.784457,587472
225,17600.784457,590097
226,17600.784457,592722
227,17600.784457,595347
228,17600.784457,597972
229,17600.784457,600597
230,17600.784457,603222
231,17600.784457,605847
232,17600.784457,608472
233,17600.784457,611097
234,17600.784457,613722
235,17600.784457,616347
236,17600.784457,618972
237,17600.784457,621597
238,17600.784457,624222
239,17600.784457,626847
240,17600.784457,629472
241,17600.784457,632097
242,17600.784457,634722
243,17600.784457,637347
244,17600.784457,639972
245,17600.784457,642597
246,17600.784457,645222
247,17600.784457,647847
248,17600.784457,650472
249,17600.784457,653097
250,17600.784457,655722
251,17600.784457,658347
252,17600.784457,660972
253,17600.784457,663597
254,17600.784457,666222
255,17600.784457,668847
256,17600.784457,671472
257,17600.784457,674097
258,17600.784457,676722
259,17600.784457,679347
260,17600.784457,681972
261,17600.784457,684597
262,17600.784457,687222
263,17600.784457,689847
264,17600.784457,692472
265,17600.784457,695097
266,17600.784457,697722
267,17600.784457,700347
268,17600.784457,702972
269,17600.784457,705597
270,17600.784457,708222
271,17600.784457,710847
272,17600.784457,713472
273,17600.784457,716097
274,17600.784457,718722
275,17600.784457,721347
276,17600.784457,723972
277,17600.784457,726597
278,17600.784457,729222
279,17600.784457,731847
280,17600.784457,734472
281,17600.784457,737097
282,17600.784457,739722
283,17600.784457,742347
284,17600.784457,744972
285,17600.784457,747597
286,17600.784457,750222
287,17600.784457,752847
288,17600.784457,755472
289,17600.784457,758097
290,17600.784457,760722
291,17600.784457,763347
292,17600.784457,765972
293,17600.784457,768597
294,17600.784457,771222
295,17600.784457,773847
296,17600.784457,776472
297,17600.784457,779097
298,17600.784457,781722
299,17600.784457,784347
300,17600.784457,786972
301,17600.784457,789597
302,17600.784457,792222
303,17600.784457,794847
304,17600.784457,797472
305,17600.784457,800097
306,17600.784457,802722
307,17600.784457,805347
308,17600.784457,807972
309,17600.784457,810597
310,17600.784457,813222
311,17600.784457,815847
312,17600.784457,818472
17600.784457,84.665771
1,18436.890682,2376
2,18212.454171,4991
3,18136.362943,7603
4,18108.840774,10207
5,17876.862816,12812
6,17779.310313,15426
7,17779.310313,18041
8,17760.281965,20657
9,17760.281965,23277
10,17760.281965,25899
11,17706.455493,28525
12,17706.455493,31150
13,17706.455493,33774
14,17678.483828,36397
15,17661.522509,39022
16,17653.191524,41644
17,17640.814308,44266
18,17640.814308,46888
19,17633.526722,49510
20,17633.526722,52132
21,17621.847083,54754
22,17621.847083,57376
23,17621.847083,59998
24,17621.847083,62620
25,17620.292040,65242
26,17620.292040,67864
27,17616.490611,70484
28,17616.490611,73105
29,17616.490611,75727
30,17616.490611,78350
31,17616.490611,80975
32,17616.490611,83600
33,17616.490611,86224
34,17614.751119,88848
35,17614.751119,91472
36,17614.751119,94096
37,17614.751119,96720
38,17614.751119,99344
39,17614.751119,101968
40,17614.751119,104593
41,17612.974659,107218
42,17612.974659,109843
43,17612.974659,112468
44,17612.974659,115094
45,17612.974659,117720
46,17612.974659,120346
47,17612.974659,122972
48,17612.974659,125598
49,17612.974659,128224
50,17612.974659,130850
51,17609.389621,133476
52,17609.025090,136102
53,17609.025090,138728
54,17609.025090,141354
55,17609.025090,143980
56,17609.025090,146606
57,17609.025090,149232
58,17609.025090,151858
59,17609.025090,154484
60,17609.025090,157110
61,17609.025090,159736
62,17609.025090,162362
63,17609.025090,164988
64,17609.025090,167614
65,17609.025090,170240
66,17609.025090,172866
67,17609.025090,175492
68,17609.025090,178118
69,17609.025090,180744
70,17609.025090,183370
71,17609.025090,185996
72,17609.025090,188622
73,17609.025090,191248
74,17609.025090,193874
75,17609.025090,196500
76,17609.025090,199126
77,17609.025090,201752
78,17609.025090,204378
79,17609.025090,207004
80,17609.025090,209630
81,17609.025090,212256
82,17609.025090,214882
83,17609.025090,217508
84,17609.025090,220134
85,17609.025090,222760
86,17609.025090,225386
87,17607.004999,228012
88,17603.407655,230638
89,17603.407655,233264
90,17603.407655,235890
91,17603.407655,238516
92,17603.407655,241142
93,17603.407655,243768
94,17603.407655,246394
95,17603.407655,249020
96,17603.407655,251646
97,17603.407655,254272
98,17603.407655,256898
99,17603.407655,259524
100,17603.407655,262150
101,17603.407655,264776
102,17603.407655,267402
103,17603.407655,270028
104,17603.407655,272654
105,17603.407655,275280
106,17603.407655,277906
107,17603.407655,280532
108,17603.407655,283158
109,17603.407655,285784
110,17603.407655,288410
111,17603.407655,291036
112,17603.407655,293662
113,17603.407655,296288
114,17603.407655,298914
115,17603.407655,301540
116,17603.407655,304166
117,17603.407655,306792
118,17603.407655,309418
119,17603.407655,312044
120,17603.407655,314670
121,17602.752800,317296
122,17602.752800,319922
123,17602.752800,322548
124,17602.752800,325174
125,17602.752800,327800
126,17602.752800,330426
127,17602.752800,333052
128,17602.752800,335678
129,17602.752800,338304
130,17602.752800,340930
131,17602.752800,343556
132,17602.752800,346182
133,17602.752800,348808
134,17602.752800,351434
135,17602.752800,354060
136,17602.752800,356686
137,17600.846043,359312
138,17600.846043,361938
139,17600.846043,364564
140,17600.846043,367190
141,17600.846043,369816
142,17600.846043,372442
143,17600.846043,375068
144,17600.846043,377694
145,17600.846043,380320
146,17599.256605,382946
147,17599.256605,385572
148,17599.256605,388198
149,17599.256605,390824
150,17599.256605,393450
151,17599.256605,396076
152,17599.256605,398702
153,17599.256605,401328
154,17599.256605,403954
155,17599.256605,406580
156,17599.256605,409206
157,17599.256605,411832
158,17599.256605,414458
159,17599.256605,417084
160,17599.256605,419710
161,17599.256605,422336
162,17599.256605,424962
163,17599.256605,427588
164,17599.256605,430214
165,17598.288303,432840
166,17598.288303,435466
167,17598.288303,438092
168,17598.288303,440718
169,17598.258764,443344
170,17598.258764,445970
171,17598.258764,448596
172,17598.258764,451222
173,17598.258764,453848
174,17598.258764,456474
175,17598.258764,459100
176,17598.258764,461726
177,17598.258764,464352
178,17598.258764,466978
179,17598.258764,469604
180,17598.258764,472230
181,17598.258764,474856
182,17598.258764,477482
183,17598.258764,480108
184,17598.258764,482734
185,17598.258764,485360
186,17598.258764,487986
187,17598.258764,490612
188,17598.258764,493238
189,17598.258764,495864
190,17598.258764,498490
191,17598.258764,501116
192,17598.258764,503742
193,17598.258764,506368
194,17598.258764,508994
195,17598.258764,511620
196,17598.258764,514246
197,17598.258764,516872
198,17598.258764,519498
199,17598.258764,522124
200,17598.258764,524750
201,17598.258764,527376
202,17598.258764,530002
203,17598.258764,532628
204,17598.258764,535254
205,17598.258764,537880
206,17598.258764,540506
207,17598.258764,543132
208,17598.258764,545758
209,17598.258764,548384
210,17598.258764,551010
211,17598.258764,553636
212,17598.258764,556262
213,17598.258764,558888
214,17598.258764,561514
215,17598.258764,564140
216,17598.258764,566766
217,17598.258764,569392
218,17598.258764,572018
219,17598.258764,574644
220,17598.258764,577270
221,17598.258764,579896
222,17598.258764,582522
223,17598.258764,585148
224,17598.258764,587774
225,17597.073299,590400
226,17597.073299,593026
227,17597.073299,595652
228,17597.073299,598278
229,17597.073299,600904
230,17597.073299,603530
231,17597.073299,606156
232,17597.073299,608782
233,17597.073299,611408
234,17597.073299,614034
235,17597.073299,616660
236,17597.073299,619286
237,17597.073299,621912
238,17597.073299,624538
239,17597.073299,627164
240,17597.073299,629790
241,17597.073299,632416
242,17597.073299,635042
243,17597.073299,637668
244,17597.073299,640294
245,17597.073299,642920
246,17597.073299,645546
247,17597.073299,648172
248,17597.073299,650798
249,17597.073299,653424
250,17597.073299,656050
251,17597.073299,658676
252,17597.073299,661302
253,17597.073299,663928
254,17597.073299,666554
255,17597.073299,669180
256,17597.073299,671806
257,17597.073299,674432
258,17597.073299,677058
259,17597.073299,679684
260,17597.073299,682310
261,17597.073299,684936
262,17597.073299,687562
263,17597.073299,690188
264,17597.073299,692814
265,17597.073299,695440
266,17597.073299,698066
267,17597.073299,700692
268,17597.073299,703318
269,17597.073299,705944
270,17597.073299,708570
271,17597.073299,711196
272,17597.073299,713822
273,17597.073299,716448
274,17597.073299,719074
275,17597.073299,721700
276,17597.073299,724326
277,17597.073299,726952
278,17597.073299,729578
279,17597.073299,732204
280,17597.073299,734830
281,17597.073299,737456
282,17596.206300,740082
283,17596.206300,742708
284,17596.206300,745334
285,17596.206300,747960
286,17596.206300,750586
287,17596.206300,753212
288,17596.206300,755838
289,17596.206300,758464
290,17596.206300,761090
291,17596.206300,763716
292,17596.206300,766342
293,17596.206300,768968
294,17596.206300,771594
295,17596.206300,774220
296,17596.206300,776846
297,17596.206300,779472
298,17596.206300,782098
299,17596.206300,784724
300,17596.206300,787350
301,17596.206300,789976
302,17596.206300,792602
303,17596.206300,795228
304,17596.206300,797854
305,17596.206300,800480
306,17596.206300,803106
307,17596.206300,805732
308,17596.206300,808358
309,17596.206300,810984
310,17596.206300,813610
311,17596.206300,816236
312,17596.206300,818862
17596.206300,84.988448
1,18361.603511,2376
2,18231.921889,5005
3,18162.331284,7624
4,18162.331284,10240
5,17850.301417,12850
6,17771.693273,15457
7,17760.266322,18078
8,17760.266322,20701
9,17760.266322,23325
10,17760.266322,25951
11,17707.919456,28577
12,17699.829371,31202
13,17699.829371,33827
14,17658.540033,36453
15,17647.769554,39078
16,17647.769554,41704
17,17647.769554,44331
18,17647.769554,46958
19,17647.769554,49585
20,17640.271201,52212
21,17640.271201,54839
22,17640.271201,57466
23,17638.795217,60094
24,17638.795217,62723
25,17638.795217,65352
26,17638.795217,67981
27,17634.971968,70610
28,17634.971968,73239
29,17629.518884,75869
30,17629.518884,78499
31,17629.518884,81129
32,17629.518884,83759
33,17628.832403,86389
34,17628.832403,89019
35,17628.832403,91649
36,17628.832403,94279
37,17628.832403,96909
38,17628.832403,99539
39,17628.832403,102169
40,17628.832403,104800
41,17623.777594,107431
42,17623.777594,110063
43,17623.777594,112695
44,17623.777594,115327
45,17623.777594,117959
46,17618.105752,120591
47,17617.569510,123223
48,17617.569510,125855
49,17616.742036,128487
50,17615.798433,131119
51,17615.798433,133751
52,17615.798433,136383
53,17615.798433,139015
54,17615.798433,141647
55,17615.798433,144279
56,17615.798433,146911
57,17615.798433,149543
58,17615.798433,152175
59,17615.798433,154807
60,17615.798433,157439
61,17615.798433,160071
62,17612.733319,162703
63,17612.733319,165335
64,17612.733319,167967
65,17612.733319,170599
66,17612.733319,173231
67,17612.733319,175863
68,17612.733319,178495
69,17612.733319,181127
70,17612.733319,183759
71,17612.733319,186391
72,17605.198651,189023
73,17605.198651,191655
74,17605.198651,194287
75,17605.198651,196919
76,17605.198651,199551
77,17605.198651,202183
78,17605.198651,204815
79,17605.198651,207447
80,17605.198651,210079
81,17605.198651,212711
82,17605.198651,215343
83,17605.198651,217975
84,17605.198651,220607
85,17605.198651,223239
86,17605.198651,225871
87,17605.198651,228503
88,17605.198651,231135
89,17605.198651,233767
90,17605.198651,236399
91,17605.198651,239031
92,17605.198651,241663
93,17603.520422,244295
94,17603.520422,246927
95,17603.146647,249559
96,17603.146647,252191
97,17603.146647,254823
98,17603.023974,257455
99,17603.023974,260087
100,17603.023974,262719
101,17603.023974,265351
102,17603.023974,267983
103,17603.023974,270615
104,17603.023974,273247
105,17603.023974,275879
106,17603.023974,278511
107,17602.983793,281143
108,17602.983793,283775
109,17602.983793,286407
110,17602.983793,289039
111,17602.983793,291671
112,17602.983793,294303
113,17602.983793,296935
114,17602.983793,299567
115,17602.983793,302199
116,17602.983793,304831
117,17602.983793,307463
118,17602.983793,310095
119,17602.593913,312727
120,17602.593913,315359
121,17602.593913,317991
122,17602.593913,320623
123,17602.224740,323255
124,17602.224740,325887
125,17602.224740,328519
126,17602.224740,331151
127,17602.224740,333783
128,17602.224740,336415
129,17602.224740,339047
130,17602.224740,341679
131,17602.224740,344311
132,17602.224740,346943
133,17602.224740,349575
134,17602.224740,352207
135,17602.224740,354839
136,17602.224740,357471
137,17602.224740,360103
138,17602.224740,362735
139,17602.224740,365367
140,17602.224740,367999
141,17602.224740,370631
142,17602.224740,373263
143,17602.224740,375895
144,17602.224740,378527
145,17602.224740,381159
146,17602.224740,383791
147,17602.224740,386423
148,17602.224740,389055
149,17602.224740,391687
150,17602.224740,394319
151,17602.224740,396951
152,17602.224740,399583
153,17602.224740,402215
154,17602.224740,404847
155,17602.224740,407479
156,17602.224740,410111
157,17602.224740,412743
158,17602.224740,415375
159,17602.224740,418007
160,17602.224740,420639
161,17602.224740,423271
162,17602.224740,425903
163,17602.224740,428535
164,17602.224740,431167
165,17602.224740,433799
166,17602.224740,436431
167,17602.224740,439063
168,17602.224740,441695
169,17602.224740,444327
170,17602.224740,446959
171,17602.224740,449591
172,17602.224740,452223
173,17602.224740,454855
174,17602.224740,457487
175,17602.224740,460119
176,17602.224740,462751
177,17602.224740,465383
178,17602.224740,468015
179,17602.224740,470647
180,17602.224740,473279
181,17602.224740,475911
182,17602.224740,478543
183,17602.224740,481175
184,17602.224740,483807
185,17602.224740,486439
186,17602.224740,489071
187,17602.224740,491703
188,17602.224740,494335
189,17602.224740,496967
190,17602.224740,499599
191,17602.224740,502231
192,17602.224740,504863
193,17602.224740,507495
194,17602.224740,510127
195,17602.224740,512759
196,17602.224740,515391
197,17602.224740,518023
198,17602.224740,520655
199,17602.224740,523287
200,17602.224740,525919
201,17602.224740,528551
202,17602.224740,531183
203,17602.224740,533815
204,17602.224740,536447
205,17602.224740,539079
206,17602.224740,541711
207,17602.224740,544343
208,17602.224740,546975
209,17602.224740,549607
210,17602.224740,552239
211,17602.224740,554871
212,17602.224740,557503
213,17602.224740,560135
214,17602.224740,562767
215,17602.224740,565399
216,17602.224740,568031
217,17602.224740,570663
218,17602.224740,573295
219,17602.224740,575927
220,17602.224740,578559
221,17602.224740,581191
222,17602.224740,583823
223,17602.224740,586455
224,17602.224740,589087
225,17602.224740,591719
226,17602.224740,594351
227,17602.224740,596983
228,17602.224740,599615
229,17602.224740,602247
230,17602.224740,604879
231,17602.224740,607511
232,17602.224740,610143
233,17602.224740,612775
234,17602.224740,615407
235,17602.224740,618039
236,17602.224740,620671
237,17602.224740,623303
238,17602.224740,625935
239,17602.224740,628567
240,17602.224740,631199
241,17602.224740,633831
242,17602.224740,636463
243,17602.224740,639095
244,17602.224740,641727
245,17602.224740,644359
246,17602.224740,646991
247,17602.224740,649623
248,17602.224740,652255
249,17602.224740,654887
250,17602.224740,657519
251,17602.224740,660151
252,17602.224740,662783
253,17602.224740,665415
254,17602.224740,668047
255,17602.224740,670679
256,17602.224740,673311
257,17602.224740,675943
258,17602.224740,678575
259,17602.224740,681207
260,17602.224740,683839
261,17602.224740,686471
262,17602.224740,689103
263,17602.224740,691735
264,17602.224740,694367
265,17602.224740,696999
266,17602.224740,699631
267,17602.224740,702263
268,17602.224740,704895
269,17602.224740,707527
270,17602.224740,710159
271,17602.224740,712791
272,17602.224740,715423
273,17602.224740,718055
274,17602.224740,720687
275,17602.224740,723319
276,17602.224740,725951
277,17602.224740,728583
278,17602.224740,731215
279,17602.224740,733847
280,17602.224740,736479
281,17602.224740,739111
282,17602.224740,741743
283,17602.224740,744375
284,17602.224740,747007
285,17602.224740,749639
286,17602.224740,752271
287,17602.224740,754903
288,17602.224740,757535
289,17602.224740,760167
290,17602.224740,762799
291,17602.224740,765431
292,17602.224740,768063
293,17602.224740,770695
294,17602.224740,773327
295,17602.224740,775959
296,17602.224740,778591
297,17602.224740,781223
298,17602.224740,783855
299,17602.224740,786487
300,17602.224740,789119
301,17602.224740,791751
302,17602.224740,794383
303,17602.224740,797015
304,17602.224740,799647
305,17602.224740,802279
306,17602.224740,804911
307,17602.224740,807543
308,17602.224740,810175
309,17602.224740,812807
310,17602.224740,815439
311,17602.224740,818071
17602.224740,84.511470
1,18398.042092,2376
2,18398.042092,5026
3,18091.160161,7666
4,17964.724636,10295
5,17793.825166,12923
6,17757.898938,15567
7,17731.763307,18218
8,17713.219526,20871
9,17689.344825,23524
10,17681.755568,26180
11,17681.755568,28836
12,17659.644289,31492
13,17649.323506,34147
14,17641.186201,36803
15,17634.281470,39459
16,17634.281470,42116
17,17629.885307,44773
18,17629.885307,47430
19,17629.885307,50087
20,17629.615008,52743
21,17629.615008,55400
22,17629.531603,58057
23,17627.623510,60714
24,17627.623510,63371
25,17627.623510,66028
26,17626.974331,68685
27,17626.266965,71342
28,17626.266965,73999
29,17626.266965,76657
30,17625.758317,79314
31,17625.758317,81972
32,17625.758317,84630
33,17624.920234,87288
34,17624.920234,89946
35,17624.920234,92604
36,17623.387619,95262
37,17622.912956,97920
38,17622.912956,100578
39,17622.912956,103237
40,17622.353326,105893
41,17622.353326,108551
42,17622.353326,111210
43,17622.353326,113869
44,17622.353326,116528
45,17622.213505,119186
46,17622.213505,121844
47,17622.213505,124502
48,17622.213505,127160
49,17622.213505,129818
50,17622.213505,132476
51,17622.110614,135134
52,17621.580034,137792
53,17620.836549,140450
54,17620.836549,143108
55,17620.836549,145767
56,17620.836549,148426
57,17620.836549,151085
58,17620.836549,153744
59,17620.836549,156403
60,17620.836549,159062
61,17617.374263,161721
62,17617.374263,164380
63,17617.332985,167038
64,17617.332985,169696
65,17615.437977,172354
66,17615.437977,175012
67,17615.437977,177670
68,17613.736484,180328
69,17613.736484,182986
70,17613.736484,185644
71,17613.736484,188302
72,17613.736484,190960
73,17612.753253,193618
74,17612.753253,196276
75,17612.753253,198934
76,17612.753253,201592
77,17612.753253,204250
78,17612.753253,206908
79,17612.753253,209566
80,17612.753253,212224
81,17612.753253,214882
82,17612.753253,217540
83,17612.753253,220198
84,17612.753253,222856
85,17612.753253,225515
86,17612.753253,228174
87,17612.753253,230833
88,17612.753253,233492
89,17612.753253,236151
90,17612.753253,238810
91,17612.753253,241469
92,17611.495177,244128
93,17611.495177,246787
94,17611.495177,249446
95,17611.495177,252105
96,17611.495177,254764
97,17611.490873,257423
98,17611.490873,260082
99,17611.490873,262741
100,17611.490873,265400
101,17609.951675,268059
102,17609.951675,270718
103,17609.951675,273377
104,17609.951675,276036
105,17609.951675,278695
106,17609.951675,281354
107,17609.951675,284013
108,17609.951675,286672
109,17609.951675,289331
110,17609.951675,291990
111,17606.376741,294649
112,17606.376741,297308
113,17606.376741,299967
114,17606.376741,302626
115,17606.376741,305285
116,17606.376741,307944
117,17606.376741,310603
118,17606.376741,313262
119,17606.376741,315921
120,17606.193723,318580
121,17606.193723,321239
122,17606.193723,323898
123,17606.193723,326557
124,17606.193723,329216
125,17606.193723,331875
126,17606.193723,334534
127,17606.193723,337193
128,17606.193723,339852
129,17606.193723,342511
130,17606.193723,345170
131,17606.193723,347829
132,17606.193723,350488
133,17606.193723,353147
134,17606.193723,355806
135,17606.193723,358465
136,17606.193723,361124
137,17606.193723,363783
138,17606.193723,366442
139,17606.193723,369101
140,17606.193723,371760
141,17606.193723,374419
142,17606.193723,377078
143,17606.193723,379737
144,17606.193723,382396
145,17606.193723,385055
146,17606.193723,387714
147,17606.193723,390373
148,17606.193723,393032
149,17606.193723,395691
150,17606.193723,398350
151,17606.193723,401009
152,17606.193723,403668
153,17606.193723,406327
154,17606.193723,408986
155,17606.193723,411645
156,17606.193723,414304
157,17606.193723,416963
158,17602.983709,419622
159,17602.983709,422281
160,17602.983709,424940
161,17602.983709,427599
162,17602.983709,430258
163,17602.983709,432917
164,17602.983709,435576
165,17602.983709,438235
166,17602.983709,440894
167,17602.983709,443553
168,17602.983709,446212
169,17602.983709,448871
170,17602.983709,451530
171,17602.983709,454189
172,17602.983709,456848
173,17602.983709,459507
174,17602.983709,462166
175,17602.983709,464825
176,17602.983709,467484
177,17602.983709,470143
178,17602.983709,472802
179,17602.983709,475461
180,17602.742343,478120
181,17602.742343,480779
182,17602.742343,483438
183,17602.742343,486097
184,17602.742343,488756
185,17602.742343,491415
186,17600.616758,494074
187,17600.616758,496733
188,17600.616758,499392
189,17600.616758,502051
190,17600.616758,504710
191,17600.616758,507369
192,17600.616758,510028
193,17600.616758,512687
194,17600.616758,515346
195,17600.616758,518005
196,17600.616758,520664
197,17600.616758,523323
198,17600.616758,525982
199,17600.616758,528641
200,17600.616758,531300
201,17600.616758,533959
202,17600.616758,536618
203,17600.616758,539277
204,17600.616758,541936
205,17600.616758,544595
206,17600.616758,547254
207,17600.616758,549913
208,17600.616758,552572
209,17600.616758,555231
210,17600.616758,557890
211,17600.616758,560549
212,17600.616758,563208
213,17600.616758,565867
214,17600.616758,568526
215,17600.616758,571185
216,17600.616758,573844
217,17600.616758,576503
218,17600.616758,579162
219,17600.616758,581821
220,17600.616758,584480
221,17600.616758,587139
222,17600.616758,589798
223,17600.616758,592457
224,17600.616758,595116
225,17600.616758,597775
226,17600.616758,600433
227,17600.616758,603092
228,17600.616758,605751
229,17600.616758,608410
230,17600.616758,611069
231,17600.616758,613728
232,17600.616758,616387
233,17600.616758,619046
234,17600.616758,621705
235,17600.616758,624364
236,17600.616758,627023
237,17600.616758,629682
238,17600.616758,632341
239,17600.616758,635000
240,17600.616758,637659
241,17600.616758,640318
242,17600.616758,642977
243,17600.616758,645636
244,17600.616758,648295
245,17600.616758,650954
246,17600.616758,653613
247,17600.616758,656272
248,17600.616758,658931
249,17600.616758,661590
250,17600.616758,664249
251,17600.616758,666908
252,17600.616758,669567
253,17600.616758,672226
254,17600.616758,674885
255,17600.616758,677544
256,17600.616758,680203
257,17600.616758,682862
258,17600.616758,685521
259,17600.616758,688180
260,17600.616758,690839
261,17600.616758,693498
262,17600.616758,696157
263,17600.616758,698816
264,17600.616758,701475
265,17600.616758,704134
266,17600.616758,706793
267,17600.616758,709452
268,17600.616758,712111
269,17600.616758,714770
270,17600.616758,717429
271,17600.616758,720088
272,17600.616758,722747
273,17600.616758,725406
274,17600.616758,728065
275,17600.616758,730724
276,17600.616758,733383
277,17600.616758,736042
278,17600.616758,738701
279,17600.616758,741360
280,17600.616758,744019
281,17600.616758,746678
282,17600.616758,749337
283,17600.616758,751996
284,17600.616758,754655
285,17600.616758,757314
286,17600.616758,759973
287,17600.616758,762632
288,17600.616758,765291
289,17600.616758,767950
290,17600.616758,770609
291,17600.616758,773268
292,17600.616758,775927
293,17600.616758,778586
294,17600.616758,781245
295,17600.616758,783904
296,17600.616758,786563
297,17600.616758,789222
298,17600.616758,791881
299,17600.616758,794540
300,17600.616758,797199
301,17600.616758,799858
302,17600.616758,802517
303,17600.616758,805176
304,17600.616758,807835
305,17600.616758,810494
306,17600.616758,813153
307,17600.616758,815812
308,17600.616758,818471
17600.616758,84.041070
