1,2789109.436163,2376
2,2789109.436163,4946
3,2762809.525995,7366
4,2762809.525995,9833
5,2762809.525995,12317
6,2762809.525995,14797
7,2762809.525995,17265
8,2762809.525995,19740
9,2762809.525995,22188
10,2762809.525995,24608
11,2762809.525995,27003
12,2762809.525995,29408
13,2762809.525995,31794
14,2762809.525995,34180
15,2762809.525995,36571
16,2762809.525995,38947
17,2762809.525995,41323
18,2762809.525995,43699
19,2762809.525995,46075
20,2762809.525995,48451
21,2762809.525995,50827
22,2762809.525995,53203
23,2762809.525995,55579
24,2762809.525995,57955
25,2762809.525995,60331
26,2762809.525995,62707
27,2762809.525995,65083
28,2762809.525995,67459
29,2762809.525995,69835
30,2762809.525995,72211
31,2762809.525995,74587
32,2762809.525995,76967
33,2762809.525995,79361
34,2762809.525995,81760
35,2762809.525995,84177
36,2762809.525995,86588
37,2762809.525995,88991
38,2762809.525995,91390
39,2762809.525995,93798
40,2762809.525995,96217
41,2762809.525995,98609
42,2762809.525995,101009
43,2762809.525995,103419
44,2762809.525995,105836
45,2762809.525995,108238
46,2762809.525995,110659
47,2762809.525995,113077
48,2762809.525995,115463
49,2762809.525995,117857
50,2762809.525995,120245
51,2762809.525995,122639
52,2762809.525995,125029
53,2762809.525995,127421
54,2762809.525995,129815
55,2762809.525995,132215
56,2762809.525995,134601
57,2762809.525995,136992
58,2762809.525995,139379
59,2762809.525995,141769
60,2762809.525995,144171
61,2762809.525995,146581
62,2762809.525995,148989
63,2762809.525995,151373
64,2762809.525995,153767
65,2762809.525995,156169
66,2762809.525995,158581
67,2762809.525995,161003
68,2762809.525995,163415
69,2762809.525995,165822
70,2762809.525995,168230
71,2762809.525995,170649
72,2762809.525995,173068
73,2762809.525995,175479
74,2762809.525995,177899
75,2762809.525995,180294
76,2762809.525995,182693
77,2762809.525995,185085
78,2762809.525995,187498
79,2762809.525995,189892
80,2762809.525995,192277
81,2762809.525995,194654
82,2762809.525995,197039
83,2762809.525995,199425
84,2762809.525995,201817
85,2762809.525995,204221
86,2762809.525995,206616
87,2762809.525995,209012
88,2762809.525995,211399
89,2762809.525995,213779
90,2762809.525995,216175
91,2762809.525995,218570
92,2762809.525995,220958
93,2762809.525995,223346
94,2762809.525995,225736
95,2762809.525995,228138
96,2762809.525995,230544
97,2762809.525995,232943
98,2762809.525995,235342
99,2762809.525995,237751
100,2762809.525995,240142
101,2762809.525995,242543
102,2762809.525995,244948
103,2762809.525995,247360
104,2762809.525995,249790
105,2762809.525995,252210
106,2762809.525995,254631
107,2762809.525995,257051
108,2762809.525995,259467
109,2762809.525995,261872
110,2762809.525995,264254
111,2762809.525995,266638
112,2762809.525995,269025
113,2762809.525995,271404
114,2762809.525995,273799
115,2762809.525995,276181
116,2762809.525995,278565
117,2762809.525995,280958
118,2762809.525995,283357
119,2762809.525995,285767
120,2762809.525995,288179
121,2762809.525995,290603
122,2762809.525995,293017
123,2762809.525995,295407
124,2762809.525995,297790
125,2762809.525995,300176
126,2762809.525995,302571
127,2762809.525995,304973
128,2762809.525995,307378
129,2762809.525995,309783
130,2762809.525995,312197
131,2762809.525995,314584
132,2762809.525995,316977
133,2762809.525995,319383
134,2762809.525995,321773
135,2762809.525995,324176
136,2762809.525995,326589
137,2762809.525995,328994
138,2762809.525995,331377
139,2762809.525995,333777
140,2762809.525995,336168
141,2762809.525995,338565
142,2762809.525995,340951
143,2762809.525995,343348
144,2762809.525995,345766
145,2762809.525995,348154
146,2762809.525995,350576
147,2762809.525995,352976
148,2762809.525995,355366
149,2762809.525995,357750
150,2762809.525995,360128
151,2762809.525995,362514
152,2762809.525995,364893
153,2762809.525995,367273
154,2762809.525995,369659
155,2762809.525995,372052
156,2762809.525995,374443
157,2762809.525995,376845
158,2762809.525995,379252
159,2762809.525995,381638
160,2762809.525995,384025
161,2762809.525995,386415
162,2762809.525995,388802
163,2762809.525995,391189
164,2762809.525995,393584
165,2762809.525995,395982
166,2762809.525995,398386
167,2762809.525995,400768
168,2762809.525995,403167
169,2762809.525995,405559
170,2762809.525995,407958
171,2762809.525995,410362
172,2762809.525995,412773
173,2762809.525995,415178
174,2762809.525995,417593
175,2762809.525995,419998
176,2762809.525995,422412
177,2762809.525995,424834
178,2762809.525995,427249
179,2762809.525995,429640
180,2762809.525995,432028
181,2762809.525995,434406
182,2762809.525995,436784
183,2762809.525995,439163
184,2762809.525995,441544
185,2762809.525995,443926
186,2762809.525995,446316
187,2762809.525995,448699
188,2762809.525995,451089
189,2762809.525995,453487
190,2762809.525995,455898
191,2762809.525995,458327
192,2762809.525995,460749
193,2762809.525995,463167
194,2762809.525995,465576
195,2762809.525995,467971
196,2762809.525995,470384
197,2762809.525995,472798
198,2762809.525995,475221
199,2762809.525995,477634
200,2762809.525995,480051
201,2762809.525995,482476
202,2762809.525995,484888
203,2762809.525995,487314
204,2762809.525995,489717
205,2762809.525995,492125
206,2762809.525995,494528
207,2762809.525995,496936
208,2762809.525995,499334
209,2762809.525995,501717
210,2762809.525995,504112
211,2762809.525995,506495
212,2762809.525995,508891
213,2762809.525995,511289
214,2762809.525995,513665
215,2762809.525995,516054
216,2762809.525995,518430
217,2762809.525995,520806
218,2762809.525995,523202
219,2762809.525995,525582
220,2762809.525995,527962
221,2762809.525995,530346
222,2762809.525995,532738
223,2762809.525995,535134
224,2762809.525995,537516
225,2762809.525995,539898
226,2762809.525995,542280
227,2762809.525995,544675
228,2762809.525995,547058
229,2762809.525995,549442
230,2762809.525995,551832
231,2762809.525995,554223
232,2762809.525995,556624
233,2762809.525995,559045
234,2762809.525995,561467
235,2762809.525995,563868
236,2762809.525995,566257
237,2762809.525995,568654
238,2762809.525995,571049
239,2762809.525995,573457
240,2762809.525995,575876
241,2762809.525995,578303
242,2762809.525995,580737
243,2762809.525995,583142
244,2762809.525995,585565
245,2762809.525995,587977
246,2762809.525995,590393
247,2762809.525995,592794
248,2762809.525995,595185
249,2762809.525995,597603
250,2762809.525995,599988
251,2762809.525995,602375
252,2762809.525995,604773
253,2762809.525995,607161
254,2762809.525995,609541
255,2762809.525995,611927
256,2762809.525995,614304
257,2762809.525995,616681
258,2762809.525995,619060
259,2762809.525995,621441
260,2762809.525995,623825
261,2762809.525995,626219
262,2762809.525995,628600
263,2762809.525995,630982
264,2762809.525995,633372
265,2762809.525995,635761
266,2762809.525995,638152
267,2762809.525995,640563
268,2762809.525995,642949
269,2762809.525995,645344
270,2762809.525995,647728
271,2762809.525995,650119
272,2762809.525995,652515
273,2762809.525995,654917
274,2762809.525995,657331
275,2762809.525995,659748
276,2762809.525995,662151
277,2762809.525995,664549
278,2762809.525995,666965
279,2762809.525995,669374
280,2762809.525995,671769
281,2762809.525995,674167
282,2762809.525995,676559
283,2762809.525995,678943
284,2762809.525995,681332
285,2762809.525995,683727
286,2762809.525995,686126
287,2762809.525995,688511
288,2762809.525995,690899
289,2762809.525995,693291
290,2762809.525995,695671
291,2762809.525995,698064
292,2762809.525995,700442
293,2762809.525995,702822
294,2762809.525995,705205
295,2762809.525995,707595
296,2762809.525995,710005
297,2762809.525995,712398
298,2762809.525995,714794
299,2762809.525995,717181
300,2762809.525995,719567
2762809.525995,40.757243
1,2789109.436163,2376
2,2789109.436163,4904
3,2762809.525995,7300
4,2762809.525995,9734
5,2762809.525995,12194
6,2762809.525995,14641
7,2762809.525995,17091
8,2762809.525995,19524
9,2762809.525995,21959
10,2762809.525995,24367
11,2762809.525995,26754
12,2762809.525995,29148
13,2762809.525995,31552
14,2762809.525995,33950
15,2762809.525995,36352
16,2762809.525995,38755
17,2762809.525995,41148
18,2762809.525995,43544
19,2762809.525995,45936
20,2762809.525995,48322
21,2762809.525995,50711
22,2762809.525995,53097
23,2762809.525995,55473
24,2762809.525995,57856
25,2762809.525995,60235
26,2762809.525995,62628
27,2762809.525995,65025
28,2762809.525995,67418
29,2762809.525995,69820
30,2762809.525995,72220
31,2762809.525995,74601
32,2762809.525995,76991
33,2762809.525995,79385
34,2762809.525995,81772
35,2762809.525995,84160
36,2762809.525995,86550
37,2762809.525995,88926
38,2762809.525995,91305
39,2762809.525995,93691
40,2762809.525995,96078
41,2762809.525995,98470
42,2762809.525995,100853
43,2762809.525995,103247
44,2762809.525995,105650
45,2762809.525995,108044
46,2762809.525995,110429
47,2762809.525995,112815
48,2762809.525995,115191
49,2762809.525995,117567
50,2762809.525995,119953
51,2762809.525995,122349
52,2762809.525995,124750
53,2762809.525995,127146
54,2762809.525995,129532
55,2762809.525995,131923
56,2762809.525995,134307
57,2762809.525995,136693
58,2762809.525995,139083
59,2762809.525995,141466
60,2762809.525995,143856
61,2762809.525995,146257
62,2762809.525995,148670
63,2762809.525995,151073
64,2762809.525995,153478
65,2762809.525995,155876
66,2762809.525995,158274
67,2762809.525995,160662
68,2762809.525995,163051
69,2762809.525995,165444
70,2762809.525995,167845
71,2762809.525995,170246
72,2762809.525995,172636
73,2762809.525995,175030
74,2762809.525995,177427
75,2762809.525995,179826
76,2762809.525995,182217
77,2762809.525995,184610
78,2762809.525995,187016
79,2762809.525995,189417
80,2762809.525995,191815
81,2762809.525995,194210
82,2762809.525995,196591
83,2762809.525995,198975
84,2762809.525995,201360
85,2762809.525995,203749
86,2762809.525995,206136
87,2762809.525995,208528
88,2762809.525995,210929
89,2762809.525995,213334
90,2762809.525995,215748
91,2762809.525995,218174
92,2762809.525995,220575
93,2762809.525995,222974
94,2762809.525995,225387
95,2762809.525995,227787
96,2762809.525995,230182
97,2762809.525995,232573
98,2762809.525995,234965
99,2762809.525995,237360
100,2762809.525995,239736
101,2762809.525995,242114
102,2762809.525995,244494
103,2762809.525995,246877
104,2762809.525995,249266
105,2762809.525995,251660
106,2762809.525995,254056
107,2762809.525995,256442
108,2762809.525995,258818
109,2762809.525995,261197
110,2762809.525995,263583
111,2762809.525995,265974
112,2762809.525995,268378
113,2762809.525995,270787
114,2762809.525995,273190
115,2762809.525995,275573
116,2762809.525995,277963
117,2762809.525995,280354
118,2762809.525995,282734
119,2762809.525995,285116
120,2762809.525995,287505
121,2762809.525995,289897
122,2762809.525995,292297
123,2762809.525995,294702
124,2762809.525995,297105
125,2762809.525995,299505
126,2762809.525995,301900
127,2762809.525995,304300
128,2762809.525995,306699
129,2762809.525995,309095
130,2762809.525995,311506
131,2762809.525995,313920
132,2762809.525995,316323
133,2762809.525995,318709
134,2762809.525995,321097
135,2762809.525995,323493
136,2762809.525995,325887
137,2762809.525995,328296
138,2762809.525995,330701
139,2762809.525995,333113
140,2762809.525995,335525
141,2762809.525995,337940
142,2762809.525995,340350
143,2762809.525995,342762
144,2762809.525995,345169
145,2762809.525995,347583
146,2762809.525995,350004
147,2762809.525995,352400
148,2762809.525995,354802
149,2762809.525995,357198
150,2762809.525995,359584
151,2762809.525995,361973
152,2762809.525995,364365
153,2762809.525995,366754
154,2762809.525995,369146
155,2762809.525995,371542
156,2762809.525995,373942
157,2762809.525995,376351
158,2762809.525995,378753
159,2762809.525995,381151
160,2762809.525995,383541
161,2762809.525995,385940
162,2762809.525995,388324
163,2762809.525995,390708
164,2762809.525995,393101
165,2762809.525995,395491
166,2762809.525995,397889
167,2762809.525995,400277
168,2762809.525995,402671
169,2762809.525995,405061
170,2762809.525995,407437
171,2762809.525995,409813
172,2762809.525995,412189
173,2762809.525995,414576
174,2762809.525995,416965
175,2762809.525995,419348
176,2762809.525995,421734
177,2762809.525995,424128
178,2762809.525995,426531
179,2762809.525995,428936
180,2762809.525995,431331
181,2762809.525995,433728
182,2762809.525995,436124
183,2762809.525995,438525
184,2762809.525995,440934
185,2762809.525995,443325
186,2762809.525995,445738
187,2762809.525995,448135
188,2762809.525995,450544
189,2762809.525995,452931
190,2762809.525995,455311
191,2762809.525995,457698
192,2762809.525995,460088
193,2762809.525995,462464
194,2762809.525995,464843
195,2762809.525995,467230
196,2762809.525995,469619
197,2762809.525995,472012
198,2762809.525995,474399
199,2762809.525995,476793
200,2762809.525995,479184
201,2762809.525995,481576
202,2762809.525995,483972
203,2762809.525995,486359
204,2762809.525995,488751
205,2762809.525995,491141
206,2762809.525995,493541
207,2762809.525995,495933
208,2762809.525995,498327
209,2762809.525995,500730
210,2762809.525995,503123
211,2762809.525995,505505
212,2762809.525995,507891
213,2762809.525995,510288
214,2762809.525995,512688
215,2762809.525995,515078
216,2762809.525995,517456
217,2762809.525995,519839
218,2762809.525995,522225
219,2762809.525995,524617
220,2762809.525995,527012
221,2762809.525995,529411
222,2762809.525995,531804
223,2762809.525995,534187
224,2762809.525995,536571
225,2762809.525995,538947
226,2762809.525995,541323
227,2762809.525995,543699
228,2762809.525995,546077
229,2762809.525995,548460
230,2762809.525995,550844
231,2762809.525995,553232
232,2762809.525995,555627
233,2762809.525995,558027
234,2762809.525995,560426
235,2762809.525995,562823
236,2762809.525995,565219
237,2762809.525995,567603
238,2762809.525995,569989
239,2762809.525995,572375
240,2762809.525995,574762
241,2762809.525995,577157
242,2762809.525995,579550
243,2762809.525995,581947
244,2762809.525995,584336
245,2762809.525995,586732
246,2762809.525995,589132
247,2762809.525995,591547
248,2762809.525995,593952
249,2762809.525995,596369
250,2762809.525995,598764
251,2762809.525995,601171
252,2762809.525995,603573
253,2762809.525995,605966
254,2762809.525995,608364
255,2762809.525995,610768
256,2762809.525995,613185
257,2762809.525995,615583
258,2762809.525995,617972
259,2762809.525995,620358
260,2762809.525995,622748
261,2762809.525995,625143
262,2762809.525995,627532
263,2762809.525995,629922
264,2762809.525995,632301
265,2762809.525995,634683
266,2762809.525995,637071
267,2762809.525995,639457
268,2762809.525995,641852
269,2762809.525995,644245
270,2762809.525995,646630
271,2762809.525995,649018
272,2762809.525995,651405
273,2762809.525995,653808
274,2762809.525995,656184
275,2762809.525995,658560
276,2762809.525995,660950
277,2762809.525995,663357
278,2762809.525995,665740
279,2762809.525995,668129
280,2762809.525995,670522
281,2762809.525995,672909
282,2762809.525995,675305
283,2762809.525995,677692
284,2762809.525995,680080
285,2762809.525995,682466
286,2762809.525995,684865
287,2762809.525995,687252
288,2762809.525995,689644
289,2762809.525995,692027
290,2762809.525995,694418
291,2762809.525995,696801
292,2762809.525995,699187
293,2762809.525995,701576
294,2762809.525995,703972
295,2762809.525995,706376
296,2762809.525995,708752
297,2762809.525995,711131
298,2762809.525995,713507
299,2762809.525995,715883
300,2762809.525995,718259
301,2762809.525995,720638
2762809.525995,40.711326
1,2789109.436163,2376
2,2789109.436163,4915
3,2762809.525995,7342
4,2762809.525995,9790
5,2762809.525995,12249
6,2762809.525995,14724
7,2762809.525995,17173
8,2762809.525995,19597
9,2762809.525995,22042
10,2762809.525995,24476
11,2762809.525995,26875
12,2762809.525995,29266
13,2762809.525995,31657
14,2762809.525995,34050
15,2762809.525995,36438
16,2762809.525995,38828
17,2762809.525995,41225
18,2762809.525995,43610
19,2762809.525995,45995
20,2762809.525995,48377
21,2762809.525995,50759
22,2762809.525995,53139
23,2762809.525995,55515
24,2762809.525995,57891
25,2762809.525995,60267
26,2762809.525995,62658
27,2762809.525995,65034
28,2762809.525995,67410
29,2762809.525995,69791
30,2762809.525995,72175
31,2762809.525995,74567
32,2762809.525995,76966
33,2762809.525995,79362
34,2762809.525995,81754
35,2762809.525995,84186
36,2762809.525995,86613
37,2762809.525995,89027
38,2762809.525995,91456
39,2762809.525995,93847
40,2762809.525995,96248
41,2762809.525995,98657
42,2762809.525995,101047
43,2762809.525995,103439
44,2762809.525995,105849
45,2762809.525995,108243
46,2762809.525995,110649
47,2762809.525995,113057
48,2762809.525995,115439
49,2762809.525995,117825
50,2762809.525995,120216
51,2762809.525995,122622
52,2762809.525995,125018
53,2762809.525995,127435
54,2762809.525995,129836
55,2762809.525995,132250
56,2762809.525995,134644
57,2762809.525995,137051
58,2762809.525995,139448
59,2762809.525995,141843
60,2762809.525995,144234
61,2762809.525995,146630
62,2762809.525995,149012
63,2762809.525995,151403
64,2762809.525995,153794
65,2762809.525995,156187
66,2762809.525995,158583
67,2762809.525995,160982
68,2762809.525995,163384
69,2762809.525995,165768
70,2762809.525995,168151
71,2762809.525995,170542
72,2762809.525995,172938
73,2762809.525995,175355
74,2762809.525995,177748
75,2762809.525995,180146
76,2762809.525995,182560
77,2762809.525995,184977
78,2762809.525995,187383
79,2762809.525995,189784
80,2762809.525995,192172
81,2762809.525995,194559
82,2762809.525995,196953
83,2762809.525995,199341
84,2762809.525995,201744
85,2762809.525995,204139
86,2762809.525995,206557
87,2762809.525995,208991
88,2762809.525995,211396
89,2762809.525995,213795
90,2762809.525995,216221
91,2762809.525995,218658
92,2762809.525995,221072
93,2762809.525995,223484
94,2762809.525995,225900
95,2762809.525995,228307
96,2762809.525995,230706
97,2762809.525995,233103
98,2762809.525995,235506
99,2762809.525995,237900
100,2762809.525995,240296
101,2762809.525995,242682
102,2762809.525995,245069
103,2762809.525995,247458
104,2762809.525995,249848
105,2762809.525995,252240
106,2762809.525995,254634
107,2762809.525995,257033
108,2762809.525995,259431
109,2762809.525995,261811
110,2762809.525995,264194
111,2762809.525995,266579
112,2762809.525995,268968
113,2762809.525995,271363
114,2762809.525995,273766
115,2762809.525995,276164
116,2762809.525995,278568
117,2762809.525995,280968
118,2762809.525995,283349
119,2762809.525995,285729
120,2762809.525995,288111
121,2762809.525995,290498
122,2762809.525995,292880
123,2762809.525995,295270
124,2762809.525995,297659
125,2762809.525995,300055
126,2762809.525995,302446
127,2762809.525995,304843
128,2762809.525995,307244
129,2762809.525995,309640
130,2762809.525995,312027
131,2762809.525995,314403
132,2762809.525995,316786
133,2762809.525995,319175
134,2762809.525995,321556
135,2762809.525995,323946
136,2762809.525995,326339
137,2762809.525995,328722
138,2762809.525995,331120
139,2762809.525995,333522
140,2762809.525995,335924
141,2762809.525995,338338
142,2762809.525995,340743
143,2762809.525995,343139
144,2762809.525995,345527
145,2762809.525995,347917
146,2762809.525995,350307
147,2762809.525995,352691
148,2762809.525995,355073
149,2762809.525995,357453
150,2762809.525995,359834
151,2762809.525995,362217
152,2762809.525995,364605
153,2762809.525995,366986
154,2762809.525995,369379
155,2762809.525995,371771
156,2762809.525995,374161
157,2762809.525995,376547
158,2762809.525995,378936
159,2762809.525995,381328
160,2762809.525995,383723
161,2762809.525995,386122
162,2762809.525995,388526
163,2762809.525995,390920
164,2762809.525995,393317
165,2762809.525995,395712
166,2762809.525995,398135
167,2762809.525995,400561
168,2762809.525995,402978
169,2762809.525995,405423
170,2762809.525995,407857
171,2762809.525995,410277
172,2762809.525995,412704
173,2762809.525995,415092
174,2762809.525995,417491
175,2762809.525995,419883
176,2762809.525995,422276
177,2762809.525995,424668
178,2762809.525995,427063
179,2762809.525995,429441
180,2762809.525995,431836
181,2762809.525995,434219
182,2762809.525995,436604
183,2762809.525995,438991
184,2762809.525995,441384
185,2762809.525995,443786
186,2762809.525995,446219
187,2762809.525995,448662
188,2762809.525995,451082
189,2762809.525995,453487
190,2762809.525995,455877
191,2762809.525995,458279
192,2762809.525995,460696
193,2762809.525995,463112
194,2762809.525995,465529
195,2762809.525995,467952
196,2762809.525995,470352
197,2762809.525995,472757
198,2762809.525995,475141
199,2762809.525995,477530
200,2762809.525995,479923
201,2762809.525995,482318
202,2762809.525995,484704
203,2762809.525995,487104
204,2762809.525995,489496
205,2762809.525995,491897
206,2762809.525995,494302
207,2762809.525995,496695
208,2762809.525995,499096
209,2762809.525995,501502
210,2762809.525995,503902
211,2762809.525995,506312
212,2762809.525995,508701
213,2762809.525995,511089
214,2762809.525995,513484
215,2762809.525995,515898
216,2762809.525995,518282
217,2762809.525995,520682
218,2762809.525995,523070
219,2762809.525995,525473
220,2762809.525995,527849
221,2762809.525995,530251
222,2762809.525995,532656
223,2762809.525995,535032
224,2762809.525995,537441
225,2762809.525995,539844
226,2762809.525995,542248
227,2762809.525995,544663
228,2762809.525995,547073
229,2762809.525995,549492
230,2762809.525995,551887
231,2762809.525995,554275
232,2762809.525995,556676
233,2762809.525995,559074
234,2762809.525995,561492
235,2762809.525995,563877
236,2762809.525995,566267
237,2762809.525995,568662
238,2762809.525995,571067
239,2762809.525995,573462
240,2762809.525995,575867
241,2762809.525995,578274
242,2762809.525995,580660
243,2762809.525995,583052
244,2762809.525995,585440
245,2762809.525995,587830
246,2762809.525995,590223
247,2762809.525995,592620
248,2762809.525995,595008
249,2762809.525995,597397
250,2762809.525995,599788
251,2762809.525995,602178
252,2762809.525995,604581
253,2762809.525995,606991
254,2762809.525995,609399
255,2762809.525995,611805
256,2762809.525995,614216
257,2762809.525995,616617
258,2762809.525995,619004
259,2762809.525995,621380
260,2762809.525995,623774
261,2762809.525995,626156
262,2762809.525995,628555
263,2762809.525995,630946
264,2762809.525995,633342
265,2762809.525995,635744
266,2762809.525995,638153
267,2762809.525995,640555
268,2762809.525995,642957
269,2762809.525995,645349
270,2762809.525995,647747
271,2762809.525995,650133
272,2762809.525995,652522
273,2762809.525995,654923
274,2762809.525995,657328
275,2762809.525995,659725
276,2762809.525995,662126
277,2762809.525995,664535
278,2762809.525995,666945
279,2762809.525995,669352
280,2762809.525995,671756
281,2762809.525995,674159
282,2762809.525995,676558
283,2762809.525995,678982
284,2762809.525995,681390
285,2762809.525995,683806
286,2762809.525995,686225
287,2762809.525995,688642
288,2762809.525995,691042
289,2762809.525995,693441
290,2762809.525995,695852
291,2762809.525995,698233
292,2762809.525995,700623
293,2762809.525995,703010
294,2762809.525995,705397
295,2762809.525995,707800
296,2762809.525995,710184
297,2762809.525995,712571
298,2762809.525995,714957
299,2762809.525995,717338
300,2762809.525995,719714
2762809.525995,40.686780
1,2789109.436163,2376
2,2762809.525995,4899
3,2762809.525995,7292
4,2762809.525995,9718
5,2762809.525995,12179
6,2762809.525995,14655
7,2762809.525995,17146
8,2762809.525995,19625
9,2762809.525995,22086
10,2762809.525995,24510
11,2762809.525995,26941
12,2762809.525995,29355
13,2762809.525995,31758
14,2762809.525995,34182
15,2762809.525995,36591
16,2762809.525995,38981
17,2762809.525995,41372
18,2762809.525995,43773
19,2762809.525995,46160
20,2762809.525995,48544
21,2762809.525995,50930
22,2762809.525995,53316
23,2762809.525995,55693
24,2762809.525995,58070
25,2762809.525995,60448
26,2762809.525995,62827
27,2762809.525995,65208
28,2762809.525995,67590
29,2762809.525995,69966
30,2762809.525995,72342
31,2762809.525995,74718
32,2762809.525995,77094
33,2762809.525995,79481
34,2762809.525995,81877
35,2762809.525995,84262
36,2762809.525995,86666
37,2762809.525995,89070
38,2762809.525995,91473
39,2762809.525995,93876
40,2762809.525995,96257
41,2762809.525995,98641
42,2762809.525995,101025
43,2762809.525995,103414
44,2762809.525995,105792
45,2762809.525995,108176
46,2762809.525995,110568
47,2762809.525995,112953
48,2762809.525995,115348
49,2762809.525995,117740
50,2762809.525995,120139
51,2762809.525995,122528
52,2762809.525995,124921
53,2762809.525995,127305
54,2762809.525995,129686
55,2762809.525995,132078
56,2762809.525995,134480
57,2762809.525995,136869
58,2762809.525995,139250
59,2762809.525995,141641
60,2762809.525995,144025
61,2762809.525995,146417
62,2762809.525995,148804
63,2762809.525995,151195
64,2762809.525995,153598
65,2762809.525995,155983
66,2762809.525995,158368
67,2762809.525995,160748
68,2762809.525995,163132
69,2762809.525995,165517
70,2762809.525995,167905
71,2762809.525995,170295
72,2762809.525995,172688
73,2762809.525995,175087
74,2762809.525995,177469
75,2762809.525995,179857
76,2762809.525995,182250
77,2762809.525995,184643
78,2762809.525995,187040
79,2762809.525995,189424
80,2762809.525995,191811
81,2762809.525995,194205
82,2762809.525995,196607
83,2762809.525995,199015
84,2762809.525995,201432
85,2762809.525995,203849
86,2762809.525995,206247
87,2762809.525995,208655
88,2762809.525995,211059
89,2762809.525995,213478
90,2762809.525995,215879
91,2762809.525995,218290
92,2762809.525995,220688
93,2762809.525995,223084
94,2762809.525995,225469
95,2762809.525995,227867
96,2762809.525995,230263
97,2762809.525995,232660
98,2762809.525995,235050
99,2762809.525995,237443
100,2762809.525995,239841
101,2762809.525995,242259
102,2762809.525995,244680
103,2762809.525995,247082
104,2762809.525995,249496
105,2762809.525995,251904
106,2762809.525995,254323
107,2762809.525995,256723
108,2762809.525995,259126
109,2762809.525995,261544
110,2762809.525995,263946
111,2762809.525995,266350
112,2762809.525995,268755
113,2762809.525995,271166
114,2762809.525995,273574
115,2762809.525995,275979
116,2762809.525995,278386
117,2762809.525995,280792
118,2762809.525995,283204
119,2762809.525995,285618
120,2762809.525995,288018
121,2762809.525995,290425
122,2762809.525995,292818
123,2762809.525995,295209
124,2762809.525995,297606
125,2762809.525995,300017
126,2762809.525995,302417
127,2762809.525995,304824
128,2762809.525995,307239
129,2762809.525995,309643
130,2762809.525995,312025
131,2762809.525995,314411
132,2762809.525995,316800
133,2762809.525995,319194
134,2762809.525995,321604
135,2762809.525995,324023
136,2762809.525995,326424
137,2762809.525995,328825
138,2762809.525995,331236
139,2762809.525995,333638
140,2762809.525995,336024
141,2762809.525995,338409
142,2762809.525995,340813
143,2762809.525995,343215
144,2762809.525995,345599
145,2762809.525995,348001
146,2762809.525995,350391
147,2762809.525995,352796
148,2762809.525995,355200
149,2762809.525995,357601
150,2762809.525995,360007
151,2762809.525995,362428
152,2762809.525995,364809
153,2762809.525995,367197
154,2762809.525995,369588
155,2762809.525995,371982
156,2762809.525995,374366
157,2762809.525995,376749
158,2762809.525995,379136
159,2762809.525995,381527
160,2762809.525995,383914
161,2762809.525995,386304
162,2762809.525995,388704
163,2762809.525995,391096
164,2762809.525995,393492
165,2762809.525995,395897
166,2762809.525995,398307
167,2762809.525995,400714
168,2762809.525995,403114
169,2762809.525995,405530
170,2762809.525995,407939
171,2762809.525995,410354
172,2762809.525995,412766
173,2762809.525995,415166
174,2762809.525995,417556
175,2762809.525995,419953
176,2762809.525995,422349
177,2762809.525995,424739
178,2762809.525995,427132
179,2762809.525995,429530
180,2762809.525995,431920
181,2762809.525995,434320
182,2762809.525995,436736
183,2762809.525995,439127
184,2762809.525995,441519
185,2762809.525995,443901
186,2762809.525995,446302
187,2762809.525995,448683
188,2762809.525995,451064
189,2762809.525995,453445
190,2762809.525995,455832
191,2762809.525995,458232
192,2762809.525995,460624
193,2762809.525995,463010
194,2762809.525995,465410
195,2762809.525995,467818
196,2762809.525995,470241
197,2762809.525995,472658
198,2762809.525995,475052
199,2762809.525995,477470
200,2762809.525995,479886
201,2762809.525995,482300
202,2762809.525995,484717
203,2762809.525995,487118
204,2762809.525995,489506
205,2762809.525995,491887
206,2762809.525995,494291
207,2762809.525995,496685
208,2762809.525995,499079
209,2762809.525995,501464
210,2762809.525995,503856
211,2762809.525995,506236
212,2762809.525995,508618
213,2762809.525995,511002
214,2762809.525995,513388
215,2762809.525995,515768
216,2762809.525995,518149
217,2762809.525995,520542
218,2762809.525995,522947
219,2762809.525995,525355
220,2762809.525995,527759
221,2762809.525995,530157
222,2762809.525995,532563
223,2762809.525995,534980
224,2762809.525995,537398
225,2762809.525995,539814
226,2762809.525995,542240
227,2762809.525995,544642
228,2762809.525995,547057
229,2762809.525995,549455
230,2762809.525995,551876
231,2762809.525995,554289
232,2762809.525995,556699
233,2762809.525995,559105
234,2762809.525995,561519
235,2762809.525995,563931
236,2762809.525995,566335
237,2762809.525995,568745
238,2762809.525995,571152
239,2762809.525995,573561
240,2762809.525995,575965
241,2762809.525995,578365
242,2762809.525995,580766
243,2762809.525995,583177
244,2762809.525995,585578
245,2762809.525995,587974
246,2762809.525995,590363
247,2762809.525995,592755
248,2762809.525995,595142
249,2762809.525995,597533
250,2762809.525995,599938
251,2762809.525995,602338
252,2762809.525995,604740
253,2762809.525995,607136
254,2762809.525995,609537
255,2762809.525995,611925
256,2762809.525995,614335
257,2762809.525995,616748
258,2762809.525995,619167
259,2762809.525995,621572
260,2762809.525995,623977
261,2762809.525995,626366
262,2762809.525995,628744
263,2762809.525995,631123
264,2762809.525995,633503
265,2762809.525995,635888
266,2762809.525995,638277
267,2762809.525995,640683
268,2762809.525995,643090
269,2762809.525995,645474
270,2762809.525995,647865
271,2762809.525995,650264
272,2762809.525995,652649
273,2762809.525995,655038
274,2762809.525995,657435
275,2762809.525995,659838
276,2762809.525995,662233
277,2762809.525995,664631
278,2762809.525995,667028
279,2762809.525995,669415
280,2762809.525995,671806
281,2762809.525995,674185
282,2762809.525995,676564
283,2762809.525995,678946
284,2762809.525995,681330
285,2762809.525995,683716
286,2762809.525995,686109
287,2762809.525995,688510
288,2762809.525995,690915
289,2762809.525995,693306
290,2762809.525995,695721
291,2762809.525995,698153
292,2762809.525995,700554
293,2762809.525995,702964
294,2762809.525995,705375
295,2762809.525995,707776
296,2762809.525995,710183
297,2762809.525995,712574
298,2762809.525995,714969
299,2762809.525995,717373
300,2762809.525995,719792
2762809.525995,40.956338
1,2762809.525995,2376
2,2762809.525995,4899
3,2762809.525995,7296
4,2762809.525995,9722
5,2762809.525995,12179
6,2762809.525995,14641
7,2762809.525995,17085
8,2762809.525995,19549
9,2762809.525995,21985
10,2762809.525995,24399
11,2762809.525995,26806
12,2762809.525995,29202
13,2762809.525995,31607
14,2762809.525995,34004
15,2762809.525995,36397
16,2762809.525995,38792
17,2762809.525995,41191
18,2762809.525995,43583
19,2762809.525995,45970
20,2762809.525995,48359
21,2762809.525995,50740
22,2762809.525995,53125
23,2762809.525995,55513
24,2762809.525995,57906
25,2762809.525995,60306
26,2762809.525995,62710
27,2762809.525995,65104
28,2762809.525995,67492
29,2762809.525995,69892
30,2762809.525995,72274
31,2762809.525995,74679
32,2762809.525995,77062
33,2762809.525995,79455
34,2762809.525995,81845
35,2762809.525995,84236
36,2762809.525995,86618
37,2762809.525995,89002
38,2762809.525995,91388
39,2762809.525995,93785
40,2762809.525995,96188
41,2762809.525995,98599
42,2762809.525995,100990
43,2762809.525995,103382
44,2762809.525995,105770
45,2762809.525995,108164
46,2762809.525995,110553
47,2762809.525995,112947
48,2762809.525995,115345
49,2762809.525995,117743
50,2762809.525995,120151
51,2762809.525995,122547
52,2762809.525995,124957
53,2762809.525995,127359
54,2762809.525995,129759
55,2762809.525995,132151
56,2762809.525995,134548
57,2762809.525995,136937
58,2762809.525995,139323
59,2762809.525995,141704
60,2762809.525995,144091
61,2762809.525995,146489
62,2762809.525995,148879
63,2762809.525995,151276
64,2762809.525995,153681
65,2762809.525995,156095
66,2762809.525995,158500
67,2762809.525995,160897
68,2762809.525995,163312
69,2762809.525995,165710
70,2762809.525995,168121
71,2762809.525995,170520
72,2762809.525995,172926
73,2762809.525995,175316
74,2762809.525995,177702
75,2762809.525995,180080
76,2762809.525995,182460
77,2762809.525995,184852
78,2762809.525995,187247
79,2762809.525995,189650
80,2762809.525995,192052
81,2762809.525995,194463
82,2762809.525995,196861
83,2762809.525995,199244
84,2762809.525995,201631
85,2762809.525995,204028
86,2762809.525995,206424
87,2762809.525995,208826
88,2762809.525995,211234
89,2762809.525995,213652
90,2762809.525995,216066
91,2762809.525995,218472
92,2762809.525995,220885
93,2762809.525995,223280
94,2762809.525995,225659
95,2762809.525995,228040
96,2762809.525995,230423
97,2762809.525995,232809
98,2762809.525995,235197
99,2762809.525995,237592
100,2762809.525995,239999
101,2762809.525995,242408
102,2762809.525995,244817
103,2762809.525995,247214
104,2762809.525995,249601
105,2762809.525995,251988
106,2762809.525995,254375
107,2762809.525995,256762
108,2762809.525995,259150
109,2762809.525995,261542
110,2762809.525995,263942
111,2762809.525995,266360
112,2762809.525995,268770
113,2762809.525995,271180
114,2762809.525995,273596
115,2762809.525995,275992
116,2762809.525995,278400
117,2762809.525995,280803
118,2762809.525995,283193
119,2762809.525995,285569
120,2762809.525995,287947
121,2762809.525995,290331
122,2762809.525995,292711
123,2762809.525995,295094
124,2762809.525995,297479
125,2762809.525995,299867
126,2762809.525995,302260
127,2762809.525995,304660
128,2762809.525995,307052
129,2762809.525995,309435
130,2762809.525995,311822
131,2762809.525995,314203
132,2762809.525995,316588
133,2762809.525995,318977
134,2762809.525995,321379
135,2762809.525995,323755
136,2762809.525995,326135
137,2762809.525995,328524
138,2762809.525995,330915
139,2762809.525995,333294
140,2762809.525995,335674
141,2762809.525995,338056
142,2762809.525995,340442
143,2762809.525995,342836
144,2762809.525995,345244
145,2762809.525995,347657
146,2762809.525995,350042
147,2762809.525995,352428
148,2762809.525995,354818
149,2762809.525995,357211
150,2762809.525995,359605
151,2762809.525995,361992
152,2762809.525995,364378
153,2762809.525995,366772
154,2762809.525995,369166
155,2762809.525995,371573
156,2762809.525995,373977
157,2762809.525995,376366
158,2762809.525995,378766
159,2762809.525995,381165
160,2762809.525995,383561
161,2762809.525995,385973
162,2762809.525995,388366
163,2762809.525995,390771
164,2762809.525995,393166
165,2762809.525995,395553
166,2762809.525995,397960
167,2762809.525995,400365
168,2762809.525995,402765
169,2762809.525995,405155
170,2762809.525995,407548
171,2762809.525995,409940
172,2762809.525995,412326
173,2762809.525995,414708
174,2762809.525995,417092
175,2762809.525995,419479
176,2762809.525995,421875
177,2762809.525995,424275
178,2762809.525995,426676
179,2762809.525995,429088
180,2762809.525995,431504
181,2762809.525995,433904
182,2762809.525995,436305
183,2762809.525995,438718
184,2762809.525995,441122
185,2762809.525995,443522
186,2762809.525995,445919
187,2762809.525995,448329
188,2762809.525995,450711
189,2762809.525995,453091
190,2762809.525995,455471
191,2762809.525995,457854
192,2762809.525995,460242
193,2762809.525995,462638
194,2762809.525995,465033
195,2762809.525995,467421
196,2762809.525995,469810
197,2762809.525995,472191
198,2762809.525995,474573
199,2762809.525995,476951
200,2762809.525995,479338
201,2762809.525995,481734
202,2762809.525995,484127
203,2762809.525995,486523
204,2762809.525995,488906
205,2762809.525995,491312
206,2762809.525995,493693
207,2762809.525995,496076
208,2762809.525995,498466
209,2762809.525995,500860
210,2762809.525995,503251
211,2762809.525995,505628
212,2762809.525995,508009
213,2762809.525995,510391
214,2762809.525995,512777
215,2762809.525995,515163
216,2762809.525995,517552
217,2762809.525995,519956
218,2762809.525995,522347
219,2762809.525995,524741
220,2762809.525995,527130
221,2762809.525995,529535
222,2762809.525995,531920
223,2762809.525995,534309
224,2762809.525995,536690
225,2762809.525995,539074
226,2762809.525995,541462
227,2762809.525995,543855
228,2762809.525995,546251
229,2762809.525995,548650
230,2762809.525995,551038
231,2762809.525995,553425
232,2762809.525995,555815
233,2762809.525995,558207
234,2762809.525995,560604
235,2762809.525995,563015
236,2762809.525995,565425
237,2762809.525995,567832
238,2762809.525995,570221
239,2762809.525995,572620
240,2762809.525995,575013
241,2762809.525995,577425
242,2762809.525995,579826
243,2762809.525995,582213
244,2762809.525995,584608
245,2762809.525995,587007
246,2762809.525995,589415
247,2762809.525995,591817
248,2762809.525995,594213
249,2762809.525995,596614
250,2762809.525995,599001
251,2762809.525995,601392
252,2762809.525995,603780
253,2762809.525995,606170
254,2762809.525995,608562
255,2762809.525995,610956
256,2762809.525995,613359
257,2762809.525995,615756
258,2762809.525995,618157
259,2762809.525995,620547
260,2762809.525995,622938
261,2762809.525995,625314
262,2762809.525995,627690
263,2762809.525995,630066
264,2762809.525995,632442
265,2762809.525995,634818
266,2762809.525995,637197
267,2762809.525995,639575
268,2762809.525995,641953
269,2762809.525995,644335
270,2762809.525995,646717
271,2762809.525995,649100
272,2762809.525995,651489
273,2762809.525995,653885
274,2762809.525995,656299
275,2762809.525995,658717
276,2762809.525995,661153
277,2762809.525995,663575
278,2762809.525995,665979
279,2762809.525995,668387
280,2762809.525995,670777
281,2762809.525995,673173
282,2762809.525995,675583
283,2762809.525995,677978
284,2762809.525995,680365
285,2762809.525995,682754
286,2762809.525995,685145
287,2762809.525995,687546
288,2762809.525995,689944
289,2762809.525995,692340
290,2762809.525995,694736
291,2762809.525995,697129
292,2762809.525995,699526
293,2762809.525995,701916
294,2762809.525995,704308
295,2762809.525995,706696
296,2762809.525995,709085
297,2762809.525995,711469
298,2762809.525995,713857
299,2762809.525995,716246
300,2762809.525995,718643
2762809.525995,40.300063
1,2762809.525995,2376
2,2762809.525995,4915
3,2762809.525995,7328
4,2762809.525995,9783
5,2762809.525995,12245
6,2762809.525995,14732
7,2762809.525995,17157
8,2762809.525995,19589
9,2762809.525995,21991
10,2762809.525995,24403
11,2762809.525995,26798
12,2762809.525995,29207
13,2762809.525995,31605
14,2762809.525995,34006
15,2762809.525995,36411
16,2762809.525995,38806
17,2762809.525995,41204
18,2762809.525995,43592
19,2762809.525995,45983
20,2762809.525995,48363
21,2762809.525995,50743
22,2762809.525995,53123
23,2762809.525995,55503
24,2762809.525995,57884
25,2762809.525995,60265
26,2762809.525995,62641
27,2762809.525995,65017
28,2762809.525995,67393
29,2762809.525995,69783
30,2762809.525995,72183
31,2762809.525995,74588
32,2762809.525995,76982
33,2762809.525995,79368
34,2762809.525995,81774
35,2762809.525995,84176
36,2762809.525995,86567
37,2762809.525995,88960
38,2762809.525995,91375
39,2762809.525995,93770
40,2762809.525995,96152
41,2762809.525995,98542
42,2762809.525995,100935
43,2762809.525995,103330
44,2762809.525995,105714
45,2762809.525995,108090
46,2762809.525995,110466
47,2762809.525995,112842
48,2762809.525995,115220
49,2762809.525995,117614
50,2762809.525995,119997
51,2762809.525995,122395
52,2762809.525995,124789
53,2762809.525995,127185
54,2762809.525995,129575
55,2762809.525995,131960
56,2762809.525995,134342
57,2762809.525995,136736
58,2762809.525995,139142
59,2762809.525995,141542
60,2762809.525995,143955
61,2762809.525995,146348
62,2762809.525995,148734
63,2762809.525995,151125
64,2762809.525995,153511
65,2762809.525995,155898
66,2762809.525995,158287
67,2762809.525995,160670
68,2762809.525995,163056
69,2762809.525995,165442
70,2762809.525995,167828
71,2762809.525995,170216
72,2762809.525995,172600
73,2762809.525995,174996
74,2762809.525995,177391
75,2762809.525995,179791
76,2762809.525995,182197
77,2762809.525995,184617
78,2762809.525995,187015
79,2762809.525995,189398
80,2762809.525995,191793
81,2762809.525995,194183
82,2762809.525995,196577
83,2762809.525995,198990
84,2762809.525995,201390
85,2762809.525995,203782
86,2762809.525995,206193
87,2762809.525995,208587
88,2762809.525995,210985
89,2762809.525995,213363
90,2762809.525995,215742
91,2762809.525995,218123
92,2762809.525995,220506
93,2762809.525995,222901
94,2762809.525995,225313
95,2762809.525995,227715
96,2762809.525995,230124
97,2762809.525995,232536
98,2762809.525995,234933
99,2762809.525995,237363
100,2762809.525995,239773
101,2762809.525995,242174
102,2762809.525995,244579
103,2762809.525995,246968
104,2762809.525995,249350
105,2762809.525995,251738
106,2762809.525995,254132
107,2762809.525995,256525
108,2762809.525995,258916
109,2762809.525995,261315
110,2762809.525995,263727
111,2762809.525995,266144
112,2762809.525995,268571
113,2762809.525995,270988
114,2762809.525995,273424
115,2762809.525995,275817
116,2762809.525995,278211
117,2762809.525995,280617
118,2762809.525995,283019
119,2762809.525995,285416
120,2762809.525995,287821
121,2762809.525995,290218
122,2762809.525995,292619
123,2762809.525995,295043
124,2762809.525995,297439
125,2762809.525995,299839
126,2762809.525995,302225
127,2762809.525995,304605
128,2762809.525995,306996
129,2762809.525995,309403
130,2762809.525995,311806
131,2762809.525995,314194
132,2762809.525995,316580
133,2762809.525995,318976
134,2762809.525995,321381
135,2762809.525995,323793
136,2762809.525995,326208
137,2762809.525995,328607
138,2762809.525995,331001
139,2762809.525995,333386
140,2762809.525995,335776
141,2762809.525995,338152
142,2762809.525995,340531
143,2762809.525995,342916
144,2762809.525995,345304
145,2762809.525995,347696
146,2762809.525995,350083
147,2762809.525995,352472
148,2762809.525995,354850
149,2762809.525995,357239
150,2762809.525995,359630
151,2762809.525995,362024
152,2762809.525995,364423
153,2762809.525995,366815
154,2762809.525995,369209
155,2762809.525995,371619
156,2762809.525995,374019
157,2762809.525995,376413
158,2762809.525995,378800
159,2762809.525995,381192
160,2762809.525995,383589
161,2762809.525995,385998
162,2762809.525995,388394
163,2762809.525995,390781
164,2762809.525995,393174
165,2762809.525995,395553
166,2762809.525995,397945
167,2762809.525995,400345
168,2762809.525995,402749
169,2762809.525995,405145
170,2762809.525995,407543
171,2762809.525995,409952
172,2762809.525995,412363
173,2762809.525995,414778
174,2762809.525995,417183
175,2762809.525995,419588
176,2762809.525995,421992
177,2762809.525995,424377
178,2762809.525995,426763
179,2762809.525995,429152
180,2762809.525995,431542
181,2762809.525995,433941
182,2762809.525995,436342
183,2762809.525995,438740
184,2762809.525995,441143
185,2762809.525995,443544
186,2762809.525995,445939
187,2762809.525995,448341
188,2762809.525995,450752
189,2762809.525995,453158
190,2762809.525995,455534
191,2762809.525995,457922
192,2762809.525995,460299
193,2762809.525995,462688
194,2762809.525995,465066
195,2762809.525995,467456
196,2762809.525995,469835
197,2762809.525995,472218
198,2762809.525995,474599
199,2762809.525995,476989
200,2762809.525995,479389
201,2762809.525995,481792
202,2762809.525995,484195
203,2762809.525995,486586
204,2762809.525995,488986
205,2762809.525995,491370
206,2762809.525995,493757
207,2762809.525995,496150
208,2762809.525995,498543
209,2762809.525995,500919
210,2762809.525995,503298
211,2762809.525995,505677
212,2762809.525995,508056
213,2762809.525995,510440
214,2762809.525995,512837
215,2762809.525995,515231
216,2762809.525995,517619
217,2762809.525995,520006
218,2762809.525995,522397
219,2762809.525995,524791
220,2762809.525995,527190
221,2762809.525995,529593
222,2762809.525995,531991
223,2762809.525995,534395
224,2762809.525995,536806
225,2762809.525995,539226
226,2762809.525995,541642
227,2762809.525995,544055
228,2762809.525995,546494
229,2762809.525995,548922
230,2762809.525995,551346
231,2762809.525995,553759
232,2762809.525995,556180
233,2762809.525995,558592
234,2762809.525995,560996
235,2762809.525995,563409
236,2762809.525995,565805
237,2762809.525995,568222
238,2762809.525995,570649
239,2762809.525995,573038
240,2762809.525995,575430
241,2762809.525995,577833
242,2762809.525995,580217
243,2762809.525995,582612
244,2762809.525995,585018
245,2762809.525995,587436
246,2762809.525995,589860
247,2762809.525995,592263
248,2762809.525995,594665
249,2762809.525995,597057
250,2762809.525995,599452
251,2762809.525995,601850
252,2762809.525995,604279
253,2762809.525995,606700
254,2762809.525995,609109
255,2762809.525995,611537
256,2762809.525995,613937
257,2762809.525995,616350
258,2762809.525995,618754
259,2762809.525995,621168
260,2762809.525995,623561
261,2762809.525995,625957
262,2762809.525995,628351
263,2762809.525995,630746
264,2762809.525995,633137
265,2762809.525995,635530
266,2762809.525995,637917
267,2762809.525995,640301
268,2762809.525995,642694
269,2762809.525995,645089
270,2762809.525995,647465
271,2762809.525995,649841
272,2762809.525995,652219
273,2762809.525995,654610
274,2762809.525995,657014
275,2762809.525995,659404
276,2762809.525995,661791
277,2762809.525995,664192
278,2762809.525995,666607
279,2762809.525995,669038
280,2762809.525995,671473
281,2762809.525995,673879
282,2762809.525995,676275
283,2762809.525995,678685
284,2762809.525995,681077
285,2762809.525995,683485
286,2762809.525995,685865
287,2762809.525995,688256
288,2762809.525995,690643
289,2762809.525995,693041
290,2762809.525995,695435
291,2762809.525995,697835
292,2762809.525995,700230
293,2762809.525995,702621
294,2762809.525995,705017
295,2762809.525995,707413
296,2762809.525995,709815
297,2762809.525995,712218
298,2762809.525995,714611
299,2762809.525995,717020
300,2762809.525995,719418
2762809.525995,40.832729
1,2762809.525995,2376
2,2762809.525995,4925
3,2762809.525995,7348
4,2762809.525995,9824
5,2762809.525995,12298
6,2762809.525995,14772
7,2762809.525995,17215
8,2762809.525995,19659
9,2762809.525995,22101
10,2762809.525995,24523
11,2762809.525995,26946
12,2762809.525995,29371
13,2762809.525995,31750
14,2762809.525995,34129
15,2762809.525995,36508
16,2762809.525995,38888
17,2762809.525995,41282
18,2762809.525995,43658
19,2762809.525995,46034
20,2762809.525995,48410
21,2762809.525995,50786
22,2762809.525995,53162
23,2762809.525995,55538
24,2762809.525995,57914
25,2762809.525995,60290
26,2762809.525995,62669
27,2762809.525995,65054
28,2762809.525995,67442
29,2762809.525995,69841
30,2762809.525995,72244
31,2762809.525995,74636
32,2762809.525995,77034
33,2762809.525995,79447
34,2762809.525995,81833
35,2762809.525995,84224
36,2762809.525995,86622
37,2762809.525995,89035
38,2762809.525995,91452
39,2762809.525995,93869
40,2762809.525995,96259
41,2762809.525995,98649
42,2762809.525995,101034
43,2762809.525995,103419
44,2762809.525995,105807
45,2762809.525995,108194
46,2762809.525995,110591
47,2762809.525995,112988
48,2762809.525995,115387
49,2762809.525995,117789
50,2762809.525995,120184
51,2762809.525995,122585
52,2762809.525995,124977
53,2762809.525995,127369
54,2762809.525995,129766
55,2762809.525995,132161
56,2762809.525995,134568
57,2762809.525995,136975
58,2762809.525995,139365
59,2762809.525995,141747
60,2762809.525995,144130
61,2762809.525995,146513
62,2762809.525995,148899
63,2762809.525995,151290
64,2762809.525995,153680
65,2762809.525995,156091
66,2762809.525995,158493
67,2762809.525995,160877
68,2762809.525995,163255
69,2762809.525995,165638
70,2762809.525995,168024
71,2762809.525995,170413
72,2762809.525995,172806
73,2762809.525995,175193
74,2762809.525995,177586
75,2762809.525995,179980
76,2762809.525995,182384
77,2762809.525995,184789
78,2762809.525995,187172
79,2762809.525995,189557
80,2762809.525995,191943
81,2762809.525995,194331
82,2762809.525995,196722
83,2762809.525995,199114
84,2762809.525995,201516
85,2762809.525995,203922
86,2762809.525995,206323
87,2762809.525995,208724
88,2762809.525995,211131
89,2762809.525995,213516
90,2762809.525995,215909
91,2762809.525995,218311
92,2762809.525995,220718
93,2762809.525995,223131
94,2762809.525995,225546
95,2762809.525995,227968
96,2762809.525995,230374
97,2762809.525995,232780
98,2762809.525995,235187
99,2762809.525995,237620
100,2762809.525995,240034
101,2762809.525995,242448
102,2762809.525995,244860
103,2762809.525995,247275
104,2762809.525995,249703
105,2762809.525995,252105
106,2762809.525995,254499
107,2762809.525995,256904
108,2762809.525995,259301
109,2762809.525995,261686
110,2762809.525995,264067
111,2762809.525995,266457
112,2762809.525995,268849
113,2762809.525995,271254
114,2762809.525995,273643
115,2762809.525995,276032
116,2762809.525995,278439
117,2762809.525995,280840
118,2762809.525995,283247
119,2762809.525995,285647
120,2762809.525995,288056
121,2762809.525995,290461
122,2762809.525995,292846
123,2762809.525995,295239
124,2762809.525995,297626
125,2762809.525995,300022
126,2762809.525995,302410
127,2762809.525995,304796
128,2762809.525995,307187
129,2762809.525995,309587
130,2762809.525995,311986
131,2762809.525995,314377
132,2762809.525995,316771
133,2762809.525995,319177
134,2762809.525995,321572
135,2762809.525995,323956
136,2762809.525995,326355
137,2762809.525995,328772
138,2762809.525995,331154
139,2762809.525995,333537
140,2762809.525995,335920
141,2762809.525995,338305
142,2762809.525995,340690
143,2762809.525995,343078
144,2762809.525995,345474
145,2762809.525995,347857
146,2762809.525995,350248
147,2762809.525995,352643
148,2762809.525995,355037
149,2762809.525995,357433
150,2762809.525995,359849
151,2762809.525995,362248
152,2762809.525995,364630
153,2762809.525995,367023
154,2762809.525995,369409
155,2762809.525995,371798
156,2762809.525995,374174
157,2762809.525995,376556
158,2762809.525995,378947
159,2762809.525995,381338
160,2762809.525995,383729
161,2762809.525995,386135
162,2762809.525995,388543
163,2762809.525995,390940
164,2762809.525995,393338
165,2762809.525995,395740
166,2762809.525995,398145
167,2762809.525995,400552
168,2762809.525995,402939
169,2762809.525995,405324
170,2762809.525995,407701
171,2762809.525995,410079
172,2762809.525995,412459
173,2762809.525995,414841
174,2762809.525995,417226
175,2762809.525995,419614
176,2762809.525995,422010
177,2762809.525995,424405
178,2762809.525995,426805
179,2762809.525995,429184
180,2762809.525995,431567
181,2762809.525995,433958
182,2762809.525995,436339
183,2762809.525995,438724
184,2762809.525995,441110
185,2762809.525995,443512
186,2762809.525995,445912
187,2762809.525995,448311
188,2762809.525995,450714
189,2762809.525995,453127
190,2762809.525995,455544
191,2762809.525995,457956
192,2762809.525995,460364
193,2762809.525995,462758
194,2762809.525995,465142
195,2762809.525995,467539
196,2762809.525995,469926
197,2762809.525995,472309
198,2762809.525995,474702
199,2762809.525995,477111
200,2762809.525995,479510
201,2762809.525995,481897
202,2762809.525995,484287
203,2762809.525995,486692
204,2762809.525995,489088
205,2762809.525995,491492
206,2762809.525995,493889
207,2762809.525995,496297
208,2762809.525995,498715
209,2762809.525995,501113
210,2762809.525995,503510
211,2762809.525995,505906
212,2762809.525995,508314
213,2762809.525995,510707
214,2762809.525995,513089
215,2762809.525995,515465
216,2762809.525995,517864
217,2762809.525995,520260
218,2762809.525995,522659
219,2762809.525995,525074
220,2762809.525995,527469
221,2762809.525995,529863
222,2762809.525995,532249
223,2762809.525995,534648
224,2762809.525995,537043
225,2762809.525995,539443
226,2762809.525995,541848
227,2762809.525995,544247
228,2762809.525995,546635
229,2762809.525995,549022
230,2762809.525995,551410
231,2762809.525995,553790
232,2762809.525995,556173
233,2762809.525995,558557
234,2762809.525995,560954
235,2762809.525995,563341
236,2762809.525995,565730
237,2762809.525995,568124
238,2762809.525995,570528
239,2762809.525995,572933
240,2762809.525995,575337
241,2762809.525995,577743
242,2762809.525995,580139
243,2762809.525995,582550
244,2762809.525995,584950
245,2762809.525995,587346
246,2762809.525995,589755
247,2762809.525995,592164
248,2762809.525995,594563
249,2762809.525995,596951
250,2762809.525995,599331
251,2762809.525995,601707
252,2762809.525995,604083
253,2762809.525995,606459
254,2762809.525995,608835
255,2762809.525995,611211
256,2762809.525995,613587
257,2762809.525995,615966
258,2762809.525995,618355
259,2762809.525995,620750
260,2762809.525995,623133
261,2762809.525995,625518
262,2762809.525995,627903
263,2762809.525995,630292
264,2762809.525995,632672
265,2762809.525995,635052
266,2762809.525995,637432
267,2762809.525995,639815
268,2762809.525995,642205
269,2762809.525995,644603
270,2762809.525995,647005
271,2762809.525995,649397
272,2762809.525995,651791
273,2762809.525995,654175
274,2762809.525995,656561
275,2762809.525995,658951
276,2762809.525995,661331
277,2762809.525995,663727
278,2762809.525995,666119
279,2762809.525995,668500
280,2762809.525995,670884
281,2762809.525995,673272
282,2762809.525995,675673
283,2762809.525995,678070
284,2762809.525995,680460
285,2762809.525995,682857
286,2762809.525995,685266
287,2762809.525995,687682
288,2762809.525995,690080
289,2762809.525995,692484
290,2762809.525995,694885
291,2762809.525995,697279
292,2762809.525995,699681
293,2762809.525995,702083
294,2762809.525995,704491
295,2762809.525995,706894
296,2762809.525995,709295
297,2762809.525995,711697
298,2762809.525995,714106
299,2762809.525995,716531
300,2762809.525995,718937
2762809.525995,40.090681
1,2789109.436163,2376
2,2789109.436163,4905
3,2762809.525995,7299
4,2762809.525995,9727
5,2762809.525995,12176
6,2762809.525995,14609
7,2762809.525995,17049
8,2762809.525995,19489
9,2762809.525995,21921
10,2762809.525995,24347
11,2762809.525995,26766
12,2762809.525995,29199
13,2762809.525995,31631
14,2762809.525995,34056
15,2762809.525995,36472
16,2762809.525995,38877
17,2762809.525995,41289
18,2762809.525995,43702
19,2762809.525995,46109
20,2762809.525995,48514
21,2762809.525995,50917
22,2762809.525995,53305
23,2762809.525995,55722
24,2762809.525995,58129
25,2762809.525995,60527
26,2762809.525995,62917
27,2762809.525995,65301
28,2762809.525995,67686
29,2762809.525995,70065
30,2762809.525995,72450
31,2762809.525995,74826
32,2762809.525995,77204
33,2762809.525995,79585
34,2762809.525995,81967
35,2762809.525995,84350
36,2762809.525995,86733
37,2762809.525995,89115
38,2762809.525995,91504
39,2762809.525995,93895
40,2762809.525995,96300
41,2762809.525995,98693
42,2762809.525995,101096
43,2762809.525995,103488
44,2762809.525995,105885
45,2762809.525995,108294
46,2762809.525995,110694
47,2762809.525995,113093
48,2762809.525995,115495
49,2762809.525995,117894
50,2762809.525995,120316
51,2762809.525995,122721
52,2762809.525995,125129
53,2762809.525995,127531
54,2762809.525995,129925
55,2762809.525995,132324
56,2762809.525995,134721
57,2762809.525995,137118
58,2762809.525995,139512
59,2762809.525995,141908
60,2762809.525995,144319
61,2762809.525995,146725
62,2762809.525995,149127
63,2762809.525995,151524
64,2762809.525995,153919
65,2762809.525995,156324
66,2762809.525995,158736
67,2762809.525995,161137
68,2762809.525995,163552
69,2762809.525995,165942
70,2762809.525995,168360
71,2762809.525995,170762
72,2762809.525995,173170
73,2762809.525995,175582
74,2762809.525995,177983
75,2762809.525995,180376
76,2762809.525995,182782
77,2762809.525995,185177
78,2762809.525995,187572
79,2762809.525995,189961
80,2762809.525995,192355
81,2762809.525995,194737
82,2762809.525995,197114
83,2762809.525995,199500
84,2762809.525995,201892
85,2762809.525995,204290
86,2762809.525995,206689
87,2762809.525995,209091
88,2762809.525995,211474
89,2762809.525995,213871
90,2762809.525995,216267
91,2762809.525995,218674
92,2762809.525995,221068
93,2762809.525995,223477
94,2762809.525995,225886
95,2762809.525995,228300
96,2762809.525995,230713
97,2762809.525995,233113
98,2762809.525995,235511
99,2762809.525995,237896
100,2762809.525995,240296
101,2762809.525995,242683
102,2762809.525995,245063
103,2762809.525995,247444
104,2762809.525995,249826
105,2762809.525995,252212
106,2762809.525995,254604
107,2762809.525995,256997
108,2762809.525995,259402
109,2762809.525995,261798
110,2762809.525995,264184
111,2762809.525995,266562
112,2762809.525995,268945
113,2762809.525995,271343
114,2762809.525995,273733
115,2762809.525995,276123
116,2762809.525995,278515
117,2762809.525995,280918
118,2762809.525995,283313
119,2762809.525995,285712
120,2762809.525995,288108
121,2762809.525995,290494
122,2762809.525995,292882
123,2762809.525995,295273
124,2762809.525995,297669
125,2762809.525995,300057
126,2762809.525995,302446
127,2762809.525995,304830
128,2762809.525995,307227
129,2762809.525995,309629
130,2762809.525995,312031
131,2762809.525995,314437
132,2762809.525995,316848
133,2762809.525995,319246
134,2762809.525995,321654
135,2762809.525995,324051
136,2762809.525995,326436
137,2762809.525995,328822
138,2762809.525995,331205
139,2762809.525995,333589
140,2762809.525995,335977
141,2762809.525995,338372
142,2762809.525995,340762
143,2762809.525995,343171
144,2762809.525995,345569
145,2762809.525995,347961
146,2762809.525995,350361
147,2762809.525995,352767
148,2762809.525995,355160
149,2762809.525995,357539
150,2762809.525995,359923
151,2762809.525995,362304
152,2762809.525995,364693
153,2762809.525995,367074
154,2762809.525995,369455
155,2762809.525995,371840
156,2762809.525995,374230
157,2762809.525995,376625
158,2762809.525995,379036
159,2762809.525995,381439
160,2762809.525995,383851
161,2762809.525995,386257
162,2762809.525995,388656
163,2762809.525995,391061
164,2762809.525995,393461
165,2762809.525995,395863
166,2762809.525995,398268
167,2762809.525995,400673
168,2762809.525995,403085
169,2762809.525995,405481
170,2762809.525995,407864
171,2762809.525995,410271
172,2762809.525995,412686
173,2762809.525995,415070
174,2762809.525995,417446
175,2762809.525995,419829
176,2762809.525995,422221
177,2762809.525995,424613
178,2762809.525995,426997
179,2762809.525995,429386
180,2762809.525995,431780
181,2762809.525995,434184
182,2762809.525995,436575
183,2762809.525995,438967
184,2762809.525995,441347
185,2762809.525995,443729
186,2762809.525995,446112
187,2762809.525995,448498
188,2762809.525995,450892
189,2762809.525995,453280
190,2762809.525995,455676
191,2762809.525995,458054
192,2762809.525995,460437
193,2762809.525995,462835
194,2762809.525995,465221
195,2762809.525995,467609
196,2762809.525995,470013
197,2762809.525995,472411
198,2762809.525995,474825
199,2762809.525995,477232
200,2762809.525995,479624
201,2762809.525995,482019
202,2762809.525995,484409
203,2762809.525995,486803
204,2762809.525995,489202
205,2762809.525995,491601
206,2762809.525995,494012
207,2762809.525995,496425
208,2762809.525995,498849
209,2762809.525995,501252
210,2762809.525995,503658
211,2762809.525995,506073
212,2762809.525995,508491
213,2762809.525995,510915
214,2762809.525995,513324
215,2762809.525995,515739
216,2762809.525995,518127
217,2762809.525995,520538
218,2762809.525995,522931
219,2762809.525995,525331
220,2762809.525995,527709
221,2762809.525995,530090
222,2762809.525995,532473
223,2762809.525995,534864
224,2762809.525995,537265
225,2762809.525995,539678
226,2762809.525995,542075
227,2762809.525995,544476
228,2762809.525995,546858
229,2762809.525995,549244
230,2762809.525995,551627
231,2762809.525995,554018
232,2762809.525995,556403
233,2762809.525995,558783
234,2762809.525995,561174
235,2762809.525995,563578
236,2762809.525995,565991
237,2762809.525995,568393
238,2762809.525995,570794
239,2762809.525995,573197
240,2762809.525995,575598
241,2762809.525995,578001
242,2762809.525995,580415
243,2762809.525995,582817
244,2762809.525995,585225
245,2762809.525995,587631
246,2762809.525995,590035
247,2762809.525995,592446
248,2762809.525995,594853
249,2762809.525995,597255
250,2762809.525995,599651
251,2762809.525995,602047
252,2762809.525995,604439
253,2762809.525995,606828
254,2762809.525995,609226
255,2762809.525995,611642
256,2762809.525995,614038
257,2762809.525995,616437
258,2762809.525995,618834
259,2762809.525995,621246
260,2762809.525995,623657
261,2762809.525995,626057
262,2762809.525995,628459
263,2762809.525995,630863
264,2762809.525995,633258
265,2762809.525995,635654
266,2762809.525995,638051
267,2762809.525995,640435
268,2762809.525995,642824
269,2762809.525995,645201
270,2762809.525995,647579
271,2762809.525995,649964
272,2762809.525995,652345
273,2762809.525995,654738
274,2762809.525995,657131
275,2762809.525995,659529
276,2762809.525995,661930
277,2762809.525995,664335
278,2762809.525995,666746
279,2762809.525995,669133
280,2762809.525995,671527
281,2762809.525995,673930
282,2762809.525995,676322
283,2762809.525995,678726
284,2762809.525995,681106
285,2762809.525995,683490
286,2762809.525995,685869
287,2762809.525995,688253
288,2762809.525995,690640
289,2762809.525995,693041
290,2762809.525995,695438
291,2762809.525995,697832
292,2762809.525995,700221
293,2762809.525995,702622
294,2762809.525995,705021
295,2762809.525995,707425
296,2762809.525995,709823
297,2762809.525995,712222
298,2762809.525995,714627
299,2762809.525995,717016
300,2762809.525995,719435
2762809.525995,40.220399
1,2789109.436163,2376
2,2789109.436163,4901
3,2762809.525995,7298
4,2762809.525995,9723
5,2762809.525995,12191
6,2762809.525995,14619
7,2762809.525995,17042
8,2762809.525995,19452
9,2762809.525995,21863
10,2762809.525995,24260
11,2762809.525995,26651
12,2762809.525995,29042
13,2762809.525995,31450
14,2762809.525995,33854
15,2762809.525995,36264
16,2762809.525995,38663
17,2762809.525995,41069
18,2762809.525995,43479
19,2762809.525995,45878
20,2762809.525995,48280
21,2762809.525995,50674
22,2762809.525995,53068
23,2762809.525995,55463
24,2762809.525995,57845
25,2762809.525995,60240
26,2762809.525995,62616
27,2762809.525995,64992
28,2762809.525995,67375
29,2762809.525995,69766
30,2762809.525995,72150
31,2762809.525995,74534
32,2762809.525995,76919
33,2762809.525995,79303
34,2762809.525995,81684
35,2762809.525995,84067
36,2762809.525995,86452
37,2762809.525995,88851
38,2762809.525995,91240
39,2762809.525995,93629
40,2762809.525995,96030
41,2762809.525995,98409
42,2762809.525995,100788
43,2762809.525995,103173
44,2762809.525995,105571
45,2762809.525995,107965
46,2762809.525995,110351
47,2762809.525995,112745
48,2762809.525995,115129
49,2762809.525995,117515
50,2762809.525995,119891
51,2762809.525995,122277
52,2762809.525995,124654
53,2762809.525995,127037
54,2762809.525995,129417
55,2762809.525995,131818
56,2762809.525995,134212
57,2762809.525995,136613
58,2762809.525995,139021
59,2762809.525995,141419
60,2762809.525995,143802
61,2762809.525995,146195
62,2762809.525995,148573
63,2762809.525995,150971
64,2762809.525995,153363
65,2762809.525995,155745
66,2762809.525995,158140
67,2762809.525995,160547
68,2762809.525995,162951
69,2762809.525995,165359
70,2762809.525995,167759
71,2762809.525995,170168
72,2762809.525995,172569
73,2762809.525995,174957
74,2762809.525995,177367
75,2762809.525995,179783
76,2762809.525995,182193
77,2762809.525995,184613
78,2762809.525995,187027
79,2762809.525995,189434
80,2762809.525995,191825
81,2762809.525995,194225
82,2762809.525995,196645
83,2762809.525995,199047
84,2762809.525995,201451
85,2762809.525995,203839
86,2762809.525995,206217
87,2762809.525995,208596
88,2762809.525995,210975
89,2762809.525995,213356
90,2762809.525995,215741
91,2762809.525995,218131
92,2762809.525995,220524
93,2762809.525995,222913
94,2762809.525995,225292
95,2762809.525995,227675
96,2762809.525995,230069
97,2762809.525995,232475
98,2762809.525995,234887
99,2762809.525995,237305
100,2762809.525995,239714
101,2762809.525995,242114
102,2762809.525995,244528
103,2762809.525995,246934
104,2762809.525995,249360
105,2762809.525995,251772
106,2762809.525995,254163
107,2762809.525995,256539
108,2762809.525995,258930
109,2762809.525995,261310
110,2762809.525995,263694
111,2762809.525995,266079
112,2762809.525995,268482
113,2762809.525995,270863
114,2762809.525995,273245
115,2762809.525995,275629
116,2762809.525995,278018
117,2762809.525995,280415
118,2762809.525995,282814
119,2762809.525995,285233
120,2762809.525995,287644
121,2762809.525995,290031
122,2762809.525995,292439
123,2762809.525995,294843
124,2762809.525995,297254
125,2762809.525995,299657
126,2762809.525995,302050
127,2762809.525995,304459
128,2762809.525995,306853
129,2762809.525995,309264
130,2762809.525995,311662
131,2762809.525995,314045
132,2762809.525995,316431
133,2762809.525995,318820
134,2762809.525995,321207
135,2762809.525995,323597
136,2762809.525995,326000
137,2762809.525995,328392
138,2762809.525995,330776
139,2762809.525995,333163
140,2762809.525995,335567
141,2762809.525995,337970
142,2762809.525995,340379
143,2762809.525995,342800
144,2762809.525995,345212
145,2762809.525995,347603
146,2762809.525995,350012
147,2762809.525995,352403
148,2762809.525995,354826
149,2762809.525995,357243
150,2762809.525995,359650
151,2762809.525995,362052
152,2762809.525995,364450
153,2762809.525995,366838
154,2762809.525995,369246
155,2762809.525995,371646
156,2762809.525995,374035
157,2762809.525995,376426
158,2762809.525995,378822
159,2762809.525995,381218
160,2762809.525995,383617
161,2762809.525995,386004
162,2762809.525995,388389
163,2762809.525995,390773
164,2762809.525995,393161
165,2762809.525995,395552
166,2762809.525995,397947
167,2762809.525995,400347
168,2762809.525995,402741
169,2762809.525995,405141
170,2762809.525995,407543
171,2762809.525995,409965
172,2762809.525995,412388
173,2762809.525995,414808
174,2762809.525995,417227
175,2762809.525995,419664
176,2762809.525995,422061
177,2762809.525995,424491
178,2762809.525995,426884
179,2762809.525995,429275
180,2762809.525995,431657
181,2762809.525995,434067
182,2762809.525995,436471
183,2762809.525995,438876
184,2762809.525995,441279
185,2762809.525995,443667
186,2762809.525995,446055
187,2762809.525995,448445
188,2762809.525995,450831
189,2762809.525995,453219
190,2762809.525995,455607
191,2762809.525995,457997
192,2762809.525995,460382
193,2762809.525995,462772
194,2762809.525995,465170
195,2762809.525995,467575
196,2762809.525995,469973
197,2762809.525995,472390
198,2762809.525995,474788
199,2762809.525995,477185
200,2762809.525995,479586
201,2762809.525995,482003
202,2762809.525995,484405
203,2762809.525995,486817
204,2762809.525995,489233
205,2762809.525995,491644
206,2762809.525995,494051
207,2762809.525995,496465
208,2762809.525995,498886
209,2762809.525995,501279
210,2762809.525995,503684
211,2762809.525995,506072
212,2762809.525995,508486
213,2762809.525995,510881
214,2762809.525995,513281
215,2762809.525995,515673
216,2762809.525995,518068
217,2762809.525995,520479
218,2762809.525995,522884
219,2762809.525995,525286
220,2762809.525995,527691
221,2762809.525995,530087
222,2762809.525995,532497
223,2762809.525995,534916
224,2762809.525995,537331
225,2762809.525995,539746
226,2762809.525995,542134
227,2762809.525995,544538
228,2762809.525995,546939
229,2762809.525995,549320
230,2762809.525995,551701
231,2762809.525995,554082
232,2762809.525995,556463
233,2762809.525995,558849
234,2762809.525995,561239
235,2762809.525995,563625
236,2762809.525995,566011
237,2762809.525995,568397
238,2762809.525995,570799
239,2762809.525995,573195
240,2762809.525995,575593
241,2762809.525995,577987
242,2762809.525995,580399
243,2762809.525995,582799
244,2762809.525995,585197
245,2762809.525995,587592
246,2762809.525995,590002
247,2762809.525995,592403
248,2762809.525995,594814
249,2762809.525995,597239
250,2762809.525995,599644
251,2762809.525995,602069
252,2762809.525995,604509
253,2762809.525995,606947
254,2762809.525995,609370
255,2762809.525995,611831
256,2762809.525995,614251
257,2762809.525995,616667
258,2762809.525995,619082
259,2762809.525995,621496
260,2762809.525995,623887
261,2762809.525995,626294
262,2762809.525995,628712
263,2762809.525995,631097
264,2762809.525995,633477
265,2762809.525995,635859
266,2762809.525995,638252
267,2762809.525995,640636
268,2762809.525995,643020
269,2762809.525995,645398
270,2762809.525995,647789
271,2762809.525995,650175
272,2762809.525995,652565
273,2762809.525995,654955
274,2762809.525995,657331
275,2762809.525995,659708
276,2762809.525995,662090
277,2762809.525995,664472
278,2762809.525995,666864
279,2762809.525995,669249
280,2762809.525995,671626
281,2762809.525995,674004
282,2762809.525995,676382
283,2762809.525995,678771
284,2762809.525995,681178
285,2762809.525995,683580
286,2762809.525995,685978
287,2762809.525995,688383
288,2762809.525995,690803
289,2762809.525995,693224
290,2762809.525995,695636
291,2762809.525995,698043
292,2762809.525995,700440
293,2762809.525995,702840
294,2762809.525995,705246
295,2762809.525995,707657
296,2762809.525995,710074
297,2762809.525995,712502
298,2762809.525995,714895
299,2762809.525995,717282
300,2762809.525995,719678
2762809.525995,40.491930
1,2762809.525995,2376
2,2762809.525995,4937
3,2762809.525995,7350
4,2762809.525995,9805
5,2762809.525995,12276
6,2762809.525995,14770
7,2762809.525995,17203
8,2762809.525995,19657
9,2762809.525995,22099
10,2762809.525995,24528
11,2762809.525995,26934
12,2762809.525995,29339
13,2762809.525995,31746
14,2762809.525995,34128
15,2762809.525995,36512
16,2762809.525995,38899
17,2762809.525995,41289
18,2762809.525995,43679
19,2762809.525995,46060
20,2762809.525995,48441
21,2762809.525995,50817
22,2762809.525995,53202
23,2762809.525995,55589
24,2762809.525995,57966
25,2762809.525995,60346
26,2762809.525995,62737
27,2762809.525995,65115
28,2762809.525995,67493
29,2762809.525995,69871
30,2762809.525995,72249
31,2762809.525995,74634
32,2762809.525995,77015
33,2762809.525995,79401
34,2762809.525995,81802
35,2762809.525995,84207
36,2762809.525995,86616
37,2762809.525995,89013
38,2762809.525995,91421
39,2762809.525995,93815
40,2762809.525995,96212
41,2762809.525995,98590
42,2762809.525995,100979
43,2762809.525995,103370
44,2762809.525995,105763
45,2762809.525995,108148
46,2762809.525995,110539
47,2762809.525995,112937
48,2762809.525995,115343
49,2762809.525995,117751
50,2762809.525995,120148
51,2762809.525995,122541
52,2762809.525995,124938
53,2762809.525995,127332
54,2762809.525995,129719
55,2762809.525995,132122
56,2762809.525995,134534
57,2762809.525995,136922
58,2762809.525995,139311
59,2762809.525995,141709
60,2762809.525995,144095
61,2762809.525995,146471
62,2762809.525995,148850
63,2762809.525995,151236
64,2762809.525995,153612
65,2762809.525995,155988
66,2762809.525995,158364
67,2762809.525995,160746
68,2762809.525995,163124
69,2762809.525995,165503
70,2762809.525995,167882
71,2762809.525995,170262
72,2762809.525995,172647
73,2762809.525995,175042
74,2762809.525995,177447
75,2762809.525995,179842
76,2762809.525995,182253
77,2762809.525995,184659
78,2762809.525995,187039
79,2762809.525995,189431
80,2762809.525995,191835
81,2762809.525995,194227
82,2762809.525995,196632
83,2762809.525995,199028
84,2762809.525995,201447
85,2762809.525995,203843
86,2762809.525995,206242
87,2762809.525995,208645
88,2762809.525995,211032
89,2762809.525995,213411
90,2762809.525995,215801
91,2762809.525995,218194
92,2762809.525995,220603
93,2762809.525995,222997
94,2762809.525995,225384
95,2762809.525995,227773
96,2762809.525995,230167
97,2762809.525995,232550
98,2762809.525995,234952
99,2762809.525995,237342
100,2762809.525995,239736
101,2762809.525995,242143
102,2762809.525995,244534
103,2762809.525995,246923
104,2762809.525995,249317
105,2762809.525995,251707
106,2762809.525995,254108
107,2762809.525995,256499
108,2762809.525995,258894
109,2762809.525995,261283
110,2762809.525995,263680
111,2762809.525995,266083
112,2762809.525995,268479
113,2762809.525995,270888
114,2762809.525995,273292
115,2762809.525995,275716
116,2762809.525995,278127
117,2762809.525995,280543
118,2762809.525995,282942
119,2762809.525995,285350
120,2762809.525995,287731
121,2762809.525995,290113
122,2762809.525995,292498
123,2762809.525995,294885
124,2762809.525995,297278
125,2762809.525995,299679
126,2762809.525995,302091
127,2762809.525995,304495
128,2762809.525995,306908
129,2762809.525995,309311
130,2762809.525995,311708
131,2762809.525995,314105
132,2762809.525995,316499
133,2762809.525995,318906
134,2762809.525995,321326
135,2762809.525995,323733
136,2762809.525995,326116
137,2762809.525995,328512
138,2762809.525995,330897
139,2762809.525995,333295
140,2762809.525995,335677
141,2762809.525995,338095
142,2762809.525995,340490
143,2762809.525995,342884
144,2762809.525995,345286
145,2762809.525995,347686
146,2762809.525995,350090
147,2762809.525995,352486
148,2762809.525995,354878
149,2762809.525995,357278
150,2762809.525995,359700
151,2762809.525995,362109
152,2762809.525995,364505
153,2762809.525995,366890
154,2762809.525995,369272
155,2762809.525995,371657
156,2762809.525995,374044
157,2762809.525995,376436
158,2762809.525995,378824
159,2762809.525995,381217
160,2762809.525995,383622
161,2762809.525995,386026
162,2762809.525995,388418
163,2762809.525995,390813
164,2762809.525995,393198
165,2762809.525995,395596
166,2762809.525995,397972
167,2762809.525995,400358
168,2762809.525995,402749
169,2762809.525995,405151
170,2762809.525995,407542
171,2762809.525995,409939
172,2762809.525995,412339
173,2762809.525995,414731
174,2762809.525995,417137
175,2762809.525995,419535
176,2762809.525995,421938
177,2762809.525995,424332
178,2762809.525995,426737
179,2762809.525995,429137
180,2762809.525995,431541
181,2762809.525995,433936
182,2762809.525995,436337
183,2762809.525995,438733
184,2762809.525995,441131
185,2762809.525995,443520
186,2762809.525995,445914
187,2762809.525995,448312
188,2762809.525995,450726
189,2762809.525995,453124
190,2762809.525995,455519
191,2762809.525995,457916
192,2762809.525995,460295
193,2762809.525995,462686
194,2762809.525995,465100
195,2762809.525995,467496
196,2762809.525995,469885
197,2762809.525995,472287
198,2762809.525995,474703
199,2762809.525995,477115
200,2762809.525995,479540
201,2762809.525995,481954
202,2762809.525995,484347
203,2762809.525995,486723
204,2762809.525995,489099
205,2762809.525995,491480
206,2762809.525995,493869
207,2762809.525995,496254
208,2762809.525995,498640
209,2762809.525995,501028
210,2762809.525995,503411
211,2762809.525995,505801
212,2762809.525995,508204
213,2762809.525995,510596
214,2762809.525995,512990
215,2762809.525995,515386
216,2762809.525995,517788
217,2762809.525995,520180
218,2762809.525995,522566
219,2762809.525995,524955
220,2762809.525995,527349
221,2762809.525995,529748
222,2762809.525995,532137
223,2762809.525995,534532
224,2762809.525995,536926
225,2762809.525995,539305
226,2762809.525995,541685
227,2762809.525995,544067
228,2762809.525995,546453
229,2762809.525995,548844
230,2762809.525995,551237
231,2762809.525995,553623
232,2762809.525995,556007
233,2762809.525995,558390
234,2762809.525995,560780
235,2762809.525995,563174
236,2762809.525995,565577
237,2762809.525995,567978
238,2762809.525995,570387
239,2762809.525995,572789
240,2762809.525995,575195
241,2762809.525995,577620
242,2762809.525995,580022
243,2762809.525995,582451
244,2762809.525995,584829
245,2762809.525995,587211
246,2762809.525995,589596
247,2762809.525995,591984
248,2762809.525995,594384
249,2762809.525995,596777
250,2762809.525995,599166
251,2762809.525995,601559
252,2762809.525995,603954
253,2762809.525995,606355
254,2762809.525995,608753
255,2762809.525995,611156
256,2762809.525995,613560
257,2762809.525995,615960
258,2762809.525995,618363
259,2762809.525995,620780
260,2762809.525995,623189
261,2762809.525995,625609
262,2762809.525995,627996
263,2762809.525995,630380
264,2762809.525995,632767
265,2762809.525995,635154
266,2762809.525995,637545
267,2762809.525995,639936
268,2762809.525995,642347
269,2762809.525995,644756
270,2762809.525995,647136
271,2762809.525995,649520
272,2762809.525995,651927
273,2762809.525995,654322
274,2762809.525995,656724
275,2762809.525995,659144
276,2762809.525995,661538
277,2762809.525995,663938
278,2762809.525995,666339
279,2762809.525995,668715
280,2762809.525995,671091
281,2762809.525995,673467
282,2762809.525995,675843
283,2762809.525995,678219
284,2762809.525995,680596
285,2762809.525995,682973
286,2762809.525995,685351
287,2762809.525995,687738
288,2762809.525995,690119
289,2762809.525995,692501
290,2762809.525995,694884
291,2762809.525995,697270
292,2762809.525995,699646
293,2762809.525995,702043
294,2762809.525995,704427
295,2762809.525995,706824
296,2762809.525995,709212
297,2762809.525995,711617
298,2762809.525995,714014
299,2762809.525995,716416
300,2762809.525995,718835
2762809.525995,40.693864
