1,19589.206119,2376
2,18725.275344,5040
3,18592.521382,7701
4,18284.154708,10360
5,18121.473227,13002
6,17995.016768,15637
7,17898.686464,18266
8,17825.011878,20900
9,17823.651296,23550
10,17823.651296,26206
11,17810.223774,28857
12,17797.007394,31513
13,17765.983372,34169
14,17765.983372,36828
15,17765.983372,39485
16,17765.983372,42143
17,17765.983372,44798
18,17744.659323,47452
19,17744.659323,50108
20,17744.659323,52766
21,17744.659323,55422
22,17744.659323,58078
23,17744.659323,60736
24,17744.659323,63392
25,17737.344541,66050
26,17737.344541,68708
27,17737.344541,71368
28,17737.344541,74028
29,17737.344541,76686
30,17737.344541,79345
31,17737.344541,82006
32,17737.344541,84664
33,17737.344541,87326
34,17737.344541,89986
35,17737.344541,92648
36,17737.344541,95310
37,17737.344541,97972
38,17737.344541,100632
39,17737.344541,103292
40,17737.344541,105952
41,17737.344541,108614
42,17737.344541,111276
43,17737.344541,113940
44,17737.344541,116605
45,17737.344541,119269
46,17737.344541,121932
47,17737.344541,124597
48,17737.344541,127260
49,17737.344541,129922
50,17737.344541,132585
51,17737.344541,135250
52,17737.344541,137915
53,17737.344541,140580
54,17737.344541,143245
55,17737.344541,145910
56,17714.720044,148575
57,17714.720044,151239
58,17714.720044,153903
59,17714.720044,156567
60,17714.720044,159232
61,17714.720044,161896
62,17714.720044,164558
63,17714.720044,167222
64,17714.720044,169885
65,17714.720044,172548
66,17714.720044,175212
67,17714.720044,177876
68,17714.720044,180540
69,17714.720044,183205
70,17714.720044,185868
71,17714.720044,188533
72,17711.899852,191198
73,17711.899852,193861
74,17711.899852,196526
75,17711.899852,199191
76,17711.899852,201856
77,17711.899852,204520
78,17711.899852,207184
79,17711.899852,209849
80,17711.899852,212514
81,17711.899852,215179
82,17709.153847,217843
83,17709.153847,220508
84,17706.559461,223172
85,17706.559461,225835
86,17706.559461,228499
87,17706.559461,231163
88,17706.559461,233828
89,17706.559461,236493
90,17706.559461,239156
91,17706.559461,241821
92,17706.559461,244484
93,17706.559461,247148
94,17706.559461,249813
95,17706.559461,252478
96,17706.559461,255143
97,17706.559461,257808
98,17706.559461,260473
99,17706.559461,263137
100,17706.559461,265801
101,17706.559461,268466
102,17706.559461,271129
103,17706.559461,273792
104,17706.559461,276455
105,17706.559461,279119
106,17706.559461,281783
107,17706.559461,284448
108,17706.559461,287111
109,17706.559461,289774
110,17706.559461,292435
111,17706.559461,295100
112,17706.559461,297764
113,17706.559461,300429
114,17706.559461,303094
115,17706.559461,305758
116,17706.559461,308421
117,17706.559461,311085
118,17706.559461,313747
119,17706.559461,316407
120,17706.559461,319069
121,17706.559461,321733
122,17706.559461,324398
123,17706.559461,327063
124,17706.559461,329728
125,17706.559461,332392
126,17706.559461,335057
127,17706.559461,337721
128,17706.559461,340386
129,17706.559461,343051
130,17706.559461,345715
131,17706.559461,348378
132,17706.559461,351041
133,17706.559461,353705
134,17706.559461,356369
135,17706.559461,359032
136,17706.559461,361693
137,17706.559461,364357
138,17706.559461,367018
139,17706.559461,369682
140,17706.559461,372345
141,17706.559461,375009
142,17706.559461,377672
143,17706.559461,380336
144,17706.559461,383000
145,17706.559461,385664
146,17706.559461,388328
147,17706.559461,390991
148,17706.559461,393655
149,17706.559461,396319
150,17706.559461,398981
151,17706.559461,401645
152,17706.559461,404308
153,17706.559461,406972
154,17706.559461,409637
155,17706.559461,412300
156,17706.559461,414962
157,17706.559461,417626
158,17706.559461,420289
159,17706.559461,422954
160,17706.559461,425617
161,17706.559461,428280
162,17706.559461,430944
163,17706.559461,433608
164,17706.559461,436270
165,17706.559461,438934
166,17706.559461,441598
167,17706.559461,444263
168,17706.559461,446928
169,17706.559461,449591
170,17706.559461,452256
171,17706.559461,454921
172,17706.559461,457586
173,17706.559461,460251
174,17706.559461,462916
175,17706.559461,465581
176,17706.559461,468246
177,17706.559461,470911
178,17706.559461,473576
179,17706.559461,476240
180,17706.559461,478905
181,17706.559461,481570
182,17706.559461,484235
183,17706.559461,486900
184,17706.559461,489564
185,17706.559461,492229
186,17706.559461,494894
187,17706.559461,497559
188,17706.559461,500223
189,17706.559461,502888
190,17706.559461,505553
191,17706.559461,508218
192,17706.559461,510879
193,17706.559461,513542
194,17706.559461,516205
195,17706.559461,518869
196,17706.559461,521531
197,17706.559461,524194
198,17706.559461,526857
199,17706.559461,529521
200,17706.559461,532185
201,17706.559461,534850
202,17706.559461,537515
203,17706.559461,540180
204,17706.559461,542845
205,17706.559461,545510
206,17706.559461,548175
207,17706.559461,550840
208,17706.559461,553504
209,17706.559461,556168
210,17706.559461,558833
211,17706.559461,561498
212,17706.559461,564163
213,17706.559461,566828
214,17706.559461,569493
215,17706.559461,572158
216,17706.559461,574821
217,17706.559461,577484
218,17706.559461,580149
219,17706.559461,582813
220,17706.559461,585478
221,17706.559461,588143
222,17706.559461,590808
223,17706.559461,593471
224,17706.559461,596135
225,17706.559461,598800
226,17706.559461,601464
227,17706.559461,604129
228,17706.559461,606794
229,17706.559461,609459
230,17706.559461,612124
231,17706.559461,614789
232,17706.559461,617452
233,17706.559461,620116
234,17706.559461,622780
235,17706.559461,625444
236,17706.559461,628108
237,17706.559461,630771
238,17706.559461,633433
239,17706.559461,636097
240,17706.559461,638761
241,17706.559461,641425
242,17706.559461,644089
243,17706.559461,646754
244,17706.559461,649419
245,17706.559461,652083
246,17706.559461,654748
247,17706.559461,657413
248,17706.559461,660078
249,17706.559461,662743
250,17706.559461,665408
251,17706.559461,668073
252,17706.559461,670737
253,17706.559461,673402
254,17706.559461,676065
255,17706.559461,678728
256,17706.559461,681393
257,17706.559461,684058
258,17706.559461,686723
259,17706.559461,689388
260,17706.559461,692053
261,17706.559461,694718
262,17706.559461,697383
263,17706.559461,700048
264,17706.559461,702713
265,17706.559461,705378
266,17706.559461,708043
267,17706.559461,710707
268,17706.559461,713370
269,17706.559461,716035
270,17706.559461,718698
271,17706.559461,721361
272,17706.559461,724026
273,17706.559461,726691
274,17706.559461,729356
275,17706.559461,732021
276,17706.559461,734686
277,17706.559461,737350
278,17706.559461,740015
279,17706.559461,742680
280,17706.559461,745345
281,17706.559461,748008
282,17706.559461,750673
283,17706.559461,753338
284,17706.559461,756003
285,17706.559461,758668
286,17706.559461,761333
287,17706.559461,763998
288,17706.559461,766663
289,17706.559461,769328
290,17706.559461,771993
291,17706.559461,774658
292,17706.559461,777323
293,17706.559461,779988
294,17706.559461,782653
295,17706.559461,785318
296,17706.559461,787982
297,17706.559461,790646
298,17706.559461,793311
299,17706.559461,795976
300,17706.559461,798641
301,17706.559461,801306
302,17706.559461,803971
303,17706.559461,806636
304,17706.559461,809301
305,17706.559461,811965
306,17706.559461,814629
307,17706.559461,817293
17706.559461,83.109049
1,19550.841601,2376
2,18737.451116,5016
3,18415.646356,7653
4,18267.417092,10289
5,18088.626601,12915
6,17993.136109,15535
7,17993.136109,18148
8,17993.136109,20767
9,17794.494525,23389
10,17794.494525,26022
11,17783.526406,28653
12,17783.335229,31285
13,17770.844230,33915
14,17759.371275,36548
15,17759.371275,39180
16,17759.371275,41816
17,17759.371275,44450
18,17759.371275,47085
19,17759.371275,49720
20,17750.430049,52354
21,17746.265232,54992
22,17745.810423,57628
23,17745.810423,60265
24,17745.810423,62902
25,17745.810423,65538
26,17745.810423,68174
27,17745.810423,70811
28,17745.810423,73447
29,17745.810423,76085
30,17745.810423,78723
31,17745.810423,81361
32,17745.810423,83999
33,17745.810423,86635
34,17745.810423,89273
35,17745.810423,91912
36,17745.810423,94548
37,17745.810423,97182
38,17739.392207,99818
39,17739.392207,102452
40,17739.392207,105089
41,17739.392207,107726
42,17739.392207,110363
43,17739.392207,112999
44,17739.392207,115636
45,17739.392207,118275
46,17739.392207,120913
47,17739.392207,123549
48,17739.392207,126181
49,17739.392207,128816
50,17739.392207,131454
51,17739.392207,134090
52,17739.392207,136729
53,17729.651651,139367
54,17729.651651,142005
55,17729.651651,144642
56,17729.651651,147281
57,17729.651651,149916
58,17729.651651,152553
59,17729.651651,155192
60,17729.651651,157830
61,17729.651651,160468
62,17729.651651,163106
63,17729.651651,165743
64,17729.651651,168381
65,17728.286985,171016
66,17728.286985,173652
67,17715.887889,176288
68,17715.887889,178924
69,17711.123873,181560
70,17711.123873,184197
71,17711.123873,186836
72,17711.123873,189476
73,17711.123873,192113
74,17711.123873,194749
75,17711.123873,197388
76,17711.123873,200026
77,17711.123873,202665
78,17711.123873,205303
79,17711.123873,207941
80,17711.123873,210574
81,17711.123873,213211
82,17711.123873,215850
83,17711.123873,218489
84,17711.123873,221127
85,17711.123873,223763
86,17711.123873,226400
87,17711.123873,229036
88,17711.123873,231674
89,17711.123873,234313
90,17711.123873,236951
91,17711.123873,239588
92,17711.123873,242227
93,17711.123873,244867
94,17711.123873,247506
95,17711.123873,250146
96,17711.123873,252785
97,17711.123873,255424
98,17711.123873,258062
99,17711.123873,260702
100,17711.123873,263341
101,17711.123873,265979
102,17711.123873,268618
103,17711.123873,271258
104,17711.123873,273898
105,17711.123873,276536
106,17711.123873,279173
107,17711.123873,281809
108,17711.123873,284447
109,17711.123873,287086
110,17711.123873,289725
111,17711.123873,292365
112,17711.123873,295005
113,17711.123873,297643
114,17711.123873,300283
115,17711.123873,302922
116,17711.123873,305562
117,17711.123873,308202
118,17711.123873,310839
119,17711.123873,313479
120,17711.123873,316117
121,17711.123873,318753
122,17711.123873,321391
123,17711.123873,324029
124,17711.123873,326668
125,17711.123873,329306
126,17711.123873,331946
127,17711.123873,334586
128,17711.123873,337226
129,17711.123873,339865
130,17711.123873,342504
131,17711.123873,345144
132,17711.123873,347782
133,17711.123873,350421
134,17711.123873,353057
135,17711.123873,355697
136,17711.123873,358337
137,17711.123873,360975
138,17711.123873,363614
139,17711.123873,366251
140,17711.123873,368889
141,17711.123873,371527
142,17711.123873,374166
143,17711.123873,376806
144,17711.123873,379444
145,17711.123873,382084
146,17711.123873,384723
147,17711.123873,387363
148,17711.123873,390002
149,17711.123873,392641
150,17711.123873,395278
151,17711.123873,397915
152,17711.123873,400551
153,17711.123873,403191
154,17711.123873,405831
155,17711.123873,408471
156,17711.123873,411110
157,17711.123873,413750
158,17711.123873,416389
159,17711.123873,419027
160,17711.123873,421667
161,17711.123873,424307
162,17711.123873,426945
163,17711.123873,429585
164,17711.123873,432224
165,17711.123873,434864
166,17711.123873,437504
167,17711.123873,440144
168,17711.123873,442782
169,17711.123873,445422
170,17711.123873,448060
171,17711.123873,450700
172,17711.123873,453340
173,17711.123873,455978
174,17711.123873,458616
175,17711.123873,461256
176,17711.123873,463896
177,17711.123873,466535
178,17711.123873,469175
179,17711.123873,471814
180,17711.123873,474453
181,17711.123873,477088
182,17711.123873,479728
183,17711.123873,482368
184,17711.123873,485008
185,17711.123873,487648
186,17711.123873,490286
187,17711.123873,492925
188,17711.123873,495564
189,17711.123873,498204
190,17711.123873,500844
191,17711.123873,503483
192,17711.123873,506123
193,17711.123873,508762
194,17711.123873,511402
195,17711.123873,514041
196,17711.123873,516681
197,17711.123873,519321
198,17711.123873,521960
199,17711.123873,524599
200,17711.123873,527239
201,17711.123873,529878
202,17711.123873,532517
203,17711.123873,535157
204,17711.123873,537796
205,17711.123873,540435
206,17711.123873,543074
207,17711.123873,545714
208,17711.123873,548352
209,17711.123873,550992
210,17711.123873,553630
211,17711.123873,556270
212,17711.123873,558910
213,17711.123873,561547
214,17711.123873,564186
215,17711.123873,566825
216,17711.123873,569464
217,17711.123873,572104
218,17711.123873,574744
219,17711.123873,577383
220,17711.123873,580023
221,17711.123873,582662
222,17711.123873,585302
223,17711.123873,587942
224,17711.123873,590582
225,17711.123873,593222
226,17711.123873,595861
227,17711.123873,598499
228,17711.123873,601137
229,17711.123873,603775
230,17711.123873,606414
231,17711.123873,609054
232,17711.123873,611693
233,17711.123873,614333
234,17711.123873,616973
235,17711.123873,619613
236,17711.123873,622253
237,17711.123873,624893
238,17711.123873,627533
239,17711.123873,630173
240,17711.123873,632812
241,17711.123873,635452
242,17711.123873,638090
243,17711.123873,640730
244,17711.123873,643370
245,17711.123873,646009
246,17711.123873,648649
247,17711.123873,651289
248,17711.123873,653929
249,17711.123873,656568
250,17711.123873,659208
251,17711.123873,661848
252,17711.123873,664488
253,17711.123873,667128
254,17711.123873,669768
255,17711.123873,672408
256,17711.123873,675046
257,17711.123873,677685
258,17711.123873,680325
259,17711.123873,682965
260,17711.123873,685604
261,17711.123873,688244
262,17711.123873,690884
263,17711.123873,693524
264,17711.123873,696164
265,17711.123873,698804
266,17711.123873,701444
267,17711.123873,704084
268,17711.123873,706724
269,17711.123873,709364
270,17711.123873,712004
271,17711.123873,714643
272,17711.123873,717283
273,17711.123873,719923
274,17711.123873,722562
275,17711.123873,725202
276,17711.123873,727842
277,17711.123873,730482
278,17711.123873,733122
279,17711.123873,735762
280,17711.123873,738402
281,17711.123873,741042
282,17711.123873,743682
283,17711.123873,746322
284,17711.123873,748962
285,17711.123873,751601
286,17711.123873,754240
287,17711.123873,756880
288,17711.123873,759520
289,17711.123873,762160
290,17711.123873,764800
291,17711.123873,767440
292,17711.123873,770078
293,17711.123873,772717
294,17711.123873,775357
295,17711.123873,777997
296,17711.123873,780637
297,17711.123873,783277
298,17711.123873,785917
299,17711.123873,788557
300,17711.123873,791197
301,17711.123873,793837
302,17711.123873,796477
303,17711.123873,799117
304,17711.123873,801757
305,17711.123873,804396
306,17711.123873,807035
307,17711.123873,809675
308,17711.123873,812315
309,17711.123873,814955
310,17711.123873,817594
17711.123873,83.124124
1,19541.677063,2376
2,19158.629302,5037
3,18405.215037,7697
4,18218.324234,10352
5,18145.344100,13001
6,17990.155261,15638
7,17865.114530,18280
8,17810.016521,20924
9,17803.122628,23568
10,17803.122628,26218
11,17803.122628,28869
12,17783.756459,31524
13,17776.859168,34179
14,17771.025333,36831
15,17765.306181,39487
16,17762.956157,42142
17,17762.956157,44799
18,17759.183366,47456
19,17755.477409,50108
20,17755.477409,52762
21,17755.477409,55419
22,17754.820211,58076
23,17754.820211,60732
24,17750.040070,63387
25,17750.040070,66043
26,17750.040070,68700
27,17750.040070,71357
28,17750.040070,74014
29,17750.040070,76671
30,17750.040070,79329
31,17750.040070,81987
32,17750.040070,84644
33,17750.040070,87299
34,17750.040070,89954
35,17750.040070,92607
36,17750.040070,95262
37,17750.040070,97916
38,17750.040070,100570
39,17750.040070,103226
40,17750.040070,105882
41,17750.040070,108539
42,17750.040070,111195
43,17750.040070,113851
44,17750.040070,116510
45,17750.040070,119169
46,17750.040070,121829
47,17750.040070,124488
48,17750.040070,127147
49,17750.040070,129807
50,17750.040070,132466
51,17750.040070,135123
52,17750.040070,137781
53,17750.040070,140440
54,17750.040070,143101
55,17750.040070,145761
56,17750.040070,148422
57,17750.040070,151083
58,17750.040070,153742
59,17750.040070,156400
60,17750.040070,159058
61,17750.040070,161717
62,17750.040070,164375
63,17746.542860,167034
64,17746.542860,169693
65,17746.542860,172350
66,17746.463257,175008
67,17746.463257,177666
68,17742.534208,180326
69,17735.188315,182986
70,17729.766093,185646
71,17729.766093,188304
72,17729.766093,190964
73,17729.766093,193624
74,17729.766093,196282
75,17729.766093,198941
76,17729.766093,201600
77,17729.766093,204259
78,17729.766093,206917
79,17729.766093,209577
80,17729.766093,212234
81,17729.766093,214895
82,17729.766093,217556
83,17729.766093,220216
84,17729.766093,222877
85,17729.766093,225537
86,17729.766093,228198
87,17729.766093,230858
88,17725.555381,233518
89,17709.070055,236179
90,17709.070055,238839
91,17709.070055,241500
92,17709.070055,244161
93,17709.070055,246822
94,17706.822776,249482
95,17705.042045,252140
96,17705.042045,254801
97,17705.042045,257462
98,17705.042045,260123
99,17705.042045,262784
100,17705.042045,265444
101,17705.042045,268105
102,17705.042045,270764
103,17705.042045,273425
104,17705.042045,276083
105,17705.042045,278743
106,17705.042045,281404
107,17705.042045,284065
108,17705.042045,286726
109,17705.042045,289386
110,17705.042045,292047
111,17705.042045,294708
112,17705.042045,297369
113,17705.042045,300029
114,17705.042045,302686
115,17705.042045,305346
116,17705.042045,308005
117,17705.042045,310665
118,17705.042045,313326
119,17705.042045,315987
120,17705.042045,318648
121,17705.042045,321309
122,17705.042045,323970
123,17705.042045,326630
124,17705.042045,329291
125,17705.042045,331952
126,17705.042045,334612
127,17705.042045,337273
128,17705.042045,339934
129,17705.042045,342595
130,17705.042045,345253
131,17705.042045,347913
132,17705.042045,350573
133,17705.042045,353233
134,17705.042045,355892
135,17705.042045,358552
136,17705.042045,361213
137,17705.042045,363873
138,17705.042045,366531
139,17705.042045,369191
140,17705.042045,371851
141,17705.042045,374510
142,17705.042045,377170
143,17705.042045,379830
144,17705.042045,382489
145,17705.042045,385147
146,17705.042045,387806
147,17705.042045,390464
148,17705.042045,393123
149,17705.042045,395780
150,17705.042045,398440
151,17705.042045,401101
152,17705.042045,403762
153,17705.042045,406420
154,17705.042045,409079
155,17705.042045,411740
156,17705.042045,414401
157,17705.042045,417062
158,17705.042045,419722
159,17705.042045,422383
160,17690.886460,425044
161,17690.886460,427704
162,17690.886460,430364
163,17690.886460,433025
164,17690.886460,435686
165,17690.886460,438345
166,17690.886460,441005
167,17690.886460,443665
168,17690.886460,446325
169,17690.886460,448986
170,17690.886460,451646
171,17690.886460,454307
172,17690.886460,456966
173,17690.886460,459625
174,17690.886460,462285
175,17690.886460,464946
176,17690.886460,467606
177,17690.886460,470266
178,17689.687794,472925
179,17689.687794,475586
180,17689.687794,478247
181,17689.687794,480906
182,17689.687794,483565
183,17689.687794,486226
184,17689.687794,488886
185,17689.687794,491545
186,17689.687794,494204
187,17689.687794,496863
188,17689.687794,499523
189,17689.687794,502183
190,17689.687794,504840
191,17689.687794,507498
192,17689.687794,510158
193,17689.687794,512817
194,17689.687794,515477
195,17689.687794,518133
196,17689.687794,520794
197,17689.687794,523455
198,17689.687794,526114
199,17689.687794,528773
200,17689.687794,531432
201,17689.687794,534091
202,17689.687794,536752
203,17689.687794,539413
204,17689.687794,542073
205,17689.687794,544732
206,17689.687794,547390
207,17689.687794,550051
208,17689.687794,552711
209,17688.685114,555372
210,17688.685114,558033
211,17688.685114,560692
212,17688.685114,563352
213,17688.428559,566010
214,17686.875522,568669
215,17686.875522,571329
216,17686.875522,573990
217,17686.875522,576650
218,17686.875522,579311
219,17686.875522,581971
220,17686.875522,584631
221,17686.875522,587291
222,17686.875522,589952
223,17686.875522,592613
224,17686.875522,595273
225,17686.875522,597933
226,17686.875522,600592
227,17686.875522,603253
228,17686.875522,605914
229,17686.875522,608574
230,17686.875522,611235
231,17686.875522,613896
232,17686.875522,616556
233,17686.875522,619216
234,17686.875522,621877
235,17686.875522,624536
236,17686.875522,627197
237,17686.875522,629858
238,17686.875522,632517
239,17685.293835,635176
240,17685.293835,637837
241,17685.293835,640498
242,17685.293835,643159
243,17685.293835,645819
244,17685.293835,648480
245,17685.293835,651140
246,17685.293835,653800
247,17685.293835,656460
248,17685.293835,659121
249,17685.293835,661782
250,17685.293835,664440
251,17685.293835,667101
252,17685.293835,669760
253,17685.293835,672421
254,17685.293835,675081
255,17685.293835,677742
256,17685.293835,680403
257,17685.293835,683062
258,17685.293835,685722
259,17685.293835,688382
260,17685.293835,691042
261,17685.293835,693702
262,17685.293835,696363
263,17685.293835,699023
264,17685.293835,701684
265,17685.293835,704344
266,17685.293835,707004
267,17685.293835,709665
268,17685.293835,712324
269,17685.293835,714984
270,17685.293835,717644
271,17685.293835,720305
272,17685.293835,722966
273,17685.293835,725626
274,17685.293835,728287
275,17685.293835,730948
276,17685.293835,733608
277,17685.293835,736269
278,17685.293835,738930
279,17685.293835,741591
280,17685.293835,744252
281,17685.293835,746913
282,17685.293835,749573
283,17685.293835,752234
284,17685.293835,754895
285,17685.293835,757556
286,17685.293835,760216
287,17685.293835,762877
288,17685.293835,765538
289,17685.293835,768199
290,17685.293835,770860
291,17685.293835,773520
292,17685.293835,776180
293,17685.293835,778840
294,17685.293835,781501
295,17685.293835,784162
296,17685.293835,786823
297,17685.293835,789484
298,17685.293835,792145
299,17685.293835,794805
300,17685.293835,797466
301,17685.293835,800127
302,17685.293835,802788
303,17685.293835,805449
304,17685.293835,808109
305,17685.293835,810770
306,17685.293835,813431
307,17685.293835,816092
308,17685.293835,818753
17685.293835,83.633288
1,19524.154549,2376
2,18695.608908,5031
3,18417.108551,7685
4,18244.223536,10337
5,18124.954123,12980
6,17965.019473,15609
7,17907.320554,18229
8,17820.408037,20866
9,17820.408037,23509
10,17810.260397,26158
11,17793.918998,28803
12,17793.918998,31456
13,17793.918998,34107
14,17793.918998,36757
15,17790.962065,39407
16,17790.962065,42059
17,17773.137326,44708
18,17756.165486,47361
19,17756.165486,50016
20,17756.165486,52667
21,17756.165486,55321
22,17747.915927,57976
23,17737.447714,60630
24,17737.447714,63283
25,17737.447714,65940
26,17737.447714,68597
27,17731.294022,71255
28,17731.294022,73909
29,17731.294022,76566
30,17731.294022,79222
31,17731.294022,81877
32,17731.294022,84533
33,17722.619910,87190
34,17722.619910,89845
35,17722.619910,92501
36,17722.619910,95159
37,17722.619910,97814
38,17722.619910,100470
39,17722.619910,103126
40,17722.619910,105779
41,17722.619910,108434
42,17722.619910,111088
43,17722.619910,113744
44,17722.619910,116398
45,17722.619910,119055
46,17722.619910,121710
47,17722.619910,124366
48,17722.619910,127021
49,17722.619910,129675
50,17722.619910,132332
51,17722.619910,134986
52,17722.619910,137643
53,17722.619910,140299
54,17722.619910,142955
55,17722.619910,145612
56,17719.474859,148269
57,17719.474859,150926
58,17719.474859,153582
59,17719.474859,156238
60,17719.474859,158895
61,17719.474859,161552
62,17719.474859,164209
63,17719.474859,166865
64,17719.474859,169519
65,17719.474859,172176
66,17719.474859,174830
67,17719.474859,177487
68,17719.474859,180141
69,17719.474859,182797
70,17719.474859,185453
71,17719.474859,188110
72,17719.474859,190765
73,17719.474859,193421
74,17719.474859,196076
75,17719.474859,198731
76,17719.474859,201384
77,17719.474859,204040
78,17719.474859,206695
79,17719.474859,209352
80,17719.474859,212008
81,17719.474859,214666
82,17719.474859,217323
83,17719.474859,219979
84,17719.474859,222634
85,17719.474859,225289
86,17719.474859,227946
87,17719.474859,230602
88,17719.474859,233259
89,17719.474859,235916
90,17719.474859,238572
91,17719.474859,241229
92,17719.474859,243886
93,17719.474859,246541
94,17719.474859,249197
95,17719.474859,251855
96,17719.474859,254511
97,17719.474859,257166
98,17719.474859,259823
99,17719.474859,262479
100,17719.474859,265132
101,17719.474859,267789
102,17719.474859,270445
103,17719.474859,273103
104,17719.474859,275759
105,17719.474859,278415
106,17719.474859,281073
107,17719.474859,283731
108,17719.474859,286386
109,17719.474859,289044
110,17719.474859,291701
111,17719.474859,294359
112,17719.474859,297016
113,17719.474859,299673
114,17719.474859,302331
115,17719.474859,304989
116,17719.474859,307647
117,17719.474859,310303
118,17719.474859,312961
119,17719.474859,315618
120,17719.474859,318274
121,17719.474859,320931
122,17719.474859,323589
123,17719.474859,326246
124,17719.474859,328902
125,17719.474859,331559
126,17719.474859,334216
127,17719.474859,336873
128,17719.474859,339527
129,17719.474859,342184
130,17719.474859,344842
131,17719.474859,347499
132,17719.474859,350156
133,17719.474859,352813
134,17719.474859,355470
135,17719.474859,358125
136,17719.474859,360781
137,17719.474859,363436
138,17719.474859,366091
139,17719.474859,368747
140,17719.474859,371403
141,17719.474859,374059
142,17719.474859,376714
143,17719.474859,379371
144,17719.474859,382028
145,17719.474859,384683
146,17719.474859,387338
147,17719.474859,389991
148,17719.474859,392648
149,17719.474859,395304
150,17719.474859,397961
151,17719.474859,400615
152,17719.474859,403269
153,17719.474859,405926
154,17719.474859,408582
155,17719.474859,411239
156,17719.474859,413894
157,17719.474859,416549
158,17719.474859,419205
159,17719.474859,421861
160,17719.474859,424518
161,17719.474859,427175
162,17719.474859,429831
163,17719.474859,432487
164,17719.474859,435144
165,17719.474859,437800
166,17719.474859,440456
167,17719.474859,443112
168,17719.474859,445769
169,17719.474859,448425
170,17719.474859,451081
171,17719.474859,453737
172,17719.474859,456392
173,17719.474859,459047
174,17719.474859,461703
175,17719.474859,464357
176,17719.474859,467015
177,17719.474859,469672
178,17719.474859,472330
179,17719.474859,474987
180,17719.474859,477645
181,17719.474859,480303
182,17719.474859,482961
183,17719.474859,485618
184,17719.474859,488274
185,17719.474859,490932
186,17719.474859,493590
187,17719.474859,496247
188,17719.474859,498903
189,17719.474859,501559
190,17719.474859,504215
191,17719.474859,506873
192,17719.474859,509530
193,17719.474859,512188
194,17719.474859,514844
195,17719.474859,517499
196,17719.474859,520156
197,17719.474859,522813
198,17719.474859,525470
199,17719.474859,528128
200,17719.474859,530786
201,17719.474859,533443
202,17719.474859,536101
203,17719.474859,538757
204,17719.474859,541413
205,17719.474859,544071
206,17719.474859,546728
207,17719.474859,549384
208,17719.474859,552041
209,17719.474859,554699
210,17719.474859,557356
211,17719.474859,560014
212,17719.474859,562672
213,17719.474859,565330
214,17719.474859,567988
215,17719.474859,570646
216,17719.474859,573303
217,17719.474859,575961
218,17719.474859,578619
219,17719.474859,581277
220,17719.474859,583935
221,17719.474859,586592
222,17719.474859,589248
223,17719.474859,591905
224,17719.474859,594562
225,17719.474859,597219
226,17719.474859,599876
227,17719.474859,602533
228,17719.474859,605189
229,17719.474859,607843
230,17719.474859,610500
231,17719.474859,613158
232,17719.474859,615816
233,17719.474859,618472
234,17719.474859,621130
235,17719.474859,623786
236,17719.474859,626443
237,17719.474859,629101
238,17719.474859,631759
239,17719.474859,634417
240,17719.474859,637075
241,17719.474859,639733
242,17719.474859,642391
243,17719.474859,645049
244,17719.474859,647706
245,17719.474859,650364
246,17719.474859,653021
247,17719.474859,655679
248,17719.474859,658335
249,17719.474859,660992
250,17719.474859,663650
251,17719.474859,666306
252,17719.474859,668964
253,17719.474859,671621
254,17719.474859,674279
255,17719.474859,676937
256,17719.474859,679595
257,17719.474859,682253
258,17719.474859,684911
259,17719.474859,687569
260,17719.474859,690227
261,17719.474859,692885
262,17719.474859,695543
263,17719.474859,698201
264,17719.474859,700859
265,17719.474859,703516
266,17719.474859,706174
267,17719.474859,708829
268,17719.474859,711485
269,17719.474859,714143
270,17719.474859,716801
271,17719.474859,719457
272,17719.474859,722115
273,17719.474859,724773
274,17719.474859,727431
275,17719.474859,730089
276,17719.474859,732747
277,17719.474859,735404
278,17719.474859,738062
279,17719.474859,740718
280,17719.474859,743374
281,17719.474859,746031
282,17719.474859,748689
283,17719.474859,751346
284,17719.474859,754004
285,17719.474859,756661
286,17719.474859,759318
287,17719.474859,761976
288,17719.474859,764634
289,17719.474859,767292
290,17719.474859,769950
291,17719.474859,772607
292,17719.474859,775264
293,17719.474859,777922
294,17719.474859,780579
295,17719.474859,783234
296,17719.474859,785891
297,17719.474859,788547
298,17719.474859,791203
299,17719.474859,793860
300,17719.474859,796516
301,17719.474859,799174
302,17719.474859,801832
303,17719.474859,804490
304,17719.474859,807148
305,17719.474859,809805
306,17719.474859,812461
307,17719.474859,815118
308,17719.474859,817776
17719.474859,83.537927
1,19553.285216,2376
2,18700.856546,5000
3,18433.486640,7623
4,18210.704172,10243
5,18150.531525,12858
6,17903.996728,15466
7,17851.609867,18073
8,17850.438118,20683
9,17781.444471,23300
10,17781.444471,25917
11,17781.444471,28539
12,17773.741032,31158
13,17768.999013,33780
14,17768.999013,36398
15,17768.999013,39018
16,17768.999013,41642
17,17768.999013,44262
18,17768.999013,46884
19,17768.999013,49505
20,17768.999013,52125
21,17768.999013,54745
22,17768.999013,57365
23,17743.380690,59986
24,17743.380690,62608
25,17743.380690,65228
26,17743.380690,67847
27,17743.380690,70468
28,17743.380690,73089
29,17743.380690,75710
30,17743.380690,78329
31,17743.380690,80947
32,17725.731253,83561
33,17725.731253,86180
34,17725.731253,88799
35,17725.731253,91418
36,17725.731253,94032
37,17725.731253,96647
38,17725.731253,99263
39,17725.731253,101879
40,17723.983353,104497
41,17723.983353,107114
42,17723.983353,109731
43,17723.983353,112349
44,17723.598766,114967
45,17723.598766,117584
46,17723.598766,120202
47,17723.598766,122822
48,17722.317985,125441
49,17719.952840,128060
50,17708.721712,130678
51,17708.721712,133296
52,17708.721712,135917
53,17708.721712,138538
54,17708.721712,141159
55,17700.500627,143780
56,17700.500627,146400
57,17700.500627,149021
58,17700.500627,151642
59,17700.500627,154263
60,17700.500627,156884
61,17700.500627,159506
62,17700.500627,162129
63,17700.500627,164751
64,17700.500627,167372
65,17700.500627,169993
66,17700.500627,172615
67,17700.500627,175239
68,17700.500627,177862
69,17700.500627,180486
70,17700.500627,183110
71,17700.500627,185734
72,17696.039211,188357
73,17696.039211,190981
74,17696.039211,193603
75,17696.039211,196227
76,17696.039211,198851
77,17696.039211,201475
78,17696.039211,204099
79,17696.039211,206723
80,17685.613263,209347
81,17685.613263,211971
82,17685.613263,214592
83,17685.613263,217215
84,17685.613263,219839
85,17685.613263,222462
86,17681.568668,225086
87,17681.568668,227710
88,17681.544422,230334
89,17681.544422,232958
90,17681.544422,235582
91,17681.544422,238206
92,17681.544422,240830
93,17681.544422,243454
94,17681.544422,246078
95,17681.544422,248702
96,17681.544422,251325
97,17681.544422,253948
98,17681.544422,256572
99,17681.544422,259195
100,17681.544422,261818
101,17681.544422,264442
102,17681.544422,267066
103,17681.544422,269690
104,17681.544422,272314
105,17681.544422,274937
106,17681.544422,277561
107,17681.544422,280185
108,17681.544422,282808
109,17681.544422,285432
110,17681.544422,288056
111,17681.544422,290680
112,17681.544422,293303
113,17679.771391,295927
114,17676.376746,298551
115,17676.376746,301175
116,17676.376746,303797
117,17676.376746,306421
118,17676.376746,309044
119,17676.376746,311668
120,17676.376746,314292
121,17676.376746,316916
122,17676.376746,319540
123,17676.376746,322164
124,17676.376746,324788
125,17676.376746,327410
126,17676.376746,330033
127,17676.376746,332657
128,17676.376746,335281
129,17676.376746,337905
130,17676.376746,340529
131,17676.376746,343153
132,17676.376746,345777
133,17676.376746,348400
134,17676.376746,351024
135,17676.376746,353647
136,17676.376746,356271
137,17676.376746,358894
138,17676.376746,361517
139,17676.376746,364141
140,17676.376746,366765
141,17676.376746,369389
142,17676.376746,372013
143,17676.376746,374637
144,17676.376746,377259
145,17676.376746,379883
146,17676.376746,382506
147,17676.376746,385129
148,17676.376746,387752
149,17676.376746,390376
150,17676.376746,393000
151,17676.376746,395623
152,17676.376746,398247
153,17676.376746,400870
154,17676.376746,403494
155,17676.376746,406117
156,17676.376746,408741
157,17676.376746,411364
158,17676.376746,413988
159,17676.376746,416612
160,17676.376746,419236
161,17676.376746,421860
162,17676.376746,424484
163,17676.376746,427108
164,17676.376746,429732
165,17676.376746,432355
166,17676.376746,434979
167,17676.376746,437603
168,17676.376746,440227
169,17676.376746,442851
170,17676.376746,445475
171,17676.376746,448097
172,17676.376746,450721
173,17676.376746,453344
174,17676.376746,455968
175,17676.376746,458592
176,17676.376746,461216
177,17676.376746,463840
178,17676.376746,466463
179,17676.376746,469086
180,17676.376746,471709
181,17676.376746,474333
182,17676.376746,476957
183,17676.376746,479581
184,17676.376746,482205
185,17676.376746,484829
186,17676.376746,487452
187,17676.376746,490076
188,17676.376746,492699
189,17676.376746,495323
190,17676.376746,497947
191,17676.376746,500571
192,17676.376746,503194
193,17676.376746,505816
194,17676.376746,508440
195,17676.376746,511064
196,17676.376746,513688
197,17676.376746,516312
198,17676.376746,518936
199,17676.376746,521560
200,17676.376746,524184
201,17676.376746,526808
202,17676.376746,529432
203,17676.376746,532056
204,17676.376746,534680
205,17676.376746,537304
206,17676.376746,539928
207,17676.376746,542552
208,17676.376746,545175
209,17676.376746,547799
210,17676.376746,550423
211,17676.376746,553047
212,17676.376746,555671
213,17676.376746,558295
214,17676.376746,560919
215,17676.376746,563543
216,17676.376746,566166
217,17676.376746,568790
218,17676.376746,571414
219,17676.376746,574038
220,17676.376746,576662
221,17676.376746,579286
222,17676.376746,581909
223,17676.376746,584533
224,17676.376746,587157
225,17676.376746,589781
226,17676.376746,592405
227,17676.376746,595029
228,17676.376746,597653
229,17676.376746,600277
230,17676.376746,602901
231,17676.376746,605524
232,17676.376746,608148
233,17676.376746,610772
234,17676.376746,613396
235,17676.376746,616020
236,17676.376746,618643
237,17676.376746,621267
238,17676.376746,623891
239,17676.376746,626515
240,17676.376746,629138
241,17676.376746,631762
242,17676.376746,634385
243,17676.376746,637008
244,17676.376746,639632
245,17676.376746,642256
246,17676.376746,644880
247,17676.376746,647504
248,17676.376746,650128
249,17676.376746,652752
250,17676.376746,655376
251,17676.376746,657999
252,17676.376746,660622
253,17676.376746,663246
254,17676.376746,665869
255,17676.376746,668493
256,17676.376746,671117
257,17676.376746,673741
258,17676.376746,676365
259,17676.376746,678989
260,17676.376746,681613
261,17676.376746,684236
262,17676.376746,686859
263,17676.376746,689483
264,17676.376746,692107
265,17676.376746,694731
266,17676.376746,697354
267,17676.376746,699978
268,17676.376746,702602
269,17676.376746,705226
270,17676.376746,707850
271,17676.376746,710474
272,17676.376746,713098
273,17676.376746,715721
274,17676.376746,718345
275,17676.376746,720967
276,17676.376746,723591
277,17676.376746,726214
278,17676.376746,728838
279,17676.376746,731462
280,17676.376746,734086
281,17676.376746,736709
282,17676.376746,739333
283,17676.376746,741957
284,17676.376746,744581
285,17676.376746,747205
286,17676.376746,749827
287,17676.376746,752451
288,17676.376746,755074
289,17676.376746,757698
290,17676.376746,760322
291,17676.376746,762945
292,17676.376746,765569
293,17676.376746,768193
294,17676.376746,770817
295,17676.376746,773440
296,17676.376746,776064
297,17676.376746,778688
298,17676.376746,781312
299,17676.376746,783935
300,17676.376746,786558
301,17676.376746,789182
302,17676.376746,791806
303,17676.376746,794430
304,17676.376746,797054
305,17676.376746,799678
306,17676.376746,802302
307,17676.376746,804926
308,17676.376746,807550
309,17676.376746,810173
310,17676.376746,812797
311,17676.376746,815421
312,17676.376746,818045
17676.376746,85.020448
1,19523.562536,2376
2,18789.887121,5023
3,18591.093395,7668
4,18257.683191,10308
5,18134.888194,12943
6,18039.919526,15567
7,17919.803961,18187
8,17847.285599,20810
9,17812.329041,23445
10,17789.696642,26084
11,17787.669036,28727
12,17787.669036,31368
13,17764.400863,34010
14,17764.400863,36652
15,17764.400863,39297
16,17759.371370,41939
17,17754.700971,44582
18,17754.169249,47226
19,17754.169249,49870
20,17754.169249,52513
21,17754.169249,55156
22,17747.863907,57797
23,17747.863907,60442
24,17747.863907,63084
25,17747.863907,65729
26,17747.863907,68374
27,17747.863907,71021
28,17747.863907,73668
29,17737.765834,76312
30,17737.765834,78957
31,17737.765834,81603
32,17737.765834,84250
33,17737.765834,86895
34,17737.765834,89539
35,17737.765834,92186
36,17737.765834,94832
37,17737.765834,97476
38,17737.765834,100121
39,17737.765834,102765
40,17737.765834,105404
41,17737.765834,108047
42,17737.765834,110692
43,17737.765834,113337
44,17737.765834,115980
45,17737.765834,118624
46,17737.765834,121268
47,17737.765834,123913
48,17737.765834,126556
49,17737.765834,129201
50,17732.457340,131845
51,17732.457340,134487
52,17730.563186,137131
53,17730.563186,139774
54,17730.563186,142414
55,17730.563186,145055
56,17721.027251,147698
57,17721.027251,150342
58,17721.027251,152986
59,17721.027251,155631
60,17721.027251,158276
61,17721.027251,160922
62,17721.027251,163566
63,17706.105736,166211
64,17706.105736,168856
65,17706.105736,171500
66,17706.105736,174143
67,17706.105736,176787
68,17706.105736,179432
69,17706.105736,182076
70,17706.105736,184722
71,17706.105736,187366
72,17706.105736,190012
73,17706.105736,192657
74,17706.105736,195300
75,17706.105736,197944
76,17706.105736,200588
77,17706.105736,203232
78,17706.105736,205877
79,17706.105736,208522
80,17706.105736,211169
81,17706.105736,213815
82,17706.105736,216462
83,17706.105736,219107
84,17706.105736,221753
85,17706.105736,224400
86,17706.105736,227045
87,17706.105736,229692
88,17706.105736,232339
89,17706.105736,234983
90,17706.105736,237630
91,17706.105736,240277
92,17706.105736,242922
93,17706.105736,245567
94,17706.105736,248212
95,17706.105736,250856
96,17706.105736,253503
97,17706.105736,256150
98,17706.105736,258797
99,17706.105736,261441
100,17706.105736,264088
101,17706.105736,266735
102,17706.105736,269380
103,17706.105736,272026
104,17706.105736,274671
105,17706.105736,277317
106,17706.105736,279962
107,17706.105736,282605
108,17706.105736,285251
109,17706.105736,287898
110,17706.105736,290545
111,17706.105736,293190
112,17706.105736,295837
113,17706.105736,298482
114,17706.105736,301128
115,17706.105736,303772
116,17706.105736,306415
117,17706.105736,309060
118,17706.105736,311707
119,17706.105736,314352
120,17706.105736,316998
121,17706.105736,319645
122,17706.105736,322292
123,17706.105736,324939
124,17706.105736,327585
125,17706.105736,330232
126,17706.105736,332879
127,17706.105736,335524
128,17706.105736,338171
129,17706.105736,340817
130,17706.105736,343463
131,17706.105736,346109
132,17706.105736,348755
133,17706.105736,351401
134,17706.105736,354048
135,17706.105736,356695
136,17706.105736,359341
137,17706.105736,361988
138,17706.105736,364632
139,17706.105736,367278
140,17706.105736,369925
141,17706.105736,372570
142,17706.105736,375216
143,17706.105736,377863
144,17706.105736,380510
145,17706.105736,383156
146,17706.105736,385802
147,17706.105736,388449
148,17706.105736,391095
149,17706.105736,393742
150,17706.105736,396388
151,17706.105736,399032
152,17706.105736,401679
153,17706.105736,404325
154,17706.105736,406971
155,17706.105736,409618
156,17706.105736,412264
157,17706.105736,414911
158,17706.105736,417557
159,17706.105736,420204
160,17706.105736,422849
161,17706.105736,425495
162,17706.105736,428140
163,17706.105736,430785
164,17706.105736,433432
165,17706.105736,436078
166,17706.105736,438724
167,17706.105736,441370
168,17706.105736,444017
169,17706.105736,446660
170,17706.105736,449307
171,17706.105736,451953
172,17706.105736,454600
173,17706.105736,457246
174,17706.105736,459893
175,17706.105736,462540
176,17706.105736,465187
177,17706.105736,467834
178,17706.105736,470480
179,17706.105736,473127
180,17706.105736,475774
181,17706.105736,478421
182,17706.105736,481068
183,17706.105736,483711
184,17706.105736,486358
185,17706.105736,489005
186,17706.105736,491651
187,17706.105736,494298
188,17706.105736,496945
189,17706.105736,499592
190,17706.105736,502239
191,17706.105736,504886
192,17706.105736,507533
193,17706.105736,510180
194,17706.105736,512827
195,17698.478927,515474
196,17698.478927,518121
197,17698.478927,520768
198,17698.478927,523415
199,17698.478927,526062
200,17698.478927,528708
201,17698.478927,531355
202,17698.478927,534002
203,17698.478927,536649
204,17698.478927,539295
205,17698.478927,541940
206,17698.478927,544586
207,17698.478927,547233
208,17698.478927,549879
209,17698.478927,552524
210,17698.478927,555171
211,17698.478927,557818
212,17698.478927,560465
213,17698.478927,563112
214,17698.478927,565759
215,17698.478927,568406
216,17698.478927,571051
217,17698.478927,573698
218,17698.478927,576345
219,17698.478927,578992
220,17698.478927,581638
221,17698.478927,584284
222,17698.478927,586931
223,17698.478927,589578
224,17698.478927,592225
225,17698.478927,594872
226,17698.478927,597517
227,17698.478927,600164
228,17698.478927,602810
229,17698.478927,605457
230,17698.478927,608104
231,17698.478927,610751
232,17698.478927,613397
233,17698.478927,616041
234,17698.478927,618684
235,17698.478927,621330
236,17698.478927,623974
237,17698.478927,626619
238,17698.478927,629265
239,17698.478927,631912
240,17698.478927,634559
241,17698.478927,637206
242,17698.478927,639853
243,17698.478927,642499
244,17698.478927,645144
245,17698.478927,647791
246,17698.478927,650435
247,17698.478927,653081
248,17698.478927,655727
249,17698.478927,658373
250,17698.478927,661018
251,17698.478927,663664
252,17698.478927,666308
253,17698.478927,668955
254,17698.478927,671601
255,17698.478927,674248
256,17698.478927,676895
257,17698.478927,679542
258,17698.478927,682189
259,17698.478927,684835
260,17698.478927,687482
261,17698.478927,690128
262,17698.478927,692775
263,17698.478927,695420
264,17698.478927,698063
265,17698.478927,700710
266,17698.478927,703357
267,17698.478927,706003
268,17698.478927,708650
269,17698.478927,711297
270,17698.478927,713944
271,17698.478927,716591
272,17698.478927,719238
273,17698.478927,721885
274,17698.478927,724532
275,17698.478927,727178
276,17698.478927,729823
277,17698.478927,732470
278,17698.478927,735116
279,17698.478927,737763
280,17698.478927,740410
281,17698.478927,743057
282,17698.478927,745704
283,17698.478927,748350
284,17698.478927,750997
285,17698.478927,753643
286,17698.478927,756290
287,17698.478927,758937
288,17698.478927,761584
289,17698.478927,764230
290,17698.478927,766876
291,17698.478927,769517
292,17698.478927,772164
293,17698.478927,774810
294,17698.478927,777456
295,17698.478927,780103
296,17698.478927,782748
297,17698.478927,785394
298,17698.478927,788040
299,17698.478927,790685
300,17698.478927,793331
301,17698.478927,795978
302,17698.478927,798625
303,17698.478927,801272
304,17698.478927,803919
305,17698.478927,806566
306,17698.478927,809213
307,17698.478927,811860
308,17698.478927,814507
309,17698.478927,817154
17698.478927,83.941155
1,19442.143216,2376
2,18729.584245,5001
3,18488.157998,7624
4,18225.320651,10244
5,18132.937856,12854
6,18041.812588,15456
7,17989.789799,18055
8,17832.576599,20656
9,17806.690325,23262
10,17803.670001,25876
11,17803.670001,28492
12,17803.670001,31113
13,17800.005007,33731
14,17768.547873,36352
15,17768.547873,38974
16,17748.989730,41594
17,17748.989730,44217
18,17747.209310,46835
19,17747.209310,49457
20,17747.209310,52082
21,17747.209310,54704
22,17747.209310,57324
23,17747.209310,59947
24,17734.421622,62570
25,17734.421622,65194
26,17734.421622,67816
27,17734.421622,70439
28,17734.421622,73064
29,17734.421622,75688
30,17734.421622,78313
31,17734.421622,80937
32,17734.421622,83560
33,17734.421622,86183
34,17730.239468,88807
35,17730.239468,91430
36,17730.239468,94053
37,17730.239468,96675
38,17730.239468,99299
39,17727.748195,101922
40,17715.121339,104545
41,17715.121339,107170
42,17715.121339,109794
43,17715.121339,112418
44,17715.121339,115042
45,17715.121339,117667
46,17715.121339,120291
47,17715.121339,122916
48,17715.121339,125541
49,17708.088733,128165
50,17708.088733,130789
51,17708.088733,133413
52,17708.088733,136037
53,17708.088733,138660
54,17708.088733,141283
55,17708.088733,143907
56,17708.088733,146529
57,17708.088733,149153
58,17708.088733,151776
59,17708.088733,154398
60,17708.088733,157021
61,17708.088733,159644
62,17708.088733,162268
63,17708.088733,164891
64,17708.088733,167515
65,17708.088733,170139
66,17708.088733,172762
67,17708.088733,175386
68,17708.088733,178009
69,17708.088733,180633
70,17708.088733,183256
71,17708.088733,185879
72,17708.088733,188504
73,17708.088733,191128
74,17708.088733,193753
75,17708.088733,196378
76,17708.088733,199003
77,17708.088733,201627
78,17708.088733,204252
79,17708.088733,206875
80,17708.088733,209499
81,17708.088733,212123
82,17708.088733,214748
83,17708.088733,217373
84,17708.088733,219998
85,17708.088733,222623
86,17708.088733,225248
87,17708.088733,227873
88,17708.088733,230497
89,17708.088733,233122
90,17708.088733,235747
91,17708.088733,238372
92,17708.088733,240997
93,17708.088733,243622
94,17708.088733,246247
95,17708.088733,248870
96,17708.088733,251495
97,17708.088733,254120
98,17708.088733,256745
99,17708.088733,259369
100,17708.088733,261994
101,17708.088733,264619
102,17708.088733,267244
103,17708.088733,269869
104,17708.088733,272494
105,17708.088733,275119
106,17708.088733,277744
107,17708.088733,280368
108,17708.088733,282993
109,17708.088733,285618
110,17708.088733,288243
111,17708.088733,290867
112,17708.088733,293489
113,17708.088733,296113
114,17708.088733,298737
115,17708.088733,301362
116,17708.088733,303987
117,17708.088733,306611
118,17708.088733,309235
119,17708.088733,311860
120,17708.088733,314484
121,17708.088733,317109
122,17708.088733,319733
123,17708.088733,322358
124,17708.088733,324983
125,17708.088733,327607
126,17708.088733,330232
127,17708.088733,332856
128,17708.088733,335481
129,17708.088733,338106
130,17708.088733,340731
131,17708.088733,343356
132,17708.088733,345980
133,17708.088733,348604
134,17708.088733,351229
135,17708.088733,353854
136,17708.088733,356479
137,17708.088733,359104
138,17708.088733,361729
139,17708.088733,364354
140,17708.088733,366979
141,17708.088733,369603
142,17708.088733,372227
143,17708.088733,374852
144,17708.088733,377477
145,17708.088733,380102
146,17708.088733,382727
147,17708.088733,385352
148,17708.088733,387977
149,17708.088733,390601
150,17708.088733,393226
151,17708.088733,395851
152,17708.088733,398475
153,17708.088733,401100
154,17708.088733,403724
155,17708.088733,406349
156,17708.088733,408974
157,17708.088733,411599
158,17708.088733,414223
159,17708.088733,416847
160,17708.088733,419472
161,17708.088733,422097
162,17708.088733,424722
163,17708.088733,427346
164,17708.088733,429970
165,17708.088733,432595
166,17708.088733,435220
167,17708.088733,437845
168,17708.088733,440469
169,17708.088733,443094
170,17708.088733,445719
171,17708.088733,448343
172,17708.088733,450968
173,17708.088733,453593
174,17708.088733,456218
175,17708.088733,458843
176,17708.088733,461468
177,17708.088733,464093
178,17708.088733,466718
179,17708.088733,469342
180,17708.088733,471966
181,17708.088733,474591
182,17708.088733,477216
183,17708.088733,479841
184,17708.088733,482466
185,17708.088733,485091
186,17708.088733,487716
187,17708.088733,490341
188,17708.088733,492966
189,17708.088733,495591
190,17708.088733,498216
191,17708.088733,500841
192,17708.088733,503466
193,17708.088733,506091
194,17708.088733,508715
195,17708.088733,511339
196,17708.088733,513964
197,17708.088733,516589
198,17708.088733,519214
199,17708.088733,521839
200,17708.088733,524464
201,17708.088733,527088
202,17708.088733,529713
203,17708.088733,532338
204,17708.088733,534963
205,17708.088733,537588
206,17708.088733,540213
207,17708.088733,542838
208,17708.088733,545463
209,17708.088733,548088
210,17708.088733,550712
211,17708.088733,553336
212,17708.088733,555961
213,17708.088733,558586
214,17708.088733,561211
215,17708.088733,563836
216,17708.088733,566461
217,17708.088733,569086
218,17708.088733,571711
219,17708.088733,574335
220,17708.088733,576959
221,17708.088733,579583
222,17708.088733,582208
223,17708.088733,584833
224,17708.088733,587456
225,17708.088733,590080
226,17708.088733,592705
227,17708.088733,595329
228,17708.088733,597953
229,17708.088733,600578
230,17701.294385,603203
231,17701.294385,605826
232,17701.294385,608451
233,17701.294385,611076
234,17685.937843,613701
235,17685.937843,616326
236,17685.937843,618950
237,17673.756431,621575
238,17673.756431,624200
239,17673.756431,626825
240,17673.756431,629450
241,17673.756431,632073
242,17673.756431,634695
243,17673.756431,637319
244,17673.756431,639942
245,17673.756431,642567
246,17673.756431,645192
247,17673.756431,647816
248,17673.756431,650441
249,17673.756431,653065
250,17673.756431,655688
251,17673.756431,658311
252,17673.756431,660934
253,17673.756431,663559
254,17673.756431,666183
255,17673.756431,668808
256,17673.756431,671433
257,17673.756431,674058
258,17673.756431,676683
259,17673.756431,679308
260,17673.756431,681933
261,17673.756431,684558
262,17673.756431,687183
263,17673.756431,689808
264,17673.756431,692433
265,17673.756431,695058
266,17673.756431,697683
267,17673.756431,700308
268,17673.756431,702933
269,17673.756431,705558
270,17673.756431,708183
271,17673.756431,710808
272,17673.756431,713433
273,17673.756431,716058
274,17673.756431,718683
275,17673.756431,721308
276,17673.756431,723933
277,17673.756431,726557
278,17673.756431,729182
279,17673.756431,731807
280,17673.756431,734432
281,17673.756431,737057
282,17673.756431,739681
283,17673.756431,742306
284,17673.756431,744931
285,17673.756431,747556
286,17673.756431,750181
287,17673.756431,752806
288,17673.756431,755431
289,17673.756431,758056
290,17673.756431,760681
291,17673.756431,763306
292,17673.756431,765931
293,17673.756431,768556
294,17673.756431,771181
295,17673.756431,773806
296,17673.756431,776431
297,17673.756431,779055
298,17673.756431,781680
299,17673.756431,784305
300,17673.756431,786930
301,17673.756431,789555
302,17673.756431,792180
303,17673.756431,794805
304,17673.756431,797430
305,17673.756431,800055
306,17673.756431,802680
307,17673.756431,805305
308,17673.756431,807930
309,17673.756431,810555
310,17673.756431,813180
311,17673.756431,815805
312,17673.756431,818428
17673.756431,84.034643
1,19602.749427,2376
2,18783.904157,5000
3,18428.190783,7624
4,18273.712012,10244
5,18267.292454,12858
6,18267.292454,15463
7,17918.790360,18062
8,17821.542409,20663
9,17817.099550,23273
10,17802.638422,25890
11,17802.638422,28508
12,17791.730704,31129
13,17762.957787,33748
14,17762.957787,36371
15,17762.957787,38995
16,17752.349531,41616
17,17752.349531,44237
18,17752.349531,46858
19,17752.349531,49478
20,17752.349531,52097
21,17752.349531,54719
22,17752.349531,57342
23,17752.349531,59964
24,17732.782540,62586
25,17732.782540,65211
26,17732.782540,67833
27,17730.533492,70456
28,17730.533492,73080
29,17730.533492,75701
30,17730.533492,78325
31,17730.533492,80948
32,17730.533492,83572
33,17730.533492,86195
34,17730.533492,88815
35,17730.533492,91437
36,17730.533492,94061
37,17730.533492,96685
38,17730.533492,99309
39,17730.533492,101931
40,17730.533492,104555
41,17730.533492,107178
42,17730.533492,109801
43,17730.533492,112423
44,17730.533492,115047
45,17730.533492,117669
46,17729.112486,120289
47,17729.112486,122907
48,17729.112486,125527
49,17729.112486,128149
50,17729.112486,130771
51,17729.112486,133394
52,17729.112486,136017
53,17729.112486,138640
54,17729.112486,141263
55,17729.112486,143887
56,17729.112486,146511
57,17729.112486,149130
58,17729.112486,151750
59,17729.112486,154371
60,17729.112486,156993
61,17729.112486,159614
62,17729.112486,162235
63,17729.112486,164858
64,17729.112486,167478
65,17729.112486,170098
66,17729.112486,172722
67,17729.112486,175343
68,17729.112486,177966
69,17729.112486,180591
70,17729.112486,183216
71,17729.112486,185841
72,17729.112486,188463
73,17729.112486,191087
74,17729.112486,193710
75,17729.112486,196335
76,17729.112486,198960
77,17729.112486,201581
78,17729.112486,204206
79,17729.112486,206831
80,17729.112486,209454
81,17729.112486,212077
82,17729.112486,214701
83,17729.112486,217322
84,17729.112486,219941
85,17729.112486,222566
86,17729.112486,225188
87,17729.112486,227813
88,17729.112486,230435
89,17729.112486,233057
90,17729.112486,235680
91,17729.112486,238304
92,17729.112486,240927
93,17729.112486,243551
94,17729.112486,246175
95,17729.112486,248799
96,17729.112486,251420
97,17729.112486,254043
98,17724.458432,256667
99,17724.458432,259289
100,17724.458432,261912
101,17724.458432,264536
102,17724.458432,267160
103,17724.458432,269784
104,17724.458432,272406
105,17715.631412,275030
106,17715.631412,277653
107,17715.631412,280277
108,17715.631412,282900
109,17715.631412,285524
110,17715.631412,288148
111,17715.631412,290771
112,17715.631412,293395
113,17715.631412,296020
114,17715.631412,298644
115,17715.631412,301269
116,17711.004024,303894
117,17709.049577,306520
118,17709.049577,309143
119,17709.049577,311768
120,17709.049577,314393
121,17709.049577,317017
122,17709.049577,319643
123,17708.602172,322268
124,17708.602172,324893
125,17708.602172,327517
126,17708.602172,330142
127,17707.963144,332767
128,17707.963144,335393
129,17707.963144,338019
130,17707.963144,340645
131,17707.963144,343270
132,17707.963144,345896
133,17707.963144,348520
134,17707.963144,351145
135,17707.963144,353771
136,17707.963144,356397
137,17707.963144,359023
138,17707.963144,361649
139,17707.963144,364274
140,17707.963144,366900
141,17707.963144,369525
142,17707.963144,372151
143,17707.963144,374774
144,17707.963144,377400
145,17707.963144,380025
146,17707.963144,382651
147,17707.963144,385275
148,17707.963144,387898
149,17707.963144,390522
150,17707.963144,393145
151,17707.963144,395769
152,17707.963144,398395
153,17707.963144,401021
154,17707.963144,403647
155,17707.963144,406273
156,17707.963144,408898
157,17707.963144,411522
158,17707.963144,414148
159,17707.963144,416774
160,17707.963144,419400
161,17707.963144,422025
162,17707.963144,424650
163,17707.963144,427276
164,17707.963144,429902
165,17707.963144,432527
166,17707.963144,435153
167,17707.963144,437779
168,17707.963144,440404
169,17707.963144,443030
170,17707.963144,445655
171,17707.963144,448279
172,17707.963144,450905
173,17707.963144,453531
174,17707.963144,456157
175,17707.963144,458783
176,17707.963144,461408
177,17707.963144,464033
178,17707.963144,466659
179,17707.963144,469283
180,17707.963144,471909
181,17707.963144,474535
182,17707.963144,477161
183,17707.963144,479787
184,17707.963144,482413
185,17707.963144,485037
186,17707.963144,487663
187,17707.963144,490289
188,17707.963144,492914
189,17707.963144,495540
190,17707.963144,498166
191,17707.963144,500791
192,17707.963144,503417
193,17707.963144,506041
194,17707.963144,508666
195,17707.963144,511292
196,17707.963144,513918
197,17707.963144,516544
198,17707.963144,519170
199,17707.963144,521795
200,17707.963144,524420
201,17707.963144,527046
202,17707.963144,529672
203,17707.963144,532296
204,17707.963144,534922
205,17707.963144,537547
206,17707.963144,540173
207,17707.963144,542798
208,17707.963144,545423
209,17707.963144,548049
210,17707.963144,550674
211,17707.963144,553300
212,17707.963144,555923
213,17707.963144,558549
214,17707.963144,561173
215,17707.963144,563799
216,17707.963144,566425
217,17707.963144,569051
218,17707.963144,571677
219,17707.963144,574303
220,17707.963144,576929
221,17707.963144,579555
222,17707.963144,582181
223,17707.963144,584807
224,17707.963144,587433
225,17707.963144,590058
226,17707.963144,592684
227,17707.963144,595310
228,17707.963144,597935
229,17707.963144,600561
230,17707.963144,603185
231,17707.963144,605810
232,17707.963144,608435
233,17707.963144,611059
234,17707.963144,613684
235,17707.963144,616309
236,17707.963144,618934
237,17707.963144,621560
238,17707.963144,624186
239,17707.963144,626812
240,17707.963144,629437
241,17707.963144,632063
242,17707.963144,634688
243,17707.963144,637314
244,17707.963144,639940
245,17707.963144,642566
246,17707.963144,645192
247,17707.963144,647818
248,17707.963144,650443
249,17707.963144,653069
250,17707.963144,655693
251,17707.963144,658319
252,17707.963144,660945
253,17707.963144,663570
254,17707.963144,666196
255,17707.963144,668821
256,17707.963144,671447
257,17707.963144,674073
258,17707.963144,676699
259,17707.963144,679325
260,17707.963144,681951
261,17707.963144,684577
262,17707.963144,687203
263,17707.963144,689828
264,17707.963144,692454
265,17707.963144,695080
266,17707.963144,697705
267,17707.963144,700331
268,17707.963144,702957
269,17707.963144,705583
270,17707.963144,708209
271,17707.963144,710835
272,17707.963144,713460
273,17707.963144,716085
274,17707.963144,718711
275,17707.963144,721336
276,17707.963144,723962
277,17707.963144,726588
278,17707.963144,729214
279,17707.963144,731840
280,17707.963144,734466
281,17707.963144,737092
282,17707.963144,739718
283,17707.963144,742344
284,17707.963144,744969
285,17707.963144,747595
286,17707.963144,750221
287,17707.963144,752846
288,17707.963144,755470
289,17707.963144,758095
290,17707.963144,760720
291,17707.963144,763345
292,17707.963144,765971
293,17707.963144,768596
294,17707.963144,771222
295,17707.963144,773847
296,17707.963144,776473
297,17707.963144,779099
298,17707.963144,781725
299,17707.963144,784351
300,17707.963144,786975
301,17707.963144,789601
302,17707.963144,792227
303,17707.963144,794853
304,17707.963144,797479
305,17707.963144,800104
306,17707.963144,802729
307,17707.963144,805355
308,17707.963144,807981
309,17707.963144,810607
310,17707.963144,813232
311,17707.963144,815858
312,17707.963144,818482
17707.963144,84.817395
1,19489.635954,2376
2,18864.458415,5006
3,18404.839234,7636
4,18301.991061,10261
5,18110.933294,12880
6,18008.610009,15494
7,17923.954440,18098
8,17844.663810,20709
9,17798.387245,23322
10,17798.387245,25942
11,17786.017365,28566
12,17786.017365,31192
13,17786.017365,33817
14,17785.759819,36442
15,17777.850129,39065
16,17777.850129,41687
17,17777.850129,44309
18,17777.850129,46935
19,17777.850129,49560
20,17777.850129,52182
21,17777.850129,54805
22,17777.850129,57427
23,17749.435259,60049
24,17749.435259,62670
25,17749.435259,65290
26,17749.435259,67911
27,17740.875098,70532
28,17740.875098,73154
29,17733.417453,75779
30,17729.393962,78405
31,17729.393962,81031
32,17729.393962,83658
33,17729.393962,86286
34,17729.393962,88909
35,17729.393962,91533
36,17729.393962,94157
37,17729.393962,96782
38,17729.393962,99406
39,17729.393962,102030
40,17727.615119,104655
41,17725.539132,107281
42,17722.806260,109908
43,17722.806260,112529
44,17722.806260,115154
45,17722.806260,117781
46,17722.806260,120411
47,17722.806260,123038
48,17722.806260,125667
49,17722.806260,128295
50,17722.806260,130924
51,17722.806260,133551
52,17722.806260,136179
53,17722.806260,138810
54,17722.806260,141437
55,17722.806260,144067
56,17722.806260,146693
57,17722.806260,149321
58,17722.806260,151948
59,17710.588256,154577
60,17710.588256,157207
61,17710.588256,159836
62,17710.588256,162465
63,17710.588256,165094
64,17710.588256,167723
65,17705.187201,170352
66,17705.187201,172984
67,17705.187201,175614
68,17705.187201,178244
69,17705.187201,180876
70,17705.187201,183508
71,17705.187201,186139
72,17705.187201,188769
73,17705.187201,191400
74,17705.187201,194031
75,17705.187201,196662
76,17705.187201,199290
77,17705.187201,201921
78,17705.187201,204552
79,17705.187201,207184
80,17705.187201,209815
81,17705.187201,212445
82,17705.187201,215076
83,17705.187201,217707
84,17705.187201,220337
85,17705.187201,222968
86,17705.187201,225599
87,17705.187201,228231
88,17705.187201,230862
89,17705.187201,233491
90,17705.187201,236123
91,17705.187201,238755
92,17705.187201,241387
93,17705.187201,244017
94,17705.187201,246647
95,17705.187201,249277
96,17701.655521,251908
97,17701.655521,254540
98,17701.655521,257171
99,17701.655521,259803
100,17701.655521,262434
101,17701.655521,265065
102,17701.655521,267695
103,17701.655521,270326
104,17695.934974,272954
105,17695.934974,275586
106,17695.934974,278217
107,17695.934974,280846
108,17695.934974,283476
109,17695.934974,286107
110,17695.934974,288737
111,17686.386974,291367
112,17686.386974,293997
113,17686.386974,296629
114,17686.386974,299257
115,17686.386974,301886
116,17686.386974,304517
117,17686.386974,307146
118,17686.386974,309776
119,17686.386974,312406
120,17686.386974,315037
121,17686.386974,317667
122,17686.386974,320297
123,17686.386974,322927
124,17686.386974,325557
125,17686.386974,328187
126,17686.386974,330819
127,17686.386974,333451
128,17686.386974,336080
129,17686.386974,338710
130,17686.386974,341342
131,17686.386974,343972
132,17686.386974,346604
133,17686.386974,349234
134,17686.386974,351865
135,17686.386974,354496
136,17686.386974,357128
137,17686.386974,359758
138,17686.386974,362389
139,17686.386974,365021
140,17686.386974,367653
141,17686.386974,370284
142,17686.386974,372916
143,17686.386974,375548
144,17686.386974,378179
145,17686.386974,380810
146,17686.386974,383442
147,17686.386974,386074
148,17686.386974,388706
149,17686.386974,391337
150,17686.386974,393969
151,17686.386974,396601
152,17686.386974,399233
153,17686.386974,401865
154,17686.386974,404497
155,17686.386974,407127
156,17686.386974,409759
157,17686.386974,412390
158,17686.386974,415020
159,17686.386974,417652
160,17686.386974,420283
161,17686.386974,422915
162,17686.386974,425546
163,17686.386974,428178
164,17686.386974,430810
165,17686.386974,433442
166,17686.386974,436074
167,17686.386974,438706
168,17686.386974,441337
169,17686.386974,443969
170,17686.386974,446601
171,17686.386974,449233
172,17686.386974,451864
173,17686.386974,454494
174,17686.386974,457126
175,17686.386974,459756
176,17686.386974,462387
177,17686.386974,465019
178,17686.386974,467650
179,17686.386974,470282
180,17686.386974,472914
181,17686.386974,475546
182,17686.386974,478178
183,17686.386974,480809
184,17686.386974,483440
185,17686.386974,486072
186,17686.386974,488703
187,17686.386974,491334
188,17686.386974,493965
189,17686.386974,496596
190,17686.386974,499227
191,17686.386974,501859
192,17686.386974,504489
193,17686.386974,507120
194,17686.386974,509752
195,17686.386974,512383
196,17686.386974,515015
197,17686.386974,517647
198,17686.386974,520276
199,17686.386974,522908
200,17686.386974,525539
201,17686.386974,528169
202,17686.386974,530800
203,17686.386974,533432
204,17686.386974,536064
205,17686.386974,538694
206,17686.386974,541324
207,17686.386974,543955
208,17686.386974,546587
209,17686.386974,549217
210,17686.386974,551848
211,17686.386974,554478
212,17686.386974,557109
213,17686.386974,559739
214,17686.386974,562370
215,17686.386974,565001
216,17686.386974,567631
217,17686.386974,570261
218,17686.386974,572891
219,17686.386974,575522
220,17686.386974,578153
221,17686.386974,580783
222,17686.386974,583413
223,17686.386974,586044
224,17686.386974,588674
225,17686.386974,591305
226,17686.386974,593936
227,17686.386974,596566
228,17686.386974,599197
229,17686.386974,601828
230,17686.386974,604460
231,17686.386974,607090
232,17686.386974,609722
233,17686.386974,612353
234,17686.386974,614985
235,17685.176447,617617
236,17685.176447,620248
237,17685.176447,622880
238,17685.176447,625512
239,17685.176447,628141
240,17685.176447,630771
241,17685.176447,633402
242,17685.176447,636033
243,17685.176447,638665
244,17685.176447,641294
245,17685.176447,643926
246,17685.176447,646555
247,17685.176447,649187
248,17685.176447,651818
249,17685.176447,654450
250,17685.176447,657082
251,17685.176447,659713
252,17685.176447,662345
253,17685.176447,664977
254,17685.176447,667606
255,17685.176447,670238
256,17685.176447,672870
257,17685.176447,675502
258,17685.176447,678134
259,17685.176447,680766
260,17685.176447,683396
261,17685.176447,686027
262,17685.176447,688659
263,17685.176447,691291
264,17685.176447,693923
265,17685.176447,696555
266,17685.176447,699186
267,17685.176447,701818
268,17685.176447,704450
269,17685.176447,707082
270,17685.176447,709714
271,17685.176447,712346
272,17685.176447,714978
273,17685.176447,717609
274,17685.176447,720241
275,17685.176447,722873
276,17685.176447,725502
277,17685.176447,728134
278,17685.176447,730764
279,17685.176447,733396
280,17685.176447,736028
281,17685.176447,738660
282,17685.176447,741290
283,17685.176447,743920
284,17685.176447,746552
285,17685.176447,749183
286,17685.176447,751814
287,17685.176447,754445
288,17685.176447,757077
289,17685.176447,759709
290,17685.176447,762341
291,17685.176447,764972
292,17685.176447,767604
293,17685.176447,770236
294,17685.176447,772868
295,17685.176447,775500
296,17685.176447,778131
297,17685.176447,780763
298,17685.176447,783395
299,17685.176447,786027
300,17685.176447,788657
301,17685.176447,791289
302,17685.176447,793921
303,17685.176447,796553
304,17685.176447,799184
305,17685.176447,801814
306,17685.176447,804446
307,17685.176447,807078
308,17685.176447,809709
309,17685.176447,812338
310,17685.176447,814969
311,17685.176447,817601
17685.176447,84.710326
1,19593.963170,2376
2,18723.341278,5035
3,18463.706861,7691
4,18280.102763,10340
5,18112.637752,12980
6,18083.036361,15611
7,17936.480108,18238
8,17824.143169,20865
9,17824.143169,23508
10,17791.979438,26157
11,17791.979438,28807
12,17771.827157,31457
13,17768.318598,34110
14,17768.318598,36765
15,17755.550165,39420
16,17755.550165,42071
17,17755.550165,44725
18,17755.550165,47382
19,17755.550165,50036
20,17755.550165,52686
21,17755.550165,55341
22,17734.824320,57993
23,17734.824320,60643
24,17734.824320,63297
25,17734.824320,65953
26,17734.824320,68609
27,17734.824320,71266
28,17734.824320,73921
29,17734.824320,76576
30,17734.824320,79234
31,17734.824320,81892
32,17734.824320,84548
33,17718.170583,87204
34,17718.170583,89861
35,17718.170583,92517
36,17718.170583,95174
37,17718.170583,97832
38,17712.038372,100489
39,17694.689186,103146
40,17694.689186,105799
41,17694.689186,108455
42,17694.689186,111111
43,17694.689186,113765
44,17694.689186,116418
45,17694.689186,119073
46,17694.689186,121727
47,17694.689186,124380
48,17694.689186,127034
49,17694.689186,129690
50,17694.689186,132347
51,17694.689186,135005
52,17694.689186,137663
53,17694.689186,140317
54,17694.689186,142974
55,17694.689186,145631
56,17694.689186,148288
57,17694.689186,150946
58,17694.689186,153602
59,17694.689186,156259
60,17694.689186,158916
61,17694.689186,161573
62,17694.689186,164231
63,17694.689186,166886
64,17694.689186,169543
65,17694.689186,172199
66,17694.689186,174855
67,17694.689186,177513
68,17694.689186,180167
69,17694.689186,182825
70,17694.689186,185482
71,17694.689186,188140
72,17694.689186,190797
73,17694.689186,193453
74,17694.689186,196108
75,17694.689186,198765
76,17694.689186,201424
77,17694.689186,204083
78,17694.689186,206741
79,17694.689186,209400
80,17694.689186,212058
81,17694.689186,214715
82,17694.689186,217372
83,17694.689186,220029
84,17694.689186,222688
85,17694.689186,225345
86,17694.689186,228002
87,17694.689186,230660
88,17694.689186,233316
89,17694.689186,235972
90,17694.689186,238630
91,17694.689186,241286
92,17694.689186,243940
93,17694.689186,246599
94,17694.689186,249255
95,17694.689186,251912
96,17692.979253,254568
97,17692.979253,257227
98,17692.979253,259885
99,17692.979253,262543
100,17692.979253,265201
101,17692.979253,267858
102,17692.979253,270512
103,17692.979253,273170
104,17692.979253,275826
105,17692.979253,278482
106,17692.979253,281140
107,17692.979253,283798
108,17692.979253,286456
109,17692.979253,289114
110,17692.979253,291770
111,17692.979253,294427
112,17692.979253,297084
113,17692.979253,299741
114,17692.979253,302399
115,17692.979253,305052
116,17692.979253,307710
117,17692.979253,310368
118,17692.979253,313027
119,17692.979253,315684
120,17692.979253,318341
121,17692.979253,320998
122,17692.979253,323656
123,17692.979253,326314
124,17692.979253,328972
125,17692.979253,331630
126,17692.979253,334288
127,17692.979253,336946
128,17692.979253,339603
129,17692.979253,342262
130,17692.979253,344919
131,17692.979253,347578
132,17692.979253,350237
133,17692.979253,352895
134,17692.979253,355554
135,17692.979253,358213
136,17692.979253,360871
137,17692.979253,363528
138,17692.979253,366187
139,17692.979253,368845
140,17692.979253,371500
141,17692.979253,374158
142,17692.979253,376816
143,17692.979253,379473
144,17692.979253,382132
145,17692.979253,384791
146,17692.979253,387447
147,17692.979253,390104
148,17692.979253,392762
149,17692.979253,395420
150,17692.979253,398077
151,17692.979253,400733
152,17692.979253,403390
153,17692.979253,406046
154,17692.979253,408703
155,17692.979253,411360
156,17692.979253,414018
157,17692.979253,416674
158,17692.979253,419331
159,17692.979253,421988
160,17692.979253,424645
161,17692.979253,427302
162,17692.979253,429960
163,17692.979253,432619
164,17692.979253,435276
165,17692.979253,437935
166,17692.979253,440593
167,17692.979253,443252
168,17692.979253,445910
169,17692.979253,448569
170,17692.979253,451226
171,17692.979253,453883
172,17692.979253,456539
173,17692.979253,459196
174,17692.979253,461853
175,17692.979253,464512
176,17692.979253,467171
177,17692.979253,469827
178,17692.979253,472482
179,17692.979253,475139
180,17692.979253,477797
181,17692.979253,480455
182,17692.979253,483112
183,17692.979253,485768
184,17692.979253,488425
185,17692.979253,491084
186,17692.979253,493742
187,17692.979253,496401
188,17692.979253,499059
189,17692.979253,501718
190,17692.979253,504377
191,17692.979253,507033
192,17692.979253,509690
193,17692.979253,512348
194,17692.979253,515005
195,17692.979253,517663
196,17692.979253,520320
197,17692.979253,522979
198,17692.979253,525638
199,17692.979253,528296
200,17692.979253,530954
201,17692.979253,533612
202,17692.979253,536271
203,17692.979253,538930
204,17692.979253,541588
205,17692.979253,544246
206,17692.979253,546904
207,17692.979253,549562
208,17692.979253,552220
209,17692.979253,554878
210,17692.979253,557536
211,17692.979253,560194
212,17692.979253,562853
213,17692.979253,565512
214,17692.979253,568171
215,17692.979253,570830
216,17692.979253,573489
217,17692.979253,576147
218,17692.979253,578804
219,17692.979253,581463
220,17692.979253,584121
221,17692.979253,586780
222,17692.979253,589438
223,17692.979253,592097
224,17692.979253,594756
225,17692.979253,597414
226,17692.979253,600073
227,17692.979253,602732
228,17692.979253,605391
229,17692.979253,608050
230,17692.979253,610709
231,17692.979253,613367
232,17692.979253,616026
233,17692.979253,618684
234,17692.979253,621343
235,17692.979253,624002
236,17692.979253,626661
237,17692.979253,629320
238,17692.979253,631978
239,17692.979253,634634
240,17692.979253,637293
241,17692.979253,639952
242,17692.979253,642611
243,17692.979253,645270
244,17692.979253,647928
245,17692.979253,650586
246,17692.979253,653245
247,17692.979253,655904
248,17692.979253,658563
249,17692.979253,661222
250,17692.979253,663880
251,17692.979253,666539
252,17692.979253,669198
253,17692.979253,671857
254,17692.979253,674516
255,17692.979253,677175
256,17692.979253,679834
257,17692.979253,682493
258,17692.979253,685151
259,17692.979253,687809
260,17692.979253,690467
261,17692.979253,693126
262,17691.527286,695785
263,17691.527286,698444
264,17691.527286,701103
265,17691.527286,703762
266,17691.527286,706420
267,17691.527286,709078
268,17691.527286,711737
269,17691.527286,714394
270,17691.527286,717053
271,17691.527286,719712
272,17691.527286,722371
273,17691.527286,725030
274,17691.527286,727687
275,17691.527286,730346
276,17691.527286,733002
277,17691.527286,735661
278,17691.527286,738319
279,17691.527286,740978
280,17691.527286,743637
281,17691.527286,746296
282,17691.527286,748955
283,17691.527286,751613
284,17691.527286,754271
285,17691.527286,756930
286,17691.527286,759588
287,17691.527286,762247
288,17691.527286,764906
289,17691.527286,767565
290,17691.527286,770224
291,17691.527286,772883
292,17691.527286,775542
293,17691.527286,778201
294,17691.527286,780860
295,17691.527286,783519
296,17691.527286,786178
297,17691.527286,788837
298,17691.527286,791496
299,17691.527286,794155
300,17691.527286,796814
301,17691.527286,799473
302,17691.527286,802132
303,17691.527286,804791
304,17691.527286,807450
305,17691.527286,810109
306,17691.527286,812768
307,17691.527286,815427
308,17691.527286,818086
17691.527286,83.695073
