1,62042.903928,2376
2,62041.886907,5041
3,62037.055848,7705
4,62037.055848,10369
5,62037.055848,13032
6,62036.763151,15696
7,62036.763151,18356
8,62036.763151,21020
9,62036.763151,23682
10,62036.763151,26344
11,62036.763151,29004
12,62036.763151,31664
13,62036.763151,34320
14,62036.763151,36976
15,62036.763151,39639
16,62036.763151,42293
17,62036.763151,44954
18,62036.763151,47610
19,62036.763151,50269
20,62036.763151,52925
21,62036.763151,55584
22,62036.763151,58241
23,62036.763151,60900
24,62036.763151,63559
25,62036.763151,66215
26,62036.763151,68875
27,62036.763151,71536
28,62036.763151,74193
29,62036.763151,76853
30,62036.763151,79513
31,62036.763151,82171
32,62036.763151,84831
33,62036.763151,87490
34,62036.763151,90153
35,62036.763151,92810
36,62036.763151,95466
37,62036.763151,98130
38,62036.763151,100789
39,62036.763151,103446
40,62036.763151,106107
41,62036.763151,108767
42,62036.763151,111426
43,62036.763151,114088
44,62036.763151,116750
45,62036.763151,119413
46,62036.763151,122071
47,62036.763151,124734
48,62036.763151,127397
49,62036.763151,130057
50,62036.763151,132718
51,62036.763151,135379
52,62036.763151,138036
53,62036.763151,140698
54,62036.763151,143357
55,62036.763151,146016
56,62036.763151,148676
57,62036.763151,151337
58,62036.763151,153996
59,62036.763151,156656
60,62036.763151,159317
61,62036.763151,161976
62,62036.763151,164639
63,62036.763151,167296
64,62036.763151,169956
65,62036.763151,172616
66,62036.763151,175280
67,62036.763151,177940
68,62036.763151,180596
69,62036.763151,183258
70,62036.763151,185915
71,62036.763151,188576
72,62036.763151,191237
73,62036.763151,193894
74,62036.763151,196556
75,62036.763151,199217
76,62036.763151,201873
77,62036.763151,204533
78,62036.763151,207194
79,62036.763151,209854
80,62036.763151,212515
81,62036.763151,215173
82,62036.763151,217833
83,62036.763151,220497
84,62036.763151,223156
85,62036.763151,225810
86,62036.763151,228471
87,62036.763151,231131
88,62036.763151,233793
89,62036.763151,236453
90,62036.763151,239113
91,62036.763151,241776
92,62036.763151,244436
93,62036.763151,247097
94,62036.763151,249754
95,62036.763151,252413
96,62036.763151,255078
97,62036.763151,257729
98,62036.763151,260392
99,62036.763151,263051
100,62036.763151,265712
101,62036.763151,268369
102,62036.763151,271027
103,62036.763151,273688
104,62036.763151,276342
105,62036.763151,278999
106,62036.763151,281660
107,62036.763151,284317
108,62036.763151,286975
109,62036.763151,289634
110,62036.763151,292293
111,62036.763151,294952
112,62036.763151,297606
113,62036.763151,300265
114,62036.763151,302924
115,62036.763151,305584
116,62036.763151,308244
117,62036.763151,310905
118,62036.763151,313566
119,62036.763151,316229
120,62036.763151,318888
121,62036.763151,321546
122,62036.763151,324205
123,62036.763151,326867
124,62036.763151,329529
125,62036.763151,332187
126,62036.763151,334850
127,62036.763151,337512
128,62036.763151,340175
129,62036.763151,342831
130,62036.763151,345491
131,62036.763151,348151
132,62036.763151,350810
133,62036.763151,353466
134,62036.763151,356121
135,62036.763151,358781
136,62036.763151,361442
137,62036.763151,364104
138,62036.763151,366765
139,62036.763151,369426
140,62036.763151,372091
141,62036.763151,374751
142,62036.763151,377413
143,62036.763151,380076
144,62036.763151,382737
145,62036.763151,385398
146,62036.763151,388055
147,62036.763151,390717
148,62036.763151,393372
149,62036.763151,396029
150,62036.763151,398693
151,62036.763151,401350
152,62036.763151,404013
153,62036.763151,406675
154,62036.763151,409329
155,62036.763151,411992
156,62036.763151,414651
157,62036.763151,417312
158,62036.763151,419973
159,62036.763151,422630
160,62036.763151,425291
161,62036.763151,427954
162,62036.763151,430613
163,62036.763151,433273
164,62036.763151,435932
165,62036.763151,438592
166,62036.763151,441253
167,62036.763151,443915
168,62036.763151,446568
169,62036.763151,449228
170,62036.763151,451884
171,62036.763151,454543
172,62036.763151,457199
173,62036.763151,459853
174,62036.763151,462512
175,62036.763151,465166
176,62036.763151,467824
177,62036.763151,470479
178,62036.763151,473141
179,62036.763151,475801
180,62036.763151,478459
181,62036.763151,481117
182,62036.763151,483778
183,62036.763151,486439
184,62036.763151,489098
185,62036.763151,491760
186,62036.763151,494417
187,62036.763151,497080
188,62036.763151,499742
189,62036.763151,502398
190,62036.763151,505059
191,62036.763151,507714
192,62036.763151,510378
193,62036.763151,513038
194,62036.763151,515696
195,62036.763151,518355
196,62036.763151,521012
197,62036.763151,523669
198,62036.763151,526326
199,62036.763151,528983
200,62036.763151,531640
201,62036.763151,534299
202,62036.763151,536959
203,62036.763151,539620
204,62036.763151,542281
205,62036.763151,544936
206,62036.763151,547595
207,62036.763151,550252
208,62036.763151,552911
209,62036.763151,555570
210,62036.763151,558230
211,62036.763151,560890
212,62036.763151,563551
213,62036.763151,566210
214,62036.763151,568873
215,62036.763151,571532
216,62036.763151,574193
217,62036.763151,576854
218,62036.763151,579515
219,62036.763151,582172
220,62036.763151,584828
221,62036.763151,587491
222,62036.763151,590149
223,62036.763151,592809
224,62036.763151,595467
225,62036.763151,598126
226,62036.763151,600786
227,62036.763151,603447
228,62036.763151,606104
229,62036.763151,608763
230,62036.763151,611423
231,62036.763151,614085
232,62036.763151,616742
233,62036.763151,619403
234,62036.763151,622065
235,62036.763151,624730
236,62036.763151,627394
237,62036.763151,630055
238,62036.763151,632717
239,62036.763151,635374
240,62036.763151,638031
241,62036.763151,640691
242,62036.763151,643345
243,62036.763151,645998
244,62036.763151,648659
245,62036.763151,651320
246,62036.763151,653978
247,62036.763151,656637
248,62036.763151,659297
249,62036.763151,661955
250,62036.763151,664614
251,62036.763151,667276
252,62036.763151,669939
253,62036.763151,672599
254,62036.763151,675259
255,62036.763151,677921
256,62036.763151,680580
257,62036.763151,683242
258,62036.763151,685902
259,62036.763151,688558
260,62036.763151,691220
261,62036.763151,693881
262,62036.763151,696542
263,62036.763151,699203
264,62036.763151,701866
265,62036.763151,704525
266,62036.763151,707187
267,62036.763151,709847
268,62036.763151,712511
269,62036.763151,715173
270,62036.763151,717834
271,62036.763151,720496
272,62036.763151,723158
273,62036.763151,725818
274,62036.763151,728477
275,62036.763151,731136
276,62036.763151,733794
277,62036.763151,736458
278,62036.763151,739117
279,62036.763151,741776
280,62036.763151,744435
281,62036.763151,747096
282,62036.763151,749753
283,62036.763151,752411
284,62036.763151,755068
285,62036.763151,757732
286,62036.763151,760385
287,62036.763151,763046
288,62036.763151,765707
289,62036.763151,768366
290,62036.763151,771026
291,62036.763151,773687
292,62036.763151,776344
293,62036.763151,779001
294,62036.763151,781659
295,62036.763151,784320
296,62036.763151,786979
297,62036.763151,789638
298,62036.763151,792296
299,62036.763151,794952
300,62036.763151,797614
301,62036.763151,800275
302,62036.763151,802938
303,62036.763151,805596
304,62036.763151,808258
305,62036.763151,810914
62036.763151,4.511406
1,62040.592355,2376
2,62038.289660,5014
3,62038.289660,7654
4,62038.289660,10291
5,62038.289660,12929
6,62038.289660,15562
7,62038.289660,18201
8,62038.289660,20837
9,62038.289660,23475
10,62038.289660,26111
11,62038.289660,28748
12,62038.289660,31385
13,62038.289660,34019
14,62038.289660,36650
15,62038.289660,39286
16,62038.289660,41920
17,62038.289660,44558
18,62038.289660,47189
19,62038.289660,49822
20,62038.289660,52457
21,62038.289660,55084
22,62038.289660,57719
23,62038.289660,60354
24,62038.289660,62986
25,62038.289660,65619
26,62038.289660,68254
27,62038.289660,70891
28,62038.289660,73526
29,62038.289660,76161
30,62038.289660,78790
31,62038.289660,81424
32,62038.289660,84057
33,62038.289660,86692
34,62038.289660,89330
35,62038.289660,91969
36,62038.289660,94606
37,62038.289660,97238
38,62038.289660,99875
39,62038.289660,102509
40,62038.289660,105146
41,62038.289660,107782
42,62038.289660,110414
43,62038.289660,113046
44,62038.289660,115677
45,62038.289660,118310
46,62038.289660,120946
47,62038.289660,123584
48,62038.289660,126217
49,62038.289660,128857
50,62038.289660,131496
51,62038.289660,134128
52,62038.289660,136767
53,62038.289660,139407
54,62038.289660,142043
55,62038.289660,144681
56,62038.289660,147319
57,62038.289660,149952
58,62038.289660,152590
59,62038.289660,155224
60,62038.289660,157855
61,62038.289660,160488
62,62038.289660,163124
63,62038.289660,165756
64,62038.289660,168392
65,62038.289660,171025
66,62038.289660,173659
67,62038.289660,176291
68,62038.289660,178926
69,62038.289660,181559
70,62038.289660,184194
71,62038.289660,186830
72,62038.289660,189466
73,62038.289660,192104
74,62038.289660,194735
75,62038.289660,197366
76,62038.289660,200005
77,62038.289660,202640
78,62038.289660,205278
79,62038.289660,207914
80,62038.289660,210546
81,62038.289660,213180
82,62038.289660,215816
83,62038.289660,218447
84,62038.289660,221080
85,62038.289660,223716
86,62038.289660,226351
87,62038.289660,228986
88,62038.289660,231624
89,62038.289660,234258
90,62038.289660,236891
91,62038.289660,239525
92,62038.289660,242155
93,62038.289660,244792
94,62038.289660,247423
95,62038.289660,250059
96,62038.289660,252695
97,62038.289660,255331
98,62038.289660,257966
99,62038.289660,260597
100,62038.289660,263232
101,62038.289660,265870
102,62038.289660,268509
103,62038.289660,271146
104,62038.289660,273783
105,62038.289660,276417
106,62038.289660,279045
107,62038.289660,281676
108,62038.289660,284312
109,62038.289660,286948
110,62038.289660,289580
111,62038.289660,292217
112,62038.289660,294854
113,62038.289660,297487
114,62038.289660,300119
115,62038.289660,302748
116,62038.289660,305385
117,62038.289660,308012
118,62038.289660,310650
119,62038.289660,313285
120,62038.289660,315917
121,62038.289660,318555
122,62038.289660,321188
123,62038.289660,323815
124,62038.289660,326443
125,62038.289660,329076
126,62038.289660,331710
127,62038.289660,334343
128,62038.289660,336974
129,62038.289660,339608
130,62038.289660,342246
131,62038.289660,344881
132,62038.289660,347518
133,62038.289660,350151
134,62038.289660,352778
135,62038.289660,355402
136,62038.289660,358034
137,62038.289660,360671
138,62038.289660,363306
139,62038.289660,365939
140,62038.289660,368576
141,62038.289660,371213
142,62038.289660,373849
143,62038.289660,376485
144,62038.289660,379120
145,62038.289660,381752
146,62038.289660,384388
147,62038.289660,387025
148,62038.289660,389660
149,62038.289660,392299
150,62038.289660,394936
151,62038.289660,397572
152,62038.289660,400211
153,62038.289660,402848
154,62038.289660,405486
155,62038.289660,408117
156,62038.289660,410748
157,62038.289660,413383
158,62038.289660,416018
159,62038.289660,418653
160,62038.289660,421286
161,62038.289660,423917
162,62038.289660,426551
163,62038.289660,429189
164,62038.289660,431825
165,62038.289660,434464
166,62038.289660,437097
167,62038.289660,439730
168,62038.289660,442365
169,62038.289660,445004
170,62038.289660,447638
171,62038.289660,450272
172,62038.289660,452910
173,62038.289660,455545
174,62038.289660,458175
175,62038.289660,460807
176,62038.289660,463439
177,62038.289660,466072
178,62038.289660,468709
179,62038.289660,471345
180,62038.289660,473973
181,62038.289660,476607
182,62038.289660,479238
183,62038.289660,481873
184,62038.289660,484507
185,62038.289660,487136
186,62038.289660,489769
187,62038.289660,492399
188,62038.289660,495035
189,62038.289660,497671
190,62038.289660,500308
191,62038.289660,502941
192,62038.289660,505573
193,62038.289660,508206
194,62038.289660,510841
195,62038.289660,513478
196,62038.289660,516113
197,62038.289660,518743
198,62038.289660,521377
199,62038.289660,524015
200,62038.289660,526650
201,62038.289660,529282
202,62038.289660,531915
203,62038.289660,534552
204,62038.289660,537190
205,62038.289660,539818
206,62038.289660,542452
207,62038.289660,545089
208,62038.289660,547725
209,62038.289660,550361
210,62038.289660,552999
211,62038.289660,555635
212,62038.289660,558270
213,62038.289660,560903
214,62038.289660,563537
215,62038.289660,566175
216,62038.289660,568814
217,62038.289660,571447
218,62038.289660,574085
219,62038.289660,576722
220,62038.289660,579352
221,62038.289660,581986
222,62038.289660,584622
223,62038.289660,587256
224,62038.289660,589891
225,62038.289660,592526
226,62038.289660,595159
227,62038.289660,597795
228,62038.289660,600431
229,62038.289660,603068
230,62038.289660,605701
231,62038.289660,608335
232,62038.289660,610968
233,62038.289660,613605
234,62038.289660,616241
235,62038.289660,618873
236,62038.289660,621507
237,62038.289660,624143
238,62038.289660,626775
239,62038.289660,629408
240,62038.289660,632044
241,62038.289660,634676
242,62038.289660,637313
243,62038.289660,639948
244,62038.289660,642582
245,62038.289660,645215
246,62038.289660,647850
247,62038.289660,650490
248,62038.289660,653123
249,62038.289660,655761
250,62038.289660,658388
251,62038.289660,661020
252,62038.289660,663653
253,62038.289660,666292
254,62038.289660,668926
255,62038.289660,671564
256,62038.289660,674202
257,62038.289660,676835
258,62038.289660,679471
259,62038.289660,682103
260,62038.289660,684736
261,62038.289660,687374
262,62038.289660,690010
263,62038.289660,692645
264,62038.289660,695284
265,62038.289660,697918
266,62038.289660,700551
267,62038.289660,703186
268,62038.289660,705819
269,62038.289660,708454
270,62038.289660,711087
271,62038.289660,713719
272,62038.289660,716355
273,62038.289660,718991
274,62038.289660,721626
275,62038.289660,724258
276,62038.289660,726890
277,62038.289660,729526
278,62038.289660,732158
279,62038.289660,734791
280,62038.289660,737428
281,62038.289660,740064
282,62038.289660,742697
283,62038.289660,745336
284,62038.289660,747972
285,62038.289660,750607
286,62038.289660,753242
287,62038.289660,755879
288,62038.289660,758511
289,62038.289660,761143
290,62038.289660,763777
291,62038.289660,766412
292,62038.289660,769045
293,62038.289660,771680
294,62038.289660,774317
295,62038.289660,776949
296,62038.289660,779585
297,62038.289660,782220
298,62038.289660,784854
299,62038.289660,787488
300,62038.289660,790124
301,62038.289660,792760
302,62038.289660,795394
303,62038.289660,798028
304,62038.289660,800663
305,62038.289660,803298
306,62038.289660,805936
307,62038.289660,808571
308,62038.289660,811207
62038.289660,4.488461
1,62039.329063,2376
2,62038.592934,5037
3,62038.592934,7697
4,62038.592934,10358
5,62038.592934,13015
6,62037.953821,15673
7,62037.953821,18329
8,62037.953821,20990
9,62037.953821,23647
10,62037.953821,26306
11,62037.953821,28966
12,62037.953821,31619
13,62037.953821,34275
14,62037.953821,36929
15,62037.953821,39585
16,62037.953821,42241
17,62037.953821,44893
18,62037.953821,47549
19,62037.953821,50203
20,62037.953821,52858
21,62037.953821,55514
22,62037.953821,58169
23,62037.953821,60824
24,62037.953821,63475
25,62037.953821,66132
26,62037.953821,68790
27,62037.953821,71448
28,62037.953821,74101
29,62037.953821,76760
30,62037.953821,79415
31,62037.953821,82072
32,62037.953821,84725
33,62037.953821,87383
34,62037.953821,90040
35,62037.953821,92695
36,62037.953821,95352
37,62037.953821,98006
38,62037.953821,100663
39,62037.953821,103317
40,62037.953821,105974
41,62037.953821,108628
42,62037.953821,111281
43,62037.953821,113936
44,62037.953821,116590
45,62037.953821,119244
46,62037.953821,121901
47,62037.953821,124557
48,62037.953821,127214
49,62037.953821,129872
50,62037.953821,132523
51,62037.953821,135175
52,62037.953821,137831
53,62037.953821,140484
54,62037.953821,143138
55,62037.953821,145795
56,62037.953821,148446
57,62037.953821,151100
58,62037.953821,153755
59,62037.953821,156414
60,62037.953821,159066
61,62037.953821,161723
62,62037.953821,164379
63,62037.953821,167035
64,62037.953821,169688
65,62037.953821,172343
66,62037.953821,174999
67,62037.953821,177655
68,62037.953821,180310
69,62037.953821,182965
70,62037.953821,185621
71,62037.953821,188276
72,62037.953821,190931
73,62037.953821,193589
74,62037.953821,196247
75,62037.953821,198903
76,62037.953821,201556
77,62037.953821,204209
78,62037.953821,206867
79,62037.953821,209523
80,62037.953821,212181
81,62037.953821,214838
82,62037.953821,217493
83,62037.953821,220146
84,62037.953821,222794
85,62037.953821,225447
86,62037.953821,228102
87,62037.953821,230757
88,62037.953821,233413
89,62037.953821,236069
90,62037.953821,238723
91,62037.953821,241378
92,62037.953821,244030
93,62037.953821,246686
94,62037.953821,249341
95,62037.953821,251996
96,62037.953821,254653
97,62037.953821,257307
98,62037.953821,259964
99,62037.953821,262612
100,62037.953821,265265
101,62037.953821,267923
102,62037.953821,270574
103,62037.953821,273231
104,62037.953821,275884
105,62037.953821,278534
106,62037.953821,281191
107,62037.953821,283839
108,62037.953821,286499
109,62037.953821,289156
110,62037.953821,291811
111,62037.953821,294464
112,62037.953821,297119
113,62037.953821,299776
114,62037.953821,302429
115,62037.953821,305087
116,62037.953821,307743
117,62037.953821,310398
118,62037.953821,313054
119,62037.953821,315707
120,62037.953821,318362
121,62037.953821,321019
122,62037.953821,323676
123,62037.953821,326332
124,62037.953821,328986
125,62037.953821,331646
126,62037.953821,334304
127,62037.953821,336958
128,62037.953821,339612
129,62037.953821,342264
130,62037.953821,344914
131,62037.953821,347569
132,62037.953821,350225
133,62037.953821,352882
134,62037.953821,355537
135,62037.953821,358189
136,62037.953821,360839
137,62037.953821,363490
138,62037.953821,366145
139,62037.953821,368804
140,62037.953821,371455
141,62037.953821,374109
142,62037.953821,376762
143,62037.953821,379417
144,62037.953821,382071
145,62037.953821,384724
146,62037.953821,387383
147,62037.953821,390039
148,62037.953821,392695
149,62037.953821,395351
150,62037.953821,398007
151,62037.953821,400662
152,62037.953821,403314
153,62037.953821,405970
154,62037.953821,408623
155,62037.953821,411278
156,62037.953821,413929
157,62037.953821,416586
158,62037.953821,419242
159,62037.953821,421902
160,62037.953821,424555
161,62037.953821,427212
162,62037.953821,429869
163,62037.953821,432526
164,62037.953821,435176
165,62037.953821,437827
166,62037.953821,440481
167,62037.953821,443139
168,62037.953821,445796
169,62037.953821,448447
170,62037.953821,451099
171,62037.953821,453750
172,62037.953821,456406
173,62037.953821,459060
174,62037.953821,461717
175,62037.953821,464373
176,62037.953821,467029
177,62037.953821,469689
178,62037.953821,472348
179,62037.953821,475005
180,62037.953821,477663
181,62037.953821,480316
182,62037.953821,482970
183,62037.953821,485631
184,62037.953821,488288
185,62037.953821,490943
186,62037.953821,493601
187,62037.953821,496254
188,62037.953821,498910
189,62037.953821,501565
190,62037.953821,504223
191,62037.953821,506873
192,62037.953821,509530
193,62037.953821,512190
194,62037.953821,514846
195,62037.953821,517503
196,62037.953821,520162
197,62037.953821,522814
198,62037.953821,525467
199,62037.953821,528119
200,62037.953821,530776
201,62037.953821,533430
202,62037.953821,536085
203,62037.953821,538740
204,62037.953821,541399
205,62037.953821,544055
206,62037.953821,546710
207,62037.953821,549367
208,62037.953821,552024
209,62037.953821,554678
210,62037.953821,557336
211,62037.953821,559990
212,62037.953821,562645
213,62037.953821,565300
214,62037.953821,567959
215,62037.953821,570616
216,62037.953821,573273
217,62037.953821,575931
218,62037.953821,578583
219,62037.953821,581235
220,62037.953821,583885
221,62037.953821,586538
222,62037.953821,589190
223,62037.953821,591840
224,62037.953821,594491
225,62037.953821,597145
226,62037.953821,599802
227,62037.953821,602458
228,62037.953821,605115
229,62037.953821,607773
230,62037.953821,610427
231,62037.953821,613082
232,62037.953821,615735
233,62037.953821,618393
234,62037.953821,621049
235,62037.953821,623701
236,62037.953821,626359
237,62037.953821,629018
238,62037.953821,631677
239,62037.953821,634328
240,62037.953821,636983
241,62037.953821,639629
242,62037.953821,642281
243,62037.953821,644935
244,62037.953821,647594
245,62037.953821,650248
246,62037.953821,652902
247,62037.953821,655552
248,62037.953821,658201
249,62037.953821,660854
250,62037.953821,663511
251,62037.953821,666164
252,62037.953821,668821
253,62037.953821,671480
254,62037.953821,674135
255,62037.953821,676784
256,62037.953821,679444
257,62037.953821,682103
258,62037.953821,684762
259,62037.953821,687421
260,62037.953821,690075
261,62037.953821,692728
262,62037.953821,695384
263,62037.953821,698042
264,62037.953821,700697
265,62037.953821,703353
266,62037.953821,706009
267,62037.953821,708665
268,62037.953821,711318
269,62037.953821,713972
270,62037.953821,716626
271,62037.953821,719279
272,62037.953821,721931
273,62037.953821,724586
274,62037.953821,727239
275,62037.953821,729894
276,62037.953821,732547
277,62037.953821,735198
278,62037.953821,737850
279,62037.953821,740502
280,62037.953821,743156
281,62037.953821,745809
282,62037.953821,748459
283,62037.953821,751115
284,62037.953821,753769
285,62037.953821,756428
286,62037.953821,759088
287,62037.953821,761744
288,62037.953821,764404
289,62037.953821,767062
290,62037.953821,769721
291,62037.953821,772379
292,62037.953821,775036
293,62037.953821,777695
294,62037.953821,780351
295,62037.953821,783010
296,62037.953821,785664
297,62037.953821,788322
298,62037.953821,790976
299,62037.953821,793629
300,62037.953821,796282
301,62037.953821,798935
302,62037.953821,801590
303,62037.953821,804245
304,62037.953821,806897
305,62037.953821,809552
62037.953821,4.482171
1,62041.072513,2376
2,62039.684444,5034
3,62037.953821,7692
4,62037.953821,10348
5,62037.953821,13005
6,62037.953821,15662
7,62037.953821,18320
8,62037.953821,20975
9,62037.953821,23630
10,62037.953821,26281
11,62037.953821,28931
12,62037.953821,31583
13,62037.953821,34238
14,62037.953821,36893
15,62037.953821,39547
16,62037.953821,42198
17,62037.953821,44851
18,62037.953821,47504
19,62037.953821,50158
20,62037.953821,52806
21,62037.953821,55453
22,62037.953821,58106
23,62037.953821,60759
24,62037.953821,63404
25,62037.953821,66059
26,62037.953821,68709
27,62037.953821,71357
28,62037.953821,74008
29,62037.953821,76658
30,62037.953821,79312
31,62037.953821,81968
32,62037.953821,84618
33,62037.953821,87268
34,62037.953821,89921
35,62037.953821,92575
36,62037.953821,95231
37,62037.953821,97883
38,62037.953821,100534
39,62037.953821,103185
40,62037.953821,105839
41,62037.953821,108494
42,62037.953821,111147
43,62037.953821,113794
44,62037.953821,116443
45,62037.953821,119089
46,62037.953821,121732
47,62037.953821,124374
48,62037.953821,127023
49,62037.953821,129674
50,62037.953821,132328
51,62037.953821,134980
52,62037.953821,137627
53,62037.953821,140281
54,62037.953821,142931
55,62037.953821,145586
56,62037.953821,148239
57,62037.953821,150890
58,62037.953821,153545
59,62037.953821,156200
60,62037.953821,158854
61,62037.953821,161510
62,62037.953821,164164
63,62037.953821,166817
64,62037.953821,169472
65,62037.953821,172126
66,62037.953821,174778
67,62037.953821,177430
68,62037.953821,180084
69,62037.953821,182739
70,62037.953821,185394
71,62037.953821,188045
72,62037.953821,190696
73,62037.953821,193351
74,62037.953821,196002
75,62037.953821,198649
76,62037.953821,201298
77,62037.953821,203946
78,62037.953821,206599
79,62037.953821,209253
80,62037.953821,211906
81,62037.953821,214558
82,62037.953821,217208
83,62037.953821,219860
84,62037.953821,222513
85,62037.953821,225167
86,62037.953821,227817
87,62037.953821,230469
88,62037.953821,233114
89,62037.953821,235761
90,62037.953821,238407
91,62037.953821,241060
92,62037.953821,243715
93,62037.953821,246366
94,62037.953821,249020
95,62037.953821,251674
96,62037.953821,254326
97,62037.953821,256981
98,62037.953821,259637
99,62037.953821,262292
100,62037.953821,264943
101,62037.953821,267596
102,62037.953821,270246
103,62037.953821,272897
104,62037.953821,275544
105,62037.953821,278197
106,62037.953821,280847
107,62037.953821,283500
108,62037.953821,286153
109,62037.953821,288807
110,62037.953821,291462
111,62037.953821,294118
112,62037.953821,296770
113,62037.953821,299425
114,62037.953821,302081
115,62037.953821,304731
116,62037.953821,307382
117,62037.953821,310033
118,62037.953821,312683
119,62037.953821,315335
120,62037.953821,317985
121,62037.953821,320631
122,62037.953821,323282
123,62037.953821,325938
124,62037.953821,328592
125,62037.953821,331243
126,62037.953821,333899
127,62037.953821,336549
128,62037.953821,339204
129,62037.953821,341854
130,62037.953821,344509
131,62037.953821,347163
132,62037.953821,349817
133,62037.953821,352473
134,62037.953821,355125
135,62037.953821,357778
136,62037.953821,360431
137,62037.953821,363083
138,62037.953821,365738
139,62037.953821,368392
140,62037.953821,371047
141,62037.953821,373701
142,62037.953821,376357
143,62037.953821,379012
144,62037.953821,381667
145,62037.953821,384324
146,62037.953821,386975
147,62037.953821,389629
148,62037.953821,392283
149,62037.953821,394939
150,62037.953821,397594
151,62037.953821,400246
152,62037.953821,402902
153,62037.953821,405555
154,62037.953821,408208
155,62037.953821,410861
156,62037.953821,413515
157,62037.953821,416169
158,62037.953821,418821
159,62037.953821,421472
160,62037.953821,424125
161,62037.953821,426778
162,62037.953821,429432
163,62037.953821,432086
164,62037.953821,434736
165,62037.953821,437392
166,62037.953821,440045
167,62037.953821,442696
168,62037.953821,445349
169,62037.953821,448006
170,62037.953821,450658
171,62037.953821,453310
172,62037.953821,455958
173,62037.953821,458609
174,62037.953821,461264
175,62037.953821,463916
176,62037.953821,466568
177,62037.953821,469216
178,62037.953821,471863
179,62037.953821,474513
180,62037.953821,477165
181,62037.953821,479817
182,62037.953821,482470
183,62037.953821,485125
184,62037.953821,487776
185,62037.953821,490427
186,62037.953821,493079
187,62037.953821,495729
188,62037.953821,498387
189,62037.953821,501043
190,62037.953821,503695
191,62037.953821,506350
192,62037.953821,509003
193,62037.953821,511653
194,62037.953821,514305
195,62037.953821,516960
196,62037.953821,519613
197,62037.953821,522265
198,62037.953821,524917
199,62037.953821,527573
200,62037.953821,530227
201,62037.953821,532881
202,62037.953821,535532
203,62037.953821,538188
204,62037.953821,540844
205,62037.953821,543495
206,62037.953821,546151
207,62037.953821,548804
208,62037.953821,551459
209,62037.953821,554115
210,62037.953821,556771
211,62037.953821,559428
212,62037.953821,562080
213,62037.953821,564735
214,62037.953821,567391
215,62037.953821,570043
216,62037.953821,572700
217,62037.953821,575350
218,62037.953821,578006
219,62037.953821,580655
220,62037.953821,583306
221,62037.953821,585957
222,62037.953821,588613
223,62037.953821,591269
224,62037.953821,593917
225,62037.953821,596569
226,62037.953821,599219
227,62037.953821,601870
228,62037.953821,604525
229,62037.953821,607182
230,62037.953821,609838
231,62037.953821,612489
232,62037.953821,615142
233,62037.953821,617793
234,62037.953821,620449
235,62037.953821,623102
236,62037.953821,625756
237,62037.953821,628407
238,62037.953821,631061
239,62037.953821,633715
240,62037.953821,636366
241,62037.953821,639020
242,62037.953821,641667
243,62037.953821,644319
244,62037.953821,646970
245,62037.953821,649618
246,62037.953821,652271
247,62037.953821,654920
248,62037.953821,657572
249,62037.953821,660225
250,62037.953821,662881
251,62037.953821,665535
252,62037.953821,668187
253,62037.953821,670839
254,62037.953821,673482
255,62037.953821,676134
256,62037.953821,678784
257,62037.953821,681437
258,62037.953821,684093
259,62037.953821,686742
260,62037.953821,689389
261,62037.953821,692042
262,62037.953821,694693
263,62037.953821,697344
264,62037.953821,699998
265,62037.953821,702654
266,62037.953821,705303
267,62037.953821,707959
268,62037.953821,710610
269,62037.953821,713260
270,62037.953821,715914
271,62037.953821,718565
272,62037.953821,721216
273,62037.953821,723864
274,62037.953821,726515
275,62037.953821,729170
276,62037.953821,731822
277,62037.953821,734477
278,62037.953821,737131
279,62037.953821,739780
280,62037.953821,742435
281,62037.953821,745086
282,62037.953821,747735
283,62037.953821,750385
284,62037.953821,753040
285,62037.953821,755691
286,62037.953821,758343
287,62037.953821,760997
288,62037.953821,763652
289,62037.953821,766305
290,62037.953821,768957
291,62037.953821,771614
292,62037.953821,774265
293,62037.953821,776913
294,62037.953821,779569
295,62037.953821,782219
296,62037.953821,784874
297,62037.953821,787527
298,62037.953821,790179
299,62037.953821,792830
300,62037.953821,795481
301,62037.953821,798135
302,62037.953821,800790
303,62037.953821,803443
304,62037.953821,806095
305,62037.953821,808745
306,62037.953821,811395
62037.953821,4.492559
1,62040.815642,2376
2,62039.011722,5000
3,62039.011722,7624
4,62039.011722,10248
5,62039.011722,12869
6,62039.011722,15493
7,62039.011722,18115
8,62038.289660,20728
9,62037.748655,23346
10,62037.748655,25968
11,62037.748655,28590
12,62037.748655,31212
13,62037.748655,33830
14,62037.748655,36446
15,62037.748655,39066
16,62037.748655,41687
17,62037.748655,44303
18,62037.748655,46919
19,62037.748655,49540
20,62037.748655,52155
21,62037.748655,54773
22,62037.748655,57393
23,62037.748655,60010
24,62037.748655,62629
25,62037.748655,65250
26,62037.748655,67868
27,62037.748655,70489
28,62037.748655,73109
29,62037.748655,75731
30,62037.748655,78350
31,62037.748655,80967
32,62037.748655,83586
33,62037.748655,86206
34,62037.748655,88823
35,62037.748655,91444
36,62037.748655,94064
37,62037.748655,96680
38,62037.748655,99296
39,62037.748655,101917
40,62037.748655,104535
41,62037.748655,107153
42,62037.748655,109770
43,62037.748655,112387
44,62037.748655,115007
45,62037.748655,117625
46,62037.748655,120246
47,62037.748655,122863
48,62037.748655,125485
49,62037.748655,128105
50,62037.748655,130723
51,62037.748655,133343
52,62037.748655,135961
53,62037.748655,138581
54,62037.748655,141198
55,62037.748655,143819
56,62037.748655,146440
57,62037.748655,149057
58,62037.748655,151680
59,62037.748655,154303
60,62037.748655,156924
61,62037.748655,159544
62,62037.652059,162165
63,62037.652059,164787
64,62037.652059,167407
65,62037.652059,170028
66,62037.652059,172651
67,62037.652059,175272
68,62037.652059,177888
69,62037.652059,180505
70,62037.652059,183123
71,62037.652059,185742
72,62037.652059,188361
73,62037.652059,190979
74,62037.652059,193593
75,62037.652059,196208
76,62037.652059,198823
77,62037.652059,201446
78,62037.652059,204068
79,62037.652059,206691
80,62037.652059,209313
81,62037.652059,211933
82,62037.652059,214554
83,62037.652059,217171
84,62037.652059,219792
85,62037.652059,222411
86,62037.652059,225034
87,62037.652059,227651
88,62037.097698,230274
89,62037.097698,232895
90,62037.097698,235515
91,62037.097698,238134
92,62037.097698,240754
93,62037.097698,243370
94,62037.097698,245992
95,62037.097698,248615
96,62037.097698,251235
97,62037.097698,253857
98,62037.097698,256475
99,62037.097698,259095
100,62037.097698,261717
101,62037.097698,264336
102,62037.097698,266956
103,62037.097698,269578
104,62037.097698,272193
105,62037.097698,274811
106,62037.097698,277432
107,62037.097698,280049
108,62037.097698,282663
109,62037.097698,285282
110,62037.097698,287902
111,62037.097698,290521
112,62037.097698,293140
113,62037.097698,295759
114,62037.097698,298378
115,62037.097698,301001
116,62037.097698,303620
117,62037.097698,306241
118,62037.097698,308862
119,62037.097698,311483
120,62037.097698,314105
121,62037.097698,316725
122,62037.097698,319345
123,62037.097698,321965
124,62037.097698,324581
125,62037.097698,327199
126,62037.097698,329820
127,62037.097698,332440
128,62037.097698,335057
129,62037.097698,337669
130,62037.097698,340286
131,62037.097698,342904
132,62037.097698,345525
133,62037.097698,348142
134,62037.097698,350763
135,62037.097698,353383
136,62037.097698,356001
137,62037.097698,358622
138,62037.097698,361240
139,62037.097698,363858
140,62037.097698,366477
141,62037.097698,369099
142,62037.097698,371719
143,62037.097698,374335
144,62037.097698,376954
145,62037.097698,379569
146,62037.097698,382183
147,62037.097698,384805
148,62037.097698,387420
149,62037.097698,390034
150,62037.097698,392654
151,62037.097698,395275
152,62037.097698,397896
153,62037.097698,400512
154,62037.097698,403133
155,62037.097698,405748
156,62037.097698,408360
157,62037.097698,410978
158,62037.097698,413597
159,62037.097698,416215
160,62037.097698,418834
161,62037.097698,421454
162,62037.097698,424070
163,62037.097698,426686
164,62037.097698,429302
165,62037.097698,431918
166,62037.097698,434536
167,62037.097698,437155
168,62037.097698,439773
169,62037.097698,442393
170,62037.097698,445011
171,62037.097698,447629
172,62037.097698,450242
173,62037.097698,452863
174,62037.097698,455482
175,62037.097698,458098
176,62037.097698,460720
177,62037.097698,463343
178,62037.097698,465965
179,62037.097698,468585
180,62037.097698,471205
181,62037.097698,473822
182,62037.097698,476444
183,62037.097698,479063
184,62037.097698,481675
185,62037.097698,484286
186,62037.097698,486902
187,62037.097698,489517
188,62037.097698,492136
189,62037.097698,494755
190,62037.097698,497371
191,62037.097698,499989
192,62037.097698,502605
193,62037.097698,505225
194,62037.097698,507845
195,62037.097698,510466
196,62037.097698,513083
197,62037.097698,515705
198,62037.097698,518324
199,62037.097698,520941
200,62037.097698,523555
201,62037.097698,526174
202,62037.097698,528796
203,62037.097698,531413
204,62037.097698,534032
205,62037.097698,536655
206,62037.097698,539273
207,62037.097698,541891
208,62037.097698,544509
209,62037.097698,547127
210,62037.097698,549742
211,62037.097698,552360
212,62037.097698,554978
213,62037.097698,557599
214,62037.097698,560220
215,62037.097698,562840
216,62037.097698,565461
217,62037.097698,568084
218,62037.097698,570703
219,62037.097698,573323
220,62037.097698,575945
221,62037.097698,578560
222,62037.097698,581178
223,62037.097698,583797
224,62037.097698,586416
225,62037.097698,589036
226,62037.097698,591658
227,62037.097698,594279
228,62037.097698,596892
229,62037.097698,599510
230,62037.097698,602126
231,62037.097698,604743
232,62037.097698,607361
233,62037.097698,609978
234,62037.097698,612598
235,62037.097698,615218
236,62037.097698,617833
237,62037.097698,620450
238,62037.097698,623066
239,62037.097698,625686
240,62037.097698,628305
241,62037.097698,630927
242,62037.097698,633546
243,62037.097698,636167
244,62037.097698,638779
245,62037.097698,641398
246,62037.097698,644019
247,62037.097698,646638
248,62037.097698,649255
249,62037.097698,651874
250,62037.097698,654491
251,62037.097698,657103
252,62037.097698,659721
253,62037.097698,662333
254,62037.097698,664955
255,62037.097698,667571
256,62037.097698,670188
257,62037.097698,672806
258,62037.097698,675424
259,62037.097698,678040
260,62037.097698,680654
261,62037.097698,683274
262,62037.097698,685893
263,62037.097698,688515
264,62037.097698,691132
265,62037.097698,693749
266,62037.097698,696368
267,62037.097698,698986
268,62037.097698,701608
269,62037.097698,704228
270,62037.097698,706844
271,62037.097698,709466
272,62037.097698,712086
273,62037.097698,714708
274,62037.097698,717328
275,62037.097698,719949
276,62037.097698,722573
277,62037.097698,725195
278,62037.097698,727813
279,62037.097698,730432
280,62037.097698,733053
281,62037.097698,735670
282,62037.097698,738289
283,62037.097698,740910
284,62037.097698,743528
285,62037.097698,746147
286,62037.097698,748768
287,62037.097698,751387
288,62037.097698,754007
289,62037.097698,756626
290,62037.097698,759245
291,62037.097698,761862
292,62037.097698,764484
293,62037.097698,767106
294,62037.097698,769722
295,62037.097698,772343
296,62037.097698,774962
297,62037.097698,777580
298,62037.097698,780197
299,62037.097698,782818
300,62037.097698,785438
301,62037.097698,788054
302,62037.097698,790673
303,62037.097698,793288
304,62037.097698,795904
305,62037.097698,798520
306,62037.097698,801134
307,62037.097698,803740
308,62037.097698,806361
309,62037.097698,808981
310,62037.097698,811596
62037.097698,4.560625
1,62040.024449,2376
2,62039.329063,5023
3,62038.289660,7670
4,62038.289660,10316
5,62038.289660,12962
6,62038.289660,15608
7,62038.289660,18254
8,62038.289660,20899
9,62038.289660,23538
10,62038.289660,26179
11,62038.289660,28820
12,62038.289660,31461
13,62038.289660,34101
14,62038.289660,36742
15,62038.289660,39384
16,62038.289660,42023
17,62038.289660,44663
18,62038.289660,47307
19,62038.289660,49949
20,62038.289660,52591
21,62038.289660,55236
22,62038.289660,57882
23,62038.289660,60525
24,62038.289660,63163
25,62038.289660,65802
26,62038.289660,68446
27,62038.289660,71089
28,62038.289660,73732
29,62038.289660,76369
30,62038.289660,79007
31,62038.289660,81651
32,62038.289660,84289
33,62038.289660,86934
34,62038.289660,89578
35,62038.289660,92218
36,62038.289660,94863
37,62038.289660,97501
38,62038.289660,100144
39,62038.289660,102785
40,62038.289660,105429
41,62038.289660,108074
42,62038.289660,110717
43,62038.289660,113357
44,62038.289660,116001
45,62038.289660,118646
46,62038.289660,121288
47,62038.289660,123931
48,62038.289660,126567
49,62038.289660,129210
50,62038.289660,131850
51,62038.289660,134488
52,62038.289660,137130
53,62038.289660,139775
54,62038.289660,142419
55,62038.289660,145063
56,62038.289660,147706
57,62038.289660,150344
58,62038.289660,152988
59,62038.289660,155630
60,62038.289660,158271
61,62038.289660,160903
62,62038.289660,163541
63,62038.289660,166182
64,62038.289660,168824
65,62038.289660,171467
66,62038.289660,174109
67,62038.289660,176752
68,62038.289660,179393
69,62038.289660,182034
70,62038.289660,184672
71,62038.289660,187312
72,62038.289660,189958
73,62038.289660,192598
74,62038.289660,195240
75,62038.289660,197881
76,62038.289660,200524
77,62038.289660,203170
78,62038.289660,205813
79,62038.289660,208454
80,62038.289660,211095
81,62038.289660,213738
82,62038.289660,216381
83,62038.289660,219026
84,62038.289660,221671
85,62038.289660,224310
86,62038.289660,226950
87,62038.289660,229591
88,62038.289660,232233
89,62038.289660,234875
90,62038.289660,237519
91,62038.289660,240163
92,62038.289660,242807
93,62038.289660,245449
94,62038.289660,248091
95,62038.289660,250731
96,62038.289660,253374
97,62038.289660,256018
98,62038.289660,258655
99,62038.289660,261300
100,62038.289660,263939
101,62038.289660,266582
102,62038.289660,269226
103,62038.289660,271869
104,62038.289660,274513
105,62038.289660,277155
106,62038.289660,279800
107,62038.289660,282440
108,62038.289660,285081
109,62038.289660,287725
110,62038.289660,290366
111,62038.289660,293012
112,62038.289660,295654
113,62038.289660,298291
114,62038.289660,300936
115,62038.289660,303580
116,62038.289660,306224
117,62038.289660,308868
118,62038.289660,311511
119,62038.289660,314155
120,62038.289660,316798
121,62038.289660,319442
122,62038.289660,322083
123,62038.289660,324724
124,62038.289660,327367
125,62038.289660,330010
126,62038.289660,332651
127,62038.289660,335293
128,62038.289660,337934
129,62038.289660,340577
130,62038.289660,343222
131,62038.289660,345865
132,62038.289660,348506
133,62038.289660,351140
134,62038.289660,353781
135,62038.289660,356423
136,62038.289660,359064
137,62038.289660,361706
138,62038.289660,364347
139,62038.289660,366991
140,62038.289660,369636
141,62038.289660,372281
142,62038.289660,374924
143,62038.289660,377563
144,62038.289660,380206
145,62038.289660,382842
146,62038.289660,385483
147,62038.289660,388127
148,62038.289660,390769
149,62038.289660,393412
150,62038.289660,396056
151,62038.289660,398694
152,62038.289660,401334
153,62038.289660,403975
154,62038.289660,406621
155,62038.289660,409264
156,62038.289660,411909
157,62038.289660,414552
158,62038.289660,417197
159,62038.289660,419843
160,62038.289660,422484
161,62038.289660,425130
162,62038.289660,427775
163,62038.289660,430417
164,62038.289660,433064
165,62038.289660,435706
166,62038.289660,438346
167,62038.289660,440984
168,62038.289660,443624
169,62038.289660,446264
170,62038.289660,448903
171,62038.289660,451541
172,62038.289660,454186
173,62038.289660,456828
174,62038.289660,459468
175,62038.289660,462110
176,62038.289660,464743
177,62038.289660,467381
178,62038.289660,470020
179,62038.289660,472663
180,62038.289660,475304
181,62038.289660,477945
182,62038.289660,480590
183,62038.289660,483230
184,62038.289660,485871
185,62038.289660,488509
186,62038.289660,491151
187,62038.289660,493794
188,62038.289660,496433
189,62038.289660,499076
190,62038.289660,501718
191,62038.289660,504360
192,62038.289660,507004
193,62038.289660,509644
194,62038.289660,512285
195,62038.289660,514929
196,62038.289660,517571
197,62038.289660,520214
198,62038.289660,522856
199,62038.289660,525497
200,62038.289660,528135
201,62038.289660,530774
202,62038.289660,533412
203,62038.289660,536055
204,62038.289660,538696
205,62038.289660,541336
206,62038.289660,543980
207,62038.289660,546622
208,62038.289660,549265
209,62038.289660,551907
210,62038.289660,554548
211,62038.289660,557192
212,62038.289660,559830
213,62038.289660,562473
214,62038.289660,565115
215,62038.289660,567755
216,62038.289660,570395
217,62038.289660,573041
218,62038.289660,575687
219,62038.289660,578332
220,62038.289660,580969
221,62038.289660,583611
222,62038.289660,586252
223,62038.289660,588892
224,62038.289660,591533
225,62038.289660,594172
226,62038.289660,596814
227,62038.289660,599454
228,62038.289660,602095
229,62038.289660,604736
230,62038.289660,607378
231,62038.289660,610018
232,62038.289660,612661
233,62038.289660,615294
234,62038.289660,617931
235,62038.289660,620566
236,62038.289660,623207
237,62038.289660,625843
238,62038.289660,628486
239,62038.289660,631127
240,62038.289660,633767
241,62038.289660,636407
242,62038.289660,639049
243,62038.289660,641686
244,62038.289660,644331
245,62038.289660,646967
246,62038.289660,649608
247,62038.289660,652250
248,62038.289660,654893
249,62038.289660,657533
250,62038.289660,660170
251,62038.289660,662813
252,62038.289660,665455
253,62038.289660,668092
254,62038.289660,670729
255,62038.289660,673365
256,62038.289660,676004
257,62038.289660,678640
258,62038.289660,681278
259,62038.289660,683919
260,62038.289660,686563
261,62038.289660,689202
262,62038.289660,691844
263,62038.289660,694487
264,62038.289660,697123
265,62038.289660,699760
266,62038.289660,702402
267,62038.289660,705042
268,62038.289660,707682
269,62038.289660,710326
270,62038.289660,712962
271,62038.289660,715602
272,62038.289660,718240
273,62038.289660,720882
274,62038.289660,723521
275,62038.289660,726166
276,62038.289660,728805
277,62038.289660,731445
278,62038.289660,734086
279,62038.289660,736720
280,62038.289660,739361
281,62038.289660,742005
282,62038.289660,744643
283,62038.289660,747282
284,62038.289660,749924
285,62038.289660,752568
286,62038.289660,755208
287,62038.289660,757850
288,62038.289660,760490
289,62038.289660,763130
290,62038.289660,765773
291,62038.289660,768415
292,62038.289660,771052
293,62038.289660,773693
294,62038.289660,776327
295,62038.289660,778969
296,62038.289660,781605
297,62038.289660,784246
298,62038.289660,786887
299,62038.289660,789530
300,62038.289660,792168
301,62038.289660,794810
302,62038.289660,797450
303,62038.289660,800090
304,62038.289660,802728
305,62038.289660,805371
306,62038.289660,808014
307,62038.289660,810653
62038.289660,4.548844
1,62039.011722,2376
2,62039.011722,5001
3,62039.011722,7626
4,62039.011722,10250
5,62039.011722,12873
6,62039.011722,15496
7,62039.011722,18118
8,62039.011722,20735
9,62039.011722,23360
10,62039.011722,25979
11,62039.011722,28599
12,62039.011722,31218
13,62039.011722,33837
14,62039.011722,36459
15,62039.011722,39079
16,62039.011722,41698
17,62039.011722,44320
18,62039.011722,46938
19,62039.011722,49559
20,62039.011722,52180
21,62039.011722,54800
22,62039.011722,57418
23,62039.011722,60037
24,62039.011722,62654
25,62039.011722,65273
26,62039.011722,67895
27,62039.011722,70514
28,62039.011722,73133
29,62039.011722,75750
30,62039.011722,78372
31,62039.011722,80993
32,62039.011722,83613
33,62039.011722,86237
34,62039.011722,88861
35,62039.011722,91481
36,62039.011722,94101
37,62039.011722,96721
38,62039.011722,99342
39,62039.011722,101965
40,62039.011722,104583
41,62039.011722,107205
42,62039.011722,109825
43,62039.011722,112447
44,62039.011722,115066
45,62039.011722,117687
46,62039.011722,120307
47,62039.011722,122930
48,62039.011722,125550
49,62039.011722,128172
50,62039.011722,130787
51,62039.011722,133411
52,62039.011722,136026
53,62039.011722,138641
54,62039.011722,141262
55,62039.011722,143882
56,62039.011722,146498
57,62039.011722,149121
58,62039.011722,151741
59,62039.011722,154360
60,62039.011722,156980
61,62039.011722,159597
62,62039.011722,162215
63,62039.011722,164833
64,62039.011722,167453
65,62039.011722,170076
66,62039.011722,172698
67,62039.011722,175319
68,62039.011722,177942
69,62039.011722,180565
70,62039.011722,183188
71,62039.011722,185812
72,62039.011722,188431
73,62039.011722,191052
74,62039.011722,193671
75,62039.011722,196288
76,62039.011722,198903
77,62039.011722,201524
78,62039.011722,204143
79,62039.011722,206757
80,62039.011722,209377
81,62039.011722,211998
82,62039.011722,214614
83,62039.011722,217233
84,62039.011722,219855
85,62039.011722,222472
86,62039.011722,225093
87,62039.011722,227710
88,62039.011722,230334
89,62039.011722,232954
90,62039.011722,235577
91,62039.011722,238194
92,62039.011722,240811
93,62039.011722,243431
94,62039.011722,246051
95,62039.011722,248669
96,62039.011722,251285
97,62039.011722,253902
98,62039.011722,256520
99,62039.011722,259135
100,62039.011722,261750
101,62039.011722,264368
102,62039.011722,266980
103,62039.011722,269602
104,62039.011722,272225
105,62039.011722,274846
106,62039.011722,277465
107,62039.011722,280087
108,62039.011722,282708
109,62039.011722,285329
110,62039.011722,287949
111,62039.011722,290570
112,62039.011722,293188
113,62039.011722,295810
114,62039.011722,298430
115,62039.011722,301049
116,62039.011722,303667
117,62039.011722,306284
118,62039.011722,308901
119,62039.011722,311520
120,62039.011722,314145
121,62039.011722,316766
122,62039.011722,319388
123,62039.011722,322008
124,62039.011722,324629
125,62039.011722,327249
126,62039.011722,329867
127,62039.011722,332491
128,62039.011722,335110
129,62039.011722,337731
130,62039.011722,340350
131,62039.011722,342972
132,62039.011722,345595
133,62039.011722,348215
134,62039.011722,350836
135,62039.011722,353452
136,62039.011722,356071
137,62039.011722,358690
138,62039.011722,361310
139,62039.011722,363928
140,62039.011722,366549
141,62039.011722,369168
142,62039.011722,371787
143,62039.011722,374405
144,62039.011722,377023
145,62039.011722,379645
146,62039.011722,382264
147,62039.011722,384881
148,62039.011722,387501
149,62039.011722,390121
150,62039.011722,392743
151,62039.011722,395366
152,62039.011722,397981
153,62039.011722,400602
154,62039.011722,403216
155,62039.011722,405833
156,62039.011722,408453
157,62039.011722,411075
158,62039.011722,413693
159,62039.011722,416313
160,62039.011722,418936
161,62039.011722,421558
162,62039.011722,424182
163,62039.011722,426802
164,62039.011722,429426
165,62039.011722,432044
166,62039.011722,434663
167,62039.011722,437284
168,62039.011722,439897
169,62039.011722,442518
170,62039.011722,445135
171,62039.011722,447756
172,62039.011722,450379
173,62039.011722,453003
174,62039.011722,455622
175,62039.011722,458240
176,62039.011722,460859
177,62039.011722,463480
178,62039.011722,466102
179,62039.011722,468725
180,62039.011722,471345
181,62039.011722,473965
182,62039.011722,476585
183,62039.011722,479206
184,62039.011722,481827
185,62039.011722,484442
186,62039.011722,487066
187,62039.011722,489686
188,62039.011722,492308
189,62039.011722,494929
190,62039.011722,497551
191,62039.011722,500172
192,62039.011722,502791
193,62039.011722,505409
194,62039.011722,508027
195,62039.011722,510645
196,62039.011722,513266
197,62039.011722,515888
198,62039.011722,518509
199,62039.011722,521130
200,62039.011722,523749
201,62039.011722,526369
202,62039.011722,528988
203,62039.011722,531609
204,62039.011722,534229
205,62039.011722,536851
206,62039.011722,539474
207,62039.011722,542094
208,62039.011722,544713
209,62039.011722,547335
210,62039.011722,549958
211,62039.011722,552580
212,62039.011722,555203
213,62039.011722,557826
214,62039.011722,560447
215,62039.011722,563066
216,62039.011722,565686
217,62039.011722,568306
218,62039.011722,570928
219,62039.011722,573545
220,62039.011722,576168
221,62039.011722,578782
222,62039.011722,581405
223,62039.011722,584024
224,62039.011722,586647
225,62039.011722,589267
226,62039.011722,591886
227,62039.011722,594503
228,62039.011722,597122
229,62039.011722,599741
230,62039.011722,602361
231,62039.011722,604986
232,62039.011722,607604
233,62039.011722,610227
234,62039.011722,612843
235,62039.011722,615463
236,62039.011722,618080
237,62039.011722,620700
238,62039.011722,623319
239,62039.011722,625941
240,62039.011722,628559
241,62039.011722,631177
242,62039.011722,633799
243,62039.011722,636420
244,62039.011722,639040
245,62039.011722,641659
246,62039.011722,644276
247,62039.011722,646898
248,62039.011722,649510
249,62039.011722,652127
250,62039.011722,654749
251,62039.011722,657368
252,62039.011722,659986
253,62039.011722,662609
254,62039.011722,665231
255,62039.011722,667853
256,62039.011722,670474
257,62039.011722,673096
258,62039.011722,675719
259,62039.011722,678341
260,62039.011722,680962
261,62039.011722,683583
262,62039.011722,686205
263,62039.011722,688825
264,62039.011722,691445
265,62039.011722,694063
266,62039.011722,696687
267,62039.011722,699305
268,62039.011722,701928
269,62039.011722,704551
270,62039.011722,707173
271,62039.011722,709796
272,62039.011722,712416
273,62039.011722,715040
274,62039.011722,717660
275,62039.011722,720279
276,62039.011722,722899
277,62039.011722,725522
278,62039.011722,728141
279,62039.011722,730761
280,62039.011722,733382
281,62039.011722,736001
282,62039.011722,738626
283,62039.011722,741247
284,62039.011722,743867
285,62039.011722,746484
286,62039.011722,749101
287,62039.011722,751724
288,62039.011722,754347
289,62039.011722,756969
290,62039.011722,759591
291,62039.011722,762210
292,62039.011722,764828
293,62039.011722,767450
294,62039.011722,770068
295,62039.011722,772691
296,62039.011722,775312
297,62039.011722,777930
298,62039.011722,780547
299,62039.011722,783161
300,62039.011722,785780
301,62039.011722,788398
302,62039.011722,791022
303,62039.011722,793646
304,62039.011722,796267
305,62039.011722,798888
306,62039.011722,801508
307,62039.011722,804130
308,62039.011722,806751
309,62039.011722,809371
62039.011722,4.523737
1,62039.011722,2376
2,62039.011722,5002
3,62039.011722,7625
4,62039.011722,10248
5,62039.011722,12873
6,62039.011722,15497
7,62039.011722,18119
8,62039.011722,20743
9,62039.011722,23364
10,62039.011722,25982
11,62039.011722,28603
12,62039.011722,31224
13,62039.011722,33835
14,62039.011722,36440
15,62039.011722,39058
16,62039.011722,41666
17,62039.011722,44283
18,62039.011722,46895
19,62039.011722,49516
20,62039.011722,52130
21,62039.011722,54745
22,62039.011722,57362
23,62039.011722,59978
24,62039.011722,62594
25,62039.011722,65216
26,62039.011722,67840
27,62039.011722,70462
28,62039.011722,73082
29,62039.011722,75700
30,62039.011722,78318
31,62039.011722,80939
32,62039.011722,83562
33,62039.011722,86186
34,62039.011722,88806
35,62039.011722,91428
36,62039.011722,94049
37,62039.011722,96669
38,62039.011722,99293
39,62039.011722,101914
40,62039.011722,104535
41,62039.011722,107153
42,62039.011722,109775
43,62039.011722,112398
44,62039.011722,115020
45,62039.011722,117645
46,62039.011722,120268
47,62039.011722,122885
48,62039.011722,125506
49,62039.011722,128122
50,62039.011722,130742
51,62039.011722,133364
52,62039.011722,135987
53,62039.011722,138611
54,62039.011722,141231
55,62039.011722,143852
56,62039.011722,146473
57,62039.011722,149094
58,62039.011722,151715
59,62039.011722,154336
60,62039.011722,156957
61,62039.011722,159577
62,62039.011722,162196
63,62039.011722,164817
64,62039.011722,167440
65,62038.592434,170056
66,62038.592434,172682
67,62038.592434,175307
68,62038.592434,177928
69,62038.592434,180550
70,62038.592434,183167
71,62038.592434,185788
72,62038.592434,188409
73,62038.592434,191032
74,62038.592434,193653
75,62038.592434,196274
76,62038.592434,198897
77,62038.592434,201515
78,62038.592434,204137
79,62038.592434,206758
80,62038.592434,209383
81,62038.592434,212006
82,62038.592434,214624
83,62038.592434,217242
84,62038.592434,219866
85,62038.592434,222487
86,62038.592434,225107
87,62038.592434,227728
88,62038.592434,230343
89,62038.592434,232966
90,62038.592434,235582
91,62038.592434,238200
92,62038.592434,240819
93,62038.592434,243443
94,62038.592434,246064
95,62038.592434,248685
96,62038.592434,251308
97,62038.592434,253930
98,62038.592434,256556
99,62038.592434,259180
100,62038.592434,261795
101,62038.592434,264413
102,62038.592434,267025
103,62038.592434,269642
104,62038.592434,272264
105,62038.592434,274882
106,62038.592434,277502
107,62038.592434,280116
108,62038.592434,282735
109,62038.592434,285353
110,62038.592434,287975
111,62038.592434,290598
112,62038.592434,293216
113,62038.592434,295836
114,62038.592434,298452
115,62038.592434,301072
116,62038.592434,303691
117,62038.592434,306309
118,62038.592434,308929
119,62038.592434,311553
120,62038.592434,314168
121,62038.592434,316785
122,62038.592434,319401
123,62038.592434,322022
124,62038.592434,324637
125,62038.592434,327260
126,62038.592434,329877
127,62038.592434,332495
128,62038.592434,335114
129,62038.592434,337734
130,62038.592434,340355
131,62038.592434,342970
132,62038.592434,345588
133,62038.592434,348206
134,62038.592434,350823
135,62038.592434,353445
136,62038.592434,356063
137,62038.592434,358686
138,62038.592434,361308
139,62038.592434,363928
140,62038.592434,366545
141,62038.592434,369158
142,62038.592434,371774
143,62038.592434,374387
144,62038.592434,377004
145,62038.592434,379623
146,62038.592434,382239
147,62038.592434,384862
148,62038.592434,387484
149,62038.592434,390099
150,62038.592434,392721
151,62038.592434,395339
152,62038.592434,397957
153,62038.592434,400578
154,62038.592434,403201
155,62038.592434,405821
156,62038.592434,408440
157,62038.592434,411056
158,62038.592434,413674
159,62038.592434,416286
160,62038.592434,418902
161,62038.592434,421524
162,62038.592434,424146
163,62038.592434,426768
164,62038.592434,429389
165,62038.592434,432008
166,62038.592434,434627
167,62038.592434,437240
168,62038.592434,439859
169,62038.592434,442480
170,62038.592434,445096
171,62038.592434,447717
172,62038.592434,450333
173,62038.592434,452955
174,62038.592434,455571
175,62038.592434,458188
176,62038.592434,460810
177,62038.592434,463427
178,62038.592434,466049
179,62038.592434,468672
180,62038.592434,471290
181,62038.592434,473913
182,62038.592434,476530
183,62038.592434,479146
184,62038.592434,481761
185,62038.592434,484383
186,62038.592434,487005
187,62038.592434,489620
188,62038.592434,492237
189,62038.592434,494855
190,62038.592434,497474
191,62038.592434,500090
192,62038.592434,502707
193,62038.592434,505324
194,62038.592434,507945
195,62038.592434,510560
196,62038.592434,513182
197,62038.592434,515799
198,62038.592434,518422
199,62038.592434,521039
200,62038.592434,523655
201,62038.592434,526271
202,62038.592434,528884
203,62038.592434,531502
204,62038.592434,534122
205,62038.592434,536741
206,62038.592434,539360
207,62038.592434,541974
208,62038.592434,544591
209,62038.592434,547214
210,62038.592434,549833
211,62038.592434,552451
212,62038.592434,555067
213,62038.592434,557686
214,62038.592434,560305
215,62038.592434,562917
216,62038.592434,565538
217,62038.592434,568158
218,62038.592434,570777
219,62038.592434,573395
220,62038.592434,576016
221,62038.592434,578634
222,62038.592434,581254
223,62038.592434,583871
224,62038.592434,586490
225,62038.592434,589105
226,62038.592434,591724
227,62038.592434,594340
228,62038.592434,596960
229,62038.592434,599574
230,62038.592434,602191
231,62038.592434,604807
232,62038.592434,607425
233,62038.592434,610045
234,62038.592434,612665
235,62038.592434,615284
236,62038.592434,617901
237,62038.592434,620521
238,62038.592434,623137
239,62038.592434,625761
240,62038.592434,628379
241,62038.592434,631000
242,62038.592434,633615
243,62038.592434,636232
244,62038.592434,638847
245,62038.592434,641463
246,62038.592434,644086
247,62038.592434,646709
248,62038.592434,649330
249,62038.592434,651947
250,62038.592434,654564
251,62038.592434,657186
252,62038.592434,659807
253,62038.592434,662423
254,62038.592434,665036
255,62038.592434,667651
256,62038.592434,670271
257,62038.592434,672892
258,62038.592434,675513
259,62038.592434,678131
260,62038.592434,680747
261,62038.592434,683370
262,62038.592434,685992
263,62038.592434,688614
264,62038.592434,691233
265,62038.592434,693854
266,62038.592434,696469
267,62038.592434,699091
268,62038.592434,701707
269,62038.592434,704329
270,62038.592434,706948
271,62038.592434,709570
272,62038.592434,712193
273,62038.592434,714813
274,62038.592434,717434
275,62038.592434,720054
276,62038.592434,722677
277,62038.592434,725296
278,62038.592434,727911
279,62038.592434,730534
280,62038.592434,733153
281,62038.592434,735773
282,62038.592434,738396
283,62038.592434,741018
284,62038.592434,743637
285,62038.592434,746254
286,62038.592434,748873
287,62038.592434,751486
288,62038.592434,754108
289,62038.592434,756728
290,62038.592434,759346
291,62038.592434,761967
292,62038.592434,764585
293,62038.592434,767209
294,62038.592434,769826
295,62038.592434,772445
296,62038.592434,775065
297,62038.592434,777683
298,62038.592434,780300
299,62038.592434,782914
300,62038.592434,785531
301,62038.592434,788151
302,62038.592434,790768
303,62038.592434,793387
304,62038.592434,796008
305,62038.592434,798629
306,62038.592434,801251
307,62038.592434,803869
308,62038.592434,806492
309,62038.592434,809113
310,62038.592434,811729
62038.592434,4.556445
1,62042.444093,2376
2,62038.289660,5006
3,62037.748655,7637
4,62037.748655,10269
5,62037.748655,12901
6,62037.748655,15529
7,62037.748655,18160
8,62037.748655,20790
9,62037.748655,23420
10,62037.748655,26050
11,62037.748655,28680
12,62037.748655,31303
13,62037.748655,33925
14,62037.748655,36546
15,62037.748655,39174
16,62037.748655,41800
17,62037.748655,44426
18,62037.748655,47052
19,62037.748655,49669
20,62037.748655,52294
21,62037.748655,54922
22,62037.748655,57552
23,62037.748655,60176
24,62037.748655,62798
25,62037.748655,65423
26,62037.748655,68044
27,62037.748655,70671
28,62037.748655,73297
29,62037.748655,75921
30,62037.748655,78546
31,62037.748655,81173
32,62037.748655,83802
33,62037.748655,86425
34,62037.748655,89052
35,62037.748655,91677
36,62037.748655,94304
37,62037.748655,96934
38,62037.748655,99559
39,62037.748655,102187
40,62037.748655,104812
41,62037.748655,107440
42,62037.748655,110069
43,62037.748655,112699
44,62037.748655,115330
45,62037.748655,117954
46,62037.748655,120582
47,62037.748655,123211
48,62037.748655,125835
49,62037.748655,128462
50,62037.748655,131086
51,62037.748655,133717
52,62037.748655,136340
53,62037.748655,138966
54,62037.748655,141595
55,62037.748655,144225
56,62037.748655,146851
57,62037.748655,149478
58,62037.748655,152104
59,62037.748655,154732
60,62037.748655,157354
61,62037.748655,159976
62,62037.748655,162602
63,62037.748655,165230
64,62037.748655,167853
65,62037.748655,170481
66,62037.748655,173108
67,62037.748655,175730
68,62037.748655,178355
69,62037.748655,180982
70,62037.748655,183609
71,62037.748655,186232
72,62037.748655,188857
73,62037.748655,191483
74,62037.748655,194109
75,62037.748655,196732
76,62037.748655,199359
77,62037.748655,201986
78,62037.748655,204613
79,62037.748655,207242
80,62037.748655,209862
81,62037.748655,212487
82,62037.748655,215105
83,62037.748655,217733
84,62037.748655,220364
85,62037.748655,222986
86,62037.748655,225613
87,62037.748655,228233
88,62037.748655,230857
89,62037.748655,233485
90,62037.748655,236111
91,62037.748655,238735
92,62037.748655,241361
93,62037.748655,243989
94,62037.748655,246616
95,62037.748655,249243
96,62037.748655,251869
97,62037.748655,254497
98,62037.748655,257122
99,62037.748655,259744
100,62037.748655,262369
101,62037.748655,264994
102,62037.748655,267623
103,62037.748655,270246
104,62037.748655,272872
105,62037.748655,275495
106,62037.748655,278122
107,62037.748655,280747
108,62037.748655,283377
109,62037.748655,286002
110,62037.748655,288629
111,62037.748655,291256
112,62037.748655,293882
113,62037.748655,296510
114,62037.748655,299137
115,62037.748655,301754
116,62037.748655,304378
117,62037.748655,307003
118,62037.748655,309628
119,62037.748655,312256
120,62037.748655,314883
121,62037.748655,317511
122,62037.748655,320133
123,62037.748655,322757
124,62037.748655,325383
125,62037.748655,328007
126,62037.748655,330635
127,62037.748655,333261
128,62037.748655,335883
129,62037.748655,338509
130,62037.748655,341135
131,62037.748655,343757
132,62037.748655,346378
133,62037.748655,349005
134,62037.748655,351631
135,62037.748655,354253
136,62037.748655,356884
137,62037.748655,359508
138,62037.748655,362134
139,62037.748655,364755
140,62037.748655,367384
141,62037.748655,370007
142,62037.748655,372628
143,62037.748655,375256
144,62037.748655,377883
145,62037.748655,380508
146,62037.748655,383129
147,62037.748655,385751
148,62037.748655,388375
149,62037.748655,391004
150,62037.748655,393627
151,62037.748655,396251
152,62037.748655,398876
153,62037.748655,401501
154,62037.748655,404130
155,62037.748655,406755
156,62037.748655,409379
157,62037.748655,412007
158,62037.748655,414635
159,62037.748655,417263
160,62037.748655,419888
161,62037.748655,422516
162,62037.748655,425138
163,62037.748655,427764
164,62037.748655,430392
165,62037.748655,433016
166,62037.748655,435645
167,62037.748655,438273
168,62037.748655,440900
169,62037.748655,443522
170,62037.748655,446149
171,62037.748655,448774
172,62037.748655,451397
173,62037.748655,454020
174,62037.748655,456647
175,62037.748655,459272
176,62037.748655,461894
177,62037.748655,464516
178,62037.748655,467142
179,62037.748655,469764
180,62037.748655,472392
181,62037.748655,475020
182,62037.748655,477646
183,62037.748655,480271
184,62037.748655,482895
185,62037.748655,485519
186,62037.748655,488136
187,62037.748655,490757
188,62037.748655,493382
189,62037.748655,496006
190,62037.748655,498626
191,62037.748655,501253
192,62037.748655,503875
193,62037.748655,506501
194,62037.748655,509117
195,62037.748655,511742
196,62037.748655,514370
197,62037.748655,516991
198,62037.748655,519615
199,62037.748655,522241
200,62037.748655,524863
201,62037.748655,527484
202,62037.748655,530107
203,62037.748655,532733
204,62037.748655,535358
205,62037.748655,537987
206,62037.748655,540615
207,62037.748655,543240
208,62037.748655,545866
209,62037.748655,548491
210,62037.748655,551115
211,62037.748655,553737
212,62037.748655,556364
213,62037.748655,558989
214,62037.748655,561608
215,62037.748655,564235
216,62037.748655,566858
217,62037.748655,569483
218,62037.748655,572098
219,62037.748655,574721
220,62037.748655,577344
221,62037.748655,579964
222,62037.748655,582588
223,62037.748655,585216
224,62037.748655,587842
225,62037.748655,590469
226,62037.748655,593092
227,62037.748655,595715
228,62037.748655,598341
229,62037.748655,600967
230,62037.748655,603591
231,62037.748655,606218
232,62037.748655,608848
233,62037.748655,611469
234,62037.748655,614098
235,62037.748655,616723
236,62037.748655,619348
237,62037.748655,621972
238,62037.748655,624602
239,62037.748655,627227
240,62037.748655,629853
241,62037.748655,632480
242,62037.748655,635103
243,62037.748655,637731
244,62037.748655,640358
245,62037.748655,642987
246,62037.748655,645612
247,62037.748655,648237
248,62037.748655,650863
249,62037.748655,653493
250,62037.748655,656123
251,62037.748655,658746
252,62037.748655,661370
253,62037.748655,663995
254,62037.748655,666621
255,62037.748655,669246
256,62037.748655,671873
257,62037.748655,674502
258,62037.748655,677131
259,62037.748655,679759
260,62037.748655,682385
261,62037.748655,685006
262,62037.748655,687631
263,62037.748655,690253
264,62037.748655,692879
265,62037.748655,695503
266,62037.748655,698124
267,62037.748655,700750
268,62037.748655,703377
269,62037.748655,705996
270,62037.748655,708619
271,62037.748655,711237
272,62037.748655,713860
273,62037.748655,716486
274,62037.748655,719103
275,62037.748655,721729
276,62037.748655,724354
277,62037.748655,726980
278,62037.748655,729606
279,62037.748655,732232
280,62037.748655,734857
281,62037.748655,737483
282,62037.748655,740112
283,62037.748655,742737
284,62037.748655,745359
285,62037.748655,747985
286,62037.748655,750609
287,62037.748655,753232
288,62037.748655,755857
289,62037.748655,758481
290,62037.748655,761108
291,62037.748655,763737
292,62037.748655,766361
293,62037.748655,768987
294,62037.748655,771613
295,62037.748655,774240
296,62037.748655,776866
297,62037.748655,779489
298,62037.748655,782108
299,62037.748655,784728
300,62037.748655,787354
301,62037.748655,789981
302,62037.748655,792609
303,62037.748655,795231
304,62037.748655,797858
305,62037.748655,800488
306,62037.748655,803114
307,62037.748655,805736
308,62037.748655,808362
309,62037.748655,810987
62037.748655,4.598662
1,62042.022752,2376
2,62039.011722,5034
3,62039.011722,7693
4,62039.011722,10352
5,62039.011722,13009
6,62039.011722,15662
7,62039.011722,18318
8,62039.011722,20976
9,62039.011722,23628
10,62039.011722,26284
11,62039.011722,28933
12,62039.011722,31586
13,62039.011722,34239
14,62039.011722,36895
15,62039.011722,39544
16,62039.011722,42201
17,62039.011722,44852
18,62039.011722,47506
19,62039.011722,50160
20,62039.011722,52816
21,62039.011722,55472
22,62039.011722,58125
23,62039.011722,60774
24,62039.011722,63429
25,62039.011722,66086
26,62039.011722,68739
27,62039.011722,71390
28,62039.011722,74043
29,62039.011722,76699
30,62039.011722,79351
31,62039.011722,82007
32,62039.011722,84662
33,62039.011722,87318
34,62039.011722,89973
35,62039.011722,92623
36,62039.011722,95277
37,62039.011722,97928
38,62039.011722,100586
39,62039.011722,103241
40,62039.011722,105893
41,62039.011722,108548
42,62039.011722,111202
43,62039.011722,113857
44,62039.011722,116512
45,62039.011722,119166
46,62039.011722,121814
47,62039.011722,124469
48,62039.011722,127122
49,62039.011722,129776
50,62039.011722,132432
51,62039.011722,135085
52,62039.011722,137736
53,62039.011722,140394
54,62039.011722,143050
55,62039.011722,145705
56,62039.011722,148360
57,62039.011722,151013
58,62039.011722,153671
59,62039.011722,156325
60,62039.011722,158982
61,62039.011722,161636
62,62039.011722,164290
63,62039.011722,166947
64,62039.011722,169596
65,62039.011722,172249
66,62039.011722,174898
67,62039.011722,177555
68,62039.011722,180210
69,62039.011722,182859
70,62039.011722,185515
71,62039.011722,188172
72,62039.011722,190823
73,62039.011722,193477
74,62039.011722,196133
75,62039.011722,198789
76,62039.011722,201446
77,62039.011722,204105
78,62039.011722,206751
79,62039.011722,209401
80,62039.011722,212053
81,62039.011722,214709
82,62039.011722,217360
83,62039.011722,220016
84,62039.011722,222670
85,62039.011722,225326
86,62039.011722,227980
87,62039.011722,230636
88,62039.011722,233290
89,62039.011722,235941
90,62039.011722,238593
91,62039.011722,241245
92,62039.011722,243889
93,62039.011722,246540
94,62039.011722,249192
95,62039.011722,251845
96,62039.011722,254498
97,62039.011722,257153
98,62039.011722,259806
99,62039.011722,262459
100,62039.011722,265116
101,62039.011722,267771
102,62039.011722,270428
103,62039.011722,273086
104,62039.011722,275743
105,62039.011722,278400
106,62039.011722,281056
107,62039.011722,283711
108,62039.011722,286366
109,62039.011722,289022
110,62039.011722,291675
111,62039.011722,294330
112,62039.011722,296986
113,62039.011722,299638
114,62039.011722,302293
115,62039.011722,304949
116,62039.011722,307606
117,62039.011722,310259
118,62039.011722,312917
119,62039.011722,315567
120,62039.011722,318219
121,62039.011722,320875
122,62039.011722,323530
123,62039.011722,326185
124,62039.011722,328840
125,62039.011722,331496
126,62039.011722,334149
127,62039.011722,336804
128,62039.011722,339460
129,62039.011722,342115
130,62039.011722,344769
131,62039.011722,347421
132,62039.011722,350069
133,62039.011722,352725
134,62039.011722,355379
135,62039.011722,358032
136,62039.011722,360688
137,62039.011722,363341
138,62039.011722,366000
139,62039.011722,368657
140,62039.011722,371308
141,62039.011722,373955
142,62039.011722,376613
143,62039.011722,379268
144,62039.011722,381925
145,62039.011722,384579
146,62039.011722,387238
147,62039.011722,389892
148,62039.011722,392547
149,62039.011722,395204
150,62039.011722,397857
151,62039.011722,400507
152,62039.011722,403164
153,62039.011722,405821
154,62039.011722,408476
155,62039.011722,411128
156,62039.011722,413780
157,62039.011722,416435
158,62039.011722,419084
159,62039.011722,421737
160,62039.011722,424392
161,62039.011722,427048
162,62039.011722,429698
163,62039.011722,432356
164,62039.011722,435007
165,62039.011722,437665
166,62039.011722,440323
167,62039.011722,442980
168,62039.011722,445638
169,62039.011722,448289
170,62039.011722,450944
171,62039.011722,453598
172,62039.011722,456254
173,62039.011722,458910
174,62039.011722,461568
175,62039.011722,464216
176,62039.011722,466867
177,62039.011722,469523
178,62039.011722,472175
179,62039.011722,474823
180,62039.011722,477474
181,62039.011722,480125
182,62039.011722,482776
183,62039.011722,485432
184,62039.011722,488087
185,62039.011722,490732
186,62039.011722,493383
187,62039.011722,496034
188,62039.011722,498683
189,62039.011722,501339
190,62039.011722,503990
191,62039.011722,506641
192,62039.011722,509292
193,62039.011722,511946
194,62039.011722,514602
195,62039.011722,517256
196,62039.011722,519905
197,62039.011722,522560
198,62039.011722,525209
199,62039.011722,527859
200,62039.011722,530511
201,62039.011722,533165
202,62039.011722,535819
203,62039.011722,538474
204,62039.011722,541131
205,62039.011722,543782
206,62039.011722,546434
207,62039.011722,549085
208,62039.011722,551741
209,62039.011722,554395
210,62039.011722,557045
211,62039.011722,559697
212,62039.011722,562353
213,62039.011722,565008
214,62039.011722,567665
215,62039.011722,570321
216,62039.011722,572976
217,62039.011722,575625
218,62039.011722,578279
219,62039.011722,580931
220,62039.011722,583577
221,62039.011722,586231
222,62039.011722,588887
223,62039.011722,591545
224,62039.011722,594198
225,62039.011722,596847
226,62039.011722,599502
227,62039.011722,602152
228,62039.011722,604800
229,62039.011722,607456
230,62039.011722,610101
231,62039.011722,612753
232,62039.011722,615408
233,62039.011722,618059
234,62039.011722,620709
235,62039.011722,623363
236,62039.011722,626013
237,62039.011722,628666
238,62039.011722,631320
239,62039.011722,633973
240,62039.011722,636623
241,62039.011722,639274
242,62039.011722,641927
243,62039.011722,644578
244,62039.011722,647233
245,62039.011722,649885
246,62039.011722,652533
247,62039.011722,655182
248,62039.011722,657831
249,62039.011722,660482
250,62039.011722,663138
251,62039.011722,665791
252,62039.011722,668442
253,62039.011722,671099
254,62039.011722,673750
255,62039.011722,676394
256,62039.011722,679044
257,62039.011722,681696
258,62039.011722,684350
259,62039.011722,687005
260,62039.011722,689660
261,62039.011722,692310
262,62039.011722,694960
263,62039.011722,697616
264,62039.011722,700270
265,62039.011722,702923
266,62039.011722,705577
267,62039.011722,708225
268,62039.011722,710878
269,62039.011722,713531
270,62039.011722,716183
271,62039.011722,718834
272,62039.011722,721487
273,62039.011722,724143
274,62039.011722,726799
275,62039.011722,729443
276,62039.011722,732097
277,62039.011722,734750
278,62039.011722,737398
279,62039.011722,740049
280,62039.011722,742702
281,62039.011722,745349
282,62039.011722,747999
283,62039.011722,750656
284,62039.011722,753310
285,62039.011722,755962
286,62039.011722,758611
287,62039.011722,761262
288,62039.011722,763912
289,62039.011722,766565
290,62039.011722,769209
291,62039.011722,771860
292,62039.011722,774511
293,62039.011722,777158
294,62039.011722,779807
295,62039.011722,782453
296,62039.011722,785105
297,62039.011722,787751
298,62039.011722,790408
299,62039.011722,793058
300,62039.011722,795712
301,62039.011722,798366
302,62039.011722,801017
303,62039.011722,803665
304,62039.011722,806314
305,62039.011722,808969
306,62039.011722,811621
62039.011722,4.468391
