1,7245.428030,2376
2,7244.813465,5038
3,7244.805531,7700
4,7244.782536,10358
5,7244.754985,13018
6,7244.754985,15667
7,7244.754985,18289
8,7244.754985,20810
9,7244.754985,23325
10,7244.754985,25788
11,7244.754985,28222
12,7244.754985,30641
13,7244.754985,33052
14,7244.754985,35458
15,7244.754985,37864
16,7244.754985,40280
17,7244.754985,42695
18,7244.754985,45110
19,7244.754985,47517
20,7244.754985,49934
21,7244.754985,52346
22,7244.754985,54765
23,7244.754985,57171
24,7244.754985,59583
25,7244.754985,62000
26,7244.754985,64414
27,7244.754985,66824
28,7244.754985,69231
29,7244.754985,71637
30,7244.754985,74050
31,7244.754985,76460
32,7244.754985,78874
33,7244.754985,81288
34,7244.754985,83705
35,7244.754985,86120
36,7244.754985,88534
37,7244.754985,90945
38,7244.754985,93362
39,7244.754985,95780
40,7244.754985,98198
41,7244.754985,100607
42,7244.754985,103018
43,7244.754985,105432
44,7244.754985,107841
45,7244.754985,110265
46,7244.754985,112679
47,7244.754985,115089
48,7244.754985,117498
49,7244.754985,119905
50,7244.754985,122315
51,7244.754985,124720
52,7244.754985,127138
53,7244.754985,129557
54,7244.754985,131974
55,7244.754985,134391
56,7244.754985,136808
57,7244.754985,139225
58,7244.754985,141633
59,7244.754985,144056
60,7244.754985,146466
61,7244.754985,148867
62,7244.754985,151274
63,7244.754985,153679
64,7244.754985,156089
65,7244.754985,158510
66,7244.754985,160928
67,7244.754985,163338
68,7244.754985,165752
69,7244.754985,168167
70,7244.754985,170583
71,7244.754985,172997
72,7244.754985,175410
73,7244.754985,177824
74,7244.754985,180242
75,7244.754985,182654
76,7244.754985,185064
77,7244.754985,187472
78,7244.754985,189883
79,7244.754985,192291
80,7244.754985,194699
81,7244.754985,197109
82,7244.754985,199517
83,7244.754985,201934
84,7244.754985,204348
85,7244.754985,206755
86,7244.754985,209167
87,7244.754985,211582
88,7244.754985,213996
89,7244.754985,216402
90,7244.754985,218815
91,7244.754985,221226
92,7244.754985,223635
93,7244.754985,226055
94,7244.754985,228475
95,7244.754985,230897
96,7244.754985,233313
97,7244.754985,235734
98,7244.754985,238151
99,7244.754985,240563
100,7244.754985,242978
101,7244.754985,245392
102,7244.754985,247803
103,7244.754985,250217
104,7244.754985,252637
105,7244.754985,255046
106,7244.754985,257466
107,7244.754985,259879
108,7244.754985,262294
109,7244.754985,264714
110,7244.754985,267122
111,7244.754985,269531
112,7244.754985,271949
113,7244.754985,274363
114,7244.754985,276779
115,7244.754985,279183
116,7244.754985,281592
117,7244.754985,284004
118,7244.754985,286413
119,7244.754985,288828
120,7244.754985,291236
121,7244.754985,293641
122,7244.754985,296046
123,7244.754985,298452
124,7244.754985,300853
125,7244.754985,303257
126,7244.754985,305663
127,7244.754985,308066
128,7244.754985,310482
129,7244.754985,312904
130,7244.754985,315318
131,7244.754985,317731
132,7244.754985,320144
133,7244.754985,322554
134,7244.754985,324972
135,7244.754985,327390
136,7244.754985,329803
137,7244.754985,332216
138,7244.754985,334635
139,7244.754985,337048
140,7244.754985,339452
141,7244.754985,341864
142,7244.754985,344280
143,7244.754985,346699
144,7244.754985,349111
145,7244.754985,351521
146,7244.754985,353931
147,7244.754985,356338
148,7244.754985,358750
149,7244.754985,361156
150,7244.754985,363568
151,7244.754985,365982
152,7244.754985,368387
153,7244.754985,370797
154,7244.754985,373202
155,7244.754985,375616
156,7244.754985,378033
157,7244.754985,380448
158,7244.754985,382874
159,7244.754985,385286
160,7244.754985,387702
161,7244.754985,390118
162,7244.754985,392527
163,7244.754985,394949
164,7244.754985,397357
165,7244.754985,399771
166,7244.754985,402187
167,7244.754985,404602
168,7244.754985,407018
169,7244.754985,409432
170,7244.754985,411849
171,7244.754985,414267
172,7244.754985,416680
173,7244.754985,419096
174,7244.754985,421512
175,7244.754985,423923
176,7244.754985,426335
177,7244.754985,428754
178,7244.754985,431174
179,7244.754985,433591
180,7244.754985,436010
181,7244.754985,438434
182,7244.754985,440851
183,7244.754985,443264
184,7244.754985,445675
185,7244.754985,448079
186,7244.754985,450490
187,7244.754985,452908
188,7244.754985,455319
189,7244.754985,457739
190,7244.754985,460151
191,7244.754985,462567
192,7244.754985,464986
193,7244.754985,467396
194,7244.754985,469803
195,7244.754985,472207
196,7244.754985,474611
197,7244.754985,477023
198,7244.754985,479436
199,7244.754985,481842
200,7244.754985,484241
201,7244.754985,486642
202,7244.754985,489047
203,7244.754985,491463
204,7244.754985,493885
205,7244.754985,496300
206,7244.754985,498715
207,7244.754985,501122
208,7244.754985,503532
209,7244.754985,505946
210,7244.754985,508358
211,7244.754985,510775
212,7244.754985,513197
213,7244.754985,515615
214,7244.754985,518027
215,7244.754985,520436
216,7244.754985,522850
217,7244.754985,525268
218,7244.754985,527693
219,7244.754985,530109
220,7244.754985,532523
221,7244.754985,534929
222,7244.754985,537337
223,7244.754985,539749
224,7244.754985,542153
225,7244.754985,544557
226,7244.754985,546964
227,7244.754985,549376
228,7244.754985,551794
229,7244.754985,554201
230,7244.754985,556618
231,7244.754985,559040
232,7244.754985,561455
233,7244.754985,563862
234,7244.754985,566281
235,7244.754985,568690
236,7244.754985,571105
237,7244.754985,573520
238,7244.754985,575940
239,7244.754985,578355
240,7244.754985,580773
241,7244.754985,583189
242,7244.754985,585608
243,7244.754985,588019
244,7244.754985,590419
245,7244.754985,592819
246,7244.754985,595224
247,7244.754985,597630
248,7244.754985,600036
249,7244.754985,602443
250,7244.754985,604847
251,7244.754985,607256
252,7244.754985,609668
253,7244.754985,612072
254,7244.754985,614489
255,7244.754985,616911
256,7244.754985,619340
257,7244.754985,621760
258,7244.754985,624189
259,7244.754985,626604
260,7244.754985,629016
261,7244.754985,631420
262,7244.754985,633832
263,7244.754985,636243
264,7244.754985,638662
265,7244.754985,641078
266,7244.754985,643495
267,7244.754985,645906
268,7244.754985,648329
269,7244.754985,650749
270,7244.754985,653176
271,7244.754985,655605
272,7244.754985,658024
273,7244.754985,660441
274,7244.754985,662856
275,7244.754985,665266
276,7244.754985,667677
277,7244.754985,670077
278,7244.754985,672485
279,7244.754985,674897
280,7244.754985,677314
281,7244.754985,679723
282,7244.754985,682139
283,7244.754985,684558
284,7244.754985,686975
285,7244.754985,689390
286,7244.754985,691801
287,7244.754985,694221
288,7244.754985,696641
289,7244.754985,699057
290,7244.754985,701469
291,7244.754985,703879
292,7244.754985,706290
293,7244.754985,708704
294,7244.754985,711115
295,7244.754985,713524
296,7244.754985,715929
297,7244.754985,718341
298,7244.754985,720754
299,7244.754985,723178
300,7244.754985,725603
7244.754985,1.856599
1,7245.309871,2376
2,7245.197610,5016
3,7244.889168,7652
4,7244.805531,10284
5,7244.754985,12911
6,7244.754985,15533
7,7244.754985,18126
8,7244.754985,20670
9,7244.754985,23195
10,7244.754985,25679
11,7244.754985,28120
12,7244.754985,30533
13,7244.754985,32948
14,7244.754985,35360
15,7244.754985,37771
16,7244.754985,40187
17,7244.754985,42597
18,7244.754985,45003
19,7244.754985,47414
20,7244.754985,49825
21,7244.754985,52233
22,7244.754985,54650
23,7244.754985,57072
24,7244.754985,59485
25,7244.754985,61903
26,7244.754985,64317
27,7244.754985,66722
28,7244.754985,69128
29,7244.754985,71544
30,7244.754985,73956
31,7244.754985,76363
32,7244.754985,78778
33,7244.754985,81193
34,7244.754985,83604
35,7244.754985,86015
36,7244.754985,88426
37,7244.754985,90836
38,7244.754985,93252
39,7244.754985,95663
40,7244.754985,98076
41,7244.754985,100486
42,7244.754985,102893
43,7244.754985,105298
44,7244.754985,107713
45,7244.754985,110117
46,7244.754985,112521
47,7244.754985,114930
48,7244.754985,117339
49,7244.754985,119753
50,7244.754985,122163
51,7244.754985,124576
52,7244.754985,126995
53,7244.754985,129412
54,7244.754985,131831
55,7244.754985,134262
56,7244.754985,136676
57,7244.754985,139089
58,7244.754985,141503
59,7244.754985,143912
60,7244.754985,146320
61,7244.754985,148724
62,7244.754985,151119
63,7244.754985,153528
64,7244.754985,155934
65,7244.754985,158344
66,7244.754985,160761
67,7244.754985,163176
68,7244.754985,165593
69,7244.754985,168008
70,7244.754985,170416
71,7244.754985,172824
72,7244.754985,175236
73,7244.754985,177650
74,7244.754985,180069
75,7244.754985,182480
76,7244.754985,184893
77,7244.754985,187308
78,7244.754985,189718
79,7244.754985,192128
80,7244.754985,194541
81,7244.754985,196955
82,7244.754985,199363
83,7244.754985,201785
84,7244.754985,204205
85,7244.754985,206625
86,7244.754985,209036
87,7244.754985,211452
88,7244.754985,213874
89,7244.754985,216283
90,7244.754985,218697
91,7244.754985,221111
92,7244.754985,223532
93,7244.754985,225957
94,7244.754985,228381
95,7244.754985,230800
96,7244.754985,233208
97,7244.754985,235619
98,7244.754985,238026
99,7244.754985,240445
100,7244.754985,242862
101,7244.754985,245273
102,7244.754985,247686
103,7244.754985,250109
104,7244.754985,252533
105,7244.754985,254952
106,7244.754985,257370
107,7244.754985,259792
108,7244.754985,262208
109,7244.754985,264616
110,7244.754985,267039
111,7244.754985,269455
112,7244.754985,271871
113,7244.754985,274290
114,7244.754985,276722
115,7244.754985,279143
116,7244.754985,281554
117,7244.754985,283959
118,7244.754985,286366
119,7244.754985,288774
120,7244.754985,291184
121,7244.754985,293587
122,7244.754985,295987
123,7244.754985,298399
124,7244.754985,300812
125,7244.754985,303229
126,7244.754985,305647
127,7244.754985,308061
128,7244.754985,310470
129,7244.754985,312886
130,7244.754985,315304
131,7244.754985,317717
132,7244.754985,320133
133,7244.754985,322552
134,7244.754985,324965
135,7244.754985,327380
136,7244.754985,329788
137,7244.754985,332204
138,7244.754985,334612
139,7244.754985,337028
140,7244.754985,339445
141,7244.754985,341860
142,7244.754985,344269
143,7244.754985,346671
144,7244.754985,349076
145,7244.754985,351484
146,7244.754985,353890
147,7244.754985,356297
148,7244.754985,358711
149,7244.754985,361131
150,7244.754985,363547
151,7244.754985,365964
152,7244.754985,368389
153,7244.754985,370810
154,7244.754985,373226
155,7244.754985,375638
156,7244.754985,378050
157,7244.754985,380462
158,7244.754985,382865
159,7244.754985,385269
160,7244.754985,387672
161,7244.754985,390077
162,7244.754985,392484
163,7244.754985,394897
164,7244.754985,397305
165,7244.754985,399717
166,7244.754985,402140
167,7244.754985,404562
168,7244.754985,406976
169,7244.754985,409403
170,7244.754985,411826
171,7244.754985,414246
172,7244.754985,416652
173,7244.754985,419054
174,7244.754985,421450
175,7244.754985,423856
176,7244.754985,426272
177,7244.754985,428696
178,7244.754985,431118
179,7244.754985,433530
180,7244.754985,435947
181,7244.754985,438355
182,7244.754985,440762
183,7244.754985,443166
184,7244.754985,445569
185,7244.754985,447978
186,7244.754985,450387
187,7244.754985,452793
188,7244.754985,455208
189,7244.754985,457624
190,7244.754985,460039
191,7244.754985,462455
192,7244.754985,464872
193,7244.754985,467300
194,7244.754985,469724
195,7244.754985,472142
196,7244.754985,474561
197,7244.754985,476983
198,7244.754985,479406
199,7244.754985,481809
200,7244.754985,484222
201,7244.754985,486638
202,7244.754985,489059
203,7244.754985,491474
204,7244.754985,493895
205,7244.754985,496315
206,7244.754985,498721
207,7244.754985,501135
208,7244.754985,503549
209,7244.754985,505961
210,7244.754985,508377
211,7244.754985,510794
212,7244.754985,513213
213,7244.754985,515629
214,7244.754985,518039
215,7244.754985,520444
216,7244.754985,522857
217,7244.754985,525266
218,7244.754985,527674
219,7244.754985,530082
220,7244.754985,532492
221,7244.754985,534901
222,7244.754985,537310
223,7244.754985,539727
224,7244.754985,542150
225,7244.754985,544569
226,7244.754985,546994
227,7244.754985,549421
228,7244.754985,551842
229,7244.754985,554256
230,7244.754985,556663
231,7244.754985,559069
232,7244.754985,561471
233,7244.754985,563879
234,7244.754985,566294
235,7244.754985,568705
236,7244.754985,571113
237,7244.754985,573520
238,7244.754985,575932
239,7244.754985,578343
240,7244.754985,580752
241,7244.754985,583173
242,7244.754985,585587
243,7244.754985,588002
244,7244.754985,590432
245,7244.754985,592849
246,7244.754985,595268
247,7244.754985,597680
248,7244.754985,600093
249,7244.754985,602505
250,7244.754985,604918
251,7244.754985,607328
252,7244.754985,609743
253,7244.754985,612167
254,7244.754985,614587
255,7244.754985,617009
256,7244.754985,619417
257,7244.754985,621824
258,7244.754985,624236
259,7244.754985,626650
260,7244.754985,629064
261,7244.754985,631477
262,7244.754985,633883
263,7244.754985,636297
264,7244.754985,638707
265,7244.754985,641122
266,7244.754985,643535
267,7244.754985,645954
268,7244.754985,648369
269,7244.754985,650787
270,7244.754985,653202
271,7244.754985,655616
272,7244.754985,658037
273,7244.754985,660452
274,7244.754985,662866
275,7244.754985,665283
276,7244.754985,667702
277,7244.754985,670121
278,7244.754985,672536
279,7244.754985,674946
280,7244.754985,677361
281,7244.754985,679777
282,7244.754985,682191
283,7244.754985,684619
284,7244.754985,687042
285,7244.754985,689464
286,7244.754985,691883
287,7244.754985,694293
288,7244.754985,696702
289,7244.754985,699117
290,7244.754985,701534
291,7244.754985,703950
292,7244.754985,706365
293,7244.754985,708783
294,7244.754985,711194
295,7244.754985,713605
296,7244.754985,716023
297,7244.754985,718441
298,7244.754985,720849
299,7244.754985,723249
300,7244.754985,725661
7244.754985,1.872393
1,7245.394300,2376
2,7245.394300,5037
3,7244.813465,7693
4,7244.782536,10350
5,7244.754985,12994
6,7244.754985,15639
7,7244.754985,18249
8,7244.754985,20776
9,7244.754985,23288
10,7244.754985,25763
11,7244.754985,28202
12,7244.754985,30619
13,7244.754985,33035
14,7244.754985,35451
15,7244.754985,37879
16,7244.754985,40310
17,7244.754985,42725
18,7244.754985,45141
19,7244.754985,47555
20,7244.754985,49957
21,7244.754985,52369
22,7244.754985,54783
23,7244.754985,57201
24,7244.754985,59617
25,7244.754985,62034
26,7244.754985,64448
27,7244.754985,66866
28,7244.754985,69282
29,7244.754985,71698
30,7244.754985,74125
31,7244.754985,76549
32,7244.754985,78968
33,7244.754985,81393
34,7244.754985,83813
35,7244.754985,86238
36,7244.754985,88656
37,7244.754985,91072
38,7244.754985,93485
39,7244.754985,95889
40,7244.754985,98300
41,7244.754985,100713
42,7244.754985,103127
43,7244.754985,105538
44,7244.754985,107947
45,7244.754985,110353
46,7244.754985,112768
47,7244.754985,115181
48,7244.754985,117597
49,7244.754985,120014
50,7244.754985,122433
51,7244.754985,124852
52,7244.754985,127267
53,7244.754985,129679
54,7244.754985,132098
55,7244.754985,134512
56,7244.754985,136924
57,7244.754985,139337
58,7244.754985,141745
59,7244.754985,144157
60,7244.754985,146581
61,7244.754985,148998
62,7244.754985,151411
63,7244.754985,153830
64,7244.754985,156247
65,7244.754985,158666
66,7244.754985,161090
67,7244.754985,163513
68,7244.754985,165936
69,7244.754985,168349
70,7244.754985,170767
71,7244.754985,173194
72,7244.754985,175624
73,7244.754985,178048
74,7244.754985,180469
75,7244.754985,182891
76,7244.754985,185300
77,7244.754985,187706
78,7244.754985,190125
79,7244.754985,192563
80,7244.754985,194983
81,7244.754985,197410
82,7244.754985,199832
83,7244.754985,202250
84,7244.754985,204688
85,7244.754985,207116
86,7244.754985,209536
87,7244.754985,211944
88,7244.754985,214358
89,7244.754985,216792
90,7244.754985,219225
91,7244.754985,221653
92,7244.754985,224084
93,7244.754985,226510
94,7244.754985,228927
95,7244.754985,231344
96,7244.754985,233753
97,7244.754985,236174
98,7244.754985,238596
99,7244.754985,241015
100,7244.754985,243424
101,7244.754985,245833
102,7244.754985,248242
103,7244.754985,250654
104,7244.754985,253075
105,7244.754985,255487
106,7244.754985,257912
107,7244.754985,260340
108,7244.754985,262759
109,7244.754985,265174
110,7244.754985,267591
111,7244.754985,270008
112,7244.754985,272428
113,7244.754985,274849
114,7244.754985,277265
115,7244.754985,279687
116,7244.754985,282107
117,7244.754985,284527
118,7244.754985,286944
119,7244.754985,289366
120,7244.754985,291784
121,7244.754985,294196
122,7244.754985,296605
123,7244.754985,299024
124,7244.754985,301438
125,7244.754985,303858
126,7244.754985,306281
127,7244.754985,308696
128,7244.754985,311113
129,7244.754985,313528
130,7244.754985,315947
131,7244.754985,318371
132,7244.754985,320797
133,7244.754985,323221
134,7244.754985,325650
135,7244.754985,328066
136,7244.754985,330472
137,7244.754985,332884
138,7244.754985,335294
139,7244.754985,337702
140,7244.754985,340116
141,7244.754985,342538
142,7244.754985,344968
143,7244.754985,347393
144,7244.754985,349818
145,7244.754985,352242
146,7244.754985,354658
147,7244.754985,357070
148,7244.754985,359482
149,7244.754985,361905
150,7244.754985,364322
151,7244.754985,366742
152,7244.754985,369166
153,7244.754985,371584
154,7244.754985,374003
155,7244.754985,376428
156,7244.754985,378843
157,7244.754985,381273
158,7244.754985,383702
159,7244.754985,386119
160,7244.754985,388537
161,7244.754985,390961
162,7244.754985,393391
163,7244.754985,395816
164,7244.754985,398246
165,7244.754985,400671
166,7244.754985,403106
167,7244.754985,405542
168,7244.754985,407976
169,7244.754985,410403
170,7244.754985,412815
171,7244.754985,415227
172,7244.754985,417642
173,7244.754985,420053
174,7244.754985,422469
175,7244.754985,424878
176,7244.754985,427293
177,7244.754985,429715
178,7244.754985,432135
179,7244.754985,434553
180,7244.754985,436972
181,7244.754985,439397
182,7244.754985,441812
183,7244.754985,444227
184,7244.754985,446651
185,7244.754985,449065
186,7244.754985,451481
187,7244.754985,453909
188,7244.754985,456339
189,7244.754985,458761
190,7244.754985,461186
191,7244.754985,463599
192,7244.754985,466016
193,7244.754985,468433
194,7244.754985,470857
195,7244.754985,473267
196,7244.754985,475683
197,7244.754985,478101
198,7244.754985,480520
199,7244.754985,482941
200,7244.754985,485354
201,7244.754985,487764
202,7244.754985,490176
203,7244.754985,492595
204,7244.754985,495020
205,7244.754985,497438
206,7244.754985,499855
207,7244.754985,502265
208,7244.754985,504681
209,7244.754985,507099
210,7244.754985,509522
211,7244.754985,511944
212,7244.754985,514357
213,7244.754985,516769
214,7244.754985,519189
215,7244.754985,521603
216,7244.754985,524022
217,7244.754985,526434
218,7244.754985,528853
219,7244.754985,531273
220,7244.754985,533692
221,7244.754985,536111
222,7244.754985,538536
223,7244.754985,540946
224,7244.754985,543354
225,7244.754985,545780
226,7244.754985,548200
227,7244.754985,550608
228,7244.754985,553018
229,7244.754985,555441
230,7244.754985,557858
231,7244.754985,560272
232,7244.754985,562689
233,7244.754985,565104
234,7244.754985,567525
235,7244.754985,569945
236,7244.754985,572368
237,7244.754985,574784
238,7244.754985,577208
239,7244.754985,579634
240,7244.754985,582060
241,7244.754985,584471
242,7244.754985,586882
243,7244.754985,589292
244,7244.754985,591707
245,7244.754985,594117
246,7244.754985,596532
247,7244.754985,598941
248,7244.754985,601354
249,7244.754985,603770
250,7244.754985,606190
251,7244.754985,608615
252,7244.754985,611040
253,7244.754985,613460
254,7244.754985,615876
255,7244.754985,618285
256,7244.754985,620703
257,7244.754985,623116
258,7244.754985,625531
259,7244.754985,627939
260,7244.754985,630348
261,7244.754985,632760
262,7244.754985,635175
263,7244.754985,637594
264,7244.754985,640014
265,7244.754985,642431
266,7244.754985,644845
267,7244.754985,647259
268,7244.754985,649679
269,7244.754985,652101
270,7244.754985,654516
271,7244.754985,656929
272,7244.754985,659344
273,7244.754985,661766
274,7244.754985,664182
275,7244.754985,666601
276,7244.754985,669022
277,7244.754985,671460
278,7244.754985,673901
279,7244.754985,676341
280,7244.754985,678774
281,7244.754985,681200
282,7244.754985,683627
283,7244.754985,686047
284,7244.754985,688469
285,7244.754985,690887
286,7244.754985,693300
287,7244.754985,695711
288,7244.754985,698134
289,7244.754985,700551
290,7244.754985,702961
291,7244.754985,705371
292,7244.754985,707785
293,7244.754985,710200
294,7244.754985,712613
295,7244.754985,715033
296,7244.754985,717452
297,7244.754985,719880
298,7244.754985,722302
299,7244.754985,724723
7244.754985,1.846131
1,7245.309871,2376
2,7245.197610,5034
3,7245.045959,7687
4,7244.782536,10338
5,7244.782536,12979
6,7244.754985,15617
7,7244.754985,18249
8,7244.754985,20773
9,7244.754985,23269
10,7244.754985,25759
11,7244.754985,28211
12,7244.754985,30641
13,7244.754985,33061
14,7244.754985,35479
15,7244.754985,37894
16,7244.754985,40321
17,7244.754985,42733
18,7244.754985,45145
19,7244.754985,47560
20,7244.754985,49980
21,7244.754985,52400
22,7244.754985,54815
23,7244.754985,57233
24,7244.754985,59647
25,7244.754985,62059
26,7244.754985,64469
27,7244.754985,66886
28,7244.754985,69303
29,7244.754985,71716
30,7244.754985,74131
31,7244.754985,76562
32,7244.754985,78985
33,7244.754985,81404
34,7244.754985,83820
35,7244.754985,86236
36,7244.754985,88655
37,7244.754985,91077
38,7244.754985,93490
39,7244.754985,95917
40,7244.754985,98337
41,7244.754985,100765
42,7244.754985,103192
43,7244.754985,105621
44,7244.754985,108035
45,7244.754985,110450
46,7244.754985,112863
47,7244.754985,115283
48,7244.754985,117703
49,7244.754985,120111
50,7244.754985,122530
51,7244.754985,124945
52,7244.754985,127366
53,7244.754985,129782
54,7244.754985,132199
55,7244.754985,134627
56,7244.754985,137045
57,7244.754985,139463
58,7244.754985,141875
59,7244.754985,144290
60,7244.754985,146706
61,7244.754985,149127
62,7244.754985,151553
63,7244.754985,153970
64,7244.754985,156387
65,7244.754985,158810
66,7244.754985,161234
67,7244.754985,163662
68,7244.754985,166083
69,7244.754985,168496
70,7244.754985,170913
71,7244.754985,173328
72,7244.754985,175739
73,7244.754985,178157
74,7244.754985,180579
75,7244.754985,183005
76,7244.754985,185419
77,7244.754985,187838
78,7244.754985,190253
79,7244.754985,192674
80,7244.754985,195090
81,7244.754985,197514
82,7244.754985,199940
83,7244.754985,202368
84,7244.754985,204790
85,7244.754985,207212
86,7244.754985,209638
87,7244.754985,212066
88,7244.754985,214487
89,7244.754985,216901
90,7244.754985,219314
91,7244.754985,221725
92,7244.754985,224137
93,7244.754985,226554
94,7244.754985,228969
95,7244.754985,231383
96,7244.754985,233800
97,7244.754985,236223
98,7244.754985,238641
99,7244.754985,241065
100,7244.754985,243494
101,7244.754985,245926
102,7244.754985,248349
103,7244.754985,250773
104,7244.754985,253192
105,7244.754985,255609
106,7244.754985,258021
107,7244.754985,260440
108,7244.754985,262860
109,7244.754985,265284
110,7244.754985,267707
111,7244.754985,270126
112,7244.754985,272548
113,7244.754985,274967
114,7244.754985,277388
115,7244.754985,279815
116,7244.754985,282244
117,7244.754985,284668
118,7244.754985,287099
119,7244.754985,289525
120,7244.754985,291947
121,7244.754985,294364
122,7244.754985,296785
123,7244.754985,299204
124,7244.754985,301621
125,7244.754985,304046
126,7244.754985,306469
127,7244.754985,308897
128,7244.754985,311313
129,7244.754985,313737
130,7244.754985,316146
131,7244.754985,318573
132,7244.754985,320997
133,7244.754985,323429
134,7244.754985,325851
135,7244.754985,328270
136,7244.754985,330690
137,7244.754985,333105
138,7244.754985,335525
139,7244.754985,337941
140,7244.754985,340354
141,7244.754985,342758
142,7244.754985,345163
143,7244.754985,347572
144,7244.754985,349983
145,7244.754985,352408
146,7244.754985,354818
147,7244.754985,357240
148,7244.754985,359659
149,7244.754985,362087
150,7244.754985,364509
151,7244.754985,366925
152,7244.754985,369345
153,7244.754985,371766
154,7244.754985,374187
155,7244.754985,376602
156,7244.754985,379017
157,7244.754985,381438
158,7244.754985,383869
159,7244.754985,386285
160,7244.754985,388705
161,7244.754985,391130
162,7244.754985,393559
163,7244.754985,395986
164,7244.754985,398411
165,7244.754985,400834
166,7244.754985,403248
167,7244.754985,405669
168,7244.754985,408094
169,7244.754985,410515
170,7244.754985,412934
171,7244.754985,415355
172,7244.754985,417773
173,7244.754985,420192
174,7244.754985,422608
175,7244.754985,425033
176,7244.754985,427470
177,7244.754985,429907
178,7244.754985,432335
179,7244.754985,434761
180,7244.754985,437186
181,7244.754985,439631
182,7244.754985,442068
183,7244.754985,444503
184,7244.754985,446940
185,7244.754985,449372
186,7244.754985,451794
187,7244.754985,454215
188,7244.754985,456637
189,7244.754985,459060
190,7244.754985,461482
191,7244.754985,463901
192,7244.754985,466326
193,7244.754985,468740
194,7244.754985,471160
195,7244.754985,473586
196,7244.754985,476016
197,7244.754985,478437
198,7244.754985,480857
199,7244.754985,483282
200,7244.754985,485707
201,7244.754985,488123
202,7244.754985,490545
203,7244.754985,492967
204,7244.754985,495383
205,7244.754985,497797
206,7244.754985,500214
207,7244.754985,502635
208,7244.754985,505060
209,7244.754985,507479
210,7244.754985,509908
211,7244.754985,512331
212,7244.754985,514749
213,7244.754985,517157
214,7244.754985,519572
215,7244.754985,521987
216,7244.754985,524417
217,7244.754985,526847
218,7244.754985,529272
219,7244.754985,531687
220,7244.754985,534102
221,7244.754985,536522
222,7244.754985,538947
223,7244.754985,541371
224,7244.754985,543794
225,7244.754985,546208
226,7244.754985,548628
227,7244.754985,551044
228,7244.754985,553460
229,7244.754985,555883
230,7244.754985,558308
231,7244.754985,560745
232,7244.754985,563169
233,7244.754985,565590
234,7244.754985,568016
235,7244.754985,570443
236,7244.754985,572865
237,7244.754985,575279
238,7244.754985,577694
239,7244.754985,580106
240,7244.754985,582539
241,7244.754985,584956
242,7244.754985,587373
243,7244.754985,589792
244,7244.754985,592212
245,7244.754985,594636
246,7244.754985,597056
247,7244.754985,599480
248,7244.754985,601888
249,7244.754985,604305
250,7244.754985,606728
251,7244.754985,609149
252,7244.754985,611572
253,7244.754985,613991
254,7244.754985,616407
255,7244.754985,618831
256,7244.754985,621253
257,7244.754985,623677
258,7244.754985,626089
259,7244.754985,628506
260,7244.754985,630920
261,7244.754985,633340
262,7244.754985,635757
263,7244.754985,638179
264,7244.754985,640600
265,7244.754985,643011
266,7244.754985,645430
267,7244.754985,647854
268,7244.754985,650281
269,7244.754985,652715
270,7244.754985,655153
271,7244.754985,657588
272,7244.754985,660013
273,7244.754985,662443
274,7244.754985,664878
275,7244.754985,667307
276,7244.754985,669731
277,7244.754985,672140
278,7244.754985,674555
279,7244.754985,676975
280,7244.754985,679406
281,7244.754985,681830
282,7244.754985,684250
283,7244.754985,686664
284,7244.754985,689077
285,7244.754985,691490
286,7244.754985,693912
287,7244.754985,696336
288,7244.754985,698758
289,7244.754985,701182
290,7244.754985,703597
291,7244.754985,706018
292,7244.754985,708447
293,7244.754985,710877
294,7244.754985,713300
295,7244.754985,715723
296,7244.754985,718138
297,7244.754985,720567
298,7244.754985,722997
299,7244.754985,725416
7244.754985,1.860450
1,7245.372999,2376
2,7245.197610,4999
3,7244.782536,7620
4,7244.754985,10235
5,7244.754985,12849
6,7244.754985,15460
7,7244.754985,18029
8,7244.754985,20537
9,7244.754985,23018
10,7244.754985,25474
11,7244.754985,27904
12,7244.754985,30327
13,7244.754985,32752
14,7244.754985,35177
15,7244.754985,37590
16,7244.754985,40013
17,7244.754985,42429
18,7244.754985,44849
19,7244.754985,47261
20,7244.754985,49680
21,7244.754985,52099
22,7244.754985,54518
23,7244.754985,56936
24,7244.754985,59355
25,7244.754985,61766
26,7244.754985,64180
27,7244.754985,66595
28,7244.754985,69008
29,7244.754985,71428
30,7244.754985,73854
31,7244.754985,76278
32,7244.754985,78700
33,7244.754985,81116
34,7244.754985,83532
35,7244.754985,85950
36,7244.754985,88367
37,7244.754985,90780
38,7244.754985,93190
39,7244.754985,95600
40,7244.754985,98016
41,7244.754985,100432
42,7244.754985,102851
43,7244.754985,105278
44,7244.754985,107698
45,7244.754985,110122
46,7244.754985,112541
47,7244.754985,114960
48,7244.754985,117379
49,7244.754985,119810
50,7244.754985,122230
51,7244.754985,124646
52,7244.754985,127060
53,7244.754985,129477
54,7244.754985,131903
55,7244.754985,134326
56,7244.754985,136755
57,7244.754985,139184
58,7244.754985,141612
59,7244.754985,144025
60,7244.754985,146435
61,7244.754985,148850
62,7244.754985,151264
63,7244.754985,153673
64,7244.754985,156089
65,7244.754985,158497
66,7244.754985,160898
67,7244.754985,163307
68,7244.754985,165708
69,7244.754985,168113
70,7244.754985,170533
71,7244.754985,172960
72,7244.754985,175376
73,7244.754985,177785
74,7244.754985,180200
75,7244.754985,182617
76,7244.754985,185029
77,7244.754985,187444
78,7244.754985,189862
79,7244.754985,192270
80,7244.754985,194684
81,7244.754985,197103
82,7244.754985,199530
83,7244.754985,201951
84,7244.754985,204367
85,7244.754985,206790
86,7244.754985,209212
87,7244.754985,211629
88,7244.754985,214049
89,7244.754985,216465
90,7244.754985,218874
91,7244.754985,221282
92,7244.754985,223694
93,7244.754985,226117
94,7244.754985,228524
95,7244.754985,230930
96,7244.754985,233341
97,7244.754985,235760
98,7244.754985,238169
99,7244.754985,240582
100,7244.754985,242994
101,7244.754985,245413
102,7244.754985,247837
103,7244.754985,250252
104,7244.754985,252669
105,7244.754985,255087
106,7244.754985,257512
107,7244.754985,259932
108,7244.754985,262350
109,7244.754985,264760
110,7244.754985,267174
111,7244.754985,269590
112,7244.754985,272003
113,7244.754985,274429
114,7244.754985,276844
115,7244.754985,279253
116,7244.754985,281661
117,7244.754985,284072
118,7244.754985,286486
119,7244.754985,288903
120,7244.754985,291314
121,7244.754985,293721
122,7244.754985,296132
123,7244.754985,298546
124,7244.754985,300965
125,7244.754985,303377
126,7244.754985,305786
127,7244.754985,308198
128,7244.754985,310613
129,7244.754985,313026
130,7244.754985,315441
131,7244.754985,317844
132,7244.754985,320258
133,7244.754985,322673
134,7244.754985,325083
135,7244.754985,327498
136,7244.754985,329915
137,7244.754985,332324
138,7244.754985,334734
139,7244.754985,337146
140,7244.754985,339553
141,7244.754985,341965
142,7244.754985,344376
143,7244.754985,346786
144,7244.754985,349192
145,7244.754985,351610
146,7244.754985,354025
147,7244.754985,356449
148,7244.754985,358861
149,7244.754985,361271
150,7244.754985,363674
151,7244.754985,366086
152,7244.754985,368514
153,7244.754985,370929
154,7244.754985,373340
155,7244.754985,375751
156,7244.754985,378163
157,7244.754985,380576
158,7244.754985,382987
159,7244.754985,385398
160,7244.754985,387810
161,7244.754985,390230
162,7244.754985,392647
163,7244.754985,395059
164,7244.754985,397471
165,7244.754985,399888
166,7244.754985,402304
167,7244.754985,404722
168,7244.754985,407139
169,7244.754985,409549
170,7244.754985,411961
171,7244.754985,414369
172,7244.754985,416773
173,7244.754985,419191
174,7244.754985,421597
175,7244.754985,424005
176,7244.754985,426411
177,7244.754985,428822
178,7244.754985,431233
179,7244.754985,433642
180,7244.754985,436055
181,7244.754985,438476
182,7244.754985,440891
183,7244.754985,443306
184,7244.754985,445721
185,7244.754985,448142
186,7244.754985,450559
187,7244.754985,452976
188,7244.754985,455390
189,7244.754985,457808
190,7244.754985,460217
191,7244.754985,462629
192,7244.754985,465044
193,7244.754985,467459
194,7244.754985,469877
195,7244.754985,472290
196,7244.754985,474708
197,7244.754985,477121
198,7244.754985,479541
199,7244.754985,481960
200,7244.754985,484375
201,7244.754985,486794
202,7244.754985,489213
203,7244.754985,491623
204,7244.754985,494035
205,7244.754985,496455
206,7244.754985,498879
207,7244.754985,501302
208,7244.754985,503708
209,7244.754985,506119
210,7244.754985,508532
211,7244.754985,510952
212,7244.754985,513360
213,7244.754985,515767
214,7244.754985,518176
215,7244.754985,520593
216,7244.754985,523005
217,7244.754985,525417
218,7244.754985,527829
219,7244.754985,530254
220,7244.754985,532678
221,7244.754985,535093
222,7244.754985,537497
223,7244.754985,539908
224,7244.754985,542315
225,7244.754985,544722
226,7244.754985,547138
227,7244.754985,549550
228,7244.754985,551964
229,7244.754985,554378
230,7244.754985,556794
231,7244.754985,559207
232,7244.754985,561617
233,7244.754985,564030
234,7244.754985,566439
235,7244.754985,568845
236,7244.754985,571257
237,7244.754985,573670
238,7244.754985,576080
239,7244.754985,578491
240,7244.754985,580897
241,7244.754985,583298
242,7244.754985,585698
243,7244.754985,588109
244,7244.754985,590530
245,7244.754985,592944
246,7244.754985,595370
247,7244.754985,597793
248,7244.754985,600208
249,7244.754985,602626
250,7244.754985,605046
251,7244.754985,607458
252,7244.754985,609864
253,7244.754985,612269
254,7244.754985,614683
255,7244.754985,617106
256,7244.754985,619521
257,7244.754985,621936
258,7244.754985,624348
259,7244.754985,626763
260,7244.754985,629183
261,7244.754985,631598
262,7244.754985,634021
263,7244.754985,636442
264,7244.754985,638860
265,7244.754985,641276
266,7244.754985,643694
267,7244.754985,646113
268,7244.754985,648521
269,7244.754985,650924
270,7244.754985,653342
271,7244.754985,655758
272,7244.754985,658171
273,7244.754985,660588
274,7244.754985,663012
275,7244.754985,665434
276,7244.754985,667852
277,7244.754985,670264
278,7244.754985,672678
279,7244.754985,675090
280,7244.754985,677510
281,7244.754985,679923
282,7244.754985,682332
283,7244.754985,684741
284,7244.754985,687161
285,7244.754985,689581
286,7244.754985,691994
287,7244.754985,694415
288,7244.754985,696822
289,7244.754985,699237
290,7244.754985,701656
291,7244.754985,704076
292,7244.754985,706491
293,7244.754985,708910
294,7244.754985,711335
295,7244.754985,713757
296,7244.754985,716170
297,7244.754985,718580
298,7244.754985,720990
299,7244.754985,723399
7244.754985,1.885859
1,7245.588610,2376
2,7245.079069,5023
3,7245.045959,7668
4,7244.941081,10306
5,7244.782536,12937
6,7244.754985,15557
7,7244.754985,18150
8,7244.754985,20675
9,7244.754985,23157
10,7244.754985,25611
11,7244.754985,28045
12,7244.754985,30469
13,7244.754985,32890
14,7244.754985,35318
15,7244.754985,37748
16,7244.754985,40166
17,7244.754985,42581
18,7244.754985,44990
19,7244.754985,47409
20,7244.754985,49828
21,7244.754985,52252
22,7244.754985,54665
23,7244.754985,57079
24,7244.754985,59494
25,7244.754985,61915
26,7244.754985,64338
27,7244.754985,66756
28,7244.754985,69172
29,7244.754985,71591
30,7244.754985,74012
31,7244.754985,76420
32,7244.754985,78830
33,7244.754985,81244
34,7244.754985,83651
35,7244.754985,86064
36,7244.754985,88486
37,7244.754985,90914
38,7244.754985,93332
39,7244.754985,95740
40,7244.754985,98146
41,7244.754985,100557
42,7244.754985,102966
43,7244.754985,105376
44,7244.754985,107782
45,7244.754985,110193
46,7244.754985,112614
47,7244.754985,115035
48,7244.754985,117456
49,7244.754985,119876
50,7244.754985,122298
51,7244.754985,124710
52,7244.754985,127123
53,7244.754985,129539
54,7244.754985,131954
55,7244.754985,134368
56,7244.754985,136786
57,7244.754985,139205
58,7244.754985,141630
59,7244.754985,144041
60,7244.754985,146453
61,7244.754985,148863
62,7244.754985,151280
63,7244.754985,153696
64,7244.754985,156105
65,7244.754985,158523
66,7244.754985,160936
67,7244.754985,163347
68,7244.754985,165756
69,7244.754985,168174
70,7244.754985,170599
71,7244.754985,173016
72,7244.754985,175430
73,7244.754985,177844
74,7244.754985,180267
75,7244.754985,182683
76,7244.754985,185093
77,7244.754985,187500
78,7244.754985,189903
79,7244.754985,192302
80,7244.754985,194711
81,7244.754985,197125
82,7244.754985,199532
83,7244.754985,201943
84,7244.754985,204362
85,7244.754985,206775
86,7244.754985,209182
87,7244.754985,211590
88,7244.754985,214010
89,7244.754985,216422
90,7244.754985,218835
91,7244.754985,221243
92,7244.754985,223663
93,7244.754985,226083
94,7244.754985,228506
95,7244.754985,230916
96,7244.754985,233332
97,7244.754985,235740
98,7244.754985,238142
99,7244.754985,240552
100,7244.754985,242966
101,7244.754985,245380
102,7244.754985,247789
103,7244.754985,250198
104,7244.754985,252615
105,7244.754985,255027
106,7244.754985,257443
107,7244.754985,259861
108,7244.754985,262280
109,7244.754985,264697
110,7244.754985,267102
111,7244.754985,269514
112,7244.754985,271930
113,7244.754985,274345
114,7244.754985,276753
115,7244.754985,279174
116,7244.754985,281591
117,7244.754985,284012
118,7244.754985,286430
119,7244.754985,288844
120,7244.754985,291255
121,7244.754985,293669
122,7244.754985,296077
123,7244.754985,298496
124,7244.754985,300912
125,7244.754985,303323
126,7244.754985,305737
127,7244.754985,308164
128,7244.754985,310584
129,7244.754985,313006
130,7244.754985,315428
131,7244.754985,317850
132,7244.754985,320268
133,7244.754985,322690
134,7244.754985,325106
135,7244.754985,327523
136,7244.754985,329944
137,7244.754985,332364
138,7244.754985,334782
139,7244.754985,337198
140,7244.754985,339615
141,7244.754985,342027
142,7244.754985,344437
143,7244.754985,346842
144,7244.754985,349248
145,7244.754985,351656
146,7244.754985,354063
147,7244.754985,356477
148,7244.754985,358892
149,7244.754985,361307
150,7244.754985,363727
151,7244.754985,366140
152,7244.754985,368558
153,7244.754985,370970
154,7244.754985,373383
155,7244.754985,375797
156,7244.754985,378217
157,7244.754985,380639
158,7244.754985,383058
159,7244.754985,385469
160,7244.754985,387883
161,7244.754985,390298
162,7244.754985,392703
163,7244.754985,395115
164,7244.754985,397522
165,7244.754985,399937
166,7244.754985,402353
167,7244.754985,404765
168,7244.754985,407173
169,7244.754985,409584
170,7244.754985,412001
171,7244.754985,414418
172,7244.754985,416837
173,7244.754985,419256
174,7244.754985,421665
175,7244.754985,424076
176,7244.754985,426481
177,7244.754985,428887
178,7244.754985,431293
179,7244.754985,433702
180,7244.754985,436116
181,7244.754985,438533
182,7244.754985,440941
183,7244.754985,443354
184,7244.754985,445783
185,7244.754985,448211
186,7244.754985,450637
187,7244.754985,453056
188,7244.754985,455477
189,7244.754985,457894
190,7244.754985,460322
191,7244.754985,462735
192,7244.754985,465145
193,7244.754985,467553
194,7244.754985,469966
195,7244.754985,472374
196,7244.754985,474782
197,7244.754985,477188
198,7244.754985,479603
199,7244.754985,482017
200,7244.754985,484440
201,7244.754985,486863
202,7244.754985,489281
203,7244.754985,491692
204,7244.754985,494111
205,7244.754985,496531
206,7244.754985,498945
207,7244.754985,501351
208,7244.754985,503755
209,7244.754985,506161
210,7244.754985,508587
211,7244.754985,511016
212,7244.754985,513443
213,7244.754985,515868
214,7244.754985,518291
215,7244.754985,520715
216,7244.754985,523131
217,7244.754985,525550
218,7244.754985,527970
219,7244.754985,530385
220,7244.754985,532800
221,7244.754985,535208
222,7244.754985,537616
223,7244.754985,540031
224,7244.754985,542449
225,7244.754985,544861
226,7244.754985,547274
227,7244.754985,549699
228,7244.754985,552121
229,7244.754985,554539
230,7244.754985,556954
231,7244.754985,559366
232,7244.754985,561771
233,7244.754985,564180
234,7244.754985,566592
235,7244.754985,569008
236,7244.754985,571425
237,7244.754985,573841
238,7244.754985,576254
239,7244.754985,578662
240,7244.754985,581081
241,7244.754985,583502
242,7244.754985,585925
243,7244.754985,588340
244,7244.754985,590746
245,7244.754985,593157
246,7244.754985,595567
247,7244.754985,597985
248,7244.754985,600400
249,7244.754985,602809
250,7244.754985,605230
251,7244.754985,607644
252,7244.754985,610047
253,7244.754985,612457
254,7244.754985,614868
255,7244.754985,617279
256,7244.754985,619689
257,7244.754985,622104
258,7244.754985,624521
259,7244.754985,626929
260,7244.754985,629334
261,7244.754985,631749
262,7244.754985,634174
263,7244.754985,636604
264,7244.754985,639025
265,7244.754985,641448
266,7244.754985,643863
267,7244.754985,646284
268,7244.754985,648717
269,7244.754985,651146
270,7244.754985,653566
271,7244.754985,655985
272,7244.754985,658397
273,7244.754985,660808
274,7244.754985,663220
275,7244.754985,665640
276,7244.754985,668053
277,7244.754985,670473
278,7244.754985,672889
279,7244.754985,675300
280,7244.754985,677713
281,7244.754985,680125
282,7244.754985,682531
283,7244.754985,684938
284,7244.754985,687350
285,7244.754985,689765
286,7244.754985,692186
287,7244.754985,694609
288,7244.754985,697030
289,7244.754985,699453
290,7244.754985,701865
291,7244.754985,704280
292,7244.754985,706706
293,7244.754985,709128
294,7244.754985,711543
295,7244.754985,713958
296,7244.754985,716376
297,7244.754985,718786
298,7244.754985,721194
299,7244.754985,723616
7244.754985,1.827124
1,7245.381294,2376
2,7244.967483,4999
3,7244.782536,7624
4,7244.782536,10243
5,7244.782536,12862
6,7244.754985,15473
7,7244.754985,18054
8,7244.754985,20580
9,7244.754985,23079
10,7244.754985,25550
11,7244.754985,27983
12,7244.754985,30402
13,7244.754985,32827
14,7244.754985,35244
15,7244.754985,37653
16,7244.754985,40067
17,7244.754985,42475
18,7244.754985,44876
19,7244.754985,47280
20,7244.754985,49683
21,7244.754985,52087
22,7244.754985,54501
23,7244.754985,56908
24,7244.754985,59317
25,7244.754985,61730
26,7244.754985,64147
27,7244.754985,66557
28,7244.754985,68972
29,7244.754985,71381
30,7244.754985,73786
31,7244.754985,76200
32,7244.754985,78605
33,7244.754985,81012
34,7244.754985,83418
35,7244.754985,85830
36,7244.754985,88237
37,7244.754985,90649
38,7244.754985,93053
39,7244.754985,95462
40,7244.754985,97872
41,7244.754985,100285
42,7244.754985,102705
43,7244.754985,105126
44,7244.754985,107531
45,7244.754985,109940
46,7244.754985,112350
47,7244.754985,114760
48,7244.754985,117174
49,7244.754985,119583
50,7244.754985,121997
51,7244.754985,124403
52,7244.754985,126811
53,7244.754985,129219
54,7244.754985,131633
55,7244.754985,134050
56,7244.754985,136464
57,7244.754985,138884
58,7244.754985,141294
59,7244.754985,143702
60,7244.754985,146115
61,7244.754985,148526
62,7244.754985,150940
63,7244.754985,153349
64,7244.754985,155767
65,7244.754985,158186
66,7244.754985,160597
67,7244.754985,163012
68,7244.754985,165433
69,7244.754985,167862
70,7244.754985,170283
71,7244.754985,172701
72,7244.754985,175114
73,7244.754985,177523
74,7244.754985,179938
75,7244.754985,182348
76,7244.754985,184760
77,7244.754985,187174
78,7244.754985,189588
79,7244.754985,192000
80,7244.754985,194412
81,7244.754985,196827
82,7244.754985,199241
83,7244.754985,201651
84,7244.754985,204059
85,7244.754985,206479
86,7244.754985,208897
87,7244.754985,211315
88,7244.754985,213729
89,7244.754985,216145
90,7244.754985,218559
91,7244.754985,220970
92,7244.754985,223383
93,7244.754985,225794
94,7244.754985,228207
95,7244.754985,230628
96,7244.754985,233035
97,7244.754985,235446
98,7244.754985,237856
99,7244.754985,240271
100,7244.754985,242687
101,7244.754985,245105
102,7244.754985,247532
103,7244.754985,249942
104,7244.754985,252356
105,7244.754985,254773
106,7244.754985,257186
107,7244.754985,259593
108,7244.754985,262006
109,7244.754985,264415
110,7244.754985,266829
111,7244.754985,269243
112,7244.754985,271656
113,7244.754985,274069
114,7244.754985,276489
115,7244.754985,278911
116,7244.754985,281331
117,7244.754985,283755
118,7244.754985,286186
119,7244.754985,288608
120,7244.754985,291025
121,7244.754985,293448
122,7244.754985,295869
123,7244.754985,298294
124,7244.754985,300721
125,7244.754985,303136
126,7244.754985,305562
127,7244.754985,307989
128,7244.754985,310412
129,7244.754985,312828
130,7244.754985,315247
131,7244.754985,317657
132,7244.754985,320074
133,7244.754985,322482
134,7244.754985,324891
135,7244.754985,327310
136,7244.754985,329726
137,7244.754985,332147
138,7244.754985,334573
139,7244.754985,336993
140,7244.754985,339419
141,7244.754985,341845
142,7244.754985,344275
143,7244.754985,346700
144,7244.754985,349116
145,7244.754985,351532
146,7244.754985,353942
147,7244.754985,356351
148,7244.754985,358762
149,7244.754985,361184
150,7244.754985,363613
151,7244.754985,366041
152,7244.754985,368471
153,7244.754985,370888
154,7244.754985,373298
155,7244.754985,375716
156,7244.754985,378136
157,7244.754985,380555
158,7244.754985,382968
159,7244.754985,385384
160,7244.754985,387808
161,7244.754985,390219
162,7244.754985,392627
163,7244.754985,395042
164,7244.754985,397453
165,7244.754985,399864
166,7244.754985,402277
167,7244.754985,404680
168,7244.754985,407090
169,7244.754985,409494
170,7244.754985,411903
171,7244.754985,414317
172,7244.754985,416731
173,7244.754985,419152
174,7244.754985,421564
175,7244.754985,423978
176,7244.754985,426386
177,7244.754985,428796
178,7244.754985,431210
179,7244.754985,433623
180,7244.754985,436028
181,7244.754985,438438
182,7244.754985,440848
183,7244.754985,443259
184,7244.754985,445675
185,7244.754985,448091
186,7244.754985,450506
187,7244.754985,452929
188,7244.754985,455359
189,7244.754985,457764
190,7244.754985,460175
191,7244.754985,462589
192,7244.754985,465001
193,7244.754985,467415
194,7244.754985,469837
195,7244.754985,472258
196,7244.754985,474669
197,7244.754985,477085
198,7244.754985,479504
199,7244.754985,481918
200,7244.754985,484337
201,7244.754985,486755
202,7244.754985,489170
203,7244.754985,491591
204,7244.754985,494008
205,7244.754985,496424
206,7244.754985,498834
207,7244.754985,501243
208,7244.754985,503655
209,7244.754985,506070
210,7244.754985,508487
211,7244.754985,510903
212,7244.754985,513319
213,7244.754985,515736
214,7244.754985,518159
215,7244.754985,520575
216,7244.754985,522988
217,7244.754985,525410
218,7244.754985,527836
219,7244.754985,530255
220,7244.754985,532672
221,7244.754985,535085
222,7244.754985,537490
223,7244.754985,539899
224,7244.754985,542306
225,7244.754985,544713
226,7244.754985,547123
227,7244.754985,549538
228,7244.754985,551944
229,7244.754985,554357
230,7244.754985,556777
231,7244.754985,559190
232,7244.754985,561602
233,7244.754985,564011
234,7244.754985,566418
235,7244.754985,568827
236,7244.754985,571240
237,7244.754985,573651
238,7244.754985,576067
239,7244.754985,578481
240,7244.754985,580902
241,7244.754985,583319
242,7244.754985,585734
243,7244.754985,588143
244,7244.754985,590554
245,7244.754985,592968
246,7244.754985,595389
247,7244.754985,597813
248,7244.754985,600240
249,7244.754985,602647
250,7244.754985,605062
251,7244.754985,607476
252,7244.754985,609889
253,7244.754985,612305
254,7244.754985,614717
255,7244.754985,617143
256,7244.754985,619561
257,7244.754985,621976
258,7244.754985,624393
259,7244.754985,626804
260,7244.754985,629213
261,7244.754985,631623
262,7244.754985,634051
263,7244.754985,636476
264,7244.754985,638899
265,7244.754985,641321
266,7244.754985,643741
267,7244.754985,646147
268,7244.754985,648551
269,7244.754985,650964
270,7244.754985,653375
271,7244.754985,655792
272,7244.754985,658208
273,7244.754985,660616
274,7244.754985,663031
275,7244.754985,665443
276,7244.754985,667851
277,7244.754985,670266
278,7244.754985,672680
279,7244.754985,675088
280,7244.754985,677499
281,7244.754985,679922
282,7244.754985,682345
283,7244.754985,684768
284,7244.754985,687181
285,7244.754985,689589
286,7244.754985,692010
287,7244.754985,694428
288,7244.754985,696845
289,7244.754985,699268
290,7244.754985,701687
291,7244.754985,704099
292,7244.754985,706513
293,7244.754985,708929
294,7244.754985,711335
295,7244.754985,713739
296,7244.754985,716145
297,7244.754985,718554
298,7244.754985,720960
299,7244.754985,723371
7244.754985,1.840091
1,7245.466904,2376
2,7245.466904,5002
3,7245.045959,7627
4,7244.782536,10247
5,7244.754985,12865
6,7244.754985,15474
7,7244.754985,18025
8,7244.754985,20539
9,7244.754985,23030
10,7244.754985,25487
11,7244.754985,27917
12,7244.754985,30333
13,7244.754985,32746
14,7244.754985,35155
15,7244.754985,37572
16,7244.754985,39995
17,7244.754985,42412
18,7244.754985,44828
19,7244.754985,47242
20,7244.754985,49655
21,7244.754985,52069
22,7244.754985,54487
23,7244.754985,56907
24,7244.754985,59327
25,7244.754985,61752
26,7244.754985,64173
27,7244.754985,66589
28,7244.754985,69007
29,7244.754985,71419
30,7244.754985,73821
31,7244.754985,76227
32,7244.754985,78634
33,7244.754985,81041
34,7244.754985,83452
35,7244.754985,85867
36,7244.754985,88284
37,7244.754985,90697
38,7244.754985,93115
39,7244.754985,95521
40,7244.754985,97928
41,7244.754985,100338
42,7244.754985,102751
43,7244.754985,105164
44,7244.754985,107571
45,7244.754985,109987
46,7244.754985,112406
47,7244.754985,114828
48,7244.754985,117247
49,7244.754985,119659
50,7244.754985,122078
51,7244.754985,124494
52,7244.754985,126902
53,7244.754985,129308
54,7244.754985,131717
55,7244.754985,134139
56,7244.754985,136559
57,7244.754985,138974
58,7244.754985,141386
59,7244.754985,143800
60,7244.754985,146213
61,7244.754985,148618
62,7244.754985,151026
63,7244.754985,153436
64,7244.754985,155848
65,7244.754985,158270
66,7244.754985,160690
67,7244.754985,163097
68,7244.754985,165511
69,7244.754985,167921
70,7244.754985,170332
71,7244.754985,172742
72,7244.754985,175148
73,7244.754985,177559
74,7244.754985,179969
75,7244.754985,182377
76,7244.754985,184796
77,7244.754985,187211
78,7244.754985,189620
79,7244.754985,192024
80,7244.754985,194434
81,7244.754985,196845
82,7244.754985,199251
83,7244.754985,201655
84,7244.754985,204067
85,7244.754985,206477
86,7244.754985,208895
87,7244.754985,211310
88,7244.754985,213740
89,7244.754985,216168
90,7244.754985,218591
91,7244.754985,221022
92,7244.754985,223460
93,7244.754985,225887
94,7244.754985,228302
95,7244.754985,230708
96,7244.754985,233111
97,7244.754985,235524
98,7244.754985,237935
99,7244.754985,240348
100,7244.754985,242761
101,7244.754985,245167
102,7244.754985,247589
103,7244.754985,250010
104,7244.754985,252425
105,7244.754985,254834
106,7244.754985,257240
107,7244.754985,259651
108,7244.754985,262062
109,7244.754985,264476
110,7244.754985,266888
111,7244.754985,269304
112,7244.754985,271718
113,7244.754985,274153
114,7244.754985,276585
115,7244.754985,279003
116,7244.754985,281421
117,7244.754985,283833
118,7244.754985,286250
119,7244.754985,288661
120,7244.754985,291071
121,7244.754985,293486
122,7244.754985,295901
123,7244.754985,298318
124,7244.754985,300733
125,7244.754985,303146
126,7244.754985,305558
127,7244.754985,307967
128,7244.754985,310379
129,7244.754985,312790
130,7244.754985,315189
131,7244.754985,317594
132,7244.754985,320001
133,7244.754985,322408
134,7244.754985,324821
135,7244.754985,327233
136,7244.754985,329645
137,7244.754985,332074
138,7244.754985,334489
139,7244.754985,336904
140,7244.754985,339325
141,7244.754985,341747
142,7244.754985,344160
143,7244.754985,346563
144,7244.754985,348981
145,7244.754985,351400
146,7244.754985,353822
147,7244.754985,356236
148,7244.754985,358643
149,7244.754985,361049
150,7244.754985,363458
151,7244.754985,365866
152,7244.754985,368276
153,7244.754985,370690
154,7244.754985,373100
155,7244.754985,375500
156,7244.754985,377904
157,7244.754985,380308
158,7244.754985,382720
159,7244.754985,385130
160,7244.754985,387541
161,7244.754985,389961
162,7244.754985,392376
163,7244.754985,394791
164,7244.754985,397207
165,7244.754985,399622
166,7244.754985,402048
167,7244.754985,404459
168,7244.754985,406874
169,7244.754985,409285
170,7244.754985,411703
171,7244.754985,414116
172,7244.754985,416529
173,7244.754985,418940
174,7244.754985,421354
175,7244.754985,423769
176,7244.754985,426174
177,7244.754985,428582
178,7244.754985,430992
179,7244.754985,433398
180,7244.754985,435805
181,7244.754985,438216
182,7244.754985,440626
183,7244.754985,443042
184,7244.754985,445452
185,7244.754985,447867
186,7244.754985,450285
187,7244.754985,452695
188,7244.754985,455099
189,7244.754985,457513
190,7244.754985,459920
191,7244.754985,462319
192,7244.754985,464735
193,7244.754985,467156
194,7244.754985,469572
195,7244.754985,471998
196,7244.754985,474426
197,7244.754985,476845
198,7244.754985,479260
199,7244.754985,481670
200,7244.754985,484086
201,7244.754985,486509
202,7244.754985,488922
203,7244.754985,491340
204,7244.754985,493752
205,7244.754985,496163
206,7244.754985,498574
207,7244.754985,500982
208,7244.754985,503398
209,7244.754985,505815
210,7244.754985,508235
211,7244.754985,510651
212,7244.754985,513068
213,7244.754985,515481
214,7244.754985,517888
215,7244.754985,520300
216,7244.754985,522714
217,7244.754985,525124
218,7244.754985,527542
219,7244.754985,529953
220,7244.754985,532363
221,7244.754985,534766
222,7244.754985,537176
223,7244.754985,539589
224,7244.754985,541999
225,7244.754985,544406
226,7244.754985,546813
227,7244.754985,549221
228,7244.754985,551627
229,7244.754985,554030
230,7244.754985,556441
231,7244.754985,558852
232,7244.754985,561269
233,7244.754985,563675
234,7244.754985,566085
235,7244.754985,568492
236,7244.754985,570900
237,7244.754985,573316
238,7244.754985,575738
239,7244.754985,578151
240,7244.754985,580565
241,7244.754985,582977
242,7244.754985,585391
243,7244.754985,587801
244,7244.754985,590212
245,7244.754985,592616
246,7244.754985,595029
247,7244.754985,597441
248,7244.754985,599860
249,7244.754985,602271
250,7244.754985,604683
251,7244.754985,607086
252,7244.754985,609491
253,7244.754985,611907
254,7244.754985,614322
255,7244.754985,616729
256,7244.754985,619140
257,7244.754985,621555
258,7244.754985,623970
259,7244.754985,626394
260,7244.754985,628813
261,7244.754985,631235
262,7244.754985,633651
263,7244.754985,636057
264,7244.754985,638469
265,7244.754985,640885
266,7244.754985,643289
267,7244.754985,645700
268,7244.754985,648116
269,7244.754985,650528
270,7244.754985,652946
271,7244.754985,655357
272,7244.754985,657768
273,7244.754985,660180
274,7244.754985,662590
275,7244.754985,665002
276,7244.754985,667411
277,7244.754985,669816
278,7244.754985,672223
279,7244.754985,674624
280,7244.754985,677027
281,7244.754985,679438
282,7244.754985,681855
283,7244.754985,684261
284,7244.754985,686660
285,7244.754985,689068
286,7244.754985,691483
287,7244.754985,693902
288,7244.754985,696318
289,7244.754985,698729
290,7244.754985,701135
291,7244.754985,703548
292,7244.754985,705970
293,7244.754985,708382
294,7244.754985,710796
295,7244.754985,713208
296,7244.754985,715626
297,7244.754985,718032
298,7244.754985,720446
299,7244.754985,722862
300,7244.754985,725282
7244.754985,1.868558
1,7245.372999,2376
2,7245.197610,5008
3,7244.805531,7640
4,7244.782536,10260
5,7244.782536,12874
6,7244.754985,15478
7,7244.754985,18061
8,7244.754985,20589
9,7244.754985,23079
10,7244.754985,25548
11,7244.754985,27999
12,7244.754985,30438
13,7244.754985,32872
14,7244.754985,35302
15,7244.754985,37729
16,7244.754985,40154
17,7244.754985,42581
18,7244.754985,45004
19,7244.754985,47425
20,7244.754985,49834
21,7244.754985,52244
22,7244.754985,54657
23,7244.754985,57069
24,7244.754985,59482
25,7244.754985,61893
26,7244.754985,64304
27,7244.754985,66709
28,7244.754985,69122
29,7244.754985,71541
30,7244.754985,73957
31,7244.754985,76368
32,7244.754985,78783
33,7244.754985,81201
34,7244.754985,83613
35,7244.754985,86029
36,7244.754985,88455
37,7244.754985,90879
38,7244.754985,93295
39,7244.754985,95709
40,7244.754985,98126
41,7244.754985,100541
42,7244.754985,102963
43,7244.754985,105387
44,7244.754985,107809
45,7244.754985,110231
46,7244.754985,112644
47,7244.754985,115069
48,7244.754985,117482
49,7244.754985,119896
50,7244.754985,122308
51,7244.754985,124723
52,7244.754985,127129
53,7244.754985,129533
54,7244.754985,131945
55,7244.754985,134361
56,7244.754985,136774
57,7244.754985,139190
58,7244.754985,141603
59,7244.754985,144018
60,7244.754985,146434
61,7244.754985,148863
62,7244.754985,151282
63,7244.754985,153703
64,7244.754985,156132
65,7244.754985,158557
66,7244.754985,160978
67,7244.754985,163398
68,7244.754985,165818
69,7244.754985,168244
70,7244.754985,170663
71,7244.754985,173084
72,7244.754985,175504
73,7244.754985,177918
74,7244.754985,180327
75,7244.754985,182738
76,7244.754985,185157
77,7244.754985,187580
78,7244.754985,189999
79,7244.754985,192412
80,7244.754985,194828
81,7244.754985,197245
82,7244.754985,199655
83,7244.754985,202064
84,7244.754985,204479
85,7244.754985,206892
86,7244.754985,209312
87,7244.754985,211734
88,7244.754985,214158
89,7244.754985,216579
90,7244.754985,218999
91,7244.754985,221413
92,7244.754985,223826
93,7244.754985,226246
94,7244.754985,228668
95,7244.754985,231086
96,7244.754985,233506
97,7244.754985,235925
98,7244.754985,238347
99,7244.754985,240766
100,7244.754985,243183
101,7244.754985,245597
102,7244.754985,248015
103,7244.754985,250434
104,7244.754985,252845
105,7244.754985,255257
106,7244.754985,257672
107,7244.754985,260083
108,7244.754985,262505
109,7244.754985,264932
110,7244.754985,267363
111,7244.754985,269790
112,7244.754985,272214
113,7244.754985,274640
114,7244.754985,277061
115,7244.754985,279480
116,7244.754985,281900
117,7244.754985,284322
118,7244.754985,286748
119,7244.754985,289168
120,7244.754985,291592
121,7244.754985,294010
122,7244.754985,296418
123,7244.754985,298827
124,7244.754985,301237
125,7244.754985,303654
126,7244.754985,306072
127,7244.754985,308485
128,7244.754985,310906
129,7244.754985,313322
130,7244.754985,315736
131,7244.754985,318154
132,7244.754985,320567
133,7244.754985,322988
134,7244.754985,325408
135,7244.754985,327833
136,7244.754985,330259
137,7244.754985,332686
138,7244.754985,335104
139,7244.754985,337529
140,7244.754985,339940
141,7244.754985,342357
142,7244.754985,344765
143,7244.754985,347176
144,7244.754985,349588
145,7244.754985,352001
146,7244.754985,354418
147,7244.754985,356837
148,7244.754985,359261
149,7244.754985,361672
150,7244.754985,364082
151,7244.754985,366500
152,7244.754985,368916
153,7244.754985,371330
154,7244.754985,373743
155,7244.754985,376152
156,7244.754985,378568
157,7244.754985,380983
158,7244.754985,383400
159,7244.754985,385815
160,7244.754985,388233
161,7244.754985,390657
162,7244.754985,393077
163,7244.754985,395491
164,7244.754985,397907
165,7244.754985,400326
166,7244.754985,402744
167,7244.754985,405162
168,7244.754985,407580
169,7244.754985,409995
170,7244.754985,412408
171,7244.754985,414813
172,7244.754985,417221
173,7244.754985,419640
174,7244.754985,422047
175,7244.754985,424466
176,7244.754985,426885
177,7244.754985,429300
178,7244.754985,431721
179,7244.754985,434152
180,7244.754985,436577
181,7244.754985,439013
182,7244.754985,441436
183,7244.754985,443859
184,7244.754985,446282
185,7244.754985,448718
186,7244.754985,451146
187,7244.754985,453584
188,7244.754985,456007
189,7244.754985,458437
190,7244.754985,460857
191,7244.754985,463272
192,7244.754985,465689
193,7244.754985,468119
194,7244.754985,470527
195,7244.754985,472936
196,7244.754985,475355
197,7244.754985,477778
198,7244.754985,480205
199,7244.754985,482621
200,7244.754985,485039
201,7244.754985,487455
202,7244.754985,489873
203,7244.754985,492289
204,7244.754985,494709
205,7244.754985,497126
206,7244.754985,499547
207,7244.754985,501979
208,7244.754985,504405
209,7244.754985,506825
210,7244.754985,509247
211,7244.754985,511665
212,7244.754985,514079
213,7244.754985,516502
214,7244.754985,518917
215,7244.754985,521330
216,7244.754985,523745
217,7244.754985,526165
218,7244.754985,528585
219,7244.754985,531003
220,7244.754985,533417
221,7244.754985,535832
222,7244.754985,538241
223,7244.754985,540660
224,7244.754985,543083
225,7244.754985,545492
226,7244.754985,547912
227,7244.754985,550327
228,7244.754985,552755
229,7244.754985,555180
230,7244.754985,557604
231,7244.754985,560021
232,7244.754985,562429
233,7244.754985,564837
234,7244.754985,567242
235,7244.754985,569643
236,7244.754985,572047
237,7244.754985,574458
238,7244.754985,576877
239,7244.754985,579300
240,7244.754985,581717
241,7244.754985,584140
242,7244.754985,586557
243,7244.754985,588980
244,7244.754985,591404
245,7244.754985,593820
246,7244.754985,596236
247,7244.754985,598659
248,7244.754985,601083
249,7244.754985,603517
250,7244.754985,605956
251,7244.754985,608398
252,7244.754985,610832
253,7244.754985,613264
254,7244.754985,615682
255,7244.754985,618098
256,7244.754985,620513
257,7244.754985,622927
258,7244.754985,625346
259,7244.754985,627770
260,7244.754985,630190
261,7244.754985,632605
262,7244.754985,635013
263,7244.754985,637420
264,7244.754985,639829
265,7244.754985,642243
266,7244.754985,644656
267,7244.754985,647066
268,7244.754985,649479
269,7244.754985,651897
270,7244.754985,654311
271,7244.754985,656721
272,7244.754985,659134
273,7244.754985,661558
274,7244.754985,663978
275,7244.754985,666393
276,7244.754985,668804
277,7244.754985,671225
278,7244.754985,673650
279,7244.754985,676074
280,7244.754985,678496
281,7244.754985,680910
282,7244.754985,683325
283,7244.754985,685747
284,7244.754985,688172
285,7244.754985,690589
286,7244.754985,692995
287,7244.754985,695410
288,7244.754985,697823
289,7244.754985,700241
290,7244.754985,702674
291,7244.754985,705096
292,7244.754985,707513
293,7244.754985,709924
294,7244.754985,712334
295,7244.754985,714750
296,7244.754985,717165
297,7244.754985,719586
298,7244.754985,722006
299,7244.754985,724423
7244.754985,1.880504
1,7245.588610,2376
2,7245.045959,5035
3,7244.813465,7691
4,7244.805531,10344
5,7244.754985,12995
6,7244.754985,15637
7,7244.754985,18243
8,7244.754985,20787
9,7244.754985,23318
10,7244.754985,25797
11,7244.754985,28232
12,7244.754985,30652
13,7244.754985,33072
14,7244.754985,35488
15,7244.754985,37917
16,7244.754985,40341
17,7244.754985,42755
18,7244.754985,45169
19,7244.754985,47593
20,7244.754985,50012
21,7244.754985,52432
22,7244.754985,54844
23,7244.754985,57263
24,7244.754985,59686
25,7244.754985,62107
26,7244.754985,64529
27,7244.754985,66956
28,7244.754985,69373
29,7244.754985,71793
30,7244.754985,74215
31,7244.754985,76635
32,7244.754985,79048
33,7244.754985,81471
34,7244.754985,83890
35,7244.754985,86309
36,7244.754985,88725
37,7244.754985,91149
38,7244.754985,93565
39,7244.754985,95988
40,7244.754985,98412
41,7244.754985,100825
42,7244.754985,103237
43,7244.754985,105651
44,7244.754985,108071
45,7244.754985,110486
46,7244.754985,112897
47,7244.754985,115307
48,7244.754985,117721
49,7244.754985,120139
50,7244.754985,122564
51,7244.754985,124988
52,7244.754985,127399
53,7244.754985,129810
54,7244.754985,132226
55,7244.754985,134636
56,7244.754985,137050
57,7244.754985,139461
58,7244.754985,141870
59,7244.754985,144282
60,7244.754985,146695
61,7244.754985,149111
62,7244.754985,151527
63,7244.754985,153946
64,7244.754985,156360
65,7244.754985,158761
66,7244.754985,161167
67,7244.754985,163577
68,7244.754985,165995
69,7244.754985,168419
70,7244.754985,170837
71,7244.754985,173259
72,7244.754985,175674
73,7244.754985,178088
74,7244.754985,180498
75,7244.754985,182907
76,7244.754985,185324
77,7244.754985,187745
78,7244.754985,190165
79,7244.754985,192579
80,7244.754985,194980
81,7244.754985,197387
82,7244.754985,199793
83,7244.754985,202206
84,7244.754985,204615
85,7244.754985,207028
86,7244.754985,209439
87,7244.754985,211865
88,7244.754985,214302
89,7244.754985,216732
90,7244.754985,219153
91,7244.754985,221583
92,7244.754985,224002
93,7244.754985,226428
94,7244.754985,228843
95,7244.754985,231256
96,7244.754985,233674
97,7244.754985,236092
98,7244.754985,238509
99,7244.754985,240930
100,7244.754985,243355
101,7244.754985,245771
102,7244.754985,248183
103,7244.754985,250596
104,7244.754985,253013
105,7244.754985,255437
106,7244.754985,257859
107,7244.754985,260278
108,7244.754985,262699
109,7244.754985,265107
110,7244.754985,267529
111,7244.754985,269952
112,7244.754985,272379
113,7244.754985,274802
114,7244.754985,277225
115,7244.754985,279642
116,7244.754985,282059
117,7244.754985,284469
118,7244.754985,286891
119,7244.754985,289317
120,7244.754985,291736
121,7244.754985,294149
122,7244.754985,296559
123,7244.754985,298987
124,7244.754985,301409
125,7244.754985,303830
126,7244.754985,306244
127,7244.754985,308657
128,7244.754985,311074
129,7244.754985,313489
130,7244.754985,315910
131,7244.754985,318330
132,7244.754985,320752
133,7244.754985,323168
134,7244.754985,325580
135,7244.754985,327994
136,7244.754985,330409
137,7244.754985,332824
138,7244.754985,335240
139,7244.754985,337651
140,7244.754985,340072
141,7244.754985,342490
142,7244.754985,344902
143,7244.754985,347312
144,7244.754985,349722
145,7244.754985,352126
146,7244.754985,354528
147,7244.754985,356937
148,7244.754985,359345
149,7244.754985,361753
150,7244.754985,364159
151,7244.754985,366567
152,7244.754985,368975
153,7244.754985,371387
154,7244.754985,373799
155,7244.754985,376218
156,7244.754985,378631
157,7244.754985,381039
158,7244.754985,383458
159,7244.754985,385882
160,7244.754985,388306
161,7244.754985,390734
162,7244.754985,393157
163,7244.754985,395577
164,7244.754985,397997
165,7244.754985,400419
166,7244.754985,402853
167,7244.754985,405273
168,7244.754985,407699
169,7244.754985,410130
170,7244.754985,412546
171,7244.754985,414953
172,7244.754985,417362
173,7244.754985,419775
174,7244.754985,422201
175,7244.754985,424621
176,7244.754985,427035
177,7244.754985,429453
178,7244.754985,431869
179,7244.754985,434282
180,7244.754985,436701
181,7244.754985,439110
182,7244.754985,441524
183,7244.754985,443945
184,7244.754985,446362
185,7244.754985,448777
186,7244.754985,451196
187,7244.754985,453620
188,7244.754985,456040
189,7244.754985,458452
190,7244.754985,460880
191,7244.754985,463310
192,7244.754985,465725
193,7244.754985,468145
194,7244.754985,470573
195,7244.754985,472996
196,7244.754985,475419
197,7244.754985,477851
198,7244.754985,480278
199,7244.754985,482703
200,7244.754985,485119
201,7244.754985,487534
202,7244.754985,489947
203,7244.754985,492372
204,7244.754985,494794
205,7244.754985,497212
206,7244.754985,499641
207,7244.754985,502070
208,7244.754985,504488
209,7244.754985,506911
210,7244.754985,509336
211,7244.754985,511758
212,7244.754985,514174
213,7244.754985,516590
214,7244.754985,519014
215,7244.754985,521441
216,7244.754985,523872
217,7244.754985,526303
218,7244.754985,528737
219,7244.754985,531181
220,7244.754985,533618
221,7244.754985,536051
222,7244.754985,538480
223,7244.754985,540898
224,7244.754985,543315
225,7244.754985,545731
226,7244.754985,548162
227,7244.754985,550592
228,7244.754985,553020
229,7244.754985,555444
230,7244.754985,557878
231,7244.754985,560304
232,7244.754985,562725
233,7244.754985,565134
234,7244.754985,567547
235,7244.754985,569958
236,7244.754985,572377
237,7244.754985,574806
238,7244.754985,577223
239,7244.754985,579642
240,7244.754985,582057
241,7244.754985,584479
242,7244.754985,586892
243,7244.754985,589317
244,7244.754985,591754
245,7244.754985,594183
246,7244.754985,596617
247,7244.754985,599040
248,7244.754985,601463
249,7244.754985,603883
250,7244.754985,606310
251,7244.754985,608737
252,7244.754985,611153
253,7244.754985,613570
254,7244.754985,615986
255,7244.754985,618412
256,7244.754985,620837
257,7244.754985,623273
258,7244.754985,625689
259,7244.754985,628101
260,7244.754985,630510
261,7244.754985,632929
262,7244.754985,635358
263,7244.754985,637786
264,7244.754985,640211
265,7244.754985,642641
266,7244.754985,645060
267,7244.754985,647493
268,7244.754985,649919
269,7244.754985,652337
270,7244.754985,654758
271,7244.754985,657186
272,7244.754985,659614
273,7244.754985,662042
274,7244.754985,664466
275,7244.754985,666882
276,7244.754985,669298
277,7244.754985,671716
278,7244.754985,674133
279,7244.754985,676552
280,7244.754985,678971
281,7244.754985,681388
282,7244.754985,683810
283,7244.754985,686222
284,7244.754985,688638
285,7244.754985,691050
286,7244.754985,693456
287,7244.754985,695866
288,7244.754985,698286
289,7244.754985,700706
290,7244.754985,703132
291,7244.754985,705545
292,7244.754985,707952
293,7244.754985,710364
294,7244.754985,712786
295,7244.754985,715209
296,7244.754985,717630
297,7244.754985,720045
298,7244.754985,722455
299,7244.754985,724874
7244.754985,1.851856
