1,5544.342969,2376
2,5544.342969,5041
3,5542.425736,7706
4,5542.182136,10371
5,5542.182136,13034
6,5542.182136,15699
7,5542.182136,18363
8,5542.182136,21028
9,5542.182136,23691
10,5542.182136,26356
11,5542.182136,29020
12,5542.182136,31683
13,5542.178395,34345
14,5542.178395,37009
15,5542.178395,39674
16,5542.140198,42336
17,5542.140198,44998
18,5542.140198,47662
19,5542.140198,50325
20,5542.140198,52989
21,5542.140198,55650
22,5542.072571,58313
23,5542.072571,60975
24,5542.072571,63638
25,5542.072571,66303
26,5542.072571,68968
27,5542.072571,71631
28,5542.072571,74295
29,5542.072571,76958
30,5542.072571,79623
31,5542.072571,82287
32,5542.072571,84950
33,5542.072571,87615
34,5542.072571,90279
35,5542.072571,92944
36,5542.072571,95607
37,5541.843181,98269
38,5541.843181,100930
39,5541.843181,103590
40,5541.843181,106248
41,5541.843181,108907
42,5541.843181,111562
43,5541.843181,114218
44,5541.843181,116868
45,5541.843181,119528
46,5541.843181,122189
47,5541.843181,124851
48,5541.843181,127509
49,5541.843181,130172
50,5541.843181,132834
51,5541.843181,135497
52,5541.843181,138160
53,5541.843181,140822
54,5541.843181,143483
55,5541.843181,146145
56,5541.843181,148804
57,5541.843181,151467
58,5541.843181,154128
59,5541.843181,156791
60,5541.843181,159453
61,5541.843181,162118
62,5541.843181,164782
63,5541.843181,167446
64,5541.843181,170108
65,5541.843181,172766
66,5541.843181,175426
67,5541.843181,178088
68,5541.843181,180746
69,5541.843181,183404
70,5541.843181,186066
71,5541.843181,188727
72,5541.843181,191386
73,5541.843181,194047
74,5541.843181,196706
75,5541.843181,199368
76,5541.843181,202030
77,5541.843181,204694
78,5541.843181,207356
79,5541.843181,210013
80,5541.843181,212673
81,5541.843181,215334
82,5541.843181,217996
83,5541.843181,220656
84,5541.843181,223314
85,5541.843181,225975
86,5541.843181,228635
87,5541.843181,231292
88,5541.843181,233954
89,5541.843181,236614
90,5541.843181,239274
91,5541.843181,241931
92,5541.843181,244591
93,5541.843181,247254
94,5541.647565,249911
95,5541.647565,252566
96,5541.647565,255222
97,5541.647565,257877
98,5541.647565,260525
99,5541.647565,263175
100,5541.647565,265818
101,5541.647565,268465
102,5541.647565,271110
103,5541.647565,273751
104,5541.647565,276388
105,5541.647565,279029
106,5541.647565,281673
107,5541.647565,284316
108,5541.647565,286961
109,5541.647565,289615
110,5541.647565,292265
111,5541.647565,294907
112,5541.647565,297549
113,5541.647565,300182
114,5541.647565,302825
115,5541.647565,305469
116,5541.647565,308109
117,5541.647565,310753
118,5541.647565,313395
119,5541.647565,316025
120,5541.647565,318664
121,5541.647565,321308
122,5541.647565,323947
123,5541.647565,326593
124,5541.647565,329236
125,5541.647565,331864
126,5541.647565,334500
127,5541.647565,337141
128,5541.647565,339777
129,5541.647565,342416
130,5541.647565,345051
131,5541.647565,347686
132,5541.647565,350323
133,5541.643141,352969
134,5541.643141,355619
135,5541.643141,358267
136,5541.643141,360905
137,5541.643141,363559
138,5541.643141,366199
139,5541.643141,368835
140,5541.643141,371472
141,5541.643141,374119
142,5541.643141,376765
143,5541.643141,379394
144,5541.643141,382037
145,5541.643141,384676
146,5541.643141,387322
147,5541.643141,389959
148,5541.643141,392601
149,5541.643141,395248
150,5541.643141,397889
151,5541.643141,400532
152,5541.643141,403179
153,5541.643141,405829
154,5541.643141,408474
155,5541.643141,411123
156,5541.643141,413769
157,5541.643141,416422
158,5541.643141,419069
159,5541.643141,421712
160,5541.643141,424357
161,5541.643141,427007
162,5541.643141,429650
163,5541.643141,432288
164,5541.643141,434928
165,5541.643141,437554
166,5541.643141,440185
167,5541.643141,442813
168,5541.643141,445436
169,5541.643141,448054
170,5541.643141,450665
171,5541.643141,453279
172,5541.643141,455905
173,5541.643141,458526
174,5541.643141,461140
175,5541.643141,463761
176,5541.643141,466361
177,5541.643141,468984
178,5541.643141,471615
179,5541.643141,474253
180,5541.643141,476878
181,5541.643141,479509
182,5541.643141,482133
183,5541.643141,484757
184,5541.643141,487380
185,5541.643141,489998
186,5541.643141,492615
187,5541.643141,495226
188,5541.643141,497829
189,5541.643141,500443
190,5541.643141,503058
191,5541.643141,505673
192,5541.643141,508286
193,5541.643141,510896
194,5541.643141,513517
195,5541.643141,516142
196,5541.643141,518760
197,5541.643141,521387
198,5541.643141,524017
199,5541.643141,526646
200,5541.643141,529289
201,5541.643141,531927
202,5541.643141,534560
203,5541.643141,537204
204,5541.643141,539853
205,5541.643141,542488
206,5541.643141,545131
207,5541.643141,547775
208,5541.643141,550418
209,5541.643141,553059
210,5541.643141,555694
211,5541.643141,558319
212,5541.643141,560954
213,5541.643141,563601
214,5541.643141,566240
215,5541.643141,568898
216,5541.643141,571543
217,5541.643141,574185
218,5541.643141,576837
219,5541.643141,579475
220,5541.643141,582117
221,5541.643141,584763
222,5541.643141,587405
223,5541.643141,590040
224,5541.643141,592657
225,5541.643141,595301
226,5541.643141,597950
227,5541.643141,600578
228,5541.643141,603202
229,5541.643141,605842
230,5541.643141,608476
231,5541.643141,611111
232,5541.643141,613751
233,5541.643141,616370
234,5541.643141,618991
235,5541.643141,621614
236,5541.643141,624235
237,5541.643141,626860
238,5541.643141,629492
239,5541.643141,632123
240,5541.643141,634750
241,5541.643141,637387
242,5541.643141,640018
243,5541.643141,642656
244,5541.643141,645280
245,5541.643141,647910
246,5541.643141,650529
247,5541.643141,653155
248,5541.643141,655786
249,5541.643141,658413
250,5541.643141,661036
251,5541.643141,663663
252,5541.643141,666286
253,5541.643141,668908
254,5541.643141,671538
255,5541.643141,674157
256,5541.643141,676776
257,5541.643141,679394
258,5541.643141,682006
259,5541.643141,684620
260,5541.643141,687233
261,5541.643141,689849
262,5541.643141,692478
263,5541.643141,695111
264,5541.643141,697739
265,5541.643141,700354
266,5541.643141,702984
267,5541.643141,705604
268,5541.643141,708224
269,5541.643141,710840
270,5541.643141,713448
271,5541.643141,716056
272,5541.643141,718680
273,5541.643141,721303
274,5541.643141,723933
275,5541.643141,726555
276,5541.643141,729158
277,5541.643141,731782
278,5541.643141,734400
279,5541.643141,737008
280,5541.643141,739628
281,5541.643141,742249
282,5541.643141,744871
5541.643141,3.755091
1,5543.243651,2376
2,5543.243651,5016
3,5542.411217,7656
4,5542.375446,10296
5,5542.375446,12936
6,5542.375446,15573
7,5542.319154,18213
8,5542.182136,20851
9,5542.182136,23489
10,5542.182136,26129
11,5542.182136,28769
12,5542.182136,31409
13,5542.182136,34048
14,5542.178395,36687
15,5542.178395,39326
16,5542.178395,41965
17,5542.178395,44603
18,5542.178395,47242
19,5542.177402,49881
20,5542.177402,52520
21,5541.979841,55157
22,5541.979841,57796
23,5541.979841,60434
24,5541.979841,63071
25,5541.979841,65710
26,5541.979841,68348
27,5541.979841,70987
28,5541.979841,73627
29,5541.979841,76265
30,5541.830576,78905
31,5541.830576,81544
32,5541.830576,84183
33,5541.830576,86821
34,5541.830576,89460
35,5541.830576,92096
36,5541.830576,94735
37,5541.830576,97375
38,5541.830576,100013
39,5541.830576,102652
40,5541.829390,105290
41,5541.829390,107927
42,5541.829390,110563
43,5541.829390,113200
44,5541.829390,115837
45,5541.829390,118474
46,5541.796107,121111
47,5541.796107,123749
48,5541.796107,126388
49,5541.796107,129023
50,5541.796107,131660
51,5541.796107,134291
52,5541.796107,136922
53,5541.796107,139550
54,5541.796107,142183
55,5541.796107,144823
56,5541.796107,147453
57,5541.796107,150083
58,5541.796107,152715
59,5541.796107,155341
60,5541.796107,157974
61,5541.796107,160605
62,5541.796107,163239
63,5541.796107,165874
64,5541.796107,168507
65,5541.796107,171138
66,5541.796107,173768
67,5541.735094,176395
68,5541.735094,179020
69,5541.735094,181649
70,5541.735094,184265
71,5541.735094,186878
72,5541.735094,189497
73,5541.735094,192114
74,5541.735094,194726
75,5541.735094,197334
76,5541.735094,199955
77,5541.735094,202584
78,5541.735094,205209
79,5541.735094,207828
80,5541.735094,210455
81,5541.735094,213085
82,5541.700558,215714
83,5541.700558,218344
84,5541.700558,220976
85,5541.700558,223603
86,5541.700558,226229
87,5541.700558,228857
88,5541.700558,231481
89,5541.700558,234115
90,5541.700558,236747
91,5541.700558,239374
92,5541.700558,241992
93,5541.700558,244610
94,5541.700558,247220
95,5541.700558,249845
96,5541.700558,252466
97,5541.647565,255080
98,5541.647565,257697
99,5541.647565,260310
100,5541.647565,262930
101,5541.647565,265560
102,5541.647565,268185
103,5541.647565,270801
104,5541.647565,273428
105,5541.647565,276045
106,5541.647565,278670
107,5541.647565,281293
108,5541.647565,283914
109,5541.647565,286535
110,5541.647565,289159
111,5541.647565,291775
112,5541.647565,294399
113,5541.647565,297023
114,5541.647565,299635
115,5541.647565,302250
116,5541.647565,304866
117,5541.647565,307486
118,5541.647565,310098
119,5541.647565,312719
120,5541.647565,315340
121,5541.647565,317963
122,5541.647565,320571
123,5541.647565,323176
124,5541.647565,325786
125,5541.647565,328402
126,5541.647565,331000
127,5541.647565,333612
128,5541.647565,336227
129,5541.647565,338851
130,5541.647565,341482
131,5541.647565,344101
132,5541.647565,346719
133,5541.647565,349341
134,5541.647565,351959
135,5541.647565,354580
136,5541.647565,357195
137,5541.647565,359797
138,5541.647565,362404
139,5541.647565,365023
140,5541.647565,367641
141,5541.647565,370258
142,5541.647565,372875
143,5541.647565,375493
144,5541.647565,378116
145,5541.647565,380743
146,5541.647565,383360
147,5541.647565,385969
148,5541.647565,388574
149,5541.647565,391192
150,5541.647565,393797
151,5541.647565,396419
152,5541.647565,399040
153,5541.647565,401658
154,5541.647565,404271
155,5541.647565,406888
156,5541.647565,409509
157,5541.647565,412121
158,5541.647565,414740
159,5541.647565,417353
160,5541.647565,419969
161,5541.647565,422594
162,5541.647565,425214
163,5541.647565,427828
164,5541.647565,430441
165,5541.647565,433058
166,5541.647565,435671
167,5541.647565,438285
168,5541.647565,440899
169,5541.647565,443515
170,5541.647565,446133
171,5541.647565,448750
172,5541.647565,451379
173,5541.647565,453997
174,5541.647565,456614
175,5541.647565,459226
176,5541.647565,461850
177,5541.647565,464466
178,5541.647565,467078
179,5541.647565,469698
180,5541.647565,472319
181,5541.647565,474936
182,5541.647565,477559
183,5541.647565,480164
184,5541.647565,482764
185,5541.647565,485350
186,5541.647565,487952
187,5541.647565,490549
188,5541.647565,493150
189,5541.647565,495755
190,5541.647565,498361
191,5541.647565,500973
192,5541.647565,503572
193,5541.647565,506172
194,5541.647565,508779
195,5541.647565,511384
196,5541.647565,513997
197,5541.647565,516610
198,5541.647565,519233
199,5541.647565,521848
200,5541.647565,524456
201,5541.647565,527070
202,5541.647565,529672
203,5541.647565,532278
204,5541.647565,534883
205,5541.647565,537492
206,5541.647565,540104
207,5541.647565,542716
208,5541.647565,545323
209,5541.647565,547932
210,5541.647565,550539
211,5541.647565,553145
212,5541.647565,555746
213,5541.647565,558342
214,5541.647565,560938
215,5541.647565,563531
216,5541.647565,566132
217,5541.647565,568739
218,5541.647565,571351
219,5541.647565,573960
220,5541.647565,576553
221,5541.647565,579139
222,5541.647565,581717
223,5541.647565,584292
224,5541.647565,586877
225,5541.647565,589464
226,5541.647565,592062
227,5541.647565,594642
228,5541.647565,597224
229,5541.647565,599809
230,5541.647565,602387
231,5541.647565,604971
232,5541.647565,607565
233,5541.647565,610154
234,5541.647565,612745
235,5541.647565,615316
236,5541.647565,617904
237,5541.647565,620495
238,5541.647565,623081
239,5541.647565,625670
240,5541.647565,628246
241,5541.647565,630831
242,5541.647565,633419
243,5541.647565,636011
244,5541.647565,638615
245,5541.647565,641213
246,5541.647565,643810
247,5541.647565,646399
248,5541.647565,648976
249,5541.647565,651558
250,5541.647565,654155
251,5541.647565,656731
252,5541.647565,659316
253,5541.647565,661912
254,5541.647565,664505
255,5541.647565,667093
256,5541.647565,669673
257,5541.647565,672257
258,5541.647565,674846
259,5541.647565,677433
260,5541.647565,680031
261,5541.647565,682617
262,5541.647565,685202
263,5541.647565,687787
264,5541.647565,690372
265,5541.647565,692970
266,5541.647565,695562
267,5541.647565,698171
268,5541.647565,700784
269,5541.647565,703386
270,5541.647565,705980
271,5541.647565,708575
272,5541.647565,711189
273,5541.647565,713812
274,5541.647565,716421
275,5541.647565,719032
276,5541.647565,721636
277,5541.647565,724244
278,5541.647565,726868
279,5541.647565,729487
280,5541.647565,732089
281,5541.647565,734687
282,5541.647565,737288
283,5541.647565,739893
284,5541.647565,742507
285,5541.647565,745124
5541.647565,3.821877
1,5544.939640,2376
2,5543.753028,5037
3,5542.492112,7698
4,5542.182136,10358
5,5542.182136,13019
6,5542.182136,15678
7,5542.182136,18337
8,5542.182136,20998
9,5542.182136,23659
10,5542.178395,26317
11,5542.178395,28978
12,5542.178395,31638
13,5542.140198,34298
14,5542.099083,36959
15,5542.099083,39620
16,5542.099083,42277
17,5542.099083,44936
18,5542.099083,47596
19,5542.099083,50256
20,5542.099083,52917
21,5542.099083,55576
22,5542.099083,58235
23,5542.099083,60894
24,5542.099083,63552
25,5542.099083,66211
26,5542.082500,68871
27,5542.082500,71529
28,5542.082500,74188
29,5542.014733,76846
30,5542.014733,79506
31,5542.014733,82165
32,5541.829390,84824
33,5541.829390,87477
34,5541.829390,90137
35,5541.829390,92797
36,5541.829390,95456
37,5541.829390,98114
38,5541.829390,100772
39,5541.829390,103428
40,5541.829390,106085
41,5541.829390,108731
42,5541.829390,111386
43,5541.829390,114045
44,5541.829390,116694
45,5541.829390,119342
46,5541.829390,121989
47,5541.829390,124638
48,5541.829390,127288
49,5541.829390,129938
50,5541.735262,132582
51,5541.735262,135228
52,5541.735262,137888
53,5541.735262,140541
54,5541.735262,143186
55,5541.735262,145827
56,5541.735262,148466
57,5541.735262,151105
58,5541.735262,153742
59,5541.735262,156378
60,5541.735262,159001
61,5541.735262,161631
62,5541.647565,164253
63,5541.647565,166866
64,5541.647565,169488
65,5541.647565,172128
66,5541.647565,174776
67,5541.647565,177417
68,5541.647565,180056
69,5541.647565,182705
70,5541.647565,185353
71,5541.647565,187998
72,5541.647565,190651
73,5541.647565,193307
74,5541.647565,195952
75,5541.647565,198598
76,5541.647565,201250
77,5541.647565,203901
78,5541.647565,206549
79,5541.647565,209194
80,5541.647565,211851
81,5541.647565,214499
82,5541.647565,217144
83,5541.647565,219778
84,5541.647565,222398
85,5541.647565,225025
86,5541.647565,227654
87,5541.647565,230282
88,5541.647565,232912
89,5541.647565,235550
90,5541.647565,238186
91,5541.647565,240815
92,5541.647565,243451
93,5541.647565,246102
94,5541.647565,248749
95,5541.647565,251378
96,5541.647565,253996
97,5541.647565,256626
98,5541.647565,259254
99,5541.647565,261867
100,5541.647565,264489
101,5541.647565,267111
102,5541.647565,269730
103,5541.647565,272349
104,5541.647565,274991
105,5541.647565,277619
106,5541.647565,280251
107,5541.647565,282880
108,5541.647565,285515
109,5541.647565,288153
110,5541.647565,290786
111,5541.647565,293411
112,5541.647565,296042
113,5541.647565,298651
114,5541.647565,301269
115,5541.647565,303876
116,5541.647565,306480
117,5541.647565,309089
118,5541.647565,311699
119,5541.647565,314304
120,5541.647565,316914
121,5541.647565,319540
122,5541.647565,322165
123,5541.647565,324801
124,5541.643141,327431
125,5541.643141,330080
126,5541.643141,332718
127,5541.643141,335345
128,5541.643141,337962
129,5541.643141,340597
130,5541.643141,343245
131,5541.643141,345883
132,5541.643141,348521
133,5541.643141,351151
134,5541.643141,353781
135,5541.643141,356409
136,5541.643141,359036
137,5541.643141,361651
138,5541.643141,364263
139,5541.643141,366888
140,5541.643141,369511
141,5541.643141,372122
142,5541.643141,374748
143,5541.643141,377378
144,5541.643141,380005
145,5541.643141,382627
146,5541.643141,385249
147,5541.643141,387862
148,5541.643141,390486
149,5541.643141,393111
150,5541.643141,395731
151,5541.643141,398341
152,5541.643141,400964
153,5541.643141,403588
154,5541.643141,406214
155,5541.643141,408844
156,5541.643141,411480
157,5541.643141,414113
158,5541.643141,416740
159,5541.643141,419362
160,5541.643141,421988
161,5541.643141,424615
162,5541.643141,427245
163,5541.643141,429869
164,5541.643141,432488
165,5541.643141,435112
166,5541.643141,437730
167,5541.643141,440357
168,5541.643141,442985
169,5541.643141,445604
170,5541.643141,448229
171,5541.643141,450858
172,5541.643141,453489
173,5541.643141,456112
174,5541.643141,458742
175,5541.643141,461378
176,5541.643141,464002
177,5541.643141,466611
178,5541.643141,469253
179,5541.643141,471890
180,5541.643141,474527
181,5541.643141,477170
182,5541.643141,479818
183,5541.643141,482462
184,5541.643141,485091
185,5541.643141,487729
186,5541.643141,490359
187,5541.643141,492990
188,5541.643141,495615
189,5541.643141,498249
190,5541.643141,500880
191,5541.643141,503496
192,5541.643141,506115
193,5541.643141,508727
194,5541.643141,511338
195,5541.643141,513951
196,5541.643141,516590
197,5541.643141,519224
198,5541.643141,521858
199,5541.643141,524498
200,5541.643141,527134
201,5541.643141,529764
202,5541.643141,532391
203,5541.643141,535013
204,5541.643141,537653
205,5541.643141,540292
206,5541.643141,542924
207,5541.643141,545567
208,5541.643141,548216
209,5541.643141,550858
210,5541.643141,553502
211,5541.643141,556146
212,5541.643141,558790
213,5541.643141,561423
214,5541.643141,564059
215,5541.643141,566695
216,5541.643141,569316
217,5541.643141,571950
218,5541.643141,574585
219,5541.643141,577213
220,5541.643141,579834
221,5541.643141,582461
222,5541.643141,585061
223,5541.643141,587677
224,5541.643141,590306
225,5541.643141,592926
226,5541.643141,595547
227,5541.643141,598159
228,5541.643141,600788
229,5541.643141,603414
230,5541.643141,606018
231,5541.643141,608645
232,5541.643141,611259
233,5541.643141,613876
234,5541.643141,616497
235,5541.643141,619116
236,5541.643141,621740
237,5541.643141,624375
238,5541.643141,627002
239,5541.643141,629635
240,5541.643141,632258
241,5541.643141,634886
242,5541.643141,637506
243,5541.643141,640135
244,5541.643141,642768
245,5541.643141,645404
246,5541.643141,648042
247,5541.643141,650675
248,5541.643141,653311
249,5541.643141,655940
250,5541.643141,658575
251,5541.643141,661212
252,5541.643141,663845
253,5541.643141,666491
254,5541.643141,669121
255,5541.643141,671742
256,5541.643141,674359
257,5541.643141,676987
258,5541.643141,679608
259,5541.643141,682238
260,5541.643141,684867
261,5541.643141,687502
262,5541.643141,690135
263,5541.643141,692765
264,5541.643141,695408
265,5541.643141,698045
266,5541.643141,700687
267,5541.643141,703332
268,5541.643141,705968
269,5541.643141,708607
270,5541.643141,711250
271,5541.643141,713899
272,5541.643141,716538
273,5541.643141,719180
274,5541.643141,721820
275,5541.643141,724446
276,5541.643141,727067
277,5541.643141,729692
278,5541.643141,732322
279,5541.643141,734950
280,5541.643141,737580
281,5541.643141,740213
282,5541.643141,742856
283,5541.643141,745495
5541.643141,3.754361
1,5545.049749,2376
2,5545.049749,5034
3,5542.439890,7692
4,5542.182136,10350
5,5542.182136,13007
6,5542.182136,15665
7,5542.182136,18321
8,5542.182136,20978
9,5542.178395,23634
10,5542.178395,26292
11,5542.178395,28949
12,5542.178395,31605
13,5542.178395,34262
14,5542.178395,36918
15,5542.178395,39576
16,5542.178395,42234
17,5542.178395,44890
18,5542.178395,47547
19,5542.178395,50202
20,5542.178395,52858
21,5542.178395,55515
22,5542.178395,58173
23,5542.178395,60831
24,5542.178395,63488
25,5542.178395,66146
26,5542.178395,68803
27,5542.178395,71461
28,5542.178395,74118
29,5542.178395,76769
30,5542.006459,79424
31,5542.006459,82080
32,5542.006459,84735
33,5541.832635,87388
34,5541.832635,90039
35,5541.832635,92695
36,5541.832635,95346
37,5541.832635,97993
38,5541.832635,100645
39,5541.832635,103301
40,5541.832635,105952
41,5541.832635,108607
42,5541.832635,111261
43,5541.832635,113913
44,5541.832635,116559
45,5541.832635,119211
46,5541.832635,121865
47,5541.832635,124517
48,5541.832635,127165
49,5541.832635,129814
50,5541.832635,132470
51,5541.832635,135125
52,5541.832635,137776
53,5541.832635,140425
54,5541.832635,143081
55,5541.832635,145733
56,5541.832635,148384
57,5541.832635,151039
58,5541.832635,153680
59,5541.832635,156322
60,5541.832635,158965
61,5541.832635,161610
62,5541.832635,164249
63,5541.832635,166885
64,5541.832635,169523
65,5541.832635,172159
66,5541.832635,174795
67,5541.832635,177439
68,5541.832635,180092
69,5541.832635,182740
70,5541.832635,185390
71,5541.832635,188041
72,5541.832635,190694
73,5541.832635,193345
74,5541.832635,195992
75,5541.832635,198641
76,5541.832635,201290
77,5541.832635,203940
78,5541.832635,206580
79,5541.832635,209223
80,5541.832635,211868
81,5541.832635,214509
82,5541.832635,217152
83,5541.832635,219789
84,5541.832635,222435
85,5541.832635,225078
86,5541.832635,227714
87,5541.832635,230358
88,5541.832635,232999
89,5541.832635,235645
90,5541.832635,238293
91,5541.832635,240939
92,5541.832635,243587
93,5541.832635,246223
94,5541.832635,248870
95,5541.832635,251519
96,5541.832635,254158
97,5541.832635,256788
98,5541.832635,259418
99,5541.832635,262062
100,5541.832635,264704
101,5541.832635,267350
102,5541.832635,269978
103,5541.832635,272625
104,5541.832635,275259
105,5541.832635,277894
106,5541.832635,280524
107,5541.832635,283157
108,5541.832635,285783
109,5541.832635,288407
110,5541.832635,291044
111,5541.832635,293681
112,5541.832635,296306
113,5541.832635,298938
114,5541.832635,301565
115,5541.832635,304200
116,5541.832635,306831
117,5541.832635,309464
118,5541.832635,312094
119,5541.832635,314727
120,5541.832635,317371
121,5541.832635,320005
122,5541.679102,322640
123,5541.679102,325272
124,5541.679102,327905
125,5541.679102,330552
126,5541.679102,333201
127,5541.679102,335855
128,5541.679102,338496
129,5541.679102,341138
130,5541.679102,343772
131,5541.679102,346412
132,5541.679102,349058
133,5541.679102,351698
134,5541.679102,354339
135,5541.679102,356976
136,5541.679102,359607
137,5541.679102,362245
138,5541.679102,364883
139,5541.679102,367525
140,5541.679102,370170
141,5541.679102,372811
142,5541.679102,375441
143,5541.679102,378082
144,5541.679102,380721
145,5541.679102,383356
146,5541.679102,385983
147,5541.679102,388615
148,5541.679102,391252
149,5541.679102,393884
150,5541.679102,396511
151,5541.679102,399136
152,5541.679102,401761
153,5541.679102,404380
154,5541.679102,406997
155,5541.679102,409628
156,5541.679102,412261
157,5541.679102,414896
158,5541.679102,417526
159,5541.679102,420161
160,5541.679102,422791
161,5541.679102,425423
162,5541.679102,428052
163,5541.679102,430687
164,5541.679102,433321
165,5541.679102,435956
166,5541.679102,438585
167,5541.679102,441220
168,5541.679102,443849
169,5541.679102,446479
170,5541.679102,449118
171,5541.679102,451754
172,5541.679102,454390
173,5541.679102,457017
174,5541.679102,459644
175,5541.679102,462287
176,5541.679102,464922
177,5541.679102,467559
178,5541.679102,470205
179,5541.679102,472852
180,5541.679102,475498
181,5541.679102,478140
182,5541.679102,480776
183,5541.679102,483419
184,5541.679102,486055
185,5541.679102,488696
186,5541.679102,491343
187,5541.679102,493980
188,5541.679102,496613
189,5541.679102,499250
190,5541.679102,501886
191,5541.679102,504516
192,5541.679102,507147
193,5541.679102,509776
194,5541.679102,512405
195,5541.679102,515027
196,5541.679102,517650
197,5541.679102,520277
198,5541.679102,522898
199,5541.679102,525535
200,5541.679102,528167
201,5541.679102,530806
202,5541.679102,533449
203,5541.679102,536093
204,5541.679102,538736
205,5541.679102,541374
206,5541.679102,544015
207,5541.679102,546647
208,5541.679102,549271
209,5541.679102,551889
210,5541.679102,554504
211,5541.679102,557119
212,5541.679102,559734
213,5541.679102,562347
214,5541.679102,564970
215,5541.679102,567604
216,5541.679102,570230
217,5541.679102,572854
218,5541.679102,575481
219,5541.679102,578116
220,5541.679102,580747
221,5541.679102,583375
222,5541.679102,586003
223,5541.679102,588645
224,5541.679102,591283
225,5541.679102,593915
226,5541.679102,596545
227,5541.679102,599168
228,5541.679102,601800
229,5541.679102,604437
230,5541.679102,607065
231,5541.679102,609690
232,5541.679102,612315
233,5541.679102,614945
234,5541.679102,617563
235,5541.679102,620195
236,5541.679102,622818
237,5541.679102,625432
238,5541.679102,628047
239,5541.679102,630663
240,5541.679102,633287
241,5541.679102,635905
242,5541.679102,638524
243,5541.679102,641150
244,5541.679102,643782
245,5541.679102,646404
246,5541.679102,649032
247,5541.679102,651652
248,5541.679102,654272
249,5541.679102,656894
250,5541.679102,659515
251,5541.679102,662130
252,5541.679102,664739
253,5541.679102,667352
254,5541.679102,669964
255,5541.679102,672588
256,5541.679102,675203
257,5541.679102,677813
258,5541.679102,680431
259,5541.679102,683053
260,5541.679102,685686
261,5541.679102,688320
262,5541.679102,690947
263,5541.679102,693592
264,5541.679102,696235
265,5541.679102,698873
266,5541.679102,701511
267,5541.679102,704140
268,5541.679102,706776
269,5541.679102,709415
270,5541.679102,712060
271,5541.679102,714703
272,5541.679102,717352
273,5541.679102,719996
274,5541.679102,722641
275,5541.679102,725285
276,5541.679102,727918
277,5541.679102,730550
278,5541.679102,733180
279,5541.679102,735806
280,5541.679102,738435
281,5541.679102,741071
282,5541.679102,743708
5541.679102,3.797982
1,5543.836083,2376
2,5543.836083,5000
3,5542.568720,7624
4,5542.376638,10248
5,5542.182136,12869
6,5542.182136,15493
7,5542.182136,18116
8,5542.182136,20740
9,5542.182136,23364
10,5542.178395,25984
11,5542.177402,28608
12,5542.177402,31230
13,5542.177402,33854
14,5542.177402,36477
15,5542.177402,39101
16,5542.177402,41725
17,5542.177402,44347
18,5542.177402,46970
19,5542.177402,49594
20,5542.177402,52218
21,5542.018616,54842
22,5542.018616,57465
23,5542.018616,60089
24,5542.018616,62712
25,5542.018616,65333
26,5542.018616,67957
27,5542.018616,70581
28,5542.018616,73197
29,5542.018616,75811
30,5542.018616,78433
31,5542.018616,81054
32,5542.018616,83676
33,5542.018616,86297
34,5542.018616,88919
35,5542.018616,91539
36,5541.829390,94158
37,5541.829390,96776
38,5541.829390,99400
39,5541.829390,102017
40,5541.829390,104635
41,5541.829390,107257
42,5541.829390,109874
43,5541.829390,112482
44,5541.829390,115085
45,5541.829390,117691
46,5541.829390,120291
47,5541.829390,122900
48,5541.829390,125505
49,5541.829390,128111
50,5541.829390,130727
51,5541.829390,133342
52,5541.829390,135952
53,5541.829390,138565
54,5541.829390,141177
55,5541.829390,143784
56,5541.829390,146390
57,5541.829390,148998
58,5541.829390,151611
59,5541.829390,154230
60,5541.829390,156842
61,5541.829390,159457
62,5541.829390,162075
63,5541.829390,164697
64,5541.829390,167318
65,5541.829390,169936
66,5541.829390,172548
67,5541.829390,175159
68,5541.829390,177770
69,5541.829390,180388
70,5541.829390,183004
71,5541.829390,185617
72,5541.829390,188230
73,5541.829390,190839
74,5541.829390,193449
75,5541.829390,196057
76,5541.829390,198670
77,5541.829390,201280
78,5541.829390,203889
79,5541.829390,206497
80,5541.829390,209107
81,5541.829390,211719
82,5541.829390,214338
83,5541.829390,216956
84,5541.829390,219558
85,5541.829390,222158
86,5541.829390,224768
87,5541.829390,227386
88,5541.829390,230007
89,5541.798213,232621
90,5541.798213,235234
91,5541.798213,237847
92,5541.798213,240470
93,5541.798213,243085
94,5541.798213,245699
95,5541.798213,248299
96,5541.798213,250901
97,5541.798213,253510
98,5541.798213,256124
99,5541.798213,258739
100,5541.798213,261345
101,5541.798213,263956
102,5541.798213,266561
103,5541.798213,269165
104,5541.798213,271773
105,5541.798213,274374
106,5541.798213,276975
107,5541.798213,279584
108,5541.798213,282195
109,5541.798213,284809
110,5541.798213,287421
111,5541.798213,290033
112,5541.798213,292647
113,5541.798213,295257
114,5541.798213,297862
115,5541.798213,300466
116,5541.798213,303074
117,5541.798213,305680
118,5541.798213,308295
119,5541.798213,310907
120,5541.798213,313513
121,5541.798213,316118
122,5541.798213,318714
123,5541.798213,321308
124,5541.798213,323913
125,5541.798213,326525
126,5541.798213,329133
127,5541.798213,331739
128,5541.798213,334351
129,5541.798213,336959
130,5541.798213,339560
131,5541.798213,342161
132,5541.735094,344767
133,5541.735094,347369
134,5541.735094,349977
135,5541.735094,352576
136,5541.735094,355173
137,5541.735094,357779
138,5541.735094,360376
139,5541.735094,362980
140,5541.735094,365590
141,5541.735094,368203
142,5541.735094,370807
143,5541.735094,373411
144,5541.735094,376021
145,5541.735094,378627
146,5541.735094,381220
147,5541.735094,383828
148,5541.735094,386425
149,5541.735094,389020
150,5541.735094,391629
151,5541.735094,394227
152,5541.735094,396822
153,5541.735094,399426
154,5541.735094,402036
155,5541.735094,404645
156,5541.735094,407249
157,5541.735094,409852
158,5541.735094,412449
159,5541.735094,415045
160,5541.735094,417636
161,5541.735094,420239
162,5541.735094,422836
163,5541.735094,425433
164,5541.735094,428036
165,5541.735094,430636
166,5541.735094,433234
167,5541.735094,435818
168,5541.735094,438399
169,5541.735094,440992
170,5541.735094,443583
171,5541.735094,446179
172,5541.735094,448772
173,5541.735094,451365
174,5541.735094,453958
175,5541.735094,456551
176,5541.735094,459146
177,5541.735094,461736
178,5541.735094,464327
179,5541.735094,466926
180,5541.735094,469501
181,5541.735094,472089
182,5541.735094,474675
183,5541.735094,477264
184,5541.735094,479850
185,5541.735094,482440
186,5541.735094,485035
187,5541.735094,487625
188,5541.735094,490218
189,5541.735094,492812
190,5541.735094,495423
191,5541.735094,498034
192,5541.735094,500645
193,5541.735094,503252
194,5541.735094,505856
195,5541.735094,508466
196,5541.735094,511064
197,5541.735094,513669
198,5541.735094,516278
199,5541.735094,518884
200,5541.735094,521489
201,5541.735094,524095
202,5541.735094,526709
203,5541.647565,529324
204,5541.647565,531929
205,5541.647565,534541
206,5541.647565,537132
207,5541.647565,539734
208,5541.647565,542344
209,5541.647565,544953
210,5541.647565,547560
211,5541.647565,550172
212,5541.647565,552781
213,5541.647565,555392
214,5541.647565,557991
215,5541.647565,560597
216,5541.647565,563199
217,5541.647565,565797
218,5541.647565,568401
219,5541.647565,571002
220,5541.647565,573607
221,5541.647565,576207
222,5541.647565,578808
223,5541.647565,581408
224,5541.647565,584007
225,5541.647565,586606
226,5541.647565,589198
227,5541.647565,591796
228,5541.647565,594394
229,5541.647565,596986
230,5541.647565,599572
231,5541.647565,602159
232,5541.647565,604734
233,5541.647565,607324
234,5541.647565,609917
235,5541.647565,612510
236,5541.647565,615101
237,5541.647565,617702
238,5541.647565,620321
239,5541.647565,622929
240,5541.647565,625536
241,5541.647565,628142
242,5541.647565,630750
243,5541.647565,633359
244,5541.647565,635967
245,5541.647565,638575
246,5541.647565,641180
247,5541.647565,643778
248,5541.647565,646371
249,5541.647565,648979
250,5541.647565,651583
251,5541.647565,654192
252,5541.647565,656786
253,5541.647565,659389
254,5541.647565,661987
255,5541.647565,664594
256,5541.647565,667193
257,5541.647565,669792
258,5541.647565,672388
259,5541.647565,674991
260,5541.647565,677590
261,5541.647565,680189
262,5541.647565,682790
263,5541.647565,685399
264,5541.647565,688007
265,5541.647565,690617
266,5541.647565,693231
267,5541.647565,695836
268,5541.647565,698440
269,5541.647565,701035
270,5541.643141,703648
271,5541.643141,706258
272,5541.643141,708871
273,5541.643141,711484
274,5541.643141,714091
275,5541.643141,716699
276,5541.643141,719291
277,5541.643141,721886
278,5541.643141,724484
279,5541.643141,727094
280,5541.643141,729699
281,5541.643141,732294
282,5541.643141,734890
283,5541.643141,737499
284,5541.643141,740106
285,5541.643141,742717
286,5541.643141,745325
5541.643141,3.853763
1,5543.869397,2376
2,5543.869397,5023
3,5542.445574,7670
4,5542.182136,10317
5,5542.182136,12963
6,5542.182136,15609
7,5542.182136,18255
8,5542.182136,20901
9,5542.182136,23547
10,5542.178395,26193
11,5542.178395,28840
12,5542.178395,31485
13,5542.178395,34132
14,5542.178395,36778
15,5542.178395,39424
16,5542.178395,42070
17,5542.178395,44717
18,5542.178395,47363
19,5542.140198,50009
20,5542.140198,52655
21,5542.140198,55300
22,5542.140198,57946
23,5542.140198,60592
24,5542.140198,63238
25,5542.126196,65884
26,5542.126196,68530
27,5542.126196,71175
28,5542.126196,73822
29,5542.126196,76467
30,5542.126196,79113
31,5542.126196,81758
32,5542.126196,84404
33,5542.014733,87050
34,5542.014733,89692
35,5542.014733,92338
36,5542.014733,94984
37,5542.014733,97629
38,5542.014733,100268
39,5542.014733,102905
40,5542.014733,105545
41,5542.014733,108183
42,5542.014733,110815
43,5542.014733,113453
44,5542.014733,116091
45,5542.014733,118729
46,5542.014733,121366
47,5542.014733,124005
48,5542.014733,126642
49,5542.014733,129285
50,5542.014733,131929
51,5542.014733,134576
52,5542.014733,137220
53,5542.014733,139864
54,5542.014733,142509
55,5541.754566,145149
56,5541.754566,147786
57,5541.754566,150423
58,5541.754566,153063
59,5541.754566,155706
60,5541.754566,158346
61,5541.754566,160984
62,5541.754566,163618
63,5541.754566,166251
64,5541.754566,168881
65,5541.754566,171511
66,5541.754566,174142
67,5541.754566,176769
68,5541.754566,179398
69,5541.754566,182019
70,5541.754566,184642
71,5541.754566,187271
72,5541.754566,189892
73,5541.754566,192511
74,5541.754566,195131
75,5541.754566,197754
76,5541.754566,200373
77,5541.754566,202998
78,5541.754566,205630
79,5541.754566,208269
80,5541.754566,210903
81,5541.754566,213536
82,5541.754566,216158
83,5541.754566,218793
84,5541.754566,221419
85,5541.754566,224049
86,5541.754566,226676
87,5541.754566,229311
88,5541.754566,231943
89,5541.754566,234575
90,5541.754566,237201
91,5541.754566,239832
92,5541.754566,242453
93,5541.754566,245067
94,5541.754566,247682
95,5541.754566,250301
96,5541.754566,252921
97,5541.754566,255544
98,5541.754566,258163
99,5541.754566,260783
100,5541.754566,263413
101,5541.754566,266042
102,5541.754566,268666
103,5541.754566,271285
104,5541.754566,273904
105,5541.754566,276523
106,5541.754566,279143
107,5541.754566,281761
108,5541.754566,284379
109,5541.754566,286994
110,5541.754566,289612
111,5541.754566,292233
112,5541.754566,294853
113,5541.754566,297479
114,5541.754566,300095
115,5541.754566,302717
116,5541.754566,305337
117,5541.754566,307949
118,5541.754566,310565
119,5541.754566,313188
120,5541.754566,315812
121,5541.754566,318428
122,5541.754566,321054
123,5541.754566,323673
124,5541.754566,326293
125,5541.754566,328899
126,5541.754566,331517
127,5541.754566,334129
128,5541.754566,336738
129,5541.754566,339359
130,5541.754566,341991
131,5541.754566,344609
132,5541.754566,347231
133,5541.754566,349861
134,5541.754566,352485
135,5541.754566,355113
136,5541.754566,357732
137,5541.754566,360343
138,5541.754566,362957
139,5541.754566,365573
140,5541.754566,368187
141,5541.754566,370804
142,5541.754566,373417
143,5541.754566,376040
144,5541.754566,378651
145,5541.754566,381273
146,5541.754566,383872
147,5541.754566,386483
148,5541.754566,389107
149,5541.754566,391719
150,5541.754566,394344
151,5541.754566,396971
152,5541.754566,399586
153,5541.754566,402214
154,5541.754566,404828
155,5541.754566,407443
156,5541.754566,410062
157,5541.754566,412681
158,5541.754566,415303
159,5541.754566,417915
160,5541.754566,420532
161,5541.754566,423152
162,5541.754566,425774
163,5541.754566,428396
164,5541.754566,431019
165,5541.754566,433637
166,5541.754566,436252
167,5541.754566,438867
168,5541.754566,441478
169,5541.754566,444077
170,5541.754566,446682
171,5541.754566,449292
172,5541.754566,451901
173,5541.754566,454511
174,5541.754566,457112
175,5541.754566,459731
176,5541.754566,462332
177,5541.754566,464943
178,5541.754566,467547
179,5541.754566,470161
180,5541.754566,472769
181,5541.754566,475371
182,5541.754566,477975
183,5541.754566,480579
184,5541.754566,483176
185,5541.754566,485770
186,5541.754566,488371
187,5541.754566,490964
188,5541.754566,493564
189,5541.754566,496172
190,5541.754566,498779
191,5541.754566,501386
192,5541.754566,504000
193,5541.754566,506614
194,5541.754566,509220
195,5541.754566,511831
196,5541.754566,514454
197,5541.754566,517069
198,5541.754566,519691
199,5541.754566,522293
200,5541.754566,524879
201,5541.754566,527479
202,5541.754566,530074
203,5541.754566,532689
204,5541.754566,535293
205,5541.754566,537907
206,5541.754566,540503
207,5541.754566,543102
208,5541.754566,545699
209,5541.754566,548312
210,5541.754566,550921
211,5541.754566,553531
212,5541.754566,556147
213,5541.754566,558756
214,5541.754566,561370
215,5541.754566,563991
216,5541.754566,566617
217,5541.754566,569238
218,5541.754566,571868
219,5541.754566,574488
220,5541.754566,577101
221,5541.754566,579706
222,5541.754566,582319
223,5541.754566,584934
224,5541.754566,587544
225,5541.754566,590160
226,5541.754566,592796
227,5541.754566,595424
228,5541.754566,598049
229,5541.754566,600679
230,5541.754566,603295
231,5541.754566,605922
232,5541.754566,608552
233,5541.754566,611181
234,5541.754566,613801
235,5541.754566,616416
236,5541.754566,619033
237,5541.754566,621660
238,5541.754566,624284
239,5541.754566,626906
240,5541.754566,629522
241,5541.754566,632140
242,5541.754566,634757
243,5541.754566,637373
244,5541.754566,639985
245,5541.754566,642589
246,5541.754566,645196
247,5541.754566,647802
248,5541.754566,650408
249,5541.754566,653022
250,5541.754566,655632
251,5541.754566,658241
252,5541.754566,660843
253,5541.754566,663453
254,5541.754566,666078
255,5541.754566,668697
256,5541.754566,671322
257,5541.754566,673944
258,5541.754566,676562
259,5541.754566,679186
260,5541.754566,681797
261,5541.754566,684409
262,5541.754566,687022
263,5541.754566,689645
264,5541.754566,692258
265,5541.754566,694869
266,5541.754566,697485
267,5541.754566,700092
268,5541.754566,702702
269,5541.754566,705313
270,5541.754566,707931
271,5541.754566,710547
272,5541.754566,713157
273,5541.754566,715765
274,5541.754566,718380
275,5541.754566,720991
276,5541.754566,723605
277,5541.754566,726221
278,5541.754566,728851
279,5541.754566,731479
280,5541.754566,734113
281,5541.754566,736737
282,5541.754566,739359
283,5541.754566,741975
284,5541.754566,744593
5541.754566,3.837561
1,5542.632458,2376
2,5542.457463,5001
3,5542.375446,7626
4,5542.178395,10251
5,5542.178395,12876
6,5542.045014,15501
7,5542.045014,18125
8,5542.045014,20750
9,5542.045014,23375
10,5542.045014,26000
11,5542.045014,28624
12,5542.045014,31247
13,5542.045014,33871
14,5542.036007,36494
15,5541.979841,39118
16,5541.979841,41741
17,5541.979841,44365
18,5541.979841,46990
19,5541.979841,49614
20,5541.979841,52238
21,5541.979841,54863
22,5541.979841,57488
23,5541.979841,60111
24,5541.979841,62734
25,5541.952028,65357
26,5541.952028,67980
27,5541.952028,70604
28,5541.952028,73228
29,5541.952028,75852
30,5541.952028,78474
31,5541.952028,81098
32,5541.952028,83723
33,5541.952028,86347
34,5541.952028,88970
35,5541.952028,91594
36,5541.952028,94217
37,5541.952028,96834
38,5541.952028,99454
39,5541.952028,102077
40,5541.952028,104690
41,5541.952028,107295
42,5541.952028,109895
43,5541.952028,112493
44,5541.952028,115111
45,5541.952028,117730
46,5541.952028,120344
47,5541.952028,122957
48,5541.829390,125569
49,5541.829390,128188
50,5541.829390,130800
51,5541.829390,133415
52,5541.829390,136034
53,5541.829390,138650
54,5541.829390,141273
55,5541.829390,143893
56,5541.829390,146505
57,5541.829390,149119
58,5541.829390,151736
59,5541.829390,154339
60,5541.829390,156944
61,5541.829390,159557
62,5541.829390,162165
63,5541.829390,164783
64,5541.829390,167399
65,5541.829390,170009
66,5541.829390,172619
67,5541.829390,175225
68,5541.829390,177830
69,5541.829390,180442
70,5541.829390,183048
71,5541.829390,185654
72,5541.829390,188256
73,5541.829390,190864
74,5541.829390,193469
75,5541.829390,196076
76,5541.829390,198685
77,5541.829390,201300
78,5541.829390,203912
79,5541.829390,206517
80,5541.829390,209120
81,5541.829390,211720
82,5541.829390,214329
83,5541.829390,216935
84,5541.829390,219540
85,5541.829390,222149
86,5541.829390,224755
87,5541.829390,227364
88,5541.829390,229971
89,5541.829390,232581
90,5541.829390,235183
91,5541.829390,237779
92,5541.829390,240381
93,5541.829390,242976
94,5541.829390,245573
95,5541.829390,248169
96,5541.829390,250763
97,5541.829390,253376
98,5541.829390,255977
99,5541.829390,258565
100,5541.829390,261156
101,5541.643141,263751
102,5541.643141,266352
103,5541.643141,268953
104,5541.643141,271558
105,5541.643141,274160
106,5541.643141,276759
107,5541.643141,279366
108,5541.643141,281973
109,5541.643141,284576
110,5541.643141,287180
111,5541.643141,289775
112,5541.643141,292362
113,5541.643141,294956
114,5541.643141,297558
115,5541.643141,300163
116,5541.643141,302763
117,5541.643141,305365
118,5541.643141,307962
119,5541.643141,310548
120,5541.643141,313145
121,5541.643141,315723
122,5541.643141,318309
123,5541.643141,320892
124,5541.643141,323472
125,5541.643141,326051
126,5541.643141,328630
127,5541.643141,331214
128,5541.643141,333799
129,5541.643141,336383
130,5541.643141,338971
131,5541.643141,341563
132,5541.643141,344153
133,5541.643141,346746
134,5541.643141,349336
135,5541.643141,351928
136,5541.643141,354508
137,5541.643141,357104
138,5541.643141,359691
139,5541.643141,362281
140,5541.643141,364874
141,5541.643141,367462
142,5541.643141,370045
143,5541.643141,372626
144,5541.643141,375212
145,5541.643141,377801
146,5541.643141,380403
147,5541.643141,383000
148,5541.643141,385596
149,5541.643141,388198
150,5541.643141,390813
151,5541.643141,393422
152,5541.643141,396030
153,5541.643141,398637
154,5541.643141,401247
155,5541.643141,403853
156,5541.643141,406466
157,5541.643141,409081
158,5541.643141,411691
159,5541.643141,414301
160,5541.643141,416902
161,5541.643141,419497
162,5541.643141,422106
163,5541.643141,424714
164,5541.643141,427317
165,5541.643141,429920
166,5541.643141,432519
167,5541.643141,435120
168,5541.643141,437730
169,5541.643141,440329
170,5541.643141,442923
171,5541.643141,445520
172,5541.643141,448114
173,5541.643141,450724
174,5541.643141,453315
175,5541.643141,455915
176,5541.643141,458533
177,5541.643141,461144
178,5541.643141,463739
179,5541.643141,466343
180,5541.643141,468942
181,5541.643141,471552
182,5541.643141,474156
183,5541.643141,476767
184,5541.643141,479373
185,5541.643141,481990
186,5541.643141,484597
187,5541.643141,487214
188,5541.643141,489824
189,5541.643141,492432
190,5541.643141,495036
191,5541.643141,497648
192,5541.643141,500261
193,5541.643141,502866
194,5541.643141,505478
195,5541.643141,508084
196,5541.643141,510688
197,5541.643141,513293
198,5541.643141,515896
199,5541.643141,518499
200,5541.643141,521105
201,5541.643141,523705
202,5541.643141,526315
203,5541.643141,528917
204,5541.643141,531524
205,5541.643141,534140
206,5541.643141,536747
207,5541.643141,539356
208,5541.643141,541970
209,5541.643141,544579
210,5541.643141,547193
211,5541.643141,549802
212,5541.643141,552411
213,5541.643141,555017
214,5541.643141,557624
215,5541.643141,560227
216,5541.643141,562837
217,5541.643141,565433
218,5541.643141,568029
219,5541.643141,570624
220,5541.643141,573221
221,5541.643141,575824
222,5541.643141,578438
223,5541.643141,581047
224,5541.643141,583646
225,5541.643141,586240
226,5541.643141,588840
227,5541.643141,591448
228,5541.643141,594043
229,5541.643141,596642
230,5541.643141,599240
231,5541.643141,601841
232,5541.643141,604440
233,5541.643141,607048
234,5541.643141,609642
235,5541.643141,612248
236,5541.643141,614853
237,5541.643141,617456
238,5541.643141,620058
239,5541.643141,622664
240,5541.643141,625265
241,5541.643141,627873
242,5541.643141,630480
243,5541.643141,633080
244,5541.643141,635674
245,5541.643141,638273
246,5541.643141,640865
247,5541.643141,643463
248,5541.643141,646067
249,5541.643141,648663
250,5541.643141,651266
251,5541.643141,653871
252,5541.643141,656468
253,5541.643141,659067
254,5541.643141,661667
255,5541.643141,664266
256,5541.643141,666857
257,5541.643141,669456
258,5541.643141,672050
259,5541.643141,674656
260,5541.643141,677260
261,5541.643141,679857
262,5541.643141,682462
263,5541.643141,685063
264,5541.643141,687662
265,5541.643141,690260
266,5541.643141,692858
267,5541.643141,695454
268,5541.643141,698056
269,5541.643141,700640
270,5541.643141,703238
271,5541.643141,705830
272,5541.643141,708434
273,5541.643141,711033
274,5541.643141,713621
275,5541.643141,716212
276,5541.643141,718800
277,5541.643141,721387
278,5541.643141,723980
279,5541.643141,726575
280,5541.643141,729170
281,5541.643141,731768
282,5541.643141,734357
283,5541.643141,736942
284,5541.643141,739539
285,5541.643141,742127
286,5541.643141,744720
5541.643141,3.819500
1,5544.217868,2376
2,5542.665482,5002
3,5542.380754,7628
4,5542.182136,10254
5,5542.182136,12880
6,5542.182136,15506
7,5542.182136,18132
8,5542.178395,20757
9,5542.178395,23383
10,5542.178395,26008
11,5542.133508,28632
12,5542.017875,31258
13,5542.017875,33882
14,5542.017875,36506
15,5542.017875,39131
16,5542.017875,41757
17,5542.017875,44382
18,5542.017875,47007
19,5542.017875,49633
20,5542.017875,52258
21,5542.017875,54884
22,5541.929235,57510
23,5541.929235,60135
24,5541.929235,62759
25,5541.929235,65384
26,5541.929235,68010
27,5541.929235,70634
28,5541.929235,73259
29,5541.929235,75884
30,5541.884584,78509
31,5541.884584,81134
32,5541.884584,83759
33,5541.884584,86383
34,5541.884584,89007
35,5541.884584,91630
36,5541.884584,94255
37,5541.884584,96873
38,5541.884584,99492
39,5541.884584,102109
40,5541.884584,104728
41,5541.884584,107353
42,5541.884584,109976
43,5541.884584,112595
44,5541.884584,115218
45,5541.884584,117842
46,5541.884584,120459
47,5541.884584,123070
48,5541.884584,125684
49,5541.884584,128290
50,5541.884584,130897
51,5541.884584,133498
52,5541.884584,136107
53,5541.884584,138720
54,5541.884584,141327
55,5541.875283,143944
56,5541.875283,146560
57,5541.875283,149180
58,5541.735262,151795
59,5541.735262,154410
60,5541.735262,157026
61,5541.735262,159647
62,5541.735262,162266
63,5541.735262,164883
64,5541.735262,167500
65,5541.735262,170113
66,5541.735262,172722
67,5541.735262,175331
68,5541.735262,177936
69,5541.735262,180542
70,5541.735262,183161
71,5541.735262,185781
72,5541.735262,188403
73,5541.735262,191021
74,5541.735262,193637
75,5541.735262,196259
76,5541.735262,198879
77,5541.735262,201494
78,5541.735262,204112
79,5541.735262,206732
80,5541.735262,209350
81,5541.735262,211970
82,5541.735262,214593
83,5541.735262,217205
84,5541.735262,219820
85,5541.735262,222437
86,5541.735262,225052
87,5541.735262,227670
88,5541.735262,230288
89,5541.735262,232898
90,5541.735262,235519
91,5541.735262,238144
92,5541.735262,240767
93,5541.735262,243388
94,5541.735262,246008
95,5541.735262,248631
96,5541.735262,251255
97,5541.735262,253879
98,5541.735262,256499
99,5541.735262,259118
100,5541.735262,261737
101,5541.735262,264361
102,5541.735262,266976
103,5541.735262,269594
104,5541.735262,272213
105,5541.735262,274836
106,5541.735262,277450
107,5541.735262,280058
108,5541.735262,282654
109,5541.735262,285267
110,5541.735262,287875
111,5541.735262,290493
112,5541.735262,293102
113,5541.735262,295715
114,5541.735262,298322
115,5541.735262,300933
116,5541.735262,303544
117,5541.735262,306156
118,5541.735262,308779
119,5541.735262,311389
120,5541.735262,314004
121,5541.735262,316621
122,5541.735262,319241
123,5541.735262,321866
124,5541.735262,324489
125,5541.735262,327106
126,5541.735262,329720
127,5541.735262,332337
128,5541.735262,334958
129,5541.735262,337577
130,5541.735262,340199
131,5541.735262,342816
132,5541.735262,345434
133,5541.735262,348047
134,5541.735262,350667
135,5541.735262,353286
136,5541.735262,355894
137,5541.735262,358513
138,5541.735262,361130
139,5541.735262,363744
140,5541.735262,366364
141,5541.735262,368974
142,5541.735262,371585
143,5541.735262,374193
144,5541.735262,376799
145,5541.735262,379406
146,5541.735262,382012
147,5541.735262,384624
148,5541.688575,387234
149,5541.688575,389844
150,5541.688575,392459
151,5541.688575,395075
152,5541.688575,397692
153,5541.688575,400302
154,5541.688575,402914
155,5541.688575,405529
156,5541.688575,408134
157,5541.688575,410742
158,5541.688575,413354
159,5541.688575,415966
160,5541.688575,418574
161,5541.688575,421170
162,5541.688575,423767
163,5541.688575,426374
164,5541.688575,428990
165,5541.688575,431603
166,5541.688575,434214
167,5541.688575,436832
168,5541.688575,439442
169,5541.643141,442049
170,5541.643141,444663
171,5541.643141,447276
172,5541.643141,449889
173,5541.643141,452503
174,5541.643141,455113
175,5541.643141,457727
176,5541.643141,460346
177,5541.643141,462969
178,5541.643141,465589
179,5541.643141,468205
180,5541.643141,470823
181,5541.643141,473440
182,5541.643141,476047
183,5541.643141,478645
184,5541.643141,481250
185,5541.643141,483853
186,5541.643141,486461
187,5541.643141,489057
188,5541.643141,491660
189,5541.643141,494265
190,5541.643141,496872
191,5541.643141,499481
192,5541.643141,502088
193,5541.643141,504697
194,5541.643141,507302
195,5541.643141,509903
196,5541.643141,512507
197,5541.643141,515114
198,5541.643141,517734
199,5541.643141,520345
200,5541.643141,522954
201,5541.643141,525566
202,5541.643141,528186
203,5541.643141,530801
204,5541.643141,533420
205,5541.643141,536038
206,5541.643141,538657
207,5541.643141,541275
208,5541.643141,543894
209,5541.643141,546508
210,5541.643141,549128
211,5541.643141,551743
212,5541.643141,554357
213,5541.643141,556976
214,5541.643141,559589
215,5541.643141,562206
216,5541.643141,564815
217,5541.643141,567418
218,5541.643141,570021
219,5541.643141,572637
220,5541.643141,575252
221,5541.643141,577862
222,5541.643141,580478
223,5541.643141,583088
224,5541.643141,585688
225,5541.643141,588291
226,5541.643141,590889
227,5541.643141,593488
228,5541.643141,596094
229,5541.643141,598700
230,5541.643141,601308
231,5541.643141,603908
232,5541.643141,606522
233,5541.643141,609129
234,5541.643141,611752
235,5541.643141,614369
236,5541.643141,616981
237,5541.643141,619592
238,5541.643141,622201
239,5541.643141,624809
240,5541.643141,627413
241,5541.643141,630013
242,5541.643141,632596
243,5541.643141,635190
244,5541.643141,637788
245,5541.643141,640388
246,5541.643141,642987
247,5541.643141,645574
248,5541.643141,648161
249,5541.643141,650752
250,5541.643141,653337
251,5541.643141,655939
252,5541.643141,658541
253,5541.643141,661154
254,5541.643141,663756
255,5541.643141,666358
256,5541.643141,668952
257,5541.643141,671532
258,5541.643141,674120
259,5541.643141,676709
260,5541.643141,679289
261,5541.643141,681884
262,5541.643141,684478
263,5541.643141,687063
264,5541.643141,689652
265,5541.643141,692243
266,5541.643141,694836
267,5541.643141,697428
268,5541.643141,700015
269,5541.643141,702602
270,5541.643141,705189
271,5541.643141,707787
272,5541.643141,710372
273,5541.643141,712968
274,5541.643141,715569
275,5541.643141,718170
276,5541.643141,720787
277,5541.643141,723404
278,5541.643141,726015
279,5541.643141,728623
280,5541.643141,731232
281,5541.643141,733838
282,5541.643141,736447
283,5541.643141,739053
284,5541.643141,741653
285,5541.643141,744257
5541.643141,3.799029
1,5543.487772,2376
2,5543.298460,5008
3,5542.375446,7640
4,5542.182136,10271
5,5542.182136,12903
6,5542.182136,15534
7,5542.182136,18166
8,5542.182136,20798
9,5542.182136,23428
10,5542.178395,26059
11,5542.178395,28689
12,5542.178395,31321
13,5542.178395,33951
14,5542.178395,36582
15,5542.178395,39214
16,5542.178395,41845
17,5542.178395,44477
18,5542.178395,47106
19,5542.178395,49737
20,5542.178395,52369
21,5542.178395,54999
22,5542.178395,57629
23,5542.178395,60259
24,5542.178395,62889
25,5542.133508,65521
26,5542.133508,68153
27,5542.133508,70785
28,5542.133508,73417
29,5542.133508,76046
30,5542.133508,78676
31,5542.133508,81306
32,5542.133508,83934
33,5542.133508,86563
34,5542.133508,89189
35,5542.072856,91811
36,5542.072856,94440
37,5542.072856,97068
38,5542.072856,99695
39,5542.072856,102325
40,5542.072856,104956
41,5542.072856,107585
42,5542.072856,110213
43,5542.072856,112840
44,5542.072856,115466
45,5542.072856,118093
46,5542.072856,120722
47,5542.072856,123346
48,5542.072856,125974
49,5542.072856,128599
50,5542.072856,131228
51,5542.072856,133856
52,5542.072856,136485
53,5542.072856,139112
54,5541.890064,141738
55,5541.890064,144363
56,5541.890064,146990
57,5541.890064,149604
58,5541.890064,152223
59,5541.890064,154841
60,5541.890064,157469
61,5541.890064,160099
62,5541.890064,162727
63,5541.890064,165355
64,5541.890064,167983
65,5541.890064,170611
66,5541.890064,173233
67,5541.890064,175860
68,5541.890064,178489
69,5541.890064,181112
70,5541.890064,183734
71,5541.890064,186357
72,5541.890064,188974
73,5541.890064,191600
74,5541.890064,194221
75,5541.890064,196835
76,5541.890064,199452
77,5541.890064,202069
78,5541.890064,204684
79,5541.890064,207307
80,5541.890064,209926
81,5541.890064,212544
82,5541.688575,215151
83,5541.688575,217756
84,5541.688575,220368
85,5541.688575,222983
86,5541.688575,225589
87,5541.688575,228202
88,5541.688575,230813
89,5541.688575,233415
90,5541.688575,236030
91,5541.688575,238638
92,5541.688575,241238
93,5541.688575,243837
94,5541.688575,246443
95,5541.688575,249048
96,5541.688575,251664
97,5541.688575,254268
98,5541.688575,256886
99,5541.688575,259507
100,5541.688575,262130
101,5541.688575,264742
102,5541.688575,267350
103,5541.688575,269963
104,5541.688575,272565
105,5541.688575,275163
106,5541.688575,277757
107,5541.688575,280349
108,5541.688575,282950
109,5541.688575,285546
110,5541.688575,288140
111,5541.688575,290734
112,5541.688575,293336
113,5541.688575,295933
114,5541.688575,298531
115,5541.688575,301113
116,5541.688575,303707
117,5541.688575,306302
118,5541.688575,308896
119,5541.688575,311490
120,5541.688575,314092
121,5541.688575,316691
122,5541.688575,319283
123,5541.688575,321878
124,5541.688575,324477
125,5541.688575,327073
126,5541.688575,329670
127,5541.688575,332277
128,5541.688575,334893
129,5541.688575,337510
130,5541.688575,340112
131,5541.688575,342726
132,5541.688575,345346
133,5541.688575,347971
134,5541.688575,350593
135,5541.688575,353204
136,5541.688575,355826
137,5541.688575,358441
138,5541.688575,361054
139,5541.688575,363673
140,5541.688575,366279
141,5541.688575,368907
142,5541.688575,371523
143,5541.688575,374137
144,5541.688575,376749
145,5541.688575,379352
146,5541.688575,381961
147,5541.688575,384578
148,5541.688575,387197
149,5541.688575,389817
150,5541.688575,392437
151,5541.688575,395047
152,5541.688575,397668
153,5541.688575,400289
154,5541.688575,402917
155,5541.688575,405540
156,5541.688575,408165
157,5541.688575,410780
158,5541.688575,413397
159,5541.688575,416013
160,5541.688575,418622
161,5541.688575,421235
162,5541.688575,423844
163,5541.688575,426448
164,5541.688575,429053
165,5541.688575,431651
166,5541.688575,434251
167,5541.688575,436855
168,5541.688575,439465
169,5541.688575,442072
170,5541.688575,444690
171,5541.688575,447302
172,5541.688575,449916
173,5541.688575,452523
174,5541.688575,455134
175,5541.688575,457732
176,5541.688575,460329
177,5541.688575,462908
178,5541.688575,465473
179,5541.688575,468050
180,5541.688575,470635
181,5541.688575,473227
182,5541.688575,475824
183,5541.688575,478432
184,5541.688575,481047
185,5541.688575,483657
186,5541.688575,486261
187,5541.688575,488883
188,5541.688575,491505
189,5541.688575,494125
190,5541.688575,496742
191,5541.688575,499357
192,5541.688575,501970
193,5541.688575,504587
194,5541.688575,507195
195,5541.688575,509804
196,5541.688575,512412
197,5541.688575,515018
198,5541.688575,517625
199,5541.688575,520225
200,5541.688575,522821
201,5541.643141,525414
202,5541.643141,528024
203,5541.643141,530636
204,5541.643141,533241
205,5541.643141,535864
206,5541.643141,538488
207,5541.643141,541097
208,5541.643141,543711
209,5541.643141,546326
210,5541.643141,548927
211,5541.643141,551531
212,5541.643141,554138
213,5541.643141,556738
214,5541.643141,559340
215,5541.643141,561929
216,5541.643141,564518
217,5541.643141,567106
218,5541.643141,569690
219,5541.643141,572290
220,5541.643141,574896
221,5541.643141,577504
222,5541.643141,580103
223,5541.643141,582709
224,5541.643141,585320
225,5541.643141,587938
226,5541.643141,590544
227,5541.643141,593151
228,5541.643141,595759
229,5541.643141,598365
230,5541.643141,600979
231,5541.643141,603593
232,5541.643141,606200
233,5541.643141,608806
234,5541.643141,611425
235,5541.643141,614045
236,5541.643141,616662
237,5541.643141,619270
238,5541.643141,621877
239,5541.643141,624478
240,5541.643141,627084
241,5541.643141,629689
242,5541.643141,632297
243,5541.643141,634906
244,5541.643141,637505
245,5541.643141,640095
246,5541.643141,642696
247,5541.643141,645282
248,5541.643141,647878
249,5541.643141,650480
250,5541.643141,653081
251,5541.643141,655695
252,5541.643141,658316
253,5541.643141,660929
254,5541.643141,663542
255,5541.643141,666147
256,5541.643141,668753
257,5541.643141,671357
258,5541.643141,673978
259,5541.643141,676585
260,5541.643141,679191
261,5541.643141,681798
262,5541.643141,684393
263,5541.643141,686997
264,5541.643141,689600
265,5541.643141,692212
266,5541.643141,694817
267,5541.643141,697423
268,5541.643141,700020
269,5541.643141,702605
270,5541.643141,705208
271,5541.643141,707812
272,5541.643141,710419
273,5541.643141,713024
274,5541.643141,715615
275,5541.643141,718205
276,5541.643141,720799
277,5541.643141,723395
278,5541.643141,726004
279,5541.643141,728620
280,5541.643141,731233
281,5541.643141,733854
282,5541.643141,736479
283,5541.643141,739089
284,5541.643141,741703
285,5541.643141,744321
5541.643141,3.878975
1,5544.594802,2376
2,5542.826257,5035
3,5542.568720,7694
4,5542.441632,10353
5,5542.441632,13012
6,5542.182136,15669
7,5542.182136,18327
8,5542.182136,20985
9,5542.182136,23644
10,5542.182136,26303
11,5542.182136,28962
12,5542.178395,31618
13,5542.140198,34276
14,5542.082500,36934
15,5542.082500,39588
16,5542.082500,42244
17,5542.082500,44896
18,5542.082500,47547
19,5542.082500,50201
20,5542.082500,52853
21,5542.082500,55505
22,5542.082500,58158
23,5542.082500,60816
24,5542.082500,63473
25,5542.082500,66123
26,5542.082500,68772
27,5542.082500,71424
28,5542.082500,74077
29,5542.082500,76731
30,5542.082500,79385
31,5542.082500,82040
32,5541.830576,84691
33,5541.830576,87343
34,5541.830576,89988
35,5541.830576,92639
36,5541.796107,95289
37,5541.796107,97941
38,5541.796107,100593
39,5541.796107,103244
40,5541.796107,105899
41,5541.796107,108551
42,5541.796107,111195
43,5541.796107,113827
44,5541.796107,116450
45,5541.796107,119075
46,5541.796107,121696
47,5541.796107,124315
48,5541.796107,126931
49,5541.796107,129548
50,5541.796107,132174
51,5541.796107,134801
52,5541.796107,137420
53,5541.796107,140047
54,5541.796107,142668
55,5541.796107,145292
56,5541.796107,147910
57,5541.796107,150527
58,5541.796107,153134
59,5541.796107,155762
60,5541.796107,158389
61,5541.796107,161014
62,5541.796107,163626
63,5541.796107,166237
64,5541.796107,168868
65,5541.796107,171485
66,5541.796107,174101
67,5541.796107,176728
68,5541.796107,179340
69,5541.796107,181943
70,5541.796107,184548
71,5541.796107,187155
72,5541.796107,189762
73,5541.796107,192367
74,5541.796107,194972
75,5541.796107,197573
76,5541.796107,200184
77,5541.796107,202801
78,5541.796107,205418
79,5541.796107,208044
80,5541.796107,210644
81,5541.796107,213257
82,5541.796107,215886
83,5541.796107,218498
84,5541.796107,221108
85,5541.796107,223723
86,5541.796107,226335
87,5541.796107,228945
88,5541.796107,231568
89,5541.796107,234190
90,5541.796107,236816
91,5541.796107,239446
92,5541.796107,242083
93,5541.796107,244711
94,5541.796107,247342
95,5541.796107,249966
96,5541.796107,252589
97,5541.796107,255212
98,5541.796107,257845
99,5541.796107,260477
100,5541.796107,263102
101,5541.796107,265718
102,5541.796107,268326
103,5541.796107,270932
104,5541.796107,273544
105,5541.796107,276158
106,5541.796107,278773
107,5541.796107,281396
108,5541.796107,284018
109,5541.796107,286631
110,5541.796107,289248
111,5541.796107,291868
112,5541.796107,294465
113,5541.796107,297074
114,5541.796107,299682
115,5541.796107,302290
116,5541.796107,304898
117,5541.796107,307511
118,5541.796107,310107
119,5541.796107,312712
120,5541.796107,315306
121,5541.796107,317898
122,5541.796107,320506
123,5541.796107,323124
124,5541.796107,325743
125,5541.796107,328374
126,5541.796107,330998
127,5541.796107,333612
128,5541.796107,336233
129,5541.796107,338850
130,5541.796107,341460
131,5541.796107,344061
132,5541.796107,346649
133,5541.796107,349229
134,5541.796107,351833
135,5541.796107,354434
136,5541.796107,357068
137,5541.796107,359697
138,5541.796107,362316
139,5541.796107,364937
140,5541.796107,367576
141,5541.796107,370214
142,5541.796107,372856
143,5541.796107,375490
144,5541.796107,378124
145,5541.796107,380775
146,5541.796107,383416
147,5541.796107,386055
148,5541.796107,388703
149,5541.796107,391345
150,5541.796107,393974
151,5541.796107,396608
152,5541.796107,399236
153,5541.796107,401864
154,5541.796107,404486
155,5541.796107,407111
156,5541.796107,409744
157,5541.796107,412360
158,5541.796107,414995
159,5541.796107,417615
160,5541.796107,420247
161,5541.796107,422869
162,5541.796107,425488
163,5541.796107,428106
164,5541.735094,430730
165,5541.735094,433346
166,5541.735094,435969
167,5541.735094,438590
168,5541.735094,441228
169,5541.735094,443854
170,5541.735094,446483
171,5541.735094,449113
172,5541.735094,451730
173,5541.735094,454363
174,5541.735094,456989
175,5541.735094,459609
176,5541.735094,462231
177,5541.735094,464844
178,5541.735094,467451
179,5541.735094,470070
180,5541.735094,472672
181,5541.735094,475282
182,5541.735094,477896
183,5541.735094,480517
184,5541.735094,483132
185,5541.735094,485756
186,5541.735094,488374
187,5541.735094,490990
188,5541.735094,493611
189,5541.735094,496225
190,5541.735094,498844
191,5541.735094,501463
192,5541.735094,504080
193,5541.735094,506694
194,5541.735094,509313
195,5541.735094,511928
196,5541.735094,514543
197,5541.735094,517165
198,5541.735094,519780
199,5541.735094,522392
200,5541.735094,525012
201,5541.735094,527633
202,5541.735094,530262
203,5541.735094,532878
204,5541.735094,535491
205,5541.735094,538116
206,5541.735094,540737
207,5541.735094,543362
208,5541.735094,545988
209,5541.735094,548619
210,5541.735094,551246
211,5541.735094,553868
212,5541.735094,556490
213,5541.735094,559108
214,5541.735094,561728
215,5541.735094,564360
216,5541.735094,566975
217,5541.735094,569606
218,5541.735094,572240
219,5541.735094,574863
220,5541.735094,577491
221,5541.735094,580113
222,5541.735094,582720
223,5541.735094,585344
224,5541.735094,587974
225,5541.735094,590599
226,5541.735094,593220
227,5541.735094,595836
228,5541.735094,598448
229,5541.735094,601060
230,5541.735094,603679
231,5541.735094,606299
232,5541.735094,608922
233,5541.735094,611547
234,5541.735094,614175
235,5541.735094,616791
236,5541.735094,619406
237,5541.735094,622020
238,5541.735094,624641
239,5541.735094,627272
240,5541.735094,629892
241,5541.735094,632509
242,5541.735094,635122
243,5541.735094,637743
244,5541.735094,640348
245,5541.735094,642964
246,5541.735094,645587
247,5541.735094,648219
248,5541.735094,650842
249,5541.735094,653461
250,5541.735094,656080
251,5541.735094,658686
252,5541.735094,661281
253,5541.735094,663880
254,5541.735094,666497
255,5541.735094,669101
256,5541.735094,671715
257,5541.735094,674319
258,5541.735094,676899
259,5541.735094,679492
260,5541.735094,682085
261,5541.735094,684675
262,5541.735094,687264
263,5541.735094,689861
264,5541.735094,692470
265,5541.735094,695062
266,5541.735094,697663
267,5541.735094,700262
268,5541.735094,702863
269,5541.735094,705458
270,5541.735094,708040
271,5541.735094,710633
272,5541.735094,713231
273,5541.735094,715835
274,5541.735094,718455
275,5541.735094,721059
276,5541.735094,723657
277,5541.735094,726259
278,5541.735094,728859
279,5541.735094,731475
280,5541.735094,734094
281,5541.735094,736704
282,5541.735094,739306
283,5541.735094,741902
284,5541.735094,744517
5541.735094,3.823318
