1,20420.166338,2376
2,20411.048148,4754
3,20391.718105,7133
4,20370.522472,9522
5,20345.614619,11932
6,20324.660042,14366
7,20314.009429,16829
8,20297.666684,19319
9,20278.321181,21836
10,20229.654131,24392
11,20220.837396,26984
12,20220.697902,29582
13,20220.653379,32200
14,20220.640461,34833
15,20220.619949,37469
16,20220.592263,40113
17,20220.541760,42755
18,20220.532239,45399
19,20213.769743,48035
20,20212.073924,50677
21,20211.462534,53315
22,20186.614382,55960
23,20186.614382,58592
24,20182.341152,61221
25,20182.341152,63852
26,20182.341152,66448
27,20182.341152,69041
28,20182.341152,71621
29,20182.341152,74195
30,20182.341152,76772
31,20182.341152,79352
32,20182.341152,81931
33,20179.124281,84512
34,20177.827583,87075
35,20177.827583,89653
36,20177.827583,92205
37,20177.827583,94763
38,20177.827583,97306
39,20177.827583,99863
40,20177.827583,102398
41,20177.827583,104936
42,20177.827583,107466
43,20177.827583,109972
44,20177.827583,112468
45,20177.827583,114924
46,20177.827583,117364
47,20177.827583,119774
48,20177.827583,122190
49,20177.827583,124598
50,20177.827583,127010
51,20177.827583,129423
52,20177.827583,131825
53,20177.827583,134217
54,20177.827583,136608
55,20177.827583,138999
56,20177.827583,141392
57,20177.827583,143787
58,20177.827583,146180
59,20177.827583,148575
60,20177.827583,150964
61,20177.827583,153350
62,20177.827583,155733
63,20177.827583,158114
64,20177.827583,160496
65,20177.827583,162880
66,20177.827583,165264
67,20177.827583,167649
68,20177.827583,170033
69,20177.827583,172415
70,20177.827583,174800
71,20177.827583,177178
72,20177.827583,179555
73,20177.827583,181935
74,20177.827583,184315
75,20177.827583,186696
76,20177.827583,189077
77,20177.827583,191458
78,20177.827583,193837
79,20177.827583,196229
80,20177.827583,198620
81,20177.827583,201006
82,20177.827583,203397
83,20177.827583,205787
84,20177.827583,208181
85,20177.827583,210575
86,20177.827583,212968
87,20177.827583,215359
88,20177.827583,217750
89,20177.827583,220141
90,20177.827583,222533
91,20177.827583,224925
92,20177.827583,227318
93,20177.827583,229702
94,20177.827583,232087
95,20177.827583,234472
96,20177.827583,236857
97,20177.827583,239241
98,20177.827583,241628
99,20177.827583,244022
100,20177.827583,246410
101,20177.827583,248798
102,20177.827583,251174
103,20177.827583,253551
104,20177.827583,255928
105,20177.827583,258304
106,20177.827583,260680
107,20177.827583,263057
108,20177.827583,265434
109,20177.827583,267812
110,20177.827583,270191
111,20177.827583,272568
112,20177.827583,274945
113,20177.827583,277321
114,20177.827583,279697
115,20177.827583,282073
116,20177.827583,284449
117,20177.827583,286826
118,20177.827583,289203
119,20177.827583,291581
120,20177.827583,293957
121,20177.827583,296334
122,20177.827583,298712
123,20177.827583,301091
124,20177.827583,303471
125,20177.827583,305852
126,20177.827583,308235
127,20177.827583,310626
128,20177.827583,313025
129,20177.827583,315437
130,20177.827583,317857
131,20177.751525,320295
132,20177.751525,322752
133,20177.751525,325224
134,20177.751525,327684
135,20177.751525,330157
136,20177.751525,332637
137,20177.751525,335145
138,20177.751525,337646
139,20177.751525,340135
140,20177.751525,342612
141,20177.751525,345067
142,20177.751525,347497
143,20177.751525,349918
144,20177.751525,352337
145,20177.751525,354741
146,20177.751525,357152
147,20177.751525,359562
148,20177.751525,361977
149,20177.751525,364382
150,20177.751525,366794
151,20177.751525,369202
152,20177.751525,371608
153,20177.751525,374022
154,20177.751525,376430
155,20177.751525,378846
156,20177.751525,381252
157,20177.751525,383650
158,20177.751525,386049
159,20177.751525,388447
160,20177.751525,390847
161,20177.751525,393251
162,20177.751525,395656
163,20177.751525,398060
164,20177.751525,400472
165,20177.751525,402879
166,20177.751525,405290
167,20177.751525,407707
168,20177.751525,410135
169,20177.751525,412568
170,20177.751525,415012
171,20177.751525,417424
172,20176.627813,419846
173,20176.627813,422269
174,20176.627813,424721
175,20176.627813,427173
176,20176.627813,429637
177,20176.627813,432100
178,20176.627813,434560
179,20176.627813,437027
180,20176.627813,439473
181,20176.627813,441918
182,20176.627813,444379
183,20176.627813,446802
184,20176.627813,449220
185,20176.627813,451648
186,20176.627813,454092
187,20176.627813,456511
188,20176.627813,458932
189,20176.627813,461355
190,20176.627813,463777
191,20176.627813,466202
192,20176.627813,468638
193,20176.627813,471074
194,20176.627813,473518
195,20176.627813,475943
196,20176.627813,478361
197,20176.627813,480781
198,20176.627813,483198
199,20176.627813,485599
200,20176.627813,488003
201,20176.627813,490403
202,20176.627813,492800
203,20176.627813,495199
204,20176.627813,497598
205,20176.627813,499998
206,20176.627813,502401
207,20176.627813,504800
208,20176.627813,507216
209,20176.627813,509629
210,20176.627813,512033
211,20176.627813,514437
212,20176.627813,516840
213,20176.627813,519240
214,20176.627813,521637
215,20176.627813,524037
216,20176.627813,526429
217,20176.627813,528831
218,20176.627813,531226
219,20176.627813,533624
220,20176.627813,536028
221,20176.627813,538434
222,20176.627813,540840
223,20176.627813,543248
224,20176.627813,545654
225,20176.627813,548042
226,20176.627813,550435
227,20176.627813,552828
228,20176.627813,555217
229,20176.627813,557609
230,20176.627813,559998
231,20176.627813,562387
232,20176.627813,564779
233,20176.627813,567175
234,20176.627813,569572
235,20176.627813,571967
236,20176.627813,574365
237,20176.627813,576763
238,20176.627813,579167
239,20176.627813,581577
240,20176.627813,583985
241,20176.627813,586376
242,20176.627813,588772
243,20176.627813,591162
244,20176.627813,593551
245,20176.627813,595946
246,20176.627813,598339
247,20176.627813,600721
248,20176.627813,603101
249,20176.627813,605480
250,20176.627813,607862
251,20176.627813,610247
252,20176.627813,612623
253,20176.627813,614999
254,20176.627813,617375
255,20176.627813,619751
256,20176.627813,622127
257,20176.627813,624503
258,20176.627813,626879
259,20176.627813,629255
260,20176.627813,631631
261,20176.627813,634007
262,20176.627813,636383
263,20176.627813,638761
264,20176.627813,641148
265,20176.627813,643537
266,20176.627813,645913
267,20176.627813,648289
268,20176.627813,650665
269,20176.627813,653041
270,20176.627813,655417
271,20176.627813,657793
272,20176.627813,660169
273,20176.627813,662545
274,20176.627813,664921
275,20176.627813,667297
276,20176.627813,669673
277,20176.627813,672049
278,20176.627813,674425
279,20176.627813,676801
280,20176.627813,679177
281,20176.627813,681553
282,20176.627813,683929
283,20176.627813,686305
284,20176.627813,688681
285,20176.627813,691057
286,20176.627813,693433
287,20176.627813,695809
288,20176.627813,698185
289,20176.627813,700561
290,20176.627813,702937
291,20176.627813,705313
292,20176.627813,707689
293,20176.627813,710065
294,20176.627813,712441
20176.627813,45.366180
1,20413.198529,2376
2,20396.485217,4752
3,20394.044188,7129
4,20365.055255,9518
5,20348.467591,11926
6,20322.639927,14353
7,20313.514656,16811
8,20310.591654,19300
9,20235.756514,21821
10,20231.096094,24363
11,20225.459134,26918
12,20224.725794,29500
13,20223.694531,32080
14,20221.888822,34672
15,20217.529164,37273
16,20216.970110,39877
17,20216.359788,42488
18,20215.317964,45106
19,20214.955919,47723
20,20214.936876,50336
21,20177.274107,52961
22,20177.274107,55586
23,20176.055460,58213
24,20175.877124,60835
25,20175.877124,63458
26,20175.877124,66081
27,20175.877124,68697
28,20175.877124,71314
29,20175.877124,73928
30,20175.877124,76546
31,20175.877124,79120
32,20175.877124,81631
33,20175.877124,84123
34,20175.877124,86596
35,20175.877124,89068
36,20175.877124,91541
37,20175.877124,93969
38,20175.877124,96397
39,20175.877124,98810
40,20175.877124,101218
41,20175.877124,103624
42,20175.877124,106030
43,20175.877124,108426
44,20175.877124,110822
45,20175.877124,113218
46,20175.877124,115602
47,20175.877124,117987
48,20175.877124,120372
49,20175.877124,122757
50,20175.877124,125133
51,20175.877124,127509
52,20175.877124,129885
53,20175.877124,132261
54,20175.877124,134637
55,20175.877124,137014
56,20175.877124,139398
57,20175.877124,141785
58,20175.877124,144161
59,20175.877124,146537
60,20175.877124,148913
61,20175.877124,151289
62,20175.877124,153665
63,20175.877124,156041
64,20175.877124,158418
65,20175.877124,160800
66,20175.877124,163182
67,20175.877124,165564
68,20175.877124,167940
69,20175.877124,170316
70,20175.877124,172692
71,20175.877124,175068
72,20175.877124,177444
73,20175.877124,179820
74,20175.877124,182196
75,20175.877124,184572
76,20175.877124,186948
77,20175.877124,189324
78,20175.877124,191702
79,20175.877124,194085
80,20175.877124,196470
81,20175.877124,198855
82,20175.877124,201240
83,20175.877124,203616
84,20175.877124,205992
85,20175.877124,208368
86,20175.877124,210744
87,20175.877124,213120
88,20175.877124,215496
89,20175.877124,217872
90,20175.877124,220248
91,20175.877124,222624
92,20175.877124,225000
93,20175.877124,227376
94,20175.877124,229752
95,20175.877124,232128
96,20175.877124,234504
97,20175.877124,236880
98,20175.877124,239256
99,20175.877124,241633
100,20175.877124,244016
101,20175.877124,246403
102,20175.877124,248799
103,20175.877124,251205
104,20175.877124,253625
105,20175.877124,256061
106,20172.910109,258519
107,20172.910109,260983
108,20172.910109,263454
109,20172.910109,265927
110,20172.910109,268424
111,20172.910109,270929
112,20172.910109,273421
113,20172.910109,275885
114,20172.910109,278347
115,20172.910109,280805
116,20172.910109,283253
117,20172.910109,285685
118,20172.910109,288109
119,20172.910109,290548
120,20172.910109,292960
121,20172.910109,295389
122,20172.910109,297806
123,20172.910109,300228
124,20172.910109,302637
125,20172.910109,305049
126,20172.910109,307448
127,20172.910109,309850
128,20172.910109,312248
129,20172.910109,314645
130,20172.910109,317032
131,20172.910109,319418
132,20172.910109,321806
133,20172.910109,324182
134,20172.910109,326558
135,20172.910109,328934
136,20172.910109,331310
137,20172.910109,333686
138,20172.910109,336062
139,20172.910109,338438
140,20172.910109,340814
141,20172.910109,343190
142,20172.910109,345566
143,20172.910109,347942
144,20172.910109,350318
145,20172.910109,352694
146,20172.910109,355070
147,20172.910109,357446
148,20172.910109,359822
149,20172.910109,362198
150,20172.910109,364574
151,20172.910109,366950
152,20172.910109,369326
153,20172.910109,371702
154,20172.910109,374078
155,20172.910109,376454
156,20172.910109,378830
157,20172.910109,381206
158,20172.910109,383582
159,20172.910109,385958
160,20172.910109,388334
161,20172.910109,390710
162,20172.910109,393086
163,20172.910109,395462
164,20172.910109,397838
165,20172.910109,400214
166,20172.910109,402590
167,20172.910109,404966
168,20172.910109,407342
169,20172.910109,409718
170,20172.910109,412094
171,20172.910109,414470
172,20172.910109,416846
173,20172.910109,419222
174,20172.910109,421598
175,20172.910109,423974
176,20172.910109,426350
177,20172.910109,428726
178,20172.910109,431102
179,20172.910109,433478
180,20172.910109,435854
181,20172.910109,438230
182,20172.910109,440606
183,20172.910109,442982
184,20172.910109,445358
185,20172.910109,447734
186,20172.910109,450110
187,20172.910109,452486
188,20172.910109,454862
189,20172.910109,457238
190,20172.910109,459614
191,20172.910109,461990
192,20172.910109,464366
193,20172.910109,466742
194,20172.910109,469118
195,20172.910109,471494
196,20172.910109,473870
197,20172.910109,476246
198,20172.910109,478622
199,20172.910109,480998
200,20172.910109,483374
201,20172.910109,485750
202,20172.910109,488126
203,20172.910109,490502
204,20172.910109,492878
205,20172.910109,495254
206,20172.910109,497630
207,20172.910109,500006
208,20172.910109,502382
209,20172.910109,504758
210,20172.910109,507135
211,20172.910109,509521
212,20172.910109,511908
213,20172.910109,514286
214,20172.910109,516671
215,20172.910109,519047
216,20172.910109,521423
217,20172.910109,523799
218,20172.910109,526175
219,20172.910109,528551
220,20172.910109,530927
221,20172.910109,533303
222,20172.910109,535679
223,20172.910109,538055
224,20172.910109,540431
225,20172.910109,542808
226,20172.910109,545192
227,20172.910109,547578
228,20172.910109,549966
229,20172.910109,552354
230,20172.910109,554730
231,20172.910109,557106
232,20172.910109,559482
233,20172.910109,561858
234,20172.910109,564234
235,20172.910109,566610
236,20172.910109,568986
237,20172.910109,571362
238,20172.910109,573738
239,20172.910109,576114
240,20172.910109,578490
241,20172.910109,580866
242,20172.910109,583242
243,20172.910109,585618
244,20172.910109,587994
245,20172.910109,590370
246,20172.910109,592746
247,20172.910109,595122
248,20172.910109,597498
249,20172.910109,599874
250,20172.910109,602250
251,20172.910109,604626
252,20172.910109,607002
253,20172.910109,609378
254,20172.910109,611754
255,20172.910109,614130
256,20172.910109,616506
257,20172.910109,618882
258,20172.910109,621258
259,20172.910109,623634
260,20172.910109,626010
261,20172.910109,628386
262,20172.910109,630762
263,20172.910109,633138
264,20172.910109,635514
265,20172.910109,637890
266,20172.910109,640266
267,20172.910109,642645
268,20172.910109,645033
269,20172.910109,647421
270,20172.910109,649797
271,20172.910109,652173
272,20172.910109,654549
273,20172.910109,656925
274,20172.910109,659301
275,20172.910109,661677
276,20172.910109,664053
277,20172.910109,666429
278,20172.910109,668805
279,20172.910109,671181
280,20172.910109,673557
281,20172.910109,675933
282,20172.910109,678309
283,20172.910109,680685
284,20172.910109,683061
285,20172.910109,685437
286,20172.910109,687813
287,20172.910109,690189
288,20172.910109,692565
289,20172.910109,694941
290,20172.910109,697317
291,20172.910109,699693
292,20172.910109,702069
293,20172.910109,704445
294,20172.910109,706821
295,20172.910109,709197
296,20172.910109,711573
20172.910109,43.734726
1,20419.545117,2376
2,20410.505385,4756
3,20385.582456,7133
4,20373.499404,9518
5,20355.598451,11927
6,20331.447663,14370
7,20306.587459,16836
8,20288.622504,19325
9,20270.890983,21838
10,20237.964216,24380
11,20227.233110,26953
12,20226.755659,29547
13,20226.755659,32157
14,20226.403521,34782
15,20226.403521,37375
16,20226.403521,39974
17,20226.403521,42549
18,20226.403521,45109
19,20226.403521,47662
20,20181.038931,50201
21,20181.038931,52743
22,20181.038931,55269
23,20181.038931,57775
24,20181.038931,60233
25,20181.038931,62609
26,20181.038931,65001
27,20181.038931,67377
28,20181.038931,69753
29,20181.038931,72129
30,20181.038931,74505
31,20181.038931,76881
32,20181.038931,79257
33,20181.038931,81633
34,20181.038931,84009
35,20181.038931,86385
36,20181.038931,88761
37,20181.038931,91137
38,20181.038931,93513
39,20181.038931,95889
40,20181.038931,98265
41,20181.038931,100641
42,20181.038931,103017
43,20181.038931,105393
44,20181.038931,107769
45,20181.038931,110145
46,20181.038931,112521
47,20181.038931,114897
48,20181.038931,117273
49,20181.038931,119649
50,20181.038931,122025
51,20181.038931,124401
52,20181.038931,126777
53,20181.038931,129153
54,20181.038931,131529
55,20181.038931,133905
56,20181.038931,136281
57,20181.038931,138657
58,20181.038931,141033
59,20181.038931,143409
60,20181.038931,145785
61,20181.038931,148161
62,20181.038931,150537
63,20181.038931,152913
64,20181.038931,155289
65,20181.038931,157665
66,20181.038931,160041
67,20181.038931,162422
68,20181.038931,164808
69,20181.038931,167199
70,20181.038931,169575
71,20181.038931,171951
72,20181.038931,174327
73,20181.038931,176703
74,20181.038931,179080
75,20181.038931,181467
76,20181.038931,183855
77,20181.038931,186245
78,20181.038931,188621
79,20181.038931,190997
80,20181.038931,193373
81,20181.038931,195749
82,20181.038931,198125
83,20181.038931,200501
84,20181.038931,202877
85,20181.038931,205253
86,20181.038931,207629
87,20181.038931,210005
88,20181.038931,212381
89,20181.038931,214757
90,20181.038931,217133
91,20181.038931,219509
92,20181.038931,221885
93,20181.038931,224264
94,20181.038931,226656
95,20181.038931,229049
96,20181.038931,231425
97,20181.038931,233801
98,20181.038931,236177
99,20181.038931,238553
100,20181.038931,240929
101,20181.038931,243305
102,20181.038931,245681
103,20181.038931,248057
104,20181.038931,250434
105,20181.038931,252816
106,20181.038931,255199
107,20181.038931,257575
108,20181.038931,259951
109,20181.038931,262327
110,20181.038931,264703
111,20181.038931,267079
112,20181.038931,269455
113,20181.038931,271831
114,20181.038931,274207
115,20181.038931,276583
116,20181.038931,278959
117,20181.038931,281335
118,20181.038931,283711
119,20181.038931,286087
120,20181.038931,288463
121,20181.038931,290839
122,20181.038931,293215
123,20181.038931,295591
124,20181.038931,297967
125,20181.038931,300343
126,20181.038931,302719
127,20181.038931,305095
128,20181.038931,307471
129,20181.038931,309847
130,20181.038931,312223
131,20181.038931,314599
132,20181.038931,316975
133,20181.038931,319351
134,20181.038931,321727
135,20181.038931,324103
136,20181.038931,326479
137,20181.038931,328855
138,20181.038931,331231
139,20181.038931,333607
140,20181.038931,335983
141,20181.038931,338359
142,20181.038931,340735
143,20181.038931,343111
144,20181.038931,345487
145,20181.038931,347863
146,20181.038931,350240
147,20181.038931,352625
148,20181.038931,355001
149,20181.038931,357377
150,20181.038931,359753
151,20181.038931,362129
152,20181.038931,364505
153,20181.038931,366883
154,20181.038931,369270
155,20181.038931,371660
156,20181.038931,374041
157,20181.038931,376423
158,20181.038931,378799
159,20181.038931,381179
160,20181.038931,383571
161,20181.038931,385951
162,20181.038931,388341
163,20181.038931,390717
164,20181.038931,393093
165,20181.038931,395469
166,20181.038931,397845
167,20181.038931,400221
168,20181.038931,402597
169,20181.038931,404973
170,20181.038931,407352
171,20181.038931,409739
172,20181.038931,412130
173,20181.038931,414517
174,20181.038931,416912
175,20181.038931,419315
176,20181.038931,421734
177,20179.146904,424159
178,20179.146904,426611
179,20179.146904,429058
180,20179.146904,431521
181,20179.146904,433996
182,20179.146904,436475
183,20179.146904,438962
184,20179.146904,441437
185,20179.146904,443901
186,20179.146904,446345
187,20179.146904,448798
188,20179.146904,451269
189,20179.146904,453725
190,20179.146904,456180
191,20179.146904,458662
192,20179.142792,461151
193,20179.142792,463625
194,20179.142792,466136
195,20179.142792,468659
196,20179.142792,471179
197,20179.142792,473678
198,20179.142792,476182
199,20179.142792,478683
200,20179.142792,481180
201,20179.142792,483661
202,20179.142792,486120
203,20179.142792,488588
204,20179.142792,491037
205,20179.142792,493473
206,20179.142792,495891
207,20179.142792,498303
208,20179.142792,500723
209,20179.142792,503141
210,20179.142792,505563
211,20179.142792,507978
212,20179.142792,510395
213,20179.142792,512815
214,20179.142792,515237
215,20179.142792,517651
216,20179.142792,520062
217,20179.142792,522477
218,20179.142792,524888
219,20179.142792,527302
220,20179.142792,529712
221,20179.142792,532123
222,20179.142792,534538
223,20179.142792,536951
224,20179.142792,539370
225,20179.142792,541791
226,20179.142792,544218
227,20177.600572,546644
228,20176.940459,549087
229,20176.940459,551549
230,20176.940459,554016
231,20176.940459,556498
232,20176.940459,558969
233,20176.940459,561448
234,20176.940459,563914
235,20176.940459,566376
236,20176.940459,568840
237,20176.940459,571288
238,20176.940459,573724
239,20176.940459,576151
240,20176.940459,578591
241,20176.940459,581013
242,20176.940459,583448
243,20176.940459,585878
244,20176.940459,588297
245,20176.940459,590719
246,20176.940459,593129
247,20176.940459,595541
248,20176.940459,597957
249,20176.940459,600369
250,20176.940459,602784
251,20176.940459,605186
252,20176.940459,607589
253,20176.940459,609994
254,20176.940459,612394
255,20176.940459,614797
256,20176.940459,617207
257,20176.940459,619615
258,20176.940459,622027
259,20176.940459,624438
260,20176.940459,626832
261,20176.940459,629227
262,20176.940459,631618
263,20176.940459,634023
264,20176.940459,636425
265,20176.940459,638813
266,20176.940459,641202
267,20176.940459,643589
268,20176.940459,645977
269,20176.940459,648369
270,20176.940459,650755
271,20176.940459,653144
272,20176.940459,655533
273,20176.940459,657922
274,20176.940459,660308
275,20176.940459,662699
276,20176.940459,665093
277,20176.940459,667490
278,20176.940459,669877
279,20176.940459,672266
280,20176.940459,674653
281,20176.940459,677044
282,20176.940459,679443
283,20176.940459,681840
284,20176.940459,684236
285,20176.940459,686637
286,20176.940459,689035
287,20176.940459,691432
288,20176.940459,693834
289,20176.940459,696240
290,20176.940459,698639
291,20176.940459,701030
292,20176.940459,703420
293,20176.940459,705816
294,20176.940459,708207
295,20176.940459,710608
20176.940459,44.888882
1,20427.170667,2376
2,20416.358406,4757
3,20402.226515,7138
4,20361.528167,9537
5,20330.033287,11968
6,20305.070013,14439
7,20289.834057,16951
8,20276.451680,19480
9,20272.575553,22033
10,20226.985953,24634
11,20219.084462,27254
12,20218.371415,29886
13,20218.309246,32529
14,20218.238237,35172
15,20218.216917,37819
16,20215.818445,40464
17,20213.888016,43115
18,20213.587617,45764
19,20213.587617,48417
20,20180.098753,51071
21,20180.098753,53696
22,20180.098753,56304
23,20180.098753,58898
24,20180.098753,61482
25,20180.098753,64065
26,20180.098753,66613
27,20180.098753,69129
28,20180.098753,71648
29,20180.098753,74165
30,20180.098753,76664
31,20180.098753,79145
32,20180.098753,81603
33,20180.098753,84059
34,20180.098753,86517
35,20180.098753,88969
36,20180.098753,91419
37,20180.098753,93853
38,20180.098753,96290
39,20180.098753,98718
40,20180.098753,101145
41,20180.098753,103573
42,20180.098753,106002
43,20180.098753,108431
44,20180.098753,110864
45,20180.098753,113284
46,20180.098753,115710
47,20179.056986,118165
48,20179.056986,120617
49,20179.009346,123095
50,20178.851931,125588
51,20178.851931,128077
52,20178.851931,130579
53,20178.851931,133081
54,20178.851931,135607
55,20178.851931,138114
56,20178.851931,140605
57,20178.851931,143090
58,20178.851931,145564
59,20178.851931,148006
60,20178.851931,150451
61,20178.851931,152881
62,20178.851931,155314
63,20178.851931,157744
64,20178.851931,160162
65,20178.851931,162572
66,20178.851931,164991
67,20178.851931,167397
68,20178.851931,169793
69,20178.851931,172190
70,20178.851931,174585
71,20178.851931,176983
72,20178.851931,179381
73,20178.851931,181774
74,20178.851931,184168
75,20178.851931,186557
76,20178.851931,188950
77,20178.851931,191345
78,20178.851931,193740
79,20178.851931,196130
80,20178.851931,198524
81,20178.851931,200916
82,20178.851931,203315
83,20178.851931,205711
84,20178.851931,208102
85,20178.851931,210495
86,20178.851931,212886
87,20178.851931,215284
88,20178.851931,217673
89,20178.851931,220063
90,20178.851931,222454
91,20178.851931,224844
92,20178.851931,227242
93,20178.851931,229634
94,20178.851931,232032
95,20178.851931,234428
96,20178.851931,236824
97,20178.851931,239214
98,20178.851931,241614
99,20178.851931,244018
100,20178.851931,246419
101,20178.851931,248810
102,20178.851931,251206
103,20178.851931,253600
104,20178.851931,255998
105,20178.851931,258390
106,20178.851931,260787
107,20178.851931,263188
108,20178.851931,265588
109,20178.851931,267989
110,20178.851931,270391
111,20178.851931,272787
112,20178.851931,275180
113,20178.851931,277566
114,20178.851931,279954
115,20178.851931,282340
116,20178.851931,284725
117,20178.851931,287108
118,20178.851931,289496
119,20178.851931,291883
120,20178.851931,294281
121,20178.851931,296682
122,20178.851931,299100
123,20178.851931,301529
124,20178.851931,303985
125,20178.851931,306479
126,20178.851931,308955
127,20177.531526,311436
128,20177.531526,313939
129,20177.531526,316454
130,20177.531526,318971
131,20177.531526,321452
132,20177.531526,323943
133,20177.531526,326418
134,20177.531526,328868
135,20177.531526,331325
136,20177.531526,333748
137,20177.531526,336174
138,20177.531526,338601
139,20177.531526,341036
140,20177.531526,343458
141,20177.531526,345865
142,20177.531526,348286
143,20177.531526,350699
144,20177.531526,353114
145,20177.531526,355520
146,20177.531526,357935
147,20177.531526,360349
148,20177.531526,362756
149,20177.531526,365164
150,20177.531526,367562
151,20177.531526,369966
152,20177.531526,372378
153,20177.531526,374793
154,20177.531526,377208
155,20177.531526,379626
156,20177.531526,382038
157,20177.531526,384444
158,20177.531526,386857
159,20177.531526,389270
160,20177.531526,391686
161,20177.531526,394097
162,20177.531526,396493
163,20177.531526,398890
164,20177.531526,401296
165,20177.531526,403705
166,20177.531526,406103
167,20177.531526,408500
168,20177.531526,410907
169,20177.531526,413309
170,20177.531526,415712
171,20177.531526,418110
172,20177.531526,420515
173,20177.531526,422905
174,20177.531526,425294
175,20177.531526,427686
176,20177.531526,430082
177,20177.531526,432476
178,20177.531526,434875
179,20177.531526,437271
180,20177.531526,439666
181,20177.531526,442063
182,20177.531526,444460
183,20177.531526,446857
184,20177.531526,449255
185,20177.531526,451642
186,20177.531526,454032
187,20177.531526,456422
188,20177.531526,458811
189,20177.531526,461198
190,20177.531526,463584
191,20177.531526,465974
192,20177.531526,468362
193,20177.531526,470750
194,20177.531526,473138
195,20177.531526,475525
196,20177.531526,477911
197,20177.531526,480296
198,20177.531526,482672
199,20177.531526,485049
200,20177.531526,487426
201,20177.531526,489807
202,20177.531526,492188
203,20177.531526,494568
204,20177.531526,496950
205,20177.531526,499331
206,20177.531526,501715
207,20177.531526,504098
208,20177.531526,506482
209,20177.531526,508865
210,20177.531526,511251
211,20177.531526,513636
212,20177.531526,516019
213,20177.531526,518399
214,20177.531526,520781
215,20177.531526,523160
216,20177.531526,525541
217,20177.531526,527926
218,20177.531526,530311
219,20177.531526,532696
220,20177.531526,535086
221,20177.531526,537472
222,20177.531526,539858
223,20177.531526,542242
224,20177.531526,544626
225,20177.531526,547010
226,20177.531526,549396
227,20177.531526,551781
228,20177.531526,554165
229,20177.531526,556551
230,20177.531526,558935
231,20177.531526,561320
232,20177.531526,563703
233,20177.531526,566087
234,20177.531526,568470
235,20177.531526,570851
236,20177.531526,573231
237,20177.531526,575616
238,20177.531526,577997
239,20177.531526,580379
240,20177.531526,582758
241,20177.531526,585141
242,20177.531526,587519
243,20177.531526,589900
244,20177.531526,592282
245,20177.531526,594663
246,20177.531526,597043
247,20177.531526,599423
248,20177.531526,601808
249,20177.531526,604194
250,20177.531526,606582
251,20177.531526,608978
252,20177.531526,611381
253,20177.531526,613784
254,20177.531526,616185
255,20177.531526,618573
256,20177.531526,620955
257,20177.531526,623341
258,20177.531526,625726
259,20177.531526,628116
260,20177.531526,630502
261,20177.531526,632890
262,20177.531526,635282
263,20177.531526,637676
264,20177.531526,640067
265,20177.531526,642460
266,20177.531526,644867
267,20177.531526,647283
268,20177.531526,649712
269,20176.396939,652147
270,20176.291362,654592
271,20176.291362,657039
272,20176.291362,659489
273,20176.291362,661942
274,20176.291362,664371
275,20176.291362,666819
276,20176.291362,669282
277,20176.291362,671754
278,20176.291362,674212
279,20176.291362,676654
280,20176.291362,679086
281,20176.291362,681516
282,20176.291362,683962
283,20176.291362,686415
284,20176.291362,688878
285,20176.291362,691345
286,20176.291362,693827
287,20176.291362,696305
288,20176.291362,698736
289,20176.291362,701171
290,20176.291362,703586
291,20176.291362,705987
292,20176.291362,708384
293,20176.291362,710781
20176.291362,45.355937
1,20430.203760,2376
2,20416.399086,4756
3,20392.041640,7136
4,20368.306714,9530
5,20337.026005,11945
6,20311.394893,14386
7,20298.327887,16866
8,20294.922664,19370
9,20279.140374,21891
10,20233.971481,24438
11,20221.916225,27001
12,20220.949614,29572
13,20219.917995,32149
14,20215.939533,34735
15,20181.877098,37332
16,20181.877098,39921
17,20181.877098,42499
18,20181.877098,45035
19,20181.877098,47570
20,20181.877098,50083
21,20181.877098,52605
22,20181.877098,55106
23,20181.877098,57605
24,20177.190013,60092
25,20177.190013,62581
26,20177.190013,65076
27,20177.190013,67606
28,20177.190013,70131
29,20177.190013,72660
30,20177.190013,75193
31,20177.190013,77717
32,20177.190013,80210
33,20177.190013,82697
34,20177.190013,85188
35,20177.190013,87661
36,20177.190013,90133
37,20177.190013,92612
38,20177.190013,95086
39,20177.190013,97553
40,20177.190013,100013
41,20177.190013,102471
42,20177.190013,104914
43,20177.190013,107366
44,20177.190013,109809
45,20177.190013,112268
46,20177.170143,114742
47,20175.684733,117222
48,20175.684733,119686
49,20175.684733,122180
50,20175.684733,124692
51,20175.684733,127198
52,20175.684733,129724
53,20175.684733,132239
54,20175.684733,134724
55,20175.684733,137194
56,20175.684733,139646
57,20175.684733,142105
58,20175.684733,144578
59,20175.684733,147009
60,20175.684733,149446
61,20175.684733,151883
62,20175.684733,154305
63,20175.684733,156735
64,20175.684733,159167
65,20175.684733,161584
66,20175.684733,164001
67,20175.684733,166421
68,20175.684733,168843
69,20175.684733,171267
70,20175.684733,173691
71,20175.684733,176117
72,20175.684733,178533
73,20175.684733,180960
74,20175.684733,183390
75,20175.684733,185830
76,20175.684733,188273
77,20175.684733,190725
78,20172.910109,193182
79,20172.910109,195642
80,20172.910109,198111
81,20172.910109,200580
82,20172.910109,203038
83,20172.910109,205501
84,20172.910109,207964
85,20172.910109,210421
86,20172.910109,212882
87,20172.910109,215312
88,20172.910109,217750
89,20172.910109,220198
90,20172.910109,222624
91,20172.910109,225045
92,20172.910109,227477
93,20172.910109,229902
94,20172.910109,232326
95,20172.910109,234748
96,20172.910109,237170
97,20172.910109,239586
98,20172.910109,241995
99,20172.910109,244409
100,20172.910109,246825
101,20172.910109,249243
102,20172.910109,251646
103,20172.910109,254031
104,20172.910109,256419
105,20172.910109,258807
106,20172.910109,261198
107,20172.910109,263589
108,20172.910109,265979
109,20172.910109,268368
110,20172.910109,270760
111,20172.910109,273143
112,20172.910109,275519
113,20172.910109,277895
114,20172.910109,280271
115,20172.910109,282647
116,20172.910109,285027
117,20172.910109,287416
118,20172.910109,289809
119,20172.910109,292185
120,20172.910109,294561
121,20172.910109,296937
122,20172.910109,299313
123,20172.910109,301689
124,20172.910109,304065
125,20172.910109,306441
126,20172.910109,308817
127,20172.910109,311193
128,20172.910109,313569
129,20172.910109,315945
130,20172.910109,318321
131,20172.910109,320697
132,20172.910109,323073
133,20172.910109,325449
134,20172.910109,327825
135,20172.910109,330201
136,20172.910109,332577
137,20172.910109,334953
138,20172.910109,337329
139,20172.910109,339705
140,20172.910109,342081
141,20172.910109,344457
142,20172.910109,346833
143,20172.910109,349209
144,20172.910109,351585
145,20172.910109,353961
146,20172.910109,356337
147,20172.910109,358713
148,20172.910109,361089
149,20172.910109,363465
150,20172.910109,365841
151,20172.910109,368217
152,20172.910109,370593
153,20172.910109,372969
154,20172.910109,375345
155,20172.910109,377721
156,20172.910109,380097
157,20172.910109,382473
158,20172.910109,384849
159,20172.910109,387225
160,20172.910109,389601
161,20172.910109,391977
162,20172.910109,394353
163,20172.910109,396729
164,20172.910109,399105
165,20172.910109,401485
166,20172.910109,403872
167,20172.910109,406260
168,20172.910109,408648
169,20172.910109,411024
170,20172.910109,413400
171,20172.910109,415776
172,20172.910109,418152
173,20172.910109,420528
174,20172.910109,422904
175,20172.910109,425280
176,20172.910109,427656
177,20172.910109,430032
178,20172.910109,432408
179,20172.910109,434784
180,20172.910109,437160
181,20172.910109,439536
182,20172.910109,441912
183,20172.910109,444288
184,20172.910109,446664
185,20172.910109,449040
186,20172.910109,451416
187,20172.910109,453792
188,20172.910109,456168
189,20172.910109,458544
190,20172.910109,460920
191,20172.910109,463296
192,20172.910109,465672
193,20172.910109,468048
194,20172.910109,470426
195,20172.910109,472809
196,20172.910109,475192
197,20172.910109,477575
198,20172.910109,479951
199,20172.910109,482327
200,20172.910109,484703
201,20172.910109,487079
202,20172.910109,489455
203,20172.910109,491831
204,20172.910109,494207
205,20172.910109,496583
206,20172.910109,498959
207,20172.910109,501335
208,20172.910109,503711
209,20172.910109,506087
210,20172.910109,508463
211,20172.910109,510839
212,20172.910109,513215
213,20172.910109,515591
214,20172.910109,517967
215,20172.910109,520343
216,20172.910109,522719
217,20172.910109,525095
218,20172.910109,527471
219,20172.910109,529847
220,20172.910109,532223
221,20172.910109,534599
222,20172.910109,536975
223,20172.910109,539351
224,20172.910109,541727
225,20172.910109,544103
226,20172.910109,546479
227,20172.910109,548855
228,20172.910109,551231
229,20172.910109,553607
230,20172.910109,555983
231,20172.910109,558359
232,20172.910109,560735
233,20172.910109,563111
234,20172.910109,565487
235,20172.910109,567871
236,20172.910109,570264
237,20172.910109,572640
238,20172.910109,575016
239,20172.910109,577392
240,20172.910109,579768
241,20172.910109,582144
242,20172.910109,584520
243,20172.910109,586896
244,20172.910109,589272
245,20172.910109,591648
246,20172.910109,594024
247,20172.910109,596400
248,20172.910109,598776
249,20172.910109,601152
250,20172.910109,603528
251,20172.910109,605904
252,20172.910109,608280
253,20172.910109,610656
254,20172.910109,613032
255,20172.910109,615408
256,20172.910109,617784
257,20172.910109,620160
258,20172.910109,622536
259,20172.910109,624912
260,20172.910109,627288
261,20172.910109,629664
262,20172.910109,632040
263,20172.910109,634416
264,20172.910109,636792
265,20172.910109,639168
266,20172.910109,641544
267,20172.910109,643920
268,20172.910109,646296
269,20172.910109,648672
270,20172.910109,651048
271,20172.910109,653424
272,20172.910109,655800
273,20172.910109,658176
274,20172.910109,660552
275,20172.910109,662928
276,20172.910109,665304
277,20172.910109,667680
278,20172.910109,670056
279,20172.910109,672432
280,20172.910109,674808
281,20172.910109,677184
282,20172.910109,679560
283,20172.910109,681936
284,20172.910109,684312
285,20172.910109,686688
286,20172.910109,689064
287,20172.910109,691440
288,20172.910109,693816
289,20172.910109,696192
290,20172.910109,698568
291,20172.910109,700944
292,20172.910109,703320
293,20172.910109,705696
294,20172.910109,708072
295,20172.910109,710448
20172.910109,44.564432
1,20418.129870,2376
2,20411.341328,4757
3,20387.766424,7138
4,20370.860281,9527
5,20334.043579,11940
6,20323.927647,14374
7,20296.330596,16838
8,20276.427450,19324
9,20265.266494,21835
10,20231.759634,24382
11,20228.561084,26957
12,20227.767643,29551
13,20227.546733,32156
14,20215.971716,34759
15,20214.269449,37370
16,20213.919320,39969
17,20213.642813,42561
18,20181.245096,45158
19,20181.245096,47763
20,20181.245096,50378
21,20181.245096,52957
22,20181.245096,55509
23,20181.245096,58057
24,20181.245096,60597
25,20181.245096,63107
26,20181.245096,65599
27,20181.245096,68095
28,20181.245096,70579
29,20181.245096,73054
30,20181.245096,75520
31,20181.245096,77994
32,20176.268281,80485
33,20176.268281,82982
34,20176.268281,85482
35,20176.268281,88002
36,20176.268281,90491
37,20176.268281,92982
38,20176.268281,95494
39,20176.268281,98005
40,20176.268281,100495
41,20176.268281,102933
42,20176.268281,105378
43,20176.268281,107831
44,20176.268281,110279
45,20176.268281,112746
46,20176.268281,115220
47,20176.268281,117656
48,20176.268281,120097
49,20176.268281,122519
50,20176.268281,124920
51,20176.268281,127314
52,20176.268281,129714
53,20176.268281,132120
54,20176.268281,134534
55,20176.268281,136946
56,20176.268281,139373
57,20176.268281,141796
58,20174.822634,144220
59,20174.822634,146659
60,20174.822634,149107
61,20174.822634,151573
62,20174.822634,154047
63,20174.822634,156537
64,20174.822634,159024
65,20174.822634,161492
66,20174.822634,163970
67,20174.822634,166442
68,20174.822634,168893
69,20174.822634,171334
70,20174.822634,173767
71,20174.822634,176213
72,20174.822634,178648
73,20174.822634,181090
74,20174.822634,183518
75,20174.822634,185949
76,20174.822634,188358
77,20174.822634,190769
78,20174.822634,193179
79,20174.822634,195587
80,20174.822634,197979
81,20174.822634,200364
82,20174.822634,202750
83,20174.822634,205137
84,20174.822634,207531
85,20174.822634,209921
86,20174.822634,212316
87,20174.822634,214712
88,20174.822634,217105
89,20174.822634,219498
90,20174.822634,221893
91,20174.822634,224282
92,20174.822634,226672
93,20174.822634,229058
94,20174.822634,231446
95,20174.822634,233840
96,20174.822634,236232
97,20174.822634,238625
98,20174.822634,241016
99,20174.822634,243409
100,20174.822634,245803
101,20174.822634,248202
102,20174.822634,250601
103,20174.822634,253006
104,20174.822634,255413
105,20174.822634,257814
106,20174.822634,260218
107,20174.822634,262624
108,20174.822634,265026
109,20174.822634,267412
110,20174.822634,269797
111,20174.822634,272183
112,20174.822634,274573
113,20174.822634,276965
114,20174.822634,279354
115,20174.822634,281741
116,20174.822634,284124
117,20174.822634,286514
118,20174.822634,288905
119,20174.822634,291300
120,20174.822634,293694
121,20174.822634,296090
122,20174.822634,298481
123,20174.822634,300868
124,20174.822634,303256
125,20174.822634,305642
126,20174.822634,308028
127,20174.822634,310414
128,20174.822634,312804
129,20174.822634,315193
130,20174.822634,317582
131,20174.822634,319973
132,20174.822634,322364
133,20174.822634,324761
134,20174.822634,327159
135,20174.822634,329558
136,20174.822634,331956
137,20174.822634,334338
138,20174.822634,336720
139,20174.822634,339099
140,20174.822634,341476
141,20174.822634,343854
142,20174.822634,346231
143,20174.822634,348608
144,20174.822634,350985
145,20174.822634,353362
146,20174.822634,355738
147,20174.822634,358114
148,20174.822634,360490
149,20174.822634,362866
150,20174.822634,365243
151,20174.822634,367619
152,20174.822634,369995
153,20174.822634,372371
154,20174.822634,374748
155,20174.822634,377126
156,20174.822634,379504
157,20174.822634,381882
158,20174.822634,384260
159,20174.822634,386639
160,20174.822634,389019
161,20174.822634,391400
162,20174.822634,393781
163,20174.822634,396162
164,20174.822634,398542
165,20174.822634,400922
166,20174.822634,403303
167,20174.822634,405685
168,20174.822634,408067
169,20174.822634,410447
170,20174.822634,412827
171,20174.822634,415208
172,20174.822634,417591
173,20174.822634,419973
174,20174.822634,422354
175,20174.822634,424735
176,20174.822634,427115
177,20174.822634,429495
178,20174.822634,431875
179,20174.822634,434256
180,20174.822634,436635
181,20174.822634,439015
182,20174.822634,441397
183,20174.822634,443780
184,20174.822634,446170
185,20174.822634,448560
186,20174.822634,450952
187,20174.822634,453345
188,20174.822634,455727
189,20174.822634,458106
190,20174.822634,460486
191,20174.822634,462866
192,20174.822634,465246
193,20174.822634,467625
194,20174.822634,470008
195,20174.822634,472391
196,20174.822634,474777
197,20174.822634,477173
198,20174.822634,479575
199,20174.822634,481981
200,20173.855489,484405
201,20173.855489,486845
202,20173.855489,489284
203,20173.855489,491745
204,20173.855489,494223
205,20173.855489,496717
206,20173.855489,499215
207,20173.855489,501707
208,20173.855489,504206
209,20173.855489,506722
210,20173.855489,509237
211,20173.855489,511739
212,20173.855489,514239
213,20173.855489,516701
214,20173.855489,519166
215,20173.855489,521621
216,20173.855489,524073
217,20173.855489,526513
218,20173.855489,528943
219,20173.855489,531370
220,20173.855489,533797
221,20173.855489,536218
222,20173.855489,538636
223,20173.855489,541025
224,20173.855489,543419
225,20173.855489,545818
226,20173.855489,548236
227,20173.855489,550651
228,20173.855489,553099
229,20173.855489,555539
230,20173.532371,558012
231,20173.532371,560509
232,20173.532371,563015
233,20173.532371,565552
234,20173.532371,568058
235,20173.532371,570602
236,20173.532371,573190
237,20173.532371,575756
238,20173.532371,578321
239,20173.532371,580840
240,20173.532371,583345
241,20173.532371,585859
242,20173.532371,588362
243,20173.532371,590872
244,20173.532371,593377
245,20172.910109,595875
246,20172.910109,598344
247,20172.910109,600808
248,20172.910109,603272
249,20172.910109,605708
250,20172.910109,608148
251,20172.910109,610566
252,20172.910109,613003
253,20172.910109,615445
254,20172.910109,617887
255,20172.910109,620321
256,20172.910109,622741
257,20172.910109,625154
258,20172.910109,627574
259,20172.910109,629990
260,20172.910109,632409
261,20172.910109,634820
262,20172.910109,637227
263,20172.910109,639640
264,20172.910109,642068
265,20172.910109,644502
266,20172.910109,646943
267,20172.910109,649356
268,20172.910109,651760
269,20172.910109,654147
270,20172.910109,656535
271,20172.910109,658921
272,20172.910109,661309
273,20172.910109,663688
274,20172.910109,666068
275,20172.910109,668449
276,20172.910109,670829
277,20172.910109,673211
278,20172.910109,675598
279,20172.910109,677984
280,20172.910109,680366
281,20172.910109,682749
282,20172.910109,685133
283,20172.910109,687516
284,20172.910109,689903
285,20172.910109,692291
286,20172.910109,694679
287,20172.910109,697067
288,20172.910109,699455
289,20172.910109,701843
290,20172.910109,704219
291,20172.910109,706595
292,20172.910109,708971
293,20172.910109,711347
20172.910109,46.240999
1,20420.850357,2376
2,20405.470205,4755
3,20382.737040,7134
4,20351.736756,9524
5,20331.277735,11926
6,20307.250804,14353
7,20291.332415,16811
8,20286.745903,19295
9,20275.321936,21803
10,20272.022866,24342
11,20256.612815,26897
12,20230.344173,29450
13,20229.858584,32021
14,20222.664631,34589
15,20221.792784,37175
16,20217.181295,39769
17,20214.390850,42372
18,20214.036859,44964
19,20214.036859,47558
20,20214.036859,50159
21,20214.028428,52756
22,20213.849649,55354
23,20213.849649,57954
24,20213.849649,60556
25,20213.849649,63159
26,20213.738461,65765
27,20181.505254,68372
28,20181.505254,70987
29,20181.505254,73601
30,20181.505254,76212
31,20173.532371,78809
32,20173.532371,81383
33,20173.532371,83963
34,20173.532371,86523
35,20173.532371,89061
36,20173.532371,91582
37,20173.532371,94096
38,20173.532371,96602
39,20173.532371,99092
40,20173.532371,101570
41,20173.532371,104013
42,20173.532371,106447
43,20173.532371,108877
44,20173.532371,111307
45,20173.532371,113731
46,20173.532371,116153
47,20173.532371,118574
48,20173.532371,120989
49,20173.532371,123408
50,20173.532371,125837
51,20173.532371,128265
52,20173.532371,130665
53,20173.532371,133064
54,20173.532371,135466
55,20173.532371,137852
56,20173.532371,140238
57,20173.532371,142626
58,20173.532371,145014
59,20173.532371,147394
60,20173.532371,149776
61,20173.532371,152159
62,20173.532371,154550
63,20173.532371,156944
64,20173.532371,159339
65,20173.532371,161734
66,20173.532371,164117
67,20173.532371,166493
68,20173.532371,168869
69,20173.532371,171245
70,20173.532371,173621
71,20173.532371,175997
72,20173.532371,178373
73,20173.532371,180749
74,20173.532371,183125
75,20173.532371,185501
76,20173.532371,187877
77,20173.532371,190253
78,20173.532371,192629
79,20173.532371,195005
80,20173.532371,197381
81,20173.532371,199757
82,20173.532371,202133
83,20173.532371,204509
84,20173.532371,206885
85,20173.532371,209261
86,20173.532371,211637
87,20173.532371,214013
88,20173.532371,216389
89,20173.532371,218765
90,20173.532371,221141
91,20173.532371,223517
92,20173.532371,225893
93,20173.532371,228269
94,20173.532371,230645
95,20173.532371,233021
96,20173.532371,235397
97,20173.532371,237773
98,20173.532371,240149
99,20173.532371,242525
100,20173.532371,244901
101,20173.532371,247277
102,20173.532371,249653
103,20173.532371,252029
104,20173.532371,254405
105,20173.532371,256781
106,20173.532371,259157
107,20173.532371,261533
108,20173.532371,263909
109,20173.532371,266285
110,20173.532371,268661
111,20173.532371,271037
112,20173.532371,273413
113,20173.532371,275789
114,20173.532371,278165
115,20173.532371,280541
116,20173.532371,282917
117,20173.532371,285293
118,20173.532371,287669
119,20173.532371,290045
120,20173.532371,292421
121,20173.532371,294797
122,20173.532371,297173
123,20173.532371,299549
124,20173.532371,301925
125,20173.532371,304301
126,20173.532371,306677
127,20173.532371,309053
128,20173.532371,311429
129,20173.532371,313805
130,20173.532371,316182
131,20173.532371,318559
132,20173.532371,320937
133,20173.532371,323315
134,20173.532371,325698
135,20173.532371,328086
136,20173.532371,330484
137,20173.532371,332891
138,20172.910109,335312
139,20172.910109,337751
140,20172.910109,340203
141,20172.910109,342670
142,20172.910109,345133
143,20172.910109,347608
144,20172.910109,350088
145,20172.910109,352564
146,20172.910109,355025
147,20172.910109,357481
148,20172.910109,359916
149,20172.910109,362356
150,20172.910109,364778
151,20172.910109,367206
152,20172.910109,369622
153,20172.910109,372040
154,20172.910109,374458
155,20172.910109,376870
156,20172.910109,379285
157,20172.910109,381705
158,20172.910109,384126
159,20172.910109,386540
160,20172.910109,388939
161,20172.910109,391342
162,20172.910109,393747
163,20172.910109,396148
164,20172.910109,398534
165,20172.910109,400917
166,20172.910109,403301
167,20172.910109,405689
168,20172.910109,408078
169,20172.910109,410460
170,20172.910109,412842
171,20172.910109,415218
172,20172.910109,417594
173,20172.910109,419970
174,20172.910109,422346
175,20172.910109,424722
176,20172.910109,427098
177,20172.910109,429474
178,20172.910109,431850
179,20172.910109,434227
180,20172.910109,436610
181,20172.910109,438993
182,20172.910109,441369
183,20172.910109,443745
184,20172.910109,446121
185,20172.910109,448497
186,20172.910109,450873
187,20172.910109,453249
188,20172.910109,455625
189,20172.910109,458001
190,20172.910109,460377
191,20172.910109,462753
192,20172.910109,465129
193,20172.910109,467505
194,20172.910109,469881
195,20172.910109,472257
196,20172.910109,474633
197,20172.910109,477009
198,20172.910109,479385
199,20172.910109,481761
200,20172.910109,484137
201,20172.910109,486513
202,20172.910109,488889
203,20172.910109,491265
204,20172.910109,493641
205,20172.910109,496017
206,20172.910109,498393
207,20172.910109,500769
208,20172.910109,503145
209,20172.910109,505521
210,20172.910109,507897
211,20172.910109,510273
212,20172.910109,512649
213,20172.910109,515025
214,20172.910109,517401
215,20172.910109,519777
216,20172.910109,522153
217,20172.910109,524529
218,20172.910109,526909
219,20172.910109,529293
220,20172.910109,531677
221,20172.910109,534053
222,20172.910109,536429
223,20172.910109,538805
224,20172.910109,541181
225,20172.910109,543557
226,20172.910109,545933
227,20172.910109,548309
228,20172.910109,550685
229,20172.910109,553061
230,20172.910109,555437
231,20172.910109,557814
232,20172.910109,560202
233,20172.910109,562590
234,20172.910109,564966
235,20172.910109,567342
236,20172.910109,569718
237,20172.910109,572094
238,20172.910109,574470
239,20172.910109,576846
240,20172.910109,579222
241,20172.910109,581598
242,20172.910109,583974
243,20172.910109,586350
244,20172.910109,588726
245,20172.910109,591102
246,20172.910109,593478
247,20172.910109,595854
248,20172.910109,598230
249,20172.910109,600606
250,20172.910109,602982
251,20172.910109,605358
252,20172.910109,607734
253,20172.910109,610110
254,20172.910109,612486
255,20172.910109,614862
256,20172.910109,617238
257,20172.910109,619614
258,20172.910109,621992
259,20172.910109,624383
260,20172.910109,626784
261,20172.910109,629188
262,20172.910109,631564
263,20172.910109,633941
264,20172.910109,636324
265,20172.910109,638707
266,20172.910109,641091
267,20172.910109,643485
268,20172.910109,645872
269,20172.910109,648259
270,20172.910109,650646
271,20172.910109,653022
272,20172.910109,655398
273,20172.910109,657774
274,20172.910109,660150
275,20172.910109,662526
276,20172.910109,664902
277,20172.910109,667278
278,20172.910109,669654
279,20172.910109,672030
280,20172.910109,674406
281,20172.910109,676782
282,20172.910109,679158
283,20172.910109,681534
284,20172.910109,683910
285,20172.910109,686286
286,20172.910109,688662
287,20172.910109,691038
288,20172.910109,693414
289,20172.910109,695790
290,20172.910109,698166
291,20172.910109,700542
292,20172.910109,702918
293,20172.910109,705294
294,20172.910109,707670
295,20172.910109,710046
296,20172.910109,712422
20172.910109,44.331060
1,20417.131266,2376
2,20408.454754,4755
3,20383.998838,7134
4,20367.702516,9522
5,20328.514684,11930
6,20319.667900,14368
7,20295.101033,16828
8,20292.458542,19313
9,20260.261845,21819
10,20227.547595,24352
11,20227.547595,26894
12,20219.951377,29461
13,20218.798230,32037
14,20218.798230,34621
15,20214.238339,37206
16,20186.743527,39780
17,20186.743527,42356
18,20186.743527,44914
19,20186.743527,47464
20,20186.743527,50017
21,20186.743527,52549
22,20173.906836,55102
23,20173.871740,57627
24,20173.871740,60145
25,20173.871740,62670
26,20173.871740,65217
27,20173.871740,67759
28,20173.871740,70299
29,20173.871740,72823
30,20173.871740,75347
31,20173.871740,77848
32,20173.871740,80324
33,20173.871740,82787
34,20173.871740,85252
35,20173.871740,87710
36,20173.871740,90165
37,20173.871740,92600
38,20173.871740,95032
39,20173.871740,97464
40,20173.871740,99890
41,20173.871740,102309
42,20173.871740,104727
43,20173.871740,107144
44,20173.871740,109558
45,20173.871740,111977
46,20173.871740,114377
47,20173.871740,116779
48,20173.871740,119182
49,20173.871740,121580
50,20173.871740,123964
51,20173.871740,126350
52,20173.871740,128736
53,20173.871740,131122
54,20173.871740,133507
55,20173.871740,135893
56,20173.871740,138279
57,20173.871740,140665
58,20173.871740,143051
59,20173.871740,145436
60,20173.871740,147822
61,20173.871740,150208
62,20173.871740,152594
63,20173.871740,154980
64,20173.871740,157366
65,20173.871740,159742
66,20173.871740,162118
67,20173.871740,164494
68,20173.871740,166870
69,20173.871740,169246
70,20173.871740,171622
71,20173.871740,173998
72,20173.871740,176374
73,20173.871740,178750
74,20173.871740,181126
75,20173.871740,183502
76,20173.871740,185878
77,20173.871740,188254
78,20173.871740,190630
79,20173.871740,193006
80,20173.871740,195382
81,20173.871740,197758
82,20173.871740,200134
83,20173.871740,202510
84,20173.871740,204886
85,20173.871740,207262
86,20173.871740,209638
87,20173.871740,212014
88,20173.871740,214390
89,20173.871740,216766
90,20173.871740,219142
91,20173.871740,221518
92,20173.871740,223894
93,20173.871740,226270
94,20173.871740,228646
95,20173.871740,231022
96,20173.871740,233398
97,20173.871740,235774
98,20173.871740,238150
99,20173.871740,240526
100,20173.871740,242902
101,20173.871740,245278
102,20173.871740,247654
103,20173.871740,250030
104,20173.871740,252406
105,20173.871740,254782
106,20173.871740,257158
107,20173.871740,259534
108,20173.871740,261910
109,20173.871740,264286
110,20173.871740,266662
111,20173.871740,269038
112,20173.871740,271414
113,20173.871740,273790
114,20173.871740,276166
115,20173.871740,278542
116,20173.871740,280918
117,20173.871740,283294
118,20173.871740,285670
119,20173.871740,288046
120,20173.871740,290423
121,20173.871740,292800
122,20173.871740,295179
123,20173.871740,297560
124,20173.871740,299950
125,20173.855489,302351
126,20173.855489,304759
127,20173.855489,307185
128,20173.855489,309617
129,20173.855489,312072
130,20173.855489,314531
131,20173.855489,317003
132,20173.855489,319482
133,20173.855489,321944
134,20173.855489,324404
135,20173.855489,326866
136,20173.855489,329323
137,20173.855489,331751
138,20173.855489,334160
139,20173.855489,336581
140,20173.855489,339005
141,20173.855489,341434
142,20173.855489,343859
143,20173.855489,346291
144,20173.855489,348716
145,20173.855489,351139
146,20173.855489,353555
147,20173.855489,355981
148,20173.855489,358392
149,20173.855489,360798
150,20173.855489,363197
151,20173.855489,365618
152,20173.532371,368055
153,20173.532371,370500
154,20172.910109,372973
155,20172.910109,375452
156,20172.910109,377948
157,20172.910109,380453
158,20172.910109,382965
159,20172.910109,385470
160,20172.910109,387981
161,20172.910109,390468
162,20172.910109,392936
163,20172.910109,395387
164,20172.910109,397835
165,20172.910109,400284
166,20172.910109,402740
167,20172.910109,405198
168,20172.910109,407642
169,20172.910109,410070
170,20172.910109,412500
171,20172.910109,414926
172,20172.910109,417341
173,20172.910109,419756
174,20172.910109,422177
175,20172.910109,424602
176,20172.910109,427018
177,20172.910109,429436
178,20172.910109,431852
179,20172.910109,434265
180,20172.910109,436685
181,20172.910109,439100
182,20172.910109,441502
183,20172.910109,443908
184,20172.910109,446296
185,20172.910109,448697
186,20172.910109,451087
187,20172.910109,453469
188,20172.910109,455853
189,20172.910109,458236
190,20172.910109,460621
191,20172.910109,463005
192,20172.910109,465391
193,20172.910109,467784
194,20172.910109,470179
195,20172.910109,472573
196,20172.910109,474963
197,20172.910109,477357
198,20172.910109,479753
199,20172.910109,482151
200,20172.910109,484551
201,20172.910109,486951
202,20172.910109,489351
203,20172.910109,491751
204,20172.910109,494151
205,20172.910109,496538
206,20172.910109,498925
207,20172.910109,501310
208,20172.910109,503687
209,20172.910109,506064
210,20172.910109,508442
211,20172.910109,510824
212,20172.910109,513206
213,20172.910109,515588
214,20172.910109,517968
215,20172.910109,520347
216,20172.910109,522728
217,20172.910109,525109
218,20172.910109,527490
219,20172.910109,529872
220,20172.910109,532253
221,20172.910109,534635
222,20172.910109,537016
223,20172.910109,539398
224,20172.910109,541778
225,20172.910109,544157
226,20172.910109,546537
227,20172.910109,548918
228,20172.910109,551298
229,20172.910109,553678
230,20172.910109,556060
231,20172.910109,558442
232,20172.910109,560824
233,20172.910109,563200
234,20172.910109,565576
235,20172.910109,567952
236,20172.910109,570328
237,20172.910109,572704
238,20172.910109,575080
239,20172.910109,577456
240,20172.910109,579832
241,20172.910109,582208
242,20172.910109,584584
243,20172.910109,586960
244,20172.910109,589336
245,20172.910109,591712
246,20172.910109,594088
247,20172.910109,596464
248,20172.910109,598840
249,20172.910109,601216
250,20172.910109,603592
251,20172.910109,605968
252,20172.910109,608344
253,20172.910109,610720
254,20172.910109,613096
255,20172.910109,615472
256,20172.910109,617848
257,20172.910109,620224
258,20172.910109,622600
259,20172.910109,624976
260,20172.910109,627352
261,20172.910109,629728
262,20172.910109,632104
263,20172.910109,634480
264,20172.910109,636856
265,20172.910109,639232
266,20172.910109,641608
267,20172.910109,643984
268,20172.910109,646360
269,20172.910109,648736
270,20172.910109,651112
271,20172.910109,653488
272,20172.910109,655864
273,20172.910109,658240
274,20172.910109,660616
275,20172.910109,662992
276,20172.910109,665368
277,20172.910109,667744
278,20172.910109,670120
279,20172.910109,672496
280,20172.910109,674872
281,20172.910109,677249
282,20172.910109,679644
283,20172.910109,682047
284,20172.910109,684451
285,20172.910109,686846
286,20172.910109,689243
287,20172.910109,691619
288,20172.910109,693995
289,20172.910109,696371
290,20172.910109,698747
291,20172.910109,701123
292,20172.910109,703499
293,20172.910109,705875
294,20172.910109,708251
295,20172.910109,710627
20172.910109,44.799495
1,20421.307916,2376
2,20407.720609,4756
3,20384.339662,7133
4,20378.476452,9524
5,20348.357123,11922
6,20340.247057,14344
7,20302.825566,16777
8,20296.134743,19254
9,20254.432050,21762
10,20252.948545,24293
11,20251.059754,26857
12,20241.296664,29443
13,20221.892214,32038
14,20220.918207,34639
15,20220.247222,37251
16,20220.076636,39863
17,20220.076636,42478
18,20219.319550,45092
19,20218.048050,47709
20,20216.029664,50326
21,20216.002135,52945
22,20215.915529,55563
23,20215.904564,58180
24,20185.718621,60796
25,20185.718621,63394
26,20185.308321,65993
27,20185.308321,68587
28,20185.308321,71171
29,20185.308321,73764
30,20185.308321,76346
31,20184.599909,78909
32,20183.191975,81471
33,20183.191975,84024
34,20183.191975,86581
35,20183.191975,89148
36,20183.191975,91721
37,20183.191975,94289
38,20183.191975,96819
39,20183.191975,99339
40,20183.191975,101841
41,20183.191975,104303
42,20183.191975,106772
43,20183.191975,109242
44,20183.191975,111700
45,20183.191975,114146
46,20183.191975,116584
47,20183.191975,119029
48,20183.191975,121445
49,20183.191975,123865
50,20183.191975,126289
51,20183.191975,128697
52,20183.191975,131103
53,20183.191975,133503
54,20183.191975,135902
55,20183.191975,138301
56,20183.191975,140701
57,20183.191975,143102
58,20183.191975,145500
59,20183.191975,147895
60,20183.191975,150291
61,20183.191975,152686
62,20183.191975,155075
63,20183.191975,157470
64,20183.191975,159866
65,20183.191975,162257
66,20183.191975,164635
67,20183.191975,167013
68,20183.191975,169391
69,20183.191975,171771
70,20183.191975,174150
71,20183.191975,176530
72,20183.191975,178910
73,20183.191975,181290
74,20183.191975,183678
75,20183.191975,186064
76,20183.191975,188449
77,20183.191975,190834
78,20183.191975,193220
79,20183.191975,195605
80,20183.191975,197991
81,20183.191975,200377
82,20183.191975,202753
83,20183.191975,205129
84,20183.191975,207505
85,20183.191975,209881
86,20183.191975,212257
87,20183.191975,214633
88,20183.191975,217009
89,20183.191975,219385
90,20183.191975,221762
91,20183.191975,224139
92,20183.191975,226516
93,20183.191975,228895
94,20183.191975,231277
95,20183.191975,233666
96,20183.191975,236064
97,20183.191975,238473
98,20183.191975,240896
99,20183.191975,243317
100,20182.340757,245757
101,20182.340757,248211
102,20182.340757,250669
103,20182.340757,253134
104,20182.340757,255593
105,20182.340757,258044
106,20182.340757,260497
107,20182.340757,262963
108,20182.340757,265410
109,20182.340757,267850
110,20182.340757,270281
111,20182.340757,272687
112,20182.340757,275100
113,20182.340757,277523
114,20182.340757,279948
115,20182.340757,282381
116,20182.340757,284815
117,20182.340757,287226
118,20182.340757,289619
119,20182.340757,292009
120,20182.340757,294412
121,20182.340757,296816
122,20182.340757,299226
123,20182.340757,301629
124,20182.340757,304031
125,20182.340757,306430
126,20182.340757,308829
127,20182.340757,311215
128,20182.340757,313606
129,20182.340757,315998
130,20182.340757,318398
131,20182.340757,320797
132,20182.340757,323197
133,20182.340757,325604
134,20182.340757,328002
135,20182.340757,330401
136,20182.340757,332800
137,20182.340757,335204
138,20182.340757,337614
139,20182.340757,340025
140,20182.340757,342443
141,20182.340757,344845
142,20182.340757,347254
143,20181.923054,349679
144,20181.923054,352116
145,20181.923054,354582
146,20181.923054,357046
147,20181.923054,359521
148,20181.923054,362010
149,20181.923054,364483
150,20181.923054,366947
151,20181.923054,369418
152,20181.923054,371904
153,20181.923054,374383
154,20181.923054,376863
155,20181.923054,379301
156,20181.923054,381726
157,20181.923054,384141
158,20181.923054,386557
159,20181.923054,388969
160,20181.923054,391378
161,20181.923054,393789
162,20181.923054,396203
163,20181.923054,398609
164,20181.923054,401022
165,20181.923054,403435
166,20181.923054,405841
167,20181.923054,408249
168,20181.923054,410665
169,20181.923054,413080
170,20181.923054,415466
171,20181.923054,417851
172,20181.923054,420237
173,20181.923054,422621
174,20181.923054,424999
175,20181.923054,427377
176,20181.923054,429756
177,20181.923054,432136
178,20181.923054,434517
179,20181.923054,436897
180,20181.923054,439278
181,20181.923054,441658
182,20181.923054,444039
183,20181.923054,446418
184,20181.923054,448799
185,20181.923054,451181
186,20181.923054,453562
187,20181.923054,455944
188,20181.923054,458320
189,20181.923054,460696
190,20181.923054,463072
191,20181.923054,465448
192,20181.923054,467824
193,20181.923054,470200
194,20181.923054,472576
195,20181.923054,474952
196,20181.923054,477328
197,20181.923054,479704
198,20181.923054,482080
199,20181.923054,484456
200,20181.923054,486832
201,20181.923054,489208
202,20181.923054,491584
203,20181.923054,493960
204,20181.923054,496336
205,20181.923054,498712
206,20181.923054,501088
207,20181.923054,503464
208,20181.923054,505840
209,20181.923054,508216
210,20181.923054,510592
211,20181.923054,512968
212,20181.923054,515346
213,20181.923054,517732
214,20181.923054,520118
215,20181.923054,522494
216,20181.923054,524870
217,20181.923054,527246
218,20181.923054,529622
219,20181.923054,531998
220,20181.923054,534374
221,20181.923054,536750
222,20181.923054,539126
223,20181.923054,541502
224,20181.923054,543879
225,20181.923054,546259
226,20181.923054,548642
227,20181.923054,551034
228,20181.923054,553426
229,20181.923054,555809
230,20181.923054,558185
231,20181.923054,560561
232,20181.923054,562937
233,20181.923054,565313
234,20181.923054,567689
235,20181.923054,570065
236,20181.923054,572441
237,20181.923054,574817
238,20181.923054,577193
239,20181.923054,579569
240,20181.923054,581945
241,20181.923054,584321
242,20181.923054,586697
243,20181.923054,589073
244,20181.923054,591449
245,20181.923054,593825
246,20181.923054,596201
247,20181.923054,598577
248,20181.923054,600953
249,20181.923054,603329
250,20181.923054,605705
251,20181.923054,608081
252,20181.923054,610457
253,20181.923054,612833
254,20181.923054,615209
255,20181.923054,617585
256,20181.923054,619961
257,20181.923054,622337
258,20181.923054,624713
259,20181.923054,627090
260,20181.923054,629474
261,20181.923054,631859
262,20181.923054,634235
263,20181.923054,636611
264,20181.923054,638987
265,20181.923054,641363
266,20181.923054,643739
267,20181.923054,646115
268,20181.923054,648491
269,20181.923054,650867
270,20181.923054,653243
271,20181.923054,655619
272,20181.923054,657995
273,20181.923054,660371
274,20181.923054,662747
275,20181.923054,665123
276,20181.923054,667499
277,20181.923054,669875
278,20181.923054,672251
279,20181.923054,674627
280,20181.923054,677003
281,20181.923054,679379
282,20181.923054,681755
283,20181.923054,684131
284,20181.923054,686507
285,20181.923054,688883
286,20181.923054,691263
287,20181.923054,693654
288,20181.923054,696045
289,20181.923054,698421
290,20181.923054,700797
291,20181.923054,703173
292,20181.923054,705555
293,20181.923054,707945
294,20181.923054,710336
295,20181.923054,712712
20181.923054,44.804521
1,20416.944034,2376
2,20409.646656,4754
3,20387.253091,7133
4,20365.445488,9529
5,20343.870688,11941
6,20333.971062,14383
7,20277.564409,16865
8,20277.564409,19371
9,20269.567748,21915
10,20245.083916,24487
11,20224.208608,27080
12,20218.149351,29683
13,20214.661962,32302
14,20214.167983,34928
15,20213.828720,37565
16,20213.703080,40201
17,20213.617452,42844
18,20213.544390,45486
19,20213.520759,48137
20,20213.470438,50791
21,20213.461162,53446
22,20213.461111,56103
23,20190.909804,58760
24,20177.867302,61419
25,20177.867302,64073
26,20177.867302,66724
27,20177.867302,69376
28,20177.867302,72007
29,20177.867302,74623
30,20177.867302,77183
31,20177.867302,79729
32,20177.867302,82268
33,20177.867302,84755
34,20177.867302,87242
35,20177.867302,89708
36,20177.867302,92168
37,20177.867302,94613
38,20177.867302,97034
39,20177.867302,99442
40,20177.867302,101846
41,20177.867302,104259
42,20177.867302,106680
43,20177.867302,109121
44,20177.867302,111573
45,20177.867302,114020
46,20175.964435,116495
47,20175.964435,118951
48,20175.964435,121423
49,20175.964435,123913
50,20175.964435,126426
51,20175.964435,128936
52,20175.964435,131407
53,20175.964435,133846
54,20175.964435,136295
55,20175.964435,138761
56,20175.964435,141225
57,20175.964435,143671
58,20175.964435,146119
59,20175.964435,148558
60,20175.964435,150975
61,20175.964435,153396
62,20175.964435,155816
63,20175.964435,158237
64,20175.964435,160655
65,20175.964435,163072
66,20175.964435,165479
67,20175.964435,167871
68,20175.964435,170270
69,20175.964435,172671
70,20175.964435,175073
71,20175.964435,177483
72,20175.964435,179904
73,20175.964435,182326
74,20172.910109,184761
75,20172.910109,187212
76,20172.910109,189673
77,20172.910109,192135
78,20172.910109,194596
79,20172.910109,197051
80,20172.910109,199532
81,20172.910109,202013
82,20172.910109,204516
83,20172.910109,207045
84,20172.910109,209531
85,20172.910109,212005
86,20172.910109,214486
87,20172.910109,216971
88,20172.910109,219436
89,20172.910109,221906
90,20172.910109,224377
91,20172.910109,226827
92,20172.910109,229268
93,20172.910109,231708
94,20172.910109,234136
95,20172.910109,236568
96,20172.910109,238989
97,20172.910109,241397
98,20172.910109,243812
99,20172.910109,246230
100,20172.910109,248630
101,20172.910109,251029
102,20172.910109,253408
103,20172.910109,255788
104,20172.910109,258168
105,20172.910109,260549
106,20172.910109,262930
107,20172.910109,265312
108,20172.910109,267692
109,20172.910109,270077
110,20172.910109,272462
111,20172.910109,274847
112,20172.910109,277231
113,20172.910109,279615
114,20172.910109,282000
115,20172.910109,284385
116,20172.910109,286770
117,20172.910109,289155
118,20172.910109,291531
119,20172.910109,293907
120,20172.910109,296283
121,20172.910109,298659
122,20172.910109,301035
123,20172.910109,303411
124,20172.910109,305793
125,20172.910109,308185
126,20172.910109,310577
127,20172.910109,312953
128,20172.910109,315329
129,20172.910109,317705
130,20172.910109,320081
131,20172.910109,322457
132,20172.910109,324833
133,20172.910109,327209
134,20172.910109,329585
135,20172.910109,331961
136,20172.910109,334337
137,20172.910109,336713
138,20172.910109,339089
139,20172.910109,341465
140,20172.910109,343841
141,20172.910109,346217
142,20172.910109,348593
143,20172.910109,350969
144,20172.910109,353345
145,20172.910109,355721
146,20172.910109,358097
147,20172.910109,360473
148,20172.910109,362849
149,20172.910109,365225
150,20172.910109,367601
151,20172.910109,369977
152,20172.910109,372353
153,20172.910109,374729
154,20172.910109,377105
155,20172.910109,379481
156,20172.910109,381858
157,20172.910109,384241
158,20172.910109,386625
159,20172.910109,389001
160,20172.910109,391377
161,20172.910109,393753
162,20172.910109,396129
163,20172.910109,398505
164,20172.910109,400881
165,20172.910109,403257
166,20172.910109,405633
167,20172.910109,408009
168,20172.910109,410387
169,20172.910109,412772
170,20172.910109,415157
171,20172.910109,417533
172,20172.910109,419909
173,20172.910109,422285
174,20172.910109,424661
175,20172.910109,427037
176,20172.910109,429413
177,20172.910109,431789
178,20172.910109,434165
179,20172.910109,436542
180,20172.910109,438924
181,20172.910109,441306
182,20172.910109,443682
183,20172.910109,446058
184,20172.910109,448434
185,20172.910109,450810
186,20172.910109,453186
187,20172.910109,455562
188,20172.910109,457938
189,20172.910109,460314
190,20172.910109,462690
191,20172.910109,465066
192,20172.910109,467442
193,20172.910109,469818
194,20172.910109,472194
195,20172.910109,474570
196,20172.910109,476946
197,20172.910109,479322
198,20172.910109,481698
199,20172.910109,484074
200,20172.910109,486450
201,20172.910109,488826
202,20172.910109,491202
203,20172.910109,493578
204,20172.910109,495954
205,20172.910109,498330
206,20172.910109,500706
207,20172.910109,503082
208,20172.910109,505458
209,20172.910109,507834
210,20172.910109,510210
211,20172.910109,512586
212,20172.910109,514962
213,20172.910109,517340
214,20172.910109,519732
215,20172.910109,522125
216,20172.910109,524501
217,20172.910109,526877
218,20172.910109,529253
219,20172.910109,531629
220,20172.910109,534005
221,20172.910109,536381
222,20172.910109,538757
223,20172.910109,541133
224,20172.910109,543509
225,20172.910109,545885
226,20172.910109,548261
227,20172.910109,550637
228,20172.910109,553013
229,20172.910109,555389
230,20172.910109,557765
231,20172.910109,560141
232,20172.910109,562517
233,20172.910109,564893
234,20172.910109,567269
235,20172.910109,569645
236,20172.910109,572021
237,20172.910109,574397
238,20172.910109,576773
239,20172.910109,579149
240,20172.910109,581525
241,20172.910109,583901
242,20172.910109,586279
243,20172.910109,588661
244,20172.910109,591050
245,20172.910109,593439
246,20172.910109,595828
247,20172.910109,598204
248,20172.910109,600580
249,20172.910109,602956
250,20172.910109,605332
251,20172.910109,607708
252,20172.910109,610084
253,20172.910109,612460
254,20172.910109,614836
255,20172.910109,617212
256,20172.910109,619588
257,20172.910109,621964
258,20172.910109,624340
259,20172.910109,626716
260,20172.910109,629092
261,20172.910109,631468
262,20172.910109,633844
263,20172.910109,636220
264,20172.910109,638596
265,20172.910109,640972
266,20172.910109,643348
267,20172.910109,645724
268,20172.910109,648100
269,20172.910109,650476
270,20172.910109,652852
271,20172.910109,655228
272,20172.910109,657604
273,20172.910109,659980
274,20172.910109,662356
275,20172.910109,664732
276,20172.910109,667108
277,20172.910109,669484
278,20172.910109,671860
279,20172.910109,674236
280,20172.910109,676612
281,20172.910109,678988
282,20172.910109,681364
283,20172.910109,683740
284,20172.910109,686116
285,20172.910109,688492
286,20172.910109,690868
287,20172.910109,693244
288,20172.910109,695620
289,20172.910109,697996
290,20172.910109,700372
291,20172.910109,702748
292,20172.910109,705124
293,20172.910109,707500
294,20172.910109,709876
295,20172.910109,712252
20172.910109,44.745146
