1,49405.565958,2376
2,49384.736687,5041
3,49369.136674,7706
4,49361.745783,10371
5,49358.422482,13036
6,49357.519888,15701
7,49357.469582,18366
8,49357.265983,21031
9,49357.053240,23696
10,49357.050722,26361
11,49357.022127,29026
12,49357.022127,31691
13,49357.022127,34356
14,49356.996524,37021
15,49356.996524,39686
16,49356.996524,42351
17,49356.996524,45016
18,49356.996524,47681
19,49356.996524,50345
20,49356.996524,53010
21,49356.996524,55675
22,49356.996524,58340
23,49356.996524,61005
24,49356.996524,63670
25,49356.996524,66335
26,49356.996524,69000
27,49356.996524,71665
28,49356.996524,74329
29,49356.996524,76993
30,49356.996524,79658
31,49356.996524,82323
32,49356.996524,84988
33,49356.996524,87653
34,49356.996524,90317
35,49356.996524,92981
36,49356.996524,95644
37,49356.996524,98308
38,49356.996524,100971
39,49356.996524,103635
40,49356.996524,106299
41,49356.996524,108964
42,49356.996524,111629
43,49356.996524,114294
44,49356.996524,116959
45,49356.996524,119624
46,49356.996524,122289
47,49356.996524,124954
48,49356.996524,127619
49,49356.996524,130284
50,49356.996524,132949
51,49356.996524,135614
52,49356.996524,138279
53,49356.996524,140944
54,49356.996524,143608
55,49356.969932,146273
56,49356.969932,148938
57,49356.969932,151603
58,49356.969932,154267
59,49356.969932,156931
60,49356.969932,159595
61,49356.969932,162260
62,49356.969932,164925
63,49356.969932,167589
64,49356.969932,170254
65,49356.969932,172917
66,49356.969932,175580
67,49356.969932,178245
68,49356.969932,180910
69,49356.969932,183575
70,49356.969932,186239
71,49356.969932,188904
72,49356.969932,191569
73,49356.969932,194234
74,49356.969932,196899
75,49356.969932,199564
76,49356.969932,202229
77,49356.969932,204894
78,49356.969932,207559
79,49356.969932,210224
80,49356.969932,212887
81,49356.969932,215552
82,49356.969932,218217
83,49356.947407,220881
84,49356.947407,223546
85,49356.947407,226211
86,49356.947407,228876
87,49356.947407,231541
88,49356.947407,234205
89,49356.947407,236870
90,49356.947407,239534
91,49356.947407,242199
92,49356.947407,244864
93,49356.947407,247527
94,49356.947407,250192
95,49356.947407,252856
96,49356.947407,255521
97,49356.947407,258186
98,49356.947407,260851
99,49356.947407,263516
100,49356.947407,266180
101,49356.947407,268845
102,49356.947407,271510
103,49356.947407,274173
104,49356.947407,276838
105,49356.947407,279503
106,49356.947407,282167
107,49356.947407,284832
108,49356.947407,287495
109,49356.947407,290160
110,49356.947407,292824
111,49356.947407,295489
112,49356.947407,298154
113,49356.947407,300819
114,49356.947407,303484
115,49356.947407,306149
116,49356.947407,308814
117,49356.947407,311479
118,49356.947407,314144
119,49356.947407,316808
120,49356.947407,319472
121,49356.947407,322137
122,49356.947407,324801
123,49356.947407,327465
124,49356.947407,330130
125,49356.947407,332795
126,49356.947407,335460
127,49356.947407,338125
128,49356.947407,340790
129,49356.947407,343455
130,49356.947407,346120
131,49356.947407,348785
132,49356.947407,351450
133,49356.947407,354114
134,49356.947407,356779
135,49356.947407,359444
136,49356.947407,362109
137,49356.947407,364774
138,49356.947407,367439
139,49356.947407,370103
140,49356.947407,372767
141,49356.947407,375432
142,49356.947407,378095
143,49356.947407,380760
144,49356.945745,383425
145,49356.945745,386090
146,49356.945745,388755
147,49356.945745,391420
148,49356.945745,394085
149,49356.945745,396750
150,49356.945745,399414
151,49356.945745,402079
152,49356.945745,404742
153,49356.945745,407406
154,49356.945745,410068
155,49356.945745,412733
156,49356.945745,415398
157,49356.945745,418063
158,49356.945745,420728
159,49356.945745,423393
160,49356.945745,426057
161,49356.945745,428722
162,49356.945745,431387
163,49356.945745,434051
164,49356.945745,436716
165,49356.945745,439380
166,49356.945745,442045
167,49356.945745,444710
168,49356.945745,447375
169,49356.945745,450040
170,49356.945745,452705
171,49356.945745,455368
172,49356.945745,458030
173,49356.945745,460693
174,49356.945745,463358
175,49356.945745,466023
176,49356.945745,468688
177,49356.945745,471353
178,49356.945745,474018
179,49356.945745,476683
180,49356.945745,479348
181,49356.945745,482013
182,49356.945745,484678
183,49356.945745,487343
184,49356.945745,490008
185,49356.945745,492673
186,49356.943133,495338
187,49356.943133,498003
188,49356.943133,500667
189,49356.943133,503331
190,49356.943133,505996
191,49356.943133,508661
192,49356.943133,511324
193,49356.943133,513989
194,49356.943133,516654
195,49356.943133,519319
196,49356.943133,521984
197,49356.943133,524649
198,49356.943133,527314
199,49356.943133,529979
200,49356.943133,532644
201,49356.943133,535309
202,49356.943133,537974
203,49356.943133,540638
204,49356.943133,543303
205,49356.938472,545967
206,49356.938472,548632
207,49356.938472,551297
208,49356.938472,553962
209,49356.938472,556627
210,49356.938472,559292
211,49356.938472,561957
212,49356.938472,564622
213,49356.938472,567287
214,49356.938472,569950
215,49356.938472,572615
216,49356.938472,575280
217,49356.938472,577945
218,49356.938472,580609
219,49356.938472,583272
220,49356.938472,585935
221,49356.938472,588600
222,49356.938472,591265
223,49356.938472,593930
224,49356.938472,596595
225,49356.938472,599260
226,49356.938472,601924
227,49356.938472,604588
228,49356.938472,607249
229,49356.938472,609914
230,49356.938472,612579
231,49356.938472,615243
232,49356.938472,617907
233,49356.938472,620571
234,49356.938472,623236
235,49356.938472,625901
236,49356.938472,628566
237,49356.938472,631231
238,49356.938472,633896
239,49356.938472,636561
240,49356.938472,639226
241,49356.938472,641891
242,49356.938472,644556
243,49356.938472,647221
244,49356.938472,649886
245,49356.938472,652550
246,49356.938472,655215
247,49356.938472,657880
248,49356.938472,660544
249,49356.938472,663208
250,49356.938472,665873
251,49356.938472,668538
252,49356.938472,671202
253,49356.938472,673866
254,49356.938472,676529
255,49356.938472,679194
256,49356.938472,681857
257,49356.938472,684521
258,49356.938472,687186
259,49356.938472,689851
260,49356.938472,692515
261,49356.938472,695180
262,49356.938472,697845
263,49356.938472,700510
264,49356.938472,703175
265,49356.938472,705840
266,49356.938472,708505
267,49356.938472,711170
268,49356.931273,713835
269,49356.931273,716500
270,49356.931273,719165
271,49356.931273,721830
272,49356.931273,724495
273,49356.931273,727160
274,49356.931273,729825
275,49356.931273,732490
276,49356.931273,735155
277,49356.931273,737820
278,49356.931273,740485
279,49356.931273,743149
280,49356.931273,745814
281,49356.931273,748477
282,49356.931273,751142
283,49356.931273,753807
284,49356.931273,756471
285,49356.931273,759136
286,49356.931273,761800
287,49356.931273,764464
288,49356.931273,767128
289,49356.931273,769792
290,49356.931273,772456
291,49356.931273,775120
292,49356.931273,777785
293,49356.931273,780450
294,49356.931273,783115
295,49356.931273,785780
296,49356.931273,788445
297,49356.931273,791110
298,49356.931273,793775
299,49356.931273,796440
300,49356.931273,799105
301,49356.931273,801770
302,49356.931273,804435
303,49356.931273,807100
304,49356.931273,809765
305,49356.931273,812430
306,49356.931273,815095
307,49356.931273,817760
49356.931273,27.243635
1,49405.322849,2376
2,49380.470491,5016
3,49367.013807,7656
4,49359.927833,10296
5,49358.303916,12936
6,49357.419210,15576
7,49357.076549,18216
8,49357.048405,20856
9,49357.048405,23496
10,49357.038639,26136
11,49357.038639,28776
12,49357.038639,31416
13,49357.038639,34056
14,49357.038639,36696
15,49357.038639,39335
16,49357.038639,41975
17,49357.038639,44615
18,49357.035306,47255
19,49357.002986,49895
20,49357.002986,52535
21,49357.002986,55175
22,49357.002986,57815
23,49357.002986,60454
24,49357.002986,63094
25,49357.002986,65734
26,49357.002986,68373
27,49357.002986,71013
28,49357.002986,73653
29,49356.984069,76293
30,49356.984069,78932
31,49356.953446,81572
32,49356.953446,84212
33,49356.953446,86851
34,49356.953446,89491
35,49356.953446,92131
36,49356.953446,94771
37,49356.953446,97410
38,49356.953446,100050
39,49356.953446,102689
40,49356.953446,105329
41,49356.953446,107969
42,49356.953446,110609
43,49356.953446,113249
44,49356.953446,115889
45,49356.953446,118529
46,49356.953446,121169
47,49356.953446,123809
48,49356.953446,126449
49,49356.953446,129089
50,49356.953446,131729
51,49356.953446,134369
52,49356.948172,137009
53,49356.948172,139647
54,49356.948172,142287
55,49356.948172,144927
56,49356.948172,147567
57,49356.948172,150207
58,49356.948172,152847
59,49356.948172,155487
60,49356.948172,158125
61,49356.948172,160765
62,49356.948172,163405
63,49356.948172,166044
64,49356.948172,168684
65,49356.948172,171323
66,49356.948172,173963
67,49356.948172,176603
68,49356.948172,179242
69,49356.948172,181882
70,49356.948172,184522
71,49356.948172,187162
72,49356.948172,189802
73,49356.948172,192441
74,49356.948172,195080
75,49356.948172,197720
76,49356.948172,200359
77,49356.948172,202999
78,49356.948172,205639
79,49356.948172,208279
80,49356.932973,210918
81,49356.932973,213558
82,49356.932973,216197
83,49356.932973,218836
84,49356.932973,221474
85,49356.932973,224112
86,49356.932973,226752
87,49356.932973,229392
88,49356.932973,232032
89,49356.932973,234672
90,49356.932973,237312
91,49356.932973,239952
92,49356.926820,242591
93,49356.926820,245230
94,49356.926820,247869
95,49356.926820,250508
96,49356.926820,253146
97,49356.926820,255786
98,49356.926820,258425
99,49356.926820,261065
100,49356.926820,263705
101,49356.926820,266344
102,49356.926820,268984
103,49356.926820,271624
104,49356.926820,274264
105,49356.926820,276904
106,49356.926820,279544
107,49356.926820,282183
108,49356.926820,284823
109,49356.926820,287462
110,49356.926820,290102
111,49356.926820,292741
112,49356.926820,295379
113,49356.926820,298019
114,49356.926820,300658
115,49356.926820,303298
116,49356.926820,305938
117,49356.926820,308578
118,49356.926820,311218
119,49356.926820,313858
120,49356.926820,316496
121,49356.926820,319135
122,49356.926820,321775
123,49356.926820,324415
124,49356.926820,327055
125,49356.926820,329695
126,49356.926820,332335
127,49356.926820,334975
128,49356.926820,337614
129,49356.926820,340253
130,49356.926820,342893
131,49356.926820,345533
132,49356.926820,348173
133,49356.926820,350813
134,49356.926820,353453
135,49356.926820,356092
136,49356.926820,358732
137,49356.926820,361371
138,49356.926820,364011
139,49356.926820,366651
140,49356.926820,369291
141,49356.926820,371931
142,49356.926820,374571
143,49356.926820,377210
144,49356.926820,379849
145,49356.926820,382489
146,49356.926820,385129
147,49356.926820,387769
148,49356.926820,390406
149,49356.926820,393045
150,49356.926820,395685
151,49356.926820,398325
152,49356.926820,400965
153,49356.926820,403604
154,49356.926820,406242
155,49356.926820,408882
156,49356.926820,411522
157,49356.926820,414160
158,49356.926820,416799
159,49356.926820,419439
160,49356.926820,422079
161,49356.926820,424719
162,49356.926820,427359
163,49356.926820,429999
164,49356.926820,432639
165,49356.926820,435279
166,49356.926820,437918
167,49356.926820,440557
168,49356.926820,443197
169,49356.926820,445836
170,49356.926820,448476
171,49356.926820,451116
172,49356.926820,453755
173,49356.926820,456394
174,49356.926820,459032
175,49356.926820,461672
176,49356.926820,464312
177,49356.926820,466950
178,49356.926820,469589
179,49356.926820,472229
180,49356.926820,474869
181,49356.926820,477509
182,49356.926820,480149
183,49356.926820,482789
184,49356.926820,485429
185,49356.926820,488069
186,49356.926820,490709
187,49356.926820,493348
188,49356.926820,495988
189,49356.926820,498628
190,49356.926820,501268
191,49356.926820,503907
192,49356.926820,506547
193,49356.926820,509185
194,49356.926820,511824
195,49356.926820,514463
196,49356.926820,517103
197,49356.926820,519741
198,49356.926820,522380
199,49356.926820,525020
200,49356.926820,527660
201,49356.926820,530299
202,49356.926820,532939
203,49356.926820,535579
204,49356.926820,538219
205,49356.926820,540859
206,49356.926820,543498
207,49356.926820,546137
208,49356.926820,548777
209,49356.926820,551417
210,49356.926820,554055
211,49356.926820,556693
212,49356.926820,559333
213,49356.926820,561973
214,49356.926820,564612
215,49356.926820,567251
216,49356.926820,569891
217,49356.926820,572531
218,49356.926820,575171
219,49356.926820,577811
220,49356.926820,580451
221,49356.926820,583091
222,49356.926820,585731
223,49356.926820,588370
224,49356.926820,591010
225,49356.926820,593649
226,49356.926820,596289
227,49356.926820,598929
228,49356.926820,601569
229,49356.926820,604209
230,49356.926820,606849
231,49356.926820,609488
232,49356.926820,612128
233,49356.926820,614768
234,49356.926820,617408
235,49356.926820,620048
236,49356.926820,622688
237,49356.926820,625328
238,49356.926820,627967
239,49356.926820,630606
240,49356.926820,633246
241,49356.926820,635886
242,49356.926820,638526
243,49356.926820,641166
244,49356.926820,643805
245,49356.926820,646444
246,49356.926820,649083
247,49356.926820,651722
248,49356.926820,654362
249,49356.926820,657002
250,49356.926820,659641
251,49356.926820,662281
252,49356.926820,664921
253,49356.926820,667561
254,49356.926820,670201
255,49356.926820,672840
256,49356.926820,675480
257,49356.926820,678120
258,49356.926820,680760
259,49356.926820,683399
260,49356.926820,686039
261,49356.926820,688678
262,49356.926820,691318
263,49356.926820,693957
264,49356.926820,696596
265,49356.926820,699236
266,49356.926820,701876
267,49356.926820,704516
268,49356.926820,707155
269,49356.926820,709793
270,49356.926820,712432
271,49356.926820,715071
272,49356.926820,717711
273,49356.926820,720351
274,49356.926820,722991
275,49356.926820,725630
276,49356.916423,728270
277,49356.916423,730909
278,49356.916423,733548
279,49356.916423,736187
280,49356.916423,738827
281,49356.916423,741467
282,49356.916423,744107
283,49356.916423,746746
284,49356.916423,749385
285,49356.916423,752025
286,49356.916423,754665
287,49356.916423,757304
288,49356.916423,759944
289,49356.916423,762584
290,49356.916423,765224
291,49356.916423,767864
292,49356.916423,770504
293,49356.916423,773144
294,49356.916423,775783
295,49356.916423,778423
296,49356.916423,781063
297,49356.916423,783703
298,49356.916423,786342
299,49356.916423,788982
300,49356.916423,791622
301,49356.916423,794261
302,49356.916423,796899
303,49356.916423,799539
304,49356.916423,802178
305,49356.916423,804817
306,49356.916423,807457
307,49356.916423,810097
308,49356.916423,812737
309,49356.916423,815376
310,49356.916423,818016
49356.916423,27.359530
1,49394.454623,2376
2,49384.065356,5037
3,49367.112162,7698
4,49361.093184,10359
5,49359.511380,13020
6,49357.507583,15681
7,49357.342699,18342
8,49357.161422,21003
9,49356.991494,23664
10,49356.984164,26325
11,49356.984164,28986
12,49356.966896,31647
13,49356.966896,34308
14,49356.966896,36969
15,49356.966896,39630
16,49356.966896,42291
17,49356.966896,44952
18,49356.966896,47613
19,49356.966896,50273
20,49356.966896,52934
21,49356.966896,55595
22,49356.966896,58256
23,49356.966896,60917
24,49356.966896,63578
25,49356.966896,66239
26,49356.966896,68900
27,49356.966896,71560
28,49356.966896,74221
29,49356.966896,76881
30,49356.966896,79542
31,49356.966896,82203
32,49356.966896,84864
33,49356.966896,87525
34,49356.966896,90185
35,49356.966896,92846
36,49356.966896,95507
37,49356.966896,98168
38,49356.966896,100828
39,49356.966896,103489
40,49356.966896,106150
41,49356.966896,108810
42,49356.966896,111470
43,49356.966896,114130
44,49356.966896,116791
45,49356.966896,119451
46,49356.966896,122112
47,49356.966896,124772
48,49356.966896,127433
49,49356.966896,130092
50,49356.966896,132753
51,49356.966896,135414
52,49356.966896,138074
53,49356.966896,140734
54,49356.966896,143393
55,49356.966896,146054
56,49356.966896,148715
57,49356.966896,151376
58,49356.966896,154035
59,49356.966896,156696
60,49356.966896,159357
61,49356.966896,162018
62,49356.966896,164678
63,49356.966896,167339
64,49356.966896,169998
65,49356.921909,172659
66,49356.921909,175320
67,49356.921909,177979
68,49356.921909,180640
69,49356.921909,183301
70,49356.921909,185962
71,49356.921909,188622
72,49356.921909,191283
73,49356.921909,193944
74,49356.921909,196605
75,49356.921909,199266
76,49356.921909,201927
77,49356.921909,204588
78,49356.921909,207249
79,49356.921909,209910
80,49356.921909,212571
81,49356.921909,215232
82,49356.921909,217893
83,49356.921909,220552
84,49356.921909,223213
85,49356.921909,225874
86,49356.921909,228535
87,49356.921909,231195
88,49356.921909,233856
89,49356.921909,236517
90,49356.921909,239178
91,49356.921909,241838
92,49356.921909,244499
93,49356.921909,247160
94,49356.921909,249821
95,49356.921909,252480
96,49356.921909,255141
97,49356.921909,257802
98,49356.921909,260463
99,49356.921909,263124
100,49356.921909,265784
101,49356.921909,268445
102,49356.921909,271106
103,49356.921909,273766
104,49356.921909,276426
105,49356.921909,279085
106,49356.921909,281746
107,49356.921909,284407
108,49356.921909,287068
109,49356.921909,289729
110,49356.921909,292390
111,49356.921909,295051
112,49356.921909,297711
113,49356.921909,300372
114,49356.921909,303031
115,49356.921909,305691
116,49356.921909,308350
117,49356.921909,311011
118,49356.921909,313672
119,49356.921909,316333
120,49356.921909,318994
121,49356.921909,321655
122,49356.921909,324316
123,49356.921909,326976
124,49356.921909,329636
125,49356.921909,332297
126,49356.921909,334958
127,49356.921909,337619
128,49356.921909,340279
129,49356.921909,342939
130,49356.921909,345599
131,49356.921909,348260
132,49356.921909,350921
133,49356.921909,353582
134,49356.921909,356242
135,49356.921909,358903
136,49356.921909,361562
137,49356.921909,364221
138,49356.921909,366881
139,49356.921909,369537
140,49356.921909,372197
141,49356.921909,374858
142,49356.921909,377518
143,49356.921909,380177
144,49356.921909,382838
145,49356.921909,385496
146,49356.921909,388155
147,49356.921909,390815
148,49356.921909,393476
149,49356.921909,396137
150,49356.921909,398798
151,49356.921909,401458
152,49356.921909,404118
153,49356.921909,406777
154,49356.921909,409438
155,49356.921909,412098
156,49356.921909,414757
157,49356.921909,417418
158,49356.921909,420078
159,49356.921909,422739
160,49356.921909,425400
161,49356.921909,428061
162,49356.921909,430722
163,49356.921909,433383
164,49356.921909,436044
165,49356.921909,438705
166,49356.921909,441366
167,49356.921909,444026
168,49356.921909,446687
169,49356.921909,449348
170,49356.921909,452009
171,49356.921909,454670
172,49356.921909,457331
173,49356.921909,459992
174,49356.921909,462652
175,49356.921909,465313
176,49356.921909,467974
177,49356.921909,470635
178,49356.921909,473296
179,49356.921909,475956
180,49356.921909,478617
181,49356.921909,481277
182,49356.921909,483936
183,49356.921909,486597
184,49356.921909,489257
185,49356.921909,491918
186,49356.921909,494579
187,49356.921909,497240
188,49356.921909,499901
189,49356.921909,502562
190,49356.921909,505223
191,49356.921909,507881
192,49356.921909,510542
193,49356.921909,513202
194,49356.921909,515862
195,49356.921909,518522
196,49356.921909,521182
197,49356.921909,523843
198,49356.921909,526502
199,49356.921909,529163
200,49356.921909,531823
201,49356.921909,534484
202,49356.921909,537145
203,49356.921909,539804
204,49356.921909,542464
205,49356.921909,545123
206,49356.921909,547784
207,49356.921909,550445
208,49356.921909,553106
209,49356.921909,555766
210,49356.921909,558427
211,49356.921909,561088
212,49356.921909,563749
213,49356.921909,566410
214,49356.921909,569071
215,49356.921909,571731
216,49356.921909,574392
217,49356.921909,577052
218,49356.921909,579713
219,49356.921909,582374
220,49356.921909,585035
221,49356.921909,587696
222,49356.921909,590354
223,49356.921909,593014
224,49356.921909,595675
225,49356.921909,598336
226,49356.921909,600997
227,49356.921909,603657
228,49356.921909,606317
229,49356.921909,608978
230,49356.921909,611639
231,49356.921909,614299
232,49356.921909,616958
233,49356.921909,619618
234,49356.921909,622279
235,49356.910379,624940
236,49356.907987,627601
237,49356.907987,630259
238,49356.907987,632920
239,49356.907987,635581
240,49356.907987,638242
241,49356.907987,640903
242,49356.907987,643562
243,49356.907987,646223
244,49356.907987,648881
245,49356.907987,651541
246,49356.907987,654201
247,49356.907987,656861
248,49356.907987,659522
249,49356.907987,662183
250,49356.907987,664843
251,49356.907987,667504
252,49356.907987,670163
253,49356.907987,672824
254,49356.907987,675485
255,49356.907987,678146
256,49356.907987,680807
257,49356.907987,683468
258,49356.907987,686129
259,49356.907987,688790
260,49356.907987,691451
261,49356.907987,694112
262,49356.907987,696771
263,49356.907987,699432
264,49356.907987,702089
265,49356.907987,704750
266,49356.907987,707411
267,49356.907987,710072
268,49356.907987,712733
269,49356.907987,715394
270,49356.907987,718054
271,49356.907987,720715
272,49356.907987,723376
273,49356.907987,726036
274,49356.907987,728697
275,49356.907987,731357
276,49356.907987,734018
277,49356.907987,736677
278,49356.907987,739338
279,49356.907987,741999
280,49356.907987,744660
281,49356.907987,747321
282,49356.907987,749982
283,49356.907987,752643
284,49356.907987,755304
285,49356.907987,757963
286,49356.907987,760624
287,49356.907987,763285
288,49356.907987,765946
289,49356.907987,768606
290,49356.907987,771265
291,49356.907987,773926
292,49356.907987,776587
293,49356.907987,779248
294,49356.907987,781909
295,49356.907987,784570
296,49356.907987,787229
297,49356.907987,789889
298,49356.907987,792548
299,49356.907987,795206
300,49356.907987,797867
301,49356.907987,800528
302,49356.907987,803189
303,49356.907987,805848
304,49356.907987,808508
305,49356.907987,811169
306,49356.907987,813829
307,49356.907987,816490
308,49356.907987,819151
49356.907987,27.326344
1,49394.603640,2376
2,49394.603640,5034
3,49378.838411,7692
4,49363.771938,10350
5,49359.246687,13008
6,49357.606348,15666
7,49357.606348,18324
8,49357.117288,20982
9,49357.117288,23640
10,49357.117288,26298
11,49357.051056,28956
12,49356.984218,31614
13,49356.984218,34272
14,49356.981626,36930
15,49356.981626,39588
16,49356.981626,42246
17,49356.976747,44903
18,49356.958885,47561
19,49356.958885,50219
20,49356.958885,52877
21,49356.958885,55535
22,49356.958885,58193
23,49356.958885,60851
24,49356.951649,63508
25,49356.951649,66166
26,49356.951649,68824
27,49356.951649,71482
28,49356.951649,74139
29,49356.951649,76797
30,49356.951649,79455
31,49356.951649,82113
32,49356.951649,84771
33,49356.951649,87429
34,49356.951649,90087
35,49356.951649,92745
36,49356.951649,95403
37,49356.951649,98061
38,49356.951649,100719
39,49356.951649,103377
40,49356.951649,106035
41,49356.951649,108692
42,49356.951649,111350
43,49356.951649,114007
44,49356.951649,116665
45,49356.951649,119323
46,49356.951649,121981
47,49356.951649,124639
48,49356.951649,127297
49,49356.951649,129954
50,49356.951649,132612
51,49356.951649,135270
52,49356.951649,137928
53,49356.951649,140586
54,49356.951649,143244
55,49356.951649,145902
56,49356.951649,148559
57,49356.951649,151217
58,49356.951649,153874
59,49356.951649,156532
60,49356.951649,159190
61,49356.951649,161847
62,49356.951649,164505
63,49356.951649,167163
64,49356.951649,169821
65,49356.951649,172477
66,49356.951649,175133
67,49356.951649,177791
68,49356.951649,180449
69,49356.951649,183106
70,49356.951649,185764
71,49356.951649,188420
72,49356.951649,191077
73,49356.927967,193735
74,49356.927967,196393
75,49356.927967,199049
76,49356.927967,201706
77,49356.927967,204363
78,49356.927967,207021
79,49356.927967,209679
80,49356.927967,212337
81,49356.927967,214995
82,49356.927967,217653
83,49356.927967,220311
84,49356.927967,222969
85,49356.927967,225627
86,49356.927967,228285
87,49356.927967,230940
88,49356.927967,233596
89,49356.927967,236251
90,49356.927967,238907
91,49356.927967,241562
92,49356.927967,244220
93,49356.927967,246878
94,49356.927967,249535
95,49356.927967,252193
96,49356.927967,254850
97,49356.927967,257508
98,49356.927967,260166
99,49356.927967,262823
100,49356.927967,265481
101,49356.927967,268137
102,49356.927967,270794
103,49356.927967,273450
104,49356.927967,276108
105,49356.927967,278766
106,49356.927967,281424
107,49356.927967,284082
108,49356.927967,286740
109,49356.927967,289398
110,49356.927967,292056
111,49356.927967,294714
112,49356.927967,297372
113,49356.927967,300029
114,49356.927967,302685
115,49356.927967,305343
116,49356.927967,308000
117,49356.927967,310658
118,49356.927967,313316
119,49356.927967,315974
120,49356.927967,318632
121,49356.927967,321290
122,49356.927967,323948
123,49356.927967,326606
124,49356.927967,329264
125,49356.927967,331921
126,49356.927967,334579
127,49356.927967,337235
128,49356.927967,339893
129,49356.927967,342550
130,49356.927967,345208
131,49356.927967,347866
132,49356.927967,350524
133,49356.927967,353182
134,49356.927967,355839
135,49356.927967,358496
136,49356.927967,361154
137,49356.927967,363812
138,49356.927967,366470
139,49356.927967,369128
140,49356.927967,371786
141,49356.927967,374443
142,49356.927967,377100
143,49356.927967,379758
144,49356.927967,382415
145,49356.927967,385073
146,49356.927967,387731
147,49356.927967,390388
148,49356.927967,393046
149,49356.927967,395704
150,49356.927967,398362
151,49356.927967,401020
152,49356.927967,403678
153,49356.927967,406336
154,49356.927967,408994
155,49356.927967,411651
156,49356.927967,414309
157,49356.927967,416967
158,49356.927967,419625
159,49356.927967,422280
160,49356.927967,424938
161,49356.918404,427594
162,49356.918404,430252
163,49356.918404,432909
164,49356.918404,435566
165,49356.918404,438224
166,49356.918404,440882
167,49356.918404,443539
168,49356.918404,446195
169,49356.918404,448852
170,49356.918404,451509
171,49356.918404,454167
172,49356.909115,456825
173,49356.909115,459483
174,49356.909115,462141
175,49356.909115,464799
176,49356.909115,467457
177,49356.909115,470115
178,49356.909115,472773
179,49356.909115,475431
180,49356.909115,478087
181,49356.909115,480744
182,49356.909115,483402
183,49356.909115,486060
184,49356.909115,488718
185,49356.909115,491376
186,49356.909115,494034
187,49356.909115,496692
188,49356.909115,499350
189,49356.909115,502008
190,49356.909115,504666
191,49356.909115,507324
192,49356.909115,509982
193,49356.909115,512640
194,49356.909115,515296
195,49356.909115,517953
196,49356.909115,520611
197,49356.909115,523269
198,49356.909115,525927
199,49356.909115,528585
200,49356.909115,531243
201,49356.909115,533900
202,49356.909115,536558
203,49356.909115,539216
204,49356.909115,541874
205,49356.909115,544532
206,49356.909115,547190
207,49356.909115,549845
208,49356.909115,552503
209,49356.909115,555161
210,49356.909115,557819
211,49356.909115,560477
212,49356.909115,563135
213,49356.909115,565793
214,49356.909115,568451
215,49356.909115,571108
216,49356.909115,573765
217,49356.909115,576422
218,49356.909115,579080
219,49356.909115,581738
220,49356.909115,584394
221,49356.909115,587052
222,49356.909115,589710
223,49356.909115,592368
224,49356.909115,595026
225,49356.909115,597684
226,49356.909115,600341
227,49356.909115,602999
228,49356.909115,605657
229,49356.909115,608315
230,49356.909115,610971
231,49356.909115,613629
232,49356.909115,616286
233,49356.909115,618944
234,49356.909115,621602
235,49356.909115,624260
236,49356.909115,626918
237,49356.905431,629576
238,49356.905431,632234
239,49356.903129,634890
240,49356.903129,637548
241,49356.903129,640205
242,49356.903129,642862
243,49356.903129,645519
244,49356.903129,648177
245,49356.903129,650834
246,49356.903129,653491
247,49356.903129,656149
248,49356.903129,658806
249,49356.903129,661464
250,49356.903129,664122
251,49356.903129,666780
252,49356.903129,669438
253,49356.903129,672096
254,49356.903129,674753
255,49356.903129,677411
256,49356.903129,680068
257,49356.903129,682726
258,49356.903129,685384
259,49356.903129,688042
260,49356.903129,690699
261,49356.903129,693357
262,49356.903129,696014
263,49356.903129,698671
264,49356.903129,701329
265,49356.903129,703986
266,49356.903129,706644
267,49356.903129,709302
268,49356.903129,711960
269,49356.903129,714618
270,49356.903129,717276
271,49356.903129,719934
272,49356.903129,722592
273,49356.903129,725250
274,49356.903129,727908
275,49356.903129,730566
276,49356.903129,733224
277,49356.903129,735881
278,49356.903129,738539
279,49356.903129,741197
280,49356.903129,743854
281,49356.903129,746511
282,49356.903129,749169
283,49356.903129,751826
284,49356.903129,754483
285,49356.903129,757141
286,49356.903129,759799
287,49356.903129,762457
288,49356.903129,765115
289,49356.903129,767772
290,49356.903129,770430
291,49356.903129,773087
292,49356.903129,775744
293,49356.903129,778401
294,49356.903129,781059
295,49356.903129,783716
296,49356.903129,786372
297,49356.903129,789028
298,49356.903129,791685
299,49356.903129,794343
300,49356.903129,797001
301,49356.903129,799658
302,49356.903129,802312
303,49356.903129,804970
304,49356.903129,807628
305,49356.903129,810286
306,49356.903129,812941
307,49356.903129,815599
308,49356.903129,818257
49356.903129,27.461440
1,49387.755288,2376
2,49382.832128,5000
3,49364.374213,7624
4,49361.475080,10248
5,49357.709287,12872
6,49357.419565,15496
7,49357.165290,18120
8,49357.165290,20744
9,49357.016054,23368
10,49357.004910,25992
11,49357.004910,28616
12,49356.985566,31240
13,49356.985566,33864
14,49356.985566,36488
15,49356.985566,39112
16,49356.985566,41736
17,49356.982433,44360
18,49356.982433,46984
19,49356.977645,49608
20,49356.977645,52231
21,49356.977645,54855
22,49356.977645,57479
23,49356.977645,60103
24,49356.977645,62726
25,49356.977645,65350
26,49356.977645,67974
27,49356.977645,70598
28,49356.977645,73222
29,49356.977645,75846
30,49356.977645,78470
31,49356.977645,81092
32,49356.977645,83716
33,49356.964127,86339
34,49356.964127,88962
35,49356.964127,91586
36,49356.964127,94210
37,49356.964127,96834
38,49356.964127,99458
39,49356.964127,102082
40,49356.964127,104706
41,49356.964127,107330
42,49356.964127,109954
43,49356.964127,112578
44,49356.964127,115202
45,49356.964127,117826
46,49356.963703,120450
47,49356.963703,123073
48,49356.963703,125697
49,49356.963703,128321
50,49356.963703,130945
51,49356.963703,133569
52,49356.963703,136193
53,49356.963703,138816
54,49356.963703,141439
55,49356.963703,144062
56,49356.963703,146685
57,49356.963703,149309
58,49356.963703,151933
59,49356.963703,154556
60,49356.963703,157179
61,49356.963703,159803
62,49356.963703,162427
63,49356.963703,165051
64,49356.963703,167674
65,49356.963703,170298
66,49356.963703,172922
67,49356.963703,175545
68,49356.963703,178169
69,49356.963703,180793
70,49356.963703,183416
71,49356.963703,186039
72,49356.963703,188663
73,49356.963703,191287
74,49356.963703,193910
75,49356.963703,196534
76,49356.963703,199158
77,49356.963703,201782
78,49356.959190,204406
79,49356.959190,207029
80,49356.959190,209653
81,49356.959190,212277
82,49356.959190,214901
83,49356.959190,217525
84,49356.959190,220149
85,49356.959190,222773
86,49356.959190,225397
87,49356.959190,228021
88,49356.959190,230645
89,49356.959190,233268
90,49356.959190,235892
91,49356.959190,238516
92,49356.959190,241140
93,49356.959190,243764
94,49356.959190,246387
95,49356.959190,249011
96,49356.959190,251635
97,49356.959190,254258
98,49356.959190,256882
99,49356.959190,259506
100,49356.959190,262129
101,49356.959190,264753
102,49356.959190,267377
103,49356.959190,270001
104,49356.959190,272624
105,49356.959190,275248
106,49356.959190,277872
107,49356.959190,280496
108,49356.947180,283120
109,49356.947180,285744
110,49356.946558,288368
111,49356.946558,290992
112,49356.946558,293616
113,49356.946558,296240
114,49356.946558,298862
115,49356.946558,301486
116,49356.946558,304110
117,49356.946558,306734
118,49356.946558,309357
119,49356.946558,311981
120,49356.946558,314605
121,49356.946558,317227
122,49356.946558,319851
123,49356.946558,322475
124,49356.946558,325099
125,49356.946558,327723
126,49356.946558,330347
127,49356.946558,332971
128,49356.946558,335595
129,49356.946558,338219
130,49356.946558,340843
131,49356.946558,343466
132,49356.946558,346090
133,49356.946558,348714
134,49356.946558,351338
135,49356.923720,353962
136,49356.923720,356586
137,49356.923720,359210
138,49356.923720,361833
139,49356.923720,364457
140,49356.923720,367081
141,49356.923720,369705
142,49356.918702,372329
143,49356.918702,374952
144,49356.916884,377576
145,49356.916884,380197
146,49356.916884,382821
147,49356.916884,385445
148,49356.916884,388068
149,49356.916884,390692
150,49356.916884,393316
151,49356.916884,395940
152,49356.916884,398563
153,49356.916884,401187
154,49356.916884,403811
155,49356.916290,406435
156,49356.914069,409059
157,49356.914069,411683
158,49356.914069,414307
159,49356.914069,416931
160,49356.914069,419554
161,49356.914069,422178
162,49356.914069,424802
163,49356.914069,427424
164,49356.914069,430046
165,49356.914069,432670
166,49356.914069,435294
167,49356.914069,437918
168,49356.914069,440542
169,49356.914069,443166
170,49356.914069,445790
171,49356.914069,448413
172,49356.914069,451037
173,49356.914069,453660
174,49356.914069,456281
175,49356.914069,458904
176,49356.914069,461528
177,49356.914069,464151
178,49356.914069,466775
179,49356.914069,469399
180,49356.914069,472021
181,49356.914069,474643
182,49356.914069,477267
183,49356.914069,479891
184,49356.914069,482515
185,49356.914069,485139
186,49356.914069,487763
187,49356.914069,490387
188,49356.914069,493011
189,49356.914069,495635
190,49356.914069,498259
191,49356.914069,500883
192,49356.914069,503507
193,49356.914069,506131
194,49356.914069,508755
195,49356.914069,511378
196,49356.914069,514001
197,49356.914069,516625
198,49356.914069,519249
199,49356.914069,521873
200,49356.914069,524497
201,49356.914069,527120
202,49356.914069,529743
203,49356.914069,532365
204,49356.914069,534989
205,49356.914069,537613
206,49356.914069,540237
207,49356.914069,542859
208,49356.914069,545483
209,49356.914069,548107
210,49356.914069,550731
211,49356.914069,553355
212,49356.914069,555979
213,49356.914069,558603
214,49356.914069,561227
215,49356.914069,563849
216,49356.914069,566473
217,49356.914069,569095
218,49356.914069,571718
219,49356.914069,574342
220,49356.914069,576966
221,49356.914069,579590
222,49356.914069,582214
223,49356.914069,584838
224,49356.914069,587462
225,49356.914069,590086
226,49356.914069,592710
227,49356.914069,595334
228,49356.914069,597958
229,49356.914069,600582
230,49356.914069,603206
231,49356.914069,605830
232,49356.914069,608454
233,49356.914069,611078
234,49356.914069,613702
235,49356.914069,616326
236,49356.914069,618950
237,49356.914069,621574
238,49356.914069,624197
239,49356.914069,626821
240,49356.914069,629445
241,49356.914069,632069
242,49356.914069,634693
243,49356.914069,637317
244,49356.914069,639940
245,49356.914069,642564
246,49356.914069,645188
247,49356.914069,647810
248,49356.914069,650430
249,49356.914069,653053
250,49356.914069,655677
251,49356.914069,658299
252,49356.914069,660923
253,49356.914069,663547
254,49356.914069,666171
255,49356.914069,668795
256,49356.914069,671419
257,49356.914069,674039
258,49356.914069,676663
259,49356.914069,679287
260,49356.912189,681911
261,49356.912189,684535
262,49356.912189,687159
263,49356.912189,689783
264,49356.912189,692407
265,49356.912189,695031
266,49356.912189,697654
267,49356.912189,700276
268,49356.912189,702900
269,49356.912189,705523
270,49356.912189,708147
271,49356.912189,710771
272,49356.912189,713395
273,49356.912189,716019
274,49356.912189,718642
275,49356.912189,721265
276,49356.912189,723889
277,49356.912189,726513
278,49356.912189,729137
279,49356.912189,731760
280,49356.912189,734384
281,49356.912189,737007
282,49356.912189,739630
283,49356.912189,742254
284,49356.912189,744877
285,49356.912189,747500
286,49356.912189,750124
287,49356.912189,752748
288,49356.912189,755372
289,49356.912189,757995
290,49356.912189,760619
291,49356.912189,763243
292,49356.912189,765867
293,49356.912189,768490
294,49356.912189,771114
295,49356.912189,773738
296,49356.912189,776362
297,49356.912189,778986
298,49356.912189,781610
299,49356.912189,784234
300,49356.912189,786857
301,49356.912189,789479
302,49356.912189,792103
303,49356.912189,794727
304,49356.912189,797351
305,49356.912189,799975
306,49356.912189,802599
307,49356.912189,805223
308,49356.912189,807847
309,49356.912189,810471
310,49356.912189,813095
311,49356.912189,815719
312,49356.912189,818343
49356.912189,27.779109
1,49403.898278,2376
2,49383.423728,5023
3,49375.068452,7670
4,49359.919543,10317
5,49358.414419,12964
6,49357.592463,15611
7,49357.592463,18258
8,49357.099187,20905
9,49357.058620,23552
10,49357.058620,26199
11,49357.058620,28846
12,49357.022499,31493
13,49357.022499,34140
14,49357.022499,36787
15,49357.005536,39434
16,49357.005536,42081
17,49357.005536,44728
18,49357.005536,47375
19,49357.005536,50022
20,49357.005536,52669
21,49357.005536,55316
22,49357.005536,57963
23,49357.005536,60610
24,49357.005536,63256
25,49357.005536,65903
26,49356.979959,68550
27,49356.979959,71197
28,49356.979959,73843
29,49356.979959,76490
30,49356.972248,79137
31,49356.972248,81784
32,49356.972248,84431
33,49356.972248,87078
34,49356.972248,89725
35,49356.964542,92370
36,49356.964542,95017
37,49356.964542,97664
38,49356.964542,100311
39,49356.964542,102957
40,49356.964542,105604
41,49356.964542,108251
42,49356.964542,110898
43,49356.964542,113545
44,49356.964542,116191
45,49356.964542,118838
46,49356.952188,121482
47,49356.952188,124129
48,49356.952188,126776
49,49356.952188,129423
50,49356.952188,132070
51,49356.952188,134716
52,49356.952188,137363
53,49356.952188,140010
54,49356.952188,142656
55,49356.952188,145303
56,49356.952188,147949
57,49356.952188,150596
58,49356.952188,153243
59,49356.952188,155888
60,49356.952188,158535
61,49356.952188,161182
62,49356.952188,163829
63,49356.952188,166476
64,49356.952188,169123
65,49356.922858,171770
66,49356.922858,174417
67,49356.922858,177064
68,49356.922858,179711
69,49356.922858,182358
70,49356.922858,185005
71,49356.922858,187652
72,49356.922858,190298
73,49356.922858,192945
74,49356.922858,195591
75,49356.922858,198238
76,49356.922858,200885
77,49356.922858,203531
78,49356.922858,206178
79,49356.922858,208825
80,49356.922858,211472
81,49356.922858,214119
82,49356.922858,216766
83,49356.922858,219413
84,49356.922858,222060
85,49356.922858,224706
86,49356.922858,227351
87,49356.922858,229997
88,49356.922858,232643
89,49356.922858,235289
90,49356.921226,237936
91,49356.921226,240582
92,49356.919193,243227
93,49356.919193,245874
94,49356.919193,248521
95,49356.919193,251168
96,49356.919193,253813
97,49356.919193,256460
98,49356.919193,259107
99,49356.919193,261754
100,49356.919193,264401
101,49356.919193,267048
102,49356.919193,269695
103,49356.919193,272342
104,49356.919193,274988
105,49356.919193,277635
106,49356.919193,280282
107,49356.919193,282929
108,49356.919193,285576
109,49356.919193,288223
110,49356.919193,290870
111,49356.919193,293517
112,49356.919193,296162
113,49356.919193,298809
114,49356.919193,301456
115,49356.919193,304103
116,49356.919193,306750
117,49356.919193,309397
118,49356.919193,312043
119,49356.919193,314690
120,49356.919193,317337
121,49356.919193,319984
122,49356.919193,322630
123,49356.919193,325276
124,49356.919193,327923
125,49356.919193,330569
126,49356.919193,333215
127,49356.919193,335862
128,49356.919193,338509
129,49356.919193,341156
130,49356.919193,343802
131,49356.919193,346449
132,49356.919193,349095
133,49356.919193,351742
134,49356.919193,354389
135,49356.919193,357036
136,49356.919193,359683
137,49356.919193,362330
138,49356.919193,364977
139,49356.919193,367622
140,49356.919193,370268
141,49356.919193,372915
142,49356.919193,375562
143,49356.919193,378209
144,49356.919193,380856
145,49356.919193,383502
146,49356.919193,386149
147,49356.919193,388796
148,49356.919193,391443
149,49356.919193,394089
150,49356.919193,396736
151,49356.919193,399383
152,49356.919193,402030
153,49356.919193,404675
154,49356.919193,407322
155,49356.919193,409968
156,49356.919193,412615
157,49356.919193,415262
158,49356.919193,417909
159,49356.919193,420556
160,49356.919193,423202
161,49356.919193,425849
162,49356.919193,428494
163,49356.919193,431141
164,49356.919193,433788
165,49356.919193,436435
166,49356.919193,439082
167,49356.919193,441729
168,49356.919193,444375
169,49356.919193,447020
170,49356.919193,449667
171,49356.919193,452313
172,49356.919193,454960
173,49356.919193,457606
174,49356.919193,460252
175,49356.919193,462899
176,49356.919193,465546
177,49356.919193,468191
178,49356.919193,470838
179,49356.919193,473485
180,49356.919193,476132
181,49356.919193,478779
182,49356.919193,481425
183,49356.919193,484072
184,49356.919193,486717
185,49356.919193,489364
186,49356.919193,492011
187,49356.919193,494658
188,49356.919193,497305
189,49356.919193,499952
190,49356.919193,502599
191,49356.919193,505246
192,49356.919193,507892
193,49356.919193,510538
194,49356.919193,513185
195,49356.919193,515831
196,49356.919193,518474
197,49356.919193,521121
198,49356.919193,523766
199,49356.919193,526412
200,49356.919193,529057
201,49356.919193,531701
202,49356.919193,534347
203,49356.919193,536991
204,49356.919193,539636
205,49356.919193,542283
206,49356.919193,544930
207,49356.919193,547577
208,49356.919193,550223
209,49356.919193,552869
210,49356.919193,555516
211,49356.919193,558163
212,49356.919193,560810
213,49356.919193,563457
214,49356.919193,566103
215,49356.919193,568750
216,49356.919193,571397
217,49356.919193,574044
218,49356.919193,576690
219,49356.919193,579337
220,49356.919193,581984
221,49356.919193,584631
222,49356.919193,587278
223,49356.919193,589925
224,49356.919193,592572
225,49356.919193,595218
226,49356.919193,597863
227,49356.919193,600505
228,49356.919193,603149
229,49356.919193,605795
230,49356.919193,608442
231,49356.919193,611086
232,49356.919193,613731
233,49356.919193,616377
234,49356.919193,619024
235,49356.919193,621671
236,49356.919193,624318
237,49356.919193,626965
238,49356.919193,629609
239,49356.919193,632255
240,49356.919193,634901
241,49356.919193,637547
242,49356.919193,640194
243,49356.919193,642841
244,49356.919193,645488
245,49356.919193,648135
246,49356.919193,650781
247,49356.919193,653427
248,49356.919193,656074
249,49356.919193,658720
250,49356.919193,661367
251,49356.919193,664013
252,49356.919193,666660
253,49356.919193,669307
254,49356.919193,671952
255,49356.919193,674598
256,49356.919193,677244
257,49356.919193,679891
258,49356.919193,682538
259,49356.919193,685184
260,49356.919193,687831
261,49356.919193,690478
262,49356.919193,693125
263,49356.919193,695772
264,49356.919193,698417
265,49356.919193,701064
266,49356.919193,703711
267,49356.919193,706358
268,49356.919193,709004
269,49356.919193,711651
270,49356.919193,714298
271,49356.919193,716945
272,49356.919193,719591
273,49356.919193,722238
274,49356.919193,724885
275,49356.919193,727532
276,49356.919193,730179
277,49356.919193,732826
278,49356.919193,735473
279,49356.919193,738120
280,49356.919193,740766
281,49356.919193,743413
282,49356.919193,746060
283,49356.919193,748706
284,49356.919193,751353
285,49356.919193,753999
286,49356.919193,756646
287,49356.919193,759293
288,49356.919193,761940
289,49356.919193,764587
290,49356.919193,767234
291,49356.919193,769881
292,49356.919193,772528
293,49356.919193,775174
294,49356.919193,777820
295,49356.919193,780467
296,49356.919193,783114
297,49356.919193,785761
298,49356.919193,788407
299,49356.919193,791053
300,49356.919193,793699
301,49356.919193,796346
302,49356.919193,798992
303,49356.919193,801639
304,49356.919193,804286
305,49356.919193,806932
306,49356.919193,809579
307,49356.919193,812226
308,49356.919193,814873
309,49356.919193,817519
310,49356.919193,820166
49356.919193,27.574700
1,49405.517021,2376
2,49405.517021,5001
3,49405.517021,7626
4,49362.972276,10251
5,49358.304635,12876
6,49357.640617,15501
7,49357.640617,18126
8,49357.143766,20751
9,49357.091697,23376
10,49357.091697,26001
11,49357.091697,28626
12,49357.091697,31251
13,49357.091697,33876
14,49357.021472,36501
15,49357.021472,39125
16,49357.021472,41750
17,49357.021472,44375
18,49357.021472,47000
19,49357.021472,49624
20,49357.021472,52249
21,49357.021472,54874
22,49357.021472,57499
23,49357.021472,60124
24,49357.021472,62749
25,49357.021472,65374
26,49357.021472,67999
27,49357.021472,70624
28,49357.008640,73249
29,49357.008640,75874
30,49357.008640,78498
31,49357.008640,81122
32,49357.008640,83747
33,49357.008640,86372
34,49357.008640,88997
35,49357.008640,91622
36,49357.008640,94246
37,49357.008640,96871
38,49357.008640,99496
39,49357.008640,102121
40,49357.008640,104746
41,49357.008640,107371
42,49357.008640,109996
43,49357.008640,112619
44,49357.008640,115240
45,49357.008640,117862
46,49357.008640,120487
47,49357.008640,123112
48,49357.008640,125736
49,49357.008640,128361
50,49357.008640,130985
51,49357.008640,133608
52,49357.008640,136233
53,49356.958188,138858
54,49356.958188,141483
55,49356.958188,144108
56,49356.958188,146733
57,49356.958188,149358
58,49356.958188,151982
59,49356.958188,154607
60,49356.958188,157231
61,49356.958188,159855
62,49356.958188,162480
63,49356.958188,165105
64,49356.958188,167730
65,49356.958188,170355
66,49356.956980,172980
67,49356.956980,175605
68,49356.956980,178230
69,49356.956980,180855
70,49356.956980,183480
71,49356.956980,186105
72,49356.956980,188730
73,49356.956980,191355
74,49356.956980,193980
75,49356.956980,196605
76,49356.956980,199230
77,49356.956980,201855
78,49356.956980,204477
79,49356.956980,207101
80,49356.956980,209725
81,49356.956980,212350
82,49356.956980,214973
83,49356.956980,217598
84,49356.956980,220223
85,49356.956980,222848
86,49356.956980,225473
87,49356.956980,228097
88,49356.956980,230722
89,49356.956980,233347
90,49356.956980,235972
91,49356.956980,238597
92,49356.956980,241222
93,49356.956980,243847
94,49356.956980,246472
95,49356.956980,249096
96,49356.956980,251719
97,49356.936012,254343
98,49356.936012,256967
99,49356.936012,259591
100,49356.936012,262215
101,49356.936012,264840
102,49356.936012,267463
103,49356.936012,270088
104,49356.936012,272713
105,49356.936012,275338
106,49356.920940,277963
107,49356.920940,280588
108,49356.920940,283213
109,49356.920940,285835
110,49356.920940,288460
111,49356.920940,291085
112,49356.920940,293710
113,49356.920940,296333
114,49356.920940,298958
115,49356.920940,301583
116,49356.920940,304208
117,49356.920940,306832
118,49356.920940,309455
119,49356.920940,312080
120,49356.920940,314705
121,49356.920940,317330
122,49356.920940,319954
123,49356.920940,322578
124,49356.920940,325201
125,49356.920940,327826
126,49356.920940,330450
127,49356.920940,333075
128,49356.920940,335700
129,49356.920940,338325
130,49356.920940,340950
131,49356.920940,343574
132,49356.920940,346199
133,49356.920940,348824
134,49356.920940,351449
135,49356.920940,354073
136,49356.920940,356698
137,49356.920940,359323
138,49356.920940,361948
139,49356.920940,364572
140,49356.920940,367197
141,49356.920940,369822
142,49356.920940,372447
143,49356.920940,375072
144,49356.920940,377697
145,49356.920940,380321
146,49356.920940,382945
147,49356.920940,385570
148,49356.920940,388195
149,49356.920940,390820
150,49356.920940,393445
151,49356.920940,396069
152,49356.920940,398694
153,49356.920940,401319
154,49356.920940,403944
155,49356.920940,406569
156,49356.920940,409194
157,49356.920940,411818
158,49356.920940,414443
159,49356.920940,417068
160,49356.920940,419692
161,49356.920940,422317
162,49356.920940,424942
163,49356.920940,427566
164,49356.920940,430190
165,49356.920940,432814
166,49356.920940,435439
167,49356.920940,438064
168,49356.920940,440689
169,49356.920940,443314
170,49356.920940,445939
171,49356.920940,448563
172,49356.920940,451186
173,49356.920940,453811
174,49356.920940,456435
175,49356.920940,459059
176,49356.920940,461684
177,49356.920940,464309
178,49356.920940,466932
179,49356.920940,469557
180,49356.920940,472182
181,49356.920940,474806
182,49356.920940,477430
183,49356.920940,480055
184,49356.920940,482679
185,49356.920940,485304
186,49356.920940,487929
187,49356.920940,490554
188,49356.920940,493179
189,49356.920940,495804
190,49356.920940,498428
191,49356.920940,501053
192,49356.920940,503677
193,49356.920940,506302
194,49356.920940,508926
195,49356.920940,511549
196,49356.920940,514173
197,49356.920940,516798
198,49356.920940,519423
199,49356.920940,522048
200,49356.920940,524672
201,49356.920940,527296
202,49356.920940,529921
203,49356.920940,532546
204,49356.920940,535171
205,49356.920940,537796
206,49356.920940,540420
207,49356.920940,543043
208,49356.920940,545668
209,49356.920940,548293
210,49356.920940,550918
211,49356.920940,553543
212,49356.920940,556168
213,49356.920940,558793
214,49356.920940,561417
215,49356.920940,564042
216,49356.920940,566666
217,49356.920940,569291
218,49356.920940,571916
219,49356.920940,574538
220,49356.920940,577163
221,49356.920940,579788
222,49356.920940,582413
223,49356.920940,585038
224,49356.920940,587663
225,49356.920940,590287
226,49356.920940,592912
227,49356.920940,595537
228,49356.920940,598162
229,49356.920940,600786
230,49356.920940,603411
231,49356.920940,606036
232,49356.920940,608656
233,49356.920940,611280
234,49356.920940,613904
235,49356.920940,616529
236,49356.920940,619151
237,49356.920940,621773
238,49356.920940,624398
239,49356.920940,627023
240,49356.920940,629648
241,49356.920940,632273
242,49356.920940,634898
243,49356.920940,637523
244,49356.920940,640148
245,49356.920940,642772
246,49356.920940,645396
247,49356.920940,648020
248,49356.920940,650645
249,49356.920940,653270
250,49356.920940,655895
251,49356.920940,658520
252,49356.920940,661145
253,49356.920940,663770
254,49356.920940,666395
255,49356.920940,669020
256,49356.920940,671645
257,49356.920940,674270
258,49356.920940,676895
259,49356.920940,679518
260,49356.920940,682143
261,49356.920940,684766
262,49356.920940,687391
263,49356.920940,690016
264,49356.920940,692641
265,49356.920940,695266
266,49356.920940,697891
267,49356.920940,700516
268,49356.920940,703141
269,49356.920940,705764
270,49356.920940,708389
271,49356.920940,711014
272,49356.920940,713639
273,49356.920940,716264
274,49356.920940,718888
275,49356.920940,721511
276,49356.920940,724136
277,49356.920940,726761
278,49356.920940,729386
279,49356.920940,732011
280,49356.920940,734636
281,49356.920940,737261
282,49356.920940,739884
283,49356.920940,742509
284,49356.920940,745134
285,49356.920940,747759
286,49356.920940,750384
287,49356.920940,753009
288,49356.920940,755634
289,49356.920940,758258
290,49356.920940,760883
291,49356.920940,763508
292,49356.920940,766132
293,49356.920940,768756
294,49356.920940,771381
295,49356.920940,774006
296,49356.920940,776631
297,49356.920940,779256
298,49356.920940,781881
299,49356.920940,784505
300,49356.920940,787130
301,49356.920940,789754
302,49356.920940,792379
303,49356.920940,795004
304,49356.920940,797629
305,49356.920940,800254
306,49356.920940,802879
307,49356.920940,805502
308,49356.920940,808127
309,49356.920940,810752
310,49356.920940,813376
311,49356.920940,816000
312,49356.920940,818625
49356.920940,27.746381
1,49403.234863,2376
2,49380.176573,5002
3,49374.520943,7628
4,49374.520943,10254
5,49358.242884,12880
6,49358.004772,15506
7,49357.363039,18132
8,49357.107812,20758
9,49357.089245,23384
10,49357.038503,26010
11,49357.028256,28636
12,49357.028256,31262
13,49357.028256,33888
14,49357.028256,36514
15,49356.996122,39140
16,49356.967092,41766
17,49356.967092,44392
18,49356.967092,47018
19,49356.967092,49644
20,49356.967092,52270
21,49356.967092,54896
22,49356.967092,57522
23,49356.967092,60148
24,49356.967092,62774
25,49356.967092,65400
26,49356.967092,68026
27,49356.967092,70652
28,49356.967092,73278
29,49356.967092,75904
30,49356.967092,78530
31,49356.967092,81156
32,49356.967092,83781
33,49356.967092,86407
34,49356.965012,89033
35,49356.965012,91659
36,49356.965012,94281
37,49356.965012,96906
38,49356.965012,99531
39,49356.965012,102157
40,49356.965012,104781
41,49356.965012,107407
42,49356.965012,110033
43,49356.965012,112659
44,49356.965012,115284
45,49356.965012,117910
46,49356.965012,120536
47,49356.965012,123162
48,49356.965012,125787
49,49356.965012,128413
50,49356.965012,131039
51,49356.965012,133663
52,49356.965012,136289
53,49356.965012,138915
54,49356.965012,141541
55,49356.965012,144167
56,49356.965012,146793
57,49356.965012,149419
58,49356.965012,152045
59,49356.965012,154670
60,49356.965012,157296
61,49356.965012,159922
62,49356.965012,162547
63,49356.965012,165173
64,49356.965012,167798
65,49356.943133,170424
66,49356.943133,173049
67,49356.943133,175675
68,49356.943133,178301
69,49356.943133,180926
70,49356.943133,183552
71,49356.943133,186176
72,49356.943133,188802
73,49356.943133,191428
74,49356.943133,194054
75,49356.943133,196680
76,49356.943133,199304
77,49356.943133,201930
78,49356.943133,204556
79,49356.943133,207182
80,49356.943133,209807
81,49356.943133,212433
82,49356.943133,215057
83,49356.943133,217681
84,49356.943133,220307
85,49356.943133,222933
86,49356.943133,225559
87,49356.943133,228185
88,49356.943133,230810
89,49356.943133,233436
90,49356.943133,236062
91,49356.943133,238686
92,49356.943133,241312
93,49356.943133,243937
94,49356.943133,246562
95,49356.943133,249188
96,49356.943133,251814
97,49356.943133,254439
98,49356.943133,257065
99,49356.943133,259691
100,49356.943133,262317
101,49356.943133,264943
102,49356.943133,267569
103,49356.943133,270195
104,49356.943133,272821
105,49356.943133,275447
106,49356.943133,278072
107,49356.943133,280698
108,49356.943133,283324
109,49356.911028,285949
110,49356.911028,288575
111,49356.911028,291201
112,49356.911028,293827
113,49356.911028,296453
114,49356.911028,299079
115,49356.911028,301705
116,49356.911028,304331
117,49356.911028,306956
118,49356.911028,309582
119,49356.911028,312205
120,49356.911028,314828
121,49356.911028,317452
122,49356.911028,320077
123,49356.911028,322703
124,49356.911028,325329
125,49356.911028,327955
126,49356.911028,330581
127,49356.911028,333207
128,49356.911028,335832
129,49356.911028,338458
130,49356.911028,341084
131,49356.911028,343710
132,49356.911028,346336
133,49356.911028,348962
134,49356.911028,351588
135,49356.911028,354214
136,49356.911028,356839
137,49356.911028,359465
138,49356.911028,362090
139,49356.911028,364715
140,49356.911028,367341
141,49356.911028,369967
142,49356.911028,372593
143,49356.911028,375219
144,49356.911028,377845
145,49356.911028,380471
146,49356.911028,383096
147,49356.911028,385722
148,49356.911028,388348
149,49356.911028,390974
150,49356.911028,393600
151,49356.911028,396226
152,49356.911028,398851
153,49356.911028,401476
154,49356.911028,404102
155,49356.911028,406728
156,49356.911028,409354
157,49356.911028,411980
158,49356.911028,414606
159,49356.911028,417231
160,49356.911028,419857
161,49356.911028,422483
162,49356.911028,425108
163,49356.911028,427734
164,49356.911028,430360
165,49356.911028,432986
166,49356.911028,435612
167,49356.911028,438238
168,49356.911028,440863
169,49356.911028,443488
170,49356.911028,446113
171,49356.911028,448737
172,49356.911028,451362
173,49356.911028,453988
174,49356.911028,456614
175,49356.911028,459240
176,49356.911028,461866
177,49356.911028,464492
178,49356.911028,467118
179,49356.911028,469744
180,49356.911028,472369
181,49356.911028,474994
182,49356.911028,477620
183,49356.911028,480246
184,49356.911028,482872
185,49356.911028,485498
186,49356.911028,488124
187,49356.911028,490750
188,49356.911028,493376
189,49356.911028,496002
190,49356.911028,498628
191,49356.911028,501254
192,49356.911028,503880
193,49356.911028,506506
194,49356.911028,509131
195,49356.911028,511757
196,49356.911028,514383
197,49356.911028,517008
198,49356.911028,519634
199,49356.911028,522260
200,49356.911028,524886
201,49356.911028,527512
202,49356.911028,530136
203,49356.911028,532762
204,49356.911028,535386
205,49356.911028,538011
206,49356.911028,540637
207,49356.911028,543263
208,49356.911028,545889
209,49356.911028,548515
210,49356.911028,551139
211,49356.911028,553765
212,49356.911028,556389
213,49356.911028,559014
214,49356.911028,561640
215,49356.911028,564266
216,49356.911028,566892
217,49356.911028,569518
218,49356.911028,572144
219,49356.911028,574769
220,49356.911028,577395
221,49356.911028,580020
222,49356.911028,582646
223,49356.911028,585272
224,49356.911028,587897
225,49356.911028,590523
226,49356.911028,593149
227,49356.911028,595775
228,49356.911028,598401
229,49356.911028,601026
230,49356.911028,603652
231,49356.911028,606278
232,49356.911028,608904
233,49356.911028,611530
234,49356.911028,614156
235,49356.911028,616782
236,49356.911028,619408
237,49356.911028,622034
238,49356.911028,624660
239,49356.911028,627286
240,49356.911028,629912
241,49356.911028,632538
242,49356.911028,635164
243,49356.911028,637790
244,49356.911028,640416
245,49356.911028,643042
246,49356.911028,645668
247,49356.911028,648293
248,49356.911028,650917
249,49356.911028,653540
250,49356.911028,656163
251,49356.911028,658788
252,49356.911028,661413
253,49356.911028,664039
254,49356.911028,666663
255,49356.911028,669288
256,49356.911028,671912
257,49356.911028,674537
258,49356.911028,677163
259,49356.911028,679789
260,49356.910775,682414
261,49356.910775,685039
262,49356.910775,687665
263,49356.910775,690291
264,49356.908571,692917
265,49356.908571,695543
266,49356.908571,698169
267,49356.908571,700795
268,49356.908571,703421
269,49356.908571,706047
270,49356.908571,708673
271,49356.908571,711299
272,49356.908571,713925
273,49356.908571,716551
274,49356.908571,719177
275,49356.908571,721803
276,49356.908571,724428
277,49356.908571,727054
278,49356.908571,729680
279,49356.908571,732306
280,49356.908571,734932
281,49356.908571,737557
282,49356.908571,740181
283,49356.908571,742807
284,49356.908571,745432
285,49356.908571,748057
286,49356.908571,750683
287,49356.908571,753309
288,49356.908571,755934
289,49356.908571,758559
290,49356.908571,761184
291,49356.908571,763810
292,49356.908571,766436
293,49356.908571,769062
294,49356.908571,771686
295,49356.908571,774312
296,49356.908571,776938
297,49356.908571,779563
298,49356.908571,782188
299,49356.908571,784813
300,49356.908571,787439
301,49356.908571,790063
302,49356.908571,792688
303,49356.908571,795314
304,49356.908571,797940
305,49356.908571,800566
306,49356.908571,803192
307,49356.904893,805818
308,49356.904893,808444
309,49356.904893,811070
310,49356.904893,813696
311,49356.904893,816322
312,49356.904893,818948
49356.904893,27.452887
1,49397.806553,2376
2,49387.391292,5008
3,49371.340347,7640
4,49365.939284,10272
5,49360.090186,12904
6,49358.051138,15536
7,49357.538661,18168
8,49357.176603,20800
9,49357.043135,23432
10,49357.043135,26064
11,49357.043135,28696
12,49357.043135,31328
13,49357.043135,33960
14,49357.005321,36592
15,49357.005321,39224
16,49357.005321,41856
17,49357.005321,44488
18,49357.005321,47120
19,49357.005321,49752
20,49357.005321,52384
21,49356.998132,55016
22,49356.998132,57648
23,49356.998132,60279
24,49356.998132,62911
25,49356.998132,65543
26,49356.998132,68175
27,49356.998132,70807
28,49356.998132,73437
29,49356.998132,76069
30,49356.998132,78699
31,49356.974099,81330
32,49356.974099,83960
33,49356.974099,86591
34,49356.974099,89222
35,49356.974099,91854
36,49356.974099,94484
37,49356.974099,97114
38,49356.974099,99744
39,49356.974099,102376
40,49356.974099,105008
41,49356.974099,107639
42,49356.974099,110271
43,49356.974099,112903
44,49356.974099,115535
45,49356.974099,118167
46,49356.974099,120798
47,49356.974099,123430
48,49356.974099,126062
49,49356.974099,128693
50,49356.974099,131325
51,49356.974099,133957
52,49356.974099,136588
53,49356.974099,139220
54,49356.974099,141852
55,49356.974099,144484
56,49356.974099,147116
57,49356.966556,149748
58,49356.966556,152380
59,49356.945009,155012
60,49356.945009,157644
61,49356.945009,160276
62,49356.945009,162907
63,49356.945009,165538
64,49356.945009,168170
65,49356.945009,170802
66,49356.945009,173434
67,49356.945009,176066
68,49356.945009,178698
69,49356.945009,181330
70,49356.945009,183962
71,49356.945009,186594
72,49356.945009,189226
73,49356.945009,191858
74,49356.945009,194490
75,49356.945009,197121
76,49356.945009,199753
77,49356.945009,202384
78,49356.945009,205015
79,49356.945009,207646
80,49356.945009,210278
81,49356.934031,212909
82,49356.934031,215539
83,49356.934031,218169
84,49356.934031,220800
85,49356.934031,223429
86,49356.934031,226061
87,49356.934031,228692
88,49356.934031,231324
89,49356.934031,233956
90,49356.934031,236587
91,49356.934031,239219
92,49356.934031,241851
93,49356.934031,244483
94,49356.934031,247115
95,49356.934031,249747
96,49356.934031,252379
97,49356.934031,255011
98,49356.934031,257643
99,49356.934031,260274
100,49356.934031,262905
101,49356.934031,265537
102,49356.934031,268169
103,49356.934031,270800
104,49356.934031,273432
105,49356.934031,276064
106,49356.934031,278696
107,49356.934031,281328
108,49356.934031,283960
109,49356.934031,286592
110,49356.934031,289224
111,49356.934031,291856
112,49356.934031,294487
113,49356.934031,297119
114,49356.934031,299751
115,49356.934031,302383
116,49356.934031,305015
117,49356.934031,307647
118,49356.934031,310279
119,49356.934031,312911
120,49356.934031,315543
121,49356.934031,318174
122,49356.934031,320806
123,49356.934031,323438
124,49356.934031,326070
125,49356.934031,328702
126,49356.934031,331334
127,49356.934031,333966
128,49356.934031,336597
129,49356.934031,339228
130,49356.934031,341860
131,49356.934031,344492
132,49356.934031,347124
133,49356.934031,349755
134,49356.934031,352387
135,49356.918489,355019
136,49356.918489,357651
137,49356.918489,360283
138,49356.918489,362914
139,49356.918489,365546
140,49356.918489,368177
141,49356.918489,370809
142,49356.918489,373441
143,49356.918489,376073
144,49356.918489,378704
145,49356.918489,381336
146,49356.918489,383967
147,49356.918489,386598
148,49356.918489,389230
149,49356.918489,391862
150,49356.918489,394494
151,49356.918489,397126
152,49356.918489,399757
153,49356.918489,402389
154,49356.918489,405021
155,49356.918489,407653
156,49356.918489,410285
157,49356.918489,412917
158,49356.918489,415548
159,49356.918489,418180
160,49356.918489,420812
161,49356.918489,423444
162,49356.918489,426076
163,49356.918489,428707
164,49356.918489,431339
165,49356.918489,433969
166,49356.918489,436600
167,49356.918489,439232
168,49356.918489,441864
169,49356.918489,444496
170,49356.918489,447128
171,49356.918489,449760
172,49356.918489,452392
173,49356.918489,455023
174,49356.918489,457655
175,49356.918489,460287
176,49356.918489,462919
177,49356.918489,465551
178,49356.918489,468183
179,49356.918489,470814
180,49356.918489,473446
181,49356.918489,476075
182,49356.918489,478706
183,49356.918489,481338
184,49356.918489,483969
185,49356.918489,486601
186,49356.918489,489233
187,49356.918489,491865
188,49356.918489,494497
189,49356.918489,497129
190,49356.918489,499761
191,49356.918489,502392
192,49356.918489,505024
193,49356.918489,507656
194,49356.918489,510287
195,49356.918489,512919
196,49356.918489,515551
197,49356.918489,518183
198,49356.918489,520814
199,49356.911059,523446
200,49356.911059,526078
201,49356.911059,528710
202,49356.911059,531342
203,49356.911059,533973
204,49356.911059,536604
205,49356.911059,539235
206,49356.911059,541867
207,49356.911059,544499
208,49356.911059,547131
209,49356.911059,549763
210,49356.911059,552395
211,49356.911059,555027
212,49356.911059,557658
213,49356.911059,560290
214,49356.911059,562920
215,49356.911059,565552
216,49356.911059,568183
217,49356.911059,570815
218,49356.911059,573447
219,49356.911059,576078
220,49356.911059,578710
221,49356.911059,581342
222,49356.911059,583972
223,49356.911059,586604
224,49356.911059,589236
225,49356.911059,591868
226,49356.911059,594499
227,49356.911059,597131
228,49356.911059,599761
229,49356.911059,602393
230,49356.911059,605025
231,49356.911059,607657
232,49356.911059,610289
233,49356.911059,612920
234,49356.911059,615552
235,49356.911059,618183
236,49356.911059,620814
237,49356.911059,623446
238,49356.911059,626078
239,49356.911059,628707
240,49356.911059,631336
241,49356.911059,633968
242,49356.911059,636598
243,49356.911059,639229
244,49356.911059,641861
245,49356.911059,644493
246,49356.911059,647125
247,49356.911059,649757
248,49356.911059,652388
249,49356.911059,655020
250,49356.911059,657652
251,49356.911059,660284
252,49356.911059,662916
253,49356.911059,665547
254,49356.911059,668178
255,49356.911059,670810
256,49356.911059,673442
257,49356.911059,676074
258,49356.911059,678706
259,49356.911059,681338
260,49356.911059,683970
261,49356.911059,686602
262,49356.911059,689233
263,49356.911059,691865
264,49356.911059,694496
265,49356.911059,697128
266,49356.911059,699758
267,49356.911059,702390
268,49356.911059,705021
269,49356.911059,707653
270,49356.911059,710285
271,49356.911059,712917
272,49356.911059,715548
273,49356.911059,718179
274,49356.911059,720810
275,49356.911059,723442
276,49356.911059,726073
277,49356.911059,728704
278,49356.911059,731335
279,49356.911059,733967
280,49356.911059,736599
281,49356.911059,739231
282,49356.911059,741863
283,49356.911059,744495
284,49356.911059,747127
285,49356.911059,749759
286,49356.911059,752391
287,49356.911059,755022
288,49356.911059,757654
289,49356.911059,760284
290,49356.911059,762916
291,49356.911059,765548
292,49356.911059,768180
293,49356.911059,770812
294,49356.911059,773444
295,49356.911059,776074
296,49356.911059,778705
297,49356.911059,781336
298,49356.911059,783968
299,49356.911059,786599
300,49356.911059,789231
301,49356.911059,791862
302,49356.911059,794494
303,49356.911059,797126
304,49356.911059,799757
305,49356.911059,802388
306,49356.911059,805020
307,49356.911059,807651
308,49356.911059,810283
309,49356.911059,812915
310,49356.911059,815546
311,49356.911059,818176
49356.911059,27.861707
1,49387.153049,2376
2,49378.197138,5035
3,49366.211573,7694
4,49359.585876,10353
5,49357.704864,13012
6,49357.330709,15671
7,49357.215975,18330
8,49357.068895,20989
9,49357.068895,23648
10,49357.050966,26307
11,49357.020445,28966
12,49357.020445,31625
13,49357.020445,34284
14,49357.020445,36943
15,49357.020445,39602
16,49357.020445,42261
17,49357.020445,44920
18,49357.020445,47579
19,49357.008554,50238
20,49357.008554,52897
21,49357.008554,55556
22,49357.000197,58215
23,49357.000197,60874
24,49357.000197,63533
25,49357.000197,66192
26,49357.000197,68851
27,49357.000197,71510
28,49357.000197,74169
29,49357.000197,76828
30,49356.991927,79485
31,49356.991927,82144
32,49356.991927,84803
33,49356.991927,87462
34,49356.991927,90121
35,49356.991927,92780
36,49356.991927,95439
37,49356.973227,98098
38,49356.973227,100757
39,49356.973227,103416
40,49356.956424,106074
41,49356.956424,108733
42,49356.956424,111392
43,49356.956424,114051
44,49356.956424,116710
45,49356.956424,119369
46,49356.956424,122028
47,49356.956424,124686
48,49356.956424,127345
49,49356.956424,130004
50,49356.956424,132663
51,49356.956424,135321
52,49356.956424,137980
53,49356.956424,140638
54,49356.956424,143297
55,49356.956424,145956
56,49356.936984,148614
57,49356.936984,151273
58,49356.936984,153932
59,49356.936984,156591
60,49356.936984,159250
61,49356.936984,161908
62,49356.936984,164567
63,49356.936984,167226
64,49356.936984,169885
65,49356.936984,172544
66,49356.936984,175202
67,49356.936984,177861
68,49356.936984,180520
69,49356.936984,183179
70,49356.936984,185837
71,49356.936984,188496
72,49356.932438,191155
73,49356.932438,193813
74,49356.932438,196472
75,49356.932438,199131
76,49356.932438,201790
77,49356.932438,204448
78,49356.932438,207107
79,49356.932438,209766
80,49356.932438,212425
81,49356.932438,215084
82,49356.932438,217742
83,49356.932438,220401
84,49356.932438,223060
85,49356.932438,225719
86,49356.932438,228378
87,49356.932438,231037
88,49356.932438,233696
89,49356.932438,236355
90,49356.932438,239014
91,49356.932438,241673
92,49356.932438,244332
93,49356.932438,246989
94,49356.932438,249648
95,49356.932438,252307
96,49356.932438,254966
97,49356.932438,257625
98,49356.932438,260284
99,49356.932438,262941
100,49356.932438,265600
101,49356.932438,268258
102,49356.932438,270917
103,49356.932438,273575
104,49356.932438,276234
105,49356.932438,278893
106,49356.932438,281552
107,49356.932438,284211
108,49356.922978,286870
109,49356.922978,289528
110,49356.922978,292187
111,49356.922978,294846
112,49356.922978,297505
113,49356.922978,300164
114,49356.922978,302823
115,49356.922978,305482
116,49356.922978,308141
117,49356.922978,310799
118,49356.922978,313458
119,49356.922978,316117
120,49356.922978,318775
121,49356.922978,321433
122,49356.922978,324091
123,49356.922978,326750
124,49356.922978,329409
125,49356.922978,332068
126,49356.922978,334726
127,49356.922978,337384
128,49356.922978,340043
129,49356.922978,342702
130,49356.922978,345361
131,49356.922978,348020
132,49356.922978,350679
133,49356.922978,353338
134,49356.922978,355997
135,49356.922978,358656
136,49356.922978,361315
137,49356.922978,363974
138,49356.922978,366633
139,49356.922978,369292
140,49356.916360,371951
141,49356.916360,374610
142,49356.916360,377269
143,49356.916360,379928
144,49356.916360,382587
145,49356.916360,385245
146,49356.916360,387903
147,49356.916360,390562
148,49356.916360,393221
149,49356.916360,395880
150,49356.916360,398539
151,49356.916360,401198
152,49356.916360,403857
153,49356.916360,406516
154,49356.916360,409174
155,49356.916360,411833
156,49356.916360,414492
157,49356.916360,417151
158,49356.916360,419810
159,49356.916360,422469
160,49356.916360,425128
161,49356.916360,427787
162,49356.916360,430445
163,49356.916360,433104
164,49356.916360,435763
165,49356.916360,438420
166,49356.916360,441077
167,49356.916360,443736
168,49356.916360,446395
169,49356.916360,449053
170,49356.916360,451712
171,49356.916360,454371
172,49356.916360,457030
173,49356.916360,459688
174,49356.916360,462347
175,49356.916360,465006
176,49356.916360,467665
177,49356.916360,470324
178,49356.916360,472983
179,49356.916360,475642
180,49356.916360,478301
181,49356.916360,480960
182,49356.916360,483619
183,49356.916360,486278
184,49356.916360,488937
185,49356.916360,491594
186,49356.916360,494251
187,49356.916360,496910
188,49356.916360,499569
189,49356.916360,502227
190,49356.916360,504886
191,49356.910836,507543
192,49356.910836,510202
193,49356.910836,512859
194,49356.910836,515516
195,49356.910836,518174
196,49356.910836,520833
197,49356.910836,523492
198,49356.910836,526151
199,49356.910836,528810
200,49356.910836,531468
201,49356.910836,534126
202,49356.910836,536785
203,49356.910836,539444
204,49356.910836,542103
205,49356.910836,544762
206,49356.910836,547421
207,49356.910836,550080
208,49356.910836,552739
209,49356.910836,555398
210,49356.910836,558057
211,49356.910836,560716
212,49356.910836,563375
213,49356.910836,566033
214,49356.910836,568692
215,49356.910836,571351
216,49356.910836,574010
217,49356.910836,576669
218,49356.910836,579328
219,49356.910836,581987
220,49356.910836,584645
221,49356.910836,587304
222,49356.910836,589963
223,49356.910836,592621
224,49356.910836,595277
225,49356.910836,597936
226,49356.910836,600595
227,49356.910836,603254
228,49356.910836,605913
229,49356.910836,608571
230,49356.910836,611229
231,49356.910836,613887
232,49356.910836,616543
233,49356.910836,619202
234,49356.910836,621861
235,49356.910836,624520
236,49356.910836,627179
237,49356.910836,629837
238,49356.910836,632496
239,49356.910836,635154
240,49356.910836,637812
241,49356.910836,640471
242,49356.910836,643129
243,49356.910836,645788
244,49356.910836,648447
245,49356.910836,651106
246,49356.910836,653765
247,49356.910836,656424
248,49356.910836,659083
249,49356.910836,661742
250,49356.910836,664401
251,49356.910836,667060
252,49356.910836,669719
253,49356.910836,672378
254,49356.910836,675036
255,49356.910836,677695
256,49356.910836,680354
257,49356.910836,683013
258,49356.910836,685672
259,49356.910836,688330
260,49356.910836,690988
261,49356.910836,693647
262,49356.910836,696306
263,49356.910836,698965
264,49356.910836,701624
265,49356.910836,704282
266,49356.908780,706941
267,49356.908780,709600
268,49356.908780,712259
269,49356.908780,714918
270,49356.908780,717577
271,49356.908780,720236
272,49356.908780,722895
273,49356.908780,725554
274,49356.908780,728213
275,49356.908780,730872
276,49356.908780,733531
277,49356.908780,736190
278,49356.908780,738849
279,49356.908780,741508
280,49356.908780,744167
281,49356.908780,746825
282,49356.908780,749484
283,49356.908780,752142
284,49356.908780,754801
285,49356.908780,757460
286,49356.908780,760118
287,49356.908780,762777
288,49356.908780,765433
289,49356.908780,768092
290,49356.908780,770750
291,49356.908780,773408
292,49356.908780,776067
293,49356.908780,778726
294,49356.908780,781383
295,49356.908780,784042
296,49356.908780,786701
297,49356.908780,789358
298,49356.908780,792016
299,49356.908780,794674
300,49356.908780,797333
301,49356.908780,799990
302,49356.908780,802649
303,49356.908780,805308
304,49356.908780,807967
305,49356.908780,810626
306,49356.908780,813285
307,49356.908780,815944
308,49356.908780,818603
49356.908780,27.550940
