1,20462.845315,2376
2,20453.655956,4752
3,20424.138861,7128
4,20405.197470,9516
5,20380.321499,11917
6,20359.487599,14363
7,20346.019692,16841
8,20332.725681,19337
9,20313.501556,21858
10,20269.982917,24417
11,20269.982917,27003
12,20232.703332,29607
13,20229.036392,32226
14,20221.400958,34848
15,20220.311215,37490
16,20217.229728,40135
17,20215.322745,42784
18,20214.100202,45434
19,20213.932908,48091
20,20213.832653,50752
21,20213.806261,53410
22,20211.475150,56068
23,20211.475150,58717
24,20182.066576,61365
25,20182.066576,63994
26,20177.827583,66633
27,20177.827583,69245
28,20177.827583,71825
29,20177.827583,74390
30,20177.827583,76942
31,20177.827583,79486
32,20177.827583,81982
33,20177.827583,84465
34,20177.827583,86926
35,20177.827583,89378
36,20177.827583,91820
37,20177.827583,94263
38,20177.827583,96706
39,20177.827583,99147
40,20177.827583,101588
41,20177.827583,104030
42,20177.827583,106489
43,20173.863822,108971
44,20173.863822,111451
45,20173.863822,113926
46,20173.863822,116402
47,20173.863822,118878
48,20173.863822,121362
49,20173.863822,123844
50,20173.863822,126319
51,20173.863822,128785
52,20173.863822,131258
53,20173.863822,133730
54,20173.863822,136195
55,20173.863822,138629
56,20173.863822,141050
57,20173.863822,143474
58,20173.863822,145896
59,20173.863822,148327
60,20173.863822,150766
61,20173.863822,153179
62,20173.863822,155587
63,20173.863822,158010
64,20173.863822,160432
65,20173.863822,162848
66,20173.863822,165258
67,20173.863822,167671
68,20173.863822,170081
69,20173.863822,172495
70,20173.863822,174922
71,20173.863822,177350
72,20173.863822,179761
73,20173.863822,182172
74,20173.863822,184563
75,20173.863822,186956
76,20173.863822,189353
77,20173.863822,191742
78,20173.863822,194130
79,20173.863822,196517
80,20173.863822,198904
81,20173.863822,201287
82,20173.863822,203674
83,20173.863822,206060
84,20173.863822,208446
85,20173.863822,210832
86,20173.863822,213213
87,20173.863822,215593
88,20173.863822,217977
89,20173.863822,220361
90,20173.863822,222747
91,20173.863822,225135
92,20173.863822,227526
93,20173.863822,229915
94,20173.863822,232306
95,20173.863822,234700
96,20173.863822,237092
97,20173.863822,239482
98,20173.863822,241875
99,20173.863822,244272
100,20173.863822,246667
101,20173.863822,249063
102,20173.863822,251462
103,20173.863822,253856
104,20173.863822,256250
105,20173.863822,258649
106,20173.863822,261055
107,20173.863822,263450
108,20173.863822,265843
109,20173.863822,268241
110,20173.863822,270627
111,20173.863822,273009
112,20173.863822,275391
113,20173.863822,277776
114,20173.863822,280159
115,20173.863822,282543
116,20173.863822,284926
117,20173.863822,287307
118,20173.863822,289689
119,20173.863822,292073
120,20173.863822,294460
121,20173.863822,296844
122,20173.863822,299225
123,20173.863822,301606
124,20173.863822,303989
125,20173.863822,306371
126,20173.863822,308751
127,20173.863822,311132
128,20173.863822,313516
129,20173.863822,315902
130,20173.863822,318285
131,20173.863822,320669
132,20173.863822,323054
133,20173.863822,325440
134,20173.863822,327825
135,20173.863822,330211
136,20173.863822,332594
137,20173.863822,334973
138,20173.863822,337358
139,20173.863822,339738
140,20173.863822,342120
141,20173.863822,344504
142,20173.863822,346888
143,20173.863822,349273
144,20173.863822,351661
145,20173.863822,354051
146,20173.863822,356442
147,20173.863822,358834
148,20173.863822,361225
149,20173.863822,363614
150,20173.863822,366003
151,20173.863822,368393
152,20173.863822,370786
153,20173.863822,373178
154,20173.863822,375576
155,20173.863822,377979
156,20173.863822,380384
157,20173.863822,382797
158,20173.863822,385229
159,20173.863822,387680
160,20173.787930,390129
161,20173.787930,392585
162,20172.910109,395053
163,20172.910109,397528
164,20172.910109,400014
165,20172.910109,402507
166,20172.910109,405015
167,20172.910109,407521
168,20172.910109,410019
169,20172.910109,412518
170,20172.910109,415013
171,20172.910109,417502
172,20172.910109,419960
173,20172.910109,422422
174,20172.910109,424888
175,20172.910109,427331
176,20172.910109,429783
177,20172.910109,432226
178,20172.910109,434651
179,20172.910109,437075
180,20172.910109,439505
181,20172.910109,441927
182,20172.910109,444335
183,20172.910109,446732
184,20172.910109,449133
185,20172.910109,451540
186,20172.910109,453950
187,20172.910109,456360
188,20172.910109,458774
189,20172.910109,461189
190,20172.910109,463605
191,20172.910109,466015
192,20172.910109,468413
193,20172.910109,470807
194,20172.910109,473205
195,20172.910109,475584
196,20172.910109,477964
197,20172.910109,480344
198,20172.910109,482725
199,20172.910109,485106
200,20172.910109,487490
201,20172.910109,489877
202,20172.910109,492266
203,20172.910109,494647
204,20172.910109,497028
205,20172.910109,499409
206,20172.910109,501790
207,20172.910109,504172
208,20172.910109,506553
209,20172.910109,508936
210,20172.910109,511320
211,20172.910109,513705
212,20172.910109,516089
213,20172.910109,518480
214,20172.910109,520881
215,20172.910109,523273
216,20172.910109,525649
217,20172.910109,528025
218,20172.910109,530401
219,20172.910109,532777
220,20172.910109,535153
221,20172.910109,537529
222,20172.910109,539905
223,20172.910109,542281
224,20172.910109,544657
225,20172.910109,547033
226,20172.910109,549409
227,20172.910109,551785
228,20172.910109,554161
229,20172.910109,556537
230,20172.910109,558913
231,20172.910109,561289
232,20172.910109,563665
233,20172.910109,566041
234,20172.910109,568417
235,20172.910109,570793
236,20172.910109,573169
237,20172.910109,575545
238,20172.910109,577921
239,20172.910109,580297
240,20172.910109,582673
241,20172.910109,585049
242,20172.910109,587425
243,20172.910109,589801
244,20172.910109,592177
245,20172.910109,594553
246,20172.910109,596929
247,20172.910109,599305
248,20172.910109,601681
249,20172.910109,604057
250,20172.910109,606433
251,20172.910109,608809
252,20172.910109,611185
253,20172.910109,613561
254,20172.910109,615937
255,20172.910109,618313
256,20172.910109,620689
257,20172.910109,623065
258,20172.910109,625441
259,20172.910109,627817
260,20172.910109,630193
261,20172.910109,632569
262,20172.910109,634945
263,20172.910109,637321
264,20172.910109,639697
265,20172.910109,642073
266,20172.910109,644449
267,20172.910109,646825
268,20172.910109,649201
269,20172.910109,651577
270,20172.910109,653953
271,20172.910109,656329
272,20172.910109,658705
273,20172.910109,661081
274,20172.910109,663457
275,20172.910109,665833
276,20172.910109,668209
277,20172.910109,670585
278,20172.910109,672961
279,20172.910109,675337
280,20172.910109,677713
281,20172.910109,680089
282,20172.910109,682465
283,20172.910109,684841
284,20172.910109,687217
285,20172.910109,689593
286,20172.910109,691969
287,20172.910109,694345
288,20172.910109,696721
289,20172.910109,699097
290,20172.910109,701473
291,20172.910109,703849
292,20172.910109,706225
293,20172.910109,708601
294,20172.910109,710977
20172.910109,44.956642
1,20464.390043,2376
2,20447.200582,4752
3,20422.357434,7128
4,20399.189185,9513
5,20379.745321,11913
6,20348.307604,14330
7,20336.374886,16782
8,20324.143751,19258
9,20313.788047,21760
10,20306.898804,24292
11,20300.928883,26845
12,20279.319322,29409
13,20224.891936,31994
14,20219.485380,34586
15,20216.756353,37191
16,20215.754973,39799
17,20215.412612,42413
18,20215.230197,45031
19,20215.159856,47649
20,20214.895033,50274
21,20214.887146,52899
22,20214.503110,55531
23,20214.475819,58163
24,20178.725861,60798
25,20178.725861,63431
26,20178.725861,66059
27,20178.725861,68687
28,20178.725861,71316
29,20178.725861,73906
30,20178.725861,76479
31,20178.725861,79007
32,20178.725861,81525
33,20178.725861,84035
34,20178.725861,86508
35,20178.725861,88953
36,20178.725861,91398
37,20178.725861,93843
38,20178.725861,96270
39,20178.725861,98686
40,20178.725861,101103
41,20178.725861,103493
42,20178.725861,105875
43,20178.725861,108261
44,20178.725861,110656
45,20178.725861,113052
46,20178.725861,115434
47,20178.725861,117816
48,20178.725861,120198
49,20178.725861,122580
50,20178.725861,124962
51,20178.725861,127344
52,20178.725861,129720
53,20178.725861,132096
54,20178.725861,134472
55,20178.725861,136848
56,20178.725861,139224
57,20178.725861,141600
58,20178.725861,143976
59,20178.725861,146352
60,20178.725861,148728
61,20178.725861,151104
62,20178.725861,153480
63,20178.725861,155856
64,20178.725861,158232
65,20178.725861,160608
66,20178.725861,162984
67,20178.725861,165360
68,20178.725861,167736
69,20178.725861,170112
70,20178.725861,172488
71,20178.725861,174864
72,20178.725861,177240
73,20178.725861,179616
74,20178.725861,181992
75,20178.725861,184368
76,20178.725861,186744
77,20178.725861,189120
78,20178.725861,191496
79,20178.725861,193872
80,20178.725861,196248
81,20178.725861,198624
82,20178.725861,201000
83,20178.725861,203376
84,20178.725861,205752
85,20178.725861,208128
86,20178.725861,210504
87,20178.725861,212880
88,20178.725861,215256
89,20178.725861,217632
90,20178.725861,220008
91,20178.725861,222384
92,20178.725861,224760
93,20178.725861,227136
94,20178.725861,229512
95,20178.725861,231888
96,20178.725861,234264
97,20178.725861,236640
98,20178.725861,239016
99,20178.725861,241392
100,20178.725861,243768
101,20178.725861,246144
102,20178.725861,248520
103,20178.725861,250896
104,20178.725861,253272
105,20178.725861,255648
106,20178.725861,258024
107,20178.725861,260400
108,20178.725861,262776
109,20178.725861,265152
110,20178.725861,267528
111,20178.725861,269904
112,20178.725861,272280
113,20178.725861,274656
114,20178.725861,277032
115,20178.725861,279408
116,20178.725861,281784
117,20178.725861,284160
118,20178.725861,286536
119,20178.725861,288913
120,20178.725861,291291
121,20178.725861,293674
122,20178.725861,296063
123,20178.725861,298453
124,20178.725861,300862
125,20176.927744,303269
126,20176.927744,305700
127,20176.927744,308135
128,20176.927744,310574
129,20176.927744,313026
130,20176.927744,315485
131,20176.927744,317945
132,20176.927744,320410
133,20176.927744,322852
134,20176.927744,325302
135,20176.927744,327748
136,20176.927744,330198
137,20176.927744,332642
138,20176.927744,335087
139,20176.927744,337539
140,20176.927744,339974
141,20176.927744,342392
142,20176.927744,344818
143,20176.927744,347252
144,20176.927744,349663
145,20176.927744,352080
146,20176.927744,354504
147,20176.927744,356925
148,20176.927744,359333
149,20176.927744,361743
150,20176.927744,364155
151,20176.927744,366556
152,20176.927744,368954
153,20176.927744,371351
154,20176.927744,373748
155,20176.927744,376147
156,20176.927744,378545
157,20176.927744,380944
158,20176.927744,383341
159,20176.927744,385728
160,20176.927744,388115
161,20176.927744,390502
162,20176.927744,392892
163,20176.927744,395283
164,20176.927744,397673
165,20176.927744,400066
166,20176.927744,402461
167,20176.927744,404852
168,20176.927744,407248
169,20176.927744,409642
170,20176.927744,412039
171,20176.927744,414431
172,20176.927744,416825
173,20176.927744,419218
174,20176.927744,421615
175,20176.927744,424011
176,20176.927744,426415
177,20176.927744,428821
178,20176.927744,431212
179,20176.927744,433607
180,20176.927744,436000
181,20176.927744,438394
182,20176.927744,440791
183,20176.927744,443185
184,20176.927744,445581
185,20176.927744,447966
186,20176.927744,450354
187,20176.927744,452743
188,20176.927744,455134
189,20176.927744,457514
190,20176.927744,459896
191,20176.927744,462280
192,20176.927744,464675
193,20176.927744,467075
194,20176.927744,469480
195,20176.927744,471893
196,20176.927744,474297
197,20176.927744,476690
198,20176.927744,479073
199,20176.927744,481456
200,20176.927744,483839
201,20176.927744,486219
202,20176.927744,488604
203,20176.927744,490988
204,20176.927744,493374
205,20176.927744,495762
206,20176.927744,498160
207,20176.927744,500566
208,20176.927744,502972
209,20176.927744,505382
210,20176.927744,507805
211,20176.927744,510227
212,20174.390702,512652
213,20174.390702,515091
214,20174.390702,517546
215,20174.390702,520008
216,20174.390702,522483
217,20174.390702,524949
218,20174.390702,527434
219,20174.390702,529903
220,20174.390702,532374
221,20174.390702,534829
222,20174.390702,537255
223,20174.390702,539680
224,20174.390702,542102
225,20174.390702,544525
226,20174.390702,546943
227,20174.390702,549371
228,20174.390702,551774
229,20174.390702,554187
230,20174.390702,556595
231,20174.390702,559001
232,20174.390702,561396
233,20174.390702,563791
234,20174.390702,566186
235,20174.390702,568583
236,20174.390702,570977
237,20174.390702,573376
238,20174.390702,575771
239,20174.390702,578167
240,20174.390702,580562
241,20174.390702,582965
242,20174.390702,585367
243,20174.390702,587766
244,20174.390702,590164
245,20174.390702,592568
246,20174.390702,594973
247,20174.390702,597378
248,20174.390702,599782
249,20174.390702,602191
250,20174.390702,604599
251,20174.390702,607011
252,20174.390702,609420
253,20174.390702,611829
254,20174.390702,614235
255,20174.390702,616628
256,20174.390702,619020
257,20174.390702,621414
258,20174.390702,623807
259,20174.390702,626203
260,20174.390702,628601
261,20174.390702,631004
262,20174.390702,633408
263,20174.390702,635812
264,20174.390702,638216
265,20174.390702,640622
266,20174.390702,643026
267,20174.390702,645431
268,20174.390702,647827
269,20174.390702,650224
270,20174.390702,652633
271,20174.390702,655053
272,20174.390702,657475
273,20174.390702,659877
274,20174.390702,662274
275,20174.390702,664666
276,20174.390702,667059
277,20174.390702,669457
278,20174.390702,671856
279,20174.390702,674260
280,20174.390702,676667
281,20174.390702,679063
282,20174.390702,681451
283,20174.390702,683843
284,20174.390702,686238
285,20174.390702,688638
286,20174.390702,691036
287,20174.390702,693426
288,20174.390702,695802
289,20174.390702,698178
290,20174.390702,700554
291,20174.390702,702931
292,20174.390702,705309
293,20174.390702,707688
294,20174.390702,710067
295,20174.390702,712454
20174.390702,44.917982
1,20463.254551,2376
2,20444.543340,4752
3,20423.750150,7128
4,20401.963450,9511
5,20382.156818,11911
6,20373.551325,14341
7,20350.565627,16803
8,20332.874415,19297
9,20319.610791,21812
10,20301.111283,24342
11,20258.887219,26882
12,20241.565894,29456
13,20223.562206,32040
14,20219.312691,34639
15,20215.908559,37255
16,20215.536300,39872
17,20187.335708,42488
18,20179.628333,45107
19,20179.628333,47728
20,20178.519945,50344
21,20178.519945,52957
22,20178.519945,55538
23,20174.809201,58084
24,20174.809201,60632
25,20174.809201,63181
26,20174.809201,65745
27,20174.809201,68336
28,20174.809201,70920
29,20174.809201,73488
30,20174.809201,76053
31,20173.863822,78642
32,20173.863822,81207
33,20173.863822,83769
34,20173.863822,86306
35,20173.863822,88841
36,20173.863822,91385
37,20173.863822,93879
38,20173.863822,96358
39,20173.863822,98847
40,20173.863822,101328
41,20173.863822,103783
42,20173.863822,106240
43,20173.863822,108684
44,20173.863822,111120
45,20173.863822,113558
46,20173.863822,115957
47,20173.863822,118352
48,20173.863822,120754
49,20173.863822,123155
50,20173.863822,125556
51,20173.863822,127941
52,20173.863822,130331
53,20173.863822,132725
54,20173.863822,135118
55,20173.863822,137508
56,20173.863822,139898
57,20173.863822,142292
58,20173.863822,144685
59,20173.863822,147074
60,20173.863822,149461
61,20173.863822,151843
62,20173.863822,154227
63,20173.863822,156613
64,20173.863822,159005
65,20173.863822,161405
66,20173.863822,163819
67,20173.863822,166245
68,20173.863822,168671
69,20173.787930,171116
70,20173.787930,173570
71,20173.150168,176049
72,20172.910109,178525
73,20172.910109,181016
74,20172.910109,183519
75,20172.910109,185994
76,20172.910109,188452
77,20172.910109,190914
78,20172.910109,193365
79,20172.910109,195821
80,20172.910109,198283
81,20172.910109,200736
82,20172.910109,203189
83,20172.910109,205634
84,20172.910109,208093
85,20172.910109,210539
86,20172.910109,212959
87,20172.910109,215390
88,20172.910109,217838
89,20172.910109,220270
90,20172.910109,222703
91,20172.910109,225118
92,20172.910109,227521
93,20172.910109,229933
94,20172.910109,232344
95,20172.910109,234755
96,20172.910109,237170
97,20172.910109,239587
98,20172.910109,241966
99,20172.910109,244345
100,20172.910109,246726
101,20172.910109,249107
102,20172.910109,251488
103,20172.910109,253870
104,20172.910109,256252
105,20172.910109,258636
106,20172.910109,261021
107,20172.910109,263406
108,20172.910109,265794
109,20172.910109,268191
110,20172.910109,270587
111,20172.910109,272984
112,20172.910109,275369
113,20172.910109,277755
114,20172.910109,280140
115,20172.910109,282527
116,20172.910109,284916
117,20172.910109,287292
118,20172.910109,289668
119,20172.910109,292044
120,20172.910109,294420
121,20172.910109,296796
122,20172.910109,299172
123,20172.910109,301548
124,20172.910109,303924
125,20172.910109,306300
126,20172.910109,308676
127,20172.910109,311052
128,20172.910109,313428
129,20172.910109,315804
130,20172.910109,318180
131,20172.910109,320556
132,20172.910109,322932
133,20172.910109,325308
134,20172.910109,327684
135,20172.910109,330060
136,20172.910109,332436
137,20172.910109,334812
138,20172.910109,337188
139,20172.910109,339564
140,20172.910109,341940
141,20172.910109,344316
142,20172.910109,346692
143,20172.910109,349068
144,20172.910109,351444
145,20172.910109,353820
146,20172.910109,356196
147,20172.910109,358572
148,20172.910109,360948
149,20172.910109,363324
150,20172.910109,365700
151,20172.910109,368076
152,20172.910109,370452
153,20172.910109,372828
154,20172.910109,375204
155,20172.910109,377580
156,20172.910109,379956
157,20172.910109,382332
158,20172.910109,384708
159,20172.910109,387084
160,20172.910109,389460
161,20172.910109,391836
162,20172.910109,394212
163,20172.910109,396588
164,20172.910109,398964
165,20172.910109,401340
166,20172.910109,403716
167,20172.910109,406092
168,20172.910109,408468
169,20172.910109,410844
170,20172.910109,413220
171,20172.910109,415596
172,20172.910109,417972
173,20172.910109,420348
174,20172.910109,422724
175,20172.910109,425100
176,20172.910109,427476
177,20172.910109,429852
178,20172.910109,432228
179,20172.910109,434604
180,20172.910109,436980
181,20172.910109,439356
182,20172.910109,441732
183,20172.910109,444108
184,20172.910109,446484
185,20172.910109,448860
186,20172.910109,451236
187,20172.910109,453612
188,20172.910109,455988
189,20172.910109,458364
190,20172.910109,460740
191,20172.910109,463121
192,20172.910109,465511
193,20172.910109,467902
194,20172.910109,470293
195,20172.910109,472669
196,20172.910109,475045
197,20172.910109,477421
198,20172.910109,479801
199,20172.910109,482191
200,20172.910109,484581
201,20172.910109,486957
202,20172.910109,489333
203,20172.910109,491709
204,20172.910109,494085
205,20172.910109,496461
206,20172.910109,498837
207,20172.910109,501213
208,20172.910109,503589
209,20172.910109,505965
210,20172.910109,508341
211,20172.910109,510717
212,20172.910109,513093
213,20172.910109,515469
214,20172.910109,517845
215,20172.910109,520223
216,20172.910109,522608
217,20172.910109,524995
218,20172.910109,527383
219,20172.910109,529759
220,20172.910109,532135
221,20172.910109,534511
222,20172.910109,536887
223,20172.910109,539263
224,20172.910109,541639
225,20172.910109,544015
226,20172.910109,546391
227,20172.910109,548767
228,20172.910109,551143
229,20172.910109,553519
230,20172.910109,555895
231,20172.910109,558271
232,20172.910109,560647
233,20172.910109,563023
234,20172.910109,565399
235,20172.910109,567775
236,20172.910109,570151
237,20172.910109,572527
238,20172.910109,574903
239,20172.910109,577279
240,20172.910109,579655
241,20172.910109,582031
242,20172.910109,584407
243,20172.910109,586783
244,20172.910109,589159
245,20172.910109,591535
246,20172.910109,593911
247,20172.910109,596287
248,20172.910109,598663
249,20172.910109,601039
250,20172.910109,603415
251,20172.910109,605791
252,20172.910109,608167
253,20172.910109,610543
254,20172.910109,612919
255,20172.910109,615295
256,20172.910109,617671
257,20172.910109,620047
258,20172.910109,622423
259,20172.910109,624799
260,20172.910109,627175
261,20172.910109,629551
262,20172.910109,631935
263,20172.910109,634340
264,20172.910109,636745
265,20172.910109,639121
266,20172.910109,641497
267,20172.910109,643873
268,20172.910109,646250
269,20172.910109,648630
270,20172.910109,651016
271,20172.910109,653413
272,20172.910109,655806
273,20172.910109,658182
274,20172.910109,660558
275,20172.910109,662934
276,20172.910109,665310
277,20172.910109,667686
278,20172.910109,670062
279,20172.910109,672442
280,20172.910109,674831
281,20172.910109,677220
282,20172.910109,679596
283,20172.910109,681972
284,20172.910109,684348
285,20172.910109,686724
286,20172.910109,689100
287,20172.910109,691476
288,20172.910109,693852
289,20172.910109,696228
290,20172.910109,698604
291,20172.910109,700980
292,20172.910109,703356
293,20172.910109,705732
294,20172.910109,708108
295,20172.910109,710484
20172.910109,44.421152
1,20459.252811,2376
2,20447.241793,4752
3,20426.552490,7128
4,20413.141860,9510
5,20394.066989,11919
6,20381.639383,14353
7,20359.359996,16813
8,20329.072857,19298
9,20306.357040,21808
10,20302.834354,24344
11,20295.430774,26896
12,20267.325711,29473
13,20267.325711,32063
14,20266.370211,34670
15,20218.830977,37289
16,20218.652406,39909
17,20218.622836,42533
18,20218.557175,45167
19,20218.469473,47808
20,20172.910109,50432
21,20172.910109,53024
22,20172.910109,55603
23,20172.910109,58159
24,20172.910109,60705
25,20172.910109,63231
26,20172.910109,65747
27,20172.910109,68222
28,20172.910109,70678
29,20172.910109,73135
30,20172.910109,75559
31,20172.910109,77985
32,20172.910109,80392
33,20172.910109,82788
34,20172.910109,85184
35,20172.910109,87568
36,20172.910109,89954
37,20172.910109,92330
38,20172.910109,94706
39,20172.910109,97087
40,20172.910109,99473
41,20172.910109,101859
42,20172.910109,104235
43,20172.910109,106611
44,20172.910109,108987
45,20172.910109,111363
46,20172.910109,113739
47,20172.910109,116115
48,20172.910109,118491
49,20172.910109,120867
50,20172.910109,123243
51,20172.910109,125619
52,20172.910109,127995
53,20172.910109,130371
54,20172.910109,132747
55,20172.910109,135123
56,20172.910109,137499
57,20172.910109,139875
58,20172.910109,142251
59,20172.910109,144627
60,20172.910109,147003
61,20172.910109,149379
62,20172.910109,151755
63,20172.910109,154131
64,20172.910109,156507
65,20172.910109,158885
66,20172.910109,161269
67,20172.910109,163662
68,20172.910109,166051
69,20172.910109,168440
70,20172.910109,170816
71,20172.910109,173192
72,20172.910109,175568
73,20172.910109,177944
74,20172.910109,180320
75,20172.910109,182696
76,20172.910109,185072
77,20172.910109,187448
78,20172.910109,189824
79,20172.910109,192200
80,20172.910109,194581
81,20172.910109,196971
82,20172.910109,199361
83,20172.910109,201737
84,20172.910109,204113
85,20172.910109,206489
86,20172.910109,208865
87,20172.910109,211241
88,20172.910109,213617
89,20172.910109,215993
90,20172.910109,218369
91,20172.910109,220745
92,20172.910109,223121
93,20172.910109,225497
94,20172.910109,227873
95,20172.910109,230256
96,20172.910109,232649
97,20172.910109,235042
98,20172.910109,237418
99,20172.910109,239794
100,20172.910109,242170
101,20172.910109,244546
102,20172.910109,246922
103,20172.910109,249298
104,20172.910109,251674
105,20172.910109,254050
106,20172.910109,256431
107,20172.910109,258824
108,20172.910109,261216
109,20172.910109,263592
110,20172.910109,265968
111,20172.910109,268344
112,20172.910109,270720
113,20172.910109,273096
114,20172.910109,275472
115,20172.910109,277848
116,20172.910109,280224
117,20172.910109,282600
118,20172.910109,284976
119,20172.910109,287352
120,20172.910109,289728
121,20172.910109,292104
122,20172.910109,294480
123,20172.910109,296856
124,20172.910109,299232
125,20172.910109,301608
126,20172.910109,303984
127,20172.910109,306360
128,20172.910109,308736
129,20172.910109,311112
130,20172.910109,313488
131,20172.910109,315864
132,20172.910109,318240
133,20172.910109,320616
134,20172.910109,322992
135,20172.910109,325368
136,20172.910109,327744
137,20172.910109,330120
138,20172.910109,332496
139,20172.910109,334872
140,20172.910109,337248
141,20172.910109,339624
142,20172.910109,342000
143,20172.910109,344376
144,20172.910109,346752
145,20172.910109,349128
146,20172.910109,351504
147,20172.910109,353880
148,20172.910109,356256
149,20172.910109,358632
150,20172.910109,361008
151,20172.910109,363384
152,20172.910109,365760
153,20172.910109,368136
154,20172.910109,370512
155,20172.910109,372888
156,20172.910109,375264
157,20172.910109,377640
158,20172.910109,380016
159,20172.910109,382392
160,20172.910109,384768
161,20172.910109,387144
162,20172.910109,389528
163,20172.910109,391921
164,20172.910109,394297
165,20172.910109,396673
166,20172.910109,399049
167,20172.910109,401425
168,20172.910109,403801
169,20172.910109,406177
170,20172.910109,408553
171,20172.910109,410929
172,20172.910109,413305
173,20172.910109,415681
174,20172.910109,418057
175,20172.910109,420433
176,20172.910109,422809
177,20172.910109,425185
178,20172.910109,427561
179,20172.910109,429937
180,20172.910109,432313
181,20172.910109,434689
182,20172.910109,437065
183,20172.910109,439441
184,20172.910109,441817
185,20172.910109,444193
186,20172.910109,446569
187,20172.910109,448945
188,20172.910109,451321
189,20172.910109,453697
190,20172.910109,456073
191,20172.910109,458449
192,20172.910109,460825
193,20172.910109,463201
194,20172.910109,465577
195,20172.910109,467953
196,20172.910109,470329
197,20172.910109,472705
198,20172.910109,475089
199,20172.910109,477481
200,20172.910109,479857
201,20172.910109,482233
202,20172.910109,484609
203,20172.910109,486985
204,20172.910109,489361
205,20172.910109,491737
206,20172.910109,494113
207,20172.910109,496489
208,20172.910109,498865
209,20172.910109,501241
210,20172.910109,503617
211,20172.910109,505993
212,20172.910109,508369
213,20172.910109,510745
214,20172.910109,513121
215,20172.910109,515497
216,20172.910109,517873
217,20172.910109,520249
218,20172.910109,522625
219,20172.910109,525001
220,20172.910109,527377
221,20172.910109,529753
222,20172.910109,532133
223,20172.910109,534523
224,20172.910109,536899
225,20172.910109,539275
226,20172.910109,541651
227,20172.910109,544027
228,20172.910109,546403
229,20172.910109,548779
230,20172.910109,551155
231,20172.910109,553531
232,20172.910109,555907
233,20172.910109,558283
234,20172.910109,560659
235,20172.910109,563035
236,20172.910109,565411
237,20172.910109,567787
238,20172.910109,570163
239,20172.910109,572539
240,20172.910109,574915
241,20172.910109,577291
242,20172.910109,579667
243,20172.910109,582045
244,20172.910109,584429
245,20172.910109,586814
246,20172.910109,589199
247,20172.910109,591575
248,20172.910109,593955
249,20172.910109,596344
250,20172.910109,598732
251,20172.910109,601108
252,20172.910109,603484
253,20172.910109,605860
254,20172.910109,608236
255,20172.910109,610612
256,20172.910109,612988
257,20172.910109,615364
258,20172.910109,617740
259,20172.910109,620116
260,20172.910109,622492
261,20172.910109,624868
262,20172.910109,627244
263,20172.910109,629620
264,20172.910109,631996
265,20172.910109,634372
266,20172.910109,636748
267,20172.910109,639124
268,20172.910109,641500
269,20172.910109,643876
270,20172.910109,646252
271,20172.910109,648628
272,20172.910109,651004
273,20172.910109,653380
274,20172.910109,655756
275,20172.910109,658132
276,20172.910109,660508
277,20172.910109,662884
278,20172.910109,665260
279,20172.910109,667636
280,20172.910109,670012
281,20172.910109,672388
282,20172.910109,674764
283,20172.910109,677140
284,20172.910109,679516
285,20172.910109,681892
286,20172.910109,684268
287,20172.910109,686644
288,20172.910109,689020
289,20172.910109,691396
290,20172.910109,693772
291,20172.910109,696148
292,20172.910109,698524
293,20172.910109,700900
294,20172.910109,703276
295,20172.910109,705652
296,20172.910109,708028
297,20172.910109,710404
298,20172.910109,712780
20172.910109,43.692055
1,20456.225749,2376
2,20452.193805,4752
3,20430.107809,7128
4,20407.360300,9516
5,20396.370189,11915
6,20371.410997,14330
7,20353.529939,16778
8,20323.299114,19251
9,20294.504305,21734
10,20277.001355,24257
11,20272.390230,26796
12,20248.608336,29341
13,20227.361584,31910
14,20224.269783,34486
15,20222.790596,37068
16,20219.156157,39652
17,20216.122463,42248
18,20215.634765,44819
19,20214.849786,47396
20,20214.631798,49964
21,20180.495459,52541
22,20180.495459,55110
23,20180.495459,57671
24,20180.495459,60229
25,20180.495459,62791
26,20180.495459,65312
27,20180.495459,67833
28,20180.495459,70356
29,20180.495459,72887
30,20176.873871,75391
31,20176.873871,77903
32,20176.873871,80405
33,20176.873871,82901
34,20176.873871,85390
35,20176.873871,87884
36,20176.873871,90362
37,20176.873871,92859
38,20176.873871,95355
39,20176.873871,97853
40,20176.873871,100340
41,20176.873871,102812
42,20176.873871,105277
43,20176.873871,107739
44,20176.873871,110195
45,20176.873871,112651
46,20176.873871,115087
47,20176.873871,117512
48,20176.873871,119946
49,20176.873871,122366
50,20176.873871,124793
51,20176.873871,127221
52,20176.873871,129654
53,20176.873871,132079
54,20176.873871,134507
55,20176.873871,136934
56,20176.873871,139355
57,20176.873871,141773
58,20176.873871,144199
59,20175.674100,146637
60,20175.674100,149086
61,20175.674100,151545
62,20175.674100,153988
63,20175.674100,156429
64,20175.674100,158874
65,20175.674100,161312
66,20175.674100,163750
67,20175.674100,166184
68,20175.674100,168613
69,20175.674100,171042
70,20175.674100,173472
71,20175.674100,175887
72,20175.674100,178300
73,20175.674100,180722
74,20175.674100,183136
75,20175.674100,185547
76,20175.674100,187950
77,20175.674100,190352
78,20175.674100,192745
79,20175.674100,195139
80,20175.674100,197531
81,20175.674100,199926
82,20175.674100,202326
83,20175.674100,204727
84,20175.674100,207131
85,20175.674100,209538
86,20175.674100,211952
87,20172.910109,214375
88,20172.910109,216812
89,20172.910109,219265
90,20172.910109,221730
91,20172.910109,224220
92,20172.910109,226696
93,20172.910109,229184
94,20172.910109,231672
95,20172.910109,234171
96,20172.910109,236655
97,20172.910109,239140
98,20172.910109,241628
99,20172.910109,244087
100,20172.910109,246544
101,20172.910109,248986
102,20172.910109,251404
103,20172.910109,253831
104,20172.910109,256251
105,20172.910109,258676
106,20172.910109,261102
107,20172.910109,263498
108,20172.910109,265897
109,20172.910109,268299
110,20172.910109,270703
111,20172.910109,273109
112,20172.910109,275514
113,20172.910109,277921
114,20172.910109,280333
115,20172.910109,282725
116,20172.910109,285108
117,20172.910109,287492
118,20172.910109,289877
119,20172.910109,292261
120,20172.910109,294646
121,20172.910109,297022
122,20172.910109,299398
123,20172.910109,301774
124,20172.910109,304150
125,20172.910109,306526
126,20172.910109,308902
127,20172.910109,311278
128,20172.910109,313654
129,20172.910109,316030
130,20172.910109,318406
131,20172.910109,320782
132,20172.910109,323158
133,20172.910109,325534
134,20172.910109,327910
135,20172.910109,330286
136,20172.910109,332665
137,20172.910109,335057
138,20172.910109,337449
139,20172.910109,339833
140,20172.910109,342217
141,20172.910109,344593
142,20172.910109,346969
143,20172.910109,349345
144,20172.910109,351721
145,20172.910109,354097
146,20172.910109,356473
147,20172.910109,358849
148,20172.910109,361225
149,20172.910109,363601
150,20172.910109,365977
151,20172.910109,368353
152,20172.910109,370729
153,20172.910109,373105
154,20172.910109,375481
155,20172.910109,377857
156,20172.910109,380233
157,20172.910109,382609
158,20172.910109,384985
159,20172.910109,387361
160,20172.910109,389737
161,20172.910109,392114
162,20172.910109,394496
163,20172.910109,396882
164,20172.910109,399268
165,20172.910109,401654
166,20172.910109,404040
167,20172.910109,406426
168,20172.910109,408812
169,20172.910109,411188
170,20172.910109,413564
171,20172.910109,415940
172,20172.910109,418316
173,20172.910109,420692
174,20172.910109,423068
175,20172.910109,425444
176,20172.910109,427820
177,20172.910109,430196
178,20172.910109,432572
179,20172.910109,434948
180,20172.910109,437324
181,20172.910109,439700
182,20172.910109,442076
183,20172.910109,444452
184,20172.910109,446831
185,20172.910109,449213
186,20172.910109,451589
187,20172.910109,453965
188,20172.910109,456341
189,20172.910109,458717
190,20172.910109,461093
191,20172.910109,463469
192,20172.910109,465845
193,20172.910109,468225
194,20172.910109,470616
195,20172.910109,472992
196,20172.910109,475368
197,20172.910109,477744
198,20172.910109,480120
199,20172.910109,482496
200,20172.910109,484872
201,20172.910109,487248
202,20172.910109,489624
203,20172.910109,492000
204,20172.910109,494376
205,20172.910109,496752
206,20172.910109,499128
207,20172.910109,501504
208,20172.910109,503880
209,20172.910109,506256
210,20172.910109,508632
211,20172.910109,511008
212,20172.910109,513384
213,20172.910109,515760
214,20172.910109,518136
215,20172.910109,520512
216,20172.910109,522888
217,20172.910109,525264
218,20172.910109,527640
219,20172.910109,530016
220,20172.910109,532392
221,20172.910109,534768
222,20172.910109,537144
223,20172.910109,539520
224,20172.910109,541900
225,20172.910109,544291
226,20172.910109,546682
227,20172.910109,549058
228,20172.910109,551434
229,20172.910109,553810
230,20172.910109,556186
231,20172.910109,558562
232,20172.910109,560938
233,20172.910109,563314
234,20172.910109,565690
235,20172.910109,568066
236,20172.910109,570442
237,20172.910109,572818
238,20172.910109,575194
239,20172.910109,577570
240,20172.910109,579946
241,20172.910109,582322
242,20172.910109,584698
243,20172.910109,587074
244,20172.910109,589450
245,20172.910109,591826
246,20172.910109,594202
247,20172.910109,596578
248,20172.910109,598954
249,20172.910109,601330
250,20172.910109,603706
251,20172.910109,606082
252,20172.910109,608458
253,20172.910109,610834
254,20172.910109,613210
255,20172.910109,615586
256,20172.910109,617962
257,20172.910109,620338
258,20172.910109,622714
259,20172.910109,625090
260,20172.910109,627466
261,20172.910109,629842
262,20172.910109,632218
263,20172.910109,634594
264,20172.910109,636970
265,20172.910109,639346
266,20172.910109,641722
267,20172.910109,644098
268,20172.910109,646474
269,20172.910109,648850
270,20172.910109,651226
271,20172.910109,653605
272,20172.910109,655990
273,20172.910109,658377
274,20172.910109,660764
275,20172.910109,663140
276,20172.910109,665516
277,20172.910109,667892
278,20172.910109,670268
279,20172.910109,672644
280,20172.910109,675020
281,20172.910109,677396
282,20172.910109,679772
283,20172.910109,682148
284,20172.910109,684524
285,20172.910109,686900
286,20172.910109,689276
287,20172.910109,691652
288,20172.910109,694028
289,20172.910109,696404
290,20172.910109,698780
291,20172.910109,701156
292,20172.910109,703532
293,20172.910109,705908
294,20172.910109,708284
295,20172.910109,710660
20172.910109,44.711789
1,20469.900959,2376
2,20447.022696,4752
3,20424.515182,7128
4,20409.660555,9513
5,20388.760984,11913
6,20366.088288,14335
7,20354.279989,16774
8,20322.004526,19237
9,20319.608742,21710
10,20319.608742,24220
11,20319.608742,26744
12,20270.971835,29291
13,20229.554405,31861
14,20228.255246,34452
15,20227.855929,37055
16,20227.592566,39667
17,20220.776182,42295
18,20217.873763,44922
19,20217.440323,47551
20,20217.417892,50168
21,20181.404889,52771
22,20181.404889,55364
23,20181.404889,57956
24,20181.404889,60556
25,20181.404889,63114
26,20181.404889,65657
27,20181.404889,68198
28,20181.404889,70720
29,20181.404889,73216
30,20181.404889,75705
31,20181.404889,78183
32,20181.404889,80678
33,20181.404889,83182
34,20178.504568,85701
35,20178.504568,88220
36,20178.504568,90718
37,20178.504568,93224
38,20178.504568,95749
39,20178.504568,98248
40,20178.504568,100756
41,20178.504568,103242
42,20178.504568,105703
43,20178.504568,108167
44,20178.504568,110598
45,20178.504568,113036
46,20178.504568,115474
47,20178.504568,117912
48,20178.504568,120354
49,20178.504568,122764
50,20178.504568,125183
51,20178.504568,127604
52,20178.504568,130020
53,20178.504568,132442
54,20178.504568,134841
55,20178.504568,137240
56,20178.504568,139639
57,20178.504568,142036
58,20178.504568,144417
59,20178.504568,146801
60,20178.504568,149187
61,20178.504568,151586
62,20178.504568,153990
63,20178.504568,156409
64,20178.428976,158844
65,20178.428976,161299
66,20178.428976,163756
67,20178.428976,166230
68,20178.428976,168699
69,20178.428976,171150
70,20178.428976,173607
71,20178.428976,176061
72,20178.428976,178511
73,20178.428976,180944
74,20178.428976,183366
75,20178.428976,185798
76,20178.428976,188235
77,20178.428976,190671
78,20178.428976,193099
79,20178.428976,195516
80,20178.428976,197905
81,20178.428976,200291
82,20178.428976,202679
83,20178.428976,205068
84,20178.428976,207462
85,20178.428976,209849
86,20178.428976,212242
87,20178.428976,214636
88,20178.428976,217031
89,20178.428976,219426
90,20178.428976,221819
91,20178.428976,224210
92,20178.428976,226594
93,20178.428976,228978
94,20178.428976,231368
95,20178.428976,233761
96,20178.428976,236167
97,20178.428976,238591
98,20177.136128,241022
99,20177.136128,243464
100,20177.136128,245920
101,20177.136128,248398
102,20177.136128,250879
103,20177.136128,253349
104,20177.136128,255825
105,20177.136128,258264
106,20177.136128,260703
107,20177.136128,263145
108,20177.136128,265582
109,20177.136128,268020
110,20177.136128,270466
111,20177.136128,272892
112,20177.136128,275320
113,20177.136128,277744
114,20177.136128,280178
115,20177.136128,282627
116,20177.136128,285095
117,20177.136128,287564
118,20177.136128,290034
119,20177.136128,292536
120,20177.136128,295039
121,20177.136128,297548
122,20177.136128,300037
123,20177.136128,302521
124,20177.136128,304994
125,20177.136128,307466
126,20177.136128,309931
127,20177.136128,312395
128,20177.136128,314844
129,20177.136128,317285
130,20177.136128,319710
131,20177.136128,322138
132,20177.136128,324567
133,20177.136128,326994
134,20177.136128,329404
135,20177.136128,331801
136,20177.136128,334193
137,20177.136128,336585
138,20177.136128,338980
139,20177.136128,341371
140,20177.136128,343764
141,20177.136128,346156
142,20177.136128,348548
143,20177.136128,350942
144,20177.136128,353324
145,20177.136128,355706
146,20176.268281,358090
147,20176.268281,360476
148,20176.268281,362863
149,20176.268281,365250
150,20176.268281,367636
151,20176.268281,370025
152,20176.268281,372406
153,20176.268281,374788
154,20176.268281,377170
155,20176.268281,379553
156,20176.268281,381936
157,20176.268281,384312
158,20176.268281,386688
159,20176.268281,389064
160,20176.268281,391446
161,20176.268281,393836
162,20176.268281,396212
163,20176.268281,398588
164,20176.268281,400964
165,20176.268281,403340
166,20176.268281,405716
167,20176.268281,408092
168,20176.268281,410468
169,20176.268281,412844
170,20176.268281,415220
171,20176.268281,417596
172,20176.268281,419972
173,20176.268281,422348
174,20176.268281,424724
175,20176.268281,427100
176,20176.268281,429476
177,20176.268281,431852
178,20176.268281,434234
179,20176.268281,436625
180,20176.268281,439017
181,20176.268281,441393
182,20176.268281,443769
183,20176.268281,446145
184,20176.268281,448521
185,20176.268281,450897
186,20176.268281,453273
187,20176.268281,455649
188,20176.268281,458025
189,20176.268281,460401
190,20176.268281,462777
191,20176.268281,465153
192,20176.268281,467529
193,20176.268281,469905
194,20176.268281,472281
195,20176.268281,474657
196,20176.268281,477033
197,20176.268281,479409
198,20176.268281,481785
199,20176.268281,484161
200,20176.268281,486537
201,20176.268281,488913
202,20176.268281,491289
203,20176.268281,493665
204,20176.268281,496041
205,20176.268281,498417
206,20176.268281,500793
207,20176.268281,503169
208,20176.268281,505545
209,20176.268281,507921
210,20176.268281,510297
211,20176.268281,512673
212,20176.268281,515049
213,20176.268281,517425
214,20176.268281,519801
215,20176.268281,522177
216,20176.268281,524553
217,20176.268281,526929
218,20176.268281,529305
219,20176.268281,531681
220,20176.268281,534057
221,20176.268281,536433
222,20176.268281,538809
223,20176.268281,541185
224,20176.268281,543561
225,20176.268281,545937
226,20176.268281,548313
227,20176.268281,550692
228,20176.268281,553086
229,20176.268281,555483
230,20176.268281,557871
231,20176.268281,560247
232,20176.268281,562623
233,20176.268281,564999
234,20176.268281,567375
235,20176.268281,569751
236,20176.268281,572127
237,20176.268281,574503
238,20176.268281,576879
239,20176.268281,579255
240,20176.268281,581631
241,20176.268281,584007
242,20176.268281,586383
243,20176.268281,588759
244,20176.268281,591135
245,20176.268281,593511
246,20176.268281,595887
247,20176.268281,598263
248,20176.268281,600639
249,20176.268281,603015
250,20176.268281,605391
251,20176.268281,607767
252,20176.268281,610143
253,20176.268281,612519
254,20176.268281,614895
255,20176.268281,617271
256,20176.268281,619647
257,20176.268281,622023
258,20176.268281,624399
259,20176.268281,626776
260,20176.268281,629161
261,20176.268281,631546
262,20176.268281,633922
263,20176.268281,636298
264,20176.268281,638674
265,20176.268281,641050
266,20176.268281,643426
267,20176.268281,645802
268,20176.268281,648178
269,20176.268281,650554
270,20176.268281,652930
271,20176.268281,655306
272,20176.268281,657682
273,20176.268281,660058
274,20176.268281,662434
275,20176.268281,664810
276,20176.268281,667186
277,20176.268281,669562
278,20176.268281,671938
279,20176.268281,674314
280,20176.268281,676690
281,20176.268281,679066
282,20176.268281,681442
283,20176.268281,683818
284,20176.268281,686194
285,20176.268281,688570
286,20176.268281,690946
287,20176.268281,693322
288,20176.268281,695698
289,20176.268281,698074
290,20176.268281,700453
291,20176.268281,702838
292,20176.268281,705226
293,20176.268281,707602
294,20176.268281,709978
295,20176.268281,712354
20176.268281,44.915717
1,20463.782042,2376
2,20445.371584,4752
3,20424.140974,7128
4,20414.835802,9516
5,20379.357456,11921
6,20359.830845,14348
7,20331.171684,16793
8,20313.445877,19260
9,20296.290393,21756
10,20288.796192,24269
11,20274.610230,26807
12,20259.330467,29358
13,20226.689381,31915
14,20224.249810,34488
15,20222.959020,37066
16,20222.612073,39662
17,20221.192364,42260
18,20220.327023,44857
19,20220.327023,47454
20,20219.831310,50049
21,20219.118377,52652
22,20217.063957,55252
23,20216.986007,57852
24,20213.541691,60458
25,20211.908755,63066
26,20211.834582,65678
27,20211.629835,68294
28,20211.488813,70908
29,20211.488813,73511
30,20211.444665,76106
31,20180.342654,78692
32,20180.342654,81265
33,20180.342654,83850
34,20173.871740,86419
35,20173.871740,88993
36,20173.871740,91570
37,20173.871740,94165
38,20173.871740,96720
39,20173.871740,99276
40,20173.871740,101792
41,20173.871740,104319
42,20173.871740,106837
43,20173.871740,109351
44,20173.871740,111868
45,20173.871740,114350
46,20173.871740,116817
47,20173.871740,119282
48,20173.871740,121730
49,20173.871740,124177
50,20173.871740,126616
51,20173.871740,129046
52,20173.871740,131455
53,20173.871740,133876
54,20173.871740,136286
55,20173.871740,138708
56,20173.871740,141119
57,20173.871740,143530
58,20173.871740,145952
59,20173.871740,148365
60,20173.871740,150780
61,20173.871740,153195
62,20173.871740,155595
63,20173.871740,157988
64,20173.871740,160381
65,20173.871740,162773
66,20173.871740,165166
67,20173.871740,167559
68,20173.871740,169947
69,20173.871740,172340
70,20173.871740,174733
71,20173.871740,177125
72,20173.871740,179518
73,20173.871740,181894
74,20173.871740,184273
75,20173.871740,186661
76,20173.871740,189049
77,20173.871740,191425
78,20173.871740,193805
79,20173.871740,196194
80,20173.871740,198583
81,20173.871740,200972
82,20173.871740,203359
83,20173.871740,205735
84,20173.871740,208111
85,20173.871740,210487
86,20173.871740,212863
87,20173.871740,215239
88,20173.871740,217615
89,20173.871740,219991
90,20173.871740,222367
91,20173.871740,224743
92,20173.871740,227119
93,20173.871740,229495
94,20173.871740,231871
95,20173.871740,234247
96,20173.871740,236623
97,20173.871740,238999
98,20173.871740,241375
99,20173.871740,243751
100,20173.871740,246127
101,20173.871740,248503
102,20173.871740,250879
103,20173.871740,253255
104,20173.871740,255631
105,20173.871740,258007
106,20173.871740,260383
107,20173.871740,262762
108,20173.871740,265153
109,20173.871740,267544
110,20173.871740,269936
111,20173.871740,272328
112,20173.871740,274720
113,20173.871740,277096
114,20173.871740,279472
115,20173.871740,281848
116,20173.871740,284224
117,20173.871740,286600
118,20173.871740,288976
119,20173.871740,291352
120,20173.871740,293728
121,20173.871740,296104
122,20173.871740,298480
123,20173.871740,300856
124,20173.871740,303232
125,20173.871740,305608
126,20173.871740,307984
127,20173.871740,310360
128,20173.871740,312736
129,20173.871740,315112
130,20173.871740,317488
131,20173.871740,319864
132,20173.871740,322240
133,20173.871740,324616
134,20173.871740,326992
135,20173.871740,329368
136,20173.871740,331744
137,20173.871740,334120
138,20173.871740,336496
139,20173.871740,338872
140,20173.871740,341248
141,20173.871740,343624
142,20173.871740,346000
143,20173.871740,348376
144,20173.871740,350752
145,20173.871740,353128
146,20173.871740,355504
147,20173.871740,357880
148,20173.871740,360260
149,20173.871740,362651
150,20173.871740,365043
151,20173.871740,367435
152,20173.871740,369811
153,20173.871740,372187
154,20173.871740,374563
155,20173.871740,376939
156,20173.871740,379315
157,20173.871740,381691
158,20173.871740,384067
159,20173.871740,386443
160,20173.871740,388819
161,20173.871740,391196
162,20173.871740,393573
163,20173.871740,395951
164,20173.871740,398332
165,20173.871740,400716
166,20173.871740,403108
167,20173.871740,405510
168,20172.910109,407923
169,20172.910109,410342
170,20172.910109,412795
171,20172.910109,415281
172,20172.910109,417767
173,20172.910109,420291
174,20172.910109,422806
175,20172.910109,425271
176,20172.910109,427739
177,20172.910109,430190
178,20172.910109,432640
179,20172.910109,435093
180,20172.910109,437524
181,20172.910109,439970
182,20172.910109,442398
183,20172.910109,444855
184,20172.910109,447309
185,20172.910109,449730
186,20172.910109,452151
187,20172.910109,454572
188,20172.910109,456971
189,20172.910109,459371
190,20172.910109,461772
191,20172.910109,464172
192,20172.910109,466554
193,20172.910109,468937
194,20172.910109,471320
195,20172.910109,473702
196,20172.910109,476086
197,20172.910109,478472
198,20172.910109,480856
199,20172.910109,483244
200,20172.910109,485640
201,20172.910109,488037
202,20172.910109,490423
203,20172.910109,492812
204,20172.910109,495202
205,20172.910109,497589
206,20172.910109,499972
207,20172.910109,502355
208,20172.910109,504738
209,20172.910109,507121
210,20172.910109,509504
211,20172.910109,511886
212,20172.910109,514268
213,20172.910109,516651
214,20172.910109,519034
215,20172.910109,521417
216,20172.910109,523800
217,20172.910109,526176
218,20172.910109,528552
219,20172.910109,530928
220,20172.910109,533304
221,20172.910109,535680
222,20172.910109,538056
223,20172.910109,540432
224,20172.910109,542808
225,20172.910109,545184
226,20172.910109,547560
227,20172.910109,549936
228,20172.910109,552312
229,20172.910109,554689
230,20172.910109,557072
231,20172.910109,559456
232,20172.910109,561832
233,20172.910109,564208
234,20172.910109,566584
235,20172.910109,568960
236,20172.910109,571336
237,20172.910109,573712
238,20172.910109,576088
239,20172.910109,578464
240,20172.910109,580840
241,20172.910109,583216
242,20172.910109,585592
243,20172.910109,587968
244,20172.910109,590344
245,20172.910109,592720
246,20172.910109,595100
247,20172.910109,597492
248,20172.910109,599885
249,20172.910109,602264
250,20172.910109,604650
251,20172.910109,607038
252,20172.910109,609414
253,20172.910109,611790
254,20172.910109,614166
255,20172.910109,616542
256,20172.910109,618918
257,20172.910109,621294
258,20172.910109,623670
259,20172.910109,626046
260,20172.910109,628422
261,20172.910109,630798
262,20172.910109,633174
263,20172.910109,635550
264,20172.910109,637926
265,20172.910109,640302
266,20172.910109,642678
267,20172.910109,645054
268,20172.910109,647430
269,20172.910109,649806
270,20172.910109,652182
271,20172.910109,654558
272,20172.910109,656934
273,20172.910109,659310
274,20172.910109,661686
275,20172.910109,664062
276,20172.910109,666438
277,20172.910109,668814
278,20172.910109,671190
279,20172.910109,673566
280,20172.910109,675942
281,20172.910109,678318
282,20172.910109,680694
283,20172.910109,683070
284,20172.910109,685446
285,20172.910109,687822
286,20172.910109,690198
287,20172.910109,692574
288,20172.910109,694950
289,20172.910109,697326
290,20172.910109,699702
291,20172.910109,702078
292,20172.910109,704454
293,20172.910109,706830
294,20172.910109,709206
295,20172.910109,711582
20172.910109,44.149137
1,20455.004786,2376
2,20453.866004,4752
3,20430.199517,7129
4,20402.908906,9517
5,20402.908906,11918
6,20352.120908,14332
7,20335.566396,16769
8,20335.566396,19217
9,20291.066289,21690
10,20286.718796,24187
11,20259.194063,26689
12,20239.682327,29214
13,20229.393366,31737
14,20226.339298,34280
15,20225.865144,36850
16,20224.904157,39420
17,20219.689231,42005
18,20219.466436,44611
19,20212.357284,47209
20,20212.176780,49819
21,20211.840054,52431
22,20211.619855,55045
23,20211.555924,57663
24,20211.514243,60284
25,20211.514243,62906
26,20211.490308,65527
27,20211.488336,68145
28,20173.906836,70730
29,20173.871740,73315
30,20173.871740,75885
31,20173.871740,78443
32,20173.871740,80973
33,20173.871740,83496
34,20173.871740,86001
35,20173.871740,88496
36,20173.871740,90989
37,20173.871740,93479
38,20173.871740,95936
39,20173.871740,98366
40,20173.871740,100795
41,20173.871740,103195
42,20173.871740,105597
43,20173.871740,107987
44,20173.871740,110374
45,20173.871740,112761
46,20173.871740,115138
47,20173.871740,117525
48,20173.871740,119901
49,20173.871740,122277
50,20173.871740,124653
51,20173.871740,127029
52,20173.871740,129405
53,20173.871740,131781
54,20173.871740,134158
55,20173.871740,136535
56,20173.871740,138912
57,20173.871740,141289
58,20173.871740,143666
59,20173.871740,146043
60,20173.871740,148420
61,20173.871740,150797
62,20173.871740,153174
63,20173.871740,155551
64,20173.871740,157927
65,20173.871740,160303
66,20173.871740,162679
67,20173.871740,165055
68,20173.871740,167431
69,20173.871740,169807
70,20173.871740,172184
71,20173.871740,174566
72,20173.871740,176949
73,20173.871740,179332
74,20173.871740,181715
75,20173.871740,184098
76,20173.871740,186474
77,20173.871740,188850
78,20173.871740,191227
79,20173.871740,193604
80,20173.871740,195982
81,20173.871740,198362
82,20173.871740,200746
83,20173.871740,203132
84,20173.871740,205518
85,20173.871740,207905
86,20173.871740,210284
87,20173.871740,212661
88,20173.871740,215037
89,20173.871740,217413
90,20173.871740,219789
91,20173.871740,222165
92,20173.871740,224541
93,20173.871740,226918
94,20173.871740,229295
95,20173.871740,231671
96,20173.871740,234047
97,20173.871740,236423
98,20173.871740,238800
99,20173.871740,241177
100,20173.871740,243553
101,20173.871740,245930
102,20173.871740,248306
103,20173.871740,250683
104,20173.871740,253061
105,20173.871740,255439
106,20173.871740,257815
107,20173.871740,260191
108,20173.871740,262567
109,20173.871740,264943
110,20173.871740,267319
111,20173.871740,269695
112,20173.871740,272071
113,20173.871740,274447
114,20173.871740,276824
115,20173.871740,279201
116,20173.871740,281579
117,20173.871740,283957
118,20173.871740,286334
119,20173.871740,288711
120,20173.871740,291089
121,20173.871740,293466
122,20173.871740,295843
123,20173.871740,298225
124,20173.871740,300611
125,20173.871740,303000
126,20173.871740,305385
127,20173.871740,307770
128,20173.871740,310155
129,20173.871740,312539
130,20173.871740,314917
131,20173.871740,317296
132,20173.871740,319673
133,20173.871740,322050
134,20173.871740,324427
135,20173.871740,326803
136,20173.871740,329179
137,20173.871740,331555
138,20173.871740,333931
139,20173.871740,336307
140,20173.871740,338683
141,20173.871740,341060
142,20173.871740,343442
143,20173.871740,345832
144,20173.871740,348222
145,20173.871740,350611
146,20173.871740,352988
147,20173.871740,355365
148,20173.871740,357742
149,20173.871740,360119
150,20173.871740,362496
151,20173.871740,364873
152,20173.871740,367250
153,20173.871740,369629
154,20173.871740,372013
155,20173.871740,374399
156,20173.871740,376785
157,20173.871740,379174
158,20173.871740,381558
159,20173.871740,383941
160,20173.871740,386328
161,20173.871740,388713
162,20173.871740,391098
163,20173.871740,393482
164,20173.871740,395867
165,20173.871740,398249
166,20173.871740,400627
167,20173.871740,403005
168,20173.871740,405382
169,20173.871740,407759
170,20173.871740,410137
171,20173.871740,412517
172,20173.871740,414900
173,20173.871740,417289
174,20173.871740,419683
175,20173.871740,422085
176,20173.855489,424499
177,20173.855489,426923
178,20173.855489,429353
179,20173.855489,431792
180,20173.855489,434253
181,20173.855489,436738
182,20173.855489,439226
183,20173.855489,441724
184,20173.855489,444205
185,20173.855489,446668
186,20173.855489,449125
187,20173.855489,451594
188,20173.855489,454040
189,20173.855489,456453
190,20173.855489,458875
191,20173.855489,461301
192,20173.855489,463718
193,20173.855489,466142
194,20173.855489,468558
195,20173.855489,470974
196,20173.855489,473369
197,20173.855489,475766
198,20173.855489,478169
199,20173.855489,480577
200,20173.855489,482987
201,20173.855489,485410
202,20173.855489,487862
203,20173.532371,490332
204,20173.532371,492823
205,20173.532371,495349
206,20173.532371,497889
207,20173.532371,500428
208,20173.532371,502960
209,20173.532371,505504
210,20173.532371,508059
211,20173.532371,510599
212,20173.532371,513152
213,20173.532371,515709
214,20173.532371,518246
215,20173.532371,520770
216,20173.532371,523290
217,20173.532371,525790
218,20173.532371,528293
219,20173.532371,530786
220,20173.532371,533257
221,20173.532371,535722
222,20173.532371,538176
223,20173.532371,540627
224,20173.532371,543074
225,20173.532371,545502
226,20173.532371,547926
227,20173.532371,550344
228,20173.532371,552768
229,20173.532371,555207
230,20173.532371,557627
231,20173.532371,560055
232,20173.532371,562480
233,20173.532371,564906
234,20173.532371,567323
235,20173.532371,569749
236,20173.532371,572172
237,20173.532371,574593
238,20173.532371,577028
239,20173.532371,579462
240,20173.532371,581888
241,20173.532371,584301
242,20173.532371,586714
243,20173.532371,589136
244,20173.532371,591573
245,20173.532371,594019
246,20173.532371,596465
247,20173.532371,598908
248,20173.532371,601317
249,20173.532371,603730
250,20173.532371,606132
251,20173.532371,608539
252,20173.532371,610966
253,20173.532371,613371
254,20173.532371,615782
255,20173.532371,618194
256,20173.532371,620595
257,20173.532371,622988
258,20173.532371,625380
259,20173.532371,627786
260,20173.532371,630192
261,20173.532371,632604
262,20173.532371,635028
263,20173.532371,637452
264,20173.532371,639881
265,20173.532371,642299
266,20173.532371,644707
267,20173.532371,647128
268,20173.532371,649542
269,20173.532371,651970
270,20173.532371,654380
271,20173.532371,656791
272,20173.532371,659196
273,20173.532371,661622
274,20173.532371,664052
275,20173.532371,666484
276,20173.532371,668903
277,20173.532371,671330
278,20173.532371,673774
279,20173.532371,676178
280,20173.532371,678584
281,20173.532371,680997
282,20173.532371,683422
283,20173.532371,685836
284,20173.532371,688259
285,20173.532371,690672
286,20173.532371,693084
287,20173.532371,695504
288,20173.532371,697911
289,20173.532371,700321
290,20173.532371,702726
291,20173.532371,705145
292,20173.532371,707561
293,20173.532371,709978
294,20173.532371,712385
20173.532371,45.537361
1,20463.793621,2376
2,20456.447596,4752
3,20423.941733,7128
4,20423.941733,9512
5,20403.785204,11910
6,20362.976672,14321
7,20351.767195,16753
8,20327.429613,19209
9,20303.883282,21699
10,20303.883282,24205
11,20285.688923,26735
12,20281.617060,29276
13,20264.121838,31828
14,20235.984070,34386
15,20224.535793,36969
16,20224.452232,39558
17,20219.198891,42153
18,20218.701845,44754
19,20218.543463,47355
20,20217.648155,49967
21,20217.530084,52574
22,20217.302126,55184
23,20217.219927,57800
24,20216.924954,60418
25,20216.924954,63036
26,20216.878486,65646
27,20216.856018,68265
28,20216.798621,70888
29,20216.798621,73509
30,20216.036701,76129
31,20215.766456,78753
32,20215.179710,81376
33,20215.158659,83999
34,20215.158659,86620
35,20215.146083,89241
36,20215.146083,91862
37,20212.882835,94483
38,20212.861943,97106
39,20180.306369,99728
40,20180.306369,102328
41,20180.306369,104915
42,20180.306369,107475
43,20179.411519,110021
44,20179.411519,112568
45,20179.411519,115062
46,20179.411519,117538
47,20179.411519,119987
48,20179.411519,122440
49,20179.411519,124876
50,20179.411519,127324
51,20179.411519,129778
52,20179.411519,132204
53,20179.411519,134638
54,20179.411519,137074
55,20177.633231,139520
56,20177.633231,141963
57,20175.964435,144407
58,20175.964435,146864
59,20175.964435,149334
60,20175.964435,151809
61,20175.964435,154299
62,20175.964435,156795
63,20175.964435,159264
64,20175.964435,161735
65,20175.964435,164212
66,20175.964435,166687
67,20175.964435,169148
68,20175.964435,171585
69,20175.964435,174017
70,20175.964435,176468
71,20175.964435,178931
72,20175.964435,181383
73,20175.964435,183840
74,20175.964435,186280
75,20175.964435,188712
76,20175.964435,191121
77,20175.964435,193528
78,20175.964435,195937
79,20174.259957,198352
80,20174.259957,200768
81,20172.910109,203197
82,20172.910109,205646
83,20172.910109,208121
84,20172.910109,210607
85,20172.910109,213091
86,20172.910109,215561
87,20172.910109,218040
88,20172.910109,220519
89,20172.910109,223003
90,20172.910109,225477
91,20172.910109,227936
92,20172.910109,230394
93,20172.910109,232860
94,20172.910109,235341
95,20172.910109,237807
96,20172.910109,240260
97,20172.910109,242664
98,20172.910109,245073
99,20172.910109,247481
100,20172.910109,249894
101,20172.910109,252294
102,20172.910109,254701
103,20172.910109,257111
104,20172.910109,259513
105,20172.910109,261921
106,20172.910109,264328
107,20172.910109,266737
108,20172.910109,269149
109,20172.910109,271555
110,20172.910109,273944
111,20172.910109,276335
112,20172.910109,278728
113,20172.910109,281122
114,20172.910109,283503
115,20172.910109,285879
116,20172.910109,288255
117,20172.910109,290631
118,20172.910109,293007
119,20172.910109,295383
120,20172.910109,297759
121,20172.910109,300135
122,20172.910109,302511
123,20172.910109,304887
124,20172.910109,307263
125,20172.910109,309639
126,20172.910109,312015
127,20172.910109,314391
128,20172.910109,316767
129,20172.910109,319143
130,20172.910109,321519
131,20172.910109,323895
132,20172.910109,326271
133,20172.910109,328647
134,20172.910109,331023
135,20172.910109,333399
136,20172.910109,335775
137,20172.910109,338151
138,20172.910109,340527
139,20172.910109,342903
140,20172.910109,345279
141,20172.910109,347655
142,20172.910109,350031
143,20172.910109,352408
144,20172.910109,354791
145,20172.910109,357174
146,20172.910109,359550
147,20172.910109,361926
148,20172.910109,364302
149,20172.910109,366678
150,20172.910109,369054
151,20172.910109,371430
152,20172.910109,373806
153,20172.910109,376182
154,20172.910109,378558
155,20172.910109,380934
156,20172.910109,383310
157,20172.910109,385686
158,20172.910109,388062
159,20172.910109,390438
160,20172.910109,392814
161,20172.910109,395190
162,20172.910109,397566
163,20172.910109,399942
164,20172.910109,402318
165,20172.910109,404694
166,20172.910109,407070
167,20172.910109,409446
168,20172.910109,411822
169,20172.910109,414198
170,20172.910109,416574
171,20172.910109,418950
172,20172.910109,421326
173,20172.910109,423702
174,20172.910109,426078
175,20172.910109,428454
176,20172.910109,430830
177,20172.910109,433206
178,20172.910109,435582
179,20172.910109,437958
180,20172.910109,440334
181,20172.910109,442710
182,20172.910109,445086
183,20172.910109,447462
184,20172.910109,449838
185,20172.910109,452214
186,20172.910109,454590
187,20172.910109,456966
188,20172.910109,459342
189,20172.910109,461718
190,20172.910109,464094
191,20172.910109,466470
192,20172.910109,468846
193,20172.910109,471222
194,20172.910109,473598
195,20172.910109,475974
196,20172.910109,478350
197,20172.910109,480726
198,20172.910109,483102
199,20172.910109,485478
200,20172.910109,487854
201,20172.910109,490230
202,20172.910109,492606
203,20172.910109,494982
204,20172.910109,497359
205,20172.910109,499739
206,20172.910109,502124
207,20172.910109,504508
208,20172.910109,506893
209,20172.910109,509269
210,20172.910109,511645
211,20172.910109,514021
212,20172.910109,516397
213,20172.910109,518773
214,20172.910109,521149
215,20172.910109,523525
216,20172.910109,525901
217,20172.910109,528277
218,20172.910109,530653
219,20172.910109,533029
220,20172.910109,535405
221,20172.910109,537781
222,20172.910109,540157
223,20172.910109,542533
224,20172.910109,544909
225,20172.910109,547285
226,20172.910109,549661
227,20172.910109,552037
228,20172.910109,554415
229,20172.910109,556803
230,20172.910109,559192
231,20172.910109,561568
232,20172.910109,563944
233,20172.910109,566320
234,20172.910109,568696
235,20172.910109,571072
236,20172.910109,573448
237,20172.910109,575824
238,20172.910109,578200
239,20172.910109,580576
240,20172.910109,582952
241,20172.910109,585328
242,20172.910109,587704
243,20172.910109,590080
244,20172.910109,592456
245,20172.910109,594832
246,20172.910109,597208
247,20172.910109,599584
248,20172.910109,601960
249,20172.910109,604336
250,20172.910109,606712
251,20172.910109,609088
252,20172.910109,611464
253,20172.910109,613840
254,20172.910109,616216
255,20172.910109,618592
256,20172.910109,620968
257,20172.910109,623344
258,20172.910109,625720
259,20172.910109,628098
260,20172.910109,630482
261,20172.910109,632868
262,20172.910109,635254
263,20172.910109,637630
264,20172.910109,640006
265,20172.910109,642382
266,20172.910109,644758
267,20172.910109,647134
268,20172.910109,649510
269,20172.910109,651886
270,20172.910109,654262
271,20172.910109,656638
272,20172.910109,659014
273,20172.910109,661390
274,20172.910109,663766
275,20172.910109,666142
276,20172.910109,668518
277,20172.910109,670894
278,20172.910109,673270
279,20172.910109,675646
280,20172.910109,678023
281,20172.910109,680405
282,20172.910109,682788
283,20172.910109,685164
284,20172.910109,687540
285,20172.910109,689916
286,20172.910109,692292
287,20172.910109,694668
288,20172.910109,697044
289,20172.910109,699420
290,20172.910109,701796
291,20172.910109,704172
292,20172.910109,706548
293,20172.910109,708924
294,20172.910109,711300
20172.910109,44.548106
1,20461.442927,2376
2,20456.157275,4752
3,20429.355288,7128
4,20403.789307,9511
5,20380.369686,11913
6,20361.571460,14334
7,20344.478446,16763
8,20336.486225,19220
9,20292.524713,21693
10,20265.824706,24186
11,20242.542780,26715
12,20232.254817,29261
13,20223.934085,31825
14,20221.791718,34411
15,20221.597429,36997
16,20221.475408,39614
17,20221.315613,42244
18,20211.346730,44878
19,20210.894081,47512
20,20210.618063,50153
21,20210.171241,52796
22,20180.263862,55436
23,20180.263862,58076
24,20180.263862,60718
25,20180.263862,63366
26,20180.263862,65988
27,20180.263862,68592
28,20180.263862,71179
29,20180.263862,73735
30,20180.263862,76293
31,20180.263862,78810
32,20180.263862,81279
33,20180.263862,83722
34,20180.263862,86173
35,20180.263862,88603
36,20180.263862,91035
37,20180.263862,93477
38,20179.898356,95924
39,20179.898356,98376
40,20179.898356,100850
41,20179.898356,103318
42,20179.898356,105796
43,20179.898356,108267
44,20179.898356,110747
45,20179.898356,113210
46,20179.898356,115685
47,20179.898356,118150
48,20179.898356,120635
49,20178.985443,123118
50,20178.985443,125600
51,20178.985443,128088
52,20178.985443,130569
53,20178.985443,133055
54,20178.985443,135528
55,20178.985443,137993
56,20178.985443,140433
57,20178.985443,142879
58,20178.985443,145297
59,20178.985443,147724
60,20178.985443,150143
61,20178.985443,152561
62,20178.985443,154980
63,20178.985443,157392
64,20178.985443,159805
65,20178.985443,162222
66,20178.985443,164637
67,20178.985443,167069
68,20178.985443,169499
69,20178.985443,171941
70,20178.985443,174376
71,20178.985443,176818
72,20178.985443,179259
73,20178.985443,181701
74,20178.985443,184124
75,20178.985443,186547
76,20178.985443,188958
77,20178.985443,191383
78,20178.985443,193816
79,20178.985443,196246
80,20177.609299,198679
81,20177.609299,201154
82,20177.609299,203646
83,20177.609299,206157
84,20177.609299,208680
85,20177.609299,211210
86,20177.609299,213730
87,20177.609299,216229
88,20177.609299,218717
89,20177.609299,221188
90,20177.609299,223666
91,20177.609299,226143
92,20177.609299,228606
93,20177.609299,231047
94,20177.609299,233495
95,20177.609299,235937
96,20177.609299,238380
97,20177.609299,240821
98,20177.609299,243252
99,20177.609299,245681
100,20177.609299,248108
101,20177.609299,250516
102,20177.609299,252925
103,20177.609299,255323
104,20177.609299,257718
105,20177.609299,260113
106,20177.609299,262504
107,20177.609299,264898
108,20177.609299,267290
109,20177.609299,269687
110,20177.609299,272077
111,20177.609299,274475
112,20177.609299,276878
113,20177.609299,279281
114,20177.609299,281664
115,20177.609299,284046
116,20177.609299,286427
117,20177.609299,288812
118,20177.609299,291203
119,20177.609299,293593
120,20177.609299,295986
121,20177.609299,298379
122,20177.609299,300769
123,20177.609299,303167
124,20177.609299,305563
125,20177.609299,307959
126,20177.609299,310354
127,20177.609299,312751
128,20177.609299,315149
129,20177.609299,317546
130,20177.609299,319928
131,20177.609299,322307
132,20177.609299,324691
133,20177.609299,327079
134,20177.609299,329473
135,20177.609299,331859
136,20177.609299,334255
137,20177.609299,336646
138,20177.609299,339038
139,20177.609299,341432
140,20177.609299,343829
141,20177.609299,346240
142,20177.609299,348654
143,20177.609299,351065
144,20177.609299,353459
145,20177.609299,355843
146,20177.609299,358231
147,20177.609299,360631
148,20177.609299,363032
149,20177.609299,365439
150,20177.609299,367840
151,20177.609299,370240
152,20177.609299,372633
153,20177.609299,375023
154,20177.609299,377419
155,20177.609299,379822
156,20177.609299,382219
157,20177.609299,384613
158,20177.609299,386994
159,20177.609299,389374
160,20177.609299,391755
161,20177.609299,394135
162,20177.609299,396516
163,20177.609299,398900
164,20177.609299,401283
165,20177.609299,403666
166,20177.609299,406048
167,20177.609299,408434
168,20177.609299,410817
169,20177.609299,413199
170,20177.609299,415583
171,20177.609299,417966
172,20177.609299,420349
173,20177.609299,422732
174,20177.609299,425112
175,20177.609299,427495
176,20177.609299,429879
177,20177.609299,432264
178,20177.609299,434650
179,20177.609299,437035
180,20177.609299,439420
181,20177.609299,441808
182,20177.609299,444197
183,20177.609299,446585
184,20177.609299,448977
185,20177.609299,451364
186,20177.609299,453752
187,20177.609299,456138
188,20177.609299,458523
189,20177.609299,460907
190,20177.609299,463293
191,20177.609299,465679
192,20177.609299,468063
193,20177.609299,470447
194,20177.609299,472832
195,20177.609299,475219
196,20177.609299,477602
197,20177.609299,479987
198,20177.609299,482371
199,20177.609299,484755
200,20177.609299,487137
201,20177.609299,489522
202,20177.609299,491911
203,20177.609299,494297
204,20177.609299,496683
205,20177.609299,499071
206,20177.609299,501460
207,20177.609299,503847
208,20177.609299,506233
209,20177.609299,508618
210,20177.609299,511000
211,20177.609299,513379
212,20177.609299,515757
213,20177.609299,518136
214,20177.609299,520518
215,20177.609299,522899
216,20177.609299,525281
217,20177.609299,527664
218,20177.609299,530045
219,20177.609299,532425
220,20177.609299,534808
221,20177.609299,537192
222,20177.609299,539578
223,20177.609299,541960
224,20177.609299,544341
225,20177.609299,546722
226,20177.609299,549102
227,20177.609299,551483
228,20177.609299,553866
229,20177.609299,556248
230,20177.609299,558629
231,20177.609299,561011
232,20177.609299,563391
233,20177.609299,565773
234,20177.609299,568156
235,20177.609299,570551
236,20177.609299,572944
237,20177.609299,575324
238,20177.609299,577706
239,20177.609299,580089
240,20177.609299,582470
241,20177.609299,584854
242,20177.609299,587240
243,20177.609299,589622
244,20177.609299,592006
245,20177.609299,594389
246,20177.609299,596772
247,20177.609299,599158
248,20177.609299,601541
249,20177.609299,603925
250,20177.609299,606310
251,20177.609299,608697
252,20177.609299,611087
253,20177.609299,613482
254,20177.609299,615875
255,20177.609299,618266
256,20177.609299,620658
257,20177.609299,623050
258,20177.609299,625445
259,20177.609299,627842
260,20177.609299,630238
261,20177.609299,632634
262,20177.609299,635033
263,20177.609299,637427
264,20177.609299,639823
265,20177.609299,642218
266,20177.609299,644615
267,20177.609299,647009
268,20177.609299,649403
269,20177.609299,651798
270,20177.609299,654194
271,20177.609299,656591
272,20177.609299,658975
273,20177.609299,661359
274,20177.609299,663742
275,20177.609299,666124
276,20177.609299,668507
277,20177.609299,670890
278,20177.609299,673272
279,20177.609299,675653
280,20177.609299,678034
281,20177.609299,680416
282,20177.609299,682799
283,20177.609299,685188
284,20177.609299,687576
285,20177.609299,689964
286,20177.609299,692357
287,20177.609299,694754
288,20177.609299,697160
289,20177.609299,699567
290,20177.609299,701982
291,20177.340634,704415
292,20177.340634,706843
293,20177.340634,709271
294,20177.340634,711713
20177.340634,45.772307
