******* START *******
RING
crude_oil (0)
278.96515
278.96515
278.96515
278.96515
278.96515
278.96515
278.96515
278.96515
278.96515
278.96515
278.96515
278.96515
278.96515
278.96515
278.96515
278.96515
278.96515
278.96515
278.96515
278.96515
278.96515
278.96515
278.96515
278.96515
278.96515
278.96515
278.96515
278.96515
278.96515
278.96515
max - min: 0
std: 0.0
No: crude_oil (0)
caesarian (1)
235.109479
235.109479
235.109479
235.109479
235.109479
235.109479
235.109479
235.109479
235.109479
235.109479
235.109479
235.109479
235.109479
235.109479
235.109479
235.109479
235.109479
235.109479
235.109479
235.109479
235.109479
235.109479
235.109479
235.109479
235.109479
235.109479
235.109479
235.109479
235.109479
235.109479
max - min: 0
std: 0.0
No: caesarian (1)
breast_tissue (2)
126344.901638
126344.901638
126344.901638
126344.901638
126344.901638
126344.901638
126344.901638
126344.901638
126344.901638
126344.901638
126344.901638
126344.901638
126344.901638
126344.901638
126344.901638
126344.901638
126344.901638
126344.901638
126344.901638
126344.901638
126344.901638
126344.901638
126344.901638
126344.901638
126344.901638
126344.901638
126344.901638
126344.901638
126344.901638
126344.901638
max - min: 0
std: 0.0
No: breast_tissue (2)
hayes_roth (3)
1487.925126
1487.925126
1487.925126
1487.925126
1487.925126
1487.925126
1487.925126
1487.925126
1487.925126
1487.925126
1487.925126
1487.925126
1487.925126
1487.925126
1487.925126
1487.925126
1487.925126
1487.925126
1487.925126
1487.925126
1487.925126
1487.925126
1487.925126
1487.925126
1487.925126
1487.925126
1487.925126
1487.925126
1487.925126
1487.925126
max - min: 0
std: 0.0
No: hayes_roth (3)
iris (4)
97.222128
97.2241506
97.2231393
97.2241506
97.2241506
97.2231393
97.222128
97.2231393
97.2261732
97.222128
97.2241506
97.2241506
97.222128
97.222128
97.2241506
97.222128
97.2231393
97.222128
97.222128
97.2231393
97.2241506
97.2231393
97.2241506
97.2241506
97.2231393
97.222128
97.2241506
97.2231393
97.2241506
97.2241506
max - min: 1.0
std: 0.244948974278
tae (5)
1505.5404602
1505.5404602
1505.56155
1505.56155
1505.8048157
1505.56155
1505.56155
1505.56155
1505.56155
1505.56155
1505.56155
1505.56155
1505.56155
1505.56155
1505.56155
1505.56155
1505.56155
1505.56155
1505.56155
1505.56155
1505.56155
1505.56155
1505.56155
1505.56155
1505.56155
1505.56155
1505.56155
1505.56155
1505.56155
1505.56155
max - min: 1.0
std: 0.167356929217
No: tae (5)
wine (6)
16533.162702
16534.3046893
16533.4613368
16533.162409
16534.0057615
16534.1553719
16537.0796577
16535.6921735
16532.4686669
16533.162702
16533.4613368
16534.1550789
16538.9208201
16538.227371
16533.3120194
16532.6182773
16531.9245352
16534.0054685
16537.9224242
16537.9224242
16535.8411979
16535.1477488
16532.3193495
16534.1547859
16538.0720346
16538.0720346
16536.0866948
16533.7068337
16532.7678877
16534.6992106
max - min: 1.0
std: 0.291808675362
glass (7)
201.913967
201.9769985
202.2458973
202.3369472
202.6273847
202.633307
201.3405534
201.5529242
201.9062853
202.4178982
202.526972
202.6209835
201.355408
201.5633596
202.3192704
202.3735794
202.3906257
202.6363157
201.3463257
201.7272525
202.1001495
202.2500515
202.5458996
202.5580602
201.3182477
201.5361848
201.9983141
202.491237
202.5452936
202.6984495
max - min: 1.0
std: 0.330918141808
statlog_heart (8)
10689.774302
10689.7872899
10689.774302
10689.774302
10689.774302
10689.774302
10689.774302
10689.774302
10689.774302
10689.774302
10689.774302
10689.774302
10689.774302
10689.774302
10689.774302
10689.774302
10689.774302
10689.774302
10689.774302
10689.774302
10689.774302
10689.774302
10689.774302
10689.774302
10689.774302
10689.774302
10689.7872899
10689.774302
10689.774302
10689.774302
max - min: 1.0
std: 0.249443825785
haberman (9)
2625.107574
2625.107574
2625.107574
2625.107574
2625.107574
2625.107574
2625.107574
2625.107574
2625.107574
2625.107574
2625.107574
2625.107574
2625.107574
2625.107574
2625.107574
2625.107574
2625.107574
2625.107574
2625.107574
2625.107574
2625.107574
2625.107574
2625.107574
2625.107574
2625.107574
2625.107574
2625.107574
2625.107574
2625.107574
2625.107574
max - min: 0
std: 0.0
No: haberman (9)
column_2c (10)
9040.3259928
9040.3259928
9040.3444514
9040.3444514
9040.3444514
9040.3444514
9040.1768164
9040.3352221
9040.3352221
9040.3444514
9040.3444514
9040.3444514
9040.3352221
9040.2869419
9040.3352221
9040.3444514
9040.3444514
9040.3444514
9040.3352221
9040.3252472
9040.3352221
9040.3444514
9040.310471
9040.3444514
9040.4361764
9040.4361764
9040.3444514
9040.3352221
9040.3352221
9040.3444514
max - min: 1.0
std: 0.156953106992
No: column_2c (10)
column_3c (11)
7852.1272772
7851.7084861
7851.5993607
7852.49312
7852.367311
7852.2986632
7851.3054898
7851.477686
7851.3683537
7852.0865513
7851.8842215
7852.3983508
7851.3185861
7850.6932916
7851.416118
7851.8790798
7851.9275721
7851.7251047
7850.2096153
7851.023179
7850.9115317
7851.5226053
7851.8005401
7851.9204821
7849.8008214
7850.7848911
7851.3517995
7851.3391304
7851.9164355
7851.5684232
max - min: 1.0
std: 0.228224907236
ecoli (12)
63.9593814
63.9362202
63.8749231
64.0068083
63.9445466
64.0648591
63.8605013
64.0937683
63.8381703
63.9515618
63.9397802
63.9664341
63.9392742
63.8888614
63.8573721
63.8478351
63.9266998
63.9831293
64.0003251
63.792237
63.8378815
63.8679988
64.0334042
63.9625627
64.0077242
63.7877393
63.7991136
63.9063887
63.9173648
63.9490374
max - min: 1.0
std: 0.252059610287
ilpd (13)
99525.2162735
99526.7861185
99526.7861185
99527.571041
99525.2162735
99526.001196
99527.571041
99526.001196
99526.001196
99526.7861185
99526.001196
99526.001196
99527.571041
99527.571041
99526.001196
99525.2162735
99524.431351
99527.571041
99527.571041
99527.571041
99526.7861185
99526.001196
99526.001196
99526.001196
99529.1704502
99526.7861185
99526.7861185
99526.001196
99525.2162735
99524.431351
max - min: 1.0
std: 0.221653947088
balance_scale (14)
1423.851405
1423.851405
1423.851405
1423.851405
1423.851405
1423.851405
1423.851405
1423.851405
1423.851405
1423.851405
1423.851405
1423.851405
1423.851405
1423.851405
1423.851405
1423.851405
1423.851405
1423.851405
1423.851405
1423.851405
1423.851405
1423.851405
1423.851405
1423.851405
1423.851405
1423.851405
1423.851405
1423.851405
1423.851405
1423.851405
max - min: 0
std: 0.0
No: balance_scale (14)
australian_credit (15)
690424.137323
690421.650498
690424.137323
690421.650498
690421.650498
690424.137323
690424.137323
690421.650498
690421.650498
690421.650498
690424.137323
690424.137323
690424.137323
690421.650498
690424.137323
690421.650498
690421.650498
690424.137323
690424.137323
690421.650498
690421.650498
690424.137323
690424.137323
690424.137323
690424.137323
690421.650498
690421.650498
690421.650498
690424.137323
690424.137323
max - min: 1.0
std: 0.49888765157
No: australian_credit (15)
breast_cancer_wisconsin (16)
92155680.2318
92156025.3551
92155040.5435
92156665.0434
92156350.3976
92156665.0434
92155040.5435
92154715.501
92155040.5435
92154715.501
92155040.5435
92154715.501
92154715.501
92154715.501
92154715.501
92154715.501
92155040.5435
92154715.501
92155355.1893
92154715.501
92154715.501
92155700.3125
92155365.5861
92154715.501
92157374.1115
92154715.501
92155355.1893
92155700.3125
92155365.5861
92154715.501
max - min: 1.0
std: 0.264984082575
healthy_older_people (17)
18984.8550443
18984.2716814
18985.3041423
18991.7866351
18988.5901462
18993.5582168
18982.1085075
18983.1754776
18985.8484777
18985.9515855
18987.0902673
18987.6564253
18983.5875425
18982.0138358
18985.4433441
18986.9701219
18988.5194118
18989.4029572
18983.6614107
18984.7281163
18984.5821732
18982.9940602
18989.2705028
18987.0955849
18981.5828999
18984.1251341
18984.9403512
18984.6236715
18986.0375873
18985.091354
max - min: 1.0
std: 0.229241925722
transfusion (18)
434642.031811
434642.031811
434642.031811
434642.031811
434642.031811
434642.031811
434642.031811
434642.031811
434642.031811
434642.031811
434642.031811
434642.031811
434642.031811
434642.031811
434642.031811
434642.031811
434642.031811
434642.031811
434642.031811
434642.031811
434642.031811
434642.031811
434642.031811
434642.031811
434642.031811
434642.031811
434642.031811
434642.031811
434642.031811
434642.031811
max - min: 0
std: 0.0
No: transfusion (18)
vehicle_silhouettes (19)
54395.1589202
54398.3531522
54397.2577109
54396.0038234
54398.5417901
54404.0772699
54391.220017
54395.9128198
54394.6977708
54396.660774
54396.3929093
54395.6998421
54387.7847847
54391.2304519
54392.6628781
54396.3973529
54397.8475374
54397.9140162
54388.1899015
54390.8338167
54394.0195096
54395.5357618
54394.268115
54396.1718288
54386.9740425
54389.761362
54389.5331626
54395.3755415
54394.6514936
54394.9728502
max - min: 1.0
std: 0.214421958297
Mean min-max normalization:
0.33138717238086535
0.5390648650220016
0.362584421218244
0.5906680156464416
0.5253712148758427
0.6419517371160619
0.2626553537277972
0.35682670575642383
0.351215254590349
0.3786068718330954
0.43301887222629265
0.4660014816000433
0.2963140572448942
0.2687756667908821
0.32373342474171085
0.2998534224883518
0.3608238075789848
0.4560787471227375
0.2871910395000956
0.3023174834841092
0.3362005125181682
0.3607715204104144
0.46356122985362225
0.44050012069633526
0.3847517317775194
0.2274236438706688
0.4368369602430189
0.3760517692336734
0.3949977069092684
0.38408527988702973
Config2-RING: 26
TREE
crude_oil (0)
278.96515
278.96515
278.96515
278.96515
278.96515
278.96515
278.96515
278.96515
278.96515
278.96515
278.96515
278.96515
278.96515
278.96515
278.96515
278.96515
278.96515
278.96515
278.96515
278.96515
278.96515
278.96515
278.96515
278.96515
278.96515
278.96515
278.96515
278.96515
278.96515
278.96515
max - min: 0
std: 0.0
No: crude_oil (0)
caesarian (1)
235.109479
235.109479
235.109479
235.109479
235.109479
235.109479
235.109479
235.109479
235.109479
235.109479
235.109479
235.109479
235.109479
235.109479
235.109479
235.109479
235.109479
235.109479
235.109479
235.109479
235.109479
235.109479
235.109479
235.109479
235.109479
235.109479
235.109479
235.109479
235.109479
235.109479
max - min: 0
std: 0.0
No: caesarian (1)
breast_tissue (2)
126344.901638
126344.901638
126344.901638
126344.901638
126344.901638
126344.901638
126344.901638
126344.901638
126344.901638
126344.901638
126344.901638
126344.901638
126344.901638
126344.901638
126344.901638
126344.901638
126344.901638
126344.901638
126344.901638
126344.901638
126344.901638
126344.901638
126344.901638
126344.901638
126344.901638
126344.901638
126344.901638
126344.901638
126344.901638
126344.901638
max - min: 0
std: 0.0
No: breast_tissue (2)
hayes_roth (3)
1487.925126
1487.925126
1487.925126
1487.925126
1487.925126
1487.925126
1487.925126
1487.925126
1487.925126
1487.925126
1487.925126
1487.925126
1487.925126
1487.925126
1487.925126
1487.925126
1487.925126
1487.925126
1487.925126
1487.925126
1487.925126
1487.925126
1487.925126
1487.925126
1487.925126
1487.925126
1487.925126
1487.925126
1487.925126
1487.925126
max - min: 0
std: 0.0
No: hayes_roth (3)
iris (4)
97.2231393
97.2231393
97.2241506
97.2231393
97.2251619
97.2231393
97.2231393
97.2251619
97.2251619
97.2231393
97.2261732
97.2231393
97.2241506
97.222128
97.2231393
97.2241506
97.222128
97.222128
97.2231393
97.2231393
97.2231393
97.2231393
97.2241506
97.2261732
97.222128
97.2231393
97.2261732
97.222128
97.222128
97.2251619
max - min: 1.0
std: 0.307882553365
tae (5)
1505.5404602
1505.5404602
1505.56155
1505.9891657
1505.56155
1505.56155
1505.5510051
1505.56155
1505.56155
1505.56155
1505.6064896
1505.56155
1505.5510051
1505.56155
1505.56155
1505.700825
1505.56155
1505.56155
1505.5510051
1505.56155
1505.56155
1505.56155
1505.8048157
1505.56155
1505.56155
1505.56155
1505.56155
1505.56155
1505.56155
1505.56155
max - min: 1.0
std: 0.201123881329
wine (6)
16534.9984314
16536.6314125
16536.9300473
16537.9224242
16537.6237894
16538.227078
16536.6845504
16534.4005758
16536.2365982
16535.8414909
16539.0701375
16536.9300473
16535.6921735
16535.2436353
16535.8414909
16536.7804369
16535.5425631
16536.3856226
16536.7807299
16538.6521042
16537.9224242
16537.9224242
16536.3913486
16537.5333359
16535.6921735
16537.5276099
16536.6845504
16536.3856226
16534.9984314
16536.9300473
max - min: 1.0
std: 0.238447748103
glass (7)
201.2823031
201.3279385
201.393998
201.5121451
201.7591947
202.014917
201.2782834
201.2914698
201.387111
201.4949188
201.7518598
202.0781251
201.2661937
201.2943042
201.4294511
201.548313
201.7008421
202.1051849
201.2631555
201.2888923
201.6095313
201.6745724
201.741751
202.1630796
201.2653989
201.3039224
201.4697457
201.7220813
202.0598676
202.1635505
max - min: 1.0
std: 0.33568797117
statlog_heart (8)
10689.774302
10689.774302
10689.774302
10689.7872899
10689.774302
10689.774302
10689.774302
10689.774302
10689.774302
10689.774302
10689.774302
10689.774302
10689.774302
10689.774302
10689.774302
10689.774302
10689.774302
10689.774302
10689.774302
10689.7462061
10689.774302
10689.8002778
10689.774302
10689.774302
10689.774302
10689.774302
10689.774302
10689.774302
10689.774302
10689.774302
max - min: 1.0
std: 0.136273876131
No: statlog_heart (8)
haberman (9)
2625.107574
2625.107574
2625.107574
2625.107574
2625.107574
2625.107574
2625.107574
2625.107574
2625.107574
2625.107574
2625.107574
2625.107574
2625.107574
2625.107574
2625.107574
2625.107574
2625.107574
2625.107574
2625.107574
2625.107574
2625.107574
2625.107574
2625.107574
2625.107574
2625.107574
2625.107574
2625.107574
2625.107574
2625.107574
2625.107574
max - min: 0
std: 0.0
No: haberman (9)
column_2c (10)
9040.3167635
9040.3259928
9040.3012417
9040.3444514
9040.3444514
9040.3444514
9040.3352221
9040.3259928
9040.310471
9040.3352221
9040.3444514
9040.3352221
9040.2961712
9040.3437058
9040.3444514
9040.3444514
9040.310471
9040.3444514
9040.3259928
9040.3352221
9040.310471
9040.3444514
9040.3444514
9040.3352221
9040.3352221
9040.3352221
9040.3444514
9040.3444514
9040.3444514
9040.3444514
max - min: 1.0
std: 0.296614063334
column_3c (11)
7851.8868094
7851.7274361
7851.963601
7852.5065868
7851.844638
7852.6329972
7850.7986088
7851.2481714
7851.8498146
7851.9071092
7851.7666852
7852.3445499
7850.4815871
7851.1217532
7852.0125648
7852.0975074
7852.164211
7852.789399
7850.5580642
7851.2787517
7851.7815308
7852.0677771
7851.829848
7851.9533787
7850.003936
7850.9925086
7851.5794091
7851.5067019
7851.8811017
7852.0105345
max - min: 1.0
std: 0.225945972853
ecoli (12)
63.5571761
63.589195
63.6804698
63.7946064
63.8942181
63.8557632
63.5616795
63.5849153
63.6539661
63.6799948
63.7873282
63.9466534
63.5458972
63.559723
63.642434
63.7328368
63.8276692
63.8160223
63.5517504
63.5675625
63.6565727
63.7345384
63.7907185
63.898553
63.5523506
63.5758407
63.6748213
63.7125111
63.8140749
63.8568265
max - min: 1.0
std: 0.305771980949
ilpd (13)
99526.001196
99526.7861185
99526.001196
99527.571041
99526.001196
99526.001196
99525.2162735
99525.2162735
99526.001196
99526.001196
99525.2162735
99526.001196
99527.571041
99527.571041
99527.571041
99525.2162735
99527.571041
99525.2162735
99525.2162735
99526.001196
99525.2162735
99525.2162735
99526.7861185
99526.001196
99526.7861185
99526.001196
99526.001196
99526.001196
99526.001196
99524.431351
max - min: 1.0
std: 0.268871096748
balance_scale (14)
1423.851405
1423.851405
1423.851405
1423.851405
1423.851405
1423.851405
1423.851405
1423.851405
1423.851405
1423.851405
1423.851405
1423.851405
1423.851405
1423.851405
1423.851405
1423.851405
1423.851405
1423.851405
1423.851405
1423.851405
1423.851405
1423.851405
1423.851405
1423.851405
1423.851405
1423.851405
1423.851405
1423.851405
1423.851405
1423.851405
max - min: 0
std: 0.0
No: balance_scale (14)
australian_credit (15)
690421.650498
690424.137323
690424.137323
690421.650498
690421.650498
690421.650498
690421.650498
690421.650498
690421.650498
690421.650498
690421.650498
690421.650498
690424.137323
690424.137323
690421.650498
690424.137323
690421.650498
690421.650498
690424.137323
690421.650498
690424.137323
690424.137323
690421.650498
690421.650498
690421.650498
690421.650498
690421.650498
690421.650498
690421.650498
690421.650498
max - min: 1.0
std: 0.442216638714
No: australian_credit (15)
breast_cancer_wisconsin (16)
92159654.3389
92161609.5236
92161274.7972
92158669.5273
92158659.1305
92160624.7121
92157374.1115
92157049.069
92156995.7283
92159275.9556
92159654.3389
92161367.0403
92155700.3125
92159037.5137
92157738.0565
92159693.2413
92158344.4848
92161589.443
92158945.2707
92158305.5824
92157374.1115
92159693.2413
92160343.3264
92159654.3389
92154390.4584
92157413.0139
92157374.1115
92154715.501
92158344.4848
92159693.2413
max - min: 1.0
std: 0.253532345788
healthy_older_people (17)
18982.7952005
18980.538755
18982.872145
18980.4368181
18984.3977178
18984.1372317
18980.5992052
18980.0585661
18981.9416915
18981.9168095
18982.8856348
18984.0935727
18979.2314117
18980.0340596
18981.9957329
18981.7708101
18983.3235968
18986.6400803
18979.8193915
18978.4238252
18983.2177209
18982.7920434
18982.0453068
18986.8653165
18978.2560115
18980.3689753
18981.0890759
18983.4992895
18984.5197687
18985.7481271
max - min: 1.0
std: 0.254668609286
transfusion (18)
434642.031811
434642.031811
434642.031811
434642.031811
434642.031811
434642.031811
434642.031811
434642.031811
434642.031811
434642.031811
434642.031811
434642.031811
434642.031811
434642.031811
434642.031811
434642.031811
434642.031811
434642.031811
434642.031811
434642.031811
434642.031811
434642.031811
434642.031811
434642.031811
434642.031811
434642.031811
434642.031811
434642.031811
434642.031811
434642.031811
max - min: 0
std: 0.0
No: transfusion (18)
vehicle_silhouettes (19)
54390.7992652
54396.1764652
54393.7177847
54395.1051763
54398.0123729
54397.7734244
54389.8615908
54392.1400685
54390.6599423
54393.2363334
54395.5586787
54395.2553991
54392.4281476
54391.9655918
54392.5851228
54393.284841
54393.8429482
54389.7021462
54389.7755046
54391.5634902
54390.0764386
54394.7875841
54388.9699707
54392.3727156
54388.1524241
54390.0362616
54391.6979556
54391.8477627
54392.4211137
54393.5404574
max - min: 1.0
std: 0.248576746206
Mean min-max normalization:
0.3231611501850335
0.45210050435400934
0.448419767482976
0.6682745932748027
0.6702585157613122
0.6991733808549125
0.2747046339064645
0.29293212103938554
0.37269934775068597
0.43702337412908604
0.6539322591477056
0.6598003970739755
0.24575815468138387
0.3563162429949658
0.4636300869751438
0.5286513285144608
0.4787251344697074
0.5872319120442614
0.25832580094689667
0.36040041794174776
0.3710166175264529
0.5367417605493183
0.5828266223103072
0.7057484708154329
0.17282129303630744
0.3277800132446441
0.4777121619881351
0.4059894057016868
0.5101076759538185
0.6351070567124623
Config2-TREE: 25
NETA
crude_oil (0)
278.96515
278.96515
278.96515
278.96515
278.96515
278.96515
278.96515
278.96515
278.96515
278.96515
278.96515
278.96515
278.96515
278.96515
278.96515
278.96515
278.96515
278.96515
278.96515
278.96515
278.96515
278.96515
278.96515
278.96515
278.96515
278.96515
278.96515
278.96515
278.96515
278.96515
max - min: 0
std: 0.0
No: crude_oil (0)
caesarian (1)
235.109479
235.109479
235.109479
235.109479
235.109479
235.109479
235.109479
235.109479
235.109479
235.109479
235.109479
235.109479
235.109479
235.109479
235.109479
235.109479
235.109479
235.109479
235.109479
235.109479
235.109479
235.109479
235.109479
235.109479
235.109479
235.109479
235.109479
235.109479
235.109479
235.109479
max - min: 0
std: 0.0
No: caesarian (1)
breast_tissue (2)
126344.901638
126344.901638
126344.901638
126344.901638
126344.901638
126344.901638
126344.901638
126344.901638
126344.901638
126344.901638
126344.901638
126344.901638
126344.901638
126344.901638
126344.901638
126344.901638
126344.901638
126344.901638
126344.901638
126344.901638
126344.901638
126344.901638
126344.901638
126344.901638
126344.901638
126344.901638
126344.901638
126344.901638
126344.901638
126344.901638
max - min: 0
std: 0.0
No: breast_tissue (2)
hayes_roth (3)
1487.925126
1487.925126
1487.925126
1487.925126
1487.925126
1487.925126
1487.925126
1487.925126
1487.925126
1487.925126
1487.925126
1487.925126
1487.925126
1487.925126
1487.925126
1487.925126
1487.925126
1487.925126
1487.925126
1487.925126
1487.925126
1487.925126
1487.925126
1487.925126
1487.925126
1487.925126
1487.925126
1487.925126
1487.925126
1487.925126
max - min: 0
std: 0.0
No: hayes_roth (3)
iris (4)
97.2241506
97.222128
97.2231393
97.2261732
97.2231393
97.2241506
97.222128
97.2241506
97.2231393
97.2231393
97.2231393
97.222128
97.2241506
97.2231393
97.2231393
97.2231393
97.2231393
97.2231393
97.2241506
97.2231393
97.2231393
97.2241506
97.2241506
97.2241506
97.222128
97.2241506
97.2241506
97.2231393
97.2241506
97.2231393
max - min: 1.0
std: 0.207498326633
tae (5)
1505.4666459
1505.5404602
1505.5510051
1505.56155
1505.5510051
1505.56155
1505.4666459
1505.5299153
1505.5404602
1505.5952524
1505.56155
1505.7667077
1505.5193704
1505.56155
1505.5510051
1505.56155
1505.56155
1505.56155
1505.56155
1505.5510051
1505.56155
1505.56155
1505.56155
1505.56155
1505.56155
1505.56155
1505.56155
1505.56155
1505.56155
1505.56155
max - min: 1.0
std: 0.15507423634
No: tae (5)
wine (6)
16535.6921735
16535.3935387
16536.7804369
16536.7807299
16536.7807299
16536.3856226
16535.2436353
16534.6997966
16536.3856226
16537.6234964
16536.9300473
16537.8322637
16535.6918805
16537.0796577
16536.3853296
16533.0130916
16538.3763954
16535.6918805
16536.8398868
16539.2194549
16537.0793647
16535.6381566
16536.3856226
16535.2436353
16540.2178508
16537.7733998
16536.0864018
16534.4540067
16535.5425631
16534.9984314
max - min: 1.0
std: 0.196967567566
No: wine (6)
glass (7)
201.2422491
201.2589712
201.3083858
201.3377851
201.4004131
201.4393078
201.2322292
201.2590585
201.2885491
201.3745486
201.3798499
201.4667596
201.2404485
201.2439462
201.2736944
201.3505498
201.406345
201.5249879
201.2249938
201.2459276
201.3126413
201.3583484
201.4248587
201.5857846
201.2317624
201.2543861
201.3322703
201.4053706
201.4823188
201.5351225
max - min: 1.0
std: 0.278736865004
statlog_heart (8)
10689.774302
10689.774302
10689.774302
10689.7872899
10689.774302
10689.774302
10689.774302
10689.774302
10689.774302
10689.8002778
10689.774302
10689.774302
10689.774302
10689.774302
10689.774302
10689.7872899
10689.774302
10689.774302
10689.7872899
10689.7462061
10689.774302
10689.774302
10689.774302
10689.774302
10689.8030496
10689.774302
10689.774302
10689.774302
10689.774302
10689.774302
max - min: 1.0
std: 0.165441033779
No: statlog_heart (8)
haberman (9)
2625.107574
2625.107574
2625.107574
2625.107574
2625.107574
2625.107574
2625.107574
2625.107574
2625.107574
2625.107574
2625.107574
2625.107574
2625.107574
2625.107574
2625.107574
2625.107574
2625.107574
2625.107574
2625.107574
2625.107574
2625.107574
2625.107574
2625.107574
2625.107574
2625.107574
2625.107574
2625.107574
2625.107574
2625.107574
2625.107574
max - min: 0
std: 0.0
No: haberman (9)
column_2c (10)
9040.2200261
9040.3337309
9040.310471
9040.3352221
9040.3352221
9040.3444514
9040.3259928
9040.3444514
9040.3012417
9040.3444514
9040.3352221
9040.3444514
9040.3723351
9040.3444514
9040.3259928
9040.3444514
9040.3444514
9040.3352221
9040.3538765
9040.3012417
9040.310471
9040.3444514
9040.3352221
9040.3444514
9040.3721763
9040.3721763
9040.3259928
9040.3444514
9040.3444514
9040.3444514
max - min: 1.0
std: 0.179909894942
No: column_2c (10)
column_3c (11)
7851.2116347
7851.7249901
7852.3282969
7851.9730453
7852.1271462
7852.0124662
7848.8365128
7850.8050564
7851.7165935
7851.76464
7851.7617566
7851.8937275
7847.4442191
7850.9003578
7851.827841
7852.2643764
7852.1123724
7851.8629374
7847.5189359
7851.1992524
7851.3889736
7852.050775
7851.7129153
7851.4722616
7846.922045
7849.6315827
7851.4166284
7851.2436389
7851.6041178
7851.5017515
max - min: 1.0
std: 0.268096968345
ecoli (12)
63.5301863
63.5378681
63.5731813
63.6172811
63.6281352
63.6980766
63.5236413
63.5388596
63.5731295
63.6243763
63.624554
63.6820962
63.5204898
63.5454376
63.5778531
63.5877802
63.6278745
63.6797148
63.5321628
63.5450581
63.5689389
63.604751
63.6388611
63.6515813
63.5342095
63.5499108
63.5629087
63.5865498
63.6181618
63.6432295
max - min: 1.0
std: 0.28406608193
ilpd (13)
99526.7861185
99527.571041
99526.7861185
99526.7861185
99526.7861185
99526.7861185
99526.7861185
99527.571041
99526.7861185
99523.6464285
99524.431351
99526.001196
99526.7861185
99525.2162735
99525.2162735
99526.7861185
99525.2162735
99526.7861185
99527.571041
99526.7861185
99526.7861185
99526.7861185
99526.7861185
99527.571041
99528.8988544
99526.001196
99526.7861185
99527.571041
99526.001196
99525.2162735
max - min: 1.0
std: 0.198072185002
No: ilpd (13)
balance_scale (14)
1423.851405
1423.851405
1423.851405
1423.851405
1423.851405
1423.851405
1423.851405
1423.851405
1423.851405
1423.851405
1423.851405
1423.851405
1423.851405
1423.851405
1423.851405
1423.851405
1423.851405
1423.851405
1423.851405
1423.851405
1423.851405
1423.851405
1423.851405
1423.851405
1423.851405
1423.851405
1423.851405
1423.851405
1423.851405
1423.851405
max - min: 0
std: 0.0
No: balance_scale (14)
australian_credit (15)
690424.137323
690424.137323
690424.137323
690424.137323
690421.650498
690424.137323
690421.650498
690424.137323
690421.650498
690424.137323
690421.650498
690421.650498
690424.137323
690424.137323
690424.137323
690424.137323
690421.650498
690424.137323
690421.650498
690421.650498
690421.650498
690421.650498
690424.137323
690421.650498
690424.137323
690421.650498
690421.650498
690421.650498
690424.137323
690421.650498
max - min: 1.0
std: 0.5
No: australian_credit (15)
breast_cancer_wisconsin (16)
92155700.3125
92159654.3389
92159693.2413
92160949.7547
92158344.4848
92160949.7547
92157010.1666
92157374.1115
92158019.4422
92157320.7709
92158344.4848
92160639.1504
92156025.3551
92157049.069
92155355.1893
92155040.5435
92158344.4848
92159948.9039
92157985.2943
92156350.3976
92154715.501
92155040.5435
92158669.5273
92155040.5435
92154390.4584
92157374.1115
92155040.5435
92156064.2574
92155680.2318
92158722.868
max - min: 1.0
std: 0.295711934038
healthy_older_people (17)
18977.3575879
18978.2165414
18978.9876132
18979.7019006
18979.7417235
18980.6568848
18976.3951552
18976.882774
18980.2085578
18978.3819883
18979.6020124
18980.1312846
18976.0206509
18975.9132945
18979.1167491
18980.5445387
18979.8385954
18979.5733126
18975.8756612
18977.3109691
18981.0807974
18980.4554116
18980.8480708
18979.7819341
18976.3633425
18977.2422829
18981.4579843
18980.0434128
18980.3169258
18982.0775872
max - min: 1.0
std: 0.287161445212
transfusion (18)
434642.031811
434642.031811
434642.031811
434642.031811
434642.031811
434642.031811
434642.031811
434642.031811
434642.031811
434642.031811
434642.031811
434642.031811
434642.031811
434642.031811
434642.031811
434642.031811
434642.031811
434642.031811
434642.031811
434642.031811
434642.031811
434642.031811
434642.031811
434642.031811
434642.031811
434642.031811
434642.031811
434642.031811
434642.031811
434642.031811
max - min: 0
std: 0.0
No: transfusion (18)
vehicle_silhouettes (19)
54387.2627924
54388.7042416
54390.8729573
54393.7232136
54393.0584098
54392.6072271
54387.6581688
54391.6100078
54390.7913128
54391.4208214
54392.0295844
54390.5211833
54390.7835824
54387.0274823
54386.4409144
54389.3646243
54389.9781311
54389.3276024
54386.5556424
54389.2946664
54389.1732976
54389.2105266
54391.4120755
54388.3777016
54385.475974
54389.6002858
54387.7272049
54387.7755063
54391.3164755
54387.7625993
max - min: 1.0
std: 0.250511385893
Mean min-max normalization:
0.29302495551420954
0.3788322395005687
0.5346362193453743
0.77269878405707
0.6358179163046069
0.8101716479005396
0.16281007882115173
0.39673311672971767
0.5008313386302654
0.5309915208403243
0.5941004725989636
0.6786143052428161
0.2222302117716928
0.25405673235105897
0.34315749370189413
0.469789073932452
0.5864419461170077
0.6860945159457181
0.19358621865465356
0.31868373613879336
0.4184493729169508
0.5118766450953555
0.6829397263473164
0.5943772221315538
0.02495008689332769
0.34623366870191497
0.4485342333148919
0.446759803889704
0.6071697983913319
0.6550864777747176
Config2-NETA: 25
NETB
crude_oil (0)
278.96515
278.96515
278.96515
278.96515
278.96515
278.96515
278.96515
278.96515
278.96515
278.96515
278.96515
278.96515
278.96515
278.96515
278.96515
278.96515
278.96515
278.96515
278.96515
278.96515
278.96515
278.96515
278.96515
278.96515
278.96515
278.96515
278.96515
278.96515
278.96515
278.96515
max - min: 0
std: 0.0
No: crude_oil (0)
caesarian (1)
235.109479
235.109479
235.109479
235.109479
235.109479
235.109479
235.109479
235.109479
235.109479
235.109479
235.109479
235.109479
235.109479
235.109479
235.109479
235.109479
235.109479
235.109479
235.109479
235.109479
235.109479
235.109479
235.109479
235.109479
235.109479
235.109479
235.109479
235.109479
235.109479
235.109479
max - min: 0
std: 0.0
No: caesarian (1)
breast_tissue (2)
126344.901638
126344.901638
126344.901638
126344.901638
126344.901638
126344.901638
126344.901638
126344.901638
126344.901638
126344.901638
126344.901638
126344.901638
126344.901638
126344.901638
126344.901638
126344.901638
126344.901638
126344.901638
126344.901638
126344.901638
126344.901638
126344.901638
126344.901638
126344.901638
126344.901638
126344.901638
126344.901638
126344.901638
126344.901638
126344.901638
max - min: 0
std: 0.0
No: breast_tissue (2)
hayes_roth (3)
1487.925126
1487.925126
1487.925126
1487.925126
1487.925126
1487.925126
1487.925126
1487.925126
1487.925126
1487.925126
1487.925126
1487.925126
1487.925126
1487.925126
1487.925126
1487.925126
1487.925126
1487.925126
1487.925126
1487.925126
1487.925126
1487.925126
1487.925126
1487.925126
1487.925126
1487.925126
1487.925126
1487.925126
1487.925126
1487.925126
max - min: 0
std: 0.0
No: hayes_roth (3)
iris (4)
97.2241506
97.2231393
97.2261732
97.2231393
97.2231393
97.2231393
97.222128
97.2241506
97.2241506
97.222128
97.2241506
97.2231393
97.222128
97.2231393
97.2241506
97.2261732
97.222128
97.222128
97.222128
97.2231393
97.222128
97.2231393
97.222128
97.2231393
97.222128
97.222128
97.2241506
97.2231393
97.2231393
97.2241506
max - min: 1.0
std: 0.268871096748
tae (5)
1505.456101
1505.4982806
1505.5404602
1505.5510051
1505.56155
1505.56155
1505.4877357
1505.5299153
1505.56155
1505.56155
1505.56155
1505.56155
1505.5299153
1505.5510051
1505.56155
1505.56155
1505.56155
1505.56155
1505.56155
1505.5510051
1505.56155
1505.56155
1505.56155
1505.56155
1505.56155
1505.56155
1505.56155
1505.56155
1505.7131035
1505.56155
max - min: 1.0
std: 0.15051643492
No: tae (5)
wine (6)
16533.4616298
16535.5428561
16536.9300473
16537.7731068
16536.7804369
16536.2363052
16536.0869878
16536.3859156
16536.7804369
16536.2360122
16537.5276099
16537.5333359
16535.6921735
16537.0796577
16536.0864018
16535.5428561
16536.6845504
16537.474179
16539.9723539
16538.5257128
16536.535233
16536.4815091
16535.3929527
16536.0869878
16540.4700507
16538.3766884
16537.474472
16535.0943179
16534.6992106
16534.1553719
max - min: 1.0
std: 0.210935826261
glass (7)
201.2504264
201.2948757
201.3131019
201.3234713
201.3849104
201.4764634
201.2228328
201.2474835
201.3006686
201.3416725
201.3959121
201.4795595
201.2301166
201.2484263
201.2927937
201.3738671
201.3899011
201.5502403
201.2196019
201.2511809
201.2897648
201.3618108
201.4255863
201.532582
201.2286485
201.2465946
201.3143308
201.441959
201.4817206
201.5741221
max - min: 1.0
std: 0.292609602862
statlog_heart (8)
10689.774302
10689.774302
10689.774302
10689.7872899
10689.774302
10689.774302
10689.774302
10689.774302
10689.774302
10689.7872899
10689.774302
10689.774302
10689.7632609
10689.774302
10689.774302
10689.774302
10689.774302
10689.774302
10689.7462061
10689.774302
10689.774302
10689.7872899
10689.774302
10689.774302
10689.774302
10689.774302
10689.774302
10689.774302
10689.774302
10689.774302
max - min: 1.0
std: 0.16730385978
No: statlog_heart (8)
haberman (9)
2625.107574
2625.107574
2625.107574
2625.107574
2625.107574
2625.107574
2625.107574
2625.107574
2625.107574
2625.107574
2625.107574
2625.107574
2625.107574
2625.107574
2625.107574
2625.107574
2625.107574
2625.107574
2625.107574
2625.107574
2625.107574
2625.107574
2625.107574
2625.107574
2625.107574
2625.107574
2625.107574
2625.107574
2625.107574
2625.107574
max - min: 0
std: 0.0
No: haberman (9)
column_2c (10)
9040.3054005
9040.3344765
9040.310471
9040.3352221
9040.3352221
9040.3444514
9040.3167635
9040.3352221
9040.3012417
9040.3444514
9040.3444514
9040.3444514
9040.3631058
9040.3444514
9040.3444514
9040.3444514
9040.310471
9040.3352221
9040.3148256
9040.1625166
9040.310471
9040.3352221
9040.3352221
9040.3444514
9040.3721763
9040.3721763
9040.3259928
9040.3444514
9040.3444514
9040.3444514
max - min: 1.0
std: 0.170161075663
No: column_2c (10)
column_3c (11)
7851.4688828
7850.9551031
7851.8432021
7851.6031524
7851.9055157
7852.0108827
7850.553262
7851.2530588
7851.6251645
7852.1257254
7851.6994064
7852.2975536
7848.1156996
7850.6465486
7851.3490988
7852.0851382
7851.9474299
7851.9440528
7848.744762
7850.4548514
7851.5209077
7851.6509586
7851.5815739
7851.7166931
7847.3500685
7851.0077755
7850.8386729
7851.6063599
7851.5207975
7852.1584628
max - min: 1.0
std: 0.233352012747
ecoli (12)
63.5236297
63.5384598
63.5893363
63.6199745
63.6653239
63.7015272
63.5225795
63.5303992
63.5725115
63.5963523
63.6387525
63.7065344
63.5229473
63.5394292
63.5692191
63.6109657
63.6230527
63.690685
63.5285717
63.5494207
63.5714777
63.5943712
63.6430407
63.6610024
63.5341015
63.5499398
63.5801308
63.6017861
63.6461659
63.6721933
max - min: 1.0
std: 0.308932524716
ilpd (13)
99525.2162735
99524.431351
99527.571041
99526.7861185
99526.7861185
99526.001196
99527.571041
99526.7861185
99526.001196
99526.7861185
99526.001196
99524.431351
99526.7861185
99526.001196
99526.001196
99526.001196
99526.7861185
99526.001196
99527.571041
99526.7861185
99527.571041
99526.001196
99526.7861185
99526.7861185
99526.7861185
99526.001196
99526.7861185
99527.571041
99526.7861185
99526.7861185
max - min: 1.0
std: 0.25495097568
balance_scale (14)
1423.851405
1423.851405
1423.851405
1423.851405
1423.851405
1423.851405
1423.851405
1423.851405
1423.851405
1423.851405
1423.851405
1423.851405
1423.851405
1423.851405
1423.851405
1423.851405
1423.851405
1423.851405
1423.851405
1423.851405
1423.851405
1423.851405
1423.851405
1423.851405
1423.851405
1423.851405
1423.851405
1423.851405
1423.851405
1423.851405
max - min: 0
std: 0.0
No: balance_scale (14)
australian_credit (15)
690424.137323
690424.137323
690424.137323
690424.137323
690424.137323
690424.137323
690424.137323
690424.137323
690421.650498
690424.137323
690421.650498
690421.650498
690424.137323
690421.650498
690421.650498
690424.137323
690421.650498
690421.650498
690421.650498
690421.650498
690421.650498
690424.137323
690424.137323
690424.137323
690424.137323
690421.650498
690421.650498
690421.650498
690421.650498
690421.650498
max - min: 1.0
std: 0.5
No: australian_credit (15)
breast_cancer_wisconsin (16)
92156025.3551
92161003.0953
92159693.2413
92160949.7547
92158344.4848
92160949.7547
92155700.3125
92157374.1115
92158019.4422
92158344.4848
92158344.4848
92159968.9846
92156025.3551
92157010.1666
92155355.1893
92155040.5435
92158344.4848
92159623.8614
92157660.2517
92156025.3551
92156025.3551
92155040.5435
92157320.7709
92155040.5435
92156340.0008
92157374.1115
92154715.501
92154715.501
92155680.2318
92157374.1115
max - min: 1.0
std: 0.302839851682
healthy_older_people (17)
18976.9335455
18977.8498942
18978.6107534
18979.9171557
18979.3322552
18980.6568848
18976.5566857
18977.5277337
18979.5287479
18978.6664042
18980.2555998
18980.2881737
18976.772248
18977.0482209
18979.1335854
18980.0967737
18979.6420026
18979.884265
18976.1436982
18977.2865001
18981.2177279
18980.7136013
18981.0546991
18979.8112163
18977.0982311
18977.1865009
18980.4570124
18980.2104539
18981.1685183
18980.8642185
max - min: 1.0
std: 0.311138193784
transfusion (18)
434642.031811
434642.031811
434642.031811
434642.031811
434642.031811
434642.031811
434642.031811
434642.031811
434642.031811
434642.031811
434642.031811
434642.031811
434642.031811
434642.031811
434642.031811
434642.031811
434642.031811
434642.031811
434642.031811
434642.031811
434642.031811
434642.031811
434642.031811
434642.031811
434642.031811
434642.031811
434642.031811
434642.031811
434642.031811
434642.031811
max - min: 0
std: 0.0
No: transfusion (18)
vehicle_silhouettes (19)
54389.5986596
54387.938423
54391.8137847
54389.1880054
54393.8214857
54392.1219125
54386.7057468
54388.2243834
54388.206652
54389.9383916
54392.6007762
54392.1343745
54389.0196792
54388.8005845
54389.6240608
54391.1299348
54391.7786436
54389.9108934
54389.1739149
54387.3134659
54389.9477697
54388.3028631
54389.9551599
54393.2072682
54386.0154963
54387.5704921
54388.7635102
54394.1982279
54391.2050525
54389.1475353
max - min: 1.0
std: 0.251395954761
Mean min-max normalization:
0.2752271470542025
0.3495036100597438
0.6684646273913397
0.6022413430349639
0.6440111724638045
0.7125019018714975
0.2615030373336949
0.3936488232369159
0.4775691932209543
0.49002827848544794
0.6422703104018556
0.6627057717523405
0.21711250227641418
0.3321127323524264
0.4194213898369805
0.569494055801115
0.5707299778406667
0.6490500554940007
0.3441987217332679
0.3530309278402304
0.49268749867964334
0.4526085847034715
0.5533779240818835
0.6162110339284904
0.2538488809822779
0.33154134252038503
0.4770741458703549
0.5780579073471632
0.5787467017820607
0.6522352570747444
Config2-NETB: 13
TORUS
crude_oil (0)
278.96515
278.96515
278.96515
278.96515
278.96515
278.96515
278.96515
278.96515
278.96515
278.96515
278.96515
278.96515
278.96515
278.96515
278.96515
278.96515
278.96515
278.96515
278.96515
278.96515
278.96515
278.96515
278.96515
278.96515
278.96515
278.96515
278.96515
278.96515
278.96515
278.96515
max - min: 0
std: 0.0
No: crude_oil (0)
caesarian (1)
235.109479
235.109479
235.109479
235.109479
235.109479
235.109479
235.109479
235.109479
235.109479
235.109479
235.109479
235.109479
235.109479
235.109479
235.109479
235.109479
235.109479
235.109479
235.109479
235.109479
235.109479
235.109479
235.109479
235.109479
235.109479
235.109479
235.109479
235.109479
235.109479
235.109479
max - min: 0
std: 0.0
No: caesarian (1)
breast_tissue (2)
126344.901638
126344.901638
126344.901638
126344.901638
126344.901638
126344.901638
126344.901638
126344.901638
126344.901638
126344.901638
126344.901638
126344.901638
126344.901638
126344.901638
126344.901638
126344.901638
126344.901638
126344.901638
126344.901638
126344.901638
126344.901638
126344.901638
126344.901638
126344.901638
126344.901638
126344.901638
126344.901638
126344.901638
126344.901638
126344.901638
max - min: 0
std: 0.0
No: breast_tissue (2)
hayes_roth (3)
1487.925126
1487.925126
1487.925126
1487.925126
1487.925126
1487.925126
1487.925126
1487.925126
1487.925126
1487.925126
1487.925126
1487.925126
1487.925126
1487.925126
1487.925126
1487.925126
1487.925126
1487.925126
1487.925126
1487.925126
1487.925126
1487.925126
1487.925126
1487.925126
1487.925126
1487.925126
1487.925126
1487.925126
1487.925126
1487.925126
max - min: 0
std: 0.0
No: hayes_roth (3)
iris (4)
97.222128
97.2241506
97.222128
97.222128
97.2231393
97.2231393
97.2231393
97.2231393
97.2261732
97.2231393
97.2241506
97.2271845
97.2231393
97.222128
97.2241506
97.2241506
97.2251619
97.2241506
97.2231393
97.2231393
97.222128
97.2231393
97.2241506
97.2241506
97.2231393
97.2231393
97.2231393
97.2241506
97.222128
97.2231393
max - min: 1.0
std: 0.227937613297
tae (5)
1505.4666459
1505.4771908
1505.5299153
1505.56155
1505.56155
1505.56155
1505.4666459
1505.5404602
1505.5510051
1505.56155
1505.56155
1505.56155
1505.5193704
1505.56155
1505.5510051
1505.56155
1505.56155
1505.56155
1505.5299153
1505.5510051
1505.56155
1505.56155
1505.56155
1505.56155
1505.5510051
1505.5510051
1505.56155
1505.56155
1505.56155
1505.56155
max - min: 1.0
std: 0.292123393136
wine (6)
16535.5428561
16535.3932457
16537.0793647
16537.0793647
16537.2286821
16536.9300473
16537.0796577
16535.3932457
16534.9984314
16535.5425631
16536.3856226
16536.3856226
16534.3043963
16536.0869878
16535.2436353
16534.3046893
16536.3856226
16534.1550789
16536.7494333
16537.3782925
16536.3856226
16536.7804369
16535.6918805
16535.3929527
16539.3747913
16538.0720346
16537.6232034
16533.3120194
16535.6918805
16535.3932457
max - min: 1.0
std: 0.20758450644
glass (7)
201.2352148
201.2562303
201.2908387
201.2920477
201.3793076
201.4242498
201.2257389
201.2402485
201.2703907
201.3385084
201.3684266
201.4138896
201.2056156
201.2291553
201.2712203
201.3197988
201.3546085
201.4209834
201.2274511
201.2449389
201.2809585
201.3452321
201.3892389
201.4264813
201.2071204
201.2430305
201.3029613
201.351055
201.4062578
201.4684719
max - min: 1.0
std: 0.288499877398
statlog_heart (8)
10689.774302
10689.774302
10689.774302
10689.7872899
10689.774302
10689.774302
10689.774302
10689.774302
10689.774302
10689.8002778
10689.774302
10689.774302
10689.7462061
10689.774302
10689.774302
10689.7872899
10689.774302
10689.774302
10689.774302
10689.774302
10689.774302
10689.774302
10689.774302
10689.774302
10689.774302
10689.7462061
10689.774302
10689.774302
10689.774302
10689.774302
max - min: 1.0
std: 0.171847069951
No: statlog_heart (8)
haberman (9)
2625.107574
2625.107574
2625.107574
2625.107574
2625.107574
2625.107574
2625.107574
2625.107574
2625.107574
2625.107574
2625.107574
2625.107574
2625.107574
2625.107574
2625.107574
2625.107574
2625.107574
2625.107574
2625.107574
2625.107574
2625.107574
2625.107574
2625.107574
2625.107574
2625.107574
2625.107574
2625.107574
2625.107574
2625.107574
2625.107574
max - min: 0
std: 0.0
No: haberman (9)
column_2c (10)
9040.3252472
9040.1915926
9040.3444514
9040.3444514
9040.3352221
9040.3352221
9040.3352221
9040.3259928
9040.3444514
9040.3444514
9040.3444514
9040.3444514
9040.3148256
9040.2961712
9040.310471
9040.2961712
9040.3444514
9040.3352221
9040.4119021
9040.3259928
9040.310471
9040.3444514
9040.3352221
9040.3444514
9040.454635
9040.4454057
9040.3444514
9040.3444514
9040.3444514
9040.3352221
max - min: 1.0
std: 0.167990352479
No: column_2c (10)
column_3c (11)
7851.1717889
7851.5949589
7851.7479037
7851.8011766
7851.7545742
7851.9272254
7847.6895719
7850.6221283
7851.9971151
7851.7808847
7851.5268036
7851.8444624
7847.8627079
7849.8839821
7851.5008776
7851.9504973
7851.3653082
7851.9885079
7846.922045
7849.3411493
7851.1939828
7851.359106
7851.6944166
7851.884768
7847.2833918
7848.4507622
7850.8462134
7851.2548701
7851.3830364
7851.5115407
max - min: 1.0
std: 0.301232254404
ecoli (12)
63.520657
63.5320854
63.559213
63.5955571
63.6126999
63.643504
63.5149477
63.5315013
63.5524294
63.5881999
63.5951402
63.6665806
63.5201873
63.5384809
63.559341
63.5896764
63.5988807
63.6450026
63.5259954
63.5369688
63.5547506
63.5895689
63.6025347
63.6332821
63.5280322
63.5462909
63.5600938
63.5841607
63.6106328
63.6507118
max - min: 1.0
std: 0.284274626945
ilpd (13)
99526.7861185
99526.001196
99526.001196
99525.2162735
99526.001196
99526.7861185
99526.7861185
99526.001196
99526.001196
99526.7861185
99525.2162735
99523.6464285
99527.571041
99526.001196
99526.001196
99526.001196
99526.001196
99525.2162735
99526.7861185
99526.7861185
99527.571041
99526.7861185
99526.7861185
99525.2162735
99527.571041
99527.571041
99527.571041
99526.7861185
99526.7861185
99526.001196
max - min: 1.0
std: 0.22320892057
balance_scale (14)
1423.851405
1423.851405
1423.851405
1423.851405
1423.851405
1423.851405
1423.851405
1423.851405
1423.851405
1423.851405
1423.851405
1423.851405
1423.851405
1423.851405
1423.851405
1423.851405
1423.851405
1423.851405
1423.851405
1423.851405
1423.851405
1423.851405
1423.851405
1423.851405
1423.851405
1423.851405
1423.851405
1423.851405
1423.851405
1423.851405
max - min: 0
std: 0.0
No: balance_scale (14)
australian_credit (15)
690421.650498
690421.650498
690421.650498
690421.650498
690421.650498
690421.650498
690424.137323
690421.650498
690424.137323
690421.650498
690424.137323
690421.650498
690424.137323
690424.137323
690421.650498
690421.650498
690421.650498
690421.650498
690424.137323
690421.650498
690421.650498
690421.650498
690424.137323
690421.650498
690421.650498
690421.650498
690421.650498
690424.137323
690421.650498
690421.650498
max - min: 1.0
std: 0.442216638714
No: australian_credit (15)
breast_cancer_wisconsin (16)
92157980.5398
92159368.1987
92158344.4848
92161973.4686
92159693.2413
92160624.7121
92156025.3551
92156025.3551
92154715.501
92155040.5435
92156995.7283
92162627.5952
92156350.3976
92156025.3551
92156064.2574
92154715.501
92157320.7709
92155365.5861
92159329.2963
92159329.2963
92157335.2092
92154715.501
92155040.5435
92156995.7283
92158019.4422
92159323.6539
92155365.5861
92154715.501
92155365.5861
92158669.5273
max - min: 1.0
std: 0.276133023083
healthy_older_people (17)
18975.3908808
18976.3114048
18976.9709101
18978.7215866
18978.7398893
18979.5498285
18975.4987447
18976.8438093
18978.4025431
18978.4852345
18979.3122246
18978.9227869
18975.8918222
18977.2446574
18978.8297533
18979.2237402
18979.6020124
18979.7665102
18975.8588002
18976.7805688
18978.337447
18979.6377003
18979.0320964
18979.6785235
18975.0589438
18976.1241752
18979.1422244
18980.2039271
18979.1374317
18979.6447263
max - min: 1.0
std: 0.302227135993
transfusion (18)
434642.031811
434642.031811
434642.031811
434642.031811
434642.031811
434642.031811
434642.031811
434642.031811
434642.031811
434642.031811
434642.031811
434642.031811
434642.031811
434642.031811
434642.031811
434642.031811
434642.031811
434642.031811
434642.031811
434642.031811
434642.031811
434642.031811
434642.031811
434642.031811
434642.031811
434642.031811
434642.031811
434642.031811
434642.031811
434642.031811
max - min: 0
std: 0.0
No: transfusion (18)
vehicle_silhouettes (19)
54391.0411698
54390.2874878
54392.3383321
54390.068623
54392.3014608
54393.7565639
54388.9466506
54388.2842192
54392.9927276
54387.1868243
54392.7996582
54390.8469609
54386.0630047
54388.1535753
54391.2247594
54391.3052519
54388.3426436
54390.9591885
54385.9686675
54389.5465285
54387.7302713
54389.7403024
54391.8647689
54389.486502
54388.8721088
54387.5758661
54386.9183231
54392.1887621
54389.2740685
54389.9062152
max - min: 1.0
std: 0.265391444594
Mean min-max normalization:
0.3284103526071761
0.40667645033909033
0.5103268315165075
0.5998873813611953
0.6861410839900365
0.788229083698589
0.2482647701803761
0.3700844375317151
0.5612458098657895
0.5177409265634689
0.6354552921549657
0.7646620287502837
0.2519771053988104
0.3757009923589561
0.523034723616911
0.5576494471411355
0.6219936600793631
0.6252341666445888
0.3128161007697185
0.4708241966526644
0.5092362215249541
0.5843879289941394
0.6379492206363652
0.6379528408672731
0.4042500388467075
0.4520108890125544
0.5350133209713054
0.5862189144429956
0.5765187192811028
0.6839602955899242
Config2-TORUS: 7
GRAPH
crude_oil (0)
278.96515
278.96515
278.96515
278.96515
278.96515
278.96515
278.96515
278.96515
278.96515
278.96515
278.96515
278.96515
278.96515
278.96515
278.96515
278.96515
278.96515
278.96515
278.96515
278.96515
278.96515
278.96515
278.96515
278.96515
278.96515
278.96515
278.96515
278.96515
278.96515
278.96515
max - min: 0
std: 0.0
No: crude_oil (0)
caesarian (1)
235.109479
235.109479
235.109479
235.109479
235.109479
235.109479
235.109479
235.109479
235.109479
235.109479
235.109479
235.109479
235.109479
235.109479
235.109479
235.109479
235.109479
235.109479
235.109479
235.109479
235.109479
235.109479
235.109479
235.109479
235.109479
235.109479
235.109479
235.109479
235.109479
235.109479
max - min: 0
std: 0.0
No: caesarian (1)
breast_tissue (2)
126344.901638
126344.901638
126344.901638
126344.901638
126344.901638
126344.901638
126366.088348
126344.901638
126344.901638
126344.901638
126344.901638
126344.901638
126344.901638
126344.901638
126344.901638
126344.901638
126344.901638
126344.901638
126344.901638
126344.901638
126344.901638
126344.901638
126344.901638
126344.901638
126371.913523
126344.901638
126344.901638
126344.901638
126344.901638
126344.901638
max - min: 1.0
std: 0.224281923098
hayes_roth (3)
1487.925126
1487.925126
1487.925126
1487.925126
1487.925126
1487.925126
1487.925126
1487.925126
1487.925126
1487.925126
1487.925126
1487.925126
1487.925126
1487.925126
1487.925126
1487.925126
1487.925126
1487.925126
1487.925126
1487.925126
1487.925126
1487.925126
1487.925126
1487.925126
1487.925126
1487.925126
1487.925126
1487.925126
1487.925126
1487.9606635
max - min: 1.0
std: 0.179505493571
No: hayes_roth (3)
iris (4)
97.2231393
97.222128
97.2231393
97.2241506
97.2241506
97.2231393
97.2231393
97.222128
97.222128
97.222128
97.2231393
97.2251619
97.2271845
97.2271845
97.2251619
97.2231393
97.2241506
97.222128
97.2281958
97.2251619
97.2261732
97.222128
97.2231393
97.2241506
97.2302184
97.2271845
97.2231393
97.222128
97.2231393
97.2231393
max - min: 1.0
std: 0.254132511366
tae (5)
1505.456101
1505.456101
1505.456101
1505.456101
1505.4771908
1505.4982806
1505.456101
1505.456101
1505.4666459
1505.4771908
1505.4771908
1505.4877357
1505.456101
1505.4771908
1505.4982806
1505.5510051
1505.5510051
1505.56155
1505.456101
1505.5299153
1505.56155
1505.56155
1505.56155
1505.5510051
1505.456101
1505.5299153
1505.56155
1505.56155
1505.56155
1505.56155
max - min: 1.0
std: 0.422808073086
No: tae (5)
wine (6)
16534.6992106
16536.1401257
16534.848821
16536.3856226
16534.5498932
16535.5425631
16532.223463
16533.8561511
16535.3932457
16533.4616298
16535.3929527
16534.1553719
16536.5096624
16540.468282
16537.6829463
16536.6905694
16535.3932457
16534.0057615
16536.5096624
16542.393296
16537.9873071
16534.4540067
16534.5501862
16535.3932457
16541.3342675
16541.0296137
16537.6237894
16535.8472169
16536.0869878
16534.848821
max - min: 1.0
std: 0.233736856102
glass (7)
201.2323024
201.231972
201.2332711
201.2650621
201.2724311
201.2832955
201.1930347
201.1932034
201.2298924
201.2273065
201.2459809
201.2639564
201.1880719
201.1661685
201.1953642
201.2283271
201.2372858
201.2609905
201.2183052
201.1731337
201.2296354
201.2299647
201.2559285
201.2866886
201.2085192
201.1770957
201.2197527
201.2437117
201.2751088
201.2878631
max - min: 1.0
std: 0.277332004713
statlog_heart (8)
10689.774302
10689.774302
10689.774302
10689.774302
10689.774302
10689.774302
10689.7995534
10689.774302
10689.7872899
10689.7872899
10689.774302
10689.774302
10689.7030022
10689.7462061
10689.774302
10689.7872899
10689.774302
10689.774302
10689.7604974
10689.6789732
10689.774302
10689.7872899
10689.774302
10689.774302
10689.7475095
10689.6900143
10689.774302
10689.7872899
10689.774302
10689.774302
max - min: 1.0
std: 0.228127182066
haberman (9)
2625.107574
2625.107574
2625.107574
2625.107574
2625.107574
2625.107574
2625.107574
2625.107574
2625.107574
2625.107574
2625.107574
2625.107574
2625.107574
2625.107574
2625.107574
2625.107574
2625.107574
2625.107574
2625.107574
2625.107574
2625.107574
2625.107574
2625.107574
2625.107574
2625.107574
2625.107574
2625.107574
2625.107574
2625.107574
2625.107574
max - min: 0
std: 0.0
No: haberman (9)
column_2c (10)
9040.54636
9040.3444514
9040.3444514
9040.3444514
9040.3444514
9040.3444514
9040.3815644
9040.3536807
9040.3444514
9040.3444514
9040.3444514
9040.3444514
9040.5648186
9040.3536807
9040.3444514
9040.3444514
9040.3444514
9040.3444514
9040.4186774
9040.3907937
9040.3444514
9040.3352221
9040.3444514
9040.310471
9040.620586
9040.4186774
9040.3444514
9040.3444514
9040.3444514
9040.3444514
max - min: 1.0
std: 0.231183237071
column_3c (11)
7847.4866056
7847.4866056
7849.4170152
7850.5333109
7851.2445269
7851.1630652
7846.922045
7846.922045
7846.922045
7848.2867613
7850.54833
7850.6755221
7846.922045
7846.922045
7846.922045
7846.922045
7847.5192344
7849.4405769
7847.4866056
7846.922045
7846.922045
7846.922045
7847.4788024
7847.714184
7847.4866056
7846.922045
7846.922045
7846.922045
7846.922045
7849.1729827
max - min: 1.0
std: 0.338037716896
ecoli (12)
63.50926
63.50954
63.510344
63.516244
63.5191612
63.5269354
63.6202661
63.6202661
63.5136964
63.5236586
63.5297158
63.531385
63.50954
63.5175006
63.5246233
63.527808
63.5321342
63.5380566
63.50954
63.5213535
63.5345051
63.537599
63.5327834
63.5644956
63.50954
63.5246582
63.5399293
63.5429312
63.5461618
63.5584686
max - min: 1.0
std: 0.244170265586
ilpd (13)
99538.3020382
99526.7861185
99527.571041
99526.001196
99525.2162735
99526.001196
99557.6541083
99526.7861185
99527.571041
99527.571041
99526.001196
99527.571041
99548.8061932
99537.3528976
99527.571041
99527.571041
99527.571041
99527.571041
99571.2229701
99571.1945343
99527.571041
99526.7861185
99527.571041
99527.571041
99567.3644321
99566.3715994
99529.6087775
99527.571041
99527.571041
99526.7861185
max - min: 1.0
std: 0.325498442212
balance_scale (14)
1423.851405
1423.851405
1423.851405
1423.851405
1423.851405
1423.851405
1423.851405
1423.851405
1423.851405
1423.851405
1423.851405
1423.851405
1423.851405
1423.851405
1423.851405
1423.851405
1423.851405
1423.851405
1423.851405
1423.851405
1423.851405
1423.851405
1423.851405
1423.851405
1423.851405
1423.851405
1423.851405
1423.851405
1423.851405
1423.851405
max - min: 0
std: 0.0
No: balance_scale (14)
australian_credit (15)
690424.137323
690424.137323
690421.650498
690421.650498
690421.650498
690424.137323
690451.991643
690451.991643
690421.650498
690424.137323
690421.650498
690424.137323
690451.991643
690467.162215
690421.650498
690421.650498
690421.650498
690421.650498
690451.991643
690436.82107
690421.650498
690424.137323
690424.137323
690424.137323
690426.624149
690451.991643
690421.650498
690421.650498
690421.650498
690421.650498
max - min: 1.0
std: 0.286547717769
breast_cancer_wisconsin (16)
92154715.501
92157688.7573
92155040.5435
92156389.3
92156389.3
92158344.4848
92158722.868
92157087.9714
92155040.5435
92155680.2318
92155365.5861
92155680.2318
92161642.7836
92158299.94
92154715.501
92156025.3551
92156714.3426
92156350.3976
92162351.8518
92156990.0859
92154715.501
92155355.1893
92155040.5435
92154715.501
92156350.3976
92156025.3551
92155690.6287
92155365.5861
92155040.5435
92156064.2574
max - min: 1.0
std: 0.241590130295
healthy_older_people (17)
18972.7516765
18973.5234764
18974.7855201
18975.3000826
18974.8151758
18975.5768658
18970.3020761
18970.1942162
18975.1432913
18975.5681196
18975.5458634
18975.8544887
18971.5942934
18971.3290944
18975.7058409
18976.7436049
18975.585612
18976.7683161
18971.4907993
18971.4907993
18976.8891737
18977.9779518
18976.4740405
18976.6465497
18970.5969956
18970.5501554
18976.5191627
18978.6993304
18977.7971598
18978.6268516
max - min: 1.0
std: 0.304848598868
transfusion (18)
434642.031811
434642.031811
434642.031811
434642.031811
434642.031811
434642.031811
434642.031811
434642.031811
434642.031811
434642.031811
434642.031811
434642.031811
434642.031811
434642.031811
434642.031811
434642.031811
434642.031811
434642.031811
434642.031811
434642.031811
434642.031811
434642.031811
434642.031811
434642.031811
434642.031811
434642.031811
434642.031811
434642.031811
434642.031811
434642.031811
max - min: 0
std: 0.0
No: transfusion (18)
vehicle_silhouettes (19)
54384.4614459
54383.8957043
54385.8895
54388.2981031
54389.1735629
54389.3140854
54391.4645779
54385.6052102
54387.3266782
54390.1029425
54390.3331721
54386.8727782
54388.5184279
54390.3936395
54385.8450874
54387.1373048
54388.6690488
54390.1072022
54393.8365789
54387.1550879
54386.9791595
54384.9584584
54387.0244075
54388.8171536
54388.5660164
54391.1415417
54386.9047608
54385.6199783
54386.9399005
54388.7511213
max - min: 1.0
std: 0.223469657915
Mean min-max normalization:
0.2531082310339396
0.2175926025911921
0.2504481722157542
0.3499902969644052
0.3565177127242214
0.3984026885978545
0.46384184341055923
0.2689270656883983
0.22337983669261988
0.2742969536848264
0.3380662818140082
0.34873074143760946
0.3818939186320683
0.3636267345589841
0.23735510808577523
0.2745260324469898
0.29365124802472004
0.3353649467084038
0.5059349422639987
0.30085318522046095
0.2972611246036878
0.24396808233434708
0.27182492406365216
0.33715438098909317
0.5155437047971437
0.3587227297988319
0.27248491518355566
0.2780370974800634
0.3020451893838396
0.37984691323713393
Config2-GRAPH: 2
SAME
crude_oil (0)
278.96515
278.96515
278.96515
278.96515
278.96515
278.96515
278.96515
278.96515
278.96515
278.96515
278.96515
278.96515
278.96515
278.96515
278.96515
278.96515
278.96515
278.96515
278.96515
278.96515
278.96515
278.96515
278.96515
278.96515
278.96515
278.96515
278.96515
278.96515
278.96515
278.96515
max - min: 0
std: 0.0
No: crude_oil (0)
caesarian (1)
235.109479
235.109479
235.109479
235.109479
235.109479
235.109479
235.109479
235.109479
235.109479
235.109479
235.109479
235.109479
235.109479
235.109479
235.109479
235.109479
235.109479
235.109479
235.109479
235.109479
235.109479
235.109479
235.109479
235.109479
235.109479
235.109479
235.109479
235.109479
235.109479
235.109479
max - min: 0
std: 0.0
No: caesarian (1)
breast_tissue (2)
126344.901638
126344.901638
126344.901638
126344.901638
126344.901638
126344.901638
126344.901638
126344.901638
126344.901638
126344.901638
126344.901638
126344.901638
126344.901638
126344.901638
126344.901638
126344.901638
126344.901638
126344.901638
126344.901638
126344.901638
126344.901638
126344.901638
126344.901638
126344.901638
126344.901638
126344.901638
126344.901638
126344.901638
126344.901638
126344.901638
max - min: 0
std: 0.0
No: breast_tissue (2)
hayes_roth (3)
1487.925126
1487.925126
1487.925126
1487.925126
1487.925126
1487.925126
1487.925126
1487.925126
1487.925126
1487.925126
1487.925126
1487.925126
1487.925126
1487.925126
1487.925126
1487.925126
1487.925126
1487.925126
1487.925126
1487.925126
1487.925126
1487.925126
1487.925126
1487.925126
1487.925126
1487.925126
1487.925126
1487.925126
1487.925126
1487.925126
max - min: 0
std: 0.0
No: hayes_roth (3)
iris (4)
97.2241506
97.2231393
97.2231393
97.222128
97.222128
97.2231393
97.2231393
97.2231393
97.2241506
97.2251619
97.2241506
97.222128
97.2231393
97.222128
97.2261732
97.222128
97.2231393
97.2231393
97.2231393
97.2241506
97.2241506
97.222128
97.2241506
97.2241506
97.2231393
97.2241506
97.2241506
97.2241506
97.2261732
97.2231393
max - min: 1.0
std: 0.262995563968
tae (5)
1505.5299153
1505.5510051
1507.0529388
1505.56155
1505.56155
1505.6064896
1505.5193704
1505.56155
1505.56155
1505.56155
1505.56155
1505.56155
1505.56155
1505.56155
1505.56155
1505.56155
1505.56155
1505.6864175
1505.56155
1505.56155
1505.56155
1505.8048157
1505.56155
1505.56155
1505.56155
1505.56155
1505.56155
1505.5952524
1505.56155
1505.56155
max - min: 1.0
std: 0.176200952859
No: tae (5)
wine (6)
16536.3859156
16535.2439283
16535.6918805
16536.9300473
16539.0701375
16538.227078
16535.3929527
16535.3932457
16536.3856226
16536.53494
16537.3782925
16537.7731068
16535.6921735
16535.9373774
16536.3856226
16536.2365982
16536.9297543
16537.3782925
16535.3935387
16535.5425631
16535.6918805
16537.0793647
16536.7807299
16537.2286821
16537.9227172
16534.848821
16537.2286821
16535.5428561
16536.2363052
16537.9224242
max - min: 1.0
std: 0.240216413352
glass (7)
201.2692319
201.315329
201.4579205
201.5872196
201.917874
202.1140887
201.2522452
201.2974574
201.4481188
201.6083923
201.7551847
202.0249771
201.2566256
201.2971546
201.5097824
201.5828232
201.7572917
202.1709003
201.2532996
201.2954596
201.4536378
201.6195174
201.7425133
202.1181746
201.2487132
201.3324557
201.4818307
201.6793222
201.9437736
202.1808324
max - min: 1.0
std: 0.32654906368
statlog_heart (8)
10689.774302
10689.774302
10689.774302
10689.774302
10689.774302
10689.774302
10689.774302
10689.774302
10689.774302
10689.774302
10689.774302
10689.774302
10689.774302
10689.774302
10689.774302
10689.7872899
10689.774302
10689.774302
10689.774302
10689.774302
10689.774302
10689.7872899
10689.774302
10689.774302
10689.7913568
10689.774302
10689.774302
10689.774302
10689.774302
10689.774302
max - min: 1.0
std: 0.254799700285
haberman (9)
2625.107574
2625.107574
2625.107574
2625.107574
2625.107574
2625.107574
2625.107574
2625.107574
2625.107574
2625.107574
2625.107574
2625.107574
2625.107574
2625.107574
2625.107574
2625.107574
2625.107574
2625.107574
2625.107574
2625.107574
2625.107574
2625.107574
2625.107574
2625.107574
2625.107574
2625.107574
2625.107574
2625.107574
2625.107574
2625.107574
max - min: 0
std: 0.0
No: haberman (9)
column_2c (10)
9040.3259928
9040.3259928
9040.3352221
9040.3444514
9040.310471
9040.3012417
9040.2200261
9040.3352221
9040.3444514
9040.3352221
9040.310471
9040.3352221
9040.3167635
9040.3344765
9040.310471
9040.3444514
9040.3444514
9040.3352221
9040.3252472
9040.1915926
9040.310471
9040.3012417
9040.3444514
9040.3444514
9040.2827831
9040.259254
9040.310471
9040.3444514
9040.3259928
9040.3444514
max - min: 1.0
std: 0.23479343769
column_3c (11)
7851.9575936
7851.8249338
7852.0087074
7852.3985967
7852.1304638
7852.2845647
7851.3088873
7851.7431229
7852.1344013
7852.2670927
7851.8919954
7851.8439108
7851.5767645
7851.5751289
7852.2159596
7852.2063014
7851.8312094
7852.0037539
7851.7712653
7851.2012383
7851.957511
7851.7445202
7852.0911892
7852.1930292
7851.1763609
7851.8416494
7851.528247
7852.1757863
7852.123825
7851.9983397
max - min: 1.0
std: 0.254919253889
ecoli (12)
63.5485312
63.6178054
63.7747526
63.8385762
64.0334214
63.9999355
63.548962
63.591979
63.7103031
63.8126233
63.8382447
63.9595256
63.550913
63.58887
63.6989478
63.8271213
63.8720663
64.0441883
63.5608718
63.5828004
63.7118795
63.8006605
63.8354807
63.9614414
63.5523789
63.5917761
63.6888814
63.7599691
63.8779126
63.9014316
max - min: 1.0
std: 0.315439914718
ilpd (13)
99526.001196
99526.001196
99524.431351
99525.2162735
99527.571041
99525.2162735
99526.001196
99526.7861185
99524.431351
99526.001196
99525.2162735
99525.2162735
99526.001196
99527.571041
99525.2162735
99526.7861185
99526.001196
99526.7861185
99526.001196
99524.431351
99526.7861185
99526.001196
99526.001196
99524.431351
99525.2162735
99526.7861185
99524.431351
99526.7861185
99526.001196
99526.7861185
max - min: 1.0
std: 0.289275915961
balance_scale (14)
1423.851405
1423.851405
1423.851405
1423.851405
1423.851405
1423.851405
1423.851405
1423.851405
1423.851405
1423.851405
1423.851405
1423.851405
1423.851405
1423.851405
1423.851405
1423.851405
1423.851405
1423.851405
1423.851405
1423.851405
1423.851405
1423.851405
1423.851405
1423.851405
1423.851405
1423.851405
1423.851405
1423.851405
1423.851405
1423.851405
max - min: 0
std: 0.0
No: balance_scale (14)
australian_credit (15)
690421.650498
690421.650498
690424.137323
690421.650498
690421.650498
690421.650498
690421.650498
690421.650498
690421.650498
690424.137323
690421.650498
690424.137323
690421.650498
690424.137323
690421.650498
690421.650498
690424.137323
690421.650498
690424.137323
690424.137323
690421.650498
690421.650498
690421.650498
690421.650498
690424.137323
690421.650498
690421.650498
690421.650498
690421.650498
690421.650498
max - min: 1.0
std: 0.442216638714
No: australian_credit (15)
breast_cancer_wisconsin (16)
92159329.2963
92159968.9846
92158344.4848
92158344.4848
92156995.7283
92158669.5273
92156025.3551
92157980.5398
92157645.8134
92159600.9982
92161642.7836
92161328.1379
92155700.3125
92160678.0528
92160018.2838
92160949.7547
92158344.4848
92160624.7121
92159968.9846
92159368.1987
92158344.4848
92161973.4686
92159693.2413
92160624.7121
92158358.9231
92157049.069
92158344.4848
92156995.7283
92160624.7121
92161973.4686
max - min: 1.0
std: 0.267900663832
healthy_older_people (17)
18974.9674026
18977.6653735
18978.447973
18980.4622439
18980.9213985
18982.7925006
18975.9522592
18976.4986344
18979.306735
18979.9044321
18980.6952986
18980.6716395
18976.8334689
18978.544201
18978.7518051
18980.7005911
18979.5899688
18981.5506706
18976.4175166
18978.2769912
18978.7031561
18979.9551496
18981.2733385
18982.0865855
18976.746598
18978.0773851
18978.7691715
18980.2715183
18980.9652837
18982.1519599
max - min: 1.0
std: 0.252989348172
transfusion (18)
434642.031811
434642.031811
434642.031811
434642.031811
434642.031811
434642.031811
434642.031811
434642.031811
434642.031811
434642.031811
434642.031811
434642.031811
434642.031811
434642.031811
434642.031811
434642.031811
434642.031811
434642.031811
434642.031811
434642.031811
434642.031811
434642.031811
434642.031811
434642.031811
434642.031811
434642.031811
434642.031811
434642.031811
434642.031811
434642.031811
max - min: 0
std: 0.0
No: transfusion (18)
vehicle_silhouettes (19)
54391.7096281
54391.7501499
54396.4815797
54393.4984489
54397.2251121
54396.9265917
54390.4409177
54387.3250123
54392.5752809
54391.5984759
54392.4292935
54394.6263146
54389.2080506
54389.9031008
54393.7470333
54391.0284642
54394.3026039
54392.254045
54387.9064789
54389.6950485
54391.4785323
54390.4254461
54394.2285252
54395.1949418
54388.949772
54389.3476849
54387.8743745
54388.1266925
54391.4951656
54392.9685493
max - min: 1.0
std: 0.271089397354
Mean min-max normalization:
0.35690430115079413
0.357904190224291
0.4129443573161405
0.49442224824836917
0.6565342781293396
0.6551447459891168
0.1518553286798133
0.2937658477294658
0.416654728478712
0.5531391104775932
0.5486491626777483
0.5867376680690792
0.23074723425872923
0.3784756706496299
0.5133191961881624
0.5951841708225245
0.5176485942318684
0.666300475379421
0.2904067438307012
0.186456564761621
0.4303994695256387
0.5299249851384871
0.5867744914487378
0.6501032844187208
0.33161884806520087
0.29370900071183786
0.3295881810533412
0.46236141329832176
0.6241856980929171
0.6909828840386872
Config2-SAME: 7
GOODBAD
crude_oil (0)
278.96515
278.96515
278.96515
278.96515
278.96515
278.96515
278.96515
278.96515
278.96515
278.96515
278.96515
278.96515
278.96515
278.96515
278.96515
278.96515
278.96515
278.96515
278.96515
278.96515
278.96515
278.96515
278.96515
278.96515
278.96515
278.96515
278.96515
278.96515
278.96515
278.96515
max - min: 0
std: 0.0
No: crude_oil (0)
caesarian (1)
235.109479
235.109479
235.109479
235.109479
235.109479
235.109479
235.109479
235.109479
235.109479
235.109479
235.109479
235.109479
235.109479
235.109479
235.109479
235.109479
235.109479
235.109479
235.109479
235.109479
235.109479
235.109479
235.109479
235.109479
235.109479
235.109479
235.109479
235.109479
235.109479
235.109479
max - min: 0
std: 0.0
No: caesarian (1)
breast_tissue (2)
126344.901638
126344.901638
126344.901638
126344.901638
126344.901638
126344.901638
126344.901638
126344.901638
126344.901638
126344.901638
126344.901638
126344.901638
126344.901638
126344.901638
126344.901638
126344.901638
126344.901638
126344.901638
126344.901638
126344.901638
126344.901638
126344.901638
126344.901638
126344.901638
126344.901638
126344.901638
126344.901638
126344.901638
126344.901638
126344.901638
max - min: 0
std: 0.0
No: breast_tissue (2)
hayes_roth (3)
1487.925126
1487.925126
1487.925126
1487.925126
1487.925126
1487.925126
1487.925126
1487.925126
1487.925126
1487.925126
1487.925126
1487.925126
1487.925126
1487.925126
1487.925126
1487.925126
1487.925126
1487.925126
1487.925126
1487.9620211
1487.925126
1487.925126
1487.925126
1487.925126
1487.925126
1487.925126
1487.925126
1487.925126
1487.925126
1487.925126
max - min: 1.0
std: 0.179505493571
No: hayes_roth (3)
iris (4)
97.2231393
97.2231393
97.2241506
97.2251619
97.2231393
97.2231393
97.2241506
97.2231393
97.222128
97.2231393
97.222128
97.222128
97.2241506
97.2251619
97.2231393
97.222128
97.2231393
97.2241506
97.2261732
97.2231393
97.2241506
97.2231393
97.222128
97.2241506
97.2231393
97.2231393
97.2231393
97.2251619
97.222128
97.2231393
max - min: 1.0
std: 0.251246890528
tae (5)
1505.4877357
1505.56155
1505.56155
1505.7131035
1505.7131035
1505.6064896
1505.56155
1505.56155
1505.56155
1505.56155
1505.56155
1505.56155
1505.5404602
1505.56155
1505.56155
1505.56155
1505.56155
1505.56155
1505.56155
1505.56155
1505.56155
1505.6164029
1505.56155
1505.7201199
1505.56155
1505.56155
1505.56155
1505.56155
1505.56155
1505.9045767
max - min: 1.0
std: 0.184698004915
No: tae (5)
wine (6)
16537.6237894
16537.2289751
16539.0701375
16537.7731068
16537.6237894
16537.0793647
16537.0793647
16537.0793647
16536.4815091
16536.6308265
16537.6237894
16537.9224242
16533.3123124
16536.3859156
16535.9373774
16536.3859156
16536.3859156
16538.0717416
16536.0869878
16534.9984314
16536.0869878
16537.7731068
16537.0793647
16537.5336289
16537.0793647
16535.78806
16536.6308265
16536.3856226
16536.9300473
16537.0793647
max - min: 1.0
std: 0.179829563455
No: wine (6)
glass (7)
201.2789882
201.3132848
201.4698009
201.6027664
201.8660334
202.0743925
201.2452292
201.3123916
201.4079011
201.5516775
201.6723182
202.0772619
201.247406
201.2957082
201.460335
201.7235401
201.8493988
202.017511
201.2503369
201.300724
201.4897973
201.5686074
201.8472319
202.124457
201.2636653
201.3064272
201.433758
201.6208149
201.8037703
202.073577
max - min: 1.0
std: 0.329285223187
statlog_heart (8)
10689.774302
10689.774302
10689.774302
10689.774302
10689.774302
10689.774302
10689.774302
10689.774302
10689.774302
10689.774302
10689.774302
10689.774302
10689.774302
10689.774302
10689.774302
10689.7872899
10689.774302
10689.774302
10689.774302
10689.774302
10689.774302
10689.7872899
10689.774302
10689.774302
10689.774302
10689.774302
10689.774302
10689.774302
10689.774302
10689.774302
max - min: 1.0
std: 0.249443825785
haberman (9)
2625.107574
2625.107574
2625.107574
2625.107574
2625.107574
2625.107574
2625.107574
2625.107574
2625.107574
2625.107574
2625.107574
2625.107574
2625.107574
2625.107574
2625.107574
2625.107574
2625.107574
2625.107574
2625.107574
2625.107574
2625.107574
2625.107574
2625.107574
2625.107574
2625.107574
2625.107574
2625.107574
2625.107574
2625.107574
2625.107574
max - min: 0
std: 0.0
No: haberman (9)
column_2c (10)
9040.3259928
9040.3259928
9040.3444514
9040.3444514
9040.3444514
9040.310471
9040.2200261
9040.3344765
9040.3444514
9040.3352221
9040.3444514
9040.3352221
9040.3352221
9040.3252472
9040.310471
9040.3352221
9040.3444514
9040.3444514
9040.3344765
9040.1915926
9040.3444514
9040.3444514
9040.3444514
9040.3444514
9040.2920124
9040.2684833
9040.310471
9040.3444514
9040.3352221
9040.3352221
max - min: 1.0
std: 0.235810230512
column_3c (11)
7852.0712917
7851.637354
7851.9946326
7852.2053378
7852.0648765
7852.3673383
7851.423782
7851.669951
7852.0279288
7852.2365561
7852.3652032
7852.0711992
7851.6939408
7851.6584818
7852.1192386
7851.9784025
7851.9425862
7852.0659998
7851.2342894
7851.4823773
7851.6629574
7852.1252739
7851.8988995
7852.2272503
7850.896531
7851.8765457
7851.6865129
7852.3696216
7851.9285386
7852.2207497
max - min: 1.0
std: 0.23164042333
ecoli (12)
63.5571626
63.6013332
63.713238
63.9175502
63.932439
64.1262825
63.5456833
63.5982567
63.6983294
63.7964159
63.9726132
63.9768542
63.5443686
63.5766737
63.7359131
63.8147727
63.8284057
63.8847069
63.5538159
63.5839822
63.671109
63.8008339
63.8574563
63.9438762
63.5491044
63.5825502
63.6768952
63.7707271
63.9283065
63.9876777
max - min: 1.0
std: 0.284100336056
ilpd (13)
99524.431351
99526.7861185
99526.7861185
99525.2162735
99526.001196
99526.001196
99526.001196
99526.001196
99525.2162735
99525.2162735
99525.2162735
99525.2162735
99526.7861185
99526.7861185
99524.431351
99525.2162735
99525.2162735
99526.001196
99526.7861185
99525.2162735
99525.2162735
99527.571041
99526.7861185
99525.2162735
99526.001196
99525.2162735
99526.001196
99526.001196
99524.431351
99526.001196
max - min: 1.0
std: 0.251246890527
balance_scale (14)
1423.851405
1423.851405
1423.851405
1423.851405
1423.851405
1423.851405
1423.851405
1423.851405
1423.851405
1423.851405
1423.851405
1423.851405
1423.851405
1423.851405
1423.851405
1423.851405
1423.851405
1423.851405
1423.851405
1423.851405
1423.851405
1423.851405
1423.851405
1423.851405
1423.851405
1423.851405
1423.851405
1423.851405
1423.851405
1423.851405
max - min: 0
std: 0.0
No: balance_scale (14)
australian_credit (15)
690421.650498
690421.650498
690421.650498
690421.650498
690421.650498
690421.650498
690424.137323
690424.137323
690421.650498
690424.137323
690421.650498
690421.650498
690421.650498
690421.650498
690421.650498
690421.650498
690421.650498
690421.650498
690421.650498
690421.650498
690421.650498
690421.650498
690424.137323
690421.650498
690424.137323
690421.650498
690421.650498
690421.650498
690424.137323
690421.650498
max - min: 1.0
std: 0.4
No: australian_credit (15)
breast_cancer_wisconsin (16)
92159329.2963
92159329.2963
92158669.5273
92158344.4848
92156995.7283
92161973.4686
92158305.5824
92157980.5398
92157645.8134
92159600.9982
92161642.7836
92158669.5273
92157010.1666
92160678.0528
92159693.2413
92160949.7547
92158344.4848
92158669.5273
92157374.1115
92158019.4422
92158344.4848
92161973.4686
92159693.2413
92160624.7121
92157010.1666
92157980.5398
92158344.4848
92156995.7283
92159275.9556
92161973.4686
max - min: 1.0
std: 0.307552547529
healthy_older_people (17)
18976.79291
18976.9033023
18979.5343263
18980.1523801
18981.1448769
18980.9768254
18976.3276526
18977.5745655
18978.9134241
18980.8083608
18980.4859463
18982.0047479
18976.9145867
18978.0018022
18978.7295489
18980.0907257
18980.7511808
18981.9627968
18975.980092
18977.5723399
18979.5092696
18979.9875112
18981.1940748
18981.2091584
18976.4453494
18977.9786542
18978.3683216
18981.0555618
18980.5840335
18981.2812845
max - min: 1.0
std: 0.304074477809
transfusion (18)
434642.031811
434642.031811
434642.031811
434642.031811
434642.031811
434642.031811
434642.031811
434642.031811
434642.031811
434642.031811
434642.031811
434642.031811
434642.031811
434642.031811
434642.031811
434642.031811
434642.031811
434642.031811
434642.031811
434642.031811
434642.031811
434642.031811
434642.031811
434642.031811
434642.031811
434642.031811
434642.031811
434642.031811
434642.031811
434642.031811
max - min: 0
std: 0.0
No: transfusion (18)
vehicle_silhouettes (19)
54389.7724578
54393.661936
54394.4894475
54392.1441997
54397.0856606
54397.0131842
54389.9845709
54387.2571417
54393.3555597
54393.8009083
54391.3267998
54395.1269771
54388.3063042
54389.8684483
54392.1389185
54393.6971081
54395.0588903
54392.6411932
54388.289025
54389.3455101
54391.5515246
54392.5991195
54390.383829
54394.2148428
54388.4792193
54391.6383947
54390.8641749
54389.0020805
54394.2277276
54393.6684094
max - min: 1.0
std: 0.260775031791
Mean min-max normalization:
0.28467427397764283
0.38311370551939006
0.5203110318085008
0.5397151748236593
0.5773365211002088
0.7291215898125788
0.21445260037006272
0.28412705349990036
0.3705605211813047
0.5121564818808478
0.5564215444097987
0.5813545069175813
0.2998174460830582
0.43455586087165027
0.39265232548729795
0.6064614165918493
0.5242048596024936
0.6134204275600448
0.31170778303755076
0.1711318532464185
0.40599237342553474
0.7101338909275386
0.5378658374628044
0.6644788953779435
0.164051775561031
0.27788568640851335
0.3540507447839419
0.5086154523765316
0.486673160072134
0.6824733283139668
Config2-GOODBAD: 25
RAND
crude_oil (0)
278.96515
278.96515
278.96515
278.96515
278.96515
278.96515
278.96515
278.96515
278.96515
278.96515
278.96515
278.96515
278.96515
278.96515
278.96515
278.96515
278.96515
278.96515
278.96515
278.96515
278.96515
278.96515
278.96515
278.96515
278.96515
278.96515
278.96515
278.96515
278.96515
278.96515
max - min: 0
std: 0.0
No: crude_oil (0)
caesarian (1)
235.109479
235.109479
235.109479
235.109479
235.109479
235.109479
235.109479
235.109479
235.109479
235.109479
235.109479
235.109479
235.109479
235.109479
235.109479
235.109479
235.109479
235.109479
235.109479
235.109479
235.109479
235.109479
235.109479
235.109479
235.109479
235.109479
235.109479
235.109479
235.109479
235.109479
max - min: 0
std: 0.0
No: caesarian (1)
breast_tissue (2)
126344.901638
126344.901638
126344.901638
126344.901638
126344.901638
126344.901638
126344.901638
126344.901638
126344.901638
126344.901638
126344.901638
126344.901638
126344.901638
126344.901638
126344.901638
126344.901638
126344.901638
126344.901638
126344.901638
126344.901638
126344.901638
126344.901638
126344.901638
126344.901638
126344.901638
126344.901638
126344.901638
126344.901638
126344.901638
126344.901638
max - min: 0
std: 0.0
No: breast_tissue (2)
hayes_roth (3)
1487.925126
1487.925126
1487.925126
1487.925126
1487.925126
1487.925126
1487.925126
1487.925126
1487.9460694
1487.925126
1487.925126
1487.925126
1487.925126
1487.925126
1487.925126
1487.925126
1487.925126
1487.925126
1487.925126
1487.925126
1487.925126
1487.925126
1487.925126
1487.925126
1487.925126
1487.925126
1487.925126
1487.925126
1487.925126
1487.925126
max - min: 1.0
std: 0.179505493571
No: hayes_roth (3)
iris (4)
97.222128
97.222128
97.2231393
97.2231393
97.2231393
97.2231393
97.222128
97.222128
97.2241506
97.222128
97.222128
97.2231393
97.2231393
97.222128
97.2231393
97.222128
97.2231393
97.2251619
97.2231393
97.222128
97.2241506
97.2251619
97.2231393
97.2231393
97.222128
97.222128
97.222128
97.222128
97.2241506
97.222128
max - min: 1.0
std: 0.294182273219
tae (5)
1505.4877357
1505.5299153
1505.56155
1505.56155
1505.56155
1505.56155
1505.56155
1505.56155
1505.56155
1505.56155
1505.56155
1505.56155
1505.56155
1505.56155
1505.56155
1505.56155
1505.56155
1505.56155
1505.56155
1505.56155
1505.5510051
1505.8048157
1505.56155
1505.56155
1505.56155
1505.56155
1505.56155
1505.56155
1505.56155
1505.56155
max - min: 1.0
std: 0.147024666795
No: tae (5)
wine (6)
16531.0814757
16533.162409
16534.3043963
16535.3926597
16535.3929527
16534.848821
16536.0869878
16534.5498932
16533.8558581
16534.1550789
16533.3117264
16534.6992106
16538.0720346
16536.3856226
16531.9245352
16531.7752178
16533.3117264
16534.1550789
16539.8230365
16537.2289751
16534.5498932
16531.0814757
16531.3804035
16533.4613368
16538.0720346
16538.0717416
16533.162409
16534.5498932
16532.7678877
16531.0814757
max - min: 1.0
std: 0.257117462082
glass (7)
201.8429717
201.7632054
201.6734178
202.0332192
202.0490818
202.1856257
201.8206938
201.7801832
201.8570864
201.915689
202.0480159
202.2546463
201.3077773
201.4883881
202.0438281
201.9882127
201.9191295
202.3314867
201.334967
201.5336497
201.8894582
202.2546913
202.1454957
202.3244981
201.3734363
201.4284439
202.0693464
201.9936575
202.1730021
202.3523811
max - min: 1.0
std: 0.289073920951
statlog_heart (8)
10689.774302
10689.774302
10689.774302
10689.774302
10689.774302
10689.774302
10689.774302
10689.774302
10689.774302
10689.774302
10689.774302
10689.774302
10689.774302
10689.774302
10689.774302
10689.774302
10689.774302
10689.774302
10689.774302
10689.774302
10689.774302
10689.774302
10689.774302
10689.774302
10689.774302
10689.774302
10689.774302
10689.774302
10689.774302
10689.774302
max - min: 0
std: 0.0
No: statlog_heart (8)
haberman (9)
2625.107574
2625.107574
2625.107574
2625.107574
2625.107574
2625.107574
2625.107574
2625.107574
2625.107574
2625.107574
2625.107574
2625.107574
2625.107574
2625.107574
2625.107574
2625.107574
2625.107574
2625.107574
2625.107574
2625.107574
2625.107574
2625.107574
2625.107574
2625.107574
2625.107574
2625.107574
2625.107574
2625.107574
2625.107574
2625.107574
max - min: 0
std: 0.0
No: haberman (9)
column_2c (10)
9040.3352221
9040.3352221
9040.3444514
9040.3352221
9040.3444514
9040.3444514
9040.3012417
9040.3352221
9040.3352221
9040.3344765
9040.3444514
9040.3444514
9040.3352221
9040.2777126
9040.3352221
9040.3344765
9040.3444514
9040.3444514
9040.3352221
9040.3259928
9040.3352221
9040.3344765
9040.3444514
9040.3444514
9040.4361764
9040.4361764
9040.3444514
9040.3444514
9040.3444514
9040.3444514
max - min: 1.0
std: 0.180126563301
No: column_2c (10)
column_3c (11)
7851.0574252
7851.5356613
7852.0111564
7852.2821871
7852.3475842
7852.2119022
7849.6658804
7851.1973276
7851.4327964
7851.6602594
7851.6397118
7852.1626349
7848.8912935
7850.4658988
7851.6200982
7851.2536236
7851.6092056
7851.9479934
7848.0873932
7850.3980745
7851.0828519
7851.7378146
7851.1545815
7851.8466711
7848.9687705
7850.3696727
7850.6902123
7850.5939666
7851.2604425
7851.8020463
max - min: 1.0
std: 0.243301504605
ecoli (12)
64.092513
64.1681525
63.876494
63.890679
63.9130856
64.0271125
63.780364
63.7753828
63.869891
63.8939046
63.8838461
63.9700334
63.8221202
63.8259657
63.851501
63.8485466
63.916552
64.042427
64.1447637
63.8961075
63.8471216
63.873033
63.8869006
63.9251803
63.9723842
63.9424025
63.8830471
63.9161368
63.9260951
63.9296005
max - min: 1.0
std: 0.237354963924
ilpd (13)
99526.001196
99524.431351
99526.7861185
99526.7861185
99526.7861185
99526.001196
99524.431351
99526.001196
99526.001196
99526.001196
99526.001196
99526.7861185
99526.7861185
99524.431351
99524.431351
99527.571041
99525.2162735
99526.001196
99527.571041
99525.2162735
99526.7861185
99526.7861185
99526.7861185
99526.001196
99527.571041
99526.001196
99525.2162735
99525.2162735
99526.001196
99526.001196
max - min: 1.0
std: 0.288193607763
balance_scale (14)
1423.851405
1423.851405
1423.851405
1423.851405
1423.851405
1423.851405
1423.851405
1423.851405
1423.851405
1423.851405
1423.851405
1423.851405
1423.851405
1423.851405
1423.851405
1423.851405
1423.851405
1423.851405
1423.851405
1423.851405
1423.851405
1423.851405
1423.851405
1423.851405
1423.851405
1423.851405
1423.851405
1423.851405
1423.851405
1423.851405
max - min: 0
std: 0.0
No: balance_scale (14)
australian_credit (15)
690424.137323
690421.650498
690424.137323
690421.650498
690421.650498
690424.137323
690421.650498
690424.137323
690421.650498
690421.650498
690421.650498
690424.137323
690424.137323
690421.650498
690421.650498
690424.137323
690421.650498
690424.137323
690424.137323
690421.650498
690421.650498
690421.650498
690421.650498
690424.137323
690424.137323
690421.650498
690424.137323
690421.650498
690424.137323
690421.650498
max - min: 1.0
std: 0.495535624911
No: australian_credit (15)
breast_cancer_wisconsin (16)
92155680.2318
92156665.0434
92155040.5435
92156665.0434
92157660.2517
92156665.0434
92155040.5435
92154715.501
92154715.501
92154715.501
92155040.5435
92154715.501
92155355.1893
92154715.501
92156064.2574
92154715.501
92155040.5435
92154715.501
92155355.1893
92154715.501
92154715.501
92155700.3125
92155365.5861
92154715.501
92156025.3551
92156025.3551
92155355.1893
92155700.3125
92155365.5861
92154715.501
max - min: 1.0
std: 0.256141147124
healthy_older_people (17)
18980.3095857
18979.9890848
18981.1974522
18991.9529735
18988.7336054
18994.1270186
18981.9680081
18982.561084
18983.6678157
18984.3034559
18983.068437
18983.9004509
18985.6935604
18984.4670734
18983.1957533
18984.6985796
18983.5783916
18983.06485
18985.5790107
18982.57758
18983.6280256
18983.314464
18982.4393634
18984.8978744
18985.0173676
18982.0863381
18984.3525814
18982.4712833
18983.6527321
18986.2066564
max - min: 1.0
std: 0.207162837611
transfusion (18)
434642.031811
434642.031811
434642.031811
434642.031811
434642.031811
434642.031811
434642.031811
434642.031811
434642.031811
434642.031811
434642.031811
434642.031811
434642.031811
434642.031811
434642.031811
434642.031811
434642.031811
434642.031811
434642.031811
434642.031811
434642.031811
434642.031811
434642.031811
434642.031811
434642.031811
434642.031811
434642.031811
434642.031811
434642.031811
434642.031811
max - min: 0
std: 0.0
No: transfusion (18)
vehicle_silhouettes (19)
54391.6125631
54395.944314
54398.1278978
54396.6979602
54398.8425328
54397.6724584
54389.7565753
54390.4028274
54394.0291302
54395.8327094
54399.3396914
54400.8327477
54386.4522235
54389.644693
54392.1971833
54395.5802307
54394.4442062
54397.168834
54385.2196189
54389.3590951
54390.5116424
54394.137743
54395.9003932
54395.8128446
54384.7197436
54385.1813921
54390.6354667
54395.1615227
54394.1749287
54394.5110964
max - min: 1.0
std: 0.266521863938
Mean min-max normalization:
0.3661090456821612
0.4269004470305828
0.4453882720898721
0.6445368669035692
0.6813103943571096
0.6866261186905136
0.22330842103710039
0.2904033492112856
0.4304165143769602
0.3965374239807725
0.4232532722990239
0.570272781807449
0.32432871538089064
0.23212815162252762
0.3673698806092558
0.4074847842870239
0.3975096491596467
0.600875005675338
0.4381613034072515
0.27669431091521174
0.43032257329258006
0.5462338870542633
0.4457036047002447
0.4864842985602001
0.3746081188297869
0.3331037621576319
0.3327985588793248
0.3786816193088019
0.4870108560763021
0.4235593168125075
Config2-RAND: 7
******* END *******
