49356.867188
49356.867188
49356.878906
49356.875000
49356.882812
49356.882812
49356.878906
49356.871094
49356.875000
49356.878906
49356.886719
49356.882812
49356.871094
49356.867188
49356.871094
49356.882812
49356.871094
49356.878906
49356.890625
49356.878906
49356.882812
49356.867188
49356.886719
49356.882812
49356.859375
49356.875000
49356.878906
49356.882812
49356.863281
49356.898438
49356.871094
49356.894531
49356.871094
49356.890625
49356.859375
49356.882812
49356.878906
49356.859375
49356.886719
49356.875000
49356.863281
49356.882812
49356.871094
49356.886719
49356.871094
49356.878906
49356.878906
49356.886719
49356.871094
49356.875000
