1,20861.478114,2376
2,20825.038583,5025
3,20384.786119,7682
4,20381.573461,10345
5,20381.243536,13007
6,20380.752187,15668
7,20380.752187,18318
8,20380.752187,20975
9,20380.730155,23636
10,20380.730155,26294
11,20380.730155,28949
12,20380.730155,31607
13,20380.730155,34262
14,20380.730155,36918
15,20380.730155,39571
16,20380.730155,42226
17,20380.730155,44877
18,20380.730155,47532
19,20380.730155,50188
20,20380.730155,52847
21,20380.730155,55495
22,20380.730155,58133
23,20380.730155,60766
24,20380.730155,63399
25,20380.730155,66021
26,20380.730155,68660
27,20380.730155,71300
28,20379.862644,73952
29,20379.862644,76587
30,20379.862644,79225
31,20379.862644,81853
32,20379.862644,84477
33,20379.862644,87096
34,20379.862644,89743
35,20378.916987,92379
36,20378.916987,95016
37,20378.916987,97659
38,20378.916987,100303
39,20378.916987,102944
40,20378.916987,105579
41,20378.916987,108211
42,20378.916987,110857
43,20378.916987,113506
44,20378.916987,116155
45,20378.916987,118810
46,20378.916987,121445
47,20378.916987,124071
48,20378.916987,126717
49,20378.916987,129345
50,20378.916987,131989
51,20378.916987,134625
52,20378.916987,137273
53,20378.916987,139907
54,20378.916987,142539
55,20378.916987,145163
56,20378.916987,147800
57,20378.916987,150427
58,20378.916987,153058
59,20378.916987,155690
60,20378.916987,158324
61,20378.916987,160949
62,20378.916987,163576
63,20378.812707,166194
64,20378.812707,168834
65,20378.812707,171467
66,20378.812707,174113
67,20378.812707,176754
68,20378.812707,179410
69,20378.812707,182059
70,20378.812707,184700
71,20378.812707,187345
72,20378.812707,190001
73,20378.812707,192651
74,20378.812707,195299
75,20378.812707,197953
76,20378.812707,200606
77,20378.812707,203255
78,20378.812707,205905
79,20378.812707,208549
80,20378.812707,211206
81,20378.812707,213859
82,20378.812707,216517
83,20378.812707,219172
84,20378.812707,221819
85,20378.812707,224468
86,20378.812707,227119
87,20378.812707,229771
88,20378.812707,232425
89,20378.812707,235067
90,20378.812707,237715
91,20378.812707,240358
92,20378.812707,243013
93,20378.812707,245663
94,20378.812707,248315
95,20378.812707,250949
96,20378.812707,253588
97,20378.812707,256218
98,20378.812707,258864
99,20378.812707,261507
100,20378.812707,264156
101,20378.812707,266791
102,20378.812707,269433
103,20378.812707,272078
104,20378.812707,274728
105,20378.812707,277374
106,20378.812707,280019
107,20378.812707,282661
108,20378.812707,285311
109,20378.812707,287959
110,20378.812707,290610
111,20378.812707,293244
112,20378.812707,295884
113,20378.812707,298519
114,20378.812707,301169
115,20378.812707,303808
116,20378.812707,306465
117,20378.812707,309109
118,20378.812707,311764
119,20378.812707,314415
120,20378.812707,317064
121,20378.812707,319712
122,20378.812707,322358
123,20378.812707,324996
124,20378.812707,327647
125,20378.812707,330287
126,20378.812707,332934
127,20378.812707,335578
128,20378.812707,338225
129,20378.812707,340851
130,20378.812707,343494
131,20378.812707,346135
132,20378.812707,348774
133,20378.812707,351410
134,20378.812707,354059
135,20378.812707,356704
136,20378.812707,359352
137,20378.812707,362000
138,20378.812707,364654
139,20378.812707,367301
140,20378.812707,369949
141,20378.812707,372601
142,20378.812707,375254
143,20378.812707,377904
144,20378.812707,380552
145,20378.812707,383187
146,20378.812707,385846
147,20378.812707,388486
148,20378.812707,391134
149,20378.812707,393776
150,20378.812707,396426
151,20378.812707,399073
152,20378.812707,401732
153,20378.812707,404379
154,20378.812707,407030
155,20378.812707,409670
156,20378.812707,412314
157,20378.812707,414958
158,20378.812707,417602
159,20378.812707,420241
160,20378.812707,422892
161,20378.812707,425539
162,20378.812707,428182
163,20378.812707,430827
164,20378.812707,433474
165,20378.812707,436117
166,20378.812707,438774
167,20378.812707,441417
168,20378.812707,444067
169,20378.812707,446711
170,20378.812707,449370
171,20378.812707,452011
172,20378.812707,454660
173,20378.812707,457312
174,20378.812707,459968
175,20378.812707,462618
176,20378.812707,465264
177,20378.812707,467907
178,20378.812707,470561
179,20378.812707,473201
180,20378.812707,475853
181,20378.812707,478507
182,20378.812707,481154
183,20378.812707,483808
184,20378.812707,486457
185,20378.812707,489096
186,20378.812707,491743
187,20378.812707,494379
188,20378.812707,497028
189,20378.812707,499681
190,20378.812707,502338
191,20378.812707,504986
192,20378.812707,507638
193,20378.812707,510277
194,20378.812707,512917
195,20378.659268,515556
196,20378.659268,518197
197,20378.659268,520835
198,20378.659268,523471
199,20378.659268,526102
200,20378.659268,528752
201,20378.659268,531400
202,20378.659268,534046
203,20378.659268,536673
204,20378.659268,539312
205,20378.659268,541956
206,20378.659268,544607
207,20378.659268,547251
208,20378.659268,549906
209,20378.659268,552559
210,20378.659268,555204
211,20378.659268,557844
212,20378.659268,560492
213,20378.659268,563123
214,20378.659268,565773
215,20378.659268,568423
216,20378.659268,571060
217,20378.659268,573695
218,20378.659268,576343
219,20378.659268,578984
220,20378.659268,581622
221,20378.659268,584258
222,20378.659268,586893
223,20378.659268,589522
224,20378.659268,592156
225,20378.659268,594787
226,20378.659268,597430
227,20378.659268,600070
228,20378.659268,602716
229,20378.659268,605362
230,20378.659268,608016
231,20378.659268,610659
232,20378.659268,613316
233,20378.659268,615961
234,20378.659268,618614
235,20378.659268,621265
236,20378.659268,623916
237,20378.659268,626558
238,20378.659268,629215
239,20378.659268,631867
240,20378.659268,634525
241,20378.659268,637177
242,20378.659268,639838
243,20378.627830,642490
244,20378.605889,645144
245,20378.605889,647791
246,20378.605889,650451
247,20378.605889,653096
248,20378.605889,655740
249,20378.605889,658384
250,20378.605889,661036
251,20378.605889,663678
252,20378.605889,666324
253,20378.605889,668971
254,20378.605889,671620
255,20378.605889,674277
256,20378.605889,676933
257,20378.605889,679582
258,20378.605889,682233
259,20378.605889,684877
260,20378.605889,687526
261,20378.605889,690161
262,20378.605889,692802
263,20378.605889,695442
264,20378.605889,698081
265,20378.605889,700721
266,20378.605889,703362
267,20378.605889,705998
268,20378.605889,708643
269,20378.605889,711282
270,20378.605889,713943
271,20378.605889,716588
272,20378.605889,719234
273,20378.605889,721883
274,20378.605889,724528
275,20378.605889,727166
276,20378.605889,729822
20378.605889,5.061236
1,20666.394786,2376
2,20558.555861,4995
3,20384.457309,7623
4,20381.445660,10263
5,20380.504960,12903
6,20380.504960,15542
7,20380.504960,18176
8,20380.504960,20812
9,20380.504960,23450
10,20380.504960,26083
11,20380.504960,28716
12,20380.504960,31350
13,20380.504960,33985
14,20380.504960,36621
15,20380.504960,39253
16,20379.826261,41891
17,20379.826261,44524
18,20379.826261,47157
19,20379.826261,49781
20,20379.826261,52413
21,20379.826261,55039
22,20379.826261,57674
23,20379.826261,60298
24,20379.826261,62934
25,20379.826261,65557
26,20379.826261,68169
27,20379.826261,70771
28,20379.826261,73389
29,20379.826261,75997
30,20379.826261,78629
31,20379.826261,81257
32,20379.826261,83881
33,20379.826261,86501
34,20379.826261,89126
35,20379.826261,91739
36,20379.826261,94364
37,20379.826261,96977
38,20379.826261,99604
39,20379.826261,102215
40,20379.826261,104827
41,20379.826261,107428
42,20379.826261,110052
43,20379.826261,112668
44,20379.826261,115289
45,20379.826261,117897
46,20379.826261,120528
47,20379.826261,123151
48,20379.826261,125763
49,20379.826261,128376
50,20379.826261,131007
51,20379.826261,133624
52,20379.826261,136249
53,20379.826261,138873
54,20379.826261,141500
55,20379.826261,144123
56,20379.826261,146755
57,20379.826261,149380
58,20379.826261,152005
59,20379.826261,154625
60,20379.826261,157243
61,20379.826261,159842
62,20379.826261,162461
63,20379.826261,165077
64,20379.826261,167703
65,20379.826261,170331
66,20379.826261,172959
67,20379.826261,175589
68,20379.826261,178208
69,20379.826261,180821
70,20379.826261,183442
71,20379.826261,186057
72,20379.826261,188667
73,20379.826261,191273
74,20379.826261,193888
75,20379.826261,196492
76,20379.826261,199113
77,20379.826261,201732
78,20379.826261,204356
79,20379.826261,206983
80,20379.826261,209613
81,20379.826261,212225
82,20379.826261,214841
83,20379.826261,217456
84,20379.826261,220081
85,20379.826261,222697
86,20379.826261,225308
87,20379.826261,227923
88,20379.826261,230550
89,20379.826261,233171
90,20379.826261,235792
91,20379.826261,238412
92,20379.826261,241038
93,20379.826261,243649
94,20379.826261,246270
95,20379.826261,248885
96,20379.826261,251509
97,20379.826261,254126
98,20379.826261,256747
99,20379.826261,259367
100,20379.826261,261985
101,20379.826261,264597
102,20379.826261,267212
103,20379.826261,269841
104,20379.826261,272466
105,20379.826261,275093
106,20379.826261,277715
107,20379.826261,280320
108,20379.826261,282939
109,20379.826261,285554
110,20379.826261,288164
111,20379.826261,290776
112,20379.826261,293405
113,20379.826261,296037
114,20379.826261,298671
115,20379.826261,301299
116,20379.826261,303929
117,20379.826261,306559
118,20379.826261,309192
119,20379.826261,311813
120,20379.826261,314445
121,20379.826261,317075
122,20379.826261,319706
123,20379.826261,322323
124,20379.826261,324952
125,20379.826261,327585
126,20379.826261,330216
127,20379.826261,332851
128,20379.826261,335469
129,20379.826261,338101
130,20379.826261,340725
131,20379.826261,343353
132,20379.826261,345992
133,20379.826261,348623
134,20379.826261,351259
135,20379.826261,353885
136,20379.826261,356512
137,20379.826261,359138
138,20379.826261,361767
139,20379.826261,364377
140,20379.826261,366986
141,20379.826261,369593
142,20379.826261,372218
143,20379.826261,374818
144,20379.826261,377436
145,20379.826261,380040
146,20379.826261,382658
147,20379.826261,385269
148,20379.826261,387887
149,20379.826261,390499
150,20379.826261,393124
151,20379.826261,395746
152,20379.826261,398369
153,20379.826261,400986
154,20379.826261,403606
155,20379.826261,406230
156,20379.826261,408855
157,20379.826261,411476
158,20379.826261,414102
159,20379.826261,416721
160,20379.826261,419345
161,20379.826261,421961
162,20379.826261,424588
163,20379.826261,427209
164,20379.826261,429833
165,20379.826261,432452
166,20379.826261,435078
167,20379.826261,437704
168,20379.826261,440324
169,20379.826261,442936
170,20379.826261,445564
171,20379.826261,448188
172,20379.826261,450815
173,20379.826261,453445
174,20379.826261,456071
175,20379.826261,458694
176,20379.826261,461329
177,20379.826261,463953
178,20379.826261,466588
179,20379.826261,469216
180,20379.649944,471845
181,20379.649944,474477
182,20379.649944,477103
183,20379.649944,479728
184,20379.649944,482350
185,20379.649944,484967
186,20379.649944,487573
187,20379.649944,490176
188,20379.649944,492781
189,20379.649944,495380
190,20379.649944,497991
191,20379.649944,500607
192,20379.649944,503230
193,20379.649944,505849
194,20379.649944,508475
195,20379.649944,511087
196,20379.649944,513709
197,20379.649944,516320
198,20379.649944,518946
199,20379.649944,521569
200,20379.649944,524195
201,20379.649944,526812
202,20379.649944,529422
203,20379.649944,532041
204,20379.649944,534661
205,20379.649944,537265
206,20379.649944,539879
207,20379.649944,542496
208,20379.649944,545120
209,20379.649944,547735
210,20379.649944,550352
211,20379.237762,552960
212,20379.237762,555580
213,20379.237762,558180
214,20379.237762,560806
215,20379.237762,563415
216,20379.237762,566018
217,20379.237762,568626
218,20379.237762,571227
219,20379.237762,573828
220,20379.237762,576429
221,20379.237762,579035
222,20379.237762,581657
223,20379.237762,584272
224,20379.237762,586891
225,20379.237762,589514
226,20379.237762,592137
227,20379.237762,594760
228,20379.237762,597388
229,20379.237762,600015
230,20379.237762,602636
231,20379.237762,605247
232,20379.237762,607862
233,20379.237762,610487
234,20379.237762,613115
235,20379.237762,615744
236,20379.237762,618372
237,20379.237762,620995
238,20379.237762,623627
239,20379.237762,626253
240,20379.237762,628880
241,20379.237762,631506
242,20379.237762,634127
243,20379.237762,636745
244,20379.237762,639366
245,20379.237762,641989
246,20379.237762,644621
247,20379.237762,647246
248,20379.237762,649879
249,20379.237762,652512
250,20379.237762,655148
251,20379.237762,657778
252,20379.237762,660397
253,20379.237762,663017
254,20379.237762,665639
255,20379.237762,668258
256,20379.237762,670882
257,20379.237762,673510
258,20379.237762,676140
259,20379.237762,678763
260,20379.237762,681389
261,20379.237762,684011
262,20379.237762,686634
263,20379.208918,689260
264,20379.208918,691895
265,20379.208918,694516
266,20379.208918,697142
267,20379.208918,699758
268,20379.208918,702380
269,20379.208918,704999
270,20379.208918,707613
271,20379.208918,710224
272,20379.208918,712854
273,20379.208918,715481
274,20379.208918,718108
275,20379.208918,720732
276,20379.208918,723363
277,20379.208918,725991
278,20379.208918,728622
279,20379.208918,731244
20379.208918,5.055033
1,20697.489866,2376
2,20652.286594,5021
3,20382.704889,7673
4,20380.655188,10331
5,20380.655188,12992
6,20380.655188,15647
7,20380.655188,18303
8,20380.655188,20959
9,20380.655188,23616
10,20380.655188,26271
11,20380.195663,28924
12,20380.195663,31576
13,20380.195663,34231
14,20380.195663,36885
15,20380.195663,39539
16,20380.195663,42194
17,20380.195663,44843
18,20380.195663,47496
19,20380.195663,50140
20,20380.084987,52788
21,20380.084987,55436
22,20380.084987,58087
23,20380.084987,60735
24,20380.084987,63390
25,20380.084987,66044
26,20380.084987,68700
27,20380.084987,71343
28,20380.084987,73985
29,20380.084987,76625
30,20380.084987,79271
31,20380.084987,81904
32,20380.084987,84554
33,20380.084987,87196
34,20380.084987,89837
35,20380.084987,92458
36,20380.084987,95090
37,20380.084987,97716
38,20380.084987,100364
39,20380.084987,102993
40,20380.084987,105634
41,20380.084987,108272
42,20380.084987,110911
43,20380.084987,113538
44,20380.084987,116179
45,20380.084987,118804
46,20380.084987,121453
47,20380.084987,124092
48,20380.084987,126726
49,20380.084987,129349
50,20380.084987,131996
51,20380.084987,134632
52,20380.084987,137280
53,20380.084987,139923
54,20380.084987,142554
55,20380.084987,145185
56,20380.084987,147832
57,20380.084987,150467
58,20380.084987,153122
59,20380.084987,155765
60,20380.084987,158404
61,20380.084987,161042
62,20380.084987,163678
63,20380.084987,166315
64,20380.084987,168955
65,20380.084987,171593
66,20380.084987,174234
67,20380.084987,176872
68,20380.084987,179517
69,20380.084987,182147
70,20380.084987,184776
71,20380.084987,187409
72,20380.084987,190058
73,20380.084987,192690
74,20380.084987,195335
75,20380.084987,197969
76,20380.084987,200590
77,20380.084987,203203
78,20380.084987,205845
79,20380.084987,208485
80,20380.084987,211135
81,20380.084987,213776
82,20380.084987,216426
83,20380.084987,219063
84,20380.084987,221710
85,20380.084987,224355
86,20380.084987,227007
87,20380.084987,229646
88,20380.084987,232278
89,20380.084987,234905
90,20380.084987,237544
91,20380.084987,240176
92,20380.084987,242812
93,20380.084987,245452
94,20380.084987,248083
95,20380.084987,250701
96,20380.084987,253338
97,20380.084987,255963
98,20380.084987,258600
99,20380.084987,261227
100,20380.084987,263872
101,20380.084987,266505
102,20380.084987,269148
103,20380.084987,271797
104,20380.084987,274443
105,20380.084987,277073
106,20380.084987,279725
107,20380.084987,282362
108,20380.084987,285006
109,20380.084987,287637
110,20380.084987,290269
111,20380.084987,292896
112,20380.084987,295545
113,20380.084987,298199
114,20380.084987,300849
115,20380.084987,303497
116,20380.084987,306151
117,20380.084987,308790
118,20380.084987,311440
119,20380.084987,314082
120,20380.084987,316720
121,20380.084987,319343
122,20380.084987,321985
123,20380.084987,324624
124,20380.084987,327256
125,20380.084987,329882
126,20380.084987,332513
127,20380.084987,335153
128,20380.084987,337783
129,20380.084987,340395
130,20380.084987,343025
131,20380.084987,345651
132,20380.084987,348271
133,20380.084987,350896
134,20380.084987,353542
135,20380.084987,356179
136,20380.084987,358823
137,20380.084987,361451
138,20380.084987,364077
139,20380.084987,366696
140,20380.084987,369335
141,20380.084987,371978
142,20380.084987,374619
143,20380.084987,377247
144,20380.084987,379883
145,20380.084987,382519
146,20380.084987,385150
147,20380.084987,387777
148,20380.084987,390427
149,20380.084987,393072
150,20380.084987,395712
151,20380.084987,398358
152,20380.084987,401002
153,20380.084987,403640
154,20380.084987,406289
155,20380.084987,408937
156,20380.084987,411573
157,20380.084987,414205
158,20380.084987,416856
159,20380.084987,419498
160,20380.084987,422146
161,20380.084987,424790
162,20380.084987,427446
163,20380.084987,430086
164,20380.084987,432738
165,20380.084987,435375
166,20380.084987,438016
167,20380.084987,440653
168,20380.084987,443290
169,20380.084987,445915
170,20380.084987,448561
171,20380.084987,451199
172,20380.084987,453854
173,20380.084987,456493
174,20380.084987,459133
175,20380.084987,461770
176,20380.084987,464398
177,20380.084987,467020
178,20380.084987,469670
179,20380.084987,472317
180,20380.084987,474966
181,20380.084987,477616
182,20380.084987,480271
183,20380.084987,482907
184,20380.084987,485547
185,20380.084987,488194
186,20380.084987,490843
187,20380.084987,493488
188,20380.084987,496125
189,20380.084987,498763
190,20380.084987,501408
191,20380.084987,504043
192,20380.084987,506681
193,20380.084987,509326
194,20380.084987,511972
195,20380.084987,514601
196,20380.084987,517240
197,20380.084987,519879
198,20380.084987,522520
199,20380.084987,525156
200,20380.084987,527792
201,20380.084987,530429
202,20380.084987,533074
203,20380.084987,535720
204,20380.084987,538361
205,20380.084987,541005
206,20380.084987,543650
207,20380.084987,546295
208,20380.084987,548945
209,20380.084987,551586
210,20380.084987,554225
211,20380.084987,556863
212,20380.084987,559495
213,20380.084987,562120
214,20380.084987,564754
215,20380.084987,567377
216,20380.084987,570019
217,20380.084987,572642
218,20380.084987,575281
219,20380.084987,577915
220,20380.084987,580561
221,20380.084987,583198
222,20380.084987,585846
223,20380.084987,588489
224,20380.084987,591133
225,20380.084987,593771
226,20380.084987,596418
227,20380.084987,599060
228,20380.084987,601710
229,20380.084987,604347
230,20380.084987,606993
231,20380.084987,609629
232,20380.084987,612274
233,20379.491338,614920
234,20379.491338,617570
235,20379.491338,620219
236,20379.491338,622864
237,20379.491338,625507
238,20379.491338,628152
239,20379.491338,630784
240,20379.491338,633417
241,20379.491338,636041
242,20379.491338,638685
243,20379.491338,641319
244,20379.491338,643969
245,20379.491338,646611
246,20379.491338,649260
247,20379.491338,651906
248,20379.491338,654551
249,20379.491338,657196
250,20379.491338,659848
251,20379.491338,662490
252,20379.491338,665132
253,20379.491338,667761
254,20379.491338,670392
255,20379.491338,673034
256,20379.491338,675685
257,20379.491338,678328
258,20379.491338,680973
259,20379.491338,683616
260,20379.491338,686266
261,20379.491338,688917
262,20379.491338,691564
263,20379.491338,694208
264,20379.491338,696862
265,20379.491338,699506
266,20379.491338,702158
267,20379.491338,704801
268,20379.491338,707445
269,20379.491338,710089
270,20379.491338,712745
271,20379.491338,715383
272,20379.491338,718025
273,20379.491338,720672
274,20379.491338,723316
275,20379.491338,725963
276,20379.491338,728596
277,20379.491338,731230
20379.491338,5.051455
1,20760.968798,2376
2,20754.691818,5019
3,20381.179274,7670
4,20380.479733,10328
5,20380.344124,12983
6,20380.344124,15637
7,20380.195663,18290
8,20380.195663,20939
9,20380.195663,23592
10,20380.195663,26241
11,20380.195663,28888
12,20380.195663,31532
13,20380.103819,34180
14,20379.440835,36821
15,20379.440835,39464
16,20379.440835,42109
17,20379.440835,44755
18,20379.440835,47406
19,20379.440835,50051
20,20379.440835,52700
21,20379.440835,55344
22,20379.440835,57992
23,20379.440835,60630
24,20379.440835,63273
25,20379.440835,65904
26,20379.440835,68547
27,20379.440835,71179
28,20379.440835,73825
29,20379.440835,76461
30,20379.440835,79095
31,20379.440835,81726
32,20379.440835,84367
33,20379.440835,87006
34,20379.440835,89649
35,20379.440835,92282
36,20379.440835,94916
37,20379.440835,97547
38,20379.440835,100189
39,20379.440835,102831
40,20379.440835,105464
41,20379.440835,108091
42,20379.440835,110719
43,20379.440835,113332
44,20379.440835,115955
45,20379.440835,118566
46,20378.965553,121198
47,20378.965553,123811
48,20378.965553,126450
49,20378.965553,129067
50,20378.965553,131698
51,20378.965553,134332
52,20378.965553,136961
53,20378.965553,139582
54,20378.965553,142221
55,20378.965553,144848
56,20378.965553,147478
57,20378.965553,150101
58,20378.965553,152743
59,20378.965553,155375
60,20378.965553,157993
61,20378.965553,160613
62,20378.965553,163257
63,20378.965553,165890
64,20378.965553,168526
65,20378.965553,171149
66,20378.965553,173774
67,20378.965553,176383
68,20378.965553,179030
69,20378.965553,181677
70,20378.965553,184325
71,20378.965553,186955
72,20378.965553,189598
73,20378.965553,192231
74,20378.965553,194875
75,20378.965553,197516
76,20378.965553,200155
77,20378.965553,202782
78,20378.965553,205416
79,20378.965553,208048
80,20378.965553,210688
81,20378.965553,213317
82,20378.965553,215963
83,20378.965553,218608
84,20378.965553,221255
85,20378.965553,223887
86,20378.965553,226535
87,20378.965553,229181
88,20378.965553,231828
89,20378.965553,234475
90,20378.965553,237121
91,20378.965553,239761
92,20378.965553,242410
93,20378.965553,245045
94,20378.965553,247680
95,20378.965553,250304
96,20378.965553,252939
97,20378.965553,255573
98,20378.965553,258212
99,20378.965553,260841
100,20378.965553,263484
101,20378.965553,266122
102,20378.965553,268757
103,20378.965553,271396
104,20378.892729,274048
105,20378.892729,276680
106,20378.892729,279325
107,20378.892729,281957
108,20378.892729,284596
109,20378.892729,287221
110,20378.757171,289865
111,20378.757171,292505
112,20378.757171,295151
113,20378.757171,297793
114,20378.757171,300432
115,20378.757171,303069
116,20378.757171,305712
117,20378.757171,308359
118,20378.757171,311005
119,20378.757171,313649
120,20378.757171,316294
121,20378.757171,318929
122,20378.757171,321569
123,20378.757171,324210
124,20378.757171,326850
125,20378.757171,329494
126,20378.757171,332136
127,20378.757171,334778
128,20378.757171,337411
129,20378.757171,340033
130,20378.757171,342670
131,20378.757171,345298
132,20378.757171,347946
133,20378.757171,350584
134,20378.757171,353236
135,20378.757171,355876
136,20378.757171,358515
137,20378.757171,361147
138,20378.757171,363786
139,20378.757171,366423
140,20378.757171,369065
141,20378.757171,371697
142,20378.757171,374333
143,20378.757171,376960
144,20378.757171,379597
145,20378.757171,382227
146,20378.757171,384870
147,20378.757171,387499
148,20378.757171,390129
149,20378.757171,392760
150,20378.757171,395394
151,20378.757171,398023
152,20378.757171,400666
153,20378.757171,403299
154,20378.757171,405930
155,20378.757171,408556
156,20378.757171,411183
157,20378.757171,413805
158,20378.757171,416433
159,20378.757171,419056
160,20378.757171,421693
161,20378.757171,424317
162,20378.757171,426949
163,20378.757171,429576
164,20378.757171,432231
165,20378.757171,434877
166,20378.757171,437532
167,20378.757171,440178
168,20378.757171,442829
169,20378.757171,445463
170,20378.757171,448102
171,20378.757171,450738
172,20378.757171,453385
173,20378.757171,456034
174,20378.757171,458683
175,20378.757171,461326
176,20378.757171,463961
177,20378.757171,466599
178,20378.757171,469226
179,20378.757171,471854
180,20378.757171,474501
181,20378.757171,477136
182,20378.757171,479779
183,20378.757171,482408
184,20378.757171,485050
185,20378.757171,487680
186,20378.757171,490326
187,20378.757171,492961
188,20378.757171,495598
189,20378.757171,498233
190,20378.757171,500872
191,20378.757171,503506
192,20378.757171,506144
193,20378.757171,508783
194,20378.757171,511422
195,20378.757171,514060
196,20378.757171,516701
197,20378.757171,519337
198,20378.757171,521970
199,20378.757171,524593
200,20378.757171,527216
201,20378.757171,529847
202,20378.757171,532484
203,20378.757171,535125
204,20378.757171,537774
205,20378.757171,540418
206,20378.757171,543069
207,20378.757171,545710
208,20378.757171,548349
209,20378.757171,550992
210,20378.757171,553634
211,20378.757171,556273
212,20378.757171,558916
213,20378.757171,561556
214,20378.757171,564192
215,20378.757171,566823
216,20378.757171,569473
217,20378.757171,572115
218,20378.757171,574756
219,20378.757171,577399
220,20378.757171,580038
221,20378.757171,582674
222,20378.757171,585315
223,20378.757171,587960
224,20378.757171,590606
225,20378.757171,593236
226,20378.757171,595874
227,20378.757171,598510
228,20378.757171,601143
229,20378.757171,603783
230,20378.757171,606434
231,20378.757171,609075
232,20378.757171,611712
233,20378.757171,614340
234,20378.757171,616981
235,20378.757171,619629
236,20378.757171,622274
237,20378.757171,624914
238,20378.757171,627560
239,20378.757171,630205
240,20378.757171,632849
241,20378.757171,635497
242,20378.757171,638145
243,20378.757171,640785
244,20378.757171,643430
245,20378.757171,646071
246,20378.757171,648719
247,20378.757171,651358
248,20378.757171,654010
249,20378.757171,656663
250,20378.747356,659298
251,20378.747356,661934
252,20378.747356,664580
253,20378.747356,667224
254,20378.747356,669872
255,20378.747356,672506
256,20378.747356,675136
257,20378.747356,677784
258,20378.747356,680432
259,20378.670595,683069
260,20378.670595,685716
261,20378.670595,688358
262,20378.670595,690996
263,20378.670595,693634
264,20378.659268,696256
265,20378.659268,698882
266,20378.659268,701513
267,20378.659268,704146
268,20378.659268,706787
269,20378.659268,709417
270,20378.659268,712058
271,20378.659268,714699
272,20378.659268,717346
273,20378.659268,719987
274,20378.659268,722631
275,20378.659268,725278
276,20378.659268,727923
277,20378.659268,730560
20378.659268,5.104397
1,20860.241341,2376
2,20859.423822,4985
3,20382.202671,7609
4,20381.650461,10233
5,20381.650461,12857
6,20380.685038,15480
7,20380.655188,18096
8,20380.655188,20718
9,20380.655188,23334
10,20380.655188,25951
11,20380.205512,28573
12,20379.657480,31194
13,20379.657480,33812
14,20379.657480,36426
15,20379.657480,39041
16,20379.329478,41659
17,20379.329478,44272
18,20379.329478,46889
19,20379.329478,49497
20,20379.329478,52113
21,20379.329478,54716
22,20379.329478,57331
23,20379.329478,59932
24,20379.329478,62527
25,20379.329478,65113
26,20379.329478,67715
27,20379.329478,70312
28,20379.329478,72911
29,20379.329478,75502
30,20379.329478,78112
31,20379.329478,80711
32,20379.329478,83328
33,20379.329478,85928
34,20379.329478,88533
35,20379.329478,91135
36,20379.329478,93737
37,20379.329478,96337
38,20379.329478,98938
39,20379.329478,101531
40,20379.329478,104128
41,20379.329478,106715
42,20379.329478,109322
43,20379.329478,111923
44,20379.329478,114536
45,20379.329478,117151
46,20379.329478,119754
47,20379.329478,122369
48,20379.329478,124968
49,20379.296150,127571
50,20379.296150,130172
51,20379.296150,132767
52,20379.296150,135378
53,20379.296150,137983
54,20379.296150,140597
55,20379.296150,143204
56,20379.296150,145804
57,20379.296150,148414
58,20379.157202,151026
59,20379.157202,153634
60,20379.109427,156238
61,20379.109427,158828
62,20379.109427,161430
63,20379.109427,164029
64,20379.109427,166636
65,20379.109427,169235
66,20379.109427,171836
67,20379.109427,174437
68,20379.109427,177032
69,20379.109427,179629
70,20379.109427,182232
71,20379.109427,184827
72,20379.109427,187429
73,20379.109427,190028
74,20379.109427,192625
75,20379.109427,195211
76,20379.109427,197807
77,20379.092520,200399
78,20379.092520,202998
79,20378.892729,205583
80,20378.892729,208182
81,20378.892729,210782
82,20378.892729,213396
83,20378.892729,216008
84,20378.892729,218622
85,20378.892729,221224
86,20378.892729,223827
87,20378.892729,226434
88,20378.892729,229044
89,20378.892729,231645
90,20378.892729,234255
91,20378.892729,236859
92,20378.892729,239469
93,20378.892729,242073
94,20378.892729,244683
95,20378.892729,247282
96,20378.892729,249896
97,20378.892729,252502
98,20378.892729,255109
99,20378.892729,257712
100,20378.892729,260323
101,20378.892729,262925
102,20378.892729,265530
103,20378.892729,268131
104,20378.892729,270741
105,20378.892729,273341
106,20378.892729,275941
107,20378.892729,278546
108,20378.892729,281161
109,20378.892729,283768
110,20378.892729,286375
111,20378.892729,288972
112,20378.892729,291568
113,20378.892729,294158
114,20378.892729,296757
115,20378.892729,299346
116,20378.892729,301942
117,20378.892729,304534
118,20378.892729,307136
119,20378.892729,309739
120,20378.892729,312349
121,20378.892729,314952
122,20378.892729,317565
123,20378.892729,320173
124,20378.892729,322780
125,20378.892729,325383
126,20378.892729,327985
127,20378.892729,330586
128,20378.892729,333202
129,20378.892729,335814
130,20378.892729,338420
131,20378.892729,341039
132,20378.892729,343655
133,20378.892729,346274
134,20378.892729,348890
135,20378.892729,351492
136,20378.892729,354105
137,20378.892729,356706
138,20378.812707,359325
139,20378.812707,361936
140,20378.812707,364555
141,20378.812707,367170
142,20378.812707,369781
143,20378.812707,372387
144,20378.812707,375001
145,20378.812707,377612
146,20378.812707,380218
147,20378.812707,382818
148,20378.812707,385436
149,20378.812707,388049
150,20378.812707,390669
151,20378.812707,393274
152,20378.812707,395880
153,20378.812707,398476
154,20378.812707,401076
155,20378.812707,403668
156,20378.812707,406277
157,20378.812707,408885
158,20378.812707,411495
159,20378.812707,414096
160,20378.812707,416703
161,20378.812707,419304
162,20378.812707,421905
163,20378.812707,424498
164,20378.812707,427099
165,20378.812707,429698
166,20378.812707,432304
167,20378.812707,434905
168,20378.812707,437502
169,20378.812707,440114
170,20378.812707,442732
171,20378.812707,445343
172,20378.812707,447954
173,20378.812707,450564
174,20378.812707,453175
175,20378.812707,455781
176,20378.812707,458389
177,20378.812707,461000
178,20378.812707,463611
179,20378.812707,466218
180,20378.812707,468827
181,20378.812707,471435
182,20378.812707,474051
183,20378.812707,476666
184,20378.812707,479278
185,20378.812707,481890
186,20378.812707,484506
187,20378.812707,487122
188,20378.812707,489730
189,20378.812707,492343
190,20378.812707,494955
191,20378.812707,497563
192,20378.812707,500170
193,20378.812707,502770
194,20378.812707,505379
195,20378.812707,507991
196,20378.812707,510594
197,20378.812707,513211
198,20378.812707,515809
199,20378.812707,518398
200,20378.812707,520996
201,20378.812707,523598
202,20378.812707,526202
203,20378.812707,528811
204,20378.812707,531427
205,20378.812707,534046
206,20378.812707,536663
207,20378.812707,539282
208,20378.812707,541894
209,20378.812707,544502
210,20378.812707,547123
211,20378.812707,549740
212,20378.812707,552355
213,20378.812707,554967
214,20378.812707,557581
215,20378.812707,560187
216,20378.812707,562805
217,20378.812707,565418
218,20378.812707,568035
219,20378.812707,570646
220,20378.812707,573255
221,20378.812707,575865
222,20378.812707,578483
223,20378.812707,581084
224,20378.812707,583703
225,20378.812707,586315
226,20378.812707,588923
227,20378.812707,591524
228,20378.812707,594129
229,20378.812707,596724
230,20378.812707,599326
231,20378.812707,601923
232,20378.812707,604529
233,20378.812707,607135
234,20378.812707,609745
235,20378.812707,612351
236,20378.812707,614959
237,20378.812707,617567
238,20378.812707,620177
239,20378.812707,622776
240,20378.812707,625395
241,20378.812707,628011
242,20378.812707,630621
243,20378.812707,633221
244,20378.812707,635833
245,20378.812707,638443
246,20378.812707,641055
247,20378.812707,643664
248,20378.812707,646279
249,20378.812707,648888
250,20378.812707,651504
251,20378.812707,654114
252,20378.812707,656721
253,20378.812707,659340
254,20378.812707,661959
255,20378.812707,664567
256,20378.812707,667177
257,20378.812707,669774
258,20378.812707,672389
259,20378.812707,675000
260,20378.812707,677616
261,20378.812707,680233
262,20378.812707,682843
263,20378.812707,685442
264,20378.812707,688049
265,20378.812707,690656
266,20378.812707,693263
267,20378.812707,695858
268,20378.812707,698466
269,20378.812707,701073
270,20378.812707,703668
271,20378.812707,706267
272,20378.812707,708877
273,20378.812707,711468
274,20378.812707,714076
275,20378.812707,716679
276,20378.812707,719290
277,20378.812707,721883
278,20378.812707,724490
279,20378.812707,727099
280,20378.812707,729707
20378.812707,5.127031
1,20873.808252,2376
2,20873.808252,5010
3,20383.343391,7652
4,20383.010730,10297
5,20381.056004,12942
6,20380.655188,15585
7,20380.655188,18226
8,20380.655188,20867
9,20380.655188,23511
10,20380.195663,26155
11,20380.195663,28800
12,20380.195663,31441
13,20380.195663,34085
14,20380.195663,36722
15,20380.195663,39361
16,20380.195663,42003
17,20379.642218,44647
18,20379.642218,47291
19,20379.642218,49931
20,20379.642218,52561
21,20379.642218,55171
22,20379.642218,57780
23,20379.642218,60402
24,20379.642218,63031
25,20379.642218,65635
26,20379.642218,68265
27,20379.296150,70899
28,20379.296150,73533
29,20379.296150,76162
30,20379.296150,78804
31,20379.296150,81445
32,20379.295670,84086
33,20379.295670,86706
34,20379.295670,89336
35,20379.295670,91964
36,20379.295670,94595
37,20379.295670,97210
38,20379.295670,99841
39,20379.295670,102461
40,20379.295670,105080
41,20379.295670,107688
42,20379.295670,110317
43,20379.295670,112947
44,20379.295670,115580
45,20379.295670,118210
46,20379.295670,120845
47,20379.295670,123488
48,20379.295670,126123
49,20379.295670,128756
50,20379.295670,131397
51,20379.295670,134027
52,20379.295670,136649
53,20379.295670,139272
54,20379.295670,141896
55,20379.295670,144512
56,20379.295670,147143
57,20379.295670,149764
58,20379.295670,152399
59,20379.295670,155006
60,20379.295670,157636
61,20379.295670,160261
62,20379.295670,162890
63,20379.295670,165516
64,20379.295670,168138
65,20379.295670,170750
66,20379.295670,173388
67,20379.295670,176007
68,20379.295670,178640
69,20379.295670,181269
70,20379.295670,183903
71,20379.295670,186539
72,20379.295670,189172
73,20379.295670,191805
74,20379.295670,194434
75,20379.295670,197065
76,20379.295670,199704
77,20379.295670,202344
78,20379.295670,204973
79,20379.295670,207590
80,20379.295670,210224
81,20379.295670,212859
82,20379.295670,215494
83,20379.295670,218126
84,20379.295670,220758
85,20379.295670,223375
86,20379.295670,225997
87,20379.295670,228611
88,20379.295670,231238
89,20379.295670,233865
90,20379.295670,236499
91,20379.295670,239133
92,20379.295670,241777
93,20379.295670,244415
94,20379.295670,247058
95,20379.295670,249698
96,20379.295670,252338
97,20379.295670,254975
98,20379.295670,257613
99,20379.295670,260254
100,20379.295670,262895
101,20379.295670,265516
102,20379.295670,268157
103,20379.295670,270786
104,20379.295670,273421
105,20379.295670,276054
106,20379.295670,278689
107,20379.295670,281321
108,20379.295670,283958
109,20379.295670,286592
110,20379.295670,289231
111,20379.295670,291870
112,20379.295670,294508
113,20379.295670,297140
114,20379.295670,299771
115,20379.295670,302404
116,20379.295670,305041
117,20379.295670,307683
118,20379.295670,310326
119,20379.295670,312964
120,20379.295670,315604
121,20379.295670,318242
122,20379.295670,320879
123,20379.208918,323515
124,20379.208918,326148
125,20379.208918,328772
126,20379.208918,331405
127,20379.208918,334026
128,20379.208918,336657
129,20379.208918,339280
130,20379.208918,341918
131,20379.208918,344544
132,20379.208918,347175
133,20379.208918,349809
134,20379.208918,352438
135,20379.208918,355068
136,20379.208918,357703
137,20379.208918,360324
138,20379.208918,362959
139,20379.208918,365599
140,20379.208918,368242
141,20379.208918,370873
142,20379.208918,373502
143,20379.208918,376134
144,20379.208918,378763
145,20379.208918,381394
146,20379.208918,384031
147,20379.208918,386663
148,20379.208918,389291
149,20379.208918,391915
150,20379.208918,394538
151,20379.208918,397169
152,20379.208918,399799
153,20379.208918,402433
154,20379.208918,405063
155,20379.208918,407699
156,20379.208918,410332
157,20379.208918,412955
158,20379.208918,415588
159,20379.208918,418210
160,20379.208918,420848
161,20379.208918,423475
162,20379.208918,426116
163,20379.208918,428746
164,20379.208918,431380
165,20379.208918,434014
166,20379.208918,436647
167,20379.208918,439284
168,20379.208918,441913
169,20379.208918,444547
170,20379.208918,447174
171,20379.208918,449805
172,20379.208918,452437
173,20379.208918,455055
174,20379.208918,457688
175,20379.208918,460323
176,20379.208918,462959
177,20379.208918,465594
178,20379.208918,468234
179,20379.208918,470871
180,20379.208918,473513
181,20379.208918,476144
182,20379.208918,478772
183,20379.208918,481387
184,20379.208918,484009
185,20379.208918,486634
186,20379.208918,489270
187,20379.208918,491890
188,20379.208918,494514
189,20379.208918,497139
190,20379.208918,499773
191,20379.208918,502403
192,20379.208918,505035
193,20379.208918,507664
194,20379.208918,510303
195,20379.208918,512936
196,20379.208918,515573
197,20379.208918,518206
198,20379.208918,520850
199,20379.208918,523489
200,20379.208918,526127
201,20379.208918,528761
202,20379.208918,531401
203,20379.208918,534034
204,20379.208918,536677
205,20379.208918,539299
206,20379.208918,541925
207,20379.208918,544546
208,20379.208918,547176
209,20379.022985,549794
210,20379.022985,552430
211,20379.022985,555062
212,20379.022985,557689
213,20378.816992,560318
214,20378.816992,562942
215,20378.816992,565571
216,20378.816992,568207
217,20378.816992,570838
218,20378.816992,573476
219,20378.816992,576108
220,20378.816992,578751
221,20378.816992,581388
222,20378.816992,584029
223,20378.816992,586668
224,20378.816992,589310
225,20378.816992,591937
226,20378.816992,594571
227,20378.816992,597207
228,20378.816992,599845
229,20378.816992,602483
230,20378.816992,605119
231,20378.816992,607753
232,20378.816992,610392
233,20378.816992,613029
234,20378.816992,615667
235,20378.816992,618300
236,20378.816992,620938
237,20378.816992,623581
238,20378.816992,626219
239,20378.816992,628855
240,20378.816992,631486
241,20378.816992,634117
242,20378.816992,636757
243,20378.816992,639392
244,20378.816992,642028
245,20378.816992,644668
246,20378.816992,647313
247,20378.816992,649946
248,20378.816992,652577
249,20378.816992,655202
250,20378.816992,657832
251,20378.816992,660469
252,20378.816992,663104
253,20378.816992,665731
254,20378.816992,668364
255,20378.816992,671008
256,20378.816992,673653
257,20378.816992,676292
258,20378.816992,678932
259,20378.816992,681571
260,20378.816992,684211
261,20378.816992,686850
262,20378.816992,689491
263,20378.816992,692123
264,20378.816992,694755
265,20378.816992,697388
266,20378.816992,700031
267,20378.816992,702669
268,20378.816992,705307
269,20378.816992,707944
270,20378.816992,710585
271,20378.816992,713228
272,20378.816992,715865
273,20378.765435,718501
274,20378.765435,721136
275,20378.765435,723772
276,20378.765435,726412
277,20378.765435,729045
278,20378.765435,731680
20378.765435,5.096408
1,21323.622260,2376
2,21323.622260,4996
3,20386.028359,7618
4,20382.704889,10243
5,20380.195663,12868
6,20380.141277,15491
7,20380.141277,18113
8,20380.103819,20727
9,20379.597236,23348
10,20379.587941,25969
11,20379.587941,28588
12,20379.587941,31210
13,20379.297881,33831
14,20379.297881,36450
15,20379.297881,39059
16,20379.297881,41680
17,20379.297881,44299
18,20379.297881,46916
19,20379.297881,49528
20,20379.297881,52146
21,20379.297881,54761
22,20379.297881,57370
23,20379.297881,59975
24,20379.297881,62583
25,20379.297881,65183
26,20379.168843,67790
27,20379.168843,70384
28,20379.168843,72993
29,20379.168843,75596
30,20379.168843,78203
31,20379.168843,80803
32,20379.168843,83422
33,20379.168843,86037
34,20379.168843,88648
35,20379.168843,91264
36,20379.168843,93867
37,20379.168843,96461
38,20379.168843,99055
39,20379.168843,101655
40,20379.168843,104260
41,20379.168843,106863
42,20379.168843,109465
43,20379.168843,112072
44,20379.168843,114685
45,20379.168843,117287
46,20379.168843,119902
47,20379.168843,122510
48,20379.168843,125122
49,20379.168843,127733
50,20379.168843,130339
51,20379.168843,132933
52,20379.168843,135543
53,20379.168843,138146
54,20379.168843,140751
55,20379.168843,143356
56,20379.168843,145965
57,20379.168843,148565
58,20379.168843,151177
59,20379.168843,153779
60,20379.168843,156391
61,20379.168843,159007
62,20379.168843,161622
63,20379.168843,164222
64,20379.168843,166837
65,20379.168843,169445
66,20379.168843,172065
67,20379.168843,174677
68,20379.168843,177291
69,20379.168843,179898
70,20379.168843,182505
71,20379.168843,185110
72,20379.168843,187730
73,20379.168843,190337
74,20379.168843,192951
75,20379.168843,195564
76,20379.168843,198178
77,20379.168843,200797
78,20379.168843,203411
79,20379.168843,206018
80,20379.168843,208631
81,20379.168843,211238
82,20379.168843,213843
83,20379.168843,216447
84,20379.168843,219046
85,20379.168843,221646
86,20379.168843,224252
87,20379.168843,226856
88,20379.168843,229464
89,20379.168843,232062
90,20379.168843,234673
91,20379.168843,237277
92,20379.168843,239893
93,20379.168843,242505
94,20379.168843,245119
95,20379.168843,247721
96,20379.109427,250324
97,20379.109427,252918
98,20379.109427,255534
99,20379.109427,258137
100,20379.109427,260759
101,20379.109427,263371
102,20379.109427,265978
103,20379.109427,268575
104,20379.109427,271189
105,20379.109427,273792
106,20379.109427,276405
107,20379.109427,279010
108,20379.109427,281623
109,20379.109427,284240
110,20379.109427,286859
111,20379.109427,289464
112,20379.109427,292085
113,20379.109427,294697
114,20379.109427,297307
115,20379.109427,299919
116,20379.109427,302528
117,20379.109427,305140
118,20379.109427,307754
119,20379.109427,310372
120,20379.109427,312994
121,20379.109427,315603
122,20379.109427,318218
123,20379.109427,320835
124,20379.109427,323454
125,20379.109427,326067
126,20379.109427,328684
127,20379.109427,331301
128,20379.109427,333919
129,20379.109427,336535
130,20379.109427,339153
131,20378.757171,341758
132,20378.757171,344374
133,20378.757171,346990
134,20378.757171,349611
135,20378.757171,352224
136,20378.757171,354843
137,20378.757171,357461
138,20378.757171,360079
139,20378.757171,362683
140,20378.757171,365297
141,20378.757171,367909
142,20378.757171,370520
143,20378.757171,373137
144,20378.757171,375745
145,20378.757171,378347
146,20378.757171,380946
147,20378.757171,383557
148,20378.757171,386170
149,20378.757171,388779
150,20378.757171,391394
151,20378.757171,394010
152,20378.757171,396629
153,20378.757171,399247
154,20378.757171,401865
155,20378.757171,404473
156,20378.757171,407086
157,20378.757171,409693
158,20378.757171,412309
159,20378.757171,414913
160,20378.757171,417525
161,20378.757171,420135
162,20378.757171,422746
163,20378.757171,425352
164,20378.757171,427965
165,20378.757171,430580
166,20378.757171,433193
167,20378.757171,435802
168,20378.757171,438409
169,20378.757171,441010
170,20378.757171,443618
171,20378.757171,446228
172,20378.757171,448833
173,20378.757171,451448
174,20378.757171,454066
175,20378.757171,456685
176,20378.757171,459303
177,20378.757171,461915
178,20378.757171,464527
179,20378.757171,467137
180,20378.757171,469752
181,20378.757171,472358
182,20378.757171,474971
183,20378.757171,477578
184,20378.757171,480182
185,20378.757171,482791
186,20378.757171,485399
187,20378.757171,488011
188,20378.757171,490631
189,20378.757171,493233
190,20378.757171,495838
191,20378.757171,498448
192,20378.757171,501058
193,20378.757171,503653
194,20378.757171,506255
195,20378.757171,508842
196,20378.757171,511442
197,20378.757171,514042
198,20378.757171,516643
199,20378.757171,519240
200,20378.757171,521851
201,20378.757171,524463
202,20378.757171,527074
203,20378.757171,529686
204,20378.757171,532305
205,20378.757171,534922
206,20378.757171,537534
207,20378.757171,540140
208,20378.757171,542758
209,20378.757171,545373
210,20378.757171,547993
211,20378.757171,550608
212,20378.757171,553218
213,20378.757171,555828
214,20378.757171,558439
215,20378.757171,561048
216,20378.757171,563667
217,20378.757171,566279
218,20378.757171,568895
219,20378.757171,571513
220,20378.757171,574125
221,20378.757171,576740
222,20378.757171,579359
223,20378.757171,581977
224,20378.757171,584586
225,20378.757171,587200
226,20378.757171,589813
227,20378.757171,592425
228,20378.757171,595030
229,20378.757171,597639
230,20378.757171,600253
231,20378.757171,602855
232,20378.757171,605464
233,20378.757171,608062
234,20378.757171,610679
235,20378.757171,613289
236,20378.757171,615909
237,20378.757171,618520
238,20378.757171,621139
239,20378.757171,623751
240,20378.757171,626369
241,20378.757171,628982
242,20378.757171,631594
243,20378.757171,634206
244,20378.757171,636821
245,20378.757171,639434
246,20378.757171,642049
247,20378.757171,644663
248,20378.757171,647276
249,20378.757171,649886
250,20378.757171,652502
251,20378.757171,655114
252,20378.757171,657731
253,20378.757171,660341
254,20378.757171,662958
255,20378.757171,665574
256,20378.757171,668196
257,20378.633721,670808
258,20378.633721,673429
259,20378.633721,676042
260,20378.633721,678650
261,20378.633721,681252
262,20378.633721,683865
263,20378.633721,686467
264,20378.633721,689081
265,20378.633721,691683
266,20378.633721,694302
267,20378.633721,696918
268,20378.633721,699533
269,20378.633721,702137
270,20378.633721,704757
271,20378.633721,707374
272,20378.633721,709995
273,20378.633721,712611
274,20378.633721,715229
275,20378.633721,717842
276,20378.633721,720452
277,20378.633721,723064
278,20378.633721,725671
279,20378.633721,728278
280,20378.633721,730880
20378.633721,5.082072
1,20771.985340,2376
2,20669.335952,4994
3,20382.457889,7618
4,20381.416925,10239
5,20380.897407,12862
6,20380.897407,15478
7,20380.897407,18098
8,20380.897407,20716
9,20380.610612,23334
10,20380.103819,25953
11,20380.103819,28576
12,20379.903125,31198
13,20379.903125,33823
14,20379.903125,36444
15,20379.903125,39067
16,20379.903125,41688
17,20379.903125,44309
18,20379.903125,46917
19,20379.903125,49525
20,20379.903125,52129
21,20379.903125,54729
22,20379.623528,57343
23,20379.623528,59946
24,20379.623528,62559
25,20379.623528,65150
26,20379.623528,67767
27,20379.623528,70375
28,20379.623528,72981
29,20379.623528,75561
30,20379.623528,78151
31,20379.623528,80728
32,20379.623528,83324
33,20379.623528,85910
34,20379.623528,88506
35,20379.623528,91090
36,20379.623528,93683
37,20379.623528,96276
38,20379.286034,98883
39,20379.286034,101482
40,20379.286034,104092
41,20379.286034,106691
42,20379.286034,109293
43,20379.286034,111885
44,20379.286034,114492
45,20379.286034,117074
46,20379.286034,119671
47,20379.286034,122262
48,20379.286034,124871
49,20379.286034,127469
50,20379.286034,130055
51,20379.286034,132638
52,20379.286034,135226
53,20379.286034,137819
54,20379.286034,140435
55,20379.286034,143030
56,20379.286034,145639
57,20379.286034,148240
58,20379.286034,150850
59,20379.286034,153447
60,20379.286034,156058
61,20379.286034,158661
62,20379.286034,161269
63,20379.286034,163869
64,20379.286034,166489
65,20379.286034,169099
66,20379.286034,171712
67,20379.286034,174324
68,20379.286034,176944
69,20379.286034,179556
70,20379.286034,182176
71,20379.286034,184783
72,20379.286034,187397
73,20379.286034,190007
74,20379.286034,192621
75,20379.286034,195235
76,20379.286034,197845
77,20379.286034,200449
78,20379.286034,203057
79,20379.286034,205648
80,20379.286034,208248
81,20379.286034,210848
82,20379.286034,213445
83,20379.286034,216036
84,20379.286034,218640
85,20379.286034,221246
86,20379.286034,223857
87,20379.286034,226471
88,20379.286034,229080
89,20379.286034,231685
90,20379.286034,234292
91,20379.286034,236902
92,20379.286034,239516
93,20379.286034,242130
94,20379.286034,244742
95,20379.281672,247351
96,20379.281672,249968
97,20379.281672,252583
98,20379.281672,255201
99,20379.281672,257815
100,20379.281672,260438
101,20379.281672,263046
102,20379.281672,265662
103,20379.281672,268278
104,20379.281672,270894
105,20379.281672,273510
106,20379.281672,276129
107,20379.281672,278731
108,20379.281672,281343
109,20379.281672,283956
110,20379.281672,286574
111,20378.816030,289188
112,20378.816030,291804
113,20378.816030,294410
114,20378.816030,297021
115,20378.816030,299633
116,20378.816030,302251
117,20378.816030,304867
118,20378.816030,307482
119,20378.816030,310091
120,20378.816030,312703
121,20378.816030,315301
122,20378.816030,317904
123,20378.816030,320494
124,20378.816030,323085
125,20378.816030,325671
126,20378.816030,328272
127,20378.816030,330864
128,20378.816030,333477
129,20378.816030,336082
130,20378.816030,338690
131,20378.816030,341298
132,20378.816030,343904
133,20378.816030,346521
134,20378.816030,349137
135,20378.816030,351747
136,20378.816030,354356
137,20378.816030,356960
138,20378.816030,359558
139,20378.816030,362157
140,20378.816030,364757
141,20378.816030,367361
142,20378.816030,369979
143,20378.816030,372588
144,20378.816030,375200
145,20378.816030,377822
146,20378.816030,380441
147,20378.816030,383052
148,20378.816030,385665
149,20378.816030,388268
150,20378.816030,390880
151,20378.816030,393487
152,20378.816030,396093
153,20378.816030,398705
154,20378.813879,401328
155,20378.813879,403949
156,20378.813879,406560
157,20378.813879,409170
158,20378.813879,411787
159,20378.813879,414403
160,20378.813879,417014
161,20378.813879,419616
162,20378.813879,422227
163,20378.813879,424824
164,20378.813879,427430
165,20378.813879,430029
166,20378.813879,432630
167,20378.813879,435221
168,20378.813879,437833
169,20378.813879,440432
170,20378.813879,443045
171,20378.813879,445655
172,20378.813879,448259
173,20378.813879,450871
174,20378.813879,453487
175,20378.813879,456096
176,20378.812707,458705
177,20378.812707,461327
178,20378.812707,463938
179,20378.812707,466550
180,20378.812707,469173
181,20378.812707,471777
182,20378.812707,474397
183,20378.812707,476992
184,20378.812707,479597
185,20378.812707,482185
186,20378.812707,484791
187,20378.812707,487392
188,20378.812707,490015
189,20378.812707,492627
190,20378.812707,495240
191,20378.812707,497845
192,20378.812707,500456
193,20378.812707,503062
194,20378.812707,505675
195,20378.812707,508280
196,20378.812707,510892
197,20378.812707,513492
198,20378.812707,516090
199,20378.812707,518693
200,20378.812707,521317
201,20378.812707,523926
202,20378.812707,526538
203,20378.812707,529154
204,20378.812707,531768
205,20378.812707,534384
206,20378.812707,537002
207,20378.812707,539609
208,20378.812707,542221
209,20378.812707,544827
210,20378.812707,547438
211,20378.812707,550042
212,20378.812707,552657
213,20378.812707,555273
214,20378.812707,557888
215,20378.812707,560505
216,20378.812707,563123
217,20378.812707,565735
218,20378.812707,568351
219,20378.812707,570950
220,20378.812707,573559
221,20378.812707,576168
222,20378.812707,578783
223,20378.812707,581394
224,20378.812707,584006
225,20378.812707,586618
226,20378.812707,589229
227,20378.812707,591832
228,20378.812707,594440
229,20378.812707,597048
230,20378.812707,599668
231,20378.812707,602284
232,20378.812707,604901
233,20378.812707,607517
234,20378.812707,610126
235,20378.789216,612729
236,20378.757171,615342
237,20378.757171,617957
238,20378.757171,620578
239,20378.757171,623195
240,20378.757171,625811
241,20378.757171,628430
242,20378.757171,631044
243,20378.757171,633656
244,20378.757171,636264
245,20378.757171,638866
246,20378.740757,641483
247,20378.740757,644093
248,20378.740757,646711
249,20378.740757,649327
250,20378.740757,651945
251,20378.740757,654550
252,20378.740757,657152
253,20378.740757,659760
254,20378.740757,662376
255,20378.740757,664988
256,20378.740757,667600
257,20378.740757,670214
258,20378.740757,672827
259,20378.740757,675433
260,20378.740757,678042
261,20378.740757,680651
262,20378.740757,683262
263,20378.740757,685867
264,20378.740757,688473
265,20378.740757,691082
266,20378.740757,693698
267,20378.740757,696315
268,20378.740757,698935
269,20378.740757,701546
270,20378.740757,704160
271,20378.740757,706767
272,20378.740757,709377
273,20378.740757,711986
274,20378.664008,714599
275,20378.664008,717207
276,20378.664008,719825
277,20378.664008,722429
278,20378.664008,725032
279,20378.664008,727641
280,20378.664008,730244
20378.664008,5.105529
1,20974.635117,2376
2,20974.635117,4986
3,20384.832951,7609
4,20383.827671,10240
5,20382.486190,12869
6,20381.445660,15495
7,20381.445660,18125
8,20381.443878,20742
9,20381.443878,23365
10,20381.443878,25993
11,20380.731985,28623
12,20380.731985,31248
13,20380.210948,33876
14,20380.210948,36501
15,20380.210948,39125
16,20379.649215,41748
17,20379.649215,44364
18,20379.649215,46974
19,20379.649215,49578
20,20379.649215,52196
21,20379.649215,54816
22,20379.649215,57436
23,20379.649215,60046
24,20379.649215,62653
25,20379.649215,65255
26,20379.649215,67861
27,20379.649215,70456
28,20379.649215,73069
29,20379.649215,75664
30,20379.649215,78280
31,20379.649215,80884
32,20379.649215,83490
33,20379.649215,86096
34,20379.649215,88709
35,20379.649215,91312
36,20379.649215,93915
37,20379.649215,96499
38,20379.649215,99091
39,20379.649215,101691
40,20379.649215,104296
41,20379.649215,106903
42,20379.649215,109494
43,20379.649215,112104
44,20379.649215,114722
45,20379.649215,117339
46,20379.649215,119953
47,20379.649215,122559
48,20379.649215,125175
49,20379.649215,127797
50,20379.649215,130412
51,20379.649215,133028
52,20379.649215,135651
53,20379.649215,138264
54,20379.649215,140874
55,20379.649215,143479
56,20379.649215,146093
57,20379.649215,148701
58,20379.649215,151297
59,20379.649215,153899
60,20379.649215,156507
61,20379.649215,159108
62,20379.649215,161726
63,20379.649215,164333
64,20379.649215,166946
65,20379.649215,169554
66,20379.649215,172175
67,20379.649215,174780
68,20379.649215,177388
69,20379.649215,180000
70,20379.649215,182616
71,20379.649215,185217
72,20379.649215,187830
73,20379.649215,190436
74,20379.649215,193058
75,20379.649215,195672
76,20379.649215,198281
77,20379.649215,200888
78,20379.649215,203505
79,20379.649215,206114
80,20379.649215,208727
81,20379.649215,211332
82,20379.649215,213941
83,20379.649215,216544
84,20379.649215,219164
85,20379.649215,221781
86,20379.649215,224404
87,20379.649215,227005
88,20379.649215,229614
89,20379.649215,232207
90,20379.649215,234817
91,20379.649215,237423
92,20379.649215,240034
93,20379.649215,242636
94,20379.649215,245247
95,20379.649215,247846
96,20379.649215,250455
97,20379.649215,253055
98,20379.649215,255672
99,20379.649215,258282
100,20379.649215,260893
101,20379.649215,263501
102,20379.649215,266098
103,20379.649215,268696
104,20379.649215,271315
105,20379.649215,273923
106,20379.649215,276548
107,20379.649215,279165
108,20379.649215,281787
109,20379.649215,284388
110,20379.649215,286998
111,20379.649215,289604
112,20379.649215,292215
113,20379.649215,294820
114,20379.649215,297418
115,20379.649215,300013
116,20379.649215,302627
117,20379.649215,305238
118,20379.649215,307846
119,20379.649215,310449
120,20379.649215,313044
121,20379.649215,315634
122,20379.649215,318228
123,20379.649215,320823
124,20379.649215,323426
125,20379.649215,326018
126,20379.649215,328624
127,20379.649215,331220
128,20379.649215,333834
129,20379.649215,336445
130,20379.649215,339069
131,20379.649215,341684
132,20379.649215,344307
133,20379.649215,346929
134,20379.649215,349548
135,20379.649215,352167
136,20379.649215,354789
137,20379.649215,357403
138,20379.649215,360030
139,20379.649215,362643
140,20379.649215,365268
141,20379.649215,367877
142,20379.649215,370486
143,20379.649215,373089
144,20379.649215,375702
145,20379.649215,378313
146,20379.649215,380932
147,20379.649215,383554
148,20379.649215,386171
149,20379.649215,388783
150,20379.022985,391404
151,20379.022985,394020
152,20379.022985,396631
153,20379.022985,399247
154,20379.022985,401866
155,20379.022985,404476
156,20379.022985,407090
157,20379.022985,409699
158,20379.022985,412309
159,20379.022985,414912
160,20379.022985,417524
161,20379.022985,420142
162,20379.022985,422761
163,20379.022985,425370
164,20379.022985,427985
165,20379.022985,430594
166,20379.022985,433202
167,20379.022985,435809
168,20379.022985,438414
169,20379.022985,441015
170,20379.022985,443626
171,20379.022985,446218
172,20379.022985,448827
173,20379.022985,451416
174,20379.022985,454028
175,20379.022985,456634
176,20379.022985,459238
177,20379.022985,461844
178,20379.022985,464452
179,20379.022985,467053
180,20379.022985,469661
181,20379.022985,472269
182,20379.022985,474876
183,20379.022985,477489
184,20379.022985,480102
185,20379.022985,482718
186,20379.022985,485327
187,20379.022985,487930
188,20379.022985,490543
189,20379.022985,493154
190,20379.022985,495774
191,20379.022985,498390
192,20379.022985,501012
193,20379.022985,503621
194,20379.022985,506239
195,20379.022985,508855
196,20379.022985,511477
197,20379.022985,514101
198,20379.022985,516714
199,20379.022985,519329
200,20379.022985,521949
201,20379.022985,524568
202,20378.817040,527197
203,20378.817040,529818
204,20378.817040,532442
205,20378.817040,535059
206,20378.817040,537686
207,20378.817040,540293
208,20378.817040,542908
209,20378.817040,545517
210,20378.817040,548134
211,20378.817040,550739
212,20378.817040,553350
213,20378.817040,555948
214,20378.817040,558549
215,20378.817040,561145
216,20378.817040,563754
217,20378.817040,566361
218,20378.817040,568974
219,20378.817040,571584
220,20378.817040,574191
221,20378.817040,576798
222,20378.817040,579409
223,20378.817040,582011
224,20378.817040,584632
225,20378.817040,587238
226,20378.817040,589849
227,20378.817040,592458
228,20378.817040,595081
229,20378.817040,597690
230,20378.817040,600312
231,20378.817040,602931
232,20378.817040,605557
233,20378.817040,608179
234,20378.817040,610805
235,20378.817040,613424
236,20378.817040,616043
237,20378.817040,618659
238,20378.817040,621269
239,20378.817040,623872
240,20378.817040,626491
241,20378.817040,629114
242,20378.817040,631732
243,20378.817040,634344
244,20378.817040,636965
245,20378.817040,639580
246,20378.817040,642201
247,20378.817040,644819
248,20378.817040,647439
249,20378.817040,650067
250,20378.817040,652688
251,20378.817040,655310
252,20378.817040,657934
253,20378.817040,660556
254,20378.817040,663174
255,20378.817040,665782
256,20378.817040,668394
257,20378.817040,671011
258,20378.817040,673634
259,20378.817040,676255
260,20378.817040,678872
261,20378.817040,681493
262,20378.817040,684115
263,20378.817040,686737
264,20378.817040,689354
265,20378.817040,691963
266,20378.817040,694588
267,20378.817040,697210
268,20378.817040,699830
269,20378.817040,702451
270,20378.817040,705071
271,20378.817040,707691
272,20378.817040,710315
273,20378.817040,712933
274,20378.817040,715545
275,20378.817040,718149
276,20378.817040,720770
277,20378.817040,723385
278,20378.817040,726009
279,20378.817040,728626
280,20378.817040,731239
20378.817040,5.137717
1,20881.480514,2376
2,20583.618978,5019
3,20383.016387,7673
4,20381.118860,10329
5,20381.118860,12988
6,20381.118860,15646
7,20381.118860,18301
8,20380.727611,20953
9,20380.727611,23607
10,20380.727611,26262
11,20380.727611,28914
12,20380.727611,31571
13,20380.727611,34217
14,20380.727611,36867
15,20380.727611,39518
16,20380.727611,42170
17,20380.727611,44824
18,20380.727611,47473
19,20380.727611,50123
20,20380.727611,52768
21,20380.727611,55399
22,20380.727611,58040
23,20380.727611,60666
24,20380.727611,63309
25,20380.727611,65942
26,20380.727611,68574
27,20380.727611,71198
28,20380.727611,73825
29,20380.727611,76431
30,20380.727611,79056
31,20380.727611,81682
32,20380.727611,84323
33,20380.727611,86949
34,20380.727611,89587
35,20380.031960,92226
36,20380.031960,94864
37,20379.440835,97489
38,20379.440835,100123
39,20379.440835,102762
40,20379.440835,105391
41,20379.440835,108016
42,20379.440835,110642
43,20379.440835,113257
44,20379.440835,115904
45,20379.440835,118535
46,20379.440835,121179
47,20379.440835,123810
48,20379.440835,126449
49,20379.440835,129088
50,20379.440835,131741
51,20379.440835,134389
52,20379.440835,137028
53,20379.440835,139665
54,20379.440835,142314
55,20379.440835,144959
56,20379.440835,147603
57,20379.440835,150247
58,20379.440835,152893
59,20379.440835,155530
60,20379.440835,158179
61,20379.440835,160821
62,20379.440835,163463
63,20379.440835,166098
64,20379.440835,168732
65,20379.440835,171362
66,20379.440835,174006
67,20379.440835,176619
68,20379.440835,179254
69,20379.440835,181876
70,20379.440835,184501
71,20379.440835,187132
72,20379.440835,189778
73,20379.440835,192412
74,20379.440835,195056
75,20379.440835,197689
76,20379.440835,200331
77,20379.440835,202975
78,20379.440835,205611
79,20379.440835,208235
80,20379.440835,210877
81,20379.440835,213511
82,20379.440835,216163
83,20379.440835,218802
84,20379.440835,221439
85,20379.440835,224081
86,20379.440835,226709
87,20379.440835,229333
88,20379.440835,231981
89,20379.440835,234619
90,20379.440835,237258
91,20379.440835,239892
92,20379.440835,242533
93,20379.440835,245159
94,20379.440835,247784
95,20379.440835,250410
96,20379.440835,253045
97,20379.440835,255678
98,20379.440835,258325
99,20379.440835,260972
100,20379.440835,263623
101,20379.440835,266253
102,20379.440835,268897
103,20379.440835,271526
104,20379.440835,274169
105,20379.440835,276799
106,20379.440835,279450
107,20379.440835,282102
108,20379.440835,284743
109,20379.440835,287387
110,20379.440835,290038
111,20379.440835,292681
112,20379.440835,295329
113,20379.440835,297961
114,20379.440835,300602
115,20379.440835,303244
116,20379.440835,305884
117,20379.440835,308522
118,20379.440835,311163
119,20379.440835,313804
120,20379.440835,316456
121,20379.440835,319103
122,20379.440835,321747
123,20379.440835,324393
124,20379.440835,327030
125,20379.440835,329669
126,20379.440835,332320
127,20379.440835,334964
128,20379.440835,337618
129,20379.389678,340262
130,20379.389678,342908
131,20379.389678,345548
132,20379.389678,348197
133,20379.389678,350841
134,20379.389678,353483
135,20379.389678,356116
136,20379.389678,358755
137,20379.389678,361400
138,20379.389678,364039
139,20379.389678,366677
140,20379.389678,369324
141,20379.389678,371955
142,20379.389678,374604
143,20379.389678,377238
144,20379.389678,379884
145,20379.389678,382536
146,20379.389678,385185
147,20379.389678,387834
148,20379.389678,390477
149,20379.389678,393115
150,20379.389678,395764
151,20379.389678,398397
152,20379.389678,401047
153,20379.389678,403684
154,20379.389678,406330
155,20379.389678,408967
156,20379.389678,411620
157,20379.389678,414262
158,20379.389678,416903
159,20379.389678,419537
160,20379.389678,422181
161,20379.389678,424821
162,20379.389678,427465
163,20379.389678,430094
164,20379.389678,432745
165,20379.389678,435395
166,20379.389678,438045
167,20379.389678,440687
168,20379.389678,443327
169,20379.389678,445950
170,20379.389678,448581
171,20379.389678,451212
172,20379.389678,453856
173,20379.389678,456486
174,20379.389678,459125
175,20379.389678,461760
176,20379.389678,464409
177,20379.389678,467052
178,20379.389678,469688
179,20379.389678,472320
180,20379.389678,474959
181,20379.389678,477590
182,20379.389678,480239
183,20379.389678,482882
184,20379.389678,485525
185,20379.389678,488163
186,20379.389678,490796
187,20379.389678,493434
188,20379.389678,496087
189,20379.389678,498731
190,20379.389678,501385
191,20379.389678,504038
192,20379.389678,506688
193,20379.389678,509327
194,20379.389678,511972
195,20379.389678,514610
196,20379.389678,517254
197,20379.389678,519895
198,20379.389678,522529
199,20379.389678,525169
200,20379.389678,527800
201,20379.389678,530429
202,20379.389678,533077
203,20379.389678,535727
204,20379.389678,538360
205,20379.389678,540998
206,20379.389678,543638
207,20379.389678,546270
208,20379.389678,548920
209,20379.389678,551558
210,20379.389678,554204
211,20379.389678,556839
212,20379.389678,559485
213,20379.389678,562129
214,20379.389678,564778
215,20379.389678,567409
216,20379.389678,570061
217,20379.389678,572709
218,20379.389678,575365
219,20379.389678,578009
220,20379.389678,580657
221,20379.389678,583304
222,20379.389678,585956
223,20379.389678,588601
224,20379.389678,591242
225,20379.389678,593880
226,20379.389678,596526
227,20379.389678,599160
228,20379.389678,601801
229,20379.389678,604430
230,20379.389678,607073
231,20379.389678,609706
232,20379.389678,612352
233,20379.389678,614986
234,20379.389678,617614
235,20379.389678,620241
236,20379.389678,622892
237,20379.389678,625533
238,20379.389678,628167
239,20379.389678,630813
240,20379.389678,633462
241,20379.389678,636109
242,20379.389678,638761
243,20379.389678,641397
244,20379.389678,644029
245,20379.389678,646655
246,20379.389678,649284
247,20379.389678,651918
248,20379.389678,654568
249,20379.389678,657207
250,20379.389678,659858
251,20379.389678,662508
252,20379.389678,665158
253,20379.389678,667799
254,20379.389678,670449
255,20379.389678,673100
256,20379.389678,675735
257,20379.389678,678376
258,20379.389678,681024
259,20379.389678,683672
260,20379.389678,686321
261,20379.389678,688962
262,20379.389678,691617
263,20379.389678,694258
264,20379.389678,696899
265,20379.389678,699545
266,20379.389678,702194
267,20379.389678,704835
268,20379.389678,707482
269,20379.389678,710122
270,20379.389678,712770
271,20379.389678,715408
272,20379.389678,718054
273,20379.389678,720692
274,20379.162447,723340
275,20379.162447,725990
276,20379.162447,728641
277,20379.162447,731288
20379.162447,5.087430
