1,5544.342969,2376
2,5544.342969,5041
3,5544.342969,7706
4,5544.342969,10370
5,5542.260997,13034
6,5542.182136,15699
7,5542.182136,18364
8,5542.182136,21027
9,5542.182136,23692
10,5542.182136,26356
11,5542.178395,29020
12,5542.178395,31684
13,5542.178395,34348
14,5542.178395,37012
15,5542.178395,39677
16,5542.178395,42338
17,5542.178395,45001
18,5542.178395,47666
19,5542.178395,50329
20,5542.178395,52991
21,5542.178395,55654
22,5542.178395,58312
23,5542.178395,60970
24,5542.178395,63628
25,5542.178395,66282
26,5542.178395,68939
27,5542.178395,71594
28,5542.178395,74258
29,5542.178395,76922
30,5542.178395,79587
31,5542.178395,82250
32,5542.178395,84913
33,5542.178395,87577
34,5542.178395,90242
35,5542.178395,92903
36,5542.178395,95561
37,5542.072571,98220
38,5542.072571,100878
39,5542.072571,103525
40,5542.072571,106189
41,5542.072571,108849
42,5542.072571,111514
43,5542.072571,114178
44,5542.072571,116843
45,5542.072571,119505
46,5542.072571,122168
47,5542.072571,124833
48,5542.072571,127494
49,5542.072571,130155
50,5542.072571,132818
51,5542.072571,135481
52,5542.072571,138145
53,5542.072571,140809
54,5542.072571,143470
55,5542.072571,146132
56,5542.072571,148794
57,5542.072571,151451
58,5542.072571,154114
59,5542.072571,156773
60,5542.072571,159432
61,5542.072571,162092
62,5542.072571,164757
63,5542.072571,167420
64,5542.072571,170082
65,5542.072571,172744
66,5542.072571,175407
67,5542.072571,178070
68,5542.072571,180733
69,5542.072571,183396
70,5542.072571,186060
71,5542.072571,188724
72,5542.072571,191384
73,5542.072571,194048
74,5542.045014,196709
75,5542.045014,199372
76,5542.045014,202036
77,5541.943105,204697
78,5541.943105,207356
79,5541.943105,210008
80,5541.943105,212672
81,5541.943105,215330
82,5541.943105,217992
83,5541.829390,220650
84,5541.829390,223312
85,5541.829390,225962
86,5541.829390,228624
87,5541.829390,231284
88,5541.829390,233940
89,5541.829390,236590
90,5541.829390,239246
91,5541.829390,241895
92,5541.829390,244558
93,5541.829390,247219
94,5541.796107,249881
95,5541.796107,252546
96,5541.796107,255205
97,5541.796107,257861
98,5541.796107,260518
99,5541.796107,263171
100,5541.796107,265830
101,5541.796107,268489
102,5541.796107,271149
103,5541.796107,273813
104,5541.796107,276473
105,5541.796107,279134
106,5541.796107,281796
107,5541.796107,284456
108,5541.796107,287114
109,5541.796107,289768
110,5541.796107,292429
111,5541.796107,295088
112,5541.796107,297749
113,5541.796107,300404
114,5541.796107,303065
115,5541.796107,305720
116,5541.796107,308381
117,5541.796107,311038
118,5541.796107,313696
119,5541.796107,316359
120,5541.796107,319019
121,5541.796107,321671
122,5541.796107,324329
123,5541.796107,326985
124,5541.796107,329637
125,5541.796107,332290
126,5541.796107,334946
127,5541.796107,337603
128,5541.796107,340266
129,5541.796107,342924
130,5541.796107,345587
131,5541.796107,348240
132,5541.796107,350898
133,5541.796107,353553
134,5541.796107,356216
135,5541.796107,358869
136,5541.796107,361528
137,5541.796107,364180
138,5541.796107,366839
139,5541.796107,369492
140,5541.796107,372148
141,5541.796107,374808
142,5541.796107,377462
143,5541.796107,380112
144,5541.796107,382767
145,5541.796107,385419
146,5541.796107,388070
147,5541.796107,390722
148,5541.796107,393377
149,5541.796107,396033
150,5541.796107,398692
151,5541.796107,401346
152,5541.796107,404004
153,5541.796107,406660
154,5541.796107,409317
155,5541.796107,411977
156,5541.796107,414635
157,5541.796107,417292
158,5541.796107,419948
159,5541.796107,422608
160,5541.796107,425265
161,5541.796107,427923
162,5541.796107,430580
163,5541.796107,433232
164,5541.796107,435894
165,5541.796107,438555
166,5541.796107,441218
167,5541.796107,443872
168,5541.796107,446522
169,5541.796107,449168
170,5541.796107,451827
171,5541.796107,454487
172,5541.796107,457145
173,5541.796107,459802
174,5541.796107,462462
175,5541.796107,465125
176,5541.796107,467788
177,5541.796107,470449
178,5541.796107,473111
179,5541.796107,475772
180,5541.796107,478434
181,5541.796107,481084
182,5541.796107,483741
183,5541.796107,486400
184,5541.796107,489058
185,5541.796107,491721
186,5541.730451,494380
187,5541.730451,497034
188,5541.730451,499685
189,5541.730451,502328
190,5541.730451,504970
191,5541.730451,507615
192,5541.730451,510267
193,5541.730451,512918
194,5541.730451,515578
195,5541.730451,518235
196,5541.730451,520896
197,5541.730451,523559
198,5541.730451,526224
199,5541.730451,528880
200,5541.730451,531537
201,5541.730451,534184
202,5541.730451,536839
203,5541.730451,539493
204,5541.730451,542155
205,5541.730451,544819
206,5541.730451,547480
207,5541.730451,550143
208,5541.730451,552803
209,5541.730451,555457
210,5541.730451,558113
211,5541.730451,560769
212,5541.730451,563430
213,5541.647565,566086
214,5541.647565,568750
215,5541.647565,571413
216,5541.647565,574075
217,5541.647565,576738
218,5541.647565,579396
219,5541.647565,582056
220,5541.647565,584709
221,5541.647565,587367
222,5541.647565,590027
223,5541.643141,592682
224,5541.643141,595336
225,5541.643141,597986
226,5541.643141,600644
227,5541.643141,603301
228,5541.643141,605954
229,5541.643141,608604
230,5541.643141,611258
231,5541.643141,613910
232,5541.643141,616562
233,5541.643141,619219
234,5541.643141,621881
235,5541.643141,624542
236,5541.643141,627198
237,5541.643141,629855
238,5541.643141,632503
239,5541.643141,635153
240,5541.643141,637806
241,5541.643141,640456
242,5541.643141,643120
243,5541.643141,645776
244,5541.643141,648434
245,5541.643141,651087
246,5541.643141,653740
247,5541.643141,656389
248,5541.643141,659040
249,5541.643141,661696
250,5541.643141,664351
251,5541.643141,667011
252,5541.643141,669667
253,5541.643141,672326
254,5541.643141,674982
255,5541.643141,677635
256,5541.643141,680285
257,5541.643141,682923
258,5541.643141,685579
259,5541.643141,688233
260,5541.643141,690893
261,5541.643141,693556
262,5541.643141,696220
263,5541.643141,698870
264,5541.643141,701523
265,5541.643141,704173
266,5541.643141,706836
267,5541.643141,709489
268,5541.643141,712141
269,5541.643141,714788
270,5541.643141,717439
271,5541.643141,720087
272,5541.643141,722734
273,5541.643141,725383
274,5541.643141,728028
275,5541.643141,730675
276,5541.643141,733318
277,5541.643141,735957
278,5541.643141,738611
279,5541.643141,741255
280,5541.643141,743899
5541.643141,3.751748
1,5543.243651,2376
2,5543.243651,5016
3,5542.319154,7656
4,5542.319154,10295
5,5542.319154,12935
6,5542.182136,15575
7,5542.182136,18214
8,5542.182136,20853
9,5542.182136,23493
10,5542.182136,26133
11,5542.182136,28772
12,5542.182136,31411
13,5542.182136,34049
14,5542.182136,36687
15,5542.182136,39325
16,5542.182136,41965
17,5542.182136,44603
18,5542.182136,47243
19,5542.182136,49881
20,5542.178395,52521
21,5542.177402,55161
22,5542.177402,57801
23,5542.140198,60438
24,5542.140198,63074
25,5542.140198,65714
26,5542.140198,68349
27,5542.140198,70985
28,5542.140198,73625
29,5542.140198,76262
30,5542.140198,78902
31,5542.140198,81541
32,5542.140198,84180
33,5542.140198,86819
34,5542.140198,89456
35,5542.140198,92092
36,5542.140198,94732
37,5542.140198,97368
38,5542.140198,100006
39,5542.140198,102643
40,5542.140198,105282
41,5542.140198,107920
42,5542.140198,110557
43,5542.133508,113192
44,5542.133508,115823
45,5542.133508,118451
46,5542.133508,121084
47,5542.133508,123716
48,5542.133508,126343
49,5542.133508,128971
50,5542.133508,131609
51,5542.133508,134241
52,5542.133508,136880
53,5541.898625,139518
54,5541.829390,142157
55,5541.829390,144794
56,5541.829390,147434
57,5541.829390,150067
58,5541.829390,152705
59,5541.829390,155341
60,5541.829390,157976
61,5541.829390,160605
62,5541.829390,163236
63,5541.829390,165863
64,5541.829390,168491
65,5541.829390,171114
66,5541.829390,173748
67,5541.829390,176378
68,5541.829390,179009
69,5541.829390,181630
70,5541.829390,184261
71,5541.829390,186879
72,5541.829390,189515
73,5541.829390,192153
74,5541.829390,194791
75,5541.829390,197427
76,5541.829390,200065
77,5541.829390,202700
78,5541.829390,205336
79,5541.829390,207966
80,5541.829390,210603
81,5541.829390,213231
82,5541.829390,215867
83,5541.829390,218499
84,5541.829390,221130
85,5541.829390,223758
86,5541.829390,226391
87,5541.829390,229019
88,5541.829390,231651
89,5541.829390,234281
90,5541.829390,236914
91,5541.829390,239543
92,5541.829390,242169
93,5541.829390,244787
94,5541.829390,247408
95,5541.829390,250016
96,5541.829390,252632
97,5541.829390,255246
98,5541.829390,257874
99,5541.829390,260496
100,5541.829390,263124
101,5541.829390,265753
102,5541.829390,268382
103,5541.829390,271009
104,5541.829390,273639
105,5541.829390,276258
106,5541.829390,278891
107,5541.829390,281516
108,5541.829390,284135
109,5541.829390,286756
110,5541.829390,289388
111,5541.735094,292020
112,5541.735094,294649
113,5541.735094,297278
114,5541.735094,299906
115,5541.735094,302527
116,5541.735094,305147
117,5541.735094,307756
118,5541.735094,310363
119,5541.735094,312971
120,5541.735094,315590
121,5541.735094,318198
122,5541.735094,320813
123,5541.735094,323421
124,5541.735094,326039
125,5541.735094,328665
126,5541.735094,331285
127,5541.735094,333908
128,5541.735094,336526
129,5541.735094,339140
130,5541.735094,341749
131,5541.735094,344367
132,5541.735094,346997
133,5541.735094,349633
134,5541.735094,352259
135,5541.735094,354888
136,5541.735094,357506
137,5541.735094,360121
138,5541.735094,362733
139,5541.735094,365356
140,5541.735094,367985
141,5541.735094,370606
142,5541.735094,373227
143,5541.735094,375836
144,5541.735094,378462
145,5541.735094,381082
146,5541.735094,383699
147,5541.735094,386326
148,5541.735094,388964
149,5541.735094,391598
150,5541.735094,394229
151,5541.735094,396857
152,5541.735094,399495
153,5541.735094,402133
154,5541.735094,404770
155,5541.735094,407403
156,5541.735094,410031
157,5541.735094,412657
158,5541.735094,415286
159,5541.735094,417915
160,5541.735094,420549
161,5541.735094,423185
162,5541.735094,425822
163,5541.735094,428459
164,5541.735094,431090
165,5541.735094,433721
166,5541.735094,436354
167,5541.735094,438992
168,5541.735094,441626
169,5541.735094,444257
170,5541.735094,446880
171,5541.735094,449501
172,5541.735094,452128
173,5541.735094,454752
174,5541.735094,457387
175,5541.647565,460011
176,5541.647565,462636
177,5541.647565,465264
178,5541.647565,467882
179,5541.647565,470511
180,5541.647565,473144
181,5541.647565,475773
182,5541.647565,478410
183,5541.647565,481034
184,5541.647565,483671
185,5541.647565,486304
186,5541.647565,488936
187,5541.647565,491566
188,5541.647565,494204
189,5541.647565,496833
190,5541.647565,499468
191,5541.647565,502105
192,5541.647565,504742
193,5541.647565,507379
194,5541.647565,510012
195,5541.647565,512642
196,5541.647565,515278
197,5541.647565,517908
198,5541.647565,520539
199,5541.647565,523155
200,5541.647565,525772
201,5541.647565,528382
202,5541.647565,530998
203,5541.647565,533609
204,5541.647565,536222
205,5541.647565,538825
206,5541.647565,541423
207,5541.647565,544030
208,5541.647565,546643
209,5541.647565,549251
210,5541.647565,551887
211,5541.647565,554520
212,5541.647565,557155
213,5541.647565,559782
214,5541.647565,562401
215,5541.647565,565011
216,5541.647565,567628
217,5541.647565,570239
218,5541.647565,572852
219,5541.647565,575464
220,5541.647565,578082
221,5541.647565,580696
222,5541.647565,583319
223,5541.643141,585935
224,5541.643141,588551
225,5541.643141,591178
226,5541.643141,593808
227,5541.643141,596438
228,5541.643141,599073
229,5541.643141,601707
230,5541.643141,604340
231,5541.643141,606975
232,5541.643141,609607
233,5541.643141,612240
234,5541.643141,614874
235,5541.643141,617509
236,5541.643141,620143
237,5541.643141,622772
238,5541.643141,625407
239,5541.643141,628027
240,5541.643141,630651
241,5541.643141,633267
242,5541.643141,635887
243,5541.643141,638492
244,5541.643141,641102
245,5541.643141,643719
246,5541.643141,646340
247,5541.643141,648951
248,5541.643141,651584
249,5541.643141,654212
250,5541.643141,656849
251,5541.643141,659483
252,5541.643141,662116
253,5541.643141,664738
254,5541.643141,667355
255,5541.643141,669963
256,5541.643141,672588
257,5541.643141,675207
258,5541.643141,677833
259,5541.643141,680448
260,5541.643141,683080
261,5541.643141,685703
262,5541.643141,688334
263,5541.643141,690962
264,5541.643141,693587
265,5541.643141,696201
266,5541.643141,698832
267,5541.643141,701454
268,5541.643141,704090
269,5541.643141,706718
270,5541.643141,709341
271,5541.643141,711963
272,5541.643141,714576
273,5541.643141,717196
274,5541.643141,719822
275,5541.643141,722453
276,5541.643141,725077
277,5541.643141,727707
278,5541.643141,730332
279,5541.643141,732956
280,5541.643141,735588
281,5541.643141,738209
282,5541.643141,740835
283,5541.643141,743455
284,5541.643141,746075
5541.643141,3.818137
1,5544.939640,2376
2,5543.753028,5037
3,5542.411217,7698
4,5542.375446,10359
5,5542.182136,13018
6,5542.182136,15676
7,5542.182136,18335
8,5542.182136,20995
9,5542.182136,23654
10,5542.182136,26315
11,5542.182136,28972
12,5542.182136,31632
13,5542.182136,34293
14,5542.182136,36952
15,5542.182136,39613
16,5542.182136,42272
17,5542.182136,44933
18,5542.182136,47592
19,5542.126196,50250
20,5542.126196,52909
21,5542.107408,55567
22,5542.107408,58222
23,5542.107408,60874
24,5542.107408,63526
25,5542.107408,66178
26,5542.107408,68833
27,5542.107408,71488
28,5542.107408,74144
29,5542.107408,76796
30,5542.107408,79454
31,5542.107408,82109
32,5542.107408,84769
33,5542.107408,87427
34,5542.107408,90075
35,5542.107408,92733
36,5542.107408,95389
37,5542.107408,98047
38,5542.107408,100703
39,5542.107408,103359
40,5542.107408,106017
41,5542.107408,108675
42,5542.107408,111333
43,5542.082500,113994
44,5542.082500,116654
45,5542.082500,119315
46,5542.082500,121976
47,5542.082500,124636
48,5542.082500,127290
49,5542.082500,129950
50,5542.082500,132608
51,5542.082500,135265
52,5542.082500,137921
53,5542.082500,140576
54,5542.082500,143223
55,5542.082500,145867
56,5542.082500,148519
57,5542.082500,151167
58,5542.006459,153825
59,5542.006459,156486
60,5542.006459,159147
61,5542.006459,161805
62,5542.006459,164465
63,5542.006459,167117
64,5542.006459,169773
65,5542.006459,172434
66,5542.006459,175093
67,5542.006459,177751
68,5542.006459,180411
69,5542.006459,183071
70,5541.901670,185729
71,5541.901670,188381
72,5541.901670,191040
73,5541.901670,193698
74,5541.901670,196356
75,5541.838515,199012
76,5541.838515,201671
77,5541.838515,204329
78,5541.838515,206983
79,5541.838515,209632
80,5541.838515,212283
81,5541.838515,214932
82,5541.838515,217590
83,5541.838515,220245
84,5541.838515,222896
85,5541.838515,225549
86,5541.838515,228208
87,5541.838515,230860
88,5541.838515,233520
89,5541.838515,236178
90,5541.838515,238829
91,5541.838515,241480
92,5541.838515,244137
93,5541.838515,246797
94,5541.838515,249453
95,5541.838515,252104
96,5541.838515,254747
97,5541.838515,257402
98,5541.838515,260060
99,5541.838515,262715
100,5541.838515,265363
101,5541.838515,268016
102,5541.838515,270667
103,5541.838515,273309
104,5541.838515,275957
105,5541.838515,278605
106,5541.838515,281252
107,5541.838515,283902
108,5541.838515,286551
109,5541.838515,289199
110,5541.838515,291853
111,5541.838515,294501
112,5541.838515,297156
113,5541.838515,299813
114,5541.838515,302472
115,5541.838515,305131
116,5541.838515,307792
117,5541.838515,310451
118,5541.838515,313110
119,5541.838515,315766
120,5541.838515,318425
121,5541.838515,321073
122,5541.838515,323726
123,5541.838515,326380
124,5541.838515,329027
125,5541.838515,331665
126,5541.838515,334322
127,5541.838515,336967
128,5541.838515,339625
129,5541.838515,342276
130,5541.838515,344926
131,5541.838515,347574
132,5541.838515,350231
133,5541.838515,352882
134,5541.838515,355539
135,5541.838515,358195
136,5541.838515,360853
137,5541.838515,363509
138,5541.838515,366164
139,5541.838515,368821
140,5541.838515,371477
141,5541.838515,374132
142,5541.838515,376791
143,5541.838515,379447
144,5541.838515,382103
145,5541.838515,384756
146,5541.838515,387407
147,5541.838515,390053
148,5541.679102,392693
149,5541.679102,395330
150,5541.679102,397969
151,5541.679102,400608
152,5541.679102,403252
153,5541.679102,405892
154,5541.679102,408539
155,5541.679102,411188
156,5541.679102,413841
157,5541.679102,416494
158,5541.679102,419147
159,5541.679102,421790
160,5541.679102,424434
161,5541.679102,427085
162,5541.679102,429735
163,5541.679102,432384
164,5541.679102,435025
165,5541.679102,437655
166,5541.679102,440277
167,5541.679102,442909
168,5541.679102,445534
169,5541.679102,448155
170,5541.679102,450782
171,5541.679102,453410
172,5541.679102,456062
173,5541.679102,458714
174,5541.679102,461367
175,5541.679102,464019
176,5541.679102,466657
177,5541.679102,469288
178,5541.679102,471922
179,5541.679102,474566
180,5541.679102,477207
181,5541.679102,479843
182,5541.679102,482487
183,5541.679102,485118
184,5541.679102,487767
185,5541.679102,490391
186,5541.679102,493018
187,5541.679102,495638
188,5541.679102,498270
189,5541.647565,500892
190,5541.647565,503500
191,5541.647565,506110
192,5541.647565,508727
193,5541.647565,511350
194,5541.647565,513998
195,5541.647565,516635
196,5541.647565,519287
197,5541.647565,521931
198,5541.647565,524579
199,5541.647565,527217
200,5541.647565,529859
201,5541.647565,532493
202,5541.647565,535129
203,5541.647565,537757
204,5541.647565,540391
205,5541.647565,543020
206,5541.647565,545656
207,5541.647565,548287
208,5541.647565,550918
209,5541.647565,553552
210,5541.647565,556187
211,5541.647565,558828
212,5541.647565,561476
213,5541.647565,564123
214,5541.647565,566749
215,5541.647565,569364
216,5541.647565,572000
217,5541.647565,574631
218,5541.647565,577261
219,5541.647565,579884
220,5541.647565,582527
221,5541.647565,585170
222,5541.647565,587808
223,5541.647565,590438
224,5541.647565,593075
225,5541.647565,595705
226,5541.647565,598342
227,5541.647565,600981
228,5541.647565,603622
229,5541.647565,606258
230,5541.647565,608892
231,5541.647565,611526
232,5541.647565,614161
233,5541.647565,616780
234,5541.647565,619405
235,5541.647565,622032
236,5541.647565,624669
237,5541.647565,627309
238,5541.647565,629940
239,5541.647565,632559
240,5541.647565,635188
241,5541.647565,637812
242,5541.647565,640451
243,5541.647565,643066
244,5541.647565,645681
245,5541.643141,648295
246,5541.643141,650915
247,5541.643141,653530
248,5541.643141,656151
249,5541.643141,658765
250,5541.643141,661386
251,5541.643141,663991
252,5541.643141,666616
253,5541.643141,669228
254,5541.643141,671849
255,5541.643141,674462
256,5541.643141,677070
257,5541.643141,679661
258,5541.643141,682244
259,5541.643141,684821
260,5541.643141,687423
261,5541.643141,690035
262,5541.643141,692647
263,5541.643141,695248
264,5541.643141,697865
265,5541.643141,700492
266,5541.643141,703124
267,5541.643141,705751
268,5541.643141,708384
269,5541.643141,710990
270,5541.643141,713622
271,5541.643141,716241
272,5541.643141,718863
273,5541.643141,721481
274,5541.643141,724118
275,5541.643141,726744
276,5541.643141,729371
277,5541.643141,731991
278,5541.643141,734606
279,5541.643141,737218
280,5541.643141,739834
281,5541.643141,742443
282,5541.643141,745074
5541.643141,3.819658
1,5545.049749,2376
2,5545.049749,5034
3,5542.439890,7692
4,5542.439890,10350
5,5542.251199,13008
6,5542.251199,15666
7,5542.182136,18323
8,5542.182136,20981
9,5542.182136,23638
10,5542.182136,26295
11,5542.182136,28951
12,5542.182136,31608
13,5542.178395,34266
14,5542.178395,36921
15,5542.178395,39579
16,5542.178395,42237
17,5542.178395,44889
18,5542.178395,47547
19,5542.178395,50204
20,5542.178395,52859
21,5542.178395,55516
22,5542.178395,58172
23,5542.178395,60826
24,5542.178395,63482
25,5542.178395,66133
26,5542.178395,68783
27,5542.178395,71431
28,5542.178395,74084
29,5542.178395,76737
30,5542.178395,79382
31,5542.133508,82033
32,5542.133508,84688
33,5542.133508,87343
34,5542.133508,89992
35,5542.133508,92637
36,5542.133508,95278
37,5542.133508,97919
38,5542.133508,100563
39,5542.133508,103204
40,5542.133508,105847
41,5542.133508,108489
42,5542.133508,111139
43,5542.133508,113786
44,5542.126196,116438
45,5542.126196,119093
46,5542.126196,121746
47,5542.126196,124391
48,5542.126196,127045
49,5542.126196,129697
50,5542.126196,132347
51,5542.126196,135001
52,5542.126196,137655
53,5542.126196,140309
54,5542.126196,142960
55,5542.126196,145612
56,5542.126196,148260
57,5542.014733,150910
58,5542.014733,153563
59,5541.950868,156214
60,5541.950868,158868
61,5541.950868,161518
62,5541.950868,164170
63,5541.950868,166820
64,5541.950868,169470
65,5541.950868,172114
66,5541.950868,174767
67,5541.950868,177421
68,5541.950868,180074
69,5541.950868,182717
70,5541.929235,185362
71,5541.929235,188011
72,5541.929235,190663
73,5541.929235,193316
74,5541.929235,195965
75,5541.929235,198609
76,5541.929235,201256
77,5541.929235,203892
78,5541.929235,206539
79,5541.929235,209175
80,5541.929235,211815
81,5541.929235,214455
82,5541.929235,217094
83,5541.929235,219729
84,5541.929235,222384
85,5541.929235,225037
86,5541.929235,227689
87,5541.929235,230333
88,5541.929235,232978
89,5541.929235,235616
90,5541.929235,238264
91,5541.929235,240907
92,5541.929235,243552
93,5541.929235,246195
94,5541.929235,248851
95,5541.929235,251500
96,5541.929235,254148
97,5541.929235,256789
98,5541.929235,259437
99,5541.929235,262089
100,5541.679102,264746
101,5541.679102,267396
102,5541.679102,270047
103,5541.679102,272698
104,5541.679102,275343
105,5541.679102,277988
106,5541.679102,280645
107,5541.679102,283295
108,5541.679102,285947
109,5541.679102,288593
110,5541.679102,291237
111,5541.679102,293873
112,5541.679102,296518
113,5541.679102,299163
114,5541.679102,301820
115,5541.679102,304475
116,5541.679102,307129
117,5541.679102,309781
118,5541.679102,312432
119,5541.679102,315074
120,5541.679102,317725
121,5541.679102,320378
122,5541.679102,323027
123,5541.679102,325667
124,5541.679102,328322
125,5541.679102,330974
126,5541.679102,333630
127,5541.643141,336277
128,5541.643141,338920
129,5541.643141,341567
130,5541.643141,344217
131,5541.643141,346852
132,5541.643141,349491
133,5541.643141,352135
134,5541.643141,354768
135,5541.643141,357402
136,5541.643141,360046
137,5541.643141,362679
138,5541.643141,365315
139,5541.643141,367936
140,5541.643141,370577
141,5541.643141,373210
142,5541.643141,375850
143,5541.643141,378481
144,5541.643141,381112
145,5541.643141,383750
146,5541.643141,386408
147,5541.643141,389058
148,5541.643141,391708
149,5541.643141,394351
150,5541.643141,396998
151,5541.643141,399650
152,5541.643141,402300
153,5541.643141,404944
154,5541.643141,407587
155,5541.643141,410228
156,5541.643141,412877
157,5541.643141,415520
158,5541.643141,418174
159,5541.643141,420829
160,5541.643141,423485
161,5541.643141,426136
162,5541.643141,428780
163,5541.643141,431417
164,5541.643141,434072
165,5541.643141,436726
166,5541.643141,439377
167,5541.643141,442028
168,5541.643141,444680
169,5541.643141,447330
170,5541.643141,449978
171,5541.643141,452632
172,5541.643141,455284
173,5541.643141,457934
174,5541.643141,460588
175,5541.643141,463229
176,5541.643141,465876
177,5541.643141,468521
178,5541.643141,471170
179,5541.643141,473817
180,5541.643141,476451
181,5541.643141,479089
182,5541.643141,481728
183,5541.643141,484364
184,5541.643141,487009
185,5541.643141,489654
186,5541.643141,492300
187,5541.643141,494929
188,5541.643141,497566
189,5541.643141,500203
190,5541.643141,502842
191,5541.643141,505471
192,5541.643141,508095
193,5541.643141,510726
194,5541.643141,513359
195,5541.643141,515987
196,5541.643141,518615
197,5541.643141,521234
198,5541.643141,523867
199,5541.643141,526494
200,5541.643141,529127
201,5541.643141,531762
202,5541.643141,534408
203,5541.643141,537043
204,5541.643141,539680
205,5541.643141,542317
206,5541.643141,544966
207,5541.643141,547611
208,5541.643141,550251
209,5541.643141,552892
210,5541.643141,555536
211,5541.643141,558181
212,5541.643141,560832
213,5541.643141,563480
214,5541.643141,566128
215,5541.643141,568762
216,5541.643141,571402
217,5541.643141,574033
218,5541.643141,576678
219,5541.643141,579318
220,5541.643141,581969
221,5541.643141,584614
222,5541.643141,587268
223,5541.643141,589918
224,5541.643141,592575
225,5541.643141,595227
226,5541.643141,597884
227,5541.643141,600539
228,5541.643141,603195
229,5541.643141,605847
230,5541.643141,608490
231,5541.643141,611128
232,5541.643141,613777
233,5541.643141,616429
234,5541.643141,619076
235,5541.643141,621722
236,5541.643141,624375
237,5541.643141,627023
238,5541.643141,629671
239,5541.643141,632319
240,5541.643141,634968
241,5541.643141,637622
242,5541.643141,640274
243,5541.643141,642926
244,5541.643141,645578
245,5541.643141,648230
246,5541.643141,650874
247,5541.643141,653512
248,5541.643141,656160
249,5541.643141,658813
250,5541.643141,661464
251,5541.643141,664113
252,5541.643141,666765
253,5541.643141,669420
254,5541.643141,672077
255,5541.643141,674732
256,5541.643141,677379
257,5541.643141,680017
258,5541.643141,682673
259,5541.643141,685324
260,5541.643141,687974
261,5541.643141,690620
262,5541.643141,693274
263,5541.643141,695924
264,5541.643141,698568
265,5541.643141,701211
266,5541.643141,703862
267,5541.643141,706512
268,5541.643141,709157
269,5541.643141,711791
270,5541.643141,714419
271,5541.643141,717046
272,5541.643141,719680
273,5541.643141,722316
274,5541.643141,724956
275,5541.643141,727597
276,5541.643141,730239
277,5541.643141,732882
278,5541.643141,735531
279,5541.643141,738177
280,5541.643141,740822
281,5541.643141,743465
282,5541.643141,746110
5541.643141,3.781374
1,5543.836083,2376
2,5543.836083,5000
3,5542.568720,7624
4,5542.260997,10248
5,5542.182136,12871
6,5542.182136,15494
7,5542.182136,18118
8,5542.182136,20740
9,5542.182136,23364
10,5542.182136,25987
11,5542.182136,28611
12,5542.182136,31233
13,5542.182136,33855
14,5542.182136,36477
15,5542.182136,39101
16,5542.182136,41723
17,5542.178395,44347
18,5542.178395,46971
19,5542.178395,49592
20,5542.178395,52215
21,5542.017875,54839
22,5542.017875,57460
23,5542.017875,60083
24,5542.017875,62707
25,5542.017875,65330
26,5542.017875,67951
27,5542.017875,70575
28,5542.017875,73199
29,5542.017875,75823
30,5542.017875,78446
31,5542.017875,81066
32,5542.017875,83682
33,5542.017875,86302
34,5542.017875,88922
35,5542.014733,91538
36,5542.014733,94158
37,5542.014733,96778
38,5542.014733,99396
39,5542.014733,102008
40,5542.014733,104628
41,5542.014733,107250
42,5542.014733,109870
43,5542.014733,112492
44,5542.014733,115112
45,5542.014733,117730
46,5542.014733,120354
47,5542.014733,122977
48,5542.014733,125596
49,5542.014733,128212
50,5542.014733,130826
51,5542.014733,133440
52,5542.014733,136051
53,5542.014733,138662
54,5542.014733,141271
55,5542.014733,143878
56,5542.014733,146502
57,5542.014733,149125
58,5542.014733,151744
59,5542.014733,154366
60,5542.014733,156984
61,5542.014733,159594
62,5542.014733,162204
63,5542.014733,164817
64,5542.014733,167436
65,5542.014733,170056
66,5542.014733,172676
67,5542.014733,175296
68,5542.014733,177916
69,5541.943105,180539
70,5541.943105,183159
71,5541.943105,185778
72,5541.943105,188398
73,5541.943105,191017
74,5541.943105,193637
75,5541.943105,196257
76,5541.943105,198880
77,5541.937920,201500
78,5541.937920,204119
79,5541.937920,206733
80,5541.937920,209352
81,5541.937920,211963
82,5541.937920,214579
83,5541.937920,217193
84,5541.937920,219808
85,5541.937920,222423
86,5541.937920,225041
87,5541.937920,227654
88,5541.937920,230277
89,5541.937920,232895
90,5541.937920,235516
91,5541.937920,238131
92,5541.937920,240748
93,5541.937920,243367
94,5541.937920,245983
95,5541.937920,248599
96,5541.937920,251220
97,5541.937920,253832
98,5541.937920,256445
99,5541.937920,259049
100,5541.937920,261672
101,5541.937920,264292
102,5541.937920,266906
103,5541.937920,269516
104,5541.937920,272129
105,5541.937920,274737
106,5541.937920,277350
107,5541.937920,279963
108,5541.937920,282573
109,5541.937920,285181
110,5541.937920,287790
111,5541.937920,290397
112,5541.937920,293004
113,5541.937920,295610
114,5541.937920,298217
115,5541.937920,300817
116,5541.937920,303422
117,5541.937920,306031
118,5541.937920,308639
119,5541.937920,311239
120,5541.937920,313848
121,5541.937920,316452
122,5541.937920,319056
123,5541.937920,321655
124,5541.937920,324266
125,5541.937920,326873
126,5541.937920,329484
127,5541.937920,332089
128,5541.937920,334696
129,5541.832635,337298
130,5541.832635,339899
131,5541.832635,342483
132,5541.832635,345072
133,5541.832635,347657
134,5541.832635,350245
135,5541.796107,352826
136,5541.796107,355425
137,5541.796107,358016
138,5541.796107,360615
139,5541.796107,363206
140,5541.796107,365803
141,5541.796107,368397
142,5541.796107,370992
143,5541.796107,373587
144,5541.796107,376204
145,5541.796107,378806
146,5541.796107,381419
147,5541.796107,384022
148,5541.796107,386633
149,5541.796107,389233
150,5541.796107,391852
151,5541.796107,394456
152,5541.796107,397064
153,5541.796107,399666
154,5541.796107,402273
155,5541.796107,404864
156,5541.796107,407468
157,5541.796107,410064
158,5541.796107,412661
159,5541.796107,415248
160,5541.796107,417850
161,5541.796107,420441
162,5541.796107,423041
163,5541.796107,425639
164,5541.796107,428253
165,5541.796107,430862
166,5541.796107,433475
167,5541.796107,436088
168,5541.796107,438696
169,5541.796107,441307
170,5541.796107,443917
171,5541.796107,446523
172,5541.796107,449135
173,5541.796107,451753
174,5541.796107,454370
175,5541.796107,456976
176,5541.796107,459584
177,5541.796107,462184
178,5541.796107,464785
179,5541.796107,467388
180,5541.796107,469986
181,5541.796107,472586
182,5541.796107,475201
183,5541.796107,477805
184,5541.796107,480417
185,5541.796107,483020
186,5541.796107,485631
187,5541.796107,488232
188,5541.796107,490835
189,5541.796107,493434
190,5541.796107,496045
191,5541.796107,498642
192,5541.700558,501235
193,5541.700558,503832
194,5541.700558,506453
195,5541.700558,509067
196,5541.700558,511686
197,5541.700558,514302
198,5541.700558,516916
199,5541.700558,519535
200,5541.700558,522157
201,5541.700558,524764
202,5541.700558,527373
203,5541.700558,529982
204,5541.700558,532595
205,5541.700558,535209
206,5541.700558,537828
207,5541.700558,540433
208,5541.700558,543045
209,5541.700558,545650
210,5541.700558,548257
211,5541.700558,550855
212,5541.700558,553461
213,5541.700558,556058
214,5541.700558,558665
215,5541.700558,561270
216,5541.700558,563876
217,5541.700558,566480
218,5541.700558,569091
219,5541.700558,571702
220,5541.700558,574314
221,5541.700558,576923
222,5541.700558,579538
223,5541.700558,582152
224,5541.700558,584767
225,5541.700558,587379
226,5541.700558,589992
227,5541.700558,592592
228,5541.700558,595199
229,5541.700558,597805
230,5541.700558,600416
231,5541.700558,603020
232,5541.700558,605621
233,5541.700558,608226
234,5541.700558,610834
235,5541.700558,613433
236,5541.700558,616045
237,5541.700558,618654
238,5541.700558,621266
239,5541.700558,623868
240,5541.700558,626482
241,5541.700558,629089
242,5541.700558,631694
243,5541.700558,634291
244,5541.700558,636891
245,5541.700558,639493
246,5541.700558,642111
247,5541.700558,644729
248,5541.700558,647347
249,5541.700558,649959
250,5541.700558,652580
251,5541.700558,655193
252,5541.700558,657809
253,5541.700558,660422
254,5541.700558,663036
255,5541.700558,665651
256,5541.700558,668271
257,5541.700558,670887
258,5541.700558,673503
259,5541.700558,676118
260,5541.700558,678742
261,5541.700558,681354
262,5541.700558,683959
263,5541.700558,686566
264,5541.700558,689167
265,5541.700558,691764
266,5541.700558,694378
267,5541.700558,696999
268,5541.700558,699611
269,5541.700558,702228
270,5541.700558,704839
271,5541.700558,707453
272,5541.700558,710063
273,5541.700558,712675
274,5541.700558,715291
275,5541.700558,717905
276,5541.700558,720515
277,5541.700558,723126
278,5541.700558,725735
279,5541.700558,728338
280,5541.700558,730958
281,5541.700558,733572
282,5541.700558,736189
283,5541.700558,738811
284,5541.700558,741427
285,5541.700558,744039
5541.700558,3.861957
1,5543.869397,2376
2,5543.869397,5023
3,5542.595854,7670
4,5542.445574,10317
5,5542.260997,12963
6,5542.260997,15609
7,5542.260997,18255
8,5542.260997,20902
9,5542.182136,23548
10,5542.182136,26194
11,5542.178395,28840
12,5542.178395,31487
13,5542.178395,34132
14,5542.178395,36779
15,5542.178395,39426
16,5542.178395,42071
17,5542.178395,44716
18,5542.178395,47362
19,5542.178395,50006
20,5542.178395,52652
21,5542.178395,55295
22,5542.178395,57942
23,5542.178395,60589
24,5542.177402,63235
25,5542.177402,65880
26,5542.177402,68524
27,5542.177402,71168
28,5542.177402,73813
29,5542.177402,76455
30,5542.177402,79100
31,5542.177402,81745
32,5542.082500,84391
33,5542.082500,87037
34,5542.082500,89679
35,5542.082500,92325
36,5542.082500,94968
37,5542.082500,97610
38,5542.082500,100252
39,5542.082500,102892
40,5542.082500,105535
41,5542.017875,108173
42,5542.017875,110811
43,5542.017875,113455
44,5542.017875,116092
45,5542.017875,118726
46,5542.017875,121364
47,5542.017875,124001
48,5542.017875,126642
49,5542.017875,129277
50,5542.017875,131923
51,5542.017875,134564
52,5542.017875,137206
53,5542.017875,139842
54,5542.017875,142487
55,5542.017875,145131
56,5542.017875,147776
57,5542.017875,150409
58,5542.017875,153052
59,5542.017875,155690
60,5542.017875,158330
61,5542.017875,160968
62,5542.017875,163605
63,5542.017875,166239
64,5542.017875,168871
65,5542.017875,171507
66,5542.017875,174145
67,5542.017875,176783
68,5542.017875,179416
69,5542.017875,182049
70,5542.017875,184693
71,5542.017875,187337
72,5542.017875,189981
73,5542.017875,192626
74,5542.017875,195270
75,5542.017875,197910
76,5542.017875,200546
77,5542.017875,203189
78,5542.017875,205824
79,5542.017875,208466
80,5542.017875,211100
81,5542.017875,213739
82,5542.017875,216379
83,5542.017875,219017
84,5542.017875,221654
85,5542.017875,224295
86,5542.017875,226936
87,5542.017875,229575
88,5542.017875,232214
89,5541.796107,234854
90,5541.796107,237497
91,5541.796107,240136
92,5541.796107,242778
93,5541.796107,245417
94,5541.796107,248055
95,5541.796107,250695
96,5541.796107,253337
97,5541.796107,255980
98,5541.796107,258622
99,5541.796107,261262
100,5541.796107,263895
101,5541.796107,266529
102,5541.796107,269170
103,5541.796107,271807
104,5541.796107,274452
105,5541.796107,277087
106,5541.796107,279731
107,5541.796107,282367
108,5541.796107,285011
109,5541.796107,287651
110,5541.796107,290294
111,5541.796107,292938
112,5541.796107,295580
113,5541.796107,298214
114,5541.796107,300857
115,5541.688575,303501
116,5541.688575,306146
117,5541.688575,308789
118,5541.688575,311434
119,5541.688575,314076
120,5541.688575,316717
121,5541.688575,319362
122,5541.688575,322001
123,5541.688575,324644
124,5541.688575,327285
125,5541.688575,329926
126,5541.688575,332566
127,5541.688575,335203
128,5541.688575,337841
129,5541.688575,340479
130,5541.688575,343119
131,5541.688575,345757
132,5541.688575,348399
133,5541.688575,351039
134,5541.688575,353678
135,5541.688575,356316
136,5541.688575,358957
137,5541.688575,361593
138,5541.688575,364235
139,5541.688575,366878
140,5541.688575,369519
141,5541.688575,372160
142,5541.688575,374800
143,5541.688575,377434
144,5541.688575,380070
145,5541.688575,382701
146,5541.688575,385330
147,5541.688575,387957
148,5541.688575,390586
149,5541.688575,393211
150,5541.688575,395853
151,5541.688575,398496
152,5541.688575,401139
153,5541.688575,403779
154,5541.688575,406417
155,5541.688575,409051
156,5541.688575,411683
157,5541.688575,414320
158,5541.688575,416953
159,5541.688575,419579
160,5541.688575,422217
161,5541.688575,424843
162,5541.688575,427475
163,5541.688575,430110
164,5541.688575,432740
165,5541.688575,435367
166,5541.688575,438007
167,5541.688575,440642
168,5541.688575,443286
169,5541.688575,445923
170,5541.688575,448564
171,5541.688575,451209
172,5541.688575,453851
173,5541.688575,456489
174,5541.688575,459133
175,5541.688575,461774
176,5541.688575,464414
177,5541.688575,467054
178,5541.688575,469697
179,5541.688575,472335
180,5541.688575,474978
181,5541.688575,477616
182,5541.688575,480257
183,5541.688575,482895
184,5541.688575,485530
185,5541.688575,488151
186,5541.688575,490782
187,5541.688575,493404
188,5541.688575,496034
189,5541.688575,498663
190,5541.688575,501302
191,5541.688575,503940
192,5541.688575,506581
193,5541.688575,509218
194,5541.688575,511857
195,5541.688575,514481
196,5541.688575,517103
197,5541.688575,519734
198,5541.688575,522371
199,5541.688575,525001
200,5541.688575,527632
201,5541.688575,530259
202,5541.688575,532892
203,5541.688575,535529
204,5541.688575,538166
205,5541.688575,540795
206,5541.688575,543433
207,5541.688575,546063
208,5541.688575,548707
209,5541.688575,551350
210,5541.688575,553986
211,5541.688575,556622
212,5541.688575,559253
213,5541.688575,561881
214,5541.643141,564509
215,5541.643141,567136
216,5541.643141,569774
217,5541.643141,572397
218,5541.643141,575033
219,5541.643141,577651
220,5541.643141,580282
221,5541.643141,582909
222,5541.643141,585533
223,5541.643141,588157
224,5541.643141,590779
225,5541.643141,593416
226,5541.643141,596054
227,5541.643141,598680
228,5541.643141,601308
229,5541.643141,603940
230,5541.643141,606578
231,5541.643141,609208
232,5541.643141,611849
233,5541.643141,614484
234,5541.643141,617126
235,5541.643141,619764
236,5541.643141,622400
237,5541.643141,625037
238,5541.643141,627672
239,5541.643141,630311
240,5541.643141,632942
241,5541.643141,635569
242,5541.643141,638206
243,5541.643141,640830
244,5541.643141,643466
245,5541.643141,646101
246,5541.643141,648734
247,5541.643141,651373
248,5541.643141,654001
249,5541.643141,656619
250,5541.643141,659243
251,5541.643141,661873
252,5541.643141,664516
253,5541.643141,667151
254,5541.643141,669795
255,5541.643141,672435
256,5541.643141,675072
257,5541.643141,677700
258,5541.643141,680327
259,5541.643141,682949
260,5541.643141,685585
261,5541.643141,688227
262,5541.643141,690864
263,5541.643141,693494
264,5541.643141,696131
265,5541.643141,698764
266,5541.643141,701391
267,5541.643141,704018
268,5541.643141,706650
269,5541.643141,709273
270,5541.643141,711903
271,5541.643141,714520
272,5541.643141,717143
273,5541.643141,719774
274,5541.643141,722399
275,5541.643141,725034
276,5541.643141,727660
277,5541.643141,730287
278,5541.643141,732910
279,5541.643141,735525
280,5541.643141,738144
281,5541.643141,740759
282,5541.643141,743395
283,5541.643141,746028
5541.643141,3.820705
1,5542.632458,2376
2,5542.457463,5001
3,5542.445574,7626
4,5542.182136,10251
5,5542.182136,12876
6,5542.182136,15500
7,5542.182136,18125
8,5542.182136,20750
9,5542.182136,23374
10,5542.182136,25999
11,5542.182136,28621
12,5542.182136,31245
13,5542.182136,33870
14,5542.182136,36495
15,5542.182136,39117
16,5542.182136,41741
17,5542.178395,44363
18,5542.178395,46987
19,5542.178395,49610
20,5542.178395,52234
21,5542.178395,54858
22,5542.178395,57480
23,5542.178395,60105
24,5542.178395,62725
25,5542.178395,65350
26,5542.178395,67973
27,5542.178395,70594
28,5542.178395,73209
29,5542.178395,75827
30,5542.178395,78444
31,5542.178395,81060
32,5542.178395,83682
33,5542.178395,86305
34,5542.178395,88927
35,5542.178395,91549
36,5542.178395,94168
37,5542.178395,96787
38,5542.178395,99405
39,5542.178395,102024
40,5542.133508,104639
41,5542.133508,107258
42,5542.133508,109883
43,5542.133508,112507
44,5542.133508,115130
45,5542.059016,117747
46,5542.059016,120368
47,5542.059016,122990
48,5542.059016,125607
49,5542.059016,128225
50,5542.059016,130843
51,5542.059016,133460
52,5542.059016,136085
53,5542.059016,138708
54,5542.059016,141329
55,5542.059016,143948
56,5542.059016,146571
57,5542.059016,149192
58,5542.059016,151812
59,5542.059016,154431
60,5542.059016,157051
61,5542.059016,159664
62,5542.059016,162284
63,5542.059016,164901
64,5542.059016,167523
65,5542.059016,170144
66,5542.059016,172761
67,5542.059016,175376
68,5542.059016,177996
69,5542.059016,180618
70,5542.059016,183240
71,5541.830576,185864
72,5541.830576,188488
73,5541.830576,191110
74,5541.830576,193734
75,5541.830576,196354
76,5541.830576,198978
77,5541.830576,201599
78,5541.830576,204222
79,5541.830576,206841
80,5541.830576,209461
81,5541.830576,212077
82,5541.830576,214691
83,5541.830576,217298
84,5541.830576,219911
85,5541.830576,222523
86,5541.830576,225138
87,5541.830576,227760
88,5541.830576,230380
89,5541.830576,232997
90,5541.830576,235617
91,5541.830576,238238
92,5541.830576,240860
93,5541.830576,243480
94,5541.830576,246091
95,5541.830576,248708
96,5541.830576,251322
97,5541.830576,253934
98,5541.830576,256536
99,5541.830576,259146
100,5541.830576,261754
101,5541.830576,264368
102,5541.830576,266982
103,5541.830576,269596
104,5541.830576,272209
105,5541.830576,274825
106,5541.830576,277444
107,5541.830576,280061
108,5541.830576,282678
109,5541.830576,285297
110,5541.830576,287904
111,5541.830576,290518
112,5541.830576,293132
113,5541.830576,295741
114,5541.830576,298361
115,5541.830576,300975
116,5541.830576,303591
117,5541.830576,306204
118,5541.830576,308820
119,5541.830576,311436
120,5541.830576,314052
121,5541.830576,316668
122,5541.830576,319284
123,5541.830576,321896
124,5541.830576,324515
125,5541.830576,327131
126,5541.830576,329753
127,5541.830576,332367
128,5541.830576,334988
129,5541.830576,337609
130,5541.830576,340227
131,5541.830576,342844
132,5541.830576,345467
133,5541.830576,348079
134,5541.830576,350696
135,5541.830576,353315
136,5541.830576,355932
137,5541.830576,358545
138,5541.830576,361163
139,5541.830576,363774
140,5541.830576,366380
141,5541.830576,368991
142,5541.830576,371605
143,5541.830576,374221
144,5541.830576,376833
145,5541.830576,379436
146,5541.830576,382039
147,5541.830576,384639
148,5541.830576,387258
149,5541.830576,389868
150,5541.830576,392486
151,5541.700558,395101
152,5541.700558,397714
153,5541.700558,400325
154,5541.700558,402938
155,5541.700558,405556
156,5541.700558,408173
157,5541.700558,410789
158,5541.700558,413408
159,5541.700558,416027
160,5541.700558,418644
161,5541.700558,421251
162,5541.700558,423862
163,5541.700558,426468
164,5541.700558,429075
165,5541.700558,431677
166,5541.700558,434290
167,5541.700558,436893
168,5541.700558,439498
169,5541.700558,442097
170,5541.700558,444699
171,5541.700558,447288
172,5541.700558,449908
173,5541.700558,452521
174,5541.700558,455125
175,5541.700558,457727
176,5541.700558,460331
177,5541.700558,462933
178,5541.700558,465542
179,5541.700558,468153
180,5541.700558,470766
181,5541.700558,473372
182,5541.700558,475985
183,5541.700558,478597
184,5541.700558,481215
185,5541.700558,483830
186,5541.700558,486450
187,5541.700558,489070
188,5541.700558,491689
189,5541.700558,494305
190,5541.700558,496921
191,5541.700558,499525
192,5541.700558,502140
193,5541.700558,504747
194,5541.700558,507357
195,5541.700558,509971
196,5541.700558,512587
197,5541.700558,515196
198,5541.700558,517809
199,5541.700558,520415
200,5541.700558,523024
201,5541.700558,525624
202,5541.700558,528233
203,5541.700558,530836
204,5541.700558,533445
205,5541.700558,536038
206,5541.700558,538658
207,5541.700558,541271
208,5541.700558,543886
209,5541.647565,546486
210,5541.647565,549094
211,5541.647565,551695
212,5541.647565,554308
213,5541.647565,556920
214,5541.647565,559535
215,5541.647565,562141
216,5541.647565,564748
217,5541.647565,567362
218,5541.647565,569973
219,5541.647565,572579
220,5541.647565,575182
221,5541.647565,577779
222,5541.647565,580376
223,5541.647565,582967
224,5541.647565,585570
225,5541.647565,588172
226,5541.647565,590778
227,5541.647565,593380
228,5541.647565,595982
229,5541.647565,598575
230,5541.647565,601178
231,5541.647565,603776
232,5541.647565,606387
233,5541.647565,608987
234,5541.647565,611592
235,5541.647565,614197
236,5541.647565,616799
237,5541.647565,619398
238,5541.647565,622007
239,5541.647565,624607
240,5541.643141,627208
241,5541.643141,629804
242,5541.643141,632397
243,5541.643141,634984
244,5541.643141,637580
245,5541.643141,640160
246,5541.643141,642757
247,5541.643141,645349
248,5541.643141,647944
249,5541.643141,650543
250,5541.643141,653152
251,5541.643141,655758
252,5541.643141,658364
253,5541.643141,660953
254,5541.643141,663548
255,5541.643141,666133
256,5541.643141,668713
257,5541.643141,671291
258,5541.643141,673881
259,5541.643141,676467
260,5541.643141,679062
261,5541.643141,681663
262,5541.643141,684265
263,5541.643141,686873
264,5541.643141,689478
265,5541.643141,692084
266,5541.643141,694685
267,5541.643141,697293
268,5541.643141,699898
269,5541.643141,702494
270,5541.643141,705086
271,5541.643141,707675
272,5541.643141,710279
273,5541.643141,712877
274,5541.643141,715490
275,5541.643141,718090
276,5541.643141,720691
277,5541.643141,723301
278,5541.643141,725910
279,5541.643141,728507
280,5541.643141,731110
281,5541.643141,733690
282,5541.643141,736281
283,5541.643141,738880
284,5541.643141,741484
285,5541.643141,744089
5541.643141,3.806881
1,5544.217868,2376
2,5542.665482,5002
3,5542.380754,7628
4,5542.380754,10254
5,5542.260997,12880
6,5542.260997,15506
7,5542.182136,18131
8,5542.182136,20755
9,5542.182136,23381
10,5542.182136,26007
11,5542.182136,28633
12,5542.182136,31256
13,5542.182136,33881
14,5542.182136,36507
15,5542.182136,39131
16,5542.182136,41755
17,5542.182136,44376
18,5542.182136,47001
19,5542.182136,49625
20,5542.182136,52250
21,5542.182136,54874
22,5542.182136,57497
23,5542.140198,60122
24,5542.140198,62745
25,5542.133508,65370
26,5542.133508,67993
27,5542.133508,70617
28,5542.133508,73239
29,5542.126196,75860
30,5542.126196,78483
31,5542.126196,81109
32,5542.126196,83730
33,5542.126196,86353
34,5542.126196,88972
35,5542.126196,91596
36,5542.126196,94220
37,5542.126196,96845
38,5542.126196,99461
39,5542.126196,102081
40,5542.126196,104707
41,5542.126196,107330
42,5542.126196,109951
43,5542.126196,112573
44,5542.126196,115196
45,5542.126196,117816
46,5542.126196,120438
47,5542.126196,123061
48,5542.126196,125683
49,5542.126196,128302
50,5542.126196,130924
51,5542.126196,133544
52,5542.126196,136166
53,5542.126196,138788
54,5542.017875,141413
55,5541.937920,144036
56,5541.937920,146659
57,5541.937920,149279
58,5541.937920,151900
59,5541.937920,154521
60,5541.937920,157143
61,5541.937920,159762
62,5541.937920,162388
63,5541.937920,165012
64,5541.937920,167634
65,5541.937920,170257
66,5541.937920,172882
67,5541.937920,175507
68,5541.937920,178131
69,5541.937920,180753
70,5541.937920,183378
71,5541.937920,185991
72,5541.937920,188613
73,5541.937920,191230
74,5541.937920,193845
75,5541.937920,196453
76,5541.937920,199065
77,5541.937920,201677
78,5541.937920,204294
79,5541.907934,206909
80,5541.907934,209527
81,5541.907934,212144
82,5541.907934,214756
83,5541.907934,217367
84,5541.907934,219976
85,5541.907934,222582
86,5541.907934,225192
87,5541.907934,227806
88,5541.907934,230428
89,5541.907934,233037
90,5541.907934,235655
91,5541.907934,238274
92,5541.907934,240895
93,5541.907934,243511
94,5541.907934,246135
95,5541.907934,248760
96,5541.907934,251384
97,5541.907934,254008
98,5541.907934,256633
99,5541.907934,259256
100,5541.907934,261880
101,5541.907934,264504
102,5541.907934,267126
103,5541.907934,269746
104,5541.907934,272365
105,5541.907934,274986
106,5541.830576,277602
107,5541.830576,280221
108,5541.830576,282838
109,5541.830576,285457
110,5541.830576,288082
111,5541.830576,290698
112,5541.830576,293317
113,5541.796107,295935
114,5541.796107,298553
115,5541.796107,301172
116,5541.796107,303792
117,5541.796107,306413
118,5541.796107,309038
119,5541.796107,311649
120,5541.796107,314272
121,5541.796107,316894
122,5541.796107,319515
123,5541.796107,322128
124,5541.796107,324748
125,5541.796107,327371
126,5541.796107,329992
127,5541.796107,332610
128,5541.796107,335234
129,5541.796107,337854
130,5541.796107,340478
131,5541.796107,343102
132,5541.796107,345725
133,5541.796107,348349
134,5541.796107,350970
135,5541.796107,353591
136,5541.796107,356214
137,5541.796107,358836
138,5541.796107,361460
139,5541.796107,364080
140,5541.796107,366704
141,5541.796107,369328
142,5541.796107,371949
143,5541.796107,374572
144,5541.796107,377189
145,5541.796107,379811
146,5541.796107,382433
147,5541.796107,385053
148,5541.796107,387676
149,5541.796107,390293
150,5541.796107,392916
151,5541.796107,395534
152,5541.796107,398154
153,5541.796107,400772
154,5541.796107,403384
155,5541.796107,405995
156,5541.796107,408593
157,5541.796107,411194
158,5541.796107,413815
159,5541.796107,416437
160,5541.735094,419058
161,5541.735094,421681
162,5541.679102,424299
163,5541.679102,426919
164,5541.679102,429539
165,5541.679102,432154
166,5541.679102,434764
167,5541.679102,437370
168,5541.679102,439984
169,5541.679102,442590
170,5541.679102,445214
171,5541.679102,447838
172,5541.679102,450459
173,5541.679102,453071
174,5541.679102,455691
175,5541.679102,458310
176,5541.679102,460928
177,5541.679102,463540
178,5541.679102,466163
179,5541.679102,468784
180,5541.679102,471409
181,5541.679102,474027
182,5541.679102,476650
183,5541.679102,479265
184,5541.679102,481877
185,5541.679102,484490
186,5541.679102,487105
187,5541.679102,489724
188,5541.679102,492340
189,5541.679102,494954
190,5541.679102,497574
191,5541.679102,500191
192,5541.679102,502812
193,5541.679102,505430
194,5541.679102,508040
195,5541.647565,510649
196,5541.647565,513262
197,5541.647565,515885
198,5541.647565,518504
199,5541.647565,521126
200,5541.647565,523747
201,5541.647565,526361
202,5541.647565,528984
203,5541.647565,531602
204,5541.647565,534225
205,5541.647565,536841
206,5541.647565,539459
207,5541.647565,542073
208,5541.647565,544691
209,5541.647565,547302
210,5541.647565,549922
211,5541.647565,552533
212,5541.647565,555147
213,5541.647565,557758
214,5541.647565,560368
215,5541.647565,562982
216,5541.647565,565605
217,5541.647565,568224
218,5541.647565,570846
219,5541.647565,573462
220,5541.647565,576084
221,5541.647565,578704
222,5541.647565,581327
223,5541.647565,583945
224,5541.647565,586567
225,5541.647565,589186
226,5541.647565,591800
227,5541.647565,594419
228,5541.647565,597041
229,5541.647565,599662
230,5541.647565,602283
231,5541.647565,604904
232,5541.647565,607528
233,5541.647565,610147
234,5541.647565,612769
235,5541.647565,615394
236,5541.647565,618018
237,5541.647565,620644
238,5541.647565,623266
239,5541.643141,625892
240,5541.643141,628516
241,5541.643141,631141
242,5541.643141,633766
243,5541.643141,636391
244,5541.643141,639014
245,5541.643141,641633
246,5541.643141,644256
247,5541.643141,646874
248,5541.643141,649495
249,5541.643141,652116
250,5541.643141,654738
251,5541.643141,657358
252,5541.643141,659978
253,5541.643141,662592
254,5541.643141,665206
255,5541.643141,667820
256,5541.643141,670437
257,5541.643141,673046
258,5541.643141,675662
259,5541.643141,678280
260,5541.643141,680898
261,5541.643141,683510
262,5541.643141,686133
263,5541.643141,688754
264,5541.643141,691367
265,5541.643141,693975
266,5541.643141,696589
267,5541.643141,699195
268,5541.643141,701806
269,5541.643141,704417
270,5541.643141,707041
271,5541.643141,709660
272,5541.643141,712282
273,5541.643141,714906
274,5541.643141,717529
275,5541.643141,720149
276,5541.643141,722773
277,5541.643141,725394
278,5541.643141,728017
279,5541.643141,730638
280,5541.643141,733259
281,5541.643141,735876
282,5541.643141,738498
283,5541.643141,741123
284,5541.643141,743742
5541.643141,3.841651
1,5543.487772,2376
2,5543.298460,5008
3,5542.535322,7640
4,5542.535322,10272
5,5542.445574,12904
6,5542.182136,15536
7,5542.182136,18168
8,5542.182136,20799
9,5542.182136,23431
10,5542.182136,26063
11,5542.182136,28693
12,5542.182136,31323
13,5542.178395,33954
14,5542.178395,36584
15,5542.178395,39214
16,5542.178395,41846
17,5542.178395,44476
18,5542.178395,47105
19,5542.178395,49736
20,5542.178395,52367
21,5542.178395,54997
22,5542.178395,57625
23,5542.126196,60245
24,5542.126196,62876
25,5542.126196,65506
26,5542.126196,68138
27,5542.126196,70770
28,5542.126196,73401
29,5542.126196,76032
30,5542.126196,78658
31,5542.126196,81290
32,5542.126196,83916
33,5542.126196,86544
34,5542.126196,89168
35,5542.126196,91790
36,5542.126196,94415
37,5542.126196,97039
38,5542.126196,99666
39,5542.126196,102291
40,5542.126196,104918
41,5542.126196,107549
42,5542.126196,110177
43,5542.126196,112807
44,5542.126196,115432
45,5542.126196,118059
46,5542.126196,120686
47,5542.126196,123313
48,5542.126196,125941
49,5542.126196,128570
50,5542.126196,131196
51,5542.072571,133822
52,5542.072571,136453
53,5542.072571,139084
54,5542.072571,141714
55,5542.072571,144341
56,5542.072571,146973
57,5542.072571,149600
58,5542.072571,152231
59,5542.072571,154850
60,5542.072571,157474
61,5542.072571,160103
62,5541.950255,162729
63,5541.950255,165356
64,5541.950255,167985
65,5541.950255,170609
66,5541.950255,173235
67,5541.950255,175858
68,5541.950255,178488
69,5541.950255,181113
70,5541.950255,183739
71,5541.950255,186359
72,5541.950255,188983
73,5541.950255,191609
74,5541.950255,194235
75,5541.950255,196864
76,5541.950255,199491
77,5541.829390,202116
78,5541.829390,204747
79,5541.829390,207375
80,5541.829390,210003
81,5541.829390,212624
82,5541.829390,215252
83,5541.829390,217881
84,5541.829390,220505
85,5541.829390,223134
86,5541.829390,225763
87,5541.829390,228385
88,5541.829390,231011
89,5541.829390,233637
90,5541.829390,236266
91,5541.829390,238892
92,5541.829390,241512
93,5541.829390,244136
94,5541.829390,246755
95,5541.829390,249375
96,5541.829390,251997
97,5541.829390,254620
98,5541.829390,257250
99,5541.829390,259880
100,5541.829390,262510
101,5541.829390,265139
102,5541.829390,267768
103,5541.829390,270396
104,5541.829390,273024
105,5541.829390,275651
106,5541.829390,278281
107,5541.829390,280911
108,5541.829390,283538
109,5541.829390,286159
110,5541.829390,288775
111,5541.829390,291392
112,5541.829390,294022
113,5541.829390,296647
114,5541.829390,299273
115,5541.829390,301898
116,5541.829390,304527
117,5541.829390,307155
118,5541.829390,309782
119,5541.829390,312413
120,5541.829390,315041
121,5541.829390,317666
122,5541.829390,320293
123,5541.829390,322915
124,5541.829390,325535
125,5541.647565,328153
126,5541.647565,330778
127,5541.647565,333399
128,5541.647565,336025
129,5541.647565,338645
130,5541.647565,341271
131,5541.647565,343886
132,5541.647565,346514
133,5541.647565,349142
134,5541.647565,351774
135,5541.647565,354404
136,5541.647565,357031
137,5541.647565,359657
138,5541.647565,362277
139,5541.647565,364896
140,5541.647565,367523
141,5541.647565,370147
142,5541.647565,372774
143,5541.647565,375395
144,5541.647565,378024
145,5541.647565,380652
146,5541.647565,383280
147,5541.647565,385909
148,5541.647565,388540
149,5541.647565,391171
150,5541.647565,393798
151,5541.647565,396428
152,5541.647565,399055
153,5541.647565,401683
154,5541.647565,404312
155,5541.647565,406936
156,5541.647565,409554
157,5541.647565,412178
158,5541.647565,414807
159,5541.647565,417423
160,5541.647565,420042
161,5541.647565,422659
162,5541.647565,425274
163,5541.647565,427887
164,5541.647565,430515
165,5541.647565,433134
166,5541.647565,435755
167,5541.647565,438382
168,5541.647565,441007
169,5541.647565,443634
170,5541.647565,446255
171,5541.647565,448878
172,5541.647565,451505
173,5541.647565,454128
174,5541.647565,456754
175,5541.647565,459377
176,5541.647565,462003
177,5541.647565,464624
178,5541.647565,467247
179,5541.647565,469852
180,5541.647565,472475
181,5541.647565,475090
182,5541.647565,477710
183,5541.647565,480327
184,5541.647565,482947
185,5541.647565,485577
186,5541.647565,488200
187,5541.647565,490826
188,5541.647565,493451
189,5541.647565,496069
190,5541.647565,498687
191,5541.647565,501301
192,5541.647565,503926
193,5541.647565,506549
194,5541.647565,509181
195,5541.647565,511808
196,5541.647565,514433
197,5541.647565,517061
198,5541.647565,519688
199,5541.647565,522318
200,5541.647565,524943
201,5541.647565,527565
202,5541.647565,530193
203,5541.647565,532819
204,5541.647565,535440
205,5541.647565,538066
206,5541.647565,540691
207,5541.647565,543318
208,5541.647565,545945
209,5541.647565,548573
210,5541.647565,551200
211,5541.647565,553831
212,5541.647565,556455
213,5541.647565,559081
214,5541.647565,561705
215,5541.647565,564328
216,5541.647565,566946
217,5541.647565,569566
218,5541.647565,572184
219,5541.647565,574805
220,5541.647565,577415
221,5541.647565,580034
222,5541.647565,582660
223,5541.647565,585282
224,5541.647565,587906
225,5541.647565,590527
226,5541.647565,593153
227,5541.647565,595778
228,5541.647565,598409
229,5541.643141,601040
230,5541.643141,603663
231,5541.643141,606280
232,5541.643141,608908
233,5541.643141,611534
234,5541.643141,614163
235,5541.643141,616794
236,5541.643141,619423
237,5541.643141,622047
238,5541.643141,624672
239,5541.643141,627297
240,5541.643141,629919
241,5541.643141,632546
242,5541.643141,635171
243,5541.643141,637792
244,5541.643141,640411
245,5541.643141,643031
246,5541.643141,645651
247,5541.643141,648271
248,5541.643141,650891
249,5541.643141,653504
250,5541.643141,656121
251,5541.643141,658737
252,5541.643141,661348
253,5541.643141,663957
254,5541.643141,666569
255,5541.643141,669177
256,5541.643141,671793
257,5541.643141,674409
258,5541.643141,677031
259,5541.643141,679655
260,5541.643141,682286
261,5541.643141,684910
262,5541.643141,687536
263,5541.643141,690159
264,5541.643141,692784
265,5541.643141,695402
266,5541.643141,698027
267,5541.643141,700649
268,5541.643141,703267
269,5541.643141,705876
270,5541.643141,708494
271,5541.643141,711108
272,5541.643141,713730
273,5541.643141,716350
274,5541.643141,718972
275,5541.643141,721581
276,5541.643141,724204
277,5541.643141,726823
278,5541.643141,729449
279,5541.643141,732067
280,5541.643141,734684
281,5541.643141,737287
282,5541.643141,739904
283,5541.643141,742510
284,5541.643141,745124
5541.643141,3.806129
1,5544.594802,2376
2,5542.826257,5035
3,5542.655376,7694
4,5542.504330,10352
5,5542.376131,13009
6,5542.260997,15667
7,5542.260997,18325
8,5542.182136,20984
9,5542.182136,23642
10,5542.182136,26300
11,5542.182136,28958
12,5542.182136,31616
13,5542.182136,34271
14,5542.182136,36928
15,5542.182136,39586
16,5542.182136,42245
17,5542.182136,44902
18,5542.182136,47558
19,5542.182136,50215
20,5542.178395,52872
21,5542.178395,55529
22,5542.178395,58188
23,5542.178395,60847
24,5542.178395,63505
25,5542.178395,66163
26,5542.178395,68822
27,5542.178395,71478
28,5542.140198,74134
29,5542.140198,76790
30,5542.140198,79443
31,5542.140198,82100
32,5542.140198,84757
33,5542.140198,87414
34,5542.140198,90071
35,5542.140198,92727
36,5542.140198,95383
37,5542.140198,98038
38,5542.140198,100696
39,5542.140198,103354
40,5542.140198,106012
41,5542.140198,108668
42,5542.140198,111327
43,5542.140198,113982
44,5542.140198,116640
45,5542.017875,119292
46,5542.017875,121946
47,5542.017875,124596
48,5542.017875,127251
49,5541.981627,129902
50,5541.981627,132558
51,5541.981627,135211
52,5541.981627,137862
53,5541.981627,140501
54,5541.981627,143142
55,5541.981627,145778
56,5541.981627,148433
57,5541.981627,151087
58,5541.981627,153741
59,5541.981627,156394
60,5541.981627,159045
61,5541.981627,161703
62,5541.981627,164359
63,5541.981627,167016
64,5541.981627,169665
65,5541.981627,172315
66,5541.981627,174973
67,5541.981627,177628
68,5541.981627,180285
69,5541.981627,182938
70,5541.981627,185591
71,5541.981627,188243
72,5541.981627,190891
73,5541.981627,193537
74,5541.981627,196188
75,5541.981627,198833
76,5541.981627,201483
77,5541.981627,204140
78,5541.981627,206790
79,5541.929235,209440
80,5541.929235,212094
81,5541.929235,214751
82,5541.929235,217402
83,5541.929235,220053
84,5541.929235,222704
85,5541.929235,225348
86,5541.929235,228001
87,5541.929235,230650
88,5541.929235,233298
89,5541.929235,235947
90,5541.929235,238599
91,5541.929235,241244
92,5541.929235,243897
93,5541.929235,246544
94,5541.929235,249198
95,5541.929235,251853
96,5541.929235,254510
97,5541.929235,257165
98,5541.929235,259822
99,5541.929235,262478
100,5541.929235,265133
101,5541.929235,267782
102,5541.929235,270439
103,5541.929235,273089
104,5541.929235,275738
105,5541.929235,278381
106,5541.929235,281030
107,5541.929235,283677
108,5541.929235,286330
109,5541.929235,288981
110,5541.929235,291633
111,5541.929235,294285
112,5541.929235,296936
113,5541.929235,299580
114,5541.929235,302221
115,5541.679102,304873
116,5541.679102,307523
117,5541.679102,310158
118,5541.679102,312794
119,5541.679102,315429
120,5541.679102,318078
121,5541.679102,320732
122,5541.679102,323377
123,5541.679102,326016
124,5541.679102,328657
125,5541.679102,331299
126,5541.679102,333943
127,5541.679102,336590
128,5541.679102,339239
129,5541.679102,341879
130,5541.679102,344532
131,5541.679102,347187
132,5541.679102,349843
133,5541.679102,352496
134,5541.679102,355147
135,5541.679102,357800
136,5541.679102,360449
137,5541.679102,363098
138,5541.679102,365750
139,5541.679102,368386
140,5541.679102,371024
141,5541.679102,373663
142,5541.679102,376312
143,5541.679102,378953
144,5541.679102,381594
145,5541.679102,384237
146,5541.679102,386874
147,5541.679102,389502
148,5541.679102,392137
149,5541.679102,394763
150,5541.679102,397410
151,5541.679102,400049
152,5541.679102,402692
153,5541.679102,405335
154,5541.679102,407977
155,5541.679102,410620
156,5541.679102,413264
157,5541.679102,415909
158,5541.679102,418562
159,5541.679102,421217
160,5541.679102,423872
161,5541.679102,426526
162,5541.679102,429182
163,5541.679102,431834
164,5541.679102,434490
165,5541.679102,437141
166,5541.679102,439794
167,5541.679102,442445
168,5541.679102,445104
169,5541.679102,447750
170,5541.679102,450408
171,5541.679102,453066
172,5541.679102,455722
173,5541.679102,458375
174,5541.679102,461033
175,5541.679102,463690
176,5541.679102,466349
177,5541.679102,469003
178,5541.679102,471654
179,5541.679102,474305
180,5541.679102,476955
181,5541.679102,479604
182,5541.679102,482261
183,5541.679102,484909
184,5541.679102,487560
185,5541.679102,490205
186,5541.679102,492861
187,5541.679102,495515
188,5541.679102,498162
189,5541.679102,500817
190,5541.643141,503472
191,5541.643141,506121
192,5541.643141,508771
193,5541.643141,511419
194,5541.643141,514075
195,5541.643141,516727
196,5541.643141,519378
197,5541.643141,522027
198,5541.643141,524685
199,5541.643141,527339
200,5541.643141,529993
201,5541.643141,532646
202,5541.643141,535303
203,5541.643141,537954
204,5541.643141,540604
205,5541.643141,543238
206,5541.643141,545884
207,5541.643141,548524
208,5541.643141,551179
209,5541.643141,553833
210,5541.643141,556481
211,5541.643141,559127
212,5541.643141,561775
213,5541.643141,564423
214,5541.643141,567062
215,5541.643141,569689
216,5541.643141,572340
217,5541.643141,574990
218,5541.643141,577639
219,5541.643141,580286
220,5541.643141,582943
221,5541.643141,585595
222,5541.643141,588248
223,5541.643141,590893
224,5541.643141,593548
225,5541.643141,596202
226,5541.643141,598860
227,5541.643141,601514
228,5541.643141,604167
229,5541.643141,606816
230,5541.643141,609465
231,5541.643141,612113
232,5541.643141,614762
233,5541.643141,617417
234,5541.643141,620074
235,5541.643141,622729
236,5541.643141,625382
237,5541.643141,628039
238,5541.643141,630693
239,5541.643141,633349
240,5541.643141,636002
241,5541.643141,638660
242,5541.643141,641318
243,5541.643141,643970
244,5541.643141,646620
245,5541.643141,649261
246,5541.643141,651912
247,5541.643141,654560
248,5541.643141,657209
249,5541.643141,659847
250,5541.643141,662502
251,5541.643141,665153
252,5541.643141,667798
253,5541.643141,670455
254,5541.643141,673113
255,5541.643141,675769
256,5541.643141,678422
257,5541.643141,681070
258,5541.643141,683721
259,5541.643141,686367
260,5541.643141,689022
261,5541.643141,691678
262,5541.643141,694334
263,5541.643141,696983
264,5541.643141,699638
265,5541.643141,702288
266,5541.643141,704945
267,5541.643141,707591
268,5541.643141,710238
269,5541.643141,712890
270,5541.643141,715541
271,5541.643141,718191
272,5541.643141,720845
273,5541.643141,723492
274,5541.643141,726130
275,5541.643141,728765
276,5541.643141,731411
277,5541.643141,734053
278,5541.643141,736696
279,5541.643141,739337
280,5541.643141,741986
281,5541.643141,744614
5541.643141,3.776862
