1,62356.253434,2376
2,62097.658846,5041
3,62038.592434,7706
4,62037.403827,10371
5,62037.403827,13035
6,62037.403827,15699
7,62037.403827,18361
8,62037.403827,21018
9,62037.403827,23674
10,62037.403827,26330
11,62037.403827,28987
12,62037.403827,31644
13,62037.403827,34305
14,62037.403827,36953
15,62037.403827,39607
16,62037.403827,42255
17,62037.403827,44904
18,62037.403827,47562
19,62037.403827,50212
20,62037.403827,52862
21,62037.403827,55514
22,62037.403827,58171
23,62037.403827,60820
24,62037.403827,63474
25,62037.403827,66129
26,62037.403827,68781
27,62037.403827,71431
28,62037.403827,74084
29,62037.403827,76735
30,62037.403827,79382
31,62037.403827,82034
32,62037.403827,84691
33,62037.403827,87342
34,62037.403827,89994
35,62037.403827,92644
36,62037.403827,95298
37,62037.403827,97948
38,62037.403827,100595
39,62037.403827,103250
40,62037.403827,105904
41,62037.403827,108555
42,62037.403827,111210
43,62037.403827,113865
44,62037.403827,116523
45,62037.403827,119172
46,62037.403827,121828
47,62037.403827,124483
48,62037.403827,127139
49,62037.403827,129799
50,62037.403827,132457
51,62037.403827,135115
52,62037.403827,137770
53,62037.403827,140425
54,62037.403827,143081
55,62037.403827,145729
56,62037.403827,148392
57,62037.403827,151046
58,62037.403827,153706
59,62037.403827,156364
60,62037.403827,159019
61,62037.403827,161670
62,62037.403827,164325
63,62037.403827,166981
64,62037.403827,169631
65,62037.403827,172290
66,62037.403827,174945
67,62037.403827,177606
68,62037.403827,180260
69,62037.403827,182918
70,62037.403827,185576
71,62037.403827,188233
72,62037.403827,190888
73,62037.403827,193536
74,62037.403827,196189
75,62037.403827,198842
76,62037.403827,201501
77,62037.403827,204157
78,62037.403827,206820
79,62037.403827,209479
80,62037.403827,212140
81,62037.403827,214795
82,62037.403827,217452
83,62037.403827,220113
84,62037.403827,222768
85,62037.403827,225420
86,62037.403827,228069
87,62037.403827,230723
88,62037.403827,233386
89,62037.403827,236043
90,62037.403827,238700
91,62037.403827,241354
92,62037.403827,244011
93,62037.403827,246664
94,62037.403827,249321
95,62037.403827,251980
96,62037.403827,254642
97,62037.403827,257291
98,62037.403827,259944
99,62037.403827,262602
100,62037.403827,265256
101,62037.403827,267912
102,62037.403827,270571
103,62037.403827,273224
104,62037.403827,275882
105,62037.403827,278535
106,62037.403827,281195
107,62037.403827,283841
108,62037.403827,286495
109,62037.403827,289147
110,62037.403827,291805
111,62037.403827,294456
112,62037.403827,297110
113,62037.403827,299767
114,62037.403827,302425
115,62037.403827,305075
116,62037.403827,307729
117,62037.403827,310384
118,62037.403827,313033
119,62037.403827,315684
120,62037.403827,318331
121,62037.403827,320979
122,62037.403827,323627
123,62037.403827,326279
124,62037.403827,328928
125,62037.403827,331589
126,62037.403827,334244
127,62037.403827,336894
128,62037.403827,339540
129,62037.403827,342192
130,62037.403827,344851
131,62037.403827,347511
132,62037.403827,350170
133,62037.403827,352819
134,62037.403827,355477
135,62037.403827,358131
136,62037.403827,360788
137,62037.403827,363449
138,62037.403827,366105
139,62037.403827,368767
140,62037.403827,371427
141,62037.403827,374083
142,62037.403827,376742
143,62037.403827,379402
144,62037.403827,382062
145,62037.403827,384719
146,62037.403827,387370
147,62037.403827,390031
148,62037.403827,392688
149,62036.936198,395346
150,62036.936198,398002
151,62036.936198,400649
152,62036.936198,403307
153,62036.936198,405965
154,62036.936198,408620
155,62036.936198,411265
156,62036.936198,413910
157,62036.936198,416566
158,62036.936198,419224
159,62036.936198,421880
160,62036.936198,424530
161,62036.936198,427190
162,62036.936198,429840
163,62036.936198,432494
164,62036.936198,435143
165,62036.936198,437802
166,62036.936198,440460
167,62036.936198,443111
168,62036.936198,445757
169,62036.936198,448408
170,62036.936198,451052
171,62036.936198,453703
172,62036.936198,456359
173,62036.936198,459010
174,62036.936198,461662
175,62036.936198,464313
176,62036.936198,466960
177,62036.936198,469608
178,62036.936198,472266
179,62036.936198,474917
180,62036.936198,477573
181,62036.936198,480227
182,62036.936198,482877
183,62036.936198,485528
184,62036.936198,488188
185,62036.936198,490841
186,62036.936198,493495
187,62036.936198,496158
188,62036.936198,498820
189,62036.936198,501476
190,62036.936198,504134
191,62036.936198,506789
192,62036.936198,509443
193,62036.936198,512099
194,62036.936198,514758
195,62036.936198,517417
196,62036.936198,520077
197,62036.936198,522733
198,62036.936198,525393
199,62036.936198,528046
200,62036.936198,530704
201,62036.936198,533351
202,62036.936198,536009
203,62036.936198,538664
204,62036.936198,541317
205,62036.936198,543976
206,62036.936198,546636
207,62036.936198,549294
208,62036.936198,551951
209,62036.936198,554607
210,62036.936198,557260
211,62036.936198,559919
212,62036.936198,562572
213,62036.936198,565231
214,62036.936198,567887
215,62036.936198,570543
216,62036.936198,573197
217,62036.936198,575841
218,62036.936198,578497
219,62036.936198,581153
220,62036.936198,583810
221,62036.936198,586469
222,62036.936198,589122
223,62036.936198,591776
224,62036.936198,594435
225,62036.936198,597082
226,62036.936198,599738
227,62036.936198,602394
228,62036.936198,605049
229,62036.936198,607707
230,62036.936198,610368
231,62036.936198,613027
232,62036.936198,615680
233,62036.936198,618338
234,62036.936198,620991
235,62036.936198,623644
236,62036.936198,626302
237,62036.936198,628961
238,62036.936198,631619
239,62036.936198,634282
240,62036.936198,636936
241,62036.936198,639590
242,62036.936198,642246
243,62036.936198,644909
244,62036.936198,647569
245,62036.936198,650230
246,62036.936198,652886
247,62036.936198,655536
248,62036.936198,658188
249,62036.936198,660836
250,62036.936198,663484
251,62036.936198,666123
252,62036.936198,668765
253,62036.936198,671417
254,62036.936198,674076
255,62036.936198,676733
256,62036.936198,679386
257,62036.936198,682037
258,62036.936198,684694
259,62036.936198,687344
260,62036.936198,689999
261,62036.936198,692660
262,62036.936198,695313
263,62036.936198,697964
264,62036.936198,700618
265,62036.936198,703282
266,62036.936198,705938
267,62036.936198,708593
268,62036.936198,711247
269,62036.936198,713895
270,62036.936198,716549
271,62036.936198,719209
272,62036.936198,721860
273,62036.936198,724517
274,62036.936198,727170
275,62036.936198,729816
276,62036.936198,732470
277,62036.936198,735119
278,62036.936198,737780
279,62036.936198,740437
280,62036.936198,743091
281,62036.936198,745747
282,62036.936198,748407
283,62036.936198,751056
284,62036.936198,753712
285,62036.936198,756372
286,62036.936198,759024
287,62036.936198,761681
288,62036.936198,764341
289,62036.936198,767004
290,62036.936198,769661
291,62036.936198,772320
292,62036.936198,774972
293,62036.936198,777630
294,62036.936198,780288
295,62036.936198,782951
296,62036.936198,785609
297,62036.936198,788265
298,62036.936198,790921
299,62036.936198,793583
300,62036.936198,796241
301,62036.936198,798901
302,62036.936198,801558
303,62036.936198,804217
304,62036.936198,806873
305,62036.936198,809529
62036.936198,4.490073
1,62272.764351,2376
2,62075.667901,5016
3,62039.011722,7656
4,62037.820924,10296
5,62037.820924,12935
6,62037.820924,15574
7,62037.820924,18214
8,62037.820924,20849
9,62037.820924,23480
10,62037.820924,26113
11,62037.820924,28747
12,62037.820924,31384
13,62037.820924,34014
14,62037.820924,36640
15,62037.820924,39272
16,62037.820924,41899
17,62037.820924,44528
18,62037.820924,47152
19,62037.820924,49780
20,62037.820924,52414
21,62037.820924,55044
22,62037.820924,57669
23,62037.820924,60296
24,62037.820924,62931
25,62037.820924,65553
26,62037.820924,68183
27,62037.820924,70813
28,62037.820924,73437
29,62037.820924,76071
30,62037.820924,78701
31,62037.820924,81330
32,62037.820924,83960
33,62037.820924,86594
34,62037.820924,89226
35,62037.820924,91859
36,62037.820924,94488
37,62037.820924,97119
38,62037.820924,99747
39,62037.820924,102377
40,62037.820924,105008
41,62037.820924,107638
42,62037.820924,110269
43,62037.820924,112900
44,62037.820924,115526
45,62037.820924,118157
46,62037.820924,120793
47,62037.820924,123429
48,62037.820924,126051
49,62037.820924,128683
50,62037.820924,131309
51,62037.820924,133940
52,62037.820924,136571
53,62037.820924,139198
54,62037.820924,141828
55,62037.820924,144454
56,62037.820924,147082
57,62037.820924,149706
58,62037.820924,152336
59,62037.820924,154956
60,62037.820924,157577
61,62037.820924,160207
62,62037.820924,162835
63,62037.820924,165468
64,62037.820924,168100
65,62037.820924,170731
66,62037.820924,173363
67,62037.820924,175997
68,62037.820924,178626
69,62037.820924,181251
70,62037.820924,183883
71,62037.820924,186518
72,62037.820924,189153
73,62037.820924,191785
74,62037.820924,194417
75,62037.820924,197045
76,62037.820924,199680
77,62037.820924,202314
78,62037.820924,204947
79,62037.820924,207575
80,62037.820924,210205
81,62037.820924,212831
82,62037.820924,215460
83,62037.820924,218090
84,62037.820924,220716
85,62037.820924,223342
86,62037.820924,225978
87,62037.820924,228612
88,62037.820924,231247
89,62037.820924,233881
90,62037.820924,236516
91,62037.820924,239140
92,62037.820924,241771
93,62037.820924,244402
94,62037.820924,247038
95,62037.820924,249669
96,62037.820924,252306
97,62037.820924,254940
98,62037.820924,257577
99,62037.820924,260211
100,62037.820924,262848
101,62037.820924,265471
102,62037.820924,268104
103,62037.820924,270741
104,62037.820924,273371
105,62037.820924,275998
106,62037.820924,278628
107,62037.820924,281259
108,62037.820924,283896
109,62037.820924,286529
110,62037.820924,289161
111,62037.820924,291792
112,62036.763151,294422
113,62036.763151,297048
114,62036.763151,299676
115,62036.763151,302299
116,62036.763151,304932
117,62036.763151,307569
118,62036.763151,310202
119,62036.763151,312836
120,62036.763151,315473
121,62036.763151,318104
122,62036.763151,320740
123,62036.763151,323365
124,62036.763151,326000
125,62036.763151,328629
126,62036.763151,331261
127,62036.763151,333889
128,62036.763151,336516
129,62036.763151,339149
130,62036.763151,341781
131,62036.763151,344412
132,62036.763151,347045
133,62036.763151,349682
134,62036.763151,352316
135,62036.763151,354952
136,62036.763151,357585
137,62036.763151,360219
138,62036.763151,362851
139,62036.763151,365485
140,62036.763151,368120
141,62036.763151,370753
142,62036.763151,373391
143,62036.763151,376014
144,62036.763151,378650
145,62036.763151,381283
146,62036.763151,383917
147,62036.763151,386549
148,62036.763151,389180
149,62036.763151,391809
150,62036.763151,394434
151,62036.763151,397061
152,62036.763151,399695
153,62036.763151,402328
154,62036.763151,404962
155,62036.763151,407595
156,62036.763151,410222
157,62036.763151,412848
158,62036.763151,415474
159,62036.763151,418103
160,62036.763151,420737
161,62036.763151,423365
162,62036.763151,426000
163,62036.763151,428619
164,62036.763151,431239
165,62036.763151,433865
166,62036.763151,436479
167,62036.763151,439100
168,62036.763151,441718
169,62036.763151,444343
170,62036.763151,446969
171,62036.763151,449598
172,62036.763151,452234
173,62036.763151,454858
174,62036.763151,457483
175,62036.763151,460109
176,62036.763151,462734
177,62036.763151,465362
178,62036.763151,467993
179,62036.763151,470625
180,62036.763151,473255
181,62036.763151,475885
182,62036.763151,478519
183,62036.763151,481152
184,62036.763151,483787
185,62036.763151,486409
186,62036.763151,489034
187,62036.763151,491664
188,62036.763151,494281
189,62036.763151,496914
190,62036.763151,499543
191,62036.763151,502173
192,62036.763151,504801
193,62036.763151,507435
194,62036.763151,510062
195,62036.763151,512696
196,62036.763151,515317
197,62036.763151,517944
198,62036.763151,520573
199,62036.763151,523199
200,62036.763151,525824
201,62036.763151,528446
202,62036.763151,531072
203,62036.763151,533700
204,62036.763151,536330
205,62036.763151,538959
206,62036.763151,541591
207,62036.763151,544217
208,62036.763151,546843
209,62036.763151,549478
210,62036.763151,552107
211,62036.763151,554737
212,62036.763151,557362
213,62036.763151,559996
214,62036.763151,562614
215,62036.763151,565235
216,62036.763151,567866
217,62036.763151,570499
218,62036.763151,573125
219,62036.763151,575746
220,62036.763151,578374
221,62036.763151,581001
222,62036.763151,583626
223,62036.763151,586248
224,62036.763151,588874
225,62036.763151,591504
226,62036.763151,594131
227,62036.763151,596765
228,62036.763151,599397
229,62036.763151,602017
230,62036.763151,604642
231,62036.763151,607272
232,62036.763151,609898
233,62036.763151,612529
234,62036.763151,615165
235,62036.763151,617795
236,62036.763151,620424
237,62036.763151,623050
238,62036.763151,625682
239,62036.763151,628309
240,62036.763151,630938
241,62036.763151,633566
242,62036.763151,636201
243,62036.763151,638830
244,62036.763151,641452
245,62036.763151,644083
246,62036.763151,646717
247,62036.763151,649346
248,62036.763151,651980
249,62036.763151,654616
250,62036.763151,657243
251,62036.763151,659877
252,62036.763151,662510
253,62036.763151,665145
254,62036.763151,667780
255,62036.763151,670416
256,62036.763151,673053
257,62036.763151,675682
258,62036.763151,678315
259,62036.763151,680950
260,62036.763151,683576
261,62036.763151,686211
262,62036.763151,688845
263,62036.763151,691475
264,62036.763151,694109
265,62036.763151,696739
266,62036.763151,699374
267,62036.763151,702006
268,62036.763151,704635
269,62036.763151,707271
270,62036.763151,709900
271,62036.763151,712529
272,62036.763151,715162
273,62036.763151,717795
274,62036.763151,720427
275,62036.763151,723063
276,62036.763151,725695
277,62036.763151,728327
278,62036.763151,730960
279,62036.763151,733592
280,62036.763151,736221
281,62036.763151,738837
282,62036.763151,741469
283,62036.763151,744101
284,62036.763151,746728
285,62036.763151,749364
286,62036.763151,751992
287,62036.763151,754621
288,62036.763151,757248
289,62036.763151,759873
290,62036.763151,762503
291,62036.763151,765133
292,62036.763151,767767
293,62036.763151,770403
294,62036.763151,773034
295,62036.763151,775671
296,62036.763151,778306
297,62036.763151,780928
298,62036.763151,783556
299,62036.763151,786186
300,62036.763151,788816
301,62036.763151,791442
302,62036.763151,794067
303,62036.763151,796691
304,62036.763151,799323
305,62036.763151,801952
306,62036.763151,804578
307,62036.763151,807208
308,62036.763151,809842
62036.763151,4.555303
1,62201.514112,2376
2,62057.935704,5037
3,62043.588029,7698
4,62040.654168,10359
5,62037.820924,13019
6,62037.820924,15679
7,62037.652059,18340
8,62037.652059,20998
9,62037.652059,23655
10,62037.652059,26312
11,62037.652059,28967
12,62037.652059,31621
13,62037.652059,34274
14,62037.652059,36932
15,62037.652059,39583
16,62037.652059,42237
17,62037.652059,44889
18,62037.652059,47547
19,62037.652059,50200
20,62037.652059,52847
21,62037.652059,55497
22,62037.652059,58151
23,62037.652059,60797
24,62037.652059,63449
25,62037.652059,66099
26,62037.652059,68752
27,62037.652059,71393
28,62037.652059,74043
29,62037.652059,76691
30,62037.652059,79343
31,62037.652059,81999
32,62037.652059,84648
33,62037.652059,87291
34,62037.652059,89938
35,62037.652059,92587
36,62037.652059,95240
37,62037.652059,97890
38,62037.652059,100543
39,62037.652059,103199
40,62037.652059,105853
41,62037.652059,108500
42,62037.652059,111149
43,62037.652059,113799
44,62037.652059,116454
45,62037.652059,119100
46,62037.652059,121758
47,62037.652059,124415
48,62037.652059,127068
49,62037.652059,129720
50,62037.652059,132372
51,62037.652059,135028
52,62037.652059,137685
53,62037.652059,140341
54,62037.652059,142997
55,62037.652059,145649
56,62037.652059,148301
57,62037.652059,150950
58,62037.652059,153600
59,62037.652059,156247
60,62037.652059,158897
61,62037.652059,161550
62,62037.652059,164204
63,62037.652059,166859
64,62037.652059,169515
65,62037.652059,172164
66,62037.652059,174817
67,62037.652059,177469
68,62037.652059,180120
69,62037.652059,182770
70,62037.652059,185420
71,62037.652059,188068
72,62037.652059,190715
73,62037.652059,193357
74,62037.652059,195995
75,62037.652059,198644
76,62037.652059,201285
77,62037.652059,203936
78,62037.652059,206580
79,62037.652059,209221
80,62037.652059,211870
81,62037.652059,214523
82,62037.652059,217173
83,62037.652059,219823
84,62037.652059,222471
85,62037.652059,225121
86,62037.652059,227777
87,62037.652059,230429
88,62037.652059,233080
89,62037.652059,235733
90,62037.652059,238384
91,62037.652059,241032
92,62037.652059,243680
93,62037.652059,246325
94,62037.652059,248978
95,62037.652059,251620
96,62037.652059,254266
97,62037.652059,256919
98,62037.652059,259572
99,62037.652059,262222
100,62037.652059,264875
101,62037.652059,267528
102,62037.652059,270183
103,62037.652059,272840
104,62037.652059,275494
105,62037.652059,278149
106,62037.652059,280797
107,62037.652059,283456
108,62037.652059,286103
109,62037.652059,288754
110,62037.652059,291412
111,62037.652059,294060
112,62037.652059,296717
113,62037.652059,299375
114,62037.652059,302027
115,62037.652059,304684
116,62037.652059,307332
117,62037.652059,309990
118,62037.652059,312645
119,62037.652059,315286
120,62037.652059,317940
121,62037.652059,320593
122,62037.652059,323244
123,62037.652059,325896
124,62037.652059,328549
125,62037.652059,331206
126,62037.652059,333853
127,62037.652059,336509
128,62037.652059,339157
129,62037.652059,341808
130,62037.652059,344464
131,62037.652059,347118
132,62037.652059,349775
133,62037.652059,352430
134,62037.652059,355083
135,62037.652059,357730
136,62037.652059,360375
137,62037.652059,363027
138,62037.652059,365676
139,62037.652059,368327
140,62037.652059,370972
141,62037.652059,373614
142,62037.652059,376267
143,62037.652059,378920
144,62037.652059,381569
145,62037.652059,384219
146,62037.652059,386866
147,62037.652059,389518
148,62037.652059,392170
149,62037.652059,394826
150,62037.652059,397481
151,62037.652059,400130
152,62037.652059,402784
153,62037.652059,405435
154,62037.652059,408085
155,62037.652059,410731
156,62037.652059,413388
157,62037.652059,416042
158,62037.652059,418698
159,62037.652059,421355
160,62037.652059,424010
161,62037.652059,426664
162,62037.652059,429319
163,62037.652059,431972
164,62037.652059,434627
165,62037.652059,437280
166,62037.652059,439927
167,62037.652059,442576
168,62037.652059,445229
169,62037.652059,447881
170,62037.652059,450535
171,62037.652059,453192
172,62037.652059,455846
173,62037.652059,458494
174,62037.652059,461140
175,62037.652059,463787
176,62037.652059,466439
177,62037.652059,469088
178,62037.652059,471746
179,62037.652059,474391
180,62037.652059,477037
181,62037.652059,479687
182,62037.652059,482335
183,62037.652059,484974
184,62037.652059,487618
185,62037.652059,490263
186,62037.652059,492908
187,62037.652059,495554
188,62037.652059,498204
189,62037.652059,500853
190,62037.652059,503502
191,62037.652059,506143
192,62037.652059,508797
193,62037.652059,511442
194,62037.652059,514093
195,62037.652059,516738
196,62037.652059,519392
197,62037.652059,522044
198,62037.652059,524700
199,62037.652059,527346
200,62037.652059,529997
201,62037.652059,532650
202,62037.652059,535306
203,62037.652059,537958
204,62037.652059,540606
205,62037.652059,543263
206,62037.652059,545914
207,62037.652059,548567
208,62037.652059,551224
209,62037.652059,553875
210,62037.652059,556526
211,62037.652059,559178
212,62037.652059,561834
213,62037.652059,564476
214,62037.652059,567133
215,62037.652059,569787
216,62037.652059,572439
217,62037.652059,575077
218,62037.652059,577717
219,62037.652059,580367
220,62037.652059,583020
221,62037.652059,585677
222,62037.652059,588332
223,62037.652059,590989
224,62037.652059,593642
225,62037.652059,596297
226,62037.652059,598952
227,62037.652059,601610
228,62037.652059,604267
229,62037.652059,606923
230,62037.652059,609575
231,62037.652059,612225
232,62037.652059,614878
233,62037.652059,617531
234,62037.652059,620189
235,62037.652059,622843
236,62037.652059,625494
237,62037.652059,628147
238,62037.652059,630798
239,62037.652059,633444
240,62037.652059,636090
241,62037.652059,638742
242,62037.652059,641396
243,62037.652059,644047
244,62037.652059,646695
245,62037.652059,649344
246,62037.652059,651996
247,62037.652059,654640
248,62037.652059,657287
249,62037.652059,659941
250,62037.652059,662592
251,62037.652059,665241
252,62037.652059,667890
253,62037.652059,670530
254,62037.652059,673174
255,62037.652059,675816
256,62037.652059,678469
257,62037.652059,681116
258,62037.652059,683771
259,62037.652059,686422
260,62037.652059,689077
261,62037.652059,691733
262,62037.652059,694386
263,62037.652059,697044
264,62037.652059,699699
265,62037.652059,702353
266,62037.652059,705010
267,62037.652059,707663
268,62037.652059,710321
269,62037.652059,712975
270,62037.652059,715631
271,62037.652059,718280
272,62037.652059,720927
273,62037.652059,723583
274,62037.652059,726240
275,62037.652059,728894
276,62037.652059,731550
277,62037.652059,734204
278,62037.652059,736860
279,62037.652059,739509
280,62037.652059,742153
281,62037.652059,744807
282,62037.652059,747454
283,62037.652059,750106
284,62037.652059,752757
285,62037.652059,755405
286,62037.652059,758055
287,62037.652059,760707
288,62037.652059,763367
289,62037.652059,766014
290,62037.652059,768669
291,62037.652059,771326
292,62037.652059,773985
293,62037.652059,776640
294,62037.652059,779295
295,62037.652059,781950
296,62037.652059,784604
297,62037.652059,787258
298,62037.652059,789909
299,62037.652059,792557
300,62037.652059,795207
301,62037.652059,797858
302,62037.652059,800508
303,62037.652059,803163
304,62037.652059,805808
305,62037.652059,808453
306,62037.652059,811111
62037.652059,4.567109
1,62243.570715,2376
2,62066.256810,5034
3,62066.256810,7692
4,62039.011722,10350
5,62038.289660,13008
6,62037.748655,15664
7,62037.748655,18318
8,62037.748655,20971
9,62037.748655,23628
10,62037.748655,26274
11,62037.748655,28920
12,62037.748655,31567
13,62037.748655,34215
14,62037.748655,36864
15,62037.748655,39510
16,62037.748655,42159
17,62037.748655,44796
18,62037.748655,47445
19,62037.748655,50081
20,62037.748655,52730
21,62037.748655,55369
22,62037.748655,58010
23,62037.748655,60650
24,62037.748655,63295
25,62037.748655,65940
26,62037.748655,68583
27,62037.748655,71230
28,62037.748655,73882
29,62037.748655,76532
30,62037.748655,79182
31,62037.748655,81827
32,62037.748655,84475
33,62037.748655,87119
34,62037.748655,89764
35,62037.748655,92412
36,62037.748655,95058
37,62037.748655,97699
38,62037.748655,100347
39,62037.748655,102990
40,62037.748655,105633
41,62037.748655,108280
42,62037.748655,110933
43,62037.748655,113580
44,62037.748655,116226
45,62037.748655,118876
46,62037.748655,121517
47,62037.748655,124155
48,62037.748655,126797
49,62037.748655,129431
50,62037.748655,132061
51,62037.748655,134698
52,62037.748655,137337
53,62037.748655,139978
54,62037.748655,142612
55,62037.748655,145249
56,62037.748655,147894
57,62037.748655,150533
58,62037.748655,153175
59,62037.748655,155820
60,62037.748655,158468
61,62037.748655,161112
62,62037.748655,163758
63,62037.748655,166406
64,62037.748655,169056
65,62037.748655,171705
66,62037.748655,174357
67,62037.748655,177008
68,62037.748655,179658
69,62037.748655,182309
70,62037.748655,184960
71,62037.748655,187603
72,62037.748655,190251
73,62037.748655,192908
74,62037.748655,195556
75,62037.748655,198203
76,62037.748655,200853
77,62037.748655,203505
78,62037.748655,206155
79,62037.748655,208805
80,62037.748655,211459
81,62037.748655,214105
82,62037.748655,216753
83,62037.748655,219403
84,62037.748655,222054
85,62037.748655,224706
86,62037.748655,227357
87,62037.748655,230003
88,62037.748655,232649
89,62037.748655,235291
90,62037.748655,237941
91,62037.748655,240586
92,62037.748655,243233
93,62037.748655,245885
94,62037.748655,248531
95,62037.748655,251177
96,62037.748655,253823
97,62037.748655,256468
98,62037.748655,259114
99,62037.748655,261764
100,62037.748655,264412
101,62037.748655,267053
102,62037.748655,269693
103,62037.748655,272343
104,62037.748655,274993
105,62037.748655,277645
106,62037.748655,280298
107,62037.748655,282945
108,62037.748655,285595
109,62037.748655,288244
110,62037.748655,290888
111,62037.748655,293541
112,62037.748655,296186
113,62037.748655,298831
114,62037.748655,301481
115,62037.748655,304125
116,62037.748655,306775
117,62037.748655,309421
118,62037.748655,312067
119,62037.748655,314705
120,62037.748655,317356
121,62037.748655,320006
122,62037.748655,322656
123,62037.748655,325308
124,62037.748655,327960
125,62037.748655,330614
126,62037.748655,333261
127,62037.748655,335907
128,62037.748655,338556
129,62037.748655,341202
130,62037.748655,343852
131,62037.748655,346501
132,62037.748655,349146
133,62037.748655,351800
134,62037.748655,354443
135,62037.748655,357084
136,62037.748655,359727
137,62037.748655,362371
138,62037.748655,365022
139,62037.748655,367670
140,62037.748655,370318
141,62037.748655,372964
142,62037.748655,375616
143,62037.748655,378268
144,62037.748655,380916
145,62037.748655,383562
146,62037.748655,386215
147,62037.748655,388865
148,62037.748655,391513
149,62037.748655,394164
150,62037.748655,396818
151,62037.748655,399468
152,62037.748655,402118
153,62037.748655,404770
154,62037.748655,407425
155,62037.748655,410074
156,62037.748655,412727
157,62037.748655,415371
158,62037.748655,418025
159,62037.748655,420675
160,62037.748655,423329
161,62037.748655,425983
162,62037.748655,428639
163,62037.748655,431293
164,62037.748655,433949
165,62037.748655,436604
166,62037.748655,439256
167,62037.748655,441904
168,62037.748655,444557
169,62037.748655,447206
170,62037.748655,449860
171,62037.748655,452511
172,62037.748655,455159
173,62037.748655,457805
174,62037.748655,460455
175,62037.748655,463105
176,62037.748655,465757
177,62037.748655,468407
178,62037.748655,471061
179,62037.748655,473714
180,62037.748655,476364
181,62037.748655,479014
182,62037.748655,481661
183,62037.748655,484311
184,62037.748655,486967
185,62037.748655,489613
186,62037.748655,492264
187,62037.748655,494915
188,62037.748655,497572
189,62037.748655,500220
190,62037.748655,502869
191,62037.748655,505519
192,62037.748655,508167
193,62037.748655,510813
194,62037.748655,513463
195,62037.748655,516112
196,62037.748655,518763
197,62037.748655,521416
198,62037.748655,524063
199,62037.748655,526717
200,62037.748655,529368
201,62037.748655,532021
202,62037.748655,534674
203,62037.748655,537327
204,62037.748655,539982
205,62037.748655,542628
206,62037.748655,545276
207,62037.748655,547927
208,62037.748655,550566
209,62037.748655,553215
210,62037.748655,555859
211,62037.748655,558506
212,62037.748655,561150
213,62037.748655,563785
214,62037.748655,566429
215,62037.748655,569078
216,62037.748655,571725
217,62037.748655,574381
218,62037.748655,577032
219,62037.748655,579679
220,62037.748655,582322
221,62037.748655,584975
222,62037.748655,587625
223,62037.748655,590275
224,62037.748655,592927
225,62037.748655,595578
226,62037.748655,598232
227,62037.748655,600884
228,62037.748655,603528
229,62037.748655,606179
230,62037.748655,608827
231,62037.748655,611480
232,62037.748655,614126
233,62037.748655,616776
234,62037.748655,619428
235,62037.748655,622082
236,62037.748655,624734
237,62037.748655,627388
238,62037.748655,630041
239,62037.748655,632694
240,62037.748655,635344
241,62037.748655,637990
242,62037.748655,640642
243,62037.748655,643293
244,62037.748655,645941
245,62037.748655,648592
246,62037.748655,651246
247,62037.748655,653895
248,62037.403827,656544
249,62037.403827,659195
250,62037.403827,661849
251,62037.403827,664498
252,62037.403827,667150
253,62037.403827,669796
254,62037.403827,672442
255,62037.403827,675089
256,62037.403827,677739
257,62037.403827,680388
258,62037.403827,683033
259,62037.403827,685676
260,62037.403827,688321
261,62037.403827,690977
262,62037.403827,693621
263,62037.403827,696266
264,62037.403827,698920
265,62037.403827,701560
266,62037.403827,704208
267,62037.403827,706857
268,62037.403827,709503
269,62037.403827,712157
270,62037.403827,714807
271,62037.403827,717456
272,62037.403827,720104
273,62037.403827,722753
274,62037.403827,725397
275,62037.403827,728052
276,62037.403827,730700
277,62037.403827,733350
278,62037.403827,736004
279,62037.403827,738654
280,62037.403827,741308
281,62037.403827,743958
282,62037.403827,746605
283,62037.403827,749255
284,62037.403827,751906
285,62037.403827,754558
286,62037.403827,757205
287,62037.403827,759859
288,62037.403827,762508
289,62037.403827,765155
290,62037.403827,767798
291,62037.403827,770434
292,62037.403827,773079
293,62037.403827,775722
294,62037.403827,778367
295,62037.403827,781012
296,62037.403827,783658
297,62037.403827,786299
298,62037.403827,788948
299,62037.403827,791598
300,62037.403827,794252
301,62037.403827,796906
302,62037.403827,799559
303,62037.403827,802207
304,62037.403827,804858
305,62037.403827,807509
306,62037.403827,810160
62037.403827,4.737519
1,62248.677192,2376
2,62054.476957,5000
3,62039.011722,7624
4,62038.592434,10248
5,62037.953821,12869
6,62037.953821,15493
7,62037.953821,18112
8,62037.953821,20735
9,62037.953821,23351
10,62037.953821,25970
11,62037.953821,28590
12,62037.659026,31211
13,62037.659026,33832
14,62037.659026,36450
15,62037.659026,39066
16,62037.659026,41681
17,62037.659026,44298
18,62037.659026,46913
19,62037.659026,49530
20,62037.659026,52141
21,62037.659026,54750
22,62037.659026,57360
23,62037.659026,59973
24,62037.659026,62591
25,62037.659026,65205
26,62037.659026,67811
27,62037.659026,70428
28,62037.659026,73044
29,62037.659026,75659
30,62037.659026,78275
31,62037.659026,80886
32,62037.659026,83505
33,62037.659026,86120
34,62037.659026,88738
35,62037.659026,91356
36,62037.659026,93974
37,62037.659026,96589
38,62037.659026,99205
39,62037.659026,101823
40,62037.659026,104435
41,62037.659026,107050
42,62037.659026,109667
43,62037.659026,112282
44,62037.659026,114894
45,62037.659026,117506
46,62037.659026,120126
47,62037.659026,122744
48,62037.659026,125367
49,62037.659026,127984
50,62037.659026,130596
51,62037.659026,133212
52,62037.659026,135822
53,62037.659026,138440
54,62037.659026,141056
55,62037.659026,143672
56,62037.659026,146289
57,62037.659026,148904
58,62037.659026,151526
59,62037.659026,154148
60,62037.659026,156767
61,62037.659026,159382
62,62037.659026,161998
63,62037.659026,164616
64,62037.659026,167231
65,62037.659026,169847
66,62037.659026,172467
67,62037.659026,175084
68,62037.659026,177701
69,62037.659026,180318
70,62037.659026,182933
71,62037.659026,185549
72,62037.659026,188165
73,62037.634328,190774
74,62037.634328,193389
75,62037.097698,196000
76,62037.097698,198610
77,62037.097698,201214
78,62037.097698,203828
79,62037.097698,206440
80,62037.097698,209061
81,62037.097698,211675
82,62037.097698,214289
83,62037.097698,216906
84,62037.097698,219521
85,62037.097698,222138
86,62037.097698,224750
87,62037.097698,227366
88,62037.097698,229984
89,62037.097698,232601
90,62037.097698,235217
91,62037.097698,237830
92,62037.097698,240444
93,62037.097698,243059
94,62037.097698,245678
95,62037.097698,248291
96,62037.097698,250906
97,62037.097698,253520
98,62037.097698,256136
99,62037.097698,258750
100,62037.097698,261369
101,62037.097698,263972
102,62037.097698,266591
103,62037.097698,269204
104,62037.097698,271822
105,62037.097698,274431
106,62037.097698,277048
107,62037.097698,279661
108,62037.097698,282278
109,62037.097698,284888
110,62037.097698,287505
111,62037.097698,290125
112,62037.097698,292740
113,62037.097698,295348
114,62037.097698,297965
115,62037.097698,300570
116,62037.097698,303183
117,62037.097698,305796
118,62037.097698,308411
119,62037.097698,311014
120,62037.097698,313622
121,62037.097698,316228
122,62037.097698,318836
123,62037.097698,321450
124,62037.097698,324064
125,62037.097698,326674
126,62037.097698,329291
127,62037.097698,331909
128,62037.097698,334527
129,62037.097698,337141
130,62037.097698,339758
131,62037.097698,342378
132,62037.097698,344990
133,62037.097698,347604
134,62037.097698,350222
135,62037.097698,352838
136,62037.097698,355451
137,62037.097698,358071
138,62037.097698,360691
139,62037.097698,363304
140,62037.097698,365925
141,62037.097698,368545
142,62037.097698,371165
143,62037.097698,373778
144,62037.097698,376393
145,62037.097698,379011
146,62037.097698,381626
147,62037.097698,384245
148,62037.097698,386857
149,62037.097698,389471
150,62037.097698,392085
151,62037.097698,394698
152,62037.097698,397313
153,62037.097698,399925
154,62037.097698,402539
155,62037.097698,405146
156,62037.097698,407766
157,62037.097698,410385
158,62037.097698,413000
159,62037.097698,415619
160,62037.097698,418236
161,62037.097698,420846
162,62037.097698,423457
163,62037.097698,426068
164,62037.097698,428689
165,62037.097698,431305
166,62037.097698,433915
167,62037.097698,436531
168,62037.097698,439141
169,62037.097698,441749
170,62037.097698,444362
171,62037.097698,446984
172,62037.097698,449602
173,62037.097698,452215
174,62037.097698,454826
175,62037.097698,457443
176,62037.097698,460061
177,62037.097698,462680
178,62037.097698,465297
179,62037.097698,467906
180,62037.097698,470514
181,62037.097698,473120
182,62037.097698,475738
183,62037.097698,478354
184,62037.097698,480966
185,62037.097698,483583
186,62037.097698,486198
187,62037.097698,488816
188,62037.097698,491431
189,62037.097698,494041
190,62037.097698,496656
191,62037.097698,499274
192,62037.097698,501888
193,62037.097698,504505
194,62037.097698,507121
195,62037.097698,509736
196,62037.097698,512350
197,62037.097698,514968
198,62037.097698,517569
199,62037.097698,520180
200,62037.097698,522794
201,62037.097698,525413
202,62037.097698,528031
203,62037.097698,530643
204,62037.097698,533256
205,62037.097698,535870
206,62037.097698,538487
207,62037.097698,541102
208,62037.097698,543717
209,62037.097698,546325
210,62037.097698,548944
211,62037.097698,551550
212,62037.097698,554166
213,62037.097698,556774
214,62037.097698,559392
215,62037.097698,562007
216,62037.097698,564615
217,62037.097698,567224
218,62037.097698,569832
219,62037.097698,572438
220,62037.097698,575050
221,62037.097698,577668
222,62037.097698,580280
223,62037.097698,582878
224,62037.097698,585494
225,62037.097698,588106
226,62037.097698,590721
227,62037.097698,593328
228,62037.097698,595942
229,62037.097698,598560
230,62037.097698,601174
231,62037.097698,603788
232,62037.097698,606405
233,62037.097698,609012
234,62037.097698,611627
235,62037.097698,614243
236,62037.097698,616863
237,62037.097698,619475
238,62037.097698,622088
239,62037.097698,624708
240,62037.097698,627321
241,62037.097698,629937
242,62037.097698,632554
243,62037.097698,635171
244,62037.097698,637784
245,62037.097698,640394
246,62037.097698,643007
247,62037.097698,645621
248,62037.097698,648238
249,62037.097698,650854
250,62037.097698,653459
251,62037.097698,656067
252,62037.097698,658683
253,62037.097698,661286
254,62037.097698,663901
255,62037.097698,666518
256,62037.097698,669130
257,62037.097698,671743
258,62037.097698,674355
259,62037.097698,676972
260,62037.097698,679587
261,62037.097698,682200
262,62037.097698,684810
263,62037.097698,687426
264,62037.097698,690033
265,62037.097698,692646
266,62037.097698,695255
267,62037.097698,697874
268,62037.097698,700485
269,62037.097698,703101
270,62037.097698,705720
271,62037.097698,708328
272,62037.097698,710944
273,62037.097698,713558
274,62037.097698,716174
275,62037.097698,718788
276,62037.097698,721405
277,62037.097698,724009
278,62037.097698,726624
279,62037.097698,729239
280,62037.097698,731858
281,62037.097698,734477
282,62037.097698,737094
283,62037.097698,739713
284,62037.097698,742324
285,62037.097698,744937
286,62037.097698,747556
287,62037.097698,750170
288,62037.097698,752791
289,62037.097698,755402
290,62037.097698,758021
291,62037.097698,760635
292,62037.097698,763254
293,62037.097698,765872
294,62037.097698,768492
295,62037.097698,771114
296,62037.097698,773728
297,62037.097698,776344
298,62037.097698,778962
299,62037.097698,781574
300,62037.097698,784193
301,62037.097698,786815
302,62037.097698,789431
303,62037.097698,792050
304,62037.097698,794665
305,62037.097698,797282
306,62037.097698,799898
307,62037.097698,802508
308,62037.097698,805116
309,62037.097698,807724
310,62037.097698,810334
62037.097698,4.588240
1,62184.573406,2376
2,62084.763504,5023
3,62043.206775,7670
4,62038.289660,10317
5,62038.289660,12964
6,62038.289660,15604
7,62037.953821,18249
8,62037.953821,20887
9,62037.953821,23527
10,62037.953821,26163
11,62037.953821,28806
12,62037.953821,31446
13,62037.953821,34086
14,62037.953821,36725
15,62037.953821,39353
16,62037.953821,41987
17,62037.953821,44617
18,62037.953821,47252
19,62037.953821,49883
20,62037.953821,52525
21,62037.953821,55158
22,62037.953821,57791
23,62037.953821,60423
24,62037.953821,63064
25,62037.953821,65704
26,62037.953821,68342
27,62037.953821,70979
28,62037.953821,73619
29,62037.953821,76260
30,62037.953821,78904
31,62037.953821,81544
32,62037.953821,84184
33,62037.953821,86822
34,62037.953821,89459
35,62037.953821,92104
36,62037.953821,94745
37,62037.953821,97387
38,62037.953821,100022
39,62037.953821,102657
40,62037.953821,105297
41,62037.953821,107933
42,62037.953821,110572
43,62037.953821,113203
44,62037.953821,115837
45,62037.953821,118468
46,62037.953821,121100
47,62037.953821,123735
48,62037.953821,126374
49,62037.953821,129014
50,62037.953821,131648
51,62037.953821,134281
52,62037.953821,136919
53,62037.953821,139562
54,62037.953821,142202
55,62037.953821,144834
56,62037.953821,147476
57,62037.953821,150112
58,62037.953821,152751
59,62037.953821,155397
60,62037.953821,158035
61,62037.953821,160673
62,62037.953821,163313
63,62037.953821,165958
64,62037.953821,168593
65,62037.953821,171230
66,62037.953821,173871
67,62037.953821,176509
68,62037.953821,179149
69,62037.953821,181792
70,62037.953821,184436
71,62037.953821,187076
72,62037.953821,189720
73,62037.953821,192360
74,62037.953821,194997
75,62037.953821,197635
76,62037.953821,200271
77,62037.953821,202904
78,62037.953821,205543
79,62037.953821,208178
80,62037.953821,210822
81,62037.953821,213457
82,62037.953821,216093
83,62037.953821,218728
84,62037.953821,221364
85,62037.953821,223996
86,62037.953821,226641
87,62037.953821,229281
88,62037.953821,231921
89,62037.953821,234564
90,62037.953821,237208
91,62037.953821,239848
92,62037.953821,242485
93,62037.953821,245129
94,62037.953821,247767
95,62037.953821,250399
96,62037.953821,253035
97,62037.953821,255676
98,62037.953821,258318
99,62037.953821,260956
100,62037.953821,263591
101,62037.953821,266231
102,62037.953821,268868
103,62037.953821,271512
104,62037.953821,274153
105,62037.953821,276788
106,62037.953821,279430
107,62037.953821,282064
108,62037.953821,284703
109,62037.953821,287343
110,62037.953821,289975
111,62037.953821,292612
112,62037.953821,295252
113,62037.953821,297892
114,62037.953821,300526
115,62037.953821,303165
116,62037.953821,305803
117,62037.953821,308441
118,62037.953821,311082
119,62037.953821,313718
120,62037.953821,316356
121,62037.953821,318984
122,62037.953821,321623
123,62037.953821,324268
124,62037.953821,326910
125,62037.953821,329543
126,62037.953821,332184
127,62037.953821,334828
128,62037.953821,337469
129,62037.953821,340111
130,62037.953821,342748
131,62037.953821,345391
132,62037.820924,348035
133,62037.820924,350676
134,62037.820924,353316
135,62037.820924,355956
136,62037.820924,358597
137,62037.820924,361234
138,62037.820924,363875
139,62037.820924,366514
140,62037.820924,369148
141,62037.820924,371790
142,62037.820924,374432
143,62037.820924,377072
144,62037.820924,379711
145,62037.820924,382346
146,62037.820924,384984
147,62037.820924,387619
148,62037.820924,390260
149,62037.820924,392901
150,62037.820924,395546
151,62037.820924,398180
152,62037.820924,400819
153,62037.820924,403458
154,62037.820924,406095
155,62037.820924,408727
156,62037.820924,411360
157,62037.820924,414002
158,62037.820924,416635
159,62037.820924,419275
160,62037.820924,421911
161,62037.820924,424548
162,62037.820924,427188
163,62037.820924,429825
164,62037.820924,432458
165,62037.820924,435090
166,62037.820924,437721
167,62037.820924,440354
168,62037.820924,442988
169,62037.820924,445625
170,62037.820924,448258
171,62037.820924,450890
172,62037.820924,453529
173,62037.820924,456165
174,62037.820924,458804
175,62037.820924,461445
176,62037.820924,464086
177,62037.820924,466722
178,62037.820924,469361
179,62037.820924,472002
180,62037.820924,474642
181,62037.820924,477273
182,62037.820924,479903
183,62037.820924,482539
184,62037.820924,485177
185,62037.820924,487813
186,62037.820924,490454
187,62037.820924,493095
188,62037.820924,495733
189,62037.820924,498368
190,62037.820924,501010
191,62037.820924,503647
192,62037.820924,506287
193,62037.820924,508929
194,62037.820924,511571
195,62037.820924,514212
196,62037.820924,516853
197,62037.820924,519493
198,62037.820924,522129
199,62037.820924,524768
200,62037.820924,527409
201,62037.820924,530048
202,62037.820924,532685
203,62037.820924,535316
204,62037.820924,537956
205,62037.820924,540598
206,62037.820924,543236
207,62037.820924,545871
208,62037.820924,548506
209,62037.820924,551141
210,62037.820924,553780
211,62037.820924,556418
212,62037.820924,559054
213,62037.820924,561689
214,62037.820924,564331
215,62037.820924,566968
216,62037.820924,569604
217,62037.820924,572240
218,62037.820924,574880
219,62037.820924,577515
220,62037.820924,580153
221,62037.820924,582793
222,62037.820924,585433
223,62037.820924,588070
224,62037.820924,590709
225,62037.820924,593350
226,62037.820924,595990
227,62037.820924,598630
228,62037.820924,601271
229,62037.820924,603911
230,62037.820924,606546
231,62037.820924,609184
232,62037.820924,611823
233,62037.820924,614465
234,62037.820924,617104
235,62037.820924,619744
236,62037.820924,622387
237,62037.820924,625025
238,62037.820924,627664
239,62037.820924,630302
240,62037.820924,632942
241,62037.820924,635580
242,62037.820924,638218
243,62037.820924,640853
244,62037.820924,643492
245,62037.820924,646132
246,62037.820924,648771
247,62037.820924,651415
248,62037.820924,654057
249,62037.820924,656698
250,62037.820924,659335
251,62037.820924,661974
252,62037.820924,664610
253,62037.820924,667244
254,62037.820924,669885
255,62037.820924,672521
256,62037.820924,675149
257,62037.820924,677771
258,62037.820924,680412
259,62037.820924,683048
260,62037.820924,685683
261,62037.820924,688320
262,62037.820924,690954
263,62037.820924,693594
264,62037.820924,696225
265,62037.820924,698861
266,62037.820924,701489
267,62037.820924,704117
268,62037.820924,706746
269,62036.936198,709385
270,62036.936198,712020
271,62036.936198,714649
272,62036.936198,717289
273,62036.936198,719921
274,62036.936198,722564
275,62036.936198,725201
276,62036.936198,727840
277,62036.936198,730476
278,62036.936198,733115
279,62036.936198,735758
280,62036.936198,738393
281,62036.936198,741033
282,62036.936198,743677
283,62036.936198,746317
284,62036.936198,748957
285,62036.936198,751596
286,62036.936198,754235
287,62036.936198,756879
288,62036.936198,759518
289,62036.936198,762156
290,62036.936198,764792
291,62036.936198,767432
292,62036.936198,770073
293,62036.936198,772714
294,62036.936198,775351
295,62036.936198,777983
296,62036.936198,780624
297,62036.936198,783261
298,62036.936198,785903
299,62036.936198,788535
300,62036.936198,791176
301,62036.936198,793809
302,62036.936198,796438
303,62036.936198,799077
304,62036.936198,801708
305,62036.936198,804345
306,62036.936198,806982
307,62036.936198,809621
62036.936198,4.533385
1,62189.657433,2376
2,62056.110370,5001
3,62041.006674,7626
4,62040.654168,10251
5,62037.953821,12876
6,62037.953821,15501
7,62037.953821,18125
8,62037.659026,20747
9,62037.659026,23364
10,62037.659026,25987
11,62037.659026,28606
12,62037.659026,31223
13,62037.659026,33841
14,62037.659026,36466
15,62037.659026,39087
16,62037.659026,41705
17,62037.659026,44315
18,62037.659026,46923
19,62037.659026,49523
20,62037.659026,52137
21,62037.659026,54746
22,62037.659026,57361
23,62037.659026,59967
24,62037.659026,62586
25,62037.659026,65196
26,62037.659026,67808
27,62037.659026,70419
28,62037.659026,73037
29,62037.659026,75646
30,62037.659026,78256
31,62037.659026,80871
32,62037.659026,83484
33,62037.659026,86092
34,62037.659026,88704
35,62037.659026,91319
36,62037.659026,93931
37,62037.659026,96538
38,62037.659026,99156
39,62037.659026,101764
40,62037.659026,104380
41,62037.659026,106994
42,62037.659026,109606
43,62037.659026,112223
44,62037.659026,114840
45,62037.659026,117449
46,62037.659026,120063
47,62037.659026,122677
48,62037.659026,125295
49,62037.659026,127915
50,62037.659026,130531
51,62037.659026,133147
52,62037.659026,135765
53,62037.659026,138384
54,62037.659026,140999
55,62037.659026,143616
56,62037.659026,146229
57,62037.659026,148847
58,62037.659026,151462
59,62037.659026,154078
60,62037.659026,156696
61,62037.659026,159307
62,62037.659026,161921
63,62037.659026,164533
64,62037.659026,167152
65,62037.659026,169768
66,62037.659026,172381
67,62037.659026,174991
68,62037.659026,177609
69,62037.659026,180226
70,62037.659026,182841
71,62037.659026,185465
72,62037.659026,188085
73,62037.659026,190701
74,62037.659026,193320
75,62037.659026,195936
76,62037.659026,198558
77,62037.659026,201174
78,62037.659026,203789
79,62037.659026,206407
80,62037.659026,209027
81,62037.659026,211647
82,62037.659026,214262
83,62037.659026,216883
84,62037.659026,219500
85,62037.659026,222113
86,62037.659026,224730
87,62037.659026,227345
88,62037.659026,229966
89,62037.659026,232584
90,62037.659026,235203
91,62037.659026,237819
92,62037.659026,240438
93,62037.659026,243048
94,62037.659026,245669
95,62037.659026,248285
96,62037.659026,250896
97,62037.659026,253517
98,62037.659026,256135
99,62037.659026,258747
100,62037.659026,261365
101,62037.659026,263982
102,62037.659026,266602
103,62037.659026,269224
104,62037.659026,271843
105,62037.659026,274459
106,62037.659026,277073
107,62037.659026,279682
108,62037.659026,282302
109,62037.659026,284919
110,62037.659026,287536
111,62037.659026,290150
112,62037.659026,292766
113,62037.659026,295382
114,62037.659026,298001
115,62037.659026,300620
116,62037.659026,303239
117,62037.659026,305856
118,62037.659026,308473
119,62037.659026,311093
120,62037.659026,313712
121,62037.659026,316333
122,62037.659026,318950
123,62037.659026,321569
124,62037.659026,324183
125,62037.659026,326802
126,62037.659026,329418
127,62037.659026,332035
128,62037.659026,334655
129,62037.659026,337274
130,62037.659026,339892
131,62037.659026,342507
132,62037.659026,345118
133,62037.659026,347738
134,62037.659026,350355
135,62037.659026,352973
136,62037.659026,355587
137,62037.659026,358196
138,62037.659026,360812
139,62037.659026,363420
140,62037.659026,366029
141,62037.659026,368643
142,62037.659026,371248
143,62037.659026,373859
144,62037.659026,376466
145,62037.659026,379077
146,62037.659026,381689
147,62037.659026,384308
148,62037.659026,386926
149,62037.659026,389546
150,62037.659026,392163
151,62037.659026,394780
152,62037.659026,397396
153,62037.659026,400014
154,62037.659026,402627
155,62037.659026,405242
156,62037.659026,407849
157,62037.659026,410460
158,62037.659026,413078
159,62037.659026,415699
160,62037.659026,418309
161,62037.659026,420931
162,62037.659026,423548
163,62037.659026,426170
164,62037.659026,428789
165,62037.659026,431407
166,62037.659026,434020
167,62037.659026,436639
168,62037.659026,439255
169,62037.659026,441874
170,62037.659026,444491
171,62037.659026,447107
172,62037.659026,449730
173,62037.659026,452349
174,62037.659026,454966
175,62037.659026,457581
176,62037.659026,460198
177,62037.659026,462811
178,62037.659026,465429
179,62037.659026,468051
180,62037.659026,470669
181,62037.659026,473284
182,62037.659026,475900
183,62037.659026,478514
184,62037.659026,481128
185,62037.659026,483743
186,62037.659026,486362
187,62037.659026,488982
188,62037.659026,491588
189,62037.659026,494200
190,62037.659026,496819
191,62037.659026,499426
192,62037.659026,502042
193,62037.659026,504658
194,62037.659026,507274
195,62037.659026,509886
196,62037.659026,512502
197,62037.659026,515116
198,62037.659026,517727
199,62037.659026,520338
200,62037.659026,522939
201,62037.659026,525544
202,62037.659026,528144
203,62037.659026,530749
204,62037.659026,533355
205,62037.659026,535963
206,62037.659026,538575
207,62037.659026,541182
208,62037.659026,543793
209,62037.659026,546402
210,62037.659026,549008
211,62037.659026,551617
212,62037.659026,554230
213,62037.659026,556848
214,62037.659026,559466
215,62037.659026,562084
216,62037.659026,564699
217,62037.659026,567311
218,62037.659026,569930
219,62037.659026,572546
220,62037.659026,575161
221,62037.659026,577782
222,62037.659026,580397
223,62037.659026,583011
224,62037.659026,585632
225,62037.659026,588243
226,62037.659026,590857
227,62037.659026,593477
228,62037.659026,596091
229,62037.659026,598702
230,62037.659026,601319
231,62037.659026,603936
232,62037.659026,606556
233,62037.659026,609169
234,62037.659026,611782
235,62037.659026,614395
236,62037.659026,617008
237,62037.659026,619620
238,62037.659026,622228
239,62037.659026,624843
240,62037.659026,627464
241,62037.659026,630081
242,62037.659026,632691
243,62037.659026,635308
244,62037.659026,637925
245,62037.659026,640537
246,62037.659026,643153
247,62037.659026,645773
248,62037.659026,648393
249,62037.659026,651009
250,62037.659026,653621
251,62037.659026,656239
252,62037.659026,658857
253,62037.659026,661473
254,62037.659026,664092
255,62037.659026,666704
256,62037.659026,669320
257,62037.659026,671935
258,62037.659026,674554
259,62037.659026,677167
260,62037.659026,679789
261,62037.659026,682399
262,62037.659026,685014
263,62037.659026,687623
264,62037.659026,690238
265,62037.659026,692854
266,62037.659026,695468
267,62037.659026,698077
268,62037.659026,700692
269,62037.659026,703298
270,62037.659026,705904
271,62037.659026,708515
272,62037.659026,711124
273,62037.659026,713731
274,62037.659026,716341
275,62037.659026,718943
276,62037.659026,721554
277,62037.659026,724163
278,62037.659026,726777
279,62037.659026,729380
280,62037.659026,731990
281,62037.659026,734609
282,62037.659026,737219
283,62037.659026,739836
284,62037.659026,742458
285,62036.730013,745079
286,62036.730013,747699
287,62036.730013,750308
288,62036.730013,752927
289,62036.730013,755539
290,62036.730013,758158
291,62036.730013,760768
292,62036.730013,763388
293,62036.730013,766001
294,62036.730013,768622
295,62036.730013,771240
296,62036.730013,773861
297,62036.730013,776483
298,62036.730013,779099
299,62036.730013,781721
300,62036.730013,784338
301,62036.730013,786956
302,62036.730013,789569
303,62036.730013,792188
304,62036.730013,794805
305,62036.730013,797422
306,62036.730013,800042
307,62036.730013,802658
308,62036.730013,805277
309,62036.730013,807893
310,62036.730013,810513
62036.730013,4.563578
1,62191.473463,2376
2,62054.233522,5002
3,62040.654168,7628
4,62040.024449,10253
5,62037.820924,12879
6,62037.820924,15504
7,62037.820924,18128
8,62037.820924,20748
9,62037.820924,23372
10,62037.820924,25989
11,62037.820924,28610
12,62037.820924,31225
13,62037.820924,33838
14,62037.820924,36454
15,62037.820924,39070
16,62037.820924,41687
17,62037.820924,44306
18,62037.820924,46914
19,62037.820924,49532
20,62037.820924,52155
21,62037.820924,54765
22,62037.820924,57383
23,62037.820924,60000
24,62037.820924,62619
25,62037.820924,65234
26,62037.820924,67852
27,62037.820924,70470
28,62037.820924,73090
29,62037.820924,75705
30,62037.820924,78319
31,62037.820924,80935
32,62037.820924,83554
33,62037.820924,86172
34,62037.820924,88789
35,62037.820924,91407
36,62037.820924,94031
37,62037.820924,96650
38,62037.820924,99262
39,62037.820924,101880
40,62037.820924,104493
41,62037.820924,107109
42,62037.820924,109727
43,62037.820924,112339
44,62037.820924,114955
45,62037.820924,117570
46,62037.820924,120185
47,62037.820924,122800
48,62037.820924,125418
49,62037.820924,128030
50,62037.820924,130638
51,62037.820924,133258
52,62037.820924,135881
53,62037.820924,138496
54,62037.820924,141113
55,62037.820924,143732
56,62037.820924,146351
57,62037.820924,148973
58,62037.820924,151582
59,62037.820924,154195
60,62037.820924,156799
61,62037.820924,159416
62,62037.820924,162033
63,62037.820924,164655
64,62037.820924,167272
65,62037.820924,169889
66,62037.820924,172505
67,62037.820924,175124
68,62037.820924,177742
69,62037.820924,180366
70,62037.820924,182985
71,62037.820924,185603
72,62037.820924,188218
73,62037.820924,190839
74,62037.820924,193454
75,62037.820924,196069
76,62037.820924,198684
77,62037.820924,201302
78,62037.820924,203917
79,62037.820924,206528
80,62037.820924,209144
81,62037.820924,211761
82,62037.820924,214383
83,62037.820924,217003
84,62037.820924,219622
85,62037.820924,222242
86,62037.820924,224863
87,62037.820924,227484
88,62037.820924,230101
89,62037.820924,232723
90,62037.820924,235343
91,62037.820924,237962
92,62037.820924,240579
93,62037.820924,243201
94,62037.820924,245816
95,62037.820924,248430
96,62037.820924,251047
97,62037.820924,253665
98,62037.820924,256282
99,62037.820924,258904
100,62037.820924,261525
101,62037.820924,264147
102,62037.820924,266764
103,62037.820924,269380
104,62037.820924,271998
105,62037.820924,274618
106,62037.820924,277231
107,62037.820924,279852
108,62037.820924,282473
109,62037.820924,285093
110,62037.820924,287713
111,62037.820924,290323
112,62037.820924,292939
113,62037.820924,295555
114,62037.820924,298171
115,62037.820924,300796
116,62037.820924,303413
117,62037.820924,306030
118,62037.820924,308644
119,62037.820924,311248
120,62037.820924,313865
121,62037.820924,316483
122,62037.820924,319101
123,62037.820924,321718
124,62037.820924,324339
125,62037.820924,326956
126,62037.820924,329577
127,62037.820924,332194
128,62037.820924,334815
129,62037.820924,337435
130,62037.820924,340053
131,62037.820924,342668
132,62037.820924,345286
133,62037.820924,347905
134,62037.820924,350527
135,62037.820924,353144
136,62037.820924,355764
137,62037.820924,358378
138,62037.820924,361000
139,62037.820924,363618
140,62037.820924,366238
141,62037.820924,368858
142,62037.820924,371475
143,62037.820924,374090
144,62037.820924,376703
145,62037.820924,379321
146,62037.820924,381936
147,62037.820924,384552
148,62037.820924,387160
149,62037.820924,389773
150,62037.748655,392390
151,62037.748655,394999
152,62037.748655,397618
153,62037.748655,400229
154,62037.748655,402843
155,62037.748655,405459
156,62037.748655,408073
157,62037.748655,410686
158,62037.748655,413304
159,62037.748655,415915
160,62037.748655,418530
161,62037.748655,421140
162,62037.748655,423746
163,62037.748655,426353
164,62037.748655,428952
165,62037.748655,431560
166,62037.748655,434176
167,62037.748655,436787
168,62037.748655,439405
169,62037.748655,442020
170,62037.748655,444640
171,62037.748655,447253
172,62037.748655,449866
173,62037.748655,452476
174,62037.748655,455093
175,62037.748655,457706
176,62037.748655,460319
177,62037.748655,462937
178,62037.748655,465553
179,62037.748655,468161
180,62037.748655,470782
181,62037.748655,473384
182,62037.748655,475981
183,62037.748655,478587
184,62037.748655,481202
185,62037.748655,483817
186,62037.748655,486426
187,62037.748655,489033
188,62037.748655,491645
189,62037.748655,494261
190,62037.748655,496883
191,62037.748655,499495
192,62037.748655,502105
193,62037.748655,504724
194,62037.748655,507342
195,62037.748655,509954
196,62037.748655,512570
197,62037.748655,515183
198,62037.748655,517796
199,62037.748655,520409
200,62037.748655,523027
201,62037.748655,525644
202,62037.748655,528261
203,62037.748655,530882
204,62037.748655,533499
205,62037.748655,536119
206,62037.748655,538741
207,62037.748655,541357
208,62037.748655,543973
209,62037.748655,546589
210,62037.748655,549198
211,62037.748655,551811
212,62037.748655,554429
213,62037.748655,557042
214,62037.748655,559647
215,62037.748655,562265
216,62037.748655,564878
217,62037.748655,567491
218,62037.748655,570113
219,62037.748655,572727
220,62037.748655,575341
221,62037.748655,577952
222,62037.748655,580567
223,62037.748655,583181
224,62037.748655,585798
225,62037.748655,588404
226,62037.748655,591019
227,62037.748655,593639
228,62037.748655,596255
229,62037.748655,598867
230,62037.748655,601483
231,62037.748655,604101
232,62037.748655,606722
233,62037.748655,609338
234,62037.748655,611954
235,62037.748655,614566
236,62037.748655,617181
237,62037.748655,619784
238,62037.748655,622401
239,62037.748655,625015
240,62037.748655,627626
241,62037.748655,630244
242,62037.748655,632850
243,62037.748655,635459
244,62037.748655,638069
245,62037.748655,640684
246,62037.748655,643290
247,62037.748655,645904
248,62037.748655,648512
249,62037.748655,651123
250,62037.748655,653739
251,62037.748655,656349
252,62037.748655,658963
253,62037.748655,661583
254,62037.748655,664192
255,62037.748655,666810
256,62037.748655,669426
257,62037.748655,672042
258,62037.748655,674662
259,62037.748655,677283
260,62037.748655,679906
261,62037.748655,682527
262,62037.748655,685146
263,62037.748655,687770
264,62037.748655,690384
265,62037.748655,693002
266,62037.748655,695619
267,62037.748655,698235
268,62037.748655,700851
269,62037.748655,703466
270,62037.748655,706087
271,62037.748655,708707
272,62037.748655,711322
273,62037.748655,713938
274,62037.748655,716546
275,62037.748655,719167
276,62037.748655,721788
277,62037.748655,724402
278,62037.748655,727020
279,62037.748655,729633
280,62037.748655,732253
281,62037.748655,734867
282,62037.748655,737481
283,62037.748655,740096
284,62037.748655,742705
285,62037.748655,745311
286,62037.748655,747923
287,62037.748655,750529
288,62037.748655,753138
289,62037.748655,755747
290,62037.748655,758367
291,62037.748655,760983
292,62037.748655,763600
293,62037.748655,766209
294,62037.748655,768819
295,62037.748655,771424
296,62037.748655,774041
297,62037.748655,776662
298,62037.748655,779277
299,62037.748655,781888
300,62037.748655,784499
301,62037.748655,787113
302,62037.748655,789734
303,62037.748655,792346
304,62037.748655,794961
305,62037.748655,797586
306,62037.748655,800204
307,62037.748655,802820
308,62037.748655,805434
309,62037.748655,808055
310,62037.748655,810677
62037.748655,4.551228
1,62428.464287,2376
2,62113.485520,5008
3,62054.668234,7640
4,62038.592934,10272
5,62038.494957,12903
6,62037.748655,15535
7,62037.748655,18164
8,62037.748655,20796
9,62036.941214,23427
10,62036.941214,26051
11,62036.941214,28678
12,62036.941214,31303
13,62036.941214,33924
14,62036.941214,36553
15,62036.941214,39178
16,62036.941214,41801
17,62036.941214,44428
18,62036.941214,47049
19,62036.941214,49675
20,62036.941214,52300
21,62036.941214,54914
22,62036.941214,57536
23,62036.941214,60152
24,62036.941214,62772
25,62036.941214,65391
26,62036.941214,68007
27,62036.941214,70616
28,62036.941214,73238
29,62036.941214,75860
30,62036.941214,78485
31,62036.941214,81112
32,62036.941214,83736
33,62036.941214,86363
34,62036.941214,88986
35,62036.941214,91610
36,62036.941214,94231
37,62036.941214,96853
38,62036.941214,99477
39,62036.941214,102099
40,62036.941214,104725
41,62036.941214,107346
42,62036.941214,109968
43,62036.941214,112588
44,62036.941214,115206
45,62036.941214,117828
46,62036.941214,120456
47,62036.941214,123073
48,62036.941214,125698
49,62036.941214,128322
50,62036.941214,130938
51,62036.941214,133564
52,62036.941214,136189
53,62036.941214,138814
54,62036.941214,141433
55,62036.941214,144053
56,62036.941214,146679
57,62036.941214,149306
58,62036.941214,151929
59,62036.941214,154550
60,62036.941214,157178
61,62036.941214,159804
62,62036.941214,162431
63,62036.941214,165057
64,62036.941214,167682
65,62036.941214,170307
66,62036.941214,172937
67,62036.941214,175558
68,62036.941214,178182
69,62036.941214,180802
70,62036.941214,183424
71,62036.941214,186048
72,62036.941214,188677
73,62036.941214,191301
74,62036.941214,193927
75,62036.941214,196548
76,62036.941214,199166
77,62036.941214,201791
78,62036.941214,204415
79,62036.941214,207041
80,62036.941214,209664
81,62036.941214,212289
82,62036.941214,214909
83,62036.941214,217531
84,62036.941214,220157
85,62036.941214,222782
86,62036.941214,225409
87,62036.941214,228026
88,62036.941214,230646
89,62036.941214,233265
90,62036.941214,235883
91,62036.941214,238500
92,62036.941214,241114
93,62036.941214,243728
94,62036.941214,246346
95,62036.941214,248971
96,62036.941214,251585
97,62036.941214,254213
98,62036.941214,256833
99,62036.941214,259459
100,62036.941214,262077
101,62036.941214,264694
102,62036.941214,267319
103,62036.941214,269930
104,62036.941214,272547
105,62036.941214,275154
106,62036.941214,277773
107,62036.941214,280391
108,62036.941214,283008
109,62036.941214,285626
110,62036.941214,288246
111,62036.941214,290866
112,62036.941214,293489
113,62036.941214,296114
114,62036.941214,298733
115,62036.941214,301353
116,62036.941214,303978
117,62036.941214,306603
118,62036.941214,309229
119,62036.941214,311853
120,62036.941214,314475
121,62036.941214,317097
122,62036.941214,319719
123,62036.941214,322344
124,62036.941214,324971
125,62036.941214,327594
126,62036.941214,330218
127,62036.941214,332838
128,62036.941214,335461
129,62036.941214,338069
130,62036.941214,340690
131,62036.941214,343306
132,62036.941214,345922
133,62036.941214,348530
134,62036.941214,351148
135,62036.941214,353755
136,62036.941214,356374
137,62036.941214,358998
138,62036.941214,361616
139,62036.941214,364235
140,62036.941214,366862
141,62036.941214,369487
142,62036.941214,372108
143,62036.941214,374722
144,62036.941214,377344
145,62036.941214,379961
146,62036.941214,382586
147,62036.941214,385212
148,62036.941214,387836
149,62036.941214,390456
150,62036.941214,393083
151,62036.941214,395699
152,62036.941214,398321
153,62036.941214,400938
154,62036.941214,403559
155,62036.941214,406184
156,62036.941214,408808
157,62036.941214,411436
158,62036.941214,414058
159,62036.941214,416682
160,62036.941214,419305
161,62036.941214,421924
162,62036.941214,424551
163,62036.941214,427174
164,62036.941214,429801
165,62036.941214,432430
166,62036.941214,435056
167,62036.941214,437683
168,62036.941214,440308
169,62036.941214,442933
170,62036.941214,445562
171,62036.941214,448189
172,62036.941214,450815
173,62036.941214,453434
174,62036.941214,456051
175,62036.941214,458674
176,62036.941214,461298
177,62036.941214,463919
178,62036.941214,466547
179,62036.941214,469164
180,62036.941214,471785
181,62036.941214,474402
182,62036.941214,477023
183,62036.941214,479649
184,62036.941214,482264
185,62036.941214,484886
186,62036.941214,487513
187,62036.941214,490136
188,62036.941214,492754
189,62036.941214,495370
190,62036.941214,497993
191,62036.941214,500616
192,62036.941214,503236
193,62036.941214,505861
194,62036.941214,508487
195,62036.941214,511103
196,62036.941214,513728
197,62036.941214,516355
198,62036.941214,518974
199,62036.941214,521598
200,62036.941214,524226
201,62036.941214,526851
202,62036.941214,529473
203,62036.941214,532094
204,62036.941214,534719
205,62036.941214,537347
206,62036.941214,539967
207,62036.941214,542580
208,62036.941214,545205
209,62036.941214,547835
210,62036.941214,550464
211,62036.941214,553093
212,62036.941214,555722
213,62036.941214,558341
214,62036.941214,560967
215,62036.941214,563586
216,62036.941214,566210
217,62036.941214,568838
218,62036.941214,571458
219,62036.941214,574078
220,62036.941214,576703
221,62036.941214,579326
222,62036.941214,581949
223,62036.941214,584578
224,62036.941214,587193
225,62036.941214,589817
226,62036.941214,592436
227,62036.941214,595052
228,62036.941214,597677
229,62036.941214,600300
230,62036.941214,602926
231,62036.941214,605549
232,62036.941214,608168
233,62036.941214,610781
234,62036.941214,613397
235,62036.941214,616013
236,62036.941214,618622
237,62036.941214,621245
238,62036.941214,623853
239,62036.941214,626468
240,62036.941214,629082
241,62036.941214,631698
242,62036.941214,634322
243,62036.941214,636941
244,62036.941214,639565
245,62036.941214,642184
246,62036.941214,644802
247,62036.941214,647426
248,62036.941214,650049
249,62036.941214,652671
250,62036.941214,655293
251,62036.941214,657897
252,62036.941214,660517
253,62036.941214,663139
254,62036.941214,665756
255,62036.941214,668371
256,62036.941214,670992
257,62036.941214,673615
258,62036.941214,676238
259,62036.941214,678855
260,62036.941214,681483
261,62036.941214,684104
262,62036.941214,686729
263,62036.941214,689351
264,62036.941214,691966
265,62036.941214,694590
266,62036.941214,697211
267,62036.941214,699840
268,62036.941214,702462
269,62036.941214,705086
270,62036.941214,707711
271,62036.941214,710333
272,62036.941214,712961
273,62036.941214,715590
274,62036.941214,718210
275,62036.941214,720833
276,62036.941214,723456
277,62036.941214,726079
278,62036.941214,728706
279,62036.941214,731324
280,62036.941214,733951
281,62036.941214,736574
282,62036.941214,739199
283,62036.941214,741818
284,62036.941214,744447
285,62036.941214,747074
286,62036.941214,749700
287,62036.941214,752318
288,62036.941214,754936
289,62036.941214,757564
290,62036.941214,760184
291,62036.941214,762804
292,62036.941214,765427
293,62036.941214,768057
294,62036.941214,770685
295,62036.941214,773312
296,62036.941214,775940
297,62036.941214,778562
298,62036.941214,781189
299,62036.941214,783810
300,62036.941214,786436
301,62036.941214,789065
302,62036.941214,791692
303,62036.941214,794317
304,62036.941214,796941
305,62036.941214,799569
306,62036.941214,802195
307,62036.941214,804820
308,62036.941214,807445
309,62036.941214,810068
62036.941214,4.576812
1,62146.324380,2376
2,62068.454004,5035
3,62039.844524,7694
4,62037.953821,10353
5,62037.953821,13011
6,62037.820924,15668
7,62037.820924,18318
8,62037.820924,20971
9,62037.820924,23628
10,62037.820924,26284
11,62037.820924,28932
12,62037.820924,31580
13,62037.820924,34222
14,62037.820924,36859
15,62037.820924,39509
16,62037.820924,42153
17,62037.820924,44799
18,62037.820924,47449
19,62037.820924,50091
20,62037.820924,52742
21,62037.820924,55389
22,62037.820924,58037
23,62037.820924,60687
24,62037.820924,63336
25,62037.820924,65986
26,62037.820924,68632
27,62037.820924,71281
28,62037.820924,73930
29,62037.820924,76573
30,62037.820924,79217
31,62037.820924,81858
32,62037.820924,84506
33,62037.820924,87149
34,62037.820924,89793
35,62037.820924,92443
36,62037.820924,95093
37,62037.820924,97747
38,62037.820924,100402
39,62037.820924,103053
40,62037.820924,105701
41,62037.820924,108345
42,62037.820924,110999
43,62037.820924,113651
44,62037.820924,116304
45,62037.820924,118954
46,62037.820924,121601
47,62037.820924,124250
48,62037.820924,126902
49,62037.820924,129545
50,62037.820924,132191
51,62037.820924,134847
52,62037.820924,137494
53,62037.820924,140146
54,62037.820924,142799
55,62037.820924,145448
56,62037.820924,148102
57,62037.820924,150754
58,62037.820924,153402
59,62037.820924,156059
60,62037.820924,158711
61,62037.820924,161360
62,62037.820924,164005
63,62037.820924,166653
64,62037.820924,169298
65,62037.820924,171946
66,62037.820924,174595
67,62037.820924,177248
68,62037.820924,179888
69,62037.820924,182537
70,62037.820924,185191
71,62037.820924,187837
72,62037.820924,190488
73,62037.820924,193135
74,62037.820924,195792
75,62037.820924,198448
76,62037.820924,201101
77,62037.820924,203746
78,62037.820924,206396
79,62037.820924,209044
80,62037.820924,211698
81,62037.820924,214346
82,62037.820924,216994
83,62037.820924,219641
84,62037.820924,222291
85,62037.820924,224939
86,62037.820924,227580
87,62037.820924,230223
88,62037.820924,232875
89,62037.820924,235523
90,62037.820924,238174
91,62037.820924,240820
92,62037.820924,243472
93,62037.820924,246121
94,62037.820924,248771
95,62037.820924,251416
96,62037.820924,254069
97,62037.820924,256722
98,62037.820924,259369
99,62037.820924,262018
100,62037.820924,264666
101,62037.820924,267322
102,62037.820924,269975
103,62037.820924,272630
104,62037.820924,275285
105,62037.820924,277939
106,62037.820924,280588
107,62037.820924,283238
108,62037.820924,285890
109,62037.820924,288542
110,62037.820924,291194
111,62037.820924,293846
112,62037.820924,296497
113,62037.820924,299146
114,62037.820924,301799
115,62037.820924,304450
116,62037.820924,307102
117,62037.820924,309751
118,62037.820924,312404
119,62037.820924,315049
120,62037.820924,317692
121,62037.820924,320335
122,62037.820924,322988
123,62037.820924,325641
124,62037.820924,328294
125,62037.820924,330947
126,62037.820924,333602
127,62037.820924,336256
128,62037.820924,338908
129,62037.820924,341559
130,62037.820924,344208
131,62037.820924,346856
132,62037.820924,349500
133,62037.820924,352143
134,62037.820924,354790
135,62037.820924,357435
136,62037.820924,360082
137,62037.820924,362726
138,62037.820924,365380
139,62037.820924,368031
140,62037.820924,370681
141,62037.820924,373329
142,62037.820924,375973
143,62037.820924,378614
144,62037.820924,381260
145,62037.820924,383903
146,62037.820924,386549
147,62037.820924,389202
148,62037.820924,391850
149,62037.820924,394495
150,62037.820924,397153
151,62037.820924,399804
152,62037.820924,402459
153,62037.820924,405112
154,62037.820924,407765
155,62037.820924,410419
156,62037.820924,413066
157,62037.820924,415722
158,62037.820924,418374
159,62037.820924,421026
160,62037.820924,423680
161,62037.820924,426333
162,62037.820924,428986
163,62037.820924,431639
164,62037.820924,434293
165,62037.820924,436940
166,62037.820924,439591
167,62037.820924,442244
168,62037.820924,444887
169,62037.820924,447532
170,62037.820924,450183
171,62037.820924,452836
172,62037.820924,455488
173,62037.820924,458138
174,62037.820924,460789
175,62037.820924,463441
176,62037.659026,466091
177,62037.659026,468737
178,62037.659026,471382
179,62037.659026,474036
180,62037.659026,476690
181,62037.659026,479343
182,62037.659026,481994
183,62037.659026,484645
184,62037.659026,487300
185,62037.097698,489948
186,62037.097698,492599
187,62037.097698,495249
188,62037.097698,497903
189,62037.097698,500547
190,62037.097698,503198
191,62037.097698,505853
192,62037.097698,508499
193,62037.097698,511149
194,62037.097698,513801
195,62037.097698,516448
196,62037.097698,519095
197,62037.097698,521750
198,62037.097698,524400
199,62037.097698,527053
200,62037.097698,529704
201,62037.097698,532356
202,62037.097698,535011
203,62037.097698,537664
204,62037.097698,540319
205,62037.097698,542974
206,62037.097698,545622
207,62037.097698,548268
208,62037.097698,550927
209,62037.097698,553577
210,62037.097698,556236
211,62037.097698,558888
212,62037.097698,561543
213,62037.097698,564198
214,62037.097698,566854
215,62037.097698,569508
216,62037.097698,572162
217,62037.097698,574815
218,62037.097698,577460
219,62037.097698,580114
220,62037.097698,582765
221,62037.097698,585414
222,62037.097698,588066
223,62037.097698,590714
224,62037.097698,593364
225,62037.097698,596015
226,62037.097698,598666
227,62037.097698,601313
228,62037.097698,603964
229,62037.097698,606620
230,62037.097698,609278
231,62037.097698,611931
232,62037.097698,614585
233,62037.097698,617237
234,62037.097698,619885
235,62037.097698,622536
236,62037.097698,625179
237,62037.097698,627831
238,62037.097698,630482
239,62037.097698,633129
240,62037.097698,635780
241,62037.097698,638430
242,62037.097698,641082
243,62037.097698,643731
244,62037.097698,646377
245,62037.097698,649024
246,62037.097698,651665
247,62037.097698,654313
248,62037.097698,656957
249,62037.097698,659608
250,62037.097698,662257
251,62037.097698,664904
252,62037.097698,667551
253,62037.097698,670199
254,62037.097698,672840
255,62037.097698,675494
256,62037.097698,678143
257,62037.097698,680795
258,62037.097698,683449
259,62037.097698,686101
260,62037.097698,688749
261,62037.097698,691402
262,62037.097698,694054
263,62037.097698,696707
264,62037.097698,699362
265,62037.097698,702011
266,62037.097698,704668
267,62037.097698,707316
268,62037.097698,709967
269,62037.097698,712612
270,62037.097698,715261
271,62037.097698,717901
272,62037.097698,720550
273,62037.097698,723190
274,62037.097698,725840
275,62037.097698,728497
276,62037.097698,731145
277,62037.097698,733789
278,62037.097698,736437
279,62037.097698,739091
280,62037.097698,741747
281,62037.097698,744396
282,62037.097698,747048
283,62037.097698,749697
284,62037.097698,752350
285,62037.097698,755003
286,62037.097698,757653
287,62037.097698,760297
288,62037.097698,762948
289,62037.097698,765601
290,62037.097698,768249
291,62037.097698,770902
292,62037.097698,773555
293,62037.097698,776209
294,62037.097698,778858
295,62037.097698,781503
296,62037.097698,784158
297,62037.097698,786811
298,62037.097698,789461
299,62037.097698,792114
300,62037.097698,794767
301,62037.097698,797418
302,62037.097698,800070
303,62037.097698,802726
304,62037.097698,805379
305,62037.097698,808033
306,62037.097698,810680
62037.097698,4.472609
