1,62042.903928,2376
2,62041.886907,5041
3,62037.055848,7705
4,62037.055848,10369
5,62037.055848,13032
6,62037.055848,15695
7,62037.055848,18359
8,62037.055848,21023
9,62037.055848,23686
10,62037.055848,26349
11,62037.055848,29009
12,62037.055848,31664
13,62037.055848,34321
14,62037.055848,36975
15,62037.055848,39635
16,62037.055848,42289
17,62037.055848,44949
18,62037.055848,47603
19,62037.055848,50257
20,62037.055848,52909
21,62037.055848,55563
22,62037.055848,58219
23,62037.055848,60875
24,62037.055848,63529
25,62037.055848,66178
26,62037.055848,68838
27,62037.055848,71499
28,62037.055848,74151
29,62037.055848,76806
30,62037.055848,79459
31,62037.055848,82114
32,62037.055848,84773
33,62037.055848,87425
34,62037.055848,90087
35,62037.055848,92744
36,62037.055848,95403
37,62037.055848,98060
38,62037.055848,100719
39,62037.055848,103377
40,62037.055848,106029
41,62037.055848,108685
42,62037.055848,111345
43,62037.055848,114001
44,62037.055848,116661
45,62037.055848,119320
46,62037.055848,121977
47,62037.055848,124636
48,62037.055848,127295
49,62037.055848,129957
50,62037.055848,132615
51,62037.055848,135273
52,62037.055848,137933
53,62037.055848,140584
54,62037.055848,143241
55,62037.055848,145903
56,62037.055848,148562
57,62037.055848,151222
58,62037.055848,153877
59,62037.055848,156533
60,62037.055848,159192
61,62037.055848,161840
62,62037.055848,164500
63,62037.055848,167156
64,62037.055848,169819
65,62037.055848,172479
66,62037.055848,175135
67,62037.055848,177796
68,62037.055848,180449
69,62037.055848,183107
70,62037.055848,185760
71,62037.055848,188415
72,62037.055848,191074
73,62037.055848,193727
74,62037.055848,196381
75,62037.055848,199035
76,62037.055848,201691
77,62037.055848,204343
78,62037.055848,207000
79,62037.055848,209654
80,62037.055848,212304
81,62037.055848,214955
82,62037.055848,217592
83,62037.055848,220240
84,62037.055848,222895
85,62037.055848,225549
86,62037.055848,228206
87,62037.055848,230857
88,62037.055848,233508
89,62037.055848,236161
90,62037.055848,238812
91,62037.055848,241461
92,62037.055848,244118
93,62037.055848,246772
94,62037.055848,249427
95,62037.055848,252078
96,62037.055848,254728
97,62037.055848,257381
98,62037.055848,260037
99,62037.055848,262692
100,62037.055848,265344
101,62037.055848,267995
102,62037.055848,270654
103,62037.055848,273306
104,62037.055848,275959
105,62037.055848,278613
106,62037.055848,281268
107,62037.055848,283922
108,62037.055848,286575
109,62037.055848,289236
110,62037.055848,291894
111,62037.055848,294548
112,62037.055848,297205
113,62037.055848,299868
114,62037.055848,302525
115,62037.055848,305182
116,62037.055848,307837
117,62037.055848,310491
118,62037.055848,313143
119,62037.055848,315790
120,62037.055848,318446
121,62037.055848,321101
122,62037.055848,323759
123,62037.055848,326412
124,62037.055848,329071
125,62037.055848,331724
126,62037.055848,334378
127,62037.055848,337030
128,62037.055848,339687
129,62037.055848,342344
130,62037.055848,344994
131,62037.055848,347655
132,62037.055848,350316
133,62037.055848,352980
134,62037.055848,355630
135,62037.055848,358289
136,62037.055848,360946
137,62037.055848,363608
138,62037.055848,366264
139,62037.055848,368923
140,62037.055848,371582
141,62037.055848,374235
142,62037.055848,376892
143,62037.055848,379549
144,62037.055848,382204
145,62037.055848,384858
146,62037.055848,387513
147,62037.055848,390169
148,62037.055848,392822
149,62037.055848,395478
150,62037.055848,398136
151,62037.055848,400796
152,62037.055848,403446
153,62037.055848,406096
154,62037.055848,408752
155,62037.055848,411410
156,62037.055848,414065
157,62037.055848,416721
158,62037.055848,419379
159,62037.055848,422040
160,62037.055848,424697
161,62037.055848,427357
162,62037.055848,430014
163,62037.055848,432667
164,62037.055848,435329
165,62037.055848,437987
166,62037.055848,440647
167,62037.055848,443302
168,62037.055848,445959
169,62037.055848,448614
170,62037.055848,451263
171,62037.055848,453917
172,62037.055848,456574
173,62037.055848,459231
174,62037.055848,461882
175,62037.055848,464535
176,62037.055848,467194
177,62037.055848,469845
178,62037.055848,472506
179,62037.055848,475153
180,62037.055848,477812
181,62037.055848,480470
182,62037.055848,483122
183,62037.055848,485776
184,62037.055848,488429
185,62037.055848,491081
186,62037.055848,493734
187,62037.055848,496389
188,62037.055848,499046
189,62037.055848,501700
190,62037.055848,504355
191,62037.055848,507005
192,62037.055848,509665
193,62037.055848,512310
194,62037.055848,514967
195,62037.055848,517621
196,62037.055848,520274
197,62037.055848,522927
198,62037.055848,525578
199,62037.055848,528224
200,62037.055848,530878
201,62037.055848,533533
202,62037.055848,536193
203,62037.055848,538842
204,62037.055848,541498
205,62037.055848,544146
206,62037.055848,546802
207,62037.055848,549462
208,62037.055848,552122
209,62037.055848,554778
210,62037.055848,557427
211,62037.055848,560078
212,62037.055848,562732
213,62037.055848,565381
214,62037.055848,568039
215,62037.055848,570698
216,62037.055848,573357
217,62037.055848,576016
218,62037.055848,578674
219,62037.055848,581324
220,62037.055848,583978
221,62037.055848,586638
222,62037.055848,589295
223,62037.055848,591953
224,62037.055848,594608
225,62037.055848,597265
226,62037.055848,599925
227,62037.055848,602581
228,62037.055848,605242
229,62037.055848,607899
230,62037.055848,610557
231,62037.055848,613209
232,62037.055848,615864
233,62037.055848,618521
234,62037.055848,621178
235,62037.055848,623835
236,62037.055848,626481
237,62037.055848,629138
238,62037.055848,631797
239,62037.055848,634450
240,62037.055848,637109
241,62037.055848,639766
242,62037.055848,642426
243,62037.055848,645083
244,62037.055848,647739
245,62037.055848,650392
246,62037.055848,653047
247,62037.055848,655707
248,62037.055848,658362
249,62037.055848,661019
250,62037.055848,663677
251,62037.055848,666335
252,62037.055848,668994
253,62037.055848,671640
254,62037.055848,674299
255,62037.055848,676946
256,62037.055848,679603
257,62037.055848,682257
258,62037.055848,684907
259,62037.055848,687561
260,62037.055848,690217
261,62037.055848,692870
262,62037.055848,695527
263,62037.055848,698186
264,62037.055848,700846
265,62037.055848,703507
266,62037.055848,706158
267,62037.055848,708813
268,62037.055848,711466
269,62037.055848,714120
270,62037.055848,716775
271,62037.055848,719431
272,62037.055848,722090
273,62037.055848,724740
274,62037.055848,727404
275,62037.055848,730058
276,62037.055848,732713
277,62037.055848,735375
278,62037.055848,738031
279,62037.055848,740689
280,62037.055848,743347
281,62037.055848,745995
282,62037.055848,748653
283,62037.055848,751315
284,62037.055848,753974
285,62037.055848,756636
286,62037.055848,759291
287,62037.055848,761951
288,62037.055848,764608
289,62037.055848,767263
290,62037.055848,769921
291,62037.055848,772573
292,62037.055848,775237
293,62037.055848,777893
294,62037.055848,780550
295,62037.055848,783201
296,62037.055848,785861
297,62037.055848,788510
298,62037.055848,791167
299,62037.055848,793827
300,62037.055848,796488
301,62037.055848,799145
302,62037.055848,801799
303,62037.055848,804457
304,62037.055848,807115
305,62037.055848,809764
62037.055848,4.525960
1,62040.592355,2376
2,62038.289660,5014
3,62038.289660,7654
4,62038.289660,10291
5,62038.289660,12927
6,62038.289660,15565
7,62038.289660,18205
8,62038.289660,20845
9,62038.289660,23483
10,62038.289660,26118
11,62038.289660,28754
12,62038.289660,31390
13,62038.289660,34025
14,62038.289660,36656
15,62038.289660,39286
16,62038.289660,41910
17,62038.289660,44534
18,62038.289660,47160
19,62038.289660,49773
20,62038.289660,52407
21,62038.289660,55028
22,62038.289660,57655
23,62038.289660,60285
24,62038.289660,62914
25,62038.289660,65535
26,62038.289660,68162
27,62038.289660,70793
28,62038.289660,73425
29,62038.289660,76057
30,62038.289660,78691
31,62038.289660,81326
32,62038.289660,83958
33,62038.289660,86585
34,62038.289660,89217
35,62038.289660,91840
36,62038.289660,94474
37,62038.289660,97099
38,62038.289660,99731
39,62038.289660,102361
40,62038.289660,104987
41,62038.289660,107611
42,62038.289660,110241
43,62038.289660,112877
44,62038.289660,115513
45,62038.289660,118147
46,62038.289660,120777
47,62038.289660,123407
48,62038.289660,126038
49,62038.289660,128662
50,62038.289660,131298
51,62038.289660,133922
52,62038.289660,136547
53,62038.289660,139176
54,62038.289660,141801
55,62038.289660,144438
56,62038.289660,147070
57,62038.289660,149703
58,62038.289660,152340
59,62038.289660,154968
60,62038.289660,157598
61,62038.289660,160228
62,62038.289660,162862
63,62038.289660,165489
64,62038.289660,168120
65,62038.289660,170751
66,62038.289660,173381
67,62038.289660,176016
68,62038.289660,178648
69,62038.289660,181284
70,62038.289660,183922
71,62038.289660,186555
72,62038.289660,189188
73,62038.289660,191814
74,62038.289660,194438
75,62038.289660,197070
76,62038.289660,199706
77,62038.289660,202338
78,62038.289660,204972
79,62038.289660,207607
80,62038.289660,210234
81,62038.289660,212867
82,62038.289660,215501
83,62038.289660,218130
84,62038.289660,220763
85,62038.289660,223397
86,62038.289660,226029
87,62038.289660,228664
88,62038.289660,231298
89,62038.289660,233916
90,62038.289660,236547
91,62038.289660,239179
92,62038.289660,241810
93,62038.289660,244444
94,62038.289660,247070
95,62038.289660,249704
96,62038.289660,252340
97,62038.289660,254971
98,62038.289660,257605
99,62038.289660,260235
100,62038.289660,262869
101,62038.289660,265503
102,62038.289660,268139
103,62037.197416,270768
104,62037.197416,273404
105,62037.197416,276036
106,62037.197416,278669
107,62037.197416,281302
108,62037.197416,283932
109,62037.197416,286563
110,62037.197416,289198
111,62037.197416,291834
112,62037.197416,294468
113,62037.197416,297101
114,62037.197416,299736
115,62037.197416,302364
116,62037.197416,305000
117,62037.197416,307632
118,62037.197416,310269
119,62037.197416,312906
120,62037.197416,315535
121,62037.197416,318163
122,62037.197416,320800
123,62037.197416,323426
124,62037.197416,326057
125,62037.197416,328684
126,62037.197416,331313
127,62037.197416,333930
128,62037.197416,336561
129,62037.197416,339176
130,62037.197416,341809
131,62037.197416,344435
132,62037.197416,347056
133,62037.197416,349686
134,62037.197416,352313
135,62037.197416,354939
136,62037.197416,357565
137,62037.197416,360186
138,62037.197416,362820
139,62037.197416,365438
140,62037.197416,368067
141,62037.197416,370695
142,62037.197416,373328
143,62037.197416,375964
144,62037.197416,378596
145,62037.197416,381232
146,62037.197416,383865
147,62037.197416,386501
148,62037.197416,389132
149,62037.197416,391760
150,62037.197416,394396
151,62037.197416,397031
152,62037.197416,399657
153,62037.197416,402291
154,62037.197416,404921
155,62037.197416,407558
156,62037.197416,410193
157,62037.197416,412824
158,62037.197416,415452
159,62037.197416,418081
160,62037.197416,420709
161,62037.197416,423339
162,62037.197416,425966
163,62037.197416,428604
164,62037.197416,431237
165,62037.197416,433865
166,62037.197416,436496
167,62037.197416,439131
168,62037.197416,441762
169,62037.197416,444391
170,62037.197416,447019
171,62037.197416,449652
172,62037.197416,452284
173,62037.197416,454909
174,62037.197416,457539
175,62037.197416,460174
176,62037.197416,462806
177,62037.197416,465439
178,62037.197416,468073
179,62037.197416,470704
180,62037.197416,473334
181,62037.197416,475965
182,62037.197416,478596
183,62037.197416,481226
184,62037.197416,483861
185,62037.197416,486492
186,62037.197416,489120
187,62037.197416,491743
188,62037.197416,494374
189,62037.197416,497006
190,62037.197416,499644
191,62037.197416,502279
192,62037.197416,504912
193,62037.197416,507545
194,62037.197416,510171
195,62037.197416,512793
196,62037.197416,515422
197,62037.197416,518059
198,62037.197416,520689
199,62037.197416,523321
200,62037.197416,525954
201,62037.197416,528589
202,62037.197416,531221
203,62037.197416,533855
204,62037.197416,536492
205,62037.197416,539123
206,62037.197416,541757
207,62037.197416,544392
208,62037.197416,547025
209,62037.197416,549662
210,62037.197416,552294
211,62037.197416,554926
212,62037.197416,557560
213,62037.197416,560191
214,62037.197416,562823
215,62037.197416,565456
216,62037.197416,568087
217,62037.197416,570715
218,62037.197416,573345
219,62037.197416,575980
220,62037.197416,578609
221,62037.197416,581242
222,62037.197416,583874
223,62037.197416,586508
224,62037.197416,589144
225,62037.197416,591775
226,62037.197416,594407
227,62037.197416,597042
228,62037.197416,599673
229,62037.197416,602308
230,62037.197416,604944
231,62037.197416,607574
232,62037.197416,610207
233,62037.197416,612839
234,62037.197416,615475
235,62037.197416,618107
236,62037.197416,620742
237,62037.197416,623377
238,62037.197416,626009
239,62037.197416,628640
240,62037.197416,631270
241,62037.197416,633903
242,62037.197416,636537
243,62037.197416,639169
244,62037.197416,641794
245,62037.197416,644416
246,62037.197416,647049
247,62037.197416,649677
248,62037.197416,652312
249,62037.197416,654938
250,62037.197416,657569
251,62037.197416,660202
252,62037.197416,662829
253,62037.197416,665462
254,62037.197416,668090
255,62037.197416,670720
256,62037.197416,673351
257,62037.197416,675981
258,62037.197416,678615
259,62037.197416,681243
260,62037.197416,683871
261,62037.197416,686491
262,62037.197416,689116
263,62037.197416,691742
264,62037.197416,694365
265,62037.197416,696987
266,62037.197416,699618
267,62037.197416,702247
268,62037.197416,704874
269,62037.197416,707504
270,62037.197416,710137
271,62037.197416,712768
272,62037.197416,715396
273,62037.197416,718026
274,62037.197416,720662
275,62037.197416,723294
276,62037.197416,725926
277,62037.197416,728557
278,62037.197416,731192
279,62037.197416,733827
280,62037.197416,736459
281,62037.197416,739092
282,62037.197416,741722
283,62037.197416,744349
284,62037.197416,746978
285,62037.197416,749610
286,62037.197416,752241
287,62037.197416,754864
288,62037.197416,757493
289,62037.197416,760122
290,62037.197416,762753
291,62037.197416,765385
292,62037.197416,768008
293,62037.197416,770634
294,62037.197416,773263
295,62037.197416,775889
296,62037.197416,778515
297,62037.197416,781143
298,62037.197416,783772
299,62037.197416,786400
300,62037.197416,789030
301,62037.197416,791654
302,62037.197416,794283
303,62037.197416,796911
304,62037.197416,799538
305,62037.197416,802166
306,62037.197416,804786
307,62037.197416,807409
308,62037.197416,810043
62037.197416,4.493768
1,62039.329063,2376
2,62038.592934,5037
3,62038.592934,7697
4,62038.592934,10358
5,62038.592934,13019
6,62038.592934,15678
7,62038.592934,18338
8,62038.592934,20995
9,62038.592934,23648
10,62038.592934,26305
11,62038.592934,28960
12,62038.592934,31611
13,62038.592934,34266
14,62038.592934,36917
15,62038.592934,39565
16,62038.592934,42213
17,62038.592934,44865
18,62038.592934,47510
19,62038.592934,50162
20,62038.592934,52807
21,62038.592934,55452
22,62038.592934,58096
23,62038.592934,60744
24,62038.592934,63396
25,62038.592934,66047
26,62038.592934,68700
27,62038.592934,71346
28,62038.592934,73991
29,62038.592934,76638
30,62038.592934,79292
31,62038.592934,81946
32,62038.592934,84600
33,62038.592934,87255
34,62038.592934,89909
35,62038.592934,92565
36,62038.592934,95216
37,62038.592934,97866
38,62038.592934,100517
39,62038.592934,103174
40,62038.592934,105832
41,62038.592934,108490
42,62038.592934,111148
43,62038.592934,113804
44,62038.592934,116458
45,62038.592934,119114
46,62038.592934,121764
47,62038.592934,124418
48,62038.592934,127067
49,62038.592934,129718
50,62038.592934,132369
51,62038.592934,135010
52,62038.592934,137662
53,62038.592934,140319
54,62038.592934,142971
55,62038.592934,145614
56,62038.592934,148267
57,62038.592934,150910
58,62038.592934,153557
59,62038.592934,156210
60,62038.592934,158860
61,62038.592934,161518
62,62038.592934,164163
63,62038.592934,166814
64,62038.592934,169464
65,62038.592934,172115
66,62038.592934,174766
67,62038.592934,177414
68,62038.592934,180062
69,62038.592934,182705
70,62038.592934,185356
71,62038.592934,188010
72,62038.592934,190659
73,62038.592934,193315
74,62038.592934,195969
75,62038.592934,198619
76,62038.592934,201271
77,62038.592934,203927
78,62038.592934,206580
79,62038.592934,209229
80,62038.592934,211875
81,62038.592934,214530
82,62038.592934,217183
83,62038.592934,219836
84,62038.592934,222490
85,62038.592934,225144
86,62038.592934,227790
87,62038.592934,230443
88,62038.592934,233094
89,62038.592934,235751
90,62038.592934,238402
91,62038.592934,241057
92,62038.592934,243707
93,62038.592934,246361
94,62038.592934,249013
95,62038.592934,251661
96,62038.592934,254305
97,62038.592934,256964
98,62038.592934,259617
99,62038.592934,262272
100,62038.592934,264928
101,62038.592934,267579
102,62038.592934,270236
103,62038.592934,272892
104,62038.592934,275546
105,62038.592934,278199
106,62038.592934,280848
107,62038.592934,283497
108,62038.592934,286142
109,62038.592934,288795
110,62038.592934,291447
111,62038.592934,294101
112,62038.592934,296746
113,62038.592934,299404
114,62038.592934,302052
115,62038.592934,304705
116,62038.592934,307360
117,62038.592934,310014
118,62038.592934,312661
119,62038.592934,315309
120,62038.592934,317956
121,62038.592934,320608
122,62038.592934,323258
123,62038.592934,325912
124,62038.592934,328570
125,62038.592934,331228
126,62038.592934,333881
127,62038.592934,336534
128,62038.592934,339182
129,62038.592934,341830
130,62038.592934,344481
131,62038.592934,347130
132,62038.592934,349777
133,62038.592934,352416
134,62038.592934,355065
135,62038.592934,357708
136,62038.592934,360355
137,62038.592934,363000
138,62038.592934,365641
139,62038.592934,368289
140,62038.592934,370936
141,62038.592934,373584
142,62038.592934,376225
143,62038.592934,378872
144,62038.592934,381517
145,62038.592934,384165
146,62038.592934,386814
147,62038.592934,389458
148,62038.592934,392107
149,62038.592934,394751
150,62038.592934,397403
151,62038.592934,400060
152,62038.592934,402717
153,62038.592934,405370
154,62038.592934,408029
155,62038.592934,410683
156,62038.592934,413336
157,62038.592934,415992
158,62038.592934,418649
159,62038.592934,421303
160,62038.592934,423962
161,62038.592934,426612
162,62038.592934,429265
163,62038.592934,431920
164,62038.592934,434573
165,62038.592934,437224
166,62038.592934,439881
167,62038.592934,442536
168,62038.592934,445185
169,62038.592934,447840
170,62038.592934,450495
171,62038.592934,453145
172,62038.592934,455803
173,62038.592934,458453
174,62038.592934,461106
175,62038.592934,463747
176,62038.592934,466399
177,62038.592934,469048
178,62038.592934,471699
179,62038.592934,474351
180,62038.592934,477002
181,62038.592934,479653
182,62038.592934,482303
183,62037.953821,484957
184,62037.953821,487612
185,62037.953821,490269
186,62037.953821,492928
187,62037.953821,495586
188,62037.953821,498244
189,62037.953821,500894
190,62037.953821,503550
191,62037.953821,506205
192,62037.953821,508852
193,62037.953821,511495
194,62037.953821,514147
195,62037.953821,516796
196,62037.953821,519448
197,62037.953821,522095
198,62037.953821,524748
199,62037.953821,527395
200,62037.953821,530047
201,62037.953821,532703
202,62037.953821,535358
203,62037.953821,538014
204,62037.953821,540667
205,62037.953821,543323
206,62037.652059,545979
207,62037.652059,548629
208,62037.652059,551277
209,62037.652059,553926
210,62037.652059,556576
211,62037.652059,559221
212,62037.652059,561878
213,62037.652059,564529
214,62037.652059,567187
215,62037.652059,569844
216,62037.652059,572494
217,62037.652059,575147
218,62037.652059,577801
219,62037.652059,580449
220,62037.652059,583097
221,62037.652059,585740
222,62037.652059,588387
223,62037.652059,591032
224,62037.652059,593686
225,62037.652059,596330
226,62037.652059,598981
227,62037.652059,601631
228,62037.652059,604286
229,62037.652059,606944
230,62037.652059,609596
231,62037.652059,612242
232,62037.652059,614891
233,62037.652059,617540
234,62037.652059,620191
235,62037.652059,622845
236,62037.652059,625496
237,62037.652059,628150
238,62037.652059,630800
239,62037.652059,633449
240,62037.652059,636104
241,62037.652059,638757
242,62037.652059,641409
243,62037.652059,644059
244,62037.652059,646712
245,62037.652059,649365
246,62037.652059,652016
247,62037.652059,654671
248,62037.652059,657325
249,62037.652059,659982
250,62037.652059,662640
251,62037.652059,665291
252,62037.652059,667946
253,62037.652059,670600
254,62037.652059,673255
255,62037.652059,675911
256,62037.652059,678568
257,62037.652059,681222
258,62037.652059,683877
259,62037.652059,686532
260,62037.652059,689191
261,62037.652059,691842
262,62037.652059,694490
263,62037.652059,697138
264,62037.652059,699792
265,62037.652059,702444
266,62037.652059,705092
267,62037.652059,707746
268,62037.652059,710394
269,62037.652059,713046
270,62037.652059,715696
271,62037.652059,718338
272,62037.652059,720988
273,62037.652059,723635
274,62037.652059,726285
275,62037.652059,728936
276,62037.652059,731584
277,62037.652059,734237
278,62037.652059,736889
279,62037.652059,739538
280,62037.652059,742184
281,62037.652059,744835
282,62037.652059,747483
283,62037.652059,750131
284,62037.652059,752780
285,62037.652059,755430
286,62037.652059,758078
287,62037.652059,760727
288,62037.652059,763376
289,62037.652059,766023
290,62037.652059,768674
291,62037.652059,771328
292,62037.652059,773976
293,62037.652059,776618
294,62037.652059,779272
295,62037.652059,781925
296,62037.652059,784580
297,62037.652059,787228
298,62037.652059,789881
299,62037.652059,792536
300,62037.652059,795190
301,62037.652059,797844
302,62037.652059,800492
303,62037.652059,803146
304,62037.652059,805801
305,62037.652059,808453
306,62037.652059,811107
62037.652059,4.547960
1,62041.072513,2376
2,62039.684444,5034
3,62039.018493,7692
4,62039.018493,10347
5,62039.018493,13004
6,62039.018493,15659
7,62039.018493,18313
8,62039.018493,20966
9,62039.018493,23621
10,62039.018493,26273
11,62039.018493,28922
12,62039.018493,31573
13,62039.018493,34228
14,62039.018493,36873
15,62039.018493,39518
16,62039.018493,42166
17,62039.018493,44810
18,62039.018493,47460
19,62039.018493,50114
20,62039.018493,52767
21,62039.018493,55418
22,62039.018493,58066
23,62039.018493,60704
24,62039.018493,63358
25,62039.018493,66007
26,62039.018493,68661
27,62039.018493,71301
28,62039.018493,73942
29,62039.018493,76584
30,62039.018493,79234
31,62039.018493,81881
32,62039.018493,84530
33,62039.018493,87175
34,62039.018493,89821
35,62039.018493,92472
36,62039.018493,95124
37,62039.018493,97777
38,62039.018493,100424
39,62039.018493,103068
40,62039.018493,105712
41,62039.018493,108355
42,62039.018493,111001
43,62039.018493,113643
44,62039.018493,116291
45,62039.018493,118941
46,62039.018493,121588
47,62039.018493,124232
48,62039.018493,126882
49,62039.018493,129528
50,62039.018493,132176
51,62039.018493,134829
52,62039.018493,137480
53,62039.018493,140129
54,62039.018493,142781
55,62039.018493,145433
56,62039.018493,148081
57,62039.018493,150733
58,62039.018493,153385
59,62039.018493,156032
60,62039.018493,158681
61,62039.018493,161335
62,62039.018493,163989
63,62039.018493,166639
64,62039.018493,169290
65,62039.018493,171939
66,62039.018493,174591
67,62039.018493,177242
68,62039.018493,179892
69,62039.018493,182536
70,62039.018493,185187
71,62039.018493,187833
72,62039.018493,190486
73,62039.018493,193132
74,62039.018493,195781
75,62039.018493,198429
76,62039.018493,201080
77,62039.018493,203720
78,62039.018493,206369
79,62039.018493,209012
80,62039.018493,211659
81,62039.018493,214296
82,62039.018493,216941
83,62039.018493,219582
84,62039.018493,222227
85,62039.018493,224859
86,62039.018493,227503
87,62039.018493,230143
88,62039.018493,232783
89,62039.018493,235423
90,62039.018493,238063
91,62039.018493,240708
92,62039.018493,243343
93,62039.018493,245990
94,62039.018493,248637
95,62039.018493,251288
96,62039.018493,253935
97,62039.018493,256583
98,62039.018493,259232
99,62039.018493,261879
100,62039.018493,264535
101,62039.018493,267180
102,62039.018493,269831
103,62039.018493,272479
104,62039.018493,275129
105,62039.018493,277781
106,62039.018493,280432
107,62039.018493,283082
108,62039.018493,285735
109,62039.018493,288387
110,62039.018493,291035
111,62039.018493,293683
112,62039.018493,296330
113,62039.018493,298968
114,62039.018493,301618
115,62039.018493,304268
116,62039.018493,306905
117,62039.018493,309559
118,62039.018493,312207
119,62039.018493,314854
120,62039.018493,317499
121,62039.018493,320147
122,62039.018493,322792
123,62039.018493,325430
124,62039.018493,328070
125,62039.018493,330709
126,62039.018493,333355
127,62039.018493,335999
128,62039.018493,338638
129,62039.018493,341284
130,62039.018493,343933
131,62039.018493,346582
132,62039.018493,349230
133,62039.018493,351873
134,62039.018493,354527
135,62039.018493,357175
136,62039.018493,359826
137,62039.018493,362471
138,62039.018493,365113
139,62039.018493,367758
140,62039.018493,370410
141,62039.018493,373063
142,62039.018493,375718
143,62039.018493,378364
144,62039.018493,381010
145,62039.018493,383661
146,62039.018493,386304
147,62039.018493,388952
148,62039.018493,391598
149,62039.018493,394249
150,62039.018493,396898
151,62039.018493,399549
152,62039.018493,402194
153,62039.018493,404839
154,62039.018493,407485
155,62039.018493,410126
156,62039.018493,412772
157,62039.018493,415413
158,62039.018493,418056
159,62039.018493,420709
160,62039.018493,423359
161,62039.018493,426012
162,62039.018493,428667
163,62039.018493,431309
164,62039.018493,433962
165,62039.018493,436612
166,62039.018493,439261
167,62037.659026,441909
168,62037.659026,444550
169,62037.659026,447201
170,62037.659026,449853
171,62037.659026,452498
172,62037.659026,455152
173,62037.659026,457798
174,62037.659026,460445
175,62037.659026,463091
176,62037.659026,465735
177,62037.659026,468380
178,62037.659026,471025
179,62037.659026,473674
180,62037.659026,476324
181,62037.659026,478974
182,62037.659026,481624
183,62037.659026,484267
184,62037.659026,486917
185,62037.659026,489567
186,62037.659026,492209
187,62037.659026,494853
188,62037.659026,497501
189,62037.659026,500152
190,62037.659026,502805
191,62037.659026,505450
192,62037.659026,508098
193,62037.659026,510748
194,62037.659026,513398
195,62037.659026,516043
196,62037.659026,518691
197,62037.659026,521334
198,62037.659026,523981
199,62037.659026,526622
200,62037.659026,529262
201,62037.659026,531908
202,62037.659026,534553
203,62037.659026,537195
204,62037.659026,539845
205,62037.659026,542493
206,62037.659026,545140
207,62037.659026,547789
208,62037.659026,550436
209,62037.659026,553083
210,62037.659026,555729
211,62037.659026,558382
212,62037.659026,561032
213,62037.659026,563674
214,62037.659026,566329
215,62037.659026,568978
216,62037.659026,571633
217,62037.659026,574280
218,62037.659026,576921
219,62037.659026,579569
220,62037.659026,582221
221,62037.659026,584866
222,62037.659026,587515
223,62037.659026,590169
224,62037.659026,592822
225,62037.659026,595470
226,62037.659026,598121
227,62037.659026,600765
228,62037.659026,603415
229,62037.659026,606070
230,62037.659026,608722
231,62037.659026,611369
232,62037.659026,614015
233,62037.659026,616666
234,62037.659026,619313
235,62037.659026,621961
236,62037.659026,624608
237,62037.659026,627252
238,62037.659026,629901
239,62037.659026,632551
240,62037.659026,635198
241,62037.659026,637846
242,62037.659026,640496
243,62037.659026,643144
244,62037.659026,645797
245,62037.659026,648439
246,62037.659026,651088
247,62037.659026,653739
248,62037.659026,656392
249,62037.659026,659035
250,62037.659026,661688
251,62037.659026,664339
252,62037.659026,666989
253,62037.659026,669634
254,62037.659026,672282
255,62037.659026,674922
256,62037.659026,677566
257,62037.659026,680215
258,62037.659026,682859
259,62037.659026,685511
260,62037.659026,688157
261,62037.659026,690807
262,62037.659026,693458
263,62037.659026,696107
264,62037.659026,698760
265,62037.659026,701409
266,62037.659026,704057
267,62037.659026,706710
268,62037.659026,709360
269,62037.659026,712005
270,62037.659026,714653
271,62037.659026,717302
272,62037.659026,719951
273,62037.659026,722602
274,62037.659026,725251
275,62037.659026,727904
276,62037.659026,730548
277,62037.659026,733197
278,62037.659026,735841
279,62037.659026,738487
280,62037.652059,741137
281,62037.652059,743783
282,62036.936198,746436
283,62036.936198,749092
284,62036.936198,751745
285,62036.936198,754395
286,62036.936198,757047
287,62036.936198,759698
288,62036.936198,762351
289,62036.936198,764996
290,62036.936198,767647
291,62036.936198,770295
292,62036.936198,772946
293,62036.936198,775593
294,62036.936198,778244
295,62036.936198,780890
296,62036.936198,783539
297,62036.936198,786193
298,62036.936198,788846
299,62036.936198,791499
300,62036.936198,794155
301,62036.936198,796801
302,62036.936198,799451
303,62036.936198,802098
304,62036.936198,804747
305,62036.936198,807395
306,62036.936198,810040
62036.936198,4.565502
1,62040.815642,2376
2,62039.011722,5000
3,62039.011722,7624
4,62039.011722,10248
5,62039.011722,12867
6,62038.289660,15490
7,62038.289660,18110
8,62038.289660,20732
9,62038.289660,23350
10,62038.289660,25969
11,62038.289660,28591
12,62038.289660,31211
13,62038.289660,33827
14,62038.289660,36446
15,62038.289660,39058
16,62038.289660,41674
17,62038.289660,44290
18,62038.289660,46905
19,62038.289660,49525
20,62038.289660,52147
21,62038.289660,54763
22,62038.289660,57376
23,62038.289660,59996
24,62038.289660,62613
25,62038.289660,65233
26,62038.289660,67851
27,62038.289660,70463
28,62038.289660,73078
29,62038.289660,75685
30,62038.289660,78302
31,62038.289660,80915
32,62038.289660,83535
33,62038.289660,86156
34,62038.289660,88776
35,62038.289660,91391
36,62038.289660,94005
37,62038.289660,96615
38,62038.289660,99236
39,62038.289660,101854
40,62038.289660,104467
41,62038.289660,107089
42,62038.289660,109702
43,62038.289660,112319
44,62038.289660,114932
45,62038.289660,117546
46,62038.289660,120162
47,62038.289660,122778
48,62038.289660,125393
49,62038.289660,128007
50,62038.289660,130626
51,62038.289660,133238
52,62038.289660,135851
53,62038.289660,138462
54,62038.289660,141079
55,62038.289660,143690
56,62038.289660,146306
57,62038.289660,148913
58,62038.289660,151520
59,62038.289660,154127
60,62038.289660,156742
61,62038.289660,159349
62,62038.289660,161957
63,62038.289660,164567
64,62038.289660,167178
65,62038.289660,169796
66,62038.289660,172411
67,62038.289660,175028
68,62038.289660,177647
69,62038.289660,180265
70,62038.289660,182878
71,62038.289660,185497
72,62038.289660,188114
73,62038.289660,190727
74,62038.289660,193343
75,62038.289660,195956
76,62038.289660,198575
77,62038.289660,201193
78,62038.289660,203808
79,62037.820924,206425
80,62037.820924,209037
81,62037.820924,211654
82,62037.820924,214273
83,62037.820924,216891
84,62037.820924,219510
85,62037.820924,222127
86,62037.820924,224748
87,62037.820924,227366
88,62037.820924,229983
89,62037.820924,232600
90,62037.820924,235221
91,62037.820924,237837
92,62037.820924,240449
93,62037.820924,243063
94,62037.820924,245674
95,62037.820924,248286
96,62037.820924,250907
97,62037.820924,253527
98,62037.820924,256142
99,62037.820924,258753
100,62037.820924,261364
101,62037.820924,263978
102,62037.574353,266597
103,62037.574353,269209
104,62037.574353,271821
105,62037.574353,274432
106,62037.574353,277044
107,62037.574353,279662
108,62037.574353,282279
109,62037.574353,284886
110,62037.574353,287498
111,62037.574353,290112
112,62037.574353,292725
113,62037.574353,295344
114,62037.574353,297958
115,62037.574353,300568
116,62037.574353,303178
117,62037.574353,305794
118,62037.574353,308415
119,62037.574353,311016
120,62037.574353,313631
121,62037.574353,316240
122,62037.574353,318856
123,62037.574353,321475
124,62037.574353,324092
125,62037.574353,326709
126,62037.574353,329318
127,62037.574353,331927
128,62037.574353,334543
129,62037.574353,337149
130,62037.574353,339758
131,62037.574353,342373
132,62037.574353,344985
133,62037.574353,347596
134,62037.574353,350203
135,62037.574353,352812
136,62037.574353,355417
137,62037.574353,358021
138,62037.574353,360635
139,62037.574353,363245
140,62037.574353,365853
141,62037.574353,368466
142,62037.574353,371086
143,62037.574353,373704
144,62037.574353,376322
145,62037.574353,378932
146,62037.574353,381555
147,62037.574353,384168
148,62037.574353,386785
149,62037.574353,389397
150,62037.574353,392009
151,62037.574353,394626
152,62037.574353,397243
153,62037.574353,399857
154,62037.574353,402475
155,62037.574353,405092
156,62037.574353,407709
157,62037.574353,410326
158,62037.574353,412941
159,62037.574353,415555
160,62037.574353,418173
161,62037.574353,420786
162,62037.574353,423403
163,62037.574353,426017
164,62037.574353,428637
165,62037.574353,431251
166,62037.574353,433866
167,62037.574353,436480
168,62037.574353,439095
169,62037.574353,441712
170,62037.574353,444328
171,62037.574353,446944
172,62037.574353,449560
173,62037.574353,452177
174,62037.574353,454797
175,62037.574353,457415
176,62037.574353,460033
177,62037.574353,462643
178,62037.574353,465263
179,62037.574353,467879
180,62037.574353,470501
181,62037.574353,473116
182,62037.574353,475728
183,62037.574353,478338
184,62037.574353,480956
185,62037.574353,483573
186,62037.574353,486178
187,62037.574353,488790
188,62037.574353,491401
189,62037.574353,494009
190,62037.574353,496619
191,62037.574353,499228
192,62037.574353,501835
193,62037.574353,504441
194,62037.574353,507048
195,62037.574353,509656
196,62037.574353,512267
197,62037.574353,514874
198,62037.574353,517487
199,62037.574353,520093
200,62037.574353,522705
201,62037.574353,525313
202,62037.574353,527929
203,62037.574353,530536
204,62037.574353,533156
205,62037.574353,535767
206,62037.574353,538380
207,62037.574353,540994
208,62037.574353,543604
209,62037.574353,546223
210,62037.574353,548835
211,62037.574353,551448
212,62037.574353,554066
213,62037.574353,556677
214,62037.574353,559288
215,62037.574353,561889
216,62037.574353,564503
217,62037.574353,567111
218,62037.574353,569719
219,62037.574353,572329
220,62037.574353,574941
221,62037.574353,577551
222,62037.574353,580160
223,62037.574353,582769
224,62037.574353,585380
225,62037.574353,587990
226,62037.574353,590597
227,62037.574353,593207
228,62037.574353,595819
229,62037.574353,598428
230,62037.574353,601040
231,62037.574353,603653
232,62037.574353,606273
233,62037.574353,608891
234,62037.574353,611513
235,62037.574353,614131
236,62037.574353,616748
237,62037.574353,619356
238,62037.574353,621971
239,62037.574353,624582
240,62037.574353,627192
241,62037.574353,629802
242,62037.574353,632420
243,62037.574353,635036
244,62037.574353,637654
245,62037.574353,640267
246,62037.574353,642880
247,62037.574353,645496
248,62037.574353,648105
249,62037.574353,650723
250,62037.574353,653340
251,62037.574353,655957
252,62037.574353,658573
253,62037.574353,661188
254,62037.574353,663797
255,62037.574353,666408
256,62037.574353,669012
257,62037.574353,671623
258,62037.574353,674241
259,62037.574353,676854
260,62037.574353,679461
261,62037.574353,682076
262,62037.574353,684689
263,62037.574353,687293
264,62037.574353,689909
265,62037.574353,692525
266,62037.574353,695147
267,62037.574353,697763
268,62037.574353,700381
269,62037.574353,702995
270,62037.574353,705614
271,62037.574353,708231
272,62037.574353,710846
273,62037.574353,713466
274,62037.574353,716082
275,62037.574353,718699
276,62037.574353,721315
277,62037.574353,723936
278,62037.574353,726545
279,62037.574353,729165
280,62037.574353,731777
281,62037.574353,734390
282,62037.574353,737008
283,62037.574353,739621
284,62037.574353,742232
285,62037.574353,744841
286,62037.574353,747455
287,62037.574353,750070
288,62037.574353,752684
289,62037.574353,755299
290,62037.574353,757916
291,62037.574353,760529
292,62037.574353,763145
293,62037.574353,765757
294,62037.574353,768372
295,62037.574353,770988
296,62037.574353,773607
297,62037.574353,776221
298,62037.574353,778839
299,62037.574353,781455
300,62037.574353,784072
301,62037.574353,786691
302,62037.574353,789302
303,62037.574353,791918
304,62037.574353,794535
305,62037.574353,797154
306,62037.574353,799770
307,62037.574353,802380
308,62037.574353,804998
309,62037.574353,807616
310,62037.574353,810228
62037.574353,4.597664
1,62040.024449,2376
2,62039.329063,5023
3,62038.289660,7670
4,62038.289660,10315
5,62038.289660,12960
6,62038.289660,15600
7,62038.289660,18246
8,62038.289660,20888
9,62038.289660,23531
10,62038.289660,26170
11,62038.289660,28804
12,62038.289660,31447
13,62038.289660,34086
14,62038.289660,36719
15,62038.289660,39356
16,62038.289660,41996
17,62038.289660,44622
18,62038.289660,47256
19,62038.289660,49884
20,62038.289660,52521
21,62038.289660,55146
22,62038.289660,57779
23,62038.289660,60416
24,62038.289660,63060
25,62038.289660,65697
26,62038.289660,68333
27,62038.289660,70963
28,62038.289660,73597
29,62038.289660,76231
30,62038.289660,78865
31,62038.289660,81508
32,62038.289660,84149
33,62038.289660,86792
34,62038.289660,89423
35,62038.289660,92062
36,62038.289660,94697
37,62038.289660,97336
38,62038.289660,99976
39,62038.289660,102615
40,62038.289660,105256
41,62038.289660,107899
42,62038.289660,110531
43,62038.289660,113164
44,62038.289660,115800
45,62038.289660,118438
46,62038.289660,121075
47,62038.289660,123712
48,62038.289660,126348
49,62038.289660,128988
50,62038.289660,131614
51,62038.289660,134247
52,62038.289660,136880
53,62038.289660,139516
54,62038.289660,142158
55,62038.289660,144800
56,62038.289660,147439
57,62038.289660,150082
58,62038.289660,152718
59,62038.289660,155356
60,62038.289660,157996
61,62038.289660,160634
62,62038.289660,163274
63,62038.289660,165911
64,62038.289660,168545
65,62038.289660,171188
66,62038.289660,173829
67,62038.289660,176469
68,62038.289660,179113
69,62038.289660,181751
70,62038.289660,184388
71,62038.289660,187030
72,62038.289660,189667
73,62038.289660,192302
74,62038.289660,194940
75,62038.289660,197570
76,62038.289660,200205
77,62038.289660,202836
78,62038.289660,205474
79,62038.289660,208116
80,62038.289660,210755
81,62038.289660,213389
82,62038.289660,216022
83,62038.289660,218658
84,62038.289660,221296
85,62038.289660,223932
86,62038.289660,226567
87,62038.289660,229197
88,62038.289660,231837
89,62038.289660,234476
90,62038.289660,237110
91,62038.289660,239753
92,62038.289660,242389
93,62038.289660,245025
94,62038.289660,247662
95,62038.289660,250289
96,62038.289660,252925
97,62038.289660,255563
98,62038.289660,258202
99,62038.289660,260834
100,62038.289660,263475
101,62038.289660,266106
102,62038.289660,268744
103,62038.289660,271381
104,62038.289660,274020
105,62038.289660,276647
106,62038.289660,279286
107,62038.289660,281921
108,62038.289660,284561
109,62038.289660,287193
110,62038.289660,289835
111,62038.289660,292474
112,62038.289660,295106
113,62038.289660,297744
114,62038.289660,300381
115,62038.289660,303023
116,62038.289660,305656
117,62038.289660,308293
118,62038.289660,310934
119,62038.289660,313575
120,62038.289660,316211
121,62038.289660,318840
122,62038.289660,321472
123,62038.289660,324111
124,62038.289660,326752
125,62038.289660,329386
126,62038.289660,332026
127,62038.289660,334668
128,62038.289660,337299
129,62037.820924,339939
130,62037.820924,342578
131,62037.820924,345222
132,62037.820924,347859
133,62037.820924,350496
134,62037.820924,353139
135,62037.820924,355780
136,62037.820924,358415
137,62037.820924,361058
138,62037.820924,363697
139,62037.820924,366335
140,62037.820924,368970
141,62037.820924,371611
142,62037.820924,374250
143,62037.820924,376891
144,62037.820924,379534
145,62037.820924,382172
146,62037.820924,384811
147,62037.820924,387451
148,62037.820924,390092
149,62037.820924,392732
150,62037.820924,395372
151,62037.820924,398017
152,62037.820924,400660
153,62037.820924,403298
154,62037.820924,405934
155,62037.820924,408572
156,62037.820924,411217
157,62037.820924,413851
158,62037.820924,416488
159,62037.820924,419127
160,62037.820924,421765
161,62037.820924,424403
162,62037.820924,427038
163,62037.820924,429673
164,62037.820924,432310
165,62037.820924,434947
166,62037.820924,437583
167,62037.820924,440219
168,62037.820924,442860
169,62037.820924,445496
170,62037.820924,448136
171,62037.820924,450776
172,62037.820924,453419
173,62037.820924,456054
174,62037.820924,458691
175,62037.820924,461332
176,62037.820924,463975
177,62037.820924,466609
178,62037.820924,469248
179,62037.820924,471887
180,62037.820924,474519
181,62037.820924,477158
182,62037.820924,479797
183,62037.820924,482428
184,62037.820924,485067
185,62037.820924,487708
186,62037.820924,490347
187,62037.820924,492991
188,62037.820924,495624
189,62037.820924,498260
190,62037.820924,500891
191,62037.820924,503528
192,62037.820924,506171
193,62037.820924,508814
194,62037.820924,511451
195,62037.820924,514091
196,62037.820924,516725
197,62037.820924,519364
198,62037.820924,522005
199,62037.820924,524648
200,62037.820924,527288
201,62037.820924,529922
202,62037.820924,532557
203,62037.820924,535201
204,62037.820924,537838
205,62037.820924,540475
206,62037.820924,543116
207,62037.820924,545757
208,62037.820924,548395
209,62037.820924,551037
210,62037.820924,553680
211,62037.820924,556323
212,62037.820924,558963
213,62037.820924,561599
214,62037.820924,564238
215,62037.820924,566877
216,62037.820924,569511
217,62037.820924,572146
218,62037.820924,574783
219,62037.820924,577424
220,62037.820924,580064
221,62037.820924,582709
222,62037.820924,585347
223,62037.820924,587982
224,62037.820924,590622
225,62037.820924,593260
226,62037.820924,595896
227,62037.820924,598532
228,62037.820924,601173
229,62037.820924,603814
230,62037.820924,606452
231,62037.820924,609085
232,62037.820924,611716
233,62037.820924,614341
234,62037.820924,616981
235,62037.820924,619623
236,62037.820924,622263
237,62037.820924,624897
238,62037.820924,627541
239,62037.820924,630183
240,62037.820924,632820
241,62037.820924,635462
242,62037.820924,638101
243,62037.820924,640742
244,62037.820924,643382
245,62037.820924,646026
246,62037.820924,648661
247,62037.820924,651301
248,62037.820924,653939
249,62037.820924,656577
250,62037.820924,659213
251,62037.820924,661857
252,62037.820924,664496
253,62037.820924,667134
254,62037.820924,669775
255,62037.820924,672415
256,62037.820924,675058
257,62037.820924,677699
258,62037.820924,680339
259,62037.820924,682977
260,62037.820924,685623
261,62037.820924,688266
262,62037.820924,690909
263,62037.820924,693551
264,62037.820924,696194
265,62037.820924,698833
266,62037.820924,701479
267,62037.820924,704118
268,62037.820924,706763
269,62037.820924,709409
270,62037.820924,712053
271,62037.820924,714691
272,62037.820924,717336
273,62037.820924,719976
274,62037.820924,722616
275,62037.180718,725257
276,62037.180718,727898
277,62037.180718,730534
278,62037.180718,733172
279,62037.180718,735810
280,62037.180718,738453
281,62037.180718,741092
282,62037.180718,743733
283,62037.180718,746372
284,62037.180718,749007
285,62037.180718,751650
286,62037.180718,754293
287,62037.180718,756937
288,62037.180718,759576
289,62037.180718,762218
290,62037.180718,764853
291,62037.180718,767486
292,62037.180718,770121
293,62037.180718,772761
294,62037.180718,775401
295,62037.180718,778037
296,62037.180718,780671
297,62037.180718,783306
298,62037.180718,785947
299,62037.180718,788576
300,62037.180718,791216
301,62037.180718,793856
302,62037.180718,796493
303,62037.180718,799127
304,62037.180718,801763
305,62037.180718,804401
306,62037.180718,807044
307,62037.180718,809683
62037.180718,4.538977
1,62039.011722,2376
2,62039.011722,5001
3,62039.011722,7626
4,62039.011722,10251
5,62039.011722,12867
6,62039.011722,15488
7,62039.011722,18110
8,62039.011722,20731
9,62039.011722,23350
10,62039.011722,25970
11,62039.011722,28588
12,62039.011722,31209
13,62039.011722,33821
14,62039.011722,36440
15,62039.011722,39053
16,62039.011722,41661
17,62039.011722,44267
18,62039.011722,46883
19,62039.011722,49491
20,62039.011722,52105
21,62039.011722,54715
22,62039.011722,57326
23,62039.011722,59941
24,62039.011722,62553
25,62039.011722,65166
26,62039.011722,67785
27,62039.011722,70406
28,62039.011722,73021
29,62039.011722,75638
30,62039.011722,78246
31,62039.011722,80861
32,62039.011722,83476
33,62039.011722,86092
34,62039.011722,88701
35,62039.011722,91322
36,62039.011722,93940
37,62039.011722,96556
38,62039.011722,99176
39,62039.011722,101795
40,62039.011722,104414
41,62039.011722,107034
42,62039.011722,109651
43,62039.011722,112267
44,62039.011722,114882
45,62039.011722,117498
46,62039.011722,120113
47,62039.011722,122729
48,62039.011722,125340
49,62039.011722,127948
50,62039.011722,130564
51,62039.011722,133172
52,62039.011722,135785
53,62039.011722,138393
54,62039.011722,141005
55,62039.011722,143605
56,62039.011722,146207
57,62039.011722,148815
58,62039.011722,151424
59,62039.011722,154036
60,62039.011722,156650
61,62039.011722,159260
62,62039.011722,161875
63,62039.011722,164490
64,62039.011722,167104
65,62039.011722,169718
66,62039.011722,172341
67,62039.011722,174958
68,62039.011722,177578
69,62039.011722,180200
70,62039.011722,182821
71,62039.011722,185437
72,62039.011722,188053
73,62039.011722,190670
74,62039.011722,193280
75,62039.011722,195898
76,62039.011722,198509
77,62039.011722,201124
78,62039.011722,203743
79,62039.011722,206361
80,62039.011722,208974
81,62039.011722,211590
82,62039.011722,214208
83,62039.011722,216823
84,62039.011722,219433
85,62039.011722,222044
86,62039.011722,224659
87,62037.820924,227266
88,62037.820924,229871
89,62037.820924,232491
90,62037.820924,235106
91,62037.820924,237718
92,62037.820924,240333
93,62037.820924,242947
94,62037.820924,245563
95,62037.820924,248167
96,62037.820924,250783
97,62037.820924,253397
98,62037.820924,256016
99,62037.820924,258636
100,62037.820924,261253
101,62037.820924,263869
102,62037.820924,266480
103,62037.820924,269089
104,62037.820924,271705
105,62037.820924,274323
106,62037.820924,276939
107,62037.820924,279559
108,62037.820924,282178
109,62037.820924,284794
110,62037.820924,287414
111,62037.820924,290028
112,62037.820924,292648
113,62037.820924,295267
114,62037.820924,297887
115,62037.820924,300501
116,62037.820924,303122
117,62037.820924,305743
118,62037.820924,308358
119,62037.820924,310976
120,62037.820924,313596
121,62037.820924,316215
122,62037.820924,318831
123,62037.820924,321447
124,62037.820924,324069
125,62037.820924,326683
126,62037.820924,329304
127,62037.820924,331922
128,62037.820924,334543
129,62037.820924,337156
130,62037.820924,339776
131,62037.820924,342393
132,62037.820924,345014
133,62037.820924,347631
134,62037.820924,350244
135,62037.820924,352855
136,62037.820924,355474
137,62037.820924,358092
138,62037.820924,360705
139,62037.820924,363322
140,62037.820924,365946
141,62037.820924,368564
142,62037.820924,371180
143,62037.820924,373797
144,62037.820924,376413
145,62037.820924,379027
146,62037.820924,381645
147,62037.820924,384259
148,62037.820924,386874
149,62037.820924,389488
150,62037.820924,392110
151,62037.820924,394726
152,62037.820924,397341
153,62037.820924,399955
154,62037.820924,402573
155,62037.820924,405190
156,62037.820924,407806
157,62037.820924,410423
158,62037.820924,413045
159,62037.820924,415664
160,62037.820924,418285
161,62037.820924,420899
162,62037.820924,423518
163,62037.820924,426132
164,62037.820924,428753
165,62037.820924,431371
166,62037.820924,433992
167,62037.820924,436608
168,62037.820924,439220
169,62037.820924,441836
170,62037.820924,444455
171,62037.820924,447068
172,62037.820924,449693
173,62037.820924,452308
174,62037.820924,454918
175,62037.820924,457538
176,62037.820924,460161
177,62037.820924,462773
178,62037.820924,465394
179,62037.820924,468012
180,62037.820924,470630
181,62037.820924,473246
182,62037.820924,475865
183,62037.820924,478485
184,62037.820924,481099
185,62037.820924,483718
186,62037.820924,486338
187,62037.820924,488952
188,62037.820924,491572
189,62037.820924,494186
190,62037.820924,496807
191,62037.820924,499425
192,62037.820924,502043
193,62037.820924,504664
194,62037.820924,507280
195,62037.820924,509897
196,62037.820924,512514
197,62037.820924,515130
198,62037.820924,517746
199,62037.820924,520369
200,62037.820924,522987
201,62037.820924,525606
202,62037.820924,528222
203,62037.820924,530842
204,62037.820924,533464
205,62037.820924,536084
206,62037.820924,538703
207,62037.820924,541320
208,62037.820924,543929
209,62037.820924,546546
210,62037.820924,549166
211,62037.820924,551788
212,62037.820924,554406
213,62037.820924,557026
214,62037.820924,559639
215,62037.820924,562255
216,62037.820924,564866
217,62037.820924,567484
218,62037.820924,570097
219,62037.820924,572709
220,62037.820924,575326
221,62037.820924,577947
222,62037.820924,580564
223,62037.820924,583182
224,62037.820924,585800
225,62037.820924,588415
226,62037.820924,591031
227,62037.820924,593646
228,62037.820924,596263
229,62037.820924,598876
230,62037.820924,601491
231,62037.820924,604112
232,62037.820924,606731
233,62037.820924,609342
234,62037.820924,611957
235,62037.820924,614571
236,62037.820924,617188
237,62037.820924,619802
238,62037.820924,622415
239,62037.820924,625029
240,62037.820924,627642
241,62037.820924,630258
242,62037.820924,632873
243,62037.820924,635491
244,62037.820924,638103
245,62037.820924,640718
246,62037.820924,643337
247,62037.820924,645954
248,62037.820924,648573
249,62037.820924,651187
250,62037.820924,653804
251,62037.820924,656417
252,62037.820924,659033
253,62037.820924,661637
254,62037.820924,664245
255,62037.820924,666854
256,62037.820924,669469
257,62037.820924,672080
258,62037.820924,674690
259,62037.820924,677309
260,62037.820924,679930
261,62037.820924,682545
262,62037.820924,685163
263,62037.820924,687780
264,62037.820924,690396
265,62037.820924,693007
266,62037.820924,695619
267,62037.820924,698240
268,62037.820924,700858
269,62037.820924,703475
270,62037.820924,706092
271,62037.820924,708711
272,62037.820924,711326
273,62037.820924,713939
274,62037.820924,716560
275,62037.820924,719176
276,62037.820924,721794
277,62037.820924,724414
278,62037.820924,727033
279,62037.820924,729651
280,62037.820924,732270
281,62037.820924,734887
282,62037.820924,737509
283,62037.820924,740126
284,62037.820924,742750
285,62037.820924,745372
286,62037.820924,747989
287,62037.820924,750603
288,62037.820924,753215
289,62037.820924,755832
290,62037.820924,758454
291,62037.820924,761060
292,62037.820924,763678
293,62037.820924,766297
294,62037.820924,768916
295,62037.820924,771537
296,62037.820924,774157
297,62037.820924,776775
298,62037.820924,779396
299,62037.820924,782016
300,62037.820924,784637
301,62037.820924,787254
302,62037.820924,789871
303,62037.820924,792487
304,62037.820924,795107
305,62037.820924,797717
306,62037.820924,800334
307,62037.820924,802952
308,62037.820924,805572
309,62037.820924,808187
310,62037.820924,810805
62037.820924,4.533271
1,62039.011722,2376
2,62039.011722,5002
3,62039.011722,7625
4,62039.011722,10249
5,62039.011722,12870
6,62039.011722,15491
7,62039.011722,18116
8,62039.011722,20741
9,62039.011722,23356
10,62039.011722,25977
11,62039.011722,28599
12,62039.011722,31215
13,62039.011722,33831
14,62039.011722,36449
15,62039.011722,39070
16,62039.011722,41688
17,62039.011722,44297
18,62039.011722,46911
19,62039.011722,49522
20,62039.011722,52133
21,62039.011722,54746
22,62039.011722,57358
23,62039.011722,59971
24,62039.011722,62589
25,62039.011722,65202
26,62039.011722,67819
27,62039.011722,70439
28,62039.011722,73062
29,62039.011722,75679
30,62039.011722,78296
31,62039.011722,80911
32,62039.011722,83532
33,62039.011722,86147
34,62039.011722,88764
35,62039.011722,91381
36,62039.011722,94005
37,62039.011722,96627
38,62039.011722,99247
39,62039.011722,101855
40,62039.011722,104476
41,62039.011722,107093
42,62039.011722,109707
43,62039.011722,112328
44,62039.011722,114952
45,62039.011722,117571
46,62039.011722,120190
47,62039.011722,122802
48,62039.011722,125421
49,62039.011722,128038
50,62039.011722,130655
51,62039.011722,133270
52,62039.011722,135888
53,62039.011722,138503
54,62039.011722,141119
55,62039.011722,143736
56,62039.011722,146357
57,62039.011722,148977
58,62039.011722,151590
59,62039.011722,154203
60,62039.011722,156817
61,62039.011722,159430
62,62039.011722,162048
63,62039.011722,164657
64,62039.011722,167277
65,62039.011722,169895
66,62039.011722,172513
67,62039.011722,175129
68,62039.011722,177746
69,62039.011722,180364
70,62039.011722,182979
71,62039.011722,185590
72,62039.011722,188201
73,62039.011722,190816
74,62039.011722,193424
75,62039.011722,196039
76,62039.011722,198659
77,62039.011722,201269
78,62039.011722,203884
79,62039.011722,206501
80,62039.011722,209119
81,62039.011722,211736
82,62039.011722,214358
83,62039.011722,216979
84,62039.011722,219596
85,62039.011722,222212
86,62039.011722,224832
87,62039.011722,227448
88,62039.011722,230068
89,62039.011722,232686
90,62039.011722,235304
91,62039.011722,237924
92,62039.011722,240545
93,62039.011722,243166
94,62039.011722,245785
95,62039.011722,248406
96,62039.011722,251031
97,62039.011722,253651
98,62039.011722,256272
99,62039.011722,258889
100,62039.011722,261507
101,62039.011722,264127
102,62039.011722,266747
103,62039.011722,269368
104,62039.011722,271982
105,62039.011722,274594
106,62039.011722,277211
107,62039.011722,279820
108,62039.011722,282439
109,62039.011722,285056
110,62039.011722,287671
111,62039.011722,290289
112,62039.011722,292912
113,62039.011722,295527
114,62039.011722,298147
115,62039.011722,300771
116,62039.011722,303389
117,62039.011722,306010
118,62039.011722,308630
119,62039.011722,311248
120,62039.011722,313864
121,62039.011722,316480
122,62039.011722,319096
123,62039.011722,321714
124,62039.011722,324336
125,62039.011722,326959
126,62039.011722,329577
127,62039.011722,332199
128,62039.011722,334813
129,62039.011722,337428
130,62039.011722,340046
131,62039.011722,342661
132,62039.011722,345282
133,62039.011722,347898
134,62039.011722,350516
135,62039.011722,353119
136,62039.011722,355739
137,62039.011722,358362
138,62039.011722,360985
139,62039.011722,363600
140,62039.011722,366217
141,62039.011722,368835
142,62039.011722,371458
143,62039.011722,374079
144,62039.011722,376681
145,62039.011722,379298
146,62039.011722,381918
147,62039.011722,384535
148,62039.011722,387152
149,62039.011722,389763
150,62039.011722,392383
151,62039.011722,395000
152,62039.011722,397612
153,62039.011722,400231
154,62039.011722,402841
155,62039.011722,405453
156,62038.289660,408067
157,62038.289660,410684
158,62038.289660,413302
159,62038.289660,415917
160,62038.289660,418535
161,62038.289660,421154
162,62038.289660,423774
163,62038.289660,426396
164,62038.289660,429010
165,62038.289660,431631
166,62038.289660,434251
167,62038.289660,436869
168,62038.289660,439489
169,62038.289660,442109
170,62038.289660,444730
171,62038.289660,447349
172,62038.289660,449963
173,62038.289660,452574
174,62038.289660,455190
175,62038.289660,457792
176,62038.289660,460400
177,62038.289660,463009
178,62038.289660,465629
179,62038.289660,468246
180,62038.289660,470854
181,62038.289660,473461
182,62038.289660,476076
183,62038.289660,478687
184,62038.289660,481300
185,62038.289660,483902
186,62038.289660,486521
187,62038.289660,489130
188,62038.289660,491743
189,62038.289660,494366
190,62038.289660,496980
191,62038.289660,499592
192,62038.289660,502210
193,62038.289660,504827
194,62038.289660,507446
195,62038.289660,510058
196,62038.289660,512678
197,62038.289660,515288
198,62038.289660,517901
199,62038.289660,520518
200,62038.289660,523136
201,62038.289660,525753
202,62038.289660,528369
203,62038.289660,530982
204,62038.289660,533600
205,62038.289660,536208
206,62038.289660,538816
207,62038.289660,541431
208,62038.289660,544050
209,62038.289660,546667
210,62038.289660,549272
211,62038.289660,551889
212,62038.289660,554502
213,62038.289660,557112
214,62038.289660,559720
215,62038.289660,562331
216,62038.289660,564945
217,62038.289660,567565
218,62038.289660,570178
219,62038.289660,572795
220,62038.289660,575407
221,62038.289660,578025
222,62038.289660,580639
223,62038.289660,583258
224,62037.652059,585875
225,62037.652059,588493
226,62037.652059,591102
227,62037.652059,593721
228,62037.652059,596342
229,62037.652059,598959
230,62037.652059,601574
231,62037.652059,604188
232,62037.652059,606799
233,62037.652059,609416
234,62037.652059,612038
235,62037.652059,614655
236,62037.652059,617279
237,62037.652059,619888
238,62037.652059,622499
239,62037.652059,625120
240,62037.652059,627734
241,62037.652059,630347
242,62037.652059,632961
243,62037.652059,635575
244,62037.652059,638192
245,62037.652059,640802
246,62037.652059,643418
247,62037.652059,646036
248,62037.652059,648651
249,62037.652059,651259
250,62037.652059,653875
251,62037.652059,656492
252,62037.652059,659110
253,62037.652059,661733
254,62037.652059,664344
255,62037.652059,666961
256,62037.652059,669576
257,62037.652059,672195
258,62037.652059,674805
259,62037.652059,677420
260,62037.652059,680029
261,62037.652059,682640
262,62037.652059,685251
263,62037.652059,687868
264,62037.652059,690485
265,62037.652059,693101
266,62037.652059,695718
267,62037.652059,698330
268,62037.652059,700940
269,62037.652059,703561
270,62037.652059,706175
271,62037.652059,708789
272,62037.652059,711403
273,62037.652059,714026
274,62037.652059,716647
275,62037.652059,719268
276,62037.652059,721887
277,62037.652059,724507
278,62037.652059,727128
279,62037.652059,729750
280,62037.652059,732367
281,62037.652059,734987
282,62037.652059,737606
283,62037.652059,740222
284,62037.652059,742844
285,62037.652059,745462
286,62037.652059,748079
287,62037.652059,750692
288,62037.652059,753309
289,62037.652059,755929
290,62037.652059,758546
291,62037.652059,761162
292,62037.652059,763784
293,62037.652059,766398
294,62037.652059,769011
295,62037.652059,771617
296,62037.652059,774237
297,62037.652059,776852
298,62037.652059,779469
299,62037.652059,782086
300,62037.652059,784700
301,62037.652059,787318
302,62037.652059,789938
303,62037.652059,792553
304,62037.652059,795167
305,62037.652059,797777
306,62037.652059,800388
307,62037.652059,803005
308,62037.652059,805623
309,62037.634328,808236
310,62037.634328,810861
62037.634328,4.481433
1,62042.444093,2376
2,62038.289660,5006
3,62037.748655,7637
4,62037.748655,10269
5,62037.748655,12898
6,62037.748655,15526
7,62037.748655,18156
8,62037.748655,20786
9,62037.748655,23415
10,62037.748655,26044
11,62037.748655,28672
12,62037.748655,31297
13,62037.748655,33913
14,62037.748655,36529
15,62037.748655,39156
16,62037.748655,41782
17,62037.748655,44406
18,62037.748655,47027
19,62037.748655,49649
20,62037.748655,52273
21,62037.748655,54900
22,62037.748655,57520
23,62037.748655,60139
24,62037.748655,62758
25,62037.748655,65373
26,62037.748655,67998
27,62037.748655,70616
28,62037.748655,73237
29,62037.748655,75854
30,62037.748655,78481
31,62037.748655,81094
32,62037.748655,83721
33,62037.748655,86348
34,62037.748655,88977
35,62037.748655,91599
36,62037.748655,94226
37,62037.748655,96849
38,62037.748655,99477
39,62037.748655,102104
40,62037.748655,104731
41,62037.748655,107357
42,62037.748655,109984
43,62037.748655,112607
44,62037.748655,115233
45,62037.748655,117857
46,62037.748655,120482
47,62037.748655,123104
48,62037.748655,125729
49,62037.748655,128351
50,62037.748655,130978
51,62037.748655,133592
52,62037.748655,136216
53,62037.748655,138840
54,62037.748655,141462
55,62037.748655,144086
56,62037.748655,146713
57,62037.748655,149337
58,62037.748655,151961
59,62037.748655,154592
60,62037.748655,157214
61,62037.748655,159837
62,62037.748655,162462
63,62037.748655,165088
64,62037.748655,167716
65,62037.748655,170343
66,62037.748655,172964
67,62037.748655,175584
68,62037.748655,178206
69,62037.748655,180833
70,62037.748655,183460
71,62037.748655,186077
72,62037.748655,188704
73,62037.748655,191328
74,62037.748655,193952
75,62037.748655,196578
76,62037.748655,199204
77,62037.748655,201828
78,62037.748655,204449
79,62037.748655,207076
80,62037.748655,209696
81,62037.748655,212315
82,62037.748655,214936
83,62037.748655,217553
84,62037.748655,220175
85,62037.748655,222794
86,62037.748655,225419
87,62037.748655,228041
88,62037.748655,230662
89,62037.748655,233286
90,62037.748655,235908
91,62037.748655,238527
92,62037.748655,241138
93,62037.748655,243751
94,62037.748655,246374
95,62037.748655,248999
96,62037.748655,251624
97,62037.748655,254252
98,62037.748655,256880
99,62037.748655,259503
100,62037.748655,262127
101,62037.748655,264750
102,62037.748655,267376
103,62037.748655,270004
104,62037.748655,272628
105,62037.748655,275252
106,62037.748655,277878
107,62037.748655,280504
108,62037.748655,283130
109,62037.748655,285759
110,62037.748655,288387
111,62037.748655,291006
112,62037.748655,293632
113,62037.748655,296260
114,62037.748655,298885
115,62037.748655,301510
116,62037.748655,304137
117,62037.748655,306762
118,62037.748655,309389
119,62037.748655,312006
120,62037.748655,314626
121,62037.748655,317250
122,62037.748655,319876
123,62037.748655,322499
124,62037.748655,325118
125,62037.748655,327735
126,62037.748655,330357
127,62037.748655,332974
128,62037.748655,335598
129,62037.748655,338219
130,62037.748655,340850
131,62037.748655,343478
132,62037.748655,346105
133,62037.748655,348729
134,62037.748655,351342
135,62037.748655,353964
136,62037.748655,356590
137,62037.748655,359212
138,62037.748655,361834
139,62037.748655,364460
140,62037.748655,367081
141,62037.748655,369704
142,62037.748655,372324
143,62037.748655,374947
144,62037.748655,377569
145,62037.748655,380196
146,62037.748655,382819
147,62037.748655,385444
148,62037.748655,388069
149,62037.748655,390692
150,62037.748655,393313
151,62037.748655,395932
152,62037.748655,398542
153,62037.748655,401166
154,62037.748655,403788
155,62037.748655,406409
156,62037.748655,409032
157,62037.748655,411655
158,62037.748655,414277
159,62037.748655,416902
160,62037.748655,419517
161,62037.748655,422139
162,62037.748655,424762
163,62037.748655,427376
164,62037.748655,429999
165,62037.748655,432621
166,62037.748655,435245
167,62037.748655,437868
168,62037.748655,440492
169,62037.748655,443115
170,62037.748655,445742
171,62037.748655,448366
172,62037.748655,450990
173,62037.748655,453608
174,62037.748655,456240
175,62037.748655,458862
176,62037.748655,461491
177,62037.748655,464118
178,62037.748655,466735
179,62037.748655,469355
180,62037.748655,471977
181,62037.748655,474595
182,62037.748655,477206
183,62037.748655,479819
184,62037.748655,482438
185,62037.748655,485063
186,62037.748655,487687
187,62037.748655,490300
188,62037.748655,492926
189,62037.748655,495552
190,62037.748655,498178
191,62037.748655,500801
192,62037.748655,503414
193,62037.748655,506035
194,62037.748655,508652
195,62037.748655,511275
196,62037.748655,513884
197,62037.748655,516507
198,62037.748655,519130
199,62037.748655,521755
200,62037.748655,524372
201,62037.748655,527001
202,62037.748655,529626
203,62037.748655,532251
204,62037.748655,534875
205,62037.748655,537499
206,62037.748655,540127
207,62037.748655,542750
208,62037.748655,545371
209,62037.748655,547988
210,62037.748655,550609
211,62037.748655,553231
212,62037.748655,555853
213,62037.748655,558472
214,62037.748655,561099
215,62037.748655,563717
216,62037.748655,566332
217,62037.748655,568954
218,62037.748655,571575
219,62037.748655,574190
220,62037.748655,576819
221,62037.748655,579437
222,62037.748655,582051
223,62037.748655,584667
224,62037.748655,587287
225,62037.748655,589901
226,62037.748655,592520
227,62037.748655,595134
228,62037.748655,597742
229,62037.748655,600362
230,62037.748655,602981
231,62037.748655,605606
232,62037.748655,608229
233,62037.748655,610856
234,62037.748655,613484
235,62037.748655,616107
236,62037.748655,618734
237,62037.748655,621362
238,62037.748655,623992
239,62037.748655,626623
240,62037.748655,629247
241,62037.748655,631874
242,62037.748655,634501
243,62037.748655,637124
244,62037.748655,639750
245,62037.748655,642377
246,62037.748655,644999
247,62037.748655,647613
248,62037.748655,650234
249,62037.748655,652856
250,62037.748655,655477
251,62037.748655,658102
252,62037.748655,660721
253,62037.748655,663338
254,62037.748655,665957
255,62037.748655,668578
256,62037.748655,671192
257,62037.748655,673811
258,62037.748655,676429
259,62037.748655,679049
260,62037.748655,681670
261,62037.748655,684287
262,62037.748655,686902
263,62037.748655,689527
264,62037.748655,692151
265,62037.748655,694774
266,62037.748655,697394
267,62037.748655,700016
268,62037.748655,702634
269,62037.748655,705255
270,62037.748655,707873
271,62037.748655,710497
272,62037.748655,713118
273,62037.748655,715745
274,62037.748655,718370
275,62037.748655,720996
276,62037.748655,723613
277,62037.748655,726233
278,62037.748655,728854
279,62037.748655,731477
280,62037.748655,734107
281,62037.748655,736731
282,62037.748655,739357
283,62037.748655,741987
284,62037.748655,744610
285,62037.748655,747233
286,62037.748655,749858
287,62037.748655,752484
288,62037.748655,755103
289,62037.748655,757725
290,62037.748655,760355
291,62037.748655,762974
292,62037.748655,765598
293,62037.748655,768221
294,62037.748655,770847
295,62037.748655,773472
296,62037.748655,776095
297,62037.748655,778721
298,62037.748655,781345
299,62037.748655,783973
300,62037.748655,786598
301,62037.748655,789215
302,62037.748655,791845
303,62037.748655,794463
304,62037.748655,797090
305,62037.748655,799719
306,62037.748655,802341
307,62037.748655,804966
308,62037.748655,807591
309,62037.748655,810216
62037.748655,4.594146
1,62042.022752,2376
2,62039.011722,5034
3,62039.011722,7693
4,62039.011722,10352
5,62039.011722,13010
6,62039.011722,15659
7,62039.011722,18317
8,62039.011722,20974
9,62039.011722,23629
10,62039.011722,26284
11,62039.011722,28936
12,62039.011722,31591
13,62039.011722,34244
14,62039.011722,36899
15,62039.011722,39547
16,62039.011722,42199
17,62039.011722,44854
18,62039.011722,47499
19,62039.011722,50147
20,62039.011722,52799
21,62039.011722,55452
22,62039.011722,58093
23,62039.011722,60736
24,62039.011722,63379
25,62039.011722,66024
26,62039.011722,68678
27,62039.011722,71324
28,62039.011722,73974
29,62039.011722,76622
30,62039.011722,79272
31,62039.011722,81922
32,62039.011722,84570
33,62039.011722,87215
34,62039.011722,89869
35,62039.011722,92521
36,62039.011722,95168
37,62039.011722,97822
38,62039.011722,100473
39,62039.011722,103126
40,62039.011722,105765
41,62039.011722,108410
42,62039.011722,111062
43,62039.011722,113707
44,62039.011722,116349
45,62039.011722,119001
46,62039.011722,121651
47,62039.011722,124298
48,62039.011722,126952
49,62039.011722,129605
50,62039.011722,132263
51,62039.011722,134907
52,62039.011722,137561
53,62039.011722,140213
54,62039.011722,142865
55,62039.011722,145510
56,62039.011722,148164
57,62039.011722,150817
58,62039.011722,153472
59,62039.011722,156120
60,62039.011722,158771
61,62039.011722,161421
62,62039.011722,164078
63,62039.011722,166732
64,62039.011722,169386
65,62039.011722,172041
66,62039.011722,174689
67,62039.011722,177340
68,62039.011722,179995
69,62039.011722,182651
70,62039.011722,185303
71,62039.011722,187956
72,62039.011722,190601
73,62039.011722,193250
74,62039.011722,195903
75,62039.011722,198555
76,62039.011722,201209
77,62039.011722,203854
78,62039.011722,206506
79,62039.011722,209154
80,62039.011722,211806
81,62039.011722,214455
82,62039.011722,217106
83,62039.011722,219749
84,62039.011722,222402
85,62039.011722,225052
86,62039.011722,227700
87,62039.011722,230341
88,62039.011722,232995
89,62039.011722,235645
90,62039.011722,238285
91,62039.011722,240930
92,62039.011722,243586
93,62039.011722,246226
94,62039.011722,248871
95,62039.011722,251525
96,62039.011722,254172
97,62039.011722,256823
98,62039.011722,259474
99,62039.011722,262127
100,62039.011722,264776
101,62039.011722,267429
102,62039.011722,270076
103,62039.011722,272720
104,62039.011722,275370
105,62039.011722,278017
106,62039.011722,280673
107,62039.011722,283318
108,62039.011722,285969
109,62039.011722,288624
110,62039.011722,291274
111,62039.011722,293927
112,62039.011722,296584
113,62039.011722,299235
114,62039.011722,301888
115,62039.011722,304538
116,62039.011722,307189
117,62039.011722,309841
118,62039.011722,312495
119,62039.011722,315149
120,62039.011722,317802
121,62039.011722,320443
122,62039.011722,323099
123,62039.011722,325743
124,62039.011722,328396
125,62039.011722,331047
126,62039.011722,333700
127,62039.011722,336353
128,62039.011722,338998
129,62039.011722,341653
130,62039.011722,344308
131,62039.011722,346955
132,62039.011722,349611
133,62039.011722,352263
134,62039.011722,354912
135,62039.011722,357565
136,62039.011722,360217
137,62039.011722,362869
138,62039.011722,365517
139,62039.011722,368164
140,62039.011722,370818
141,62039.011722,373470
142,62039.011722,376120
143,62039.011722,378768
144,62039.011722,381417
145,62039.011722,384066
146,62039.011722,386720
147,62039.011722,389372
148,62039.011722,392028
149,62039.011722,394675
150,62039.011722,397330
151,62039.011722,399980
152,62039.011722,402632
153,62039.011722,405286
154,62039.011722,407937
155,62039.011722,410591
156,62039.011722,413244
157,62039.011722,415895
158,62039.011722,418546
159,62039.011722,421200
160,62039.011722,423854
161,62039.011722,426506
162,62039.011722,429154
163,62039.011722,431805
164,62039.011722,434456
165,62039.011722,437106
166,62039.011722,439754
167,62039.011722,442404
168,62039.011722,445055
169,62039.011722,447704
170,62039.011722,450356
171,62039.011722,453005
172,62039.011722,455657
173,62039.011722,458302
174,62039.011722,460957
175,62039.011722,463605
176,62039.011722,466260
177,62039.011722,468904
178,62039.011722,471548
179,62039.011722,474198
180,62039.011722,476844
181,62039.011722,479486
182,62039.011722,482129
183,62039.011722,484779
184,62039.011722,487420
185,62039.011722,490071
186,62039.011722,492718
187,62039.011722,495366
188,62039.011722,498015
189,62039.011722,500670
190,62039.011722,503319
191,62039.011722,505974
192,62039.011722,508620
193,62039.011722,511274
194,62039.011722,513928
195,62039.011722,516577
196,62039.011722,519230
197,62039.011722,521884
198,62039.011722,524537
199,62039.011722,527186
200,62039.011722,529837
201,62039.011722,532491
202,62039.011722,535139
203,62039.011722,537791
204,62039.011722,540440
205,62039.011722,543092
206,62039.011722,545741
207,62039.011722,548390
208,62039.011722,551040
209,62039.011722,553693
210,62039.011722,556347
211,62039.011722,558995
212,62039.011722,561650
213,62039.011722,564304
214,62039.011722,566958
215,62039.011722,569612
216,62039.011722,572269
217,62039.011722,574925
218,62039.011722,577577
219,62039.011722,580230
220,62039.011722,582877
221,62039.011722,585529
222,62039.011722,588173
223,62039.011722,590817
224,62039.011722,593473
225,62039.011722,596114
226,62039.011722,598756
227,62039.011722,601411
228,62039.011722,604057
229,62039.011722,606705
230,62039.011722,609353
231,62039.011722,611993
232,62039.011722,614645
233,62039.011722,617292
234,62039.011722,619944
235,62039.011722,622594
236,62039.011722,625238
237,62039.011722,627886
238,62039.011722,630529
239,62039.011722,633173
240,62039.011722,635826
241,62039.011722,638478
242,62039.011722,641131
243,62039.011722,643785
244,62039.011722,646434
245,62039.011722,649081
246,62039.011722,651732
247,62039.011722,654376
248,62039.011722,657027
249,62039.011722,659682
250,62039.011722,662337
251,62039.011722,664985
252,62039.011722,667638
253,62039.011722,670288
254,62039.011722,672939
255,62039.011722,675596
256,62039.011722,678251
257,62039.011722,680904
258,62039.011722,683551
259,62039.011722,686200
260,62039.011722,688850
261,62039.011722,691502
262,62039.011722,694159
263,62039.011722,696809
264,62039.011722,699462
265,62039.011722,702119
266,62039.011722,704770
267,62039.011722,707422
268,62039.011722,710069
269,62039.011722,712709
270,62039.011722,715358
271,62039.011722,717998
272,62039.011722,720652
273,62039.011722,723299
274,62039.011722,725947
275,62039.011722,728593
276,62039.011722,731244
277,62039.011722,733891
278,62039.011722,736528
279,62039.011722,739162
280,62039.011722,741806
281,62039.011722,744452
282,62039.011722,747100
283,62039.011722,749746
284,62039.011722,752397
285,62039.011722,755045
286,62039.011722,757691
287,62039.011722,760336
288,62039.011722,762984
289,62039.011722,765626
290,62039.011722,768271
291,62039.011722,770909
292,62039.011722,773553
293,62039.011722,776195
294,62039.011722,778844
295,62039.011722,781490
296,62039.011722,784139
297,62039.011722,786783
298,62039.011722,789438
299,62039.011722,792091
300,62039.011722,794742
301,62039.011722,797392
302,62039.011722,800044
303,62039.011722,802694
304,62039.011722,805344
305,62039.011722,807991
306,62039.011722,810641
62039.011722,4.518900
