1,20420.166338,2376
2,20411.048148,4754
3,20363.443547,7136
4,20346.874754,9520
5,20308.247358,11949
6,20305.542884,14389
7,20278.356314,16861
8,20275.508681,19381
9,20269.398170,21948
10,20265.642602,24545
11,20226.715827,27150
12,20223.163729,29766
13,20214.600045,32400
14,20214.083018,35038
15,20213.819150,37689
16,20213.037517,40337
17,20212.802678,42991
18,20212.744094,45649
19,20212.685161,48311
20,20212.685161,50971
21,20212.645561,53629
22,20212.645561,56290
23,20212.645561,58953
24,20212.645561,61616
25,20175.206942,64280
26,20175.206942,66942
27,20175.206942,69604
28,20175.206942,72246
29,20175.206942,74879
30,20175.206942,77442
31,20175.206942,79977
32,20175.206942,82402
33,20175.206942,84789
34,20175.206942,87176
35,20175.206942,89565
36,20175.206942,91954
37,20175.206942,94330
38,20175.206942,96709
39,20175.206942,99088
40,20175.206942,101516
41,20175.206942,103932
42,20175.206942,106436
43,20175.206942,108943
44,20175.206942,111530
45,20175.206942,114119
46,20175.206942,116710
47,20175.206942,119298
48,20175.206942,121906
49,20175.206942,124521
50,20175.206942,127137
51,20173.863822,129748
52,20173.863822,132316
53,20173.863822,134832
54,20173.863822,137279
55,20173.863822,139722
56,20173.863822,142149
57,20173.863822,144578
58,20173.863822,146996
59,20173.863822,149391
60,20173.863822,151780
61,20173.863822,154168
62,20173.863822,156544
63,20173.863822,158920
64,20173.863822,161296
65,20173.863822,163672
66,20173.863822,166048
67,20173.863822,168424
68,20173.863822,170800
69,20173.863822,173176
70,20173.863822,175552
71,20173.863822,177928
72,20173.863822,180304
73,20173.863822,182680
74,20173.863822,185056
75,20173.863822,187432
76,20173.863822,189808
77,20173.863822,192184
78,20173.863822,194560
79,20173.863822,196942
80,20173.863822,199329
81,20173.863822,201718
82,20173.863822,204108
83,20173.863822,206497
84,20173.863822,208873
85,20173.863822,211249
86,20173.863822,213625
87,20173.863822,216001
88,20173.863822,218377
89,20173.863822,220753
90,20173.863822,223131
91,20172.910109,225509
92,20172.910109,227927
93,20172.910109,230338
94,20172.910109,232797
95,20172.910109,235253
96,20172.910109,237773
97,20172.910109,240289
98,20172.910109,242833
99,20172.910109,245357
100,20172.910109,247889
101,20172.910109,250402
102,20172.910109,252875
103,20172.910109,255306
104,20172.910109,257690
105,20172.910109,260075
106,20172.910109,262460
107,20172.910109,264847
108,20172.910109,267238
109,20172.910109,269633
110,20172.910109,272031
111,20172.910109,274421
112,20172.910109,276797
113,20172.910109,279173
114,20172.910109,281549
115,20172.910109,283925
116,20172.910109,286301
117,20172.910109,288677
118,20172.910109,291053
119,20172.910109,293429
120,20172.910109,295805
121,20172.910109,298181
122,20172.910109,300557
123,20172.910109,302933
124,20172.910109,305309
125,20172.910109,307685
126,20172.910109,310061
127,20172.910109,312438
128,20172.910109,314820
129,20172.910109,317202
130,20172.910109,319584
131,20172.910109,321960
132,20172.910109,324339
133,20172.910109,326730
134,20172.910109,329122
135,20172.910109,331498
136,20172.910109,333874
137,20172.910109,336250
138,20172.910109,338626
139,20172.910109,341002
140,20172.910109,343378
141,20172.910109,345754
142,20172.910109,348130
143,20172.910109,350506
144,20172.910109,352882
145,20172.910109,355258
146,20172.910109,357634
147,20172.910109,360010
148,20172.910109,362386
149,20172.910109,364762
150,20172.910109,367138
151,20172.910109,369514
152,20172.910109,371891
153,20172.910109,374277
154,20172.910109,376666
155,20172.910109,379055
156,20172.910109,381444
157,20172.910109,383820
158,20172.910109,386196
159,20172.910109,388572
160,20172.910109,390948
161,20172.910109,393324
162,20172.910109,395700
163,20172.910109,398076
164,20172.910109,400452
165,20172.910109,402828
166,20172.910109,405204
167,20172.910109,407580
168,20172.910109,409956
169,20172.910109,412332
170,20172.910109,414708
171,20172.910109,417084
172,20172.910109,419460
173,20172.910109,421836
174,20172.910109,424212
175,20172.910109,426588
176,20172.910109,428964
177,20172.910109,431340
178,20172.910109,433716
179,20172.910109,436092
180,20172.910109,438468
181,20172.910109,440846
182,20172.910109,443231
183,20172.910109,445607
184,20172.910109,447983
185,20172.910109,450359
186,20172.910109,452737
187,20172.910109,455128
188,20172.910109,457520
189,20172.910109,459896
190,20172.910109,462272
191,20172.910109,464648
192,20172.910109,467024
193,20172.910109,469403
194,20172.910109,471792
195,20172.910109,474168
196,20172.910109,476544
197,20172.910109,478920
198,20172.910109,481296
199,20172.910109,483672
200,20172.910109,486048
201,20172.910109,488424
202,20172.910109,490800
203,20172.910109,493176
204,20172.910109,495552
205,20172.910109,497928
206,20172.910109,500304
207,20172.910109,502680
208,20172.910109,505056
209,20172.910109,507432
210,20172.910109,509808
211,20172.910109,512184
212,20172.910109,514560
213,20172.910109,516936
214,20172.910109,519312
215,20172.910109,521688
216,20172.910109,524064
217,20172.910109,526440
218,20172.910109,528816
219,20172.910109,531192
220,20172.910109,533568
221,20172.910109,535944
222,20172.910109,538320
223,20172.910109,540696
224,20172.910109,543074
225,20172.910109,545463
226,20172.910109,547852
227,20172.910109,550228
228,20172.910109,552604
229,20172.910109,554980
230,20172.910109,557356
231,20172.910109,559734
232,20172.910109,562126
233,20172.910109,564516
234,20172.910109,566908
235,20172.910109,569284
236,20172.910109,571660
237,20172.910109,574036
238,20172.910109,576412
239,20172.910109,578788
240,20172.910109,581164
241,20172.910109,583540
242,20172.910109,585916
243,20172.910109,588292
244,20172.910109,590668
245,20172.910109,593044
246,20172.910109,595420
247,20172.910109,597796
248,20172.910109,600172
249,20172.910109,602548
250,20172.910109,604924
251,20172.910109,607300
252,20172.910109,609676
253,20172.910109,612052
254,20172.910109,614428
255,20172.910109,616804
256,20172.910109,619180
257,20172.910109,621556
258,20172.910109,623932
259,20172.910109,626308
260,20172.910109,628684
261,20172.910109,631060
262,20172.910109,633436
263,20172.910109,635812
264,20172.910109,638188
265,20172.910109,640564
266,20172.910109,642940
267,20172.910109,645316
268,20172.910109,647692
269,20172.910109,650068
270,20172.910109,652444
271,20172.910109,654820
272,20172.910109,657197
273,20172.910109,659583
274,20172.910109,661972
275,20172.910109,664361
276,20172.910109,666737
277,20172.910109,669113
278,20172.910109,671489
279,20172.910109,673865
280,20172.910109,676241
281,20172.910109,678617
282,20172.910109,680993
283,20172.910109,683369
284,20172.910109,685745
285,20172.910109,688121
286,20172.910109,690497
287,20172.910109,692873
288,20172.910109,695249
289,20172.910109,697625
290,20172.910109,700001
291,20172.910109,702377
292,20172.910109,704753
293,20172.910109,707129
294,20172.910109,709505
295,20172.910109,711881
20172.910109,43.954100
1,20413.198529,2376
2,20396.485217,4752
3,20346.786416,7130
4,20344.646922,9512
5,20268.759229,11955
6,20222.052593,14443
7,20217.254999,16969
8,20216.382407,19559
9,20215.525751,22181
10,20215.503038,24816
11,20215.188855,27455
12,20214.968101,30095
13,20214.917763,32734
14,20214.914089,35373
15,20214.896704,38011
16,20214.896704,40650
17,20214.896704,43290
18,20214.896704,45928
19,20180.009259,48564
20,20180.009259,51201
21,20180.009259,53840
22,20180.009259,56479
23,20180.009259,59104
24,20180.009259,61680
25,20180.009259,64181
26,20180.009259,66594
27,20180.009259,68991
28,20180.009259,71372
29,20180.009259,73753
30,20180.009259,76134
31,20180.009259,78515
32,20180.009259,80896
33,20180.009259,83277
34,20180.009259,85658
35,20180.009259,88034
36,20180.009259,90410
37,20180.009259,92786
38,20180.009259,95162
39,20180.009259,97538
40,20180.009259,99914
41,20180.009259,102290
42,20180.009259,104666
43,20180.009259,107042
44,20180.009259,109418
45,20180.009259,111794
46,20180.009259,114170
47,20180.009259,116546
48,20180.009259,118922
49,20180.009259,121298
50,20180.009259,123674
51,20180.009259,126050
52,20180.009259,128426
53,20180.009259,130802
54,20180.009259,133178
55,20180.009259,135554
56,20180.009259,137931
57,20178.247006,140308
58,20178.247006,142715
59,20178.190648,145117
60,20178.190648,147570
61,20178.190648,150013
62,20178.190648,152502
63,20178.190648,154980
64,20178.190648,157506
65,20178.190648,160057
66,20178.190648,162626
67,20178.190648,165200
68,20178.190648,167700
69,20178.190648,170164
70,20178.190648,172623
71,20178.190648,175050
72,20178.190648,177471
73,20178.190648,179879
74,20178.190648,182278
75,20178.190648,184667
76,20178.190648,187052
77,20178.190648,189434
78,20178.190648,191826
79,20178.190648,194220
80,20178.190648,196613
81,20178.190648,199005
82,20178.190648,201402
83,20178.190648,203803
84,20178.190648,206193
85,20178.190648,208581
86,20178.190648,210957
87,20178.190648,213333
88,20178.190648,215709
89,20178.190648,218085
90,20178.190648,220461
91,20178.190648,222837
92,20178.190648,225213
93,20178.190648,227589
94,20178.190648,229965
95,20178.190648,232341
96,20178.190648,234717
97,20178.190648,237093
98,20178.190648,239469
99,20178.190648,241845
100,20178.190648,244221
101,20178.190648,246597
102,20178.190648,248973
103,20178.190648,251349
104,20178.190648,253726
105,20176.268281,256104
106,20176.268281,258523
107,20176.268281,260941
108,20176.268281,263419
109,20176.268281,265890
110,20176.268281,268402
111,20176.268281,270926
112,20176.268281,273487
113,20176.268281,276025
114,20176.268281,278539
115,20176.268281,281042
116,20176.268281,283494
117,20176.268281,285935
118,20176.268281,288324
119,20176.268281,290708
120,20176.268281,293084
121,20176.268281,295469
122,20176.268281,297845
123,20176.268281,300221
124,20176.268281,302597
125,20176.268281,304973
126,20176.268281,307349
127,20176.268281,309725
128,20176.268281,312101
129,20176.268281,314477
130,20176.268281,316853
131,20176.268281,319229
132,20176.268281,321605
133,20176.268281,323981
134,20176.268281,326357
135,20176.268281,328733
136,20176.268281,331109
137,20176.268281,333485
138,20176.268281,335861
139,20176.268281,338237
140,20176.268281,340613
141,20176.268281,342989
142,20176.268281,345365
143,20176.268281,347741
144,20176.268281,350117
145,20176.268281,352493
146,20176.268281,354869
147,20176.268281,357245
148,20176.268281,359621
149,20176.268281,361997
150,20176.268281,364373
151,20176.268281,366749
152,20176.268281,369125
153,20176.268281,371501
154,20176.268281,373877
155,20176.268281,376253
156,20176.268281,378629
157,20176.268281,381005
158,20176.268281,383381
159,20176.268281,385757
160,20176.268281,388133
161,20176.268281,390509
162,20176.268281,392885
163,20176.268281,395261
164,20176.268281,397637
165,20176.268281,400013
166,20176.268281,402389
167,20176.268281,404765
168,20176.268281,407141
169,20176.268281,409517
170,20176.268281,411893
171,20176.268281,414269
172,20176.268281,416645
173,20176.268281,419021
174,20176.268281,421397
175,20176.268281,423773
176,20176.268281,426149
177,20176.268281,428525
178,20176.268281,430901
179,20176.268281,433277
180,20176.268281,435653
181,20176.268281,438029
182,20176.268281,440405
183,20176.268281,442781
184,20176.268281,445160
185,20176.268281,447543
186,20176.268281,449919
187,20176.268281,452295
188,20176.268281,454671
189,20176.268281,457047
190,20176.268281,459423
191,20176.268281,461799
192,20176.268281,464175
193,20176.268281,466551
194,20176.268281,468927
195,20176.268281,471303
196,20176.268281,473679
197,20176.268281,476055
198,20176.268281,478431
199,20176.268281,480807
200,20176.268281,483183
201,20176.268281,485559
202,20176.268281,487935
203,20176.268281,490311
204,20176.268281,492687
205,20176.268281,495063
206,20176.268281,497439
207,20176.268281,499815
208,20176.268281,502191
209,20176.268281,504567
210,20176.268281,506943
211,20176.268281,509319
212,20176.268281,511697
213,20176.268281,514083
214,20176.268281,516472
215,20176.268281,518860
216,20176.268281,521249
217,20176.268281,523625
218,20176.268281,526001
219,20176.268281,528377
220,20176.268281,530753
221,20176.268281,533129
222,20176.268281,535505
223,20176.268281,537881
224,20176.268281,540257
225,20176.268281,542633
226,20176.268281,545009
227,20176.268281,547385
228,20176.268281,549761
229,20176.268281,552137
230,20176.268281,554513
231,20176.268281,556889
232,20176.268281,559265
233,20176.268281,561641
234,20176.268281,564017
235,20176.268281,566393
236,20176.268281,568769
237,20176.268281,571145
238,20176.268281,573521
239,20176.268281,575897
240,20176.268281,578273
241,20176.268281,580649
242,20176.268281,583025
243,20176.268281,585401
244,20176.268281,587777
245,20176.268281,590153
246,20176.268281,592529
247,20176.268281,594905
248,20176.268281,597281
249,20176.268281,599658
250,20176.268281,602041
251,20176.268281,604424
252,20176.268281,606800
253,20176.268281,609176
254,20176.268281,611552
255,20176.268281,613928
256,20176.268281,616304
257,20176.268281,618680
258,20176.268281,621056
259,20176.268281,623432
260,20176.268281,625808
261,20176.268281,628184
262,20176.268281,630560
263,20176.268281,632936
264,20176.268281,635312
265,20176.268281,637688
266,20176.268281,640064
267,20176.268281,642440
268,20176.268281,644816
269,20176.268281,647192
270,20176.268281,649568
271,20176.268281,651944
272,20176.268281,654320
273,20176.268281,656696
274,20176.268281,659072
275,20176.268281,661448
276,20176.268281,663824
277,20176.268281,666200
278,20176.268281,668576
279,20176.268281,670952
280,20176.268281,673328
281,20176.268281,675704
282,20176.268281,678080
283,20176.268281,680456
284,20176.268281,682832
285,20176.268281,685209
286,20176.268281,687594
287,20176.268281,689979
288,20176.268281,692355
289,20176.268281,694731
290,20176.268281,697107
291,20176.268281,699483
292,20176.268281,701859
293,20176.268281,704235
294,20176.268281,706611
295,20176.268281,708987
296,20176.268281,711363
20176.268281,44.092394
1,20419.545117,2376
2,20410.505385,4756
3,20359.580548,7133
4,20352.780370,9512
5,20300.471142,11939
6,20293.517235,14399
7,20232.855782,16905
8,20227.924340,19459
9,20224.293328,22047
10,20223.872645,24672
11,20223.533734,27316
12,20223.050098,29970
13,20220.696705,32619
14,20220.022631,35276
15,20219.000670,37933
16,20218.889028,40592
17,20218.442841,43250
18,20218.354086,45906
19,20218.255411,48566
20,20218.251909,51225
21,20218.223069,53878
22,20218.213144,56534
23,20218.190403,59190
24,20218.190403,61849
25,20174.747483,64501
26,20173.863822,67159
27,20173.863822,69815
28,20173.863822,72471
29,20173.863822,75129
30,20173.863822,77788
31,20173.863822,80445
32,20173.863822,83102
33,20173.863822,85748
34,20173.863822,88389
35,20173.863822,91006
36,20173.863822,93521
37,20173.863822,95998
38,20173.863822,98419
39,20173.863822,100840
40,20173.863822,103253
41,20173.863822,105652
42,20173.863822,108050
43,20173.863822,110449
44,20173.863822,112837
45,20173.863822,115225
46,20173.863822,117613
47,20173.863822,119989
48,20173.863822,122365
49,20173.863822,124741
50,20173.863822,127117
51,20173.863822,129493
52,20173.863822,131869
53,20173.863822,134245
54,20173.863822,136621
55,20173.863822,138997
56,20173.863822,141380
57,20173.863822,143773
58,20173.863822,146166
59,20173.863822,148559
60,20173.863822,150935
61,20173.863822,153311
62,20173.863822,155687
63,20173.863822,158063
64,20173.863822,160444
65,20173.863822,162836
66,20173.863822,165229
67,20173.863822,167622
68,20173.863822,170015
69,20173.863822,172391
70,20173.863822,174767
71,20173.863822,177143
72,20173.863822,179522
73,20173.863822,181901
74,20173.863822,184312
75,20172.910109,186722
76,20172.910109,189189
77,20172.910109,191658
78,20172.910109,194181
79,20172.910109,196691
80,20172.910109,199232
81,20172.910109,201752
82,20172.910109,204235
83,20172.910109,206716
84,20172.910109,209169
85,20172.910109,211595
86,20172.910109,213988
87,20172.910109,216368
88,20172.910109,218750
89,20172.910109,221127
90,20172.910109,223510
91,20172.910109,225898
92,20172.910109,228286
93,20172.910109,230674
94,20172.910109,233050
95,20172.910109,235426
96,20172.910109,237802
97,20172.910109,240178
98,20172.910109,242554
99,20172.910109,244930
100,20172.910109,247306
101,20172.910109,249682
102,20172.910109,252058
103,20172.910109,254434
104,20172.910109,256810
105,20172.910109,259186
106,20172.910109,261569
107,20172.910109,263961
108,20172.910109,266353
109,20172.910109,268729
110,20172.910109,271105
111,20172.910109,273481
112,20172.910109,275857
113,20172.910109,278233
114,20172.910109,280609
115,20172.910109,282985
116,20172.910109,285361
117,20172.910109,287737
118,20172.910109,290113
119,20172.910109,292489
120,20172.910109,294865
121,20172.910109,297241
122,20172.910109,299617
123,20172.910109,301993
124,20172.910109,304369
125,20172.910109,306745
126,20172.910109,309121
127,20172.910109,311497
128,20172.910109,313873
129,20172.910109,316249
130,20172.910109,318625
131,20172.910109,321001
132,20172.910109,323377
133,20172.910109,325753
134,20172.910109,328129
135,20172.910109,330505
136,20172.910109,332881
137,20172.910109,335257
138,20172.910109,337633
139,20172.910109,340009
140,20172.910109,342385
141,20172.910109,344761
142,20172.910109,347137
143,20172.910109,349513
144,20172.910109,351889
145,20172.910109,354265
146,20172.910109,356641
147,20172.910109,359017
148,20172.910109,361393
149,20172.910109,363769
150,20172.910109,366145
151,20172.910109,368521
152,20172.910109,370897
153,20172.910109,373273
154,20172.910109,375649
155,20172.910109,378025
156,20172.910109,380401
157,20172.910109,382777
158,20172.910109,385156
159,20172.910109,387545
160,20172.910109,389935
161,20172.910109,392311
162,20172.910109,394687
163,20172.910109,397063
164,20172.910109,399439
165,20172.910109,401815
166,20172.910109,404191
167,20172.910109,406567
168,20172.910109,408943
169,20172.910109,411319
170,20172.910109,413695
171,20172.910109,416071
172,20172.910109,418447
173,20172.910109,420823
174,20172.910109,423199
175,20172.910109,425575
176,20172.910109,427951
177,20172.910109,430327
178,20172.910109,432703
179,20172.910109,435079
180,20172.910109,437455
181,20172.910109,439831
182,20172.910109,442211
183,20172.910109,444598
184,20172.910109,446974
185,20172.910109,449350
186,20172.910109,451726
187,20172.910109,454102
188,20172.910109,456478
189,20172.910109,458854
190,20172.910109,461230
191,20172.910109,463606
192,20172.910109,465982
193,20172.910109,468358
194,20172.910109,470734
195,20172.910109,473110
196,20172.910109,475493
197,20172.910109,477884
198,20172.910109,480260
199,20172.910109,482636
200,20172.910109,485012
201,20172.910109,487388
202,20172.910109,489764
203,20172.910109,492140
204,20172.910109,494516
205,20172.910109,496892
206,20172.910109,499268
207,20172.910109,501644
208,20172.910109,504020
209,20172.910109,506396
210,20172.910109,508772
211,20172.910109,511148
212,20172.910109,513524
213,20172.910109,515900
214,20172.910109,518276
215,20172.910109,520652
216,20172.910109,523028
217,20172.910109,525404
218,20172.910109,527780
219,20172.910109,530156
220,20172.910109,532532
221,20172.910109,534908
222,20172.910109,537284
223,20172.910109,539660
224,20172.910109,542036
225,20172.910109,544412
226,20172.910109,546788
227,20172.910109,549164
228,20172.910109,551540
229,20172.910109,553916
230,20172.910109,556292
231,20172.910109,558668
232,20172.910109,561044
233,20172.910109,563420
234,20172.910109,565796
235,20172.910109,568172
236,20172.910109,570548
237,20172.910109,572924
238,20172.910109,575300
239,20172.910109,577676
240,20172.910109,580052
241,20172.910109,582428
242,20172.910109,584804
243,20172.910109,587180
244,20172.910109,589556
245,20172.910109,591932
246,20172.910109,594308
247,20172.910109,596684
248,20172.910109,599060
249,20172.910109,601436
250,20172.910109,603812
251,20172.910109,606188
252,20172.910109,608564
253,20172.910109,610940
254,20172.910109,613316
255,20172.910109,615692
256,20172.910109,618068
257,20172.910109,620444
258,20172.910109,622820
259,20172.910109,625196
260,20172.910109,627575
261,20172.910109,629963
262,20172.910109,632355
263,20172.910109,634747
264,20172.910109,637123
265,20172.910109,639499
266,20172.910109,641875
267,20172.910109,644251
268,20172.910109,646627
269,20172.910109,649003
270,20172.910109,651379
271,20172.910109,653755
272,20172.910109,656131
273,20172.910109,658507
274,20172.910109,660883
275,20172.910109,663259
276,20172.910109,665635
277,20172.910109,668011
278,20172.910109,670387
279,20172.910109,672763
280,20172.910109,675139
281,20172.910109,677515
282,20172.910109,679891
283,20172.910109,682267
284,20172.910109,684643
285,20172.910109,687019
286,20172.910109,689395
287,20172.910109,691771
288,20172.910109,694147
289,20172.910109,696523
290,20172.910109,698899
291,20172.910109,701275
292,20172.910109,703651
293,20172.910109,706027
294,20172.910109,708403
295,20172.910109,710779
20172.910109,43.652807
1,20427.170667,2376
2,20416.358406,4757
3,20390.840265,7143
4,20332.926897,9540
5,20296.360698,12012
6,20269.978317,14520
7,20229.012693,17059
8,20225.269444,19658
9,20222.605632,22275
10,20219.898589,24914
11,20218.572896,27560
12,20218.492777,30211
13,20218.295933,32866
14,20218.290375,35523
15,20218.236789,38180
16,20218.219215,40837
17,20218.199696,43493
18,20218.196855,46151
19,20218.189534,48808
20,20218.189534,51464
21,20218.181970,54122
22,20218.181970,56779
23,20218.172866,59435
24,20218.172866,62091
25,20213.649950,64746
26,20213.608348,67402
27,20213.176426,70057
28,20213.169812,72710
29,20213.164603,75367
30,20213.164603,78023
31,20213.157964,80676
32,20213.157964,83333
33,20213.155928,85986
34,20213.155362,88641
35,20213.155362,91296
36,20213.155362,93951
37,20213.153021,96607
38,20213.153021,99264
39,20176.268281,101922
40,20176.268281,104578
41,20176.268281,107236
42,20176.268281,109894
43,20176.268281,112549
44,20176.268281,115184
45,20176.268281,117817
46,20176.268281,120388
47,20176.268281,122879
48,20176.268281,125283
49,20176.268281,127665
50,20176.268281,130047
51,20176.268281,132423
52,20176.268281,134799
53,20176.268281,137175
54,20176.268281,139551
55,20176.268281,141927
56,20176.268281,144309
57,20176.268281,146701
58,20176.268281,149093
59,20176.268281,151485
60,20176.268281,153861
61,20176.268281,156237
62,20176.268281,158613
63,20176.268281,160989
64,20176.268281,163365
65,20176.268281,165741
66,20176.268281,168117
67,20176.268281,170493
68,20176.268281,172869
69,20176.268281,175245
70,20176.268281,177621
71,20176.268281,179997
72,20176.268281,182373
73,20176.268281,184749
74,20176.268281,187125
75,20176.268281,189501
76,20176.268281,191877
77,20176.268281,194253
78,20176.268281,196629
79,20176.268281,199005
80,20176.268281,201381
81,20176.268281,203757
82,20176.268281,206133
83,20176.268281,208509
84,20176.268281,210885
85,20176.268281,213261
86,20176.268281,215637
87,20176.268281,218013
88,20176.268281,220389
89,20176.268281,222765
90,20176.268281,225141
91,20176.268281,227517
92,20176.268281,229893
93,20176.268281,232269
94,20176.268281,234645
95,20176.268281,237021
96,20176.268281,239397
97,20176.268281,241773
98,20176.268281,244149
99,20176.268281,246525
100,20176.268281,248901
101,20176.268281,251277
102,20176.268281,253653
103,20176.268281,256029
104,20176.268281,258405
105,20176.268281,260781
106,20176.268281,263157
107,20176.268281,265533
108,20176.268281,267909
109,20176.268281,270285
110,20176.268281,272661
111,20176.268281,275037
112,20176.268281,277413
113,20176.268281,279789
114,20176.268281,282165
115,20176.268281,284541
116,20176.268281,286917
117,20176.268281,289293
118,20176.268281,291669
119,20176.268281,294045
120,20176.268281,296421
121,20176.268281,298797
122,20176.268281,301173
123,20176.268281,303549
124,20176.268281,305925
125,20176.268281,308301
126,20176.268281,310677
127,20176.268281,313053
128,20176.268281,315429
129,20176.268281,317805
130,20176.268281,320181
131,20176.268281,322562
132,20176.268281,324953
133,20176.268281,327344
134,20176.268281,329720
135,20176.268281,332096
136,20176.268281,334472
137,20176.268281,336848
138,20176.268281,339224
139,20176.268281,341600
140,20176.268281,343976
141,20176.268281,346352
142,20176.268281,348731
143,20176.268281,351116
144,20176.268281,353502
145,20176.268281,355888
146,20176.268281,358264
147,20176.268281,360640
148,20176.268281,363016
149,20176.268281,365392
150,20176.268281,367768
151,20176.268281,370144
152,20176.268281,372520
153,20176.268281,374896
154,20176.268281,377272
155,20176.268281,379648
156,20176.268281,382024
157,20176.268281,384400
158,20176.268281,386776
159,20176.268281,389152
160,20176.268281,391528
161,20176.268281,393904
162,20176.268281,396280
163,20176.268281,398656
164,20176.268281,401032
165,20176.268281,403408
166,20176.268281,405787
167,20176.268281,408177
168,20176.268281,410567
169,20176.268281,412957
170,20176.268281,415333
171,20176.268281,417709
172,20176.268281,420085
173,20176.268281,422461
174,20176.268281,424837
175,20176.268281,427213
176,20176.268281,429589
177,20176.268281,431965
178,20176.268281,434341
179,20176.268281,436717
180,20176.268281,439093
181,20176.268281,441469
182,20176.268281,443845
183,20176.268281,446221
184,20176.268281,448597
185,20176.268281,450973
186,20176.268281,453349
187,20176.268281,455725
188,20176.268281,458101
189,20176.268281,460477
190,20176.268281,462853
191,20176.268281,465229
192,20176.268281,467605
193,20176.268281,469981
194,20176.268281,472357
195,20176.268281,474733
196,20176.268281,477109
197,20176.268281,479485
198,20176.268281,481861
199,20176.268281,484237
200,20176.268281,486613
201,20176.268281,488989
202,20176.268281,491365
203,20176.268281,493741
204,20176.268281,496117
205,20176.268281,498493
206,20176.268281,500869
207,20176.268281,503245
208,20176.268281,505621
209,20176.268281,507997
210,20176.268281,510373
211,20176.268281,512749
212,20176.268281,515125
213,20176.268281,517501
214,20176.268281,519877
215,20176.268281,522253
216,20176.268281,524629
217,20176.268281,527005
218,20176.268281,529381
219,20176.268281,531757
220,20176.268281,534133
221,20176.268281,536509
222,20176.268281,538885
223,20176.268281,541261
224,20176.268281,543637
225,20176.268281,546013
226,20176.268281,548389
227,20176.268281,550765
228,20176.268281,553141
229,20176.268281,555517
230,20176.268281,557893
231,20176.268281,560269
232,20176.268281,562645
233,20176.268281,565021
234,20176.268281,567397
235,20176.268281,569773
236,20176.268281,572149
237,20176.268281,574525
238,20176.268281,576901
239,20176.268281,579277
240,20176.268281,581653
241,20176.268281,584029
242,20176.268281,586405
243,20176.268281,588781
244,20176.268281,591157
245,20176.268281,593533
246,20176.268281,595909
247,20176.268281,598285
248,20176.268281,600661
249,20176.268281,603037
250,20176.268281,605413
251,20176.268281,607789
252,20176.268281,610165
253,20176.268281,612541
254,20176.268281,614917
255,20176.268281,617293
256,20176.268281,619669
257,20176.268281,622045
258,20176.268281,624421
259,20176.268281,626797
260,20176.268281,629173
261,20176.268281,631549
262,20176.268281,633925
263,20176.268281,636301
264,20176.268281,638677
265,20176.268281,641053
266,20176.268281,643429
267,20176.268281,645805
268,20176.268281,648184
269,20176.268281,650570
270,20176.268281,652959
271,20176.268281,655348
272,20176.268281,657724
273,20176.268281,660100
274,20176.268281,662476
275,20176.268281,664852
276,20176.268281,667228
277,20176.268281,669604
278,20176.268281,671980
279,20176.268281,674356
280,20176.268281,676732
281,20176.268281,679108
282,20176.268281,681484
283,20176.268281,683860
284,20176.268281,686236
285,20176.268281,688612
286,20176.268281,690988
287,20176.268281,693364
288,20176.268281,695740
289,20176.268281,698116
290,20176.268281,700492
291,20176.268281,702868
292,20176.268281,705244
293,20176.268281,707620
294,20176.268281,709996
295,20176.268281,712372
20176.268281,44.551999
1,20430.203760,2376
2,20416.399086,4756
3,20371.027563,7142
4,20362.820488,9530
5,20287.043904,11960
6,20287.043904,14430
7,20233.354016,16930
8,20226.845256,19472
9,20217.071596,22038
10,20215.265459,24635
11,20214.909632,27239
12,20214.863260,29856
13,20214.721322,32473
14,20214.721322,35095
15,20179.611062,37713
16,20179.611062,40335
17,20179.611062,42955
18,20179.611062,45577
19,20179.611062,48199
20,20179.611062,50822
21,20179.611062,53443
22,20179.611062,56026
23,20179.611062,58525
24,20179.611062,60941
25,20179.611062,63324
26,20179.611062,65700
27,20179.611062,68076
28,20179.611062,70456
29,20179.611062,72847
30,20179.611062,75238
31,20179.611062,77614
32,20179.611062,79990
33,20179.611062,82366
34,20179.611062,84742
35,20179.611062,87118
36,20179.611062,89494
37,20179.611062,91870
38,20179.611062,94246
39,20179.611062,96622
40,20179.611062,98998
41,20179.611062,101374
42,20179.611062,103750
43,20179.611062,106126
44,20179.611062,108502
45,20179.611062,110878
46,20179.611062,113254
47,20179.611062,115630
48,20179.611062,118006
49,20179.611062,120382
50,20179.611062,122758
51,20179.611062,125134
52,20179.611062,127510
53,20179.611062,129886
54,20179.611062,132262
55,20179.611062,134638
56,20179.611062,137014
57,20179.611062,139390
58,20179.611062,141766
59,20179.611062,144142
60,20179.611062,146518
61,20179.611062,148894
62,20179.611062,151270
63,20179.611062,153646
64,20179.611062,156022
65,20179.611062,158398
66,20179.611062,160774
67,20179.611062,163150
68,20179.611062,165526
69,20179.611062,167902
70,20179.611062,170278
71,20179.611062,172654
72,20179.611062,175030
73,20179.611062,177406
74,20179.611062,179782
75,20179.611062,182158
76,20179.611062,184534
77,20179.611062,186910
78,20179.611062,189286
79,20179.611062,191662
80,20179.611062,194038
81,20179.611062,196414
82,20179.611062,198790
83,20179.611062,201166
84,20179.611062,203542
85,20179.611062,205918
86,20179.611062,208294
87,20179.611062,210670
88,20179.611062,213046
89,20179.611062,215422
90,20179.611062,217801
91,20179.611062,220186
92,20179.611062,222571
93,20179.611062,224947
94,20179.611062,227323
95,20179.611062,229699
96,20179.611062,232075
97,20179.611062,234451
98,20179.611062,236827
99,20179.611062,239203
100,20179.611062,241579
101,20179.611062,243955
102,20179.611062,246331
103,20179.611062,248707
104,20179.611062,251083
105,20179.611062,253459
106,20179.611062,255835
107,20179.611062,258211
108,20179.611062,260587
109,20179.611062,262963
110,20179.611062,265339
111,20179.611062,267715
112,20179.611062,270091
113,20179.611062,272467
114,20179.611062,274843
115,20179.611062,277219
116,20179.611062,279596
117,20179.611062,281986
118,20179.611062,284377
119,20179.611062,286753
120,20179.611062,289129
121,20179.611062,291505
122,20179.611062,293881
123,20179.611062,296257
124,20179.611062,298633
125,20179.611062,301009
126,20179.611062,303385
127,20179.611062,305761
128,20179.611062,308137
129,20179.611062,310513
130,20179.611062,312889
131,20179.611062,315265
132,20179.611062,317641
133,20179.611062,320017
134,20179.611062,322393
135,20179.611062,324769
136,20179.611062,327145
137,20179.611062,329521
138,20179.611062,331897
139,20179.611062,334273
140,20179.611062,336649
141,20179.611062,339025
142,20179.611062,341401
143,20179.611062,343777
144,20179.611062,346153
145,20179.611062,348529
146,20179.611062,350905
147,20179.611062,353281
148,20179.611062,355657
149,20179.611062,358033
150,20179.611062,360409
151,20179.611062,362785
152,20179.611062,365161
153,20179.611062,367537
154,20179.611062,369913
155,20179.611062,372289
156,20179.611062,374665
157,20179.611062,377041
158,20179.611062,379417
159,20179.611062,381793
160,20179.611062,384171
161,20179.611062,386556
162,20179.611062,388932
163,20179.611062,391308
164,20179.611062,393684
165,20179.611062,396060
166,20179.611062,398436
167,20179.611062,400812
168,20179.611062,403188
169,20179.611062,405564
170,20179.611062,407940
171,20179.611062,410316
172,20179.611062,412692
173,20179.611062,415068
174,20179.611062,417444
175,20179.611062,419820
176,20179.611062,422196
177,20179.611062,424572
178,20179.611062,426948
179,20179.611062,429324
180,20179.611062,431700
181,20179.611062,434076
182,20179.611062,436452
183,20179.611062,438828
184,20179.611062,441204
185,20179.611062,443580
186,20179.611062,445956
187,20179.611062,448332
188,20179.611062,450708
189,20179.611062,453084
190,20179.611062,455460
191,20179.611062,457836
192,20179.611062,460212
193,20179.611062,462588
194,20179.611062,464964
195,20179.611062,467340
196,20179.611062,469716
197,20179.611062,472092
198,20179.611062,474468
199,20179.611062,476844
200,20179.611062,479220
201,20179.611062,481596
202,20179.611062,483972
203,20179.611062,486348
204,20179.611062,488724
205,20179.611062,491100
206,20179.611062,493476
207,20179.611062,495852
208,20179.611062,498228
209,20179.611062,500604
210,20179.611062,502980
211,20179.611062,505356
212,20179.611062,507732
213,20179.611062,510108
214,20179.611062,512484
215,20179.611062,514860
216,20179.611062,517243
217,20179.611062,519630
218,20179.611062,522020
219,20179.611062,524396
220,20179.611062,526772
221,20179.611062,529148
222,20179.611062,531524
223,20179.611062,533900
224,20179.611062,536276
225,20179.611062,538652
226,20179.611062,541028
227,20179.611062,543404
228,20179.611062,545780
229,20179.611062,548156
230,20179.611062,550532
231,20179.611062,552908
232,20179.611062,555284
233,20179.611062,557660
234,20179.611062,560036
235,20179.611062,562412
236,20179.611062,564788
237,20179.611062,567164
238,20179.611062,569540
239,20179.611062,571916
240,20179.611062,574292
241,20179.611062,576668
242,20179.611062,579044
243,20179.611062,581420
244,20179.611062,583796
245,20179.611062,586172
246,20179.611062,588548
247,20179.611062,590924
248,20179.611062,593300
249,20179.611062,595676
250,20179.611062,598052
251,20179.611062,600428
252,20179.611062,602804
253,20179.611062,605180
254,20179.611062,607556
255,20179.611062,609932
256,20179.611062,612308
257,20179.611062,614684
258,20179.611062,617060
259,20179.611062,619436
260,20179.611062,621812
261,20179.611062,624188
262,20179.611062,626572
263,20179.611062,628964
264,20179.611062,631357
265,20179.611062,633733
266,20179.611062,636109
267,20179.611062,638485
268,20179.611062,640862
269,20179.611062,643242
270,20179.611062,645624
271,20179.611062,648007
272,20179.611062,650390
273,20179.611062,652773
274,20179.611062,655156
275,20179.611062,657532
276,20179.611062,659908
277,20179.611062,662284
278,20179.611062,664660
279,20179.611062,667036
280,20179.611062,669412
281,20179.611062,671788
282,20179.611062,674164
283,20179.611062,676540
284,20179.611062,678916
285,20179.611062,681292
286,20179.611062,683668
287,20179.611062,686044
288,20179.611062,688420
289,20179.611062,690796
290,20179.611062,693175
291,20179.611062,695560
292,20179.611062,697945
293,20179.611062,700330
294,20179.611062,702706
295,20179.611062,705082
296,20179.611062,707458
297,20179.611062,709834
298,20179.611062,712210
20179.611062,43.754866
1,20418.129870,2376
2,20411.341328,4757
3,20361.820867,7141
4,20333.009218,9538
5,20268.138478,11988
6,20263.242100,14487
7,20231.370990,17025
8,20229.327620,19624
9,20228.012637,22238
10,20226.022927,24856
11,20220.542034,27491
12,20217.716410,30130
13,20179.939137,32771
14,20179.939137,35414
15,20179.939137,38057
16,20179.939137,40691
17,20179.939137,43316
18,20179.939137,45941
19,20179.939137,48519
20,20179.939137,51029
21,20179.939137,53496
22,20179.939137,55918
23,20179.939137,58316
24,20179.939137,60700
25,20179.939137,63084
26,20179.939137,65468
27,20179.939137,67852
28,20179.939137,70228
29,20179.939137,72604
30,20179.939137,74980
31,20179.939137,77356
32,20179.939137,79732
33,20179.939137,82108
34,20179.939137,84484
35,20179.939137,86860
36,20179.939137,89236
37,20179.939137,91615
38,20179.939137,94000
39,20179.939137,96385
40,20179.939137,98761
41,20179.939137,101137
42,20179.939137,103513
43,20179.939137,105889
44,20179.939137,108265
45,20179.939137,110641
46,20179.939137,113017
47,20179.939137,115393
48,20179.939137,117769
49,20179.939137,120145
50,20179.939137,122521
51,20179.939137,124897
52,20179.939137,127273
53,20179.939137,129649
54,20179.939137,132030
55,20179.939137,134420
56,20179.939137,136810
57,20179.939137,139186
58,20179.939137,141562
59,20179.939137,143938
60,20179.939137,146314
61,20179.939137,148690
62,20179.939137,151066
63,20179.939137,153442
64,20179.939137,155818
65,20179.939137,158194
66,20179.939137,160570
67,20179.939137,162946
68,20179.939137,165322
69,20179.939137,167698
70,20179.939137,170075
71,20179.939137,172463
72,20179.939137,174853
73,20179.939137,177229
74,20179.939137,179607
75,20179.939137,181985
76,20179.939137,184395
77,20179.939137,186800
78,20179.939137,189270
79,20179.939137,191734
80,20177.222015,194243
81,20177.222015,196736
82,20177.222015,199249
83,20177.222015,201753
84,20177.222015,204302
85,20177.222015,206828
86,20177.222015,209298
87,20177.222015,211730
88,20177.222015,214145
89,20177.222015,216554
90,20177.222015,218968
91,20177.222015,221360
92,20177.222015,223742
93,20177.222015,226124
94,20177.222015,228500
95,20177.222015,230876
96,20177.222015,233252
97,20177.222015,235628
98,20177.222015,238004
99,20177.222015,240380
100,20177.222015,242756
101,20177.222015,245132
102,20177.222015,247508
103,20177.222015,249884
104,20177.222015,252260
105,20177.222015,254636
106,20177.222015,257012
107,20177.222015,259388
108,20177.222015,261764
109,20177.222015,264140
110,20177.222015,266516
111,20177.222015,268892
112,20177.222015,271268
113,20177.222015,273644
114,20177.222015,276020
115,20177.222015,278396
116,20177.222015,280772
117,20177.222015,283148
118,20177.222015,285524
119,20177.222015,287900
120,20177.222015,290276
121,20177.222015,292652
122,20177.222015,295028
123,20177.222015,297404
124,20177.222015,299780
125,20177.222015,302156
126,20177.222015,304532
127,20177.222015,306908
128,20177.222015,309284
129,20177.222015,311660
130,20177.222015,314036
131,20177.222015,316412
132,20177.222015,318788
133,20177.222015,321164
134,20177.222015,323540
135,20177.222015,325916
136,20177.222015,328292
137,20177.222015,330668
138,20177.222015,333044
139,20177.222015,335420
140,20177.222015,337796
141,20177.222015,340172
142,20177.222015,342548
143,20177.222015,344924
144,20177.222015,347300
145,20177.222015,349676
146,20177.222015,352052
147,20177.222015,354428
148,20177.222015,356804
149,20177.222015,359180
150,20177.222015,361556
151,20177.222015,363932
152,20177.222015,366308
153,20177.222015,368684
154,20177.222015,371060
155,20177.222015,373436
156,20177.222015,375812
157,20177.222015,378188
158,20177.222015,380564
159,20177.222015,382940
160,20177.222015,385316
161,20177.222015,387692
162,20177.222015,390068
163,20177.222015,392444
164,20177.222015,394820
165,20177.222015,397196
166,20177.222015,399572
167,20177.222015,401948
168,20177.222015,404324
169,20177.222015,406700
170,20177.222015,409076
171,20177.222015,411452
172,20177.222015,413828
173,20177.222015,416204
174,20177.222015,418580
175,20177.222015,420956
176,20177.222015,423332
177,20177.222015,425708
178,20177.222015,428084
179,20177.222015,430460
180,20177.222015,432836
181,20177.222015,435212
182,20177.222015,437588
183,20177.222015,439964
184,20177.222015,442340
185,20177.222015,444716
186,20177.222015,447092
187,20177.222015,449468
188,20177.222015,451844
189,20177.222015,454220
190,20177.222015,456596
191,20177.222015,458972
192,20177.222015,461348
193,20177.222015,463724
194,20177.222015,466100
195,20177.222015,468476
196,20177.222015,470852
197,20177.222015,473228
198,20177.222015,475604
199,20177.222015,477980
200,20177.222015,480356
201,20177.222015,482732
202,20177.222015,485108
203,20177.222015,487484
204,20177.222015,489860
205,20177.222015,492236
206,20177.222015,494612
207,20177.222015,496988
208,20177.222015,499364
209,20177.222015,501740
210,20177.222015,504116
211,20177.222015,506492
212,20177.222015,508868
213,20177.222015,511244
214,20177.222015,513620
215,20177.222015,515996
216,20177.222015,518372
217,20177.222015,520748
218,20177.222015,523124
219,20177.222015,525500
220,20177.222015,527876
221,20177.222015,530252
222,20177.222015,532628
223,20177.222015,535004
224,20177.222015,537380
225,20177.222015,539756
226,20177.222015,542132
227,20177.222015,544508
228,20177.222015,546884
229,20177.222015,549260
230,20177.222015,551639
231,20177.222015,554026
232,20177.222015,556414
233,20177.222015,558790
234,20177.222015,561166
235,20177.222015,563542
236,20177.222015,565918
237,20177.222015,568294
238,20177.222015,570670
239,20177.222015,573046
240,20177.222015,575422
241,20177.222015,577798
242,20177.222015,580174
243,20177.222015,582550
244,20177.222015,584926
245,20177.222015,587302
246,20177.222015,589678
247,20177.222015,592054
248,20177.222015,594430
249,20177.222015,596806
250,20177.222015,599182
251,20177.222015,601558
252,20177.222015,603934
253,20177.222015,606310
254,20177.222015,608686
255,20177.222015,611062
256,20177.222015,613438
257,20177.222015,615814
258,20177.222015,618190
259,20177.222015,620566
260,20177.222015,622942
261,20177.222015,625318
262,20177.222015,627694
263,20177.222015,630070
264,20177.222015,632446
265,20177.222015,634822
266,20177.222015,637198
267,20177.222015,639574
268,20177.222015,641950
269,20177.222015,644326
270,20177.222015,646702
271,20177.222015,649078
272,20177.222015,651454
273,20177.222015,653830
274,20177.222015,656206
275,20177.222015,658582
276,20177.222015,660958
277,20177.222015,663334
278,20177.222015,665710
279,20177.222015,668086
280,20177.222015,670462
281,20177.222015,672839
282,20177.222015,675221
283,20177.222015,677597
284,20177.222015,679973
285,20177.222015,682349
286,20177.222015,684725
287,20177.222015,687101
288,20177.222015,689477
289,20177.222015,691853
290,20177.222015,694229
291,20177.222015,696605
292,20177.222015,698981
293,20177.222015,701357
294,20177.222015,703733
295,20177.222015,706114
296,20177.222015,708505
297,20177.222015,710896
20177.222015,43.856979
1,20420.850357,2376
2,20405.470205,4755
3,20361.084365,7133
4,20350.803838,9512
5,20299.776709,11941
6,20295.939775,14384
7,20266.945450,16875
8,20261.439708,19409
9,20232.923811,21966
10,20224.038051,24557
11,20220.750032,27154
12,20219.353840,29758
13,20217.099313,32372
14,20216.641221,34995
15,20216.365964,37615
16,20216.299563,40239
17,20216.204749,42860
18,20216.204749,45485
19,20216.134554,48108
20,20181.560068,50728
21,20181.297252,53350
22,20181.297252,55975
23,20181.297252,58600
24,20181.297252,61223
25,20181.297252,63846
26,20181.297252,66448
27,20181.297252,69038
28,20181.297252,71555
29,20181.297252,73988
30,20181.297252,76396
31,20181.297252,78797
32,20181.297252,81173
33,20181.297252,83549
34,20181.297252,85925
35,20181.297252,88301
36,20181.297252,90677
37,20181.297252,93053
38,20181.297252,95429
39,20177.637313,97807
40,20177.637313,100204
41,20177.637313,102600
42,20177.637313,105058
43,20177.637313,107496
44,20177.637313,109974
45,20177.637313,112441
46,20177.637313,114947
47,20177.637313,117444
48,20177.637313,119956
49,20177.637313,122458
50,20177.637313,124928
51,20177.637313,127396
52,20177.637313,129893
53,20177.637313,132395
54,20177.637313,134870
55,20177.637313,137323
56,20177.637313,139752
57,20177.637313,142158
58,20177.637313,144575
59,20177.637313,146994
60,20177.637313,149379
61,20177.637313,151767
62,20177.637313,154156
63,20177.637313,156545
64,20177.637313,158934
65,20177.637313,161323
66,20177.637313,163699
67,20177.637313,166075
68,20177.637313,168451
69,20177.637313,170827
70,20177.637313,173203
71,20177.637313,175579
72,20177.637313,177955
73,20177.637313,180331
74,20177.637313,182707
75,20177.637313,185083
76,20177.637313,187459
77,20177.637313,189835
78,20177.637313,192211
79,20177.637313,194587
80,20177.637313,196963
81,20177.637313,199340
82,20177.637313,201725
83,20177.637313,204110
84,20177.637313,206495
85,20177.637313,208871
86,20177.637313,211247
87,20177.637313,213623
88,20177.637313,215999
89,20177.637313,218375
90,20177.637313,220751
91,20177.637313,223127
92,20177.637313,225503
93,20177.637313,227879
94,20177.637313,230255
95,20177.637313,232631
96,20177.637313,235007
97,20177.637313,237383
98,20177.637313,239759
99,20177.637313,242135
100,20177.637313,244511
101,20177.637313,246887
102,20177.637313,249263
103,20177.637313,251639
104,20177.637313,254015
105,20177.637313,256391
106,20177.637313,258767
107,20177.637313,261143
108,20177.637313,263519
109,20177.637313,265895
110,20177.637313,268271
111,20177.637313,270647
112,20177.637313,273023
113,20177.637313,275399
114,20177.637313,277775
115,20177.637313,280151
116,20177.637313,282527
117,20177.637313,284903
118,20177.637313,287279
119,20177.637313,289655
120,20177.637313,292031
121,20177.637313,294407
122,20177.637313,296783
123,20177.637313,299159
124,20177.637313,301535
125,20177.637313,303911
126,20177.637313,306287
127,20177.637313,308663
128,20177.637313,311039
129,20177.637313,313415
130,20177.637313,315791
131,20177.637313,318167
132,20177.637313,320543
133,20177.637313,322919
134,20177.637313,325295
135,20177.637313,327671
136,20177.637313,330047
137,20177.637313,332423
138,20177.637313,334799
139,20177.637313,337175
140,20177.637313,339551
141,20177.637313,341927
142,20177.637313,344303
143,20177.637313,346679
144,20177.637313,349055
145,20177.637313,351431
146,20177.637313,353807
147,20177.637313,356183
148,20177.637313,358559
149,20177.637313,360935
150,20177.637313,363311
151,20177.637313,365687
152,20177.637313,368064
153,20177.637313,370444
154,20177.637313,372826
155,20177.637313,375209
156,20177.637313,377592
157,20177.637313,379975
158,20177.637313,382357
159,20177.637313,384740
160,20177.637313,387122
161,20177.637313,389505
162,20177.637313,391885
163,20177.637313,394269
164,20177.637313,396653
165,20177.637313,399037
166,20177.637313,401421
167,20177.637313,403805
168,20177.637313,406181
169,20177.637313,408557
170,20177.637313,410933
171,20177.637313,413309
172,20177.637313,415685
173,20177.637313,418061
174,20177.637313,420437
175,20177.637313,422813
176,20177.637313,425189
177,20177.637313,427565
178,20177.637313,429941
179,20177.637313,432317
180,20177.637313,434693
181,20177.637313,437069
182,20177.637313,439445
183,20177.637313,441821
184,20177.637313,444197
185,20177.637313,446573
186,20177.637313,448949
187,20177.637313,451325
188,20177.637313,453702
189,20177.637313,456085
190,20177.637313,458472
191,20177.637313,460859
192,20177.637313,463246
193,20177.637313,465633
194,20177.637313,468009
195,20177.637313,470385
196,20177.637313,472761
197,20177.637313,475139
198,20177.637313,477522
199,20177.637313,479905
200,20177.637313,482288
201,20177.637313,484664
202,20177.637313,487040
203,20177.637313,489416
204,20177.637313,491792
205,20177.637313,494168
206,20177.637313,496544
207,20177.637313,498920
208,20177.637313,501296
209,20177.637313,503672
210,20177.637313,506048
211,20177.637313,508424
212,20177.637313,510800
213,20177.637313,513176
214,20177.637313,515552
215,20177.637313,517928
216,20177.637313,520304
217,20177.637313,522680
218,20177.637313,525056
219,20177.637313,527432
220,20177.637313,529808
221,20177.637313,532184
222,20177.637313,534560
223,20177.637313,536936
224,20177.637313,539312
225,20177.637313,541688
226,20177.637313,544064
227,20177.637313,546440
228,20177.637313,548821
229,20177.637313,551211
230,20177.637313,553603
231,20177.637313,555995
232,20177.637313,558387
233,20177.637313,560763
234,20177.637313,563140
235,20177.637313,565523
236,20177.637313,567909
237,20177.637313,570295
238,20177.637313,572681
239,20177.637313,575066
240,20177.637313,577442
241,20177.637313,579818
242,20177.637313,582194
243,20177.637313,584570
244,20177.637313,586946
245,20177.637313,589322
246,20177.637313,591698
247,20177.637313,594074
248,20177.637313,596450
249,20177.637313,598826
250,20177.637313,601202
251,20177.637313,603578
252,20177.637313,605954
253,20177.637313,608330
254,20177.637313,610706
255,20177.637313,613082
256,20177.637313,615458
257,20177.637313,617834
258,20177.637313,620210
259,20177.637313,622586
260,20177.637313,624962
261,20177.637313,627338
262,20177.637313,629714
263,20177.637313,632090
264,20177.637313,634466
265,20177.637313,636842
266,20177.637313,639218
267,20177.637313,641594
268,20177.637313,643970
269,20177.637313,646346
270,20177.637313,648722
271,20177.637313,651098
272,20177.637313,653474
273,20177.637313,655850
274,20177.637313,658226
275,20177.637313,660602
276,20177.637313,662978
277,20177.637313,665356
278,20177.637313,667741
279,20177.637313,670128
280,20177.637313,672515
281,20177.637313,674891
282,20177.637313,677267
283,20177.637313,679643
284,20177.637313,682019
285,20177.637313,684395
286,20177.637313,686771
287,20177.637313,689147
288,20177.637313,691523
289,20177.637313,693899
290,20177.637313,696275
291,20177.637313,698651
292,20177.637313,701027
293,20177.637313,703403
294,20177.637313,705779
295,20177.637313,708155
296,20177.637313,710531
20177.637313,44.089227
1,20417.131266,2376
2,20408.454754,4755
3,20359.779319,7137
4,20344.352470,9518
5,20288.154485,11954
6,20255.282872,14414
7,20243.313008,16903
8,20231.954469,19440
9,20228.974165,21998
10,20228.484892,24589
11,20227.719046,27187
12,20227.500895,29794
13,20220.587676,32411
14,20220.587676,35036
15,20219.691774,37659
16,20219.337894,40282
17,20182.129484,42897
18,20182.129484,45516
19,20182.129484,48135
20,20182.129484,50751
21,20182.129484,53372
22,20178.985443,55994
23,20178.985443,58616
24,20178.985443,61240
25,20178.985443,63850
26,20178.985443,66331
27,20178.985443,68750
28,20178.985443,71139
29,20178.985443,73521
30,20178.985443,75904
31,20178.985443,78284
32,20178.985443,80668
33,20178.985443,83052
34,20178.985443,85438
35,20178.985443,87818
36,20178.985443,90200
37,20178.985443,92582
38,20178.985443,94958
39,20178.985443,97334
40,20178.985443,99710
41,20178.985443,102086
42,20178.985443,104462
43,20178.985443,106838
44,20178.985443,109214
45,20178.985443,111590
46,20178.985443,113966
47,20178.985443,116342
48,20178.985443,118718
49,20178.985443,121094
50,20178.985443,123470
51,20178.985443,125846
52,20178.985443,128222
53,20178.985443,130598
54,20178.985443,132977
55,20177.609299,135363
56,20177.609299,137769
57,20177.609299,140170
58,20177.609299,142628
59,20177.609299,145085
60,20177.609299,147571
61,20177.609299,150045
62,20177.609299,152576
63,20177.609299,155092
64,20177.609299,157617
65,20177.609299,160162
66,20177.609299,162707
67,20177.609299,165244
68,20177.609299,167775
69,20177.609299,170273
70,20177.609299,172735
71,20177.609299,175197
72,20177.609299,177663
73,20177.609299,180128
74,20177.609299,182599
75,20177.609299,185062
76,20177.609299,187506
77,20177.609299,189942
78,20177.609299,192357
79,20177.609299,194764
80,20177.609299,197163
81,20177.609299,199547
82,20177.609299,201931
83,20177.609299,204315
84,20177.609299,206691
85,20177.609299,209067
86,20177.609299,211443
87,20177.609299,213819
88,20177.609299,216195
89,20177.609299,218571
90,20177.609299,220947
91,20177.609299,223323
92,20177.609299,225699
93,20177.609299,228075
94,20177.609299,230451
95,20177.609299,232827
96,20177.609299,235203
97,20177.609299,237579
98,20177.609299,239955
99,20177.609299,242331
100,20177.609299,244707
101,20177.609299,247083
102,20177.609299,249459
103,20177.609299,251835
104,20177.609299,254211
105,20177.609299,256587
106,20177.609299,258963
107,20177.609299,261339
108,20177.609299,263715
109,20177.609299,266091
110,20177.609299,268467
111,20177.609299,270843
112,20177.609299,273219
113,20177.609299,275595
114,20177.609299,277971
115,20177.609299,280347
116,20177.609299,282723
117,20177.609299,285099
118,20177.609299,287475
119,20177.609299,289851
120,20177.609299,292227
121,20177.609299,294603
122,20177.609299,296979
123,20177.609299,299355
124,20177.609299,301731
125,20177.609299,304107
126,20177.609299,306483
127,20177.609299,308859
128,20177.609299,311235
129,20177.609299,313611
130,20177.609299,315987
131,20177.609299,318363
132,20177.609299,320739
133,20177.609299,323115
134,20177.609299,325491
135,20177.609299,327867
136,20177.609299,330243
137,20177.609299,332619
138,20177.609299,334995
139,20177.609299,337371
140,20177.609299,339747
141,20177.609299,342123
142,20177.609299,344499
143,20177.609299,346875
144,20177.609299,349251
145,20177.609299,351627
146,20177.609299,354003
147,20177.609299,356379
148,20177.609299,358755
149,20177.609299,361131
150,20177.609299,363507
151,20177.609299,365883
152,20177.609299,368259
153,20177.609299,370637
154,20177.609299,373021
155,20177.609299,375405
156,20177.609299,377789
157,20177.609299,380165
158,20177.609299,382545
159,20177.609299,384932
160,20177.609299,387322
161,20177.609299,389713
162,20177.609299,392108
163,20177.609299,394492
164,20177.609299,396876
165,20177.609299,399252
166,20177.609299,401628
167,20177.609299,404004
168,20177.609299,406380
169,20177.609299,408756
170,20177.609299,411132
171,20177.609299,413508
172,20177.609299,415884
173,20177.609299,418260
174,20177.609299,420636
175,20177.609299,423012
176,20177.609299,425388
177,20177.609299,427764
178,20177.609299,430140
179,20177.609299,432516
180,20177.609299,434892
181,20177.609299,437268
182,20177.609299,439644
183,20177.609299,442020
184,20177.609299,444396
185,20177.609299,446772
186,20177.609299,449148
187,20177.609299,451524
188,20177.609299,453900
189,20177.609299,456276
190,20177.609299,458652
191,20177.609299,461028
192,20177.609299,463404
193,20177.609299,465780
194,20177.609299,468156
195,20177.609299,470532
196,20177.609299,472908
197,20177.609299,475284
198,20177.609299,477660
199,20177.609299,480036
200,20177.609299,482412
201,20177.609299,484788
202,20177.609299,487164
203,20177.609299,489540
204,20177.609299,491916
205,20177.609299,494292
206,20177.609299,496668
207,20177.609299,499044
208,20177.609299,501420
209,20177.609299,503796
210,20177.609299,506174
211,20177.609299,508562
212,20177.609299,510951
213,20177.609299,513339
214,20177.609299,515728
215,20177.609299,518104
216,20177.609299,520480
217,20177.609299,522856
218,20177.609299,525237
219,20177.609299,527625
220,20177.609299,530017
221,20177.609299,532409
222,20177.609299,534785
223,20177.609299,537161
224,20177.609299,539537
225,20177.609299,541913
226,20177.609299,544289
227,20177.609299,546665
228,20177.609299,549041
229,20177.609299,551417
230,20177.609299,553793
231,20177.609299,556169
232,20177.609299,558546
233,20177.609299,560923
234,20177.609299,563325
235,20177.340634,565716
236,20177.340634,568156
237,20177.340634,570573
238,20177.340634,573042
239,20177.340634,575484
240,20177.340634,577995
241,20177.340634,580507
242,20177.340634,583055
243,20177.340634,585596
244,20177.340634,588160
245,20177.340634,590710
246,20177.340634,593235
247,20177.340634,595707
248,20177.340634,598145
249,20177.340634,600590
250,20177.340634,603014
251,20177.340634,605431
252,20177.340634,607811
253,20177.340634,610193
254,20177.340634,612575
255,20177.340634,614957
256,20177.340634,617333
257,20177.340634,619709
258,20177.340634,622085
259,20177.340634,624461
260,20177.340634,626841
261,20177.340634,629232
262,20177.340634,631625
263,20177.340634,634018
264,20177.340634,636394
265,20177.340634,638770
266,20177.340634,641146
267,20177.340634,643522
268,20177.340634,645898
269,20177.340634,648274
270,20177.340634,650650
271,20177.340634,653026
272,20177.340634,655402
273,20177.340634,657778
274,20177.340634,660154
275,20177.340634,662530
276,20177.340634,664906
277,20177.340634,667282
278,20177.340634,669658
279,20177.340634,672034
280,20177.340634,674410
281,20177.340634,676786
282,20177.340634,679162
283,20177.340634,681538
284,20177.340634,683914
285,20177.340634,686290
286,20177.340634,688666
287,20177.340634,691042
288,20177.340634,693418
289,20177.340634,695794
290,20177.340634,698170
291,20177.340634,700546
292,20177.340634,702922
293,20177.340634,705298
294,20177.340634,707674
295,20177.340634,710050
296,20177.340634,712426
20177.340634,44.547123
1,20421.307916,2376
2,20407.720609,4756
3,20388.896318,7137
4,20388.896318,9519
5,20306.587430,11945
6,20300.219187,14394
7,20259.850491,16890
8,20259.850491,19419
9,20222.569081,21977
10,20220.725956,24551
11,20218.677868,27138
12,20218.534363,29746
13,20217.594198,32351
14,20217.459556,34976
15,20203.555896,37599
16,20203.555896,40226
17,20203.555896,42850
18,20184.783716,45474
19,20180.355229,48102
20,20180.355229,50719
21,20180.355229,53340
22,20180.355229,55960
23,20180.355229,58575
24,20180.355229,61159
25,20180.355229,63736
26,20180.355229,66309
27,20180.355229,68848
28,20180.355229,71327
29,20180.355229,73799
30,20180.355229,76224
31,20180.355229,78646
32,20180.355229,81067
33,20180.355229,83473
34,20180.355229,85872
35,20180.355229,88263
36,20180.355229,90644
37,20180.355229,93025
38,20180.355229,95406
39,20180.355229,97782
40,20180.355229,100158
41,20180.355229,102534
42,20180.355229,104910
43,20180.355229,107286
44,20180.355229,109662
45,20180.355229,112038
46,20180.355229,114414
47,20180.355229,116790
48,20180.355229,119166
49,20180.355229,121542
50,20180.355229,123923
51,20180.355229,126304
52,20180.355229,128736
53,20180.355229,131168
54,20176.758978,133653
55,20176.758978,136143
56,20176.758978,138684
57,20176.758978,141232
58,20176.758978,143769
59,20176.758978,146258
60,20176.758978,148696
61,20176.758978,151091
62,20176.758978,153478
63,20176.758978,155856
64,20176.268281,158234
65,20176.268281,160611
66,20176.268281,162989
67,20176.268281,165368
68,20176.268281,167748
69,20176.268281,170126
70,20176.268281,172509
71,20176.268281,174885
72,20176.268281,177261
73,20176.268281,179637
74,20176.268281,182013
75,20176.268281,184389
76,20176.268281,186765
77,20176.268281,189141
78,20176.268281,191518
79,20176.268281,193904
80,20176.268281,196290
81,20176.268281,198666
82,20176.268281,201042
83,20176.268281,203418
84,20176.268281,205794
85,20176.268281,208170
86,20176.268281,210546
87,20176.268281,212922
88,20176.268281,215298
89,20176.268281,217674
90,20176.268281,220050
91,20176.268281,222426
92,20176.268281,224802
93,20176.268281,227178
94,20176.268281,229554
95,20176.268281,231930
96,20176.268281,234306
97,20176.268281,236682
98,20176.268281,239058
99,20176.268281,241434
100,20176.268281,243810
101,20176.268281,246186
102,20176.268281,248562
103,20176.268281,250938
104,20176.268281,253314
105,20176.268281,255690
106,20176.268281,258066
107,20176.268281,260442
108,20176.268281,262818
109,20176.268281,265194
110,20176.268281,267570
111,20176.268281,269946
112,20176.268281,272322
113,20176.268281,274698
114,20176.268281,277074
115,20176.268281,279450
116,20176.268281,281826
117,20176.268281,284202
118,20176.268281,286578
119,20176.268281,288954
120,20176.268281,291331
121,20176.268281,293712
122,20176.268281,296102
123,20176.268281,298478
124,20176.268281,300854
125,20176.268281,303230
126,20176.268281,305606
127,20176.268281,307982
128,20176.268281,310358
129,20176.268281,312734
130,20176.268281,315110
131,20176.268281,317486
132,20176.268281,319862
133,20176.268281,322238
134,20176.268281,324614
135,20176.268281,326990
136,20176.268281,329366
137,20176.268281,331742
138,20176.268281,334118
139,20176.268281,336494
140,20176.268281,338870
141,20176.268281,341246
142,20176.268281,343622
143,20176.268281,345998
144,20176.268281,348374
145,20176.268281,350750
146,20176.268281,353137
147,20176.268281,355530
148,20176.268281,357906
149,20176.268281,360282
150,20176.268281,362658
151,20176.268281,365034
152,20176.268281,367410
153,20176.268281,369786
154,20176.268281,372162
155,20176.268281,374538
156,20176.268281,376914
157,20176.268281,379290
158,20176.268281,381666
159,20176.268281,384042
160,20176.268281,386418
161,20176.268281,388794
162,20176.268281,391170
163,20176.268281,393546
164,20176.268281,395922
165,20176.268281,398298
166,20176.268281,400674
167,20176.268281,403050
168,20176.268281,405426
169,20176.268281,407802
170,20176.268281,410178
171,20176.268281,412554
172,20176.268281,414930
173,20176.268281,417306
174,20176.268281,419682
175,20176.268281,422058
176,20176.268281,424435
177,20176.268281,426816
178,20176.268281,429198
179,20176.268281,431580
180,20176.268281,433956
181,20176.268281,436332
182,20176.268281,438708
183,20176.268281,441084
184,20176.268281,443460
185,20176.268281,445836
186,20176.268281,448212
187,20176.268281,450588
188,20176.268281,452964
189,20176.268281,455340
190,20176.268281,457716
191,20176.268281,460092
192,20176.268281,462468
193,20176.268281,464844
194,20176.268281,467220
195,20176.268281,469596
196,20176.268281,471972
197,20176.268281,474348
198,20176.268281,476724
199,20176.268281,479100
200,20176.268281,481476
201,20176.268281,483852
202,20176.268281,486228
203,20176.268281,488604
204,20176.268281,490980
205,20176.268281,493356
206,20176.268281,495732
207,20176.268281,498108
208,20176.268281,500484
209,20176.268281,502860
210,20176.268281,505236
211,20176.268281,507612
212,20176.268281,509988
213,20176.268281,512364
214,20176.268281,514740
215,20176.268281,517116
216,20176.268281,519492
217,20176.268281,521868
218,20176.268281,524244
219,20176.268281,526620
220,20176.268281,528996
221,20176.268281,531372
222,20176.268281,533748
223,20176.268281,536124
224,20176.268281,538500
225,20176.268281,540876
226,20176.268281,543252
227,20176.268281,545628
228,20176.268281,548004
229,20176.268281,550380
230,20176.268281,552756
231,20176.268281,555132
232,20176.268281,557508
233,20176.268281,559884
234,20176.268281,562260
235,20176.268281,564636
236,20176.268281,567012
237,20176.268281,569388
238,20176.268281,571764
239,20176.268281,574140
240,20176.268281,576516
241,20176.268281,578892
242,20176.268281,581268
243,20176.268281,583644
244,20176.268281,586020
245,20176.268281,588396
246,20176.268281,590772
247,20176.268281,593148
248,20176.268281,595524
249,20176.268281,597900
250,20176.268281,600276
251,20176.268281,602652
252,20176.268281,605028
253,20176.268281,607404
254,20176.268281,609780
255,20176.268281,612156
256,20176.268281,614532
257,20176.268281,616908
258,20176.268281,619284
259,20176.268281,621660
260,20176.268281,624036
261,20176.268281,626412
262,20176.268281,628788
263,20176.268281,631164
264,20176.268281,633540
265,20176.268281,635916
266,20176.268281,638292
267,20176.268281,640668
268,20176.268281,643044
269,20176.268281,645420
270,20176.268281,647796
271,20176.268281,650172
272,20176.268281,652548
273,20176.268281,654924
274,20176.268281,657300
275,20176.268281,659676
276,20176.268281,662052
277,20176.268281,664428
278,20176.268281,666804
279,20176.268281,669180
280,20176.268281,671556
281,20176.268281,673932
282,20176.268281,676308
283,20176.268281,678684
284,20176.268281,681066
285,20176.268281,683465
286,20176.268281,685866
287,20176.268281,688259
288,20176.268281,690635
289,20176.268281,693011
290,20176.268281,695387
291,20176.268281,697763
292,20176.268281,700139
293,20176.268281,702515
294,20176.268281,704891
295,20176.268281,707267
296,20176.268281,709643
297,20176.268281,712019
20176.268281,43.801536
1,20416.944034,2376
2,20409.646656,4754
3,20372.191770,7134
4,20364.070992,9517
5,20328.230710,11940
6,20328.230710,14390
7,20237.874869,16876
8,20236.902167,19405
9,20219.497530,21972
10,20217.434854,24569
11,20214.830512,27182
12,20214.321718,29809
13,20213.783594,32448
14,20213.693373,35091
15,20213.510114,37734
16,20213.471107,40386
17,20208.623983,43035
18,20208.623983,45689
19,20180.754833,48344
20,20180.754833,50996
21,20178.759363,53644
22,20178.759363,56299
23,20175.964435,58952
24,20175.964435,61598
25,20175.964435,64229
26,20175.964435,66861
27,20175.964435,69493
28,20175.964435,72130
29,20175.964435,74755
30,20175.964435,77314
31,20175.964435,79841
32,20175.964435,82313
33,20175.964435,84763
34,20175.964435,87165
35,20175.964435,89560
36,20175.964435,91948
37,20175.964435,94330
38,20175.964435,96710
39,20175.964435,99095
40,20175.964435,101480
41,20175.964435,103856
42,20175.964435,106232
43,20175.964435,108608
44,20175.964435,110989
45,20175.964435,113377
46,20175.964435,115753
47,20175.964435,118129
48,20175.964435,120505
49,20175.964435,122881
50,20175.964435,125257
51,20175.964435,127633
52,20175.964435,130010
53,20172.910109,132387
54,20172.910109,134799
55,20172.910109,137212
56,20172.910109,139686
57,20172.910109,142159
58,20172.910109,144691
59,20172.910109,147215
60,20172.910109,149772
61,20172.910109,152324
62,20172.910109,154871
63,20172.910109,157410
64,20172.910109,159943
65,20172.910109,162459
66,20172.910109,164940
67,20172.910109,167390
68,20172.910109,169798
69,20172.910109,172207
70,20172.910109,174597
71,20172.910109,176973
72,20172.910109,179352
73,20172.910109,181743
74,20172.910109,184139
75,20172.910109,186535
76,20172.910109,188911
77,20172.910109,191287
78,20172.910109,193663
79,20172.910109,196039
80,20172.910109,198415
81,20172.910109,200791
82,20172.910109,203167
83,20172.910109,205543
84,20172.910109,207919
85,20172.910109,210295
86,20172.910109,212671
87,20172.910109,215047
88,20172.910109,217423
89,20172.910109,219799
90,20172.910109,222175
91,20172.910109,224551
92,20172.910109,226927
93,20172.910109,229303
94,20172.910109,231679
95,20172.910109,234055
96,20172.910109,236431
97,20172.910109,238807
98,20172.910109,241183
99,20172.910109,243559
100,20172.910109,245935
101,20172.910109,248311
102,20172.910109,250687
103,20172.910109,253063
104,20172.910109,255439
105,20172.910109,257815
106,20172.910109,260191
107,20172.910109,262567
108,20172.910109,264951
109,20172.910109,267342
110,20172.910109,269718
111,20172.910109,272094
112,20172.910109,274470
113,20172.910109,276846
114,20172.910109,279222
115,20172.910109,281598
116,20172.910109,283974
117,20172.910109,286350
118,20172.910109,288726
119,20172.910109,291102
120,20172.910109,293478
121,20172.910109,295854
122,20172.910109,298230
123,20172.910109,300606
124,20172.910109,302982
125,20172.910109,305358
126,20172.910109,307734
127,20172.910109,310110
128,20172.910109,312486
129,20172.910109,314862
130,20172.910109,317238
131,20172.910109,319614
132,20172.910109,321990
133,20172.910109,324366
134,20172.910109,326742
135,20172.910109,329118
136,20172.910109,331494
137,20172.910109,333870
138,20172.910109,336246
139,20172.910109,338622
140,20172.910109,340998
141,20172.910109,343374
142,20172.910109,345750
143,20172.910109,348126
144,20172.910109,350502
145,20172.910109,352878
146,20172.910109,355255
147,20172.910109,357640
148,20172.910109,360026
149,20172.910109,362412
150,20172.910109,364798
151,20172.910109,367174
152,20172.910109,369550
153,20172.910109,371926
154,20172.910109,374302
155,20172.910109,376678
156,20172.910109,379054
157,20172.910109,381430
158,20172.910109,383806
159,20172.910109,386182
160,20172.910109,388558
161,20172.910109,390934
162,20172.910109,393310
163,20172.910109,395686
164,20172.910109,398062
165,20172.910109,400438
166,20172.910109,402814
167,20172.910109,405190
168,20172.910109,407566
169,20172.910109,409942
170,20172.910109,412318
171,20172.910109,414694
172,20172.910109,417070
173,20172.910109,419446
174,20172.910109,421822
175,20172.910109,424198
176,20172.910109,426574
177,20172.910109,428950
178,20172.910109,431326
179,20172.910109,433702
180,20172.910109,436078
181,20172.910109,438454
182,20172.910109,440831
183,20172.910109,443211
184,20172.910109,445596
185,20172.910109,447981
186,20172.910109,450366
187,20172.910109,452742
188,20172.910109,455118
189,20172.910109,457494
190,20172.910109,459870
191,20172.910109,462246
192,20172.910109,464622
193,20172.910109,466998
194,20172.910109,469374
195,20172.910109,471750
196,20172.910109,474126
197,20172.910109,476502
198,20172.910109,478881
199,20172.910109,481271
200,20172.910109,483663
201,20172.910109,486039
202,20172.910109,488415
203,20172.910109,490791
204,20172.910109,493167
205,20172.910109,495543
206,20172.910109,497920
207,20172.910109,500305
208,20172.910109,502681
209,20172.910109,505057
210,20172.910109,507433
211,20172.910109,509809
212,20172.910109,512185
213,20172.910109,514561
214,20172.910109,516937
215,20172.910109,519313
216,20172.910109,521689
217,20172.910109,524065
218,20172.910109,526441
219,20172.910109,528817
220,20172.910109,531193
221,20172.910109,533569
222,20172.910109,535945
223,20172.910109,538321
224,20172.910109,540697
225,20172.910109,543073
226,20172.910109,545450
227,20172.910109,547839
228,20172.910109,550229
229,20172.910109,552605
230,20172.910109,554981
231,20172.910109,557357
232,20172.910109,559733
233,20172.910109,562109
234,20172.910109,564488
235,20172.910109,566876
236,20172.910109,569268
237,20172.910109,571659
238,20172.910109,574051
239,20172.910109,576427
240,20172.910109,578803
241,20172.910109,581179
242,20172.910109,583555
243,20172.910109,585931
244,20172.910109,588307
245,20172.910109,590683
246,20172.910109,593059
247,20172.910109,595435
248,20172.910109,597811
249,20172.910109,600187
250,20172.910109,602563
251,20172.910109,604939
252,20172.910109,607315
253,20172.910109,609691
254,20172.910109,612067
255,20172.910109,614443
256,20172.910109,616822
257,20172.910109,619210
258,20172.910109,621601
259,20172.910109,623977
260,20172.910109,626353
261,20172.910109,628729
262,20172.910109,631105
263,20172.910109,633481
264,20172.910109,635857
265,20172.910109,638234
266,20172.910109,640616
267,20172.910109,642992
268,20172.910109,645368
269,20172.910109,647744
270,20172.910109,650123
271,20172.910109,652509
272,20172.910109,654895
273,20172.910109,657281
274,20172.910109,659667
275,20172.910109,662053
276,20172.910109,664429
277,20172.910109,666805
278,20172.910109,669181
279,20172.910109,671557
280,20172.910109,673933
281,20172.910109,676309
282,20172.910109,678689
283,20172.910109,681079
284,20172.910109,683467
285,20172.910109,685843
286,20172.910109,688219
287,20172.910109,690595
288,20172.910109,692971
289,20172.910109,695347
290,20172.910109,697723
291,20172.910109,700099
292,20172.910109,702475
293,20172.910109,704851
294,20172.910109,707227
295,20172.910109,709603
296,20172.910109,711979
20172.910109,44.523082
