1,62356.253434,2376
2,62097.658846,5041
3,62038.592434,7706
4,62037.953821,10371
5,62037.953821,13035
6,62037.953821,15695
7,62037.953821,18354
8,62037.953821,21013
9,62037.953821,23675
10,62037.953821,26335
11,62037.953821,28995
12,62037.953821,31653
13,62037.953821,34308
14,62037.953821,36963
15,62037.953821,39616
16,62037.953821,42273
17,62037.953821,44929
18,62037.953821,47582
19,62037.953821,50232
20,62037.953821,52888
21,62037.953821,55539
22,62037.953821,58203
23,62037.953821,60861
24,62037.953821,63522
25,62037.953821,66180
26,62037.953821,68841
27,62037.953821,71501
28,62037.953821,74160
29,62037.953821,76811
30,62037.953821,79471
31,62037.953821,82125
32,62037.953821,84781
33,62037.953821,87435
34,62037.953821,90095
35,62037.953821,92744
36,62037.953821,95402
37,62037.953821,98055
38,62037.953821,100713
39,62037.953821,103363
40,62037.953821,106019
41,62037.953821,108665
42,62037.953821,111327
43,62037.953821,113982
44,62037.953821,116633
45,62037.953821,119287
46,62037.953821,121945
47,62037.953821,124597
48,62037.953821,127256
49,62037.953821,129907
50,62037.953821,132561
51,62037.953821,135208
52,62037.953821,137863
53,62037.953821,140517
54,62037.953821,143176
55,62037.953821,145832
56,62037.953821,148488
57,62037.953821,151136
58,62037.953821,153785
59,62037.953821,156429
60,62037.953821,159090
61,62037.953821,161730
62,62037.953821,164385
63,62037.953821,167041
64,62037.953821,169702
65,62037.953821,172352
66,62037.953821,175004
67,62037.953821,177657
68,62037.953821,180313
69,62037.953821,182959
70,62037.953821,185618
71,62037.953821,188271
72,62037.953821,190929
73,62037.953821,193573
74,62037.953821,196230
75,62037.953821,198885
76,62037.953821,201545
77,62037.953821,204195
78,62037.953821,206852
79,62037.953821,209493
80,62037.953821,212144
81,62037.953821,214801
82,62037.953821,217460
83,62037.953821,220104
84,62037.953821,222761
85,62037.953821,225417
86,62037.953821,228078
87,62037.953821,230717
88,62037.953821,233375
89,62037.953821,236015
90,62037.953821,238675
91,62037.953821,241324
92,62037.953821,243986
93,62037.953821,246634
94,62037.953821,249295
95,62037.953821,251942
96,62037.953821,254601
97,62037.953821,257259
98,62037.953821,259915
99,62037.953821,262567
100,62037.953821,265226
101,62037.953821,267874
102,62037.953821,270531
103,62037.953821,273187
104,62037.953821,275842
105,62037.953821,278492
106,62037.953821,281153
107,62037.953821,283796
108,62037.953821,286456
109,62037.953821,289109
110,62037.953821,291764
111,62037.953821,294406
112,62037.953821,297065
113,62037.953821,299713
114,62037.953821,302370
115,62037.953821,305024
116,62037.953821,307682
117,62037.953821,310335
118,62037.953821,312996
119,62037.953821,315646
120,62037.953821,318296
121,62037.953821,320952
122,62037.953821,323608
123,62037.953821,326261
124,62037.953821,328914
125,62037.953821,331573
126,62037.953821,334229
127,62037.953821,336879
128,62037.953821,339539
129,62037.953821,342185
130,62037.953821,344842
131,62037.953821,347494
132,62037.953821,350154
133,62037.953821,352799
134,62037.953821,355460
135,62037.953821,358115
136,62037.953821,360773
137,62037.953821,363419
138,62037.953821,366075
139,62037.953821,368723
140,62037.953821,371385
141,62037.953821,374034
142,62037.953821,376691
143,62037.953821,379346
144,62037.953821,382001
145,62037.953821,384652
146,62037.953821,387307
147,62037.953821,389955
148,62037.953821,392613
149,62037.953821,395261
150,62037.953821,397913
151,62037.953821,400566
152,62037.953821,403227
153,62037.953821,405881
154,62037.953821,408541
155,62037.953821,411189
156,62037.953821,413843
157,62037.953821,416489
158,62037.953821,419151
159,62037.953821,421810
160,62037.953821,424473
161,62037.953821,427128
162,62037.953821,429785
163,62037.953821,432438
164,62037.953821,435095
165,62037.953821,437749
166,62037.953821,440401
167,62037.953821,443054
168,62037.953821,445710
169,62037.953821,448365
170,62037.953821,451020
171,62037.953821,453668
172,62037.953821,456318
173,62037.953821,458970
174,62037.953821,461625
175,62037.953821,464275
176,62037.953821,466934
177,62037.953821,469591
178,62037.953821,472248
179,62037.953821,474896
180,62037.953821,477551
181,62037.953821,480206
182,62037.953821,482866
183,62037.953821,485517
184,62037.953821,488174
185,62037.953821,490816
186,62037.953821,493471
187,62037.953821,496115
188,62037.953821,498774
189,62037.953821,501428
190,62037.953821,504084
191,62037.953821,506732
192,62037.953821,509386
193,62037.953821,512036
194,62037.953821,514697
195,62037.953821,517339
196,62037.953821,519998
197,62037.953821,522642
198,62037.953821,525296
199,62037.953821,527942
200,62037.953821,530599
201,62037.953821,533252
202,62037.953821,535911
203,62037.953821,538559
204,62037.953821,541217
205,62037.953821,543867
206,62037.953821,546529
207,62037.953821,549184
208,62037.953821,551844
209,62037.953821,554502
210,62037.953821,557159
211,62037.953821,559808
212,62037.953821,562466
213,62037.953821,565122
214,62037.953821,567781
215,62037.953821,570431
216,62037.953821,573093
217,62037.953821,575746
218,62037.953821,578401
219,62037.953821,581055
220,62037.953821,583715
221,62037.953821,586368
222,62037.953821,589030
223,62037.953821,591674
224,62037.953821,594332
225,62037.953821,596987
226,62037.953821,599644
227,62037.953821,602299
228,62037.953821,604963
229,62037.953821,607616
230,62037.953821,610272
231,62037.953821,612918
232,62037.953821,615574
233,62037.953821,618214
234,62037.953821,620868
235,62037.953821,623511
236,62037.953821,626164
237,62037.953821,628813
238,62037.953821,631472
239,62037.953821,634126
240,62037.953821,636786
241,62037.953821,639434
242,62037.953821,642092
243,62037.953821,644748
244,62037.953821,647407
245,62037.953821,650063
246,62037.953821,652721
247,62037.953821,655370
248,62037.953821,658017
249,62037.953821,660662
250,62037.953821,663325
251,62037.953821,665981
252,62037.953821,668635
253,62037.953821,671281
254,62037.953821,673936
255,62037.953821,676586
256,62037.953821,679248
257,62037.953821,681896
258,62037.953821,684559
259,62037.953821,687208
260,62037.953821,689869
261,62037.953821,692519
262,62037.953821,695175
263,62037.953821,697825
264,62037.953821,700480
265,62037.953821,703127
266,62037.953821,705789
267,62037.953821,708449
268,62037.953821,711110
269,62037.953821,713764
270,62037.953821,716425
271,62037.953821,719080
272,62037.953821,721741
273,62037.953821,724397
274,62037.953821,727057
275,62037.953821,729709
276,62037.953821,732369
277,62037.953821,735018
278,62037.953821,737678
279,62037.953821,740328
280,62037.953821,742983
281,62037.953821,745639
282,62037.953821,748297
283,62037.953821,750947
284,62037.953821,753610
285,62037.953821,756263
286,62037.953821,758922
287,62037.953821,761571
288,62037.953821,764232
289,62037.953821,766885
290,62037.953821,769540
291,62037.953821,772193
292,62037.953821,774855
293,62037.953821,777509
294,62037.953821,780161
295,62037.953821,782818
296,62037.953821,785471
297,62037.953821,788122
298,62037.953821,790781
299,62037.953821,793426
300,62037.953821,796084
301,62037.953821,798738
302,62037.953821,801396
303,62037.953821,804041
304,62037.953821,806690
305,62037.953821,809336
62037.953821,4.524256
1,62272.764351,2376
2,62075.667901,5016
3,62039.011722,7656
4,62037.953821,10295
5,62037.953821,12935
6,62037.953821,15573
7,62036.936198,18209
8,62036.936198,20848
9,62036.936198,23482
10,62036.936198,26116
11,62036.936198,28751
12,62036.936198,31386
13,62036.936198,34013
14,62036.936198,36650
15,62036.936198,39284
16,62036.936198,41923
17,62036.936198,44558
18,62036.936198,47191
19,62036.936198,49823
20,62036.936198,52460
21,62036.936198,55095
22,62036.936198,57729
23,62036.936198,60362
24,62036.936198,62999
25,62036.936198,65637
26,62036.936198,68272
27,62036.936198,70911
28,62036.936198,73549
29,62036.936198,76187
30,62036.936198,78827
31,62036.936198,81465
32,62036.936198,84100
33,62036.936198,86736
34,62036.936198,89372
35,62036.936198,92011
36,62036.936198,94650
37,62036.936198,97288
38,62036.936198,99925
39,62036.936198,102560
40,62036.936198,105198
41,62036.936198,107836
42,62036.936198,110474
43,62036.936198,113110
44,62036.936198,115748
45,62036.936198,118383
46,62036.936198,121021
47,62036.936198,123653
48,62036.936198,126293
49,62036.936198,128930
50,62036.936198,131567
51,62036.936198,134203
52,62036.936198,136841
53,62036.936198,139477
54,62036.936198,142114
55,62036.936198,144746
56,62036.936198,147384
57,62036.936198,150015
58,62036.936198,152653
59,62036.936198,155282
60,62036.936198,157919
61,62036.936198,160546
62,62036.936198,163179
63,62036.936198,165815
64,62036.936198,168452
65,62036.936198,171087
66,62036.936198,173721
67,62036.936198,176355
68,62036.936198,178995
69,62036.936198,181625
70,62036.936198,184256
71,62036.936198,186885
72,62036.936198,189520
73,62036.936198,192150
74,62036.936198,194781
75,62036.936198,197412
76,62036.936198,200045
77,62036.936198,202677
78,62036.936198,205308
79,62036.936198,207937
80,62036.936198,210572
81,62036.936198,213208
82,62036.936198,215844
83,62036.936198,218477
84,62036.936198,221111
85,62036.936198,223741
86,62036.936198,226379
87,62036.936198,229015
88,62036.936198,231652
89,62036.936198,234287
90,62036.936198,236924
91,62036.936198,239559
92,62036.936198,242192
93,62036.936198,244827
94,62036.936198,247463
95,62036.936198,250101
96,62036.936198,252738
97,62036.936198,255374
98,62036.936198,258009
99,62036.936198,260645
100,62036.936198,263284
101,62036.936198,265919
102,62036.936198,268551
103,62036.936198,271181
104,62036.936198,273818
105,62036.936198,276451
106,62036.936198,279085
107,62036.936198,281714
108,62036.936198,284347
109,62036.936198,286979
110,62036.936198,289615
111,62036.936198,292249
112,62036.936198,294883
113,62036.936198,297516
114,62036.936198,300151
115,62036.936198,302781
116,62036.936198,305415
117,62036.936198,308044
118,62036.936198,310674
119,62036.936198,313306
120,62036.936198,315936
121,62036.936198,318562
122,62036.936198,321196
123,62036.936198,323826
124,62036.936198,326460
125,62036.936198,329086
126,62036.936198,331720
127,62036.936198,334355
128,62036.936198,336995
129,62036.936198,339630
130,62036.936198,342266
131,62036.936198,344892
132,62036.936198,347522
133,62036.936198,350151
134,62036.936198,352786
135,62036.936198,355410
136,62036.936198,358041
137,62036.936198,360676
138,62036.936198,363311
139,62036.936198,365947
140,62036.936198,368584
141,62036.936198,371212
142,62036.936198,373847
143,62036.936198,376476
144,62036.936198,379108
145,62036.936198,381734
146,62036.936198,384372
147,62036.936198,387006
148,62036.936198,389641
149,62036.936198,392266
150,62036.936198,394903
151,62036.936198,397534
152,62036.936198,400172
153,62036.936198,402792
154,62036.936198,405424
155,62036.936198,408050
156,62036.936198,410676
157,62036.936198,413308
158,62036.936198,415944
159,62036.936198,418568
160,62036.936198,421201
161,62036.936198,423825
162,62036.936198,426460
163,62036.936198,429085
164,62036.936198,431718
165,62036.936198,434351
166,62036.936198,436980
167,62036.936198,439605
168,62036.936198,442237
169,62036.936198,444868
170,62036.936198,447502
171,62036.936198,450133
172,62036.936198,452759
173,62036.936198,455386
174,62036.936198,458019
175,62036.936198,460645
176,62036.936198,463279
177,62036.936198,465904
178,62036.936198,468540
179,62036.936198,471164
180,62036.936198,473798
181,62036.936198,476422
182,62036.936198,479052
183,62036.936198,481681
184,62036.936198,484313
185,62036.936198,486934
186,62036.936198,489566
187,62036.936198,492188
188,62036.936198,494820
189,62036.936198,497447
190,62036.936198,500076
191,62036.936198,502704
192,62036.936198,505338
193,62036.936198,507968
194,62036.936198,510605
195,62036.936198,513231
196,62036.936198,515861
197,62036.936198,518482
198,62036.936198,521117
199,62036.936198,523742
200,62036.936198,526376
201,62036.936198,529005
202,62036.936198,531638
203,62036.936198,534267
204,62036.936198,536899
205,62036.936198,539531
206,62036.936198,542166
207,62036.936198,544797
208,62036.936198,547436
209,62036.936198,550071
210,62036.936198,552706
211,62036.936198,555335
212,62036.936198,557970
213,62036.936198,560603
214,62036.936198,563238
215,62036.936198,565863
216,62036.936198,568495
217,62036.936198,571122
218,62036.936198,573757
219,62036.936198,576380
220,62036.936198,579009
221,62036.936198,581635
222,62036.936198,584269
223,62036.936198,586884
224,62036.936198,589512
225,62036.936198,592138
226,62036.936198,594769
227,62036.936198,597397
228,62036.936198,600031
229,62036.936198,602655
230,62036.936198,605288
231,62036.936198,607920
232,62036.936198,610555
233,62036.936198,613178
234,62036.936198,615816
235,62036.936198,618444
236,62036.936198,621080
237,62036.936198,623705
238,62036.936198,626339
239,62036.936198,628961
240,62036.936198,631594
241,62036.936198,634221
242,62036.936198,636855
243,62036.936198,639484
244,62036.936198,642117
245,62036.936198,644742
246,62036.936198,647374
247,62036.936198,649998
248,62036.936198,652633
249,62036.936198,655265
250,62036.936198,657903
251,62036.936198,660533
252,62036.936198,663163
253,62036.936198,665790
254,62036.936198,668419
255,62036.936198,671045
256,62036.936198,673676
257,62036.936198,676299
258,62036.936198,678926
259,62036.936198,681554
260,62036.936198,684185
261,62036.936198,686811
262,62036.936198,689448
263,62036.936198,692081
264,62036.936198,694715
265,62036.936198,697345
266,62036.936198,699979
267,62036.936198,702612
268,62036.936198,705243
269,62036.936198,707871
270,62036.936198,710503
271,62036.936198,713118
272,62036.936198,715753
273,62036.936198,718388
274,62036.936198,721024
275,62036.936198,723656
276,62036.936198,726286
277,62036.936198,728913
278,62036.936198,731544
279,62036.936198,734174
280,62036.936198,736807
281,62036.936198,739432
282,62036.936198,742068
283,62036.936198,744688
284,62036.936198,747322
285,62036.936198,749945
286,62036.936198,752577
287,62036.936198,755202
288,62036.936198,757838
289,62036.936198,760468
290,62036.936198,763099
291,62036.936198,765729
292,62036.936198,768365
293,62036.936198,771000
294,62036.936198,773631
295,62036.936198,776255
296,62036.936198,778883
297,62036.936198,781512
298,62036.936198,784146
299,62036.936198,786778
300,62036.936198,789410
301,62036.936198,792041
302,62036.936198,794672
303,62036.936198,797299
304,62036.936198,799933
305,62036.936198,802557
306,62036.936198,805190
307,62036.936198,807801
308,62036.936198,810432
62036.936198,4.519700
1,62201.514112,2376
2,62057.935704,5037
3,62044.090905,7698
4,62040.815642,10359
5,62040.815642,13018
6,62039.011722,15671
7,62038.693210,18330
8,62038.693210,20984
9,62038.693210,23645
10,62038.693210,26304
11,62038.693210,28962
12,62038.693210,31620
13,62038.693210,34280
14,62038.693210,36932
15,62038.693210,39587
16,62038.693210,42245
17,62038.693210,44901
18,62038.693210,47561
19,62038.693210,50219
20,62038.693210,52872
21,62038.693210,55528
22,62038.693210,58185
23,62038.693210,60842
24,62038.693210,63497
25,62038.693210,66155
26,62038.693210,68811
27,62038.693210,71463
28,62038.693210,74122
29,62038.693210,76781
30,62038.693210,79441
31,62038.693210,82095
32,62038.693210,84753
33,62038.693210,87408
34,62038.693210,90065
35,62038.693210,92725
36,62038.693210,95385
37,62038.693210,98042
38,62038.693210,100702
39,62038.693210,103362
40,62038.693210,106019
41,62038.693210,108677
42,62038.693210,111332
43,62038.693210,113989
44,62038.693210,116648
45,62038.693210,119302
46,62038.693210,121958
47,62038.693210,124605
48,62038.693210,127259
49,62038.693210,129910
50,62038.693210,132567
51,62038.693210,135218
52,62038.693210,137872
53,62038.693210,140526
54,62038.693210,143182
55,62038.693210,145834
56,62038.693210,148492
57,62038.693210,151147
58,62038.693210,153804
59,62038.693210,156459
60,62038.693210,159116
61,62038.693210,161775
62,62038.693210,164431
63,62038.693210,167084
64,62038.693210,169741
65,62038.693210,172396
66,62038.693210,175053
67,62038.693210,177704
68,62038.693210,180360
69,62038.693210,183014
70,62038.693210,185671
71,62038.693210,188324
72,62038.693210,190975
73,62038.693210,193631
74,62038.693210,196288
75,62038.693210,198945
76,62038.693210,201601
77,62038.693210,204254
78,62038.693210,206910
79,62038.693210,209567
80,62038.693210,212225
81,62038.693210,214876
82,62038.693210,217530
83,62038.693210,220182
84,62038.693210,222836
85,62038.693210,225485
86,62038.693210,228137
87,62038.693210,230792
88,62038.693210,233448
89,62038.693210,236106
90,62038.693210,238759
91,62038.693210,241411
92,62038.693210,244061
93,62038.693210,246711
94,62038.693210,249368
95,62038.693210,252018
96,62038.693210,254674
97,62038.693210,257328
98,62038.693210,259980
99,62038.693210,262639
100,62038.693210,265285
101,62038.693210,267939
102,62038.693210,270594
103,62038.693210,273244
104,62038.693210,275897
105,62038.693210,278548
106,62038.693210,281206
107,62038.693210,283860
108,62038.693210,286516
109,62038.693210,289165
110,62038.693210,291822
111,62038.693210,294472
112,62038.693210,297125
113,62038.693210,299776
114,62038.693210,302430
115,62038.693210,305086
116,62038.693210,307737
117,62038.693210,310391
118,62038.693210,313043
119,62038.693210,315692
120,62038.693210,318346
121,62038.693210,320998
122,62038.693210,323644
123,62038.693210,326295
124,62038.693210,328954
125,62038.693210,331605
126,62038.693210,334255
127,62038.693210,336906
128,62038.693210,339556
129,62038.693210,342200
130,62038.693210,344857
131,62038.693210,347512
132,62038.693210,350168
133,62038.693210,352819
134,62038.693210,355475
135,62038.693210,358131
136,62038.693210,360786
137,62038.693210,363439
138,62038.693210,366092
139,62038.693210,368746
140,62038.693210,371394
141,62038.693210,374043
142,62038.693210,376688
143,62038.693210,379333
144,62038.693210,381986
145,62038.693210,384632
146,62038.693210,387281
147,62038.693210,389937
148,62038.693210,392587
149,62038.693210,395240
150,62038.693210,397897
151,62038.693210,400553
152,62038.693210,403205
153,62038.693210,405853
154,62038.693210,408504
155,62038.693210,411149
156,62038.693210,413802
157,62038.693210,416453
158,62038.693210,419102
159,62038.693210,421752
160,62038.693210,424411
161,62038.693210,427061
162,62038.693210,429714
163,62038.693210,432367
164,62038.693210,435021
165,62038.693210,437675
166,62038.693210,440321
167,62038.693210,442975
168,62038.693210,445633
169,62038.693210,448281
170,62038.693210,450935
171,62038.693210,453589
172,62038.693210,456246
173,62038.693210,458898
174,62038.693210,461555
175,62038.693210,464208
176,62038.693210,466860
177,62038.693210,469507
178,62038.693210,472164
179,62038.693210,474814
180,62038.693210,477467
181,62038.693210,480114
182,62038.693210,482770
183,62038.693210,485424
184,62038.693210,488084
185,62038.693210,490735
186,62038.693210,493386
187,62038.693210,496042
188,62038.693210,498684
189,62038.693210,501327
190,62038.693210,503978
191,62038.693210,506624
192,62038.693210,509277
193,62038.693210,511926
194,62038.693210,514570
195,62038.693210,517223
196,62038.693210,519879
197,62038.693210,522533
198,62038.693210,525184
199,62038.693210,527833
200,62038.693210,530487
201,62038.693210,533136
202,62038.693210,535784
203,62038.693210,538430
204,62038.693210,541084
205,62038.693210,543736
206,62038.693210,546381
207,62038.693210,549029
208,62038.693210,551681
209,62038.693210,554333
210,62038.693210,556987
211,62038.693210,559638
212,62038.693210,562295
213,62038.693210,564950
214,62038.693210,567600
215,62038.693210,570254
216,62038.693210,572908
217,62038.693210,575565
218,62038.693210,578220
219,62038.693210,580861
220,62038.693210,583516
221,62038.693210,586166
222,62038.693210,588818
223,62038.693210,591467
224,62038.693210,594125
225,62038.693210,596777
226,62038.693210,599432
227,62038.693210,602087
228,62038.693210,604729
229,62038.693210,607379
230,62038.693210,610033
231,62038.693210,612685
232,62038.693210,615341
233,62038.693210,617995
234,62038.693210,620649
235,62038.693210,623297
236,62038.693210,625947
237,62038.693210,628594
238,62038.693210,631247
239,62038.693210,633898
240,62038.693210,636551
241,62038.693210,639208
242,62038.693210,641859
243,62038.693210,644510
244,62038.693210,647160
245,62038.693210,649809
246,62038.693210,652461
247,62038.693210,655110
248,62038.693210,657768
249,62038.693210,660423
250,62038.693210,663075
251,62038.693210,665730
252,62038.693210,668384
253,62038.693210,671036
254,62038.693210,673680
255,62038.693210,676332
256,62038.693210,678984
257,62038.693210,681634
258,62038.693210,684288
259,62038.693210,686937
260,62038.693210,689588
261,62038.693210,692242
262,62038.693210,694895
263,62038.693210,697551
264,62038.693210,700209
265,62038.693210,702853
266,62038.693210,705509
267,62038.693210,708164
268,62038.693210,710815
269,62038.693210,713467
270,62038.693210,716117
271,62038.693210,718768
272,62038.693210,721418
273,62038.693210,724069
274,62038.693210,726728
275,62038.693210,729381
276,62038.693210,732037
277,62038.693210,734689
278,62038.693210,737343
279,62038.693210,739997
280,62038.693210,742653
281,62038.693210,745304
282,62038.693210,747947
283,62038.693210,750594
284,62038.693210,753241
285,62038.693210,755896
286,62038.693210,758548
287,62038.693210,761202
288,62038.693210,763857
289,62038.693210,766509
290,62038.693210,769163
291,62038.693210,771816
292,62038.693210,774465
293,62038.693210,777115
294,62038.693210,779767
295,62038.693210,782418
296,62038.693210,785070
297,62038.693210,787720
298,62038.693210,790373
299,62038.693210,793026
300,62038.693210,795676
301,62038.693210,798319
302,62038.693210,800972
303,62038.693210,803627
304,62038.693210,806277
305,62038.693210,808927
306,62038.693210,811580
62038.693210,4.499896
1,62243.570715,2376
2,62066.256810,5034
3,62041.387866,7692
4,62039.095692,10350
5,62039.095692,13006
6,62039.095692,15659
7,62039.095692,18311
8,62039.095692,20963
9,62039.095692,23619
10,62039.095692,26272
11,62039.095692,28922
12,62039.095692,31577
13,62039.095692,34234
14,62039.095692,36887
15,62039.095692,39541
16,62039.095692,42198
17,62039.095692,44853
18,62039.095692,47511
19,62039.095692,50168
20,62039.095692,52823
21,62039.095692,55479
22,62037.197775,58136
23,62037.197775,60792
24,62037.197775,63447
25,62037.197775,66097
26,62037.197775,68754
27,62037.197775,71410
28,62037.197775,74068
29,62037.197775,76724
30,62037.197775,79377
31,62037.197775,82032
32,62037.197775,84687
33,62037.197775,87340
34,62037.197775,89996
35,62037.197775,92654
36,62037.197775,95308
37,62037.197775,97965
38,62037.197775,100623
39,62037.197775,103276
40,62037.197775,105930
41,62037.197775,108583
42,62037.197775,111239
43,62037.197775,113890
44,62037.197775,116541
45,62037.197775,119189
46,62037.197775,121840
47,62037.197775,124487
48,62037.197775,127139
49,62037.197775,129781
50,62037.197775,132434
51,62037.197775,135083
52,62037.197775,137737
53,62037.197775,140383
54,62037.197775,143035
55,62037.197775,145692
56,62037.197775,148347
57,62037.197775,150992
58,62037.197775,153644
59,62037.197775,156295
60,62037.197775,158953
61,62037.197775,161608
62,62037.197775,164265
63,62037.197775,166918
64,62037.197775,169571
65,62037.197775,172229
66,62037.197775,174884
67,62037.197775,177539
68,62037.197775,180195
69,62037.197775,182850
70,62037.197775,185505
71,62037.197775,188157
72,62036.936198,190814
73,62036.936198,193464
74,62036.936198,196120
75,62036.936198,198773
76,62036.936198,201428
77,62036.936198,204084
78,62036.936198,206739
79,62036.936198,209389
80,62036.936198,212043
81,62036.936198,214696
82,62036.936198,217352
83,62036.936198,220003
84,62036.936198,222656
85,62036.936198,225309
86,62036.936198,227959
87,62036.936198,230608
88,62036.936198,233260
89,62036.936198,235913
90,62036.936198,238568
91,62036.936198,241223
92,62036.936198,243873
93,62036.936198,246526
94,62036.936198,249182
95,62036.936198,251837
96,62036.936198,254493
97,62036.936198,257148
98,62036.936198,259805
99,62036.936198,262461
100,62036.936198,265111
101,62036.936198,267763
102,62036.936198,270414
103,62036.936198,273065
104,62036.936198,275719
105,62036.936198,278366
106,62036.936198,281014
107,62036.936198,283661
108,62036.936198,286313
109,62036.936198,288966
110,62036.936198,291617
111,62036.936198,294264
112,62036.936198,296913
113,62036.936198,299565
114,62036.936198,302220
115,62036.936198,304873
116,62036.936198,307528
117,62036.936198,310178
118,62036.936198,312831
119,62036.936198,315480
120,62036.936198,318131
121,62036.936198,320782
122,62036.936198,323436
123,62036.936198,326077
124,62036.936198,328730
125,62036.936198,331380
126,62036.936198,334032
127,62036.936198,336670
128,62036.936198,339322
129,62036.936198,341966
130,62036.936198,344617
131,62036.936198,347255
132,62036.936198,349909
133,62036.936198,352553
134,62036.936198,355205
135,62036.936198,357853
136,62036.936198,360506
137,62036.936198,363154
138,62036.936198,365800
139,62036.936198,368440
140,62036.936198,371087
141,62036.936198,373734
142,62036.936198,376389
143,62036.936198,379036
144,62036.936198,381688
145,62036.936198,384331
146,62036.936198,386982
147,62036.936198,389628
148,62036.936198,392285
149,62036.936198,394929
150,62036.936198,397581
151,62036.936198,400221
152,62036.936198,402871
153,62036.936198,405521
154,62036.936198,408174
155,62036.936198,410818
156,62036.936198,413470
157,62036.936198,416112
158,62036.936198,418765
159,62036.936198,421406
160,62036.936198,424060
161,62036.936198,426710
162,62036.936198,429360
163,62036.936198,432001
164,62036.936198,434655
165,62036.936198,437299
166,62036.936198,439947
167,62036.936198,442590
168,62036.936198,445242
169,62036.936198,447885
170,62036.936198,450536
171,62036.936198,453180
172,62036.936198,455832
173,62036.936198,458473
174,62036.936198,461124
175,62036.936198,463771
176,62036.936198,466422
177,62036.936198,469067
178,62036.936198,471719
179,62036.936198,474365
180,62036.936198,477010
181,62036.936198,479661
182,62036.936198,482315
183,62036.936198,484960
184,62036.936198,487609
185,62036.936198,490256
186,62036.936198,492911
187,62036.936198,495562
188,62036.936198,498216
189,62036.936198,500863
190,62036.936198,503515
191,62036.936198,506160
192,62036.936198,508813
193,62036.936198,511464
194,62036.936198,514115
195,62036.936198,516762
196,62036.936198,519413
197,62036.936198,522062
198,62036.936198,524715
199,62036.936198,527348
200,62036.936198,530001
201,62036.936198,532650
202,62036.936198,535302
203,62036.936198,537944
204,62036.936198,540593
205,62036.936198,543239
206,62036.936198,545891
207,62036.936198,548536
208,62036.936198,551175
209,62036.936198,553824
210,62036.936198,556480
211,62036.936198,559125
212,62036.936198,561777
213,62036.936198,564424
214,62036.936198,567073
215,62036.936198,569723
216,62036.936198,572373
217,62036.936198,575015
218,62036.936198,577665
219,62036.936198,580307
220,62036.936198,582952
221,62036.936198,585584
222,62036.936198,588238
223,62036.936198,590886
224,62036.936198,593535
225,62036.936198,596180
226,62036.936198,598833
227,62036.936198,601474
228,62036.936198,604126
229,62036.936198,606777
230,62036.936198,609429
231,62036.936198,612077
232,62036.936198,614729
233,62036.936198,617377
234,62036.936198,620030
235,62036.936198,622676
236,62036.936198,625330
237,62036.936198,627980
238,62036.936198,630628
239,62036.936198,633269
240,62036.936198,635918
241,62036.936198,638568
242,62036.936198,641214
243,62036.936198,643861
244,62036.936198,646501
245,62036.936198,649143
246,62036.936198,651798
247,62036.936198,654449
248,62036.936198,657100
249,62036.936198,659745
250,62036.936198,662399
251,62036.936198,665048
252,62036.936198,667696
253,62036.936198,670343
254,62036.936198,672993
255,62036.936198,675640
256,62036.936198,678289
257,62036.936198,680932
258,62036.936198,683585
259,62036.936198,686229
260,62036.936198,688881
261,62036.936198,691530
262,62036.936198,694184
263,62036.936198,696830
264,62036.936198,699479
265,62036.936198,702128
266,62036.936198,704779
267,62036.936198,707428
268,62036.936198,710077
269,62036.936198,712723
270,62036.936198,715374
271,62036.936198,718022
272,62036.936198,720670
273,62036.936198,723317
274,62036.936198,725967
275,62036.936198,728603
276,62036.936198,731248
277,62036.936198,733898
278,62036.936198,736554
279,62036.936198,739202
280,62036.936198,741853
281,62036.936198,744501
282,62036.936198,747152
283,62036.936198,749801
284,62036.936198,752454
285,62036.936198,755105
286,62036.936198,757757
287,62036.936198,760403
288,62036.936198,763052
289,62036.936198,765697
290,62036.936198,768351
291,62036.936198,770996
292,62036.936198,773635
293,62036.936198,776285
294,62036.936198,778934
295,62036.936198,781576
296,62036.936198,784226
297,62036.936198,786876
298,62036.936198,789528
299,62036.936198,792172
300,62036.936198,794824
301,62036.936198,797469
302,62036.936198,800121
303,62036.936198,802763
304,62036.936198,805413
305,62036.936198,808058
306,62036.936198,810708
62036.936198,4.622962
1,62248.677192,2376
2,62054.476957,5000
3,62043.588029,7624
4,62040.654168,10248
5,62040.024449,12872
6,62040.024449,15493
7,62040.024449,18109
8,62040.024449,20722
9,62040.024449,23343
10,62040.024449,25966
11,62040.024449,28588
12,62040.024449,31210
13,62040.024449,33834
14,62037.197775,36454
15,62037.197775,39075
16,62037.197775,41699
17,62037.197775,44321
18,62037.197775,46942
19,62037.197775,49561
20,62037.197775,52182
21,62037.197775,54802
22,62037.197775,57422
23,62037.197775,60041
24,62037.197775,62659
25,62037.197775,65281
26,62037.197775,67902
27,62037.197775,70521
28,62037.197775,73145
29,62037.197775,75767
30,62037.197775,78389
31,62037.197775,81005
32,62037.197775,83625
33,62037.197775,86245
34,62037.197775,88862
35,62037.197775,91479
36,62037.197775,94100
37,62037.197775,96719
38,62037.197775,99338
39,62037.197775,101952
40,62037.197775,104572
41,62037.197775,107193
42,62037.197775,109814
43,62037.197775,112426
44,62037.197775,115046
45,62037.197775,117668
46,62037.197775,120290
47,62037.197775,122910
48,62037.197775,125532
49,62037.197775,128153
50,62037.197775,130772
51,62037.197775,133390
52,62037.197775,136010
53,62037.197775,138630
54,62037.197775,141250
55,62037.197775,143872
56,62037.197775,146495
57,62037.197775,149117
58,62037.197775,151739
59,62037.197775,154358
60,62037.197775,156979
61,62037.197775,159601
62,62037.197775,162223
63,62037.197775,164844
64,62037.197775,167467
65,62037.197775,170090
66,62037.197775,172710
67,62037.197775,175331
68,62037.197775,177950
69,62037.197775,180570
70,62037.197775,183193
71,62037.197775,185814
72,62037.197775,188435
73,62037.197775,191056
74,62037.197775,193676
75,62037.197775,196294
76,62037.197775,198916
77,62037.197775,201535
78,62037.197775,204154
79,62037.197775,206773
80,62037.197775,209395
81,62037.197775,212013
82,62037.197775,214635
83,62037.197775,217252
84,62037.197775,219873
85,62037.197775,222494
86,62037.197775,225110
87,62037.197775,227724
88,62037.197775,230340
89,62037.197775,232957
90,62037.197775,235575
91,62037.197775,238182
92,62037.197775,240802
93,62037.197775,243417
94,62037.197775,246035
95,62037.197775,248647
96,62037.197775,251266
97,62037.197775,253872
98,62037.197775,256495
99,62037.197775,259110
100,62037.197775,261726
101,62037.197775,264341
102,62037.197775,266956
103,62037.197775,269565
104,62037.197775,272180
105,62037.197775,274781
106,62037.197775,277399
107,62037.197775,280010
108,62037.197775,282631
109,62037.197775,285249
110,62037.197775,287865
111,62037.197775,290472
112,62037.197775,293087
113,62037.197775,295701
114,62037.197775,298319
115,62037.197775,300936
116,62037.197775,303558
117,62037.197775,306165
118,62037.197775,308780
119,62037.197775,311396
120,62037.197775,314003
121,62037.197775,316612
122,62037.197775,319228
123,62037.197775,321840
124,62037.197775,324458
125,62037.197775,327077
126,62037.197775,329695
127,62037.197775,332305
128,62037.197775,334926
129,62037.197775,337538
130,62037.197775,340156
131,62037.197775,342769
132,62037.197775,345392
133,62037.197775,348004
134,62037.197775,350617
135,62037.197775,353233
136,62037.197775,355852
137,62037.197775,358469
138,62037.197775,361092
139,62037.197775,363705
140,62037.197775,366323
141,62037.197775,368934
142,62037.197775,371553
143,62037.197775,374158
144,62037.197775,376777
145,62037.197775,379393
146,62037.197775,382011
147,62037.197775,384625
148,62037.197775,387246
149,62037.197775,389864
150,62037.197775,392479
151,62037.197775,395098
152,62037.197775,397716
153,62037.197775,400328
154,62037.197775,402944
155,62037.197775,405563
156,62037.197775,408183
157,62037.197775,410794
158,62037.197775,413412
159,62037.197775,416025
160,62037.197775,418643
161,62037.197775,421259
162,62037.197775,423880
163,62037.197775,426491
164,62037.197775,429108
165,62037.197775,431718
166,62037.197775,434336
167,62037.197775,436948
168,62037.197775,439569
169,62037.197775,442178
170,62037.197775,444796
171,62037.197775,447411
172,62037.197775,450031
173,62037.197775,452648
174,62037.197775,455262
175,62037.197775,457871
176,62037.197775,460494
177,62037.197775,463113
178,62037.197775,465732
179,62037.197775,468345
180,62037.197775,470963
181,62037.197775,473573
182,62037.197775,476193
183,62037.197775,478806
184,62037.197775,481423
185,62037.197775,484037
186,62037.197775,486651
187,62037.197775,489261
188,62037.197775,491882
189,62037.197775,494498
190,62037.197775,497112
191,62037.197775,499730
192,62037.197775,502349
193,62037.197775,504958
194,62037.197775,507570
195,62037.197775,510189
196,62037.197775,512805
197,62037.197775,515422
198,62037.197775,518038
199,62037.197775,520644
200,62037.197775,523260
201,62037.197775,525868
202,62037.197775,528483
203,62037.197775,531097
204,62037.197775,533715
205,62037.197775,536324
206,62037.197775,538944
207,62037.197775,541562
208,62037.197775,544183
209,62037.197775,546791
210,62037.197775,549413
211,62037.197775,552027
212,62037.197775,554644
213,62037.197775,557254
214,62037.197775,559875
215,62037.197775,562492
216,62037.197775,565110
217,62037.197775,567721
218,62037.197775,570340
219,62037.197775,572956
220,62037.197775,575577
221,62037.197775,578193
222,62037.197775,580813
223,62037.197775,583425
224,62037.197775,586037
225,62037.197775,588653
226,62037.197775,591269
227,62037.197775,593883
228,62037.197775,596500
229,62037.197775,599115
230,62037.197775,601739
231,62037.197775,604352
232,62037.197775,606973
233,62037.197775,609585
234,62037.197775,612205
235,62037.197775,614822
236,62037.197775,617436
237,62037.197775,620048
238,62037.197775,622663
239,62037.197775,625267
240,62037.197775,627885
241,62037.197775,630498
242,62037.197775,633117
243,62037.197775,635732
244,62037.197775,638353
245,62037.197775,640970
246,62037.197775,643588
247,62037.197775,646195
248,62037.197775,648807
249,62037.197775,651417
250,62037.197775,654033
251,62037.197775,656650
252,62037.197775,659271
253,62037.197775,661887
254,62037.197775,664506
255,62037.197775,667124
256,62037.197775,669745
257,62037.197775,672364
258,62037.197775,674983
259,62037.197775,677602
260,62037.197775,680220
261,62037.197775,682829
262,62037.197775,685452
263,62037.197775,688064
264,62037.197775,690677
265,62037.197775,693297
266,62037.197775,695913
267,62037.197775,698524
268,62037.197775,701140
269,62037.197775,703754
270,62037.197775,706369
271,62037.197775,708978
272,62037.197775,711596
273,62037.197775,714206
274,62037.197775,716824
275,62037.197775,719425
276,62037.197775,722043
277,62037.197775,724654
278,62037.197775,727274
279,62037.197775,729886
280,62037.197775,732506
281,62037.197775,735118
282,62037.197775,737734
283,62037.197775,740349
284,62037.197775,742963
285,62037.197775,745576
286,62037.197775,748195
287,62037.197775,750806
288,62037.197775,753426
289,62037.197775,756043
290,62037.197775,758659
291,62037.197775,761274
292,62037.197775,763891
293,62037.197775,766500
294,62037.197775,769118
295,62037.197775,771733
296,62037.197775,774349
297,62037.197775,776965
298,62037.197775,779587
299,62037.197775,782201
300,62037.197775,784818
301,62037.197775,787431
302,62037.197775,790052
303,62037.197775,792663
304,62037.197775,795278
305,62037.197775,797896
306,62037.197775,800512
307,62037.197775,803131
308,62037.197775,805746
309,62037.197775,808353
310,62037.197775,810975
62037.197775,4.561493
1,62184.573406,2376
2,62084.763504,5023
3,62043.206775,7670
4,62039.011722,10317
5,62039.011722,12963
6,62039.011722,15606
7,62037.953821,18248
8,62037.953821,20886
9,62037.953821,23526
10,62037.953821,26168
11,62037.953821,28807
12,62037.953821,31451
13,62037.953821,34090
14,62037.953821,36735
15,62037.953821,39380
16,62037.953821,42027
17,62037.820924,44670
18,62037.820924,47310
19,62037.820924,49949
20,62037.820924,52589
21,62037.820924,55234
22,62037.820924,57879
23,62037.820924,60525
24,62037.820924,63167
25,62037.820924,65810
26,62037.820924,68454
27,62037.820924,71098
28,62037.820924,73744
29,62037.820924,76389
30,62037.820924,79033
31,62037.820924,81671
32,62037.820924,84315
33,62037.820924,86954
34,62037.820924,89592
35,62037.820924,92226
36,62037.820924,94866
37,62037.820924,97497
38,62037.820924,100135
39,62037.820924,102772
40,62037.820924,105414
41,62037.820924,108046
42,62037.820924,110684
43,62037.820924,113325
44,62037.820924,115969
45,62037.820924,118614
46,62037.820924,121257
47,62037.820924,123902
48,62037.820924,126547
49,62037.820924,129187
50,62037.820924,131833
51,62037.820924,134479
52,62037.820924,137124
53,62037.820924,139769
54,62037.820924,142410
55,62037.820924,145052
56,62037.820924,147696
57,62037.820924,150339
58,62037.820924,152983
59,62037.820924,155627
60,62037.820924,158269
61,62037.820924,160915
62,62037.820924,163558
63,62037.820924,166203
64,62037.820924,168848
65,62037.820924,171493
66,62037.820924,174137
67,62037.820924,176782
68,62037.820924,179426
69,62037.820924,182069
70,62037.820924,184716
71,62037.820924,187362
72,62037.820924,190005
73,62037.820924,192645
74,62037.820924,195290
75,62037.820924,197933
76,62037.820924,200577
77,62037.820924,203221
78,62037.820924,205867
79,62037.820924,208501
80,62037.820924,211145
81,62037.820924,213784
82,62037.820924,216426
83,62037.820924,219066
84,62037.820924,221710
85,62037.820924,224350
86,62037.820924,226991
87,62037.820924,229635
88,62037.820924,232281
89,62037.820924,234924
90,62037.820924,237561
91,62037.820924,240205
92,62037.820924,242852
93,62037.820924,245496
94,62037.820924,248139
95,62037.820924,250781
96,62037.820924,253420
97,62037.820924,256061
98,62037.820924,258705
99,62037.820924,261350
100,62037.820924,263988
101,62037.820924,266627
102,62037.820924,269273
103,62037.820924,271910
104,62037.820924,274549
105,62037.820924,277191
106,62037.820924,279831
107,62037.820924,282475
108,62037.820924,285117
109,62037.820924,287757
110,62037.820924,290399
111,62037.820924,293043
112,62037.820924,295684
113,62037.820924,298324
114,62037.820924,300968
115,62037.820924,303610
116,62037.820924,306251
117,62037.820924,308896
118,62037.820924,311540
119,62037.820924,314181
120,62037.820924,316827
121,62037.820924,319471
122,62037.820924,322114
123,62037.820924,324757
124,62037.820924,327403
125,62037.820924,330046
126,62037.820924,332690
127,62037.820924,335332
128,62037.820924,337976
129,62037.820924,340618
130,62037.820924,343260
131,62037.820924,345902
132,62037.820924,348544
133,62037.820924,351179
134,62037.820924,353822
135,62037.820924,356464
136,62037.820924,359106
137,62037.820924,361747
138,62037.820924,364392
139,62037.820924,367031
140,62037.820924,369674
141,62037.820924,372317
142,62037.820924,374962
143,62037.820924,377603
144,62037.820924,380247
145,62037.820924,382892
146,62037.820924,385537
147,62037.820924,388183
148,62037.820924,390825
149,62037.820924,393468
150,62037.820924,396113
151,62037.820924,398759
152,62037.820924,401404
153,62037.820924,404050
154,62037.820924,406695
155,62037.820924,409341
156,62037.820924,411987
157,62037.820924,414629
158,62037.820924,417274
159,62037.820924,419920
160,62037.820924,422564
161,62037.820924,425208
162,62037.820924,427853
163,62037.820924,430500
164,62037.820924,433147
165,62037.820924,435791
166,62037.820924,438435
167,62037.820924,441079
168,62037.820924,443725
169,62037.820924,446364
170,62037.820924,449010
171,62037.820924,451657
172,62037.820924,454301
173,62037.820924,456946
174,62037.820924,459588
175,62037.820924,462229
176,62037.820924,464870
177,62037.820924,467513
178,62037.820924,470156
179,62037.820924,472801
180,62037.820924,475444
181,62037.820924,478084
182,62037.820924,480723
183,62037.820924,483361
184,62037.820924,485998
185,62037.820924,488636
186,62037.820924,491278
187,62037.820924,493917
188,62037.820924,496559
189,62037.820924,499199
190,62037.820924,501843
191,62037.820924,504479
192,62037.574353,507120
193,62037.574353,509761
194,62037.574353,512405
195,62037.574353,515041
196,62037.574353,517683
197,62037.574353,520326
198,62037.574353,522968
199,62037.574353,525604
200,62037.574353,528248
201,62037.574353,530888
202,62037.574353,533531
203,62037.574353,536166
204,62037.574353,538805
205,62037.574353,541442
206,62037.574353,544082
207,62037.574353,546720
208,62037.574353,549362
209,62037.574353,552001
210,62037.574353,554643
211,62037.574353,557276
212,62037.574353,559919
213,62037.574353,562558
214,62037.574353,565191
215,62037.574353,567825
216,62037.574353,570463
217,62037.574353,573092
218,62037.574353,575730
219,62037.574353,578370
220,62037.574353,581005
221,62037.574353,583638
222,62037.574353,586279
223,62037.574353,588912
224,62037.574353,591550
225,62037.574353,594182
226,62037.574353,596820
227,62037.574353,599448
228,62037.574353,602092
229,62037.574353,604725
230,62037.574353,607365
231,62037.574353,610001
232,62037.574353,612637
233,62037.574353,615267
234,62037.574353,617911
235,62037.574353,620545
236,62037.574353,623179
237,62037.574353,625813
238,62037.574353,628454
239,62037.574353,631084
240,62037.574353,633727
241,62037.574353,636356
242,62037.574353,638995
243,62037.574353,641626
244,62037.574353,644263
245,62037.574353,646893
246,62037.574353,649538
247,62037.574353,652172
248,62037.574353,654813
249,62037.574353,657437
250,62037.574353,660076
251,62037.574353,662710
252,62037.574353,665350
253,62037.574353,667984
254,62037.574353,670618
255,62037.574353,673232
256,62037.574353,675873
257,62037.574353,678502
258,62037.574353,681139
259,62037.574353,683767
260,62037.574353,686403
261,62037.574353,689034
262,62037.574353,691670
263,62037.574353,694302
264,62037.574353,696943
265,62037.574353,699574
266,62037.574353,702212
267,62037.574353,704843
268,62037.574353,707479
269,62037.574353,710116
270,62037.574353,712758
271,62037.574353,715389
272,62037.574353,718026
273,62037.574353,720656
274,62037.574353,723297
275,62037.574353,725931
276,62037.574353,728569
277,62037.574353,731205
278,62037.574353,733847
279,62037.574353,736485
280,62037.574353,739130
281,62037.574353,741761
282,62037.574353,744402
283,62037.574353,747027
284,62037.574353,749665
285,62037.574353,752295
286,62037.574353,754938
287,62037.574353,757569
288,62037.574353,760207
289,62037.574353,762832
290,62037.574353,765473
291,62037.574353,768102
292,62037.574353,770738
293,62037.574353,773379
294,62037.574353,776022
295,62037.574353,778653
296,62037.574353,781293
297,62037.574353,783925
298,62037.574353,786566
299,62037.574353,789197
300,62037.574353,791836
301,62037.574353,794474
302,62037.574353,797119
303,62037.574353,799754
304,62037.574353,802394
305,62037.574353,805030
306,62037.574353,807670
307,62037.574353,810301
62037.574353,4.547358
1,62189.657433,2376
2,62056.110370,5001
3,62042.961048,7626
4,62040.024449,10251
5,62038.389316,12874
6,62038.389316,15494
7,62038.289660,18118
8,62038.289660,20738
9,62038.289660,23356
10,62038.289660,25975
11,62038.289660,28590
12,62038.289660,31207
13,62038.289660,33831
14,62038.289660,36451
15,62038.289660,39069
16,62038.289660,41690
17,62038.289660,44309
18,62038.289660,46929
19,62038.289660,49550
20,62038.289660,52173
21,62038.289660,54793
22,62038.289660,57413
23,62038.289660,60035
24,62038.289660,62660
25,62038.289660,65280
26,62038.289660,67902
27,62038.289660,70527
28,62038.289660,73150
29,62038.289660,75773
30,62038.289660,78395
31,62038.289660,81017
32,62038.289660,83638
33,62038.289660,86260
34,62038.289660,88883
35,62038.289660,91503
36,62038.289660,94126
37,62038.289660,96747
38,62038.289660,99370
39,62038.289660,101993
40,62038.289660,104617
41,62038.289660,107239
42,62038.289660,109864
43,62038.289660,112483
44,62038.289660,115104
45,62038.289660,117723
46,62038.289660,120344
47,62038.289660,122961
48,62038.289660,125583
49,62038.289660,128207
50,62038.289660,130830
51,62038.289660,133450
52,62038.289660,136072
53,62038.289660,138692
54,62038.289660,141314
55,62038.289660,143937
56,62038.289660,146560
57,62038.289660,149185
58,62038.289660,151808
59,62038.289660,154431
60,62038.289660,157056
61,62038.289660,159677
62,62038.289660,162300
63,62038.289660,164921
64,62038.289660,167542
65,62038.289660,170163
66,62038.289660,172786
67,62038.289660,175409
68,62037.953821,178029
69,62037.953821,180652
70,62037.953821,183277
71,62037.953821,185900
72,62037.953821,188523
73,62037.953821,191144
74,62037.953821,193761
75,62037.953821,196379
76,62037.953821,198997
77,62037.953821,201614
78,62037.953821,204238
79,62037.953821,206858
80,62037.953821,209480
81,62037.953821,212099
82,62037.953821,214722
83,62037.953821,217341
84,62037.953821,219959
85,62037.953821,222577
86,62037.953821,225195
87,62037.953821,227811
88,62037.953821,230432
89,62037.953821,233049
90,62037.953821,235673
91,62037.953821,238293
92,62037.953821,240913
93,62037.953821,243534
94,62037.953821,246156
95,62037.953821,248779
96,62037.953821,251401
97,62037.953821,254021
98,62037.953821,256644
99,62037.953821,259263
100,62037.953821,261885
101,62037.953821,264508
102,62037.953821,267131
103,62037.953821,269752
104,62037.953821,272375
105,62037.953821,274994
106,62037.953821,277613
107,62037.953821,280231
108,62037.953821,282851
109,62037.953821,285468
110,62037.953821,288089
111,62037.953821,290708
112,62037.953821,293333
113,62037.953821,295950
114,62037.953821,298572
115,62037.953821,301192
116,62037.953821,303817
117,62037.953821,306438
118,62037.953821,309060
119,62037.953821,311680
120,62037.953821,314303
121,62037.953821,316923
122,62037.953821,319542
123,62037.953821,322159
124,62037.953821,324779
125,62037.953821,327401
126,62037.953821,330025
127,62037.953821,332645
128,62037.953821,335267
129,62037.953821,337887
130,62037.953821,340506
131,62037.953821,343124
132,62037.953821,345744
133,62037.953821,348365
134,62037.953821,350982
135,62037.953821,353604
136,62037.953821,356225
137,62037.953821,358844
138,62037.953821,361464
139,62037.953821,364080
140,62037.953821,366703
141,62037.953821,369323
142,62037.953821,371945
143,62037.953821,374566
144,62037.953821,377188
145,62037.953821,379806
146,62037.953821,382429
147,62037.953821,385047
148,62037.953821,387665
149,62037.953821,390285
150,62037.953821,392904
151,62037.953821,395522
152,62037.953821,398145
153,62037.953821,400767
154,62037.953821,403387
155,62037.953821,406007
156,62037.953821,408630
157,62037.953821,411253
158,62037.953821,413876
159,62037.953821,416499
160,62037.953821,419123
161,62037.953821,421745
162,62037.953821,424368
163,62037.953821,426990
164,62037.953821,429613
165,62037.953821,432235
166,62037.953821,434857
167,62037.953821,437479
168,62037.953821,440099
169,62037.953821,442721
170,62037.953821,445342
171,62037.953821,447962
172,62037.953821,450584
173,62037.953821,453207
174,62037.953821,455822
175,62037.953821,458439
176,62037.953821,461061
177,62037.953821,463677
178,62037.953821,466296
179,62037.953821,468912
180,62037.953821,471530
181,62037.953821,474151
182,62037.953821,476771
183,62037.953821,479379
184,62037.953821,482000
185,62037.953821,484617
186,62037.953821,487237
187,62037.953821,489859
188,62037.953821,492481
189,62037.953821,495099
190,62037.953821,497722
191,62037.953821,500342
192,62037.953821,502964
193,62037.953821,505581
194,62037.953821,508199
195,62037.953821,510820
196,62037.953821,513442
197,62037.953821,516060
198,62037.953821,518682
199,62037.953821,521299
200,62037.953821,523920
201,62037.953821,526540
202,62037.953821,529162
203,62037.953821,531782
204,62037.953821,534404
205,62037.953821,537022
206,62037.953821,539642
207,62037.953821,542257
208,62037.953821,544881
209,62037.953821,547501
210,62037.953821,550120
211,62037.953821,552740
212,62037.953821,555365
213,62037.953821,557984
214,62037.953821,560607
215,62037.953821,563220
216,62037.953821,565840
217,62037.953821,568460
218,62037.953821,571083
219,62037.953821,573700
220,62037.953821,576324
221,62037.953821,578941
222,62037.953821,581563
223,62037.953821,584177
224,62037.953821,586797
225,62037.953821,589415
226,62037.953821,592035
227,62037.953821,594650
228,62037.953821,597272
229,62037.953821,599889
230,62037.953821,602512
231,62037.953821,605134
232,62037.953821,607752
233,62037.953821,610373
234,62037.953821,612996
235,62037.953821,615613
236,62037.953821,618238
237,62037.953821,620857
238,62037.953821,623475
239,62037.953821,626098
240,62037.953821,628718
241,62037.953821,631336
242,62037.953821,633958
243,62037.953821,636578
244,62037.953821,639197
245,62037.953821,641814
246,62037.953821,644438
247,62037.953821,647058
248,62037.953821,649681
249,62037.953821,652298
250,62037.953821,654914
251,62037.953821,657532
252,62037.953821,660154
253,62037.953821,662771
254,62037.953821,665393
255,62037.953821,668015
256,62037.953821,670639
257,62037.953821,673260
258,62037.953821,675882
259,62037.953821,678504
260,62037.953821,681125
261,62037.953821,683747
262,62037.953821,686367
263,62037.953821,688987
264,62037.953821,691609
265,62037.953821,694224
266,62037.953821,696847
267,62037.953821,699469
268,62037.953821,702090
269,62037.953821,704704
270,62037.953821,707327
271,62037.953821,709947
272,62037.953821,712569
273,62037.953821,715189
274,62037.953821,717808
275,62037.953821,720429
276,62037.953821,723052
277,62037.953821,725672
278,62037.953821,728296
279,62037.953821,730917
280,62037.953821,733541
281,62037.953821,736165
282,62037.953821,738790
283,62037.953821,741414
284,62037.953821,744037
285,62037.953821,746660
286,62037.953821,749282
287,62037.953821,751906
288,62037.953821,754528
289,62037.953821,757150
290,62037.953821,759768
291,62037.953821,762388
292,62037.953821,765008
293,62037.953821,767627
294,62037.953821,770247
295,62037.953821,772864
296,62037.953821,775485
297,62037.953821,778104
298,62037.953821,780727
299,62037.953821,783349
300,62037.953821,785972
301,62037.953821,788593
302,62037.953821,791213
303,62037.953821,793835
304,62037.953821,796455
305,62037.953821,799076
306,62037.953821,801699
307,62037.953821,804323
308,62037.953821,806943
309,62037.953821,809563
62037.953821,4.544812
1,62191.473463,2376
2,62054.233522,5002
3,62045.807286,7628
4,62039.011722,10253
5,62038.592434,12878
6,62038.592434,15500
7,62038.592434,18124
8,62038.592434,20740
9,62038.592434,23362
10,62038.592434,25983
11,62038.592434,28607
12,62038.592434,31226
13,62038.592434,33850
14,62038.592434,36473
15,62038.592434,39097
16,62038.592434,41719
17,62038.592434,44340
18,62038.592434,46957
19,62038.592434,49578
20,62038.592434,52200
21,62038.592434,54821
22,62038.592434,57441
23,62038.592434,60066
24,62038.592434,62690
25,62038.592434,65307
26,62038.592434,67933
27,62038.592434,70553
28,62038.592434,73177
29,62038.592434,75802
30,62038.592434,78423
31,62038.592434,81046
32,62038.592434,83667
33,62038.592434,86290
34,62038.592434,88913
35,62038.592434,91537
36,62038.592434,94161
37,62038.592434,96785
38,62038.592434,99409
39,62038.592434,102033
40,62038.592434,104657
41,62038.592434,107282
42,62038.592434,109904
43,62038.592434,112523
44,62038.592434,115141
45,62038.592434,117762
46,62038.592434,120383
47,62038.592434,122998
48,62038.592434,125621
49,62038.592434,128238
50,62038.592434,130862
51,62038.592434,133482
52,62038.592434,136104
53,62038.592434,138721
54,62038.592434,141345
55,62038.592434,143964
56,62038.592434,146584
57,62038.592434,149200
58,62038.592434,151822
59,62038.592434,154438
60,62038.592434,157057
61,62038.592434,159676
62,62038.592434,162297
63,62038.592434,164909
64,62038.592434,167532
65,62038.592434,170153
66,62038.592434,172775
67,62038.592434,175391
68,62038.592434,178010
69,62038.592434,180626
70,62038.592434,183248
71,62038.592434,185865
72,62038.592434,188486
73,62038.592434,191105
74,62038.592434,193721
75,62038.592434,196331
76,62038.592434,198951
77,62038.592434,201568
78,62038.592434,204192
79,62038.592434,206812
80,62038.592434,209436
81,62038.592434,212047
82,62038.592434,214662
83,62038.592434,217272
84,62038.592434,219891
85,62038.592434,222503
86,62038.592434,225124
87,62038.592434,227739
88,62038.592434,230358
89,62038.592434,232969
90,62038.592434,235587
91,62038.592434,238197
92,62038.592434,240820
93,62038.592434,243433
94,62038.592434,246057
95,62038.592434,248675
96,62038.592434,251294
97,62038.592434,253912
98,62038.592434,256531
99,62038.592434,259142
100,62038.592434,261763
101,62038.592434,264373
102,62038.592434,266996
103,62038.592434,269612
104,62038.592434,272233
105,62038.592434,274848
106,62038.592434,277467
107,62038.592434,280084
108,62038.592434,282701
109,62038.592434,285316
110,62038.592434,287937
111,62038.592434,290550
112,62038.592434,293170
113,62038.592434,295782
114,62038.592434,298400
115,62038.592434,301014
116,62038.592434,303634
117,62038.592434,306242
118,62038.592434,308866
119,62038.592434,311484
120,62038.592434,314105
121,62038.592434,316721
122,62038.592434,319339
123,62038.592434,321952
124,62038.592434,324572
125,62038.592434,327187
126,62038.592434,329808
127,62038.592434,332421
128,62038.592434,335041
129,62038.592434,337654
130,62038.592434,340272
131,62038.592434,342894
132,62038.592434,345519
133,62038.592434,348141
134,62038.592434,350760
135,62038.592434,353378
136,62038.592434,355999
137,62038.592434,358603
138,62038.592434,361222
139,62038.592434,363829
140,62038.592434,366448
141,62038.592434,369065
142,62038.592434,371685
143,62038.592434,374297
144,62038.592434,376918
145,62038.592434,379534
146,62038.592434,382153
147,62038.592434,384765
148,62038.592434,387385
149,62038.592434,390001
150,62038.592434,392626
151,62038.592434,395239
152,62038.592434,397859
153,62038.592434,400476
154,62038.592434,403091
155,62038.592434,405710
156,62038.592434,408332
157,62038.592434,410947
158,62038.592434,413564
159,62038.592434,416181
160,62038.592434,418800
161,62038.592434,421411
162,62038.592434,424031
163,62038.592434,426650
164,62038.592434,429269
165,62038.592434,431883
166,62038.592434,434501
167,62038.592434,437104
168,62038.592434,439724
169,62038.592434,442340
170,62038.592434,444959
171,62038.592434,447571
172,62038.592434,450191
173,62038.592434,452810
174,62038.592434,455429
175,62038.592434,458045
176,62038.592434,460662
177,62038.592434,463279
178,62038.592434,465903
179,62038.592434,468521
180,62038.592434,471139
181,62038.592434,473748
182,62038.592434,476365
183,62038.592434,478978
184,62038.592434,481593
185,62038.592434,484207
186,62038.592434,486826
187,62038.592434,489444
188,62038.592434,492066
189,62038.592434,494684
190,62038.592434,497302
191,62038.592434,499908
192,62038.592434,502528
193,62038.592434,505144
194,62038.592434,507765
195,62038.592434,510381
196,62038.592434,512996
197,62038.592434,515610
198,62038.592434,518231
199,62038.592434,520849
200,62038.592434,523468
201,62038.592434,526082
202,62038.592434,528704
203,62038.592434,531318
204,62038.592434,533939
205,62038.592434,536548
206,62038.592434,539166
207,62038.592434,541783
208,62038.592434,544401
209,62038.592434,547011
210,62038.592434,549634
211,62038.592434,552249
212,62038.592434,554868
213,62038.592434,557481
214,62038.592434,560099
215,62038.592434,562712
216,62038.592434,565332
217,62038.592434,567950
218,62038.592434,570571
219,62038.592434,573180
220,62038.592434,575798
221,62038.592434,578416
222,62038.592434,581035
223,62038.592434,583647
224,62038.592434,586268
225,62038.592434,588883
226,62038.592434,591500
227,62038.592434,594115
228,62038.592434,596731
229,62038.592434,599343
230,62038.592434,601964
231,62038.592434,604586
232,62038.592434,607206
233,62038.592434,609825
234,62038.592434,612443
235,62038.592434,615054
236,62038.592434,617672
237,62038.592434,620285
238,62038.592434,622905
239,62038.592434,625510
240,62038.592434,628125
241,62038.592434,630739
242,62038.592434,633359
243,62038.592434,635969
244,62038.592434,638591
245,62038.592434,641203
246,62038.592434,643826
247,62038.592434,646442
248,62038.592434,649062
249,62038.592434,651678
250,62038.592434,654297
251,62038.592434,656909
252,62038.592434,659531
253,62038.592434,662145
254,62038.592434,664766
255,62038.592434,667378
256,62038.592434,669995
257,62038.592434,672610
258,62038.592434,675230
259,62038.592434,677846
260,62038.592434,680469
261,62038.592434,683084
262,62038.592434,685697
263,62038.592434,688317
264,62038.592434,690941
265,62038.592434,693557
266,62038.592434,696181
267,62038.592434,698795
268,62038.592434,701414
269,62038.592434,704033
270,62038.592434,706654
271,62038.592434,709267
272,62038.592434,711888
273,62038.592434,714506
274,62038.592434,717124
275,62038.592434,719731
276,62038.592434,722352
277,62038.592434,724966
278,62038.592434,727580
279,62038.592434,730193
280,62038.592434,732813
281,62038.592434,735421
282,62038.592434,738041
283,62038.592434,740650
284,62038.592434,743265
285,62038.592434,745876
286,62038.592434,748496
287,62038.592434,751108
288,62038.592434,753722
289,62038.592434,756335
290,62038.592434,758955
291,62038.592434,761574
292,62038.592434,764192
293,62038.592434,766811
294,62038.592434,769432
295,62038.592434,772035
296,62038.592434,774650
297,62038.592434,777255
298,62038.592434,779874
299,62038.592434,782486
300,62038.592434,785098
301,62038.592434,787713
302,62038.592434,790331
303,62038.592434,792933
304,62038.592434,795550
305,62038.592434,798167
306,62038.592434,800791
307,62038.592434,803406
308,62038.592434,806026
309,62038.592434,808640
310,62038.592434,811258
62038.592434,4.562889
1,62428.464287,2376
2,62113.485520,5008
3,62054.668234,7640
4,62039.011722,10272
5,62038.494957,12901
6,62037.953821,15529
7,62037.953821,18156
8,62037.953821,20784
9,62037.953821,23412
10,62037.953821,26044
11,62037.953821,28676
12,62037.953821,31307
13,62037.953821,33935
14,62037.953821,36566
15,62037.953821,39195
16,62037.953821,41825
17,62037.953821,44452
18,62037.953821,47082
19,62037.953821,49711
20,62037.953821,52342
21,62037.953821,54970
22,62037.953821,57601
23,62037.953821,60230
24,62037.953821,62855
25,62037.953821,65478
26,62037.953821,68106
27,62037.953821,70729
28,62037.953821,73361
29,62037.953821,75990
30,62037.953821,78619
31,62037.953821,81249
32,62037.748655,83878
33,62037.748655,86504
34,62037.748655,89131
35,62037.748655,91755
36,62037.748655,94385
37,62037.748655,97008
38,62037.748655,99629
39,62037.748655,102253
40,62037.748655,104883
41,62037.748655,107510
42,62037.748655,110140
43,62037.748655,112771
44,62037.748655,115400
45,62037.748655,118027
46,62037.748655,120656
47,62037.748655,123285
48,62037.748655,125916
49,62037.748655,128545
50,62037.748655,131175
51,62037.748655,133804
52,62037.748655,136433
53,62037.748655,139062
54,62037.748655,141692
55,62037.748655,144324
56,62037.748655,146951
57,62037.748655,149583
58,62037.748655,152211
59,62037.748655,154842
60,62037.748655,157472
61,62037.748655,160100
62,62037.748655,162731
63,62037.748655,165357
64,62037.748655,167984
65,62037.748655,170609
66,62037.748655,173238
67,62037.748655,175859
68,62037.748655,178485
69,62037.748655,181110
70,62037.748655,183738
71,62037.748655,186364
72,62037.748655,188992
73,62037.748655,191618
74,62037.748655,194248
75,62037.748655,196878
76,62037.748655,199507
77,62037.748655,202137
78,62037.748655,204767
79,62037.748655,207399
80,62037.748655,210029
81,62037.748655,212658
82,62037.748655,215286
83,62037.748655,217915
84,62037.748655,220543
85,62037.748655,223174
86,62037.748655,225806
87,62037.748655,228437
88,62037.748655,231067
89,62037.748655,233697
90,62037.748655,236329
91,62037.748655,238959
92,62037.748655,241590
93,62037.748655,244216
94,62037.748655,246847
95,62037.748655,249476
96,62037.748655,252107
97,62037.748655,254735
98,62037.748655,257364
99,62037.748655,259991
100,62037.748655,262621
101,62037.748655,265252
102,62037.748655,267881
103,62037.748655,270511
104,62037.748655,273139
105,62037.748655,275771
106,62037.748655,278399
107,62037.748655,281028
108,62037.748655,283660
109,62037.748655,286289
110,62037.748655,288920
111,62037.748655,291544
112,62037.748655,294169
113,62037.748655,296800
114,62037.748655,299427
115,62037.748655,302055
116,62037.748655,304680
117,62037.748655,307311
118,62037.748655,309929
119,62037.748655,312548
120,62037.748655,315174
121,62037.748655,317789
122,62037.748655,320418
123,62037.748655,323043
124,62037.748655,325672
125,62037.748655,328296
126,62037.748655,330922
127,62037.748655,333548
128,62037.748655,336173
129,62037.748655,338795
130,62037.748655,341422
131,62037.748655,344051
132,62037.748655,346678
133,62037.748655,349303
134,62037.748655,351930
135,62037.748655,354557
136,62037.748655,357186
137,62037.748655,359808
138,62037.748655,362436
139,62037.748655,365062
140,62037.748655,367691
141,62037.748655,370311
142,62037.748655,372941
143,62037.748655,375568
144,62037.748655,378197
145,62037.748655,380824
146,62037.748655,383454
147,62037.748655,386084
148,62037.748655,388715
149,62037.748655,391334
150,62037.748655,393961
151,62037.748655,396586
152,62037.748655,399214
153,62037.748655,401845
154,62037.748655,404475
155,62037.748655,407103
156,62037.748655,409734
157,62037.748655,412363
158,62037.748655,414992
159,62037.748655,417623
160,62037.748655,420252
161,62037.748655,422879
162,62037.748655,425509
163,62037.748655,428138
164,62037.748655,430764
165,62037.748655,433395
166,62037.748655,436026
167,62037.748655,438654
168,62037.748655,441282
169,62037.748655,443912
170,62037.748655,446541
171,62037.748655,449173
172,62037.748655,451801
173,62037.748655,454431
174,62037.748655,457056
175,62037.748655,459683
176,62037.748655,462314
177,62037.748655,464940
178,62036.936198,467568
179,62036.936198,470196
180,62036.936198,472825
181,62036.936198,475455
182,62036.936198,478083
183,62036.936198,480709
184,62036.936198,483340
185,62036.936198,485970
186,62036.936198,488600
187,62036.936198,491231
188,62036.936198,493859
189,62036.936198,496483
190,62036.936198,499107
191,62036.936198,501735
192,62036.936198,504366
193,62036.936198,506993
194,62036.936198,509623
195,62036.936198,512252
196,62036.936198,514881
197,62036.936198,517505
198,62036.936198,520135
199,62036.936198,522759
200,62036.936198,525384
201,62036.936198,528008
202,62036.936198,530634
203,62036.936198,533254
204,62036.936198,535880
205,62036.936198,538508
206,62036.936198,541135
207,62036.936198,543761
208,62036.936198,546390
209,62036.936198,549021
210,62036.936198,551652
211,62036.936198,554281
212,62036.936198,556909
213,62036.936198,559539
214,62036.936198,562169
215,62036.936198,564794
216,62036.936198,567425
217,62036.936198,570056
218,62036.936198,572686
219,62036.936198,575310
220,62036.936198,577936
221,62036.936198,580563
222,62036.936198,583188
223,62036.936198,585809
224,62036.936198,588434
225,62036.936198,591058
226,62036.936198,593685
227,62036.936198,596309
228,62036.936198,598934
229,62036.936198,601562
230,62036.936198,604187
231,62036.936198,606815
232,62036.936198,609444
233,62036.936198,612071
234,62036.936198,614698
235,62036.936198,617324
236,62036.936198,619953
237,62036.936198,622577
238,62036.936198,625205
239,62036.936198,627827
240,62036.936198,630453
241,62036.936198,633076
242,62036.936198,635702
243,62036.936198,638321
244,62036.936198,640947
245,62036.936198,643567
246,62036.936198,646192
247,62036.936198,648816
248,62036.936198,651440
249,62036.936198,654060
250,62036.936198,656688
251,62036.936198,659312
252,62036.936198,661937
253,62036.936198,664553
254,62036.936198,667183
255,62036.936198,669807
256,62036.936198,672436
257,62036.936198,675052
258,62036.936198,677679
259,62036.936198,680300
260,62036.936198,682927
261,62036.936198,685550
262,62036.936198,688178
263,62036.936198,690795
264,62036.936198,693423
265,62036.936198,696043
266,62036.936198,698665
267,62036.936198,701270
268,62036.936198,703891
269,62036.936198,706507
270,62036.936198,709129
271,62036.936198,711750
272,62036.936198,714380
273,62036.936198,716999
274,62036.936198,719630
275,62036.936198,722248
276,62036.936198,724874
277,62036.936198,727495
278,62036.936198,730122
279,62036.936198,732746
280,62036.936198,735368
281,62036.936198,737989
282,62036.936198,740616
283,62036.936198,743241
284,62036.936198,745864
285,62036.936198,748484
286,62036.936198,751110
287,62036.936198,753733
288,62036.936198,756357
289,62036.936198,758977
290,62036.936198,761599
291,62036.936198,764215
292,62036.936198,766834
293,62036.936198,769455
294,62036.936198,772083
295,62036.936198,774705
296,62036.936198,777331
297,62036.936198,779947
298,62036.936198,782574
299,62036.936198,785196
300,62036.936198,787815
301,62036.936198,790436
302,62036.936198,793062
303,62036.936198,795687
304,62036.936198,798309
305,62036.936198,800931
306,62036.936198,803556
307,62036.936198,806179
308,62036.936198,808807
309,62036.936198,811432
62036.936198,4.568849
1,62146.324380,2376
2,62068.454004,5035
3,62040.815642,7694
4,62039.453981,10353
5,62038.592434,13010
6,62038.592434,15660
7,62038.592434,18316
8,62038.592434,20969
9,62038.592434,23615
10,62038.592434,26269
11,62038.592434,28919
12,62038.592434,31574
13,62038.592434,34221
14,62038.592434,36866
15,62038.592434,39521
16,62038.592434,42177
17,62038.592434,44823
18,62038.592434,47475
19,62038.592434,50125
20,62038.592434,52781
21,62038.592434,55437
22,62038.592434,58091
23,62038.592434,60739
24,62038.592434,63396
25,62038.592434,66051
26,62038.592434,68710
27,62038.592434,71363
28,62038.592434,74019
29,62038.592434,76669
30,62038.592434,79325
31,62038.592434,81979
32,62038.592434,84637
33,62038.592434,87291
34,62038.592434,89949
35,62038.592434,92607
36,62038.592434,95266
37,62038.592434,97923
38,62038.592434,100578
39,62038.592434,103237
40,62038.592434,105894
41,62038.592434,108549
42,62038.592434,111206
43,62038.592434,113863
44,62038.592434,116518
45,62038.592434,119175
46,62038.592434,121832
47,62038.592434,124490
48,62038.592434,127147
49,62038.592434,129802
50,62038.592434,132455
51,62038.592434,135108
52,62037.820924,137766
53,62037.820924,140422
54,62037.820924,143072
55,62037.820924,145722
56,62037.820924,148374
57,62037.820924,151029
58,62037.820924,153677
59,62037.820924,156331
60,62037.820924,158988
61,62037.820924,161644
62,62037.820924,164300
63,62037.820924,166955
64,62037.820924,169611
65,62037.820924,172269
66,62037.820924,174926
67,62037.820924,177582
68,62037.820924,180236
69,62037.820924,182892
70,62037.820924,185550
71,62037.820924,188207
72,62037.820924,190863
73,62037.820924,193518
74,62037.820924,196176
75,62037.820924,198829
76,62037.820924,201488
77,62037.820924,204146
78,62037.820924,206805
79,62037.820924,209460
80,62037.820924,212117
81,62037.820924,214771
82,62037.820924,217428
83,62037.820924,220082
84,62037.820924,222740
85,62037.820924,225397
86,62037.820924,228051
87,62037.820924,230707
88,62037.820924,233364
89,62037.820924,236020
90,62037.820924,238677
91,62037.820924,241333
92,62037.820924,243990
93,62037.820924,246645
94,62037.820924,249302
95,62037.820924,251959
96,62037.820924,254614
97,62037.820924,257270
98,62037.820924,259926
99,62037.820924,262580
100,62037.820924,265237
101,62037.820924,267893
102,62037.820924,270549
103,62037.820924,273207
104,62037.820924,275860
105,62037.820924,278507
106,62037.820924,281164
107,62037.820924,283816
108,62037.820924,286467
109,62037.820924,289115
110,62037.820924,291772
111,62037.820924,294419
112,62037.820924,297068
113,62037.820924,299715
114,62037.820924,302368
115,62037.820924,305013
116,62037.820924,307669
117,62037.820924,310312
118,62037.820924,312963
119,62037.820924,315612
120,62037.820924,318269
121,62037.820924,320914
122,62037.820924,323566
123,62037.820924,326215
124,62037.820924,328867
125,62037.820924,331516
126,62037.820924,334171
127,62037.820924,336819
128,62037.820924,339471
129,62037.820924,342122
130,62037.820924,344774
131,62037.820924,347419
132,62037.820924,350075
133,62037.820924,352724
134,62037.820924,355380
135,62037.820924,358027
136,62037.820924,360682
137,62037.820924,363334
138,62037.820924,365990
139,62037.820924,368639
140,62037.820924,371293
141,62037.820924,373947
142,62037.820924,376602
143,62037.820924,379260
144,62037.820924,381915
145,62037.820924,384571
146,62037.820924,387229
147,62037.820924,389887
148,62037.820924,392544
149,62037.820924,395199
150,62037.820924,397853
151,62037.820924,400509
152,62037.820924,403164
153,62037.820924,405818
154,62037.820924,408471
155,62037.820924,411123
156,62037.820924,413778
157,62037.820924,416429
158,62037.820924,419085
159,62037.820924,421736
160,62037.820924,424391
161,62037.820924,427046
162,62037.820924,429701
163,62037.820924,432357
164,62037.820924,435013
165,62037.820924,437661
166,62037.820924,440316
167,62037.820924,442967
168,62037.820924,445622
169,62037.820924,448278
170,62037.820924,450935
171,62037.820924,453587
172,62037.820924,456244
173,62037.820924,458895
174,62037.820924,461551
175,62037.820924,464199
176,62037.820924,466856
177,62037.820924,469505
178,62037.820924,472157
179,62037.820924,474804
180,62037.820924,477457
181,62037.820924,480107
182,62037.820924,482759
183,62037.820924,485412
184,62037.820924,488067
185,62037.820924,490713
186,62037.820924,493366
187,62037.820924,496014
188,62037.820924,498667
189,62037.820924,501305
190,62037.820924,503961
191,62037.820924,506611
192,62037.820924,509262
193,62037.820924,511910
194,62037.820924,514558
195,62037.820924,517202
196,62037.820924,519855
197,62037.820924,522505
198,62037.820924,525158
199,62037.820924,527809
200,62037.820924,530459
201,62037.820924,533101
202,62037.820924,535753
203,62037.820924,538402
204,62037.820924,541052
205,62037.820924,543695
206,62037.820924,546346
207,62037.820924,548989
208,62037.820924,551641
209,62037.820924,554292
210,62037.820924,556948
211,62037.820924,559601
212,62037.820924,562256
213,62037.820924,564900
214,62037.820924,567547
215,62037.820924,570191
216,62037.820924,572842
217,62037.820924,575489
218,62037.820924,578144
219,62037.820924,580785
220,62037.820924,583441
221,62037.820924,586095
222,62037.820924,588744
223,62037.820924,591396
224,62037.820924,594043
225,62037.820924,596691
226,62037.820924,599339
227,62037.820924,601988
228,62037.820924,604644
229,62037.820924,607292
230,62037.820924,609939
231,62037.820924,612582
232,62037.820924,615236
233,62037.820924,617882
234,62037.820924,620533
235,62037.820924,623169
236,62037.820924,625818
237,62037.820924,628461
238,62037.820924,631109
239,62037.820924,633757
240,62037.820924,636403
241,62037.820924,639041
242,62037.820924,641693
243,62037.820924,644344
244,62037.820924,646998
245,62037.820924,649638
246,62037.820924,652291
247,62037.820924,654927
248,62037.820924,657579
249,62037.820924,660230
250,62037.820924,662883
251,62037.820924,665517
252,62037.820924,668171
253,62037.820924,670809
254,62037.820924,673462
255,62037.820924,676104
256,62037.820924,678750
257,62037.820924,681395
258,62037.820924,684041
259,62037.820924,686692
260,62037.820924,689346
261,62037.820924,691995
262,62037.820924,694644
263,62037.820924,697291
264,62037.820924,699948
265,62037.820924,702594
266,62037.820924,705245
267,62037.820924,707892
268,62037.820924,710543
269,62037.820924,713189
270,62037.820924,715838
271,62037.820924,718481
272,62037.820924,721126
273,62037.820924,723777
274,62037.820924,726430
275,62037.820924,729079
276,62037.820924,731734
277,62037.820924,734379
278,62037.820924,737030
279,62037.820924,739675
280,62037.820924,742322
281,62037.820924,744965
282,62037.820924,747614
283,62037.820924,750254
284,62037.820924,752909
285,62037.820924,755553
286,62037.820924,758207
287,62037.820924,760859
288,62037.820924,763510
289,62037.820924,766158
290,62037.820924,768811
291,62037.820924,771459
292,62037.820924,774114
293,62037.820924,776759
294,62037.820924,779412
295,62037.820924,782055
296,62037.820924,784707
297,62037.820924,787351
298,62037.820924,790001
299,62037.820924,792643
300,62037.820924,795300
301,62037.820924,797954
302,62037.820924,800610
303,62037.820924,803251
304,62037.820924,805906
305,62037.820924,808551
306,62037.820924,811203
62037.820924,4.480616
