1,7869.463530,2376
2,7857.965090,5041
3,7853.448693,7706
4,7853.241566,10371
5,7853.241566,13029
6,7853.241566,15682
7,7852.567651,18335
8,7852.567651,20997
9,7852.567651,23657
10,7852.567651,26310
11,7852.567651,28966
12,7852.567651,31626
13,7852.567651,34267
14,7852.567651,36926
15,7852.567651,39588
16,7852.567651,42234
17,7852.567651,44875
18,7852.567651,47519
19,7852.567651,50158
20,7852.567651,52805
21,7852.567651,55448
22,7852.567651,58078
23,7851.042301,60682
24,7850.477058,63308
25,7850.477058,65936
26,7850.477058,68574
27,7850.477058,71194
28,7850.477058,73837
29,7850.477058,76450
30,7850.477058,79089
31,7850.477058,81717
32,7850.477058,84339
33,7850.477058,86944
34,7850.477058,89560
35,7849.696684,92162
36,7846.922045,94758
37,7846.922045,97341
38,7846.922045,99944
39,7846.922045,102511
40,7846.922045,105120
41,7846.922045,107691
42,7846.922045,110282
43,7846.922045,112844
44,7846.922045,115426
45,7846.922045,117980
46,7846.922045,120572
47,7846.922045,123128
48,7846.922045,125713
49,7846.922045,128244
50,7846.922045,130800
51,7846.922045,133293
52,7846.922045,135816
53,7846.922045,138293
54,7846.922045,140808
55,7846.922045,143275
56,7846.922045,145778
57,7846.922045,148218
58,7846.922045,150717
59,7846.922045,153161
60,7846.922045,155671
61,7846.922045,158124
62,7846.922045,160607
63,7846.922045,163045
64,7846.922045,165548
65,7846.922045,167998
66,7846.922045,170525
67,7846.922045,172997
68,7846.922045,175539
69,7846.922045,178023
70,7846.922045,180570
71,7846.922045,183078
72,7846.922045,185656
73,7846.922045,188163
74,7846.922045,190732
75,7846.922045,193246
76,7846.922045,195846
77,7846.922045,198391
78,7846.922045,200992
79,7846.922045,203566
80,7846.922045,206195
81,7846.922045,208780
82,7846.922045,211384
83,7846.922045,213938
84,7846.922045,216529
85,7846.922045,219085
86,7846.922045,221662
87,7846.922045,224223
88,7846.922045,226811
89,7846.922045,229364
90,7846.922045,231951
91,7846.922045,234519
92,7846.922045,237128
93,7846.922045,239718
94,7846.922045,242324
95,7846.922045,244913
96,7846.922045,247523
97,7846.922045,250112
98,7846.922045,252697
99,7846.922045,255254
100,7846.922045,257882
101,7846.922045,260491
102,7846.922045,263115
103,7846.922045,265726
104,7846.922045,268342
105,7846.922045,270922
106,7846.922045,273555
107,7846.922045,276154
108,7846.922045,278790
109,7846.922045,281427
110,7846.922045,284061
111,7846.922045,286683
112,7846.922045,289296
113,7846.922045,291895
114,7846.922045,294513
115,7846.922045,297097
116,7846.922045,299721
117,7846.922045,302334
118,7846.922045,304958
119,7846.922045,307579
120,7846.922045,310197
121,7846.922045,312807
122,7846.922045,315418
123,7846.922045,318022
124,7846.922045,320639
125,7846.922045,323246
126,7846.922045,325863
127,7846.922045,328477
128,7846.922045,331090
129,7846.922045,333703
130,7846.922045,336298
131,7846.922045,338904
132,7846.922045,341510
133,7846.922045,344109
134,7846.922045,346705
135,7846.922045,349306
136,7846.922045,351891
137,7846.922045,354464
138,7846.922045,357040
139,7846.922045,359634
140,7846.922045,362222
141,7846.922045,364796
142,7846.922045,367394
143,7846.922045,370005
144,7846.922045,372633
145,7846.922045,375266
146,7846.922045,377884
147,7846.922045,380493
148,7846.922045,383088
149,7846.922045,385707
150,7846.922045,388325
151,7846.922045,390917
152,7846.922045,393525
153,7846.922045,396097
154,7846.922045,398706
155,7846.922045,401283
156,7846.922045,403859
157,7846.922045,406435
158,7846.922045,409019
159,7846.922045,411594
160,7846.922045,414171
161,7846.922045,416718
162,7846.922045,419304
163,7846.922045,421860
164,7846.922045,424448
165,7846.922045,427010
166,7846.922045,429602
167,7846.922045,432177
168,7846.922045,434801
169,7846.922045,437387
170,7846.922045,439973
171,7846.922045,442559
172,7846.922045,445126
173,7846.922045,447688
174,7846.922045,450288
175,7846.922045,452844
176,7846.922045,455413
177,7846.922045,457942
178,7846.922045,460538
179,7846.922045,463075
180,7846.922045,465629
181,7846.922045,468153
182,7846.922045,470700
183,7846.922045,473195
184,7846.922045,475726
185,7846.922045,478205
186,7846.922045,480716
187,7846.922045,483173
188,7846.922045,485678
189,7846.922045,488129
190,7846.922045,490671
191,7846.922045,493151
192,7846.922045,495665
193,7846.922045,498123
194,7846.922045,500633
195,7846.922045,503082
196,7846.922045,505572
197,7846.922045,508025
198,7846.922045,510541
199,7846.922045,512998
200,7846.922045,515486
201,7846.922045,517934
202,7846.922045,520431
203,7846.922045,522877
204,7846.922045,525376
205,7846.922045,527823
206,7846.922045,530301
207,7846.922045,532738
208,7846.922045,535238
209,7846.922045,537680
210,7846.922045,540160
211,7846.922045,542605
212,7846.922045,545106
213,7846.922045,547560
214,7846.922045,550059
215,7846.922045,552502
216,7846.922045,555003
217,7846.922045,557465
218,7846.922045,559975
219,7846.922045,562429
220,7846.922045,564923
221,7846.922045,567374
222,7846.922045,569875
223,7846.922045,572319
224,7846.922045,574793
225,7846.922045,577233
226,7846.922045,579718
227,7846.922045,582153
228,7846.922045,584641
229,7846.922045,587086
230,7846.922045,589575
231,7846.922045,592029
232,7846.922045,594527
233,7846.922045,596985
234,7846.922045,599492
235,7846.922045,601954
236,7846.922045,604451
237,7846.922045,606895
238,7846.922045,609421
239,7846.922045,611882
240,7846.922045,614397
241,7846.922045,616846
242,7846.922045,619355
243,7846.922045,621827
244,7846.922045,624347
245,7846.922045,626839
246,7846.922045,629356
247,7846.922045,631829
248,7846.922045,634333
249,7846.922045,636799
250,7846.922045,639298
251,7846.922045,641764
252,7846.922045,644244
253,7846.922045,646700
254,7846.922045,649210
255,7846.922045,651681
256,7846.922045,654181
257,7846.922045,656624
258,7846.922045,659122
259,7846.922045,661570
260,7846.922045,664060
261,7846.922045,666504
262,7846.922045,669005
263,7846.922045,671455
264,7846.922045,673938
265,7846.922045,676381
266,7846.922045,678871
267,7846.922045,681324
268,7846.922045,683808
269,7846.922045,686257
270,7846.922045,688759
271,7846.922045,691213
272,7846.922045,693706
273,7846.922045,696153
274,7846.922045,698640
275,7846.922045,701089
276,7846.922045,703597
277,7846.922045,706064
278,7846.922045,708567
279,7846.922045,711032
280,7846.922045,713541
281,7846.922045,716005
282,7846.922045,718516
283,7846.922045,720981
284,7846.922045,723488
285,7846.922045,725953
7846.922045,8.585069
1,7869.131241,2376
2,7856.205897,5016
3,7853.359190,7655
4,7853.359190,10295
5,7852.567651,12933
6,7852.567651,15565
7,7852.567651,18194
8,7852.567651,20821
9,7851.042301,23457
10,7851.042301,26067
11,7851.042301,28703
12,7851.042301,31333
13,7851.042301,33965
14,7851.042301,36595
15,7850.683068,39227
16,7850.683068,41861
17,7850.683068,44498
18,7850.683068,47128
19,7850.683068,49761
20,7850.683068,52378
21,7850.683068,55005
22,7850.683068,57635
23,7850.683068,60254
24,7850.683068,62882
25,7850.683068,65513
26,7850.683068,68143
27,7850.683068,70762
28,7850.683068,73392
29,7850.683068,76018
30,7850.683068,78645
31,7850.683068,81280
32,7850.683068,83904
33,7850.683068,86527
34,7850.683068,89154
35,7850.683068,91784
36,7850.683068,94415
37,7850.683068,97035
38,7850.683068,99656
39,7850.683068,102274
40,7850.683068,104900
41,7850.683068,107501
42,7850.683068,110101
43,7850.683068,112693
44,7850.683068,115304
45,7849.696684,117896
46,7849.046005,120509
47,7849.046005,123113
48,7849.046005,125722
49,7849.046005,128279
50,7849.046005,130878
51,7846.947714,133460
52,7846.947714,136071
53,7846.947714,138671
54,7846.947714,141293
55,7846.947714,143904
56,7846.947714,146514
57,7846.922045,149122
58,7846.922045,151738
59,7846.922045,154327
60,7846.922045,156953
61,7846.922045,159564
62,7846.922045,162181
63,7846.922045,164792
64,7846.922045,167415
65,7846.922045,170013
66,7846.922045,172614
67,7846.922045,175217
68,7846.922045,177837
69,7846.922045,180445
70,7846.922045,183050
71,7846.922045,185660
72,7846.922045,188269
73,7846.922045,190861
74,7846.922045,193457
75,7846.922045,196057
76,7846.922045,198659
77,7846.922045,201240
78,7846.922045,203856
79,7846.922045,206449
80,7846.922045,209058
81,7846.922045,211662
82,7846.922045,214252
83,7846.922045,216842
84,7846.922045,219440
85,7846.922045,222040
86,7846.922045,224641
87,7846.922045,227245
88,7846.922045,229850
89,7846.922045,232450
90,7846.922045,235042
91,7846.922045,237641
92,7846.922045,240244
93,7846.922045,242822
94,7846.922045,245424
95,7846.922045,248015
96,7846.922045,250620
97,7846.922045,253220
98,7846.922045,255814
99,7846.922045,258404
100,7846.922045,260991
101,7846.922045,263572
102,7846.922045,266166
103,7846.922045,268760
104,7846.922045,271339
105,7846.922045,273913
106,7846.922045,276489
107,7846.922045,279062
108,7846.922045,281676
109,7846.922045,284263
110,7846.922045,286867
111,7846.922045,289436
112,7846.922045,292048
113,7846.922045,294626
114,7846.922045,297194
115,7846.922045,299742
116,7846.922045,302306
117,7846.922045,304872
118,7846.922045,307453
119,7846.922045,310016
120,7846.922045,312595
121,7846.922045,315155
122,7846.922045,317730
123,7846.922045,320281
124,7846.922045,322863
125,7846.922045,325432
126,7846.922045,328010
127,7846.922045,330576
128,7846.922045,333149
129,7846.922045,335685
130,7846.922045,338266
131,7846.922045,340809
132,7846.922045,343398
133,7846.922045,345963
134,7846.922045,348552
135,7846.922045,351119
136,7846.922045,353717
137,7846.922045,356295
138,7846.922045,358885
139,7846.922045,361455
140,7846.922045,364050
141,7846.922045,366639
142,7846.922045,369219
143,7846.922045,371780
144,7846.922045,374364
145,7846.922045,376912
146,7846.922045,379497
147,7846.922045,382052
148,7846.922045,384622
149,7846.922045,387191
150,7846.922045,389784
151,7846.922045,392369
152,7846.922045,394979
153,7846.922045,397580
154,7846.922045,400193
155,7846.922045,402787
156,7846.922045,405376
157,7846.922045,407969
158,7846.922045,410588
159,7846.922045,413179
160,7846.922045,415773
161,7846.922045,418365
162,7846.922045,420954
163,7846.922045,423542
164,7846.922045,426140
165,7846.922045,428710
166,7846.922045,431305
167,7846.922045,433876
168,7846.922045,436474
169,7846.922045,439057
170,7846.922045,441658
171,7846.922045,444261
172,7846.922045,446860
173,7846.922045,449450
174,7846.922045,452032
175,7846.922045,454630
176,7846.922045,457227
177,7846.922045,459807
178,7846.922045,462406
179,7846.922045,464984
180,7846.922045,467584
181,7846.922045,470163
182,7846.922045,472755
183,7846.922045,475348
184,7846.922045,477923
185,7846.922045,480505
186,7846.922045,483092
187,7846.922045,485672
188,7846.922045,488256
189,7846.922045,490830
190,7846.922045,493410
191,7846.922045,495985
192,7846.922045,498571
193,7846.922045,501137
194,7846.922045,503705
195,7846.922045,506271
196,7846.922045,508874
197,7846.922045,511467
198,7846.922045,514051
199,7846.922045,516619
200,7846.922045,519206
201,7846.922045,521782
202,7846.922045,524356
203,7846.922045,526921
204,7846.922045,529492
205,7846.922045,532050
206,7846.922045,534662
207,7846.922045,537263
208,7846.922045,539852
209,7846.922045,542437
210,7846.922045,545024
211,7846.922045,547601
212,7846.922045,550192
213,7846.922045,552757
214,7846.922045,555340
215,7846.922045,557930
216,7846.922045,560512
217,7846.922045,563102
218,7846.922045,565714
219,7846.922045,568305
220,7846.922045,570908
221,7846.922045,573492
222,7846.922045,576091
223,7846.922045,578667
224,7846.922045,581249
225,7846.922045,583833
226,7846.922045,586414
227,7846.922045,589001
228,7846.922045,591596
229,7846.922045,594199
230,7846.922045,596819
231,7846.922045,599415
232,7846.922045,602020
233,7846.922045,604615
234,7846.922045,607209
235,7846.922045,609795
236,7846.922045,612397
237,7846.922045,614968
238,7846.922045,617563
239,7846.922045,620138
240,7846.922045,622714
241,7846.922045,625278
242,7846.922045,627840
243,7846.922045,630380
244,7846.922045,632940
245,7846.922045,635488
246,7846.922045,638045
247,7846.922045,640586
248,7846.922045,643158
249,7846.922045,645702
250,7846.922045,648273
251,7846.922045,650817
252,7846.922045,653368
253,7846.922045,655900
254,7846.922045,658486
255,7846.922045,661043
256,7846.922045,663645
257,7846.922045,666228
258,7846.922045,668827
259,7846.922045,671408
260,7846.922045,674001
261,7846.922045,676566
262,7846.922045,679143
263,7846.922045,681710
264,7846.922045,684277
265,7846.922045,686853
266,7846.922045,689453
267,7846.922045,692026
268,7846.922045,694619
269,7846.922045,697177
270,7846.922045,699758
271,7846.922045,702320
272,7846.922045,704922
273,7846.922045,707517
274,7846.922045,710109
275,7846.922045,712679
276,7846.922045,715241
277,7846.922045,717802
278,7846.922045,720390
279,7846.922045,722960
280,7846.922045,725563
7846.922045,8.556763
1,7883.722521,2376
2,7856.962529,5037
3,7853.806822,7698
4,7853.806822,10359
5,7852.567651,13020
6,7852.567651,15668
7,7852.567651,18313
8,7852.567651,20960
9,7852.567651,23606
10,7852.567651,26247
11,7852.567651,28892
12,7852.567651,31531
13,7852.567651,34178
14,7852.567651,36822
15,7852.567651,39476
16,7852.567651,42129
17,7852.567651,44767
18,7852.567651,47415
19,7852.567651,50064
20,7852.567651,52713
21,7852.567651,55354
22,7852.567651,57993
23,7852.567651,60635
24,7852.567651,63286
25,7852.567651,65928
26,7852.567651,68575
27,7852.098641,71211
28,7852.098641,73853
29,7852.098641,76479
30,7852.098641,79106
31,7852.098641,81731
32,7852.098641,84368
33,7852.098641,86998
34,7852.098641,89639
35,7852.098641,92233
36,7852.098641,94857
37,7852.098641,97459
38,7852.098641,100078
39,7851.849785,102681
40,7851.849785,105303
41,7849.696684,107915
42,7849.696684,110541
43,7849.696684,113158
44,7849.696684,115790
45,7849.696684,118400
46,7846.922045,121018
47,7846.922045,123634
48,7846.922045,126254
49,7846.922045,128879
50,7846.922045,131515
51,7846.922045,134144
52,7846.922045,136772
53,7846.922045,139394
54,7846.922045,142023
55,7846.922045,144635
56,7846.922045,147269
57,7846.922045,149881
58,7846.922045,152498
59,7846.922045,155087
60,7846.922045,157692
61,7846.922045,160308
62,7846.922045,162937
63,7846.922045,165541
64,7846.922045,168152
65,7846.922045,170787
66,7846.922045,173410
67,7846.922045,176033
68,7846.922045,178668
69,7846.922045,181303
70,7846.922045,183935
71,7846.922045,186552
72,7846.922045,189188
73,7846.922045,191802
74,7846.922045,194422
75,7846.922045,197027
76,7846.922045,199657
77,7846.922045,202255
78,7846.922045,204864
79,7846.922045,207460
80,7846.922045,210063
81,7846.922045,212692
82,7846.922045,215325
83,7846.922045,217927
84,7846.922045,220550
85,7846.922045,223157
86,7846.922045,225781
87,7846.922045,228398
88,7846.922045,231031
89,7846.922045,233628
90,7846.922045,236234
91,7846.922045,238805
92,7846.922045,241406
93,7846.922045,243997
94,7846.922045,246593
95,7846.922045,249181
96,7846.922045,251780
97,7846.922045,254364
98,7846.922045,256958
99,7846.922045,259533
100,7846.922045,262115
101,7846.922045,264693
102,7846.922045,267286
103,7846.922045,269863
104,7846.922045,272465
105,7846.922045,275054
106,7846.922045,277657
107,7846.922045,280258
108,7846.922045,282870
109,7846.922045,285477
110,7846.922045,288072
111,7846.922045,290679
112,7846.922045,293303
113,7846.922045,295891
114,7846.922045,298523
115,7846.922045,301122
116,7846.922045,303732
117,7846.922045,306347
118,7846.922045,308973
119,7846.922045,311578
120,7846.922045,314186
121,7846.922045,316788
122,7846.922045,319411
123,7846.922045,322012
124,7846.922045,324622
125,7846.922045,327208
126,7846.922045,329819
127,7846.922045,332413
128,7846.922045,335013
129,7846.922045,337618
130,7846.922045,340207
131,7846.922045,342818
132,7846.922045,345424
133,7846.922045,348027
134,7846.922045,350642
135,7846.922045,353232
136,7846.922045,355850
137,7846.922045,358446
138,7846.922045,361044
139,7846.922045,363622
140,7846.922045,366225
141,7846.922045,368821
142,7846.922045,371449
143,7846.922045,374030
144,7846.922045,376621
145,7846.922045,379174
146,7846.922045,381793
147,7846.922045,384402
148,7846.922045,387028
149,7846.922045,389651
150,7846.922045,392267
151,7846.922045,394839
152,7846.922045,397415
153,7846.922045,400007
154,7846.922045,402616
155,7846.922045,405201
156,7846.922045,407804
157,7846.922045,410375
158,7846.922045,412993
159,7846.922045,415577
160,7846.922045,418189
161,7846.922045,420743
162,7846.922045,423354
163,7846.922045,425933
164,7846.922045,428555
165,7846.922045,431144
166,7846.922045,433760
167,7846.922045,436332
168,7846.922045,438938
169,7846.922045,441503
170,7846.922045,444101
171,7846.922045,446671
172,7846.922045,449266
173,7846.922045,451840
174,7846.922045,454453
175,7846.922045,457046
176,7846.922045,459654
177,7846.922045,462239
178,7846.922045,464842
179,7846.922045,467429
180,7846.922045,470031
181,7846.922045,472631
182,7846.922045,475233
183,7846.922045,477837
184,7846.922045,480458
185,7846.922045,483063
186,7846.922045,485688
187,7846.922045,488303
188,7846.922045,490930
189,7846.922045,493541
190,7846.922045,496172
191,7846.922045,498787
192,7846.922045,501391
193,7846.922045,503997
194,7846.922045,506599
195,7846.922045,509209
196,7846.922045,511818
197,7846.922045,514429
198,7846.922045,517050
199,7846.922045,519650
200,7846.922045,522245
201,7846.922045,524842
202,7846.922045,527449
203,7846.922045,530057
204,7846.922045,532671
205,7846.922045,535236
206,7846.922045,537837
207,7846.922045,540409
208,7846.922045,543002
209,7846.922045,545557
210,7846.922045,548118
211,7846.922045,550650
212,7846.922045,553228
213,7846.922045,555773
214,7846.922045,558351
215,7846.922045,560912
216,7846.922045,563487
217,7846.922045,566028
218,7846.922045,568588
219,7846.922045,571121
220,7846.922045,573697
221,7846.922045,576258
222,7846.922045,578813
223,7846.922045,581336
224,7846.922045,583881
225,7846.922045,586366
226,7846.922045,588886
227,7846.922045,591361
228,7846.922045,593915
229,7846.922045,596439
230,7846.922045,599012
231,7846.922045,601528
232,7846.922045,604101
233,7846.922045,606607
234,7846.922045,609182
235,7846.922045,611722
236,7846.922045,614301
237,7846.922045,616838
238,7846.922045,619390
239,7846.922045,621891
240,7846.922045,624440
241,7846.922045,626942
242,7846.922045,629486
243,7846.922045,631989
244,7846.922045,634578
245,7846.922045,637087
246,7846.922045,639662
247,7846.922045,642177
248,7846.922045,644757
249,7846.922045,647281
250,7846.922045,649856
251,7846.922045,652357
252,7846.922045,654931
253,7846.922045,657449
254,7846.922045,660021
255,7846.922045,662532
256,7846.922045,665109
257,7846.922045,667657
258,7846.922045,670255
259,7846.922045,672842
260,7846.922045,675458
261,7846.922045,678047
262,7846.922045,680642
263,7846.922045,683204
264,7846.922045,685819
265,7846.922045,688425
266,7846.922045,691059
267,7846.922045,693665
268,7846.922045,696271
269,7846.922045,698854
270,7846.922045,701464
271,7846.922045,704016
272,7846.922045,706611
273,7846.922045,709167
274,7846.922045,711769
275,7846.922045,714318
276,7846.922045,716872
277,7846.922045,719402
278,7846.922045,721989
279,7846.922045,724538
280,7846.922045,727138
7846.922045,9.751727
1,7871.131691,2376
2,7859.461330,5034
3,7856.147129,7692
4,7856.147129,10348
5,7852.567651,13006
6,7852.567651,15649
7,7852.567651,18297
8,7852.567651,20945
9,7852.567651,23583
10,7852.567651,26233
11,7852.567651,28883
12,7852.567651,31530
13,7852.567651,34176
14,7852.567651,36823
15,7852.567651,39466
16,7852.567651,42112
17,7852.567651,44763
18,7852.567651,47404
19,7852.567651,50041
20,7852.567651,52691
21,7852.567651,55337
22,7852.567651,57960
23,7852.098641,60594
24,7852.098641,63224
25,7850.704653,65857
26,7850.704653,68492
27,7850.704653,71117
28,7850.704653,73764
29,7850.683068,76407
30,7850.683068,79037
31,7850.683068,81650
32,7850.683068,84274
33,7850.683068,86857
34,7850.683068,89440
35,7850.683068,91999
36,7850.683068,94591
37,7850.683068,97159
38,7850.683068,99754
39,7850.477058,102306
40,7850.477058,104916
41,7850.477058,107477
42,7850.477058,110084
43,7850.477058,112669
44,7849.395130,115269
45,7849.395130,117851
46,7846.922045,120477
47,7846.922045,123083
48,7846.922045,125694
49,7846.922045,128284
50,7846.922045,130914
51,7846.922045,133517
52,7846.922045,136136
53,7846.922045,138728
54,7846.922045,141359
55,7846.922045,143976
56,7846.922045,146613
57,7846.922045,149224
58,7846.922045,151836
59,7846.922045,154430
60,7846.922045,157045
61,7846.922045,159642
62,7846.922045,162246
63,7846.922045,164865
64,7846.922045,167457
65,7846.922045,170080
66,7846.922045,172670
67,7846.922045,175267
68,7846.922045,177866
69,7846.922045,180454
70,7846.922045,183040
71,7846.922045,185625
72,7846.922045,188198
73,7846.922045,190769
74,7846.922045,193364
75,7846.922045,195959
76,7846.922045,198546
77,7846.922045,201107
78,7846.922045,203687
79,7846.922045,206270
80,7846.922045,208870
81,7846.922045,211476
82,7846.922045,214083
83,7846.922045,216658
84,7846.922045,219282
85,7846.922045,221877
86,7846.922045,224498
87,7846.922045,227082
88,7846.922045,229703
89,7846.922045,232291
90,7846.922045,234915
91,7846.922045,237535
92,7846.922045,240141
93,7846.922045,242743
94,7846.922045,245349
95,7846.922045,247957
96,7846.922045,250558
97,7846.922045,253166
98,7846.922045,255769
99,7846.922045,258380
100,7846.922045,261007
101,7846.922045,263633
102,7846.922045,266249
103,7846.922045,268859
104,7846.922045,271487
105,7846.922045,274084
106,7846.922045,276691
107,7846.922045,279270
108,7846.922045,281882
109,7846.922045,284446
110,7846.922045,287061
111,7846.922045,289642
112,7846.922045,292247
113,7846.922045,294816
114,7846.922045,297402
115,7846.922045,299940
116,7846.922045,302510
117,7846.922045,305037
118,7846.922045,307625
119,7846.922045,310193
120,7846.922045,312784
121,7846.922045,315348
122,7846.922045,317955
123,7846.922045,320539
124,7846.922045,323160
125,7846.922045,325728
126,7846.922045,328315
127,7846.922045,330900
128,7846.922045,333510
129,7846.922045,336099
130,7846.922045,338710
131,7846.922045,341282
132,7846.922045,343879
133,7846.922045,346448
134,7846.922045,349065
135,7846.922045,351626
136,7846.922045,354216
137,7846.922045,356756
138,7846.922045,359337
139,7846.922045,361865
140,7846.922045,364448
141,7846.922045,366985
142,7846.922045,369547
143,7846.922045,372056
144,7846.922045,374601
145,7846.922045,377083
146,7846.922045,379604
147,7846.922045,382068
148,7846.922045,384573
149,7846.922045,387035
150,7846.922045,389538
151,7846.922045,391986
152,7846.922045,394484
153,7846.922045,396931
154,7846.922045,399408
155,7846.922045,401842
156,7846.922045,404326
157,7846.922045,406775
158,7846.922045,409280
159,7846.922045,411726
160,7846.922045,414225
161,7846.922045,416691
162,7846.922045,419201
163,7846.922045,421651
164,7846.922045,424129
165,7846.922045,426570
166,7846.922045,429069
167,7846.922045,431520
168,7846.922045,434012
169,7846.922045,436464
170,7846.922045,438978
171,7846.922045,441443
172,7846.922045,443940
173,7846.922045,446397
174,7846.922045,448906
175,7846.922045,451357
176,7846.922045,453849
177,7846.922045,456314
178,7846.922045,458816
179,7846.922045,461292
180,7846.922045,463816
181,7846.922045,466303
182,7846.922045,468826
183,7846.922045,471303
184,7846.922045,473821
185,7846.922045,476296
186,7846.922045,478812
187,7846.922045,481278
188,7846.922045,483782
189,7846.922045,486250
190,7846.922045,488748
191,7846.922045,491208
192,7846.922045,493710
193,7846.922045,496173
194,7846.922045,498665
195,7846.922045,501130
196,7846.922045,503638
197,7846.922045,506122
198,7846.922045,508638
199,7846.922045,511111
200,7846.922045,513626
201,7846.922045,516105
202,7846.922045,518622
203,7846.922045,521084
204,7846.922045,523600
205,7846.922045,526054
206,7846.922045,528552
207,7846.922045,531001
208,7846.922045,533495
209,7846.922045,535938
210,7846.922045,538413
211,7846.922045,540864
212,7846.922045,543353
213,7846.922045,545814
214,7846.922045,548314
215,7846.922045,550803
216,7846.922045,553338
217,7846.922045,555832
218,7846.922045,558340
219,7846.922045,560805
220,7846.922045,563299
221,7846.922045,565755
222,7846.922045,568235
223,7846.922045,570689
224,7846.922045,573178
225,7846.922045,575624
226,7846.922045,578127
227,7846.922045,580586
228,7846.922045,583094
229,7846.922045,585577
230,7846.922045,588105
231,7846.922045,590576
232,7846.922045,593103
233,7846.922045,595579
234,7846.922045,598100
235,7846.922045,600576
236,7846.922045,603083
237,7846.922045,605570
238,7846.922045,608068
239,7846.922045,610526
240,7846.922045,613010
241,7846.922045,615466
242,7846.922045,617980
243,7846.922045,620452
244,7846.922045,622941
245,7846.922045,625399
246,7846.922045,627909
247,7846.922045,630371
248,7846.922045,632883
249,7846.922045,635349
250,7846.922045,637853
251,7846.922045,640332
252,7846.922045,642839
253,7846.922045,645319
254,7846.922045,647828
255,7846.922045,650297
256,7846.922045,652803
257,7846.922045,655273
258,7846.922045,657782
259,7846.922045,660271
260,7846.922045,662786
261,7846.922045,665269
262,7846.922045,667802
263,7846.922045,670288
264,7846.922045,672793
265,7846.922045,675260
266,7846.922045,677764
267,7846.922045,680232
268,7846.922045,682731
269,7846.922045,685198
270,7846.922045,687704
271,7846.922045,690171
272,7846.922045,692677
273,7846.922045,695136
274,7846.922045,697666
275,7846.922045,700150
276,7846.922045,702674
277,7846.922045,705155
278,7846.922045,707658
279,7846.922045,710121
280,7846.922045,712609
281,7846.922045,715084
282,7846.922045,717594
283,7846.922045,720107
284,7846.922045,722651
285,7846.922045,725168
286,7846.922045,727693
7846.922045,8.647998
1,7876.889011,2376
2,7856.184729,5000
3,7855.427625,7624
4,7854.353067,10248
5,7854.353067,12872
6,7854.353067,15494
7,7852.567651,18110
8,7852.567651,20723
9,7852.567651,23334
10,7852.567651,25941
11,7852.567651,28558
12,7852.567651,31177
13,7852.567651,33787
14,7852.567651,36397
15,7852.567651,39006
16,7852.567651,41624
17,7851.849785,44231
18,7851.849785,46847
19,7851.849785,49443
20,7851.849785,52031
21,7851.176373,54635
22,7851.042301,57248
23,7851.042301,59847
24,7851.042301,62447
25,7851.042301,65030
26,7851.042301,67622
27,7851.042301,70208
28,7851.042301,72802
29,7851.042301,75395
30,7851.042301,77990
31,7851.042301,80566
32,7851.042301,83153
33,7851.042301,85711
34,7851.042301,88308
35,7850.477058,90886
36,7850.477058,93476
37,7850.156508,96052
38,7850.156508,98630
39,7849.714980,101202
40,7849.714980,103779
41,7849.714980,106364
42,7849.714980,108951
43,7849.714980,111541
44,7849.714980,114140
45,7849.714980,116725
46,7849.714980,119320
47,7849.696684,121914
48,7849.696684,124519
49,7849.696684,127115
50,7849.696684,129720
51,7846.947714,132311
52,7846.947714,134924
53,7846.947714,137516
54,7846.947714,140126
55,7846.947714,142725
56,7846.947714,145329
57,7846.947714,147911
58,7846.947714,150517
59,7846.922045,153111
60,7846.922045,155704
61,7846.922045,158288
62,7846.922045,160897
63,7846.922045,163487
64,7846.922045,166076
65,7846.922045,168662
66,7846.922045,171240
67,7846.922045,173819
68,7846.922045,176400
69,7846.922045,178965
70,7846.922045,181530
71,7846.922045,184105
72,7846.922045,186684
73,7846.922045,189275
74,7846.922045,191859
75,7846.922045,194451
76,7846.922045,197016
77,7846.922045,199558
78,7846.922045,202138
79,7846.922045,204709
80,7846.922045,207310
81,7846.922045,209902
82,7846.922045,212493
83,7846.922045,215075
84,7846.922045,217662
85,7846.922045,220244
86,7846.922045,222833
87,7846.922045,225410
88,7846.922045,227989
89,7846.922045,230555
90,7846.922045,233119
91,7846.922045,235679
92,7846.922045,238246
93,7846.922045,240815
94,7846.922045,243387
95,7846.922045,245966
96,7846.922045,248562
97,7846.922045,251141
98,7846.922045,253724
99,7846.922045,256309
100,7846.922045,258885
101,7846.922045,261454
102,7846.922045,264050
103,7846.922045,266633
104,7846.922045,269213
105,7846.922045,271792
106,7846.922045,274374
107,7846.922045,276938
108,7846.922045,279511
109,7846.922045,282078
110,7846.922045,284659
111,7846.922045,287225
112,7846.922045,289793
113,7846.922045,292311
114,7846.922045,294885
115,7846.922045,297453
116,7846.922045,300022
117,7846.922045,302587
118,7846.922045,305159
119,7846.922045,307711
120,7846.922045,310285
121,7846.922045,312839
122,7846.922045,315402
123,7846.922045,317935
124,7846.922045,320496
125,7846.922045,323026
126,7846.922045,325571
127,7846.922045,328064
128,7846.922045,330600
129,7846.922045,333089
130,7846.922045,335589
131,7846.922045,338076
132,7846.922045,340584
133,7846.922045,343059
134,7846.922045,345561
135,7846.922045,348038
136,7846.922045,350549
137,7846.922045,353005
138,7846.922045,355495
139,7846.922045,357948
140,7846.922045,360427
141,7846.922045,362869
142,7846.922045,365346
143,7846.922045,367793
144,7846.922045,370270
145,7846.922045,372705
146,7846.922045,375173
147,7846.922045,377612
148,7846.922045,380091
149,7846.922045,382531
150,7846.922045,385006
151,7846.922045,387451
152,7846.922045,389951
153,7846.922045,392398
154,7846.922045,394885
155,7846.922045,397335
156,7846.922045,399824
157,7846.922045,402283
158,7846.922045,404778
159,7846.922045,407238
160,7846.922045,409732
161,7846.922045,412181
162,7846.922045,414670
163,7846.922045,417136
164,7846.922045,419645
165,7846.922045,422109
166,7846.922045,424617
167,7846.922045,427083
168,7846.922045,429581
169,7846.922045,432041
170,7846.922045,434505
171,7846.922045,436939
172,7846.922045,439427
173,7846.922045,441880
174,7846.922045,444374
175,7846.922045,446843
176,7846.922045,449335
177,7846.922045,451793
178,7846.922045,454287
179,7846.922045,456746
180,7846.922045,459233
181,7846.922045,461698
182,7846.922045,464204
183,7846.922045,466672
184,7846.922045,469166
185,7846.922045,471619
186,7846.922045,474116
187,7846.922045,476560
188,7846.922045,479046
189,7846.922045,481498
190,7846.922045,483985
191,7846.922045,486447
192,7846.922045,488918
193,7846.922045,491364
194,7846.922045,493855
195,7846.922045,496319
196,7846.922045,498822
197,7846.922045,501290
198,7846.922045,503760
199,7846.922045,506196
200,7846.922045,508669
201,7846.922045,511113
202,7846.922045,513597
203,7846.922045,516039
204,7846.922045,518518
205,7846.922045,520962
206,7846.922045,523434
207,7846.922045,525879
208,7846.922045,528359
209,7846.922045,530806
210,7846.922045,533300
211,7846.922045,535747
212,7846.922045,538238
213,7846.922045,540684
214,7846.922045,543174
215,7846.922045,545619
216,7846.922045,548095
217,7846.922045,550531
218,7846.922045,553011
219,7846.922045,555464
220,7846.922045,557966
221,7846.922045,560421
222,7846.922045,562907
223,7846.922045,565363
224,7846.922045,567855
225,7846.922045,570316
226,7846.922045,572798
227,7846.922045,575236
228,7846.922045,577716
229,7846.922045,580164
230,7846.922045,582635
231,7846.922045,585087
232,7846.922045,587576
233,7846.922045,590027
234,7846.922045,592513
235,7846.922045,594964
236,7846.922045,597447
237,7846.922045,599902
238,7846.922045,602375
239,7846.922045,604823
240,7846.922045,607318
241,7846.922045,609773
242,7846.922045,612266
243,7846.922045,614724
244,7846.922045,617209
245,7846.922045,619677
246,7846.922045,622161
247,7846.922045,624629
248,7846.922045,627100
249,7846.922045,629550
250,7846.922045,632050
251,7846.922045,634516
252,7846.922045,636997
253,7846.922045,639460
254,7846.922045,641946
255,7846.922045,644411
256,7846.922045,646901
257,7846.922045,649358
258,7846.922045,651854
259,7846.922045,654324
260,7846.922045,656827
261,7846.922045,659295
262,7846.922045,661817
263,7846.922045,664294
264,7846.922045,666811
265,7846.922045,669284
266,7846.922045,671777
267,7846.922045,674231
268,7846.922045,676720
269,7846.922045,679167
270,7846.922045,681625
271,7846.922045,684049
272,7846.922045,686522
273,7846.922045,688958
274,7846.922045,691430
275,7846.922045,693872
276,7846.922045,696351
277,7846.922045,698794
278,7846.922045,701261
279,7846.922045,703697
280,7846.922045,706173
281,7846.922045,708613
282,7846.922045,711089
283,7846.922045,713536
284,7846.922045,716020
285,7846.922045,718468
286,7846.922045,720943
287,7846.922045,723391
288,7846.922045,725880
7846.922045,9.023547
1,7870.529227,2376
2,7856.184729,5023
3,7854.544004,7670
4,7852.567651,10316
5,7852.567651,12954
6,7852.567651,15601
7,7852.567651,18230
8,7852.567651,20871
9,7852.098641,23514
10,7852.098641,26150
11,7852.098641,28788
12,7852.098641,31418
13,7852.098641,34057
14,7852.098641,36676
15,7852.098641,39308
16,7852.098641,41941
17,7852.098641,44562
18,7852.041749,47192
19,7852.041749,49821
20,7852.041749,52448
21,7850.683068,55072
22,7850.683068,57694
23,7850.683068,60327
24,7850.683068,62959
25,7850.477058,65577
26,7850.477058,68186
27,7850.477058,70789
28,7850.477058,73403
29,7850.477058,75995
30,7850.477058,78614
31,7850.477058,81202
32,7850.477058,83833
33,7850.477058,86431
34,7850.477058,89028
35,7849.696684,91604
36,7849.696684,94189
37,7848.440510,96750
38,7848.440510,99344
39,7848.440510,101894
40,7848.440510,104452
41,7846.922045,106970
42,7846.922045,109535
43,7846.922045,112066
44,7846.922045,114632
45,7846.922045,117177
46,7846.922045,119754
47,7846.922045,122280
48,7846.922045,124866
49,7846.922045,127418
50,7846.922045,130011
51,7846.922045,132576
52,7846.922045,135168
53,7846.922045,137721
54,7846.922045,140271
55,7846.922045,142802
56,7846.922045,145384
57,7846.922045,147945
58,7846.922045,150529
59,7846.922045,153089
60,7846.922045,155671
61,7846.922045,158232
62,7846.922045,160804
63,7846.922045,163334
64,7846.922045,165888
65,7846.922045,168386
66,7846.922045,170920
67,7846.922045,173420
68,7846.922045,175974
69,7846.922045,178479
70,7846.922045,181043
71,7846.922045,183577
72,7846.922045,186118
73,7846.922045,188624
74,7846.922045,191185
75,7846.922045,193686
76,7846.922045,196223
77,7846.922045,198733
78,7846.922045,201277
79,7846.922045,203771
80,7846.922045,206317
81,7846.922045,208813
82,7846.922045,211351
83,7846.922045,213874
84,7846.922045,216447
85,7846.922045,218981
86,7846.922045,221555
87,7846.922045,224097
88,7846.922045,226675
89,7846.922045,229241
90,7846.922045,231834
91,7846.922045,234384
92,7846.922045,236933
93,7846.922045,239462
94,7846.922045,242023
95,7846.922045,244556
96,7846.922045,247118
97,7846.922045,249633
98,7846.922045,252197
99,7846.922045,254733
100,7846.922045,257314
101,7846.922045,259847
102,7846.922045,262443
103,7846.922045,264993
104,7846.922045,267572
105,7846.922045,270139
106,7846.922045,272756
107,7846.922045,275368
108,7846.922045,277982
109,7846.922045,280585
110,7846.922045,283202
111,7846.922045,285817
112,7846.922045,288429
113,7846.922045,291019
114,7846.922045,293619
115,7846.922045,296200
116,7846.922045,298812
117,7846.922045,301392
118,7846.922045,303957
119,7846.922045,306545
120,7846.922045,309105
121,7846.922045,311666
122,7846.922045,314241
123,7846.922045,316797
124,7846.922045,319379
125,7846.922045,321952
126,7846.922045,324534
127,7846.922045,327087
128,7846.922045,329691
129,7846.922045,332283
130,7846.922045,334884
131,7846.922045,337474
132,7846.922045,340073
133,7846.922045,342649
134,7846.922045,345250
135,7846.922045,347834
136,7846.922045,350449
137,7846.922045,353032
138,7846.922045,355628
139,7846.922045,358223
140,7846.922045,360835
141,7846.922045,363437
142,7846.922045,366051
143,7846.922045,368645
144,7846.922045,371268
145,7846.922045,373856
146,7846.922045,376443
147,7846.922045,379051
148,7846.922045,381666
149,7846.922045,384268
150,7846.922045,386873
151,7846.922045,389452
152,7846.922045,392034
153,7846.922045,394600
154,7846.922045,397168
155,7846.922045,399766
156,7846.922045,402365
157,7846.922045,404948
158,7846.922045,407546
159,7846.922045,410109
160,7846.922045,412716
161,7846.922045,415306
162,7846.922045,417894
163,7846.922045,420449
164,7846.922045,423042
165,7846.922045,425626
166,7846.922045,428208
167,7846.922045,430773
168,7846.922045,433352
169,7846.922045,435908
170,7846.922045,438488
171,7846.922045,441060
172,7846.922045,443643
173,7846.922045,446220
174,7846.922045,448815
175,7846.922045,451382
176,7846.922045,453954
177,7846.922045,456503
178,7846.922045,459096
179,7846.922045,461668
180,7846.922045,464251
181,7846.922045,466837
182,7846.922045,469448
183,7846.922045,472041
184,7846.922045,474620
185,7846.922045,477224
186,7846.922045,479822
187,7846.922045,482410
188,7846.922045,485013
189,7846.922045,487579
190,7846.922045,490170
191,7846.922045,492745
192,7846.922045,495322
193,7846.922045,497903
194,7846.922045,500495
195,7846.922045,503058
196,7846.922045,505646
197,7846.922045,508215
198,7846.922045,510814
199,7846.922045,513394
200,7846.922045,515994
201,7846.922045,518587
202,7846.922045,521180
203,7846.922045,523761
204,7846.922045,526361
205,7846.922045,528955
206,7846.922045,531554
207,7846.922045,534162
208,7846.922045,536776
209,7846.922045,539351
210,7846.922045,541966
211,7846.922045,544540
212,7846.922045,547132
213,7846.922045,549687
214,7846.922045,552241
215,7846.922045,554778
216,7846.922045,557341
217,7846.922045,559853
218,7846.922045,562413
219,7846.922045,564931
220,7846.922045,567483
221,7846.922045,569979
222,7846.922045,572509
223,7846.922045,575013
224,7846.922045,577584
225,7846.922045,580087
226,7846.922045,582633
227,7846.922045,585135
228,7846.922045,587693
229,7846.922045,590209
230,7846.922045,592790
231,7846.922045,595317
232,7846.922045,597895
233,7846.922045,600412
234,7846.922045,602992
235,7846.922045,605506
236,7846.922045,608095
237,7846.922045,610648
238,7846.922045,613234
239,7846.922045,615793
240,7846.922045,618374
241,7846.922045,620931
242,7846.922045,623512
243,7846.922045,626048
244,7846.922045,628630
245,7846.922045,631160
246,7846.922045,633700
247,7846.922045,636182
248,7846.922045,638720
249,7846.922045,641210
250,7846.922045,643734
251,7846.922045,646190
252,7846.922045,648701
253,7846.922045,651145
254,7846.922045,653650
255,7846.922045,656093
256,7846.922045,658589
257,7846.922045,661042
258,7846.922045,663535
259,7846.922045,665978
260,7846.922045,668472
261,7846.922045,670944
262,7846.922045,673467
263,7846.922045,675957
264,7846.922045,678477
265,7846.922045,680970
266,7846.922045,683519
267,7846.922045,686014
268,7846.922045,688521
269,7846.922045,690993
270,7846.922045,693525
271,7846.922045,696024
272,7846.922045,698560
273,7846.922045,701057
274,7846.922045,703593
275,7846.922045,706086
276,7846.922045,708622
277,7846.922045,711117
278,7846.922045,713660
279,7846.922045,716170
280,7846.922045,718746
281,7846.922045,721268
282,7846.922045,723841
283,7846.922045,726363
7846.922045,8.708209
1,7877.134334,2376
2,7860.927989,5001
3,7853.448693,7626
4,7852.567651,10251
5,7852.567651,12875
6,7852.567651,15494
7,7852.567651,18107
8,7852.567651,20712
9,7852.567651,23321
10,7852.567651,25941
11,7852.567651,28556
12,7852.567651,31171
13,7852.567651,33784
14,7852.567651,36406
15,7852.567651,39021
16,7852.567651,41635
17,7852.567651,44244
18,7852.567651,46850
19,7852.567651,49464
20,7852.098641,52079
21,7852.098641,54691
22,7852.098641,57305
23,7852.098641,59900
24,7852.098641,62504
25,7852.098641,65097
26,7852.098641,67713
27,7852.098641,70314
28,7852.098641,72930
29,7852.098641,75537
30,7852.098641,78151
31,7852.098641,80758
32,7852.098641,83371
33,7852.098641,85984
34,7852.098641,88596
35,7852.098641,91206
36,7852.098641,93821
37,7850.683068,96431
38,7850.683068,99044
39,7850.683068,101647
40,7850.683068,104266
41,7850.683068,106875
42,7850.683068,109492
43,7850.683068,112091
44,7850.683068,114689
45,7850.683068,117304
46,7850.683068,119924
47,7850.683068,122519
48,7850.683068,125130
49,7850.683068,127730
50,7850.683068,130341
51,7850.477058,132933
52,7850.477058,135547
53,7850.477058,138156
54,7850.477058,140770
55,7850.477058,143373
56,7850.477058,145982
57,7850.477058,148575
58,7850.477058,151184
59,7850.477058,153781
60,7850.477058,156393
61,7850.477058,159011
62,7850.477058,161616
63,7850.477058,164205
64,7850.477058,166813
65,7850.477058,169421
66,7850.477058,172035
67,7850.477058,174651
68,7850.477058,177252
69,7850.477058,179860
70,7850.477058,182464
71,7850.477058,185079
72,7850.477058,187692
73,7850.477058,190298
74,7850.477058,192907
75,7850.477058,195513
76,7850.477058,198118
77,7850.477058,200699
78,7850.477058,203312
79,7850.477058,205899
80,7850.477058,208506
81,7846.922045,211091
82,7846.922045,213707
83,7846.922045,216304
84,7846.922045,218912
85,7846.922045,221517
86,7846.922045,224125
87,7846.922045,226730
88,7846.922045,229339
89,7846.922045,231935
90,7846.922045,234552
91,7846.922045,237151
92,7846.922045,239765
93,7846.922045,242376
94,7846.922045,244981
95,7846.922045,247573
96,7846.922045,250171
97,7846.922045,252751
98,7846.922045,255352
99,7846.922045,257938
100,7846.922045,260548
101,7846.922045,263154
102,7846.922045,265761
103,7846.922045,268360
104,7846.922045,270964
105,7846.922045,273564
106,7846.922045,276176
107,7846.922045,278777
108,7846.922045,281382
109,7846.922045,283993
110,7846.922045,286596
111,7846.922045,289185
112,7846.922045,291801
113,7846.922045,294405
114,7846.922045,297010
115,7846.922045,299614
116,7846.922045,302233
117,7846.922045,304843
118,7846.922045,307453
119,7846.922045,310073
120,7846.922045,312689
121,7846.922045,315309
122,7846.922045,317922
123,7846.922045,320543
124,7846.922045,323149
125,7846.922045,325757
126,7846.922045,328367
127,7846.922045,330975
128,7846.922045,333580
129,7846.922045,336190
130,7846.922045,338800
131,7846.922045,341416
132,7846.922045,344029
133,7846.922045,346626
134,7846.922045,349239
135,7846.922045,351855
136,7846.922045,354462
137,7846.922045,357069
138,7846.922045,359682
139,7846.922045,362284
140,7846.922045,364892
141,7846.922045,367492
142,7846.922045,370101
143,7846.922045,372693
144,7846.922045,375297
145,7846.922045,377885
146,7846.922045,380483
147,7846.922045,383081
148,7846.922045,385695
149,7846.922045,388315
150,7846.922045,390934
151,7846.922045,393538
152,7846.922045,396151
153,7846.922045,398753
154,7846.922045,401369
155,7846.922045,403967
156,7846.922045,406582
157,7846.922045,409172
158,7846.922045,411771
159,7846.922045,414364
160,7846.922045,416976
161,7846.922045,419581
162,7846.922045,422192
163,7846.922045,424788
164,7846.922045,427406
165,7846.922045,430011
166,7846.922045,432619
167,7846.922045,435225
168,7846.922045,437835
169,7846.922045,440448
170,7846.922045,443060
171,7846.922045,445659
172,7846.922045,448270
173,7846.922045,450876
174,7846.922045,453487
175,7846.922045,456093
176,7846.922045,458704
177,7846.922045,461317
178,7846.922045,463926
179,7846.922045,466531
180,7846.922045,469138
181,7846.922045,471750
182,7846.922045,474360
183,7846.922045,476959
184,7846.922045,479559
185,7846.922045,482167
186,7846.922045,484786
187,7846.922045,487398
188,7846.922045,490000
189,7846.922045,492601
190,7846.922045,495216
191,7846.922045,497828
192,7846.922045,500441
193,7846.922045,503044
194,7846.922045,505664
195,7846.922045,508273
196,7846.922045,510881
197,7846.922045,513485
198,7846.922045,516095
199,7846.922045,518699
200,7846.922045,521311
201,7846.922045,523914
202,7846.922045,526523
203,7846.922045,529131
204,7846.922045,531738
205,7846.922045,534346
206,7846.922045,536962
207,7846.922045,539578
208,7846.922045,542190
209,7846.922045,544795
210,7846.922045,547403
211,7846.922045,550012
212,7846.922045,552629
213,7846.922045,555239
214,7846.922045,557854
215,7846.922045,560447
216,7846.922045,563057
217,7846.922045,565659
218,7846.922045,568255
219,7846.922045,570866
220,7846.922045,573477
221,7846.922045,576090
222,7846.922045,578701
223,7846.922045,581319
224,7846.922045,583927
225,7846.922045,586542
226,7846.922045,589153
227,7846.922045,591769
228,7846.922045,594381
229,7846.922045,596990
230,7846.922045,599605
231,7846.922045,602217
232,7846.922045,604824
233,7846.922045,607436
234,7846.922045,610039
235,7846.922045,612645
236,7846.922045,615248
237,7846.922045,617863
238,7846.922045,620462
239,7846.922045,623078
240,7846.922045,625684
241,7846.922045,628286
242,7846.922045,630890
243,7846.922045,633496
244,7846.922045,636106
245,7846.922045,638722
246,7846.922045,641326
247,7846.922045,643935
248,7846.922045,646541
249,7846.922045,649154
250,7846.922045,651770
251,7846.922045,654379
252,7846.922045,656988
253,7846.922045,659600
254,7846.922045,662216
255,7846.922045,664831
256,7846.922045,667435
257,7846.922045,670053
258,7846.922045,672668
259,7846.922045,675279
260,7846.922045,677889
261,7846.922045,680496
262,7846.922045,683114
263,7846.922045,685716
264,7846.922045,688322
265,7846.922045,690937
266,7846.922045,693543
267,7846.922045,696147
268,7846.922045,698759
269,7846.922045,701369
270,7846.922045,703977
271,7846.922045,706585
272,7846.922045,709202
273,7846.922045,711810
274,7846.922045,714419
275,7846.922045,717029
276,7846.922045,719638
277,7846.922045,722254
278,7846.922045,724864
279,7846.922045,727471
7846.922045,8.849998
1,7881.227877,2376
2,7860.566662,5002
3,7853.359190,7628
4,7853.359190,10254
5,7852.567651,12877
6,7852.567651,15493
7,7852.567651,18113
8,7852.567651,20729
9,7852.567651,23350
10,7852.567651,25967
11,7852.567651,28592
12,7852.567651,31215
13,7852.567651,33835
14,7852.567651,36454
15,7852.567651,39071
16,7852.567651,41682
17,7852.567651,44303
18,7852.567651,46910
19,7852.567651,49524
20,7852.567651,52139
21,7852.567651,54742
22,7852.567651,57352
23,7852.567651,59951
24,7852.567651,62565
25,7852.567651,65148
26,7852.567651,67757
27,7852.567651,70350
28,7852.567651,72964
29,7851.042301,75552
30,7849.696684,78152
31,7849.696684,80742
32,7849.696684,83342
33,7849.696684,85934
34,7849.696684,88527
35,7849.696684,91108
36,7849.046005,93706
37,7849.046005,96309
38,7849.046005,98908
39,7849.046005,101499
40,7849.046005,104098
41,7849.046005,106697
42,7849.046005,109305
43,7849.046005,111902
44,7849.046005,114505
45,7849.046005,117108
46,7849.046005,119715
47,7846.922045,122318
48,7846.922045,124928
49,7846.922045,127527
50,7846.922045,130138
51,7846.922045,132746
52,7846.922045,135357
53,7846.922045,137948
54,7846.922045,140530
55,7846.922045,143091
56,7846.922045,145691
57,7846.922045,148272
58,7846.922045,150877
59,7846.922045,153484
60,7846.922045,156087
61,7846.922045,158696
62,7846.922045,161307
63,7846.922045,163917
64,7846.922045,166523
65,7846.922045,169131
66,7846.922045,171725
67,7846.922045,174322
68,7846.922045,176939
69,7846.922045,179549
70,7846.922045,182163
71,7846.922045,184772
72,7846.922045,187391
73,7846.922045,190003
74,7846.922045,192618
75,7846.922045,195223
76,7846.922045,197832
77,7846.922045,200433
78,7846.922045,203044
79,7846.922045,205645
80,7846.922045,208250
81,7846.922045,210855
82,7846.922045,213464
83,7846.922045,216069
84,7846.922045,218676
85,7846.922045,221274
86,7846.922045,223891
87,7846.922045,226499
88,7846.922045,229115
89,7846.922045,231722
90,7846.922045,234340
91,7846.922045,236946
92,7846.922045,239557
93,7846.922045,242170
94,7846.922045,244778
95,7846.922045,247370
96,7846.922045,249980
97,7846.922045,252578
98,7846.922045,255183
99,7846.922045,257762
100,7846.922045,260361
101,7846.922045,262942
102,7846.922045,265550
103,7846.922045,268142
104,7846.922045,270749
105,7846.922045,273352
106,7846.922045,275961
107,7846.922045,278575
108,7846.922045,281173
109,7846.922045,283774
110,7846.922045,286380
111,7846.922045,288985
112,7846.922045,291594
113,7846.922045,294199
114,7846.922045,296812
115,7846.922045,299417
116,7846.922045,302027
117,7846.922045,304642
118,7846.922045,307257
119,7846.922045,309869
120,7846.922045,312482
121,7846.922045,315104
122,7846.922045,317717
123,7846.922045,320333
124,7846.922045,322940
125,7846.922045,325549
126,7846.922045,328169
127,7846.922045,330783
128,7846.922045,333391
129,7846.922045,336007
130,7846.922045,338619
131,7846.922045,341230
132,7846.922045,343849
133,7846.922045,346463
134,7846.922045,349070
135,7846.922045,351681
136,7846.922045,354302
137,7846.922045,356917
138,7846.922045,359530
139,7846.922045,362146
140,7846.922045,364760
141,7846.922045,367376
142,7846.922045,369992
143,7846.922045,372605
144,7846.922045,375226
145,7846.922045,377844
146,7846.922045,380461
147,7846.922045,383080
148,7846.922045,385701
149,7846.922045,388320
150,7846.922045,390934
151,7846.922045,393547
152,7846.922045,396160
153,7846.922045,398783
154,7846.922045,401396
155,7846.922045,404011
156,7846.922045,406619
157,7846.922045,409234
158,7846.922045,411851
159,7846.922045,414462
160,7846.922045,417073
161,7846.922045,419685
162,7846.922045,422297
163,7846.922045,424909
164,7846.922045,427517
165,7846.922045,430128
166,7846.922045,432729
167,7846.922045,435323
168,7846.922045,437938
169,7846.922045,440550
170,7846.922045,443164
171,7846.922045,445775
172,7846.922045,448378
173,7846.922045,450997
174,7846.922045,453603
175,7846.922045,456223
176,7846.922045,458843
177,7846.922045,461462
178,7846.922045,464076
179,7846.922045,466694
180,7846.922045,469306
181,7846.922045,471921
182,7846.922045,474542
183,7846.922045,477156
184,7846.922045,479767
185,7846.922045,482378
186,7846.922045,484991
187,7846.922045,487606
188,7846.922045,490221
189,7846.922045,492829
190,7846.922045,495443
191,7846.922045,498050
192,7846.922045,500661
193,7846.922045,503275
194,7846.922045,505892
195,7846.922045,508509
196,7846.922045,511128
197,7846.922045,513744
198,7846.922045,516348
199,7846.922045,518963
200,7846.922045,521563
201,7846.922045,524175
202,7846.922045,526792
203,7846.922045,529409
204,7846.922045,532010
205,7846.922045,534624
206,7846.922045,537242
207,7846.922045,539864
208,7846.922045,542481
209,7846.922045,545092
210,7846.922045,547709
211,7846.922045,550325
212,7846.922045,552937
213,7846.922045,555544
214,7846.922045,558160
215,7846.922045,560758
216,7846.922045,563368
217,7846.922045,565967
218,7846.922045,568569
219,7846.922045,571166
220,7846.922045,573779
221,7846.922045,576391
222,7846.922045,579002
223,7846.922045,581613
224,7846.922045,584218
225,7846.922045,586827
226,7846.922045,589428
227,7846.922045,592033
228,7846.922045,594651
229,7846.922045,597268
230,7846.922045,599881
231,7846.922045,602495
232,7846.922045,605093
233,7846.922045,607698
234,7846.922045,610305
235,7846.922045,612910
236,7846.922045,615514
237,7846.922045,618124
238,7846.922045,620733
239,7846.922045,623351
240,7846.922045,625965
241,7846.922045,628576
242,7846.922045,631189
243,7846.922045,633798
244,7846.922045,636415
245,7846.922045,639023
246,7846.922045,641637
247,7846.922045,644247
248,7846.922045,646847
249,7846.922045,649465
250,7846.922045,652060
251,7846.922045,654677
252,7846.922045,657282
253,7846.922045,659884
254,7846.922045,662507
255,7846.922045,665118
256,7846.922045,667733
257,7846.922045,670349
258,7846.922045,672965
259,7846.922045,675575
260,7846.922045,678192
261,7846.922045,680802
262,7846.922045,683403
263,7846.922045,686009
264,7846.922045,688612
265,7846.922045,691218
266,7846.922045,693820
267,7846.922045,696421
268,7846.922045,699039
269,7846.922045,701644
270,7846.922045,704259
271,7846.922045,706858
272,7846.922045,709476
273,7846.922045,712084
274,7846.922045,714684
275,7846.922045,717297
276,7846.922045,719911
277,7846.922045,722520
278,7846.922045,725127
279,7846.922045,727734
7846.922045,8.834175
1,7867.219838,2376
2,7857.882290,5008
3,7853.448693,7640
4,7853.448693,10272
5,7852.567651,12900
6,7852.567651,15525
7,7852.567651,18156
8,7852.567651,20780
9,7852.567651,23400
10,7852.567651,26028
11,7852.567651,28646
12,7852.567651,31268
13,7852.567651,33893
14,7852.567651,36517
15,7852.567651,39139
16,7852.567651,41764
17,7852.567651,44382
18,7852.567651,47002
19,7852.567651,49618
20,7852.567651,52244
21,7852.567651,54864
22,7852.567651,57492
23,7852.567651,60109
24,7852.567651,62731
25,7852.567651,65349
26,7852.567651,67967
27,7852.567651,70581
28,7852.567651,73200
29,7852.567651,75816
30,7852.567651,78424
31,7852.567651,81038
32,7852.567651,83656
33,7852.567651,86268
34,7852.567651,88883
35,7852.567651,91486
36,7852.567651,94105
37,7852.567651,96708
38,7852.567651,99315
39,7852.567651,101908
40,7852.567651,104511
41,7852.567651,107106
42,7852.567651,109709
43,7852.567651,112302
44,7852.567651,114893
45,7852.567651,117486
46,7852.567651,120095
47,7852.567651,122695
48,7852.567651,125315
49,7852.567651,127932
50,7851.042301,130557
51,7851.042301,133177
52,7851.042301,135794
53,7851.042301,138403
54,7851.042301,141021
55,7851.042301,143634
56,7851.042301,146248
57,7851.042301,148858
58,7851.042301,151451
59,7851.042301,154053
60,7849.395130,156665
61,7849.395130,159263
62,7849.395130,161872
63,7849.395130,164472
64,7849.395130,167083
65,7848.773683,169646
66,7848.773683,172218
67,7848.773683,174801
68,7848.773683,177408
69,7848.773683,179997
70,7848.773683,182610
71,7846.922045,185218
72,7846.922045,187810
73,7846.922045,190390
74,7846.922045,193003
75,7846.922045,195589
76,7846.922045,198194
77,7846.922045,200796
78,7846.922045,203392
79,7846.922045,205981
80,7846.922045,208577
81,7846.922045,211152
82,7846.922045,213740
83,7846.922045,216329
84,7846.922045,218925
85,7846.922045,221529
86,7846.922045,224124
87,7846.922045,226694
88,7846.922045,229280
89,7846.922045,231866
90,7846.922045,234469
91,7846.922045,237028
92,7846.922045,239616
93,7846.922045,242186
94,7846.922045,244779
95,7846.922045,247353
96,7846.922045,249943
97,7846.922045,252512
98,7846.922045,255095
99,7846.922045,257681
100,7846.922045,260274
101,7846.922045,262840
102,7846.922045,265432
103,7846.922045,268015
104,7846.922045,270595
105,7846.922045,273172
106,7846.922045,275759
107,7846.922045,278324
108,7846.922045,280912
109,7846.922045,283464
110,7846.922045,286033
111,7846.922045,288587
112,7846.922045,291156
113,7846.922045,293683
114,7846.922045,296244
115,7846.922045,298761
116,7846.922045,301325
117,7846.922045,303859
118,7846.922045,306415
119,7846.922045,308951
120,7846.922045,311504
121,7846.922045,314012
122,7846.922045,316560
123,7846.922045,319069
124,7846.922045,321600
125,7846.922045,324116
126,7846.922045,326670
127,7846.922045,329191
128,7846.922045,331737
129,7846.922045,334252
130,7846.922045,336790
131,7846.922045,339294
132,7846.922045,341835
133,7846.922045,344365
134,7846.922045,346907
135,7846.922045,349421
136,7846.922045,351963
137,7846.922045,354452
138,7846.922045,356999
139,7846.922045,359498
140,7846.922045,362048
141,7846.922045,364552
142,7846.922045,367114
143,7846.922045,369627
144,7846.922045,372170
145,7846.922045,374686
146,7846.922045,377233
147,7846.922045,379731
148,7846.922045,382269
149,7846.922045,384766
150,7846.922045,387308
151,7846.922045,389807
152,7846.922045,392350
153,7846.922045,394871
154,7846.922045,397444
155,7846.922045,399975
156,7846.922045,402554
157,7846.922045,405097
158,7846.922045,407675
159,7846.922045,410208
160,7846.922045,412770
161,7846.922045,415306
162,7846.922045,417862
163,7846.922045,420400
164,7846.922045,422991
165,7846.922045,425549
166,7846.922045,428146
167,7846.922045,430722
168,7846.922045,433295
169,7846.922045,435862
170,7846.922045,438439
171,7846.922045,441005
172,7846.922045,443585
173,7846.922045,446146
174,7846.922045,448740
175,7846.922045,451319
176,7846.922045,453915
177,7846.922045,456517
178,7846.922045,459116
179,7846.922045,461691
180,7846.922045,464291
181,7846.922045,466885
182,7846.922045,469483
183,7846.922045,472063
184,7846.922045,474655
185,7846.922045,477242
186,7846.922045,479841
187,7846.922045,482443
188,7846.922045,485036
189,7846.922045,487637
190,7846.922045,490242
191,7846.922045,492841
192,7846.922045,495428
193,7846.922045,498001
194,7846.922045,500590
195,7846.922045,503167
196,7846.922045,505756
197,7846.922045,508333
198,7846.922045,510915
199,7846.922045,513461
200,7846.922045,516027
201,7846.922045,518560
202,7846.922045,521122
203,7846.922045,523666
204,7846.922045,526237
205,7846.922045,528763
206,7846.922045,531330
207,7846.922045,533870
208,7846.922045,536436
209,7846.922045,538966
210,7846.922045,541534
211,7846.922045,544070
212,7846.922045,546628
213,7846.922045,549144
214,7846.922045,551728
215,7846.922045,554292
216,7846.922045,556876
217,7846.922045,559443
218,7846.922045,562023
219,7846.922045,564599
220,7846.922045,567160
221,7846.922045,569675
222,7846.922045,572231
223,7846.922045,574751
224,7846.922045,577316
225,7846.922045,579823
226,7846.922045,582359
227,7846.922045,584844
228,7846.922045,587363
229,7846.922045,589836
230,7846.922045,592348
231,7846.922045,594823
232,7846.922045,597343
233,7846.922045,599830
234,7846.922045,602346
235,7846.922045,604815
236,7846.922045,607345
237,7846.922045,609836
238,7846.922045,612343
239,7846.922045,614818
240,7846.922045,617329
241,7846.922045,619788
242,7846.922045,622277
243,7846.922045,624716
244,7846.922045,627224
245,7846.922045,629684
246,7846.922045,632206
247,7846.922045,634669
248,7846.922045,637186
249,7846.922045,639656
250,7846.922045,642157
251,7846.922045,644610
252,7846.922045,647127
253,7846.922045,649599
254,7846.922045,652108
255,7846.922045,654564
256,7846.922045,657097
257,7846.922045,659586
258,7846.922045,662111
259,7846.922045,664594
260,7846.922045,667124
261,7846.922045,669625
262,7846.922045,672168
263,7846.922045,674673
264,7846.922045,677234
265,7846.922045,679756
266,7846.922045,682321
267,7846.922045,684858
268,7846.922045,687461
269,7846.922045,690061
270,7846.922045,692660
271,7846.922045,695249
272,7846.922045,697836
273,7846.922045,700417
274,7846.922045,702993
275,7846.922045,705559
276,7846.922045,708149
277,7846.922045,710732
278,7846.922045,713305
279,7846.922045,715884
280,7846.922045,718438
281,7846.922045,721022
282,7846.922045,723606
283,7846.922045,726167
7846.922045,8.740474
1,7870.922480,2376
2,7861.257430,5035
3,7856.962529,7694
4,7853.312304,10353
5,7852.567651,13010
6,7852.567651,15657
7,7852.567651,18307
8,7852.567651,20957
9,7852.567651,23603
10,7852.567651,26258
11,7852.567651,28907
12,7852.567651,31558
13,7852.567651,34207
14,7852.567651,36849
15,7852.567651,39480
16,7852.567651,42125
17,7852.567651,44770
18,7852.567651,47416
19,7852.567651,50050
20,7852.567651,52686
21,7852.567651,55300
22,7852.567651,57934
23,7852.567651,60564
24,7852.567651,63198
25,7852.567651,65827
26,7852.567651,68473
27,7852.567651,71099
28,7852.567651,73747
29,7852.567651,76363
30,7852.567651,78994
31,7852.567651,81620
32,7852.567651,84270
33,7851.042301,86880
34,7846.922045,89515
35,7846.922045,92139
36,7846.922045,94764
37,7846.922045,97367
38,7846.922045,99998
39,7846.922045,102597
40,7846.922045,105218
41,7846.922045,107822
42,7846.922045,110462
43,7846.922045,113074
44,7846.922045,115698
45,7846.922045,118296
46,7846.922045,120914
47,7846.922045,123510
48,7846.922045,126125
49,7846.922045,128732
50,7846.922045,131340
51,7846.922045,133935
52,7846.922045,136514
53,7846.922045,139124
54,7846.922045,141734
55,7846.922045,144335
56,7846.922045,146936
57,7846.922045,149530
58,7846.922045,152139
59,7846.922045,154724
60,7846.922045,157301
61,7846.922045,159868
62,7846.922045,162475
63,7846.922045,165062
64,7846.922045,167673
65,7846.922045,170239
66,7846.922045,172823
67,7846.922045,175402
68,7846.922045,178002
69,7846.922045,180629
70,7846.922045,183247
71,7846.922045,185850
72,7846.922045,188473
73,7846.922045,191064
74,7846.922045,193686
75,7846.922045,196282
76,7846.922045,198886
77,7846.922045,201473
78,7846.922045,204085
79,7846.922045,206674
80,7846.922045,209267
81,7846.922045,211831
82,7846.922045,214425
83,7846.922045,216990
84,7846.922045,219586
85,7846.922045,222172
86,7846.922045,224779
87,7846.922045,227348
88,7846.922045,229940
89,7846.922045,232500
90,7846.922045,235089
91,7846.922045,237630
92,7846.922045,240209
93,7846.922045,242727
94,7846.922045,245272
95,7846.922045,247759
96,7846.922045,250280
97,7846.922045,252754
98,7846.922045,255254
99,7846.922045,257713
100,7846.922045,260238
101,7846.922045,262718
102,7846.922045,265231
103,7846.922045,267714
104,7846.922045,270232
105,7846.922045,272716
106,7846.922045,275232
107,7846.922045,277701
108,7846.922045,280216
109,7846.922045,282688
110,7846.922045,285208
111,7846.922045,287687
112,7846.922045,290182
113,7846.922045,292638
114,7846.922045,295143
115,7846.922045,297603
116,7846.922045,300112
117,7846.922045,302560
118,7846.922045,305067
119,7846.922045,307527
120,7846.922045,310034
121,7846.922045,312512
122,7846.922045,315033
123,7846.922045,317499
124,7846.922045,320001
125,7846.922045,322462
126,7846.922045,324987
127,7846.922045,327454
128,7846.922045,329962
129,7846.922045,332436
130,7846.922045,334948
131,7846.922045,337414
132,7846.922045,339936
133,7846.922045,342418
134,7846.922045,344959
135,7846.922045,347457
136,7846.922045,350010
137,7846.922045,352502
138,7846.922045,355037
139,7846.922045,357516
140,7846.922045,360025
141,7846.922045,362493
142,7846.922045,365000
143,7846.922045,367437
144,7846.922045,369955
145,7846.922045,372418
146,7846.922045,374955
147,7846.922045,377445
148,7846.922045,379984
149,7846.922045,382472
150,7846.922045,385042
151,7846.922045,387543
152,7846.922045,390097
153,7846.922045,392590
154,7846.922045,395169
155,7846.922045,397721
156,7846.922045,400299
157,7846.922045,402850
158,7846.922045,405431
159,7846.922045,407965
160,7846.922045,410532
161,7846.922045,413037
162,7846.922045,415574
163,7846.922045,418070
164,7846.922045,420584
165,7846.922045,423057
166,7846.922045,425581
167,7846.922045,428042
168,7846.922045,430568
169,7846.922045,433032
170,7846.922045,435552
171,7846.922045,438041
172,7846.922045,440583
173,7846.922045,443076
174,7846.922045,445595
175,7846.922045,448060
176,7846.922045,450580
177,7846.922045,453048
178,7846.922045,455559
179,7846.922045,458030
180,7846.922045,460538
181,7846.922045,462990
182,7846.922045,465496
183,7846.922045,467963
184,7846.922045,470484
185,7846.922045,472951
186,7846.922045,475475
187,7846.922045,477944
188,7846.922045,480457
189,7846.922045,482947
190,7846.922045,485482
191,7846.922045,487963
192,7846.922045,490488
193,7846.922045,492966
194,7846.922045,495492
195,7846.922045,497979
196,7846.922045,500513
197,7846.922045,502989
198,7846.922045,505496
199,7846.922045,507946
200,7846.922045,510446
201,7846.922045,512895
202,7846.922045,515411
203,7846.922045,517876
204,7846.922045,520387
205,7846.922045,522836
206,7846.922045,525346
207,7846.922045,527808
208,7846.922045,530327
209,7846.922045,532774
210,7846.922045,535269
211,7846.922045,537718
212,7846.922045,540245
213,7846.922045,542733
214,7846.922045,545288
215,7846.922045,547803
216,7846.922045,550399
217,7846.922045,552957
218,7846.922045,555530
219,7846.922045,558077
220,7846.922045,560691
221,7846.922045,563276
222,7846.922045,565887
223,7846.922045,568465
224,7846.922045,571054
225,7846.922045,573623
226,7846.922045,576222
227,7846.922045,578801
228,7846.922045,581380
229,7846.922045,583957
230,7846.922045,586568
231,7846.922045,589154
232,7846.922045,591747
233,7846.922045,594316
234,7846.922045,596901
235,7846.922045,599469
236,7846.922045,602079
237,7846.922045,604667
238,7846.922045,607286
239,7846.922045,609875
240,7846.922045,612477
241,7846.922045,615055
242,7846.922045,617670
243,7846.922045,620262
244,7846.922045,622867
245,7846.922045,625442
246,7846.922045,628058
247,7846.922045,630633
248,7846.922045,633239
249,7846.922045,635797
250,7846.922045,638385
251,7846.922045,640914
252,7846.922045,643482
253,7846.922045,645992
254,7846.922045,648551
255,7846.922045,651073
256,7846.922045,653637
257,7846.922045,656127
258,7846.922045,658657
259,7846.922045,661121
260,7846.922045,663637
261,7846.922045,666108
262,7846.922045,668627
263,7846.922045,671115
264,7846.922045,673646
265,7846.922045,676146
266,7846.922045,678689
267,7846.922045,681185
268,7846.922045,683745
269,7846.922045,686232
270,7846.922045,688759
271,7846.922045,691234
272,7846.922045,693747
273,7846.922045,696205
274,7846.922045,698716
275,7846.922045,701157
276,7846.922045,703648
277,7846.922045,706100
278,7846.922045,708586
279,7846.922045,711035
280,7846.922045,713512
281,7846.922045,715944
282,7846.922045,718442
283,7846.922045,720886
284,7846.922045,723366
285,7846.922045,725808
7846.922045,8.846939
