1,49433.491683,2376
2,49402.502566,5041
3,49391.493447,7706
4,49362.912999,10371
5,49359.484599,13036
6,49357.693672,15701
7,49357.373548,18366
8,49357.253658,21031
9,49357.090478,23696
10,49356.995630,26361
11,49356.995630,29026
12,49356.989832,31691
13,49356.989832,34356
14,49356.989832,37021
15,49356.988537,39686
16,49356.988537,42351
17,49356.988537,45016
18,49356.988537,47681
19,49356.988537,50346
20,49356.988537,53011
21,49356.988537,55676
22,49356.988537,58341
23,49356.988537,61006
24,49356.988537,63671
25,49356.976606,66335
26,49356.976606,68998
27,49356.966691,71663
28,49356.966691,74328
29,49356.966691,76993
30,49356.966691,79658
31,49356.966691,82323
32,49356.966691,84988
33,49356.966691,87653
34,49356.966691,90318
35,49356.966691,92983
36,49356.966691,95646
37,49356.966691,98311
38,49356.966691,100976
39,49356.966691,103641
40,49356.966691,106306
41,49356.966691,108971
42,49356.966691,111636
43,49356.966691,114301
44,49356.966691,116966
45,49356.966691,119630
46,49356.966691,122295
47,49356.966691,124960
48,49356.966691,127625
49,49356.966691,130289
50,49356.966691,132954
51,49356.966691,135619
52,49356.932373,138284
53,49356.932373,140949
54,49356.932373,143614
55,49356.932373,146279
56,49356.932373,148942
57,49356.932373,151607
58,49356.932373,154272
59,49356.932373,156937
60,49356.932373,159602
61,49356.932373,162267
62,49356.932373,164932
63,49356.932373,167597
64,49356.932373,170262
65,49356.932373,172927
66,49356.932373,175592
67,49356.932373,178257
68,49356.932373,180922
69,49356.932373,183587
70,49356.927396,186252
71,49356.927396,188915
72,49356.927396,191580
73,49356.927396,194245
74,49356.927396,196910
75,49356.927396,199575
76,49356.927396,202239
77,49356.927396,204904
78,49356.927396,207569
79,49356.927396,210234
80,49356.927396,212899
81,49356.927396,215558
82,49356.927396,218223
83,49356.927396,220888
84,49356.927396,223552
85,49356.921745,226217
86,49356.921745,228882
87,49356.921745,231543
88,49356.921745,234207
89,49356.921745,236872
90,49356.921745,239537
91,49356.921745,242202
92,49356.921745,244867
93,49356.921745,247532
94,49356.921745,250197
95,49356.921745,252861
96,49356.921745,255526
97,49356.921745,258191
98,49356.921745,260856
99,49356.921745,263521
100,49356.921745,266186
101,49356.921745,268851
102,49356.921745,271516
103,49356.921745,274181
104,49356.921745,276846
105,49356.921745,279511
106,49356.921745,282176
107,49356.921745,284840
108,49356.921745,287505
109,49356.921745,290170
110,49356.921745,292835
111,49356.921745,295500
112,49356.921745,298165
113,49356.921745,300830
114,49356.921745,303495
115,49356.921745,306159
116,49356.921745,308824
117,49356.921745,311489
118,49356.921745,314153
119,49356.921745,316818
120,49356.921745,319483
121,49356.921745,322148
122,49356.921745,324813
123,49356.921745,327474
124,49356.921745,330138
125,49356.921745,332802
126,49356.921745,335466
127,49356.921226,338131
128,49356.921226,340796
129,49356.921226,343461
130,49356.921226,346125
131,49356.921226,348790
132,49356.921226,351455
133,49356.921226,354120
134,49356.921226,356784
135,49356.921226,359449
136,49356.921226,362114
137,49356.921226,364779
138,49356.921226,367444
139,49356.921226,370109
140,49356.920940,372773
141,49356.920940,375438
142,49356.920940,378103
143,49356.920940,380768
144,49356.920940,383433
145,49356.920940,386097
146,49356.920940,388762
147,49356.920940,391427
148,49356.920940,394091
149,49356.920940,396756
150,49356.920940,399421
151,49356.920940,402086
152,49356.920940,404750
153,49356.920940,407415
154,49356.920940,410080
155,49356.920940,412744
156,49356.920940,415407
157,49356.920940,418072
158,49356.920940,420737
159,49356.920940,423402
160,49356.920940,426066
161,49356.920940,428731
162,49356.920940,431396
163,49356.920940,434061
164,49356.920940,436725
165,49356.920940,439390
166,49356.920940,442055
167,49356.920940,444720
168,49356.920940,447385
169,49356.920940,450050
170,49356.920940,452714
171,49356.920940,455379
172,49356.920940,458044
173,49356.920940,460709
174,49356.920940,463374
175,49356.920940,466039
176,49356.920940,468704
177,49356.920940,471369
178,49356.920940,474034
179,49356.920940,476699
180,49356.920940,479364
181,49356.920940,482029
182,49356.920940,484694
183,49356.920940,487358
184,49356.920940,490023
185,49356.920940,492688
186,49356.920940,495353
187,49356.920940,498018
188,49356.920940,500683
189,49356.920940,503348
190,49356.920940,506012
191,49356.920940,508677
192,49356.920940,511342
193,49356.920940,514007
194,49356.920940,516672
195,49356.920940,519336
196,49356.920940,522001
197,49356.920940,524666
198,49356.920940,527331
199,49356.920940,529996
200,49356.920940,532661
201,49356.920940,535326
202,49356.920940,537991
203,49356.920940,540656
204,49356.920940,543321
205,49356.920940,545986
206,49356.920940,548651
207,49356.920940,551316
208,49356.920940,553981
209,49356.920940,556646
210,49356.920940,559311
211,49356.920940,561976
212,49356.920940,564641
213,49356.920940,567305
214,49356.920940,569970
215,49356.920940,572635
216,49356.920940,575300
217,49356.920940,577965
218,49356.920940,580630
219,49356.920940,583295
220,49356.920940,585960
221,49356.920940,588624
222,49356.920940,591288
223,49356.920940,593953
224,49356.920940,596618
225,49356.920940,599283
226,49356.920940,601948
227,49356.920940,604613
228,49356.920940,607278
229,49356.920940,609943
230,49356.920940,612608
231,49356.920940,615273
232,49356.920940,617938
233,49356.920940,620602
234,49356.920940,623267
235,49356.920940,625932
236,49356.920940,628595
237,49356.920940,631260
238,49356.920940,633924
239,49356.920940,636589
240,49356.920940,639254
241,49356.920940,641918
242,49356.920940,644583
243,49356.920940,647247
244,49356.920940,649911
245,49356.920940,652576
246,49356.920940,655241
247,49356.920940,657905
248,49356.920940,660570
249,49356.920940,663235
250,49356.920940,665900
251,49356.920940,668564
252,49356.920940,671229
253,49356.920940,673894
254,49356.920940,676557
255,49356.920940,679222
256,49356.920940,681887
257,49356.920940,684552
258,49356.920940,687216
259,49356.920940,689881
260,49356.920940,692546
261,49356.920940,695211
262,49356.920940,697876
263,49356.920940,700541
264,49356.920940,703205
265,49356.920940,705868
266,49356.920940,708533
267,49356.920940,711198
268,49356.920940,713863
269,49356.920940,716527
270,49356.920940,719192
271,49356.920940,721857
272,49356.920940,724521
273,49356.920940,727186
274,49356.920940,729851
275,49356.920940,732516
276,49356.920940,735181
277,49356.920940,737846
278,49356.920940,740511
279,49356.920940,743176
280,49356.920940,745841
281,49356.920940,748506
282,49356.920940,751171
283,49356.920940,753836
284,49356.920940,756501
285,49356.920940,759164
286,49356.920940,761829
287,49356.920940,764491
288,49356.920940,767156
289,49356.920940,769821
290,49356.920940,772486
291,49356.920940,775151
292,49356.920940,777816
293,49356.920940,780480
294,49356.920940,783144
295,49356.920940,785809
296,49356.920940,788474
297,49356.920940,791139
298,49356.920940,793804
299,49356.920940,796469
300,49356.920940,799134
301,49356.908552,801799
302,49356.908552,804462
303,49356.908552,807126
304,49356.908552,809791
305,49356.908552,812456
306,49356.908552,815121
307,49356.908552,817786
49356.908552,27.206053
1,49429.445951,2376
2,49416.560523,5016
3,49373.663171,7656
4,49361.230996,10296
5,49358.051248,12936
6,49357.906606,15576
7,49357.217632,18216
8,49357.106473,20856
9,49357.044063,23496
10,49357.044063,26136
11,49357.027539,28776
12,49356.997597,31416
13,49356.996318,34056
14,49356.996318,36696
15,49356.991671,39336
16,49356.991671,41976
17,49356.991671,44616
18,49356.959393,47255
19,49356.959393,49895
20,49356.958194,52535
21,49356.953545,55175
22,49356.953545,57815
23,49356.953545,60455
24,49356.953545,63095
25,49356.953545,65735
26,49356.953545,68375
27,49356.953545,71015
28,49356.953545,73654
29,49356.953545,76294
30,49356.953545,78934
31,49356.953545,81573
32,49356.953545,84213
33,49356.953545,86852
34,49356.953545,89492
35,49356.953545,92132
36,49356.953545,94772
37,49356.953545,97411
38,49356.953545,100051
39,49356.953545,102691
40,49356.953545,105330
41,49356.953545,107970
42,49356.953545,110610
43,49356.953545,113250
44,49356.953545,115890
45,49356.953545,118530
46,49356.953545,121170
47,49356.953545,123810
48,49356.953545,126450
49,49356.953545,129090
50,49356.953545,131730
51,49356.953545,134370
52,49356.953545,137010
53,49356.953545,139650
54,49356.953545,142290
55,49356.953545,144930
56,49356.953545,147570
57,49356.953545,150210
58,49356.953545,152850
59,49356.953545,155490
60,49356.953545,158128
61,49356.953545,160768
62,49356.953545,163408
63,49356.953545,166047
64,49356.953545,168687
65,49356.953545,171327
66,49356.953545,173967
67,49356.953545,176607
68,49356.953545,179247
69,49356.953545,181887
70,49356.953545,184527
71,49356.953545,187167
72,49356.950660,189806
73,49356.950660,192446
74,49356.950660,195086
75,49356.950660,197726
76,49356.950660,200365
77,49356.950660,203005
78,49356.950660,205645
79,49356.950660,208285
80,49356.950660,210924
81,49356.930581,213564
82,49356.930581,216204
83,49356.930581,218843
84,49356.930581,221482
85,49356.930581,224122
86,49356.930581,226762
87,49356.930581,229401
88,49356.930581,232041
89,49356.930581,234680
90,49356.930581,237320
91,49356.930581,239960
92,49356.930581,242600
93,49356.930581,245239
94,49356.930581,247879
95,49356.930581,250518
96,49356.930581,253158
97,49356.930581,255798
98,49356.930581,258438
99,49356.930581,261078
100,49356.930581,263718
101,49356.930581,266358
102,49356.930581,268997
103,49356.922881,271637
104,49356.922881,274277
105,49356.922881,276916
106,49356.922881,279555
107,49356.922881,282195
108,49356.922881,284835
109,49356.920940,287475
110,49356.920940,290115
111,49356.920940,292755
112,49356.920940,295395
113,49356.920940,298035
114,49356.920940,300675
115,49356.920940,303315
116,49356.920940,305955
117,49356.920940,308594
118,49356.920940,311234
119,49356.920940,313874
120,49356.920940,316514
121,49356.920940,319154
122,49356.920940,321794
123,49356.920940,324434
124,49356.920940,327074
125,49356.920940,329714
126,49356.920940,332354
127,49356.920940,334994
128,49356.920940,337634
129,49356.920940,340273
130,49356.920940,342913
131,49356.920940,345552
132,49356.920940,348191
133,49356.920940,350831
134,49356.920940,353471
135,49356.920940,356111
136,49356.920940,358751
137,49356.920940,361391
138,49356.920940,364031
139,49356.920940,366670
140,49356.920940,369310
141,49356.920940,371950
142,49356.920940,374590
143,49356.920940,377230
144,49356.920940,379870
145,49356.920940,382510
146,49356.920940,385149
147,49356.920940,387788
148,49356.920940,390428
149,49356.920940,393068
150,49356.920940,395708
151,49356.920940,398348
152,49356.920940,400988
153,49356.920940,403628
154,49356.920940,406268
155,49356.920940,408908
156,49356.920940,411548
157,49356.920940,414188
158,49356.920940,416827
159,49356.920940,419466
160,49356.920940,422106
161,49356.920940,424746
162,49356.920940,427386
163,49356.920940,430026
164,49356.920940,432666
165,49356.920940,435306
166,49356.920940,437946
167,49356.920940,440586
168,49356.920940,443226
169,49356.920940,445866
170,49356.920940,448505
171,49356.920940,451145
172,49356.920940,453784
173,49356.920940,456424
174,49356.920940,459064
175,49356.920940,461704
176,49356.920940,464344
177,49356.920940,466984
178,49356.920940,469624
179,49356.920940,472263
180,49356.920940,474902
181,49356.920940,477542
182,49356.920940,480181
183,49356.920940,482820
184,49356.920940,485460
185,49356.920940,488100
186,49356.920940,490740
187,49356.920940,493380
188,49356.920940,496020
189,49356.920940,498660
190,49356.920940,501300
191,49356.920940,503940
192,49356.920940,506579
193,49356.920940,509219
194,49356.920940,511859
195,49356.920940,514498
196,49356.920940,517138
197,49356.920940,519777
198,49356.920940,522416
199,49356.920940,525055
200,49356.920940,527695
201,49356.920940,530332
202,49356.920940,532972
203,49356.920940,535612
204,49356.920940,538252
205,49356.920940,540892
206,49356.920940,543532
207,49356.920940,546172
208,49356.920940,548812
209,49356.920940,551452
210,49356.920940,554092
211,49356.920940,556730
212,49356.920940,559370
213,49356.920940,562009
214,49356.920940,564648
215,49356.920940,567288
216,49356.920940,569928
217,49356.920940,572568
218,49356.920940,575208
219,49356.920940,577848
220,49356.920940,580487
221,49356.920940,583127
222,49356.920940,585763
223,49356.920940,588403
224,49356.920940,591043
225,49356.920940,593680
226,49356.920940,596317
227,49356.920940,598957
228,49356.920940,601596
229,49356.920940,604235
230,49356.920940,606874
231,49356.920940,609514
232,49356.920940,612154
233,49356.920940,614794
234,49356.920940,617433
235,49356.920940,620071
236,49356.920940,622711
237,49356.920940,625351
238,49356.920940,627991
239,49356.920940,630630
240,49356.920940,633270
241,49356.920940,635910
242,49356.920940,638550
243,49356.920940,641190
244,49356.920940,643830
245,49356.920940,646470
246,49356.920940,649110
247,49356.920940,651750
248,49356.920940,654390
249,49356.920940,657029
250,49356.920940,659669
251,49356.920940,662309
252,49356.920940,664949
253,49356.920940,667589
254,49356.920940,670229
255,49356.920940,672869
256,49356.920940,675509
257,49356.920940,678148
258,49356.920940,680788
259,49356.920940,683428
260,49356.920940,686067
261,49356.920940,688707
262,49356.920940,691347
263,49356.920940,693987
264,49356.920940,696626
265,49356.920940,699265
266,49356.920940,701904
267,49356.920940,704544
268,49356.920940,707184
269,49356.920940,709824
270,49356.920940,712464
271,49356.920940,715104
272,49356.920940,717744
273,49356.920940,720384
274,49356.920940,723024
275,49356.920940,725664
276,49356.920940,728304
277,49356.920940,730943
278,49356.920940,733582
279,49356.920940,736222
280,49356.920940,738862
281,49356.920940,741502
282,49356.920940,744142
283,49356.920940,746782
284,49356.920940,749422
285,49356.920940,752062
286,49356.920940,754702
287,49356.920940,757340
288,49356.920940,759980
289,49356.920940,762620
290,49356.920940,765260
291,49356.920940,767900
292,49356.920940,770540
293,49356.920940,773180
294,49356.920940,775820
295,49356.920940,778460
296,49356.920940,781100
297,49356.920940,783739
298,49356.920940,786379
299,49356.920940,789019
300,49356.920940,791659
301,49356.920940,794299
302,49356.920940,796938
303,49356.920940,799578
304,49356.920940,802218
305,49356.920940,804858
306,49356.920940,807497
307,49356.920940,810137
308,49356.893454,812777
309,49356.893454,815417
310,49356.893454,818057
49356.893454,27.408650
1,49431.094418,2376
2,49420.540058,5037
3,49375.077424,7698
4,49364.478294,10359
5,49358.518148,13020
6,49357.782380,15681
7,49357.491063,18342
8,49357.103409,21003
9,49357.056509,23664
10,49357.056509,26325
11,49357.056509,28986
12,49357.046617,31647
13,49357.046617,34308
14,49357.046617,36969
15,49357.023680,39630
16,49357.023680,42291
17,49357.023680,44952
18,49357.023680,47613
19,49357.023680,50274
20,49357.004005,52933
21,49357.004005,55594
22,49357.004005,58255
23,49357.004005,60916
24,49357.004005,63577
25,49356.998667,66238
26,49356.998667,68899
27,49356.955555,71560
28,49356.955555,74221
29,49356.955555,76882
30,49356.952249,79543
31,49356.952249,82204
32,49356.952249,84864
33,49356.946558,87525
34,49356.946558,90186
35,49356.934705,92847
36,49356.934705,95508
37,49356.921226,98168
38,49356.921226,100829
39,49356.917226,103490
40,49356.917226,106151
41,49356.917226,108811
42,49356.917226,111472
43,49356.917226,114132
44,49356.917226,116793
45,49356.917226,119453
46,49356.917226,122111
47,49356.917226,124772
48,49356.917226,127433
49,49356.917226,130093
50,49356.917226,132754
51,49356.917226,135415
52,49356.917226,138075
53,49356.917226,140735
54,49356.917226,143396
55,49356.917226,146056
56,49356.917226,148717
57,49356.917226,151377
58,49356.917226,154038
59,49356.917226,156699
60,49356.917226,159360
61,49356.917226,162021
62,49356.917226,164682
63,49356.917226,167343
64,49356.917226,170004
65,49356.917226,172665
66,49356.917226,175325
67,49356.917226,177986
68,49356.917226,180647
69,49356.917226,183307
70,49356.917226,185968
71,49356.917226,188629
72,49356.917226,191290
73,49356.917226,193951
74,49356.917226,196612
75,49356.917226,199273
76,49356.917226,201933
77,49356.917226,204594
78,49356.917226,207255
79,49356.917226,209916
80,49356.917226,212577
81,49356.917226,215236
82,49356.917226,217897
83,49356.917226,220558
84,49356.917226,223219
85,49356.917226,225880
86,49356.917226,228541
87,49356.917226,231202
88,49356.917226,233863
89,49356.917226,236524
90,49356.917226,239185
91,49356.917226,241846
92,49356.917226,244507
93,49356.917226,247168
94,49356.917226,249829
95,49356.917226,252489
96,49356.917226,255150
97,49356.917226,257811
98,49356.917226,260472
99,49356.917226,263133
100,49356.917226,265794
101,49356.917226,268455
102,49356.917226,271116
103,49356.917226,273777
104,49356.917226,276437
105,49356.917226,279098
106,49356.917226,281759
107,49356.917226,284420
108,49356.917226,287080
109,49356.917226,289740
110,49356.917226,292401
111,49356.917226,295061
112,49356.917226,297722
113,49356.917226,300382
114,49356.917226,303043
115,49356.917226,305704
116,49356.917226,308365
117,49356.917226,311025
118,49356.917226,313686
119,49356.917226,316347
120,49356.917226,319008
121,49356.917226,321669
122,49356.917226,324330
123,49356.917226,326990
124,49356.917226,329651
125,49356.917226,332312
126,49356.917226,334973
127,49356.917226,337633
128,49356.917226,340294
129,49356.917226,342955
130,49356.917226,345616
131,49356.917226,348277
132,49356.917226,350938
133,49356.917226,353598
134,49356.917226,356259
135,49356.917226,358919
136,49356.917226,361579
137,49356.917226,364240
138,49356.917226,366901
139,49356.917226,369562
140,49356.917226,372223
141,49356.917226,374884
142,49356.917226,377545
143,49356.917226,380206
144,49356.917226,382867
145,49356.917226,385526
146,49356.917226,388187
147,49356.917226,390848
148,49356.917226,393509
149,49356.917226,396170
150,49356.917226,398831
151,49356.917226,401492
152,49356.917226,404153
153,49356.917226,406814
154,49356.917226,409475
155,49356.917226,412136
156,49356.917226,414796
157,49356.917226,417457
158,49356.917226,420117
159,49356.917226,422778
160,49356.917226,425439
161,49356.917226,428099
162,49356.917226,430760
163,49356.917226,433420
164,49356.917226,436081
165,49356.917226,438741
166,49356.917226,441402
167,49356.917226,444063
168,49356.917226,446724
169,49356.917226,449385
170,49356.917226,452046
171,49356.917226,454707
172,49356.917226,457368
173,49356.917226,460029
174,49356.917226,462690
175,49356.917226,465351
176,49356.917226,468012
177,49356.917226,470673
178,49356.917226,473334
179,49356.917226,475995
180,49356.917226,478654
181,49356.917226,481315
182,49356.917226,483976
183,49356.917226,486637
184,49356.917226,489298
185,49356.917226,491959
186,49356.917226,494620
187,49356.917226,497281
188,49356.917226,499942
189,49356.917226,502603
190,49356.917226,505263
191,49356.917226,507923
192,49356.917226,510584
193,49356.917226,513245
194,49356.917226,515906
195,49356.917226,518567
196,49356.917226,521228
197,49356.917226,523889
198,49356.917226,526550
199,49356.917226,529211
200,49356.917226,531871
201,49356.917226,534531
202,49356.917226,537192
203,49356.917226,539853
204,49356.917226,542514
205,49356.917226,545173
206,49356.917226,547834
207,49356.917226,550495
208,49356.917226,553155
209,49356.917226,555816
210,49356.917226,558477
211,49356.917226,561138
212,49356.917226,563797
213,49356.917226,566458
214,49356.917226,569119
215,49356.917226,571780
216,49356.917226,574441
217,49356.917226,577101
218,49356.917226,579762
219,49356.917226,582423
220,49356.917226,585084
221,49356.917226,587745
222,49356.917226,590405
223,49356.917226,593066
224,49356.917226,595726
225,49356.917226,598386
226,49356.917226,601046
227,49356.917226,603707
228,49356.917226,606368
229,49356.917226,609029
230,49356.917226,611690
231,49356.917226,614350
232,49356.917226,617011
233,49356.917226,619672
234,49356.917226,622333
235,49356.917226,624994
236,49356.917226,627655
237,49356.917226,630316
238,49356.917226,632976
239,49356.917226,635637
240,49356.917226,638298
241,49356.917226,640959
242,49356.917226,643620
243,49356.917226,646281
244,49356.917226,648942
245,49356.917226,651603
246,49356.917226,654264
247,49356.917226,656925
248,49356.917226,659585
249,49356.917226,662245
250,49356.917226,664906
251,49356.917226,667567
252,49356.917226,670228
253,49356.917226,672889
254,49356.917226,675550
255,49356.917226,678210
256,49356.917226,680870
257,49356.917226,683531
258,49356.917226,686192
259,49356.917226,688853
260,49356.917226,691514
261,49356.917226,694174
262,49356.917226,696835
263,49356.917226,699496
264,49356.917226,702157
265,49356.917226,704818
266,49356.917226,707479
267,49356.917226,710140
268,49356.917226,712801
269,49356.917226,715462
270,49356.917226,718123
271,49356.917226,720783
272,49356.917226,723444
273,49356.917226,726105
274,49356.917226,728766
275,49356.917226,731427
276,49356.917226,734088
277,49356.917226,736749
278,49356.917226,739410
279,49356.917226,742070
280,49356.917226,744731
281,49356.917226,747391
282,49356.917226,750052
283,49356.917226,752713
284,49356.917226,755374
285,49356.917226,758035
286,49356.917226,760696
287,49356.917226,763357
288,49356.917226,766017
289,49356.917226,768678
290,49356.917226,771339
291,49356.917226,773999
292,49356.917226,776660
293,49356.917226,779321
294,49356.917226,781982
295,49356.917226,784642
296,49356.917226,787302
297,49356.917226,789963
298,49356.917226,792624
299,49356.917226,795285
300,49356.917226,797946
301,49356.917226,800606
302,49356.917226,803267
303,49356.917226,805928
304,49356.917226,808588
305,49356.917226,811249
306,49356.917226,813910
307,49356.917226,816570
308,49356.917226,819231
49356.917226,27.439910
1,49431.476404,2376
2,49407.357897,5034
3,49381.262797,7692
4,49369.018161,10350
5,49359.618346,13008
6,49358.498661,15666
7,49357.489161,18324
8,49357.121367,20982
9,49357.049737,23640
10,49357.049737,26298
11,49357.009328,28956
12,49356.993367,31614
13,49356.993367,34272
14,49356.989542,36930
15,49356.989542,39587
16,49356.989542,42245
17,49356.989542,44903
18,49356.969932,47561
19,49356.969932,50219
20,49356.969932,52877
21,49356.969932,55535
22,49356.969932,58193
23,49356.962312,60851
24,49356.962312,63509
25,49356.962312,66167
26,49356.962312,68824
27,49356.962312,71481
28,49356.962312,74138
29,49356.962312,76796
30,49356.962312,79454
31,49356.962312,82112
32,49356.962312,84770
33,49356.962312,87428
34,49356.962312,90086
35,49356.962312,92744
36,49356.962312,95402
37,49356.962312,98060
38,49356.962312,100718
39,49356.962312,103376
40,49356.962312,106034
41,49356.962312,108692
42,49356.962312,111350
43,49356.962312,114008
44,49356.943133,116666
45,49356.943133,119324
46,49356.943133,121982
47,49356.943133,124639
48,49356.943133,127297
49,49356.943133,129955
50,49356.943133,132612
51,49356.943133,135269
52,49356.943133,137927
53,49356.941123,140583
54,49356.941123,143241
55,49356.941123,145899
56,49356.941123,148557
57,49356.921226,151215
58,49356.921226,153873
59,49356.921226,156531
60,49356.921226,159188
61,49356.921226,161846
62,49356.921226,164504
63,49356.921226,167161
64,49356.921226,169819
65,49356.921226,172477
66,49356.921226,175134
67,49356.921226,177791
68,49356.921226,180449
69,49356.921226,183107
70,49356.921226,185765
71,49356.921226,188423
72,49356.921226,191081
73,49356.921226,193739
74,49356.921226,196397
75,49356.921226,199055
76,49356.921226,201712
77,49356.921226,204369
78,49356.921226,207027
79,49356.921226,209684
80,49356.921226,212342
81,49356.921226,215000
82,49356.921226,217657
83,49356.921226,220315
84,49356.921226,222973
85,49356.921226,225630
86,49356.921226,228288
87,49356.921226,230946
88,49356.921226,233603
89,49356.921226,236261
90,49356.921226,238919
91,49356.921226,241577
92,49356.921226,244235
93,49356.921226,246893
94,49356.921226,249551
95,49356.921226,252209
96,49356.921226,254867
97,49356.921226,257525
98,49356.921226,260183
99,49356.921226,262841
100,49356.921226,265499
101,49356.921226,268157
102,49356.921226,270814
103,49356.921226,273471
104,49356.921226,276128
105,49356.921226,278786
106,49356.921226,281443
107,49356.921226,284101
108,49356.921226,286758
109,49356.921226,289416
110,49356.911781,292074
111,49356.911781,294732
112,49356.911781,297388
113,49356.911781,300046
114,49356.911781,302704
115,49356.911781,305361
116,49356.911781,308019
117,49356.911781,310677
118,49356.911781,313335
119,49356.911781,315992
120,49356.911781,318650
121,49356.911781,321308
122,49356.911781,323966
123,49356.911781,326623
124,49356.911781,329281
125,49356.911781,331939
126,49356.911781,334597
127,49356.911781,337255
128,49356.911781,339913
129,49356.911781,342571
130,49356.911781,345228
131,49356.911781,347885
132,49356.911781,350542
133,49356.911781,353199
134,49356.911781,355857
135,49356.911781,358514
136,49356.911781,361171
137,49356.911781,363828
138,49356.911781,366486
139,49356.911781,369143
140,49356.911781,371799
141,49356.911781,374455
142,49356.911781,377113
143,49356.911781,379771
144,49356.911781,382429
145,49356.911781,385087
146,49356.911781,387745
147,49356.911781,390403
148,49356.911781,393061
149,49356.911781,395719
150,49356.911781,398375
151,49356.911781,401033
152,49356.911781,403691
153,49356.911781,406349
154,49356.911781,409007
155,49356.911781,411664
156,49356.911781,414320
157,49356.911781,416978
158,49356.911781,419635
159,49356.911781,422292
160,49356.911781,424950
161,49356.911781,427608
162,49356.911781,430265
163,49356.911781,432922
164,49356.911781,435579
165,49356.911781,438237
166,49356.911781,440895
167,49356.911781,443553
168,49356.911781,446211
169,49356.911781,448869
170,49356.911781,451526
171,49356.911781,454183
172,49356.911781,456840
173,49356.911781,459498
174,49356.911781,462156
175,49356.911781,464814
176,49356.911781,467472
177,49356.911781,470130
178,49356.911781,472788
179,49356.911781,475445
180,49356.911781,478103
181,49356.911781,480761
182,49356.911781,483419
183,49356.911781,486077
184,49356.911781,488735
185,49356.911781,491393
186,49356.911781,494051
187,49356.911781,496709
188,49356.911781,499367
189,49356.911781,502023
190,49356.911781,504681
191,49356.911781,507339
192,49356.911781,509997
193,49356.911781,512655
194,49356.911781,515313
195,49356.911781,517971
196,49356.911781,520629
197,49356.911781,523287
198,49356.911781,525944
199,49356.911781,528602
200,49356.911781,531259
201,49356.911781,533913
202,49356.911781,536571
203,49356.911781,539229
204,49356.911781,541884
205,49356.911781,544542
206,49356.911781,547200
207,49356.911781,549858
208,49356.911781,552515
209,49356.911781,555173
210,49356.911781,557831
211,49356.911781,560489
212,49356.911781,563146
213,49356.911781,565804
214,49356.911781,568461
215,49356.911781,571118
216,49356.911781,573776
217,49356.911781,576434
218,49356.911781,579092
219,49356.911781,581750
220,49356.911781,584407
221,49356.911781,587065
222,49356.911781,589723
223,49356.911781,592381
224,49356.911781,595039
225,49356.911781,597697
226,49356.911781,600355
227,49356.911781,603013
228,49356.911781,605671
229,49356.911781,608328
230,49356.911781,610986
231,49356.911781,613644
232,49356.911781,616302
233,49356.911781,618960
234,49356.911781,621618
235,49356.911781,624276
236,49356.911781,626934
237,49356.911781,629592
238,49356.911781,632249
239,49356.911781,634907
240,49356.911781,637565
241,49356.911781,640223
242,49356.911781,642881
243,49356.908671,645538
244,49356.908671,648196
245,49356.908671,650853
246,49356.908671,653511
247,49356.908671,656169
248,49356.908671,658827
249,49356.908671,661485
250,49356.908671,664143
251,49356.908671,666800
252,49356.908671,669458
253,49356.908671,672116
254,49356.908671,674774
255,49356.908671,677432
256,49356.908671,680090
257,49356.908671,682748
258,49356.908671,685405
259,49356.908671,688063
260,49356.908671,690721
261,49356.908671,693378
262,49356.908671,696036
263,49356.908671,698693
264,49356.908671,701351
265,49356.908671,704009
266,49356.908671,706667
267,49356.908671,709325
268,49356.908671,711983
269,49356.908671,714641
270,49356.908671,717298
271,49356.908671,719956
272,49356.908671,722614
273,49356.908671,725271
274,49356.908671,727929
275,49356.908671,730587
276,49356.908671,733245
277,49356.908671,735903
278,49356.908671,738561
279,49356.908671,741218
280,49356.908671,743876
281,49356.908671,746534
282,49356.908671,749192
283,49356.908671,751850
284,49356.908671,754508
285,49356.908671,757166
286,49356.908671,759823
287,49356.908671,762481
288,49356.908671,765139
289,49356.908671,767797
290,49356.908671,770455
291,49356.908671,773113
292,49356.908671,775771
293,49356.908671,778429
294,49356.908671,781087
295,49356.908671,783742
296,49356.908671,786400
297,49356.908671,789058
298,49356.908671,791716
299,49356.908671,794374
300,49356.908671,797032
301,49356.908671,799690
302,49356.908671,802348
303,49356.908671,805005
304,49356.908671,807663
305,49356.908671,810321
306,49356.908671,812979
307,49356.908671,815637
308,49356.908671,818294
49356.908671,27.514250
1,49425.625296,2376
2,49402.738522,5000
3,49395.678080,7624
4,49365.372690,10248
5,49359.276533,12872
6,49357.781074,15496
7,49357.400414,18120
8,49357.176611,20744
9,49357.176611,23368
10,49357.067523,25992
11,49357.035578,28616
12,49357.035578,31240
13,49357.035578,33864
14,49356.998414,36488
15,49356.998414,39112
16,49356.978873,41736
17,49356.978873,44360
18,49356.978873,46984
19,49356.978873,49608
20,49356.978873,52232
21,49356.978873,54856
22,49356.978873,57480
23,49356.964542,60104
24,49356.964542,62728
25,49356.959816,65351
26,49356.959816,67974
27,49356.959816,70598
28,49356.959816,73221
29,49356.959816,75845
30,49356.959816,78469
31,49356.959816,81093
32,49356.959816,83717
33,49356.959816,86341
34,49356.959816,88965
35,49356.959816,91589
36,49356.959816,94213
37,49356.959816,96837
38,49356.959816,99460
39,49356.959816,102083
40,49356.953076,104707
41,49356.953076,107330
42,49356.953076,109954
43,49356.953076,112578
44,49356.953076,115202
45,49356.953076,117826
46,49356.953076,120450
47,49356.953076,123074
48,49356.953076,125697
49,49356.953076,128321
50,49356.953076,130944
51,49356.932021,133567
52,49356.932021,136191
53,49356.932021,138814
54,49356.932021,141438
55,49356.932021,144062
56,49356.932021,146685
57,49356.932021,149309
58,49356.932021,151933
59,49356.932021,154557
60,49356.932021,157181
61,49356.932021,159805
62,49356.932021,162429
63,49356.929736,165052
64,49356.929736,167675
65,49356.929736,170299
66,49356.929736,172923
67,49356.929736,175547
68,49356.929736,178170
69,49356.929736,180794
70,49356.929736,183418
71,49356.929736,186042
72,49356.929736,188665
73,49356.929736,191289
74,49356.929736,193911
75,49356.929736,196535
76,49356.929736,199159
77,49356.929736,201783
78,49356.929736,204407
79,49356.929736,207031
80,49356.929736,209655
81,49356.929736,212278
82,49356.929736,214899
83,49356.929736,217521
84,49356.929736,220145
85,49356.929736,222769
86,49356.929736,225393
87,49356.929736,228017
88,49356.929736,230641
89,49356.929736,233265
90,49356.929736,235889
91,49356.929736,238511
92,49356.929736,241135
93,49356.929736,243759
94,49356.917074,246383
95,49356.917074,249007
96,49356.917074,251631
97,49356.917074,254254
98,49356.917074,256878
99,49356.917074,259502
100,49356.917074,262125
101,49356.917074,264749
102,49356.917074,267373
103,49356.917074,269997
104,49356.916012,272621
105,49356.916012,275245
106,49356.916012,277868
107,49356.916012,280492
108,49356.916012,283116
109,49356.910461,285740
110,49356.910461,288363
111,49356.910461,290987
112,49356.910461,293611
113,49356.910461,296235
114,49356.910461,298859
115,49356.910461,301483
116,49356.910461,304107
117,49356.910461,306730
118,49356.910461,309354
119,49356.910461,311978
120,49356.910461,314602
121,49356.910461,317225
122,49356.910461,319848
123,49356.910461,322471
124,49356.910461,325095
125,49356.910461,327719
126,49356.910461,330343
127,49356.910461,332967
128,49356.910461,335591
129,49356.910461,338214
130,49356.910461,340837
131,49356.910461,343461
132,49356.910461,346085
133,49356.910461,348709
134,49356.910461,351333
135,49356.910461,353957
136,49356.910461,356581
137,49356.910461,359205
138,49356.910461,361828
139,49356.910461,364451
140,49356.910461,367074
141,49356.910461,369697
142,49356.910461,372321
143,49356.910461,374945
144,49356.910461,377569
145,49356.910461,380192
146,49356.910461,382816
147,49356.910461,385440
148,49356.910461,388064
149,49356.910461,390688
150,49356.910461,393312
151,49356.910461,395936
152,49356.910461,398560
153,49356.910461,401184
154,49356.910461,403808
155,49356.910461,406432
156,49356.910461,409056
157,49356.910461,411680
158,49356.910461,414304
159,49356.910461,416928
160,49356.910461,419552
161,49356.910461,422175
162,49356.910461,424798
163,49356.910461,427422
164,49356.910461,430046
165,49356.910461,432670
166,49356.910461,435294
167,49356.910461,437918
168,49356.910461,440542
169,49356.910461,443164
170,49356.910461,445787
171,49356.910461,448411
172,49356.910461,451035
173,49356.910461,453656
174,49356.910461,456279
175,49356.910461,458903
176,49356.910461,461527
177,49356.907086,464151
178,49356.907086,466773
179,49356.907086,469397
180,49356.907086,472021
181,49356.907086,474645
182,49356.907086,477269
183,49356.907086,479893
184,49356.907086,482514
185,49356.907086,485138
186,49356.907086,487761
187,49356.907086,490384
188,49356.907086,493008
189,49356.907086,495632
190,49356.907086,498256
191,49356.907086,500880
192,49356.907086,503504
193,49356.907086,506128
194,49356.907086,508752
195,49356.907086,511376
196,49356.907086,514000
197,49356.907086,516623
198,49356.907086,519247
199,49356.907086,521871
200,49356.907086,524495
201,49356.907086,527118
202,49356.907086,529742
203,49356.907086,532366
204,49356.907086,534990
205,49356.907086,537613
206,49356.907086,540237
207,49356.907086,542860
208,49356.907086,545484
209,49356.907086,548108
210,49356.907086,550732
211,49356.907086,553355
212,49356.907086,555979
213,49356.907086,558603
214,49356.907086,561226
215,49356.907086,563850
216,49356.907086,566474
217,49356.907086,569098
218,49356.907086,571722
219,49356.907086,574346
220,49356.907086,576970
221,49356.907086,579594
222,49356.907086,582216
223,49356.907086,584840
224,49356.907086,587464
225,49356.907086,590088
226,49356.907086,592712
227,49356.907086,595336
228,49356.907086,597959
229,49356.907086,600583
230,49356.907086,603207
231,49356.907086,605831
232,49356.907086,608454
233,49356.907086,611078
234,49356.907086,613701
235,49356.901677,616325
236,49356.901677,618949
237,49356.901677,621573
238,49356.901677,624197
239,49356.901677,626821
240,49356.901677,629445
241,49356.901677,632069
242,49356.901677,634693
243,49356.901677,637316
244,49356.901677,639940
245,49356.901677,642564
246,49356.901677,645187
247,49356.901677,647811
248,49356.901677,650435
249,49356.901677,653059
250,49356.901677,655683
251,49356.901677,658307
252,49356.901677,660931
253,49356.901677,663555
254,49356.901677,666178
255,49356.901677,668802
256,49356.901677,671426
257,49356.901677,674050
258,49356.901677,676672
259,49356.901677,679296
260,49356.901677,681920
261,49356.901677,684544
262,49356.901677,687168
263,49356.901677,689792
264,49356.901677,692415
265,49356.901677,695039
266,49356.901677,697662
267,49356.901677,700284
268,49356.901677,702907
269,49356.901677,705530
270,49356.901677,708154
271,49356.901677,710778
272,49356.901677,713402
273,49356.901677,716026
274,49356.901677,718650
275,49356.901677,721272
276,49356.901677,723896
277,49356.901677,726520
278,49356.901677,729143
279,49356.901677,731766
280,49356.901677,734390
281,49356.901677,737014
282,49356.901677,739638
283,49356.901677,742262
284,49356.901677,744886
285,49356.901677,747510
286,49356.901677,750134
287,49356.901677,752755
288,49356.901677,755378
289,49356.901677,758001
290,49356.901677,760624
291,49356.901677,763245
292,49356.901677,765868
293,49356.901677,768491
294,49356.901677,771115
295,49356.901677,773739
296,49356.901677,776363
297,49356.901677,778987
298,49356.901677,781611
299,49356.901677,784234
300,49356.901677,786858
301,49356.901677,789482
302,49356.901677,792106
303,49356.901677,794729
304,49356.901677,797353
305,49356.901677,799976
306,49356.901677,802600
307,49356.901677,805224
308,49356.901677,807848
309,49356.901677,810472
310,49356.901677,813096
311,49356.901677,815719
312,49356.901677,818343
49356.901677,27.790279
1,49446.562892,2376
2,49401.421979,5023
3,49388.279957,7670
4,49363.741007,10317
5,49359.177074,12964
6,49358.122459,15611
7,49357.186706,18258
8,49357.042745,20905
9,49357.042745,23552
10,49356.999116,26199
11,49356.999048,28846
12,49356.986901,31493
13,49356.978873,34140
14,49356.978873,36786
15,49356.978873,39433
16,49356.978086,42080
17,49356.978086,44727
18,49356.978086,47374
19,49356.978086,50021
20,49356.978086,52668
21,49356.978086,55315
22,49356.949698,57962
23,49356.949698,60608
24,49356.949698,63255
25,49356.943133,65902
26,49356.943133,68549
27,49356.943133,71196
28,49356.943133,73843
29,49356.943133,76490
30,49356.943133,79137
31,49356.943133,81784
32,49356.943133,84431
33,49356.943133,87078
34,49356.943133,89723
35,49356.943133,92370
36,49356.943133,95017
37,49356.943133,97664
38,49356.943133,100311
39,49356.940314,102958
40,49356.940314,105605
41,49356.940049,108251
42,49356.940049,110898
43,49356.940049,113545
44,49356.929746,116192
45,49356.929746,118839
46,49356.929746,121486
47,49356.929746,124133
48,49356.929746,126780
49,49356.929746,129427
50,49356.929746,132074
51,49356.929746,134721
52,49356.929746,137368
53,49356.929746,140015
54,49356.929746,142662
55,49356.929746,145309
56,49356.929746,147956
57,49356.929746,150603
58,49356.929746,153250
59,49356.929746,155895
60,49356.929746,158542
61,49356.929746,161189
62,49356.929746,163836
63,49356.929746,166483
64,49356.929746,169130
65,49356.929746,171777
66,49356.929746,174424
67,49356.929746,177071
68,49356.929746,179718
69,49356.929746,182365
70,49356.929746,185012
71,49356.929746,187659
72,49356.929746,190306
73,49356.929746,192952
74,49356.929746,195599
75,49356.929746,198246
76,49356.929746,200892
77,49356.929746,203539
78,49356.929746,206186
79,49356.929746,208833
80,49356.929746,211480
81,49356.929746,214127
82,49356.929746,216774
83,49356.929746,219421
84,49356.929746,222067
85,49356.929746,224714
86,49356.929746,227360
87,49356.929746,230007
88,49356.929746,232654
89,49356.929746,235301
90,49356.929746,237946
91,49356.929746,240592
92,49356.929746,243238
93,49356.929746,245885
94,49356.923871,248532
95,49356.923871,251179
96,49356.923871,253825
97,49356.923871,256472
98,49356.923871,259119
99,49356.923871,261766
100,49356.923871,264412
101,49356.923871,267059
102,49356.923871,269706
103,49356.923871,272353
104,49356.923871,275000
105,49356.923871,277646
106,49356.923871,280293
107,49356.923871,282939
108,49356.923871,285586
109,49356.923871,288230
110,49356.923871,290877
111,49356.923871,293524
112,49356.923871,296171
113,49356.923871,298818
114,49356.923871,301465
115,49356.923871,304112
116,49356.923871,306759
117,49356.923871,309406
118,49356.923871,312053
119,49356.923871,314700
120,49356.923871,317347
121,49356.923871,319994
122,49356.923871,322641
123,49356.923871,325288
124,49356.923871,327935
125,49356.923871,330581
126,49356.923871,333228
127,49356.923871,335875
128,49356.923871,338522
129,49356.923871,341168
130,49356.923871,343815
131,49356.923871,346462
132,49356.923871,349107
133,49356.923871,351754
134,49356.923871,354401
135,49356.923871,357048
136,49356.923871,359695
137,49356.923871,362341
138,49356.923871,364988
139,49356.923871,367634
140,49356.923871,370281
141,49356.923871,372928
142,49356.923871,375575
143,49356.923871,378221
144,49356.923871,380868
145,49356.923871,383515
146,49356.923871,386161
147,49356.923871,388807
148,49356.923871,391454
149,49356.923871,394101
150,49356.923871,396748
151,49356.923871,399395
152,49356.916446,402042
153,49356.916446,404689
154,49356.916446,407336
155,49356.916446,409983
156,49356.916446,412630
157,49356.916446,415276
158,49356.916446,417922
159,49356.916446,420569
160,49356.916446,423214
161,49356.916446,425858
162,49356.916446,428503
163,49356.916446,431150
164,49356.916446,433797
165,49356.916446,436444
166,49356.916446,439091
167,49356.916446,441737
168,49356.916446,444384
169,49356.916446,447029
170,49356.916446,449675
171,49356.916446,452322
172,49356.916446,454968
173,49356.916446,457613
174,49356.916446,460260
175,49356.916446,462907
176,49356.916446,465554
177,49356.916446,468201
178,49356.916446,470848
179,49356.916446,473494
180,49356.916446,476140
181,49356.916446,478786
182,49356.916446,481433
183,49356.916446,484080
184,49356.916446,486727
185,49356.916446,489374
186,49356.916446,492019
187,49356.916446,494666
188,49356.916446,497313
189,49356.916446,499960
190,49356.916446,502607
191,49356.916446,505253
192,49356.916446,507900
193,49356.916446,510547
194,49356.916446,513193
195,49356.916446,515837
196,49356.916446,518482
197,49356.916446,521128
198,49356.916446,523774
199,49356.911891,526419
200,49356.911891,529066
201,49356.911891,531713
202,49356.911891,534359
203,49356.911819,537006
204,49356.911819,539653
205,49356.911819,542300
206,49356.911819,544946
207,49356.911819,547593
208,49356.911819,550240
209,49356.911819,552887
210,49356.911819,555534
211,49356.911819,558181
212,49356.911819,560828
213,49356.911819,563475
214,49356.911819,566122
215,49356.911819,568768
216,49356.911819,571415
217,49356.911819,574061
218,49356.911819,576708
219,49356.911819,579355
220,49356.911819,582002
221,49356.911819,584649
222,49356.911819,587296
223,49356.911819,589943
224,49356.911819,592590
225,49356.911819,595237
226,49356.911819,597882
227,49356.911819,600529
228,49356.911819,603176
229,49356.911819,605821
230,49356.911819,608468
231,49356.911819,611115
232,49356.911819,613762
233,49356.911819,616409
234,49356.911819,619056
235,49356.911819,621703
236,49356.911819,624349
237,49356.908671,626996
238,49356.908671,629643
239,49356.908289,632289
240,49356.908289,634936
241,49356.908289,637583
242,49356.908289,640229
243,49356.908289,642876
244,49356.908289,645522
245,49356.908289,648169
246,49356.908289,650815
247,49356.908289,653462
248,49356.908289,656109
249,49356.908289,658755
250,49356.908289,661402
251,49356.908289,664049
252,49356.908289,666696
253,49356.908289,669342
254,49356.908289,671989
255,49356.908289,674636
256,49356.908289,677283
257,49356.908289,679929
258,49356.908214,682576
259,49356.908214,685223
260,49356.908214,687870
261,49356.908214,690517
262,49356.908214,693164
263,49356.908214,695810
264,49356.908214,698457
265,49356.908214,701103
266,49356.908214,703750
267,49356.908214,706397
268,49356.908214,709044
269,49356.908214,711691
270,49356.908214,714338
271,49356.901031,716985
272,49356.901031,719632
273,49356.901031,722279
274,49356.901031,724926
275,49356.901031,727573
276,49356.901031,730220
277,49356.901031,732867
278,49356.901031,735512
279,49356.901031,738159
280,49356.901031,740806
281,49356.901031,743448
282,49356.901031,746095
283,49356.901031,748742
284,49356.901031,751389
285,49356.901031,754036
286,49356.901031,756683
287,49356.901031,759328
288,49356.901031,761975
289,49356.901031,764622
290,49356.901031,767269
291,49356.901031,769915
292,49356.901031,772562
293,49356.901031,775209
294,49356.901031,777856
295,49356.901031,780502
296,49356.901031,783149
297,49356.901031,785796
298,49356.901031,788443
299,49356.901031,791090
300,49356.901031,793737
301,49356.901031,796383
302,49356.901031,799029
303,49356.901031,801676
304,49356.901031,804323
305,49356.901031,806970
306,49356.901031,809617
307,49356.901031,812264
308,49356.901031,814911
309,49356.901031,817558
310,49356.901031,820205
49356.901031,27.692653
1,49470.903898,2376
2,49440.775004,5001
3,49374.768647,7626
4,49363.089347,10251
5,49359.457738,12876
6,49357.745496,15501
7,49357.363089,18126
8,49357.232698,20751
9,49357.044946,23376
10,49357.032815,26001
11,49357.032815,28626
12,49357.027587,31251
13,49357.019117,33876
14,49357.019117,36501
15,49357.019117,39126
16,49357.019117,41751
17,49356.969932,44376
18,49356.964984,47001
19,49356.964984,49626
20,49356.964984,52251
21,49356.943724,54876
22,49356.931124,57501
23,49356.931124,60126
24,49356.931124,62751
25,49356.931124,65373
26,49356.931124,67998
27,49356.931124,70623
28,49356.931124,73248
29,49356.931124,75872
30,49356.931124,78497
31,49356.931124,81121
32,49356.931124,83746
33,49356.931124,86371
34,49356.931124,88995
35,49356.931124,91618
36,49356.921226,94243
37,49356.921226,96868
38,49356.921226,99493
39,49356.921226,102118
40,49356.921226,104743
41,49356.921226,107368
42,49356.921226,109993
43,49356.921226,112618
44,49356.921226,115243
45,49356.921226,117868
46,49356.921226,120493
47,49356.921226,123118
48,49356.921226,125742
49,49356.921226,128367
50,49356.921226,130991
51,49356.921226,133616
52,49356.921226,136241
53,49356.921226,138866
54,49356.921226,141490
55,49356.921226,144115
56,49356.921226,146740
57,49356.921226,149365
58,49356.921226,151990
59,49356.921226,154615
60,49356.921226,157240
61,49356.921226,159865
62,49356.921226,162489
63,49356.921226,165113
64,49356.921226,167738
65,49356.921226,170362
66,49356.921226,172987
67,49356.921226,175612
68,49356.921226,178237
69,49356.921226,180862
70,49356.921226,183486
71,49356.921226,186109
72,49356.921226,188734
73,49356.921226,191359
74,49356.921226,193984
75,49356.921226,196609
76,49356.921226,199234
77,49356.921226,201859
78,49356.921226,204484
79,49356.921226,207108
80,49356.921226,209732
81,49356.921226,212356
82,49356.921226,214981
83,49356.921226,217604
84,49356.921226,220229
85,49356.921226,222852
86,49356.921226,225477
87,49356.921226,228102
88,49356.921226,230727
89,49356.921226,233352
90,49356.921226,235975
91,49356.921226,238600
92,49356.921226,241225
93,49356.921226,243848
94,49356.921226,246473
95,49356.921226,249098
96,49356.921226,251723
97,49356.921226,254348
98,49356.921226,256973
99,49356.921226,259598
100,49356.921226,262220
101,49356.921226,264845
102,49356.921226,267467
103,49356.916942,270092
104,49356.916942,272717
105,49356.916942,275342
106,49356.916942,277967
107,49356.916942,280592
108,49356.916942,283217
109,49356.916942,285842
110,49356.916942,288467
111,49356.916942,291091
112,49356.916942,293716
113,49356.916942,296341
114,49356.916942,298965
115,49356.916942,301590
116,49356.916942,304215
117,49356.916942,306840
118,49356.916942,309465
119,49356.916942,312090
120,49356.916942,314715
121,49356.916942,317339
122,49356.916942,319963
123,49356.916942,322587
124,49356.916942,325211
125,49356.916942,327836
126,49356.916942,330461
127,49356.916942,333086
128,49356.916942,335711
129,49356.916942,338335
130,49356.916942,340960
131,49356.916942,343585
132,49356.916942,346210
133,49356.916942,348835
134,49356.916942,351460
135,49356.916942,354085
136,49356.916942,356709
137,49356.916942,359334
138,49356.916942,361959
139,49356.916942,364583
140,49356.916942,367208
141,49356.916942,369832
142,49356.916942,372457
143,49356.916942,375082
144,49356.916942,377707
145,49356.916942,380330
146,49356.916942,382954
147,49356.916942,385579
148,49356.916942,388204
149,49356.916942,390829
150,49356.916942,393454
151,49356.916942,396078
152,49356.916942,398702
153,49356.916942,401327
154,49356.916942,403950
155,49356.916942,406575
156,49356.916942,409200
157,49356.916942,411825
158,49356.913041,414450
159,49356.913041,417075
160,49356.913041,419700
161,49356.913041,422325
162,49356.913041,424950
163,49356.913041,427575
164,49356.913041,430198
165,49356.913041,432822
166,49356.913041,435445
167,49356.913041,438065
168,49356.913041,440685
169,49356.913041,443310
170,49356.913041,445934
171,49356.913041,448557
172,49356.913041,451180
173,49356.913041,453805
174,49356.913041,456430
175,49356.913041,459055
176,49356.913041,461680
177,49356.913041,464305
178,49356.913041,466930
179,49356.913041,469555
180,49356.913041,472180
181,49356.913041,474805
182,49356.913041,477429
183,49356.913041,480054
184,49356.913041,482677
185,49356.913041,485302
186,49356.913041,487927
187,49356.913041,490551
188,49356.913041,493175
189,49356.913041,495799
190,49356.913041,498423
191,49356.913041,501048
192,49356.913041,503673
193,49356.913041,506296
194,49356.913041,508921
195,49356.913041,511546
196,49356.913041,514171
197,49356.913041,516796
198,49356.913041,519421
199,49356.913041,522045
200,49356.913041,524668
201,49356.913041,527291
202,49356.913041,529915
203,49356.913041,532540
204,49356.913041,535164
205,49356.913041,537789
206,49356.913041,540414
207,49356.913041,543039
208,49356.913041,545664
209,49356.913041,548289
210,49356.913041,550913
211,49356.913041,553538
212,49356.913041,556163
213,49356.913041,558788
214,49356.913041,561413
215,49356.913041,564037
216,49356.913041,566662
217,49356.913041,569287
218,49356.913041,571912
219,49356.913041,574537
220,49356.913041,577161
221,49356.913041,579786
222,49356.913041,582411
223,49356.913041,585036
224,49356.913041,587661
225,49356.913041,590286
226,49356.913041,592911
227,49356.913041,595535
228,49356.913041,598160
229,49356.913041,600783
230,49356.913041,603408
231,49356.913041,606032
232,49356.913041,608656
233,49356.913041,611281
234,49356.913041,613906
235,49356.913041,616531
236,49356.913041,619155
237,49356.913041,621779
238,49356.913041,624404
239,49356.913041,627029
240,49356.913041,629654
241,49356.913041,632277
242,49356.913041,634902
243,49356.913041,637527
244,49356.913041,640152
245,49356.908255,642777
246,49356.908255,645401
247,49356.908255,648026
248,49356.908255,650651
249,49356.908255,653276
250,49356.908255,655901
251,49356.908255,658526
252,49356.908255,661150
253,49356.908255,663775
254,49356.908255,666400
255,49356.908255,669023
256,49356.908255,671648
257,49356.908255,674272
258,49356.901285,676897
259,49356.901285,679522
260,49356.901285,682147
261,49356.901285,684772
262,49356.901285,687397
263,49356.901285,690022
264,49356.901285,692646
265,49356.901285,695271
266,49356.901285,697896
267,49356.901285,700521
268,49356.901285,703146
269,49356.901285,705771
270,49356.901285,708395
271,49356.901285,711018
272,49356.901285,713643
273,49356.901285,716268
274,49356.901285,718893
275,49356.901285,721518
276,49356.901285,724143
277,49356.901285,726768
278,49356.901285,729393
279,49356.901285,732018
280,49356.901285,734643
281,49356.901285,737267
282,49356.901285,739892
283,49356.901285,742517
284,49356.901285,745142
285,49356.901285,747767
286,49356.901285,750392
287,49356.901285,753016
288,49356.901285,755638
289,49356.901285,758263
290,49356.901285,760888
291,49356.901285,763513
292,49356.901285,766138
293,49356.901285,768763
294,49356.901285,771388
295,49356.901285,774013
296,49356.901285,776637
297,49356.901285,779262
298,49356.901285,781887
299,49356.901285,784512
300,49356.901285,787137
301,49356.901285,789761
302,49356.901285,792386
303,49356.901285,795011
304,49356.901285,797635
305,49356.901285,800260
306,49356.901285,802883
307,49356.901285,805502
308,49356.901285,808124
309,49356.901285,810749
310,49356.901285,813373
311,49356.901285,815998
312,49356.901285,818623
49356.901285,27.806391
1,49442.184554,2376
2,49410.840576,5002
3,49388.570684,7628
4,49365.003346,10254
5,49361.838964,12880
6,49358.097575,15506
7,49357.242807,18132
8,49357.242807,20758
9,49357.060674,23384
10,49357.060674,26010
11,49356.980478,28636
12,49356.974874,31262
13,49356.974874,33888
14,49356.974874,36514
15,49356.966167,39140
16,49356.966167,41766
17,49356.955308,44391
18,49356.955308,47017
19,49356.955308,49643
20,49356.945256,52269
21,49356.945256,54895
22,49356.945256,57521
23,49356.943133,60146
24,49356.943133,62771
25,49356.931761,65397
26,49356.931761,68023
27,49356.923187,70649
28,49356.923187,73275
29,49356.923187,75900
30,49356.923187,78526
31,49356.923187,81152
32,49356.923187,83778
33,49356.923187,86404
34,49356.923187,89028
35,49356.923187,91654
36,49356.923187,94280
37,49356.923187,96906
38,49356.923187,99531
39,49356.923187,102157
40,49356.923187,104783
41,49356.923187,107409
42,49356.923187,110035
43,49356.923187,112661
44,49356.923187,115286
45,49356.923048,117912
46,49356.923048,120537
47,49356.923048,123163
48,49356.923048,125789
49,49356.923048,128414
50,49356.923048,131039
51,49356.923048,133665
52,49356.923048,136290
53,49356.923048,138916
54,49356.923048,141541
55,49356.923048,144167
56,49356.923048,146792
57,49356.923048,149418
58,49356.923048,152044
59,49356.923048,154670
60,49356.923048,157293
61,49356.923048,159918
62,49356.923048,162544
63,49356.923048,165170
64,49356.923048,167795
65,49356.923048,170419
66,49356.923048,173044
67,49356.923048,175669
68,49356.923048,178295
69,49356.923048,180921
70,49356.923048,183547
71,49356.923048,186173
72,49356.923048,188799
73,49356.923048,191425
74,49356.923048,194050
75,49356.923048,196676
76,49356.923048,199301
77,49356.923048,201927
78,49356.923048,204553
79,49356.923048,207179
80,49356.923048,209804
81,49356.923048,212430
82,49356.923048,215056
83,49356.923048,217682
84,49356.923048,220308
85,49356.923048,222934
86,49356.923048,225560
87,49356.923048,228186
88,49356.923048,230810
89,49356.923048,233436
90,49356.914507,236062
91,49356.914507,238688
92,49356.914507,241314
93,49356.914507,243940
94,49356.914507,246564
95,49356.914507,249190
96,49356.914507,251816
97,49356.914507,254442
98,49356.914507,257068
99,49356.914507,259694
100,49356.914507,262320
101,49356.914507,264946
102,49356.914507,267572
103,49356.914507,270198
104,49356.914507,272822
105,49356.914507,275448
106,49356.914507,278072
107,49356.914507,280697
108,49356.914507,283323
109,49356.914507,285949
110,49356.914507,288574
111,49356.914507,291200
112,49356.914507,293826
113,49356.914507,296452
114,49356.914507,299076
115,49356.914507,301701
116,49356.914507,304327
117,49356.914507,306952
118,49356.914507,309577
119,49356.914507,312200
120,49356.914507,314825
121,49356.914507,317451
122,49356.914507,320076
123,49356.914507,322702
124,49356.914507,325328
125,49356.914507,327954
126,49356.914507,330580
127,49356.914507,333205
128,49356.914507,335831
129,49356.914507,338456
130,49356.914507,341082
131,49356.914507,343708
132,49356.914507,346334
133,49356.914507,348959
134,49356.914507,351585
135,49356.914507,354209
136,49356.914507,356835
137,49356.914507,359461
138,49356.914507,362086
139,49356.914507,364711
140,49356.914507,367337
141,49356.914507,369963
142,49356.914507,372588
143,49356.914507,375214
144,49356.914507,377840
145,49356.914507,380466
146,49356.914507,383091
147,49356.914507,385715
148,49356.914507,388341
149,49356.914507,390967
150,49356.914507,393592
151,49356.914507,396218
152,49356.914507,398844
153,49356.914507,401470
154,49356.914507,404094
155,49356.914507,406719
156,49356.914507,409344
157,49356.914507,411970
158,49356.914507,414595
159,49356.914507,417221
160,49356.914507,419844
161,49356.914507,422470
162,49356.914507,425090
163,49356.914507,427716
164,49356.914507,430341
165,49356.914507,432967
166,49356.914507,435592
167,49356.914507,438216
168,49356.914507,440841
169,49356.914507,443467
170,49356.914507,446091
171,49356.914507,448717
172,49356.914507,451342
173,49356.914507,453968
174,49356.914507,456594
175,49356.914507,459219
176,49356.914507,461843
177,49356.914507,464468
178,49356.914507,467092
179,49356.914507,469718
180,49356.914507,472344
181,49356.914507,474970
182,49356.914507,477594
183,49356.914507,480219
184,49356.914507,482844
185,49356.914507,485469
186,49356.914507,488094
187,49356.914507,490720
188,49356.914507,493346
189,49356.914507,495972
190,49356.914507,498598
191,49356.914507,501224
192,49356.914507,503850
193,49356.914507,506476
194,49356.914507,509102
195,49356.914507,511728
196,49356.914507,514353
197,49356.914507,516979
198,49356.914507,519605
199,49356.914507,522231
200,49356.914507,524857
201,49356.914507,527483
202,49356.914507,530109
203,49356.914507,532735
204,49356.914507,535360
205,49356.914507,537986
206,49356.914507,540612
207,49356.914507,543238
208,49356.914507,545864
209,49356.914507,548490
210,49356.914507,551116
211,49356.914507,553742
212,49356.914507,556368
213,49356.914507,558994
214,49356.914507,561620
215,49356.914507,564245
216,49356.914507,566871
217,49356.914507,569495
218,49356.914507,572120
219,49356.914507,574746
220,49356.914507,577372
221,49356.914507,579998
222,49356.914507,582624
223,49356.914507,585250
224,49356.914507,587875
225,49356.914507,590500
226,49356.914507,593126
227,49356.914507,595752
228,49356.914507,598377
229,49356.914507,601003
230,49356.914507,603629
231,49356.914507,606255
232,49356.914507,608881
233,49356.914507,611507
234,49356.914507,614133
235,49356.914507,616758
236,49356.914507,619384
237,49356.914507,622008
238,49356.914507,624631
239,49356.914507,627256
240,49356.914507,629881
241,49356.914507,632507
242,49356.914507,635133
243,49356.914507,637759
244,49356.914507,640385
245,49356.914507,643011
246,49356.914507,645637
247,49356.914507,648262
248,49356.914507,650887
249,49356.914507,653513
250,49356.914507,656139
251,49356.914507,658764
252,49356.914507,661390
253,49356.914507,664015
254,49356.914507,666641
255,49356.914507,669266
256,49356.914507,671892
257,49356.914507,674517
258,49356.914507,677143
259,49356.914507,679768
260,49356.914507,682393
261,49356.914507,685019
262,49356.914507,687645
263,49356.914507,690271
264,49356.914507,692897
265,49356.914507,695523
266,49356.914507,698149
267,49356.914507,700774
268,49356.914507,703400
269,49356.914507,706025
270,49356.914507,708651
271,49356.914507,711277
272,49356.914507,713903
273,49356.914507,716529
274,49356.914507,719154
275,49356.914507,721780
276,49356.914507,724405
277,49356.914507,727031
278,49356.914507,729656
279,49356.914507,732282
280,49356.914507,734908
281,49356.914507,737533
282,49356.914507,740159
283,49356.914507,742785
284,49356.914507,745410
285,49356.914507,748036
286,49356.914507,750662
287,49356.914507,753287
288,49356.914507,755913
289,49356.914507,758539
290,49356.914507,761165
291,49356.914507,763791
292,49356.914507,766417
293,49356.914507,769043
294,49356.914507,771668
295,49356.914507,774294
296,49356.914507,776920
297,49356.914507,779546
298,49356.914507,782170
299,49356.914507,784795
300,49356.914507,787421
301,49356.914507,790047
302,49356.914507,792673
303,49356.914507,795299
304,49356.914507,797925
305,49356.914507,800550
306,49356.914507,803175
307,49356.914507,805800
308,49356.914507,808424
309,49356.914507,811050
310,49356.914507,813676
311,49356.914507,816302
312,49356.914507,818927
49356.914507,27.842982
1,49441.364986,2376
2,49441.364986,5008
3,49378.052770,7640
4,49364.665630,10272
5,49359.369732,12904
6,49357.592118,15536
7,49357.425179,18168
8,49357.050145,20800
9,49357.043354,23432
10,49357.001055,26064
11,49356.992464,28696
12,49356.992464,31328
13,49356.992464,33960
14,49356.992464,36592
15,49356.970813,39224
16,49356.970813,41856
17,49356.952395,44488
18,49356.944548,47120
19,49356.944548,49752
20,49356.943133,52384
21,49356.943133,55016
22,49356.943133,57648
23,49356.943133,60280
24,49356.943133,62912
25,49356.943133,65544
26,49356.943133,68176
27,49356.943133,70808
28,49356.943133,73440
29,49356.943133,76071
30,49356.943133,78703
31,49356.943133,81335
32,49356.943133,83966
33,49356.943133,86598
34,49356.943133,89228
35,49356.943133,91860
36,49356.943133,94492
37,49356.943133,97124
38,49356.943133,99756
39,49356.943133,102388
40,49356.943133,105020
41,49356.943133,107650
42,49356.943133,110282
43,49356.943133,112914
44,49356.943133,115545
45,49356.935057,118176
46,49356.935057,120807
47,49356.935057,123438
48,49356.935057,126070
49,49356.935057,128702
50,49356.935057,131334
51,49356.935057,133966
52,49356.935057,136598
53,49356.935057,139230
54,49356.935057,141862
55,49356.935057,144494
56,49356.935057,147126
57,49356.935057,149758
58,49356.935057,152390
59,49356.935057,155022
60,49356.935057,157653
61,49356.921226,160285
62,49356.921226,162916
63,49356.921226,165547
64,49356.921226,168178
65,49356.921226,170810
66,49356.916884,173442
67,49356.916884,176074
68,49356.916884,178706
69,49356.916884,181338
70,49356.916884,183970
71,49356.916884,186602
72,49356.916884,189234
73,49356.916884,191866
74,49356.916884,194498
75,49356.916884,197130
76,49356.913949,199762
77,49356.913949,202394
78,49356.913949,205026
79,49356.913949,207658
80,49356.913949,210289
81,49356.913949,212921
82,49356.913949,215553
83,49356.913949,218185
84,49356.913949,220816
85,49356.913949,223448
86,49356.913949,226078
87,49356.913949,228709
88,49356.913949,231341
89,49356.913949,233973
90,49356.913949,236605
91,49356.913949,239237
92,49356.913949,241869
93,49356.913949,244501
94,49356.913949,247133
95,49356.913949,249765
96,49356.913949,252397
97,49356.913949,255028
98,49356.913949,257660
99,49356.913949,260290
100,49356.913949,262922
101,49356.913949,265554
102,49356.913949,268186
103,49356.913949,270818
104,49356.913949,273450
105,49356.913949,276082
106,49356.913949,278714
107,49356.913949,281346
108,49356.913949,283977
109,49356.913949,286609
110,49356.913949,289241
111,49356.913949,291873
112,49356.913949,294505
113,49356.913949,297136
114,49356.913949,299768
115,49356.913949,302400
116,49356.913949,305032
117,49356.913949,307664
118,49356.913949,310295
119,49356.913949,312927
120,49356.913949,315559
121,49356.913949,318189
122,49356.913949,320820
123,49356.913949,323452
124,49356.913949,326084
125,49356.913949,328715
126,49356.913949,331347
127,49356.913949,333979
128,49356.913949,336611
129,49356.913949,339243
130,49356.913949,341875
131,49356.913949,344507
132,49356.913949,347139
133,49356.913949,349771
134,49356.913949,352401
135,49356.913949,355033
136,49356.913949,357665
137,49356.913949,360297
138,49356.913949,362929
139,49356.913949,365561
140,49356.913949,368193
141,49356.913949,370825
142,49356.913949,373457
143,49356.913949,376089
144,49356.913949,378720
145,49356.913949,381351
146,49356.913949,383981
147,49356.913949,386613
148,49356.913949,389245
149,49356.913949,391877
150,49356.913949,394509
151,49356.913949,397141
152,49356.913949,399773
153,49356.913949,402405
154,49356.913949,405036
155,49356.913949,407667
156,49356.913949,410299
157,49356.913949,412930
158,49356.913949,415562
159,49356.913949,418193
160,49356.913949,420824
161,49356.913949,423455
162,49356.913949,426087
163,49356.913949,428719
164,49356.913949,431351
165,49356.913949,433982
166,49356.913949,436614
167,49356.913949,439246
168,49356.913949,441878
169,49356.913949,444510
170,49356.913949,447141
171,49356.913949,449772
172,49356.913949,452404
173,49356.913949,455035
174,49356.913949,457667
175,49356.913949,460299
176,49356.913949,462931
177,49356.913949,465562
178,49356.913949,468194
179,49356.913949,470826
180,49356.913949,473458
181,49356.913949,476090
182,49356.913949,478722
183,49356.913949,481354
184,49356.913949,483986
185,49356.913949,486618
186,49356.913949,489250
187,49356.913949,491882
188,49356.913949,494514
189,49356.913949,497146
190,49356.913949,499778
191,49356.913949,502410
192,49356.913949,505042
193,49356.913949,507674
194,49356.913949,510306
195,49356.913949,512937
196,49356.913949,515569
197,49356.913949,518200
198,49356.913949,520832
199,49356.913949,523464
200,49356.913949,526096
201,49356.913949,528727
202,49356.913949,531359
203,49356.896088,533991
204,49356.896088,536621
205,49356.896088,539253
206,49356.896088,541885
207,49356.896088,544517
208,49356.896088,547148
209,49356.896088,549780
210,49356.896088,552412
211,49356.896088,555044
212,49356.896088,557676
213,49356.896088,560308
214,49356.896088,562940
215,49356.896088,565572
216,49356.896088,568202
217,49356.896088,570834
218,49356.896088,573465
219,49356.896088,576097
220,49356.896088,578729
221,49356.896088,581361
222,49356.896088,583992
223,49356.896088,586619
224,49356.896088,589251
225,49356.896088,591882
226,49356.896088,594514
227,49356.896088,597146
228,49356.896088,599778
229,49356.896088,602410
230,49356.896088,605041
231,49356.896088,607672
232,49356.896088,610304
233,49356.896088,612936
234,49356.896088,615567
235,49356.896088,618198
236,49356.896088,620826
237,49356.896088,623455
238,49356.896088,626086
239,49356.896088,628717
240,49356.896088,631348
241,49356.896088,633979
242,49356.896088,636609
243,49356.896088,639240
244,49356.896088,641871
245,49356.896088,644503
246,49356.896088,647134
247,49356.896088,649765
248,49356.896088,652397
249,49356.896088,655029
250,49356.896088,657659
251,49356.896088,660291
252,49356.896088,662923
253,49356.896088,665555
254,49356.896088,668187
255,49356.896088,670819
256,49356.896088,673450
257,49356.896088,676080
258,49356.896088,678712
259,49356.896088,681344
260,49356.896088,683976
261,49356.896088,686607
262,49356.896088,689239
263,49356.896088,691871
264,49356.896088,694503
265,49356.896088,697135
266,49356.896088,699766
267,49356.896088,702398
268,49356.896088,705030
269,49356.896088,707662
270,49356.896088,710294
271,49356.896088,712926
272,49356.896088,715558
273,49356.896088,718190
274,49356.896088,720822
275,49356.896088,723454
276,49356.896088,726086
277,49356.896088,728718
278,49356.896088,731350
279,49356.896088,733982
280,49356.896088,736614
281,49356.896088,739246
282,49356.896088,741878
283,49356.896088,744510
284,49356.896088,747141
285,49356.896088,749773
286,49356.896088,752405
287,49356.896088,755036
288,49356.896088,757668
289,49356.896088,760300
290,49356.896088,762932
291,49356.896088,765564
292,49356.896088,768195
293,49356.896088,770827
294,49356.896088,773459
295,49356.896088,776090
296,49356.896088,778722
297,49356.896088,781354
298,49356.896088,783986
299,49356.896088,786618
300,49356.896088,789248
301,49356.896088,791880
302,49356.896088,794511
303,49356.896088,797143
304,49356.896088,799775
305,49356.896088,802407
306,49356.896088,805039
307,49356.896088,807671
308,49356.896088,810303
309,49356.896088,812935
310,49356.896088,815567
311,49356.896088,818199
49356.896088,27.829011
1,49440.662969,2376
2,49405.196708,5035
3,49371.301314,7694
4,49363.447318,10353
5,49358.980526,13012
6,49357.971253,15671
7,49357.344597,18330
8,49357.104638,20989
9,49357.028927,23648
10,49356.990713,26307
11,49356.990713,28966
12,49356.990713,31625
13,49356.990713,34284
14,49356.990713,36943
15,49356.990713,39602
16,49356.990713,42261
17,49356.985310,44920
18,49356.985310,47579
19,49356.985310,50238
20,49356.985310,52897
21,49356.985310,55556
22,49356.985310,58214
23,49356.970472,60873
24,49356.962172,63532
25,49356.962172,66191
26,49356.962172,68850
27,49356.962172,71509
28,49356.962172,74168
29,49356.962172,76827
30,49356.962172,79486
31,49356.962172,82145
32,49356.962172,84804
33,49356.962172,87463
34,49356.962172,90122
35,49356.962172,92781
36,49356.962172,95439
37,49356.962172,98098
38,49356.962172,100757
39,49356.962172,103416
40,49356.962172,106075
41,49356.962172,108734
42,49356.962172,111393
43,49356.962172,114052
44,49356.962172,116711
45,49356.962172,119370
46,49356.962172,122029
47,49356.962172,124688
48,49356.962172,127347
49,49356.962172,130006
50,49356.962172,132664
51,49356.962172,135323
52,49356.924433,137982
53,49356.924433,140641
54,49356.924433,143299
55,49356.924433,145958
56,49356.924433,148617
57,49356.924433,151275
58,49356.924433,153934
59,49356.924433,156592
60,49356.924433,159251
61,49356.924433,161910
62,49356.924433,164569
63,49356.924433,167228
64,49356.924433,169886
65,49356.924433,172545
66,49356.924433,175204
67,49356.924433,177862
68,49356.924433,180521
69,49356.924433,183180
70,49356.924433,185839
71,49356.924433,188498
72,49356.924433,191156
73,49356.924433,193815
74,49356.924433,196473
75,49356.924433,199132
76,49356.924433,201791
77,49356.924433,204450
78,49356.924433,207109
79,49356.924433,209768
80,49356.924433,212427
81,49356.913113,215085
82,49356.913113,217744
83,49356.913113,220403
84,49356.913113,223062
85,49356.913113,225721
86,49356.913113,228380
87,49356.913113,231038
88,49356.913113,233696
89,49356.913113,236355
90,49356.913113,239014
91,49356.913113,241673
92,49356.913113,244332
93,49356.913113,246991
94,49356.913113,249650
95,49356.913113,252309
96,49356.913113,254968
97,49356.913113,257627
98,49356.913113,260286
99,49356.913113,262945
100,49356.913113,265604
101,49356.913113,268263
102,49356.913113,270921
103,49356.913113,273580
104,49356.913113,276239
105,49356.913113,278898
106,49356.913113,281557
107,49356.913113,284216
108,49356.913113,286875
109,49356.913113,289534
110,49356.913113,292193
111,49356.913113,294852
112,49356.913113,297511
113,49356.913113,300170
114,49356.913113,302829
115,49356.913113,305488
116,49356.913113,308147
117,49356.913113,310805
118,49356.913113,313464
119,49356.913113,316123
120,49356.913113,318782
121,49356.913113,321440
122,49356.913113,324099
123,49356.913113,326757
124,49356.913113,329416
125,49356.913113,332075
126,49356.903270,334733
127,49356.903270,337391
128,49356.903270,340050
129,49356.903270,342705
130,49356.903270,345362
131,49356.903270,348020
132,49356.903270,350679
133,49356.903270,353338
134,49356.903270,355996
135,49356.903270,358655
136,49356.903270,361314
137,49356.903270,363973
138,49356.903270,366632
139,49356.903270,369289
140,49356.903270,371948
141,49356.903270,374607
142,49356.903270,377265
143,49356.903270,379924
144,49356.903270,382583
145,49356.903270,385242
146,49356.903270,387900
147,49356.903270,390557
148,49356.903270,393216
149,49356.903270,395875
150,49356.903270,398533
151,49356.903270,401192
152,49356.903270,403851
153,49356.903270,406510
154,49356.903270,409169
155,49356.903270,411828
156,49356.903270,414487
157,49356.903270,417145
158,49356.903270,419804
159,49356.903270,422463
160,49356.903270,425122
161,49356.903270,427781
162,49356.903270,430440
163,49356.903270,433099
164,49356.903270,435757
165,49356.903270,438416
166,49356.903270,441075
167,49356.903270,443734
168,49356.903270,446393
169,49356.903270,449052
170,49356.903270,451711
171,49356.903270,454369
172,49356.903270,457028
173,49356.903270,459687
174,49356.903270,462345
175,49356.903270,465003
176,49356.903270,467662
177,49356.903270,470321
178,49356.903270,472979
179,49356.903270,475638
180,49356.903270,478297
181,49356.903270,480955
182,49356.903270,483613
183,49356.903270,486272
184,49356.903270,488931
185,49356.903270,491590
186,49356.903270,494247
187,49356.903270,496905
188,49356.903270,499564
189,49356.903270,502222
190,49356.903270,504881
191,49356.903270,507540
192,49356.903270,510199
193,49356.903270,512858
194,49356.903270,515517
195,49356.903270,518176
196,49356.903270,520835
197,49356.903270,523493
198,49356.903270,526151
199,49356.903270,528809
200,49356.903270,531468
201,49356.903270,534127
202,49356.903270,536786
203,49356.903270,539445
204,49356.903270,542104
205,49356.903270,544763
206,49356.903270,547422
207,49356.903270,550080
208,49356.903270,552739
209,49356.903270,555398
210,49356.903270,558057
211,49356.903270,560716
212,49356.903270,563374
213,49356.903270,566033
214,49356.903270,568692
215,49356.903270,571350
216,49356.903270,574009
217,49356.903270,576668
218,49356.903270,579327
219,49356.903270,581985
220,49356.903270,584644
221,49356.903270,587303
222,49356.903270,589962
223,49356.903270,592620
224,49356.903270,595279
225,49356.903270,597938
226,49356.903270,600597
227,49356.903270,603256
228,49356.903270,605915
229,49356.903270,608574
230,49356.903270,611233
231,49356.903270,613892
232,49356.903270,616551
233,49356.903270,619210
234,49356.903270,621869
235,49356.903270,624528
236,49356.903270,627187
237,49356.903270,629846
238,49356.903270,632505
239,49356.903270,635164
240,49356.903270,637823
241,49356.903270,640482
242,49356.903270,643141
243,49356.903270,645799
244,49356.903270,648457
245,49356.903270,651116
246,49356.903270,653775
247,49356.903270,656434
248,49356.903270,659093
249,49356.903270,661752
250,49356.903270,664411
251,49356.903270,667069
252,49356.903270,669728
253,49356.903270,672387
254,49356.903270,675046
255,49356.903270,677705
256,49356.903270,680364
257,49356.903270,683023
258,49356.903270,685682
259,49356.903270,688341
260,49356.903270,691000
261,49356.903270,693659
262,49356.903270,696318
263,49356.903270,698977
264,49356.903270,701636
265,49356.903270,704295
266,49356.903270,706954
267,49356.903270,709613
268,49356.903270,712272
269,49356.903270,714931
270,49356.903270,717590
271,49356.903270,720249
272,49356.903270,722908
273,49356.903270,725567
274,49356.903270,728226
275,49356.903270,730883
276,49356.903270,733542
277,49356.903270,736198
278,49356.903270,738857
279,49356.903270,741516
280,49356.895301,744175
281,49356.895301,746834
282,49356.895301,749493
283,49356.895301,752151
284,49356.895301,754809
285,49356.895301,757468
286,49356.895301,760127
287,49356.895301,762786
288,49356.895301,765445
289,49356.895301,768104
290,49356.895301,770763
291,49356.895301,773422
292,49356.895301,776081
293,49356.895301,778740
294,49356.895301,781399
295,49356.895301,784058
296,49356.895301,786715
297,49356.895301,789374
298,49356.895301,792033
299,49356.895301,794692
300,49356.895301,797351
301,49356.895301,800009
302,49356.895301,802667
303,49356.895301,805326
304,49356.895301,807984
305,49356.895301,810643
306,49356.895301,813300
307,49356.895301,815958
308,49356.895301,818617
49356.895301,27.528794
