1,62042.903928,2376
2,62041.886907,5041
3,62037.055848,7705
4,62037.055848,10367
5,62037.055848,13029
6,62037.055848,15693
7,62037.055848,18354
8,62037.055848,21018
9,62037.055848,23681
10,62037.055848,26342
11,62037.055848,29002
12,62037.055848,31661
13,62037.055848,34323
14,62037.055848,36986
15,62037.055848,39644
16,62037.055848,42303
17,62037.055848,44957
18,62037.055848,47617
19,62037.055848,50277
20,62037.055848,52938
21,62037.055848,55599
22,62037.055848,58262
23,62037.055848,60923
24,62037.055848,63583
25,62037.055848,66240
26,62037.055848,68900
27,62037.055848,71558
28,62037.055848,74219
29,62037.055848,76879
30,62037.055848,79540
31,62037.055848,82201
32,62037.055848,84859
33,62037.055848,87522
34,62037.055848,90187
35,62037.055848,92843
36,62037.055848,95503
37,62037.055848,98163
38,62037.055848,100824
39,62037.055848,103487
40,62037.055848,106149
41,62037.055848,108811
42,62037.055848,111470
43,62037.055848,114130
44,62037.055848,116792
45,62037.055848,119455
46,62037.055848,122117
47,62037.055848,124778
48,62037.055848,127439
49,62037.055848,130100
50,62037.055848,132763
51,62037.055848,135422
52,62037.055848,138079
53,62037.055848,140735
54,62037.055848,143391
55,62037.055848,146050
56,62037.055848,148708
57,62037.055848,151367
58,62037.055848,154027
59,62037.055848,156688
60,62037.055848,159350
61,62037.055848,162012
62,62037.055848,164668
63,62037.055848,167327
64,62037.055848,169988
65,62037.055848,172651
66,62037.055848,175315
67,62037.055848,177977
68,62037.055848,180640
69,62037.055848,183299
70,62037.055848,185961
71,62037.055848,188620
72,62037.055848,191283
73,62037.055848,193946
74,62037.055848,196610
75,62037.055848,199268
76,62037.055848,201927
77,62037.055848,204584
78,62037.055848,207239
79,62037.055848,209898
80,62037.055848,212560
81,62037.055848,215221
82,62037.055848,217880
83,62037.055848,220543
84,62037.055848,223205
85,62037.055848,225866
86,62037.055848,228526
87,62037.055848,231183
88,62037.055848,233841
89,62037.055848,236495
90,62037.055848,239155
91,62037.055848,241818
92,62037.055848,244476
93,62037.055848,247134
94,62037.055848,249789
95,62037.055848,252452
96,62037.055848,255115
97,62037.055848,257777
98,62037.055848,260438
99,62037.055848,263101
100,62037.055848,265754
101,62037.055848,268417
102,62037.055848,271079
103,62037.055848,273742
104,62037.055848,276405
105,62037.055848,279066
106,62037.055848,281729
107,62037.055848,284384
108,62037.055848,287038
109,62037.055848,289698
110,62037.055848,292356
111,62037.055848,295020
112,62037.055848,297681
113,62037.055848,300340
114,62037.055848,302995
115,62037.055848,305658
116,62037.055848,308321
117,62037.055848,310976
118,62037.055848,313636
119,62037.055848,316297
120,62037.055848,318958
121,62037.055848,321614
122,62037.055848,324278
123,62037.055848,326938
124,62037.055848,329599
125,62037.055848,332258
126,62037.055848,334916
127,62037.055848,337577
128,62037.055848,340239
129,62037.055848,342899
130,62037.055848,345560
131,62037.055848,348223
132,62037.055848,350884
133,62037.055848,353546
134,62037.055848,356207
135,62037.055848,358869
136,62037.055848,361530
137,62037.055848,364192
138,62037.055848,366852
139,62037.055848,369515
140,62037.055848,372173
141,62037.055848,374829
142,62037.055848,377485
143,62037.055848,380146
144,62037.055848,382807
145,62037.055848,385466
146,62037.055848,388126
147,62037.055848,390789
148,62037.055848,393452
149,62037.055848,396115
150,62037.055848,398774
151,62037.055848,401437
152,62037.055848,404092
153,62037.055848,406747
154,62037.055848,409406
155,62037.055848,412069
156,62037.055848,414730
157,62037.055848,417394
158,62037.055848,420055
159,62037.055848,422714
160,62037.055848,425369
161,62037.055848,428033
162,62037.055848,430694
163,62037.055848,433353
164,62037.055848,436016
165,62037.055848,438678
166,62037.055848,441333
167,62037.055848,443994
168,62037.055848,446656
169,62037.055848,449314
170,62037.055848,451974
171,62037.055848,454627
172,62037.055848,457283
173,62037.055848,459945
174,62037.055848,462606
175,62037.055848,465269
176,62037.055848,467930
177,62037.055848,470588
178,62037.055848,473252
179,62037.055848,475913
180,62037.055848,478574
181,62037.055848,481236
182,62037.055848,483897
183,62037.055848,486556
184,62037.055848,489217
185,62037.055848,491879
186,62037.055848,494540
187,62037.055848,497202
188,62037.055848,499866
189,62037.055848,502530
190,62037.055848,505194
191,62037.055848,507853
192,62037.055848,510516
193,62037.055848,513174
194,62037.055848,515829
195,62037.055848,518490
196,62037.055848,521152
197,62037.055848,523814
198,62037.055848,526479
199,62037.055848,529136
200,62037.055848,531795
201,62037.055848,534453
202,62037.055848,537113
203,62037.055848,539769
204,62037.055848,542426
205,62037.055848,545087
206,62037.055848,547743
207,62037.055848,550405
208,62037.055848,553066
209,62037.055848,555726
210,62037.055848,558385
211,62037.055848,561047
212,62037.055848,563709
213,62037.055848,566371
214,62037.055848,569031
215,62037.055848,571694
216,62037.055848,574353
217,62037.055848,577013
218,62037.055848,579677
219,62037.055848,582337
220,62037.055848,584998
221,62037.055848,587659
222,62037.055848,590321
223,62037.055848,592979
224,62037.055848,595639
225,62037.055848,598303
226,62037.055848,600963
227,62037.055848,603619
228,62037.055848,606279
229,62037.055848,608940
230,62037.055848,611599
231,62037.055848,614257
232,62037.055848,616921
233,62037.055848,619583
234,62037.055848,622248
235,62037.055848,624911
236,62037.055848,627575
237,62037.055848,630232
238,62037.055848,632893
239,62037.055848,635557
240,62037.055848,638217
241,62037.055848,640879
242,62037.055848,643539
243,62037.055848,646201
244,62037.055848,648863
245,62037.055848,651524
246,62037.055848,654181
247,62037.055848,656836
248,62037.055848,659495
249,62037.055848,662159
250,62037.055848,664820
251,62037.055848,667477
252,62037.055848,670139
253,62037.055848,672800
254,62037.055848,675457
255,62037.055848,678118
256,62037.055848,680775
257,62037.055848,683431
258,62037.055848,686091
259,62037.055848,688749
260,62037.055848,691408
261,62037.055848,694069
262,62037.055848,696727
263,62037.055848,699388
264,62037.055848,702053
265,62037.055848,704715
266,62037.055848,707378
267,62037.055848,710043
268,62037.055848,712708
269,62037.055848,715371
270,62037.055848,718030
271,62037.055848,720693
272,62037.055848,723355
273,62037.055848,726014
274,62037.055848,728676
275,62037.055848,731334
276,62037.055848,733993
277,62037.055848,736650
278,62037.055848,739305
279,62037.055848,741961
280,62037.055848,744624
281,62037.055848,747283
282,62037.055848,749933
283,62037.055848,752589
284,62037.055848,755251
285,62037.055848,757913
286,62037.055848,760569
287,62037.055848,763228
288,62037.055848,765889
289,62037.055848,768549
290,62037.055848,771209
291,62037.055848,773865
292,62037.055848,776527
293,62037.055848,779186
294,62037.055848,781848
295,62037.055848,784506
296,62037.055848,787168
297,62037.055848,789826
298,62037.055848,792490
299,62037.055848,795151
300,62037.055848,797815
301,62037.055848,800474
302,62037.055848,803136
303,62037.055848,805797
304,62037.055848,808454
305,62037.055848,811113
62037.055848,4.755960
1,62040.592355,2376
2,62038.289660,5014
3,62038.289660,7654
4,62038.289660,10294
5,62038.289660,12934
6,62038.289660,15573
7,62038.289660,18210
8,62038.289660,20849
9,62038.289660,23484
10,62038.289660,26113
11,62038.289660,28744
12,62038.289660,31380
13,62038.289660,34015
14,62038.289660,36652
15,62038.289660,39290
16,62038.289660,41928
17,62038.289660,44557
18,62038.289660,47195
19,62038.289660,49831
20,62038.289660,52465
21,62038.289660,55101
22,62038.289660,57730
23,62038.289660,60365
24,62038.289660,62999
25,62038.289660,65626
26,62038.289660,68261
27,62038.289660,70897
28,62038.289660,73529
29,62038.289660,76165
30,62038.289660,78799
31,62038.289660,81435
32,62038.289660,84069
33,62038.289660,86705
34,62038.289660,89341
35,62038.289660,91977
36,62038.289660,94610
37,62038.289660,97244
38,62038.289660,99880
39,62038.289660,102516
40,62038.289660,105156
41,62038.289660,107789
42,62038.289660,110429
43,62038.289660,113061
44,62038.289660,115697
45,62038.289660,118329
46,62038.289660,120969
47,62038.289660,123605
48,62038.289660,126243
49,62038.289660,128880
50,62038.289660,131517
51,62038.289660,134152
52,62038.289660,136787
53,62038.289660,139421
54,62038.289660,142059
55,62038.289660,144694
56,62038.289660,147330
57,62038.289660,149963
58,62038.289660,152598
59,62038.289660,155236
60,62038.289660,157865
61,62038.289660,160501
62,62038.289660,163134
63,62038.289660,165769
64,62038.289660,168404
65,62038.289660,171038
66,62038.289660,173674
67,62038.289660,176309
68,62038.289660,178943
69,62038.289660,181576
70,62038.289660,184212
71,62038.289660,186847
72,62038.289660,189485
73,62038.289660,192119
74,62038.289660,194758
75,62038.289660,197397
76,62038.289660,200033
77,62038.289660,202672
78,62038.289660,205308
79,62038.289660,207946
80,62038.289660,210582
81,62038.289660,213215
82,62038.289660,215852
83,62038.289660,218488
84,62038.289660,221124
85,62038.289660,223762
86,62038.289660,226399
87,62038.289660,229037
88,62038.289660,231677
89,62038.289660,234313
90,62038.289660,236953
91,62038.289660,239592
92,62038.289660,242225
93,62038.289660,244853
94,62038.289660,247489
95,62038.289660,250123
96,62038.289660,252758
97,62038.289660,255397
98,62038.289660,258032
99,62038.289660,260671
100,62038.289660,263302
101,62038.289660,265940
102,62038.289660,268579
103,62038.289660,271215
104,62038.289660,273852
105,62038.289660,276483
106,62038.289660,279117
107,62038.289660,281753
108,62038.289660,284387
109,62038.289660,287023
110,62038.289660,289663
111,62038.289660,292302
112,62038.289660,294938
113,62038.289660,297571
114,62038.289660,300204
115,62038.289660,302840
116,62038.289660,305475
117,62038.289660,308110
118,62038.289660,310744
119,62038.289660,313379
120,62038.289660,316018
121,62038.289660,318655
122,62038.289660,321293
123,62038.289660,323929
124,62038.289660,326566
125,62038.289660,329203
126,62038.289660,331839
127,62038.289660,334475
128,62038.289660,337114
129,62038.289660,339750
130,62038.289660,342386
131,62038.289660,345024
132,62038.289660,347663
133,62038.289660,350299
134,62038.289660,352928
135,62038.289660,355565
136,62038.289660,358202
137,62038.289660,360836
138,62038.289660,363469
139,62038.289660,366106
140,62038.289660,368744
141,62038.289660,371377
142,62038.289660,374013
143,62038.289660,376651
144,62038.289660,379290
145,62038.289660,381927
146,62038.289660,384563
147,62038.289660,387198
148,62038.289660,389832
149,62038.289660,392466
150,62038.289660,395098
151,62038.289660,397736
152,62038.289660,400369
153,62038.289660,403000
154,62038.289660,405632
155,62038.289660,408268
156,62038.289660,410902
157,62038.289660,413537
158,62038.289660,416176
159,62038.289660,418813
160,62038.289660,421451
161,62038.289660,424087
162,62038.289660,426725
163,62038.289660,429359
164,62038.289660,431999
165,62038.289660,434633
166,62038.289660,437266
167,62038.289660,439903
168,62037.652059,442541
169,62037.652059,445174
170,62037.652059,447809
171,62037.652059,450446
172,62037.652059,453080
173,62037.652059,455717
174,62037.652059,458351
175,62037.652059,460981
176,62037.652059,463615
177,62037.652059,466245
178,62037.652059,468881
179,62037.634328,471513
180,62037.634328,474148
181,62037.634328,476784
182,62037.634328,479417
183,62037.634328,482051
184,62037.634328,484683
185,62037.634328,487319
186,62037.634328,489953
187,62037.634328,492589
188,62037.634328,495224
189,62037.634328,497859
190,62037.634328,500491
191,62037.634328,503120
192,62037.634328,505754
193,62037.634328,508390
194,62037.634328,511027
195,62037.634328,513665
196,62037.634328,516303
197,62037.634328,518939
198,62037.634328,521571
199,62037.634328,524206
200,62037.634328,526840
201,62037.634328,529473
202,62037.634328,532109
203,62037.634328,534739
204,62037.634328,537373
205,62037.634328,540011
206,62037.634328,542647
207,62037.634328,545280
208,62037.634328,547916
209,62037.634328,550552
210,62037.634328,553191
211,62037.634328,555827
212,62037.634328,558463
213,62037.634328,561097
214,62037.634328,563732
215,62037.634328,566366
216,62037.634328,568998
217,62037.634328,571635
218,62037.634328,574263
219,62037.634328,576896
220,62037.634328,579528
221,62037.634328,582156
222,62037.634328,584786
223,62037.634328,587413
224,62037.634328,590049
225,62037.634328,592681
226,62037.634328,595319
227,62037.634328,597951
228,62037.634328,600585
229,62037.634328,603219
230,62037.634328,605850
231,62037.634328,608477
232,62037.634328,611111
233,62037.634328,613749
234,62037.634328,616380
235,62037.634328,619014
236,62037.634328,621647
237,62037.634328,624283
238,62037.634328,626918
239,62037.634328,629549
240,62037.634328,632182
241,62037.634328,634820
242,62037.634328,637454
243,62037.634328,640087
244,62037.634328,642716
245,62037.634328,645353
246,62037.634328,647991
247,62037.634328,650627
248,62037.634328,653256
249,62037.634328,655886
250,62037.634328,658523
251,62037.634328,661156
252,62037.634328,663789
253,62037.634328,666423
254,62037.634328,669058
255,62037.634328,671691
256,62037.634328,674325
257,62037.634328,676963
258,62037.634328,679589
259,62037.634328,682218
260,62037.634328,684852
261,62037.634328,687489
262,62037.634328,690125
263,62037.634328,692753
264,62037.634328,695385
265,62037.634328,698021
266,62037.634328,700655
267,62037.634328,703285
268,62037.634328,705918
269,62037.634328,708552
270,62037.634328,711187
271,62037.634328,713820
272,62037.634328,716450
273,62037.634328,719086
274,62037.634328,721720
275,62037.634328,724354
276,62037.634328,726985
277,62037.634328,729618
278,62037.634328,732252
279,62037.634328,734883
280,62037.634328,737514
281,62037.634328,740146
282,62037.634328,742778
283,62037.634328,745413
284,62037.634328,748046
285,62037.634328,750680
286,62037.634328,753309
287,62037.634328,755944
288,62037.634328,758579
289,62037.634328,761212
290,62037.634328,763841
291,62037.634328,766473
292,62037.634328,769108
293,62037.634328,771742
294,62037.634328,774378
295,62037.634328,777013
296,62037.634328,779645
297,62037.634328,782281
298,62037.634328,784915
299,62037.634328,787542
300,62037.634328,790177
301,62037.634328,792811
302,62037.634328,795445
303,62037.634328,798079
304,62037.634328,800711
305,62037.634328,803343
306,62037.634328,805978
307,62037.634328,808609
308,62037.634328,811242
62037.634328,4.516718
1,62039.329063,2376
2,62038.592934,5037
3,62038.592934,7697
4,62038.592934,10354
5,62038.592934,13013
6,62037.953821,15670
7,62037.953821,18328
8,62037.953821,20986
9,62037.953821,23645
10,62037.953821,26301
11,62037.953821,28956
12,62037.953821,31612
13,62037.953821,34271
14,62037.953821,36928
15,62037.953821,39580
16,62037.953821,42238
17,62037.953821,44895
18,62037.953821,47552
19,62037.953821,50207
20,62037.953821,52865
21,62037.953821,55525
22,62037.953821,58178
23,62037.953821,60835
24,62037.953821,63488
25,62037.953821,66146
26,62037.953821,68799
27,62037.953821,71451
28,62037.953821,74107
29,62037.953821,76759
30,62037.953821,79418
31,62037.953821,82072
32,62037.953821,84728
33,62037.953821,87383
34,62037.953821,90039
35,62037.953821,92698
36,62037.953821,95352
37,62037.953821,98007
38,62037.953821,100666
39,62037.953821,103321
40,62037.953821,105973
41,62037.953821,108627
42,62037.953821,111281
43,62037.953821,113941
44,62037.953821,116599
45,62037.953821,119254
46,62037.953821,121906
47,62037.953821,124564
48,62037.953821,127219
49,62037.953821,129875
50,62037.953821,132529
51,62037.953821,135186
52,62037.953821,137836
53,62037.953821,140482
54,62037.953821,143141
55,62037.953821,145794
56,62037.953821,148449
57,62037.953821,151105
58,62037.953821,153761
59,62037.953821,156418
60,62037.953821,159071
61,62037.953821,161726
62,62037.953821,164387
63,62037.953821,167045
64,62037.953821,169706
65,62037.953821,172367
66,62037.953821,175020
67,62037.953821,177678
68,62037.953821,180333
69,62037.953821,182988
70,62037.953821,185645
71,62037.953821,188298
72,62037.953821,190954
73,62037.953821,193612
74,62037.953821,196270
75,62037.953821,198930
76,62037.953821,201583
77,62037.953821,204237
78,62037.953821,206892
79,62037.953821,209548
80,62037.953821,212200
81,62037.953821,214856
82,62037.953821,217510
83,62037.953821,220163
84,62037.953821,222820
85,62037.953821,225472
86,62037.953821,228124
87,62037.953821,230777
88,62037.953821,233431
89,62037.953821,236082
90,62037.953821,238737
91,62037.953821,241393
92,62037.953821,244052
93,62037.953821,246709
94,62037.953821,249362
95,62037.953821,252021
96,62037.953821,254677
97,62037.953821,257333
98,62037.953821,259986
99,62037.953821,262646
100,62037.953821,265300
101,62037.953821,267953
102,62037.953821,270611
103,62037.953821,273265
104,62037.953821,275920
105,62037.953821,278579
106,62037.953821,281232
107,62037.953821,283886
108,62037.953821,286534
109,62037.953821,289190
110,62037.953821,291848
111,62037.953821,294506
112,62037.953821,297161
113,62037.953821,299817
114,62037.953821,302472
115,62037.953821,305120
116,62037.953821,307774
117,62037.953821,310433
118,62037.953821,313086
119,62037.953821,315737
120,62037.953821,318395
121,62037.953821,321053
122,62037.953821,323708
123,62037.953821,326364
124,62037.953821,329015
125,62037.953821,331668
126,62037.953821,334322
127,62037.953821,336976
128,62037.953821,339631
129,62037.953821,342286
130,62037.953821,344945
131,62037.953821,347600
132,62037.953821,350251
133,62037.953821,352905
134,62037.953821,355557
135,62037.953821,358213
136,62037.953821,360870
137,62037.953821,363524
138,62037.953821,366180
139,62037.953821,368838
140,62037.953821,371491
141,62037.953821,374150
142,62037.953821,376802
143,62037.953821,379455
144,62037.953821,382108
145,62037.953821,384764
146,62037.953821,387417
147,62037.953821,390072
148,62037.953821,392731
149,62037.953821,395388
150,62037.953821,398043
151,62037.953821,400699
152,62037.953821,403351
153,62037.953821,406004
154,62037.953821,408662
155,62037.953821,411313
156,62037.953821,413970
157,62037.953821,416614
158,62037.953821,419265
159,62037.953821,421920
160,62037.953821,424576
161,62037.953821,427226
162,62037.953821,429882
163,62037.953821,432538
164,62037.953821,435188
165,62037.953821,437840
166,62037.953821,440496
167,62037.953821,443154
168,62037.953821,445812
169,62037.953821,448467
170,62037.953821,451118
171,62037.953821,453774
172,62037.953821,456428
173,62037.953821,459080
174,62037.953821,461737
175,62037.953821,464395
176,62037.953821,467052
177,62037.953821,469708
178,62037.953821,472361
179,62037.953821,475021
180,62037.953821,477679
181,62037.953821,480340
182,62037.953821,482996
183,62037.953821,485653
184,62037.953821,488308
185,62037.953821,490964
186,62037.953821,493617
187,62037.953821,496269
188,62037.953821,498926
189,62037.953821,501586
190,62037.953821,504242
191,62037.953821,506898
192,62037.953821,509555
193,62037.953821,512208
194,62037.953821,514860
195,62037.953821,517519
196,62037.953821,520176
197,62037.953821,522834
198,62037.953821,525490
199,62037.953821,528149
200,62037.953821,530808
201,62037.953821,533466
202,62037.953821,536119
203,62037.953821,538777
204,62037.953821,541437
205,62037.953821,544096
206,62037.953821,546753
207,62037.953821,549410
208,62037.953821,552070
209,62037.953821,554725
210,62037.953821,557376
211,62037.953821,560030
212,62037.953821,562688
213,62037.953821,565344
214,62037.953821,568000
215,62037.953821,570659
216,62037.953821,573317
217,62037.953821,575972
218,62037.953821,578629
219,62037.953821,581284
220,62037.953821,583940
221,62037.953821,586593
222,62037.097698,589247
223,62037.097698,591904
224,62037.097698,594560
225,62037.097698,597214
226,62037.097698,599864
227,62037.097698,602519
228,62037.097698,605169
229,62037.097698,607826
230,62037.097698,610480
231,62037.097698,613137
232,62037.097698,615788
233,62037.097698,618439
234,62036.763151,621090
235,62036.763151,623746
236,62036.763151,626402
237,62036.763151,629056
238,62036.763151,631710
239,62036.763151,634368
240,62036.763151,637022
241,62036.763151,639680
242,62036.763151,642336
243,62036.763151,644988
244,62036.763151,647643
245,62036.763151,650297
246,62036.763151,652949
247,62036.763151,655599
248,62036.763151,658250
249,62036.763151,660903
250,62036.763151,663560
251,62036.763151,666212
252,62036.763151,668866
253,62036.763151,671520
254,62036.763151,674177
255,62036.763151,676826
256,62036.763151,679479
257,62036.763151,682137
258,62036.763151,684795
259,62036.763151,687445
260,62036.763151,690098
261,62036.763151,692751
262,62036.763151,695407
263,62036.763151,698063
264,62036.763151,700721
265,62036.763151,703378
266,62036.763151,706037
267,62036.763151,708692
268,62036.763151,711349
269,62036.763151,714007
270,62036.763151,716664
271,62036.763151,719317
272,62036.763151,721975
273,62036.763151,724625
274,62036.763151,727283
275,62036.763151,729943
276,62036.763151,732594
277,62036.763151,735251
278,62036.763151,737908
279,62036.763151,740563
280,62036.763151,743223
281,62036.763151,745881
282,62036.763151,748535
283,62036.763151,751194
284,62036.763151,753845
285,62036.763151,756503
286,62036.763151,759156
287,62036.763151,761813
288,62036.763151,764472
289,62036.763151,767132
290,62036.763151,769790
291,62036.763151,772448
292,62036.763151,775102
293,62036.763151,777758
294,62036.763151,780415
295,62036.763151,783075
296,62036.763151,785734
297,62036.763151,788392
298,62036.763151,791048
299,62036.763151,793700
300,62036.763151,796358
301,62036.763151,799017
302,62036.763151,801676
303,62036.763151,804334
304,62036.763151,806993
305,62036.763151,809647
62036.763151,4.491238
1,62041.072513,2376
2,62039.684444,5034
3,62037.953821,7692
4,62037.953821,10343
5,62037.953821,12997
6,62037.953821,15655
7,62037.820924,18312
8,62037.820924,20966
9,62037.820924,23621
10,62037.820924,26277
11,62037.820924,28932
12,62037.820924,31587
13,62037.820924,34245
14,62037.820924,36896
15,62037.820924,39541
16,62037.820924,42195
17,62037.652059,44852
18,62037.652059,47506
19,62037.652059,50161
20,62037.652059,52814
21,62037.652059,55467
22,62037.652059,58121
23,62037.652059,60773
24,62037.652059,63425
25,62037.652059,66079
26,62037.652059,68731
27,62037.652059,71388
28,62037.652059,74043
29,62037.652059,76696
30,62037.652059,79349
31,62037.652059,82003
32,62037.652059,84654
33,62037.652059,87303
34,62037.652059,89957
35,62037.652059,92610
36,62037.652059,95263
37,62037.652059,97913
38,62037.652059,100565
39,62037.652059,103222
40,62037.652059,105875
41,62037.652059,108523
42,62037.652059,111174
43,62037.652059,113828
44,62037.652059,116480
45,62037.652059,119134
46,62037.652059,121788
47,62037.652059,124443
48,62037.652059,127094
49,62037.652059,129751
50,62037.652059,132405
51,62037.652059,135062
52,62037.652059,137713
53,62037.652059,140370
54,62037.652059,143023
55,62037.652059,145679
56,62037.652059,148336
57,62037.652059,150990
58,62037.652059,153643
59,62037.652059,156296
60,62037.652059,158947
61,62037.652059,161599
62,62037.652059,164252
63,62037.652059,166908
64,62037.652059,169562
65,62037.652059,172216
66,62037.652059,174868
67,62037.652059,177523
68,62037.652059,180178
69,62037.652059,182833
70,62037.652059,185490
71,62037.652059,188147
72,62037.652059,190801
73,62037.652059,193453
74,62037.652059,196108
75,62037.652059,198760
76,62037.652059,201415
77,62037.652059,204069
78,62037.652059,206726
79,62037.652059,209377
80,62037.652059,212035
81,62037.652059,214689
82,62037.652059,217343
83,62037.652059,219995
84,62037.652059,222651
85,62037.652059,225307
86,62037.652059,227959
87,62037.652059,230608
88,62037.652059,233265
89,62037.652059,235920
90,62037.652059,238569
91,62037.652059,241222
92,62037.652059,243874
93,62037.652059,246531
94,62037.652059,249185
95,62037.652059,251838
96,62037.652059,254488
97,62037.652059,257144
98,62037.652059,259796
99,62037.652059,262451
100,62037.652059,265106
101,62037.652059,267763
102,62037.652059,270420
103,62037.652059,273071
104,62037.652059,275724
105,62037.652059,278378
106,62037.652059,281032
107,62037.652059,283687
108,62037.652059,286336
109,62037.652059,288990
110,62037.652059,291646
111,62037.652059,294303
112,62037.652059,296953
113,62037.652059,299602
114,62037.652059,302253
115,62037.652059,304902
116,62037.652059,307550
117,62037.652059,310204
118,62037.652059,312860
119,62037.652059,315517
120,62037.652059,318169
121,62037.652059,320818
122,62037.652059,323469
123,62037.652059,326123
124,62037.652059,328777
125,62037.652059,331432
126,62037.652059,334087
127,62037.652059,336742
128,62037.652059,339396
129,62037.652059,342052
130,62037.652059,344708
131,62037.652059,347365
132,62037.652059,350019
133,62037.652059,352673
134,62037.652059,355328
135,62037.652059,357982
136,62037.652059,360632
137,62037.652059,363284
138,62037.652059,365936
139,62037.652059,368592
140,62037.652059,371244
141,62037.652059,373899
142,62037.652059,376552
143,62037.652059,379203
144,62037.652059,381852
145,62037.652059,384505
146,62037.652059,387160
147,62037.652059,389811
148,62037.652059,392465
149,62037.652059,395122
150,62037.652059,397779
151,62037.652059,400434
152,62037.652059,403090
153,62037.652059,405744
154,62037.652059,408398
155,62037.652059,411053
156,62037.652059,413706
157,62037.652059,416363
158,62037.652059,419016
159,62037.652059,421665
160,62037.652059,424318
161,62037.652059,426972
162,62037.652059,429625
163,62037.652059,432279
164,62037.652059,434930
165,62037.652059,437581
166,62037.652059,440233
167,62037.652059,442884
168,62037.652059,445536
169,62037.652059,448188
170,62037.652059,450840
171,62037.652059,453490
172,62037.652059,456143
173,62037.652059,458796
174,62037.652059,461447
175,62037.652059,464097
176,62037.652059,466750
177,62037.652059,469403
178,62037.652059,472059
179,62037.652059,474716
180,62037.652059,477368
181,62037.652059,480024
182,62037.652059,482680
183,62037.652059,485337
184,62037.652059,487990
185,62037.652059,490643
186,62037.652059,493298
187,62037.652059,495948
188,62037.652059,498600
189,62037.652059,501255
190,62037.652059,503910
191,62037.652059,506565
192,62037.652059,509216
193,62037.652059,511871
194,62037.652059,514528
195,62037.652059,517182
196,62037.652059,519836
197,62037.652059,522487
198,62037.652059,525143
199,62037.652059,527795
200,62037.652059,530448
201,62037.652059,533097
202,62037.652059,535748
203,62037.652059,538401
204,62037.652059,541053
205,62037.652059,543707
206,62037.652059,546361
207,62037.652059,549012
208,62037.652059,551669
209,62037.652059,554324
210,62037.652059,556980
211,62037.652059,559632
212,62037.652059,562282
213,62037.652059,564937
214,62037.652059,567592
215,62037.652059,570248
216,62037.652059,572906
217,62037.652059,575564
218,62037.652059,578220
219,62037.652059,580875
220,62037.652059,583528
221,62037.652059,586182
222,62037.652059,588838
223,62037.652059,591493
224,62037.652059,594148
225,62037.652059,596804
226,62037.652059,599458
227,62037.652059,602114
228,62037.652059,604771
229,62037.652059,607426
230,62037.652059,610079
231,62037.652059,612733
232,62037.652059,615387
233,62037.652059,618040
234,62037.652059,620693
235,62037.403827,623347
236,62037.403827,625992
237,62037.403827,628638
238,62037.403827,631293
239,62037.403827,633950
240,62037.403827,636608
241,62037.403827,639261
242,62037.403827,641917
243,62037.403827,644565
244,62037.403827,647220
245,62037.403827,649874
246,62037.403827,652527
247,62037.403827,655180
248,62037.403827,657836
249,62037.403827,660485
250,62037.403827,663132
251,62037.403827,665787
252,62037.403827,668435
253,62037.403827,671084
254,62037.403827,673738
255,62037.403827,676392
256,62037.403827,679044
257,62037.403827,681696
258,62037.403827,684343
259,62037.403827,686994
260,62037.403827,689646
261,62037.403827,692301
262,62037.403827,694956
263,62037.403827,697610
264,62037.403827,700266
265,62037.403827,702918
266,62037.403827,705571
267,62037.403827,708221
268,62037.403827,710868
269,62037.403827,713515
270,62037.403827,716166
271,62037.403827,718814
272,62037.403827,721467
273,62037.403827,724122
274,62037.403827,726771
275,62037.403827,729421
276,62037.403827,732075
277,62037.403827,734728
278,62037.403827,737383
279,62037.403827,740037
280,62037.403827,742690
281,62037.403827,745345
282,62037.403827,747997
283,62037.403827,750649
284,62037.403827,753306
285,62037.403827,755960
286,62037.403827,758613
287,62037.403827,761269
288,62037.403827,763923
289,62037.403827,766575
290,62037.403827,769228
291,62037.403827,771882
292,62037.403827,774535
293,62037.403827,777189
294,62037.403827,779844
295,62037.403827,782498
296,62037.403827,785149
297,62037.403827,787801
298,62037.403827,790455
299,62037.403827,793110
300,62037.403827,795762
301,62037.403827,798412
302,62037.403827,801063
303,62037.403827,803716
304,62037.403827,806368
305,62037.403827,809023
306,62037.403827,811677
62037.403827,4.515961
1,62040.815642,2376
2,62039.011722,5000
3,62039.011722,7624
4,62039.011722,10246
5,62039.011722,12868
6,62039.011722,15491
7,62039.011722,18105
8,62038.289660,20725
9,62037.652059,23347
10,62037.652059,25970
11,62037.652059,28587
12,62037.652059,31202
13,62037.652059,33819
14,62037.652059,36438
15,62037.652059,39058
16,62037.652059,41679
17,62037.652059,44296
18,62037.652059,46917
19,62037.652059,49537
20,62037.652059,52158
21,62037.652059,54780
22,62037.652059,57403
23,62037.652059,60024
24,62037.652059,62641
25,62037.652059,65263
26,62037.652059,67883
27,62037.652059,70505
28,62037.652059,73124
29,62037.652059,75747
30,62037.652059,78367
31,62037.652059,80988
32,62037.652059,83607
33,62037.652059,86230
34,62037.652059,88851
35,62037.652059,91473
36,62037.652059,94094
37,62037.652059,96716
38,62037.652059,99335
39,62037.652059,101955
40,62037.652059,104576
41,62037.652059,107200
42,62037.652059,109820
43,62037.652059,112440
44,62037.652059,115061
45,62037.652059,117681
46,62037.652059,120304
47,62037.652059,122921
48,62037.652059,125542
49,62037.652059,128161
50,62037.652059,130779
51,62037.652059,133396
52,62037.652059,136016
53,62037.652059,138631
54,62037.652059,141251
55,62037.652059,143875
56,62037.652059,146496
57,62037.652059,149116
58,62037.652059,151737
59,62037.652059,154359
60,62037.652059,156978
61,62037.652059,159595
62,62037.652059,162210
63,62037.652059,164831
64,62037.652059,167449
65,62037.652059,170067
66,62037.652059,172689
67,62037.652059,175309
68,62037.652059,177929
69,62037.652059,180550
70,62037.652059,183171
71,62037.652059,185783
72,62037.652059,188402
73,62037.652059,191018
74,62037.652059,193634
75,62037.652059,196255
76,62037.652059,198875
77,62037.652059,201492
78,62037.652059,204110
79,62037.652059,206732
80,62037.652059,209350
81,62037.652059,211971
82,62037.652059,214591
83,62037.652059,217211
84,62037.652059,219826
85,62037.652059,222442
86,62037.652059,225063
87,62037.652059,227683
88,62037.652059,230303
89,62037.652059,232921
90,62037.652059,235542
91,62037.652059,238162
92,62037.652059,240779
93,62037.652059,243398
94,62037.652059,246021
95,62037.652059,248639
96,62037.652059,251258
97,62037.652059,253880
98,62037.652059,256500
99,62037.652059,259115
100,62037.652059,261732
101,62037.652059,264351
102,62037.652059,266967
103,62037.652059,269588
104,62037.652059,272205
105,62037.652059,274822
106,62037.652059,277442
107,62037.652059,280061
108,62037.652059,282680
109,62037.652059,285297
110,62037.652059,287920
111,62037.652059,290542
112,62037.652059,293162
113,62037.652059,295782
114,62037.652059,298401
115,62037.652059,301020
116,62037.652059,303638
117,62037.652059,306258
118,62037.652059,308880
119,62037.652059,311499
120,62037.652059,314121
121,62037.652059,316742
122,62037.652059,319365
123,62037.652059,321984
124,62037.652059,324605
125,62037.652059,327223
126,62037.652059,329844
127,62037.652059,332467
128,62037.652059,335087
129,62037.652059,337704
130,62037.652059,340326
131,62037.652059,342947
132,62037.652059,345567
133,62037.652059,348186
134,62037.652059,350806
135,62037.652059,353428
136,62037.652059,356049
137,62037.652059,358665
138,62037.652059,361288
139,62037.652059,363904
140,62037.652059,366522
141,62037.652059,369141
142,62037.652059,371760
143,62037.652059,374378
144,62037.652059,376990
145,62037.652059,379609
146,62037.652059,382228
147,62037.652059,384850
148,62037.652059,387468
149,62037.652059,390088
150,62037.652059,392708
151,62037.652059,395326
152,62037.652059,397948
153,62037.652059,400565
154,62037.652059,403181
155,62037.652059,405801
156,62037.652059,408423
157,62037.652059,411044
158,62037.652059,413666
159,62037.652059,416286
160,62037.652059,418905
161,62037.652059,421523
162,62037.652059,424140
163,62037.652059,426761
164,62037.652059,429381
165,62037.652059,431999
166,62037.652059,434616
167,62037.652059,437237
168,62037.652059,439858
169,62037.652059,442481
170,62037.652059,445101
171,62037.652059,447723
172,62037.652059,450345
173,62037.652059,452968
174,62037.652059,455590
175,62037.652059,458214
176,62037.652059,460833
177,62037.652059,463454
178,62037.652059,466072
179,62037.652059,468691
180,62037.652059,471310
181,62037.652059,473932
182,62037.652059,476549
183,62037.652059,479169
184,62037.652059,481790
185,62037.652059,484409
186,62037.652059,487031
187,62037.652059,489652
188,62037.652059,492274
189,62037.652059,494893
190,62037.652059,497513
191,62037.652059,500134
192,62037.652059,502752
193,62037.652059,505371
194,62037.652059,507991
195,62037.652059,510610
196,62037.652059,513233
197,62037.652059,515853
198,62037.652059,518474
199,62037.652059,521093
200,62037.652059,523710
201,62037.652059,526328
202,62037.652059,528944
203,62037.652059,531565
204,62037.652059,534184
205,62037.652059,536806
206,62037.652059,539422
207,62037.652059,542046
208,62037.652059,544669
209,62037.652059,547288
210,62037.652059,549904
211,62037.652059,552526
212,62037.652059,555148
213,62037.652059,557771
214,62037.652059,560391
215,62037.652059,563011
216,62037.652059,565630
217,62037.652059,568250
218,62037.652059,570873
219,62037.652059,573492
220,62037.652059,576112
221,62037.652059,578734
222,62037.652059,581356
223,62037.652059,583977
224,62037.652059,586598
225,62037.652059,589218
226,62037.652059,591840
227,62037.652059,594462
228,62037.652059,597082
229,62037.652059,599705
230,62037.652059,602327
231,62037.652059,604948
232,62037.652059,607568
233,62037.652059,610189
234,62037.652059,612810
235,62037.652059,615429
236,62037.652059,618051
237,62037.652059,620673
238,62037.652059,623295
239,62037.652059,625916
240,62037.652059,628535
241,62037.652059,631157
242,62037.652059,633779
243,62037.652059,636401
244,62037.652059,639022
245,62037.652059,641643
246,62037.652059,644266
247,62037.652059,646888
248,62037.652059,649508
249,62037.652059,652126
250,62037.652059,654748
251,62037.652059,657363
252,62037.652059,659984
253,62037.652059,662602
254,62037.652059,665223
255,62037.652059,667845
256,62037.652059,670466
257,62037.652059,673086
258,62037.652059,675707
259,62037.652059,678330
260,62037.652059,680952
261,62037.652059,683574
262,62037.652059,686197
263,62037.652059,688821
264,62037.652059,691442
265,62037.652059,694066
266,62037.652059,696686
267,62037.652059,699303
268,62037.652059,701923
269,62037.652059,704542
270,62037.652059,707162
271,62037.652059,709783
272,62037.652059,712400
273,62037.652059,715020
274,62037.652059,717640
275,62037.652059,720264
276,62037.652059,722886
277,62037.652059,725508
278,62037.652059,728130
279,62037.652059,730753
280,62037.652059,733377
281,62037.652059,735999
282,62037.652059,738617
283,62037.652059,741236
284,62037.652059,743857
285,62037.652059,746476
286,62037.652059,749097
287,62037.652059,751719
288,62037.652059,754340
289,62037.652059,756957
290,62037.652059,759578
291,62037.652059,762198
292,62037.652059,764818
293,62037.652059,767440
294,62037.652059,770055
295,62037.652059,772668
296,62037.652059,775288
297,62037.652059,777907
298,62037.652059,780526
299,62037.652059,783145
300,62037.652059,785765
301,62037.652059,788386
302,62037.652059,791005
303,62037.652059,793624
304,62037.652059,796246
305,62037.652059,798862
306,62037.652059,801480
307,62037.652059,804099
308,62037.652059,806716
309,62037.652059,809335
62037.652059,4.904555
1,62040.024449,2376
2,62039.329063,5023
3,62038.289660,7670
4,62038.289660,10316
5,62038.289660,12960
6,62038.289660,15604
7,62038.289660,18248
8,62038.289660,20892
9,62038.289660,23533
10,62038.289660,26175
11,62038.289660,28817
12,62038.289660,31461
13,62038.289660,34105
14,62038.289660,36744
15,62038.289660,39381
16,62038.289660,42019
17,62038.289660,44662
18,62038.289660,47301
19,62038.289660,49945
20,62038.289660,52584
21,62038.289660,55228
22,62038.289660,57872
23,62038.289660,60518
24,62038.289660,63159
25,62038.289660,65801
26,62038.289660,68445
27,62038.289660,71082
28,62038.289660,73720
29,62038.289660,76357
30,62038.289660,78998
31,62038.289660,81642
32,62038.289660,84286
33,62038.289660,86931
34,62038.289660,89571
35,62038.289660,92218
36,62038.289660,94856
37,62038.289660,97498
38,62038.289660,100144
39,62038.289660,102785
40,62038.289660,105429
41,62038.289660,108074
42,62038.289660,110718
43,62038.289660,113363
44,62038.289660,116009
45,62038.289660,118652
46,62038.289660,121296
47,62038.289660,123939
48,62038.289660,126586
49,62038.289660,129230
50,62038.289660,131872
51,62038.289660,134517
52,62038.289660,137162
53,62038.289660,139805
54,62038.289660,142449
55,62038.289660,145089
56,62038.289660,147727
57,62038.289660,150367
58,62038.289660,153013
59,62038.289660,155656
60,62038.289660,158297
61,62038.289660,160941
62,62038.289660,163587
63,62038.289660,166229
64,62038.289660,168871
65,62038.289660,171515
66,62038.289660,174159
67,62038.289660,176801
68,62038.289660,179442
69,62038.289660,182085
70,62038.289660,184725
71,62038.289660,187367
72,62038.289660,190007
73,62038.289660,192652
74,62038.289660,195293
75,62038.289660,197939
76,62038.289660,200585
77,62038.289660,203227
78,62038.289660,205869
79,62038.289660,208513
80,62038.289660,211156
81,62038.289660,213797
82,62038.289660,216440
83,62038.289660,219080
84,62038.289660,221721
85,62038.289660,224360
86,62038.289660,227003
87,62038.289660,229641
88,62038.289660,232283
89,62038.289660,234925
90,62038.289660,237567
91,62038.289660,240209
92,62038.289660,242852
93,62038.289660,245496
94,62038.289660,248139
95,62038.289660,250785
96,62038.289660,253428
97,62038.289660,256073
98,62038.289660,258720
99,62038.289660,261366
100,62038.289660,264011
101,62038.289660,266650
102,62038.289660,269293
103,62038.289660,271940
104,62038.289660,274583
105,62038.289660,277228
106,62038.289660,279872
107,62038.289660,282516
108,62038.289660,285153
109,62038.289660,287795
110,62038.289660,290437
111,62038.289660,293084
112,62038.289660,295727
113,62038.289660,298369
114,62038.289660,301015
115,62038.289660,303660
116,62038.289660,306295
117,62038.289660,308938
118,62038.289660,311580
119,62038.289660,314220
120,62038.289660,316867
121,62038.289660,319511
122,62038.289660,322154
123,62038.289660,324799
124,62038.289660,327442
125,62038.289660,330086
126,62038.289660,332726
127,62038.289660,335371
128,62038.289660,338015
129,62038.289660,340659
130,62038.289660,343301
131,62038.289660,345945
132,62038.289660,348590
133,62038.289660,351230
134,62038.289660,353867
135,62038.289660,356506
136,62038.289660,359149
137,62038.289660,361792
138,62038.289660,364433
139,62038.289660,367079
140,62038.289660,369724
141,62038.289660,372368
142,62038.289660,375009
143,62038.289660,377652
144,62038.289660,380297
145,62038.289660,382938
146,62038.289660,385578
147,62038.289660,388223
148,62038.289660,390867
149,62038.289660,393508
150,62038.289660,396151
151,62038.289660,398790
152,62038.289660,401433
153,62038.289660,404072
154,62038.289660,406713
155,62038.289660,409356
156,62038.289660,412000
157,62038.289660,414639
158,62038.289660,417279
159,62038.289660,419922
160,62038.289660,422567
161,62038.289660,425212
162,62038.289660,427857
163,62038.289660,430498
164,62038.289660,433141
165,62038.289660,435787
166,62038.289660,438428
167,62038.289660,441071
168,62038.289660,443715
169,62038.289660,446360
170,62038.289660,449002
171,62038.289660,451642
172,62038.289660,454285
173,62038.289660,456927
174,62038.289660,459568
175,62038.289660,462211
176,62038.289660,464853
177,62038.289660,467498
178,62038.289660,470138
179,62038.289660,472783
180,62038.289660,475429
181,62038.289660,478071
182,62038.289660,480715
183,62038.289660,483359
184,62038.289660,486003
185,62038.289660,488648
186,62038.289660,491291
187,62038.289660,493933
188,62038.289660,496575
189,62038.289660,499219
190,62038.289660,501864
191,62038.289660,504503
192,62038.289660,507148
193,62038.289660,509795
194,62038.289660,512438
195,62038.289660,515083
196,62038.289660,517728
197,62038.289660,520367
198,62038.289660,523012
199,62038.289660,525653
200,62038.289660,528294
201,62038.289660,530936
202,62038.289660,533581
203,62038.289660,536225
204,62038.289660,538869
205,62038.289660,541512
206,62038.289660,544157
207,62038.289660,546801
208,62038.289660,549440
209,62038.289660,552086
210,62038.289660,554726
211,62038.289660,557370
212,62038.289660,560010
213,62038.289660,562654
214,62038.289660,565295
215,62038.289660,567938
216,62038.289660,570583
217,62038.289660,573226
218,62038.289660,575870
219,62038.289660,578512
220,62038.289660,581155
221,62038.289660,583799
222,62038.289660,586441
223,62038.289660,589084
224,62038.289660,591723
225,62038.289660,594361
226,62037.820924,597003
227,62037.820924,599645
228,62037.820924,602291
229,62037.820924,604936
230,62037.820924,607583
231,62037.820924,610225
232,62037.820924,612865
233,62037.820924,615505
234,62037.820924,618146
235,62037.820924,620789
236,62037.820924,623429
237,62037.820924,626070
238,62037.820924,628708
239,62037.820924,631350
240,62037.820924,633989
241,62037.820924,636631
242,62037.820924,639271
243,62037.820924,641917
244,62037.820924,644563
245,62037.820924,647208
246,62037.820924,649853
247,62037.820924,652495
248,62037.820924,655137
249,62037.820924,657774
250,62037.820924,660414
251,62037.820924,663056
252,62037.820924,665701
253,62037.820924,668345
254,62037.820924,670989
255,62037.820924,673631
256,62037.820924,676275
257,62037.820924,678915
258,62037.820924,681558
259,62037.820924,684197
260,62037.820924,686839
261,62037.820924,689485
262,62037.820924,692127
263,62037.820924,694770
264,62037.820924,697414
265,62037.820924,700059
266,62037.820924,702700
267,62037.820924,705340
268,62037.820924,707983
269,62037.820924,710626
270,62037.820924,713267
271,62037.820924,715911
272,62037.820924,718556
273,62037.820924,721199
274,62037.820924,723844
275,62037.820924,726489
276,62037.820924,729135
277,62037.820924,731779
278,62037.820924,734420
279,62037.820924,737064
280,62037.820924,739709
281,62037.820924,742352
282,62037.820924,744995
283,62037.820924,747642
284,62037.820924,750286
285,62037.820924,752927
286,62037.820924,755571
287,62037.820924,758212
288,62037.820924,760852
289,62037.820924,763491
290,62037.820924,766136
291,62037.820924,768776
292,62037.820924,771419
293,62037.820924,774063
294,62037.820924,776702
295,62037.820924,779344
296,62037.820924,781987
297,62037.820924,784629
298,62037.820924,787272
299,62037.820924,789909
300,62037.820924,792549
301,62037.820924,795188
302,62037.820924,797826
303,62037.820924,800470
304,62037.820924,803111
305,62037.820924,805757
306,62037.820924,808401
307,62037.820924,811041
62037.820924,4.515113
1,62039.011722,2376
2,62039.011722,5001
3,62039.011722,7626
4,62039.011722,10251
5,62039.011722,12875
6,62039.011722,15500
7,62039.011722,18122
8,62039.011722,20745
9,62039.011722,23369
10,62039.011722,25986
11,62039.011722,28610
12,62039.011722,31233
13,62039.011722,33853
14,62039.011722,36474
15,62039.011722,39095
16,62039.011722,41714
17,62039.011722,44334
18,62039.011722,46955
19,62039.011722,49578
20,62039.011722,52196
21,62039.011722,54816
22,62039.011722,57439
23,62039.011722,60060
24,62039.011722,62678
25,62039.011722,65298
26,62039.011722,67920
27,62039.011722,70534
28,62039.011722,73156
29,62039.011722,75772
30,62039.011722,78395
31,62039.011722,81019
32,62039.011722,83643
33,62039.011722,86264
34,62039.011722,88882
35,62039.011722,91501
36,62039.011722,94121
37,62039.011722,96742
38,62039.011722,99364
39,62039.011722,101985
40,62039.011722,104608
41,62039.011722,107230
42,62039.011722,109852
43,62039.011722,112473
44,62039.011722,115095
45,62039.011722,117719
46,62039.011722,120341
47,62039.011722,122962
48,62039.011722,125577
49,62039.011722,128191
50,62039.011722,130812
51,62039.011722,133431
52,62039.011722,136053
53,62039.011722,138673
54,62039.011722,141291
55,62039.011722,143910
56,62039.011722,146530
57,62039.011722,149154
58,62039.011722,151772
59,62039.011722,154394
60,62039.011722,157014
61,62039.011722,159637
62,62039.011722,162258
63,62039.011722,164878
64,62039.011722,167498
65,62039.011722,170118
66,62039.011722,172740
67,62039.011722,175361
68,62039.011722,177984
69,62039.011722,180601
70,62039.011722,183224
71,62039.011722,185847
72,62039.011722,188468
73,62039.011722,191089
74,62039.011722,193707
75,62039.011722,196325
76,62039.011722,198944
77,62039.011722,201559
78,62039.011722,204176
79,62039.011722,206795
80,62039.011722,209416
81,62039.011722,212038
82,62039.011722,214658
83,62039.011722,217274
84,62039.011722,219895
85,62039.011722,222517
86,62039.011722,225141
87,62039.011722,227761
88,62039.011722,230383
89,62039.011722,233005
90,62039.011722,235627
91,62039.011722,238248
92,62039.011722,240866
93,62039.011722,243486
94,62039.011722,246109
95,62039.011722,248728
96,62039.011722,251348
97,62039.011722,253969
98,62039.011722,256588
99,62039.011722,259206
100,62039.011722,261828
101,62039.011722,264449
102,62039.011722,267066
103,62039.011722,269688
104,62039.011722,272309
105,62039.011722,274930
106,62039.011722,277553
107,62039.011722,280174
108,62039.011722,282791
109,62039.011722,285407
110,62039.011722,288029
111,62039.011722,290650
112,62039.011722,293269
113,62039.011722,295888
114,62039.011722,298510
115,62039.011722,301131
116,62039.011722,303750
117,62039.011722,306366
118,62039.011722,308983
119,62039.011722,311606
120,62039.011722,314221
121,62039.011722,316841
122,62039.011722,319458
123,62039.011722,322075
124,62039.011722,324696
125,62039.011722,327314
126,62039.011722,329932
127,62039.011722,332551
128,62039.011722,335165
129,62039.011722,337784
130,62039.011722,340403
131,62039.011722,343021
132,62039.011722,345643
133,62039.011722,348262
134,62039.011722,350879
135,62039.011722,353498
136,62039.011722,356116
137,62039.011722,358734
138,62039.011722,361353
139,62039.011722,363964
140,62039.011722,366582
141,62039.011722,369201
142,62039.011722,371822
143,62039.011722,374436
144,62039.011722,377053
145,62039.011722,379672
146,62039.011722,382288
147,62039.011722,384904
148,62039.011722,387518
149,62039.011722,390142
150,62039.011722,392767
151,62039.011722,395383
152,62039.011722,398003
153,62039.011722,400621
154,62039.011722,403241
155,62039.011722,405862
156,62039.011722,408483
157,62039.011722,411101
158,62039.011722,413722
159,62039.011722,416344
160,62039.011722,418963
161,62039.011722,421586
162,62039.011722,424204
163,62039.011722,426819
164,62039.011722,429434
165,62039.011722,432058
166,62039.011722,434681
167,62039.011722,437302
168,62039.011722,439920
169,62039.011722,442539
170,62039.011722,445159
171,62039.011722,447779
172,62039.011722,450401
173,62039.011722,453021
174,62039.011722,455640
175,62039.011722,458261
176,62039.011722,460880
177,62039.011722,463498
178,62039.011722,466120
179,62039.011722,468740
180,62039.011722,471360
181,62039.011722,473978
182,62039.011722,476599
183,62039.011722,479218
184,62039.011722,481839
185,62039.011722,484460
186,62039.011722,487083
187,62039.011722,489704
188,62039.011722,492327
189,62039.011722,494942
190,62039.011722,497564
191,62039.011722,500186
192,62039.011722,502807
193,62039.011722,505429
194,62039.011722,508052
195,62039.011722,510670
196,62039.011722,513291
197,62039.011722,515914
198,62039.011722,518537
199,62039.011722,521159
200,62039.011722,523782
201,62039.011722,526404
202,62039.011722,529024
203,62039.011722,531647
204,62039.011722,534268
205,62039.011722,536893
206,62039.011722,539513
207,62039.011722,542136
208,62039.011722,544759
209,62039.011722,547378
210,62039.011722,550003
211,62039.011722,552624
212,62039.011722,555242
213,62039.011722,557865
214,62039.011722,560485
215,62039.011722,563109
216,62039.011722,565730
217,62039.011722,568350
218,62039.011722,570973
219,62039.011722,573591
220,62039.011722,576211
221,62039.011722,578832
222,62039.011722,581454
223,62039.011722,584076
224,62039.011722,586699
225,62039.011722,589319
226,62039.011722,591938
227,62039.011722,594559
228,62039.011722,597180
229,62039.011722,599801
230,62039.011722,602424
231,62039.011722,605039
232,62039.011722,607662
233,62039.011722,610282
234,62039.011722,612904
235,62039.011722,615523
236,62039.011722,618146
237,62039.011722,620765
238,62039.011722,623387
239,62039.011722,626008
240,62037.820924,628631
241,62037.820924,631248
242,62037.820924,633872
243,62037.820924,636496
244,62037.820924,639118
245,62037.820924,641740
246,62037.820924,644365
247,62037.820924,646987
248,62037.820924,649609
249,62037.820924,652230
250,62037.820924,654853
251,62037.820924,657470
252,62037.820924,660093
253,62037.820924,662714
254,62037.820924,665335
255,62037.820924,667947
256,62037.820924,670568
257,62037.820924,673184
258,62037.820924,675804
259,62037.820924,678420
260,62037.820924,681039
261,62037.820924,683656
262,62037.820924,686279
263,62037.820924,688901
264,62037.820924,691523
265,62037.820924,694145
266,62037.820924,696767
267,62037.820924,699387
268,62037.820924,702005
269,62037.820924,704627
270,62037.820924,707250
271,62037.820924,709873
272,62037.820924,712495
273,62037.820924,715117
274,62037.820924,717740
275,62037.820924,720363
276,62037.820924,722984
277,62037.820924,725605
278,62037.820924,728227
279,62037.820924,730852
280,62037.820924,733475
281,62037.820924,736098
282,62037.820924,738723
283,62037.820924,741346
284,62037.820924,743970
285,62037.820924,746589
286,62037.820924,749203
287,62037.820924,751823
288,62037.820924,754442
289,62037.820924,757065
290,62037.820924,759684
291,62037.820924,762303
292,62037.820924,764924
293,62037.820924,767545
294,62037.820924,770166
295,62037.820924,772790
296,62037.820924,775412
297,62037.820924,778035
298,62037.820924,780656
299,62037.820924,783274
300,62037.820924,785897
301,62037.820924,788522
302,62037.820924,791145
303,62037.820924,793767
304,62037.820924,796390
305,62037.820924,799011
306,62037.820924,801630
307,62037.820924,804248
308,62037.820924,806870
309,62037.820924,809490
62037.820924,4.518427
1,62039.011722,2376
2,62039.011722,5002
3,62039.011722,7625
4,62039.011722,10249
5,62039.011722,12872
6,62039.011722,15496
7,62039.011722,18120
8,62039.011722,20739
9,62039.011722,23359
10,62039.011722,25979
11,62039.011722,28599
12,62039.011722,31212
13,62039.011722,33834
14,62039.011722,36453
15,62039.011722,39077
16,62039.011722,41698
17,62039.011722,44318
18,62039.011722,46938
19,62039.011722,49555
20,62039.011722,52178
21,62039.011722,54801
22,62039.011722,57424
23,62039.011722,60043
24,62039.011722,62661
25,62039.011722,65285
26,62039.011722,67907
27,62039.011722,70532
28,62039.011722,73154
29,62039.011722,75775
30,62039.011722,78398
31,62039.011722,81022
32,62039.011722,83644
33,62039.011722,86265
34,62039.011722,88890
35,62039.011722,91513
36,62039.011722,94136
37,62039.011722,96759
38,62039.011722,99380
39,62039.011722,102001
40,62039.011722,104626
41,62039.011722,107249
42,62039.011722,109867
43,62039.011722,112488
44,62039.011722,115114
45,62039.011722,117738
46,62039.011722,120360
47,62039.011722,122982
48,62039.011722,125608
49,62039.011722,128233
50,62039.011722,130858
51,62039.011722,133480
52,62039.011722,136102
53,62039.011722,138722
54,62039.011722,141343
55,62039.011722,143966
56,62039.011722,146589
57,62039.011722,149213
58,62039.011722,151835
59,62039.011722,154461
60,62039.011722,157079
61,62039.011722,159704
62,62039.011722,162328
63,62039.011722,164947
64,62039.011722,167572
65,62039.011722,170196
66,62039.011722,172819
67,62039.011722,175444
68,62039.011722,178068
69,62039.011722,180690
70,62039.011722,183315
71,62039.011722,185935
72,62039.011722,188561
73,62039.011722,191184
74,62039.011722,193806
75,62039.011722,196427
76,62039.011722,199050
77,62039.011722,201673
78,62039.011722,204299
79,62039.011722,206923
80,62039.011722,209547
81,62039.011722,212171
82,62039.011722,214793
83,62039.011722,217416
84,62039.011722,220041
85,62039.011722,222662
86,62039.011722,225284
87,62039.011722,227902
88,62039.011722,230523
89,62039.011722,233144
90,62039.011722,235765
91,62039.011722,238384
92,62039.011722,241006
93,62039.011722,243626
94,62039.011722,246246
95,62039.011722,248867
96,62039.011722,251488
97,62039.011722,254111
98,62039.011722,256730
99,62039.011722,259351
100,62039.011722,261975
101,62039.011722,264597
102,62039.011722,267220
103,62039.011722,269842
104,62039.011722,272466
105,62039.011722,275089
106,62039.011722,277714
107,62039.011722,280337
108,62039.011722,282961
109,62039.011722,285584
110,62039.011722,288205
111,62039.011722,290829
112,62039.011722,293452
113,62039.011722,296075
114,62039.011722,298698
115,62039.011722,301323
116,62039.011722,303943
117,62039.011722,306564
118,62039.011722,309190
119,62039.011722,311813
120,62039.011722,314433
121,62039.011722,317052
122,62039.011722,319678
123,62039.011722,322302
124,62039.011722,324923
125,62039.011722,327544
126,62039.011722,330164
127,62039.011722,332787
128,62039.011722,335408
129,62039.011722,338032
130,62039.011722,340657
131,62039.011722,343281
132,62039.011722,345906
133,62038.592434,348529
134,62038.592434,351152
135,62038.592434,353777
136,62038.592434,356400
137,62038.592434,359025
138,62038.592434,361646
139,62038.592434,364269
140,62038.592434,366888
141,62038.289660,369510
142,62038.289660,372135
143,62038.289660,374758
144,62038.289660,377375
145,62038.289660,379998
146,62038.289660,382622
147,62038.289660,385246
148,62038.289660,387868
149,62038.289660,390486
150,62038.289660,393108
151,62038.289660,395729
152,62038.289660,398343
153,62038.289660,400963
154,62038.289660,403588
155,62038.289660,406205
156,62038.289660,408821
157,62038.289660,411440
158,62038.289660,414059
159,62038.289660,416680
160,62038.289660,419300
161,62038.289660,421918
162,62038.289660,424543
163,62038.289660,427165
164,62038.289660,429785
165,62038.289660,432404
166,62038.289660,435022
167,62038.289660,437642
168,62038.289660,440263
169,62038.289660,442881
170,62038.289660,445502
171,62038.289660,448124
172,62038.289660,450746
173,62038.289660,453366
174,62038.289660,455989
175,62038.289660,458608
176,62038.289660,461230
177,62038.289660,463851
178,62038.289660,466474
179,62038.289660,469095
180,62038.289660,471715
181,62038.289660,474335
182,62038.289660,476957
183,62038.289660,479578
184,62038.289660,482201
185,62038.289660,484818
186,62038.289660,487436
187,62038.289660,490058
188,62038.289660,492681
189,62038.289660,495303
190,62038.289660,497925
191,62038.289660,500549
192,62038.289660,503171
193,62038.289660,505790
194,62038.289660,508413
195,62038.289660,511038
196,62038.289660,513659
197,62038.289660,516283
198,62038.289660,518906
199,62038.289660,521530
200,62038.289660,524147
201,62038.289660,526768
202,62038.289660,529394
203,62038.289660,532020
204,62038.289660,534645
205,62038.289660,537267
206,62038.289660,539890
207,62038.289660,542513
208,62038.289660,545134
209,62038.289660,547752
210,62038.289660,550370
211,62038.289660,552993
212,62038.289660,555614
213,62038.289660,558235
214,62038.289660,560853
215,62038.289660,563472
216,62038.289660,566092
217,62038.289660,568714
218,62038.289660,571337
219,62038.289660,573961
220,62038.289660,576584
221,62038.289660,579208
222,62038.289660,581831
223,62038.289660,584455
224,62038.289660,587080
225,62038.289660,589700
226,62038.289660,592316
227,62038.289660,594936
228,62038.289660,597558
229,62038.289660,600177
230,62038.289660,602795
231,62038.289660,605415
232,62038.289660,608032
233,62038.289660,610654
234,62038.289660,613276
235,62038.289660,615895
236,62038.289660,618518
237,62038.289660,621139
238,62038.289660,623765
239,62038.289660,626389
240,62038.289660,629010
241,62038.289660,631634
242,62038.289660,634256
243,62038.289660,636878
244,62038.289660,639502
245,62038.289660,642128
246,62038.289660,644753
247,62038.289660,647377
248,62038.289660,650001
249,62038.289660,652625
250,62038.289660,655247
251,62038.289660,657869
252,62038.289660,660491
253,62038.289660,663116
254,62038.289660,665738
255,62038.289660,668358
256,62038.289660,670981
257,62038.289660,673604
258,62038.289660,676223
259,62038.289660,678844
260,62038.289660,681461
261,62038.289660,684084
262,62038.289660,686703
263,62038.289660,689319
264,62038.289660,691941
265,62038.289660,694563
266,62038.289660,697186
267,62038.289660,699807
268,62038.289660,702431
269,62038.289660,705056
270,62038.289660,707674
271,62038.289660,710297
272,62038.289660,712921
273,62038.289660,715542
274,62038.289660,718163
275,62038.289660,720785
276,62038.289660,723404
277,62037.652059,726022
278,62037.652059,728645
279,62037.652059,731269
280,62037.652059,733887
281,62037.652059,736509
282,62037.652059,739130
283,62037.652059,741750
284,62037.652059,744374
285,62037.652059,746996
286,62037.652059,749619
287,62037.652059,752243
288,62037.652059,754865
289,62037.652059,757486
290,62037.652059,760108
291,62037.652059,762729
292,62037.652059,765351
293,62037.652059,767975
294,62037.652059,770600
295,62037.652059,773224
296,62037.652059,775848
297,62037.652059,778469
298,62037.652059,781093
299,62037.652059,783717
300,62037.652059,786340
301,62037.652059,788965
302,62037.652059,791585
303,62037.652059,794207
304,62037.652059,796830
305,62037.652059,799455
306,62037.652059,802078
307,62037.652059,804699
308,62037.652059,807318
309,62037.652059,809941
62037.652059,4.592368
1,62042.444093,2376
2,62038.289660,5006
3,62037.748655,7637
4,62037.748655,10267
5,62037.748655,12899
6,62037.748655,15527
7,62037.748655,18157
8,62037.748655,20784
9,62037.748655,23415
10,62037.748655,26043
11,62037.748655,28672
12,62037.748655,31301
13,62037.748655,33926
14,62037.748655,36555
15,62037.748655,39184
16,62037.748655,41813
17,62037.748655,44439
18,62037.748655,47058
19,62037.748655,49687
20,62037.748655,52315
21,62037.748655,54945
22,62037.748655,57574
23,62037.748655,60204
24,62037.748655,62836
25,62037.748655,65465
26,62037.748655,68091
27,62037.748655,70723
28,62037.748655,73354
29,62037.748655,75982
30,62037.748655,78608
31,62037.748655,81239
32,62037.748655,83863
33,62037.748655,86492
34,62037.748655,89121
35,62037.748655,91747
36,62037.748655,94375
37,62037.748655,97004
38,62037.748655,99628
39,62037.748655,102257
40,62037.748655,104889
41,62037.748655,107517
42,62037.748655,110145
43,62037.748655,112766
44,62037.748655,115394
45,62037.748655,118017
46,62037.748655,120646
47,62037.748655,123274
48,62037.748655,125902
49,62037.748655,128531
50,62037.748655,131163
51,62037.748655,133790
52,62037.748655,136419
53,62037.748655,139049
54,62037.748655,141678
55,62037.748655,144303
56,62037.748655,146928
57,62037.748655,149552
58,62037.748655,152180
59,62037.748655,154811
60,62037.748655,157438
61,62037.748655,160063
62,62037.748655,162688
63,62037.748655,165315
64,62037.748655,167941
65,62037.748655,170569
66,62037.748655,173192
67,62037.748655,175821
68,62037.748655,178444
69,62037.748655,181068
70,62037.748655,183690
71,62037.748655,186316
72,62037.748655,188941
73,62037.748655,191566
74,62037.748655,194193
75,62037.748655,196822
76,62037.748655,199448
77,62037.748655,202072
78,62037.748655,204699
79,62037.748655,207321
80,62037.748655,209943
81,62037.748655,212566
82,62037.748655,215192
83,62037.748655,217819
84,62037.748655,220445
85,62037.748655,223073
86,62037.748655,225690
87,62037.748655,228318
88,62037.748655,230942
89,62037.748655,233562
90,62037.748655,236189
91,62037.748655,238819
92,62037.748655,241445
93,62037.748655,244076
94,62037.748655,246702
95,62037.748655,249330
96,62037.748655,251959
97,62037.748655,254589
98,62037.748655,257216
99,62037.748655,259838
100,62037.748655,262466
101,62037.748655,265095
102,62037.748655,267724
103,62037.748655,270351
104,62037.748655,272975
105,62037.748655,275604
106,62037.748655,278230
107,62037.748655,280856
108,62037.748655,283474
109,62037.748655,286101
110,62037.748655,288725
111,62037.748655,291354
112,62037.748655,293981
113,62037.748655,296604
114,62037.748655,299230
115,62037.748655,301855
116,62037.748655,304481
117,62037.748655,307104
118,62037.748655,309725
119,62037.748655,312350
120,62037.748655,314977
121,62037.748655,317604
122,62037.748655,320229
123,62037.748655,322857
124,62037.748655,325486
125,62037.748655,328113
126,62037.748655,330738
127,62037.748655,333367
128,62037.748655,335995
129,62037.748655,338622
130,62037.748655,341253
131,62037.748655,343879
132,62037.748655,346507
133,62037.748655,349132
134,62037.748655,351762
135,62037.748655,354392
136,62037.748655,357023
137,62037.748655,359651
138,62037.748655,362281
139,62037.748655,364909
140,62037.748655,367538
141,62037.748655,370165
142,62037.748655,372797
143,62037.748655,375423
144,62037.748655,378053
145,62037.748655,380679
146,62037.748655,383310
147,62037.748655,385940
148,62037.748655,388569
149,62037.748655,391199
150,62037.748655,393830
151,62037.748655,396461
152,62037.748655,399089
153,62037.748655,401714
154,62037.748655,404342
155,62037.748655,406965
156,62037.748655,409593
157,62037.748655,412216
158,62037.748655,414840
159,62037.748655,417468
160,62037.748655,420097
161,62037.748655,422727
162,62037.748655,425357
163,62037.748655,427987
164,62037.748655,430616
165,62037.748655,433244
166,62037.748655,435868
167,62037.748655,438498
168,62037.748655,441120
169,62037.748655,443750
170,62037.748655,446375
171,62037.748655,448999
172,62037.748655,451629
173,62037.748655,454257
174,62037.748655,456881
175,62037.748655,459503
176,62037.748655,462131
177,62037.748655,464757
178,62037.748655,467381
179,62037.748655,470008
180,62037.748655,472634
181,62037.748655,475261
182,62037.748655,477891
183,62037.748655,480519
184,62037.748655,483144
185,62037.748655,485770
186,62037.748655,488397
187,62037.748655,491024
188,62037.748655,493653
189,62037.748655,496284
190,62037.748655,498908
191,62037.748655,501533
192,62037.748655,504157
193,62037.748655,506785
194,62037.748655,509413
195,62037.748655,512034
196,62037.748655,514662
197,62037.748655,517289
198,62037.748655,519918
199,62037.748655,522547
200,62037.748655,525173
201,62037.748655,527800
202,62037.748655,530428
203,62037.748655,533050
204,62037.748655,535674
205,62037.748655,538296
206,62037.748655,540926
207,62037.748655,543551
208,62037.748655,546182
209,62037.748655,548807
210,62037.748655,551427
211,62037.748655,554055
212,62037.748655,556686
213,62037.748655,559312
214,62037.748655,561936
215,62037.748655,564562
216,62037.748655,567188
217,62037.748655,569815
218,62037.748655,572436
219,62037.748655,575065
220,62037.748655,577688
221,62037.748655,580317
222,62037.748655,582943
223,62037.748655,585573
224,62037.748655,588202
225,62037.748655,590826
226,62037.748655,593453
227,62037.748655,596077
228,62037.748655,598701
229,62037.748655,601327
230,62037.748655,603952
231,62037.748655,606574
232,62037.748655,609196
233,62037.748655,611826
234,62037.748655,614449
235,62037.748655,617070
236,62037.748655,619697
237,62037.748655,622321
238,62037.748655,624951
239,62037.748655,627578
240,62037.748655,630202
241,62037.748655,632828
242,62037.748655,635457
243,62037.748655,638080
244,62037.748655,640701
245,62037.748655,643324
246,62037.748655,645949
247,62037.748655,648577
248,62037.748655,651206
249,62037.748655,653827
250,62037.748655,656454
251,62037.748655,659082
252,62037.748655,661702
253,62037.748655,664330
254,62037.748655,666954
255,62037.748655,669580
256,62037.748655,672203
257,62037.748655,674822
258,62037.748655,677447
259,62037.748655,680072
260,62037.748655,682697
261,62037.748655,685322
262,62037.748655,687948
263,62037.748655,690575
264,62037.748655,693199
265,62037.748655,695824
266,62037.748655,698453
267,62037.748655,701080
268,62037.748655,703705
269,62037.748655,706335
270,62037.748655,708962
271,62037.748655,711582
272,62037.748655,714204
273,62037.748655,716829
274,62037.748655,719455
275,62037.748655,722083
276,62037.748655,724704
277,62037.748655,727333
278,62037.748655,729954
279,62037.748655,732582
280,62037.748655,735211
281,62037.748655,737838
282,62037.748655,740465
283,62037.748655,743093
284,62037.748655,745721
285,62037.748655,748347
286,62037.748655,750970
287,62037.748655,753599
288,62037.748655,756224
289,62037.748655,758851
290,62037.748655,761479
291,62037.748655,764104
292,62037.748655,766730
293,62037.748655,769356
294,62037.748655,771982
295,62037.748655,774605
296,62037.748655,777230
297,62037.748655,779857
298,62037.748655,782479
299,62037.748655,785106
300,62037.748655,787729
301,62037.748655,790353
302,62037.748655,792972
303,62037.748655,795595
304,62037.748655,798221
305,62037.748655,800843
306,62037.748655,803467
307,62037.748655,806094
308,62037.748655,808717
309,62037.748655,811342
62037.748655,4.575704
1,62042.022752,2376
2,62039.011722,5034
3,62039.011722,7693
4,62039.011722,10352
5,62039.011722,13011
6,62039.011722,15670
7,62039.011722,18328
8,62039.011722,20986
9,62039.011722,23642
10,62039.011722,26299
11,62039.011722,28957
12,62039.011722,31610
13,62039.011722,34265
14,62039.011722,36918
15,62039.011722,39574
16,62039.011722,42227
17,62039.011722,44884
18,62039.011722,47536
19,62039.011722,50192
20,62039.011722,52843
21,62039.011722,55498
22,62039.011722,58154
23,62039.011722,60810
24,62039.011722,63464
25,62039.011722,66114
26,62039.011722,68767
27,62039.011722,71417
28,62039.011722,74066
29,62039.011722,76719
30,62039.011722,79370
31,62039.011722,82024
32,62039.011722,84676
33,62039.011722,87327
34,62039.011722,89976
35,62039.011722,92629
36,62039.011722,95283
37,62039.011722,97932
38,62039.011722,100588
39,62039.011722,103241
40,62039.011722,105895
41,62039.011722,108550
42,62039.011722,111208
43,62039.011722,113863
44,62039.011722,116513
45,62039.011722,119167
46,62039.011722,121820
47,62039.011722,124474
48,62039.011722,127125
49,62039.011722,129781
50,62039.011722,132438
51,62039.011722,135093
52,62039.011722,137744
53,62039.011722,140396
54,62039.011722,143052
55,62039.011722,145705
56,62039.011722,148359
57,62039.011722,151012
58,62039.011722,153658
59,62039.011722,156315
60,62039.011722,158967
61,62039.011722,161624
62,62039.011722,164274
63,62039.011722,166926
64,62039.011722,169581
65,62039.011722,172234
66,62039.011722,174891
67,62039.011722,177544
68,62039.011722,180200
69,62039.011722,182858
70,62039.011722,185509
71,62039.011722,188159
72,62039.011722,190817
73,62039.011722,193471
74,62039.011722,196125
75,62039.011722,198781
76,62039.011722,201437
77,62039.011722,204090
78,62039.011722,206744
79,62039.011722,209403
80,62039.011722,212059
81,62039.011722,214714
82,62039.011722,217372
83,62039.011722,220024
84,62039.011722,222680
85,62039.011722,225338
86,62039.011722,227992
87,62039.011722,230646
88,62039.011722,233304
89,62039.011722,235961
90,62039.011722,238614
91,62039.011722,241266
92,62039.011722,243922
93,62039.011722,246576
94,62039.011722,249231
95,62039.011722,251888
96,62039.011722,254544
97,62039.011722,257198
98,62039.011722,259853
99,62039.011722,262504
100,62039.011722,265157
101,62039.011722,267812
102,62039.011722,270464
103,62039.011722,273120
104,62039.011722,275776
105,62039.011722,278434
106,62039.011722,281088
107,62039.011722,283744
108,62039.011722,286401
109,62039.011722,289056
110,62039.011722,291711
111,62039.011722,294367
112,62039.011722,297025
113,62039.011722,299682
114,62039.011722,302334
115,62039.011722,304989
116,62039.011722,307645
117,62039.011722,310303
118,62039.011722,312954
119,62039.011722,315610
120,62039.011722,318263
121,62039.011722,320917
122,62039.011722,323576
123,62039.011722,326233
124,62037.953821,328888
125,62037.953821,331542
126,62037.953821,334195
127,62037.953821,336853
128,62037.953821,339507
129,62037.953821,342160
130,62037.953821,344816
131,62037.953821,347469
132,62037.953821,350126
133,62037.953821,352781
134,62037.953821,355437
135,62037.953821,358087
136,62037.953821,360742
137,62037.953821,363399
138,62037.953821,366050
139,62037.953821,368705
140,62037.953821,371356
141,62037.953821,374007
142,62037.953821,376659
143,62037.953821,379312
144,62037.953821,381964
145,62037.953821,384619
146,62037.953821,387274
147,62037.953821,389927
148,62037.953821,392578
149,62037.953821,395230
150,62037.953821,397886
151,62037.953821,400535
152,62037.953821,403185
153,62037.953821,405841
154,62037.953821,408497
155,62037.953821,411153
156,62037.953821,413807
157,62037.953821,416464
158,62037.953821,419119
159,62037.953821,421771
160,62037.953821,424423
161,62037.953821,427073
162,62037.953821,429727
163,62037.953821,432385
164,62037.953821,435041
165,62037.953821,437694
166,62037.953821,440353
167,62037.953821,443009
168,62037.953821,445664
169,62037.953821,448320
170,62037.953821,450976
171,62037.953821,453633
172,62037.953821,456292
173,62037.953821,458949
174,62037.953821,461602
175,62037.953821,464256
176,62037.953821,466912
177,62037.953821,469564
178,62037.953821,472213
179,62037.953821,474864
180,62037.953821,477519
181,62037.953821,480175
182,62037.953821,482827
183,62037.953821,485484
184,62037.953821,488139
185,62037.953821,490791
186,62037.953821,493448
187,62037.953821,496104
188,62037.953821,498762
189,62037.953821,501418
190,62037.953821,504069
191,62037.953821,506721
192,62037.953821,509375
193,62037.953821,512029
194,62037.953821,514681
195,62037.953821,517333
196,62037.953821,519985
197,62037.953821,522636
198,62037.953821,525289
199,62037.953821,527944
200,62037.953821,530602
201,62037.953821,533255
202,62037.953821,535909
203,62037.953821,538563
204,62037.953821,541217
205,62037.953821,543869
206,62037.953821,546526
207,62037.953821,549183
208,62037.953821,551836
209,62037.953821,554489
210,62037.953821,557144
211,62037.953821,559802
212,62037.953821,562458
213,62037.953821,565114
214,62037.953821,567771
215,62037.953821,570422
216,62037.953821,573076
217,62037.953821,575731
218,62037.953821,578387
219,62037.953821,581042
220,62037.953821,583697
221,62037.953821,586352
222,62037.953821,589004
223,62037.953821,591660
224,62037.953821,594316
225,62037.953821,596972
226,62037.953821,599626
227,62037.953821,602271
228,62037.953821,604925
229,62037.953821,607583
230,62037.953821,610241
231,62037.953821,612892
232,62037.953821,615550
233,62037.953821,618205
234,62037.953821,620857
235,62037.953821,623508
236,62037.953821,626163
237,62037.953821,628815
238,62037.953821,631467
239,62037.953821,634115
240,62037.953821,636771
241,62037.953821,639426
242,62037.953821,642081
243,62037.953821,644729
244,62037.953821,647378
245,62037.953821,650037
246,62037.953821,652690
247,62037.953821,655345
248,62037.953821,657995
249,62037.953821,660649
250,62037.953821,663306
251,62037.953821,665956
252,62037.953821,668607
253,62037.953821,671255
254,62037.953821,673903
255,62037.953821,676553
256,62037.953821,679199
257,62037.953821,681847
258,62037.953821,684497
259,62037.953821,687149
260,62037.953821,689802
261,62037.953821,692449
262,62037.953821,695097
263,62037.953821,697744
264,62037.953821,700398
265,62037.953821,703052
266,62037.953821,705703
267,62037.953821,708349
268,62037.953821,711003
269,62037.953821,713654
270,62037.953821,716301
271,62037.953821,718953
272,62037.953821,721600
273,62037.953821,724243
274,62037.953821,726896
275,62037.953821,729546
276,62037.953821,732198
277,62037.953821,734853
278,62037.953821,737502
279,62037.953821,740152
280,62037.953821,742803
281,62037.953821,745457
282,62037.953821,748110
283,62037.953821,750758
284,62037.953821,753408
285,62037.953821,756061
286,62037.953821,758713
287,62037.953821,761363
288,62037.953821,764014
289,62037.953821,766666
290,62037.953821,769316
291,62037.953821,771967
292,62037.953821,774623
293,62037.953821,777276
294,62037.953821,779928
295,62037.953821,782578
296,62037.953821,785231
297,62037.953821,787882
298,62037.953821,790535
299,62037.953821,793189
300,62037.953821,795842
301,62037.953821,798492
302,62037.953821,801141
303,62037.953821,803795
304,62037.953821,806452
305,62037.953821,809109
306,62037.953821,811765
62037.953821,4.477554
