1,20479.393615,2376
2,20469.448775,4752
3,20442.960604,7128
4,20415.503349,9513
5,20385.242801,11928
6,20375.317356,14363
7,20372.353563,16829
8,20328.871188,19338
9,20307.813160,21864
10,20291.712035,24419
11,20276.610594,27000
12,20232.846668,29605
13,20220.167543,32231
14,20213.184607,34866
15,20212.999172,37509
16,20212.712762,40154
17,20190.547897,42804
18,20180.575927,45462
19,20180.575927,48118
20,20180.575927,50746
21,20180.575927,53355
22,20180.575927,55947
23,20175.206942,58501
24,20175.206942,61047
25,20175.206942,63599
26,20175.206942,66135
27,20175.206942,68639
28,20175.206942,71096
29,20175.206942,73563
30,20175.206942,75995
31,20175.206942,78424
32,20175.206942,80851
33,20175.206942,83282
34,20175.206942,85727
35,20175.206942,88181
36,20173.863822,90635
37,20173.863822,93096
38,20173.863822,95571
39,20173.863822,98055
40,20173.863822,100566
41,20173.863822,103109
42,20173.863822,105646
43,20173.863822,108236
44,20173.863822,110831
45,20173.863822,113415
46,20173.863822,115976
47,20173.863822,118540
48,20173.863822,121094
49,20173.863822,123625
50,20173.863822,126171
51,20173.863822,128709
52,20173.863822,131226
53,20173.863822,133724
54,20173.863822,136211
55,20173.863822,138683
56,20173.863822,141141
57,20173.863822,143577
58,20173.863822,145996
59,20173.863822,148399
60,20173.863822,150806
61,20173.863822,153221
62,20173.863822,155646
63,20173.863822,158073
64,20173.863822,160501
65,20173.863822,162897
66,20173.863822,165312
67,20173.863822,167726
68,20173.863822,170140
69,20173.863822,172543
70,20173.863822,174947
71,20173.863822,177347
72,20173.863822,179739
73,20173.863822,182131
74,20173.863822,184523
75,20173.863822,186916
76,20173.863822,189322
77,20172.910109,191740
78,20172.910109,194169
79,20172.910109,196602
80,20172.910109,199055
81,20172.910109,201537
82,20172.910109,204033
83,20172.910109,206553
84,20172.910109,209083
85,20172.910109,211621
86,20172.910109,214122
87,20172.910109,216605
88,20172.910109,219090
89,20172.910109,221550
90,20172.910109,223997
91,20172.910109,226441
92,20172.910109,228895
93,20172.910109,231352
94,20172.910109,233799
95,20172.910109,236232
96,20172.910109,238639
97,20172.910109,241045
98,20172.910109,243456
99,20172.910109,245845
100,20172.910109,248221
101,20172.910109,250597
102,20172.910109,252973
103,20172.910109,255349
104,20172.910109,257725
105,20172.910109,260101
106,20172.910109,262477
107,20172.910109,264853
108,20172.910109,267229
109,20172.910109,269605
110,20172.910109,271981
111,20172.910109,274357
112,20172.910109,276733
113,20172.910109,279109
114,20172.910109,281490
115,20172.910109,283882
116,20172.910109,286275
117,20172.910109,288651
118,20172.910109,291027
119,20172.910109,293403
120,20172.910109,295779
121,20172.910109,298155
122,20172.910109,300531
123,20172.910109,302907
124,20172.910109,305283
125,20172.910109,307659
126,20172.910109,310035
127,20172.910109,312411
128,20172.910109,314787
129,20172.910109,317163
130,20172.910109,319539
131,20172.910109,321915
132,20172.910109,324291
133,20172.910109,326667
134,20172.910109,329043
135,20172.910109,331419
136,20172.910109,333795
137,20172.910109,336171
138,20172.910109,338547
139,20172.910109,340923
140,20172.910109,343299
141,20172.910109,345675
142,20172.910109,348051
143,20172.910109,350427
144,20172.910109,352803
145,20172.910109,355179
146,20172.910109,357555
147,20172.910109,359933
148,20172.910109,362324
149,20172.910109,364716
150,20172.910109,367092
151,20172.910109,369468
152,20172.910109,371844
153,20172.910109,374220
154,20172.910109,376596
155,20172.910109,378972
156,20172.910109,381348
157,20172.910109,383724
158,20172.910109,386100
159,20172.910109,388476
160,20172.910109,390852
161,20172.910109,393228
162,20172.910109,395605
163,20172.910109,397991
164,20172.910109,400377
165,20172.910109,402762
166,20172.910109,405138
167,20172.910109,407514
168,20172.910109,409899
169,20172.910109,412291
170,20172.910109,414684
171,20172.910109,417064
172,20172.910109,419456
173,20172.910109,421835
174,20172.910109,424220
175,20172.910109,426608
176,20172.910109,428995
177,20172.910109,431371
178,20172.910109,433747
179,20172.910109,436123
180,20172.910109,438499
181,20172.910109,440875
182,20172.910109,443251
183,20172.910109,445627
184,20172.910109,448003
185,20172.910109,450379
186,20172.910109,452755
187,20172.910109,455131
188,20172.910109,457507
189,20172.910109,459883
190,20172.910109,462259
191,20172.910109,464635
192,20172.910109,467011
193,20172.910109,469387
194,20172.910109,471763
195,20172.910109,474139
196,20172.910109,476515
197,20172.910109,478891
198,20172.910109,481267
199,20172.910109,483643
200,20172.910109,486019
201,20172.910109,488395
202,20172.910109,490771
203,20172.910109,493147
204,20172.910109,495523
205,20172.910109,497899
206,20172.910109,500275
207,20172.910109,502651
208,20172.910109,505033
209,20172.910109,507425
210,20172.910109,509817
211,20172.910109,512193
212,20172.910109,514569
213,20172.910109,516945
214,20172.910109,519321
215,20172.910109,521697
216,20172.910109,524073
217,20172.910109,526449
218,20172.910109,528825
219,20172.910109,531201
220,20172.910109,533577
221,20172.910109,535953
222,20172.910109,538329
223,20172.910109,540705
224,20172.910109,543081
225,20172.910109,545457
226,20172.910109,547833
227,20172.910109,550209
228,20172.910109,552585
229,20172.910109,554961
230,20172.910109,557337
231,20172.910109,559713
232,20172.910109,562089
233,20172.910109,564465
234,20172.910109,566841
235,20172.910109,569217
236,20172.910109,571593
237,20172.910109,573969
238,20172.910109,576345
239,20172.910109,578721
240,20172.910109,581097
241,20172.910109,583473
242,20172.910109,585849
243,20172.910109,588225
244,20172.910109,590601
245,20172.910109,592977
246,20172.910109,595353
247,20172.910109,597729
248,20172.910109,600110
249,20172.910109,602503
250,20172.910109,604903
251,20172.910109,607295
252,20172.910109,609687
253,20172.910109,612063
254,20172.910109,614439
255,20172.910109,616815
256,20172.910109,619191
257,20172.910109,621567
258,20172.910109,623943
259,20172.910109,626319
260,20172.910109,628695
261,20172.910109,631071
262,20172.910109,633447
263,20172.910109,635823
264,20172.910109,638199
265,20172.910109,640575
266,20172.910109,642951
267,20172.910109,645327
268,20172.910109,647703
269,20172.910109,650079
270,20172.910109,652455
271,20172.910109,654831
272,20172.910109,657207
273,20172.910109,659583
274,20172.910109,661959
275,20172.910109,664335
276,20172.910109,666711
277,20172.910109,669087
278,20172.910109,671463
279,20172.910109,673839
280,20172.910109,676215
281,20172.910109,678591
282,20172.910109,680967
283,20172.910109,683343
284,20172.910109,685719
285,20172.910109,688095
286,20172.910109,690471
287,20172.910109,692847
288,20172.910109,695223
289,20172.910109,697599
290,20172.910109,699975
291,20172.910109,702351
292,20172.910109,704729
293,20172.910109,707115
294,20172.910109,709491
295,20172.910109,711867
20172.910109,44.773341
1,20473.400281,2376
2,20465.262594,4752
3,20431.121007,7128
4,20410.754985,9512
5,20384.752559,11915
6,20374.777169,14332
7,20374.777169,16774
8,20324.017426,19243
9,20304.593308,21723
10,20296.067275,24217
11,20228.502552,26728
12,20217.241084,29279
13,20215.822487,31840
14,20215.492197,34412
15,20215.151167,37006
16,20215.018654,39611
17,20214.942079,42227
18,20214.942079,44850
19,20214.927616,47478
20,20214.900491,50108
21,20213.383697,52736
22,20213.339624,55366
23,20180.876227,57996
24,20180.876227,60628
25,20180.876227,63254
26,20179.461467,65879
27,20179.461467,68507
28,20179.461467,71107
29,20179.461467,73682
30,20179.461467,76256
31,20177.245268,78828
32,20177.245268,81392
33,20177.245268,83949
34,20177.245268,86483
35,20177.245268,89010
36,20177.245268,91496
37,20177.245268,93954
38,20177.245268,96384
39,20177.245268,98802
40,20177.245268,101217
41,20177.245268,103637
42,20177.245268,106064
43,20177.245268,108491
44,20177.245268,110921
45,20177.245268,113353
46,20177.245268,115767
47,20177.245268,118192
48,20172.910109,120626
49,20172.910109,123073
50,20172.910109,125539
51,20172.910109,128030
52,20172.910109,130536
53,20172.910109,133060
54,20172.910109,135576
55,20172.910109,138106
56,20172.910109,140616
57,20172.910109,143121
58,20172.910109,145601
59,20172.910109,148057
60,20172.910109,150513
61,20172.910109,152971
62,20172.910109,155419
63,20172.910109,157840
64,20172.910109,160228
65,20172.910109,162608
66,20172.910109,164988
67,20172.910109,167368
68,20172.910109,169748
69,20172.910109,172129
70,20172.910109,174511
71,20172.910109,176894
72,20172.910109,179270
73,20172.910109,181646
74,20172.910109,184022
75,20172.910109,186398
76,20172.910109,188774
77,20172.910109,191150
78,20172.910109,193526
79,20172.910109,195902
80,20172.910109,198278
81,20172.910109,200654
82,20172.910109,203030
83,20172.910109,205406
84,20172.910109,207782
85,20172.910109,210158
86,20172.910109,212534
87,20172.910109,214910
88,20172.910109,217286
89,20172.910109,219662
90,20172.910109,222038
91,20172.910109,224414
92,20172.910109,226790
93,20172.910109,229166
94,20172.910109,231542
95,20172.910109,233918
96,20172.910109,236294
97,20172.910109,238670
98,20172.910109,241046
99,20172.910109,243422
100,20172.910109,245798
101,20172.910109,248174
102,20172.910109,250550
103,20172.910109,252926
104,20172.910109,255302
105,20172.910109,257678
106,20172.910109,260054
107,20172.910109,262430
108,20172.910109,264806
109,20172.910109,267182
110,20172.910109,269558
111,20172.910109,271934
112,20172.910109,274310
113,20172.910109,276686
114,20172.910109,279062
115,20172.910109,281438
116,20172.910109,283814
117,20172.910109,286190
118,20172.910109,288566
119,20172.910109,290942
120,20172.910109,293318
121,20172.910109,295694
122,20172.910109,298070
123,20172.910109,300446
124,20172.910109,302822
125,20172.910109,305198
126,20172.910109,307574
127,20172.910109,309950
128,20172.910109,312326
129,20172.910109,314702
130,20172.910109,317078
131,20172.910109,319454
132,20172.910109,321830
133,20172.910109,324206
134,20172.910109,326582
135,20172.910109,328958
136,20172.910109,331334
137,20172.910109,333710
138,20172.910109,336086
139,20172.910109,338462
140,20172.910109,340838
141,20172.910109,343214
142,20172.910109,345590
143,20172.910109,347966
144,20172.910109,350342
145,20172.910109,352718
146,20172.910109,355094
147,20172.910109,357470
148,20172.910109,359846
149,20172.910109,362222
150,20172.910109,364598
151,20172.910109,366974
152,20172.910109,369350
153,20172.910109,371726
154,20172.910109,374102
155,20172.910109,376478
156,20172.910109,378857
157,20172.910109,381245
158,20172.910109,383633
159,20172.910109,386009
160,20172.910109,388385
161,20172.910109,390761
162,20172.910109,393137
163,20172.910109,395513
164,20172.910109,397889
165,20172.910109,400265
166,20172.910109,402641
167,20172.910109,405017
168,20172.910109,407393
169,20172.910109,409769
170,20172.910109,412145
171,20172.910109,414521
172,20172.910109,416897
173,20172.910109,419273
174,20172.910109,421649
175,20172.910109,424025
176,20172.910109,426401
177,20172.910109,428777
178,20172.910109,431153
179,20172.910109,433529
180,20172.910109,435905
181,20172.910109,438281
182,20172.910109,440657
183,20172.910109,443033
184,20172.910109,445409
185,20172.910109,447785
186,20172.910109,450161
187,20172.910109,452537
188,20172.910109,454913
189,20172.910109,457289
190,20172.910109,459665
191,20172.910109,462041
192,20172.910109,464417
193,20172.910109,466793
194,20172.910109,469169
195,20172.910109,471545
196,20172.910109,473921
197,20172.910109,476297
198,20172.910109,478673
199,20172.910109,481049
200,20172.910109,483425
201,20172.910109,485801
202,20172.910109,488177
203,20172.910109,490553
204,20172.910109,492929
205,20172.910109,495305
206,20172.910109,497681
207,20172.910109,500057
208,20172.910109,502433
209,20172.910109,504809
210,20172.910109,507185
211,20172.910109,509561
212,20172.910109,511941
213,20172.910109,514323
214,20172.910109,516711
215,20172.910109,519101
216,20172.910109,521477
217,20172.910109,523853
218,20172.910109,526229
219,20172.910109,528605
220,20172.910109,530981
221,20172.910109,533357
222,20172.910109,535733
223,20172.910109,538109
224,20172.910109,540485
225,20172.910109,542861
226,20172.910109,545237
227,20172.910109,547613
228,20172.910109,549989
229,20172.910109,552365
230,20172.910109,554741
231,20172.910109,557117
232,20172.910109,559493
233,20172.910109,561869
234,20172.910109,564245
235,20172.910109,566621
236,20172.910109,568997
237,20172.910109,571373
238,20172.910109,573749
239,20172.910109,576125
240,20172.910109,578501
241,20172.910109,580877
242,20172.910109,583253
243,20172.910109,585629
244,20172.910109,588005
245,20172.910109,590381
246,20172.910109,592757
247,20172.910109,595133
248,20172.910109,597509
249,20172.910109,599885
250,20172.910109,602261
251,20172.910109,604637
252,20172.910109,607013
253,20172.910109,609389
254,20172.910109,611765
255,20172.910109,614141
256,20172.910109,616517
257,20172.910109,618893
258,20172.910109,621269
259,20172.910109,623645
260,20172.910109,626021
261,20172.910109,628397
262,20172.910109,630773
263,20172.910109,633149
264,20172.910109,635525
265,20172.910109,637908
266,20172.910109,640300
267,20172.910109,642692
268,20172.910109,645084
269,20172.910109,647460
270,20172.910109,649836
271,20172.910109,652212
272,20172.910109,654588
273,20172.910109,656964
274,20172.910109,659340
275,20172.910109,661716
276,20172.910109,664092
277,20172.910109,666468
278,20172.910109,668844
279,20172.910109,671220
280,20172.910109,673596
281,20172.910109,675972
282,20172.910109,678348
283,20172.910109,680724
284,20172.910109,683100
285,20172.910109,685476
286,20172.910109,687852
287,20172.910109,690228
288,20172.910109,692604
289,20172.910109,694980
290,20172.910109,697361
291,20172.910109,699751
292,20172.910109,702127
293,20172.910109,704503
294,20172.910109,706879
295,20172.910109,709255
296,20172.910109,711631
20172.910109,44.170622
1,20483.606844,2376
2,20470.900201,4752
3,20438.286975,7128
4,20412.699454,9515
5,20383.307476,11924
6,20357.274107,14353
7,20327.859180,16811
8,20318.557114,19318
9,20301.180955,21844
10,20288.436493,24398
11,20271.938411,26965
12,20242.896653,29552
13,20227.486417,32149
14,20227.231628,34752
15,20226.743347,37379
16,20220.660706,39998
17,20179.628333,42625
18,20179.628333,45268
19,20179.628333,47902
20,20179.628333,50549
21,20173.863822,53200
22,20173.863822,55853
23,20173.863822,58494
24,20173.863822,61136
25,20173.863822,63755
26,20173.863822,66339
27,20173.863822,68884
28,20173.863822,71367
29,20173.863822,73831
30,20173.863822,76269
31,20173.863822,78693
32,20173.863822,81088
33,20173.863822,83482
34,20173.863822,85876
35,20173.863822,88258
36,20173.863822,90640
37,20173.863822,93016
38,20173.863822,95392
39,20173.863822,97768
40,20173.863822,100144
41,20173.863822,102520
42,20173.863822,104896
43,20173.863822,107272
44,20173.863822,109648
45,20173.863822,112024
46,20173.863822,114400
47,20173.863822,116776
48,20173.863822,119152
49,20173.863822,121531
50,20173.863822,123919
51,20173.863822,126308
52,20173.863822,128684
53,20173.863822,131060
54,20173.863822,133436
55,20173.863822,135812
56,20173.863822,138188
57,20173.863822,140564
58,20173.863822,142940
59,20173.863822,145316
60,20173.863822,147698
61,20173.863822,150090
62,20173.863822,152482
63,20173.863822,154874
64,20173.863822,157250
65,20173.863822,159626
66,20173.863822,162002
67,20173.863822,164378
68,20173.863822,166754
69,20173.863822,169130
70,20173.863822,171506
71,20173.863822,173882
72,20173.863822,176258
73,20173.863822,178634
74,20173.863822,181010
75,20173.863822,183392
76,20173.863822,185785
77,20173.863822,188178
78,20173.863822,190554
79,20173.863822,192930
80,20173.863822,195306
81,20173.863822,197682
82,20173.863822,200058
83,20173.863822,202434
84,20173.863822,204810
85,20173.863822,207186
86,20173.863822,209562
87,20173.863822,211938
88,20173.863822,214314
89,20173.863822,216690
90,20173.863822,219067
91,20173.863822,221447
92,20173.863822,223837
93,20173.863822,226243
94,20173.863822,228662
95,20173.863822,231103
96,20173.863822,233574
97,20173.863822,236068
98,20173.863822,238584
99,20173.863822,241109
100,20173.863822,243623
101,20173.863822,246135
102,20173.863822,248609
103,20173.863822,251091
104,20172.910109,253563
105,20172.910109,256016
106,20172.910109,258433
107,20172.910109,260847
108,20172.910109,263267
109,20172.910109,265699
110,20172.910109,268125
111,20172.910109,270551
112,20172.910109,272966
113,20172.910109,275367
114,20172.910109,277774
115,20172.910109,280167
116,20172.910109,282557
117,20172.910109,284948
118,20172.910109,287324
119,20172.910109,289700
120,20172.910109,292076
121,20172.910109,294452
122,20172.910109,296828
123,20172.910109,299204
124,20172.910109,301580
125,20172.910109,303956
126,20172.910109,306336
127,20172.910109,308722
128,20172.910109,311112
129,20172.910109,313502
130,20172.910109,315878
131,20172.910109,318254
132,20172.910109,320630
133,20172.910109,323006
134,20172.910109,325382
135,20172.910109,327758
136,20172.910109,330134
137,20172.910109,332510
138,20172.910109,334886
139,20172.910109,337262
140,20172.910109,339638
141,20172.910109,342014
142,20172.910109,344390
143,20172.910109,346766
144,20172.910109,349142
145,20172.910109,351518
146,20172.910109,353894
147,20172.910109,356270
148,20172.910109,358646
149,20172.910109,361022
150,20172.910109,363403
151,20172.910109,365791
152,20172.910109,368179
153,20172.910109,370555
154,20172.910109,372931
155,20172.910109,375307
156,20172.910109,377683
157,20172.910109,380059
158,20172.910109,382435
159,20172.910109,384811
160,20172.910109,387187
161,20172.910109,389563
162,20172.910109,391939
163,20172.910109,394315
164,20172.910109,396691
165,20172.910109,399067
166,20172.910109,401443
167,20172.910109,403819
168,20172.910109,406195
169,20172.910109,408571
170,20172.910109,410947
171,20172.910109,413323
172,20172.910109,415699
173,20172.910109,418075
174,20172.910109,420451
175,20172.910109,422827
176,20172.910109,425203
177,20172.910109,427579
178,20172.910109,429955
179,20172.910109,432331
180,20172.910109,434707
181,20172.910109,437083
182,20172.910109,439459
183,20172.910109,441835
184,20172.910109,444211
185,20172.910109,446587
186,20172.910109,448968
187,20172.910109,451356
188,20172.910109,453746
189,20172.910109,456136
190,20172.910109,458512
191,20172.910109,460888
192,20172.910109,463264
193,20172.910109,465640
194,20172.910109,468016
195,20172.910109,470392
196,20172.910109,472768
197,20172.910109,475144
198,20172.910109,477520
199,20172.910109,479896
200,20172.910109,482272
201,20172.910109,484648
202,20172.910109,487024
203,20172.910109,489400
204,20172.910109,491776
205,20172.910109,494152
206,20172.910109,496528
207,20172.910109,498904
208,20172.910109,501280
209,20172.910109,503656
210,20172.910109,506032
211,20172.910109,508408
212,20172.910109,510789
213,20172.910109,513182
214,20172.910109,515575
215,20172.910109,517951
216,20172.910109,520327
217,20172.910109,522703
218,20172.910109,525079
219,20172.910109,527455
220,20172.910109,529831
221,20172.910109,532207
222,20172.910109,534583
223,20172.910109,536963
224,20172.910109,539347
225,20172.910109,541734
226,20172.910109,544110
227,20172.910109,546486
228,20172.910109,548862
229,20172.910109,551238
230,20172.910109,553614
231,20172.910109,555990
232,20172.910109,558366
233,20172.910109,560742
234,20172.910109,563118
235,20172.910109,565494
236,20172.910109,567870
237,20172.910109,570246
238,20172.910109,572622
239,20172.910109,574998
240,20172.910109,577374
241,20172.910109,579750
242,20172.910109,582126
243,20172.910109,584502
244,20172.910109,586878
245,20172.910109,589254
246,20172.910109,591630
247,20172.910109,594006
248,20172.910109,596382
249,20172.910109,598758
250,20172.910109,601134
251,20172.910109,603510
252,20172.910109,605886
253,20172.910109,608262
254,20172.910109,610638
255,20172.910109,613014
256,20172.910109,615390
257,20172.910109,617766
258,20172.910109,620142
259,20172.910109,622518
260,20172.910109,624896
261,20172.910109,627285
262,20172.910109,629674
263,20172.910109,632050
264,20172.910109,634426
265,20172.910109,636802
266,20172.910109,639178
267,20172.910109,641554
268,20172.910109,643930
269,20172.910109,646306
270,20172.910109,648682
271,20172.910109,651058
272,20172.910109,653434
273,20172.910109,655810
274,20172.910109,658186
275,20172.910109,660562
276,20172.910109,662938
277,20172.910109,665314
278,20172.910109,667690
279,20172.910109,670066
280,20172.910109,672442
281,20172.910109,674818
282,20172.910109,677194
283,20172.910109,679570
284,20172.910109,681946
285,20172.910109,684322
286,20172.910109,686698
287,20172.910109,689074
288,20172.910109,691450
289,20172.910109,693826
290,20172.910109,696202
291,20172.910109,698578
292,20172.910109,700954
293,20172.910109,703330
294,20172.910109,705706
295,20172.910109,708082
296,20172.910109,710458
20172.910109,44.148454
1,20484.238033,2376
2,20465.451585,4752
3,20439.112778,7128
4,20415.897238,9511
5,20395.387135,11913
6,20368.467754,14334
7,20353.813498,16780
8,20307.942652,19258
9,20283.944912,21750
10,20271.541904,24279
11,20267.927352,26839
12,20266.814538,29434
13,20231.179240,32044
14,20225.816408,34668
15,20224.490059,37296
16,20222.837083,39928
17,20222.554379,42570
18,20222.410942,45213
19,20222.294246,47858
20,20214.567533,50501
21,20214.536241,53148
22,20183.403308,55797
23,20182.288777,58436
24,20182.288777,61080
25,20182.288777,63724
26,20182.288777,66360
27,20182.288777,68986
28,20182.288777,71567
29,20182.288777,74112
30,20182.288777,76635
31,20182.288777,79121
32,20175.137778,81596
33,20175.137778,84058
34,20175.137778,86533
35,20175.137778,89029
36,20175.137778,91534
37,20175.137778,94052
38,20175.137778,96577
39,20175.137778,99108
40,20175.137778,101645
41,20175.137778,104183
42,20175.137778,106728
43,20175.137778,109282
44,20175.137778,111842
45,20175.137778,114371
46,20175.137778,116930
47,20175.137778,119443
48,20175.137778,121948
49,20175.137778,124449
50,20175.137778,126918
51,20175.137778,129387
52,20175.137778,131825
53,20175.137778,134262
54,20175.137778,136687
55,20175.137778,139110
56,20175.137778,141527
57,20175.137778,143927
58,20175.137778,146327
59,20175.137778,148727
60,20175.137778,151116
61,20175.137778,153505
62,20175.137778,155894
63,20175.137778,158283
64,20175.137778,160671
65,20175.137778,163060
66,20175.137778,165449
67,20175.137778,167838
68,20175.137778,170227
69,20175.137778,172603
70,20175.137778,174979
71,20175.137778,177355
72,20175.137778,179731
73,20175.137778,182107
74,20175.137778,184483
75,20175.137778,186859
76,20175.137778,189235
77,20175.137778,191611
78,20175.137778,193987
79,20175.137778,196363
80,20175.137778,198739
81,20175.137778,201115
82,20175.137778,203491
83,20175.137778,205867
84,20175.137778,208243
85,20175.137778,210619
86,20175.137778,212995
87,20175.137778,215371
88,20175.137778,217747
89,20175.137778,220123
90,20175.137778,222499
91,20175.137778,224875
92,20175.137778,227251
93,20175.137778,229627
94,20175.137778,232003
95,20175.137778,234379
96,20175.137778,236755
97,20175.137778,239131
98,20175.137778,241507
99,20175.137778,243883
100,20175.137778,246259
101,20175.137778,248635
102,20175.137778,251011
103,20175.137778,253387
104,20175.137778,255763
105,20175.137778,258139
106,20175.137778,260515
107,20175.137778,262892
108,20175.137778,265269
109,20175.137778,267647
110,20175.137778,270029
111,20175.137778,272415
112,20175.137778,274807
113,20175.014409,277213
114,20175.014409,279640
115,20175.014409,282072
116,20175.014409,284506
117,20175.014409,286942
118,20175.014409,289377
119,20175.014409,291837
120,20175.014409,294302
121,20175.014409,296802
122,20175.014409,299312
123,20175.014409,301832
124,20175.014409,304346
125,20175.014409,306853
126,20175.014409,309325
127,20175.014409,311771
128,20175.014409,314213
129,20175.014409,316648
130,20175.014409,319095
131,20175.014409,321550
132,20175.014409,324001
133,20175.014409,326435
134,20175.014409,328863
135,20175.014409,331286
136,20175.014409,333692
137,20175.014409,336102
138,20175.014409,338509
139,20175.014409,340899
140,20175.014409,343282
141,20175.014409,345663
142,20175.014409,348056
143,20175.014409,350441
144,20175.014409,352833
145,20175.014409,355224
146,20175.014409,357616
147,20175.014409,360010
148,20175.014409,362406
149,20175.014409,364795
150,20175.014409,367187
151,20175.014409,369581
152,20175.014409,371962
153,20175.014409,374344
154,20175.014409,376727
155,20175.014409,379111
156,20175.014409,381487
157,20175.014409,383863
158,20175.014409,386239
159,20175.014409,388615
160,20175.014409,390991
161,20175.014409,393367
162,20175.014409,395743
163,20175.014409,398119
164,20175.014409,400495
165,20175.014409,402871
166,20175.014409,405247
167,20175.014409,407623
168,20175.014409,409999
169,20175.014409,412375
170,20175.014409,414751
171,20175.014409,417127
172,20175.014409,419503
173,20175.014409,421879
174,20175.014409,424255
175,20175.014409,426631
176,20175.014409,429007
177,20175.014409,431384
178,20175.014409,433765
179,20175.014409,436148
180,20175.014409,438531
181,20175.014409,440914
182,20175.014409,443290
183,20175.014409,445666
184,20175.014409,448042
185,20175.014409,450418
186,20175.014409,452794
187,20175.014409,455170
188,20175.014409,457546
189,20175.014409,459922
190,20175.014409,462298
191,20175.014409,464674
192,20175.014409,467050
193,20175.014409,469426
194,20175.014409,471802
195,20175.014409,474178
196,20175.014409,476554
197,20175.014409,478930
198,20175.014409,481306
199,20175.014409,483682
200,20175.014409,486058
201,20175.014409,488434
202,20175.014409,490810
203,20175.014409,493186
204,20175.014409,495562
205,20175.014409,497938
206,20175.014409,500314
207,20175.014409,502690
208,20175.014409,505066
209,20175.014409,507446
210,20175.014409,509831
211,20175.014409,512216
212,20175.014409,514601
213,20175.014409,516986
214,20175.014409,519362
215,20175.014409,521738
216,20175.014409,524114
217,20175.014409,526490
218,20175.014409,528866
219,20175.014409,531242
220,20175.014409,533618
221,20175.014409,535994
222,20175.014409,538371
223,20175.014409,540753
224,20175.014409,543136
225,20175.014409,545512
226,20175.014409,547888
227,20175.014409,550264
228,20175.014409,552640
229,20175.014409,555016
230,20175.014409,557392
231,20175.014409,559768
232,20175.014409,562144
233,20175.014409,564520
234,20175.014409,566896
235,20175.014409,569272
236,20175.014409,571648
237,20175.014409,574024
238,20175.014409,576400
239,20175.014409,578776
240,20175.014409,581152
241,20175.014409,583528
242,20175.014409,585904
243,20175.014409,588280
244,20175.014409,590656
245,20175.014409,593032
246,20175.014409,595408
247,20175.014409,597784
248,20175.014409,600160
249,20175.014409,602536
250,20175.014409,604912
251,20175.014409,607288
252,20175.014409,609664
253,20175.014409,612040
254,20175.014409,614416
255,20175.014409,616792
256,20175.014409,619168
257,20175.014409,621544
258,20175.014409,623920
259,20175.014409,626296
260,20175.014409,628672
261,20175.014409,631048
262,20175.014409,633424
263,20175.014409,635800
264,20175.014409,638176
265,20175.014409,640552
266,20175.014409,642928
267,20175.014409,645304
268,20175.014409,647686
269,20175.014409,650076
270,20175.014409,652467
271,20175.014409,654858
272,20175.014409,657234
273,20175.014409,659610
274,20175.014409,661986
275,20175.014409,664362
276,20175.014409,666738
277,20175.014409,669114
278,20175.014409,671490
279,20175.014409,673866
280,20175.014409,676242
281,20175.014409,678618
282,20175.014409,680994
283,20175.014409,683370
284,20175.014409,685746
285,20175.014409,688122
286,20175.014409,690498
287,20175.014409,692874
288,20175.014409,695250
289,20175.014409,697626
290,20175.014409,700002
291,20175.014409,702378
292,20175.014409,704754
293,20175.014409,707130
294,20175.014409,709506
295,20175.014409,711882
20175.014409,44.344963
1,20473.665441,2376
2,20468.558367,4752
3,20436.732395,7128
4,20417.005406,9516
5,20397.986570,11909
6,20375.198278,14315
7,20373.835886,16751
8,20326.908446,19205
9,20312.924362,21688
10,20241.799504,24178
11,20222.927912,26685
12,20218.395875,29219
13,20216.829772,31784
14,20216.115313,34364
15,20215.783920,36955
16,20215.577836,39564
17,20215.508925,42185
18,20180.653164,44803
19,20180.495459,47423
20,20180.495459,50043
21,20180.495459,52665
22,20180.495459,55284
23,20180.495459,57902
24,20180.495459,60525
25,20180.495459,63122
26,20180.495459,65709
27,20180.495459,68277
28,20180.495459,70827
29,20180.495459,73362
30,20180.495459,75886
31,20180.495459,78408
32,20177.679947,80905
33,20177.679947,83399
34,20177.679947,85883
35,20177.679947,88370
36,20177.679947,90868
37,20177.679947,93370
38,20177.679947,95826
39,20177.679947,98280
40,20177.679947,100731
41,20177.679947,103184
42,20177.679947,105640
43,20177.679947,108092
44,20177.679947,110540
45,20177.679947,113001
46,20175.392892,115471
47,20174.882219,117934
48,20174.882219,120406
49,20174.882219,122893
50,20174.882219,125396
51,20174.882219,127917
52,20174.882219,130446
53,20174.882219,132973
54,20174.882219,135481
55,20174.882219,137994
56,20174.882219,140490
57,20174.882219,143002
58,20174.882219,145479
59,20174.882219,147919
60,20174.882219,150366
61,20174.882219,152794
62,20174.882219,155195
63,20174.882219,157604
64,20174.882219,160018
65,20174.882219,162418
66,20174.882219,164815
67,20174.882219,167219
68,20174.882219,169620
69,20174.882219,172028
70,20174.882219,174435
71,20174.882219,176826
72,20174.882219,179219
73,20174.882219,181605
74,20174.882219,183993
75,20174.882219,186385
76,20174.882219,188782
77,20174.882219,191182
78,20174.882219,193574
79,20174.882219,195967
80,20174.882219,198360
81,20174.882219,200743
82,20174.882219,203127
83,20174.882219,205511
84,20174.882219,207895
85,20174.882219,210271
86,20174.882219,212647
87,20174.882219,215023
88,20174.882219,217399
89,20174.882219,219775
90,20174.882219,222151
91,20174.882219,224527
92,20174.882219,226903
93,20174.882219,229279
94,20174.882219,231655
95,20174.882219,234031
96,20174.882219,236407
97,20174.882219,238783
98,20174.882219,241159
99,20174.882219,243535
100,20174.882219,245911
101,20174.882219,248287
102,20174.882219,250663
103,20174.882219,253039
104,20174.882219,255415
105,20174.882219,257791
106,20174.882219,260167
107,20174.882219,262543
108,20174.882219,264919
109,20174.882219,267295
110,20174.882219,269671
111,20174.882219,272047
112,20174.882219,274423
113,20174.882219,276799
114,20174.882219,279175
115,20174.882219,281551
116,20174.882219,283927
117,20174.882219,286303
118,20174.882219,288679
119,20174.882219,291055
120,20174.882219,293431
121,20174.882219,295807
122,20174.882219,298183
123,20174.882219,300559
124,20174.882219,302935
125,20174.882219,305311
126,20174.882219,307687
127,20174.882219,310063
128,20174.882219,312439
129,20174.882219,314815
130,20174.882219,317191
131,20174.882219,319567
132,20174.882219,321943
133,20174.882219,324319
134,20174.882219,326696
135,20174.882219,329077
136,20174.882219,331459
137,20174.882219,333842
138,20174.882219,336225
139,20174.882219,338601
140,20174.882219,340977
141,20174.882219,343353
142,20174.882219,345729
143,20174.882219,348105
144,20174.882219,350481
145,20174.882219,352857
146,20174.882219,355233
147,20174.882219,357609
148,20174.882219,359985
149,20174.882219,362361
150,20174.882219,364737
151,20174.882219,367113
152,20174.882219,369489
153,20174.882219,371865
154,20174.882219,374241
155,20174.882219,376617
156,20174.882219,378993
157,20174.882219,381372
158,20174.882219,383754
159,20174.882219,386137
160,20174.882219,388520
161,20174.882219,390902
162,20174.882219,393285
163,20174.882219,395661
164,20174.882219,398037
165,20174.882219,400413
166,20174.882219,402789
167,20174.882219,405165
168,20174.882219,407541
169,20174.882219,409918
170,20174.882219,412295
171,20174.882219,414674
172,20174.882219,417065
173,20173.532371,419473
174,20173.532371,421886
175,20173.532371,424311
176,20173.532371,426742
177,20173.532371,429181
178,20173.532371,431636
179,20173.532371,434101
180,20173.532371,436562
181,20173.532371,439014
182,20173.532371,441487
183,20173.532371,443976
184,20173.532371,446462
185,20173.532371,448965
186,20173.532371,451462
187,20173.532371,453967
188,20173.532371,456486
189,20173.532371,458976
190,20173.532371,461480
191,20173.532371,463967
192,20173.532371,466443
193,20173.532371,468925
194,20173.532371,471388
195,20173.532371,473842
196,20173.532371,476279
197,20173.532371,478701
198,20173.532371,481114
199,20173.532371,483525
200,20173.532371,485938
201,20173.532371,488355
202,20173.532371,490748
203,20173.532371,493146
204,20173.532371,495545
205,20173.532371,497946
206,20173.532371,500344
207,20173.532371,502735
208,20173.532371,505126
209,20173.532371,507515
210,20173.532371,509891
211,20173.532371,512267
212,20173.532371,514643
213,20173.532371,517019
214,20173.532371,519395
215,20173.532371,521771
216,20173.532371,524147
217,20173.532371,526523
218,20173.532371,528899
219,20173.532371,531275
220,20173.532371,533651
221,20173.532371,536027
222,20173.532371,538403
223,20173.532371,540779
224,20173.532371,543155
225,20173.532371,545531
226,20173.532371,547907
227,20173.532371,550283
228,20173.532371,552659
229,20173.532371,555035
230,20173.532371,557411
231,20173.532371,559787
232,20173.532371,562163
233,20173.532371,564539
234,20173.532371,566915
235,20173.532371,569291
236,20173.532371,571667
237,20173.532371,574043
238,20173.532371,576419
239,20173.532371,578795
240,20173.532371,581171
241,20173.532371,583547
242,20173.532371,585923
243,20173.532371,588299
244,20173.532371,590675
245,20173.532371,593051
246,20173.532371,595427
247,20173.532371,597803
248,20173.532371,600179
249,20173.532371,602555
250,20173.532371,604931
251,20173.532371,607307
252,20173.532371,609683
253,20173.532371,612059
254,20173.532371,614435
255,20173.532371,616811
256,20173.532371,619187
257,20173.532371,621563
258,20173.532371,623939
259,20173.532371,626315
260,20173.532371,628691
261,20173.532371,631067
262,20173.532371,633443
263,20173.532371,635819
264,20173.532371,638195
265,20173.532371,640571
266,20173.532371,642947
267,20173.532371,645323
268,20173.532371,647699
269,20173.532371,650075
270,20173.532371,652451
271,20173.532371,654827
272,20173.532371,657203
273,20173.532371,659579
274,20173.532371,661955
275,20173.532371,664331
276,20173.532371,666707
277,20173.532371,669083
278,20173.532371,671459
279,20173.532371,673835
280,20173.532371,676212
281,20173.532371,678595
282,20173.532371,680978
283,20173.532371,683361
284,20173.532371,685742
285,20173.532371,688118
286,20173.532371,690500
287,20173.532371,692890
288,20173.532371,695283
289,20173.532371,697676
290,20173.532371,700052
291,20173.532371,702428
292,20173.532371,704804
293,20173.532371,707180
294,20173.532371,709556
295,20173.532371,711932
20173.532371,44.943060
1,20480.031267,2376
2,20477.768892,4752
3,20443.200874,7128
4,20420.043014,9508
5,20418.465025,11902
6,20388.535692,14316
7,20388.535692,16754
8,20298.747753,19223
9,20279.113538,21719
10,20247.610827,24248
11,20229.007517,26805
12,20227.902811,29392
13,20224.726054,31990
14,20223.428100,34603
15,20212.852946,37223
16,20212.157873,39850
17,20212.093716,42481
18,20211.998893,45113
19,20181.927172,47744
20,20180.947640,50377
21,20179.939137,53015
22,20177.410498,55646
23,20177.410498,58285
24,20177.410498,60916
25,20177.410498,63545
26,20177.410498,66162
27,20177.410498,68774
28,20177.410498,71346
29,20177.410498,73881
30,20177.410498,76382
31,20177.410498,78827
32,20177.410498,81271
33,20177.410498,83701
34,20177.410498,86113
35,20177.410498,88511
36,20177.410498,90911
37,20177.410498,93313
38,20177.410498,95700
39,20177.410498,98079
40,20177.410498,100458
41,20177.410498,102837
42,20177.410498,105215
43,20177.410498,107595
44,20177.410498,109977
45,20177.410498,112361
46,20177.410498,114745
47,20177.410498,117121
48,20177.410498,119497
49,20177.410498,121873
50,20177.410498,124249
51,20177.410498,126625
52,20177.410498,129006
53,20177.410498,131395
54,20177.410498,133785
55,20177.410498,136175
56,20177.410498,138551
57,20177.410498,140927
58,20177.410498,143303
59,20177.410498,145679
60,20177.410498,148055
61,20177.410498,150431
62,20177.410498,152807
63,20177.410498,155183
64,20177.410498,157559
65,20177.410498,159935
66,20177.410498,162311
67,20177.410498,164687
68,20177.410498,167063
69,20177.410498,169439
70,20177.410498,171815
71,20177.410498,174191
72,20177.410498,176567
73,20177.410498,178943
74,20177.410498,181319
75,20177.410498,183695
76,20177.410498,186071
77,20177.410498,188447
78,20177.410498,190823
79,20177.410498,193199
80,20177.410498,195575
81,20177.410498,197951
82,20177.410498,200327
83,20177.410498,202703
84,20177.410498,205079
85,20177.410498,207455
86,20177.410498,209831
87,20177.410498,212207
88,20177.410498,214583
89,20177.410498,216959
90,20177.410498,219335
91,20177.410498,221711
92,20177.410498,224087
93,20177.410498,226463
94,20177.410498,228839
95,20177.410498,231215
96,20177.410498,233591
97,20177.410498,235967
98,20177.410498,238343
99,20177.410498,240719
100,20177.410498,243095
101,20177.410498,245471
102,20177.410498,247847
103,20177.410498,250223
104,20177.410498,252599
105,20177.410498,254975
106,20177.410498,257351
107,20177.410498,259729
108,20175.964435,262111
109,20175.964435,264499
110,20175.964435,266899
111,20175.964435,269313
112,20175.964435,271747
113,20175.964435,274202
114,20175.964435,276680
115,20175.964435,279163
116,20175.964435,281630
117,20175.964435,284116
118,20175.964435,286634
119,20175.964435,289169
120,20175.964435,291716
121,20175.964435,294256
122,20172.910109,296785
123,20172.910109,299305
124,20172.910109,301835
125,20172.910109,304368
126,20172.910109,306919
127,20172.910109,309474
128,20172.910109,312027
129,20172.910109,314595
130,20172.910109,317135
131,20172.910109,319655
132,20172.910109,322155
133,20172.910109,324646
134,20172.910109,327125
135,20172.910109,329565
136,20172.910109,331990
137,20172.910109,334400
138,20172.910109,336776
139,20172.910109,339152
140,20172.910109,341528
141,20172.910109,343904
142,20172.910109,346280
143,20172.910109,348656
144,20172.910109,351032
145,20172.910109,353408
146,20172.910109,355784
147,20172.910109,358160
148,20172.910109,360536
149,20172.910109,362912
150,20172.910109,365289
151,20172.910109,367671
152,20172.910109,370052
153,20172.910109,372428
154,20172.910109,374804
155,20172.910109,377180
156,20172.910109,379556
157,20172.910109,381932
158,20172.910109,384308
159,20172.910109,386684
160,20172.910109,389060
161,20172.910109,391436
162,20172.910109,393812
163,20172.910109,396188
164,20172.910109,398564
165,20172.910109,400940
166,20172.910109,403316
167,20172.910109,405696
168,20172.910109,408089
169,20172.910109,410482
170,20172.910109,412858
171,20172.910109,415234
172,20172.910109,417610
173,20172.910109,419986
174,20172.910109,422362
175,20172.910109,424738
176,20172.910109,427114
177,20172.910109,429490
178,20172.910109,431866
179,20172.910109,434242
180,20172.910109,436618
181,20172.910109,438997
182,20172.910109,441389
183,20172.910109,443781
184,20172.910109,446157
185,20172.910109,448533
186,20172.910109,450909
187,20172.910109,453287
188,20172.910109,455670
189,20172.910109,458060
190,20172.910109,460451
191,20172.910109,462843
192,20172.910109,465219
193,20172.910109,467595
194,20172.910109,469971
195,20172.910109,472347
196,20172.910109,474723
197,20172.910109,477099
198,20172.910109,479475
199,20172.910109,481851
200,20172.910109,484227
201,20172.910109,486603
202,20172.910109,488979
203,20172.910109,491355
204,20172.910109,493731
205,20172.910109,496107
206,20172.910109,498483
207,20172.910109,500859
208,20172.910109,503235
209,20172.910109,505611
210,20172.910109,507987
211,20172.910109,510363
212,20172.910109,512739
213,20172.910109,515115
214,20172.910109,517491
215,20172.910109,519867
216,20172.910109,522243
217,20172.910109,524619
218,20172.910109,527002
219,20172.910109,529393
220,20172.910109,531786
221,20172.910109,534162
222,20172.910109,536538
223,20172.910109,538915
224,20172.910109,541307
225,20172.910109,543700
226,20172.910109,546084
227,20172.910109,548470
228,20172.910109,550846
229,20172.910109,553223
230,20172.910109,555612
231,20172.910109,558001
232,20172.910109,560390
233,20172.910109,562766
234,20172.910109,565147
235,20172.910109,567537
236,20172.910109,569927
237,20172.910109,572303
238,20172.910109,574679
239,20172.910109,577055
240,20172.910109,579431
241,20172.910109,581807
242,20172.910109,584183
243,20172.910109,586559
244,20172.910109,588935
245,20172.910109,591311
246,20172.910109,593687
247,20172.910109,596063
248,20172.910109,598439
249,20172.910109,600816
250,20172.910109,603206
251,20172.910109,605597
252,20172.910109,607988
253,20172.910109,610364
254,20172.910109,612740
255,20172.910109,615116
256,20172.910109,617492
257,20172.910109,619868
258,20172.910109,622244
259,20172.910109,624620
260,20172.910109,626996
261,20172.910109,629372
262,20172.910109,631748
263,20172.910109,634124
264,20172.910109,636500
265,20172.910109,638876
266,20172.910109,641252
267,20172.910109,643628
268,20172.910109,646004
269,20172.910109,648380
270,20172.910109,650756
271,20172.910109,653132
272,20172.910109,655508
273,20172.910109,657884
274,20172.910109,660260
275,20172.910109,662636
276,20172.910109,665012
277,20172.910109,667388
278,20172.910109,669764
279,20172.910109,672140
280,20172.910109,674516
281,20172.910109,676892
282,20172.910109,679268
283,20172.910109,681644
284,20172.910109,684020
285,20172.910109,686396
286,20172.910109,688772
287,20172.910109,691148
288,20172.910109,693524
289,20172.910109,695900
290,20172.910109,698276
291,20172.910109,700652
292,20172.910109,703028
293,20172.910109,705404
294,20172.910109,707780
295,20172.910109,710156
296,20172.910109,712532
20172.910109,44.309183
1,20475.078354,2376
2,20471.644823,4752
3,20442.112972,7128
4,20415.156821,9509
5,20388.465613,11911
6,20366.800625,14328
7,20323.579956,16768
8,20263.311820,19243
9,20235.297827,21752
10,20229.937087,24296
11,20225.067223,26857
12,20223.484195,29435
13,20222.806173,32032
14,20220.402865,34641
15,20219.895117,37256
16,20219.799606,39870
17,20216.798004,42487
18,20216.475718,45107
19,20216.475718,47720
20,20182.500087,50339
21,20182.500087,52957
22,20179.471768,55568
23,20179.471768,58180
24,20179.471768,60795
25,20179.471768,63398
26,20179.471768,66006
27,20179.471768,68610
28,20179.471768,71184
29,20179.471768,73731
30,20179.471768,76276
31,20179.471768,78804
32,20179.471768,81262
33,20179.471768,83701
34,20179.471768,86133
35,20179.471768,88569
36,20176.524249,91001
37,20176.524249,93440
38,20176.524249,95886
39,20176.524249,98353
40,20176.524249,100836
41,20176.524249,103326
42,20176.524249,105800
43,20176.524249,108275
44,20176.524249,110769
45,20176.524249,113273
46,20176.524249,115792
47,20176.524249,118271
48,20176.524249,120745
49,20176.524249,123214
50,20176.524249,125676
51,20176.524249,128142
52,20176.524249,130579
53,20176.524249,133021
54,20176.524249,135460
55,20176.524249,137906
56,20176.524249,140353
57,20176.524249,142825
58,20176.524249,145298
59,20176.473724,147766
60,20176.473724,150238
61,20176.473724,152721
62,20176.473724,155205
63,20176.473724,157710
64,20176.473724,160206
65,20176.473724,162713
66,20176.473724,165201
67,20176.473724,167669
68,20176.473724,170135
69,20176.473724,172586
70,20176.473724,175039
71,20176.473724,177480
72,20176.473724,179902
73,20176.473724,182317
74,20176.473724,184737
75,20176.473724,187152
76,20176.473724,189579
77,20176.473724,192003
78,20176.473724,194405
79,20176.473724,196798
80,20176.473724,199192
81,20176.473724,201599
82,20176.473724,203999
83,20176.473724,206403
84,20176.473724,208808
85,20176.473724,211218
86,20176.473724,213632
87,20176.473724,216035
88,20176.473724,218430
89,20176.473724,220831
90,20176.473724,223233
91,20176.473724,225639
92,20176.473724,228044
93,20176.473724,230438
94,20176.473724,232821
95,20176.473724,235205
96,20176.473724,237582
97,20176.473724,239964
98,20176.473724,242350
99,20176.473724,244736
100,20176.473724,247112
101,20176.473724,249488
102,20176.473724,251866
103,20176.473724,254252
104,20176.473724,256640
105,20176.473724,259028
106,20176.473724,261416
107,20176.473724,263792
108,20176.473724,266168
109,20176.473724,268544
110,20176.473724,270920
111,20176.473724,273296
112,20176.473724,275672
113,20176.473724,278048
114,20176.473724,280424
115,20176.473724,282800
116,20176.473724,285176
117,20176.473724,287552
118,20176.473724,289928
119,20176.473724,292304
120,20176.473724,294680
121,20176.473724,297056
122,20176.473724,299432
123,20176.473724,301808
124,20176.473724,304184
125,20176.473724,306560
126,20176.473724,308936
127,20176.473724,311312
128,20176.473724,313688
129,20176.473724,316064
130,20176.473724,318440
131,20176.473724,320816
132,20176.473724,323192
133,20176.473724,325568
134,20176.473724,327944
135,20176.473724,330320
136,20176.473724,332696
137,20176.473724,335072
138,20176.473724,337448
139,20176.473724,339824
140,20176.473724,342200
141,20176.473724,344576
142,20176.473724,346952
143,20176.473724,349328
144,20176.473724,351704
145,20176.473724,354080
146,20176.473724,356456
147,20176.473724,358832
148,20176.473724,361208
149,20176.473724,363584
150,20176.473724,365960
151,20176.473724,368336
152,20176.473724,370712
153,20176.473724,373088
154,20176.473724,375464
155,20176.473724,377840
156,20176.473724,380216
157,20176.473724,382592
158,20176.473724,384968
159,20176.473724,387344
160,20176.473724,389720
161,20176.473724,392096
162,20176.473724,394472
163,20176.473724,396848
164,20176.473724,399224
165,20176.473724,401600
166,20176.473724,403976
167,20176.473724,406352
168,20176.473724,408728
169,20176.473724,411104
170,20176.473724,413480
171,20176.473724,415856
172,20176.473724,418232
173,20176.473724,420608
174,20176.473724,422984
175,20176.473724,425360
176,20176.473724,427736
177,20176.473724,430112
178,20176.473724,432488
179,20176.473724,434864
180,20176.473724,437240
181,20176.473724,439616
182,20176.473724,441992
183,20176.473724,444368
184,20176.473724,446744
185,20176.473724,449120
186,20176.473724,451496
187,20176.473724,453872
188,20176.473724,456248
189,20176.473724,458624
190,20176.473724,461000
191,20176.473724,463376
192,20176.473724,465752
193,20176.473724,468128
194,20176.473724,470504
195,20176.473724,472880
196,20176.473724,475256
197,20176.473724,477632
198,20176.473724,480008
199,20176.473724,482384
200,20176.473724,484760
201,20176.473724,487136
202,20176.473724,489512
203,20176.473724,491888
204,20176.473724,494264
205,20176.473724,496640
206,20176.473724,499016
207,20176.473724,501392
208,20176.473724,503768
209,20176.473724,506144
210,20176.473724,508520
211,20176.473724,510896
212,20176.473724,513272
213,20176.473724,515648
214,20176.473724,518024
215,20176.473724,520400
216,20176.473724,522776
217,20176.473724,525152
218,20176.473724,527528
219,20176.473724,529904
220,20176.473724,532280
221,20176.473724,534656
222,20176.473724,537032
223,20176.473724,539408
224,20176.473724,541784
225,20176.473724,544160
226,20176.473724,546536
227,20176.473724,548912
228,20176.473724,551288
229,20176.473724,553664
230,20176.473724,556040
231,20176.473724,558416
232,20176.473724,560792
233,20176.473724,563168
234,20176.473724,565544
235,20176.473724,567920
236,20176.473724,570296
237,20176.473724,572672
238,20176.473724,575048
239,20176.473724,577424
240,20176.473724,579800
241,20176.473724,582176
242,20176.473724,584552
243,20176.473724,586928
244,20176.473724,589304
245,20176.473724,591680
246,20176.473724,594056
247,20176.473724,596432
248,20176.473724,598808
249,20176.473724,601184
250,20176.473724,603560
251,20176.473724,605936
252,20176.473724,608312
253,20176.473724,610688
254,20176.473724,613064
255,20176.473724,615440
256,20176.473724,617816
257,20176.473724,620192
258,20176.473724,622568
259,20176.473724,624944
260,20176.473724,627320
261,20176.473724,629696
262,20176.473724,632072
263,20176.473724,634448
264,20176.473724,636824
265,20176.473724,639200
266,20176.473724,641576
267,20176.473724,643952
268,20176.473724,646328
269,20176.473724,648704
270,20176.473724,651080
271,20176.473724,653456
272,20176.473724,655832
273,20176.473724,658208
274,20176.473724,660584
275,20176.473724,662960
276,20176.473724,665336
277,20176.473724,667712
278,20176.473724,670088
279,20176.473724,672464
280,20176.473724,674840
281,20176.473724,677216
282,20176.473724,679592
283,20176.473724,681968
284,20176.473724,684344
285,20176.473724,686720
286,20176.473724,689096
287,20176.473724,691472
288,20176.473724,693848
289,20176.473724,696224
290,20176.473724,698600
291,20176.473724,700976
292,20176.473724,703352
293,20176.473724,705728
294,20176.473724,708104
295,20176.473724,710480
20176.473724,44.109765
1,20475.483459,2376
2,20469.230758,4752
3,20437.013772,7128
4,20415.922194,9507
5,20385.901874,11902
6,20378.628268,14313
7,20377.598112,16761
8,20311.525776,19221
9,20294.183402,21707
10,20286.429484,24221
11,20279.521099,26768
12,20264.558454,29326
13,20259.006536,31900
14,20256.846851,34472
15,20255.660774,37045
16,20240.448006,39639
17,20222.734736,42237
18,20218.439878,44827
19,20181.789690,47430
20,20181.663849,50031
21,20181.663849,52631
22,20181.663849,55237
23,20181.663849,57812
24,20181.663849,60372
25,20181.663849,62930
26,20181.663849,65441
27,20181.663849,67938
28,20181.663849,70405
29,20181.663849,72847
30,20179.327181,75291
31,20179.327181,77739
32,20179.327181,80197
33,20179.327181,82665
34,20179.327181,85133
35,20179.327181,87619
36,20179.327181,90105
37,20179.327181,92610
38,20179.327181,95129
39,20179.327181,97657
40,20179.327181,100177
41,20179.327181,102704
42,20179.327181,105209
43,20179.327181,107701
44,20179.327181,110178
45,20179.327181,112650
46,20179.327181,115108
47,20179.327181,117566
48,20179.327181,120016
49,20179.327181,122486
50,20175.964435,124979
51,20175.964435,127500
52,20175.964435,130020
53,20175.964435,132550
54,20175.964435,135081
55,20175.964435,137629
56,20175.964435,140169
57,20175.964435,142726
58,20175.964435,145266
59,20175.964435,147801
60,20175.964435,150291
61,20175.964435,152756
62,20175.964435,155195
63,20172.910109,157628
64,20172.910109,160081
65,20172.910109,162559
66,20172.910109,165058
67,20172.910109,167569
68,20172.910109,170081
69,20172.910109,172632
70,20172.910109,175191
71,20172.910109,177712
72,20172.910109,180240
73,20172.910109,182726
74,20172.910109,185216
75,20172.910109,187675
76,20172.910109,190131
77,20172.910109,192551
78,20172.910109,194971
79,20172.910109,197386
80,20172.910109,199804
81,20172.910109,202204
82,20172.910109,204595
83,20172.910109,206971
84,20172.910109,209347
85,20172.910109,211723
86,20172.910109,214099
87,20172.910109,216475
88,20172.910109,218851
89,20172.910109,221227
90,20172.910109,223603
91,20172.910109,225979
92,20172.910109,228355
93,20172.910109,230731
94,20172.910109,233107
95,20172.910109,235483
96,20172.910109,237859
97,20172.910109,240235
98,20172.910109,242611
99,20172.910109,244987
100,20172.910109,247363
101,20172.910109,249739
102,20172.910109,252115
103,20172.910109,254491
104,20172.910109,256867
105,20172.910109,259243
106,20172.910109,261619
107,20172.910109,263995
108,20172.910109,266371
109,20172.910109,268747
110,20172.910109,271123
111,20172.910109,273500
112,20172.910109,275885
113,20172.910109,278270
114,20172.910109,280646
115,20172.910109,283022
116,20172.910109,285398
117,20172.910109,287780
118,20172.910109,290172
119,20172.910109,292564
120,20172.910109,294940
121,20172.910109,297316
122,20172.910109,299692
123,20172.910109,302068
124,20172.910109,304444
125,20172.910109,306820
126,20172.910109,309196
127,20172.910109,311572
128,20172.910109,313948
129,20172.910109,316324
130,20172.910109,318700
131,20172.910109,321076
132,20172.910109,323452
133,20172.910109,325828
134,20172.910109,328204
135,20172.910109,330580
136,20172.910109,332956
137,20172.910109,335333
138,20172.910109,337717
139,20172.910109,340101
140,20172.910109,342477
141,20172.910109,344853
142,20172.910109,347229
143,20172.910109,349605
144,20172.910109,351981
145,20172.910109,354357
146,20172.910109,356733
147,20172.910109,359109
148,20172.910109,361485
149,20172.910109,363861
150,20172.910109,366237
151,20172.910109,368616
152,20172.910109,370998
153,20172.910109,373382
154,20172.910109,375758
155,20172.910109,378134
156,20172.910109,380510
157,20172.910109,382886
158,20172.910109,385262
159,20172.910109,387638
160,20172.910109,390014
161,20172.910109,392390
162,20172.910109,394766
163,20172.910109,397142
164,20172.910109,399518
165,20172.910109,401894
166,20172.910109,404270
167,20172.910109,406646
168,20172.910109,409022
169,20172.910109,411398
170,20172.910109,413774
171,20172.910109,416150
172,20172.910109,418526
173,20172.910109,420902
174,20172.910109,423278
175,20172.910109,425654
176,20172.910109,428030
177,20172.910109,430406
178,20172.910109,432782
179,20172.910109,435158
180,20172.910109,437534
181,20172.910109,439910
182,20172.910109,442286
183,20172.910109,444662
184,20172.910109,447038
185,20172.910109,449414
186,20172.910109,451790
187,20172.910109,454166
188,20172.910109,456542
189,20172.910109,458918
190,20172.910109,461295
191,20172.910109,463677
192,20172.910109,466061
193,20172.910109,468445
194,20172.910109,470821
195,20172.910109,473199
196,20172.910109,475583
197,20172.910109,477969
198,20172.910109,480348
199,20172.910109,482734
200,20172.910109,485122
201,20172.910109,487498
202,20172.910109,489874
203,20172.910109,492250
204,20172.910109,494626
205,20172.910109,497002
206,20172.910109,499378
207,20172.910109,501754
208,20172.910109,504130
209,20172.910109,506506
210,20172.910109,508882
211,20172.910109,511258
212,20172.910109,513634
213,20172.910109,516010
214,20172.910109,518386
215,20172.910109,520762
216,20172.910109,523138
217,20172.910109,525514
218,20172.910109,527890
219,20172.910109,530266
220,20172.910109,532642
221,20172.910109,535018
222,20172.910109,537394
223,20172.910109,539770
224,20172.910109,542146
225,20172.910109,544522
226,20172.910109,546898
227,20172.910109,549274
228,20172.910109,551650
229,20172.910109,554026
230,20172.910109,556407
231,20172.910109,558798
232,20172.910109,561188
233,20172.910109,563579
234,20172.910109,565955
235,20172.910109,568331
236,20172.910109,570707
237,20172.910109,573083
238,20172.910109,575459
239,20172.910109,577835
240,20172.910109,580211
241,20172.910109,582587
242,20172.910109,584963
243,20172.910109,587341
244,20172.910109,589725
245,20172.910109,592109
246,20172.910109,594493
247,20172.910109,596869
248,20172.910109,599245
249,20172.910109,601621
250,20172.910109,603997
251,20172.910109,606373
252,20172.910109,608749
253,20172.910109,611125
254,20172.910109,613501
255,20172.910109,615877
256,20172.910109,618253
257,20172.910109,620629
258,20172.910109,623005
259,20172.910109,625382
260,20172.910109,627774
261,20172.910109,630177
262,20172.910109,632553
263,20172.910109,634929
264,20172.910109,637305
265,20172.910109,639681
266,20172.910109,642057
267,20172.910109,644433
268,20172.910109,646809
269,20172.910109,649185
270,20172.910109,651561
271,20172.910109,653937
272,20172.910109,656313
273,20172.910109,658689
274,20172.910109,661068
275,20172.910109,663454
276,20172.910109,665843
277,20172.910109,668219
278,20172.910109,670595
279,20172.910109,672971
280,20172.910109,675347
281,20172.910109,677723
282,20172.910109,680099
283,20172.910109,682475
284,20172.910109,684851
285,20172.910109,687227
286,20172.910109,689603
287,20172.910109,691979
288,20172.910109,694355
289,20172.910109,696731
290,20172.910109,699107
291,20172.910109,701483
292,20172.910109,703859
293,20172.910109,706235
294,20172.910109,708611
295,20172.910109,710987
20172.910109,44.354374
1,20480.433341,2376
2,20470.327520,4752
3,20444.283851,7128
4,20409.533954,9506
5,20378.631180,11898
6,20359.884199,14313
7,20332.498870,16760
8,20332.498870,19230
9,20279.547857,21724
10,20269.890296,24248
11,20231.575012,26799
12,20222.283564,29364
13,20221.870894,31945
14,20221.866923,34539
15,20221.591153,37143
16,20215.781447,39740
17,20215.650959,42348
18,20215.447800,44962
19,20215.338532,47582
20,20215.300107,50197
21,20215.294001,52818
22,20215.249676,55442
23,20215.232323,58063
24,20185.333981,60687
25,20185.333981,63311
26,20185.333981,65935
27,20179.139337,68556
28,20179.139337,71183
29,20178.533137,73792
30,20178.533137,76403
31,20178.533137,79012
32,20177.651881,81621
33,20177.651881,84216
34,20176.268105,86818
35,20176.268105,89414
36,20176.268105,92024
37,20176.268105,94641
38,20176.268105,97250
39,20176.268105,99863
40,20176.268105,102457
41,20176.268105,105025
42,20176.268105,107538
43,20176.268105,110046
44,20176.268105,112527
45,20176.268105,114992
46,20176.268105,117452
47,20176.268105,119884
48,20176.268105,122296
49,20176.268105,124720
50,20176.268105,127139
51,20176.268105,129557
52,20176.268105,131972
53,20176.268105,134366
54,20176.268105,136762
55,20176.268105,139159
56,20176.268105,141556
57,20176.268105,143953
58,20176.268105,146348
59,20176.268105,148742
60,20176.268105,151119
61,20176.268105,153496
62,20176.268105,155874
63,20176.268105,158265
64,20176.268105,160660
65,20176.268105,163060
66,20176.268105,165449
67,20176.268105,167839
68,20176.268105,170230
69,20176.268105,172621
70,20176.268105,174998
71,20176.268105,177382
72,20176.268105,179766
73,20176.268105,182142
74,20176.268105,184518
75,20176.268105,186894
76,20176.268105,189270
77,20176.268105,191646
78,20176.268105,194022
79,20176.268105,196398
80,20176.268105,198774
81,20176.268105,201150
82,20176.268105,203526
83,20176.268105,205902
84,20176.268105,208278
85,20176.268105,210654
86,20176.268105,213030
87,20176.268105,215406
88,20176.268105,217782
89,20176.268105,220158
90,20176.268105,222534
91,20176.268105,224910
92,20176.268105,227286
93,20176.268105,229662
94,20176.268105,232038
95,20176.268105,234414
96,20176.268105,236792
97,20176.268105,239176
98,20176.268105,241560
99,20176.268105,243944
100,20176.268105,246328
101,20176.268105,248704
102,20176.268105,251080
103,20176.268105,253456
104,20176.268105,255832
105,20176.268105,258208
106,20176.268105,260584
107,20176.268105,262960
108,20176.268105,265339
109,20176.268105,267728
110,20176.268105,270118
111,20176.268105,272508
112,20176.268105,274898
113,20176.268105,277274
114,20176.268105,279650
115,20176.268105,282026
116,20176.268105,284402
117,20176.268105,286778
118,20176.268105,289154
119,20176.268105,291530
120,20176.268105,293906
121,20176.268105,296282
122,20176.268105,298658
123,20176.268105,301034
124,20176.268105,303410
125,20176.268105,305786
126,20176.268105,308162
127,20176.268105,310538
128,20176.268105,312914
129,20176.268105,315290
130,20176.268105,317666
131,20176.268105,320042
132,20176.268105,322418
133,20176.268105,324794
134,20176.268105,327170
135,20176.268105,329546
136,20176.268105,331922
137,20176.268105,334298
138,20176.268105,336674
139,20176.268105,339050
140,20176.268105,341426
141,20176.268105,343802
142,20176.268105,346178
143,20176.268105,348554
144,20176.268105,350930
145,20176.268105,353306
146,20176.268105,355682
147,20176.268105,358058
148,20176.268105,360434
149,20176.268105,362810
150,20176.268105,365186
151,20176.268105,367562
152,20176.268105,369938
153,20176.268105,372314
154,20176.268105,374690
155,20176.268105,377066
156,20176.268105,379442
157,20176.268105,381818
158,20176.268105,384194
159,20176.268105,386570
160,20176.268105,388946
161,20176.268105,391322
162,20176.268105,393698
163,20176.268105,396074
164,20176.268105,398450
165,20176.268105,400826
166,20176.268105,403202
167,20176.268105,405581
168,20176.268105,407973
169,20176.268105,410366
170,20176.268105,412759
171,20176.268105,415152
172,20176.268105,417528
173,20176.268105,419904
174,20176.268105,422280
175,20176.268105,424656
176,20176.268105,427032
177,20176.268105,429408
178,20176.268105,431784
179,20176.268105,434160
180,20176.268105,436536
181,20176.268105,438912
182,20176.268105,441288
183,20176.268105,443664
184,20176.268105,446040
185,20176.268105,448416
186,20176.268105,450792
187,20176.268105,453168
188,20176.268105,455544
189,20176.268105,457920
190,20176.268105,460296
191,20176.268105,462672
192,20176.268105,465052
193,20176.268105,467444
194,20176.268105,469835
195,20176.268105,472228
196,20176.268105,474604
197,20176.268105,476980
198,20176.268105,479356
199,20176.268105,481732
200,20176.268105,484108
201,20176.268105,486484
202,20176.268105,488860
203,20176.268105,491236
204,20176.268105,493612
205,20176.268105,495988
206,20176.268105,498364
207,20176.268105,500740
208,20176.268105,503116
209,20176.268105,505492
210,20176.268105,507868
211,20176.268105,510244
212,20176.268105,512620
213,20176.268105,514996
214,20176.268105,517372
215,20176.268105,519748
216,20176.268105,522124
217,20176.268105,524500
218,20176.268105,526876
219,20176.268105,529252
220,20176.268105,531628
221,20176.268105,534004
222,20176.268105,536380
223,20176.268105,538756
224,20176.268105,541132
225,20176.268105,543508
226,20176.268105,545884
227,20176.268105,548260
228,20176.268105,550636
229,20176.268105,553012
230,20176.268105,555388
231,20176.268105,557764
232,20176.268105,560140
233,20176.268105,562516
234,20176.268105,564895
235,20173.871740,567284
236,20173.871740,569684
237,20173.871740,572092
238,20173.871740,574520
239,20173.871740,576963
240,20173.871740,579415
241,20173.871740,581885
242,20173.871740,584357
243,20173.871740,586845
244,20173.871740,589328
245,20173.871740,591821
246,20173.871740,594321
247,20173.871740,596800
248,20173.871740,599276
249,20173.871740,601767
250,20173.871740,604252
251,20173.871740,606740
252,20173.871740,609233
253,20173.871740,611705
254,20173.871740,614192
255,20173.871740,616691
256,20173.871740,619173
257,20173.871740,621640
258,20173.871740,624107
259,20173.871740,626547
260,20173.871740,628965
261,20173.871740,631365
262,20173.871740,633769
263,20173.871740,636160
264,20173.871740,638552
265,20173.871740,640953
266,20173.871740,643355
267,20173.871740,645758
268,20173.871740,648160
269,20173.871740,650547
270,20173.871740,652931
271,20173.871740,655312
272,20173.871740,657694
273,20173.871740,660085
274,20173.871740,662468
275,20173.871740,664853
276,20173.871740,667244
277,20173.871740,669635
278,20173.871740,672026
279,20173.871740,674417
280,20173.871740,676808
281,20173.871740,679199
282,20173.871740,681590
283,20173.871740,683981
284,20173.871740,686357
285,20173.871740,688733
286,20173.871740,691109
287,20173.871740,693485
288,20173.871740,695861
289,20173.871740,698237
290,20173.871740,700613
291,20173.871740,702989
292,20173.871740,705365
293,20173.871740,707741
294,20173.871740,710117
295,20173.871740,712493
20173.871740,44.551793
1,20480.411787,2376
2,20476.262340,4752
3,20438.648800,7128
4,20414.459770,9514
5,20395.012057,11905
6,20368.403374,14316
7,20350.233856,16754
8,20339.054838,19217
9,20313.486968,21699
10,20294.129298,24201
11,20245.125088,26735
12,20234.977097,29297
13,20234.977097,31870
14,20217.221455,34453
15,20215.745788,37074
16,20215.545818,39701
17,20215.489081,42349
18,20214.427639,44997
19,20214.427639,47643
20,20214.070798,50280
21,20180.263862,52926
22,20180.263862,55580
23,20180.263862,58227
24,20180.263862,60871
25,20180.263862,63499
26,20178.739059,66136
27,20178.739059,68755
28,20178.739059,71351
29,20178.739059,73932
30,20178.739059,76522
31,20178.739059,79113
32,20177.272505,81707
33,20177.272505,84321
34,20175.964435,86905
35,20175.964435,89489
36,20175.964435,92063
37,20175.964435,94628
38,20175.964435,97210
39,20175.964435,99768
40,20175.964435,102309
41,20175.964435,104846
42,20175.964435,107400
43,20175.964435,109917
44,20175.964435,112396
45,20175.964435,114859
46,20175.964435,117307
47,20175.964435,119748
48,20175.964435,122197
49,20175.964435,124621
50,20175.964435,127044
51,20175.964435,129459
52,20175.964435,131870
53,20175.964435,134282
54,20175.964435,136687
55,20175.964435,139082
56,20172.910109,141492
57,20172.910109,143911
58,20172.910109,146359
59,20172.910109,148826
60,20172.910109,151310
61,20172.910109,153812
62,20172.910109,156323
63,20172.910109,158861
64,20172.910109,161403
65,20172.910109,163937
66,20172.910109,166463
67,20172.910109,168999
68,20172.910109,171531
69,20172.910109,174026
70,20172.910109,176489
71,20172.910109,178937
72,20172.910109,181375
73,20172.910109,183775
74,20172.910109,186166
75,20172.910109,188559
76,20172.910109,190953
77,20172.910109,193334
78,20172.910109,195715
79,20172.910109,198097
80,20172.910109,200479
81,20172.910109,202855
82,20172.910109,205231
83,20172.910109,207607
84,20172.910109,209983
85,20172.910109,212359
86,20172.910109,214735
87,20172.910109,217114
88,20172.910109,219500
89,20172.910109,221888
90,20172.910109,224276
91,20172.910109,226652
92,20172.910109,229028
93,20172.910109,231404
94,20172.910109,233780
95,20172.910109,236156
96,20172.910109,238532
97,20172.910109,240908
98,20172.910109,243284
99,20172.910109,245660
100,20172.910109,248036
101,20172.910109,250412
102,20172.910109,252788
103,20172.910109,255164
104,20172.910109,257540
105,20172.910109,259916
106,20172.910109,262292
107,20172.910109,264668
108,20172.910109,267044
109,20172.910109,269420
110,20172.910109,271796
111,20172.910109,274172
112,20172.910109,276548
113,20172.910109,278924
114,20172.910109,281300
115,20172.910109,283676
116,20172.910109,286052
117,20172.910109,288428
118,20172.910109,290804
119,20172.910109,293180
120,20172.910109,295556
121,20172.910109,297932
122,20172.910109,300308
123,20172.910109,302684
124,20172.910109,305060
125,20172.910109,307436
126,20172.910109,309812
127,20172.910109,312188
128,20172.910109,314564
129,20172.910109,316940
130,20172.910109,319316
131,20172.910109,321692
132,20172.910109,324068
133,20172.910109,326444
134,20172.910109,328820
135,20172.910109,331196
136,20172.910109,333572
137,20172.910109,335948
138,20172.910109,338324
139,20172.910109,340700
140,20172.910109,343076
141,20172.910109,345452
142,20172.910109,347828
143,20172.910109,350204
144,20172.910109,352580
145,20172.910109,354956
146,20172.910109,357332
147,20172.910109,359708
148,20172.910109,362084
149,20172.910109,364460
150,20172.910109,366836
151,20172.910109,369212
152,20172.910109,371588
153,20172.910109,373964
154,20172.910109,376340
155,20172.910109,378716
156,20172.910109,381092
157,20172.910109,383468
158,20172.910109,385847
159,20172.910109,388236
160,20172.910109,390625
161,20172.910109,393001
162,20172.910109,395377
163,20172.910109,397753
164,20172.910109,400129
165,20172.910109,402505
166,20172.910109,404881
167,20172.910109,407257
168,20172.910109,409633
169,20172.910109,412009
170,20172.910109,414385
171,20172.910109,416761
172,20172.910109,419137
173,20172.910109,421513
174,20172.910109,423889
175,20172.910109,426265
176,20172.910109,428641
177,20172.910109,431017
178,20172.910109,433393
179,20172.910109,435769
180,20172.910109,438145
181,20172.910109,440521
182,20172.910109,442897
183,20172.910109,445273
184,20172.910109,447649
185,20172.910109,450025
186,20172.910109,452401
187,20172.910109,454777
188,20172.910109,457153
189,20172.910109,459529
190,20172.910109,461905
191,20172.910109,464281
192,20172.910109,466657
193,20172.910109,469033
194,20172.910109,471409
195,20172.910109,473785
196,20172.910109,476161
197,20172.910109,478537
198,20172.910109,480913
199,20172.910109,483289
200,20172.910109,485665
201,20172.910109,488041
202,20172.910109,490417
203,20172.910109,492793
204,20172.910109,495169
205,20172.910109,497545
206,20172.910109,499921
207,20172.910109,502300
208,20172.910109,504685
209,20172.910109,507070
210,20172.910109,509455
211,20172.910109,511831
212,20172.910109,514207
213,20172.910109,516583
214,20172.910109,518959
215,20172.910109,521335
216,20172.910109,523711
217,20172.910109,526087
218,20172.910109,528463
219,20172.910109,530839
220,20172.910109,533215
221,20172.910109,535591
222,20172.910109,537967
223,20172.910109,540343
224,20172.910109,542719
225,20172.910109,545095
226,20172.910109,547475
227,20172.910109,549863
228,20172.910109,552251
229,20172.910109,554627
230,20172.910109,557003
231,20172.910109,559379
232,20172.910109,561755
233,20172.910109,564131
234,20172.910109,566507
235,20172.910109,568883
236,20172.910109,571259
237,20172.910109,573635
238,20172.910109,576011
239,20172.910109,578387
240,20172.910109,580763
241,20172.910109,583139
242,20172.910109,585515
243,20172.910109,587891
244,20172.910109,590267
245,20172.910109,592643
246,20172.910109,595019
247,20172.910109,597395
248,20172.910109,599771
249,20172.910109,602147
250,20172.910109,604523
251,20172.910109,606899
252,20172.910109,609275
253,20172.910109,611651
254,20172.910109,614027
255,20172.910109,616403
256,20172.910109,618779
257,20172.910109,621155
258,20172.910109,623531
259,20172.910109,625907
260,20172.910109,628283
261,20172.910109,630659
262,20172.910109,633035
263,20172.910109,635411
264,20172.910109,637787
265,20172.910109,640163
266,20172.910109,642539
267,20172.910109,644915
268,20172.910109,647294
269,20172.910109,649678
270,20172.910109,652062
271,20172.910109,654438
272,20172.910109,656814
273,20172.910109,659190
274,20172.910109,661566
275,20172.910109,663942
276,20172.910109,666318
277,20172.910109,668694
278,20172.910109,671070
279,20172.910109,673446
280,20172.910109,675822
281,20172.910109,678198
282,20172.910109,680574
283,20172.910109,682950
284,20172.910109,685326
285,20172.910109,687702
286,20172.910109,690078
287,20172.910109,692454
288,20172.910109,694830
289,20172.910109,697206
290,20172.910109,699582
291,20172.910109,701958
292,20172.910109,704334
293,20172.910109,706710
294,20172.910109,709086
295,20172.910109,711462
20172.910109,44.102422
