1,20462.845315,2376
2,20453.655956,4752
3,20429.476602,7128
4,20423.513832,9505
5,20390.805809,11882
6,20390.805809,14260
7,20365.988096,16637
8,20345.749990,19019
9,20314.821680,21404
10,20310.746033,23790
11,20264.468780,26180
12,20242.594233,28593
13,20232.301202,31011
14,20228.404980,33438
15,20228.404980,35879
16,20228.404980,38336
17,20228.404980,40806
18,20228.404980,43286
19,20228.404980,45766
20,20228.404980,48254
21,20228.404980,50752
22,20228.404980,53251
23,20228.404980,55751
24,20228.404980,58256
25,20228.404980,60766
26,20228.404980,63282
27,20228.404980,65789
28,20228.404980,68302
29,20228.404980,70832
30,20228.404980,73365
31,20228.404980,75896
32,20228.404980,78411
33,20228.404980,80935
34,20228.404980,83457
35,20228.404980,85992
36,20228.404980,88528
37,20228.404980,91068
38,20228.404980,93589
39,20228.404980,96085
40,20228.404980,98586
41,20228.404980,101074
42,20228.404980,103557
43,20228.404980,106042
44,20228.404980,108534
45,20228.404980,111018
46,20228.404980,113491
47,20228.404980,115964
48,20228.404980,118440
49,20228.404980,120919
50,20228.404980,123395
51,20228.404980,125874
52,20228.404980,128338
53,20228.404980,130779
54,20228.404980,133220
55,20228.404980,135673
56,20228.404980,138129
57,20228.404980,140574
58,20228.404980,143018
59,20228.404980,145466
60,20228.404980,147910
61,20228.404980,150362
62,20228.404980,152816
63,20228.404980,155257
64,20228.404980,157683
65,20228.404980,160114
66,20228.404980,162555
67,20228.404980,165000
68,20228.404980,167447
69,20228.404980,169888
70,20228.404980,172332
71,20228.404980,174761
72,20228.404980,177188
73,20228.404980,179609
74,20228.404980,182030
75,20228.404980,184451
76,20228.404980,186873
77,20228.404980,189292
78,20228.404980,191711
79,20228.404980,194133
80,20228.404980,196557
81,20228.404980,198977
82,20228.404980,201402
83,20228.404980,203833
84,20228.404980,206278
85,20228.404980,208710
86,20228.404980,211142
87,20228.404980,213576
88,20228.404980,215995
89,20228.404980,218416
90,20228.404980,220838
91,20228.404980,223260
92,20228.404980,225676
93,20228.404980,228100
94,20228.404980,230528
95,20228.404980,232958
96,20228.404980,235388
97,20228.404980,237816
98,20228.404980,240246
99,20228.404980,242676
100,20228.404980,245105
101,20228.404980,247516
102,20228.404980,249934
103,20228.404980,252357
104,20228.404980,254766
105,20228.404980,257173
106,20228.404980,259574
107,20228.404980,261985
108,20228.404980,264391
109,20228.404980,266776
110,20228.404980,269158
111,20228.404980,271542
112,20228.404980,273925
113,20228.404980,276309
114,20228.404980,278691
115,20228.404980,281074
116,20228.404980,283458
117,20228.404980,285841
118,20228.404980,288228
119,20228.404980,290638
120,20228.404980,293064
121,20228.404980,295485
122,20228.404980,297909
123,20228.404980,300313
124,20228.404980,302709
125,20228.404980,305103
126,20228.404980,307499
127,20228.404980,309895
128,20228.404980,312292
129,20228.404980,314688
130,20228.404980,317088
131,20228.404980,319493
132,20228.404980,321902
133,20228.404980,324322
134,20228.404980,326745
135,20228.404980,329160
136,20228.404980,331567
137,20228.404980,333975
138,20228.404980,336392
139,20228.404980,338814
140,20228.404980,341236
141,20228.404980,343650
142,20228.404980,346067
143,20228.404980,348488
144,20228.404980,350900
145,20228.404980,353316
146,20228.404980,355738
147,20228.404980,358161
148,20228.404980,360587
149,20228.404980,363022
150,20228.404980,365441
151,20228.404980,367851
152,20228.404980,370262
153,20228.404980,372672
154,20228.404980,375081
155,20228.404980,377490
156,20228.404980,379900
157,20228.404980,382310
158,20228.404980,384704
159,20228.404980,387097
160,20228.404980,389494
161,20228.404980,391890
162,20228.404980,394280
163,20228.404980,396661
164,20228.404980,399051
165,20228.404980,401443
166,20228.404980,403825
167,20228.404980,406208
168,20228.404980,408607
169,20228.404980,411010
170,20228.404980,413410
171,20228.404980,415807
172,20228.404980,418202
173,20228.404980,420604
174,20228.404980,423002
175,20228.404980,425407
176,20228.404980,427807
177,20228.404980,430209
178,20228.404980,432618
179,20228.404980,435031
180,20228.404980,437446
181,20228.404980,439875
182,20228.404980,442281
183,20228.404980,444686
184,20228.404980,447071
185,20228.404980,449455
186,20228.404980,451845
187,20228.404980,454239
188,20228.404980,456637
189,20228.404980,459038
190,20228.404980,461438
191,20228.404980,463845
192,20228.404980,466249
193,20228.404980,468641
194,20228.404980,471033
195,20228.404980,473426
196,20228.404980,475812
197,20228.404980,478198
198,20228.404980,480590
199,20228.404980,482987
200,20228.404980,485373
201,20228.404980,487758
202,20228.404980,490143
203,20228.404980,492529
204,20228.404980,494915
205,20228.404980,497299
206,20228.404980,499684
207,20228.404980,502070
208,20228.404980,504466
209,20228.404980,506856
210,20228.404980,509233
211,20228.404980,511610
212,20228.404980,513993
213,20228.404980,516377
214,20228.404980,518764
215,20228.404980,521152
216,20228.404980,523540
217,20228.404980,525926
218,20228.404980,528315
219,20228.404980,530702
220,20228.404980,533092
221,20228.404980,535490
222,20228.404980,537883
223,20228.404980,540279
224,20228.404980,542664
225,20228.404980,545052
226,20228.404980,547441
227,20228.404980,549833
228,20228.404980,552233
229,20228.404980,554623
230,20228.404980,557000
231,20228.404980,559377
232,20228.404980,561754
233,20228.404980,564135
234,20228.404980,566529
235,20228.404980,568931
236,20228.404980,571339
237,20228.404980,573757
238,20228.404980,576151
239,20228.404980,578532
240,20228.404980,580913
241,20228.404980,583302
242,20228.404980,585698
243,20228.404980,588095
244,20228.404980,590494
245,20228.404980,592893
246,20228.404980,595292
247,20228.404980,597679
248,20228.404980,600072
249,20228.404980,602469
250,20228.404980,604868
251,20228.404980,607265
252,20228.404980,609674
253,20228.404980,612080
254,20228.404980,614489
255,20228.404980,616879
256,20228.404980,619275
257,20228.404980,621670
258,20228.404980,624059
259,20228.404980,626451
260,20228.404980,628847
261,20228.404980,631242
262,20228.404980,633638
263,20228.404980,636016
264,20228.404980,638395
265,20228.404980,640774
266,20228.404980,643153
267,20228.404980,645533
268,20228.404980,647913
269,20228.404980,650294
270,20228.404980,652675
271,20228.404980,655055
272,20228.404980,657434
273,20228.404980,659812
274,20228.404980,662191
275,20228.404980,664571
276,20228.404980,666951
277,20228.404980,669335
278,20228.404980,671722
279,20228.404980,674112
280,20228.404980,676497
281,20228.404980,678888
282,20228.404980,681285
283,20228.404980,683683
284,20228.404980,686081
285,20228.404980,688469
286,20228.404980,690850
287,20228.404980,693231
288,20228.404980,695610
289,20228.404980,697989
290,20228.404980,700368
291,20228.404980,702746
292,20228.404980,705125
293,20228.404980,707504
294,20228.404980,709883
295,20228.404980,712263
20228.404980,46.874971
1,20464.390043,2376
2,20447.200582,4752
3,20420.881117,7128
4,20409.562527,9504
5,20388.094526,11881
6,20373.047219,14259
7,20353.225636,16639
8,20332.757521,19027
9,20317.389095,21425
10,20317.389095,23826
11,20317.389095,26227
12,20317.389095,28639
13,20317.389095,31051
14,20317.389095,33468
15,20317.389095,35893
16,20317.389095,38316
17,20317.389095,40742
18,20317.389095,43170
19,20317.389095,45593
20,20317.389095,48020
21,20317.389095,50448
22,20317.389095,52875
23,20317.389095,55313
24,20317.389095,57754
25,20317.389095,60204
26,20317.389095,62661
27,20317.389095,65122
28,20317.389095,67594
29,20317.389095,70069
30,20317.389095,72542
31,20317.389095,75014
32,20317.389095,77494
33,20317.389095,79980
34,20317.389095,82463
35,20317.389095,84958
36,20317.389095,87452
37,20317.389095,89947
38,20317.389095,92433
39,20317.389095,94920
40,20297.658524,97413
41,20176.927744,99908
42,20176.927744,102408
43,20176.927744,104906
44,20176.927744,107414
45,20176.927744,109933
46,20176.927744,112438
47,20176.927744,114938
48,20176.927744,117425
49,20176.927744,119907
50,20176.927744,122381
51,20176.927744,124858
52,20176.927744,127338
53,20176.927744,129822
54,20176.927744,132304
55,20176.927744,134776
56,20176.927744,137253
57,20176.927744,139733
58,20176.927744,142214
59,20176.927744,144696
60,20175.126308,147177
61,20175.126308,149658
62,20175.126308,152148
63,20175.126308,154639
64,20175.126308,157115
65,20175.126308,159592
66,20175.126308,162060
67,20175.126308,164535
68,20175.126308,167009
69,20175.126308,169494
70,20175.126308,171968
71,20175.126308,174445
72,20175.126308,176907
73,20175.126308,179352
74,20175.126308,181797
75,20175.126308,184242
76,20175.126308,186686
77,20175.126308,189129
78,20175.126308,191570
79,20175.126308,194013
80,20175.126308,196458
81,20175.126308,198887
82,20175.126308,201315
83,20175.126308,203747
84,20175.126308,206186
85,20175.126308,208624
86,20175.126308,211067
87,20175.126308,213517
88,20175.126308,215973
89,20175.126308,218420
90,20175.126308,220877
91,20175.126308,223342
92,20175.126308,225815
93,20175.126308,228282
94,20175.126308,230753
95,20175.126308,233213
96,20175.126308,235674
97,20175.126308,238140
98,20175.126308,240616
99,20175.126308,243100
100,20175.126308,245559
101,20175.126308,248007
102,20175.126308,250455
103,20175.126308,252907
104,20175.126308,255343
105,20175.126308,257796
106,20175.126308,260232
107,20175.126308,262670
108,20175.126308,265109
109,20175.126308,267549
110,20175.126308,269975
111,20175.126308,272413
112,20175.126308,274854
113,20175.126308,277296
114,20175.126308,279735
115,20175.126308,282164
116,20175.126308,284592
117,20175.126308,287017
118,20175.126308,289438
119,20175.126308,291859
120,20175.126308,294283
121,20175.126308,296711
122,20175.126308,299123
123,20175.126308,301536
124,20175.126308,303944
125,20175.126308,306357
126,20175.126308,308772
127,20175.126308,311206
128,20175.126308,313627
129,20175.126308,316033
130,20175.126308,318442
131,20175.126308,320851
132,20175.126308,323259
133,20175.126308,325668
134,20175.126308,328076
135,20175.126308,330481
136,20175.126308,332889
137,20175.126308,335297
138,20175.126308,337704
139,20175.126308,340117
140,20175.126308,342520
141,20175.126308,344923
142,20175.126308,347317
143,20175.126308,349711
144,20175.126308,352105
145,20175.126308,354499
146,20175.126308,356893
147,20175.126308,359281
148,20175.126308,361675
149,20175.126308,364070
150,20175.126308,366454
151,20175.126308,368848
152,20175.126308,371232
153,20175.126308,373616
154,20175.126308,376000
155,20175.126308,378378
156,20175.126308,380756
157,20175.126308,383134
158,20175.126308,385513
159,20175.126308,387891
160,20175.126308,390269
161,20175.126308,392647
162,20175.126308,395025
163,20175.126308,397406
164,20175.126308,399792
165,20175.126308,402184
166,20175.126308,404576
167,20175.126308,406962
168,20175.126308,409347
169,20175.126308,411734
170,20175.126308,414120
171,20175.126308,416500
172,20175.126308,418880
173,20175.126308,421260
174,20175.126308,423641
175,20175.126308,426022
176,20175.126308,428402
177,20175.126308,430782
178,20175.126308,433161
179,20175.126308,435540
180,20175.126308,437919
181,20175.126308,440297
182,20175.126308,442675
183,20175.126308,445053
184,20175.126308,447431
185,20175.126308,449809
186,20175.126308,452187
187,20175.126308,454564
188,20175.126308,456941
189,20175.126308,459321
190,20175.126308,461707
191,20175.126308,464093
192,20175.126308,466470
193,20175.126308,468847
194,20175.126308,471223
195,20175.126308,473599
196,20175.126308,475975
197,20175.126308,478351
198,20175.126308,480728
199,20175.126308,483116
200,20175.126308,485506
201,20175.126308,487898
202,20175.126308,490274
203,20175.126308,492650
204,20175.126308,495029
205,20175.126308,497416
206,20175.126308,499808
207,20175.126308,502184
208,20175.126308,504560
209,20175.126308,506936
210,20175.126308,509312
211,20175.126308,511688
212,20175.126308,514064
213,20175.126308,516450
214,20175.126308,518850
215,20175.126308,521240
216,20175.126308,523634
217,20175.126308,526024
218,20175.126308,528414
219,20175.126308,530790
220,20175.126308,533166
221,20175.126308,535542
222,20175.126308,537918
223,20175.126308,540296
224,20175.126308,542688
225,20175.126308,545089
226,20175.126308,547491
227,20175.126308,549893
228,20175.126308,552271
229,20175.126308,554649
230,20175.126308,557028
231,20175.126308,559407
232,20175.126308,561786
233,20175.126308,564169
234,20175.126308,566559
235,20175.126308,568947
236,20175.126308,571335
237,20175.126308,573714
238,20175.126308,576094
239,20175.126308,578473
240,20175.126308,580853
241,20175.126308,583238
242,20175.126308,585626
243,20175.126308,588014
244,20175.126308,590402
245,20175.126308,592789
246,20175.126308,595167
247,20175.126308,597545
248,20175.126308,599923
249,20175.126308,602301
250,20175.126308,604679
251,20175.126308,607061
252,20175.126308,609443
253,20175.126308,611824
254,20175.126308,614200
255,20175.126308,616576
256,20175.126308,618952
257,20175.126308,621328
258,20175.126308,623709
259,20175.126308,626099
260,20175.126308,628475
261,20175.126308,630851
262,20175.126308,633228
263,20175.126308,635610
264,20175.126308,638005
265,20175.126308,640410
266,20175.126308,642799
267,20175.126308,645189
268,20175.126308,647579
269,20175.126308,649969
270,20175.126308,652345
271,20175.126308,654721
272,20175.126308,657097
273,20175.126308,659473
274,20175.126308,661849
275,20175.126308,664225
276,20175.126308,666601
277,20174.146690,668977
278,20174.146690,671356
279,20174.146690,673742
280,20174.146690,676128
281,20174.146690,678514
282,20174.146690,680890
283,20174.146690,683267
284,20174.146690,685652
285,20174.146690,688037
286,20174.146690,690421
287,20174.146690,692797
288,20174.146690,695179
289,20174.146690,697566
290,20174.146690,699942
291,20174.146690,702318
292,20174.146690,704694
293,20174.146690,707077
294,20174.146690,709461
295,20174.146690,711848
20174.146690,45.933983
1,20463.254551,2376
2,20444.543340,4752
3,20425.471912,7128
4,20414.005505,9504
5,20394.107434,11880
6,20382.492634,14256
7,20368.214823,16633
8,20368.214823,19012
9,20368.214823,21389
10,20368.214823,23768
11,20368.214823,26153
12,20368.214823,28548
13,20368.214823,30959
14,20368.214823,33380
15,20368.214823,35807
16,20368.214823,38240
17,20368.214823,40676
18,20368.214823,43120
19,20368.214823,45571
20,20368.214823,48026
21,20368.214823,50482
22,20368.214823,52942
23,20368.214823,55405
24,20368.214823,57865
25,20368.214823,60327
26,20368.214823,62796
27,20368.214823,65272
28,20368.214823,67746
29,20368.214823,70231
30,20368.214823,72722
31,20368.214823,75222
32,20368.214823,77725
33,20368.214823,80221
34,20368.214823,82706
35,20368.214823,85197
36,20368.214823,87677
37,20368.214823,90186
38,20368.214823,92693
39,20368.214823,95200
40,20368.214823,97698
41,20368.214823,100201
42,20368.214823,102709
43,20368.214823,105214
44,20368.214823,107721
45,20368.214823,110229
46,20368.214823,112737
47,20368.214823,115244
48,20368.214823,117751
49,20368.214823,120255
50,20368.214823,122737
51,20368.214823,125219
52,20368.214823,127700
53,20368.214823,130175
54,20368.214823,132651
55,20368.214823,135142
56,20368.214823,137637
57,20368.214823,140120
58,20368.214823,142607
59,20368.214823,145080
60,20368.214823,147552
61,20368.214823,150028
62,20368.214823,152514
63,20368.214823,155003
64,20368.214823,157491
65,20368.214823,159983
66,20368.214823,162474
67,20368.214823,164965
68,20368.214823,167457
69,20368.214823,169936
70,20368.214823,172416
71,20368.214823,174899
72,20368.214823,177393
73,20368.214823,179883
74,20368.214823,182376
75,20368.214823,184887
76,20368.214823,187407
77,20368.214823,189909
78,20368.214823,192400
79,20368.214823,194898
80,20368.214823,197396
81,20368.214823,199892
82,20368.214823,202389
83,20368.214823,204886
84,20368.214823,207385
85,20368.214823,209882
86,20368.214823,212381
87,20368.214823,214880
88,20368.214823,217382
89,20368.214823,219874
90,20368.214823,222368
91,20368.214823,224865
92,20368.214823,227367
93,20368.214823,229855
94,20368.214823,232341
95,20368.214823,234833
96,20368.214823,237333
97,20368.214823,239845
98,20368.214823,242357
99,20368.214823,244866
100,20368.214823,247368
101,20368.214823,249859
102,20368.214823,252357
103,20368.214823,254849
104,20368.214823,257344
105,20368.214823,259838
106,20368.214823,262296
107,20368.214823,264755
108,20368.214823,267215
109,20368.214823,269666
110,20368.214823,272096
111,20368.214823,274540
112,20368.214823,276976
113,20368.214823,279419
114,20368.214823,281868
115,20368.214823,284319
116,20368.214823,286756
117,20368.214823,289178
118,20368.214823,291607
119,20368.214823,294028
120,20368.214823,296454
121,20368.214823,298881
122,20368.214823,301291
123,20368.214823,303689
124,20368.214823,306078
125,20368.214823,308472
126,20368.214823,310861
127,20368.214823,313256
128,20368.214823,315656
129,20368.214823,318054
130,20368.214823,320445
131,20368.214823,322836
132,20368.214823,325227
133,20368.214823,327617
134,20368.214823,330011
135,20368.214823,332406
136,20368.214823,334803
137,20368.214823,337195
138,20368.214823,339586
139,20368.214823,341977
140,20368.214823,344368
141,20368.214823,346759
142,20368.214823,349161
143,20368.214823,351565
144,20368.214823,353955
145,20368.214823,356345
146,20368.214823,358743
147,20368.214823,361160
148,20368.214823,363573
149,20368.214823,365969
150,20368.214823,368352
151,20368.214823,370735
152,20368.214823,373117
153,20368.214823,375501
154,20368.214823,377895
155,20368.214823,380283
156,20368.214823,382672
157,20368.214823,385061
158,20368.214823,387451
159,20368.214823,389843
160,20368.214823,392240
161,20368.214823,394647
162,20368.214823,397057
163,20368.214823,399451
164,20368.214823,401831
165,20368.214823,404212
166,20368.214823,406597
167,20368.214823,408994
168,20368.214823,411390
169,20368.214823,413770
170,20368.214823,416149
171,20368.214823,418528
172,20368.214823,420906
173,20368.214823,423284
174,20368.214823,425664
175,20368.214823,428057
176,20368.214823,430467
177,20368.214823,432880
178,20368.214823,435293
179,20368.214823,437670
180,20368.214823,440048
181,20368.214823,442426
182,20368.214823,444804
183,20368.214823,447182
184,20368.214823,449560
185,20368.214823,451938
186,20368.214823,454315
187,20368.214823,456692
188,20368.214823,459069
189,20368.214823,461446
190,20368.214823,463822
191,20368.214823,466198
192,20368.214823,468574
193,20368.214823,470950
194,20368.214823,473326
195,20368.214823,475710
196,20368.214823,478099
197,20368.214823,480492
198,20368.214823,482892
199,20368.214823,485295
200,20368.214823,487671
201,20368.214823,490048
202,20368.214823,492426
203,20368.214823,494809
204,20368.214823,497198
205,20368.214823,499592
206,20368.214823,501986
207,20368.214823,504364
208,20368.214823,506742
209,20368.214823,509120
210,20368.214823,511500
211,20368.214823,513890
212,20368.214823,516282
213,20368.214823,518674
214,20368.214823,521063
215,20368.214823,523454
216,20368.214823,525837
217,20368.214823,528226
218,20368.214823,530616
219,20368.214823,532993
220,20368.214823,535369
221,20368.214823,537746
222,20368.214823,540136
223,20368.214823,542529
224,20368.214823,544922
225,20368.214823,547303
226,20368.214823,549684
227,20368.214823,552065
228,20368.214823,554444
229,20368.214823,556820
230,20368.214823,559196
231,20368.214823,561572
232,20368.214823,563948
233,20368.214823,566329
234,20368.214823,568721
235,20368.214823,571101
236,20368.214823,573492
237,20368.214823,575884
238,20368.214823,578261
239,20368.214823,580639
240,20368.214823,583015
241,20368.214823,585397
242,20368.214823,587792
243,20368.214823,590189
244,20368.214823,592570
245,20368.214823,594949
246,20368.214823,597333
247,20368.214823,599727
248,20368.214823,602120
249,20368.214823,604496
250,20368.214823,606872
251,20368.214823,609250
252,20368.214823,611638
253,20368.214823,614029
254,20368.214823,616405
255,20368.214823,618781
256,20368.214823,621157
257,20368.214823,623533
258,20368.214823,625909
259,20368.214823,628285
260,20368.214823,630661
261,20368.214823,633037
262,20368.214823,635413
263,20368.214823,637789
264,20368.214823,640165
265,20368.214823,642541
266,20368.214823,644917
267,20368.214823,647293
268,20368.214823,649669
269,20368.214823,652045
270,20368.214823,654421
271,20368.214823,656797
272,20368.214823,659173
273,20368.214823,661549
274,20368.214823,663925
275,20368.214823,666301
276,20368.214823,668677
277,20368.214823,671053
278,20368.214823,673429
279,20368.214823,675805
280,20368.214823,678186
281,20368.214823,680575
282,20368.214823,682967
283,20368.214823,685360
284,20368.214823,687736
285,20368.214823,690112
286,20368.214823,692488
287,20368.214823,694864
288,20368.214823,697240
289,20368.214823,699616
290,20368.214823,701992
291,20368.214823,704368
292,20368.214823,706744
293,20368.214823,709120
294,20368.214823,711496
20368.214823,45.859277
1,20459.252811,2376
2,20447.241793,4752
3,20431.264287,7128
4,20418.218075,9504
5,20393.006798,11882
6,20375.544959,14264
7,20371.746819,16650
8,20341.998809,19042
9,20327.028029,21436
10,20305.241957,23845
11,20291.711908,26258
12,20286.235217,28689
13,20284.789134,31129
14,20261.406881,33584
15,20248.600772,36043
16,20248.600772,38523
17,20248.600772,41016
18,20248.600772,43510
19,20248.600772,46015
20,20248.600772,48520
21,20248.600772,51031
22,20248.600772,53541
23,20248.600772,56054
24,20248.600772,58570
25,20248.600772,61086
26,20248.600772,63598
27,20248.600772,66112
28,20248.600772,68642
29,20248.600772,71178
30,20248.600772,73703
31,20248.600772,76216
32,20248.600772,78733
33,20248.600772,81261
34,20248.600772,83797
35,20248.600772,86341
36,20248.600772,88857
37,20248.600772,91368
38,20248.600772,93871
39,20248.600772,96387
40,20248.600772,98909
41,20248.600772,101447
42,20248.600772,103975
43,20248.600772,106495
44,20248.600772,109009
45,20248.600772,111523
46,20248.600772,114034
47,20248.600772,116535
48,20248.600772,119039
49,20248.600772,121540
50,20248.600772,124043
51,20248.600772,126553
52,20248.600772,129070
53,20248.600772,131577
54,20248.600772,134090
55,20248.600772,136605
56,20248.600772,139093
57,20248.600772,141585
58,20248.600772,144068
59,20248.600772,146551
60,20248.600772,149039
61,20248.600772,151534
62,20248.600772,154015
63,20248.600772,156494
64,20248.600772,158964
65,20248.600772,161456
66,20248.600772,163959
67,20248.600772,166448
68,20248.600772,168913
69,20248.600772,171354
70,20248.600772,173783
71,20248.600772,176198
72,20248.600772,178615
73,20248.600772,181034
74,20248.600772,183453
75,20248.600772,185870
76,20248.600772,188290
77,20248.600772,190701
78,20248.600772,193120
79,20248.600772,195545
80,20248.600772,197976
81,20248.600772,200418
82,20248.600772,202852
83,20248.600772,205272
84,20248.600772,207684
85,20248.600772,210116
86,20248.600772,212526
87,20248.600772,214944
88,20248.600772,217348
89,20248.600772,219738
90,20248.600772,222130
91,20248.600772,224520
92,20248.600772,226910
93,20248.600772,229306
94,20248.600772,231708
95,20248.600772,234110
96,20248.600772,236511
97,20248.600772,238893
98,20248.600772,241275
99,20248.600772,243658
100,20248.600772,246041
101,20248.600772,248424
102,20248.600772,250807
103,20248.600772,253189
104,20248.600772,255571
105,20248.600772,257953
106,20248.600772,260336
107,20248.600772,262728
108,20248.600772,265122
109,20248.600772,267504
110,20248.600772,269886
111,20248.600772,272268
112,20248.600772,274647
113,20248.600772,277027
114,20248.600772,279407
115,20248.600772,281790
116,20248.600772,284181
117,20248.600772,286573
118,20248.600772,288953
119,20248.600772,291333
120,20248.600772,293712
121,20248.600772,296094
122,20248.600772,298488
123,20248.600772,300887
124,20248.600772,303296
125,20248.600772,305698
126,20248.600772,308093
127,20248.600772,310488
128,20248.600772,312870
129,20248.600772,315257
130,20248.600772,317656
131,20248.600772,320055
132,20248.600772,322442
133,20248.600772,324831
134,20248.600772,327220
135,20248.600772,329615
136,20248.600772,332013
137,20248.600772,334406
138,20248.600772,336795
139,20248.600772,339177
140,20248.600772,341559
141,20248.600772,343941
142,20248.600772,346323
143,20248.600772,348704
144,20248.600772,351086
145,20248.600772,353468
146,20248.600772,355852
147,20248.600772,358240
148,20248.600772,360635
149,20248.600772,363040
150,20248.600772,365455
151,20248.600772,367855
152,20248.600772,370244
153,20248.600772,372634
154,20248.600772,375019
155,20248.600772,377405
156,20248.600772,379798
157,20248.600772,382193
158,20248.600772,384588
159,20248.600772,386980
160,20248.600772,389375
161,20248.600772,391758
162,20248.600772,394143
163,20248.600772,396529
164,20248.600772,398919
165,20248.600772,401314
166,20248.600772,403712
167,20248.600772,406098
168,20248.600772,408474
169,20248.600772,410850
170,20248.600772,413228
171,20248.600772,415613
172,20248.600772,417998
173,20248.600772,420374
174,20248.600772,422750
175,20248.600772,425126
176,20248.600772,427502
177,20248.600772,429878
178,20248.600772,432255
179,20248.600772,434639
180,20248.600772,437025
181,20248.600772,439401
182,20248.600772,441779
183,20248.600772,444160
184,20248.600772,446536
185,20248.600772,448912
186,20248.600772,451296
187,20248.600772,453695
188,20248.600772,456091
189,20248.600772,458496
190,20248.600772,460891
191,20248.600772,463294
192,20248.600772,465681
193,20248.600772,468059
194,20248.600772,470437
195,20248.600772,472815
196,20248.600772,475193
197,20248.600772,477571
198,20248.600772,479952
199,20248.600772,482340
200,20248.600772,484736
201,20248.600772,487133
202,20248.600772,489519
203,20248.600772,491907
204,20248.600772,494292
205,20248.600772,496679
206,20248.600772,499057
207,20248.600772,501435
208,20248.600772,503813
209,20248.600772,506192
210,20248.600772,508578
211,20248.600772,510972
212,20248.600772,513374
213,20248.600772,515763
214,20248.600772,518157
215,20248.600772,520552
216,20248.600772,522929
217,20248.600772,525306
218,20248.600772,527683
219,20248.600772,530060
220,20248.600772,532437
221,20248.600772,534814
222,20248.600772,537191
223,20248.600772,539568
224,20248.600772,541945
225,20248.600772,544322
226,20248.600772,546698
227,20248.600772,549075
228,20248.600772,551452
229,20248.600772,553829
230,20248.600772,556206
231,20248.600772,558584
232,20248.600772,560962
233,20248.600772,563340
234,20248.600772,565719
235,20248.600772,568098
236,20248.600772,570477
237,20248.600772,572853
238,20248.600772,575230
239,20248.600772,577614
240,20248.600772,580003
241,20248.600772,582379
242,20248.600772,584755
243,20248.600772,587131
244,20248.600772,589507
245,20248.600772,591883
246,20248.600772,594259
247,20248.600772,596635
248,20248.600772,599011
249,20248.600772,601389
250,20248.600772,603777
251,20248.600772,606168
252,20248.600772,608549
253,20248.600772,610941
254,20248.600772,613332
255,20248.600772,615723
256,20248.600772,618099
257,20248.600772,620482
258,20248.600772,622876
259,20248.600772,625276
260,20248.600772,627652
261,20248.600772,630028
262,20248.600772,632404
263,20248.600772,634791
264,20248.600772,637194
265,20248.600772,639600
266,20248.600772,641976
267,20248.600772,644352
268,20248.600772,646728
269,20248.600772,649104
270,20248.600772,651480
271,20248.600772,653856
272,20248.600772,656234
273,20248.600772,658618
274,20248.600772,660994
275,20248.600772,663370
276,20248.600772,665750
277,20248.600772,668139
278,20248.600772,670535
279,20248.600772,672926
280,20248.600772,675319
281,20248.600772,677695
282,20248.600772,680071
283,20248.600772,682449
284,20248.600772,684834
285,20248.600772,687219
286,20248.600772,689595
287,20248.600772,691971
288,20248.600772,694347
289,20248.600772,696723
290,20248.600772,699099
291,20248.600772,701475
292,20248.600772,703851
293,20248.600772,706227
294,20248.600772,708603
295,20248.600772,710979
20248.600772,45.645278
1,20456.225749,2376
2,20452.193805,4752
3,20429.904727,7128
4,20414.437330,9504
5,20399.968745,11880
6,20398.860061,14256
7,20398.860061,16632
8,20398.860061,19022
9,20398.860061,21414
10,20398.860061,23813
11,20398.860061,26213
12,20398.860061,28622
13,20398.860061,31024
14,20398.860061,33434
15,20398.860061,35850
16,20398.860061,38268
17,20398.860061,40693
18,20398.860061,43124
19,20398.860061,45559
20,20398.860061,47992
21,20398.860061,50431
22,20398.860061,52877
23,20398.860061,55325
24,20398.860061,57776
25,20398.860061,60233
26,20398.860061,62688
27,20398.860061,65150
28,20398.860061,67611
29,20398.860061,70069
30,20398.860061,72527
31,20398.860061,74985
32,20398.860061,77441
33,20398.860061,79913
34,20398.860061,82395
35,20398.860061,84866
36,20398.860061,87344
37,20398.860061,89828
38,20398.860061,92323
39,20398.860061,94818
40,20398.860061,97315
41,20398.860061,99803
42,20398.860061,102294
43,20398.860061,104781
44,20398.860061,107271
45,20398.860061,109759
46,20398.860061,112250
47,20398.860061,114742
48,20398.860061,117232
49,20398.860061,119726
50,20398.860061,122222
51,20398.860061,124714
52,20398.860061,127208
53,20398.860061,129693
54,20398.860061,132179
55,20398.860061,134666
56,20398.860061,137152
57,20398.860061,139639
58,20398.860061,142126
59,20398.860061,144611
60,20398.860061,147097
61,20398.860061,149582
62,20398.860061,152043
63,20398.860061,154512
64,20398.860061,156972
65,20398.860061,159441
66,20398.860061,161919
67,20398.860061,164400
68,20398.860061,166864
69,20398.860061,169319
70,20398.860061,171786
71,20398.860061,174241
72,20398.860061,176696
73,20398.860061,179150
74,20398.860061,181601
75,20398.860061,184058
76,20398.860061,186512
77,20398.860061,188967
78,20398.860061,191423
79,20398.860061,193881
80,20398.860061,196337
81,20398.860061,198791
82,20398.860061,201241
83,20398.860061,203686
84,20398.860061,206125
85,20398.860061,208578
86,20398.860061,211018
87,20398.860061,213471
88,20398.860061,215910
89,20398.860061,218349
90,20398.860061,220789
91,20398.860061,223230
92,20398.860061,225671
93,20398.860061,228109
94,20398.860061,230546
95,20398.860061,232985
96,20398.860061,235425
97,20398.860061,237869
98,20398.860061,240311
99,20398.860061,242759
100,20398.860061,245208
101,20398.860061,247650
102,20398.860061,250081
103,20398.860061,252512
104,20398.860061,254944
105,20398.860061,257368
106,20398.860061,259796
107,20398.860061,262228
108,20398.860061,264660
109,20398.860061,267093
110,20398.860061,269527
111,20398.860061,271960
112,20398.860061,274384
113,20398.860061,276808
114,20398.860061,279225
115,20398.860061,281642
116,20398.860061,284057
117,20398.860061,286473
118,20398.860061,288890
119,20398.860061,291308
120,20398.860061,293725
121,20398.860061,296140
122,20398.860061,298554
123,20398.860061,300970
124,20398.860061,303387
125,20398.860061,305802
126,20398.860061,308218
127,20398.860061,310634
128,20398.860061,313041
129,20398.860061,315455
130,20398.860061,317885
131,20398.860061,320315
132,20398.860061,322744
133,20398.860061,325174
134,20398.860061,327590
135,20398.860061,329999
136,20398.860061,332409
137,20398.860061,334826
138,20398.860061,337245
139,20398.860061,339662
140,20398.860061,342074
141,20398.860061,344486
142,20398.860061,346899
143,20398.860061,349313
144,20398.860061,351726
145,20398.860061,354144
146,20398.860061,356571
147,20398.860061,359001
148,20398.860061,361441
149,20398.860061,363880
150,20398.860061,366321
151,20398.860061,368752
152,20398.860061,371181
153,20398.860061,373608
154,20398.860061,376027
155,20398.860061,378452
156,20398.860061,380880
157,20398.860061,383311
158,20398.860061,385746
159,20398.860061,388181
160,20398.860061,390607
161,20398.860061,393019
162,20398.860061,395436
163,20398.860061,397849
164,20398.860061,400268
165,20398.860061,402677
166,20398.860061,405086
167,20398.860061,407481
168,20398.860061,409875
169,20398.860061,412269
170,20398.860061,414663
171,20398.860061,417047
172,20398.860061,419431
173,20398.860061,421814
174,20398.860061,424198
175,20398.860061,426582
176,20398.860061,428966
177,20398.860061,431350
178,20398.860061,433734
179,20398.860061,436119
180,20398.860061,438513
181,20398.860061,440913
182,20398.860061,443326
183,20398.860061,445742
184,20398.860061,448143
185,20398.860061,450544
186,20398.860061,452946
187,20398.860061,455348
188,20398.860061,457752
189,20398.860061,460150
190,20398.860061,462553
191,20398.860061,464943
192,20398.860061,467340
193,20398.860061,469734
194,20398.860061,472128
195,20398.860061,474524
196,20398.860061,476920
197,20398.860061,479310
198,20398.860061,481698
199,20398.860061,484085
200,20398.860061,486472
201,20398.860061,488870
202,20398.860061,491266
203,20398.860061,493665
204,20398.860061,496064
205,20398.860061,498463
206,20398.860061,500850
207,20398.860061,503238
208,20398.860061,505625
209,20398.860061,508012
210,20398.860061,510400
211,20398.860061,512789
212,20398.860061,515179
213,20398.860061,517568
214,20398.860061,519957
215,20398.860061,522352
216,20398.860061,524746
217,20398.860061,527140
218,20398.860061,529535
219,20398.860061,531931
220,20398.860061,534326
221,20398.860061,536723
222,20398.860061,539119
223,20398.860061,541509
224,20398.860061,543901
225,20398.860061,546293
226,20398.860061,548684
227,20398.860061,551073
228,20398.860061,553465
229,20398.860061,555857
230,20398.860061,558248
231,20398.860061,560639
232,20398.860061,563031
233,20398.860061,565422
234,20398.860061,567817
235,20398.860061,570217
236,20398.860061,572619
237,20398.860061,575019
238,20398.860061,577411
239,20398.860061,579806
240,20398.860061,582209
241,20398.860061,584613
242,20398.860061,587002
243,20398.860061,589383
244,20398.860061,591765
245,20398.860061,594147
246,20398.860061,596530
247,20398.860061,598913
248,20398.860061,601295
249,20398.860061,603678
250,20398.860061,606061
251,20398.860061,608445
252,20398.860061,610827
253,20398.860061,613210
254,20398.860061,615592
255,20398.860061,617974
256,20398.860061,620357
257,20398.860061,622739
258,20398.860061,625121
259,20398.860061,627504
260,20398.860061,629887
261,20398.860061,632271
262,20398.860061,634664
263,20398.860061,637069
264,20398.860061,639478
265,20398.860061,641887
266,20398.860061,644282
267,20398.860061,646677
268,20398.860061,649060
269,20398.860061,651444
270,20398.860061,653829
271,20398.860061,656216
272,20398.860061,658601
273,20398.860061,660988
274,20398.860061,663375
275,20398.860061,665762
276,20398.860061,668152
277,20398.860061,670543
278,20398.860061,672936
279,20398.860061,675327
280,20398.860061,677718
281,20398.860061,680094
282,20398.860061,682471
283,20398.860061,684862
284,20398.860061,687255
285,20398.860061,689631
286,20398.860061,692007
287,20398.860061,694384
288,20398.860061,696766
289,20398.860061,699148
290,20398.860061,701530
291,20398.860061,703912
292,20398.860061,706294
293,20398.860061,708676
294,20398.860061,711058
20398.860061,46.168123
1,20469.900959,2376
2,20447.022696,4752
3,20430.266292,7128
4,20422.554100,9504
5,20422.554100,11881
6,20422.554100,14258
7,20362.162036,16635
8,20330.918393,19013
9,20330.918393,21390
10,20321.413101,23772
11,20283.609588,26160
12,20270.044539,28554
13,20243.592234,30952
14,20237.228056,33348
15,20228.335743,35749
16,20227.199803,38149
17,20224.612976,40555
18,20220.579904,42971
19,20215.566863,45393
20,20215.179109,47823
21,20213.449665,50252
22,20213.026896,52693
23,20212.777209,55137
24,20212.659387,57585
25,20212.518332,60036
26,20212.500673,62486
27,20212.364660,64938
28,20208.601513,67391
29,20185.195480,69846
30,20182.596188,72304
31,20182.596188,74763
32,20181.099830,77210
33,20176.102768,79662
34,20175.322901,82117
35,20175.322901,84588
36,20175.322901,87062
37,20175.322901,89531
38,20175.322901,92006
39,20175.322901,94480
40,20175.322901,96958
41,20175.322901,99441
42,20175.322901,101931
43,20175.322901,104420
44,20175.322901,106911
45,20175.322901,109401
46,20175.322901,111892
47,20175.322901,114382
48,20175.322901,116876
49,20175.322901,119370
50,20175.322901,121865
51,20175.322901,124354
52,20175.322901,126848
53,20175.322901,129349
54,20175.322901,131864
55,20175.322901,134370
56,20175.322901,136868
57,20175.322901,139364
58,20175.322901,141865
59,20175.322901,144372
60,20175.322901,146889
61,20175.322901,149412
62,20175.322901,151940
63,20175.322901,154451
64,20175.322901,156961
65,20175.322901,159472
66,20175.322901,161984
67,20175.322901,164487
68,20175.322901,166986
69,20175.322901,169485
70,20175.322901,171988
71,20175.322901,174488
72,20175.322901,176962
73,20175.322901,179433
74,20175.322901,181901
75,20175.322901,184368
76,20175.322901,186852
77,20175.322901,189354
78,20175.322901,191833
79,20175.322901,194292
80,20175.322901,196747
81,20175.322901,199217
82,20175.322901,201676
83,20175.322901,204141
84,20175.322901,206603
85,20175.322901,209062
86,20175.322901,211533
87,20175.322901,213999
88,20175.322901,216441
89,20175.322901,218899
90,20175.322901,221368
91,20175.322901,223816
92,20175.322901,226252
93,20175.322901,228688
94,20175.322901,231125
95,20175.322901,233561
96,20175.322901,235993
97,20175.322901,238426
98,20175.322901,240859
99,20175.322901,243296
100,20175.322901,245733
101,20175.322901,248154
102,20175.322901,250552
103,20175.322901,252948
104,20175.322901,255345
105,20175.322901,257742
106,20175.322901,260140
107,20175.322901,262539
108,20175.322901,264944
109,20175.322901,267354
110,20175.322901,269766
111,20175.322901,272178
112,20175.322901,274577
113,20175.322901,276975
114,20175.322901,279378
115,20175.322901,281784
116,20175.322901,284192
117,20175.322901,286601
118,20175.322901,289011
119,20175.322901,291436
120,20175.322901,293860
121,20175.322901,296264
122,20175.322901,298659
123,20175.322901,301055
124,20175.322901,303458
125,20175.322901,305872
126,20175.322901,308285
127,20175.322901,310680
128,20175.322901,313073
129,20175.322901,315454
130,20175.322901,317841
131,20175.322901,320235
132,20175.322901,322630
133,20175.322901,325011
134,20175.322901,327393
135,20175.322901,329778
136,20175.322901,332167
137,20175.322901,334546
138,20175.322901,336927
139,20175.322901,339309
140,20175.322901,341694
141,20175.322901,344089
142,20175.322901,346487
143,20175.322901,348876
144,20175.322901,351264
145,20175.322901,353653
146,20175.322901,356035
147,20175.322901,358417
148,20175.322901,360799
149,20175.322901,363175
150,20175.322901,365551
151,20175.322901,367933
152,20175.322901,370321
153,20175.322901,372713
154,20175.322901,375095
155,20175.322901,377486
156,20175.322901,379878
157,20175.322901,382254
158,20175.322901,384630
159,20175.322901,387006
160,20175.322901,389382
161,20175.322901,391758
162,20175.322901,394138
163,20175.322901,396525
164,20175.322901,398914
165,20175.322901,401290
166,20175.322901,403666
167,20175.322901,406042
168,20175.322901,408418
169,20175.322901,410796
170,20175.322901,413178
171,20175.322901,415560
172,20175.322901,417938
173,20175.322901,420326
174,20175.322901,422713
175,20175.322901,425102
176,20175.322901,427478
177,20175.322901,429854
178,20175.322901,432230
179,20175.322901,434606
180,20175.322901,436982
181,20175.322901,439358
182,20175.322901,441734
183,20175.322901,444110
184,20175.322901,446486
185,20175.322901,448862
186,20175.322901,451238
187,20175.322901,453621
188,20175.322901,456006
189,20175.322901,458391
190,20175.322901,460776
191,20175.322901,463160
192,20175.322901,465536
193,20175.322901,467912
194,20175.322901,470288
195,20175.322901,472665
196,20175.322901,475048
197,20175.322901,477432
198,20175.322901,479808
199,20175.322901,482184
200,20175.322901,484564
201,20175.322901,486949
202,20175.322901,489338
203,20175.322901,491734
204,20175.322901,494119
205,20175.322901,496504
206,20175.322901,498880
207,20175.322901,501257
208,20175.322901,503638
209,20175.322901,506019
210,20175.322901,508401
211,20175.322901,510785
212,20175.322901,513168
213,20175.322901,515552
214,20175.322901,517936
215,20175.322901,520320
216,20175.322901,522704
217,20175.322901,525088
218,20175.322901,527476
219,20175.322901,529876
220,20175.322901,532289
221,20175.322901,534709
222,20175.322901,537115
223,20175.322901,539516
224,20175.322901,541912
225,20175.322901,544294
226,20175.322901,546686
227,20175.322901,549074
228,20175.322901,551453
229,20175.322901,553831
230,20175.322901,556210
231,20175.322901,558595
232,20175.322901,560982
233,20175.322901,563362
234,20175.322901,565743
235,20175.322901,568123
236,20175.322901,570503
237,20175.322901,572883
238,20175.322901,575263
239,20175.322901,577645
240,20175.322901,580036
241,20175.322901,582428
242,20175.322901,584807
243,20175.322901,587185
244,20175.322901,589564
245,20175.322901,591942
246,20175.322901,594321
247,20175.322901,596699
248,20175.322901,599078
249,20175.322901,601457
250,20175.322901,603835
251,20175.322901,606216
252,20175.322901,608605
253,20175.322901,610983
254,20175.322901,613361
255,20175.322901,615739
256,20175.322901,618120
257,20175.322901,620506
258,20175.322901,622892
259,20175.322901,625279
260,20175.322901,627657
261,20175.322901,630035
262,20175.322901,632413
263,20175.322901,634791
264,20175.322901,637169
265,20175.322901,639546
266,20175.322901,641923
267,20175.322901,644300
268,20175.322901,646678
269,20175.322901,649055
270,20175.322901,651432
271,20175.322901,653809
272,20175.322901,656186
273,20175.322901,658563
274,20175.322901,660940
275,20175.322901,663317
276,20175.322901,665694
277,20175.322901,668076
278,20175.322901,670465
279,20175.322901,672856
280,20175.322901,675236
281,20175.322901,677620
282,20175.322901,680004
283,20175.322901,682380
284,20175.322901,684756
285,20175.322901,687135
286,20175.322901,689520
287,20175.322901,691907
288,20175.322901,694283
289,20175.322901,696659
290,20175.322901,699035
291,20175.322901,701411
292,20175.322901,703787
293,20175.322901,706163
294,20175.322901,708542
295,20175.322901,710927
20175.322901,45.491821
1,20463.782042,2376
2,20445.371584,4752
3,20427.883971,7128
4,20409.577533,9504
5,20391.644615,11880
6,20372.705933,14257
7,20364.580785,16633
8,20364.580785,19009
9,20322.079971,21386
10,20298.395211,23765
11,20288.360565,26152
12,20271.172571,28547
13,20249.385019,30953
14,20239.951632,33370
15,20234.982816,35793
16,20229.037635,38223
17,20228.296758,40655
18,20228.296758,43089
19,20228.296758,45525
20,20228.296758,47958
21,20228.296758,50395
22,20228.296758,52837
23,20228.296758,55279
24,20228.296758,57723
25,20228.296758,60171
26,20228.296758,62620
27,20228.296758,65070
28,20228.296758,67523
29,20228.296758,69973
30,20228.296758,72427
31,20228.296758,74878
32,20228.296758,77340
33,20228.296758,79791
34,20228.296758,82246
35,20228.296758,84705
36,20228.296758,87152
37,20228.296758,89616
38,20228.296758,92090
39,20228.296758,94578
40,20228.296758,97065
41,20228.296758,99540
42,20228.296758,102027
43,20228.296758,104509
44,20228.296758,106998
45,20228.296758,109489
46,20228.296758,111982
47,20228.296758,114481
48,20228.296758,116973
49,20228.296758,119462
50,20228.296758,121942
51,20228.296758,124429
52,20228.296758,126904
53,20228.296758,129384
54,20228.296758,131859
55,20228.296758,134329
56,20228.296758,136784
57,20228.296758,139231
58,20228.296758,141677
59,20228.296758,144125
60,20228.296758,146577
61,20228.296758,149031
62,20228.296758,151476
63,20228.296758,153910
64,20228.296758,156349
65,20228.296758,158795
66,20228.296758,161230
67,20228.296758,163666
68,20228.296758,166113
69,20228.296758,168558
70,20228.296758,171008
71,20228.296758,173464
72,20228.296758,175907
73,20228.296758,178343
74,20228.296758,180787
75,20228.296758,183223
76,20228.296758,185661
77,20228.296758,188098
78,20228.296758,190519
79,20228.296758,192942
80,20228.296758,195371
81,20228.296758,197808
82,20228.296758,200245
83,20228.296758,202666
84,20228.296758,205087
85,20228.296758,207507
86,20228.296758,209929
87,20228.296758,212352
88,20228.296758,214770
89,20228.296758,217189
90,20228.296758,219622
91,20228.296758,222057
92,20228.296758,224493
93,20228.296758,226925
94,20228.296758,229361
95,20228.296758,231788
96,20228.296758,234217
97,20228.296758,236648
98,20228.296758,239076
99,20228.296758,241506
100,20228.296758,243944
101,20228.296758,246385
102,20228.296758,248826
103,20228.296758,251255
104,20228.296758,253685
105,20228.296758,256114
106,20228.296758,258531
107,20228.296758,260946
108,20228.296758,263367
109,20228.296758,265791
110,20228.296758,268216
111,20228.296758,270654
112,20228.296758,273083
113,20228.296758,275498
114,20228.296758,277916
115,20228.296758,280329
116,20228.296758,282749
117,20228.296758,285173
118,20228.296758,287592
119,20228.296758,290019
120,20228.296758,292456
121,20228.296758,294894
122,20228.296758,297316
123,20228.296758,299750
124,20228.296758,302185
125,20228.296758,304623
126,20228.296758,307058
127,20228.296758,309482
128,20228.296758,311906
129,20228.296758,314332
130,20228.296758,316750
131,20228.296758,319162
132,20228.296758,321584
133,20228.296758,324015
134,20228.296758,326428
135,20228.296758,328844
136,20228.296758,331265
137,20228.296758,333689
138,20228.296758,336108
139,20228.296758,338529
140,20228.296758,340953
141,20228.296758,343382
142,20228.296758,345783
143,20228.296758,348184
144,20228.296758,350584
145,20228.296758,352985
146,20228.296758,355386
147,20228.296758,357784
148,20228.296758,360167
149,20228.296758,362550
150,20228.296758,364934
151,20228.296758,367320
152,20228.296758,369705
153,20228.296758,372092
154,20228.296758,374471
155,20228.296758,376851
156,20228.296758,379230
157,20228.296758,381609
158,20228.296758,383988
159,20228.296758,386367
160,20228.296758,388746
161,20228.296758,391127
162,20228.296758,393514
163,20228.296758,395909
164,20228.296758,398303
165,20228.296758,400693
166,20228.296758,403083
167,20228.296758,405473
168,20228.296758,407852
169,20228.296758,410231
170,20228.296758,412610
171,20228.296758,414989
172,20228.296758,417368
173,20228.296758,419747
174,20228.296758,422127
175,20228.296758,424514
176,20228.296758,426908
177,20228.296758,429299
178,20228.296758,431688
179,20228.296758,434079
180,20228.296758,436458
181,20228.296758,438837
182,20228.296758,441220
183,20228.296758,443603
184,20228.296758,445987
185,20228.296758,448374
186,20228.296758,450766
187,20228.296758,453159
188,20228.296758,455551
189,20228.296758,457944
190,20228.296758,460331
191,20228.296758,462721
192,20228.296758,465104
193,20228.296758,467490
194,20228.296758,469876
195,20228.296758,472252
196,20228.296758,474628
197,20228.296758,477004
198,20228.296758,479382
199,20228.296758,481770
200,20228.296758,484161
201,20228.296758,486553
202,20228.296758,488950
203,20228.296758,491354
204,20228.296758,493754
205,20228.296758,496133
206,20228.296758,498514
207,20228.296758,500901
208,20228.296758,503287
209,20228.296758,505673
210,20228.296758,508055
211,20228.296758,510442
212,20228.296758,512825
213,20228.296758,515207
214,20228.296758,517590
215,20228.296758,519972
216,20228.296758,522355
217,20228.296758,524745
218,20228.296758,527145
219,20228.296758,529549
220,20228.296758,531949
221,20228.296758,534347
222,20228.296758,536727
223,20228.296758,539111
224,20228.296758,541500
225,20228.296758,543893
226,20228.296758,546273
227,20228.296758,548652
228,20228.296758,551030
229,20228.296758,553407
230,20228.296758,555784
231,20228.296758,558162
232,20228.296758,560540
233,20228.296758,562918
234,20228.296758,565296
235,20228.296758,567674
236,20228.296758,570051
237,20228.296758,572428
238,20228.296758,574805
239,20228.296758,577182
240,20228.296758,579559
241,20228.296758,581936
242,20228.296758,584313
243,20228.296758,586690
244,20228.296758,589067
245,20228.296758,591444
246,20228.296758,593823
247,20228.296758,596208
248,20228.296758,598602
249,20228.296758,600995
250,20228.296758,603389
251,20228.296758,605775
252,20228.296758,608161
253,20228.296758,610541
254,20228.296758,612921
255,20228.296758,615301
256,20228.296758,617686
257,20228.296758,620078
258,20228.296758,622473
259,20228.296758,624874
260,20228.296758,627265
261,20228.296758,629662
262,20228.296758,632060
263,20228.296758,634439
264,20228.296758,636818
265,20228.296758,639198
266,20228.296758,641578
267,20228.296758,643959
268,20228.296758,646339
269,20228.296758,648719
270,20228.296758,651099
271,20228.296758,653477
272,20228.296758,655855
273,20228.296758,658232
274,20228.296758,660609
275,20228.296758,662987
276,20228.296758,665370
277,20228.296758,667756
278,20228.296758,670142
279,20228.296758,672528
280,20228.296758,674916
281,20228.296758,677309
282,20228.296758,679695
283,20228.296758,682081
284,20228.296758,684467
285,20228.296758,686843
286,20228.296758,689219
287,20228.296758,691595
288,20228.296758,693971
289,20228.296758,696347
290,20228.296758,698723
291,20228.296758,701099
292,20228.296758,703475
293,20228.296758,705851
294,20228.296758,708227
295,20228.296758,710603
20228.296758,45.603289
1,20455.004786,2376
2,20453.866004,4752
3,20430.389197,7128
4,20412.267698,9504
5,20390.910502,11880
6,20379.729984,14258
7,20360.004276,16635
8,20347.652101,19012
9,20324.021030,21390
10,20309.424560,23775
11,20299.552278,26162
12,20299.552278,28563
13,20237.635197,30975
14,20232.433785,33396
15,20232.433785,35823
16,20232.433785,38257
17,20232.433785,40694
18,20232.433785,43137
19,20232.433785,45582
20,20232.433785,48032
21,20232.433785,50484
22,20232.433785,52942
23,20232.433785,55401
24,20232.433785,57860
25,20232.433785,60327
26,20232.433785,62801
27,20232.433785,65279
28,20232.433785,67763
29,20232.433785,70246
30,20232.433785,72733
31,20232.433785,75209
32,20232.433785,77687
33,20232.433785,80165
34,20232.433785,82648
35,20232.433785,85130
36,20232.433785,87614
37,20232.433785,90099
38,20232.433785,92583
39,20232.433785,95065
40,20232.433785,97530
41,20232.433785,99994
42,20232.433785,102463
43,20232.433785,104933
44,20232.433785,107400
45,20232.433785,109870
46,20232.433785,112339
47,20232.433785,114808
48,20232.433785,117276
49,20232.433785,119745
50,20232.433785,122219
51,20232.433785,124694
52,20232.433785,127168
53,20232.433785,129642
54,20232.433785,132107
55,20232.433785,134574
56,20232.433785,137042
57,20232.433785,139505
58,20232.433785,141966
59,20232.433785,144428
60,20232.433785,146889
61,20232.433785,149341
62,20232.433785,151788
63,20232.433785,154238
64,20232.433785,156679
65,20232.433785,159118
66,20232.433785,161561
67,20232.433785,164003
68,20232.433785,166447
69,20232.433785,168891
70,20232.433785,171339
71,20232.433785,173785
72,20232.433785,176234
73,20232.433785,178684
74,20232.433785,181135
75,20232.433785,183577
76,20232.433785,186019
77,20232.433785,188472
78,20232.433785,190927
79,20232.433785,193378
80,20232.433785,195830
81,20232.433785,198266
82,20232.433785,200704
83,20232.433785,203151
84,20232.433785,205598
85,20232.433785,208044
86,20232.433785,210494
87,20232.433785,212936
88,20232.433785,215385
89,20232.433785,217847
90,20232.433785,220316
91,20232.433785,222763
92,20232.433785,225216
93,20232.433785,227673
94,20232.433785,230127
95,20232.433785,232572
96,20232.433785,235016
97,20232.433785,237459
98,20232.433785,239895
99,20232.433785,242329
100,20232.433785,244763
101,20232.433785,247196
102,20232.433785,249628
103,20232.433785,252053
104,20232.433785,254476
105,20232.433785,256900
106,20232.433785,259326
107,20232.433785,261753
108,20232.433785,264182
109,20232.433785,266613
110,20232.433785,269048
111,20232.433785,271482
112,20232.433785,273918
113,20232.433785,276359
114,20232.433785,278808
115,20232.433785,281258
116,20232.433785,283709
117,20232.433785,286153
118,20232.433785,288598
119,20232.433785,291042
120,20232.433785,293489
121,20232.433785,295925
122,20232.433785,298348
123,20232.433785,300774
124,20232.433785,303200
125,20232.433785,305627
126,20232.433785,308045
127,20232.433785,310470
128,20232.433785,312893
129,20232.433785,315319
130,20232.433785,317739
131,20232.433785,320154
132,20232.433785,322565
133,20232.433785,324980
134,20232.433785,327397
135,20232.433785,329817
136,20232.433785,332240
137,20232.433785,334654
138,20232.433785,337065
139,20232.433785,339481
140,20232.433785,341899
141,20232.433785,344319
142,20232.433785,346741
143,20232.433785,349169
144,20232.433785,351603
145,20232.433785,354029
146,20232.433785,356455
147,20232.433785,358881
148,20232.433785,361302
149,20232.433785,363705
150,20232.433785,366106
151,20232.433785,368508
152,20232.433785,370903
153,20232.433785,373296
154,20232.433785,375688
155,20232.433785,378081
156,20232.433785,380480
157,20232.433785,382889
158,20232.433785,385288
159,20232.433785,387686
160,20232.433785,390086
161,20232.433785,392480
162,20232.433785,394873
163,20232.433785,397264
164,20232.433785,399656
165,20232.433785,402042
166,20232.433785,404438
167,20232.433785,406840
168,20232.433785,409241
169,20232.433785,411635
170,20232.433785,414015
171,20232.433785,416395
172,20232.433785,418775
173,20232.433785,421155
174,20232.433785,423534
175,20232.433785,425912
176,20232.433785,428290
177,20232.433785,430668
178,20232.433785,433046
179,20232.433785,435424
180,20232.433785,437802
181,20232.433785,440180
182,20232.433785,442558
183,20232.433785,444935
184,20232.433785,447312
185,20232.433785,449689
186,20232.433785,452066
187,20232.433785,454443
188,20232.433785,456820
189,20232.433785,459196
190,20232.433785,461572
191,20232.433785,463949
192,20232.433785,466329
193,20232.433785,468713
194,20232.433785,471099
195,20232.433785,473475
196,20232.433785,475851
197,20232.433785,478227
198,20232.433785,480603
199,20232.433785,482979
200,20232.433785,485355
201,20232.433785,487731
202,20232.433785,490107
203,20232.433785,492483
204,20232.433785,494859
205,20232.433785,497235
206,20232.433785,499611
207,20232.433785,501987
208,20232.433785,504364
209,20232.433785,506747
210,20232.433785,509130
211,20232.433785,511516
212,20232.433785,513903
213,20232.433785,516279
214,20232.433785,518655
215,20232.433785,521037
216,20232.433785,523426
217,20232.433785,525815
218,20232.433785,528204
219,20232.433785,530593
220,20232.433785,532985
221,20232.433785,535376
222,20232.433785,537767
223,20232.433785,540158
224,20232.433785,542551
225,20232.433785,544942
226,20232.433785,547333
227,20232.433785,549732
228,20232.433785,552136
229,20232.433785,554512
230,20232.433785,556893
231,20232.433785,559289
232,20232.433785,561689
233,20232.433785,564080
234,20232.433785,566458
235,20232.433785,568841
236,20232.433785,571227
237,20232.433785,573612
238,20232.433785,576001
239,20232.433785,578396
240,20232.433785,580783
241,20232.433785,583170
242,20232.433785,585556
243,20232.433785,587954
244,20232.433785,590357
245,20232.433785,592760
246,20232.433785,595148
247,20232.433785,597536
248,20232.433785,599923
249,20232.433785,602311
250,20232.433785,604699
251,20232.433785,607087
252,20232.433785,609477
253,20232.433785,611874
254,20232.433785,614276
255,20232.433785,616679
256,20232.433785,619067
257,20232.433785,621455
258,20232.433785,623843
259,20232.433785,626231
260,20232.433785,628619
261,20232.433785,631007
262,20232.433785,633395
263,20232.433785,635783
264,20232.433785,638166
265,20232.433785,640553
266,20232.433785,642935
267,20232.433785,645323
268,20232.433785,647711
269,20232.433785,650091
270,20232.433785,652473
271,20232.433785,654861
272,20232.433785,657250
273,20232.433785,659630
274,20232.433785,662010
275,20232.433785,664390
276,20232.433785,666770
277,20232.433785,669157
278,20232.433785,671549
279,20232.433785,673942
280,20232.433785,676323
281,20232.433785,678705
282,20232.433785,681087
283,20232.433785,683469
284,20232.433785,685852
285,20232.433785,688237
286,20232.433785,690622
287,20232.433785,693007
288,20232.433785,695391
289,20232.433785,697775
290,20232.433785,700160
291,20232.433785,702539
292,20232.433785,704918
293,20232.433785,707298
294,20232.433785,709685
295,20232.433785,712074
20232.433785,46.306695
1,20463.793621,2376
2,20456.447596,4752
3,20432.420470,7128
4,20414.018543,9505
5,20394.271575,11882
6,20375.187326,14258
7,20339.482183,16636
8,20336.061007,19012
9,20318.289600,21392
10,20296.724162,23774
11,20285.643373,26165
12,20285.643373,28567
13,20285.643373,30983
14,20285.643373,33412
15,20285.643373,35846
16,20285.643373,38282
17,20285.643373,40729
18,20285.643373,43174
19,20285.643373,45627
20,20285.643373,48084
21,20285.643373,50543
22,20285.643373,53007
23,20285.643373,55474
24,20284.526404,57940
25,20273.933554,60412
26,20216.217996,62888
27,20216.217996,65373
28,20216.217996,67861
29,20216.217996,70351
30,20216.217996,72844
31,20216.217996,75334
32,20216.217996,77825
33,20216.217996,80319
34,20216.217996,82816
35,20216.217996,85306
36,20216.217996,87800
37,20216.217996,90298
38,20216.217996,92786
39,20216.217996,95269
40,20216.217996,97758
41,20216.217996,100247
42,20216.217996,102738
43,20216.217996,105236
44,20216.217996,107741
45,20216.217996,110244
46,20216.217996,112735
47,20216.217996,115216
48,20216.217996,117687
49,20216.217996,120161
50,20216.217996,122640
51,20216.217996,125119
52,20216.217996,127598
53,20216.217996,130066
54,20216.217996,132521
55,20216.217996,134969
56,20216.217996,137427
57,20216.217996,139896
58,20216.217996,142368
59,20216.217996,144818
60,20216.217996,147245
61,20216.217996,149675
62,20216.217996,152107
63,20216.217996,154525
64,20216.217996,156949
65,20216.217996,159377
66,20216.217996,161818
67,20216.217996,164256
68,20216.217996,166695
69,20216.217996,169134
70,20216.217996,171569
71,20216.217996,174006
72,20216.217996,176445
73,20216.217996,178886
74,20216.217996,181327
75,20216.217996,183768
76,20216.217996,186213
77,20216.217996,188661
78,20216.217996,191112
79,20216.217996,193568
80,20216.217996,196025
81,20216.217996,198482
82,20216.217996,200945
83,20216.217996,203414
84,20216.217996,205887
85,20216.217996,208357
86,20216.217996,210805
87,20216.217996,213248
88,20216.217996,215692
89,20216.217996,218141
90,20216.217996,220589
91,20216.217996,223017
92,20216.217996,225447
93,20216.217996,227857
94,20216.217996,230275
95,20216.217996,232690
96,20216.217996,235104
97,20216.217996,237517
98,20216.217996,239937
99,20216.217996,242355
100,20216.217996,244766
101,20216.217996,247178
102,20216.217996,249585
103,20216.217996,251980
104,20216.217996,254381
105,20216.217996,256785
106,20216.217996,259197
107,20216.217996,261610
108,20216.217996,264028
109,20216.217996,266444
110,20216.217996,268860
111,20216.217996,271272
112,20216.217996,273687
113,20216.217996,276104
114,20216.217996,278513
115,20216.217996,280904
116,20216.217996,283287
117,20216.217996,285670
118,20216.217996,288052
119,20216.217996,290435
120,20216.217996,292818
121,20216.217996,295202
122,20216.217996,297584
123,20216.217996,299967
124,20216.217996,302349
125,20216.217996,304731
126,20216.217996,307119
127,20216.217996,309516
128,20216.217996,311898
129,20216.217996,314283
130,20216.217996,316668
131,20216.217996,319053
132,20216.217996,321438
133,20216.217996,323824
134,20216.217996,326211
135,20216.217996,328591
136,20216.217996,330970
137,20216.217996,333351
138,20216.217996,335732
139,20216.217996,338108
140,20216.217996,340488
141,20216.217996,342880
142,20216.217996,345271
143,20216.217996,347666
144,20216.217996,350059
145,20216.217996,352463
146,20216.217996,354855
147,20216.217996,357258
148,20216.217996,359649
149,20216.217996,362037
150,20216.217996,364425
151,20216.217996,366815
152,20216.217996,369205
153,20216.217996,371595
154,20216.217996,373971
155,20216.217996,376347
156,20216.217996,378723
157,20216.217996,381099
158,20216.217996,383479
159,20216.217996,385867
160,20216.217996,388257
161,20216.217996,390647
162,20216.217996,393023
163,20216.217996,395399
164,20216.217996,397775
165,20216.217996,400152
166,20216.217996,402534
167,20216.217996,404917
168,20216.217996,407293
169,20216.217996,409669
170,20216.217996,412045
171,20216.217996,414421
172,20216.217996,416797
173,20216.217996,419174
174,20216.217996,421556
175,20216.217996,423940
176,20216.217996,426327
177,20216.217996,428726
178,20216.217996,431119
179,20216.217996,433503
180,20216.217996,435889
181,20216.217996,438266
182,20216.217996,440645
183,20216.217996,443026
184,20216.217996,445407
185,20216.217996,447787
186,20216.217996,450167
187,20216.217996,452547
188,20216.217996,454928
189,20216.217996,457310
190,20216.217996,459696
191,20216.217996,462084
192,20216.217996,464471
193,20216.217996,466860
194,20216.217996,469248
195,20216.217996,471637
196,20216.217996,474026
197,20216.217996,476415
198,20216.217996,478804
199,20216.217996,481188
200,20216.217996,483576
201,20216.217996,485963
202,20216.217996,488352
203,20216.217996,490740
204,20216.217996,493127
205,20216.217996,495520
206,20216.217996,497906
207,20216.217996,500292
208,20216.217996,502672
209,20216.217996,505051
210,20216.217996,507445
211,20216.217996,509840
212,20216.217996,512241
213,20216.217996,514646
214,20216.217996,517040
215,20216.217996,519420
216,20216.217996,521800
217,20216.217996,524180
218,20216.217996,526561
219,20216.217996,528941
220,20216.217996,531324
221,20216.217996,533713
222,20216.217996,536101
223,20216.217996,538480
224,20216.217996,540859
225,20216.217996,543237
226,20216.217996,545615
227,20216.217996,547993
228,20216.217996,550371
229,20216.217996,552750
230,20216.217996,555132
231,20216.217996,557519
232,20216.217996,559909
233,20216.217996,562299
234,20216.217996,564690
235,20216.217996,567088
236,20216.217996,569481
237,20216.217996,571877
238,20216.217996,574257
239,20216.217996,576637
240,20216.217996,579016
241,20216.217996,581394
242,20216.217996,583773
243,20216.217996,586151
244,20216.217996,588529
245,20216.217996,590907
246,20216.217996,593285
247,20216.217996,595663
248,20216.217996,598041
249,20216.217996,600419
250,20216.217996,602796
251,20216.217996,605172
252,20216.217996,607548
253,20216.217996,609929
254,20216.217996,612326
255,20216.217996,614716
256,20216.217996,617109
257,20216.217996,619493
258,20216.217996,621890
259,20216.217996,624276
260,20216.217996,626652
261,20216.217996,629028
262,20216.217996,631404
263,20216.217996,633780
264,20216.217996,636156
265,20216.217996,638532
266,20216.217996,640908
267,20216.217996,643284
268,20216.217996,645660
269,20216.217996,648036
270,20216.217996,650412
271,20216.217996,652788
272,20216.217996,655164
273,20216.217996,657540
274,20216.217996,659916
275,20216.217996,662292
276,20216.217996,664668
277,20216.217996,667044
278,20216.217996,669420
279,20216.217996,671796
280,20216.217996,674172
281,20216.217996,676548
282,20216.217996,678924
283,20216.217996,681300
284,20216.217996,683676
285,20216.217996,686052
286,20216.217996,688428
287,20216.217996,690804
288,20216.217996,693180
289,20216.217996,695556
290,20216.217996,697932
291,20216.217996,700308
292,20216.217996,702684
293,20216.217996,705060
294,20216.217996,707436
295,20216.217996,709817
296,20216.217996,712209
20216.217996,45.580625
1,20461.442927,2376
2,20456.157275,4752
3,20431.686098,7128
4,20413.131140,9505
5,20393.931874,11882
6,20379.232140,14258
7,20367.966266,16634
8,20367.966266,19011
9,20367.966266,21388
10,20332.430867,23774
11,20332.430867,26160
12,20332.430867,28549
13,20332.430867,30944
14,20332.430867,33334
15,20332.430867,35728
16,20332.430867,38124
17,20332.430867,40518
18,20332.430867,42918
19,20332.430867,45321
20,20332.430867,47730
21,20332.430867,50149
22,20332.430867,52577
23,20332.430867,55007
24,20332.430867,57444
25,20332.430867,59881
26,20332.430867,62315
27,20332.430867,64752
28,20332.430867,67194
29,20332.430867,69638
30,20332.430867,72079
31,20332.430867,74520
32,20332.430867,76962
33,20332.430867,79412
34,20332.430867,81869
35,20332.430867,84329
36,20332.430867,86789
37,20332.430867,89255
38,20332.430867,91724
39,20332.430867,94193
40,20332.430867,96661
41,20332.430867,99135
42,20332.430867,101595
43,20332.430867,104063
44,20332.430867,106542
45,20332.430867,109020
46,20332.430867,111498
47,20332.430867,113958
48,20332.430867,116426
49,20332.430867,118882
50,20332.430867,121339
51,20332.430867,123811
52,20332.430867,126293
53,20332.430867,128781
54,20332.430867,131278
55,20332.430867,133768
56,20332.430867,136247
57,20332.430867,138728
58,20332.430867,141216
59,20332.430867,143707
60,20332.430867,146202
61,20332.430867,148705
62,20332.430867,151209
63,20332.430867,153690
64,20332.430867,156175
65,20332.430867,158655
66,20332.430867,161113
67,20332.430867,163566
68,20332.430867,166034
69,20332.430867,168502
70,20332.430867,170969
71,20332.430867,173430
72,20332.430867,175879
73,20332.430867,178334
74,20332.430867,180784
75,20332.430867,183240
76,20332.430867,185696
77,20332.430867,188130
78,20332.430867,190568
79,20332.430867,192996
80,20332.430867,195425
81,20332.430867,197860
82,20332.430867,200303
83,20332.430867,202731
84,20332.430867,205135
85,20332.430867,207542
86,20332.430867,209952
87,20332.430867,212356
88,20332.430867,214762
89,20332.430867,217169
90,20332.430867,219590
91,20332.430867,222015
92,20332.430867,224421
93,20332.430867,226826
94,20332.430867,229232
95,20332.430867,231638
96,20332.430867,234041
97,20332.430867,236428
98,20332.430867,238818
99,20332.430867,241211
100,20332.430867,243609
101,20332.430867,246008
102,20332.430867,248398
103,20332.430867,250793
104,20332.430867,253199
105,20332.430867,255604
106,20332.430867,257993
107,20332.430867,260384
108,20332.430867,262783
109,20332.430867,265183
110,20332.430867,267571
111,20332.430867,269963
112,20332.430867,272364
113,20332.430867,274764
114,20332.430867,277150
115,20332.430867,279535
116,20332.430867,281920
117,20332.430867,284305
118,20332.430867,286690
119,20332.430867,289075
120,20332.430867,291459
121,20332.430867,293842
122,20332.430867,296224
123,20332.430867,298608
124,20332.430867,300990
125,20332.430867,303373
126,20332.430867,305756
127,20332.430867,308143
128,20332.430867,310541
129,20332.430867,312940
130,20332.430867,315328
131,20332.430867,317728
132,20332.430867,320128
133,20332.430867,322510
134,20332.430867,324892
135,20332.430867,327274
136,20332.430867,329656
137,20332.430867,332038
138,20332.430867,334420
139,20332.430867,336802
140,20332.430867,339184
141,20332.430867,341571
142,20332.430867,343968
143,20332.430867,346364
144,20332.430867,348746
145,20332.430867,351127
146,20332.430867,353509
147,20332.430867,355891
148,20332.430867,358272
149,20332.430867,360654
150,20332.430867,363036
151,20332.430867,365418
152,20332.430867,367800
153,20332.430867,370181
154,20332.430867,372562
155,20332.430867,374944
156,20332.430867,377326
157,20332.430867,379708
158,20332.430867,382090
159,20332.430867,384471
160,20332.430867,386853
161,20332.430867,389235
162,20332.430867,391620
163,20332.430867,394012
164,20332.430867,396407
165,20332.430867,398789
166,20332.430867,401171
167,20332.430867,403553
168,20332.430867,405933
169,20332.430867,408315
170,20332.430867,410705
171,20332.430867,413104
172,20332.430867,415515
173,20332.430867,417938
174,20332.430867,420361
175,20332.430867,422775
176,20332.430867,425191
177,20332.430867,427611
178,20332.430867,430040
179,20332.430867,432448
180,20332.430867,434855
181,20332.430867,437254
182,20332.430867,439655
183,20332.430867,442063
184,20332.430867,444475
185,20332.430867,446873
186,20332.430867,449272
187,20332.430867,451654
188,20332.430867,454035
189,20332.430867,456417
190,20332.430867,458799
191,20332.430867,461181
192,20332.430867,463564
193,20332.430867,465953
194,20332.430867,468348
195,20332.430867,470730
196,20332.430867,473112
197,20332.430867,475494
198,20332.430867,477876
199,20332.430867,480258
200,20332.430867,482638
201,20332.430867,485020
202,20332.430867,487402
203,20332.430867,489789
204,20332.430867,492182
205,20332.430867,494564
206,20332.430867,496945
207,20332.430867,499326
208,20332.430867,501702
209,20332.430867,504078
210,20332.430867,506460
211,20332.430867,508852
212,20332.430867,511262
213,20332.430867,513663
214,20332.430867,516069
215,20332.430867,518466
216,20332.430867,520870
217,20332.430867,523286
218,20332.430867,525704
219,20332.430867,528080
220,20332.430867,530456
221,20332.430867,532832
222,20332.430867,535208
223,20332.430867,537584
224,20332.430867,539960
225,20332.430867,542336
226,20332.430867,544712
227,20332.430867,547088
228,20332.430867,549464
229,20332.430867,551840
230,20332.430867,554216
231,20332.430867,556595
232,20332.430867,558983
233,20332.430867,561375
234,20332.430867,563767
235,20332.430867,566154
236,20332.430867,568544
237,20332.430867,570934
238,20332.430867,573324
239,20332.430867,575704
240,20332.430867,578090
241,20332.430867,580481
242,20332.430867,582872
243,20332.430867,585248
244,20332.430867,587624
245,20332.430867,590000
246,20332.430867,592376
247,20332.430867,594755
248,20332.430867,597139
249,20332.430867,599523
250,20332.430867,601906
251,20332.430867,604283
252,20332.430867,606667
253,20332.430867,609052
254,20332.430867,611436
255,20332.430867,613822
256,20332.430867,616223
257,20332.430867,618635
258,20332.430867,621034
259,20332.430867,623434
260,20332.430867,625825
261,20332.430867,628216
262,20332.430867,630609
263,20332.430867,633002
264,20332.430867,635378
265,20332.430867,637754
266,20332.430867,640130
267,20332.430867,642506
268,20332.430867,644882
269,20332.430867,647258
270,20332.430867,649639
271,20332.430867,652030
272,20332.430867,654423
273,20332.430867,656816
274,20332.430867,659192
275,20332.430867,661568
276,20332.430867,663944
277,20332.430867,666320
278,20332.430867,668696
279,20332.430867,671072
280,20332.430867,673448
281,20332.430867,675824
282,20332.430867,678200
283,20332.430867,680579
284,20332.430867,682970
285,20332.430867,685367
286,20332.430867,687766
287,20332.430867,690149
288,20332.430867,692539
289,20332.430867,694929
290,20332.430867,697328
291,20332.430867,699728
292,20332.430867,702104
293,20332.430867,704481
294,20332.430867,706868
295,20332.430867,709256
296,20332.430867,711645
20332.430867,46.370219
