1,62356.253434,2376
2,62097.658846,5041
3,62037.953821,7706
4,62037.953821,10371
5,62037.953821,13036
6,62037.953821,15696
7,62037.953821,18361
8,62037.953821,21021
9,62037.953821,23681
10,62037.953821,26341
11,62037.953821,28994
12,62037.953821,31636
13,62037.953821,34285
14,62037.953821,36938
15,62037.953821,39574
16,62037.953821,42215
17,62037.953821,44852
18,62037.953821,47478
19,62037.953821,50088
20,62037.953821,52703
21,62037.953821,55320
22,62037.953821,57947
23,62037.953821,60562
24,62037.953821,63182
25,62037.953821,65796
26,62037.953821,68421
27,62037.953821,71033
28,62037.953821,73671
29,62037.953821,76284
30,62037.953821,78919
31,62037.953821,81552
32,62037.953821,84202
33,62037.953821,86841
34,62037.953821,89491
35,62037.953821,92142
36,62037.953821,94793
37,62037.953821,97451
38,62037.953821,100094
39,62037.953821,102733
40,62037.953821,105377
41,62037.953821,108010
42,62037.953821,110647
43,62037.953821,113291
44,62037.953821,115940
45,62037.953821,118594
46,62037.953821,121247
47,62037.953821,123890
48,62037.953821,126526
49,62037.953821,129165
50,62037.953821,131803
51,62037.953821,134449
52,62037.953821,137090
53,62037.953821,139740
54,62037.953821,142376
55,62037.953821,145014
56,62037.953821,147652
57,62037.953821,150300
58,62037.953821,152936
59,62037.953821,155563
60,62037.953821,158200
61,62037.953821,160839
62,62037.953821,163474
63,62037.953821,166109
64,62037.953821,168751
65,62037.953821,171387
66,62037.953821,174018
67,62037.953821,176643
68,62037.953821,179279
69,62037.953821,181925
70,62037.953821,184567
71,62037.953821,187198
72,62037.953821,189839
73,62037.953821,192483
74,62037.953821,195115
75,62037.953821,197747
76,62037.953821,200390
77,62037.953821,203027
78,62037.953821,205672
79,62037.953821,208298
80,62037.953821,210935
81,62037.953821,213579
82,62037.953821,216216
83,62037.953821,218840
84,62037.953821,221456
85,62037.953821,224088
86,62037.953821,226744
87,62037.953821,229385
88,62037.953821,232005
89,62037.953821,234649
90,62037.953821,237288
91,62037.953821,239928
92,62037.953821,242570
93,62037.953821,245214
94,62037.953821,247856
95,62037.953821,250493
96,62037.953821,253127
97,62037.953821,255759
98,62037.953821,258401
99,62037.953821,261043
100,62037.953821,263674
101,62037.953821,266294
62037.953821,19.170793
1,62272.764351,2376
2,62075.667901,5016
3,62039.011722,7656
4,62037.820924,10296
5,62037.820924,12935
6,62037.820924,15575
7,62037.820924,18214
8,62037.820924,20846
9,62037.820924,23480
10,62037.820924,26113
11,62037.820924,28745
12,62037.820924,31381
13,62037.820924,34011
14,62037.820924,36642
15,62037.820924,39273
16,62037.820924,41889
17,62037.820924,44507
18,62037.820924,47122
19,62037.820924,49739
20,62037.820924,52359
21,62037.820924,54973
22,62037.820924,57599
23,62037.820924,60223
24,62037.820924,62840
25,62037.820924,65444
26,62037.820924,68076
27,62037.820924,70706
28,62037.820924,73325
29,62037.820924,75950
30,62037.820924,78572
31,62037.820924,81194
32,62037.820924,83825
33,62037.820924,86432
34,62037.820924,89031
35,62037.820924,91644
36,62037.820924,94257
37,62037.820924,96857
38,62037.820924,99467
39,62037.820924,102069
40,62037.820924,104682
41,62037.820924,107297
42,62037.820924,109910
43,62037.820924,112519
44,62037.820924,115146
45,62037.820924,117749
46,62037.820924,120366
47,62037.820924,122980
48,62037.820924,125600
49,62037.820924,128219
50,62037.820924,130838
51,62037.820924,133433
52,62037.820924,136040
53,62037.820924,138652
54,62037.820924,141273
55,62037.820924,143897
56,62037.820924,146516
57,62037.820924,149132
58,62037.820924,151756
59,62037.820924,154375
60,62037.820924,157005
61,62037.820924,159628
62,62037.820924,162258
63,62037.820924,164880
64,62037.820924,167500
65,62037.820924,170112
66,62037.820924,172722
67,62037.820924,175338
68,62037.820924,177954
69,62037.820924,180576
70,62037.820924,183193
71,62037.820924,185792
72,62037.820924,188404
73,62037.820924,191000
74,62037.820924,193610
75,62037.820924,196222
76,62037.820924,198825
77,62037.820924,201433
78,62037.820924,204051
79,62037.820924,206661
80,62037.820924,209288
81,62037.820924,211908
82,62037.820924,214528
83,62037.820924,217145
84,62037.820924,219769
85,62037.820924,222394
86,62037.820924,225023
87,62037.820924,227645
88,62037.820924,230255
89,62037.820924,232868
90,62037.820924,235481
91,62037.820924,238088
92,62037.820924,240710
93,62037.820924,243327
94,62037.820924,245942
95,62037.820924,248560
96,62037.820924,251173
97,62037.820924,253775
98,62037.820924,256373
99,62037.820924,258975
100,62037.820924,261596
101,62037.820924,264180
102,62037.820924,266783
62037.820924,23.682660
1,62201.514112,2376
2,62057.935704,5037
3,62040.268806,7698
4,62039.011722,10359
5,62039.011722,13019
6,62039.011722,15679
7,62039.011722,18337
8,62039.011722,20997
9,62039.011722,23654
10,62039.011722,26307
11,62039.011722,28962
12,62039.011722,31619
13,62039.011722,34270
14,62039.011722,36906
15,62039.011722,39559
16,62039.011722,42206
17,62039.011722,44856
18,62039.011722,47503
19,62039.011722,50148
20,62039.011722,52798
21,62039.011722,55444
22,62039.011722,58096
23,62039.011722,60739
24,62039.011722,63382
25,62039.011722,66021
26,62039.011722,68657
27,62039.011722,71282
28,62039.011722,73927
29,62039.011722,76557
30,62039.011722,79203
31,62039.011722,81847
32,62039.011722,84485
33,62037.197416,87121
34,62037.197416,89760
35,62037.197416,92400
36,62037.197416,95040
37,62037.197416,97673
38,62037.197416,100314
39,62037.197416,102942
40,62037.197416,105582
41,62037.197416,108216
42,62037.197416,110864
43,62037.197416,113506
44,62037.197416,116151
45,62037.197416,118784
46,62037.197416,121435
47,62037.197416,124082
48,62037.197416,126718
49,62037.197416,129353
50,62037.197416,132001
51,62037.197416,134645
52,62037.197416,137290
53,62037.197416,139926
54,62037.197416,142571
55,62037.197416,145218
56,62037.197416,147861
57,62037.197416,150496
58,62037.197416,153138
59,62037.197416,155775
60,62037.197416,158418
61,62037.197416,161039
62,62037.197416,163681
63,62037.197416,166329
64,62037.197416,168969
65,62037.197416,171609
66,62037.197416,174249
67,62037.197416,176892
68,62037.197416,179535
69,62037.197416,182178
70,62037.197416,184806
71,62037.197416,187441
72,62037.197416,190082
73,62037.197416,192716
74,62037.197416,195355
75,62037.197416,197992
76,62037.197416,200626
77,62037.197416,203256
78,62037.197416,205889
79,62037.197416,208514
80,62037.197416,211145
81,62037.197416,213789
82,62037.197416,216423
83,62037.197416,219058
84,62037.197416,221698
85,62037.197416,224341
86,62037.197416,226990
87,62037.197416,229625
88,62037.197416,232270
89,62037.197416,234907
90,62037.197416,237552
91,62037.197416,240180
92,62037.197416,242821
93,62037.197416,245464
94,62037.197416,248117
95,62037.197416,250769
96,62037.197416,253420
97,62037.197416,256068
98,62037.197416,258700
99,62037.197416,261334
100,62037.197416,263978
101,62037.197416,266613
62037.197416,25.825063
1,62243.570715,2376
2,62066.256810,5034
3,62066.256810,7692
4,62037.906913,10350
5,62037.906913,13007
6,62037.652059,15663
7,62037.652059,18321
8,62037.652059,20969
9,62037.652059,23614
10,62037.652059,26259
11,62037.652059,28908
12,62037.652059,31557
13,62037.652059,34205
14,62037.652059,36849
15,62037.652059,39477
16,62037.652059,42110
17,62037.652059,44745
18,62037.652059,47382
19,62037.652059,50018
20,62037.652059,52659
21,62037.652059,55270
22,62037.652059,57886
23,62037.652059,60512
24,62037.652059,63139
25,62037.652059,65776
26,62037.652059,68410
27,62037.652059,71052
28,62037.652059,73694
29,62037.652059,76330
30,62037.652059,78974
31,62037.652059,81605
32,62037.652059,84248
33,62037.652059,86890
34,62037.652059,89534
35,62037.652059,92172
36,62037.652059,94816
37,62037.652059,97462
38,62037.652059,100111
39,62037.652059,102743
40,62037.652059,105378
41,62037.652059,108015
42,62037.652059,110651
43,62037.652059,113287
44,62037.652059,115920
45,62037.652059,118542
46,62037.652059,121159
47,62037.652059,123767
48,62037.652059,126383
49,62037.652059,128989
50,62037.652059,131589
51,62037.652059,134205
52,62037.652059,136833
53,62037.652059,139448
54,62037.652059,142061
55,62037.652059,144680
56,62037.652059,147308
57,62037.652059,149925
58,62037.652059,152533
59,62037.652059,155143
60,62037.652059,157757
61,62037.652059,160380
62,62037.652059,163019
63,62037.652059,165662
64,62037.652059,168299
65,62037.652059,170928
66,62037.652059,173567
67,62037.652059,176189
68,62037.652059,178828
69,62037.652059,181467
70,62037.652059,184101
71,62037.652059,186730
72,62037.652059,189370
73,62037.652059,192005
74,62037.652059,194632
75,62037.652059,197269
76,62037.652059,199903
77,62037.652059,202529
78,62037.652059,205161
79,62037.652059,207779
80,62037.652059,210403
81,62037.652059,213028
82,62037.652059,215664
83,62037.652059,218290
84,62037.652059,220915
85,62037.652059,223542
86,62037.652059,226176
87,62037.652059,228798
88,62037.652059,231429
89,62037.652059,234061
90,62037.652059,236677
91,62037.652059,239306
92,62037.652059,241937
93,62037.652059,244556
94,62037.652059,247186
95,62037.652059,249820
96,62037.652059,252446
97,62037.652059,255059
98,62037.652059,257681
99,62037.652059,260299
100,62037.652059,262925
101,62037.652059,265547
102,62037.652059,268164
62037.652059,26.364465
1,62248.677192,2376
2,62054.476957,5000
3,62042.022752,7624
4,62040.654168,10248
5,62039.329063,12872
6,62039.329063,15496
7,62039.329063,18118
8,62039.329063,20740
9,62039.329063,23359
10,62039.329063,25977
11,62039.329063,28589
12,62039.329063,31201
13,62039.329063,33816
14,62039.329063,36428
15,62039.329063,39032
16,62039.329063,41643
17,62039.329063,44240
18,62039.329063,46849
19,62039.329063,49429
20,62039.329063,52012
21,62039.329063,54577
22,62039.329063,57154
23,62039.329063,59753
24,62039.329063,62337
25,62039.329063,64915
26,62039.329063,67516
27,62039.329063,70101
28,62039.329063,72700
29,62039.329063,75311
30,62039.329063,77921
31,62039.329063,80534
32,62039.329063,83135
33,62039.329063,85735
34,62039.329063,88334
35,62039.329063,90940
36,62039.329063,93543
37,62039.329063,96145
38,62039.329063,98750
39,62039.329063,101349
40,62039.329063,103946
41,62039.329063,106542
42,62039.329063,109139
43,62039.329063,111733
44,62039.329063,114341
45,62039.329063,116942
46,62039.329063,119542
47,62039.329063,122138
48,62039.329063,124744
49,62039.329063,127348
50,62039.329063,129951
51,62039.329063,132551
52,62039.329063,135149
53,62039.329063,137756
54,62039.329063,140350
55,62039.329063,142952
56,62039.329063,145558
57,62039.329063,148160
58,62039.329063,150769
59,62039.329063,153376
60,62039.329063,155977
61,62039.329063,158577
62,62039.329063,161174
63,62039.329063,163771
64,62039.329063,166371
65,62039.329063,168963
66,62039.329063,171553
67,62039.329063,174144
68,62039.329063,176738
69,62039.329063,179317
70,62039.329063,181915
71,62039.329063,184507
72,62039.329063,187104
73,62039.329063,189694
74,62039.329063,192292
75,62039.329063,194875
76,62039.329063,197473
77,62039.329063,200061
78,62039.329063,202656
79,62039.329063,205249
80,62039.329063,207836
81,62039.329063,210428
82,62039.329063,213029
83,62039.329063,215621
84,62039.329063,218215
85,62039.329063,220797
86,62039.329063,223390
87,62039.329063,225969
88,62039.329063,228553
89,62039.329063,231139
90,62039.329063,233742
91,62039.329063,236337
92,62039.329063,238935
93,62039.329063,241535
94,62039.329063,244135
95,62039.329063,246722
96,62039.329063,249323
97,62039.329063,251929
98,62039.329063,254524
99,62039.329063,257112
100,62039.329063,259694
101,62039.329063,262274
102,62039.329063,264875
103,62039.329063,267471
62039.329063,26.397896
1,62184.573406,2376
2,62084.763504,5023
3,62043.206775,7670
4,62038.289660,10317
5,62038.289660,12964
6,62038.289660,15610
7,62037.820924,18257
8,62037.820924,20899
9,62037.820924,23545
10,62037.820924,26185
11,62037.820924,28825
12,62037.820924,31453
13,62037.820924,34092
14,62037.820924,36730
15,62037.820924,39370
16,62037.820924,42001
17,62037.820924,44630
18,62037.820924,47244
19,62037.820924,49859
20,62037.820924,52477
21,62037.820924,55101
22,62037.820924,57720
23,62037.820924,60334
24,62037.820924,62950
25,62037.820924,65572
26,62037.820924,68198
27,62037.820924,70816
28,62037.820924,73441
29,62037.820924,76052
30,62037.820924,78671
31,62037.820924,81286
32,62037.820924,83903
33,62037.820924,86528
34,62037.820924,89159
35,62037.820924,91775
36,62037.820924,94400
37,62037.820924,97013
38,62037.634328,99616
39,62037.634328,102217
40,62037.634328,104838
41,62037.634328,107447
42,62037.634328,110076
43,62037.634328,112702
44,62037.634328,115324
45,62037.634328,117947
46,62037.634328,120561
47,62037.634328,123170
48,62037.634328,125794
49,62037.634328,128416
50,62037.634328,131032
51,62037.634328,133664
52,62037.634328,136283
53,62037.634328,138913
54,62037.634328,141533
55,62037.634328,144156
56,62037.634328,146777
57,62037.634328,149380
58,62037.634328,151997
59,62037.634328,154611
60,62037.634328,157230
61,62037.634328,159837
62,62037.634328,162463
63,62037.634328,165086
64,62037.634328,167715
65,62037.634328,170339
66,62037.634328,172958
67,62037.634328,175576
68,62037.634328,178201
69,62037.634328,180828
70,62037.634328,183447
71,62037.634328,186079
72,62037.634328,188694
73,62037.634328,191310
74,62037.634328,193925
75,62037.634328,196551
76,62037.634328,199170
77,62037.634328,201775
78,62037.634328,204391
79,62037.634328,207003
80,62037.634328,209613
81,62037.634328,212237
82,62037.634328,214860
83,62037.634328,217492
84,62037.634328,220123
85,62037.634328,222738
86,62037.634328,225360
87,62037.634328,227969
88,62037.634328,230583
89,62037.634328,233187
90,62037.634328,235802
91,62037.634328,238415
92,62037.634328,241021
93,62037.634328,243622
94,62037.634328,246239
95,62037.634328,248857
96,62037.634328,251476
97,62037.634328,254087
98,62037.634328,256702
99,62037.634328,259307
100,62037.634328,261924
101,62037.634328,264540
102,62037.634328,267156
62037.634328,25.410600
1,62189.657433,2376
2,62056.110370,5001
3,62044.924064,7626
4,62040.815642,10251
5,62040.024449,12876
6,62040.024449,15499
7,62040.024449,18122
8,62040.024449,20740
9,62040.024449,23359
10,62040.024449,25976
11,62040.024449,28596
12,62040.024449,31215
13,62040.024449,33827
14,62040.024449,36444
15,62040.024449,39063
16,62040.024449,41680
17,62040.024449,44280
18,62040.024449,46882
19,62040.024449,49483
20,62040.024449,52074
21,62040.024449,54677
22,62040.024449,57279
23,62040.024449,59880
24,62040.024449,62467
25,62040.024449,65062
26,62040.024449,67670
27,62040.024449,70275
28,62040.024449,72877
29,62040.024449,75489
30,62040.024449,78090
31,62040.024449,80695
32,62040.024449,83303
33,62040.024449,85912
34,62040.024449,88519
35,62040.024449,91129
36,62040.024449,93742
37,62040.024449,96345
38,62040.024449,98947
39,62040.024449,101543
40,62040.024449,104145
41,62040.024449,106737
42,62040.024449,109346
43,62040.024449,111956
44,62040.024449,114559
45,62040.024449,117153
46,62040.024449,119750
47,62040.024449,122337
48,62040.024449,124931
49,62040.024449,127525
50,62040.024449,130111
51,62040.024449,132693
52,62040.024449,135295
53,62040.024449,137892
54,62040.024449,140506
55,62040.024449,143108
56,62040.024449,145723
57,62040.024449,148329
58,62040.024449,150933
59,62040.024449,153540
60,62040.024449,156149
61,62040.024449,158744
62,62040.024449,161342
63,62040.024449,163938
64,62040.024449,166538
65,62040.024449,169126
66,62040.024449,171731
67,62040.024449,174335
68,62040.024449,176925
69,62040.024449,179523
70,62040.024449,182139
71,62040.024449,184735
72,62040.024449,187341
73,62040.024449,189945
74,62040.024449,192547
75,62040.024449,195152
76,62040.024449,197755
77,62040.024449,200363
78,62040.024449,202976
79,62040.024449,205583
80,62040.024449,208189
81,62040.024449,210791
82,62040.024449,213392
83,62040.024449,215986
84,62040.024449,218597
85,62040.024449,221190
86,62040.024449,223790
87,62040.024449,226383
88,62040.024449,228966
89,62040.024449,231571
90,62040.024449,234164
91,62040.024449,236758
92,62040.024449,239352
93,62040.024449,241949
94,62040.024449,244545
95,62040.024449,247143
96,62040.024449,249743
97,62040.024449,252333
98,62040.024449,254915
99,62040.024449,257507
100,62040.024449,260108
101,62040.024449,262692
102,62040.024449,265292
103,62040.024449,267883
62040.024449,25.673186
1,62191.473463,2376
2,62054.233522,5002
3,62043.588029,7628
4,62040.024449,10253
5,62037.953821,12879
6,62037.953821,15505
7,62037.953821,18127
8,62037.953821,20750
9,62037.953821,23372
10,62037.953821,25996
11,62037.953821,28621
12,62037.953821,31242
13,62037.953821,33862
14,62037.953821,36480
15,62037.953821,39084
16,62037.953821,41688
17,62037.953821,44293
18,62037.953821,46898
19,62037.953821,49497
20,62037.953821,52091
21,62037.953821,54682
22,62037.953821,57280
23,62037.953821,59882
24,62037.953821,62480
25,62037.953821,65081
26,62037.953821,67693
27,62037.953821,70300
28,62037.953821,72907
29,62037.953821,75517
30,62037.953821,78129
31,62037.953821,80742
32,62037.953821,83351
33,62037.953821,85959
34,62037.953821,88564
35,62037.953821,91172
36,62037.953821,93788
37,62037.953821,96391
38,62037.953821,98998
39,62037.953821,101610
40,62037.953821,104218
41,62037.953821,106826
42,62037.953821,109418
43,62037.953821,112020
44,62037.953821,114608
45,62037.953821,117191
46,62037.953821,119772
47,62037.953821,122347
48,62037.953821,124942
49,62037.953821,127531
50,62037.953821,130140
51,62037.953821,132736
52,62037.953821,135340
53,62037.953821,137940
54,62037.953821,140540
55,62037.953821,143127
56,62037.953821,145721
57,62037.953821,148315
58,62037.953821,150906
59,62037.953821,153506
60,62037.953821,156103
61,62037.953821,158698
62,62037.953821,161290
63,62037.953821,163888
64,62037.953821,166487
65,62037.953821,169075
66,62037.953821,171652
67,62037.953821,174240
68,62037.953821,176816
69,62037.953821,179405
70,62037.953821,181993
71,62037.953821,184572
72,62037.953821,187160
73,62037.953821,189744
74,62037.953821,192341
75,62037.953821,194925
76,62037.953821,197522
77,62037.953821,200107
78,62037.953821,202694
79,62037.953821,205281
80,62037.953821,207865
81,62037.953821,210436
82,62037.953821,213013
83,62037.953821,215598
84,62037.953821,218183
85,62037.953821,220756
86,62037.953821,223335
87,62037.953821,225919
88,62037.953821,228497
89,62037.953821,231078
90,62037.953821,233667
91,62037.953821,236252
92,62037.953821,238849
93,62037.953821,241440
94,62037.953821,244026
95,62037.953821,246626
96,62037.953821,249217
97,62037.953821,251801
98,62037.953821,254385
99,62037.953821,256979
100,62037.953821,259573
101,62037.953821,262167
102,62037.953821,264757
103,62037.953821,267348
62037.953821,24.696762
1,62428.464287,2376
2,62113.485520,5008
3,62054.668234,7640
4,62039.011722,10272
5,62038.494957,12900
6,62037.574353,15532
7,62037.574353,18162
8,62037.574353,20794
9,62037.574353,23422
10,62037.574353,26048
11,62037.574353,28664
12,62037.574353,31279
13,62037.574353,33896
14,62037.574353,36517
15,62037.574353,39128
16,62037.574353,41728
17,62037.574353,44348
18,62037.574353,46967
19,62037.574353,49576
20,62037.574353,52192
21,62037.574353,54787
22,62037.574353,57395
23,62037.574353,59992
24,62037.574353,62593
25,62037.574353,65203
26,62037.574353,67818
27,62037.574353,70417
28,62037.574353,73031
29,62037.574353,75649
30,62037.574353,78256
31,62037.574353,80876
32,62037.574353,83495
33,62037.574353,86102
34,62037.574353,88705
35,62037.574353,91306
36,62037.574353,93915
37,62037.574353,96513
38,62037.574353,99112
39,62037.574353,101709
40,62037.574353,104331
41,62037.574353,106924
42,62037.574353,109536
43,62037.574353,112145
44,62037.574353,114766
45,62037.574353,117375
46,62037.574353,119980
47,62037.574353,122585
48,62037.574353,125197
49,62037.574353,127802
50,62037.574353,130399
51,62037.574353,132994
52,62037.574353,135585
53,62037.574353,138181
54,62037.574353,140784
55,62037.574353,143390
56,62037.574353,145993
57,62037.574353,148603
58,62037.574353,151221
59,62037.574353,153826
60,62037.574353,156439
61,62037.574353,159045
62,62037.574353,161659
63,62037.574353,164276
64,62037.574353,166892
65,62037.574353,169492
66,62037.574353,172104
67,62037.574353,174718
68,62037.574353,177333
69,62037.574353,179943
70,62037.574353,182554
71,62037.574353,185152
72,62037.574353,187760
73,62037.574353,190375
74,62037.574353,192990
75,62037.574353,195606
76,62037.574353,198227
77,62037.574353,200839
78,62037.574353,203459
79,62037.574353,206079
80,62037.574353,208685
81,62037.574353,211282
82,62037.574353,213889
83,62037.574353,216494
84,62037.574353,219103
85,62037.574353,221709
86,62037.574353,224306
87,62037.574353,226901
88,62037.574353,229498
89,62037.574353,232091
90,62037.574353,234697
91,62037.574353,237295
92,62037.574353,239892
93,62037.574353,242486
94,62037.574353,245097
95,62037.574353,247700
96,62037.574353,250314
97,62037.574353,252913
98,62037.574353,255517
99,62037.574353,258118
100,62037.574353,260711
101,62037.574353,263304
102,62037.574353,265908
103,62037.574353,268515
62037.574353,24.003153
1,62146.324380,2376
2,62068.454004,5035
3,62040.024449,7694
4,62038.289660,10353
5,62038.289660,13011
6,62038.289660,15667
7,62038.289660,18319
8,62038.289660,20976
9,62038.289660,23628
10,62038.289660,26273
11,62038.289660,28923
12,62038.289660,31565
13,62038.289660,34193
14,62038.289660,36833
15,62038.289660,39478
16,62038.289660,42111
17,62038.289660,44734
18,62038.289660,47383
19,62038.289660,50006
20,62038.289660,52646
21,62038.289660,55276
22,62038.289660,57919
23,62038.289660,60561
24,62038.289660,63199
25,62038.289660,65823
26,62038.289660,68472
27,62038.289660,71101
28,62038.289660,73741
29,62038.289660,76389
30,62038.289660,79029
31,62038.289660,81662
32,62038.289660,84286
33,62038.289660,86911
34,62038.289660,89547
35,62038.289660,92191
36,62038.289660,94835
37,62038.289660,97470
38,62038.289660,100106
39,62038.289660,102735
40,62038.289660,105373
41,62038.289660,108005
42,62038.289660,110653
43,62038.289660,113290
44,62038.289660,115919
45,62038.289660,118554
46,62038.289660,121193
47,62038.289660,123818
48,62038.289660,126459
49,62038.289660,129104
50,62038.289660,131743
51,62038.289660,134381
52,62038.289660,137017
53,62038.289660,139648
54,62038.289660,142293
55,62038.289660,144925
56,62038.289660,147557
57,62038.289660,150199
58,62038.289660,152838
59,62038.289660,155471
60,62038.289660,158122
61,62038.289660,160753
62,62038.289660,163380
63,62038.289660,166000
64,62038.289660,168639
65,62038.289660,171276
66,62038.289660,173911
67,62038.289660,176534
68,62038.289660,179172
69,62038.289660,181799
70,62038.289660,184433
71,62038.289660,187068
72,62038.289660,189706
73,62038.289660,192354
74,62038.289660,195000
75,62038.289660,197637
76,62038.289660,200275
77,62038.289660,202907
78,62038.289660,205556
79,62038.289660,208198
80,62038.289660,210836
81,62038.289660,213486
82,62038.289660,216132
83,62038.289660,218766
84,62038.289660,221407
85,62038.289660,224047
86,62038.289660,226688
87,62038.289660,229323
88,62038.289660,231960
89,62038.289660,234584
90,62038.289660,237205
91,62038.289660,239827
92,62038.289660,242446
93,62038.289660,245059
94,62038.289660,247681
95,62038.289660,250302
96,62038.289660,252933
97,62038.289660,255562
98,62038.289660,258199
99,62038.289660,260823
100,62038.289660,263461
101,62038.289660,266092
62038.289660,24.270422
