1,7245.197610,2376
2,7245.045959,5038
3,7244.782536,7693
4,7244.754985,10337
5,7244.754985,12981
6,7244.754985,15627
7,7244.754985,18180
8,7244.754985,20725
9,7244.754985,23196
10,7244.754985,25632
11,7244.754985,28035
12,7244.754985,30426
13,7244.754985,32813
14,7244.754985,35204
15,7244.754985,37590
16,7244.754985,39974
17,7244.754985,42356
18,7244.754985,44739
19,7244.754985,47136
20,7244.754985,49528
21,7244.754985,51914
22,7244.754985,54299
23,7244.754985,56683
24,7244.754985,59066
25,7244.754985,61448
26,7244.754985,63830
27,7244.754985,66213
28,7244.754985,68596
29,7244.754985,70977
30,7244.754985,73359
31,7244.754985,75740
32,7244.754985,78121
33,7244.754985,80503
34,7244.754985,82885
35,7244.754985,85267
36,7244.754985,87650
37,7244.754985,90031
38,7244.754985,92412
39,7244.754985,94793
40,7244.754985,97175
41,7244.754985,99556
42,7244.754985,101938
43,7244.754985,104338
44,7244.754985,106738
45,7244.754985,109133
46,7244.754985,111527
47,7244.754985,113920
48,7244.754985,116321
49,7244.754985,118714
50,7244.754985,121110
51,7244.754985,123496
52,7244.754985,125881
53,7244.754985,128279
54,7244.754985,130674
55,7244.754985,133068
56,7244.754985,135456
57,7244.754985,137860
58,7244.754985,140258
59,7244.754985,142653
60,7244.754985,145046
61,7244.754985,147435
62,7244.754985,149822
63,7244.754985,152209
64,7244.754985,154593
65,7244.754985,156976
66,7244.754985,159358
67,7244.754985,161740
68,7244.754985,164122
69,7244.754985,166512
70,7244.754985,168901
71,7244.754985,171289
72,7244.754985,173680
73,7244.754985,176067
74,7244.754985,178451
75,7244.754985,180836
76,7244.754985,183229
77,7244.754985,185637
78,7244.754985,188074
79,7244.754985,190495
80,7244.754985,192946
81,7244.754985,195373
82,7244.754985,197802
83,7244.754985,200214
84,7244.754985,202608
85,7244.754985,204997
86,7244.754985,207380
87,7244.754985,209769
88,7244.754985,212158
89,7244.754985,214548
90,7244.754985,216932
91,7244.754985,219314
92,7244.754985,221698
93,7244.754985,224107
94,7244.754985,226514
95,7244.754985,228920
96,7244.754985,231340
97,7244.754985,233759
98,7244.754985,236156
99,7244.754985,238545
100,7244.754985,240929
101,7244.754985,243314
102,7244.754985,245697
103,7244.754985,248079
104,7244.754985,250461
105,7244.754985,252844
106,7244.754985,255243
107,7244.754985,257641
108,7244.754985,260052
109,7244.754985,262453
110,7244.754985,264849
111,7244.754985,267243
112,7244.754985,269635
113,7244.754985,272023
114,7244.754985,274410
115,7244.754985,276796
116,7244.754985,279181
117,7244.754985,281565
118,7244.754985,283948
119,7244.754985,286331
120,7244.754985,288714
121,7244.754985,291097
122,7244.754985,293480
123,7244.754985,295864
124,7244.754985,298261
125,7244.754985,300656
126,7244.754985,303052
127,7244.754985,305445
128,7244.754985,307832
129,7244.754985,310219
130,7244.754985,312605
131,7244.754985,314991
132,7244.754985,317386
133,7244.754985,319781
134,7244.754985,322175
135,7244.754985,324569
136,7244.754985,326959
137,7244.754985,329345
138,7244.754985,331733
139,7244.754985,334117
140,7244.754985,336503
141,7244.754985,338887
142,7244.754985,341280
143,7244.754985,343671
144,7244.754985,346061
145,7244.754985,348449
146,7244.754985,350832
147,7244.754985,353215
148,7244.754985,355598
149,7244.754985,357982
150,7244.754985,360365
151,7244.754985,362749
152,7244.754985,365132
153,7244.754985,367515
154,7244.754985,369898
155,7244.754985,372281
156,7244.754985,374664
157,7244.754985,377049
158,7244.754985,379448
159,7244.754985,381840
160,7244.754985,384236
161,7244.754985,386633
162,7244.754985,389020
163,7244.754985,391418
164,7244.754985,393808
165,7244.754985,396195
166,7244.754985,398580
167,7244.754985,400964
168,7244.754985,403347
169,7244.754985,405730
170,7244.754985,408113
171,7244.754985,410499
172,7244.754985,412883
173,7244.754985,415266
174,7244.754985,417657
175,7244.754985,420042
176,7244.754985,422442
177,7244.754985,424838
178,7244.754985,427247
179,7244.754985,429665
180,7244.754985,432061
181,7244.754985,434459
182,7244.754985,436859
183,7244.754985,439253
184,7244.754985,441654
185,7244.754985,444051
186,7244.754985,446445
187,7244.754985,448833
188,7244.754985,451230
189,7244.754985,453618
190,7244.754985,456012
191,7244.754985,458405
192,7244.754985,460800
193,7244.754985,463187
194,7244.754985,465573
195,7244.754985,467958
196,7244.754985,470343
197,7244.754985,472728
198,7244.754985,475112
199,7244.754985,477496
200,7244.754985,479882
201,7244.754985,482266
202,7244.754985,484651
203,7244.754985,487035
204,7244.754985,489419
205,7244.754985,491803
206,7244.754985,494188
207,7244.754985,496572
208,7244.754985,498956
209,7244.754985,501340
210,7244.754985,503724
211,7244.754985,506108
212,7244.754985,508492
213,7244.754985,510876
214,7244.754985,513260
215,7244.754985,515645
216,7244.754985,518043
217,7244.754985,520439
218,7244.754985,522836
219,7244.754985,525234
220,7244.754985,527624
221,7244.754985,530024
222,7244.754985,532420
223,7244.754985,534810
224,7244.754985,537210
225,7244.754985,539617
226,7244.754985,542010
227,7244.754985,544399
228,7244.754985,546786
229,7244.754985,549173
230,7244.754985,551559
231,7244.754985,553945
232,7244.754985,556332
233,7244.754985,558729
234,7244.754985,561126
235,7244.754985,563521
236,7244.754985,565921
237,7244.754985,568312
238,7244.754985,570702
239,7244.754985,573090
240,7244.754985,575491
241,7244.754985,577892
242,7244.754985,580303
243,7244.754985,582705
244,7244.754985,585096
245,7244.754985,587486
246,7244.754985,589875
247,7244.754985,592262
248,7244.754985,594665
249,7244.754985,597060
250,7244.754985,599458
251,7244.754985,601854
252,7244.754985,604244
253,7244.754985,606630
254,7244.754985,609017
255,7244.754985,611402
256,7244.754985,613788
257,7244.754985,616174
258,7244.754985,618564
259,7244.754985,620966
260,7244.754985,623365
261,7244.754985,625760
262,7244.754985,628153
263,7244.754985,630544
264,7244.754985,632932
265,7244.754985,635318
266,7244.754985,637703
267,7244.754985,640088
268,7244.754985,642473
269,7244.754985,644858
270,7244.754985,647245
271,7244.754985,649632
272,7244.754985,652019
273,7244.754985,654404
274,7244.754985,656790
275,7244.754985,659177
276,7244.754985,661579
277,7244.754985,663982
278,7244.754985,666385
279,7244.754985,668797
280,7244.754985,671210
281,7244.754985,673613
282,7244.754985,676017
283,7244.754985,678414
284,7244.754985,680806
285,7244.754985,683195
286,7244.754985,685583
287,7244.754985,687971
288,7244.754985,690357
289,7244.754985,692742
290,7244.754985,695130
291,7244.754985,697533
292,7244.754985,699933
293,7244.754985,702335
294,7244.754985,704737
295,7244.754985,707139
296,7244.754985,709536
297,7244.754985,711937
298,7244.754985,714327
299,7244.754985,716716
300,7244.754985,719104
301,7244.754985,721491
302,7244.754985,723878
7244.754985,1.865145
1,7244.813465,2376
2,7244.813465,5016
3,7244.782536,7647
4,7244.754985,10276
5,7244.754985,12898
6,7244.754985,15495
7,7244.754985,18048
8,7244.754985,20524
9,7244.754985,22981
10,7244.754985,25400
11,7244.754985,27793
12,7244.754985,30180
13,7244.754985,32563
14,7244.754985,34946
15,7244.754985,37330
16,7244.754985,39712
17,7244.754985,42093
18,7244.754985,44475
19,7244.754985,46856
20,7244.754985,49238
21,7244.754985,51619
22,7244.754985,54001
23,7244.754985,56382
24,7244.754985,58764
25,7244.754985,61145
26,7244.754985,63526
27,7244.754985,65907
28,7244.754985,68288
29,7244.754985,70669
30,7244.754985,73051
31,7244.754985,75447
32,7244.754985,77838
33,7244.754985,80227
34,7244.754985,82615
35,7244.754985,84998
36,7244.754985,87379
37,7244.754985,89762
38,7244.754985,92144
39,7244.754985,94525
40,7244.754985,96906
41,7244.754985,99287
42,7244.754985,101668
43,7244.754985,104051
44,7244.754985,106444
45,7244.754985,108836
46,7244.754985,111231
47,7244.754985,113623
48,7244.754985,116005
49,7244.754985,118386
50,7244.754985,120768
51,7244.754985,123150
52,7244.754985,125532
53,7244.754985,127914
54,7244.754985,130296
55,7244.754985,132678
56,7244.754985,135059
57,7244.754985,137439
58,7244.754985,139820
59,7244.754985,142211
60,7244.754985,144602
61,7244.754985,146992
62,7244.754985,149383
63,7244.754985,151785
64,7244.754985,154183
65,7244.754985,156581
66,7244.754985,158971
67,7244.754985,161360
68,7244.754985,163745
69,7244.754985,166129
70,7244.754985,168511
71,7244.754985,170892
72,7244.754985,173273
73,7244.754985,175653
74,7244.754985,178033
75,7244.754985,180413
76,7244.754985,182803
77,7244.754985,185196
78,7244.754985,187590
79,7244.754985,189979
80,7244.754985,192388
81,7244.754985,194802
82,7244.754985,197206
83,7244.754985,199611
84,7244.754985,202014
85,7244.754985,204411
86,7244.754985,206809
87,7244.754985,209195
88,7244.754985,211579
89,7244.754985,213961
90,7244.754985,216342
91,7244.754985,218723
92,7244.754985,221115
93,7244.754985,223519
94,7244.754985,225918
95,7244.754985,228305
96,7244.754985,230707
97,7244.754985,233114
98,7244.754985,235533
99,7244.754985,237935
100,7244.754985,240332
101,7244.754985,242729
102,7244.754985,245121
103,7244.754985,247518
104,7244.754985,249907
105,7244.754985,252291
106,7244.754985,254673
107,7244.754985,257055
108,7244.754985,259438
109,7244.754985,261820
110,7244.754985,264200
111,7244.754985,266591
112,7244.754985,268986
113,7244.754985,271379
114,7244.754985,273768
115,7244.754985,276155
116,7244.754985,278541
117,7244.754985,280928
118,7244.754985,283322
119,7244.754985,285715
120,7244.754985,288101
121,7244.754985,290489
122,7244.754985,292875
123,7244.754985,295257
124,7244.754985,297640
125,7244.754985,300022
126,7244.754985,302404
127,7244.754985,304800
128,7244.754985,307192
129,7244.754985,309581
130,7244.754985,311985
131,7244.754985,314371
132,7244.754985,316764
133,7244.754985,319153
134,7244.754985,321549
135,7244.754985,323942
136,7244.754985,326331
137,7244.754985,328720
138,7244.754985,331114
139,7244.754985,333498
140,7244.754985,335879
141,7244.754985,338261
142,7244.754985,340642
143,7244.754985,343023
144,7244.754985,345405
145,7244.754985,347787
146,7244.754985,350169
147,7244.754985,352551
148,7244.754985,354932
149,7244.754985,357313
150,7244.754985,359695
151,7244.754985,362088
152,7244.754985,364481
153,7244.754985,366873
154,7244.754985,369287
155,7244.754985,371687
156,7244.754985,374090
157,7244.754985,376479
158,7244.754985,378872
159,7244.754985,381255
160,7244.754985,383637
161,7244.754985,386018
162,7244.754985,388399
163,7244.754985,390780
164,7244.754985,393162
165,7244.754985,395544
166,7244.754985,397927
167,7244.754985,400310
168,7244.754985,402694
169,7244.754985,405075
170,7244.754985,407458
171,7244.754985,409848
172,7244.754985,412238
173,7244.754985,414624
174,7244.754985,417010
175,7244.754985,419394
176,7244.754985,421778
177,7244.754985,424160
178,7244.754985,426542
179,7244.754985,428925
180,7244.754985,431309
181,7244.754985,433690
182,7244.754985,436072
183,7244.754985,438455
184,7244.754985,440836
185,7244.754985,443217
186,7244.754985,445599
187,7244.754985,447981
188,7244.754985,450364
189,7244.754985,452751
190,7244.754985,455137
191,7244.754985,457524
192,7244.754985,459908
193,7244.754985,462291
194,7244.754985,464672
195,7244.754985,467054
196,7244.754985,469435
197,7244.754985,471818
198,7244.754985,474213
199,7244.754985,476602
200,7244.754985,478996
201,7244.754985,481390
202,7244.754985,483777
203,7244.754985,486166
204,7244.754985,488569
205,7244.754985,490961
206,7244.754985,493359
207,7244.754985,495756
208,7244.754985,498159
209,7244.754985,500550
210,7244.754985,502938
211,7244.754985,505323
212,7244.754985,507706
213,7244.754985,510104
214,7244.754985,512513
215,7244.754985,514920
216,7244.754985,517343
217,7244.754985,519764
218,7244.754985,522171
219,7244.754985,524567
220,7244.754985,526960
221,7244.754985,529351
222,7244.754985,531736
223,7244.754985,534120
224,7244.754985,536504
225,7244.754985,538888
226,7244.754985,541272
227,7244.754985,543656
228,7244.754985,546039
229,7244.754985,548422
230,7244.754985,550805
231,7244.754985,553188
232,7244.754985,555572
233,7244.754985,557957
234,7244.754985,560341
235,7244.754985,562724
236,7244.754985,565107
237,7244.754985,567490
238,7244.754985,569874
239,7244.754985,572258
240,7244.754985,574642
241,7244.754985,577026
242,7244.754985,579409
243,7244.754985,581792
244,7244.754985,584176
245,7244.754985,586571
246,7244.754985,588966
247,7244.754985,591361
248,7244.754985,593756
249,7244.754985,596150
250,7244.754985,598543
251,7244.754985,600929
252,7244.754985,603315
253,7244.754985,605699
254,7244.754985,608082
255,7244.754985,610467
256,7244.754985,612851
257,7244.754985,615235
258,7244.754985,617619
259,7244.754985,620002
260,7244.754985,622385
261,7244.754985,624768
262,7244.754985,627153
263,7244.754985,629543
264,7244.754985,631932
265,7244.754985,634321
266,7244.754985,636710
267,7244.754985,639097
268,7244.754985,641484
269,7244.754985,643871
270,7244.754985,646255
271,7244.754985,648640
272,7244.754985,651036
273,7244.754985,653430
274,7244.754985,655825
275,7244.754985,658218
276,7244.754985,660615
277,7244.754985,663005
278,7244.754985,665392
279,7244.754985,667778
280,7244.754985,670169
281,7244.754985,672571
282,7244.754985,674967
283,7244.754985,677366
284,7244.754985,679760
285,7244.754985,682151
286,7244.754985,684542
287,7244.754985,686940
288,7244.754985,689338
289,7244.754985,691732
290,7244.754985,694122
291,7244.754985,696518
292,7244.754985,698908
293,7244.754985,701296
294,7244.754985,703694
295,7244.754985,706081
296,7244.754985,708466
297,7244.754985,710850
298,7244.754985,713236
299,7244.754985,715622
300,7244.754985,718006
301,7244.754985,720391
302,7244.754985,722780
303,7244.754985,725169
7244.754985,1.860802
1,7245.588610,2376
2,7244.888224,5035
3,7244.782536,7692
4,7244.754985,10349
5,7244.754985,12996
6,7244.754985,15607
7,7244.754985,18125
8,7244.754985,20587
9,7244.754985,23016
10,7244.754985,25420
11,7244.754985,27815
12,7244.754985,30203
13,7244.754985,32587
14,7244.754985,34970
15,7244.754985,37353
16,7244.754985,39735
17,7244.754985,42117
18,7244.754985,44500
19,7244.754985,46882
20,7244.754985,49266
21,7244.754985,51650
22,7244.754985,54032
23,7244.754985,56416
24,7244.754985,58799
25,7244.754985,61181
26,7244.754985,63564
27,7244.754985,65948
28,7244.754985,68339
29,7244.754985,70731
30,7244.754985,73118
31,7244.754985,75502
32,7244.754985,77886
33,7244.754985,80269
34,7244.754985,82652
35,7244.754985,85035
36,7244.754985,87418
37,7244.754985,89800
38,7244.754985,92183
39,7244.754985,94565
40,7244.754985,96948
41,7244.754985,99330
42,7244.754985,101723
43,7244.754985,104107
44,7244.754985,106491
45,7244.754985,108873
46,7244.754985,111256
47,7244.754985,113637
48,7244.754985,116018
49,7244.754985,118400
50,7244.754985,120782
51,7244.754985,123165
52,7244.754985,125546
53,7244.754985,127928
54,7244.754985,130310
55,7244.754985,132704
56,7244.754985,135099
57,7244.754985,137489
58,7244.754985,139884
59,7244.754985,142279
60,7244.754985,144672
61,7244.754985,147059
62,7244.754985,149444
63,7244.754985,151829
64,7244.754985,154225
65,7244.754985,156618
66,7244.754985,159012
67,7244.754985,161406
68,7244.754985,163800
69,7244.754985,166204
70,7244.754985,168622
71,7244.754985,171025
72,7244.754985,173434
73,7244.754985,175849
74,7244.754985,178256
75,7244.754985,180656
76,7244.754985,183054
77,7244.754985,185450
78,7244.754985,187838
79,7244.754985,190225
80,7244.754985,192612
81,7244.754985,195000
82,7244.754985,197387
83,7244.754985,199772
84,7244.754985,202154
85,7244.754985,204536
86,7244.754985,206926
87,7244.754985,209319
88,7244.754985,211706
89,7244.754985,214091
90,7244.754985,216484
91,7244.754985,218877
92,7244.754985,221266
93,7244.754985,223657
94,7244.754985,226063
95,7244.754985,228468
96,7244.754985,230875
97,7244.754985,233278
98,7244.754985,235669
99,7244.754985,238061
100,7244.754985,240453
101,7244.754985,242840
102,7244.754985,245226
103,7244.754985,247609
104,7244.754985,249996
105,7244.754985,252381
106,7244.754985,254765
107,7244.754985,257161
108,7244.754985,259568
109,7244.754985,261965
110,7244.754985,264362
111,7244.754985,266749
112,7244.754985,269137
113,7244.754985,271524
114,7244.754985,273910
115,7244.754985,276294
116,7244.754985,278677
117,7244.754985,281060
118,7244.754985,283445
119,7244.754985,285841
120,7244.754985,288235
121,7244.754985,290625
122,7244.754985,293016
123,7244.754985,295403
124,7244.754985,297801
125,7244.754985,300190
126,7244.754985,302598
127,7244.754985,304999
128,7244.754985,307396
129,7244.754985,309798
130,7244.754985,312219
131,7244.754985,314633
132,7244.754985,317039
133,7244.754985,319437
134,7244.754985,321834
135,7244.754985,324219
136,7244.754985,326604
137,7244.754985,328990
138,7244.754985,331375
139,7244.754985,333759
140,7244.754985,336143
141,7244.754985,338527
142,7244.754985,340923
143,7244.754985,343318
144,7244.754985,345715
145,7244.754985,348107
146,7244.754985,350495
147,7244.754985,352888
148,7244.754985,355279
149,7244.754985,357665
150,7244.754985,360052
151,7244.754985,362437
152,7244.754985,364821
153,7244.754985,367205
154,7244.754985,369589
155,7244.754985,371972
156,7244.754985,374367
157,7244.754985,376757
158,7244.754985,379144
159,7244.754985,381538
160,7244.754985,383932
161,7244.754985,386323
162,7244.754985,388711
163,7244.754985,391095
164,7244.754985,393486
165,7244.754985,395890
166,7244.754985,398291
167,7244.754985,400688
168,7244.754985,403077
169,7244.754985,405475
170,7244.754985,407863
171,7244.754985,410249
172,7244.754985,412635
173,7244.754985,415020
174,7244.754985,417404
175,7244.754985,419791
176,7244.754985,422192
177,7244.754985,424594
178,7244.754985,426994
179,7244.754985,429396
180,7244.754985,431798
181,7244.754985,434193
182,7244.754985,436597
183,7244.754985,438995
184,7244.754985,441387
185,7244.754985,443782
186,7244.754985,446181
187,7244.754985,448580
188,7244.754985,450975
189,7244.754985,453376
190,7244.754985,455774
191,7244.754985,458165
192,7244.754985,460562
193,7244.754985,462953
194,7244.754985,465343
195,7244.754985,467730
196,7244.754985,470123
197,7244.754985,472512
198,7244.754985,474902
199,7244.754985,477289
200,7244.754985,479674
201,7244.754985,482058
202,7244.754985,484442
203,7244.754985,486827
204,7244.754985,489212
205,7244.754985,491610
206,7244.754985,494013
207,7244.754985,496412
208,7244.754985,498800
209,7244.754985,501189
210,7244.754985,503582
211,7244.754985,505985
212,7244.754985,508385
213,7244.754985,510776
214,7244.754985,513164
215,7244.754985,515548
216,7244.754985,517932
217,7244.754985,520317
218,7244.754985,522712
219,7244.754985,525101
220,7244.754985,527496
221,7244.754985,529892
222,7244.754985,532280
223,7244.754985,534665
224,7244.754985,537054
225,7244.754985,539451
226,7244.754985,541846
227,7244.754985,544236
228,7244.754985,546626
229,7244.754985,549014
230,7244.754985,551412
231,7244.754985,553814
232,7244.754985,556227
233,7244.754985,558634
234,7244.754985,561063
235,7244.754985,563478
236,7244.754985,565885
237,7244.754985,568288
238,7244.754985,570692
239,7244.754985,573085
240,7244.754985,575481
241,7244.754985,577868
242,7244.754985,580258
243,7244.754985,582647
244,7244.754985,585034
245,7244.754985,587418
246,7244.754985,589804
247,7244.754985,592188
248,7244.754985,594573
249,7244.754985,596958
250,7244.754985,599343
251,7244.754985,601729
252,7244.754985,604114
253,7244.754985,606498
254,7244.754985,608882
255,7244.754985,611267
256,7244.754985,613651
257,7244.754985,616040
258,7244.754985,618426
259,7244.754985,620816
260,7244.754985,623206
261,7244.754985,625595
262,7244.754985,627983
263,7244.754985,630369
264,7244.754985,632754
265,7244.754985,635139
266,7244.754985,637524
267,7244.754985,639909
268,7244.754985,642294
269,7244.754985,644680
270,7244.754985,647066
271,7244.754985,649451
272,7244.754985,651839
273,7244.754985,654227
274,7244.754985,656614
275,7244.754985,659014
276,7244.754985,661414
277,7244.754985,663812
278,7244.754985,666226
279,7244.754985,668646
280,7244.754985,671059
281,7244.754985,673463
282,7244.754985,675863
283,7244.754985,678255
284,7244.754985,680641
285,7244.754985,683027
286,7244.754985,685413
287,7244.754985,687799
288,7244.754985,690184
289,7244.754985,692569
290,7244.754985,694954
291,7244.754985,697339
292,7244.754985,699730
293,7244.754985,702115
294,7244.754985,704501
295,7244.754985,706887
296,7244.754985,709275
297,7244.754985,711663
298,7244.754985,714049
299,7244.754985,716435
300,7244.754985,718819
301,7244.754985,721204
302,7244.754985,723589
7244.754985,1.903527
1,7245.094966,2376
2,7245.094966,5028
3,7244.782536,7681
4,7244.754985,10327
5,7244.754985,12963
6,7244.754985,15579
7,7244.754985,18109
8,7244.754985,20611
9,7244.754985,23056
10,7244.754985,25466
11,7244.754985,27858
12,7244.754985,30247
13,7244.754985,32633
14,7244.754985,35015
15,7244.754985,37397
16,7244.754985,39779
17,7244.754985,42162
18,7244.754985,44544
19,7244.754985,46925
20,7244.754985,49306
21,7244.754985,51688
22,7244.754985,54069
23,7244.754985,56451
24,7244.754985,58833
25,7244.754985,61225
26,7244.754985,63616
27,7244.754985,66007
28,7244.754985,68413
29,7244.754985,70817
30,7244.754985,73218
31,7244.754985,75615
32,7244.754985,78007
33,7244.754985,80403
34,7244.754985,82793
35,7244.754985,85179
36,7244.754985,87563
37,7244.754985,89947
38,7244.754985,92331
39,7244.754985,94714
40,7244.754985,97097
41,7244.754985,99480
42,7244.754985,101863
43,7244.754985,104258
44,7244.754985,106653
45,7244.754985,109049
46,7244.754985,111445
47,7244.754985,113830
48,7244.754985,116225
49,7244.754985,118614
50,7244.754985,121004
51,7244.754985,123389
52,7244.754985,125775
53,7244.754985,128158
54,7244.754985,130541
55,7244.754985,132923
56,7244.754985,135305
57,7244.754985,137687
58,7244.754985,140070
59,7244.754985,142454
60,7244.754985,144837
61,7244.754985,147219
62,7244.754985,149601
63,7244.754985,151982
64,7244.754985,154364
65,7244.754985,156747
66,7244.754985,159146
67,7244.754985,161550
68,7244.754985,163962
69,7244.754985,166371
70,7244.754985,168770
71,7244.754985,171166
72,7244.754985,173561
73,7244.754985,175944
74,7244.754985,178325
75,7244.754985,180706
76,7244.754985,183087
77,7244.754985,185468
78,7244.754985,187848
79,7244.754985,190228
80,7244.754985,192608
81,7244.754985,194988
82,7244.754985,197368
83,7244.754985,199750
84,7244.754985,202142
85,7244.754985,204535
86,7244.754985,206920
87,7244.754985,209312
88,7244.754985,211698
89,7244.754985,214081
90,7244.754985,216463
91,7244.754985,218846
92,7244.754985,221238
93,7244.754985,223624
94,7244.754985,226016
95,7244.754985,228409
96,7244.754985,230795
97,7244.754985,233180
98,7244.754985,235563
99,7244.754985,237946
100,7244.754985,240328
101,7244.754985,242709
102,7244.754985,245090
103,7244.754985,247471
104,7244.754985,249852
105,7244.754985,252233
106,7244.754985,254615
107,7244.754985,256996
108,7244.754985,259377
109,7244.754985,261759
110,7244.754985,264152
111,7244.754985,266533
112,7244.754985,268914
113,7244.754985,271295
114,7244.754985,273676
115,7244.754985,276058
116,7244.754985,278448
117,7244.754985,280838
118,7244.754985,283244
119,7244.754985,285642
120,7244.754985,288039
121,7244.754985,290442
122,7244.754985,292837
123,7244.754985,295225
124,7244.754985,297610
125,7244.754985,299993
126,7244.754985,302376
127,7244.754985,304758
128,7244.754985,307142
129,7244.754985,309538
130,7244.754985,311931
131,7244.754985,314326
132,7244.754985,316721
133,7244.754985,319115
134,7244.754985,321501
135,7244.754985,323890
136,7244.754985,326277
137,7244.754985,328663
138,7244.754985,331060
139,7244.754985,333456
140,7244.754985,335847
141,7244.754985,338235
142,7244.754985,340621
143,7244.754985,343005
144,7244.754985,345388
145,7244.754985,347771
146,7244.754985,350156
147,7244.754985,352550
148,7244.754985,354949
149,7244.754985,357342
150,7244.754985,359745
151,7244.754985,362138
152,7244.754985,364526
153,7244.754985,366911
154,7244.754985,369308
155,7244.754985,371704
156,7244.754985,374091
157,7244.754985,376477
158,7244.754985,378862
159,7244.754985,381262
160,7244.754985,383662
161,7244.754985,386065
162,7244.754985,388468
163,7244.754985,390857
164,7244.754985,393246
165,7244.754985,395640
166,7244.754985,398024
167,7244.754985,400408
168,7244.754985,402790
169,7244.754985,405172
170,7244.754985,407555
171,7244.754985,409938
172,7244.754985,412322
173,7244.754985,414713
174,7244.754985,417103
175,7244.754985,419494
176,7244.754985,421891
177,7244.754985,424281
178,7244.754985,426672
179,7244.754985,429068
180,7244.754985,431463
181,7244.754985,433858
182,7244.754985,436252
183,7244.754985,438644
184,7244.754985,441039
185,7244.754985,443427
186,7244.754985,445812
187,7244.754985,448196
188,7244.754985,450579
189,7244.754985,452962
190,7244.754985,455345
191,7244.754985,457729
192,7244.754985,460113
193,7244.754985,462496
194,7244.754985,464880
195,7244.754985,467263
196,7244.754985,469654
197,7244.754985,472045
198,7244.754985,474430
199,7244.754985,476814
200,7244.754985,479197
201,7244.754985,481580
202,7244.754985,483964
203,7244.754985,486347
204,7244.754985,488731
205,7244.754985,491113
206,7244.754985,493495
207,7244.754985,495877
208,7244.754985,498259
209,7244.754985,500641
210,7244.754985,503024
211,7244.754985,505409
212,7244.754985,507805
213,7244.754985,510197
214,7244.754985,512592
215,7244.754985,514987
216,7244.754985,517380
217,7244.754985,519775
218,7244.754985,522162
219,7244.754985,524545
220,7244.754985,526935
221,7244.754985,529320
222,7244.754985,531706
223,7244.754985,534090
224,7244.754985,536483
225,7244.754985,538869
226,7244.754985,541255
227,7244.754985,543639
228,7244.754985,546025
229,7244.754985,548420
230,7244.754985,550819
231,7244.754985,553214
232,7244.754985,555607
233,7244.754985,557995
234,7244.754985,560385
235,7244.754985,562793
236,7244.754985,565190
237,7244.754985,567581
238,7244.754985,569971
239,7244.754985,572364
240,7244.754985,574757
241,7244.754985,577150
242,7244.754985,579540
243,7244.754985,581927
244,7244.754985,584312
245,7244.754985,586698
246,7244.754985,589084
247,7244.754985,591476
248,7244.754985,593866
249,7244.754985,596257
250,7244.754985,598648
251,7244.754985,601036
252,7244.754985,603423
253,7244.754985,605809
254,7244.754985,608194
255,7244.754985,610577
256,7244.754985,612968
257,7244.754985,615356
258,7244.754985,617741
259,7244.754985,620127
260,7244.754985,622535
261,7244.754985,624940
262,7244.754985,627339
263,7244.754985,629734
264,7244.754985,632128
265,7244.754985,634518
266,7244.754985,636904
267,7244.754985,639287
268,7244.754985,641670
269,7244.754985,644053
270,7244.754985,646436
271,7244.754985,648818
272,7244.754985,651200
273,7244.754985,653583
274,7244.754985,655965
275,7244.754985,658348
276,7244.754985,660734
277,7244.754985,663117
278,7244.754985,665509
279,7244.754985,667898
280,7244.754985,670287
281,7244.754985,672674
282,7244.754985,675059
283,7244.754985,677443
284,7244.754985,679825
285,7244.754985,682207
286,7244.754985,684589
287,7244.754985,686971
288,7244.754985,689354
289,7244.754985,691741
290,7244.754985,694130
291,7244.754985,696515
292,7244.754985,698898
293,7244.754985,701281
294,7244.754985,703665
295,7244.754985,706048
296,7244.754985,708432
297,7244.754985,710814
298,7244.754985,713197
299,7244.754985,715591
300,7244.754985,718001
301,7244.754985,720423
302,7244.754985,722845
303,7244.754985,725257
7244.754985,1.871059
1,7245.197610,2376
2,7245.045959,4999
3,7244.794088,7617
4,7244.754985,10237
5,7244.754985,12847
6,7244.754985,15450
7,7244.754985,17970
8,7244.754985,20444
9,7244.754985,22890
10,7244.754985,25299
11,7244.754985,27690
12,7244.754985,30077
13,7244.754985,32464
14,7244.754985,34856
15,7244.754985,37247
16,7244.754985,39633
17,7244.754985,42019
18,7244.754985,44399
19,7244.754985,46779
20,7244.754985,49158
21,7244.754985,51537
22,7244.754985,53916
23,7244.754985,56295
24,7244.754985,58674
25,7244.754985,61054
26,7244.754985,63436
27,7244.754985,65815
28,7244.754985,68195
29,7244.754985,70574
30,7244.754985,72953
31,7244.754985,75332
32,7244.754985,77711
33,7244.754985,80092
34,7244.754985,82488
35,7244.754985,84876
36,7244.754985,87263
37,7244.754985,89648
38,7244.754985,92033
39,7244.754985,94416
40,7244.754985,96804
41,7244.754985,99190
42,7244.754985,101578
43,7244.754985,103963
44,7244.754985,106350
45,7244.754985,108729
46,7244.754985,111108
47,7244.754985,113487
48,7244.754985,115867
49,7244.754985,118247
50,7244.754985,120627
51,7244.754985,123007
52,7244.754985,125400
53,7244.754985,127797
54,7244.754985,130197
55,7244.754985,132594
56,7244.754985,134985
57,7244.754985,137370
58,7244.754985,139752
59,7244.754985,142148
60,7244.754985,144541
61,7244.754985,146935
62,7244.754985,149324
63,7244.754985,151707
64,7244.754985,154089
65,7244.754985,156470
66,7244.754985,158851
67,7244.754985,161231
68,7244.754985,163611
69,7244.754985,166002
70,7244.754985,168393
71,7244.754985,170784
72,7244.754985,173176
73,7244.754985,175567
74,7244.754985,177957
75,7244.754985,180344
76,7244.754985,182731
77,7244.754985,185114
78,7244.754985,187495
79,7244.754985,189875
80,7244.754985,192255
81,7244.754985,194634
82,7244.754985,197013
83,7244.754985,199392
84,7244.754985,201772
85,7244.754985,204153
86,7244.754985,206544
87,7244.754985,208944
88,7244.754985,211340
89,7244.754985,213730
90,7244.754985,216119
91,7244.754985,218502
92,7244.754985,220884
93,7244.754985,223267
94,7244.754985,225646
95,7244.754985,228025
96,7244.754985,230405
97,7244.754985,232784
98,7244.754985,235164
99,7244.754985,237544
100,7244.754985,239939
101,7244.754985,242320
102,7244.754985,244701
103,7244.754985,247081
104,7244.754985,249462
105,7244.754985,251843
106,7244.754985,254225
107,7244.754985,256607
108,7244.754985,258994
109,7244.754985,261379
110,7244.754985,263766
111,7244.754985,266164
112,7244.754985,268574
113,7244.754985,270974
114,7244.754985,273377
115,7244.754985,275775
116,7244.754985,278159
117,7244.754985,280541
118,7244.754985,282923
119,7244.754985,285305
120,7244.754985,287686
121,7244.754985,290067
122,7244.754985,292451
123,7244.754985,294837
124,7244.754985,297222
125,7244.754985,299604
126,7244.754985,301985
127,7244.754985,304365
128,7244.754985,306745
129,7244.754985,309126
130,7244.754985,311508
131,7244.754985,313897
132,7244.754985,316287
133,7244.754985,318692
134,7244.754985,321105
135,7244.754985,323505
136,7244.754985,325901
137,7244.754985,328295
138,7244.754985,330682
139,7244.754985,333064
140,7244.754985,335444
141,7244.754985,337825
142,7244.754985,340206
143,7244.754985,342587
144,7244.754985,344975
145,7244.754985,347359
146,7244.754985,349741
147,7244.754985,352122
148,7244.754985,354508
149,7244.754985,356898
150,7244.754985,359285
151,7244.754985,361677
152,7244.754985,364070
153,7244.754985,366455
154,7244.754985,368840
155,7244.754985,371230
156,7244.754985,373617
157,7244.754985,376007
158,7244.754985,378394
159,7244.754985,380781
160,7244.754985,383168
161,7244.754985,385553
162,7244.754985,387937
163,7244.754985,390319
164,7244.754985,392701
165,7244.754985,395083
166,7244.754985,397464
167,7244.754985,399847
168,7244.754985,402247
169,7244.754985,404655
170,7244.754985,407054
171,7244.754985,409445
172,7244.754985,411840
173,7244.754985,414231
174,7244.754985,416622
175,7244.754985,419008
176,7244.754985,421391
177,7244.754985,423775
178,7244.754985,426156
179,7244.754985,428537
180,7244.754985,430919
181,7244.754985,433300
182,7244.754985,435681
183,7244.754985,438063
184,7244.754985,440448
185,7244.754985,442831
186,7244.754985,445219
187,7244.754985,447617
188,7244.754985,450014
189,7244.754985,452408
190,7244.754985,454802
191,7244.754985,457196
192,7244.754985,459583
193,7244.754985,461968
194,7244.754985,464351
195,7244.754985,466733
196,7244.754985,469114
197,7244.754985,471495
198,7244.754985,473877
199,7244.754985,476258
200,7244.754985,478639
201,7244.754985,481020
202,7244.754985,483402
203,7244.754985,485785
204,7244.754985,488169
205,7244.754985,490553
206,7244.754985,492934
207,7244.754985,495316
208,7244.754985,497710
209,7244.754985,500105
210,7244.754985,502496
211,7244.754985,504898
212,7244.754985,507297
213,7244.754985,509690
214,7244.754985,512074
215,7244.754985,514455
216,7244.754985,516836
217,7244.754985,519218
218,7244.754985,521599
219,7244.754985,523981
220,7244.754985,526362
221,7244.754985,528743
222,7244.754985,531124
223,7244.754985,533506
224,7244.754985,535888
225,7244.754985,538270
226,7244.754985,540651
227,7244.754985,543032
228,7244.754985,545413
229,7244.754985,547794
230,7244.754985,550175
231,7244.754985,552557
232,7244.754985,554940
233,7244.754985,557323
234,7244.754985,559704
235,7244.754985,562086
236,7244.754985,564478
237,7244.754985,566869
238,7244.754985,569259
239,7244.754985,571651
240,7244.754985,574038
241,7244.754985,576423
242,7244.754985,578805
243,7244.754985,581188
244,7244.754985,583572
245,7244.754985,585954
246,7244.754985,588336
247,7244.754985,590717
248,7244.754985,593098
249,7244.754985,595480
250,7244.754985,597861
251,7244.754985,600241
252,7244.754985,602621
253,7244.754985,605001
254,7244.754985,607381
255,7244.754985,609762
256,7244.754985,612143
257,7244.754985,614524
258,7244.754985,616904
259,7244.754985,619284
260,7244.754985,621664
261,7244.754985,624045
262,7244.754985,626425
263,7244.754985,628805
264,7244.754985,631186
265,7244.754985,633572
266,7244.754985,635958
267,7244.754985,638344
268,7244.754985,640730
269,7244.754985,643114
270,7244.754985,645498
271,7244.754985,647886
272,7244.754985,650275
273,7244.754985,652666
274,7244.754985,655054
275,7244.754985,657440
276,7244.754985,659832
277,7244.754985,662217
278,7244.754985,664602
279,7244.754985,666993
280,7244.754985,669385
281,7244.754985,671776
282,7244.754985,674168
283,7244.754985,676555
284,7244.754985,678941
285,7244.754985,681326
286,7244.754985,683709
287,7244.754985,686090
288,7244.754985,688474
289,7244.754985,690868
290,7244.754985,693266
291,7244.754985,695665
292,7244.754985,698071
293,7244.754985,700466
294,7244.754985,702857
295,7244.754985,705245
296,7244.754985,707629
297,7244.754985,710012
298,7244.754985,712393
299,7244.754985,714774
300,7244.754985,717155
301,7244.754985,719536
302,7244.754985,721917
303,7244.754985,724298
7244.754985,1.879567
1,7245.278854,2376
2,7244.805531,5022
3,7244.782536,7661
4,7244.782536,10299
5,7244.754985,12933
6,7244.754985,15547
7,7244.754985,18089
8,7244.754985,20587
9,7244.754985,23040
10,7244.754985,25446
11,7244.754985,27835
12,7244.754985,30220
13,7244.754985,32602
14,7244.754985,34983
15,7244.754985,37363
16,7244.754985,39743
17,7244.754985,42124
18,7244.754985,44505
19,7244.754985,46887
20,7244.754985,49268
21,7244.754985,51649
22,7244.754985,54030
23,7244.754985,56410
24,7244.754985,58791
25,7244.754985,61172
26,7244.754985,63552
27,7244.754985,65932
28,7244.754985,68312
29,7244.754985,70692
30,7244.754985,73072
31,7244.754985,75452
32,7244.754985,77832
33,7244.754985,80212
34,7244.754985,82592
35,7244.754985,84972
36,7244.754985,87353
37,7244.754985,89734
38,7244.754985,92131
39,7244.754985,94520
40,7244.754985,96910
41,7244.754985,99298
42,7244.754985,101696
43,7244.754985,104085
44,7244.754985,106479
45,7244.754985,108863
46,7244.754985,111249
47,7244.754985,113630
48,7244.754985,116010
49,7244.754985,118390
50,7244.754985,120770
51,7244.754985,123150
52,7244.754985,125530
53,7244.754985,127910
54,7244.754985,130290
55,7244.754985,132671
56,7244.754985,135052
57,7244.754985,137432
58,7244.754985,139813
59,7244.754985,142193
60,7244.754985,144573
61,7244.754985,146953
62,7244.754985,149333
63,7244.754985,151713
64,7244.754985,154094
65,7244.754985,156476
66,7244.754985,158867
67,7244.754985,161254
68,7244.754985,163643
69,7244.754985,166032
70,7244.754985,168415
71,7244.754985,170796
72,7244.754985,173176
73,7244.754985,175556
74,7244.754985,177937
75,7244.754985,180317
76,7244.754985,182697
77,7244.754985,185077
78,7244.754985,187458
79,7244.754985,189840
80,7244.754985,192221
81,7244.754985,194601
82,7244.754985,196981
83,7244.754985,199361
84,7244.754985,201741
85,7244.754985,204122
86,7244.754985,206502
87,7244.754985,208883
88,7244.754985,211277
89,7244.754985,213662
90,7244.754985,216045
91,7244.754985,218430
92,7244.754985,220813
93,7244.754985,223195
94,7244.754985,225577
95,7244.754985,227959
96,7244.754985,230339
97,7244.754985,232719
98,7244.754985,235099
99,7244.754985,237479
100,7244.754985,239859
101,7244.754985,242240
102,7244.754985,244637
103,7244.754985,247039
104,7244.754985,249451
105,7244.754985,251852
106,7244.754985,254252
107,7244.754985,256640
108,7244.754985,259021
109,7244.754985,261402
110,7244.754985,263794
111,7244.754985,266194
112,7244.754985,268589
113,7244.754985,270981
114,7244.754985,273373
115,7244.754985,275757
116,7244.754985,278139
117,7244.754985,280521
118,7244.754985,282903
119,7244.754985,285285
120,7244.754985,287665
121,7244.754985,290060
122,7244.754985,292453
123,7244.754985,294840
124,7244.754985,297251
125,7244.754985,299650
126,7244.754985,302054
127,7244.754985,304443
128,7244.754985,306828
129,7244.754985,309211
130,7244.754985,311591
131,7244.754985,313972
132,7244.754985,316352
133,7244.754985,318732
134,7244.754985,321112
135,7244.754985,323492
136,7244.754985,325873
137,7244.754985,328253
138,7244.754985,330636
139,7244.754985,333034
140,7244.754985,335429
141,7244.754985,337825
142,7244.754985,340221
143,7244.754985,342606
144,7244.754985,344993
145,7244.754985,347377
146,7244.754985,349760
147,7244.754985,352141
148,7244.754985,354521
149,7244.754985,356902
150,7244.754985,359299
151,7244.754985,361709
152,7244.754985,364119
153,7244.754985,366516
154,7244.754985,368907
155,7244.754985,371301
156,7244.754985,373690
157,7244.754985,376074
158,7244.754985,378456
159,7244.754985,380838
160,7244.754985,383220
161,7244.754985,385602
162,7244.754985,387984
163,7244.754985,390366
164,7244.754985,392748
165,7244.754985,395130
166,7244.754985,397512
167,7244.754985,399895
168,7244.754985,402292
169,7244.754985,404688
170,7244.754985,407090
171,7244.754985,409487
172,7244.754985,411879
173,7244.754985,414267
174,7244.754985,416653
175,7244.754985,419051
176,7244.754985,421451
177,7244.754985,423843
178,7244.754985,426231
179,7244.754985,428619
180,7244.754985,431004
181,7244.754985,433389
182,7244.754985,435773
183,7244.754985,438167
184,7244.754985,440560
185,7244.754985,442954
186,7244.754985,445348
187,7244.754985,447739
188,7244.754985,450128
189,7244.754985,452513
190,7244.754985,454896
191,7244.754985,457279
192,7244.754985,459661
193,7244.754985,462043
194,7244.754985,464426
195,7244.754985,466809
196,7244.754985,469199
197,7244.754985,471589
198,7244.754985,473981
199,7244.754985,476368
200,7244.754985,478753
201,7244.754985,481136
202,7244.754985,483519
203,7244.754985,485903
204,7244.754985,488286
205,7244.754985,490670
206,7244.754985,493077
207,7244.754985,495479
208,7244.754985,497886
209,7244.754985,500284
210,7244.754985,502678
211,7244.754985,505074
212,7244.754985,507462
213,7244.754985,509851
214,7244.754985,512236
215,7244.754985,514619
216,7244.754985,517011
217,7244.754985,519394
218,7244.754985,521777
219,7244.754985,524160
220,7244.754985,526552
221,7244.754985,528941
222,7244.754985,531332
223,7244.754985,533723
224,7244.754985,536107
225,7244.754985,538491
226,7244.754985,540875
227,7244.754985,543270
228,7244.754985,545666
229,7244.754985,548072
230,7244.754985,550491
231,7244.754985,552905
232,7244.754985,555324
233,7244.754985,557738
234,7244.754985,560147
235,7244.754985,562553
236,7244.754985,564957
237,7244.754985,567353
238,7244.754985,569744
239,7244.754985,572129
240,7244.754985,574515
241,7244.754985,576900
242,7244.754985,579284
243,7244.754985,581668
244,7244.754985,584052
245,7244.754985,586443
246,7244.754985,588832
247,7244.754985,591233
248,7244.754985,593626
249,7244.754985,596023
250,7244.754985,598422
251,7244.754985,600822
252,7244.754985,603218
253,7244.754985,605606
254,7244.754985,607993
255,7244.754985,610379
256,7244.754985,612764
257,7244.754985,615149
258,7244.754985,617533
259,7244.754985,619916
260,7244.754985,622299
261,7244.754985,624683
262,7244.754985,627066
263,7244.754985,629450
264,7244.754985,631847
265,7244.754985,634237
266,7244.754985,636633
267,7244.754985,639027
268,7244.754985,641431
269,7244.754985,643831
270,7244.754985,646223
271,7244.754985,648618
272,7244.754985,651026
273,7244.754985,653444
274,7244.754985,655862
275,7244.754985,658270
276,7244.754985,660668
277,7244.754985,663074
278,7244.754985,665475
279,7244.754985,667872
280,7244.754985,670262
281,7244.754985,672654
282,7244.754985,675041
283,7244.754985,677424
284,7244.754985,679807
285,7244.754985,682190
286,7244.754985,684574
287,7244.754985,686958
288,7244.754985,689342
289,7244.754985,691725
290,7244.754985,694109
291,7244.754985,696492
292,7244.754985,698875
293,7244.754985,701260
294,7244.754985,703653
295,7244.754985,706060
296,7244.754985,708469
297,7244.754985,710878
298,7244.754985,713282
299,7244.754985,715682
300,7244.754985,718076
301,7244.754985,720466
302,7244.754985,722865
303,7244.754985,725263
7244.754985,1.868247
1,7245.214122,2376
2,7245.045959,4995
3,7244.805531,7610
4,7244.754985,10224
5,7244.754985,12834
6,7244.754985,15431
7,7244.754985,17965
8,7244.754985,20450
9,7244.754985,22895
10,7244.754985,25308
11,7244.754985,27704
12,7244.754985,30093
13,7244.754985,32481
14,7244.754985,34866
15,7244.754985,37252
16,7244.754985,39637
17,7244.754985,42024
18,7244.754985,44429
19,7244.754985,46818
20,7244.754985,49212
21,7244.754985,51600
22,7244.754985,53988
23,7244.754985,56375
24,7244.754985,58761
25,7244.754985,61147
26,7244.754985,63532
27,7244.754985,65918
28,7244.754985,68303
29,7244.754985,70689
30,7244.754985,73074
31,7244.754985,75460
32,7244.754985,77846
33,7244.754985,80232
34,7244.754985,82620
35,7244.754985,85005
36,7244.754985,87390
37,7244.754985,89776
38,7244.754985,92163
39,7244.754985,94557
40,7244.754985,96950
41,7244.754985,99340
42,7244.754985,101729
43,7244.754985,104117
44,7244.754985,106516
45,7244.754985,108913
46,7244.754985,111317
47,7244.754985,113717
48,7244.754985,116112
49,7244.754985,118506
50,7244.754985,120902
51,7244.754985,123291
52,7244.754985,125681
53,7244.754985,128069
54,7244.754985,130458
55,7244.754985,132855
56,7244.754985,135251
57,7244.754985,137651
58,7244.754985,140051
59,7244.754985,142446
60,7244.754985,144849
61,7244.754985,147247
62,7244.754985,149642
63,7244.754985,152035
64,7244.754985,154434
65,7244.754985,156826
66,7244.754985,159223
67,7244.754985,161627
68,7244.754985,164028
69,7244.754985,166426
70,7244.754985,168831
71,7244.754985,171232
72,7244.754985,173631
73,7244.754985,176022
74,7244.754985,178413
75,7244.754985,180803
76,7244.754985,183191
77,7244.754985,185580
78,7244.754985,187980
79,7244.754985,190381
80,7244.754985,192797
81,7244.754985,195204
82,7244.754985,197612
83,7244.754985,200009
84,7244.754985,202404
85,7244.754985,204796
86,7244.754985,207188
87,7244.754985,209588
88,7244.754985,211986
89,7244.754985,214385
90,7244.754985,216786
91,7244.754985,219183
92,7244.754985,221573
93,7244.754985,223960
94,7244.754985,226349
95,7244.754985,228752
96,7244.754985,231151
97,7244.754985,233543
98,7244.754985,235941
99,7244.754985,238335
100,7244.754985,240723
101,7244.754985,243111
102,7244.754985,245499
103,7244.754985,247887
104,7244.754985,250274
105,7244.754985,252661
106,7244.754985,255047
107,7244.754985,257434
108,7244.754985,259820
109,7244.754985,262206
110,7244.754985,264594
111,7244.754985,266982
112,7244.754985,269371
113,7244.754985,271762
114,7244.754985,274149
115,7244.754985,276535
116,7244.754985,278921
117,7244.754985,281307
118,7244.754985,283694
119,7244.754985,286080
120,7244.754985,288466
121,7244.754985,290852
122,7244.754985,293238
123,7244.754985,295624
124,7244.754985,298011
125,7244.754985,300409
126,7244.754985,302807
127,7244.754985,305204
128,7244.754985,307602
129,7244.754985,309999
130,7244.754985,312397
131,7244.754985,314805
132,7244.754985,317215
133,7244.754985,319623
134,7244.754985,322032
135,7244.754985,324430
136,7244.754985,326827
137,7244.754985,329222
138,7244.754985,331616
139,7244.754985,334005
140,7244.754985,336409
141,7244.754985,338801
142,7244.754985,341201
143,7244.754985,343597
144,7244.754985,345996
145,7244.754985,348404
146,7244.754985,350811
147,7244.754985,353213
148,7244.754985,355611
149,7244.754985,358003
150,7244.754985,360400
151,7244.754985,362790
152,7244.754985,365181
153,7244.754985,367572
154,7244.754985,369960
155,7244.754985,372348
156,7244.754985,374736
157,7244.754985,377123
158,7244.754985,379512
159,7244.754985,381912
160,7244.754985,384311
161,7244.754985,386711
162,7244.754985,389115
163,7244.754985,391524
164,7244.754985,393926
165,7244.754985,396323
166,7244.754985,398715
167,7244.754985,401108
168,7244.754985,403501
169,7244.754985,405894
170,7244.754985,408285
171,7244.754985,410675
172,7244.754985,413067
173,7244.754985,415459
174,7244.754985,417855
175,7244.754985,420258
176,7244.754985,422675
177,7244.754985,425092
178,7244.754985,427507
179,7244.754985,429910
180,7244.754985,432307
181,7244.754985,434699
182,7244.754985,437091
183,7244.754985,439481
184,7244.754985,441871
185,7244.754985,444259
186,7244.754985,446648
187,7244.754985,449037
188,7244.754985,451426
189,7244.754985,453814
190,7244.754985,456203
191,7244.754985,458594
192,7244.754985,460997
193,7244.754985,463396
194,7244.754985,465798
195,7244.754985,468208
196,7244.754985,470612
197,7244.754985,473005
198,7244.754985,475398
199,7244.754985,477790
200,7244.754985,480195
201,7244.754985,482588
202,7244.754985,484978
203,7244.754985,487367
204,7244.754985,489755
205,7244.754985,492144
206,7244.754985,494533
207,7244.754985,496935
208,7244.754985,499334
209,7244.754985,501732
210,7244.754985,504133
211,7244.754985,506527
212,7244.754985,508918
213,7244.754985,511307
214,7244.754985,513696
215,7244.754985,516086
216,7244.754985,518474
217,7244.754985,520863
218,7244.754985,523252
219,7244.754985,525640
220,7244.754985,528027
221,7244.754985,530415
222,7244.754985,532805
223,7244.754985,535205
224,7244.754985,537602
225,7244.754985,540013
226,7244.754985,542418
227,7244.754985,544823
228,7244.754985,547215
229,7244.754985,549617
230,7244.754985,552012
231,7244.754985,554407
232,7244.754985,556800
233,7244.754985,559192
234,7244.754985,561592
235,7244.754985,564001
236,7244.754985,566400
237,7244.754985,568797
238,7244.754985,571191
239,7244.754985,573586
240,7244.754985,575977
241,7244.754985,578375
242,7244.754985,580772
243,7244.754985,583168
244,7244.754985,585560
245,7244.754985,587952
246,7244.754985,590344
247,7244.754985,592738
248,7244.754985,595140
249,7244.754985,597541
250,7244.754985,599943
251,7244.754985,602343
252,7244.754985,604745
253,7244.754985,607137
254,7244.754985,609532
255,7244.754985,611925
256,7244.754985,614318
257,7244.754985,616709
258,7244.754985,619098
259,7244.754985,621489
260,7244.754985,623880
261,7244.754985,626270
262,7244.754985,628660
263,7244.754985,631058
264,7244.754985,633449
265,7244.754985,635838
266,7244.754985,638227
267,7244.754985,640618
268,7244.754985,643012
269,7244.754985,645402
270,7244.754985,647791
271,7244.754985,650180
272,7244.754985,652570
273,7244.754985,654960
274,7244.754985,657360
275,7244.754985,659756
276,7244.754985,662152
277,7244.754985,664547
278,7244.754985,666942
279,7244.754985,669340
280,7244.754985,671734
281,7244.754985,674124
282,7244.754985,676523
283,7244.754985,678917
284,7244.754985,681311
285,7244.754985,683704
286,7244.754985,686112
287,7244.754985,688511
288,7244.754985,690916
289,7244.754985,693317
290,7244.754985,695711
291,7244.754985,698104
292,7244.754985,700496
293,7244.754985,702886
294,7244.754985,705277
295,7244.754985,707667
296,7244.754985,710067
297,7244.754985,712464
298,7244.754985,714866
299,7244.754985,717263
300,7244.754985,719656
301,7244.754985,722050
302,7244.754985,724443
7244.754985,1.875005
1,7245.045959,2376
2,7245.045959,4996
3,7244.754985,7615
4,7244.754985,10236
5,7244.754985,12847
6,7244.754985,15432
7,7244.754985,17950
8,7244.754985,20410
9,7244.754985,22833
10,7244.754985,25239
11,7244.754985,27631
12,7244.754985,30018
13,7244.754985,32405
14,7244.754985,34789
15,7244.754985,37172
16,7244.754985,39553
17,7244.754985,41935
18,7244.754985,44316
19,7244.754985,46697
20,7244.754985,49078
21,7244.754985,51460
22,7244.754985,53852
23,7244.754985,56243
24,7244.754985,58634
25,7244.754985,61020
26,7244.754985,63407
27,7244.754985,65790
28,7244.754985,68174
29,7244.754985,70570
30,7244.754985,72963
31,7244.754985,75361
32,7244.754985,77750
33,7244.754985,80147
34,7244.754985,82540
35,7244.754985,84926
36,7244.754985,87312
37,7244.754985,89694
38,7244.754985,92078
39,7244.754985,94473
40,7244.754985,96867
41,7244.754985,99259
42,7244.754985,101652
43,7244.754985,104037
44,7244.754985,106422
45,7244.754985,108805
46,7244.754985,111188
47,7244.754985,113570
48,7244.754985,115965
49,7244.754985,118361
50,7244.754985,120754
51,7244.754985,123144
52,7244.754985,125528
53,7244.754985,127914
54,7244.754985,130304
55,7244.754985,132703
56,7244.754985,135108
57,7244.754985,137505
58,7244.754985,139899
59,7244.754985,142302
60,7244.754985,144694
61,7244.754985,147089
62,7244.754985,149477
63,7244.754985,151864
64,7244.754985,154248
65,7244.754985,156638
66,7244.754985,159025
67,7244.754985,161406
68,7244.754985,163788
69,7244.754985,166169
70,7244.754985,168550
71,7244.754985,170931
72,7244.754985,173313
73,7244.754985,175694
74,7244.754985,178076
75,7244.754985,180458
76,7244.754985,182840
77,7244.754985,185224
78,7244.754985,187622
79,7244.754985,190033
80,7244.754985,192466
81,7244.754985,194883
82,7244.754985,197300
83,7244.754985,199696
84,7244.754985,202090
85,7244.754985,204476
86,7244.754985,206860
87,7244.754985,209245
88,7244.754985,211628
89,7244.754985,214017
90,7244.754985,216419
91,7244.754985,218814
92,7244.754985,221202
93,7244.754985,223599
94,7244.754985,225993
95,7244.754985,228380
96,7244.754985,230765
97,7244.754985,233148
98,7244.754985,235531
99,7244.754985,237928
100,7244.754985,240325
101,7244.754985,242722
102,7244.754985,245119
103,7244.754985,247515
104,7244.754985,249903
105,7244.754985,252296
106,7244.754985,254688
107,7244.754985,257093
108,7244.754985,259503
109,7244.754985,261905
110,7244.754985,264305
111,7244.754985,266712
112,7244.754985,269121
113,7244.754985,271527
114,7244.754985,273930
115,7244.754985,276333
116,7244.754985,278724
117,7244.754985,281125
118,7244.754985,283515
119,7244.754985,285899
120,7244.754985,288283
121,7244.754985,290665
122,7244.754985,293047
123,7244.754985,295429
124,7244.754985,297813
125,7244.754985,300202
126,7244.754985,302591
127,7244.754985,304980
128,7244.754985,307369
129,7244.754985,309755
130,7244.754985,312142
131,7244.754985,314529
132,7244.754985,316918
133,7244.754985,319305
134,7244.754985,321694
135,7244.754985,324078
136,7244.754985,326462
137,7244.754985,328855
138,7244.754985,331246
139,7244.754985,333639
140,7244.754985,336032
141,7244.754985,338427
142,7244.754985,340821
143,7244.754985,343213
144,7244.754985,345606
145,7244.754985,347993
146,7244.754985,350380
147,7244.754985,352780
148,7244.754985,355174
149,7244.754985,357562
150,7244.754985,359948
151,7244.754985,362330
152,7244.754985,364712
153,7244.754985,367105
154,7244.754985,369498
155,7244.754985,371889
156,7244.754985,374286
157,7244.754985,376685
158,7244.754985,379088
159,7244.754985,381487
160,7244.754985,383874
161,7244.754985,386259
162,7244.754985,388642
163,7244.754985,391024
164,7244.754985,393407
165,7244.754985,395789
166,7244.754985,398171
167,7244.754985,400552
168,7244.754985,402934
169,7244.754985,405317
170,7244.754985,407712
171,7244.754985,410102
172,7244.754985,412493
173,7244.754985,414885
174,7244.754985,417271
175,7244.754985,419655
176,7244.754985,422040
177,7244.754985,424434
178,7244.754985,426839
179,7244.754985,429235
180,7244.754985,431632
181,7244.754985,434021
182,7244.754985,436407
183,7244.754985,438790
184,7244.754985,441174
185,7244.754985,443570
186,7244.754985,445968
187,7244.754985,448374
188,7244.754985,450776
189,7244.754985,453175
190,7244.754985,455582
191,7244.754985,457981
192,7244.754985,460372
193,7244.754985,462760
194,7244.754985,465152
195,7244.754985,467547
196,7244.754985,469942
197,7244.754985,472332
198,7244.754985,474722
199,7244.754985,477110
200,7244.754985,479499
201,7244.754985,481886
202,7244.754985,484270
203,7244.754985,486654
204,7244.754985,489048
205,7244.754985,491438
206,7244.754985,493839
207,7244.754985,496233
208,7244.754985,498640
209,7244.754985,501039
210,7244.754985,503433
211,7244.754985,505840
212,7244.754985,508238
213,7244.754985,510630
214,7244.754985,513020
215,7244.754985,515408
216,7244.754985,517806
217,7244.754985,520205
218,7244.754985,522609
219,7244.754985,525002
220,7244.754985,527406
221,7244.754985,529799
222,7244.754985,532195
223,7244.754985,534580
224,7244.754985,536966
225,7244.754985,539349
226,7244.754985,541732
227,7244.754985,544120
228,7244.754985,546509
229,7244.754985,548903
230,7244.754985,551288
231,7244.754985,553671
232,7244.754985,556055
233,7244.754985,558441
234,7244.754985,560825
235,7244.754985,563209
236,7244.754985,565602
237,7244.754985,567995
238,7244.754985,570389
239,7244.754985,572783
240,7244.754985,575179
241,7244.754985,577575
242,7244.754985,579961
243,7244.754985,582353
244,7244.754985,584745
245,7244.754985,587136
246,7244.754985,589525
247,7244.754985,591910
248,7244.754985,594293
249,7244.754985,596676
250,7244.754985,599058
251,7244.754985,601440
252,7244.754985,603822
253,7244.754985,606205
254,7244.754985,608588
255,7244.754985,610971
256,7244.754985,613362
257,7244.754985,615751
258,7244.754985,618137
259,7244.754985,620520
260,7244.754985,622914
261,7244.754985,625308
262,7244.754985,627697
263,7244.754985,630081
264,7244.754985,632464
265,7244.754985,634847
266,7244.754985,637243
267,7244.754985,639642
268,7244.754985,642049
269,7244.754985,644451
270,7244.754985,646865
271,7244.754985,649272
272,7244.754985,651677
273,7244.754985,654069
274,7244.754985,656460
275,7244.754985,658846
276,7244.754985,661230
277,7244.754985,663614
278,7244.754985,665998
279,7244.754985,668382
280,7244.754985,670764
281,7244.754985,673147
282,7244.754985,675530
283,7244.754985,677925
284,7244.754985,680318
285,7244.754985,682712
286,7244.754985,685106
287,7244.754985,687492
288,7244.754985,689875
289,7244.754985,692257
290,7244.754985,694639
291,7244.754985,697022
292,7244.754985,699405
293,7244.754985,701789
294,7244.754985,704183
295,7244.754985,706573
296,7244.754985,708963
297,7244.754985,711357
298,7244.754985,713766
299,7244.754985,716164
300,7244.754985,718576
301,7244.754985,720977
302,7244.754985,723376
7244.754985,1.901611
1,7245.257232,2376
2,7244.864877,5004
3,7244.782536,7630
4,7244.754985,10242
5,7244.754985,12859
6,7244.754985,15468
7,7244.754985,18011
8,7244.754985,20498
9,7244.754985,22957
10,7244.754985,25380
11,7244.754985,27782
12,7244.754985,30172
13,7244.754985,32555
14,7244.754985,34939
15,7244.754985,37322
16,7244.754985,39704
17,7244.754985,42089
18,7244.754985,44481
19,7244.754985,46873
20,7244.754985,49263
21,7244.754985,51651
22,7244.754985,54035
23,7244.754985,56419
24,7244.754985,58818
25,7244.754985,61214
26,7244.754985,63612
27,7244.754985,66009
28,7244.754985,68408
29,7244.754985,70799
30,7244.754985,73200
31,7244.754985,75603
32,7244.754985,78009
33,7244.754985,80410
34,7244.754985,82812
35,7244.754985,85223
36,7244.754985,87631
37,7244.754985,90033
38,7244.754985,92423
39,7244.754985,94807
40,7244.754985,97193
41,7244.754985,99587
42,7244.754985,101975
43,7244.754985,104379
44,7244.754985,106778
45,7244.754985,109181
46,7244.754985,111579
47,7244.754985,113972
48,7244.754985,116362
49,7244.754985,118749
50,7244.754985,121136
51,7244.754985,123521
52,7244.754985,125906
53,7244.754985,128290
54,7244.754985,130676
55,7244.754985,133070
56,7244.754985,135462
57,7244.754985,137852
58,7244.754985,140239
59,7244.754985,142623
60,7244.754985,145007
61,7244.754985,147390
62,7244.754985,149773
63,7244.754985,152156
64,7244.754985,154539
65,7244.754985,156922
66,7244.754985,159305
67,7244.754985,161688
68,7244.754985,164071
69,7244.754985,166454
70,7244.754985,168837
71,7244.754985,171220
72,7244.754985,173604
73,7244.754985,175989
74,7244.754985,178381
75,7244.754985,180780
76,7244.754985,183180
77,7244.754985,185589
78,7244.754985,188010
79,7244.754985,190420
80,7244.754985,192831
81,7244.754985,195224
82,7244.754985,197631
83,7244.754985,200021
84,7244.754985,202407
85,7244.754985,204803
86,7244.754985,207200
87,7244.754985,209592
88,7244.754985,211980
89,7244.754985,214366
90,7244.754985,216751
91,7244.754985,219134
92,7244.754985,221517
93,7244.754985,223901
94,7244.754985,226298
95,7244.754985,228691
96,7244.754985,231101
97,7244.754985,233504
98,7244.754985,235896
99,7244.754985,238282
100,7244.754985,240669
101,7244.754985,243058
102,7244.754985,245446
103,7244.754985,247831
104,7244.754985,250217
105,7244.754985,252605
106,7244.754985,254990
107,7244.754985,257391
108,7244.754985,259788
109,7244.754985,262188
110,7244.754985,264587
111,7244.754985,266979
112,7244.754985,269370
113,7244.754985,271758
114,7244.754985,274143
115,7244.754985,276537
116,7244.754985,278931
117,7244.754985,281325
118,7244.754985,283711
119,7244.754985,286097
120,7244.754985,288483
121,7244.754985,290867
122,7244.754985,293250
123,7244.754985,295633
124,7244.754985,298016
125,7244.754985,300400
126,7244.754985,302784
127,7244.754985,305167
128,7244.754985,307551
129,7244.754985,309937
130,7244.754985,312340
131,7244.754985,314740
132,7244.754985,317146
133,7244.754985,319547
134,7244.754985,321945
135,7244.754985,324336
136,7244.754985,326727
137,7244.754985,329112
138,7244.754985,331498
139,7244.754985,333886
140,7244.754985,336274
141,7244.754985,338660
142,7244.754985,341045
143,7244.754985,343429
144,7244.754985,345814
145,7244.754985,348217
146,7244.754985,350633
147,7244.754985,353041
148,7244.754985,355451
149,7244.754985,357855
150,7244.754985,360261
151,7244.754985,362660
152,7244.754985,365051
153,7244.754985,367454
154,7244.754985,369873
155,7244.754985,372285
156,7244.754985,374675
157,7244.754985,377070
158,7244.754985,379479
159,7244.754985,381886
160,7244.754985,384288
161,7244.754985,386679
162,7244.754985,389069
163,7244.754985,391458
164,7244.754985,393845
165,7244.754985,396231
166,7244.754985,398616
167,7244.754985,401000
168,7244.754985,403384
169,7244.754985,405769
170,7244.754985,408155
171,7244.754985,410544
172,7244.754985,412933
173,7244.754985,415322
174,7244.754985,417710
175,7244.754985,420096
176,7244.754985,422486
177,7244.754985,424880
178,7244.754985,427269
179,7244.754985,429659
180,7244.754985,432046
181,7244.754985,434439
182,7244.754985,436833
183,7244.754985,439226
184,7244.754985,441620
185,7244.754985,444011
186,7244.754985,446402
187,7244.754985,448789
188,7244.754985,451177
189,7244.754985,453565
190,7244.754985,455951
191,7244.754985,458336
192,7244.754985,460721
193,7244.754985,463105
194,7244.754985,465490
195,7244.754985,467876
196,7244.754985,470264
197,7244.754985,472652
198,7244.754985,475043
199,7244.754985,477438
200,7244.754985,479832
201,7244.754985,482222
202,7244.754985,484630
203,7244.754985,487027
204,7244.754985,489429
205,7244.754985,491823
206,7244.754985,494221
207,7244.754985,496618
208,7244.754985,499015
209,7244.754985,501406
210,7244.722003,503796
211,7244.722003,506187
212,7244.722003,508577
213,7244.722003,510981
214,7244.722003,513385
215,7244.722003,515786
216,7244.722003,518188
217,7244.722003,520588
218,7244.722003,522980
219,7244.722003,525369
220,7244.722003,527757
221,7244.722003,530145
222,7244.722003,532532
223,7244.722003,534918
224,7244.722003,537303
225,7244.722003,539688
226,7244.722003,542075
227,7244.722003,544465
228,7244.722003,546853
229,7244.722003,549239
230,7244.722003,551639
231,7244.722003,554039
232,7244.722003,556436
233,7244.722003,558834
234,7244.722003,561229
235,7244.722003,563617
236,7244.722003,566004
237,7244.722003,568389
238,7244.722003,570774
239,7244.722003,573160
240,7244.722003,575545
241,7244.722003,577931
242,7244.722003,580318
243,7244.722003,582705
244,7244.722003,585096
245,7244.722003,587492
246,7244.722003,589891
247,7244.722003,592291
248,7244.722003,594687
249,7244.722003,597088
250,7244.722003,599484
251,7244.722003,601874
252,7244.722003,604269
253,7244.722003,606659
254,7244.722003,609047
255,7244.722003,611440
256,7244.722003,613833
257,7244.722003,616224
258,7244.722003,618615
259,7244.722003,621000
260,7244.722003,623386
261,7244.722003,625774
262,7244.722003,628175
263,7244.722003,630569
264,7244.722003,632968
265,7244.722003,635366
266,7244.722003,637765
267,7244.722003,640163
268,7244.722003,642564
269,7244.722003,644956
270,7244.722003,647347
271,7244.722003,649740
272,7244.722003,652136
273,7244.722003,654532
274,7244.722003,656930
275,7244.722003,659323
276,7244.722003,661717
277,7244.722003,664109
278,7244.722003,666499
279,7244.722003,668885
280,7244.722003,671271
281,7244.722003,673656
282,7244.722003,676042
283,7244.722003,678431
284,7244.722003,680818
285,7244.722003,683212
286,7244.722003,685619
287,7244.722003,688020
288,7244.722003,690423
289,7244.722003,692815
290,7244.722003,695208
291,7244.722003,697607
292,7244.722003,700006
293,7244.722003,702400
294,7244.722003,704794
295,7244.722003,707185
296,7244.722003,709573
297,7244.722003,711959
298,7244.722003,714345
299,7244.722003,716730
300,7244.722003,719116
301,7244.722003,721501
302,7244.722003,723886
7244.722003,1.848111
1,7245.197610,2376
2,7245.197610,5031
3,7244.782536,7677
4,7244.754985,10326
5,7244.754985,12973
6,7244.754985,15601
7,7244.754985,18149
8,7244.754985,20643
9,7244.754985,23117
10,7244.754985,25536
11,7244.754985,27937
12,7244.754985,30329
13,7244.754985,32715
14,7244.754985,35099
15,7244.754985,37484
16,7244.754985,39869
17,7244.754985,42254
18,7244.754985,44639
19,7244.754985,47023
20,7244.754985,49407
21,7244.754985,51791
22,7244.754985,54176
23,7244.754985,56579
24,7244.754985,58982
25,7244.754985,61384
26,7244.754985,63783
27,7244.754985,66185
28,7244.754985,68582
29,7244.754985,70976
30,7244.754985,73367
31,7244.754985,75756
32,7244.754985,78144
33,7244.754985,80553
34,7244.754985,82969
35,7244.754985,85370
36,7244.754985,87765
37,7244.754985,90161
38,7244.754985,92548
39,7244.754985,94937
40,7244.754985,97325
41,7244.754985,99712
42,7244.754985,102109
43,7244.754985,104496
44,7244.754985,106897
45,7244.754985,109297
46,7244.754985,111702
47,7244.754985,114107
48,7244.754985,116504
49,7244.754985,118920
50,7244.754985,121321
51,7244.754985,123716
52,7244.754985,126104
53,7244.754985,128490
54,7244.754985,130877
55,7244.754985,133263
56,7244.754985,135648
57,7244.754985,138034
58,7244.754985,140434
59,7244.754985,142830
60,7244.754985,145219
61,7244.754985,147607
62,7244.754985,149998
63,7244.754985,152386
64,7244.754985,154773
65,7244.754985,157160
66,7244.754985,159548
67,7244.754985,161935
68,7244.754985,164322
69,7244.754985,166711
70,7244.754985,169105
71,7244.754985,171499
72,7244.754985,173893
73,7244.754985,176283
74,7244.754985,178683
75,7244.754985,181077
76,7244.754985,183465
77,7244.754985,185853
78,7244.754985,188241
79,7244.754985,190631
80,7244.754985,193019
81,7244.754985,195406
82,7244.754985,197794
83,7244.754985,200193
84,7244.754985,202596
85,7244.754985,204992
86,7244.754985,207394
87,7244.754985,209797
88,7244.754985,212200
89,7244.754985,214611
90,7244.754985,217013
91,7244.754985,219418
92,7244.754985,221822
93,7244.754985,224216
94,7244.754985,226622
95,7244.754985,229023
96,7244.754985,231414
97,7244.754985,233804
98,7244.754985,236194
99,7244.754985,238582
100,7244.754985,240969
101,7244.754985,243356
102,7244.754985,245742
103,7244.754985,248129
104,7244.754985,250518
105,7244.754985,252916
106,7244.754985,255308
107,7244.754985,257697
108,7244.754985,260090
109,7244.754985,262479
110,7244.754985,264867
111,7244.754985,267254
112,7244.754985,269640
113,7244.754985,272026
114,7244.754985,274428
115,7244.754985,276822
116,7244.754985,279231
117,7244.754985,281623
118,7244.754985,284015
119,7244.754985,286402
120,7244.754985,288790
121,7244.754985,291190
122,7244.754985,293589
123,7244.754985,295988
124,7244.754985,298382
125,7244.754985,300780
126,7244.754985,303184
127,7244.754985,305581
128,7244.754985,307986
129,7244.754985,310376
130,7244.754985,312768
131,7244.754985,315170
132,7244.754985,317583
133,7244.754985,319990
134,7244.754985,322391
135,7244.754985,324793
136,7244.754985,327191
137,7244.754985,329583
138,7244.754985,331976
139,7244.754985,334369
140,7244.754985,336772
141,7244.754985,339173
142,7244.754985,341570
143,7244.754985,343967
144,7244.754985,346368
145,7244.754985,348761
146,7244.754985,351150
147,7244.754985,353536
148,7244.754985,355922
149,7244.754985,358308
150,7244.754985,360694
151,7244.754985,363080
152,7244.754985,365471
153,7244.754985,367859
154,7244.754985,370246
155,7244.754985,372633
156,7244.754985,375022
157,7244.754985,377412
158,7244.754985,379816
159,7244.754985,382216
160,7244.754985,384613
161,7244.754985,387007
162,7244.754985,389403
163,7244.754985,391836
164,7244.754985,394263
165,7244.754985,396665
166,7244.754985,399063
167,7244.754985,401459
168,7244.754985,403852
169,7244.754985,406240
170,7244.754985,408629
171,7244.754985,411017
172,7244.754985,413405
173,7244.754985,415795
174,7244.754985,418183
175,7244.754985,420569
176,7244.754985,422956
177,7244.754985,425345
178,7244.754985,427732
179,7244.754985,430120
180,7244.754985,432514
181,7244.754985,434906
182,7244.754985,437294
183,7244.754985,439683
184,7244.754985,442087
185,7244.754985,444481
186,7244.754985,446893
187,7244.754985,449286
188,7244.754985,451675
189,7244.754985,454063
190,7244.754985,456451
191,7244.754985,458838
192,7244.754985,461226
193,7244.754985,463630
194,7244.754985,466042
195,7244.754985,468454
196,7244.754985,470853
197,7244.754985,473250
198,7244.754985,475643
199,7244.754985,478032
200,7244.754985,480426
201,7244.754985,482819
202,7244.754985,485210
203,7244.754985,487599
204,7244.754985,489989
205,7244.754985,492387
206,7244.754985,494791
207,7244.754985,497193
208,7244.754985,499597
209,7244.754985,501997
210,7244.754985,504398
211,7244.754985,506797
212,7244.754985,509187
213,7244.754985,511578
214,7244.754985,513975
215,7244.754985,516379
216,7244.754985,518777
217,7244.754985,521171
218,7244.754985,523562
219,7244.754985,525951
220,7244.754985,528338
221,7244.754985,530724
222,7244.754985,533110
223,7244.754985,535498
224,7244.754985,537899
225,7244.754985,540302
226,7244.754985,542698
227,7244.754985,545099
228,7244.754985,547493
229,7244.754985,549881
230,7244.754985,552278
231,7244.754985,554668
232,7244.754985,557071
233,7244.754985,559474
234,7244.754985,561875
235,7244.754985,564266
236,7244.754985,566656
237,7244.754985,569044
238,7244.754985,571432
239,7244.754985,573834
240,7244.754985,576230
241,7244.754985,578623
242,7244.754985,581012
243,7244.754985,583398
244,7244.754985,585784
245,7244.754985,588171
246,7244.754985,590558
247,7244.754985,592945
248,7244.754985,595331
249,7244.754985,597717
250,7244.754985,600102
251,7244.754985,602489
252,7244.754985,604875
253,7244.754985,607271
254,7244.754985,609659
255,7244.754985,612046
256,7244.754985,614432
257,7244.754985,616819
258,7244.754985,619207
259,7244.754985,621596
260,7244.754985,623986
261,7244.754985,626373
262,7244.754985,628759
263,7244.754985,631145
264,7244.754985,633531
265,7244.754985,635916
266,7244.754985,638301
267,7244.754985,640686
268,7244.754985,643072
269,7244.754985,645457
270,7244.754985,647843
271,7244.754985,650230
272,7244.754985,652617
273,7244.754985,655003
274,7244.754985,657388
275,7244.754985,659775
276,7244.754985,662167
277,7244.754985,664551
278,7244.754985,666936
279,7244.754985,669322
280,7244.754985,671709
281,7244.754985,674097
282,7244.754985,676484
283,7244.754985,678869
284,7244.754985,681256
285,7244.754985,683643
286,7244.754985,686028
287,7244.754985,688416
288,7244.754985,690817
289,7244.754985,693219
290,7244.754985,695625
291,7244.754985,698046
292,7244.754985,700456
293,7244.754985,702872
294,7244.754985,705277
295,7244.754985,707681
296,7244.754985,710082
297,7244.754985,712473
298,7244.754985,714859
299,7244.754985,717245
300,7244.754985,719632
301,7244.754985,722018
302,7244.754985,724403
7244.754985,1.882555
