1,20453.781724,2376
2,20427.278782,4752
3,20406.556317,7129
4,20392.244208,9505
5,20379.650654,11883
6,20359.124653,14263
7,20335.848112,16648
8,20327.716183,19036
9,20306.660108,21429
10,20298.401249,23829
11,20292.161578,26228
12,20277.665591,28634
13,20256.581443,31048
14,20250.155578,33470
15,20233.818200,35893
16,20229.143867,38321
17,20226.540671,40760
18,20226.540671,43208
19,20220.584545,45666
20,20220.584545,48132
21,20220.584545,50607
22,20220.584545,53099
23,20220.584545,55596
24,20220.584545,58109
25,20220.584545,60616
26,20220.584545,63139
27,20220.584545,65671
28,20220.584545,68211
29,20220.584545,70739
30,20220.584545,73278
31,20220.584545,75823
32,20220.035134,78368
33,20212.563111,80892
34,20212.563111,83414
35,20211.832522,85943
36,20211.765968,88447
37,20211.709599,90951
38,20211.629798,93457
39,20211.509514,95962
40,20211.509514,98470
41,20182.458422,100976
42,20182.458422,103446
43,20182.458422,105923
44,20182.458422,108402
45,20182.458422,110894
46,20182.458422,113374
47,20182.458422,115855
48,20182.458422,118344
49,20182.458422,120837
50,20182.458422,123328
51,20182.458422,125816
52,20182.458422,128292
53,20182.458422,130768
54,20182.458422,133242
55,20182.458422,135729
56,20182.458422,138218
57,20182.458422,140709
58,20182.458422,143201
59,20182.458422,145692
60,20182.458422,148172
61,20182.458422,150648
62,20182.458422,153124
63,20182.458422,155597
64,20182.458422,158076
65,20182.458422,160539
66,20182.458422,163007
67,20181.913152,165473
68,20181.913152,167937
69,20181.913152,170401
70,20181.913152,172860
71,20181.913152,175318
72,20181.913152,177785
73,20174.305002,180261
74,20173.871740,182736
75,20173.871740,185212
76,20173.871740,187688
77,20173.871740,190133
78,20173.871740,192581
79,20173.787930,195021
80,20173.787930,197459
81,20173.787930,199902
82,20173.787930,202342
83,20173.787930,204782
84,20173.787930,207224
85,20173.787930,209666
86,20173.787930,212104
87,20172.910109,214542
88,20172.910109,216979
89,20172.910109,219420
90,20172.910109,221862
91,20172.910109,224303
92,20172.910109,226743
93,20172.910109,229190
94,20172.910109,231631
95,20172.910109,234081
96,20172.910109,236512
97,20172.910109,238941
98,20172.910109,241373
99,20172.910109,243792
100,20172.910109,246221
101,20172.910109,248651
102,20172.910109,251080
103,20172.910109,253499
104,20172.910109,255919
105,20172.910109,258349
106,20172.910109,260786
107,20172.910109,263209
108,20172.910109,265631
109,20172.910109,268052
110,20172.910109,270478
111,20172.910109,272891
112,20172.910109,275305
113,20172.910109,277721
114,20172.910109,280136
115,20172.910109,282543
116,20172.910109,284951
117,20172.910109,287358
118,20172.910109,289770
119,20172.910109,292184
120,20172.910109,294600
121,20172.910109,297021
122,20172.910109,299444
123,20172.910109,301866
124,20172.910109,304291
125,20172.910109,306719
126,20172.910109,309139
127,20172.910109,311559
128,20172.910109,313973
129,20172.910109,316399
130,20172.910109,318829
131,20172.910109,321247
132,20172.910109,323654
133,20172.910109,326052
134,20172.910109,328450
135,20172.910109,330855
136,20172.910109,333257
137,20172.910109,335658
138,20172.910109,338062
139,20172.910109,340468
140,20172.910109,342864
141,20172.910109,345262
142,20172.910109,347667
143,20172.910109,350074
144,20172.910109,352466
145,20172.910109,354860
146,20172.910109,357253
147,20172.910109,359645
148,20172.910109,362037
149,20172.910109,364423
150,20172.910109,366810
151,20172.910109,369197
152,20172.910109,371583
153,20172.910109,373968
154,20172.910109,376353
155,20172.910109,378744
156,20172.910109,381134
157,20172.910109,383523
158,20172.910109,385906
159,20172.910109,388289
160,20172.910109,390671
161,20172.910109,393053
162,20172.910109,395439
163,20172.910109,397833
164,20172.910109,400233
165,20172.910109,402634
166,20172.910109,405017
167,20172.910109,407401
168,20172.910109,409783
169,20172.910109,412164
170,20172.910109,414550
171,20172.910109,416946
172,20172.910109,419347
173,20172.910109,421744
174,20172.910109,424139
175,20172.910109,426536
176,20172.910109,428918
177,20172.910109,431299
178,20172.910109,433681
179,20172.910109,436063
180,20172.910109,438445
181,20172.910109,440828
182,20172.910109,443211
183,20172.910109,445593
184,20172.910109,447974
185,20172.910109,450356
186,20172.910109,452739
187,20172.910109,455121
188,20172.910109,457514
189,20172.910109,459903
190,20172.910109,462294
191,20172.910109,464684
192,20172.910109,467070
193,20172.910109,469467
194,20172.910109,471852
195,20172.910109,474249
196,20172.910109,476646
197,20172.910109,479033
198,20172.910109,481425
199,20172.910109,483820
200,20172.910109,486203
201,20172.910109,488586
202,20172.910109,490974
203,20172.910109,493368
204,20172.910109,495766
205,20172.910109,498164
206,20172.910109,500547
207,20172.910109,502931
208,20172.910109,505314
209,20172.910109,507696
210,20172.910109,510078
211,20172.910109,512460
212,20172.910109,514842
213,20172.910109,517223
214,20172.910109,519605
215,20172.910109,521986
216,20172.910109,524368
217,20172.910109,526750
218,20172.910109,529131
219,20172.910109,531513
220,20172.910109,533895
221,20172.910109,536277
222,20172.910109,538661
223,20172.910109,541046
224,20172.910109,543437
225,20172.910109,545840
226,20172.910109,548252
227,20172.910109,550665
228,20172.910109,553076
229,20172.910109,555473
230,20172.910109,557879
231,20172.910109,560287
232,20172.910109,562695
233,20172.910109,565088
234,20172.910109,567489
235,20172.910109,569890
236,20172.910109,572275
237,20172.910109,574660
238,20172.910109,577048
239,20172.910109,579436
240,20172.910109,581825
241,20172.910109,584213
242,20172.910109,586600
243,20172.910109,588989
244,20172.910109,591377
245,20172.910109,593762
246,20172.910109,596147
247,20172.910109,598532
248,20172.910109,600919
249,20172.910109,603307
250,20172.910109,605695
251,20172.910109,608081
252,20172.910109,610468
253,20172.910109,612856
254,20172.910109,615249
255,20172.910109,617648
256,20172.910109,620035
257,20172.910109,622420
258,20172.910109,624809
259,20172.910109,627203
260,20172.910109,629596
261,20172.910109,631990
262,20172.910109,634374
263,20172.910109,636759
264,20172.910109,639145
265,20172.910109,641531
266,20172.910109,643920
267,20172.910109,646317
268,20172.910109,648713
269,20172.910109,651098
270,20172.910109,653494
271,20172.910109,655891
272,20172.910109,658290
273,20172.910109,660674
274,20172.910109,663060
275,20172.910109,665446
276,20172.910109,667832
277,20172.910109,670217
278,20172.910109,672603
279,20172.910109,674994
280,20172.910109,677389
281,20172.910109,679795
282,20172.910109,682194
283,20172.910109,684593
284,20172.910109,686980
285,20172.910109,689371
286,20172.910109,691770
287,20172.910109,694173
288,20172.910109,696553
289,20172.910109,698935
290,20172.910109,701317
291,20172.910109,703698
292,20172.910109,706079
293,20172.910109,708460
294,20172.910109,710842
20172.910109,45.711597
1,20436.523166,2376
2,20424.416942,4752
3,20405.586706,7128
4,20389.535143,9504
5,20373.517290,11880
6,20357.304696,14257
7,20339.858764,16634
8,20332.428356,19019
9,20320.646972,21406
10,20307.224518,23807
11,20303.739043,26219
12,20294.645066,28640
13,20284.313844,31061
14,20280.683995,33495
15,20273.353507,35929
16,20269.642436,38374
17,20248.831326,40827
18,20243.564504,43283
19,20239.949396,45743
20,20238.291057,48207
21,20225.512569,50670
22,20225.512569,53139
23,20216.246755,55617
24,20215.966177,58094
25,20214.961427,60576
26,20214.938587,63063
27,20214.938587,65548
28,20214.938587,68039
29,20214.902234,70532
30,20214.902234,73032
31,20212.584238,75535
32,20212.584238,78046
33,20212.483936,80565
34,20212.483936,83092
35,20212.467748,85626
36,20212.429807,88167
37,20212.424752,90709
38,20212.424752,93254
39,20212.424752,95802
40,20212.424752,98353
41,20212.031563,100903
42,20212.031563,103455
43,20207.720537,105989
44,20207.720537,108530
45,20180.560366,111060
46,20180.560366,113571
47,20177.219000,116082
48,20177.219000,118603
49,20177.219000,121130
50,20177.219000,123651
51,20173.871740,126179
52,20173.871740,128691
53,20173.871740,131207
54,20173.871740,133724
55,20173.871740,136243
56,20173.871740,138751
57,20173.871740,141258
58,20173.871740,143767
59,20173.871740,146275
60,20173.871740,148777
61,20173.871740,151280
62,20173.871740,153785
63,20173.871740,156291
64,20173.871740,158799
65,20173.871740,161307
66,20173.871740,163817
67,20173.871740,166325
68,20173.871740,168828
69,20173.871740,171330
70,20173.871740,173826
71,20173.871740,176314
72,20173.871740,178808
73,20173.871740,181297
74,20173.871740,183775
75,20173.871740,186251
76,20173.871740,188742
77,20173.871740,191217
78,20173.871740,193693
79,20173.871740,196166
80,20173.871740,198643
81,20173.871740,201108
82,20173.871740,203579
83,20173.871740,206048
84,20173.871740,208530
85,20173.871740,211012
86,20173.871740,213468
87,20173.871740,215919
88,20173.871740,218378
89,20173.871740,220850
90,20173.871740,223316
91,20173.871740,225775
92,20173.871740,228237
93,20173.871740,230698
94,20173.871740,233165
95,20173.871740,235637
96,20173.871740,238100
97,20173.871740,240562
98,20173.871740,243022
99,20173.871740,245483
100,20173.871740,247932
101,20173.871740,250379
102,20173.871740,252830
103,20173.871740,255281
104,20173.871740,257733
105,20173.871740,260183
106,20173.871740,262634
107,20173.871740,265086
108,20173.871740,267540
109,20173.871740,270000
110,20173.871740,272457
111,20173.871740,274915
112,20173.871740,277376
113,20173.871740,279837
114,20173.871740,282287
115,20173.871740,284738
116,20173.871740,287191
117,20173.871740,289653
118,20173.871740,292118
119,20173.871740,294582
120,20173.871740,297019
121,20173.871740,299456
122,20173.871740,301898
123,20173.871740,304341
124,20173.871740,306782
125,20173.871740,309224
126,20173.871740,311667
127,20173.871740,314106
128,20173.871740,316551
129,20173.871740,319006
130,20173.871740,321461
131,20173.871740,323914
132,20173.871740,326358
133,20173.871740,328801
134,20173.871740,331245
135,20173.871740,333690
136,20173.871740,336133
137,20173.871740,338577
138,20173.871740,341018
139,20173.871740,343461
140,20173.871740,345905
141,20173.871740,348347
142,20173.871740,350791
143,20173.871740,353235
144,20173.871740,355688
145,20173.871740,358141
146,20173.871740,360585
147,20173.871740,363027
148,20173.871740,365474
149,20173.871740,367930
150,20173.871740,370386
151,20173.871740,372830
152,20173.871740,375262
153,20173.871740,377693
154,20173.871740,380124
155,20173.871740,382554
156,20173.871740,384985
157,20173.871740,387415
158,20173.871740,389845
159,20173.871740,392270
160,20173.871740,394696
161,20173.871740,397137
162,20173.871740,399578
163,20173.871740,402019
164,20173.871740,404456
165,20173.871740,406895
166,20173.871740,409331
167,20173.871740,411758
168,20173.871740,414185
169,20173.871740,416611
170,20173.871740,419038
171,20173.871740,421463
172,20173.871740,423892
173,20173.871740,426319
174,20173.871740,428747
175,20173.871740,431181
176,20173.871740,433617
177,20173.871740,436055
178,20173.871740,438493
179,20173.871740,440924
180,20173.871740,443359
181,20173.871740,445799
182,20173.871740,448245
183,20173.871740,450690
184,20173.871740,453135
185,20173.871740,455580
186,20173.871740,458012
187,20173.871740,460444
188,20173.871740,462872
189,20173.871740,465301
190,20173.871740,467730
191,20173.871740,470156
192,20173.871740,472586
193,20173.871740,475021
194,20173.871740,477459
195,20173.871740,479899
196,20173.871740,482329
197,20173.871740,484757
198,20173.871740,487183
199,20173.871740,489611
200,20173.871740,492039
201,20173.871740,494466
202,20173.871740,496892
203,20173.871740,499328
204,20173.871740,501764
205,20173.871740,504206
206,20173.871740,506645
207,20173.871740,509075
208,20173.871740,511508
209,20173.871740,513940
210,20173.871740,516369
211,20173.871740,518798
212,20173.871740,521227
213,20173.871740,523655
214,20173.871740,526085
215,20173.871740,528515
216,20173.871740,530945
217,20173.871740,533374
218,20173.871740,535801
219,20173.871740,538230
220,20173.871740,540657
221,20173.871740,543086
222,20173.871740,545513
223,20173.871740,547940
224,20173.871740,550366
225,20173.871740,552793
226,20173.871740,555222
227,20173.871740,557655
228,20173.871740,560089
229,20173.871740,562526
230,20173.871740,564964
231,20173.871740,567400
232,20173.871740,569837
233,20173.871740,572275
234,20173.871740,574713
235,20173.871740,577147
236,20173.871740,579583
237,20173.871740,582020
238,20173.871740,584456
239,20173.871740,586891
240,20173.871740,589326
241,20173.871740,591763
242,20173.871740,594200
243,20173.871740,596637
244,20173.871740,599074
245,20173.871740,601511
246,20173.871740,603948
247,20173.871740,606384
248,20173.871740,608821
249,20173.871740,611256
250,20173.871740,613693
251,20173.871740,616129
252,20173.871740,618566
253,20173.871740,621003
254,20173.871740,623429
255,20173.871740,625853
256,20173.871740,628279
257,20173.871740,630706
258,20173.871740,633133
259,20173.871740,635562
260,20173.871740,638000
261,20173.871740,640444
262,20173.871740,642895
263,20173.871740,645346
264,20173.871740,647796
265,20173.871740,650236
266,20173.871740,652673
267,20173.871740,655111
268,20173.871740,657550
269,20173.871740,659987
270,20173.871740,662423
271,20173.871740,664854
272,20173.871740,667287
273,20173.871740,669720
274,20173.871740,672152
275,20173.871740,674586
276,20173.871740,677021
277,20173.871740,679454
278,20173.871740,681891
279,20173.871740,684325
280,20173.871740,686758
281,20173.871740,689183
282,20173.871740,691608
283,20173.871740,694034
284,20173.871740,696461
285,20173.871740,698885
286,20173.871740,701312
287,20173.871740,703747
288,20173.871740,706189
289,20173.871740,708641
290,20173.871740,711095
20173.871740,48.045479
1,20435.681650,2376
2,20428.642266,4754
3,20416.745150,7132
4,20388.820105,9508
5,20375.901802,11885
6,20372.046368,14263
7,20340.596259,16641
8,20330.169172,19024
9,20321.665060,21407
10,20314.261532,23795
11,20298.630879,26180
12,20296.836687,28571
13,20292.327233,30968
14,20292.327233,33369
15,20292.327233,35771
16,20292.327233,38174
17,20292.327233,40578
18,20292.327233,42995
19,20292.327233,45414
20,20292.327233,47839
21,20292.327233,50265
22,20292.327233,52692
23,20292.327233,55126
24,20292.327233,57563
25,20292.327233,59999
26,20292.327233,62440
27,20292.327233,64887
28,20292.327233,67339
29,20292.327233,69789
30,20292.327233,72238
31,20292.327233,74686
32,20292.327233,77144
33,20292.327233,79608
34,20292.327233,82074
35,20292.327233,84541
36,20292.327233,87012
37,20292.327233,89479
38,20292.327233,91948
39,20292.327233,94418
40,20292.327233,96886
41,20292.327233,99358
42,20292.327233,101834
43,20292.327233,104308
44,20292.327233,106788
45,20292.327233,109267
46,20292.327233,111751
47,20292.327233,114236
48,20292.327233,116722
49,20292.327233,119206
50,20292.327233,121699
51,20292.327233,124196
52,20292.327233,126682
53,20292.327233,129167
54,20292.327233,131654
55,20292.327233,134141
56,20292.327233,136617
57,20292.327233,139093
58,20292.327233,141566
59,20292.327233,144049
60,20292.327233,146536
61,20292.327233,149019
62,20292.327233,151506
63,20292.327233,154000
64,20292.327233,156470
65,20292.327233,158945
66,20292.327233,161420
67,20292.327233,163886
68,20292.327233,166363
69,20292.327233,168831
70,20292.327233,171288
71,20292.327233,173742
72,20292.327233,176212
73,20292.327233,178681
74,20292.327233,181153
75,20292.327233,183624
76,20292.327233,186081
77,20292.327233,188535
78,20292.327233,190993
79,20292.327233,193453
80,20292.327233,195924
81,20292.327233,198391
82,20292.327233,200860
83,20292.327233,203328
84,20292.327233,205784
85,20292.327233,208240
86,20292.327233,210698
87,20292.327233,213156
88,20292.327233,215614
89,20292.327233,218071
90,20292.327233,220532
91,20292.327233,222995
92,20292.327233,225451
93,20292.327233,227913
94,20292.327233,230375
95,20292.327233,232837
96,20292.327233,235275
97,20292.327233,237722
98,20292.327233,240174
99,20292.327233,242627
100,20292.327233,245081
101,20292.327233,247528
102,20292.327233,249978
103,20292.327233,252421
104,20292.327233,254871
105,20292.327233,257319
106,20292.327233,259776
107,20292.327233,262213
108,20292.327233,264653
109,20292.327233,267097
110,20292.327233,269541
111,20292.327233,271983
112,20292.327233,274416
113,20292.327233,276858
114,20292.327233,279287
115,20292.327233,281722
116,20292.327233,284141
117,20292.327233,286562
118,20292.327233,288984
119,20292.327233,291407
120,20292.327233,293831
121,20292.327233,296253
122,20292.327233,298659
123,20292.327233,301064
124,20292.327233,303470
125,20292.327233,305876
126,20292.327233,308285
127,20292.327233,310684
128,20292.327233,313082
129,20292.327233,315488
130,20292.327233,317898
131,20292.327233,320296
132,20292.327233,322720
133,20292.327233,325130
134,20292.327233,327549
135,20292.327233,329960
136,20292.327233,332368
137,20292.327233,334769
138,20292.327233,337171
139,20292.327233,339571
140,20292.327233,341974
141,20292.327233,344379
142,20292.327233,346783
143,20292.327233,349186
144,20292.327233,351586
145,20292.327233,353985
146,20292.327233,356386
147,20292.327233,358785
148,20292.327233,361185
149,20292.327233,363585
150,20292.327233,365983
151,20292.327233,368386
152,20292.327233,370799
153,20292.327233,373217
154,20292.327233,375639
155,20292.327233,378064
156,20292.327233,380489
157,20292.327233,382916
158,20292.327233,385337
159,20292.327233,387766
160,20292.327233,390180
161,20292.327233,392583
162,20292.327233,395004
163,20292.327233,397426
164,20292.327233,399846
165,20292.327233,402255
166,20292.327233,404665
167,20292.327233,407081
168,20292.327233,409506
169,20292.327233,411914
170,20292.327233,414321
171,20292.327233,416730
172,20292.327233,419138
173,20292.327233,421546
174,20292.327233,423956
175,20292.327233,426370
176,20292.327233,428787
177,20292.327233,431203
178,20292.327233,433620
179,20292.327233,436029
180,20292.327233,438437
181,20292.327233,440846
182,20292.327233,443255
183,20292.327233,445666
184,20292.327233,448078
185,20292.327233,450498
186,20292.327233,452920
187,20292.327233,455332
188,20292.327233,457744
189,20292.327233,460156
190,20292.327233,462568
191,20292.327233,464978
192,20292.327233,467388
193,20292.327233,469785
194,20292.327233,472181
195,20292.327233,474577
196,20292.327233,476974
197,20292.327233,479370
198,20292.327233,481771
199,20292.327233,484171
200,20292.327233,486572
201,20292.327233,488969
202,20292.327233,491364
203,20292.327233,493758
204,20292.327233,496153
205,20292.327233,498548
206,20292.327233,500942
207,20292.327233,503342
208,20292.327233,505753
209,20292.327233,508173
210,20292.327233,510576
211,20292.327233,512978
212,20292.327233,515381
213,20292.327233,517794
214,20292.327233,520208
215,20292.327233,522622
216,20292.327233,525036
217,20292.327233,527429
218,20292.327233,529823
219,20292.327233,532217
220,20292.327233,534611
221,20292.327233,537005
222,20292.327233,539398
223,20292.327233,541791
224,20292.327233,544185
225,20292.327233,546579
226,20292.327233,548973
227,20292.327233,551367
228,20292.327233,553761
229,20292.327233,556155
230,20292.327233,558550
231,20292.327233,560945
232,20292.327233,563341
233,20292.327233,565738
234,20292.327233,568149
235,20292.327233,570574
236,20292.327233,572981
237,20292.327233,575379
238,20292.327233,577779
239,20292.327233,580180
240,20292.327233,582583
241,20292.327233,584986
242,20292.327233,587386
243,20292.327233,589788
244,20292.327233,592191
245,20292.327233,594598
246,20292.327233,597006
247,20292.327233,599415
248,20292.327233,601837
249,20292.327233,604247
250,20292.327233,606667
251,20292.327233,609096
252,20292.327233,611531
253,20292.327233,613949
254,20292.327233,616350
255,20292.327233,618751
256,20292.327233,621152
257,20292.327233,623552
258,20292.327233,625952
259,20292.327233,628352
260,20292.327233,630745
261,20292.327233,633138
262,20292.327233,635531
263,20292.327233,637923
264,20292.327233,640315
265,20292.327233,642707
266,20292.327233,645103
267,20292.327233,647508
268,20292.327233,649900
269,20292.327233,652292
270,20292.327233,654687
271,20292.327233,657089
272,20292.327233,659493
273,20292.327233,661885
274,20292.327233,664278
275,20292.327233,666673
276,20292.327233,669065
277,20292.327233,671457
278,20292.327233,673849
279,20292.327233,676241
280,20292.327233,678634
281,20292.327233,681027
282,20292.327233,683421
283,20292.327233,685815
284,20292.327233,688209
285,20292.327233,690603
286,20292.327233,693000
287,20292.327233,695408
288,20292.327233,697817
289,20292.327233,700213
290,20292.327233,702614
291,20292.327233,705014
292,20292.327233,707410
293,20292.327233,709817
294,20292.327233,712225
20292.327233,46.720212
1,20445.990458,2376
2,20427.987176,4754
3,20407.541322,7131
4,20396.262713,9510
5,20374.709181,11890
6,20363.700631,14276
7,20350.178307,16667
8,20340.224297,19065
9,20317.335715,21470
10,20295.641087,23885
11,20280.493079,26302
12,20262.168650,28728
13,20252.062105,31168
14,20240.130664,33622
15,20238.623259,36077
16,20236.719001,38534
17,20231.465884,41000
18,20227.957140,43471
19,20225.841331,45939
20,20222.636265,48423
21,20220.557767,50910
22,20220.557767,53410
23,20215.050926,55910
24,20215.050926,58417
25,20213.912295,60932
26,20213.765044,63457
27,20213.746936,65995
28,20213.746936,68549
29,20213.468331,71106
30,20213.466842,73672
31,20213.466842,76247
32,20213.466842,78815
33,20212.299748,81390
34,20212.299748,83968
35,20191.607374,86557
36,20191.607374,89135
37,20191.607374,91700
38,20191.607374,94266
39,20186.642789,96830
40,20186.642789,99401
41,20186.642789,101983
42,20186.642789,104552
43,20186.642789,107124
44,20186.642789,109701
45,20186.642789,112280
46,20186.642789,114851
47,20186.642789,117419
48,20186.642789,119999
49,20186.642789,122580
50,20186.642789,125149
51,20186.642789,127712
52,20186.642789,130276
53,20186.642789,132841
54,20186.642789,135383
55,20186.642789,137928
56,20186.642789,140481
57,20186.642789,143024
58,20186.642789,145552
59,20186.642789,148081
60,20186.642789,150581
61,20186.642789,153086
62,20186.642789,155591
63,20186.642789,158085
64,20186.642789,160581
65,20186.642789,163064
66,20186.642789,165538
67,20186.642789,167995
68,20186.642789,170441
69,20186.642789,172886
70,20178.270323,175343
71,20178.270323,177805
72,20178.270323,180255
73,20177.679947,182681
74,20177.679947,185108
75,20175.322901,187532
76,20175.322901,189946
77,20175.322901,192360
78,20175.322901,194772
79,20175.322901,197184
80,20175.322901,199598
81,20175.322901,202012
82,20175.322901,204425
83,20175.322901,206821
84,20175.322901,209218
85,20175.322901,211612
86,20175.322901,214007
87,20175.322901,216404
88,20175.322901,218801
89,20175.322901,221198
90,20175.322901,223592
91,20175.322901,225985
92,20175.322901,228380
93,20175.322901,230775
94,20175.322901,233172
95,20175.322901,235569
96,20175.322901,237965
97,20175.322901,240359
98,20175.322901,242762
99,20175.322901,245169
100,20175.322901,247575
101,20175.322901,249984
102,20175.322901,252394
103,20175.322901,254804
104,20175.322901,257214
105,20175.322901,259627
106,20175.322901,262035
107,20175.322901,264429
108,20175.322901,266823
109,20175.322901,269205
110,20175.322901,271587
111,20175.322901,273968
112,20175.322901,276351
113,20175.322901,278734
114,20175.322901,281117
115,20175.322901,283500
116,20175.322901,285882
117,20175.322901,288263
118,20175.322901,290646
119,20175.322901,293030
120,20175.322901,295414
121,20175.322901,297797
122,20175.322901,300179
123,20175.322901,302559
124,20175.322901,304941
125,20175.322901,307323
126,20175.322901,309705
127,20175.322901,312087
128,20175.322901,314468
129,20175.322901,316850
130,20175.322901,319231
131,20175.322901,321613
132,20175.322901,323996
133,20175.322901,326381
134,20175.322901,328771
135,20175.322901,331163
136,20175.322901,333546
137,20175.322901,335928
138,20175.322901,338311
139,20175.322901,340694
140,20175.322901,343076
141,20175.322901,345458
142,20175.322901,347839
143,20175.322901,350221
144,20175.322901,352602
145,20175.322901,354984
146,20175.322901,357366
147,20175.322901,359748
148,20175.322901,362135
149,20175.322901,364526
150,20175.322901,366922
151,20175.322901,369327
152,20175.322901,371724
153,20175.322901,374106
154,20175.322901,376489
155,20175.322901,378871
156,20175.322901,381258
157,20175.322901,383652
158,20175.322901,386048
159,20175.322901,388430
160,20175.322901,390813
161,20175.322901,393196
162,20175.322901,395581
163,20175.322901,397972
164,20175.322901,400364
165,20175.322901,402756
166,20175.322901,405138
167,20175.322901,407522
168,20175.322901,409903
169,20175.322901,412294
170,20175.322901,414700
171,20175.322901,417099
172,20175.322901,419481
173,20175.322901,421863
174,20175.322901,424246
175,20175.322901,426628
176,20175.322901,429011
177,20175.322901,431394
178,20175.322901,433777
179,20175.322901,436160
180,20175.322901,438543
181,20175.322901,440926
182,20175.322901,443309
183,20175.322901,445692
184,20175.322901,448075
185,20175.322901,450452
186,20175.322901,452829
187,20175.322901,455206
188,20175.322901,457583
189,20175.322901,459960
190,20175.322901,462337
191,20175.322901,464714
192,20175.322901,467090
193,20175.322901,469467
194,20175.322901,471844
195,20175.322901,474222
196,20175.322901,476600
197,20175.322901,478978
198,20175.322901,481357
199,20175.322901,483737
200,20175.322901,486121
201,20175.322901,488512
202,20175.322901,490904
203,20175.322901,493303
204,20175.322901,495689
205,20175.322901,498075
206,20175.322901,500451
207,20175.322901,502827
208,20175.322901,505203
209,20175.322901,507579
210,20175.322901,509955
211,20175.322901,512331
212,20175.322901,514707
213,20175.322901,517083
214,20175.322901,519459
215,20175.322901,521835
216,20175.322901,524211
217,20175.322901,526587
218,20175.322901,528963
219,20175.322901,531339
220,20175.322901,533715
221,20175.322901,536091
222,20175.322901,538467
223,20175.322901,540843
224,20175.322901,543219
225,20175.322901,545595
226,20175.322901,547976
227,20175.322901,550361
228,20175.322901,552748
229,20175.322901,555133
230,20175.322901,557524
231,20175.322901,559907
232,20175.322901,562303
233,20175.322901,564701
234,20175.322901,567090
235,20175.322901,569466
236,20175.322901,571842
237,20175.322901,574218
238,20175.322901,576594
239,20175.322901,578970
240,20175.322901,581346
241,20175.322901,583722
242,20175.322901,586098
243,20175.322901,588474
244,20175.322901,590850
245,20175.322901,593226
246,20175.322901,595602
247,20175.322901,597978
248,20175.322901,600354
249,20175.322901,602730
250,20175.322901,605107
251,20175.322901,607499
252,20175.322901,609892
253,20175.322901,612268
254,20175.322901,614644
255,20175.322901,617020
256,20175.322901,619396
257,20175.322901,621772
258,20175.322901,624148
259,20175.322901,626524
260,20175.322901,628902
261,20175.322901,631285
262,20175.322901,633672
263,20175.322901,636048
264,20175.322901,638424
265,20175.322901,640800
266,20175.322901,643176
267,20175.322901,645552
268,20175.322901,647929
269,20175.322901,650312
270,20175.322901,652703
271,20175.322901,655094
272,20175.322901,657490
273,20175.322901,659882
274,20175.322901,662273
275,20175.322901,664649
276,20175.322901,667025
277,20175.322901,669401
278,20175.322901,671777
279,20175.322901,674153
280,20175.322901,676529
281,20175.322901,678905
282,20175.322901,681281
283,20175.322901,683657
284,20175.322901,686033
285,20175.322901,688409
286,20175.322901,690785
287,20175.322901,693161
288,20175.322901,695537
289,20175.322901,697913
290,20175.322901,700289
291,20175.322901,702665
292,20175.322901,705041
293,20175.322901,707417
294,20175.322901,709797
295,20175.322901,712186
20175.322901,45.564775
1,20440.859288,2376
2,20424.472265,4753
3,20410.658716,7130
4,20403.894436,9507
5,20376.780522,11888
6,20364.593680,14272
7,20343.274743,16664
8,20330.364539,19062
9,20311.161866,21473
10,20310.108994,23891
11,20292.107369,26320
12,20287.124349,28762
13,20281.215966,31210
14,20281.215966,33656
15,20281.215966,36108
16,20281.215966,38560
17,20281.215966,41010
18,20281.215966,43469
19,20281.215966,45937
20,20281.215966,48407
21,20281.215966,50881
22,20281.215966,53357
23,20281.215966,55835
24,20281.215966,58312
25,20281.215966,60788
26,20281.215966,63257
27,20281.215966,65733
28,20281.215966,68196
29,20281.215966,70665
30,20281.215966,73133
31,20281.215966,75599
32,20281.215966,78061
33,20281.215966,80532
34,20281.215966,82998
35,20281.215966,85461
36,20281.215966,87924
37,20281.215966,90388
38,20281.215966,92851
39,20281.215966,95312
40,20281.215966,97779
41,20281.215966,100243
42,20281.215966,102709
43,20281.215966,105177
44,20281.215966,107652
45,20281.215966,110130
46,20281.215966,112600
47,20281.215966,115075
48,20281.215966,117555
49,20281.215966,120035
50,20281.215966,122512
51,20281.215966,124991
52,20281.215966,127463
53,20281.215966,129936
54,20281.215966,132411
55,20281.215966,134885
56,20281.215966,137361
57,20281.215966,139834
58,20281.215966,142292
59,20281.215966,144751
60,20281.215966,147214
61,20281.215966,149668
62,20281.215966,152120
63,20281.215966,154570
64,20281.215966,157017
65,20281.215966,159467
66,20281.215966,161919
67,20281.215966,164362
68,20281.215966,166808
69,20281.215966,169253
70,20281.215966,171705
71,20281.215966,174158
72,20281.215966,176611
73,20281.215966,179063
74,20281.215966,181516
75,20281.215966,183976
76,20281.215966,186424
77,20281.215966,188872
78,20281.215966,191324
79,20281.215966,193781
80,20281.215966,196236
81,20281.215966,198703
82,20281.215966,201169
83,20281.215966,203596
84,20270.316609,206021
85,20270.316609,208449
86,20270.316609,210877
87,20270.316609,213308
88,20254.610846,215739
89,20254.610846,218168
90,20254.610846,220595
91,20199.989581,223031
92,20199.989581,225471
93,20199.989581,227919
94,20199.989581,230367
95,20199.989581,232816
96,20199.989581,235261
97,20199.989581,237708
98,20199.989581,240158
99,20199.989581,242605
100,20199.989581,245053
101,20199.989581,247501
102,20199.989581,249950
103,20199.989581,252387
104,20199.989581,254828
105,20199.989581,257269
106,20199.989581,259692
107,20199.989581,262117
108,20199.989581,264542
109,20199.989581,266964
110,20199.989581,269387
111,20199.989581,271814
112,20199.989581,274244
113,20199.989581,276680
114,20199.989581,279119
115,20199.989581,281566
116,20199.989581,284027
117,20199.989581,286498
118,20199.989581,288952
119,20199.989581,291393
120,20199.989581,293816
121,20199.989581,296238
122,20199.989581,298663
123,20199.989581,301095
124,20199.989581,303530
125,20199.989581,305973
126,20199.989581,308427
127,20199.989581,310868
128,20199.989581,313311
129,20199.989581,315752
130,20199.989581,318197
131,20199.989581,320644
132,20199.989581,323093
133,20199.989581,325526
134,20199.989581,327945
135,20199.989581,330366
136,20199.989581,332781
137,20199.989581,335201
138,20199.989581,337630
139,20199.989581,340059
140,20199.989581,342493
141,20199.989581,344912
142,20199.989581,347329
143,20199.989581,349748
144,20199.989581,352173
145,20199.989581,354601
146,20199.989581,357030
147,20199.989581,359458
148,20199.989581,361887
149,20199.989581,364309
150,20199.989581,366725
151,20199.989581,369141
152,20199.989581,371555
153,20199.989581,373968
154,20199.989581,376384
155,20199.989581,378797
156,20199.989581,381200
157,20199.989581,383604
158,20199.989581,386009
159,20199.989581,388413
160,20199.989581,390817
161,20199.989581,393219
162,20199.989581,395621
163,20199.989581,398022
164,20199.989581,400423
165,20199.989581,402831
166,20199.989581,405231
167,20199.989581,407630
168,20199.989581,410029
169,20199.989581,412428
170,20199.989581,414832
171,20199.989581,417238
172,20199.989581,419643
173,20199.989581,422049
174,20199.989581,424448
175,20199.989581,426848
176,20199.989581,429248
177,20199.989581,431648
178,20199.989581,434047
179,20199.989581,436450
180,20199.989581,438859
181,20199.989581,441277
182,20199.989581,443677
183,20199.989581,446079
184,20199.989581,448481
185,20199.989581,450881
186,20199.989581,453282
187,20199.989581,455683
188,20199.989581,458085
189,20199.989581,460487
190,20199.989581,462889
191,20199.989581,465291
192,20199.989581,467695
193,20199.989581,470101
194,20199.989581,472512
195,20199.989581,474920
196,20199.989581,477321
197,20199.989581,479723
198,20199.989581,482133
199,20199.989581,484536
200,20199.989581,486941
201,20199.989581,489336
202,20199.989581,491731
203,20199.989581,494126
204,20199.989581,496521
205,20199.989581,498915
206,20199.989581,501309
207,20199.989581,503704
208,20199.989581,506099
209,20199.989581,508494
210,20199.989581,510888
211,20199.989581,513283
212,20199.989581,515678
213,20199.989581,518072
214,20199.989581,520466
215,20199.989581,522860
216,20199.989581,525255
217,20199.989581,527649
218,20199.989581,530043
219,20199.989581,532438
220,20199.989581,534833
221,20199.989581,537226
222,20199.989581,539621
223,20199.989581,542015
224,20199.989581,544410
225,20199.989581,546804
226,20199.989581,549199
227,20199.989581,551591
228,20199.989581,553979
229,20199.989581,556367
230,20199.989581,558756
231,20199.989581,561161
232,20199.989581,563569
233,20199.989581,565969
234,20199.989581,568357
235,20199.989581,570745
236,20199.989581,573135
237,20199.989581,575532
238,20199.989581,577929
239,20199.989581,580315
240,20199.989581,582703
241,20199.989581,585091
242,20199.989581,587479
243,20199.989581,589867
244,20199.989581,592257
245,20199.989581,594652
246,20199.989581,597056
247,20199.989581,599468
248,20199.989581,601880
249,20199.989581,604268
250,20199.989581,606656
251,20199.989581,609043
252,20199.989581,611431
253,20199.989581,613818
254,20199.989581,616206
255,20199.989581,618594
256,20199.989581,620983
257,20199.989581,623379
258,20199.989581,625773
259,20199.989581,628169
260,20199.989581,630557
261,20199.989581,632944
262,20199.989581,635332
263,20199.989581,637720
264,20199.989581,640108
265,20199.989581,642496
266,20199.989581,644884
267,20199.989581,647272
268,20199.989581,649660
269,20199.989581,652048
270,20199.989581,654435
271,20199.989581,656823
272,20199.989581,659211
273,20199.989581,661599
274,20199.989581,663987
275,20199.989581,666375
276,20199.989581,668767
277,20199.989581,671172
278,20199.989581,673575
279,20199.989581,675980
280,20199.989581,678384
281,20199.989581,680772
282,20199.989581,683160
283,20199.989581,685547
284,20199.989581,687934
285,20199.989581,690322
286,20199.989581,692714
287,20199.989581,695115
288,20199.989581,697528
289,20199.989581,699939
290,20199.989581,702353
291,20199.989581,704752
292,20199.989581,707151
293,20199.989581,709550
294,20199.989581,711948
20199.989581,45.918608
1,20446.448959,2376
2,20424.413297,4752
3,20407.430087,7128
4,20404.542366,9505
5,20404.542366,11882
6,20404.542366,14261
7,20404.542366,16642
8,20325.607227,19028
9,20314.931910,21419
10,20298.012087,23817
11,20287.728703,26220
12,20279.944979,28638
13,20268.665738,31056
14,20268.665738,33474
15,20228.637104,35903
16,20224.593449,38349
17,20220.824561,40798
18,20220.824561,43249
19,20219.723047,45705
20,20219.281181,48171
21,20218.174142,50640
22,20217.131453,53126
23,20216.732739,55614
24,20216.720802,58104
25,20216.443667,60599
26,20216.443667,63100
27,20215.617986,65604
28,20215.617986,68099
29,20215.602303,70604
30,20215.602303,73107
31,20215.602303,75611
32,20215.448836,78115
33,20214.700793,80625
34,20213.797174,83137
35,20212.732789,85649
36,20212.732789,88170
37,20212.732789,90692
38,20211.717472,93214
39,20211.717472,95742
40,20211.717472,98266
41,20177.539100,100790
42,20177.539100,103315
43,20177.539100,105843
44,20177.539100,108373
45,20177.539100,110905
46,20177.539100,113442
47,20177.539100,115978
48,20177.539100,118508
49,20177.539100,121032
50,20177.539100,123558
51,20177.539100,126085
52,20177.410498,128617
53,20177.410498,131152
54,20177.410498,133686
55,20177.410498,136218
56,20177.410498,138748
57,20173.871740,141277
58,20173.871740,143810
59,20173.871740,146339
60,20173.871740,148874
61,20173.871740,151393
62,20173.871740,153918
63,20173.871740,156439
64,20173.871740,158978
65,20173.871740,161508
66,20173.871740,164051
67,20173.871740,166594
68,20173.871740,169141
69,20173.871740,171678
70,20173.871740,174221
71,20173.871740,176764
72,20173.871740,179303
73,20173.871740,181838
74,20173.871740,184362
75,20173.871740,186890
76,20173.871740,189423
77,20173.871740,191962
78,20173.871740,194489
79,20173.871740,197015
80,20173.871740,199536
81,20173.871740,202047
82,20173.871740,204547
83,20173.863822,207054
84,20173.863822,209577
85,20173.863822,212087
86,20173.863822,214595
87,20173.863822,217107
88,20173.863822,219615
89,20173.863822,222127
90,20173.863822,224639
91,20173.863822,227146
92,20173.863822,229655
93,20173.863822,232162
94,20173.863822,234673
95,20173.863822,237184
96,20173.863822,239694
97,20173.863822,242200
98,20173.863822,244693
99,20173.487573,247180
100,20173.487573,249666
101,20173.487573,252151
102,20173.487573,254638
103,20173.487573,257121
104,20173.487573,259608
105,20173.487573,262093
106,20173.487573,264580
107,20173.487573,267070
108,20173.487573,269538
109,20173.487573,272009
110,20173.487573,274482
111,20172.910109,276942
112,20172.910109,279398
113,20172.910109,281862
114,20172.910109,284336
115,20172.910109,286814
116,20172.910109,289292
117,20172.910109,291754
118,20172.910109,294200
119,20172.910109,296646
120,20172.910109,299089
121,20172.910109,301535
122,20172.910109,303968
123,20172.910109,306402
124,20172.910109,308837
125,20172.910109,311278
126,20172.910109,313723
127,20172.910109,316167
128,20172.910109,318605
129,20172.910109,321043
130,20172.910109,323480
131,20172.910109,325916
132,20172.910109,328338
133,20172.910109,330767
134,20172.910109,333198
135,20172.910109,335601
136,20172.910109,338005
137,20172.910109,340408
138,20172.910109,342813
139,20172.910109,345217
140,20172.910109,347602
141,20172.910109,349987
142,20172.910109,352372
143,20172.910109,354757
144,20172.910109,357142
145,20172.910109,359526
146,20172.910109,361912
147,20172.910109,364297
148,20172.910109,366684
149,20172.910109,369073
150,20172.910109,371463
151,20172.910109,373854
152,20172.910109,376246
153,20172.910109,378639
154,20172.910109,381037
155,20172.910109,383427
156,20172.910109,385812
157,20172.910109,388197
158,20172.910109,390584
159,20172.910109,392970
160,20172.910109,395358
161,20172.910109,397745
162,20172.910109,400134
163,20172.910109,402523
164,20172.910109,404922
165,20172.910109,407322
166,20172.910109,409710
167,20172.910109,412104
168,20172.910109,414497
169,20172.910109,416897
170,20172.910109,419299
171,20172.910109,421698
172,20172.910109,424086
173,20172.910109,426475
174,20172.910109,428864
175,20172.910109,431253
176,20172.910109,433642
177,20172.910109,436031
178,20172.910109,438411
179,20172.910109,440791
180,20172.910109,443171
181,20172.910109,445551
182,20172.910109,447930
183,20172.910109,450310
184,20172.910109,452690
185,20172.910109,455069
186,20172.910109,457448
187,20172.910109,459826
188,20172.910109,462212
189,20172.910109,464600
190,20172.910109,466990
191,20172.910109,469380
192,20172.910109,471770
193,20172.910109,474149
194,20172.910109,476528
195,20172.910109,478908
196,20172.910109,481288
197,20172.910109,483669
198,20172.910109,486056
199,20172.910109,488449
200,20172.910109,490845
201,20172.910109,493243
202,20172.910109,495625
203,20172.910109,498007
204,20172.910109,500389
205,20172.910109,502771
206,20172.910109,505156
207,20172.910109,507542
208,20172.910109,509930
209,20172.910109,512321
210,20172.910109,514714
211,20172.910109,517096
212,20172.910109,519478
213,20172.910109,521855
214,20172.910109,524232
215,20172.910109,526609
216,20172.910109,528985
217,20172.910109,531361
218,20172.910109,533740
219,20172.910109,536128
220,20172.910109,538518
221,20172.910109,540908
222,20172.910109,543298
223,20172.910109,545688
224,20172.910109,548078
225,20172.910109,550456
226,20172.910109,552833
227,20172.910109,555210
228,20172.910109,557586
229,20172.910109,559962
230,20172.910109,562338
231,20172.910109,564714
232,20172.910109,567090
233,20172.910109,569466
234,20172.910109,571842
235,20172.910109,574218
236,20172.910109,576594
237,20172.910109,578970
238,20172.910109,581346
239,20172.910109,583722
240,20172.910109,586098
241,20172.910109,588474
242,20172.910109,590852
243,20172.910109,593236
244,20172.910109,595624
245,20172.910109,598000
246,20172.910109,600376
247,20172.910109,602752
248,20172.910109,605128
249,20172.910109,607504
250,20172.910109,609880
251,20172.910109,612256
252,20172.910109,614632
253,20172.910109,617008
254,20172.910109,619384
255,20172.910109,621760
256,20172.910109,624139
257,20172.910109,626528
258,20172.910109,628919
259,20172.910109,631310
260,20172.910109,633688
261,20172.910109,636067
262,20172.910109,638446
263,20172.910109,640824
264,20172.910109,643202
265,20172.910109,645580
266,20172.910109,647957
267,20172.910109,650334
268,20172.910109,652711
269,20172.910109,655088
270,20172.910109,657465
271,20172.910109,659842
272,20172.910109,662219
273,20172.910109,664596
274,20172.910109,666973
275,20172.910109,669350
276,20172.910109,671727
277,20172.910109,674104
278,20172.910109,676480
279,20172.910109,678856
280,20172.910109,681232
281,20172.910109,683608
282,20172.910109,685984
283,20172.910109,688360
284,20172.910109,690736
285,20172.910109,693112
286,20172.910109,695488
287,20172.910109,697864
288,20172.910109,700242
289,20172.910109,702623
290,20172.910109,705007
291,20172.910109,707392
292,20172.910109,709777
293,20172.910109,712153
20172.910109,46.019404
1,20437.737087,2376
2,20431.255619,4752
3,20404.600983,7128
4,20393.912952,9504
5,20370.929936,11881
6,20368.549870,14260
7,20348.019091,16642
8,20331.938856,19027
9,20324.920356,21413
10,20308.913079,23807
11,20293.667112,26207
12,20293.173711,28614
13,20269.332047,31028
14,20268.118791,33444
15,20248.136618,35867
16,20238.575168,38299
17,20225.611539,40749
18,20225.044112,43201
19,20223.975379,45660
20,20221.613996,48121
21,20221.511836,50582
22,20221.459972,53055
23,20219.965243,55520
24,20216.993722,57997
25,20216.993722,60477
26,20216.993722,62956
27,20216.993722,65439
28,20216.993722,67926
29,20216.993722,70412
30,20216.993722,72903
31,20216.993722,75393
32,20216.993722,77885
33,20216.993722,80375
34,20216.993722,82865
35,20216.993722,85354
36,20216.993722,87843
37,20216.993722,90338
38,20216.993722,92836
39,20216.993722,95330
40,20216.993722,97825
41,20216.993722,100323
42,20216.993722,102817
43,20216.993722,105315
44,20216.993722,107817
45,20216.993722,110319
46,20216.993722,112823
47,20216.993722,115325
48,20216.993722,117834
49,20216.993722,120347
50,20216.993722,122868
51,20216.993722,125388
52,20216.993722,127903
53,20216.993722,130416
54,20216.993722,132913
55,20216.993722,135410
56,20216.993722,137902
57,20216.993722,140398
58,20216.993722,142902
59,20216.993722,145411
60,20216.993722,147920
61,20216.993722,150410
62,20216.993722,152901
63,20216.993722,155394
64,20216.993722,157892
65,20216.993722,160386
66,20216.993722,162875
67,20216.993722,165366
68,20216.993722,167862
69,20216.993722,170360
70,20216.993722,172845
71,20216.993722,175322
72,20216.993722,177800
73,20216.993722,180263
74,20216.993722,182729
75,20216.993722,185195
76,20216.993722,187661
77,20216.993722,190125
78,20216.993722,192595
79,20216.993722,195057
80,20216.993722,197517
81,20216.993722,199981
82,20216.993722,202446
83,20216.993722,204907
84,20216.993722,207368
85,20216.993722,209832
86,20216.993722,212296
87,20216.993722,214759
88,20216.993722,217221
89,20216.993722,219683
90,20216.993722,222138
91,20216.993722,224591
92,20216.993722,227030
93,20216.993722,229459
94,20216.993722,231880
95,20216.993722,234299
96,20216.993722,236720
97,20216.993722,239146
98,20216.993722,241570
99,20216.993722,243993
100,20216.993722,246417
101,20216.993722,248841
102,20216.993722,251268
103,20216.993722,253696
104,20216.993722,256116
105,20216.993722,258534
106,20216.993722,260953
107,20216.993722,263372
108,20216.993722,265789
109,20216.993722,268208
110,20216.993722,270621
111,20216.993722,273031
112,20216.993722,275440
113,20216.993722,277855
114,20216.993722,280270
115,20216.993722,282675
116,20216.993722,285089
117,20216.993722,287510
118,20216.993722,289937
119,20216.993722,292373
120,20216.993722,294811
121,20216.993722,297247
122,20216.993722,299666
123,20216.993722,302074
124,20216.993722,304483
125,20216.993722,306893
126,20216.993722,309305
127,20216.993722,311709
128,20216.993722,314114
129,20216.993722,316520
130,20216.993722,318927
131,20216.993722,321329
132,20216.993722,323735
133,20216.993722,326156
134,20216.993722,328562
135,20216.993722,330952
136,20216.993722,333342
137,20216.993722,335732
138,20216.993722,338129
139,20216.993722,340537
140,20216.993722,342947
141,20216.993722,345344
142,20216.993722,347729
143,20216.993722,350113
144,20216.993722,352498
145,20216.993722,354882
146,20216.993722,357269
147,20216.993722,359656
148,20216.993722,362043
149,20216.993722,364431
150,20216.993722,366818
151,20216.993722,369205
152,20216.993722,371591
153,20216.993722,373976
154,20216.993722,376363
155,20216.993722,378751
156,20216.993722,381139
157,20216.993722,383527
158,20216.993722,385913
159,20216.993722,388299
160,20216.993722,390684
161,20216.993722,393072
162,20216.993722,395467
163,20216.993722,397863
164,20216.993722,400259
165,20216.993722,402652
166,20216.993722,405048
167,20216.993722,407444
168,20216.993722,409840
169,20216.993722,412240
170,20216.993722,414640
171,20216.993722,417040
172,20216.993722,419439
173,20216.993722,421838
174,20216.993722,424231
175,20216.993722,426625
176,20216.993722,429011
177,20216.993722,431407
178,20216.993722,433803
179,20216.993722,436185
180,20216.993722,438568
181,20216.993722,440950
182,20216.993722,443333
183,20216.993722,445716
184,20216.993722,448098
185,20216.993722,450481
186,20216.993722,452864
187,20216.993722,455246
188,20216.993722,457628
189,20216.993722,460011
190,20216.993722,462395
191,20216.993722,464778
192,20216.993722,467162
193,20216.993722,469545
194,20216.993722,471928
195,20216.993722,474311
196,20216.993722,476693
197,20216.993722,479075
198,20216.993722,481458
199,20216.993722,483841
200,20216.993722,486222
201,20216.993722,488605
202,20216.993722,490989
203,20216.993722,493373
204,20216.993722,495755
205,20216.993722,498139
206,20216.993722,500522
207,20216.993722,502905
208,20216.993722,505288
209,20216.993722,507671
210,20216.993722,510054
211,20216.993722,512436
212,20216.993722,514819
213,20216.993722,517201
214,20216.993722,519584
215,20216.993722,521967
216,20216.993722,524350
217,20216.993722,526733
218,20216.993722,529116
219,20216.993722,531498
220,20216.993722,533884
221,20216.993722,536278
222,20216.993722,538674
223,20216.993722,541069
224,20216.993722,543452
225,20216.993722,545835
226,20216.993722,548218
227,20216.993722,550601
228,20216.993722,552989
229,20216.993722,555385
230,20216.993722,557768
231,20216.993722,560151
232,20216.993722,562533
233,20216.993722,564916
234,20216.993722,567299
235,20216.993722,569682
236,20216.993722,572067
237,20216.993722,574457
238,20216.993722,576852
239,20216.993722,579248
240,20216.993722,581654
241,20216.993722,584062
242,20216.993722,586458
243,20216.993722,588854
244,20216.993722,591249
245,20216.993722,593645
246,20216.993722,596041
247,20216.993722,598437
248,20216.993722,600832
249,20216.993722,603228
250,20216.993722,605624
251,20216.993722,608020
252,20216.993722,610415
253,20216.993722,612811
254,20216.993722,615206
255,20216.993722,617602
256,20216.993722,619998
257,20216.993722,622394
258,20216.993722,624777
259,20216.993722,627160
260,20216.993722,629543
261,20216.993722,631932
262,20216.993722,634328
263,20216.993722,636710
264,20216.993722,639093
265,20216.993722,641476
266,20216.993722,643859
267,20216.993722,646242
268,20216.993722,648626
269,20216.993722,651018
270,20216.993722,653411
271,20216.993722,655803
272,20216.993722,658193
273,20216.993722,660576
274,20216.993722,662958
275,20216.993722,665341
276,20216.993722,667724
277,20216.993722,670105
278,20216.993722,672488
279,20216.993722,674871
280,20216.993722,677254
281,20216.993722,679637
282,20216.993722,682020
283,20216.993722,684403
284,20216.993722,686786
285,20216.993722,689169
286,20216.993722,691554
287,20216.993722,693945
288,20216.993722,696338
289,20216.993722,698731
290,20216.993722,701117
291,20216.993722,703507
292,20216.993722,705897
293,20216.993722,708287
294,20216.993722,710677
20216.993722,46.151662
1,20444.327891,2376
2,20426.715314,4752
3,20405.752214,7128
4,20397.659856,9505
5,20387.267873,11887
6,20360.566779,14271
7,20358.438255,16653
8,20358.438255,19041
9,20313.005162,21441
10,20300.308650,23840
11,20278.750283,26245
12,20278.750283,28650
13,20272.201599,31062
14,20272.201599,33473
15,20237.199963,35891
16,20237.199963,38324
17,20227.307810,40753
18,20227.307810,43190
19,20220.154505,45630
20,20220.154505,48079
21,20220.154505,50531
22,20220.154505,52987
23,20220.154505,55445
24,20220.154505,57906
25,20220.154505,60374
26,20220.154505,62846
27,20220.154505,65315
28,20220.154505,67772
29,20220.154505,70223
30,20220.154505,72679
31,20220.154505,75136
32,20220.154505,77596
33,20220.154505,80056
34,20220.154505,82505
35,20220.154505,84956
36,20220.154505,87412
37,20220.154505,89873
38,20220.154505,92341
39,20220.154505,94806
40,20220.154505,97278
41,20178.623266,99764
42,20178.623266,102259
43,20178.623266,104755
44,20178.623266,107257
45,20178.623266,109759
46,20178.623266,112265
47,20178.623266,114771
48,20178.623266,117281
49,20178.623266,119782
50,20178.623266,122284
51,20178.623266,124770
52,20178.623266,127259
53,20178.095247,129748
54,20178.095247,132241
55,20178.095247,134724
56,20178.095247,137199
57,20178.095247,139681
58,20178.095247,142154
59,20176.993228,144625
60,20176.993228,147095
61,20176.993228,149566
62,20176.993228,152033
63,20176.705692,154499
64,20176.705692,156965
65,20176.410480,159435
66,20176.410480,161886
67,20176.410480,164342
68,20176.410480,166797
69,20176.080021,169253
70,20176.080021,171711
71,20176.080021,174169
72,20176.080021,176625
73,20176.080021,179087
74,20176.080021,181549
75,20176.080021,184011
76,20176.080021,186481
77,20176.080021,188961
78,20176.080021,191428
79,20173.871740,193899
80,20173.871740,196367
81,20173.871740,198827
82,20173.871740,201288
83,20173.871740,203748
84,20173.871740,206203
85,20173.871740,208660
86,20173.871740,211115
87,20173.871740,213571
88,20173.871740,216023
89,20173.871740,218474
90,20173.871740,220925
91,20173.871740,223383
92,20173.871740,225847
93,20173.871740,228309
94,20173.871740,230771
95,20173.871740,233228
96,20173.871740,235682
97,20173.871740,238123
98,20173.871740,240564
99,20173.871740,242992
100,20173.871740,245423
101,20173.855489,247853
102,20173.855489,250286
103,20173.855489,252723
104,20173.855489,255157
105,20173.855489,257594
106,20173.855489,260030
107,20173.855489,262452
108,20173.855489,264874
109,20173.855489,267299
110,20173.855489,269726
111,20172.910109,272152
112,20172.910109,274571
113,20172.910109,276990
114,20172.910109,279415
115,20172.910109,281844
116,20172.910109,284273
117,20172.910109,286702
118,20172.910109,289135
119,20172.910109,291565
120,20172.910109,293999
121,20172.910109,296435
122,20172.910109,298855
123,20172.910109,301293
124,20172.910109,303721
125,20172.910109,306143
126,20172.910109,308567
127,20172.910109,310968
128,20172.910109,313373
129,20172.910109,315768
130,20172.910109,318167
131,20172.910109,320570
132,20172.910109,322964
133,20172.910109,325363
134,20172.910109,327778
135,20172.910109,330194
136,20172.910109,332587
137,20172.910109,334979
138,20172.910109,337374
139,20172.910109,339769
140,20172.910109,342159
141,20172.910109,344553
142,20172.910109,346950
143,20172.910109,349346
144,20172.910109,351743
145,20172.910109,354141
146,20172.910109,356529
147,20172.910109,358924
148,20172.910109,361323
149,20172.910109,363720
150,20172.910109,366116
151,20172.910109,368512
152,20172.910109,370912
153,20172.910109,373309
154,20172.910109,375709
155,20172.910109,378109
156,20172.910109,380500
157,20172.910109,382892
158,20172.910109,385282
159,20172.910109,387671
160,20172.910109,390063
161,20172.910109,392458
162,20172.910109,394857
163,20172.910109,397257
164,20172.910109,399646
165,20172.910109,402038
166,20172.910109,404430
167,20172.910109,406822
168,20172.910109,409213
169,20172.910109,411602
170,20172.910109,413988
171,20172.910109,416375
172,20172.910109,418762
173,20172.910109,421158
174,20172.910109,423556
175,20172.910109,425957
176,20172.910109,428354
177,20172.910109,430751
178,20172.910109,433142
179,20172.910109,435533
180,20172.910109,437922
181,20172.910109,440309
182,20172.910109,442701
183,20172.910109,445091
184,20172.910109,447483
185,20172.910109,449863
186,20172.910109,452242
187,20172.910109,454621
188,20172.910109,457001
189,20172.910109,459381
190,20172.910109,461760
191,20172.910109,464139
192,20172.910109,466518
193,20172.910109,468897
194,20172.910109,471276
195,20172.910109,473655
196,20172.910109,476035
197,20172.910109,478415
198,20172.910109,480801
199,20172.910109,483195
200,20172.910109,485574
201,20172.910109,487952
202,20172.910109,490331
203,20172.910109,492710
204,20172.910109,495089
205,20172.910109,497468
206,20172.910109,499847
207,20172.910109,502226
208,20172.910109,504604
209,20172.910109,506981
210,20172.910109,509358
211,20172.910109,511735
212,20172.910109,514112
213,20172.910109,516489
214,20172.910109,518866
215,20172.910109,521243
216,20172.910109,523620
217,20172.910109,525997
218,20172.910109,528374
219,20172.910109,530751
220,20172.910109,533128
221,20172.910109,535504
222,20172.910109,537880
223,20172.910109,540256
224,20172.910109,542632
225,20172.910109,545008
226,20172.910109,547389
227,20172.910109,549779
228,20172.910109,552170
229,20172.910109,554546
230,20172.910109,556922
231,20172.910109,559298
232,20172.910109,561674
233,20172.910109,564050
234,20172.910109,566426
235,20172.910109,568802
236,20172.910109,571178
237,20172.910109,573554
238,20172.910109,575931
239,20172.910109,578311
240,20172.910109,580693
241,20172.910109,583074
242,20172.910109,585456
243,20172.910109,587838
244,20172.910109,590220
245,20172.910109,592602
246,20172.910109,594979
247,20172.910109,597362
248,20172.910109,599754
249,20172.910109,602154
250,20172.910109,604547
251,20172.910109,606923
252,20172.910109,609299
253,20172.910109,611675
254,20172.910109,614051
255,20172.910109,616427
256,20172.910109,618803
257,20172.910109,621179
258,20172.910109,623557
259,20172.910109,625943
260,20172.910109,628329
261,20172.910109,630715
262,20172.910109,633103
263,20172.910109,635482
264,20172.910109,637861
265,20172.910109,640240
266,20172.910109,642621
267,20172.910109,645006
268,20172.910109,647391
269,20172.910109,649778
270,20172.910109,652156
271,20172.910109,654540
272,20172.910109,656926
273,20172.910109,659303
274,20172.910109,661681
275,20172.910109,664059
276,20172.910109,666437
277,20172.910109,668815
278,20172.910109,671193
279,20172.910109,673570
280,20172.910109,675947
281,20172.910109,678324
282,20172.910109,680706
283,20172.910109,683098
284,20172.910109,685492
285,20172.910109,687889
286,20172.910109,690271
287,20172.910109,692654
288,20172.910109,695041
289,20172.910109,697439
290,20172.910109,699836
291,20172.910109,702224
292,20172.910109,704622
293,20172.910109,707024
294,20172.910109,709410
295,20172.910109,711796
20172.910109,45.560092
1,20441.848166,2376
2,20425.766669,4752
3,20407.552342,7128
4,20401.621809,9504
5,20376.455221,11882
6,20358.952624,14262
7,20334.515923,16643
8,20321.990116,19028
9,20315.519040,21416
10,20308.685000,23804
11,20294.083649,26194
12,20281.073338,28582
13,20276.565527,30970
14,20264.738418,33357
15,20247.960875,35758
16,20225.295149,38168
17,20225.295149,40578
18,20223.089480,42993
19,20223.059822,45415
20,20222.626070,47841
21,20220.219772,50275
22,20220.219772,52716
23,20220.177121,55149
24,20216.748633,57587
25,20214.178273,60027
26,20214.178273,62456
27,20212.414418,64892
28,20212.414418,67337
29,20211.508992,69793
30,20211.508992,72251
31,20210.087883,74713
32,20210.087883,77179
33,20185.857952,79641
34,20185.857952,82102
35,20185.857952,84564
36,20185.857952,87032
37,20184.415947,89494
38,20184.415947,91964
39,20178.953860,94437
40,20178.953860,96917
41,20178.953860,99398
42,20178.953860,101884
43,20174.146690,104369
44,20174.146690,106842
45,20174.146690,109306
46,20174.146690,111772
47,20173.871740,114235
48,20173.871740,116702
49,20173.871740,119166
50,20173.871740,121636
51,20173.871740,124105
52,20173.871740,126577
53,20173.871740,129049
54,20173.871740,131526
55,20173.871740,134006
56,20173.871740,136488
57,20173.871740,138974
58,20173.871740,141461
59,20173.871740,143948
60,20173.871740,146440
61,20173.871740,148932
62,20173.871740,151425
63,20173.855489,153918
64,20173.855489,156412
65,20173.855489,158894
66,20173.855489,161380
67,20173.855489,163861
68,20173.855489,166344
69,20173.855489,168827
70,20173.855489,171310
71,20173.855489,173797
72,20173.855489,176272
73,20173.855489,178745
74,20173.855489,181221
75,20173.855489,183697
76,20173.855489,186168
77,20173.855489,188634
78,20173.855489,191103
79,20173.855489,193569
80,20173.855489,196036
81,20173.855489,198505
82,20173.855489,200976
83,20173.855489,203447
84,20173.855489,205921
85,20173.855489,208398
86,20173.855489,210874
87,20173.855489,213350
88,20173.855489,215815
89,20173.855489,218280
90,20173.855489,220764
91,20173.855489,223246
92,20173.855489,225727
93,20173.855489,228211
94,20173.855489,230695
95,20173.855489,233181
96,20173.855489,235671
97,20173.855489,238160
98,20173.855489,240649
99,20173.855489,243120
100,20173.855489,245595
101,20173.855489,248078
102,20173.855489,250565
103,20173.532371,253066
104,20173.532371,255554
105,20173.532371,258030
106,20173.532371,260498
107,20173.532371,262972
108,20173.532371,265440
109,20173.532371,267904
110,20173.532371,270367
111,20173.532371,272830
112,20173.532371,275294
113,20173.532371,277752
114,20173.532371,280203
115,20173.532371,282661
116,20173.532371,285108
117,20173.532371,287537
118,20173.532371,289957
119,20173.532371,292375
120,20173.532371,294802
121,20173.532371,297241
122,20173.532371,299680
123,20172.910109,302105
124,20172.910109,304532
125,20172.910109,306959
126,20172.910109,309381
127,20172.910109,311809
128,20172.910109,314235
129,20172.910109,316668
130,20172.910109,319094
131,20172.910109,321516
132,20172.910109,323939
133,20172.910109,326364
134,20172.910109,328780
135,20172.910109,331197
136,20172.910109,333614
137,20172.910109,336035
138,20172.910109,338440
139,20172.910109,340843
140,20172.910109,343245
141,20172.910109,345647
142,20172.910109,348048
143,20172.910109,350449
144,20172.910109,352851
145,20172.910109,355256
146,20172.910109,357660
147,20172.910109,360066
148,20172.910109,362451
149,20172.910109,364834
150,20172.910109,367220
151,20172.910109,369607
152,20172.910109,371989
153,20172.910109,374372
154,20172.910109,376758
155,20172.910109,379145
156,20172.910109,381534
157,20172.910109,383932
158,20172.910109,386339
159,20172.910109,388748
160,20172.910109,391160
161,20172.910109,393571
162,20172.910109,395984
163,20172.910109,398383
164,20172.910109,400796
165,20172.910109,403209
166,20172.910109,405620
167,20172.910109,408032
168,20172.910109,410428
169,20172.910109,412841
170,20172.910109,415254
171,20172.910109,417666
172,20172.910109,420065
173,20172.910109,422463
174,20172.910109,424847
175,20172.910109,427224
176,20172.910109,429602
177,20172.910109,431979
178,20172.910109,434357
179,20172.910109,436736
180,20172.910109,439118
181,20172.910109,441502
182,20172.910109,443887
183,20172.910109,446276
184,20172.910109,448660
185,20172.910109,451037
186,20172.910109,453414
187,20172.910109,455791
188,20172.910109,458175
189,20172.910109,460567
190,20172.910109,462944
191,20172.910109,465321
192,20172.910109,467698
193,20172.910109,470075
194,20172.910109,472452
195,20172.910109,474829
196,20172.910109,477205
197,20172.910109,479581
198,20172.910109,481957
199,20172.910109,484333
200,20172.910109,486709
201,20172.910109,489085
202,20172.910109,491461
203,20172.910109,493837
204,20172.910109,496213
205,20172.910109,498589
206,20172.910109,500965
207,20172.910109,503342
208,20172.910109,505727
209,20172.910109,508116
210,20172.910109,510505
211,20172.910109,512895
212,20172.910109,515285
213,20172.910109,517661
214,20172.910109,520037
215,20172.910109,522413
216,20172.910109,524789
217,20172.910109,527165
218,20172.910109,529541
219,20172.910109,531917
220,20172.910109,534293
221,20172.910109,536669
222,20172.910109,539045
223,20172.910109,541421
224,20172.910109,543797
225,20172.910109,546173
226,20172.910109,548552
227,20172.910109,550934
228,20172.910109,553310
229,20172.910109,555686
230,20172.910109,558062
231,20172.910109,560438
232,20172.910109,562814
233,20172.910109,565190
234,20172.910109,567566
235,20172.910109,569942
236,20172.910109,572318
237,20172.910109,574694
238,20172.910109,577071
239,20172.910109,579452
240,20172.910109,581833
241,20172.910109,584223
242,20172.910109,586618
243,20172.910109,589011
244,20172.910109,591404
245,20172.910109,593799
246,20172.910109,596202
247,20172.910109,598590
248,20172.910109,600983
249,20172.910109,603373
250,20172.910109,605766
251,20172.910109,608150
252,20172.910109,610528
253,20172.910109,612907
254,20172.910109,615286
255,20172.910109,617664
256,20172.910109,620042
257,20172.910109,622419
258,20172.910109,624802
259,20172.910109,627195
260,20172.910109,629589
261,20172.910109,631967
262,20172.910109,634351
263,20172.910109,636736
264,20172.910109,639112
265,20172.910109,641488
266,20172.910109,643864
267,20172.910109,646240
268,20172.910109,648616
269,20172.910109,650992
270,20172.910109,653368
271,20172.910109,655744
272,20172.910109,658123
273,20172.910109,660510
274,20172.910109,662906
275,20172.910109,665295
276,20172.910109,667686
277,20172.910109,670076
278,20172.910109,672466
279,20172.910109,674842
280,20172.910109,677218
281,20172.910109,679594
282,20172.910109,681970
283,20172.910109,684346
284,20172.910109,686722
285,20172.910109,689098
286,20172.910109,691474
287,20172.910109,693850
288,20172.910109,696226
289,20172.910109,698602
290,20172.910109,700978
291,20172.910109,703354
292,20172.910109,705730
293,20172.910109,708106
294,20172.910109,710482
20172.910109,46.050713
1,20445.195279,2376
2,20431.022297,4752
3,20398.627409,7128
4,20398.580611,9504
5,20378.827968,11883
6,20364.181317,14260
7,20342.647135,16638
8,20335.899590,19020
9,20321.066871,21406
10,20314.419197,23799
11,20297.604292,26192
12,20297.604292,28589
13,20278.936591,30983
14,20278.936591,33378
15,20277.124311,35775
16,20271.221378,38179
17,20233.738446,40581
18,20233.738446,42987
19,20221.116311,45393
20,20221.040084,47802
21,20218.554501,50214
22,20218.501842,52630
23,20218.376707,55049
24,20218.258177,57476
25,20214.870134,59907
26,20214.408201,62342
27,20213.523574,64778
28,20213.523574,67222
29,20213.523574,69670
30,20213.523574,72120
31,20213.359505,74575
32,20213.359505,77032
33,20213.359505,79500
34,20213.359505,81965
35,20213.359505,84440
36,20213.359505,86903
37,20213.359505,89372
38,20213.359505,91843
39,20213.359505,94319
40,20213.359505,96798
41,20213.359505,99282
42,20213.359505,101769
43,20213.359505,104255
44,20213.359505,106738
45,20213.359505,109221
46,20213.359505,111708
47,20213.359505,114197
48,20213.359505,116689
49,20213.359505,119180
50,20213.359505,121677
51,20213.359505,124154
52,20213.359505,126631
53,20213.359505,129109
54,20213.359505,131582
55,20213.359505,134050
56,20213.359505,136520
57,20213.359505,138992
58,20213.359505,141466
59,20213.359505,143936
60,20213.359505,146416
61,20213.359505,148885
62,20213.359505,151347
63,20213.359505,153809
64,20213.359505,156274
65,20213.359505,158742
66,20213.359505,161199
67,20213.359505,163658
68,20213.359505,166120
69,20213.359505,168587
70,20213.359505,171056
71,20213.359505,173527
72,20213.359505,176003
73,20213.359505,178480
74,20213.359505,180940
75,20213.359505,183403
76,20213.359505,185870
77,20213.359505,188320
78,20213.359505,190773
79,20213.359505,193228
80,20213.359505,195688
81,20213.359505,198147
82,20213.359505,200611
83,20213.359505,203072
84,20213.359505,205541
85,20213.359505,208009
86,20213.359505,210469
87,20213.359505,212932
88,20213.359505,215393
89,20213.359505,217845
90,20213.359505,220303
91,20213.359505,222761
92,20213.359505,225221
93,20213.359505,227652
94,20213.359505,230086
95,20213.359505,232520
96,20213.359505,234956
97,20213.359505,237390
98,20213.359505,239825
99,20213.359505,242253
100,20213.359505,244686
101,20213.359505,247122
102,20213.359505,249560
103,20213.359505,251993
104,20213.359505,254429
105,20213.359505,256862
106,20213.359505,259295
107,20213.359505,261729
108,20213.359505,264161
109,20213.359505,266590
110,20213.359505,269018
111,20213.359505,271441
112,20213.359505,273859
113,20213.359505,276279
114,20213.359505,278705
115,20213.359505,281145
116,20213.359505,283588
117,20213.359505,286026
118,20213.359505,288448
119,20213.359505,290871
120,20213.359505,293280
121,20213.359505,295695
122,20213.359505,298117
123,20213.359505,300527
124,20213.359505,302936
125,20213.359505,305347
126,20213.359505,307731
127,20213.359505,310115
128,20213.359505,312500
129,20213.359505,314899
130,20213.359505,317303
131,20213.359505,319709
132,20213.359505,322109
133,20213.359505,324499
134,20213.359505,326887
135,20213.359505,329275
136,20213.359505,331663
137,20213.359505,334060
138,20213.359505,336459
139,20213.359505,338855
140,20213.359505,341239
141,20213.359505,343623
142,20213.359505,346008
143,20213.359505,348391
144,20213.359505,350774
145,20213.359505,353157
146,20213.359505,355542
147,20213.359505,357928
148,20213.359505,360314
149,20213.359505,362699
150,20213.359505,365084
151,20213.359505,367466
152,20213.359505,369848
153,20213.359505,372229
154,20213.359505,374610
155,20213.359505,376992
156,20213.359505,379376
157,20213.359505,381761
158,20213.359505,384157
159,20213.359505,386555
160,20213.359505,388954
161,20213.359505,391344
162,20213.359505,393732
163,20213.359505,396117
164,20213.359505,398504
165,20213.359505,400892
166,20213.359505,403281
167,20213.359505,405676
168,20213.359505,408076
169,20213.359505,410477
170,20213.359505,412866
171,20213.359505,415254
172,20213.359505,417645
173,20213.359505,420045
174,20213.359505,422435
175,20213.359505,424824
176,20213.359505,427213
177,20213.359505,429602
178,20213.359505,431992
179,20213.359505,434385
180,20213.359505,436776
181,20213.359505,439169
182,20213.359505,441546
183,20213.359505,443923
184,20213.359505,446300
185,20213.359505,448677
186,20213.359505,451054
187,20213.359505,453431
188,20213.359505,455808
189,20213.359505,458185
190,20213.359505,460562
191,20213.359505,462939
192,20213.359505,465316
193,20213.359505,467693
194,20213.359505,470070
195,20213.359505,472447
196,20213.359505,474823
197,20213.359505,477199
198,20213.359505,479580
199,20213.359505,481966
200,20213.359505,484357
201,20213.359505,486734
202,20213.359505,489123
203,20213.359505,491499
204,20213.359505,493875
205,20213.359505,496251
206,20213.359505,498627
207,20213.359505,501003
208,20213.359505,503379
209,20213.359505,505755
210,20213.359505,508133
211,20213.359505,510516
212,20213.359505,512900
213,20213.359505,515286
214,20213.359505,517662
215,20213.359505,520038
216,20213.359505,522414
217,20213.359505,524790
218,20213.359505,527169
219,20213.359505,529560
220,20213.359505,531949
221,20213.359505,534325
222,20213.359505,536702
223,20213.359505,539079
224,20213.359505,541457
225,20213.359505,543835
226,20213.359505,546214
227,20213.359505,548607
228,20213.359505,551004
229,20213.359505,553406
230,20213.359505,555793
231,20213.359505,558171
232,20213.359505,560555
233,20213.359505,562947
234,20213.359505,565345
235,20213.359505,567738
236,20213.359505,570133
237,20213.359505,572516
238,20213.359505,574911
239,20213.359505,577289
240,20213.359505,579668
241,20213.359505,582057
242,20213.359505,584447
243,20213.359505,586837
244,20213.359505,589227
245,20213.359505,591603
246,20213.359505,593982
247,20213.359505,596367
248,20213.359505,598755
249,20213.359505,601131
250,20213.359505,603507
251,20213.359505,605883
252,20213.359505,608259
253,20213.359505,610635
254,20213.359505,613011
255,20213.359505,615387
256,20213.359505,617763
257,20213.359505,620139
258,20213.359505,622517
259,20213.359505,624902
260,20213.359505,627287
261,20213.359505,629663
262,20213.359505,632039
263,20213.359505,634415
264,20213.359505,636791
265,20213.359505,639167
266,20213.359505,641545
267,20213.359505,643931
268,20213.359505,646321
269,20213.359505,648697
270,20213.359505,651073
271,20213.359505,653449
272,20213.359505,655825
273,20213.359505,658201
274,20213.359505,660578
275,20213.359505,662957
276,20213.359505,665339
277,20213.359505,667721
278,20213.359505,670101
279,20213.359505,672490
280,20213.359505,674866
281,20213.359505,677242
282,20213.359505,679618
283,20213.359505,681994
284,20213.359505,684370
285,20213.359505,686746
286,20213.359505,689122
287,20213.359505,691498
288,20213.359505,693874
289,20213.359505,696250
290,20213.359505,698626
291,20213.359505,701002
292,20213.359505,703378
293,20213.359505,705754
294,20213.359505,708130
295,20213.359505,710506
20213.359505,45.769097
