1,62042.903928,2376
2,62041.886907,5041
3,62037.820924,7705
4,62037.652059,10369
5,62037.652059,13031
6,62037.652059,15694
7,62037.652059,18355
8,62037.652059,21016
9,62037.652059,23675
10,62037.652059,26333
11,62037.652059,28989
12,62037.652059,31640
13,62037.652059,34293
14,62037.652059,36944
15,62037.652059,39599
16,62037.652059,42252
17,62037.652059,44896
18,62037.652059,47538
19,62037.652059,50185
20,62037.652059,52819
21,62037.652059,55472
22,62037.652059,58110
23,62037.652059,60755
24,62037.652059,63397
25,62037.652059,66035
26,62037.652059,68671
27,62037.652059,71309
28,62037.652059,73949
29,62037.652059,76592
30,62037.652059,79235
31,62037.652059,81871
32,62037.652059,84508
33,62037.652059,87146
34,62037.652059,89799
35,62037.652059,92454
36,62037.652059,95114
37,62037.652059,97755
38,62037.652059,100405
39,62037.652059,103037
40,62037.652059,105687
41,62037.652059,108321
42,62037.652059,110971
43,62037.652059,113624
44,62037.652059,116273
45,62037.652059,118919
46,62037.652059,121564
47,62037.652059,124186
48,62037.652059,126831
49,62037.652059,129485
50,62037.652059,132120
51,62037.652059,134761
52,62037.652059,137408
53,62037.652059,140051
54,62037.652059,142695
55,62037.652059,145324
56,62037.652059,147954
57,62037.652059,150586
58,62037.652059,153231
59,62037.652059,155881
60,62037.652059,158533
61,62037.652059,161184
62,62037.652059,163832
63,62037.652059,166481
64,62037.652059,169129
65,62037.652059,171772
66,62037.652059,174402
67,62037.652059,177025
68,62037.652059,179662
69,62037.652059,182288
70,62037.652059,184916
71,62037.652059,187551
72,62037.652059,190187
73,62037.652059,192817
74,62037.652059,195453
75,62037.652059,198087
76,62037.652059,200715
77,62037.652059,203344
78,62037.652059,205976
79,62037.652059,208610
80,62037.652059,211240
81,62037.652059,213885
82,62037.652059,216519
83,62037.652059,219148
84,62037.652059,221773
85,62037.652059,224397
86,62037.652059,227021
87,62037.652059,229658
88,62037.652059,232280
89,62037.652059,234908
90,62037.652059,237537
91,62037.652059,240185
92,62037.652059,242818
93,62037.652059,245454
94,62037.652059,248087
95,62037.652059,250712
96,62037.652059,253344
97,62037.652059,255968
98,62037.652059,258600
99,62037.652059,261223
100,62037.652059,263864
101,62037.652059,266510
102,62037.652059,269159
103,62037.652059,271804
104,62037.652059,274451
105,62037.652059,277094
106,62037.652059,279734
107,62037.652059,282377
108,62037.652059,285000
109,62037.652059,287643
110,62037.652059,290284
111,62037.652059,292927
112,62037.652059,295577
113,62037.652059,298219
114,62037.652059,300870
115,62037.652059,303500
116,62037.652059,306134
117,62037.652059,308766
118,62037.652059,311412
119,62037.652059,314052
120,62037.652059,316701
121,62037.652059,319358
122,62037.652059,322016
123,62037.652059,324659
124,62037.652059,327299
125,62037.652059,329939
126,62037.652059,332595
127,62037.652059,335238
128,62037.652059,337876
129,62037.652059,340517
130,62037.652059,343155
131,62037.652059,345794
132,62037.652059,348436
133,62037.652059,351081
134,62037.652059,353731
135,62037.652059,356368
136,62037.652059,359008
137,62037.652059,361648
138,62037.652059,364283
139,62037.652059,366924
140,62037.055848,369569
141,62037.055848,372215
142,62037.055848,374866
143,62037.055848,377513
144,62037.055848,380156
145,62037.055848,382803
146,62037.055848,385451
147,62037.055848,388089
148,62037.055848,390728
149,62037.055848,393363
150,62037.055848,396007
151,62037.055848,398660
152,62037.055848,401302
153,62037.055848,403951
154,62037.055848,406603
155,62037.055848,409247
156,62037.055848,411885
157,62037.055848,414537
158,62037.055848,417175
159,62037.055848,419819
160,62037.055848,422465
161,62037.055848,425101
162,62037.055848,427737
163,62037.055848,430381
164,62037.055848,433027
165,62037.055848,435675
166,62037.055848,438324
167,62037.055848,440966
168,62037.055848,443608
169,62037.055848,446249
170,62037.055848,448885
171,62037.055848,451524
172,62037.055848,454167
173,62037.055848,456807
174,62037.055848,459453
175,62037.055848,462098
176,62037.055848,464744
177,62036.763151,467386
178,62036.763151,470031
179,62036.763151,472675
180,62036.763151,475322
181,62036.763151,477962
182,62036.763151,480622
183,62036.763151,483263
184,62036.763151,485898
185,62036.763151,488537
186,62036.763151,491175
187,62036.763151,493806
188,62036.763151,496453
189,62036.763151,499084
190,62036.763151,501720
191,62036.763151,504356
192,62036.763151,507000
193,62036.763151,509640
194,62036.763151,512281
195,62036.763151,514928
196,62036.763151,517567
197,62036.763151,520212
198,62036.763151,522858
199,62036.763151,525504
200,62036.763151,528152
201,62036.763151,530798
202,62036.763151,533433
203,62036.763151,536069
204,62036.763151,538696
205,62036.763151,541330
206,62036.763151,543971
207,62036.763151,546620
208,62036.763151,549268
209,62036.763151,551906
210,62036.763151,554534
211,62036.730013,557173
212,62036.730013,559818
213,62036.730013,562460
214,62036.730013,565103
215,62036.730013,567743
216,62036.730013,570396
217,62036.730013,573048
218,62036.730013,575696
219,62036.730013,578333
220,62036.730013,580978
221,62036.730013,583630
222,62036.730013,586267
223,62036.730013,588912
224,62036.730013,591555
225,62036.730013,594192
226,62036.730013,596828
227,62036.730013,599461
228,62036.730013,602092
229,62036.730013,604723
230,62036.730013,607358
231,62036.730013,609997
232,62036.730013,612624
233,62036.730013,615267
234,62036.730013,617914
235,62036.730013,620557
236,62036.730013,623198
237,62036.730013,625837
238,62036.730013,628467
239,62036.730013,631098
240,62036.730013,633741
241,62036.730013,636382
242,62036.730013,639006
243,62036.730013,641636
244,62036.730013,644264
245,62036.730013,646894
246,62036.730013,649528
247,62036.730013,652149
248,62036.730013,654783
249,62036.730013,657423
250,62036.730013,660055
251,62036.730013,662696
252,62036.730013,665342
253,62036.730013,667977
254,62036.730013,670622
255,62036.730013,673259
256,62036.730013,675901
257,62036.730013,678538
258,62036.730013,681176
259,62036.730013,683812
260,62036.730013,686456
261,62036.730013,689098
262,62036.730013,691737
263,62036.730013,694373
264,62036.730013,697011
265,62036.730013,699643
266,62036.730013,702287
267,62036.730013,704927
268,62036.730013,707580
269,62036.730013,710234
270,62036.730013,712873
271,62036.730013,715513
272,62036.730013,718164
273,62036.730013,720813
274,62036.730013,723462
275,62036.730013,726112
276,62036.730013,728765
277,62036.730013,731404
278,62036.730013,734056
279,62036.730013,736704
280,62036.730013,739353
281,62036.730013,742007
282,62036.730013,744656
283,62036.730013,747303
284,62036.730013,749949
285,62036.730013,752577
286,62036.730013,755213
287,62036.730013,757850
288,62036.730013,760493
289,62036.730013,763136
290,62036.730013,765778
291,62036.730013,768418
292,62036.730013,771055
293,62036.730013,773699
294,62036.730013,776336
295,62036.730013,778984
296,62036.730013,781618
297,62036.730013,784265
298,62036.730013,786905
299,62036.730013,789551
300,62036.730013,792200
301,62036.730013,794841
302,62036.730013,797494
303,62036.730013,800133
304,62036.730013,802772
305,62036.730013,805418
306,62036.730013,808064
307,62036.730013,810709
62036.730013,4.515723
1,62040.592355,2376
2,62038.289660,5014
3,62038.289660,7654
4,62038.289660,10294
5,62038.289660,12928
6,62038.289660,15567
7,62038.289660,18207
8,62038.289660,20845
9,62038.289660,23477
10,62038.289660,26104
11,62038.289660,28734
12,62038.289660,31361
13,62038.289660,33989
14,62038.289660,36613
15,62038.289660,39237
16,62038.289660,41857
17,62038.289660,44479
18,62038.289660,47099
19,62038.289660,49716
20,62038.289660,52328
21,62038.289660,54947
22,62038.289660,57561
23,62038.289660,60181
24,62038.289660,62807
25,62038.289660,65415
26,62038.289660,68039
27,62038.289660,70659
28,62038.289660,73280
29,62038.289660,75906
30,62038.289660,78533
31,62038.289660,81158
32,62038.289660,83784
33,62038.289660,86405
34,62038.289660,89035
35,62038.289660,91659
36,62038.289660,94277
37,62038.289660,96892
38,62038.289660,99503
39,62038.289660,102100
40,62038.289660,104709
41,62038.289660,107324
42,62038.289660,109932
43,62038.289660,112538
44,62038.289660,115145
45,62038.289660,117751
46,62038.289660,120363
47,62038.289660,122970
48,62038.289660,125581
49,62038.289660,128195
50,62038.289660,130803
51,62038.289660,133415
52,62038.289660,136028
53,62038.289660,138650
54,62038.289660,141266
55,62038.289660,143880
56,62038.289660,146503
57,62038.289660,149114
58,62038.289660,151733
59,62038.289660,154355
60,62038.289660,156978
61,62038.289660,159598
62,62038.289660,162222
63,62038.289660,164840
64,62038.289660,167455
65,62038.289660,170072
66,62038.289660,172689
67,62038.289660,175309
68,62038.289660,177933
69,62038.289660,180550
70,62038.289660,183154
71,62038.289660,185756
72,62038.289660,188367
73,62038.289660,190984
74,62038.289660,193599
75,62038.289660,196218
76,62038.289660,198839
77,62038.289660,201454
78,62038.289660,204084
79,62038.289660,206693
80,62038.289660,209306
81,62038.289660,211909
82,62038.289660,214522
83,62038.289660,217132
84,62038.289660,219745
85,62038.289660,222363
86,62038.289660,224978
87,62038.289660,227599
88,62038.289660,230220
89,62038.289660,232839
90,62038.289660,235457
91,62038.289660,238068
92,62038.289660,240674
93,62038.289660,243293
94,62038.289660,245908
95,62038.289660,248526
96,62038.289660,251140
97,62038.289660,253748
98,62038.289660,256355
99,62038.289660,258966
100,62038.289660,261567
101,62038.289660,264168
102,62038.289660,266770
103,62038.289660,269383
104,62038.289660,272010
105,62038.289660,274625
106,62038.289660,277249
107,62038.289660,279873
108,62037.953821,282491
109,62037.953821,285108
110,62037.953821,287731
111,62037.953821,290352
112,62037.953821,292968
113,62037.953821,295592
114,62037.953821,298209
115,62037.953821,300826
116,62037.953821,303444
117,62037.953821,306069
118,62037.953821,308690
119,62037.953821,311310
120,62037.953821,313937
121,62037.953821,316563
122,62037.953821,319183
123,62037.953821,321813
124,62037.953821,324443
125,62037.953821,327068
126,62037.953821,329695
127,62037.953821,332315
128,62037.953821,334945
129,62037.953821,337562
130,62037.953821,340181
131,62037.953821,342799
132,62037.953821,345405
133,62037.953821,348007
134,62037.953821,350614
135,62037.953821,353229
136,62037.953821,355849
137,62037.953821,358468
138,62037.953821,361081
139,62037.953821,363693
140,62037.953821,366302
141,62037.953821,368922
142,62037.953821,371532
143,62037.953821,374144
144,62037.953821,376761
145,62037.953821,379374
146,62037.953821,381997
147,62037.953821,384624
148,62037.953821,387251
149,62037.953821,389864
150,62037.953821,392489
151,62037.953821,395107
152,62037.953821,397722
153,62037.953821,400333
154,62037.953821,402952
155,62037.953821,405571
156,62037.953821,408190
157,62037.953821,410811
158,62037.953821,413432
159,62037.953821,416055
160,62037.953821,418682
161,62037.953821,421307
162,62037.953821,423934
163,62037.953821,426558
164,62037.953821,429188
165,62037.953821,431805
166,62037.953821,434430
167,62037.953821,437057
168,62037.953821,439675
169,62037.953821,442299
170,62037.953821,444926
171,62037.953821,447548
172,62037.953821,450169
173,62037.953821,452781
174,62037.953821,455400
175,62037.953821,458014
176,62037.953821,460611
177,62037.953821,463225
178,62037.953821,465845
179,62037.953821,468460
180,62037.953821,471077
181,62037.953821,473699
182,62037.953821,476305
183,62037.953821,478902
184,62037.953821,481510
185,62037.953821,484126
186,62037.953821,486741
187,62037.953821,489356
188,62037.953821,491964
189,62037.953821,494578
190,62037.953821,497195
191,62037.953821,499817
192,62037.953821,502438
193,62037.953821,505066
194,62037.953821,507696
195,62037.953821,510325
196,62037.652059,512943
197,62037.652059,515559
198,62037.652059,518175
199,62037.652059,520787
200,62037.652059,523403
201,62037.652059,526008
202,62037.652059,528636
203,62037.652059,531256
204,62037.652059,533886
205,62037.652059,536512
206,62037.652059,539133
207,62037.652059,541764
208,62037.652059,544396
209,62037.652059,547017
210,62037.652059,549639
211,62037.652059,552268
212,62037.652059,554889
213,62037.652059,557506
214,62037.652059,560126
215,62037.652059,562748
216,62037.652059,565370
217,62037.652059,567999
218,62037.652059,570627
219,62037.652059,573255
220,62037.652059,575881
221,62037.652059,578505
222,62037.652059,581126
223,62037.652059,583747
224,62037.652059,586368
225,62037.652059,588999
226,62037.652059,591627
227,62037.652059,594239
228,62037.652059,596863
229,62037.652059,599479
230,62037.652059,602103
231,62037.652059,604726
232,62037.652059,607355
233,62037.652059,609980
234,62037.652059,612607
235,62037.652059,615230
236,62037.652059,617848
237,62037.652059,620466
238,62037.652059,623094
239,62037.652059,625708
240,62037.652059,628333
241,62037.652059,630942
242,62037.652059,633566
243,62037.652059,636168
244,62037.652059,638773
245,62037.652059,641392
246,62037.652059,644011
247,62037.652059,646625
248,62037.652059,649246
249,62037.652059,651868
250,62037.652059,654495
251,62037.652059,657120
252,62037.652059,659733
253,62037.652059,662352
254,62037.652059,664973
255,62037.652059,667600
256,62037.652059,670219
257,62037.652059,672841
258,62037.652059,675468
259,62037.652059,678088
260,62037.652059,680705
261,62037.652059,683317
262,62037.652059,685935
263,62037.652059,688555
264,62037.652059,691191
265,62037.652059,693819
266,62037.652059,696457
267,62037.652059,699094
268,62037.652059,701718
269,62037.652059,704348
270,62037.652059,706964
271,62037.652059,709590
272,62037.652059,712210
273,62037.652059,714840
274,62037.652059,717459
275,62036.730013,720085
276,62036.730013,722712
277,62036.730013,725344
278,62036.730013,727974
279,62036.730013,730604
280,62036.730013,733238
281,62036.730013,735867
282,62036.730013,738496
283,62036.730013,741122
284,62036.730013,743746
285,62036.730013,746368
286,62036.730013,748997
287,62036.730013,751618
288,62036.730013,754250
289,62036.730013,756866
290,62036.730013,759491
291,62036.730013,762103
292,62036.730013,764723
293,62036.730013,767335
294,62036.730013,769959
295,62036.730013,772583
296,62036.730013,775200
297,62036.730013,777818
298,62036.730013,780434
299,62036.730013,783053
300,62036.730013,785668
301,62036.730013,788287
302,62036.730013,790915
303,62036.730013,793533
304,62036.730013,796154
305,62036.730013,798764
306,62036.730013,801375
307,62036.730013,803991
308,62036.730013,806606
309,62036.730013,809220
310,62036.730013,811844
62036.730013,4.500541
1,62039.329063,2376
2,62038.592934,5037
3,62038.592934,7697
4,62038.592934,10355
5,62038.592934,13015
6,62037.953821,15672
7,62037.953821,18322
8,62037.953821,20981
9,62037.953821,23641
10,62037.953821,26293
11,62037.953821,28942
12,62037.953821,31591
13,62037.953821,34245
14,62037.953821,36897
15,62037.953821,39542
16,62037.953821,42198
17,62037.953821,44838
18,62037.953821,47476
19,62037.953821,50118
20,62037.953821,52754
21,62037.953821,55400
22,62037.953821,58044
23,62037.953821,60696
24,62037.953821,63341
25,62037.953821,65975
26,62037.953821,68609
27,62037.953821,71235
28,62037.953821,73874
29,62037.953821,76503
30,62037.953821,79133
31,62037.953821,81774
32,62037.953821,84412
33,62037.953821,87041
34,62037.953821,89675
35,62037.953821,92305
36,62037.953821,94949
37,62037.953821,97590
38,62037.953821,100236
39,62037.953821,102876
40,62037.953821,105513
41,62037.953821,108147
42,62037.953821,110794
43,62037.953821,113434
44,62037.953821,116062
45,62037.953821,118696
46,62037.953821,121328
47,62037.953821,123973
48,62037.953821,126604
49,62037.953821,129244
50,62037.953821,131877
51,62037.953821,134513
52,62037.953821,137149
53,62037.953821,139782
54,62037.953821,142418
55,62037.953821,145060
56,62037.953821,147703
57,62037.953821,150333
58,62037.953821,152976
59,62037.953821,155612
60,62037.953821,158250
61,62037.953821,160878
62,62037.953821,163506
63,62037.953821,166136
64,62037.953821,168749
65,62037.953821,171378
66,62037.953821,174002
67,62037.953821,176631
68,62037.953821,179256
69,62037.953821,181875
70,62037.953821,184493
71,62037.953821,187101
72,62037.953821,189721
73,62037.953821,192341
74,62037.953821,194961
75,62037.953821,197568
76,62037.953821,200191
77,62037.953821,202807
78,62037.953821,205433
79,62037.953821,208050
80,62037.953821,210689
81,62037.953821,213316
82,62037.953821,215936
83,62037.953821,218563
84,62037.953821,221198
85,62037.953821,223836
86,62037.953821,226466
87,62037.953821,229093
88,62037.953821,231718
89,62037.953821,234346
90,62037.953821,236967
91,62037.953821,239596
92,62037.953821,242223
93,62037.953821,244845
94,62037.953821,247480
95,62037.953821,250115
96,62037.953821,252736
97,62037.953821,255373
98,62037.953821,258003
99,62037.953821,260646
100,62037.953821,263279
101,62037.953821,265900
102,62037.953821,268525
103,62037.953821,271144
104,62037.953821,273776
105,62037.953821,276416
106,62037.953821,279054
107,62037.953821,281703
108,62037.953821,284345
109,62037.953821,286983
110,62037.953821,289626
111,62037.953821,292274
112,62037.953821,294908
113,62037.953821,297541
114,62037.953821,300177
115,62037.953821,302815
116,62037.953821,305458
117,62037.953821,308103
118,62037.953821,310743
119,62037.953821,313383
120,62037.953821,316011
121,62037.953821,318653
122,62037.953821,321285
123,62037.953821,323920
124,62037.953821,326553
125,62037.953821,329186
126,62037.953821,331822
127,62037.953821,334455
128,62037.953821,337093
129,62037.953821,339730
130,62037.953821,342365
131,62037.953821,345000
132,62037.953821,347629
133,62037.953821,350261
134,62037.953821,352892
135,62037.953821,355527
136,62037.953821,358166
137,62037.953821,360798
138,62037.953821,363438
139,62037.953821,366065
140,62037.953821,368693
141,62037.953821,371319
142,62037.953821,373961
143,62037.953821,376591
144,62037.953821,379223
145,62037.953821,381851
146,62037.953821,384491
147,62037.953821,387128
148,62037.953821,389760
149,62037.953821,392393
150,62037.953821,395035
151,62037.953821,397687
152,62037.953821,400334
153,62037.953821,402979
154,62037.953821,405607
155,62037.953821,408238
156,62037.953821,410876
157,62037.953821,413512
158,62037.953821,416148
159,62037.953821,418792
160,62037.953821,421434
161,62037.953821,424070
162,62037.953821,426708
163,62037.953821,429342
164,62037.953821,431975
165,62037.953821,434609
166,62037.953821,437249
167,62037.953821,439873
168,62037.953821,442512
169,62037.953821,445150
170,62037.953821,447788
171,62037.953821,450417
172,62037.953821,453047
173,62037.953821,455682
174,62037.953821,458314
175,62037.953821,460960
176,62037.953821,463594
177,62037.953821,466236
178,62037.953821,468881
179,62037.953821,471533
180,62037.953821,474177
181,62037.953821,476812
182,62037.953821,479460
183,62037.953821,482095
184,62037.953821,484730
185,62037.953821,487356
186,62037.953821,489989
187,62037.953821,492628
188,62037.953821,495269
189,62037.953821,497905
190,62037.953821,500549
191,62037.953821,503191
192,62037.953821,505828
193,62037.953821,508454
194,62037.953821,511077
195,62037.953821,513720
196,62037.953821,516347
197,62037.953821,518983
198,62037.953821,521613
199,62037.953821,524243
200,62037.953821,526880
201,62037.953821,529512
202,62037.953821,532145
203,62037.953821,534779
204,62037.953821,537415
205,62037.953821,540056
206,62037.953821,542692
207,62037.953821,545313
208,62037.953821,547932
209,62037.953821,550564
210,62037.953821,553185
211,62037.953821,555813
212,62037.953821,558439
213,62037.953821,561066
214,62037.953821,563698
215,62037.953821,566320
216,62037.953821,568951
217,62037.953821,571568
218,62037.953821,574196
219,62037.953821,576823
220,62037.953821,579456
221,62037.953821,582083
222,62037.953821,584713
223,62037.953821,587323
224,62037.953821,589936
225,62037.953821,592555
226,62037.953821,595199
227,62037.953821,597838
228,62037.953821,600489
229,62037.953821,603122
230,62037.953821,605756
231,62037.953821,608398
232,62037.953821,611045
233,62037.953821,613688
234,62037.953821,616316
235,62037.953821,618939
236,62037.953821,621566
237,62037.953821,624197
238,62037.953821,626833
239,62037.953821,629463
240,62037.953821,632096
241,62037.953821,634733
242,62037.953821,637367
243,62037.953821,639991
244,62037.953821,642635
245,62037.953821,645274
246,62037.953821,647916
247,62037.953821,650553
248,62037.953821,653184
249,62037.953821,655832
250,62037.953821,658460
251,62037.953821,661094
252,62037.953821,663728
253,62037.953821,666378
254,62037.953821,669006
255,62037.953821,671640
256,62037.953821,674280
257,62037.953821,676926
258,62037.953821,679575
259,62037.953821,682217
260,62037.953821,684855
261,62037.953821,687494
262,62037.953821,690143
263,62037.953821,692771
264,62037.953821,695409
265,62037.953821,698041
266,62037.953821,700680
267,62037.953821,703316
268,62037.953821,705953
269,62037.953821,708595
270,62037.953821,711240
271,62037.953821,713878
272,62037.953821,716520
273,62037.953821,719159
274,62037.953821,721799
275,62037.953821,724434
276,62037.953821,727073
277,62037.953821,729717
278,62037.953821,732356
279,62037.953821,734998
280,62037.953821,737642
281,62037.953821,740288
282,62037.953821,742924
283,62037.953821,745558
284,62037.953821,748197
285,62037.953821,750836
286,62037.953821,753471
287,62037.953821,756110
288,62037.953821,758734
289,62037.953821,761374
290,62037.953821,764012
291,62037.953821,766648
292,62037.953821,769290
293,62037.953821,771932
294,62037.953821,774570
295,62037.953821,777206
296,62037.953821,779840
297,62037.953821,782471
298,62037.953821,785099
299,62037.953821,787727
300,62037.953821,790340
301,62037.953821,792962
302,62037.953821,795578
303,62037.953821,798206
304,62037.953821,800840
305,62037.953821,803461
306,62037.953821,806089
307,62037.953821,808717
308,62037.953821,811352
62037.953821,4.463897
1,62041.072513,2376
2,62039.684444,5034
3,62037.953821,7692
4,62037.953821,10349
5,62037.953821,13005
6,62037.953821,15661
7,62037.953821,18314
8,62037.953821,20969
9,62037.953821,23624
10,62037.953821,26277
11,62037.953821,28925
12,62037.953821,31568
13,62037.953821,34217
14,62037.953821,36859
15,62037.953821,39500
16,62037.953821,42138
17,62037.953821,44764
18,62037.953821,47401
19,62037.953821,50036
20,62037.953821,52669
21,62037.953821,55306
22,62037.953821,57943
23,62037.953821,60570
24,62037.953821,63210
25,62037.953821,65848
26,62037.953821,68486
27,62037.953821,71115
28,62037.953821,73742
29,62037.953821,76380
30,62037.953821,79016
31,62037.953821,81657
32,62037.953821,84303
33,62037.953821,86947
34,62037.953821,89598
35,62037.953821,92233
36,62037.953821,94865
37,62037.953821,97492
38,62037.953821,100134
39,62037.953821,102783
40,62037.953821,105421
41,62037.953821,108057
42,62037.953821,110700
43,62037.953821,113345
44,62037.953821,115978
45,62037.953821,118611
46,62037.953821,121249
47,62037.953821,123893
48,62037.953821,126536
49,62037.953821,129184
50,62037.953821,131828
51,62037.953821,134472
52,62037.953821,137117
53,62037.953821,139761
54,62037.953821,142397
55,62037.953821,145029
56,62037.953821,147672
57,62037.953821,150304
58,62037.953821,152939
59,62037.953821,155557
60,62037.953821,158193
61,62037.953821,160818
62,62037.953821,163447
63,62037.953821,166082
64,62037.953821,168726
65,62037.953821,171367
66,62037.953821,174004
67,62037.953821,176644
68,62037.953821,179281
69,62037.953821,181926
70,62037.953821,184560
71,62037.953821,187204
72,62037.953821,189846
73,62037.953821,192483
74,62037.953821,195126
75,62037.953821,197773
76,62037.953821,200414
77,62037.953821,203055
78,62037.953821,205700
79,62037.953821,208329
80,62037.953821,210965
81,62037.953821,213597
82,62037.953821,216236
83,62037.953821,218868
84,62037.953821,221505
85,62037.953821,224142
86,62037.953821,226775
87,62037.953821,229416
88,62037.953821,232043
89,62037.953821,234661
90,62037.953821,237295
91,62037.953821,239928
92,62037.953821,242561
93,62037.953821,245189
94,62037.953821,247819
95,62037.820924,250454
96,62037.820924,253083
97,62037.820924,255720
98,62037.820924,258354
99,62037.820924,260984
100,62037.820924,263623
101,62037.820924,266262
102,62037.820924,268897
103,62037.820924,271541
104,62037.820924,274174
105,62037.820924,276807
106,62037.820924,279442
107,62037.820924,282057
108,62037.820924,284677
109,62037.820924,287296
110,62037.820924,289925
111,62037.820924,292552
112,62037.820924,295171
113,62037.820924,297785
114,62037.820924,300430
115,62037.820924,303074
116,62037.820924,305713
117,62037.820924,308355
118,62037.820924,310997
119,62037.820924,313644
120,62037.820924,316284
121,62037.820924,318923
122,62037.820924,321571
123,62037.820924,324211
124,62037.820924,326858
125,62037.820924,329491
126,62037.820924,332129
127,62037.820924,334771
128,62037.820924,337403
129,62037.820924,340033
130,62037.820924,342667
131,62037.820924,345299
132,62037.820924,347922
133,62037.820924,350567
134,62037.820924,353211
135,62037.820924,355856
136,62037.820924,358495
137,62037.820924,361130
138,62037.820924,363772
139,62037.820924,366420
140,62037.820924,369055
141,62037.820924,371693
142,62037.820924,374328
143,62037.820924,376967
144,62037.820924,379613
145,62037.820924,382235
146,62037.820924,384878
147,62037.820924,387517
148,62037.820924,390144
149,62037.820924,392773
150,62037.820924,395402
151,62037.820924,398028
152,62037.820924,400660
153,62037.820924,403297
154,62037.820924,405943
155,62037.820924,408573
156,62037.820924,411219
157,62037.820924,413869
158,62037.820924,416513
159,62037.820924,419159
160,62037.820924,421803
161,62037.820924,424452
162,62037.820924,427099
163,62037.820924,429743
164,62037.820924,432391
165,62037.820924,435042
166,62037.820924,437683
167,62037.820924,440320
168,62037.820924,442963
169,62037.820924,445598
170,62037.820924,448247
171,62037.820924,450890
172,62037.820924,453529
173,62037.820924,456175
174,62037.820924,458820
175,62037.820924,461461
176,62037.820924,464105
177,62037.820924,466749
178,62037.820924,469374
179,62037.820924,471997
180,62037.820924,474626
181,62037.820924,477270
182,62037.820924,479919
183,62037.820924,482563
184,62037.820924,485203
185,62037.820924,487844
186,62037.820924,490486
187,62037.820924,493130
188,62037.820924,495768
189,62037.820924,498415
190,62037.820924,501055
191,62037.820924,503703
192,62037.820924,506330
193,62037.820924,508966
194,62037.820924,511611
195,62037.820924,514248
196,62037.820924,516898
197,62037.820924,519545
198,62037.820924,522179
199,62037.820924,524822
200,62037.820924,527461
201,62037.820924,530108
202,62037.820924,532740
203,62037.820924,535389
204,62037.820924,538032
205,62037.820924,540668
206,62037.820924,543306
207,62037.820924,545949
208,62037.820924,548597
209,62037.820924,551228
210,62037.820924,553867
211,62037.820924,556495
212,62037.820924,559123
213,62037.820924,561757
214,62037.820924,564389
215,62037.820924,567026
216,62037.820924,569666
217,62037.820924,572305
218,62037.820924,574947
219,62037.820924,577589
220,62037.820924,580227
221,62037.820924,582865
222,62037.820924,585506
223,62037.820924,588148
224,62037.820924,590792
225,62037.820924,593433
226,62037.820924,596079
227,62037.820924,598712
228,62037.820924,601349
229,62037.820924,603986
230,62037.820924,606614
231,62037.820924,609246
232,62037.820924,611888
233,62037.820924,614528
234,62037.820924,617176
235,62037.820924,619817
236,62037.820924,622467
237,62037.820924,625110
238,62037.820924,627756
239,62037.820924,630402
240,62037.820924,633055
241,62037.820924,635698
242,62037.820924,638332
243,62037.820924,640970
244,62037.820924,643599
245,62037.820924,646231
246,62037.820924,648863
247,62037.820924,651502
248,62037.820924,654135
249,62037.820924,656773
250,62037.820924,659405
251,62037.820924,662043
252,62037.820924,664680
253,62037.820924,667317
254,62037.820924,669961
255,62037.820924,672609
256,62037.820924,675251
257,62037.820924,677893
258,62037.820924,680541
259,62037.820924,683164
260,62037.820924,685809
261,62037.820924,688440
262,62037.820924,691084
263,62037.820924,693711
264,62037.820924,696354
265,62037.820924,699002
266,62037.820924,701647
267,62037.820924,704288
268,62037.820924,706933
269,62037.820924,709579
270,62037.820924,712225
271,62037.820924,714870
272,62037.820924,717508
273,62037.820924,720151
274,62037.820924,722789
275,62037.820924,725421
276,62037.820924,728063
277,62037.820924,730700
278,62037.820924,733336
279,62037.820924,735964
280,62037.820924,738599
281,62037.820924,741227
282,62037.820924,743865
283,62037.820924,746501
284,62037.820924,749151
285,62037.820924,751785
286,62037.820924,754428
287,62037.820924,757062
288,62037.820924,759709
289,62037.820924,762339
290,62037.820924,764963
291,62037.820924,767614
292,62037.820924,770252
293,62037.820924,772884
294,62037.820924,775521
295,62037.820924,778160
296,62037.820924,780799
297,62037.820924,783440
298,62037.820924,786084
299,62037.820924,788724
300,62037.820924,791371
301,62037.820924,794006
302,62037.820924,796645
303,62037.820924,799281
304,62037.820924,801926
305,62037.820924,804563
306,62037.820924,807208
307,62037.820924,809839
62037.820924,4.514268
1,62040.815642,2376
2,62039.011722,5000
3,62039.011722,7624
4,62039.011722,10246
5,62039.011722,12867
6,62039.011722,15489
7,62039.011722,18108
8,62039.011722,20729
9,62039.011722,23350
10,62039.011722,25969
11,62039.011722,28582
12,62039.011722,31196
13,62039.011722,33808
14,62039.011722,36417
15,62039.011722,39022
16,62039.011722,41629
17,62039.011722,44234
18,62039.011722,46833
19,62039.011722,49428
20,62039.011722,52024
21,62039.011722,54623
22,62039.011722,57218
23,62039.011722,59812
24,62039.011722,62403
25,62039.011722,65008
26,62039.011722,67615
27,62039.011722,70224
28,62039.011722,72829
29,62039.011722,75432
30,62039.011722,78031
31,62039.011722,80633
32,62039.011722,83237
33,62039.011722,85837
34,62039.011722,88445
35,62039.011722,91046
36,62039.011722,93646
37,62039.011722,96243
38,62039.011722,98838
39,62039.011722,101441
40,62039.011722,104044
41,62039.011722,106650
42,62039.011722,109238
43,62039.011722,111834
44,62039.011722,114425
45,62039.011722,117005
46,62039.011722,119591
47,62039.011722,122173
48,62039.011722,124767
49,62039.011722,127356
50,62039.011722,129967
51,62039.011722,132563
52,62039.011722,135154
53,62039.011722,137757
54,62039.011722,140363
55,62039.011722,142963
56,62039.011722,145561
57,62039.011722,148168
58,62039.011722,150774
59,62039.011722,153377
60,62039.011722,155982
61,62039.011722,158587
62,62039.011722,161198
63,62039.011722,163801
64,62039.011722,166398
65,62039.011722,169003
66,62039.011722,171615
67,62039.011722,174222
68,62039.011722,176827
69,62039.011722,179438
70,62039.011722,182042
71,62039.011722,184642
72,62039.011722,187247
73,62039.011722,189849
74,62039.011722,192443
75,62039.011722,195050
76,62039.011722,197648
77,62039.011722,200238
78,62039.011722,202838
79,62039.011722,205426
80,62039.011722,208022
81,62039.011722,210627
82,62039.011722,213223
83,62039.011722,215812
84,62039.011722,218416
85,62039.011722,221022
86,62039.011722,223618
87,62039.011722,226223
88,62039.011722,228824
89,62039.011722,231429
90,62039.011722,234039
91,62039.011722,236650
92,62039.011722,239256
93,62039.011722,241854
94,62039.011722,244459
95,62039.011722,247054
96,62039.011722,249655
97,62039.011722,252259
98,62039.011722,254858
99,62039.011722,257462
100,62039.011722,260059
101,62039.011722,262659
102,62039.011722,265260
103,62039.011722,267857
104,62039.011722,270461
105,62039.011722,273068
106,62039.011722,275680
107,62039.011722,278284
108,62039.011722,280898
109,62039.011722,283505
110,62039.011722,286103
111,62039.011722,288714
112,62039.011722,291319
113,62039.011722,293926
114,62039.011722,296535
115,62039.011722,299133
116,62039.011722,301731
117,62039.011722,304333
118,62039.011722,306934
119,62039.011722,309536
120,62039.011722,312133
121,62039.011722,314730
122,62039.011722,317336
123,62039.011722,319930
124,62039.011722,322528
125,62039.011722,325116
126,62039.011722,327701
127,62039.011722,330298
128,62039.011722,332895
129,62039.011722,335498
130,62039.011722,338089
131,62039.011722,340688
132,62039.011722,343293
133,62039.011722,345886
134,62039.011722,348473
135,62039.011722,351067
136,62039.011722,353665
137,62039.011722,356262
138,62039.011722,358857
139,62039.011722,361449
140,62039.011722,364039
141,62039.011722,366626
142,62039.011722,369212
143,62039.011722,371805
144,62039.011722,374402
145,62039.011722,376999
146,62039.011722,379591
147,62039.011722,382195
148,62039.011722,384786
149,62039.011722,387383
150,62039.011722,389982
151,62039.011722,392577
152,62039.011722,395172
153,62039.011722,397748
154,62039.011722,400326
155,62039.011722,402911
156,62039.011722,405507
157,62039.011722,408096
158,62039.011722,410679
159,62039.011722,413256
160,62039.011722,415845
161,62039.011722,418423
162,62039.011722,421016
163,62039.011722,423607
164,62039.011722,426191
165,62039.011722,428788
166,62039.011722,431389
167,62039.011722,433991
168,62039.011722,436578
169,62039.011722,439173
170,62039.011722,441773
171,62039.011722,444363
172,62039.011722,446959
173,62039.011722,449551
174,62039.011722,452151
175,62039.011722,454742
176,62039.011722,457334
177,62039.011722,459930
178,62039.011722,462525
179,62039.011722,465116
180,62039.011722,467706
181,62039.011722,470291
182,62039.011722,472869
183,62039.011722,475464
184,62039.011722,478052
185,62039.011722,480630
186,62039.011722,483210
187,62039.011722,485787
188,62039.011722,488369
189,62039.011722,490947
190,62039.011722,493533
191,62039.011722,496131
192,62039.011722,498726
193,62039.011722,501326
194,62039.011722,503927
195,62039.011722,506517
196,62039.011722,509125
197,62039.011722,511713
198,62039.011722,514313
199,62039.011722,516914
200,62039.011722,519521
201,62039.011722,522120
202,62039.011722,524716
203,62039.011722,527318
204,62039.011722,529912
205,62039.011722,532518
206,62039.011722,535123
207,62039.011722,537722
208,62039.011722,540334
209,62039.011722,542938
210,62039.011722,545540
211,62039.011722,548140
212,62039.011722,550745
213,62039.011722,553354
214,62039.011722,555944
215,62039.011722,558547
216,62039.011722,561140
217,62039.011722,563745
218,62039.011722,566354
219,62039.011722,568957
220,62039.011722,571562
221,62039.011722,574165
222,62039.011722,576774
223,62039.011722,579370
224,62039.011722,581960
225,62039.011722,584558
226,62039.011722,587150
227,62039.011722,589742
228,62039.011722,592325
229,62039.011722,594918
230,62039.011722,597507
231,62039.011722,600095
232,62039.011722,602688
233,62039.011722,605283
234,62039.011722,607887
235,62039.011722,610477
236,62039.011722,613074
237,62039.011722,615678
238,62039.011722,618276
239,62039.011722,620868
240,62039.011722,623455
241,62039.011722,626039
242,62039.011722,628638
243,62039.011722,631244
244,62039.011722,633860
245,62039.011722,636470
246,62039.011722,639072
247,62039.011722,641674
248,62039.011722,644278
249,62039.011722,646886
250,62039.011722,649494
251,62039.011722,652096
252,62039.011722,654701
253,62039.011722,657308
254,62039.011722,659912
255,62039.011722,662515
256,62039.011722,665118
257,62039.011722,667708
258,62039.011722,670307
259,62039.011722,672905
260,62039.011722,675509
261,62039.011722,678119
262,62039.011722,680722
263,62039.011722,683318
264,62039.011722,685902
265,62039.011722,688508
266,62039.011722,691110
267,62039.011722,693707
268,62039.011722,696300
269,62039.011722,698889
270,62039.011722,701481
271,62039.011722,704071
272,62039.011722,706665
273,62039.011722,709265
274,62039.011722,711863
275,62039.011722,714464
276,62039.011722,717069
277,62039.011722,719672
278,62039.011722,722271
279,62039.011722,724864
280,62039.011722,727467
281,62039.011722,730053
282,62039.011722,732646
283,62039.011722,735235
284,62039.011722,737827
285,62039.011722,740419
286,62039.011722,743011
287,62039.011722,745600
288,62039.011722,748189
289,62039.011722,750786
290,62039.011722,753394
291,62039.011722,755993
292,62039.011722,758590
293,62039.011722,761185
294,62039.011722,763780
295,62039.011722,766373
296,62039.011722,768960
297,62039.011722,771547
298,62039.011722,774131
299,62039.011722,776717
300,62039.011722,779317
301,62039.011722,781902
302,62039.011722,784480
303,62039.011722,787066
304,62039.011722,789659
305,62039.011722,792267
306,62039.011722,794872
307,62039.011722,797473
308,62039.011722,800075
309,62039.011722,802673
310,62039.011722,805276
311,62039.011722,807875
312,62039.011722,810474
62039.011722,4.626102
1,62040.024449,2376
2,62039.329063,5023
3,62038.289660,7670
4,62037.953821,10316
5,62037.953821,12963
6,62037.953821,15604
7,62037.953821,18248
8,62037.953821,20891
9,62037.953821,23535
10,62037.953821,26178
11,62037.953821,28815
12,62037.953821,31449
13,62037.953821,34079
14,62037.953821,36712
15,62037.953821,39339
16,62037.953821,41962
17,62037.953821,44590
18,62037.953821,47209
19,62037.953821,49821
20,62037.953821,52442
21,62037.953821,55054
22,62037.953821,57673
23,62037.953821,60299
24,62037.953821,62935
25,62037.953821,65569
26,62037.953821,68191
27,62037.953821,70820
28,62037.953821,73438
29,62037.953821,76064
30,62037.953821,78687
31,62037.953821,81312
32,62037.953821,83937
33,62037.953821,86550
34,62037.953821,89179
35,62037.953821,91805
36,62037.953821,94431
37,62037.953821,97053
38,62037.953821,99668
39,62037.953821,102274
40,62037.953821,104900
41,62037.953821,107535
42,62037.953821,110166
43,62037.953821,112792
44,62037.953821,115424
45,62037.953821,118059
46,62037.953821,120689
47,62037.953821,123308
48,62037.953821,125928
49,62037.953821,128560
50,62037.953821,131200
51,62037.953821,133818
52,62037.953821,136429
53,62037.953821,139043
54,62037.953821,141659
55,62037.953821,144284
56,62037.953821,146906
57,62037.953821,149526
58,62037.953821,152155
59,62037.953821,154778
60,62037.953821,157399
61,62037.953821,160007
62,62037.953821,162630
63,62037.953821,165243
64,62037.953821,167865
65,62037.953821,170488
66,62037.953821,173101
67,62037.953821,175708
68,62037.953821,178318
69,62037.953821,180946
70,62037.953821,183572
71,62037.953821,186189
72,62037.953821,188811
73,62037.953821,191429
74,62037.953821,194050
75,62037.953821,196674
76,62037.953821,199289
77,62037.953821,201904
78,62037.953821,204526
79,62037.953821,207151
80,62037.953821,209768
81,62037.953821,212390
82,62037.953821,215011
83,62037.953821,217629
84,62037.953821,220246
85,62037.953821,222878
86,62037.953821,225501
87,62037.953821,228119
88,62037.953821,230728
89,62037.953821,233337
90,62037.953821,235955
91,62037.953821,238580
92,62037.953821,241210
93,62037.953821,243843
94,62037.953821,246470
95,62037.953821,249086
96,62037.953821,251710
97,62037.953821,254344
98,62037.953821,256966
99,62037.953821,259600
100,62037.953821,262226
101,62037.953821,264855
102,62037.953821,267477
103,62037.953821,270101
104,62037.953821,272728
105,62037.953821,275358
106,62037.953821,277993
107,62037.953821,280630
108,62037.953821,283260
109,62037.953821,285887
110,62037.953821,288517
111,62037.953821,291143
112,62037.953821,293765
113,62037.953821,296394
114,62037.953821,299020
115,62037.652059,301655
116,62037.652059,304289
117,62037.652059,306921
118,62037.652059,309555
119,62037.652059,312180
120,62037.652059,314815
121,62037.652059,317445
122,62037.652059,320077
123,62037.652059,322706
124,62037.652059,325342
125,62037.652059,327974
126,62037.652059,330605
127,62037.652059,333229
128,62037.652059,335848
129,62037.652059,338472
130,62037.652059,341080
131,62037.652059,343694
132,62037.652059,346319
133,62037.652059,348927
134,62037.652059,351535
135,62037.652059,354155
136,62037.652059,356773
137,62037.652059,359375
138,62037.652059,361995
139,62037.652059,364610
140,62037.652059,367223
141,62037.652059,369833
142,62037.652059,372447
143,62037.652059,375051
144,62037.652059,377680
145,62037.652059,380309
146,62037.652059,382927
147,62037.652059,385550
148,62037.652059,388175
149,62037.652059,390814
150,62037.652059,393436
151,62037.652059,396060
152,62037.652059,398683
153,62037.652059,401312
154,62037.652059,403943
155,62037.652059,406564
156,62037.652059,409189
157,62037.652059,411819
158,62037.652059,414453
159,62037.652059,417075
160,62037.652059,419702
161,62037.652059,422332
162,62037.652059,424962
163,62037.652059,427576
164,62037.652059,430197
165,62037.652059,432820
166,62037.652059,435434
167,62037.652059,438058
168,62037.652059,440685
169,62037.652059,443308
170,62037.652059,445919
171,62037.652059,448534
172,62037.652059,451160
173,62037.652059,453795
174,62037.652059,456415
175,62037.652059,459035
176,62037.652059,461666
177,62037.652059,464285
178,62037.652059,466920
179,62037.652059,469551
180,62037.652059,472184
181,62037.652059,474814
182,62037.652059,477436
183,62037.652059,480061
184,62037.652059,482693
185,62037.652059,485330
186,62037.652059,487963
187,62037.652059,490586
188,62037.652059,493218
189,62037.652059,495855
190,62037.652059,498492
191,62037.652059,501112
192,62037.652059,503740
193,62037.652059,506371
194,62037.652059,509003
195,62037.652059,511626
196,62037.652059,514232
197,62037.652059,516845
198,62037.652059,519458
199,62037.652059,522085
200,62037.652059,524711
201,62037.652059,527337
202,62037.652059,529968
203,62037.652059,532595
204,62037.652059,535219
205,62037.652059,537863
206,62037.652059,540484
207,62037.652059,543113
208,62037.652059,545731
209,62037.652059,548365
210,62037.652059,550986
211,62037.652059,553604
212,62037.652059,556223
213,62037.652059,558848
214,62037.652059,561481
215,62037.652059,564113
216,62037.652059,566740
217,62037.652059,569373
218,62037.652059,572004
219,62037.652059,574630
220,62037.652059,577260
221,62037.652059,579892
222,62037.652059,582501
223,62037.652059,585106
224,62037.652059,587726
225,62037.652059,590340
226,62037.652059,592951
227,62037.652059,595555
228,62037.652059,598164
229,62037.652059,600784
230,62037.652059,603409
231,62037.652059,606019
232,62037.652059,608643
233,62037.652059,611263
234,62037.652059,613880
235,62037.652059,616490
236,62037.652059,619110
237,62037.652059,621739
238,62037.652059,624356
239,62037.652059,626970
240,62037.652059,629588
241,62037.652059,632207
242,62037.652059,634824
243,62037.652059,637444
244,62037.652059,640065
245,62037.652059,642677
246,62037.652059,645312
247,62037.652059,647938
248,62037.652059,650573
249,62037.652059,653198
250,62037.652059,655827
251,62037.652059,658459
252,62037.652059,661085
253,62037.652059,663711
254,62037.652059,666352
255,62037.652059,668982
256,62037.652059,671615
257,62037.652059,674243
258,62037.652059,676865
259,62037.652059,679491
260,62037.652059,682120
261,62037.652059,684747
262,62037.652059,687368
263,62037.652059,689975
264,62037.652059,692584
265,62037.652059,695200
266,62037.652059,697821
267,62037.652059,700429
268,62037.652059,703028
269,62037.652059,705637
270,62037.652059,708264
271,62037.652059,710892
272,62037.652059,713514
273,62037.652059,716146
274,62037.652059,718772
275,62037.652059,721400
276,62037.652059,724021
277,62037.652059,726647
278,62037.652059,729270
279,62037.652059,731895
280,62037.652059,734512
281,62037.652059,737136
282,62037.652059,739758
283,62037.652059,742380
284,62037.652059,745004
285,62037.652059,747610
286,62037.652059,750225
287,62037.652059,752842
288,62037.652059,755461
289,62037.652059,758084
290,62037.652059,760694
291,62037.652059,763312
292,62037.652059,765925
293,62037.652059,768552
294,62037.652059,771173
295,62037.652059,773804
296,62037.652059,776432
297,62037.652059,779051
298,62037.652059,781670
299,62037.652059,784290
300,62037.652059,786910
301,62037.652059,789530
302,62037.652059,792150
303,62037.652059,794768
304,62037.652059,797390
305,62037.652059,800010
306,62037.652059,802617
307,62037.652059,805226
308,62037.652059,807847
309,62037.652059,810476
62037.652059,4.527747
1,62039.011722,2376
2,62039.011722,5001
3,62039.011722,7626
4,62039.011722,10249
5,62039.011722,12869
6,62039.011722,15492
7,62039.011722,18111
8,62039.011722,20734
9,62039.011722,23358
10,62039.011722,25977
11,62039.011722,28597
12,62039.011722,31217
13,62039.011722,33829
14,62039.011722,36443
15,62039.011722,39057
16,62039.011722,41672
17,62039.011722,44287
18,62039.011722,46903
19,62039.011722,49513
20,62039.011722,52117
21,62039.011722,54728
22,62039.011722,57347
23,62039.011722,59960
24,62039.011722,62561
25,62039.011722,65177
26,62039.011722,67783
27,62039.011722,70398
28,62039.011722,73016
29,62039.011722,75619
30,62039.011722,78230
31,62039.011722,80838
32,62039.011722,83443
33,62039.011722,86056
34,62039.011722,88666
35,62039.011722,91281
36,62039.011722,93875
37,62039.011722,96470
38,62039.011722,99074
39,62039.011722,101676
40,62039.011722,104286
41,62039.011722,106903
42,62039.011722,109510
43,62039.011722,112115
44,62039.011722,114724
45,62039.011722,117321
46,62039.011722,119932
47,62039.011722,122544
48,62039.011722,125154
49,62039.011722,127763
50,62039.011722,130364
51,62039.011722,132967
52,62039.011722,135580
53,62039.011722,138193
54,62039.011722,140794
55,62039.011722,143400
56,62039.011722,146001
57,62039.011722,148609
58,62039.011722,151205
59,62039.011722,153813
60,62039.011722,156410
61,62039.011722,159012
62,62039.011722,161615
63,62039.011722,164223
64,62039.011722,166833
65,62039.011722,169434
66,62039.011722,172038
67,62039.011722,174643
68,62039.011722,177254
69,62039.011722,179858
70,62039.011722,182459
71,62039.011722,185068
72,62039.011722,187662
73,62039.011722,190258
74,62039.011722,192852
75,62039.011722,195441
76,62039.011722,198037
77,62039.011722,200633
78,62039.011722,203229
79,62039.011722,205824
80,62039.011722,208427
81,62039.011722,211031
82,62039.011722,213638
83,62039.011722,216249
84,62039.011722,218863
85,62039.011722,221483
86,62039.011722,224092
87,62039.011722,226696
88,62039.011722,229295
89,62039.011722,231899
90,62039.011722,234500
91,62039.011722,237101
92,62039.011722,239705
93,62039.011722,242311
94,62039.011722,244916
95,62039.011722,247518
96,62039.011722,250117
97,62039.011722,252710
98,62039.011722,255305
99,62039.011722,257892
100,62039.011722,260486
101,62039.011722,263068
102,62039.011722,265668
103,62039.011722,268274
104,62039.011722,270865
105,62039.011722,273457
106,62039.011722,276043
107,62039.011722,278639
108,62039.011722,281236
109,62039.011722,283841
110,62039.011722,286439
111,62039.011722,289036
112,62039.011722,291623
113,62039.011722,294216
114,62039.011722,296827
115,62039.011722,299425
116,62039.011722,302024
117,62039.011722,304625
118,62039.011722,307223
119,62039.011722,309823
120,62039.011722,312417
121,62039.011722,315018
122,62039.011722,317610
123,62039.011722,320213
124,62039.011722,322805
125,62039.011722,325414
126,62039.011722,328010
127,62039.011722,330611
128,62039.011722,333209
129,62039.011722,335808
130,62039.011722,338398
131,62039.011722,340992
132,62039.011722,343584
133,62039.011722,346168
134,62039.011722,348756
135,62039.011722,351346
136,62039.011722,353947
137,62039.011722,356557
138,62039.011722,359157
139,62039.011722,361763
140,62039.011722,364373
141,62039.011722,366972
142,62039.011722,369579
143,62039.011722,372197
144,62039.011722,374805
145,62039.011722,377396
146,62039.011722,379995
147,62039.011722,382586
148,62039.011722,385198
149,62039.011722,387800
150,62039.011722,390405
151,62039.011722,393020
152,62039.011722,395631
153,62039.011722,398236
154,62039.011722,400847
155,62039.011722,403457
156,62039.011722,406066
157,62039.011722,408680
158,62039.011722,411287
159,62039.011722,413902
160,62039.011722,416500
161,62039.011722,419115
162,62039.011722,421714
163,62039.011722,424312
164,62039.011722,426916
165,62039.011722,429512
166,62039.011722,432106
167,62039.011722,434707
168,62039.011722,437319
169,62039.011722,439923
170,62039.011722,442525
171,62039.011722,445122
172,62039.011722,447725
173,62039.011722,450322
174,62039.011722,452933
175,62039.011722,455546
176,62039.011722,458153
177,62039.011722,460757
178,62039.011722,463356
179,62039.011722,465965
180,62039.011722,468570
181,62039.011722,471172
182,62039.011722,473776
183,62039.011722,476368
184,62039.011722,478975
185,62039.011722,481573
186,62039.011722,484175
187,62039.011722,486766
188,62039.011722,489359
189,62039.011722,491958
190,62039.011722,494557
191,62039.011722,497165
192,62039.011722,499775
193,62039.011722,502388
194,62039.011722,504997
195,62039.011722,507596
196,62039.011722,510207
197,62039.011722,512813
198,62039.011722,515417
199,62039.011722,518023
200,62039.011722,520634
201,62039.011722,523238
202,62039.011722,525846
203,62039.011722,528447
204,62039.011722,531049
205,62039.011722,533647
206,62039.011722,536253
207,62039.011722,538863
208,62039.011722,541472
209,62039.011722,544075
210,62039.011722,546681
211,62039.011722,549286
212,62039.011722,551889
213,62039.011722,554495
214,62039.011722,557108
215,62039.011722,559719
216,62039.011722,562326
217,62039.011722,564932
218,62039.011722,567534
219,62039.011722,570135
220,62039.011722,572741
221,62039.011722,575347
222,62039.011722,577946
223,62039.011722,580550
224,62039.011722,583145
225,62039.011722,585745
226,62039.011722,588357
227,62039.011722,590967
228,62039.011722,593564
229,62039.011722,596155
230,62039.011722,598751
231,62039.011722,601356
232,62039.011722,603960
233,62039.011722,606567
234,62039.011722,609186
235,62039.011722,611798
236,62039.011722,614408
237,62039.011722,617021
238,62039.011722,619625
239,62039.011722,622239
240,62039.011722,624842
241,62039.011722,627452
242,62039.011722,630061
243,62039.011722,632672
244,62039.011722,635275
245,62039.011722,637881
246,62039.011722,640496
247,62039.011722,643110
248,62039.011722,645718
249,62039.011722,648321
250,62039.011722,650938
251,62039.011722,653550
252,62039.011722,656164
253,62039.011722,658775
254,62039.011722,661382
255,62039.011722,663987
256,62039.011722,666598
257,62039.011722,669207
258,62039.011722,671809
259,62039.011722,674426
260,62039.011722,677038
261,62039.011722,679652
262,62039.011722,682264
263,62039.011722,684876
264,62039.011722,687487
265,62039.011722,690091
266,62039.011722,692690
267,62039.011722,695272
268,62039.011722,697881
269,62039.011722,700490
270,62039.011722,703101
271,62039.011722,705708
272,62039.011722,708313
273,62039.011722,710931
274,62039.011722,713543
275,62039.011722,716140
276,62039.011722,718739
277,62039.011722,721336
278,62039.011722,723940
279,62039.011722,726557
280,62039.011722,729168
281,62039.011722,731763
282,62039.011722,734371
283,62039.011722,736972
284,62039.011722,739578
285,62039.011722,742181
286,62039.011722,744795
287,62039.011722,747404
288,62039.011722,750012
289,62039.011722,752618
290,62039.011722,755223
291,62039.011722,757829
292,62039.011722,760448
293,62039.011722,763059
294,62039.011722,765670
295,62039.011722,768277
296,62039.011722,770877
297,62039.011722,773480
298,62039.011722,776091
299,62039.011722,778699
300,62039.011722,781301
301,62039.011722,783914
302,62039.011722,786524
303,62039.011722,789123
304,62039.011722,791716
305,62039.011722,794317
306,62039.011722,796918
307,62039.011722,799520
308,62039.011722,802119
309,62039.011722,804714
310,62039.011722,807312
311,62039.011722,809916
62039.011722,4.498830
1,62039.011722,2376
2,62039.011722,5002
3,62039.011722,7625
4,62039.011722,10251
5,62039.011722,12876
6,62039.011722,15500
7,62039.011722,18122
8,62039.011722,20745
9,62039.011722,23367
10,62039.011722,25982
11,62039.011722,28598
12,62039.011722,31204
13,62039.011722,33812
14,62039.011722,36413
15,62039.011722,39022
16,62039.011722,41626
17,62039.011722,44232
18,62039.011722,46840
19,62039.011722,49448
20,62039.011722,52056
21,62039.011722,54646
22,62039.011722,57251
23,62039.011722,59830
24,62039.011722,62436
25,62039.011722,65034
26,62039.011722,67641
27,62039.011722,70236
28,62039.011722,72832
29,62039.011722,75421
30,62039.011722,78031
31,62039.011722,80632
32,62039.011722,83242
33,62039.011722,85843
34,62039.011722,88437
35,62039.011722,91031
36,62039.011722,93630
37,62039.011722,96224
38,62039.011722,98825
39,62039.011722,101420
40,62039.011722,104017
41,62039.011722,106609
42,62039.011722,109204
43,62039.011722,111806
44,62039.011722,114399
45,62039.011722,116982
46,62039.011722,119570
47,62039.011722,122154
48,62039.011722,124740
49,62039.011722,127328
50,62039.011722,129919
51,62039.011722,132499
52,62039.011722,135083
53,62039.011722,137662
54,62039.011722,140254
55,62039.011722,142837
56,62039.011722,145415
57,62039.011722,148008
58,62039.011722,150600
59,62039.011722,153192
60,62039.011722,155797
61,62039.011722,158398
62,62039.011722,160997
63,62039.011722,163604
64,62039.011722,166206
65,62039.011722,168809
66,62039.011722,171410
67,62039.011722,174016
68,62039.011722,176621
69,62039.011722,179226
70,62039.011722,181837
71,62039.011722,184434
72,62039.011722,187031
73,62039.011722,189643
74,62039.011722,192245
75,62039.011722,194849
76,62039.011722,197442
77,62039.011722,200028
78,62039.011722,202627
79,62039.011722,205223
80,62039.011722,207834
81,62039.011722,210442
82,62039.011722,213035
83,62039.011722,215643
84,62039.011722,218240
85,62039.011722,220849
86,62039.011722,223453
87,62039.011722,226048
88,62039.011722,228646
89,62039.011722,231246
90,62039.011722,233849
91,62039.011722,236456
92,62039.011722,239069
93,62039.011722,241672
94,62039.011722,244286
95,62039.011722,246893
96,62039.011722,249486
97,62039.011722,252079
98,62039.011722,254681
99,62039.011722,257278
100,62039.011722,259880
101,62039.011722,262480
102,62039.011722,265094
103,62039.011722,267699
104,62039.011722,270300
105,62039.011722,272902
106,62039.011722,275518
107,62039.011722,278128
108,62039.011722,280744
109,62039.011722,283355
110,62039.011722,285969
111,62039.011722,288574
112,62039.011722,291168
113,62039.011722,293762
114,62039.011722,296366
115,62039.011722,298963
116,62039.011722,301572
117,62039.011722,304180
118,62039.011722,306784
119,62039.011722,309387
120,62039.011722,312002
121,62039.011722,314608
122,62039.011722,317205
123,62039.011722,319803
124,62039.011722,322405
125,62039.011722,324990
126,62039.011722,327586
127,62039.011722,330177
128,62039.011722,332772
129,62039.011722,335371
130,62039.011722,337976
131,62039.011722,340580
132,62039.011722,343186
133,62039.011722,345787
134,62039.011722,348389
135,62039.011722,350979
136,62039.011722,353572
137,62039.011722,356174
138,62039.011722,358761
139,62039.011722,361344
140,62039.011722,363935
141,62039.011722,366529
142,62039.011722,369135
143,62039.011722,371737
144,62039.011722,374335
145,62039.011722,376917
146,62039.011722,379504
147,62039.011722,382083
148,62039.011722,384672
149,62039.011722,387253
150,62039.011722,389841
151,62039.011722,392426
152,62039.011722,395019
153,62039.011722,397617
154,62039.011722,400224
155,62039.011722,402819
156,62039.011722,405416
157,62039.011722,408011
158,62039.011722,410609
159,62039.011722,413205
160,62039.011722,415797
161,62039.011722,418404
162,62039.011722,420995
163,62039.011722,423594
164,62039.011722,426189
165,62039.011722,428790
166,62039.011722,431385
167,62039.011722,433982
168,62039.011722,436578
169,62039.011722,439178
170,62039.011722,441770
171,62039.011722,444363
172,62039.011722,446952
173,62039.011722,449542
174,62039.011722,452150
175,62039.011722,454740
176,62039.011722,457332
177,62039.011722,459919
178,62039.011722,462511
179,62039.011722,465110
180,62039.011722,467724
181,62039.011722,470331
182,62039.011722,472935
183,62039.011722,475547
184,62039.011722,478154
185,62039.011722,480762
186,62039.011722,483376
187,62039.011722,485967
188,62039.011722,488567
189,62039.011722,491152
190,62039.011722,493744
191,62039.011722,496335
192,62039.011722,498931
193,62039.011722,501524
194,62039.011722,504117
195,62039.011722,506710
196,62039.011722,509301
197,62039.011722,511876
198,62039.011722,514456
199,62039.011722,517042
200,62039.011722,519642
201,62039.011722,522238
202,62039.011722,524827
203,62039.011722,527420
204,62039.011722,530024
205,62039.011722,532631
206,62039.011722,535235
207,62039.011722,537833
208,62039.011722,540438
209,62039.011722,543043
210,62039.011722,545658
211,62039.011722,548268
212,62039.011722,550871
213,62039.011722,553483
214,62039.011722,556084
215,62039.011722,558684
216,62039.011722,561282
217,62039.011722,563883
218,62039.011722,566482
219,62039.011722,569085
220,62039.011722,571681
221,62039.011722,574285
222,62039.011722,576890
223,62039.011722,579485
224,62039.011722,582091
225,62039.011722,584684
226,62039.011722,587273
227,62039.011722,589840
228,62039.011722,592418
229,62039.011722,595007
230,62039.011722,597593
231,62039.011722,600198
232,62039.011722,602810
233,62039.011722,605410
234,62039.011722,608015
235,62039.011722,610621
236,62039.011722,613224
237,62039.011722,615823
238,62039.011722,618424
239,62039.011722,621014
240,62039.011722,623613
241,62039.011722,626222
242,62039.011722,628821
243,62039.011722,631427
244,62039.011722,634027
245,62039.011722,636632
246,62039.011722,639234
247,62039.011722,641822
248,62039.011722,644428
249,62038.592434,647036
250,62038.592434,649637
251,62038.592434,652243
252,62038.592434,654849
253,62038.592434,657456
254,62038.592434,660057
255,62038.592434,662657
256,62038.592434,665249
257,62038.592434,667849
258,62038.592434,670447
259,62038.592434,673048
260,62038.592434,675634
261,62038.592434,678230
262,62038.592434,680830
263,62038.592434,683417
264,62038.592434,686009
265,62038.592434,688606
266,62038.592434,691199
267,62038.592434,693801
268,62038.592434,696414
269,62038.592434,699015
270,62038.592434,701620
271,62038.592434,704241
272,62038.592434,706856
273,62038.592434,709461
274,62038.592434,712070
275,62038.592434,714678
276,62038.592434,717291
277,62038.592434,719898
278,62038.592434,722492
279,62038.592434,725096
280,62038.592434,727695
281,62038.592434,730301
282,62038.592434,732898
283,62038.592434,735493
284,62038.592434,738086
285,62038.592434,740686
286,62038.592434,743286
287,62038.592434,745892
288,62038.592434,748492
289,62038.592434,751094
290,62038.592434,753700
291,62038.592434,756298
292,62038.592434,758891
293,62038.592434,761478
294,62038.592434,764076
295,62038.592434,766679
296,62038.592434,769288
297,62038.592434,771881
298,62038.592434,774471
299,62038.592434,777059
300,62038.592434,779659
301,62038.592434,782266
302,62038.592434,784860
303,62038.592434,787447
304,62038.592434,790039
305,62038.592434,792624
306,62038.592434,795225
307,62038.592434,797832
308,62038.592434,800443
309,62038.592434,803044
310,62038.592434,805666
311,62038.592434,808275
312,62038.592434,810873
62038.592434,4.544543
1,62042.444093,2376
2,62038.289660,5006
3,62037.748655,7637
4,62037.748655,10258
5,62037.748655,12888
6,62037.748655,15517
7,62037.748655,18147
8,62037.748655,20774
9,62037.748655,23405
10,62037.748655,26031
11,62037.748655,28657
12,62037.748655,31282
13,62037.748655,33906
14,62037.748655,36523
15,62037.748655,39140
16,62037.748655,41756
17,62037.748655,44361
18,62037.748655,46961
19,62037.748655,49579
20,62037.748655,52187
21,62037.748655,54786
22,62037.748655,57385
23,62037.748655,59983
24,62037.748655,62589
25,62037.748655,65198
26,62037.748655,67803
27,62037.748655,70412
28,62037.748655,73016
29,62037.748655,75618
30,62037.748655,78231
31,62037.748655,80844
32,62037.748655,83458
33,62037.748655,86075
34,62037.748655,88687
35,62037.748655,91294
36,62037.748655,93909
37,62037.748655,96527
38,62037.748655,99136
39,62037.748655,101746
40,62037.748655,104363
41,62037.748655,106973
42,62037.748655,109583
43,62037.748655,112192
44,62037.748655,114797
45,62037.748655,117382
46,62037.748655,119986
47,62037.748655,122584
48,62037.748655,125184
49,62037.748655,127798
50,62037.748655,130406
51,62037.748655,133006
52,62037.748655,135621
53,62037.748655,138222
54,62037.748655,140822
55,62037.748655,143411
56,62037.748655,146015
57,62037.748655,148626
58,62037.748655,151237
59,62037.748655,153844
60,62037.748655,156451
61,62037.748655,159049
62,62037.748655,161640
63,62037.748655,164236
64,62037.748655,166837
65,62037.748655,169428
66,62037.748655,172020
67,62037.748655,174615
68,62037.748655,177212
69,62037.748655,179808
70,62037.748655,182404
71,62037.748655,185010
72,62037.748655,187607
73,62037.748655,190204
74,62037.748655,192808
75,62037.748655,195403
76,62037.748655,198000
77,62037.748655,200591
78,62037.748655,203182
79,62037.748655,205783
80,62037.748655,208377
81,62037.748655,210977
82,62037.748655,213589
83,62037.748655,216194
84,62037.748655,218801
85,62037.748655,221408
86,62037.748655,224023
87,62037.748655,226632
88,62037.748655,229250
89,62037.748655,231844
90,62037.748655,234446
91,62037.748655,237055
92,62037.748655,239656
93,62037.748655,242260
94,62037.748655,244870
95,62037.748655,247482
96,62037.748655,250093
97,62037.748655,252698
98,62037.748655,255302
99,62037.748655,257913
100,62037.748655,260513
101,62037.748655,263107
102,62037.748655,265717
103,62037.748655,268327
104,62037.748655,270928
105,62037.748655,273528
106,62037.748655,276130
107,62037.748655,278736
108,62037.748655,281356
109,62037.748655,283963
110,62037.748655,286577
111,62037.748655,289175
112,62037.748655,291780
113,62037.748655,294388
114,62037.748655,296996
115,62037.748655,299601
116,62037.748655,302205
117,62037.748655,304815
118,62037.748655,307430
119,62037.748655,310031
120,62037.748655,312640
121,62037.748655,315246
122,62037.748655,317854
123,62037.748655,320455
124,62037.748655,323051
125,62037.748655,325646
126,62037.748655,328251
127,62037.748655,330856
128,62037.748655,333458
129,62037.748655,336057
130,62037.748655,338662
131,62037.748655,341266
132,62037.748655,343862
133,62037.748655,346455
134,62037.748655,349054
135,62037.748655,351648
136,62037.748655,354251
137,62037.748655,356860
138,62037.748655,359458
139,62037.748655,362055
140,62037.748655,364659
141,62037.748655,367250
142,62037.748655,369843
143,62037.748655,372465
144,62037.748655,375081
145,62037.748655,377700
146,62037.748655,380313
147,62037.748655,382929
148,62037.748655,385542
149,62037.748655,388152
150,62037.748655,390770
151,62037.748655,393386
152,62037.748655,395996
153,62037.748655,398602
154,62037.748655,401206
155,62037.748655,403803
156,62037.748655,406409
157,62037.748655,409012
158,62037.748655,411614
159,62037.748655,414212
160,62037.748655,416813
161,62037.748655,419412
162,62037.748655,422007
163,62037.748655,424614
164,62037.748655,427222
165,62037.748655,429811
166,62037.748655,432409
167,62037.748655,435008
168,62037.748655,437615
169,62037.748655,440219
170,62037.748655,442824
171,62037.748655,445431
172,62037.748655,448035
173,62037.748655,450640
174,62037.748655,453246
175,62037.748655,455853
176,62037.748655,458457
177,62037.748655,461049
178,62037.748655,463657
179,62037.748655,466263
180,62037.748655,468865
181,62037.748655,471479
182,62037.748655,474087
183,62037.748655,476683
184,62037.748655,479288
185,62037.748655,481893
186,62037.748655,484496
187,62037.748655,487083
188,62037.748655,489686
189,62037.748655,492290
190,62037.748655,494899
191,62037.748655,497509
192,62037.748655,500122
193,62037.748655,502731
194,62037.748655,505343
195,62037.748655,507955
196,62037.748655,510570
197,62037.748655,513180
198,62037.748655,515792
199,62037.748655,518395
200,62037.748655,521006
201,62037.748655,523606
202,62037.748655,526203
203,62037.748655,528804
204,62037.748655,531413
205,62037.748655,534014
206,62037.748655,536603
207,62037.748655,539201
208,62037.748655,541800
209,62037.748655,544397
210,62037.748655,546994
211,62037.748655,549582
212,62037.748655,552183
213,62037.748655,554770
214,62037.748655,557364
215,62037.748655,559955
216,62037.748655,562548
217,62037.748655,565148
218,62037.748655,567744
219,62037.748655,570335
220,62037.748655,572924
221,62037.748655,575521
222,62037.748655,578110
223,62037.748655,580702
224,62037.748655,583303
225,62037.748655,585901
226,62037.748655,588515
227,62037.748655,591127
228,62037.748655,593743
229,62037.748655,596350
230,62037.748655,598961
231,62037.748655,601561
232,62037.748655,604164
233,62037.748655,606764
234,62037.748655,609366
235,62037.748655,611972
236,62037.748655,614574
237,62037.748655,617171
238,62037.748655,619770
239,62037.748655,622369
240,62037.748655,624974
241,62037.748655,627585
242,62037.748655,630202
243,62037.748655,632806
244,62037.748655,635412
245,62037.748655,638018
246,62037.748655,640617
247,62037.748655,643221
248,62037.748655,645827
249,62037.748655,648434
250,62037.748655,651045
251,62037.748655,653652
252,62037.748655,656257
253,62037.748655,658863
254,62037.748655,661471
255,62037.748655,664085
256,62037.748655,666691
257,62037.748655,669300
258,62037.748655,671912
259,62037.748655,674513
260,62037.748655,677132
261,62037.748655,679738
262,62037.748655,682343
263,62037.748655,684954
264,62037.748655,687554
265,62037.748655,690157
266,62037.748655,692756
267,62037.748655,695357
268,62037.748655,697974
269,62037.748655,700595
270,62037.748655,703217
271,62037.748655,705837
272,62037.748655,708454
273,62037.748655,711071
274,62037.748655,713690
275,62037.748655,716308
276,62037.748655,718921
277,62037.748655,721529
278,62037.748655,724135
279,62037.748655,726745
280,62037.748655,729354
281,62037.748655,731945
282,62037.748655,734553
283,62037.748655,737151
284,62037.748655,739761
285,62037.748655,742378
286,62037.748655,744997
287,62037.748655,747595
288,62037.748655,750211
289,62037.748655,752810
290,62037.748655,755412
291,62037.748655,758003
292,62037.748655,760608
293,62037.748655,763218
294,62037.748655,765823
295,62037.748655,768418
296,62037.748655,771017
297,62037.748655,773608
298,62037.748655,776223
299,62037.748655,778836
300,62037.748655,781441
301,62037.748655,784053
302,62037.748655,786655
303,62037.748655,789261
304,62037.748655,791871
305,62037.748655,794481
306,62037.748655,797078
307,62037.748655,799682
308,62037.748655,802298
309,62037.748655,804902
310,62037.748655,807523
311,62037.748655,810133
62037.748655,4.561308
1,62042.022752,2376
2,62039.011722,5034
3,62039.011722,7693
4,62039.011722,10352
5,62039.011722,13011
6,62039.011722,15669
7,62039.011722,18322
8,62039.011722,20976
9,62039.011722,23631
10,62039.011722,26286
11,62039.011722,28941
12,62039.011722,31591
13,62039.011722,34244
14,62039.011722,36887
15,62039.011722,39536
16,62039.011722,42184
17,62039.011722,44811
18,62039.011722,47446
19,62039.011722,50096
20,62039.011722,52723
21,62039.011722,55367
22,62039.011722,58000
23,62039.011722,60641
24,62039.011722,63265
25,62039.011722,65903
26,62039.011722,68546
27,62039.011722,71183
28,62039.011722,73825
29,62039.011722,76452
30,62039.011722,79098
31,62039.011722,81729
32,62039.011722,84375
33,62039.011722,87012
34,62039.011722,89658
35,62039.011722,92301
36,62039.011722,94950
37,62039.011722,97601
38,62039.011722,100243
39,62039.011722,102891
40,62039.011722,105528
41,62039.011722,108166
42,62039.011722,110809
43,62039.011722,113447
44,62039.011722,116086
45,62039.011722,118706
46,62039.011722,121345
47,62039.011722,123976
48,62039.011722,126603
49,62039.011722,129226
50,62039.011722,131849
51,62039.011722,134479
52,62039.011722,137120
53,62039.011722,139752
54,62039.011722,142394
55,62039.011722,145030
56,62039.011722,147676
57,62039.011722,150324
58,62039.011722,152960
59,62039.011722,155590
60,62039.011722,158220
61,62039.011722,160862
62,62039.011722,163486
63,62039.011722,166126
64,62039.011722,168750
65,62039.011722,171385
66,62039.011722,174030
67,62039.011722,176668
68,62039.011722,179294
69,62039.011722,181922
70,62039.011722,184549
71,62039.011722,187186
72,62039.011722,189826
73,62039.011722,192460
74,62039.011722,195099
75,62039.011722,197735
76,62039.011722,200364
77,62039.011722,203001
78,62039.011722,205628
79,62039.011722,208261
80,62039.011722,210891
81,62039.011722,213521
82,62039.011722,216162
83,62039.011722,218774
84,62039.011722,221418
85,62039.011722,224051
86,62039.011722,226687
87,62039.011722,229319
88,62039.011722,231952
89,62039.011722,234574
90,62039.011722,237200
91,62039.011722,239827
92,62039.011722,242449
93,62039.011722,245065
94,62039.011722,247695
95,62039.011722,250319
96,62039.011722,252951
97,62039.011722,255597
98,62039.011722,258242
99,62039.011722,260880
100,62039.011722,263515
101,62039.011722,266142
102,62039.011722,268774
103,62039.011722,271407
104,62039.011722,274048
105,62039.011722,276684
106,62039.011722,279325
107,62039.011722,281962
108,62039.011722,284598
109,62039.011722,287228
110,62039.011722,289862
111,62039.011722,292508
112,62039.011722,295135
113,62039.011722,297767
114,62039.011722,300405
115,62039.011722,303043
116,62039.011722,305678
117,62039.011722,308320
118,62039.011722,310952
119,62039.011722,313589
120,62039.011722,316227
121,62039.011722,318850
122,62039.011722,321482
123,62039.011722,324103
124,62039.011722,326737
125,62039.011722,329368
126,62039.011722,331989
127,62039.011722,334622
128,62039.011722,337243
129,62039.011722,339869
130,62039.011722,342510
131,62039.011722,345154
132,62039.011722,347794
133,62039.011722,350429
134,62039.011722,353072
135,62039.011722,355703
136,62039.011722,358335
137,62039.011722,360977
138,62039.011722,363618
139,62039.011722,366250
140,62039.011722,368880
141,62039.011722,371504
142,62039.011722,374130
143,62039.011722,376771
144,62039.011722,379403
145,62039.011722,382034
146,62039.011722,384658
147,62039.011722,387298
148,62039.011722,389929
149,62039.011722,392564
150,62039.011722,395199
151,62039.011722,397837
152,62039.011722,400476
153,62039.011722,403108
154,62039.011722,405739
155,62039.011722,408376
156,62039.011722,411017
157,62039.011722,413642
158,62039.011722,416267
159,62039.011722,418894
160,62039.011722,421521
161,62039.011722,424160
162,62039.011722,426804
163,62039.011722,429443
164,62039.011722,432078
165,62039.011722,434708
166,62039.011722,437319
167,62039.011722,439939
168,62039.011722,442565
169,62039.011722,445195
170,62039.011722,447824
171,62039.011722,450459
172,62039.011722,453090
173,62039.011722,455725
174,62039.011722,458351
175,62039.011722,460983
176,62039.011722,463607
177,62039.011722,466239
178,62039.011722,468866
179,62039.011722,471488
180,62039.011722,474130
181,62039.011722,476764
182,62039.011722,479400
183,62039.011722,482037
184,62039.011722,484677
185,62039.011722,487314
186,62039.011722,489945
187,62039.011722,492585
188,62039.011722,495211
189,62039.011722,497850
190,62039.011722,500482
191,62039.011722,503122
192,62039.011722,505766
193,62039.011722,508415
194,62039.011722,511061
195,62039.011722,513696
196,62039.011722,516339
197,62039.011722,518977
198,62039.011722,521614
199,62039.011722,524249
200,62039.011722,526894
201,62039.011722,529539
202,62039.011722,532173
203,62039.011722,534804
204,62039.011722,537429
205,62039.011722,540070
206,62039.011722,542709
207,62039.011722,545354
208,62039.011722,547990
209,62039.011722,550617
210,62039.011722,553253
211,62039.011722,555901
212,62039.011722,558539
213,62039.011722,561182
214,62039.011722,563822
215,62039.011722,566466
216,62039.011722,569103
217,62039.011722,571729
218,62039.011722,574369
219,62039.011722,577005
220,62039.011722,579629
221,62039.011722,582269
222,62039.011722,584908
223,62039.011722,587542
224,62039.011722,590181
225,62039.011722,592813
226,62039.011722,595450
227,62039.011722,598087
228,62039.011722,600723
229,62039.011722,603347
230,62039.011722,605986
231,62039.011722,608614
232,62039.011722,611246
233,62039.011722,613878
234,62039.011722,616516
235,62039.011722,619139
236,62039.011722,621771
237,62039.011722,624410
238,62039.011722,627044
239,62039.011722,629670
240,62039.011722,632305
241,62039.011722,634930
242,62039.011722,637552
243,62039.011722,640173
244,62039.011722,642802
245,62039.011722,645427
246,62039.011722,648053
247,62039.011722,650680
248,62039.011722,653314
249,62039.011722,655949
250,62039.011722,658579
251,62039.011722,661205
252,62039.011722,663835
253,62039.011722,666457
254,62039.011722,669080
255,62039.011722,671698
256,62039.011722,674325
257,62039.011722,676944
258,62039.011722,679585
259,62039.011722,682221
260,62039.011722,684868
261,62039.011722,687517
262,62039.011722,690154
263,62039.011722,692789
264,62039.011722,695428
265,62039.011722,698060
266,62039.011722,700698
267,62039.011722,703321
268,62039.011722,705958
269,62039.011722,708587
270,62039.011722,711225
271,62039.011722,713855
272,62039.011722,716495
273,62039.011722,719136
274,62039.011722,721769
275,62039.011722,724411
276,62039.011722,727058
277,62039.011722,729688
278,62039.011722,732321
279,62039.011722,734948
280,62039.011722,737581
281,62039.011722,740213
282,62039.011722,742844
283,62039.011722,745465
284,62039.011722,748080
285,62039.011722,750696
286,62039.011722,753320
287,62039.011722,755945
288,62039.011722,758560
289,62039.011722,761180
290,62039.011722,763803
291,62039.011722,766419
292,62039.011722,769059
293,62039.011722,771696
294,62039.011722,774328
295,62039.011722,776962
296,62039.011722,779606
297,62039.011722,782249
298,62039.011722,784884
299,62039.011722,787508
300,62039.011722,790124
301,62039.011722,792758
302,62039.011722,795385
303,62039.011722,798024
304,62039.011722,800668
305,62039.011722,803306
306,62039.011722,805946
307,62039.011722,808588
308,62039.011722,811230
62039.011722,4.529805
