1,7869.463530,2376
2,7857.965090,5041
3,7855.427625,7706
4,7855.427625,10371
5,7855.427625,13032
6,7855.427625,15691
7,7855.427625,18346
8,7855.427625,20992
9,7855.427625,23641
10,7855.427625,26299
11,7853.436739,28949
12,7853.436739,31594
13,7853.436739,34236
14,7852.567651,36856
15,7852.567651,39473
16,7852.567651,42096
17,7852.567651,44707
18,7852.567651,47280
19,7852.567651,49891
20,7852.567651,52497
21,7852.567651,55100
22,7852.567651,57712
23,7852.567651,60328
24,7852.567651,62933
25,7852.567651,65528
26,7852.567651,68101
27,7852.567651,70653
28,7852.567651,73222
29,7852.567651,75804
30,7852.567651,78359
31,7852.567651,80922
32,7852.567651,83466
33,7852.567651,86012
34,7852.567651,88584
35,7852.567651,91136
36,7852.567651,93666
37,7852.567651,96230
38,7852.567651,98786
39,7852.567651,101329
40,7852.567651,103858
41,7852.567651,106398
42,7850.683068,108950
43,7850.683068,111498
44,7850.535513,114067
45,7850.535513,116608
46,7850.535513,119179
47,7850.535513,121707
48,7850.535513,124246
49,7850.535513,126761
50,7850.535513,129279
51,7850.535513,131808
52,7850.535513,134332
53,7850.535513,136845
54,7850.535513,139367
55,7850.535513,141924
56,7850.535513,144479
57,7850.535513,147012
58,7850.535513,149579
59,7850.535513,152142
60,7850.535513,154681
61,7850.535513,157238
62,7850.535513,159806
63,7850.535513,162385
64,7850.535513,164965
65,7850.535513,167545
66,7850.535513,170105
67,7850.535513,172673
68,7850.535513,175255
69,7850.535513,177826
70,7850.535513,180389
71,7850.535513,182964
72,7850.535513,185538
73,7850.535513,188091
74,7850.535513,190663
75,7850.535513,193247
76,7850.535513,195824
77,7850.535513,198400
78,7850.535513,200966
79,7850.535513,203530
80,7850.535513,206092
81,7850.535513,208680
82,7850.535513,211265
83,7850.535513,213842
84,7850.535513,216416
85,7850.535513,219010
86,7850.535513,221586
87,7850.535513,224154
88,7850.535513,226716
89,7850.535513,229288
90,7850.535513,231877
91,7850.535513,234467
92,7850.535513,237063
93,7850.535513,239652
94,7850.535513,242221
95,7850.535513,244803
96,7850.535513,247349
97,7850.535513,249930
98,7850.535513,252506
99,7850.535513,255105
100,7850.535513,257694
101,7850.535513,260298
102,7850.535513,262892
103,7850.535513,265499
104,7850.535513,268081
105,7850.535513,270635
106,7850.535513,273175
107,7850.535513,275737
108,7850.535513,278294
109,7850.535513,280852
110,7850.535513,283409
111,7850.535513,285950
112,7850.535513,288494
113,7850.535513,291036
114,7850.535513,293578
115,7850.535513,296119
116,7850.535513,298676
117,7850.535513,301221
118,7850.535513,303780
119,7850.535513,306312
120,7850.535513,308850
121,7850.535513,311389
122,7850.535513,313931
123,7850.535513,316502
124,7850.535513,319085
125,7850.477058,321638
126,7850.477058,324216
127,7850.477058,326788
128,7850.477058,329336
129,7850.477058,331907
130,7850.477058,334476
131,7850.477058,337061
132,7850.477058,339645
133,7850.477058,342204
134,7850.477058,344803
135,7850.477058,347381
136,7850.477058,349980
137,7849.714980,352552
138,7849.714980,355125
139,7849.714980,357684
140,7849.714980,360240
141,7849.714980,362801
142,7849.714980,365355
143,7849.714980,367907
144,7849.714980,370459
145,7849.714980,373029
146,7849.714980,375583
147,7849.714980,378163
148,7849.714980,380730
149,7848.773683,383288
150,7848.773683,385851
151,7848.773683,388418
152,7848.773683,390971
153,7846.922045,393527
154,7846.922045,396089
155,7846.922045,398640
156,7846.922045,401163
157,7846.922045,403680
158,7846.922045,406168
159,7846.922045,408677
160,7846.922045,411186
161,7846.922045,413713
162,7846.922045,416262
163,7846.922045,418810
164,7846.922045,421371
165,7846.922045,423933
166,7846.922045,426488
167,7846.922045,429077
168,7846.922045,431648
169,7846.922045,434232
170,7846.922045,436801
171,7846.922045,439387
172,7846.922045,441959
173,7846.922045,444523
174,7846.922045,447084
175,7846.922045,449638
176,7846.922045,452206
177,7846.922045,454771
178,7846.922045,457329
179,7846.922045,459853
180,7846.922045,462395
181,7846.922045,464938
182,7846.922045,467509
183,7846.922045,470044
184,7846.922045,472579
185,7846.922045,475126
186,7846.922045,477674
187,7846.922045,480191
188,7846.922045,482726
189,7846.922045,485295
190,7846.922045,487866
191,7846.922045,490400
192,7846.922045,492948
193,7846.922045,495484
194,7846.922045,498030
195,7846.922045,500596
196,7846.922045,503151
197,7846.922045,505723
198,7846.922045,508295
199,7846.922045,510873
200,7846.922045,513448
201,7846.922045,516041
202,7846.922045,518614
203,7846.922045,521204
204,7846.922045,523759
205,7846.922045,526324
206,7846.922045,528891
207,7846.922045,531445
208,7846.922045,534020
209,7846.922045,536588
210,7846.922045,539144
211,7846.922045,541699
212,7846.922045,544254
213,7846.922045,546830
214,7846.922045,549390
215,7846.922045,551979
216,7846.922045,554549
217,7846.922045,557094
218,7846.922045,559648
219,7846.922045,562206
220,7846.922045,564759
221,7846.922045,567313
222,7846.922045,569833
223,7846.922045,572366
224,7846.922045,574894
225,7846.922045,577449
226,7846.922045,579965
227,7846.922045,582488
228,7846.922045,585044
229,7846.922045,587604
230,7846.922045,590161
231,7846.922045,592744
232,7846.922045,595296
233,7846.922045,597851
234,7846.922045,600430
235,7846.922045,602994
236,7846.922045,605556
237,7846.922045,608143
238,7846.922045,610720
239,7846.922045,613288
240,7846.922045,615818
241,7846.922045,618339
242,7846.922045,620878
243,7846.922045,623406
244,7846.922045,625932
245,7846.922045,628479
246,7846.922045,630997
247,7846.922045,633520
248,7846.922045,636053
249,7846.922045,638572
250,7846.922045,641107
251,7846.922045,643654
252,7846.922045,646190
253,7846.922045,648752
254,7846.922045,651287
255,7846.922045,653840
256,7846.922045,656409
257,7846.922045,658983
258,7846.922045,661576
259,7846.922045,664154
260,7846.922045,666730
261,7846.922045,669296
262,7846.922045,671842
263,7846.922045,674410
264,7846.922045,676979
265,7846.922045,679557
266,7846.922045,682107
267,7846.922045,684651
268,7846.922045,687195
269,7846.922045,689758
270,7846.922045,692310
271,7846.922045,694865
272,7846.922045,697411
273,7846.922045,699963
274,7846.922045,702511
275,7846.922045,705084
276,7846.922045,707644
277,7846.922045,710202
278,7846.922045,712777
279,7846.922045,715345
280,7846.922045,717904
281,7846.922045,720454
282,7846.922045,723021
283,7846.922045,725576
7846.922045,8.608997
1,7869.131241,2376
2,7856.205897,5016
3,7853.359190,7655
4,7852.567651,10295
5,7852.567651,12932
6,7852.567651,15559
7,7852.567651,18193
8,7852.567651,20828
9,7852.567651,23449
10,7852.567651,26077
11,7852.567651,28693
12,7852.567651,31312
13,7852.567651,33914
14,7852.567651,36515
15,7852.567651,39121
16,7852.567651,41717
17,7852.567651,44318
18,7852.567651,46909
19,7852.567651,49501
20,7852.567651,52088
21,7852.567651,54674
22,7852.567651,57237
23,7852.567651,59797
24,7852.567651,62365
25,7852.567651,64938
26,7852.567651,67505
27,7852.567651,70069
28,7852.567651,72628
29,7852.567651,75196
30,7852.567651,77759
31,7852.567651,80329
32,7852.567651,82883
33,7852.567651,85462
34,7852.567651,88028
35,7852.567651,90601
36,7852.567651,93190
37,7852.567651,95768
38,7852.567651,98348
39,7852.567651,100936
40,7852.567651,103515
41,7851.776776,106079
42,7851.776776,108626
43,7851.776776,111184
44,7851.776776,113729
45,7851.776776,116286
46,7851.776776,118844
47,7851.776776,121424
48,7851.776776,123995
49,7851.776776,126560
50,7851.776776,129116
51,7851.776776,131694
52,7851.776776,134238
53,7851.776776,136782
54,7851.776776,139318
55,7851.776776,141840
56,7851.776776,144391
57,7851.776776,146923
58,7851.776776,149462
59,7851.776776,152023
60,7851.776776,154582
61,7851.776776,157140
62,7851.776776,159682
63,7851.776776,162254
64,7851.776776,164806
65,7851.776776,167357
66,7851.776776,169885
67,7851.776776,172454
68,7851.776776,175017
69,7851.776776,177550
70,7851.776776,180123
71,7851.776776,182661
72,7851.776776,185185
73,7851.776776,187722
74,7851.776776,190249
75,7851.776776,192780
76,7851.776776,195320
77,7851.776776,197872
78,7851.776776,200428
79,7851.776776,202975
80,7851.776776,205523
81,7850.535513,208092
82,7850.535513,210655
83,7850.535513,213218
84,7850.535513,215762
85,7850.535513,218293
86,7850.535513,220813
87,7850.535513,223331
88,7850.535513,225867
89,7850.535513,228405
90,7850.535513,230946
91,7850.535513,233493
92,7850.535513,236035
93,7850.535513,238598
94,7850.535513,241161
95,7850.535513,243706
96,7850.535513,246258
97,7850.535513,248844
98,7850.535513,251422
99,7850.535513,253978
100,7850.535513,256526
101,7850.535513,259047
102,7850.535513,261591
103,7850.535513,264138
104,7850.535513,266661
105,7850.535513,269192
106,7850.535513,271709
107,7850.535513,274247
108,7850.535513,276759
109,7850.535513,279314
110,7850.535513,281845
111,7850.535513,284402
112,7850.535513,286949
113,7850.535513,289483
114,7850.535513,292017
115,7850.535513,294558
116,7850.535513,297108
117,7850.535513,299667
118,7850.535513,302217
119,7850.535513,304755
120,7850.535513,307292
121,7850.535513,309814
122,7850.535513,312384
123,7850.535513,314919
124,7850.535513,317459
125,7850.535513,320011
126,7850.535513,322540
127,7850.535513,325094
128,7850.535513,327661
129,7850.535513,330209
130,7850.535513,332706
131,7850.535513,335206
132,7850.535513,337703
133,7850.535513,340231
134,7850.535513,342753
135,7850.535513,345277
136,7850.535513,347787
137,7850.535513,350296
138,7850.535513,352802
139,7850.535513,355355
140,7850.535513,357897
141,7850.535513,360461
142,7850.535513,363017
143,7850.535513,365601
144,7850.535513,368173
145,7850.535513,370714
146,7850.535513,373268
147,7850.535513,375812
148,7850.535513,378357
149,7850.535513,380917
150,7850.535513,383490
151,7850.535513,386050
152,7850.535513,388592
153,7850.535513,391147
154,7850.535513,393727
155,7850.535513,396300
156,7850.535513,398843
157,7850.535513,401382
158,7850.535513,403924
159,7850.535513,406445
160,7850.535513,408961
161,7850.535513,411485
162,7850.535513,414021
163,7850.535513,416561
164,7850.535513,419103
165,7850.535513,421662
166,7850.535513,424217
167,7850.535513,426759
168,7850.535513,429326
169,7850.535513,431856
170,7850.535513,434390
171,7850.535513,436915
172,7850.535513,439442
173,7850.535513,441973
174,7850.535513,444514
175,7850.535513,447053
176,7850.535513,449633
177,7850.535513,452194
178,7850.535513,454772
179,7850.535513,457323
180,7850.535513,459855
181,7850.535513,462394
182,7850.535513,464985
183,7850.535513,467531
184,7850.535513,470076
185,7850.535513,472617
186,7850.535513,475158
187,7850.535513,477691
188,7850.535513,480217
189,7850.535513,482770
190,7850.535513,485321
191,7850.535513,487877
192,7850.535513,490435
193,7850.535513,492989
194,7850.535513,495521
195,7850.535513,498088
196,7850.535513,500651
197,7850.535513,503201
198,7850.535513,505731
199,7850.535513,508250
200,7850.535513,510790
201,7850.535513,513351
202,7850.535513,515898
203,7850.535513,518436
204,7850.535513,520973
205,7850.535513,523516
206,7850.535513,526047
207,7850.535513,528586
208,7850.535513,531155
209,7850.535513,533724
210,7850.535513,536274
211,7850.535513,538813
212,7850.535513,541357
213,7850.535513,543895
214,7850.535513,546437
215,7850.535513,548964
216,7850.535513,551511
217,7850.535513,554030
218,7850.535513,556561
219,7850.535513,559081
220,7850.535513,561611
221,7850.535513,564130
222,7850.535513,566668
223,7850.535513,569194
224,7850.535513,571735
225,7850.535513,574271
226,7850.535513,576809
227,7850.535513,579334
228,7850.535513,581873
229,7850.535513,584412
230,7850.535513,586941
231,7850.535513,589482
232,7850.535513,592012
233,7850.535513,594546
234,7850.535513,597088
235,7850.535513,599653
236,7850.535513,602206
237,7850.535513,604747
238,7850.535513,607320
239,7850.535513,609858
240,7850.535513,612388
241,7850.535513,614927
242,7850.535513,617482
243,7850.535513,620029
244,7850.535513,622569
245,7850.535513,625108
246,7850.535513,627662
247,7850.535513,630235
248,7850.535513,632804
249,7850.535513,635364
250,7850.535513,637922
251,7850.535513,640466
252,7850.535513,643033
253,7850.535513,645589
254,7850.535513,648146
255,7850.535513,650687
256,7850.535513,653224
257,7850.535513,655733
258,7850.535513,658248
259,7850.535513,660783
260,7850.535513,663333
261,7850.535513,665860
262,7850.535513,668402
263,7850.535513,670934
264,7850.535513,673463
265,7850.535513,675998
266,7850.535513,678520
267,7850.535513,681053
268,7850.535513,683577
269,7850.535513,686111
270,7850.535513,688629
271,7850.535513,691147
272,7850.535513,693704
273,7850.535513,696252
274,7850.535513,698781
275,7850.535513,701332
276,7850.535513,703866
277,7850.535513,706413
278,7850.535513,708950
279,7850.535513,711499
280,7850.535513,714038
281,7850.535513,716591
282,7850.535513,719141
283,7850.535513,721689
284,7850.535513,724260
285,7850.535513,726821
7850.535513,8.772493
1,7883.722521,2376
2,7856.962529,5037
3,7855.427625,7698
4,7854.370324,10357
5,7854.370324,13017
6,7854.370324,15671
7,7854.370324,18328
8,7854.370324,20977
9,7854.370324,23632
10,7854.370324,26273
11,7854.370324,28918
12,7854.213925,31556
13,7852.567651,34190
14,7852.567651,36828
15,7852.567651,39431
16,7852.567651,42029
17,7852.567651,44651
18,7852.214344,47254
19,7852.214344,49846
20,7852.214344,52429
21,7852.214344,55014
22,7852.214344,57594
23,7852.214344,60187
24,7852.214344,62777
25,7852.214344,65355
26,7852.214344,67956
27,7852.214344,70532
28,7852.214344,73091
29,7852.214344,75647
30,7852.214344,78214
31,7852.214344,80805
32,7852.214344,83381
33,7852.214344,85963
34,7852.214344,88542
35,7852.214344,91128
36,7852.214344,93690
37,7852.214344,96248
38,7852.214344,98825
39,7852.214344,101396
40,7852.214344,103973
41,7852.214344,106554
42,7852.214344,109145
43,7852.214344,111724
44,7852.214344,114296
45,7852.214344,116846
46,7852.214344,119374
47,7852.214344,121911
48,7852.214344,124464
49,7852.214344,126998
50,7852.214344,129533
51,7852.214344,132108
52,7852.214344,134665
53,7852.214344,137223
54,7852.214344,139768
55,7852.214344,142308
56,7852.214344,144851
57,7852.214344,147419
58,7852.214344,149973
59,7852.214344,152504
60,7852.214344,155018
61,7852.214344,157539
62,7852.214344,160096
63,7852.214344,162656
64,7852.214344,165221
65,7852.214344,167768
66,7852.214344,170336
67,7852.214344,172894
68,7852.214344,175475
69,7852.214344,178024
70,7852.214344,180576
71,7852.214344,183115
72,7852.214344,185628
73,7852.214344,188150
74,7852.214344,190685
75,7852.214344,193209
76,7852.214344,195757
77,7852.214344,198292
78,7852.214344,200875
79,7852.214344,203430
80,7852.214344,206007
81,7852.214344,208566
82,7852.214344,211135
83,7850.477058,213698
84,7850.477058,216271
85,7850.477058,218853
86,7850.477058,221415
87,7850.477058,223980
88,7850.477058,226566
89,7850.477058,229126
90,7850.477058,231696
91,7850.477058,234250
92,7850.477058,236812
93,7850.477058,239353
94,7850.477058,241905
95,7850.477058,244442
96,7850.477058,246991
97,7850.477058,249540
98,7850.477058,252084
99,7850.477058,254633
100,7850.477058,257163
101,7850.477058,259696
102,7850.477058,262234
103,7850.477058,264791
104,7850.477058,267332
105,7850.477058,269898
106,7850.477058,272442
107,7850.477058,274987
108,7850.477058,277513
109,7850.477058,280041
110,7850.477058,282578
111,7850.477058,285120
112,7850.477058,287641
113,7850.477058,290164
114,7850.477058,292721
115,7850.477058,295256
116,7850.477058,297792
117,7850.477058,300326
118,7850.477058,302870
119,7850.477058,305446
120,7850.477058,308010
121,7850.477058,310586
122,7850.477058,313166
123,7850.477058,315756
124,7850.477058,318343
125,7850.477058,320946
126,7850.477058,323550
127,7850.477058,326154
128,7850.477058,328748
129,7850.477058,331334
130,7850.477058,333923
131,7850.477058,336520
132,7850.477058,339088
133,7850.477058,341658
134,7850.477058,344230
135,7850.477058,346795
136,7850.477058,349371
137,7850.477058,351936
138,7850.477058,354503
139,7850.477058,357058
140,7850.477058,359627
141,7850.477058,362162
142,7850.477058,364716
143,7850.477058,367280
144,7850.477058,369845
145,7850.477058,372426
146,7850.477058,374996
147,7850.477058,377545
148,7850.477058,380104
149,7850.477058,382657
150,7850.477058,385202
151,7850.477058,387752
152,7850.477058,390326
153,7850.477058,392875
154,7850.477058,395441
155,7850.477058,398013
156,7850.477058,400602
157,7850.477058,403202
158,7850.477058,405777
159,7850.477058,408329
160,7850.477058,410904
161,7850.477058,413469
162,7850.477058,416037
163,7850.477058,418569
164,7850.477058,421094
165,7850.477058,423623
166,7850.477058,426148
167,7850.477058,428680
168,7850.477058,431196
169,7850.477058,433713
170,7850.477058,436232
171,7850.477058,438800
172,7850.477058,441362
173,7850.477058,443920
174,7850.477058,446490
175,7850.477058,449044
176,7850.477058,451625
177,7850.477058,454191
178,7850.477058,456741
179,7850.477058,459278
180,7850.477058,461825
181,7850.477058,464348
182,7850.477058,466892
183,7850.477058,469449
184,7850.477058,472023
185,7850.477058,474597
186,7850.477058,477157
187,7850.477058,479723
188,7850.477058,482314
189,7850.477058,484887
190,7850.477058,487446
191,7850.477058,489993
192,7850.477058,492533
193,7850.477058,495096
194,7850.477058,497645
195,7850.477058,500199
196,7850.477058,502729
197,7850.477058,505277
198,7850.477058,507837
199,7850.477058,510378
200,7850.477058,512926
201,7850.477058,515498
202,7850.477058,518073
203,7850.477058,520622
204,7850.477058,523194
205,7850.477058,525759
206,7850.477058,528288
207,7850.477058,530861
208,7850.477058,533434
209,7850.477058,535992
210,7850.477058,538557
211,7850.477058,541108
212,7850.477058,543661
213,7850.477058,546247
214,7850.477058,548837
215,7850.477058,551438
216,7850.477058,554033
217,7850.477058,556601
218,7850.477058,559155
219,7850.477058,561698
220,7850.477058,564236
221,7850.477058,566744
222,7850.477058,569294
223,7850.477058,571828
224,7850.477058,574388
225,7850.477058,576936
226,7850.477058,579492
227,7850.477058,582048
228,7850.477058,584581
229,7850.477058,587122
230,7850.477058,589679
231,7850.477058,592227
232,7850.477058,594780
233,7850.477058,597306
234,7850.477058,599827
235,7850.477058,602351
236,7850.477058,604895
237,7850.477058,607461
238,7850.477058,610032
239,7850.477058,612607
240,7850.477058,615133
241,7850.477058,617669
242,7850.477058,620212
243,7850.477058,622764
244,7850.477058,625329
245,7850.477058,627896
246,7850.477058,630477
247,7850.477058,633047
248,7850.477058,635590
249,7850.452995,638157
250,7850.452995,640718
251,7850.452995,643273
252,7850.452995,645838
253,7850.452995,648394
254,7850.452995,650954
255,7850.452995,653536
256,7850.452995,656116
257,7850.452995,658678
258,7850.452995,661255
259,7850.452995,663851
260,7850.452995,666409
261,7850.452995,668935
262,7850.452995,671449
263,7850.452995,673935
264,7850.452995,676434
265,7850.452995,678916
266,7850.452995,681408
267,7850.452995,683903
268,7850.452995,686417
269,7850.452995,688943
270,7850.452995,691486
271,7850.452995,694037
272,7850.452995,696577
273,7850.452995,699100
274,7850.452995,701633
275,7850.452995,704194
276,7850.452995,706726
277,7850.452995,709263
278,7850.452995,711795
279,7850.452995,714322
280,7850.452995,716838
281,7850.452995,719359
282,7850.452995,721891
283,7850.452995,724445
284,7850.452995,726999
7850.452995,8.964040
1,7871.131691,2376
2,7859.461330,5034
3,7854.942812,7692
4,7854.942812,10349
5,7853.219807,13005
6,7853.219807,15658
7,7853.036388,18306
8,7853.036388,20953
9,7852.567651,23600
10,7852.567651,26243
11,7852.567651,28886
12,7852.567651,31520
13,7852.567651,34148
14,7852.567651,36781
15,7852.567651,39412
16,7852.567651,42049
17,7851.546103,44661
18,7851.546103,47268
19,7851.546103,49872
20,7851.546103,52466
21,7851.546103,55077
22,7851.546103,57691
23,7851.546103,60283
24,7851.546103,62879
25,7851.546103,65465
26,7851.546103,68030
27,7851.546103,70618
28,7851.042301,73204
29,7851.042301,75780
30,7851.042301,78339
31,7850.683068,80908
32,7850.683068,83461
33,7850.683068,85999
34,7850.683068,88547
35,7850.683068,91102
36,7850.683068,93667
37,7850.683068,96228
38,7850.683068,98789
39,7850.683068,101354
40,7850.683068,103910
41,7850.683068,106474
42,7850.683068,109045
43,7850.683068,111604
44,7850.683068,114151
45,7850.683068,116719
46,7850.683068,119262
47,7850.683068,121806
48,7850.683068,124345
49,7850.683068,126909
50,7850.683068,129450
51,7850.683068,131986
52,7850.683068,134524
53,7850.683068,137067
54,7850.683068,139617
55,7850.683068,142151
56,7850.683068,144688
57,7850.683068,147216
58,7850.683068,149731
59,7850.683068,152256
60,7850.683068,154818
61,7850.683068,157366
62,7850.683068,159915
63,7850.683068,162467
64,7850.683068,165032
65,7850.683068,167595
66,7850.683068,170149
67,7850.683068,172715
68,7850.683068,175284
69,7850.683068,177846
70,7850.683068,180391
71,7850.683068,182953
72,7850.683068,185495
73,7850.683068,188051
74,7850.683068,190602
75,7850.683068,193130
76,7850.683068,195684
77,7850.683068,198231
78,7850.683068,200794
79,7850.683068,203333
80,7850.683068,205901
81,7850.683068,208472
82,7850.683068,211043
83,7850.683068,213596
84,7850.683068,216147
85,7850.683068,218690
86,7850.683068,221219
87,7850.683068,223756
88,7850.683068,226298
89,7850.683068,228838
90,7850.683068,231367
91,7850.683068,233925
92,7850.683068,236470
93,7850.683068,239017
94,7850.683068,241565
95,7850.683068,244127
96,7850.683068,246696
97,7850.683068,249262
98,7850.683068,251818
99,7850.683068,254367
100,7850.683068,256941
101,7850.683068,259492
102,7850.683068,262054
103,7850.683068,264602
104,7850.683068,267153
105,7850.683068,269684
106,7850.683068,272219
107,7850.683068,274753
108,7850.683068,277314
109,7850.683068,279871
110,7850.683068,282428
111,7850.683068,285015
112,7850.683068,287605
113,7850.683068,290188
114,7850.683068,292769
115,7850.683068,295339
116,7850.683068,297906
117,7850.683068,300480
118,7850.683068,303062
119,7850.683068,305637
120,7850.683068,308213
121,7850.683068,310818
122,7850.683068,313413
123,7850.683068,316005
124,7850.683068,318590
125,7850.683068,321147
126,7850.683068,323709
127,7850.683068,326271
128,7850.683068,328834
129,7850.683068,331381
130,7850.683068,333937
131,7850.683068,336491
132,7850.683068,339057
133,7850.683068,341649
134,7850.683068,344230
135,7850.683068,346793
136,7850.683068,349324
137,7850.683068,351880
138,7850.683068,354441
139,7850.683068,357005
140,7850.683068,359556
141,7850.683068,362119
142,7850.683068,364677
143,7850.683068,367221
144,7850.683068,369768
145,7850.683068,372324
146,7850.683068,374878
147,7850.683068,377426
148,7850.683068,380003
149,7850.683068,382587
150,7850.683068,385161
151,7850.683068,387754
152,7850.683068,390346
153,7850.683068,392936
154,7850.683068,395519
155,7850.683068,398117
156,7850.683068,400703
157,7850.683068,403286
158,7850.683068,405879
159,7850.683068,408453
160,7850.683068,411042
161,7850.683068,413604
162,7850.683068,416163
163,7850.683068,418726
164,7850.683068,421281
165,7850.683068,423824
166,7850.683068,426369
167,7850.683068,428913
168,7850.683068,431455
169,7850.683068,434001
170,7850.683068,436550
171,7850.683068,439098
172,7850.683068,441664
173,7850.683068,444238
174,7850.683068,446815
175,7850.683068,449398
176,7850.683068,452003
177,7850.683068,454588
178,7850.683068,457197
179,7850.683068,459778
180,7850.683068,462350
181,7850.683068,464919
182,7850.683068,467509
183,7850.683068,470105
184,7850.683068,472719
185,7850.683068,475325
186,7850.683068,477922
187,7850.683068,480495
188,7850.683068,483090
189,7850.683068,485682
190,7850.683068,488276
191,7850.683068,490861
192,7850.683068,493434
193,7850.683068,495992
194,7850.683068,498542
195,7850.683068,501139
196,7850.683068,503739
197,7850.683068,506330
198,7850.683068,508927
199,7850.683068,511518
200,7850.683068,514091
201,7850.683068,516672
202,7850.683068,519253
203,7850.683068,521829
204,7850.683068,524424
205,7850.683068,526993
206,7850.683068,529565
207,7850.683068,532144
208,7850.683068,534751
209,7850.683068,537344
210,7850.683068,539947
211,7850.683068,542528
212,7850.683068,545115
213,7850.683068,547702
214,7850.683068,550278
215,7850.683068,552843
216,7850.683068,555395
217,7850.683068,557948
218,7850.683068,560512
219,7850.683068,563074
220,7850.683068,565625
221,7850.683068,568177
222,7850.683068,570742
223,7850.683068,573295
224,7850.683068,575872
225,7850.683068,578442
226,7848.773683,580992
227,7848.773683,583556
228,7848.773683,586133
229,7848.773683,588719
230,7848.773683,591314
231,7848.773683,593876
232,7848.773683,596441
233,7848.773683,599004
234,7848.773683,601561
235,7848.773683,604128
236,7848.773683,606724
237,7848.773683,609319
238,7848.773683,611924
239,7848.773683,614516
240,7848.773683,617109
241,7848.773683,619697
242,7848.773683,622294
243,7848.773683,624881
244,7848.773683,627464
245,7848.773683,630044
246,7848.773683,632641
247,7848.773683,635237
248,7848.773683,637823
249,7848.773683,640417
250,7848.773683,643013
251,7848.773683,645584
252,7848.773683,648170
253,7848.773683,650742
254,7848.773683,653336
255,7848.773683,655924
256,7848.773683,658505
257,7848.773683,661094
258,7848.773683,663673
259,7848.773683,666233
260,7848.773683,668799
261,7848.773683,671350
262,7848.773683,673913
263,7848.773683,676476
264,7848.773683,679076
265,7848.773683,681648
266,7848.773683,684215
267,7848.773683,686787
268,7848.773683,689377
269,7848.773683,691948
270,7848.773683,694517
271,7848.773683,697080
272,7848.773683,699655
273,7848.773683,702224
274,7848.773683,704805
275,7848.773683,707379
276,7848.773683,709956
277,7848.773683,712518
278,7848.773683,715082
279,7848.773683,717639
280,7848.773683,720202
281,7848.773683,722781
282,7848.773683,725362
7848.773683,8.360669
1,7876.889011,2376
2,7856.184729,5000
3,7853.359190,7624
4,7853.036388,10248
5,7853.036388,12871
6,7853.036388,15493
7,7852.567651,18113
8,7852.567651,20725
9,7852.567651,23336
10,7852.567651,25941
11,7852.567651,28553
12,7852.567651,31136
13,7852.567651,33713
14,7852.567651,36274
15,7852.567651,38850
16,7852.567651,41427
17,7852.567651,43997
18,7852.567651,46565
19,7852.567651,49128
20,7852.567651,51686
21,7852.567651,54223
22,7852.567651,56764
23,7852.567651,59291
24,7852.567651,61810
25,7852.567651,64327
26,7852.567651,66842
27,7852.567651,69369
28,7852.567651,71891
29,7852.567651,74402
30,7852.567651,76921
31,7852.567651,79461
32,7852.567651,82012
33,7852.567651,84579
34,7851.042301,87102
35,7851.042301,89618
36,7851.042301,92119
37,7851.042301,94627
38,7851.042301,97131
39,7851.042301,99632
40,7851.042301,102162
41,7851.042301,104712
42,7851.042301,107239
43,7851.042301,109785
44,7851.042301,112325
45,7851.042301,114867
46,7851.042301,117386
47,7851.042301,119895
48,7851.042301,122406
49,7851.042301,124905
50,7851.042301,127417
51,7851.042301,129937
52,7851.042301,132458
53,7851.042301,134983
54,7851.042301,137507
55,7851.042301,140028
56,7851.042301,142569
57,7851.042301,145093
58,7851.042301,147642
59,7850.535513,150200
60,7850.535513,152751
61,7850.535513,155293
62,7850.535513,157820
63,7850.535513,160359
64,7850.535513,162921
65,7850.535513,165469
66,7850.535513,168016
67,7850.535513,170564
68,7850.535513,173103
69,7850.535513,175630
70,7850.535513,178150
71,7850.535513,180690
72,7850.535513,183220
73,7850.535513,185754
74,7850.535513,188266
75,7850.535513,190778
76,7850.535513,193307
77,7850.535513,195847
78,7850.535513,198392
79,7850.535513,200944
80,7850.535513,203503
81,7850.535513,206063
82,7850.535513,208635
83,7850.535513,211200
84,7850.535513,213747
85,7850.535513,216308
86,7850.535513,218868
87,7850.535513,221422
88,7850.535513,223988
89,7850.535513,226545
90,7850.535513,229103
91,7850.535513,231646
92,7850.535513,234207
93,7850.535513,236771
94,7850.535513,239333
95,7850.535513,241871
96,7850.535513,244449
97,7850.535513,247014
98,7850.535513,249601
99,7850.535513,252157
100,7850.535513,254698
101,7850.535513,257245
102,7850.535513,259797
103,7850.535513,262335
104,7850.535513,264866
105,7850.535513,267396
106,7850.535513,269940
107,7850.535513,272480
108,7850.535513,275034
109,7850.535513,277574
110,7850.535513,280138
111,7850.535513,282706
112,7850.535513,285266
113,7850.535513,287833
114,7850.535513,290391
115,7850.535513,292960
116,7850.535513,295520
117,7850.535513,298096
118,7850.535513,300658
119,7850.535513,303220
120,7850.535513,305788
121,7850.535513,308349
122,7850.535513,310929
123,7850.535513,313481
124,7850.535513,316032
125,7850.535513,318596
126,7850.535513,321158
127,7850.535513,323699
128,7850.535513,326243
129,7850.535513,328780
130,7850.535513,331322
131,7850.535513,333873
132,7850.535513,336445
133,7850.535513,339002
134,7850.535513,341557
135,7850.535513,344115
136,7850.535513,346657
137,7850.535513,349193
138,7850.535513,351723
139,7850.535513,354255
140,7850.535513,356792
141,7850.535513,359351
142,7850.535513,361915
143,7850.535513,364458
144,7850.535513,367022
145,7850.535513,369574
146,7850.535513,372132
147,7850.535513,374696
148,7850.535513,377255
149,7850.535513,379824
150,7850.535513,382399
151,7850.535513,384967
152,7850.535513,387512
153,7850.535513,390082
154,7849.757678,392642
155,7849.757678,395189
156,7849.757678,397737
157,7849.757678,400282
158,7849.757678,402829
159,7849.757678,405402
160,7849.757678,407949
161,7849.757678,410457
162,7849.757678,413004
163,7849.757678,415545
164,7849.757678,418088
165,7849.757678,420649
166,7849.757678,423201
167,7849.757678,425749
168,7849.757678,428302
169,7849.757678,430851
170,7849.757678,433403
171,7849.757678,435954
172,7849.757678,438495
173,7849.757678,441009
174,7849.757678,443578
175,7849.757678,446133
176,7849.757678,448693
177,7849.757678,451257
178,7849.757678,453826
179,7849.757678,456383
180,7849.757678,458938
181,7849.757678,461473
182,7849.757678,464016
183,7849.757678,466558
184,7849.757678,469105
185,7849.757678,471636
186,7849.757678,474182
187,7849.757678,476725
188,7849.757678,479267
189,7849.757678,481825
190,7849.757678,484375
191,7849.757678,486921
192,7849.757678,489475
193,7849.757678,492020
194,7849.757678,494571
195,7849.757678,497128
196,7849.757678,499684
197,7849.757678,502245
198,7849.757678,504815
199,7849.757678,507385
200,7849.757678,509939
201,7849.757678,512519
202,7849.757678,515107
203,7849.757678,517682
204,7849.757678,520236
205,7849.757678,522804
206,7849.757678,525374
207,7849.757678,527941
208,7849.757678,530503
209,7849.757678,533078
210,7849.757678,535627
211,7849.757678,538191
212,7849.757678,540767
213,7849.757678,543322
214,7849.757678,545871
215,7849.757678,548439
216,7849.757678,551006
217,7849.757678,553558
218,7849.757678,556128
219,7849.757678,558679
220,7849.757678,561232
221,7849.757678,563782
222,7849.757678,566349
223,7849.757678,568917
224,7849.757678,571486
225,7849.757678,574047
226,7849.757678,576612
227,7849.757678,579186
228,7849.757678,581750
229,7849.757678,584322
230,7849.757678,586873
231,7849.757678,589438
232,7849.757678,591995
233,7849.757678,594542
234,7849.757678,597075
235,7849.757678,599622
236,7849.757678,602203
237,7849.757678,604758
238,7849.757678,607326
239,7849.757678,609909
240,7849.757678,612505
241,7849.757678,615083
242,7849.757678,617650
243,7849.757678,620221
244,7849.757678,622782
245,7849.757678,625346
246,7849.757678,627927
247,7849.757678,630487
248,7849.757678,633051
249,7849.757678,635612
250,7849.757678,638170
251,7849.757678,640714
252,7849.757678,643261
253,7849.757678,645815
254,7849.757678,648366
255,7849.757678,650907
256,7849.757678,653462
257,7849.757678,656015
258,7849.757678,658582
259,7849.757678,661148
260,7849.757678,663724
261,7849.757678,666268
262,7849.757678,668833
263,7849.757678,671416
264,7849.757678,673987
265,7849.757678,676545
266,7849.757678,679121
267,7849.757678,681669
268,7849.757678,684234
269,7849.757678,686791
270,7849.757678,689358
271,7849.757678,691923
272,7849.757678,694494
273,7849.757678,697029
274,7849.757678,699570
275,7849.757678,702117
276,7849.757678,704687
277,7849.757678,707259
278,7849.757678,709826
279,7849.757678,712375
280,7849.757678,714932
281,7849.757678,717479
282,7849.757678,720032
283,7849.757678,722587
284,7849.757678,725133
285,7849.757678,727689
7849.757678,8.733654
1,7870.529227,2376
2,7856.184729,5023
3,7853.448693,7670
4,7852.567651,10317
5,7852.567651,12960
6,7852.567651,15601
7,7852.567651,18233
8,7852.567651,20875
9,7852.567651,23504
10,7852.567651,26140
11,7852.567651,28768
12,7852.567651,31392
13,7852.567651,33999
14,7852.567651,36590
15,7852.567651,39195
16,7852.567651,41776
17,7852.567651,44373
18,7852.567651,46966
19,7852.567651,49541
20,7852.567651,52131
21,7852.567651,54708
22,7852.567651,57286
23,7852.567651,59865
24,7852.567651,62458
25,7852.567651,65062
26,7852.567651,67642
27,7852.567651,70235
28,7852.567651,72841
29,7852.567651,75430
30,7852.567651,78004
31,7852.567651,80562
32,7852.567651,83158
33,7852.567651,85749
34,7852.567651,88315
35,7852.567651,90909
36,7852.567651,93516
37,7852.567651,96093
38,7852.567651,98682
39,7852.567651,101251
40,7852.567651,103806
41,7852.183936,106398
42,7852.183936,108966
43,7852.041749,111518
44,7852.041749,114108
45,7852.041749,116692
46,7852.041749,119280
47,7852.041749,121857
48,7852.041749,124443
49,7852.041749,127023
50,7852.041749,129575
51,7852.041749,132138
52,7852.041749,134702
53,7852.041749,137262
54,7852.041749,139821
55,7852.041749,142395
56,7852.041749,144942
57,7852.041749,147510
58,7851.042301,150081
59,7851.042301,152659
60,7851.042301,155233
61,7851.042301,157796
62,7851.042301,160359
63,7851.042301,162918
64,7850.477058,165480
65,7850.477058,168014
66,7850.477058,170578
67,7850.477058,173140
68,7850.477058,175713
69,7850.477058,178265
70,7850.477058,180835
71,7850.477058,183413
72,7850.477058,186006
73,7850.477058,188585
74,7850.477058,191166
75,7850.477058,193729
76,7850.477058,196305
77,7850.477058,198860
78,7850.477058,201394
79,7850.477058,203939
80,7850.477058,206530
81,7850.477058,209119
82,7850.477058,211703
83,7850.477058,214286
84,7850.477058,216880
85,7850.477058,219470
86,7850.477058,222053
87,7850.477058,224604
88,7850.477058,227181
89,7850.477058,229731
90,7850.477058,232299
91,7850.477058,234874
92,7850.477058,237438
93,7850.477058,240005
94,7850.477058,242567
95,7850.477058,245129
96,7850.477058,247704
97,7850.477058,250284
98,7850.477058,252837
99,7850.477058,255394
100,7850.477058,257947
101,7850.477058,260502
102,7850.477058,263083
103,7850.477058,265661
104,7850.477058,268217
105,7850.477058,270755
106,7850.477058,273325
107,7850.477058,275892
108,7850.477058,278435
109,7850.477058,280983
110,7850.477058,283532
111,7850.477058,286065
112,7850.477058,288596
113,7850.477058,291148
114,7850.477058,293681
115,7850.477058,296209
116,7850.477058,298735
117,7850.477058,301243
118,7850.477058,303772
119,7850.477058,306294
120,7850.477058,308843
121,7850.477058,311394
122,7850.477058,313956
123,7850.477058,316523
124,7850.477058,319091
125,7850.477058,321664
126,7850.477058,324230
127,7850.477058,326813
128,7850.477058,329392
129,7850.477058,331983
130,7850.477058,334560
131,7850.477058,337115
132,7850.477058,339690
133,7850.477058,342253
134,7850.477058,344812
135,7850.477058,347389
136,7850.477058,349945
137,7850.477058,352528
138,7850.477058,355086
139,7850.477058,357652
140,7850.477058,360230
141,7850.477058,362810
142,7850.477058,365394
143,7850.477058,367950
144,7850.477058,370510
145,7850.477058,373069
146,7850.477058,375617
147,7850.477058,378172
148,7850.477058,380722
149,7850.477058,383257
150,7850.477058,385781
151,7850.477058,388337
152,7850.477058,390880
153,7850.477058,393452
154,7850.477058,396026
155,7850.477058,398594
156,7850.477058,401176
157,7850.477058,403727
158,7850.477058,406291
159,7850.477058,408827
160,7850.477058,411379
161,7850.477058,413938
162,7850.477058,416506
163,7850.477058,419054
164,7850.477058,421615
165,7850.477058,424186
166,7850.477058,426774
167,7850.477058,429353
168,7850.477058,431932
169,7850.477058,434516
170,7850.477058,437109
171,7850.477058,439707
172,7850.477058,442310
173,7850.477058,444896
174,7850.477058,447473
175,7850.477058,450029
176,7850.477058,452602
177,7850.477058,455171
178,7850.477058,457745
179,7850.477058,460292
180,7850.477058,462853
181,7850.477058,465413
182,7850.477058,467988
183,7850.477058,470553
184,7850.477058,473125
185,7850.477058,475670
186,7850.477058,478223
187,7850.477058,480779
188,7850.477058,483326
189,7850.477058,485882
190,7850.477058,488461
191,7850.477058,491038
192,7850.477058,493612
193,7850.477058,496172
194,7850.477058,498706
195,7850.477058,501260
196,7850.477058,503817
197,7850.477058,506370
198,7850.477058,508948
199,7850.477058,511492
200,7850.477058,514052
201,7850.477058,516613
202,7850.477058,519186
203,7850.477058,521743
204,7850.477058,524300
205,7850.477058,526860
206,7850.477058,529405
207,7850.477058,531940
208,7850.477058,534479
209,7850.477058,537034
210,7850.477058,539575
211,7850.477058,542119
212,7850.477058,544655
213,7850.477058,547205
214,7850.477058,549758
215,7850.477058,552333
216,7850.477058,554901
217,7850.477058,557480
218,7850.477058,560050
219,7850.477058,562639
220,7850.477058,565230
221,7850.477058,567817
222,7850.477058,570388
223,7850.477058,572984
224,7850.477058,575554
225,7850.477058,578127
226,7850.477058,580684
227,7850.477058,583243
228,7850.477058,585799
229,7850.477058,588380
230,7850.477058,590934
231,7850.477058,593498
232,7850.477058,596063
233,7850.477058,598658
234,7850.477058,601236
235,7850.477058,603811
236,7850.477058,606389
237,7850.477058,608985
238,7850.477058,611562
239,7850.477058,614137
240,7850.477058,616710
241,7850.477058,619274
242,7850.477058,621855
243,7850.477058,624439
244,7850.477058,627035
245,7850.477058,629620
246,7850.477058,632199
247,7850.477058,634783
248,7850.477058,637365
249,7850.477058,639940
250,7850.477058,642522
251,7850.477058,645103
252,7850.477058,647681
253,7850.477058,650263
254,7850.477058,652821
255,7850.477058,655399
256,7850.477058,657986
257,7850.477058,660552
258,7850.477058,663126
259,7850.477058,665683
260,7850.477058,668248
261,7850.477058,670814
262,7850.477058,673387
263,7850.477058,675964
264,7850.477058,678547
265,7850.477058,681105
266,7850.477058,683674
267,7850.477058,686235
268,7850.477058,688804
269,7850.477058,691362
270,7850.477058,693922
271,7850.477058,696467
272,7850.477058,699026
273,7850.477058,701579
274,7850.477058,704133
275,7850.477058,706695
276,7850.477058,709261
277,7846.922045,711815
278,7846.922045,714369
279,7846.922045,716911
280,7846.922045,719453
281,7846.922045,722006
282,7846.922045,724541
283,7846.922045,727093
7846.922045,8.444338
1,7877.134334,2376
2,7860.927989,5001
3,7853.448693,7626
4,7853.448693,10249
5,7853.036388,12874
6,7853.036388,15495
7,7853.036388,18109
8,7853.036388,20715
9,7853.036388,23326
10,7853.036388,25939
11,7853.036388,28545
12,7853.036388,31144
13,7853.036388,33731
14,7853.036388,36314
15,7853.036388,38883
16,7853.036388,41437
17,7853.036388,43999
18,7852.567651,46563
19,7852.567651,49148
20,7852.567651,51734
21,7852.567651,54308
22,7852.567651,56871
23,7852.567651,59441
24,7852.567651,62021
25,7852.567651,64583
26,7852.567651,67164
27,7852.567651,69717
28,7852.567651,72269
29,7850.477058,74837
30,7850.477058,77397
31,7850.477058,79960
32,7850.477058,82504
33,7850.477058,85076
34,7850.477058,87626
35,7850.477058,90179
36,7850.477058,92742
37,7850.477058,95311
38,7850.477058,97852
39,7850.477058,100397
40,7850.477058,102934
41,7850.477058,105481
42,7850.477058,108018
43,7850.477058,110560
44,7850.477058,113085
45,7850.477058,115598
46,7850.477058,118113
47,7850.477058,120635
48,7850.477058,123144
49,7850.477058,125667
50,7850.477058,128186
51,7850.477058,130737
52,7850.477058,133264
53,7850.477058,135763
54,7850.477058,138291
55,7850.477058,140842
56,7850.477058,143374
57,7850.477058,145888
58,7850.477058,148383
59,7850.477058,150896
60,7850.477058,153418
61,7850.477058,155946
62,7850.477058,158459
63,7850.477058,161007
64,7850.477058,163540
65,7850.477058,166082
66,7850.477058,168586
67,7850.477058,171097
68,7850.477058,173624
69,7850.477058,176185
70,7850.477058,178730
71,7850.477058,181261
72,7850.477058,183810
73,7850.477058,186340
74,7850.477058,188868
75,7850.477058,191366
76,7850.477058,193856
77,7850.477058,196363
78,7850.477058,198862
79,7850.477058,201371
80,7850.477058,203887
81,7850.477058,206421
82,7850.477058,208963
83,7850.477058,211498
84,7850.477058,214029
85,7850.477058,216555
86,7850.477058,219095
87,7850.477058,221629
88,7850.477058,224165
89,7850.477058,226712
90,7850.477058,229246
91,7850.477058,231765
92,7850.477058,234301
93,7850.477058,236857
94,7850.477058,239400
95,7850.477058,241919
96,7850.477058,244440
97,7850.477058,246972
98,7850.477058,249487
99,7850.477058,252021
100,7850.477058,254549
101,7850.477058,257091
102,7850.477058,259613
103,7850.477058,262135
104,7850.477058,264635
105,7850.477058,267146
106,7850.477058,269660
107,7850.477058,272198
108,7850.477058,274718
109,7850.477058,277265
110,7850.477058,279806
111,7850.477058,282336
112,7850.477058,284886
113,7850.477058,287435
114,7850.477058,289980
115,7850.477058,292533
116,7850.477058,295093
117,7850.477058,297645
118,7850.477058,300184
119,7850.477058,302716
120,7850.477058,305243
121,7850.477058,307780
122,7850.477058,310330
123,7850.477058,312859
124,7850.477058,315387
125,7850.477058,317924
126,7850.477058,320448
127,7850.477058,322981
128,7850.477058,325535
129,7850.477058,328073
130,7850.477058,330605
131,7850.477058,333134
132,7850.477058,335668
133,7850.477058,338196
134,7850.477058,340730
135,7850.477058,343274
136,7850.477058,345809
137,7850.477058,348355
138,7850.477058,350878
139,7850.477058,353400
140,7850.477058,355894
141,7850.477058,358374
142,7850.477058,360864
143,7850.477058,363387
144,7850.477058,365881
145,7850.477058,368383
146,7850.477058,370875
147,7850.477058,373368
148,7850.477058,375856
149,7850.477058,378329
150,7850.477058,380842
151,7850.477058,383351
152,7850.477058,385841
153,7850.477058,388363
154,7850.477058,390885
155,7850.477058,393428
156,7850.477058,395986
157,7850.477058,398542
158,7850.477058,401081
159,7850.477058,403617
160,7850.477058,406150
161,7850.477058,408645
162,7850.477058,411150
163,7850.477058,413639
164,7850.477058,416139
165,7850.477058,418632
166,7850.477058,421114
167,7850.477058,423602
168,7850.477058,426079
169,7850.477058,428594
170,7850.477058,431102
171,7850.477058,433637
172,7850.477058,436167
173,7850.477058,438705
174,7850.477058,441260
175,7850.477058,443808
176,7850.477058,446370
177,7850.477058,448921
178,7850.477058,451472
179,7850.477058,453998
180,7850.477058,456532
181,7850.477058,459061
182,7850.477058,461589
183,7850.477058,464130
184,7850.477058,466643
185,7850.477058,469143
186,7850.477058,471645
187,7850.477058,474145
188,7850.477058,476646
189,7850.477058,479156
190,7850.477058,481659
191,7850.477058,484173
192,7850.477058,486676
193,7850.477058,489194
194,7850.477058,491715
195,7850.477058,494240
196,7850.477058,496783
197,7850.477058,499321
198,7850.477058,501892
199,7850.477058,504437
200,7850.477058,506975
201,7850.477058,509517
202,7850.477058,512051
203,7850.477058,514576
204,7850.477058,517077
205,7850.477058,519599
206,7850.477058,522129
207,7850.477058,524654
208,7850.477058,527186
209,7850.477058,529714
210,7850.477058,532245
211,7850.477058,534779
212,7850.477058,537287
213,7850.477058,539815
214,7850.477058,542360
215,7850.477058,544904
216,7850.477058,547440
217,7850.477058,549972
218,7850.477058,552500
219,7850.477058,555034
220,7850.477058,557570
221,7850.477058,560101
222,7850.477058,562637
223,7850.477058,565193
224,7850.477058,567736
225,7850.477058,570265
226,7850.477058,572774
227,7850.477058,575293
228,7850.477058,577830
229,7850.477058,580349
230,7850.477058,582886
231,7850.477058,585393
232,7850.477058,587902
233,7850.477058,590403
234,7850.477058,592910
235,7850.477058,595421
236,7850.477058,597935
237,7850.477058,600439
238,7850.477058,602959
239,7850.477058,605460
240,7850.477058,607966
241,7850.477058,610471
242,7850.477058,612997
243,7850.477058,615511
244,7850.477058,618053
245,7850.477058,620571
246,7850.477058,623101
247,7850.477058,625623
248,7850.477058,628116
249,7850.477058,630644
250,7850.477058,633153
251,7850.477058,635641
252,7850.477058,638149
253,7850.477058,640659
254,7850.477058,643166
255,7850.477058,645676
256,7850.477058,648163
257,7850.477058,650662
258,7850.477058,653154
259,7850.477058,655656
260,7850.477058,658165
261,7850.477058,660684
262,7850.477058,663189
263,7850.477058,665707
264,7850.477058,668251
265,7850.477058,670782
266,7850.477058,673322
267,7850.477058,675850
268,7850.477058,678372
269,7850.477058,680911
270,7850.477058,683450
271,7850.477058,686009
272,7850.477058,688574
273,7850.477058,691135
274,7850.477058,693676
275,7850.477058,696189
276,7850.477058,698740
277,7850.477058,701268
278,7850.477058,703790
279,7850.477058,706302
280,7850.477058,708832
281,7850.477058,711374
282,7850.477058,713924
283,7850.477058,716477
284,7850.477058,718997
285,7850.477058,721512
286,7850.477058,724019
287,7850.477058,726525
7850.477058,8.688078
1,7881.227877,2376
2,7860.566662,5002
3,7853.842411,7628
4,7853.036388,10252
5,7852.567651,12873
6,7852.567651,15494
7,7852.567651,18114
8,7852.567651,20723
9,7852.567651,23342
10,7852.567651,25953
11,7852.567651,28555
12,7852.567651,31156
13,7852.567651,33754
14,7852.567651,36349
15,7852.098641,38937
16,7852.098641,41546
17,7852.098641,44132
18,7852.098641,46723
19,7852.098641,49309
20,7852.098641,51886
21,7852.098641,54440
22,7852.098641,57000
23,7852.098641,59543
24,7852.098641,62089
25,7852.098641,64628
26,7852.098641,67157
27,7852.098641,69679
28,7852.098641,72215
29,7852.098641,74781
30,7852.098641,77362
31,7852.098641,79952
32,7852.098641,82521
33,7852.098641,85085
34,7852.098641,87638
35,7852.098641,90174
36,7852.098641,92694
37,7852.098641,95261
38,7852.098641,97812
39,7852.098641,100371
40,7852.098641,102921
41,7852.098641,105481
42,7852.098641,107995
43,7850.683068,110540
44,7850.683068,113096
45,7850.683068,115661
46,7850.683068,118210
47,7850.683068,120768
48,7850.683068,123316
49,7850.683068,125853
50,7850.683068,128384
51,7850.683068,130921
52,7850.683068,133447
53,7850.683068,135972
54,7850.683068,138507
55,7850.683068,141024
56,7850.683068,143519
57,7850.683068,146051
58,7850.683068,148581
59,7850.683068,151111
60,7850.683068,153626
61,7849.738540,156147
62,7849.738540,158692
63,7849.738540,161243
64,7849.395130,163783
65,7849.395130,166317
66,7849.395130,168842
67,7849.395130,171367
68,7849.395130,173887
69,7849.395130,176391
70,7849.046005,178889
71,7849.046005,181394
72,7849.046005,183907
73,7849.046005,186410
74,7849.046005,188916
75,7849.046005,191428
76,7849.046005,193948
77,7849.046005,196448
78,7849.046005,198968
79,7849.046005,201491
80,7849.046005,204012
81,7849.046005,206541
82,7849.046005,209073
83,7849.046005,211630
84,7849.046005,214174
85,7849.046005,216697
86,7849.046005,219233
87,7849.046005,221777
88,7849.046005,224317
89,7849.046005,226850
90,7849.046005,229383
91,7849.046005,231902
92,7849.046005,234446
93,7849.046005,236999
94,7849.046005,239539
95,7849.046005,242077
96,7849.046005,244628
97,7849.046005,247152
98,7849.046005,249688
99,7849.046005,252196
100,7849.046005,254705
101,7849.046005,257206
102,7849.046005,259700
103,7849.046005,262191
104,7849.046005,264714
105,7849.046005,267252
106,7849.046005,269797
107,7849.046005,272339
108,7849.046005,274890
109,7849.046005,277430
110,7849.046005,279974
111,7849.046005,282547
112,7849.046005,285094
113,7849.046005,287640
114,7849.046005,290198
115,7849.046005,292749
116,7849.046005,295323
117,7849.046005,297852
118,7849.046005,300401
119,7849.046005,302942
120,7849.046005,305481
121,7849.046005,308018
122,7849.046005,310560
123,7849.046005,313104
124,7849.046005,315648
125,7849.046005,318194
126,7849.046005,320744
127,7849.046005,323261
128,7849.046005,325798
129,7849.046005,328340
130,7849.046005,330889
131,7849.046005,333431
132,7849.046005,335967
133,7849.046005,338508
134,7849.046005,341077
135,7849.046005,343622
136,7849.046005,346172
137,7849.046005,348692
138,7849.046005,351215
139,7849.046005,353760
140,7849.046005,356287
141,7849.046005,358798
142,7849.046005,361314
143,7849.046005,363827
144,7849.046005,366348
145,7849.046005,368872
146,7849.046005,371388
147,7849.046005,373907
148,7849.046005,376459
149,7849.046005,379000
150,7849.046005,381521
151,7849.046005,384044
152,7849.046005,386585
153,7849.046005,389099
154,7849.046005,391629
155,7849.046005,394177
156,7849.046005,396730
157,7849.046005,399296
158,7849.046005,401867
159,7849.046005,404429
160,7849.046005,407002
161,7849.046005,409553
162,7849.046005,412102
163,7849.046005,414658
164,7849.046005,417214
165,7849.046005,419759
166,7849.046005,422310
167,7849.046005,424858
168,7849.046005,427404
169,7849.046005,429949
170,7849.046005,432484
171,7849.046005,435000
172,7849.046005,437530
173,7849.046005,440075
174,7849.046005,442601
175,7849.046005,445126
176,7849.046005,447647
177,7849.046005,450150
178,7849.046005,452666
179,7849.046005,455187
180,7849.046005,457701
181,7849.046005,460201
182,7849.046005,462718
183,7849.046005,465266
184,7849.046005,467793
185,7849.046005,470316
186,7849.046005,472822
187,7849.046005,475361
188,7849.046005,477903
189,7849.046005,480441
190,7849.046005,482983
191,7849.046005,485544
192,7849.046005,488098
193,7849.046005,490631
194,7849.046005,493152
195,7849.046005,495685
196,7849.046005,498219
197,7849.046005,500737
198,7849.046005,503283
199,7849.046005,505813
200,7849.046005,508320
201,7849.046005,510836
202,7849.046005,513361
203,7849.046005,515882
204,7849.046005,518387
205,7849.046005,520892
206,7849.046005,523412
207,7849.046005,525954
208,7849.046005,528501
209,7849.046005,531037
210,7849.046005,533563
211,7849.046005,536094
212,7849.046005,538614
213,7849.046005,541138
214,7849.046005,543662
215,7849.046005,546176
216,7849.046005,548676
217,7849.046005,551172
218,7849.046005,553692
219,7849.046005,556196
220,7849.046005,558722
221,7849.046005,561253
222,7849.046005,563800
223,7849.046005,566328
224,7849.046005,568858
225,7849.046005,571388
226,7849.046005,573919
227,7849.046005,576441
228,7849.046005,578975
229,7849.046005,581500
230,7849.046005,584008
231,7849.046005,586538
232,7849.046005,589036
233,7849.046005,591542
234,7849.046005,594059
235,7849.046005,596574
236,7849.046005,599101
237,7849.046005,601615
238,7849.046005,604139
239,7849.046005,606667
240,7849.046005,609200
241,7849.046005,611737
242,7849.046005,614248
243,7849.046005,616767
244,7849.046005,619312
245,7849.046005,621816
246,7849.046005,624355
247,7849.046005,626874
248,7849.046005,629400
249,7849.046005,631923
250,7849.046005,634425
251,7849.046005,636942
252,7849.046005,639460
253,7849.046005,642000
254,7849.046005,644559
255,7849.046005,647086
256,7849.046005,649645
257,7849.046005,652187
258,7849.046005,654725
259,7849.046005,657256
260,7849.046005,659783
261,7849.046005,662302
262,7849.046005,664839
263,7849.046005,667353
264,7849.046005,669886
265,7849.046005,672419
266,7849.046005,674974
267,7849.046005,677518
268,7849.046005,680057
269,7849.046005,682596
270,7849.046005,685159
271,7849.046005,687687
272,7849.046005,690228
273,7849.046005,692765
274,7849.046005,695302
275,7849.046005,697825
276,7849.046005,700324
277,7849.046005,702842
278,7849.046005,705361
279,7849.046005,707903
280,7849.046005,710443
281,7849.046005,712989
282,7849.046005,715507
283,7849.046005,718012
284,7849.046005,720538
285,7849.046005,723063
286,7849.046005,725597
7849.046005,9.519004
1,7867.219838,2376
2,7857.882290,5008
3,7853.448693,7640
4,7853.448693,10272
5,7853.036388,12901
6,7852.567651,15529
7,7852.567651,18152
8,7852.567651,20778
9,7852.567651,23401
10,7852.567651,26023
11,7852.567651,28646
12,7852.567651,31256
13,7852.567651,33868
14,7852.567651,36467
15,7852.567651,39071
16,7852.567651,41662
17,7852.567651,44251
18,7852.567651,46833
19,7852.567651,49402
20,7852.567651,51953
21,7852.567651,54537
22,7852.567651,57092
23,7852.567651,59676
24,7852.567651,62241
25,7852.567651,64819
26,7852.567651,67394
27,7852.567651,69950
28,7852.567651,72494
29,7852.567651,75069
30,7852.567651,77617
31,7852.567651,80182
32,7852.567651,82739
33,7852.567651,85291
34,7852.567651,87827
35,7852.567651,90359
36,7852.567651,92885
37,7852.567651,95439
38,7852.567651,97971
39,7852.567651,100550
40,7852.567651,103101
41,7852.567651,105655
42,7852.567651,108211
43,7852.567651,110774
44,7852.567651,113317
45,7851.648215,115842
46,7851.648215,118375
47,7851.648215,120905
48,7851.648215,123439
49,7851.648215,125981
50,7851.648215,128490
51,7851.648215,131031
52,7851.648215,133535
53,7851.648215,136068
54,7851.042301,138595
55,7851.042301,141132
56,7851.042301,143647
57,7851.042301,146175
58,7851.042301,148721
59,7851.042301,151269
60,7851.042301,153792
61,7851.042301,156311
62,7851.042301,158813
63,7851.042301,161338
64,7851.042301,163857
65,7851.042301,166364
66,7851.042301,168868
67,7851.042301,171376
68,7851.042301,173875
69,7851.042301,176401
70,7851.042301,178926
71,7851.042301,181455
72,7851.042301,183993
73,7851.042301,186546
74,7851.042301,189093
75,7851.042301,191656
76,7851.042301,194198
77,7851.042301,196723
78,7851.042301,199245
79,7851.042301,201785
80,7851.042301,204325
81,7851.042301,206873
82,7850.477058,209431
83,7850.477058,211998
84,7850.477058,214540
85,7850.477058,217114
86,7850.477058,219667
87,7850.477058,222199
88,7850.477058,224761
89,7850.477058,227296
90,7850.477058,229828
91,7850.477058,232381
92,7850.477058,234919
93,7850.477058,237459
94,7850.477058,239985
95,7850.477058,242538
96,7850.477058,245068
97,7850.477058,247603
98,7850.477058,250148
99,7850.477058,252692
100,7850.477058,255236
101,7850.477058,257807
102,7850.477058,260349
103,7850.477058,262878
104,7850.477058,265395
105,7850.477058,267908
106,7850.477058,270416
107,7850.477058,272954
108,7850.477058,275473
109,7850.477058,278013
110,7850.477058,280580
111,7850.477058,283141
112,7850.477058,285692
113,7850.477058,288231
114,7850.477058,290769
115,7850.477058,293322
116,7850.477058,295889
117,7850.477058,298458
118,7850.477058,300995
119,7850.477058,303542
120,7850.477058,306103
121,7850.477058,308669
122,7850.477058,311223
123,7850.477058,313802
124,7850.477058,316370
125,7850.477058,318934
126,7850.477058,321491
127,7850.477058,324038
128,7850.477058,326600
129,7850.477058,329155
130,7850.477058,331720
131,7850.477058,334274
132,7850.477058,336821
133,7850.477058,339349
134,7850.477058,341916
135,7850.477058,344497
136,7850.477058,347049
137,7850.477058,349584
138,7850.477058,352105
139,7850.477058,354639
140,7850.477058,357173
141,7850.477058,359750
142,7850.477058,362306
143,7850.477058,364844
144,7850.477058,367369
145,7850.477058,369891
146,7850.477058,372424
147,7850.477058,374963
148,7850.477058,377487
149,7850.477058,380004
150,7850.477058,382518
151,7850.477058,385058
152,7850.477058,387594
153,7850.477058,390130
154,7850.477058,392651
155,7850.477058,395184
156,7850.477058,397744
157,7850.477058,400298
158,7850.477058,402858
159,7850.477058,405415
160,7850.477058,407971
161,7850.477058,410516
162,7850.477058,413064
163,7850.477058,415620
164,7850.477058,418178
165,7850.477058,420701
166,7850.477058,423201
167,7850.477058,425721
168,7850.477058,428254
169,7850.477058,430817
170,7850.477058,433384
171,7850.477058,435944
172,7850.477058,438517
173,7850.477058,441090
174,7850.477058,443652
175,7850.477058,446213
176,7850.477058,448783
177,7850.477058,451337
178,7850.477058,453900
179,7850.477058,456461
180,7850.477058,459021
181,7850.477058,461591
182,7850.477058,464177
183,7850.477058,466745
184,7850.477058,469296
185,7850.477058,471834
186,7850.477058,474385
187,7850.477058,476933
188,7850.477058,479477
189,7850.477058,482041
190,7850.477058,484593
191,7850.477058,487150
192,7850.477058,489726
193,7850.477058,492307
194,7850.477058,494864
195,7850.477058,497421
196,7850.477058,499986
197,7850.477058,502544
198,7850.477058,505094
199,7850.477058,507649
200,7850.477058,510208
201,7850.477058,512773
202,7850.477058,515337
203,7850.477058,517913
204,7850.477058,520490
205,7850.477058,523067
206,7850.477058,525636
207,7850.477058,528213
208,7850.477058,530766
209,7850.477058,533325
210,7850.477058,535860
211,7850.477058,538420
212,7850.477058,540956
213,7850.477058,543482
214,7850.477058,546002
215,7850.477058,548528
216,7850.477058,551048
217,7850.477058,553573
218,7850.477058,556111
219,7850.477058,558694
220,7850.477058,561270
221,7850.477058,563839
222,7850.477058,566421
223,7850.477058,569006
224,7850.477058,571593
225,7850.477058,574169
226,7850.477058,576763
227,7850.477058,579364
228,7850.477058,581944
229,7850.477058,584538
230,7850.477058,587137
231,7850.477058,589717
232,7850.477058,592282
233,7850.477058,594824
234,7850.477058,597352
235,7850.477058,599890
236,7850.477058,602431
237,7850.477058,604979
238,7850.477058,607520
239,7850.477058,610057
240,7850.477058,612589
241,7850.477058,615120
242,7850.477058,617642
243,7850.477058,620160
244,7850.477058,622692
245,7850.477058,625226
246,7850.477058,627745
247,7850.477058,630279
248,7850.477058,632818
249,7850.477058,635386
250,7850.477058,637947
251,7850.477058,640498
252,7850.477058,643041
253,7850.477058,645574
254,7850.477058,648123
255,7850.477058,650668
256,7850.477058,653206
257,7850.477058,655745
258,7850.477058,658310
259,7850.477058,660863
260,7850.477058,663407
261,7850.477058,665955
262,7850.477058,668504
263,7850.477058,671050
264,7850.477058,673613
265,7850.477058,676167
266,7850.477058,678724
267,7850.477058,681274
268,7850.477058,683828
269,7850.477058,686386
270,7850.477058,688934
271,7850.477058,691481
272,7850.477058,694026
273,7850.477058,696579
274,7850.477058,699149
275,7850.477058,701730
276,7850.477058,704309
277,7850.477058,706862
278,7850.477058,709432
279,7850.477058,712006
280,7850.477058,714554
281,7850.477058,717109
282,7850.477058,719665
283,7850.477058,722202
284,7850.477058,724761
285,7850.477058,727303
7850.477058,8.667382
1,7870.922480,2376
2,7861.257430,5035
3,7855.195927,7694
4,7853.861648,10353
5,7853.861648,13010
6,7853.861648,15666
7,7853.861648,18309
8,7853.861648,20950
9,7853.861648,23595
10,7853.861648,26239
11,7853.861648,28878
12,7853.861648,31511
13,7853.861648,34136
14,7853.861648,36754
15,7853.861648,39379
16,7853.861648,41991
17,7853.861648,44600
18,7853.861648,47210
19,7853.861648,49838
20,7853.861648,52448
21,7853.861648,55058
22,7853.861648,57650
23,7853.861648,60221
24,7853.861648,62815
25,7853.653963,65414
26,7853.653963,67996
27,7853.653963,70583
28,7853.653963,73159
29,7853.653963,75759
30,7853.653963,78348
31,7853.653963,80939
32,7853.653963,83506
33,7853.653963,86100
34,7853.653963,88689
35,7853.653963,91284
36,7853.653963,93876
37,7853.653963,96455
38,7853.653963,99042
39,7853.653963,101598
40,7853.653963,104174
41,7853.653963,106723
42,7853.653963,109304
43,7853.653963,111861
44,7853.653963,114428
45,7853.653963,116966
46,7853.653963,119518
47,7853.653963,122065
48,7853.653963,124609
49,7853.653963,127151
50,7853.653963,129684
51,7853.653963,132230
52,7853.653963,134777
53,7853.653963,137303
54,7853.653963,139821
55,7853.653963,142353
56,7853.653963,144905
57,7853.653963,147480
58,7853.653963,150018
59,7853.653963,152579
60,7853.653963,155117
61,7853.653963,157653
62,7853.653963,160191
63,7853.653963,162753
64,7853.653963,165307
65,7853.653963,167848
66,7853.653963,170372
67,7853.653963,172939
68,7853.653963,175512
69,7853.653963,178080
70,7852.567651,180643
71,7852.567651,183227
72,7852.567651,185787
73,7852.567651,188355
74,7852.567651,190911
75,7852.567651,193472
76,7852.567651,196029
77,7852.567651,198604
78,7852.567651,201171
79,7852.567651,203728
80,7852.567651,206316
81,7852.567651,208902
82,7852.567651,211500
83,7852.567651,214087
84,7852.567651,216658
85,7852.567651,219237
86,7852.567651,221824
87,7852.567651,224395
88,7852.567651,226972
89,7852.567651,229540
90,7852.567651,232104
91,7852.567651,234674
92,7852.567651,237234
93,7852.567651,239790
94,7852.567651,242348
95,7851.042301,244934
96,7851.042301,247503
97,7851.042301,250075
98,7851.042301,252628
99,7851.042301,255188
100,7851.042301,257750
101,7851.042301,260301
102,7851.042301,262846
103,7851.042301,265401
104,7851.042301,267966
105,7851.042301,270526
106,7851.042301,273079
107,7851.042301,275610
108,7851.042301,278169
109,7851.042301,280720
110,7851.042301,283268
111,7851.042301,285822
112,7851.042301,288396
113,7851.042301,290946
114,7851.042301,293489
115,7851.042301,296051
116,7851.042301,298603
117,7851.042301,301146
118,7851.042301,303727
119,7851.042301,306274
120,7851.042301,308816
121,7851.042301,311403
122,7851.042301,313961
123,7851.042301,316531
124,7851.042301,319092
125,7851.042301,321658
126,7851.042301,324219
127,7851.042301,326791
128,7851.042301,329348
129,7851.042301,331898
130,7851.042301,334471
131,7851.042301,337008
132,7851.042301,339543
133,7851.042301,342090
134,7851.042301,344636
135,7851.042301,347195
136,7851.042301,349770
137,7851.042301,352363
138,7851.042301,354951
139,7851.042301,357525
140,7851.042301,360090
141,7851.042301,362665
142,7851.042301,365237
143,7851.042301,367818
144,7851.042301,370394
145,7851.042301,373004
146,7851.042301,375572
147,7851.042301,378159
148,7851.042301,380761
149,7851.042301,383338
150,7851.042301,385913
151,7851.042301,388503
152,7851.042301,391070
153,7851.042301,393635
154,7851.042301,396211
155,7851.042301,398782
156,7851.042301,401357
157,7851.042301,403951
158,7851.042301,406533
159,7851.042301,409100
160,7851.042301,411666
161,7851.042301,414254
162,7851.042301,416811
163,7851.042301,419406
164,7851.042301,422003
165,7851.042301,424597
166,7851.042301,427179
167,7851.042301,429787
168,7851.042301,432332
169,7851.042301,434872
170,7851.042301,437440
171,7851.042301,440022
172,7851.042301,442596
173,7851.042301,445181
174,7851.042301,447780
175,7851.042301,450366
176,7851.042301,452928
177,7851.042301,455482
178,7851.042301,458045
179,7851.042301,460611
180,7851.042301,463145
181,7851.042301,465704
182,7851.042301,468240
183,7851.042301,470783
184,7851.042301,473319
185,7851.042301,475876
186,7851.042301,478422
187,7851.042301,480985
188,7851.042301,483536
189,7851.042301,486094
190,7851.042301,488650
191,7851.042301,491196
192,7851.042301,493744
193,7851.042301,496302
194,7851.042301,498841
195,7851.042301,501403
196,7851.042301,503948
197,7851.042301,506503
198,7851.042301,509051
199,7851.042301,511611
200,7851.042301,514166
201,7851.042301,516747
202,7851.042301,519316
203,7851.042301,521874
204,7851.042301,524414
205,7851.042301,526963
206,7851.042301,529495
207,7851.042301,532077
208,7851.042301,534661
209,7851.042301,537216
210,7851.042301,539781
211,7851.042301,542337
212,7851.042301,544907
213,7851.042301,547470
214,7851.042301,550055
215,7851.042301,552621
216,7851.042301,555165
217,7851.042301,557708
218,7851.042301,560278
219,7851.042301,562816
220,7851.042301,565367
221,7851.042301,567942
222,7851.042301,570480
223,7851.042301,573008
224,7851.042301,575529
225,7851.042301,578061
226,7851.042301,580588
227,7851.042301,583113
228,7851.042301,585663
229,7851.042301,588208
230,7851.042301,590752
231,7851.042301,593290
232,7851.042301,595836
233,7851.042301,598365
234,7851.042301,600897
235,7851.042301,603434
236,7851.042301,605988
237,7851.042301,608537
238,7851.042301,611063
239,7851.042301,613595
240,7851.042301,616141
241,7851.042301,618713
242,7851.042301,621279
243,7851.042301,623814
244,7851.042301,626368
245,7851.042301,628929
246,7851.042301,631499
247,7851.042301,634067
248,7851.042301,636618
249,7851.042301,639191
250,7851.042301,641763
251,7851.042301,644335
252,7851.042301,646893
253,7851.042301,649456
254,7851.042301,652024
255,7851.042301,654580
256,7851.042301,657147
257,7851.042301,659720
258,7851.042301,662276
259,7851.042301,664849
260,7851.042301,667398
261,7851.042301,669957
262,7851.042301,672512
263,7851.042301,675067
264,7851.042301,677632
265,7851.042301,680176
266,7851.042301,682737
267,7851.042301,685321
268,7851.042301,687891
269,7851.042301,690441
270,7851.042301,693008
271,7851.042301,695580
272,7851.042301,698117
273,7851.042301,700681
274,7851.042301,703239
275,7851.042301,705833
276,7851.042301,708427
277,7851.042301,711009
278,7851.042301,713576
279,7851.042301,716140
280,7851.042301,718727
281,7851.042301,721322
282,7851.042301,723910
283,7851.042301,726491
7851.042301,8.284050
