1,2789109.436163,2376
2,2789109.436163,5033
3,2762809.525995,7557
4,2762809.525995,9998
5,2762809.525995,12439
6,2762809.525995,14903
7,2762809.525995,17367
8,2762809.525995,19840
9,2762809.525995,22318
10,2762809.525995,24816
11,2762809.525995,27256
12,2762809.525995,29726
13,2762809.525995,32149
14,2762809.525995,34598
15,2762809.525995,36999
16,2762809.525995,39393
17,2762809.525995,41792
18,2762809.525995,44202
19,2762809.525995,46600
20,2762809.525995,48991
21,2762809.525995,51370
22,2762809.525995,53759
23,2762809.525995,56148
24,2762809.525995,58539
25,2762809.525995,60920
26,2762809.525995,63309
27,2762809.525995,65698
28,2762809.525995,68083
29,2762809.525995,70470
30,2762809.525995,72863
31,2762809.525995,75250
32,2762809.525995,77632
33,2762809.525995,80016
34,2762809.525995,82393
35,2762809.525995,84778
36,2762809.525995,87167
37,2762809.525995,89565
38,2762809.525995,91966
39,2762809.525995,94356
40,2762809.525995,96754
41,2762809.525995,99149
42,2762809.525995,101542
43,2762809.525995,103940
44,2762809.525995,106349
45,2762809.525995,108748
46,2762809.525995,111139
47,2762809.525995,113532
48,2762809.525995,115918
49,2762809.525995,118309
50,2762809.525995,120705
51,2762809.525995,123089
52,2762809.525995,125474
53,2762809.525995,127860
54,2762809.525995,130236
55,2762809.525995,132612
56,2762809.525995,134994
57,2762809.525995,137378
58,2762809.525995,139763
59,2762809.525995,142157
60,2762809.525995,144562
61,2762809.525995,146963
62,2762809.525995,149382
63,2762809.525995,151776
64,2762809.525995,154178
65,2762809.525995,156594
66,2762809.525995,158992
67,2762809.525995,161403
68,2762809.525995,163818
69,2762809.525995,166240
70,2762809.525995,168635
71,2762809.525995,171038
72,2762809.525995,173426
73,2762809.525995,175815
74,2762809.525995,178197
75,2762809.525995,180580
76,2762809.525995,182964
77,2762809.525995,185350
78,2762809.525995,187737
79,2762809.525995,190125
80,2762809.525995,192515
81,2762809.525995,194911
82,2762809.525995,197305
83,2762809.525995,199693
84,2762809.525995,202100
85,2762809.525995,204488
86,2762809.525995,206877
87,2762809.525995,209262
88,2762809.525995,211650
89,2762809.525995,214041
90,2762809.525995,216439
91,2762809.525995,218832
92,2762809.525995,221230
93,2762809.525995,223639
94,2762809.525995,226054
95,2762809.525995,228457
96,2762809.525995,230864
97,2762809.525995,233265
98,2762809.525995,235681
99,2762809.525995,238091
100,2762809.525995,240486
101,2762809.525995,242883
102,2762809.525995,245270
103,2762809.525995,247658
104,2762809.525995,250046
105,2762809.525995,252437
106,2762809.525995,254832
107,2762809.525995,257233
108,2762809.525995,259634
109,2762809.525995,262040
110,2762809.525995,264443
111,2762809.525995,266847
112,2762809.525995,269231
113,2762809.525995,271619
114,2762809.525995,274015
115,2762809.525995,276422
116,2762809.525995,278825
117,2762809.525995,281216
118,2762809.525995,283607
119,2762809.525995,285996
120,2762809.525995,288386
121,2762809.525995,290784
122,2762809.525995,293183
123,2762809.525995,295577
124,2762809.525995,297983
125,2762809.525995,300387
126,2762809.525995,302776
127,2762809.525995,305178
128,2762809.525995,307569
129,2762809.525995,309966
130,2762809.525995,312356
131,2762809.525995,314751
132,2762809.525995,317147
133,2762809.525995,319546
134,2762809.525995,321947
135,2762809.525995,324339
136,2762809.525995,326736
137,2762809.525995,329118
138,2762809.525995,331500
139,2762809.525995,333883
140,2762809.525995,336260
141,2762809.525995,338644
142,2762809.525995,341029
143,2762809.525995,343414
144,2762809.525995,345800
145,2762809.525995,348187
146,2762809.525995,350574
147,2762809.525995,352951
148,2762809.525995,355331
149,2762809.525995,357713
150,2762809.525995,360097
151,2762809.525995,362482
152,2762809.525995,364868
153,2762809.525995,367247
154,2762809.525995,369639
155,2762809.525995,372043
156,2762809.525995,374435
157,2762809.525995,376824
158,2762809.525995,379224
159,2762809.525995,381626
160,2762809.525995,384010
161,2762809.525995,386400
162,2762809.525995,388797
163,2762809.525995,391201
164,2762809.525995,393607
165,2762809.525995,396019
166,2762809.525995,398431
167,2762809.525995,400840
168,2762809.525995,403244
169,2762809.525995,405665
170,2762809.525995,408099
171,2762809.525995,410508
172,2762809.525995,412920
173,2762809.525995,415317
174,2762809.525995,417709
175,2762809.525995,420093
176,2762809.525995,422495
177,2762809.525995,424889
178,2762809.525995,427265
179,2762809.525995,429642
180,2762809.525995,432019
181,2762809.525995,434396
182,2762809.525995,436779
183,2762809.525995,439158
184,2762809.525995,441542
185,2762809.525995,443934
186,2762809.525995,446339
187,2762809.525995,448746
188,2762809.525995,451129
189,2762809.525995,453514
190,2762809.525995,455906
191,2762809.525995,458303
192,2762809.525995,460704
193,2762809.525995,463090
194,2762809.525995,465494
195,2762809.525995,467902
196,2762809.525995,470294
197,2762809.525995,472695
198,2762809.525995,475083
199,2762809.525995,477476
200,2762809.525995,479873
201,2762809.525995,482262
202,2762809.525995,484660
203,2762809.525995,487064
204,2762809.525995,489474
205,2762809.525995,491880
206,2762809.525995,494295
207,2762809.525995,496716
208,2762809.525995,499110
209,2762809.525995,501496
210,2762809.525995,503883
211,2762809.525995,506283
212,2762809.525995,508675
213,2762809.525995,511071
214,2762809.525995,513456
215,2762809.525995,515846
216,2762809.525995,518243
217,2762809.525995,520677
218,2762809.525995,523086
219,2762809.525995,525501
220,2762809.525995,527891
221,2762809.525995,530273
222,2762809.525995,532656
223,2762809.525995,535041
224,2762809.525995,537432
225,2762809.525995,539821
226,2762809.525995,542219
227,2762809.525995,544599
228,2762809.525995,546984
229,2762809.525995,549369
230,2762809.525995,551755
231,2762809.525995,554143
232,2762809.525995,556532
233,2762809.525995,558928
234,2762809.525995,561326
235,2762809.525995,563726
236,2762809.525995,566131
237,2762809.525995,568523
238,2762809.525995,570935
239,2762809.525995,573322
240,2762809.525995,575719
241,2762809.525995,578142
242,2762809.525995,580557
243,2762809.525995,582956
244,2762809.525995,585346
245,2762809.525995,587738
246,2762809.525995,590135
247,2762809.525995,592535
248,2762809.525995,594930
249,2762809.525995,597331
250,2762809.525995,599736
251,2762809.525995,602142
252,2762809.525995,604559
253,2762809.525995,606963
254,2762809.525995,609359
255,2762809.525995,611772
256,2762809.525995,614177
257,2762809.525995,616574
258,2762809.525995,618957
259,2762809.525995,621346
260,2762809.525995,623735
261,2762809.525995,626126
262,2762809.525995,628535
263,2762809.525995,630953
264,2762809.525995,633379
265,2762809.525995,635796
266,2762809.525995,638214
267,2762809.525995,640631
268,2762809.525995,643037
269,2762809.525995,645440
270,2762809.525995,647848
271,2762809.525995,650234
272,2762809.525995,652625
273,2762809.525995,655007
274,2762809.525995,657386
275,2762809.525995,659766
276,2762809.525995,662146
277,2762809.525995,664526
278,2762809.525995,666913
279,2762809.525995,669294
280,2762809.525995,671678
281,2762809.525995,674065
282,2762809.525995,676455
283,2762809.525995,678846
284,2762809.525995,681228
285,2762809.525995,683611
286,2762809.525995,685998
287,2762809.525995,688392
288,2762809.525995,690780
289,2762809.525995,693157
290,2762809.525995,695534
291,2762809.525995,697912
292,2762809.525995,700292
293,2762809.525995,702674
294,2762809.525995,705062
295,2762809.525995,707457
296,2762809.525995,709853
297,2762809.525995,712255
298,2762809.525995,714665
299,2762809.525995,717067
300,2762809.525995,719491
2762809.525995,40.424758
1,2789109.436163,2376
2,2762809.525995,5008
3,2762809.525995,7534
4,2762809.525995,9966
5,2762809.525995,12386
6,2762809.525995,14826
7,2762809.525995,17291
8,2762809.525995,19742
9,2762809.525995,22202
10,2762809.525995,24668
11,2762809.525995,27121
12,2762809.525995,29536
13,2762809.525995,31939
14,2762809.525995,34342
15,2762809.525995,36731
16,2762809.525995,39123
17,2762809.525995,41516
18,2762809.525995,43914
19,2762809.525995,46306
20,2762809.525995,48701
21,2762809.525995,51101
22,2762809.525995,53509
23,2762809.525995,55917
24,2762809.525995,58338
25,2762809.525995,60733
26,2762809.525995,63128
27,2762809.525995,65515
28,2762809.525995,67896
29,2762809.525995,70278
30,2762809.525995,72668
31,2762809.525995,75053
32,2762809.525995,77438
33,2762809.525995,79829
34,2762809.525995,82221
35,2762809.525995,84613
36,2762809.525995,87005
37,2762809.525995,89387
38,2762809.525995,91775
39,2762809.525995,94158
40,2762809.525995,96550
41,2762809.525995,98946
42,2762809.525995,101330
43,2762809.525995,103733
44,2762809.525995,106111
45,2762809.525995,108493
46,2762809.525995,110888
47,2762809.525995,113277
48,2762809.525995,115671
49,2762809.525995,118077
50,2762809.525995,120479
51,2762809.525995,122885
52,2762809.525995,125265
53,2762809.525995,127646
54,2762809.525995,130033
55,2762809.525995,132412
56,2762809.525995,134798
57,2762809.525995,137179
58,2762809.525995,139561
59,2762809.525995,141944
60,2762809.525995,144328
61,2762809.525995,146713
62,2762809.525995,149104
63,2762809.525995,151494
64,2762809.525995,153885
65,2762809.525995,156284
66,2762809.525995,158679
67,2762809.525995,161075
68,2762809.525995,163465
69,2762809.525995,165865
70,2762809.525995,168261
71,2762809.525995,170648
72,2762809.525995,173037
73,2762809.525995,175427
74,2762809.525995,177823
75,2762809.525995,180219
76,2762809.525995,182610
77,2762809.525995,185011
78,2762809.525995,187412
79,2762809.525995,189804
80,2762809.525995,192192
81,2762809.525995,194582
82,2762809.525995,196977
83,2762809.525995,199374
84,2762809.525995,201760
85,2762809.525995,204146
86,2762809.525995,206530
87,2762809.525995,208915
88,2762809.525995,211303
89,2762809.525995,213705
90,2762809.525995,216097
91,2762809.525995,218506
92,2762809.525995,220919
93,2762809.525995,223320
94,2762809.525995,225739
95,2762809.525995,228154
96,2762809.525995,230570
97,2762809.525995,232992
98,2762809.525995,235390
99,2762809.525995,237792
100,2762809.525995,240194
101,2762809.525995,242587
102,2762809.525995,244986
103,2762809.525995,247385
104,2762809.525995,249780
105,2762809.525995,252165
106,2762809.525995,254551
107,2762809.525995,256939
108,2762809.525995,259328
109,2762809.525995,261708
110,2762809.525995,264089
111,2762809.525995,266471
112,2762809.525995,268861
113,2762809.525995,271252
114,2762809.525995,273645
115,2762809.525995,276043
116,2762809.525995,278447
117,2762809.525995,280850
118,2762809.525995,283244
119,2762809.525995,285640
120,2762809.525995,288050
121,2762809.525995,290463
122,2762809.525995,292866
123,2762809.525995,295260
124,2762809.525995,297670
125,2762809.525995,300075
126,2762809.525995,302468
127,2762809.525995,304867
128,2762809.525995,307275
129,2762809.525995,309692
130,2762809.525995,312084
131,2762809.525995,314492
132,2762809.525995,316888
133,2762809.525995,319286
134,2762809.525995,321703
135,2762809.525995,324115
136,2762809.525995,326521
137,2762809.525995,328935
138,2762809.525995,331355
139,2762809.525995,333758
140,2762809.525995,336154
141,2762809.525995,338555
142,2762809.525995,340953
143,2762809.525995,343360
144,2762809.525995,345775
145,2762809.525995,348169
146,2762809.525995,350558
147,2762809.525995,352950
148,2762809.525995,355345
149,2762809.525995,357744
150,2762809.525995,360151
151,2762809.525995,362550
152,2762809.525995,364955
153,2762809.525995,367368
154,2762809.525995,369771
155,2762809.525995,372175
156,2762809.525995,374571
157,2762809.525995,376954
158,2762809.525995,379340
159,2762809.525995,381727
160,2762809.525995,384118
161,2762809.525995,386511
162,2762809.525995,388905
163,2762809.525995,391305
164,2762809.525995,393693
165,2762809.525995,396087
166,2762809.525995,398469
167,2762809.525995,400876
168,2762809.525995,403271
169,2762809.525995,405672
170,2762809.525995,408062
171,2762809.525995,410453
172,2762809.525995,412836
173,2762809.525995,415221
174,2762809.525995,417608
175,2762809.525995,419998
176,2762809.525995,422389
177,2762809.525995,424781
178,2762809.525995,427180
179,2762809.525995,429593
180,2762809.525995,432009
181,2762809.525995,434411
182,2762809.525995,436813
183,2762809.525995,439219
184,2762809.525995,441616
185,2762809.525995,443999
186,2762809.525995,446398
187,2762809.525995,448777
188,2762809.525995,451184
189,2762809.525995,453575
190,2762809.525995,455963
191,2762809.525995,458350
192,2762809.525995,460745
193,2762809.525995,463152
194,2762809.525995,465535
195,2762809.525995,467930
196,2762809.525995,470345
197,2762809.525995,472749
198,2762809.525995,475167
199,2762809.525995,477573
200,2762809.525995,479969
201,2762809.525995,482357
202,2762809.525995,484746
203,2762809.525995,487124
204,2762809.525995,489518
205,2762809.525995,491909
206,2762809.525995,494308
207,2762809.525995,496722
208,2762809.525995,499114
209,2762809.525995,501520
210,2762809.525995,503923
211,2762809.525995,506313
212,2762809.525995,508705
213,2762809.525995,511089
214,2762809.525995,513479
215,2762809.525995,515874
216,2762809.525995,518266
217,2762809.525995,520647
218,2762809.525995,523027
219,2762809.525995,525415
220,2762809.525995,527810
221,2762809.525995,530200
222,2762809.525995,532583
223,2762809.525995,534966
224,2762809.525995,537349
225,2762809.525995,539733
226,2762809.525995,542109
227,2762809.525995,544485
228,2762809.525995,546861
229,2762809.525995,549243
230,2762809.525995,551619
231,2762809.525995,554002
232,2762809.525995,556380
233,2762809.525995,558758
234,2762809.525995,561143
235,2762809.525995,563537
236,2762809.525995,565937
237,2762809.525995,568346
238,2762809.525995,570746
239,2762809.525995,573162
240,2762809.525995,575564
241,2762809.525995,577969
242,2762809.525995,580366
243,2762809.525995,582765
244,2762809.525995,585168
245,2762809.525995,587563
246,2762809.525995,589959
247,2762809.525995,592344
248,2762809.525995,594723
249,2762809.525995,597113
250,2762809.525995,599502
251,2762809.525995,601882
252,2762809.525995,604262
253,2762809.525995,606642
254,2762809.525995,609024
255,2762809.525995,611407
256,2762809.525995,613796
257,2762809.525995,616188
258,2762809.525995,618587
259,2762809.525995,620974
260,2762809.525995,623364
261,2762809.525995,625755
262,2762809.525995,628150
263,2762809.525995,630538
264,2762809.525995,632930
265,2762809.525995,635308
266,2762809.525995,637697
267,2762809.525995,640085
268,2762809.525995,642476
269,2762809.525995,644872
270,2762809.525995,647272
271,2762809.525995,649671
272,2762809.525995,652054
273,2762809.525995,654441
274,2762809.525995,656834
275,2762809.525995,659229
276,2762809.525995,661635
277,2762809.525995,664042
278,2762809.525995,666458
279,2762809.525995,668894
280,2762809.525995,671312
281,2762809.525995,673711
282,2762809.525995,676119
283,2762809.525995,678533
284,2762809.525995,680926
285,2762809.525995,683322
286,2762809.525995,685725
287,2762809.525995,688138
288,2762809.525995,690542
289,2762809.525995,692962
290,2762809.525995,695378
291,2762809.525995,697805
292,2762809.525995,700231
293,2762809.525995,702636
294,2762809.525995,705026
295,2762809.525995,707423
296,2762809.525995,709825
297,2762809.525995,712233
298,2762809.525995,714632
299,2762809.525995,717036
300,2762809.525995,719444
2762809.525995,40.453037
1,2762809.525995,2376
2,2762809.525995,5026
3,2762809.525995,7504
4,2762809.525995,9941
5,2762809.525995,12365
6,2762809.525995,14818
7,2762809.525995,17246
8,2762809.525995,19680
9,2762809.525995,22111
10,2762809.525995,24530
11,2762809.525995,26947
12,2762809.525995,29367
13,2762809.525995,31796
14,2762809.525995,34213
15,2762809.525995,36613
16,2762809.525995,39004
17,2762809.525995,41404
18,2762809.525995,43810
19,2762809.525995,46223
20,2762809.525995,48635
21,2762809.525995,51044
22,2762809.525995,53433
23,2762809.525995,55826
24,2762809.525995,58215
25,2762809.525995,60610
26,2762809.525995,63005
27,2762809.525995,65391
28,2762809.525995,67782
29,2762809.525995,70178
30,2762809.525995,72581
31,2762809.525995,74994
32,2762809.525995,77396
33,2762809.525995,79783
34,2762809.525995,82172
35,2762809.525995,84577
36,2762809.525995,86954
37,2762809.525995,89352
38,2762809.525995,91747
39,2762809.525995,94144
40,2762809.525995,96542
41,2762809.525995,98927
42,2762809.525995,101318
43,2762809.525995,103718
44,2762809.525995,106119
45,2762809.525995,108523
46,2762809.525995,110932
47,2762809.525995,113348
48,2762809.525995,115732
49,2762809.525995,118138
50,2762809.525995,120568
51,2762809.525995,122986
52,2762809.525995,125420
53,2762809.525995,127820
54,2762809.525995,130224
55,2762809.525995,132615
56,2762809.525995,135022
57,2762809.525995,137415
58,2762809.525995,139828
59,2762809.525995,142222
60,2762809.525995,144611
61,2762809.525995,147012
62,2762809.525995,149416
63,2762809.525995,151812
64,2762809.525995,154196
65,2762809.525995,156586
66,2762809.525995,158988
67,2762809.525995,161373
68,2762809.525995,163782
69,2762809.525995,166187
70,2762809.525995,168590
71,2762809.525995,170982
72,2762809.525995,173378
73,2762809.525995,175762
74,2762809.525995,178149
75,2762809.525995,180545
76,2762809.525995,182949
77,2762809.525995,185346
78,2762809.525995,187747
79,2762809.525995,190133
80,2762809.525995,192521
81,2762809.525995,194914
82,2762809.525995,197309
83,2762809.525995,199703
84,2762809.525995,202100
85,2762809.525995,204487
86,2762809.525995,206883
87,2762809.525995,209277
88,2762809.525995,211684
89,2762809.525995,214101
90,2762809.525995,216495
91,2762809.525995,218903
92,2762809.525995,221304
93,2762809.525995,223698
94,2762809.525995,226112
95,2762809.525995,228521
96,2762809.525995,230930
97,2762809.525995,233326
98,2762809.525995,235740
99,2762809.525995,238133
100,2762809.525995,240519
101,2762809.525995,242947
102,2762809.525995,245331
103,2762809.525995,247717
104,2762809.525995,250101
105,2762809.525995,252493
106,2762809.525995,254900
107,2762809.525995,257294
108,2762809.525995,259693
109,2762809.525995,262087
110,2762809.525995,264481
111,2762809.525995,266891
112,2762809.525995,269284
113,2762809.525995,271682
114,2762809.525995,274073
115,2762809.525995,276465
116,2762809.525995,278852
117,2762809.525995,281245
118,2762809.525995,283637
119,2762809.525995,286038
120,2762809.525995,288429
121,2762809.525995,290827
122,2762809.525995,293211
123,2762809.525995,295591
124,2762809.525995,297993
125,2762809.525995,300401
126,2762809.525995,302805
127,2762809.525995,305206
128,2762809.525995,307594
129,2762809.525995,309985
130,2762809.525995,312404
131,2762809.525995,314833
132,2762809.525995,317272
133,2762809.525995,319672
134,2762809.525995,322061
135,2762809.525995,324446
136,2762809.525995,326839
137,2762809.525995,329236
138,2762809.525995,331635
139,2762809.525995,334020
140,2762809.525995,336405
141,2762809.525995,338791
142,2762809.525995,341172
143,2762809.525995,343548
144,2762809.525995,345932
145,2762809.525995,348332
146,2762809.525995,350738
147,2762809.525995,353132
148,2762809.525995,355533
149,2762809.525995,357939
150,2762809.525995,360333
151,2762809.525995,362717
152,2762809.525995,365103
153,2762809.525995,367503
154,2762809.525995,369889
155,2762809.525995,372276
156,2762809.525995,374669
157,2762809.525995,377047
158,2762809.525995,379437
159,2762809.525995,381844
160,2762809.525995,384240
161,2762809.525995,386630
162,2762809.525995,389038
163,2762809.525995,391454
164,2762809.525995,393859
165,2762809.525995,396254
166,2762809.525995,398659
167,2762809.525995,401074
168,2762809.525995,403495
169,2762809.525995,405916
170,2762809.525995,408312
171,2762809.525995,410698
172,2762809.525995,413087
173,2762809.525995,415477
174,2762809.525995,417858
175,2762809.525995,420242
176,2762809.525995,422628
177,2762809.525995,425017
178,2762809.525995,427418
179,2762809.525995,429825
180,2762809.525995,432246
181,2762809.525995,434679
182,2762809.525995,437110
183,2762809.525995,439534
184,2762809.525995,441942
185,2762809.525995,444338
186,2762809.525995,446754
187,2762809.525995,449174
188,2762809.525995,451605
189,2762809.525995,454015
190,2762809.525995,456413
191,2762809.525995,458806
192,2762809.525995,461209
193,2762809.525995,463625
194,2762809.525995,466013
195,2762809.525995,468403
196,2762809.525995,470797
197,2762809.525995,473191
198,2762809.525995,475574
199,2762809.525995,477959
200,2762809.525995,480346
201,2762809.525995,482735
202,2762809.525995,485115
203,2762809.525995,487500
204,2762809.525995,489886
205,2762809.525995,492275
206,2762809.525995,494656
207,2762809.525995,497037
208,2762809.525995,499429
209,2762809.525995,501825
210,2762809.525995,504219
211,2762809.525995,506618
212,2762809.525995,509014
213,2762809.525995,511417
214,2762809.525995,513814
215,2762809.525995,516214
216,2762809.525995,518627
217,2762809.525995,521043
218,2762809.525995,523469
219,2762809.525995,525877
220,2762809.525995,528276
221,2762809.525995,530668
222,2762809.525995,533068
223,2762809.525995,535475
224,2762809.525995,537869
225,2762809.525995,540275
226,2762809.525995,542654
227,2762809.525995,545038
228,2762809.525995,547427
229,2762809.525995,549819
230,2762809.525995,552230
231,2762809.525995,554628
232,2762809.525995,557027
233,2762809.525995,559442
234,2762809.525995,561848
235,2762809.525995,564237
236,2762809.525995,566628
237,2762809.525995,569019
238,2762809.525995,571399
239,2762809.525995,573783
240,2762809.525995,576180
241,2762809.525995,578584
242,2762809.525995,580994
243,2762809.525995,583397
244,2762809.525995,585816
245,2762809.525995,588219
246,2762809.525995,590611
247,2762809.525995,592993
248,2762809.525995,595382
249,2762809.525995,597758
250,2762809.525995,600134
251,2762809.525995,602524
252,2762809.525995,604916
253,2762809.525995,607303
254,2762809.525995,609702
255,2762809.525995,612105
256,2762809.525995,614502
257,2762809.525995,616890
258,2762809.525995,619293
259,2762809.525995,621679
260,2762809.525995,624095
261,2762809.525995,626493
262,2762809.525995,628887
263,2762809.525995,631288
264,2762809.525995,633685
265,2762809.525995,636095
266,2762809.525995,638512
267,2762809.525995,640907
268,2762809.525995,643318
269,2762809.525995,645706
270,2762809.525995,648101
271,2762809.525995,650502
272,2762809.525995,652895
273,2762809.525995,655291
274,2762809.525995,657701
275,2762809.525995,660108
276,2762809.525995,662522
277,2762809.525995,664950
278,2762809.525995,667347
279,2762809.525995,669735
280,2762809.525995,672126
281,2762809.525995,674518
282,2762809.525995,676916
283,2762809.525995,679297
284,2762809.525995,681678
285,2762809.525995,684061
286,2762809.525995,686448
287,2762809.525995,688838
288,2762809.525995,691230
289,2762809.525995,693611
290,2762809.525995,695987
291,2762809.525995,698382
292,2762809.525995,700758
293,2762809.525995,703159
294,2762809.525995,705536
295,2762809.525995,707914
296,2762809.525995,710300
297,2762809.525995,712688
298,2762809.525995,715079
299,2762809.525995,717469
300,2762809.525995,719862
2762809.525995,40.511064
1,2789109.436163,2376
2,2789109.436163,5023
3,2762809.525995,7561
4,2762809.525995,9988
5,2762809.525995,12420
6,2762809.525995,14855
7,2762809.525995,17289
8,2762809.525995,19731
9,2762809.525995,22208
10,2762809.525995,24630
11,2762809.525995,27042
12,2762809.525995,29448
13,2762809.525995,31856
14,2762809.525995,34256
15,2762809.525995,36645
16,2762809.525995,39025
17,2762809.525995,41405
18,2762809.525995,43800
19,2762809.525995,46181
20,2762809.525995,48564
21,2762809.525995,50947
22,2762809.525995,53335
23,2762809.525995,55717
24,2762809.525995,58103
25,2762809.525995,60490
26,2762809.525995,62868
27,2762809.525995,65248
28,2762809.525995,67629
29,2762809.525995,70011
30,2762809.525995,72393
31,2762809.525995,74777
32,2762809.525995,77167
33,2762809.525995,79569
34,2762809.525995,81948
35,2762809.525995,84337
36,2762809.525995,86728
37,2762809.525995,89120
38,2762809.525995,91527
39,2762809.525995,93955
40,2762809.525995,96374
41,2762809.525995,98786
42,2762809.525995,101189
43,2762809.525995,103595
44,2762809.525995,106006
45,2762809.525995,108407
46,2762809.525995,110796
47,2762809.525995,113186
48,2762809.525995,115568
49,2762809.525995,117961
50,2762809.525995,120359
51,2762809.525995,122759
52,2762809.525995,125150
53,2762809.525995,127544
54,2762809.525995,129925
55,2762809.525995,132308
56,2762809.525995,134691
57,2762809.525995,137075
58,2762809.525995,139460
59,2762809.525995,141836
60,2762809.525995,144213
61,2762809.525995,146599
62,2762809.525995,148980
63,2762809.525995,151357
64,2762809.525995,153735
65,2762809.525995,156115
66,2762809.525995,158497
67,2762809.525995,160884
68,2762809.525995,163273
69,2762809.525995,165663
70,2762809.525995,168058
71,2762809.525995,170451
72,2762809.525995,172844
73,2762809.525995,175242
74,2762809.525995,177631
75,2762809.525995,180022
76,2762809.525995,182416
77,2762809.525995,184817
78,2762809.525995,187213
79,2762809.525995,189613
80,2762809.525995,192032
81,2762809.525995,194452
82,2762809.525995,196854
83,2762809.525995,199246
84,2762809.525995,201652
85,2762809.525995,204054
86,2762809.525995,206445
87,2762809.525995,208831
88,2762809.525995,211218
89,2762809.525995,213624
90,2762809.525995,216009
91,2762809.525995,218395
92,2762809.525995,220783
93,2762809.525995,223174
94,2762809.525995,225567
95,2762809.525995,227967
96,2762809.525995,230363
97,2762809.525995,232757
98,2762809.525995,235158
99,2762809.525995,237562
100,2762809.525995,239974
101,2762809.525995,242370
102,2762809.525995,244761
103,2762809.525995,247158
104,2762809.525995,249561
105,2762809.525995,251966
106,2762809.525995,254364
107,2762809.525995,256747
108,2762809.525995,259132
109,2762809.525995,261519
110,2762809.525995,263895
111,2762809.525995,266282
112,2762809.525995,268672
113,2762809.525995,271060
114,2762809.525995,273444
115,2762809.525995,275824
116,2762809.525995,278206
117,2762809.525995,280590
118,2762809.525995,282974
119,2762809.525995,285359
120,2762809.525995,287752
121,2762809.525995,290140
122,2762809.525995,292529
123,2762809.525995,294905
124,2762809.525995,297281
125,2762809.525995,299658
126,2762809.525995,302048
127,2762809.525995,304427
128,2762809.525995,306830
129,2762809.525995,309230
130,2762809.525995,311630
131,2762809.525995,314044
132,2762809.525995,316447
133,2762809.525995,318841
134,2762809.525995,321239
135,2762809.525995,323624
136,2762809.525995,326026
137,2762809.525995,328431
138,2762809.525995,330823
139,2762809.525995,333222
140,2762809.525995,335617
141,2762809.525995,338000
142,2762809.525995,340383
143,2762809.525995,342767
144,2762809.525995,345158
145,2762809.525995,347564
146,2762809.525995,349958
147,2762809.525995,352351
148,2762809.525995,354748
149,2762809.525995,357139
150,2762809.525995,359532
151,2762809.525995,361928
152,2762809.525995,364327
153,2762809.525995,366731
154,2762809.525995,369126
155,2762809.525995,371524
156,2762809.525995,373931
157,2762809.525995,376347
158,2762809.525995,378763
159,2762809.525995,381160
160,2762809.525995,383543
161,2762809.525995,385926
162,2762809.525995,388310
163,2762809.525995,390695
164,2762809.525995,393080
165,2762809.525995,395460
166,2762809.525995,397840
167,2762809.525995,400221
168,2762809.525995,402609
169,2762809.525995,405004
170,2762809.525995,407407
171,2762809.525995,409817
172,2762809.525995,412236
173,2762809.525995,414651
174,2762809.525995,417070
175,2762809.525995,419486
176,2762809.525995,421899
177,2762809.525995,424319
178,2762809.525995,426778
179,2762809.525995,429191
180,2762809.525995,431609
181,2762809.525995,434021
182,2762809.525995,436445
183,2762809.525995,438876
184,2762809.525995,441275
185,2762809.525995,443681
186,2762809.525995,446059
187,2762809.525995,448438
188,2762809.525995,450822
189,2762809.525995,453202
190,2762809.525995,455582
191,2762809.525995,457963
192,2762809.525995,460344
193,2762809.525995,462726
194,2762809.525995,465108
195,2762809.525995,467492
196,2762809.525995,469876
197,2762809.525995,472265
198,2762809.525995,474649
199,2762809.525995,477035
200,2762809.525995,479427
201,2762809.525995,481829
202,2762809.525995,484229
203,2762809.525995,486629
204,2762809.525995,489032
205,2762809.525995,491441
206,2762809.525995,493851
207,2762809.525995,496254
208,2762809.525995,498661
209,2762809.525995,501077
210,2762809.525995,503500
211,2762809.525995,505901
212,2762809.525995,508287
213,2762809.525995,510684
214,2762809.525995,513075
215,2762809.525995,515491
216,2762809.525995,517885
217,2762809.525995,520281
218,2762809.525995,522683
219,2762809.525995,525074
220,2762809.525995,527463
221,2762809.525995,529854
222,2762809.525995,532252
223,2762809.525995,534647
224,2762809.525995,537040
225,2762809.525995,539441
226,2762809.525995,541846
227,2762809.525995,544259
228,2762809.525995,546667
229,2762809.525995,549084
230,2762809.525995,551507
231,2762809.525995,553886
232,2762809.525995,556268
233,2762809.525995,558651
234,2762809.525995,561036
235,2762809.525995,563424
236,2762809.525995,565823
237,2762809.525995,568221
238,2762809.525995,570613
239,2762809.525995,573007
240,2762809.525995,575393
241,2762809.525995,577789
242,2762809.525995,580175
243,2762809.525995,582572
244,2762809.525995,584964
245,2762809.525995,587366
246,2762809.525995,589758
247,2762809.525995,592143
248,2762809.525995,594540
249,2762809.525995,596950
250,2762809.525995,599347
251,2762809.525995,601759
252,2762809.525995,604185
253,2762809.525995,606592
254,2762809.525995,609004
255,2762809.525995,611418
256,2762809.525995,613827
257,2762809.525995,616212
258,2762809.525995,618599
259,2762809.525995,620995
260,2762809.525995,623388
261,2762809.525995,625788
262,2762809.525995,628191
263,2762809.525995,630587
264,2762809.525995,632971
265,2762809.525995,635356
266,2762809.525995,637744
267,2762809.525995,640134
268,2762809.525995,642529
269,2762809.525995,644930
270,2762809.525995,647315
271,2762809.525995,649717
272,2762809.525995,652111
273,2762809.525995,654497
274,2762809.525995,656895
275,2762809.525995,659295
276,2762809.525995,661701
277,2762809.525995,664105
278,2762809.525995,666517
279,2762809.525995,668922
280,2762809.525995,671337
281,2762809.525995,673763
282,2762809.525995,676203
283,2762809.525995,678635
284,2762809.525995,681025
285,2762809.525995,683415
286,2762809.525995,685814
287,2762809.525995,688203
288,2762809.525995,690600
289,2762809.525995,692992
290,2762809.525995,695387
291,2762809.525995,697785
292,2762809.525995,700182
293,2762809.525995,702578
294,2762809.525995,704977
295,2762809.525995,707365
296,2762809.525995,709757
297,2762809.525995,712160
298,2762809.525995,714565
299,2762809.525995,716976
300,2762809.525995,719380
2762809.525995,40.517985
1,2789109.436163,2376
2,2762809.525995,4983
3,2762809.525995,7464
4,2762809.525995,9866
5,2762809.525995,12286
6,2762809.525995,14727
7,2762809.525995,17173
8,2762809.525995,19634
9,2762809.525995,22087
10,2762809.525995,24543
11,2762809.525995,26999
12,2762809.525995,29459
13,2762809.525995,31874
14,2762809.525995,34311
15,2762809.525995,36706
16,2762809.525995,39094
17,2762809.525995,41488
18,2762809.525995,43886
19,2762809.525995,46288
20,2762809.525995,48694
21,2762809.525995,51088
22,2762809.525995,53493
23,2762809.525995,55903
24,2762809.525995,58301
25,2762809.525995,60703
26,2762809.525995,63104
27,2762809.525995,65497
28,2762809.525995,67903
29,2762809.525995,70314
30,2762809.525995,72732
31,2762809.525995,75134
32,2762809.525995,77540
33,2762809.525995,79966
34,2762809.525995,82348
35,2762809.525995,84734
36,2762809.525995,87130
37,2762809.525995,89528
38,2762809.525995,91932
39,2762809.525995,94323
40,2762809.525995,96716
41,2762809.525995,99105
42,2762809.525995,101495
43,2762809.525995,103874
44,2762809.525995,106253
45,2762809.525995,108632
46,2762809.525995,111012
47,2762809.525995,113392
48,2762809.525995,115772
49,2762809.525995,118152
50,2762809.525995,120535
51,2762809.525995,122920
52,2762809.525995,125309
53,2762809.525995,127707
54,2762809.525995,130102
55,2762809.525995,132491
56,2762809.525995,134890
57,2762809.525995,137278
58,2762809.525995,139661
59,2762809.525995,142046
60,2762809.525995,144434
61,2762809.525995,146810
62,2762809.525995,149193
63,2762809.525995,151582
64,2762809.525995,153970
65,2762809.525995,156371
66,2762809.525995,158761
67,2762809.525995,161152
68,2762809.525995,163545
69,2762809.525995,165931
70,2762809.525995,168320
71,2762809.525995,170717
72,2762809.525995,173128
73,2762809.525995,175533
74,2762809.525995,177926
75,2762809.525995,180311
76,2762809.525995,182702
77,2762809.525995,185095
78,2762809.525995,187491
79,2762809.525995,189892
80,2762809.525995,192299
81,2762809.525995,194703
82,2762809.525995,197104
83,2762809.525995,199506
84,2762809.525995,201907
85,2762809.525995,204314
86,2762809.525995,206700
87,2762809.525995,209083
88,2762809.525995,211470
89,2762809.525995,213858
90,2762809.525995,216249
91,2762809.525995,218642
92,2762809.525995,221038
93,2762809.525995,223433
94,2762809.525995,225809
95,2762809.525995,228195
96,2762809.525995,230597
97,2762809.525995,232980
98,2762809.525995,235364
99,2762809.525995,237751
100,2762809.525995,240130
101,2762809.525995,242512
102,2762809.525995,244892
103,2762809.525995,247272
104,2762809.525995,249652
105,2762809.525995,252036
106,2762809.525995,254417
107,2762809.525995,256799
108,2762809.525995,259182
109,2762809.525995,261566
110,2762809.525995,263958
111,2762809.525995,266353
112,2762809.525995,268739
113,2762809.525995,271140
114,2762809.525995,273534
115,2762809.525995,275919
116,2762809.525995,278305
117,2762809.525995,280689
118,2762809.525995,283076
119,2762809.525995,285466
120,2762809.525995,287858
121,2762809.525995,290238
122,2762809.525995,292628
123,2762809.525995,295021
124,2762809.525995,297414
125,2762809.525995,299801
126,2762809.525995,302178
127,2762809.525995,304563
128,2762809.525995,306942
129,2762809.525995,309326
130,2762809.525995,311714
131,2762809.525995,314107
132,2762809.525995,316503
133,2762809.525995,318889
134,2762809.525995,321276
135,2762809.525995,323675
136,2762809.525995,326075
137,2762809.525995,328474
138,2762809.525995,330864
139,2762809.525995,333255
140,2762809.525995,335659
141,2762809.525995,338052
142,2762809.525995,340446
143,2762809.525995,342834
144,2762809.525995,345222
145,2762809.525995,347610
146,2762809.525995,350001
147,2762809.525995,352392
148,2762809.525995,354784
149,2762809.525995,357172
150,2762809.525995,359562
151,2762809.525995,361951
152,2762809.525995,364353
153,2762809.525995,366752
154,2762809.525995,369149
155,2762809.525995,371547
156,2762809.525995,373953
157,2762809.525995,376365
158,2762809.525995,378784
159,2762809.525995,381189
160,2762809.525995,383571
161,2762809.525995,385962
162,2762809.525995,388354
163,2762809.525995,390740
164,2762809.525995,393129
165,2762809.525995,395518
166,2762809.525995,397908
167,2762809.525995,400290
168,2762809.525995,402691
169,2762809.525995,405089
170,2762809.525995,407489
171,2762809.525995,409890
172,2762809.525995,412281
173,2762809.525995,414677
174,2762809.525995,417072
175,2762809.525995,419470
176,2762809.525995,421873
177,2762809.525995,424276
178,2762809.525995,426680
179,2762809.525995,429078
180,2762809.525995,431474
181,2762809.525995,433856
182,2762809.525995,436246
183,2762809.525995,438636
184,2762809.525995,441025
185,2762809.525995,443426
186,2762809.525995,445814
187,2762809.525995,448205
188,2762809.525995,450599
189,2762809.525995,452999
190,2762809.525995,455400
191,2762809.525995,457788
192,2762809.525995,460190
193,2762809.525995,462585
194,2762809.525995,464981
195,2762809.525995,467377
196,2762809.525995,469768
197,2762809.525995,472165
198,2762809.525995,474561
199,2762809.525995,476951
200,2762809.525995,479344
201,2762809.525995,481734
202,2762809.525995,484126
203,2762809.525995,486520
204,2762809.525995,488915
205,2762809.525995,491312
206,2762809.525995,493718
207,2762809.525995,496139
208,2762809.525995,498556
209,2762809.525995,500958
210,2762809.525995,503361
211,2762809.525995,505742
212,2762809.525995,508128
213,2762809.525995,510520
214,2762809.525995,512925
215,2762809.525995,515314
216,2762809.525995,517702
217,2762809.525995,520088
218,2762809.525995,522478
219,2762809.525995,524861
220,2762809.525995,527252
221,2762809.525995,529643
222,2762809.525995,532023
223,2762809.525995,534403
224,2762809.525995,536783
225,2762809.525995,539164
226,2762809.525995,541545
227,2762809.525995,543926
228,2762809.525995,546308
229,2762809.525995,548684
230,2762809.525995,551066
231,2762809.525995,553452
232,2762809.525995,555848
233,2762809.525995,558247
234,2762809.525995,560632
235,2762809.525995,563017
236,2762809.525995,565397
237,2762809.525995,567779
238,2762809.525995,570162
239,2762809.525995,572552
240,2762809.525995,574953
241,2762809.525995,577353
242,2762809.525995,579759
243,2762809.525995,582173
244,2762809.525995,584593
245,2762809.525995,586993
246,2762809.525995,589404
247,2762809.525995,591807
248,2762809.525995,594230
249,2762809.525995,596662
250,2762809.525995,599051
251,2762809.525995,601486
252,2762809.525995,603910
253,2762809.525995,606341
254,2762809.525995,608749
255,2762809.525995,611171
256,2762809.525995,613599
257,2762809.525995,615996
258,2762809.525995,618419
259,2762809.525995,620820
260,2762809.525995,623224
261,2762809.525995,625614
262,2762809.525995,628006
263,2762809.525995,630400
264,2762809.525995,632798
265,2762809.525995,635204
266,2762809.525995,637588
267,2762809.525995,639967
268,2762809.525995,642346
269,2762809.525995,644734
270,2762809.525995,647123
271,2762809.525995,649511
272,2762809.525995,651895
273,2762809.525995,654281
274,2762809.525995,656668
275,2762809.525995,659061
276,2762809.525995,661462
277,2762809.525995,663869
278,2762809.525995,666254
279,2762809.525995,668649
280,2762809.525995,671031
281,2762809.525995,673424
282,2762809.525995,675817
283,2762809.525995,678212
284,2762809.525995,680603
285,2762809.525995,683000
286,2762809.525995,685398
287,2762809.525995,687795
288,2762809.525995,690194
289,2762809.525995,692596
290,2762809.525995,694996
291,2762809.525995,697394
292,2762809.525995,699796
293,2762809.525995,702202
294,2762809.525995,704611
295,2762809.525995,707022
296,2762809.525995,709415
297,2762809.525995,711820
298,2762809.525995,714208
299,2762809.525995,716593
300,2762809.525995,718980
2762809.525995,40.065737
1,2762809.525995,2376
2,2762809.525995,5014
3,2762809.525995,7550
4,2762809.525995,10004
5,2762809.525995,12449
6,2762809.525995,14914
7,2762809.525995,17372
8,2762809.525995,19821
9,2762809.525995,22250
10,2762809.525995,24658
11,2762809.525995,27065
12,2762809.525995,29461
13,2762809.525995,31855
14,2762809.525995,34250
15,2762809.525995,36649
16,2762809.525995,39042
17,2762809.525995,41436
18,2762809.525995,43828
19,2762809.525995,46215
20,2762809.525995,48604
21,2762809.525995,50995
22,2762809.525995,53389
23,2762809.525995,55784
24,2762809.525995,58163
25,2762809.525995,60540
26,2762809.525995,62917
27,2762809.525995,65295
28,2762809.525995,67676
29,2762809.525995,70058
30,2762809.525995,72442
31,2762809.525995,74829
32,2762809.525995,77227
33,2762809.525995,79630
34,2762809.525995,82041
35,2762809.525995,84456
36,2762809.525995,86842
37,2762809.525995,89221
38,2762809.525995,91601
39,2762809.525995,93996
40,2762809.525995,96379
41,2762809.525995,98771
42,2762809.525995,101158
43,2762809.525995,103546
44,2762809.525995,105925
45,2762809.525995,108322
46,2762809.525995,110722
47,2762809.525995,113111
48,2762809.525995,115487
49,2762809.525995,117870
50,2762809.525995,120259
51,2762809.525995,122653
52,2762809.525995,125053
53,2762809.525995,127454
54,2762809.525995,129845
55,2762809.525995,132241
56,2762809.525995,134643
57,2762809.525995,137049
58,2762809.525995,139442
59,2762809.525995,141855
60,2762809.525995,144253
61,2762809.525995,146653
62,2762809.525995,149059
63,2762809.525995,151454
64,2762809.525995,153844
65,2762809.525995,156236
66,2762809.525995,158630
67,2762809.525995,161011
68,2762809.525995,163393
69,2762809.525995,165776
70,2762809.525995,168163
71,2762809.525995,170549
72,2762809.525995,172953
73,2762809.525995,175379
74,2762809.525995,177797
75,2762809.525995,180194
76,2762809.525995,182579
77,2762809.525995,184965
78,2762809.525995,187353
79,2762809.525995,189743
80,2762809.525995,192120
81,2762809.525995,194497
82,2762809.525995,196875
83,2762809.525995,199254
84,2762809.525995,201634
85,2762809.525995,204018
86,2762809.525995,206410
87,2762809.525995,208804
88,2762809.525995,211204
89,2762809.525995,213606
90,2762809.525995,216014
91,2762809.525995,218401
92,2762809.525995,220790
93,2762809.525995,223180
94,2762809.525995,225572
95,2762809.525995,227969
96,2762809.525995,230371
97,2762809.525995,232763
98,2762809.525995,235165
99,2762809.525995,237573
100,2762809.525995,239973
101,2762809.525995,242377
102,2762809.525995,244777
103,2762809.525995,247179
104,2762809.525995,249576
105,2762809.525995,251981
106,2762809.525995,254380
107,2762809.525995,256764
108,2762809.525995,259150
109,2762809.525995,261538
110,2762809.525995,263927
111,2762809.525995,266318
112,2762809.525995,268708
113,2762809.525995,271097
114,2762809.525995,273509
115,2762809.525995,275915
116,2762809.525995,278317
117,2762809.525995,280730
118,2762809.525995,283120
119,2762809.525995,285522
120,2762809.525995,287913
121,2762809.525995,290305
122,2762809.525995,292710
123,2762809.525995,295125
124,2762809.525995,297547
125,2762809.525995,299973
126,2762809.525995,302387
127,2762809.525995,304794
128,2762809.525995,307199
129,2762809.525995,309582
130,2762809.525995,311968
131,2762809.525995,314362
132,2762809.525995,316758
133,2762809.525995,319141
134,2762809.525995,321539
135,2762809.525995,323938
136,2762809.525995,326328
137,2762809.525995,328723
138,2762809.525995,331120
139,2762809.525995,333525
140,2762809.525995,335933
141,2762809.525995,338340
142,2762809.525995,340753
143,2762809.525995,343171
144,2762809.525995,345588
145,2762809.525995,347972
146,2762809.525995,350379
147,2762809.525995,352777
148,2762809.525995,355178
149,2762809.525995,357573
150,2762809.525995,359974
151,2762809.525995,362368
152,2762809.525995,364773
153,2762809.525995,367160
154,2762809.525995,369548
155,2762809.525995,371946
156,2762809.525995,374351
157,2762809.525995,376759
158,2762809.525995,379142
159,2762809.525995,381533
160,2762809.525995,383931
161,2762809.525995,386330
162,2762809.525995,388727
163,2762809.525995,391133
164,2762809.525995,393541
165,2762809.525995,395946
166,2762809.525995,398362
167,2762809.525995,400776
168,2762809.525995,403179
169,2762809.525995,405587
170,2762809.525995,408002
171,2762809.525995,410403
172,2762809.525995,412789
173,2762809.525995,415197
174,2762809.525995,417590
175,2762809.525995,419979
176,2762809.525995,422376
177,2762809.525995,424766
178,2762809.525995,427166
179,2762809.525995,429551
180,2762809.525995,431938
181,2762809.525995,434330
182,2762809.525995,436731
183,2762809.525995,439136
184,2762809.525995,441533
185,2762809.525995,443933
186,2762809.525995,446342
187,2762809.525995,448740
188,2762809.525995,451162
189,2762809.525995,453568
190,2762809.525995,455964
191,2762809.525995,458365
192,2762809.525995,460761
193,2762809.525995,463160
194,2762809.525995,465559
195,2762809.525995,467951
196,2762809.525995,470352
197,2762809.525995,472739
198,2762809.525995,475131
199,2762809.525995,477525
200,2762809.525995,479922
201,2762809.525995,482313
202,2762809.525995,484711
203,2762809.525995,487109
204,2762809.525995,489497
205,2762809.525995,491889
206,2762809.525995,494286
207,2762809.525995,496688
208,2762809.525995,499099
209,2762809.525995,501504
210,2762809.525995,503913
211,2762809.525995,506331
212,2762809.525995,508722
213,2762809.525995,511124
214,2762809.525995,513524
215,2762809.525995,515929
216,2762809.525995,518335
217,2762809.525995,520749
218,2762809.525995,523169
219,2762809.525995,525573
220,2762809.525995,527980
221,2762809.525995,530379
222,2762809.525995,532794
223,2762809.525995,535183
224,2762809.525995,537574
225,2762809.525995,539966
226,2762809.525995,542352
227,2762809.525995,544753
228,2762809.525995,547143
229,2762809.525995,549547
230,2762809.525995,551954
231,2762809.525995,554371
232,2762809.525995,556793
233,2762809.525995,559192
234,2762809.525995,561577
235,2762809.525995,563964
236,2762809.525995,566353
237,2762809.525995,568733
238,2762809.525995,571114
239,2762809.525995,573495
240,2762809.525995,575894
241,2762809.525995,578281
242,2762809.525995,580673
243,2762809.525995,583072
244,2762809.525995,585479
245,2762809.525995,587890
246,2762809.525995,590298
247,2762809.525995,592690
248,2762809.525995,595074
249,2762809.525995,597454
250,2762809.525995,599843
251,2762809.525995,602238
252,2762809.525995,604627
253,2762809.525995,607025
254,2762809.525995,609408
255,2762809.525995,611793
256,2762809.525995,614191
257,2762809.525995,616592
258,2762809.525995,618997
259,2762809.525995,621410
260,2762809.525995,623822
261,2762809.525995,626231
262,2762809.525995,628645
263,2762809.525995,631077
264,2762809.525995,633469
265,2762809.525995,635873
266,2762809.525995,638287
267,2762809.525995,640674
268,2762809.525995,643063
269,2762809.525995,645458
270,2762809.525995,647847
271,2762809.525995,650230
272,2762809.525995,652615
273,2762809.525995,655000
274,2762809.525995,657395
275,2762809.525995,659784
276,2762809.525995,662177
277,2762809.525995,664568
278,2762809.525995,666963
279,2762809.525995,669361
280,2762809.525995,671769
281,2762809.525995,674184
282,2762809.525995,676587
283,2762809.525995,678983
284,2762809.525995,681372
285,2762809.525995,683763
286,2762809.525995,686152
287,2762809.525995,688530
288,2762809.525995,690927
289,2762809.525995,693325
290,2762809.525995,695721
291,2762809.525995,698122
292,2762809.525995,700511
293,2762809.525995,702893
294,2762809.525995,705276
295,2762809.525995,707666
296,2762809.525995,710063
297,2762809.525995,712454
298,2762809.525995,714847
299,2762809.525995,717257
300,2762809.525995,719670
2762809.525995,40.535601
1,2789109.436163,2376
2,2789109.436163,4991
3,2789109.436163,7492
4,2789109.436163,9925
5,2789109.436163,12344
6,2762809.525995,14780
7,2762809.525995,17213
8,2762809.525995,19637
9,2762809.525995,22052
10,2762809.525995,24492
11,2762809.525995,26963
12,2762809.525995,29414
13,2762809.525995,31844
14,2762809.525995,34267
15,2762809.525995,36680
16,2762809.525995,39097
17,2762809.525995,41506
18,2762809.525995,43918
19,2762809.525995,46331
20,2762809.525995,48749
21,2762809.525995,51166
22,2762809.525995,53578
23,2762809.525995,55981
24,2762809.525995,58389
25,2762809.525995,60799
26,2762809.525995,63195
27,2762809.525995,65604
28,2762809.525995,68002
29,2762809.525995,70398
30,2762809.525995,72795
31,2762809.525995,75200
32,2762809.525995,77597
33,2762809.525995,79999
34,2762809.525995,82398
35,2762809.525995,84799
36,2762809.525995,87205
37,2762809.525995,89607
38,2762809.525995,92007
39,2762809.525995,94393
40,2762809.525995,96790
41,2762809.525995,99185
42,2762809.525995,101588
43,2762809.525995,103997
44,2762809.525995,106399
45,2762809.525995,108804
46,2762809.525995,111208
47,2762809.525995,113610
48,2762809.525995,116001
49,2762809.525995,118402
50,2762809.525995,120805
51,2762809.525995,123214
52,2762809.525995,125619
53,2762809.525995,128019
54,2762809.525995,130435
55,2762809.525995,132857
56,2762809.525995,135293
57,2762809.525995,137715
58,2762809.525995,140119
59,2762809.525995,142539
60,2762809.525995,144944
61,2762809.525995,147325
62,2762809.525995,149726
63,2762809.525995,152128
64,2762809.525995,154515
65,2762809.525995,156924
66,2762809.525995,159326
67,2762809.525995,161733
68,2762809.525995,164125
69,2762809.525995,166519
70,2762809.525995,168932
71,2762809.525995,171335
72,2762809.525995,173738
73,2762809.525995,176137
74,2762809.525995,178530
75,2762809.525995,180935
76,2762809.525995,183345
77,2762809.525995,185732
78,2762809.525995,188124
79,2762809.525995,190517
80,2762809.525995,192900
81,2762809.525995,195289
82,2762809.525995,197694
83,2762809.525995,200091
84,2762809.525995,202481
85,2762809.525995,204879
86,2762809.525995,207263
87,2762809.525995,209656
88,2762809.525995,212056
89,2762809.525995,214454
90,2762809.525995,216854
91,2762809.525995,219259
92,2762809.525995,221650
93,2762809.525995,224045
94,2762809.525995,226437
95,2762809.525995,228826
96,2762809.525995,231236
97,2762809.525995,233619
98,2762809.525995,235997
99,2762809.525995,238383
100,2762809.525995,240777
101,2762809.525995,243160
102,2762809.525995,245543
103,2762809.525995,247919
104,2762809.525995,250303
105,2762809.525995,252696
106,2762809.525995,255091
107,2762809.525995,257487
108,2762809.525995,259878
109,2762809.525995,262269
110,2762809.525995,264647
111,2762809.525995,267025
112,2762809.525995,269403
113,2762809.525995,271781
114,2762809.525995,274160
115,2762809.525995,276541
116,2762809.525995,278924
117,2762809.525995,281308
118,2762809.525995,283692
119,2762809.525995,286076
120,2762809.525995,288463
121,2762809.525995,290850
122,2762809.525995,293237
123,2762809.525995,295624
124,2762809.525995,298013
125,2762809.525995,300404
126,2762809.525995,302797
127,2762809.525995,305187
128,2762809.525995,307574
129,2762809.525995,309979
130,2762809.525995,312381
131,2762809.525995,314805
132,2762809.525995,317234
133,2762809.525995,319639
134,2762809.525995,322031
135,2762809.525995,324417
136,2762809.525995,326803
137,2762809.525995,329190
138,2762809.525995,331580
139,2762809.525995,333975
140,2762809.525995,336366
141,2762809.525995,338758
142,2762809.525995,341143
143,2762809.525995,343528
144,2762809.525995,345916
145,2762809.525995,348305
146,2762809.525995,350687
147,2762809.525995,353069
148,2762809.525995,355450
149,2762809.525995,357831
150,2762809.525995,360212
151,2762809.525995,362598
152,2762809.525995,364990
153,2762809.525995,367382
154,2762809.525995,369767
155,2762809.525995,372162
156,2762809.525995,374546
157,2762809.525995,376931
158,2762809.525995,379319
159,2762809.525995,381713
160,2762809.525995,384114
161,2762809.525995,386517
162,2762809.525995,388925
163,2762809.525995,391338
164,2762809.525995,393757
165,2762809.525995,396158
166,2762809.525995,398555
167,2762809.525995,400967
168,2762809.525995,403373
169,2762809.525995,405796
170,2762809.525995,408205
171,2762809.525995,410623
172,2762809.525995,413027
173,2762809.525995,415452
174,2762809.525995,417875
175,2762809.525995,420294
176,2762809.525995,422689
177,2762809.525995,425085
178,2762809.525995,427491
179,2762809.525995,429900
180,2762809.525995,432301
181,2762809.525995,434695
182,2762809.525995,437094
183,2762809.525995,439486
184,2762809.525995,441897
185,2762809.525995,444296
186,2762809.525995,446697
187,2762809.525995,449102
188,2762809.525995,451499
189,2762809.525995,453900
190,2762809.525995,456308
191,2762809.525995,458722
192,2762809.525995,461143
193,2762809.525995,463577
194,2762809.525995,466019
195,2762809.525995,468436
196,2762809.525995,470847
197,2762809.525995,473237
198,2762809.525995,475645
199,2762809.525995,478049
200,2762809.525995,480425
201,2762809.525995,482813
202,2762809.525995,485189
203,2762809.525995,487565
204,2762809.525995,489944
205,2762809.525995,492332
206,2762809.525995,494710
207,2762809.525995,497090
208,2762809.525995,499470
209,2762809.525995,501860
210,2762809.525995,504262
211,2762809.525995,506653
212,2762809.525995,509044
213,2762809.525995,511469
214,2762809.525995,513874
215,2762809.525995,516259
216,2762809.525995,518645
217,2762809.525995,521032
218,2762809.525995,523429
219,2762809.525995,525829
220,2762809.525995,528223
221,2762809.525995,530607
222,2762809.525995,533007
223,2762809.525995,535403
224,2762809.525995,537790
225,2762809.525995,540179
226,2762809.525995,542563
227,2762809.525995,544950
228,2762809.525995,547345
229,2762809.525995,549738
230,2762809.525995,552138
231,2762809.525995,554523
232,2762809.525995,556910
233,2762809.525995,559309
234,2762809.525995,561689
235,2762809.525995,564094
236,2762809.525995,566475
237,2762809.525995,568865
238,2762809.525995,571273
239,2762809.525995,573684
240,2762809.525995,576106
241,2762809.525995,578516
242,2762809.525995,580897
243,2762809.525995,583273
244,2762809.525995,585651
245,2762809.525995,588038
246,2762809.525995,590430
247,2762809.525995,592825
248,2762809.525995,595230
249,2762809.525995,597625
250,2762809.525995,600024
251,2762809.525995,602414
252,2762809.525995,604807
253,2762809.525995,607186
254,2762809.525995,609581
255,2762809.525995,611960
256,2762809.525995,614356
257,2762809.525995,616736
258,2762809.525995,619133
259,2762809.525995,621516
260,2762809.525995,623900
261,2762809.525995,626287
262,2762809.525995,628684
263,2762809.525995,631090
264,2762809.525995,633495
265,2762809.525995,635890
266,2762809.525995,638287
267,2762809.525995,640683
268,2762809.525995,643068
269,2762809.525995,645453
270,2762809.525995,647838
271,2762809.525995,650217
272,2762809.525995,652596
273,2762809.525995,654975
274,2762809.525995,657358
275,2762809.525995,659756
276,2762809.525995,662145
277,2762809.525995,664537
278,2762809.525995,666935
279,2762809.525995,669337
280,2762809.525995,671742
281,2762809.525995,674137
282,2762809.525995,676518
283,2762809.525995,678902
284,2762809.525995,681290
285,2762809.525995,683681
286,2762809.525995,686057
287,2762809.525995,688433
288,2762809.525995,690810
289,2762809.525995,693187
290,2762809.525995,695564
291,2762809.525995,697949
292,2762809.525995,700326
293,2762809.525995,702706
294,2762809.525995,705087
295,2762809.525995,707474
296,2762809.525995,709858
297,2762809.525995,712244
298,2762809.525995,714628
299,2762809.525995,717024
300,2762809.525995,719415
2762809.525995,40.063462
1,2852942.155788,2376
2,2852942.155788,5000
3,2852942.155788,7519
4,2852942.155788,9937
5,2852942.155788,12362
6,2852942.155788,14806
7,2852942.155788,17239
8,2852942.155788,19682
9,2852942.155788,22119
10,2852942.155788,24557
11,2762809.525995,26965
12,2762809.525995,29366
13,2762809.525995,31790
14,2762809.525995,34213
15,2762809.525995,36627
16,2762809.525995,39032
17,2762809.525995,41441
18,2762809.525995,43857
19,2762809.525995,46247
20,2762809.525995,48638
21,2762809.525995,51027
22,2762809.525995,53423
23,2762809.525995,55824
24,2762809.525995,58218
25,2762809.525995,60616
26,2762809.525995,63016
27,2762809.525995,65411
28,2762809.525995,67807
29,2762809.525995,70204
30,2762809.525995,72584
31,2762809.525995,74965
32,2762809.525995,77349
33,2762809.525995,79738
34,2762809.525995,82129
35,2762809.525995,84523
36,2762809.525995,86914
37,2762809.525995,89293
38,2762809.525995,91673
39,2762809.525995,94054
40,2762809.525995,96437
41,2762809.525995,98821
42,2762809.525995,101207
43,2762809.525995,103597
44,2762809.525995,105992
45,2762809.525995,108383
46,2762809.525995,110773
47,2762809.525995,113150
48,2762809.525995,115539
49,2762809.525995,117930
50,2762809.525995,120310
51,2762809.525995,122702
52,2762809.525995,125095
53,2762809.525995,127477
54,2762809.525995,129877
55,2762809.525995,132262
56,2762809.525995,134651
57,2762809.525995,137041
58,2762809.525995,139432
59,2762809.525995,141824
60,2762809.525995,144226
61,2762809.525995,146616
62,2762809.525995,149003
63,2762809.525995,151391
64,2762809.525995,153787
65,2762809.525995,156183
66,2762809.525995,158568
67,2762809.525995,160961
68,2762809.525995,163361
69,2762809.525995,165760
70,2762809.525995,168153
71,2762809.525995,170546
72,2762809.525995,172944
73,2762809.525995,175351
74,2762809.525995,177771
75,2762809.525995,180178
76,2762809.525995,182590
77,2762809.525995,184986
78,2762809.525995,187386
79,2762809.525995,189774
80,2762809.525995,192177
81,2762809.525995,194563
82,2762809.525995,196941
83,2762809.525995,199330
84,2762809.525995,201708
85,2762809.525995,204087
86,2762809.525995,206466
87,2762809.525995,208846
88,2762809.525995,211227
89,2762809.525995,213610
90,2762809.525995,215998
91,2762809.525995,218385
92,2762809.525995,220761
93,2762809.525995,223137
94,2762809.525995,225513
95,2762809.525995,227889
96,2762809.525995,230266
97,2762809.525995,232644
98,2762809.525995,235022
99,2762809.525995,237400
100,2762809.525995,239778
101,2762809.525995,242164
102,2762809.525995,244545
103,2762809.525995,246928
104,2762809.525995,249321
105,2762809.525995,251730
106,2762809.525995,254132
107,2762809.525995,256527
108,2762809.525995,258919
109,2762809.525995,261313
110,2762809.525995,263696
111,2762809.525995,266091
112,2762809.525995,268476
113,2762809.525995,270867
114,2762809.525995,273261
115,2762809.525995,275658
116,2762809.525995,278056
117,2762809.525995,280461
118,2762809.525995,282846
119,2762809.525995,285233
120,2762809.525995,287609
121,2762809.525995,289989
122,2762809.525995,292373
123,2762809.525995,294759
124,2762809.525995,297148
125,2762809.525995,299540
126,2762809.525995,301941
127,2762809.525995,304339
128,2762809.525995,306743
129,2762809.525995,309136
130,2762809.525995,311517
131,2762809.525995,313899
132,2762809.525995,316303
133,2762809.525995,318692
134,2762809.525995,321077
135,2762809.525995,323485
136,2762809.525995,325887
137,2762809.525995,328282
138,2762809.525995,330664
139,2762809.525995,333055
140,2762809.525995,335443
141,2762809.525995,337847
142,2762809.525995,340254
143,2762809.525995,342652
144,2762809.525995,345044
145,2762809.525995,347439
146,2762809.525995,349836
147,2762809.525995,352238
148,2762809.525995,354624
149,2762809.525995,357028
150,2762809.525995,359422
151,2762809.525995,361837
152,2762809.525995,364240
153,2762809.525995,366634
154,2762809.525995,369033
155,2762809.525995,371450
156,2762809.525995,373865
157,2762809.525995,376292
158,2762809.525995,378708
159,2762809.525995,381118
160,2762809.525995,383545
161,2762809.525995,385927
162,2762809.525995,388313
163,2762809.525995,390702
164,2762809.525995,393083
165,2762809.525995,395465
166,2762809.525995,397847
167,2762809.525995,400229
168,2762809.525995,402607
169,2762809.525995,404985
170,2762809.525995,407365
171,2762809.525995,409748
172,2762809.525995,412134
173,2762809.525995,414527
174,2762809.525995,416914
175,2762809.525995,419303
176,2762809.525995,421681
177,2762809.525995,424079
178,2762809.525995,426473
179,2762809.525995,428869
180,2762809.525995,431256
181,2762809.525995,433645
182,2762809.525995,436035
183,2762809.525995,438450
184,2762809.525995,440845
185,2762809.525995,443252
186,2762809.525995,445654
187,2762809.525995,448063
188,2762809.525995,450468
189,2762809.525995,452863
190,2762809.525995,455249
191,2762809.525995,457643
192,2762809.525995,460032
193,2762809.525995,462425
194,2762809.525995,464827
195,2762809.525995,467218
196,2762809.525995,469627
197,2762809.525995,472030
198,2762809.525995,474415
199,2762809.525995,476808
200,2762809.525995,479223
201,2762809.525995,481639
202,2762809.525995,484044
203,2762809.525995,486453
204,2762809.525995,488857
205,2762809.525995,491281
206,2762809.525995,493685
207,2762809.525995,496092
208,2762809.525995,498479
209,2762809.525995,500871
210,2762809.525995,503247
211,2762809.525995,505632
212,2762809.525995,508018
213,2762809.525995,510412
214,2762809.525995,512822
215,2762809.525995,515204
216,2762809.525995,517588
217,2762809.525995,519973
218,2762809.525995,522360
219,2762809.525995,524752
220,2762809.525995,527156
221,2762809.525995,529579
222,2762809.525995,531992
223,2762809.525995,534387
224,2762809.525995,536769
225,2762809.525995,539159
226,2762809.525995,541551
227,2762809.525995,543935
228,2762809.525995,546326
229,2762809.525995,548720
230,2762809.525995,551122
231,2762809.525995,553522
232,2762809.525995,555926
233,2762809.525995,558329
234,2762809.525995,560738
235,2762809.525995,563155
236,2762809.525995,565575
237,2762809.525995,567999
238,2762809.525995,570404
239,2762809.525995,572814
240,2762809.525995,575231
241,2762809.525995,577627
242,2762809.525995,580025
243,2762809.525995,582423
244,2762809.525995,584825
245,2762809.525995,587216
246,2762809.525995,589604
247,2762809.525995,591993
248,2762809.525995,594390
249,2762809.525995,596788
250,2762809.525995,599185
251,2762809.525995,601570
252,2762809.525995,603955
253,2762809.525995,606342
254,2762809.525995,608723
255,2762809.525995,611105
256,2762809.525995,613491
257,2762809.525995,615878
258,2762809.525995,618267
259,2762809.525995,620659
260,2762809.525995,623046
261,2762809.525995,625435
262,2762809.525995,627828
263,2762809.525995,630216
264,2762809.525995,632617
265,2762809.525995,635014
266,2762809.525995,637417
267,2762809.525995,639802
268,2762809.525995,642187
269,2762809.525995,644576
270,2762809.525995,646969
271,2762809.525995,649364
272,2762809.525995,651763
273,2762809.525995,654166
274,2762809.525995,656549
275,2762809.525995,658932
276,2762809.525995,661308
277,2762809.525995,663687
278,2762809.525995,666069
279,2762809.525995,668446
280,2762809.525995,670823
281,2762809.525995,673200
282,2762809.525995,675577
283,2762809.525995,677954
284,2762809.525995,680334
285,2762809.525995,682715
286,2762809.525995,685098
287,2762809.525995,687484
288,2762809.525995,689871
289,2762809.525995,692264
290,2762809.525995,694665
291,2762809.525995,697061
292,2762809.525995,699457
293,2762809.525995,701848
294,2762809.525995,704247
295,2762809.525995,706636
296,2762809.525995,709028
297,2762809.525995,711423
298,2762809.525995,713839
299,2762809.525995,716232
300,2762809.525995,718616
2762809.525995,40.258432
1,2789109.436163,2376
2,2789109.436163,5004
3,2762809.525995,7499
4,2762809.525995,9904
5,2762809.525995,12320
6,2762809.525995,14730
7,2762809.525995,17146
8,2762809.525995,19567
9,2762809.525995,21980
10,2762809.525995,24386
11,2762809.525995,26786
12,2762809.525995,29173
13,2762809.525995,31569
14,2762809.525995,33962
15,2762809.525995,36350
16,2762809.525995,38741
17,2762809.525995,41132
18,2762809.525995,43511
19,2762809.525995,45891
20,2762809.525995,48270
21,2762809.525995,50650
22,2762809.525995,53030
23,2762809.525995,55413
24,2762809.525995,57796
25,2762809.525995,60179
26,2762809.525995,62563
27,2762809.525995,64949
28,2762809.525995,67328
29,2762809.525995,69713
30,2762809.525995,72098
31,2762809.525995,74483
32,2762809.525995,76869
33,2762809.525995,79248
34,2762809.525995,81632
35,2762809.525995,84013
36,2762809.525995,86394
37,2762809.525995,88775
38,2762809.525995,91157
39,2762809.525995,93539
40,2762809.525995,95933
41,2762809.525995,98319
42,2762809.525995,100701
43,2762809.525995,103086
44,2762809.525995,105476
45,2762809.525995,107875
46,2762809.525995,110277
47,2762809.525995,112662
48,2762809.525995,115048
49,2762809.525995,117436
50,2762809.525995,119814
51,2762809.525995,122192
52,2762809.525995,124576
53,2762809.525995,126955
54,2762809.525995,129335
55,2762809.525995,131719
56,2762809.525995,134107
57,2762809.525995,136499
58,2762809.525995,138891
59,2762809.525995,141285
60,2762809.525995,143685
61,2762809.525995,146085
62,2762809.525995,148488
63,2762809.525995,150882
64,2762809.525995,153282
65,2762809.525995,155675
66,2762809.525995,158065
67,2762809.525995,160452
68,2762809.525995,162840
69,2762809.525995,165233
70,2762809.525995,167618
71,2762809.525995,170008
72,2762809.525995,172400
73,2762809.525995,174787
74,2762809.525995,177180
75,2762809.525995,179578
76,2762809.525995,181980
77,2762809.525995,184378
78,2762809.525995,186773
79,2762809.525995,189176
80,2762809.525995,191573
81,2762809.525995,193964
82,2762809.525995,196346
83,2762809.525995,198740
84,2762809.525995,201116
85,2762809.525995,203494
86,2762809.525995,205880
87,2762809.525995,208267
88,2762809.525995,210644
89,2762809.525995,213021
90,2762809.525995,215398
91,2762809.525995,217775
92,2762809.525995,220152
93,2762809.525995,222529
94,2762809.525995,224909
95,2762809.525995,227297
96,2762809.525995,229678
97,2762809.525995,232060
98,2762809.525995,234444
99,2762809.525995,236829
100,2762809.525995,239217
101,2762809.525995,241609
102,2762809.525995,243989
103,2762809.525995,246373
104,2762809.525995,248758
105,2762809.525995,251145
106,2762809.525995,253533
107,2762809.525995,255922
108,2762809.525995,258305
109,2762809.525995,260683
110,2762809.525995,263063
111,2762809.525995,265443
112,2762809.525995,267830
113,2762809.525995,270219
114,2762809.525995,272612
115,2762809.525995,275006
116,2762809.525995,277415
117,2762809.525995,279817
118,2762809.525995,282207
119,2762809.525995,284593
120,2762809.525995,286982
121,2762809.525995,289371
122,2762809.525995,291764
123,2762809.525995,294156
124,2762809.525995,296554
125,2762809.525995,298967
126,2762809.525995,301395
127,2762809.525995,303811
128,2762809.525995,306224
129,2762809.525995,308626
130,2762809.525995,311037
131,2762809.525995,313438
132,2762809.525995,315860
133,2762809.525995,318277
134,2762809.525995,320684
135,2762809.525995,323096
136,2762809.525995,325518
137,2762809.525995,327931
138,2762809.525995,330333
139,2762809.525995,332773
140,2762809.525995,335201
141,2762809.525995,337599
142,2762809.525995,340001
143,2762809.525995,342400
144,2762809.525995,344806
145,2762809.525995,347205
146,2762809.525995,349627
147,2762809.525995,352039
148,2762809.525995,354429
149,2762809.525995,356837
150,2762809.525995,359237
151,2762809.525995,361632
152,2762809.525995,364029
153,2762809.525995,366432
154,2762809.525995,368847
155,2762809.525995,371284
156,2762809.525995,373699
157,2762809.525995,376094
158,2762809.525995,378491
159,2762809.525995,380888
160,2762809.525995,383274
161,2762809.525995,385662
162,2762809.525995,388050
163,2762809.525995,390426
164,2762809.525995,392802
165,2762809.525995,395178
166,2762809.525995,397559
167,2762809.525995,399935
168,2762809.525995,402320
169,2762809.525995,404705
170,2762809.525995,407082
171,2762809.525995,409459
172,2762809.525995,411839
173,2762809.525995,414220
174,2762809.525995,416603
175,2762809.525995,418988
176,2762809.525995,421375
177,2762809.525995,423770
178,2762809.525995,426166
179,2762809.525995,428559
180,2762809.525995,430956
181,2762809.525995,433347
182,2762809.525995,435746
183,2762809.525995,438148
184,2762809.525995,440550
185,2762809.525995,442960
186,2762809.525995,445373
187,2762809.525995,447777
188,2762809.525995,450183
189,2762809.525995,452567
190,2762809.525995,454968
191,2762809.525995,457364
192,2762809.525995,459754
193,2762809.525995,462146
194,2762809.525995,464543
195,2762809.525995,466946
196,2762809.525995,469350
197,2762809.525995,471759
198,2762809.525995,474167
199,2762809.525995,476562
200,2762809.525995,478940
201,2762809.525995,481320
202,2762809.525995,483712
203,2762809.525995,486105
204,2762809.525995,488488
205,2762809.525995,490876
206,2762809.525995,493262
207,2762809.525995,495654
208,2762809.525995,498049
209,2762809.525995,500430
210,2762809.525995,502815
211,2762809.525995,505202
212,2762809.525995,507600
213,2762809.525995,509993
214,2762809.525995,512389
215,2762809.525995,514773
216,2762809.525995,517159
217,2762809.525995,519546
218,2762809.525995,521933
219,2762809.525995,524323
220,2762809.525995,526706
221,2762809.525995,529098
222,2762809.525995,531492
223,2762809.525995,533876
224,2762809.525995,536261
225,2762809.525995,538646
226,2762809.525995,541037
227,2762809.525995,543437
228,2762809.525995,545842
229,2762809.525995,548245
230,2762809.525995,550669
231,2762809.525995,553080
232,2762809.525995,555480
233,2762809.525995,557876
234,2762809.525995,560275
235,2762809.525995,562661
236,2762809.525995,565054
237,2762809.525995,567449
238,2762809.525995,569847
239,2762809.525995,572249
240,2762809.525995,574655
241,2762809.525995,577058
242,2762809.525995,579464
243,2762809.525995,581857
244,2762809.525995,584253
245,2762809.525995,586644
246,2762809.525995,589037
247,2762809.525995,591419
248,2762809.525995,593801
249,2762809.525995,596184
250,2762809.525995,598566
251,2762809.525995,600944
252,2762809.525995,603325
253,2762809.525995,605705
254,2762809.525995,608088
255,2762809.525995,610472
256,2762809.525995,612864
257,2762809.525995,615255
258,2762809.525995,617652
259,2762809.525995,620061
260,2762809.525995,622468
261,2762809.525995,624867
262,2762809.525995,627261
263,2762809.525995,629652
264,2762809.525995,632045
265,2762809.525995,634442
266,2762809.525995,636843
267,2762809.525995,639235
268,2762809.525995,641615
269,2762809.525995,643995
270,2762809.525995,646377
271,2762809.525995,648762
272,2762809.525995,651151
273,2762809.525995,653545
274,2762809.525995,655942
275,2762809.525995,658343
276,2762809.525995,660747
277,2762809.525995,663160
278,2762809.525995,665556
279,2762809.525995,667955
280,2762809.525995,670358
281,2762809.525995,672751
282,2762809.525995,675144
283,2762809.525995,677544
284,2762809.525995,679951
285,2762809.525995,682344
286,2762809.525995,684748
287,2762809.525995,687149
288,2762809.525995,689550
289,2762809.525995,691960
290,2762809.525995,694347
291,2762809.525995,696747
292,2762809.525995,699152
293,2762809.525995,701574
294,2762809.525995,703974
295,2762809.525995,706372
296,2762809.525995,708770
297,2762809.525995,711188
298,2762809.525995,713580
299,2762809.525995,715971
300,2762809.525995,718364
301,2762809.525995,720759
2762809.525995,40.316937
1,2762809.525995,2376
2,2762809.525995,5022
3,2762809.525995,7570
4,2762809.525995,10017
5,2762809.525995,12452
6,2762809.525995,14903
7,2762809.525995,17338
8,2762809.525995,19796
9,2762809.525995,22256
10,2762809.525995,24719
11,2762809.525995,27127
12,2762809.525995,29539
13,2762809.525995,31929
14,2762809.525995,34326
15,2762809.525995,36725
16,2762809.525995,39120
17,2762809.525995,41518
18,2762809.525995,43917
19,2762809.525995,46303
20,2762809.525995,48700
21,2762809.525995,51094
22,2762809.525995,53500
23,2762809.525995,55897
24,2762809.525995,58287
25,2762809.525995,60679
26,2762809.525995,63062
27,2762809.525995,65445
28,2762809.525995,67829
29,2762809.525995,70217
30,2762809.525995,72613
31,2762809.525995,74991
32,2762809.525995,77385
33,2762809.525995,79766
34,2762809.525995,82161
35,2762809.525995,84559
36,2762809.525995,86956
37,2762809.525995,89358
38,2762809.525995,91766
39,2762809.525995,94146
40,2762809.525995,96539
41,2762809.525995,98926
42,2762809.525995,101321
43,2762809.525995,103726
44,2762809.525995,106138
45,2762809.525995,108554
46,2762809.525995,110960
47,2762809.525995,113359
48,2762809.525995,115754
49,2762809.525995,118161
50,2762809.525995,120571
51,2762809.525995,122969
52,2762809.525995,125358
53,2762809.525995,127734
54,2762809.525995,130117
55,2762809.525995,132498
56,2762809.525995,134883
57,2762809.525995,137278
58,2762809.525995,139688
59,2762809.525995,142088
60,2762809.525995,144504
61,2762809.525995,146904
62,2762809.525995,149311
63,2762809.525995,151725
64,2762809.525995,154132
65,2762809.525995,156534
66,2762809.525995,158924
67,2762809.525995,161318
68,2762809.525995,163715
69,2762809.525995,166107
70,2762809.525995,168512
71,2762809.525995,170910
72,2762809.525995,173305
73,2762809.525995,175694
74,2762809.525995,178080
75,2762809.525995,180467
76,2762809.525995,182855
77,2762809.525995,185243
78,2762809.525995,187625
79,2762809.525995,190014
80,2762809.525995,192396
81,2762809.525995,194785
82,2762809.525995,197170
83,2762809.525995,199560
84,2762809.525995,201953
85,2762809.525995,204340
86,2762809.525995,206733
87,2762809.525995,209140
88,2762809.525995,211566
89,2762809.525995,213959
90,2762809.525995,216353
91,2762809.525995,218749
92,2762809.525995,221140
93,2762809.525995,223528
94,2762809.525995,225923
95,2762809.525995,228314
96,2762809.525995,230708
97,2762809.525995,233105
98,2762809.525995,235499
99,2762809.525995,237900
100,2762809.525995,240278
101,2762809.525995,242656
102,2762809.525995,245039
103,2762809.525995,247438
104,2762809.525995,249853
105,2762809.525995,252259
106,2762809.525995,254672
107,2762809.525995,257063
108,2762809.525995,259447
109,2762809.525995,261834
110,2762809.525995,264237
111,2762809.525995,266628
112,2762809.525995,269043
113,2762809.525995,271436
114,2762809.525995,273851
115,2762809.525995,276234
116,2762809.525995,278636
117,2762809.525995,281021
118,2762809.525995,283406
119,2762809.525995,285808
120,2762809.525995,288196
121,2762809.525995,290586
122,2762809.525995,292976
123,2762809.525995,295356
124,2762809.525995,297746
125,2762809.525995,300126
126,2762809.525995,302506
127,2762809.525995,304892
128,2762809.525995,307277
129,2762809.525995,309664
130,2762809.525995,312072
131,2762809.525995,314474
132,2762809.525995,316888
133,2762809.525995,319296
134,2762809.525995,321710
135,2762809.525995,324102
136,2762809.525995,326515
137,2762809.525995,328941
138,2762809.525995,331357
139,2762809.525995,333776
140,2762809.525995,336183
141,2762809.525995,338587
142,2762809.525995,340986
143,2762809.525995,343385
144,2762809.525995,345794
145,2762809.525995,348185
146,2762809.525995,350580
147,2762809.525995,352983
148,2762809.525995,355382
149,2762809.525995,357772
150,2762809.525995,360164
151,2762809.525995,362557
152,2762809.525995,364952
153,2762809.525995,367350
154,2762809.525995,369758
155,2762809.525995,372151
156,2762809.525995,374537
157,2762809.525995,376931
158,2762809.525995,379326
159,2762809.525995,381722
160,2762809.525995,384101
161,2762809.525995,386480
162,2762809.525995,388866
163,2762809.525995,391257
164,2762809.525995,393654
165,2762809.525995,396061
166,2762809.525995,398468
167,2762809.525995,400888
168,2762809.525995,403292
169,2762809.525995,405697
170,2762809.525995,408095
171,2762809.525995,410481
172,2762809.525995,412870
173,2762809.525995,415246
174,2762809.525995,417622
175,2762809.525995,420001
176,2762809.525995,422390
177,2762809.525995,424779
178,2762809.525995,427157
179,2762809.525995,429536
180,2762809.525995,431916
181,2762809.525995,434298
182,2762809.525995,436685
183,2762809.525995,439075
184,2762809.525995,441467
185,2762809.525995,443867
186,2762809.525995,446272
187,2762809.525995,448651
188,2762809.525995,451040
189,2762809.525995,453426
190,2762809.525995,455810
191,2762809.525995,458208
192,2762809.525995,460597
193,2762809.525995,462983
194,2762809.525995,465369
195,2762809.525995,467760
196,2762809.525995,470165
197,2762809.525995,472565
198,2762809.525995,474956
199,2762809.525995,477356
200,2762809.525995,479778
201,2762809.525995,482178
202,2762809.525995,484567
203,2762809.525995,486946
204,2762809.525995,489324
205,2762809.525995,491702
206,2762809.525995,494083
207,2762809.525995,496466
208,2762809.525995,498854
209,2762809.525995,501243
210,2762809.525995,503633
211,2762809.525995,506027
212,2762809.525995,508423
213,2762809.525995,510823
214,2762809.525995,513213
215,2762809.525995,515607
216,2762809.525995,518011
217,2762809.525995,520398
218,2762809.525995,522811
219,2762809.525995,525230
220,2762809.525995,527626
221,2762809.525995,530032
222,2762809.525995,532459
223,2762809.525995,534892
224,2762809.525995,537307
225,2762809.525995,539728
226,2762809.525995,542155
227,2762809.525995,544598
228,2762809.525995,547006
229,2762809.525995,549403
230,2762809.525995,551831
231,2762809.525995,554233
232,2762809.525995,556637
233,2762809.525995,559066
234,2762809.525995,561445
235,2762809.525995,563827
236,2762809.525995,566212
237,2762809.525995,568600
238,2762809.525995,570996
239,2762809.525995,573381
240,2762809.525995,575773
241,2762809.525995,578174
242,2762809.525995,580578
243,2762809.525995,582982
244,2762809.525995,585372
245,2762809.525995,587769
246,2762809.525995,590153
247,2762809.525995,592542
248,2762809.525995,594947
249,2762809.525995,597358
250,2762809.525995,599761
251,2762809.525995,602175
252,2762809.525995,604597
253,2762809.525995,607022
254,2762809.525995,609417
255,2762809.525995,611818
256,2762809.525995,614207
257,2762809.525995,616619
258,2762809.525995,619037
259,2762809.525995,621458
260,2762809.525995,623878
261,2762809.525995,626292
262,2762809.525995,628692
263,2762809.525995,631090
264,2762809.525995,633496
265,2762809.525995,635893
266,2762809.525995,638294
267,2762809.525995,640691
268,2762809.525995,643088
269,2762809.525995,645486
270,2762809.525995,647880
271,2762809.525995,650280
272,2762809.525995,652683
273,2762809.525995,655077
274,2762809.525995,657472
275,2762809.525995,659874
276,2762809.525995,662265
277,2762809.525995,664658
278,2762809.525995,667049
279,2762809.525995,669438
280,2762809.525995,671830
281,2762809.525995,674227
282,2762809.525995,676633
283,2762809.525995,679032
284,2762809.525995,681414
285,2762809.525995,683797
286,2762809.525995,686184
287,2762809.525995,688573
288,2762809.525995,690974
289,2762809.525995,693382
290,2762809.525995,695764
291,2762809.525995,698146
292,2762809.525995,700530
293,2762809.525995,702917
294,2762809.525995,705297
295,2762809.525995,707677
296,2762809.525995,710058
297,2762809.525995,712439
298,2762809.525995,714820
299,2762809.525995,717201
300,2762809.525995,719584
2762809.525995,40.379249
