1,5625.393727,2376
2,5625.393727,5041
3,5625.393727,7706
4,5542.445574,10371
5,5542.445574,13036
6,5542.182136,15701
7,5542.182136,18366
8,5542.178395,21031
9,5542.069285,23696
10,5542.069285,26358
11,5542.017875,29022
12,5542.017875,31685
13,5542.017875,34349
14,5542.017875,37014
15,5542.017875,39676
16,5542.017875,42341
17,5542.017875,45005
18,5542.017875,47669
19,5542.017875,50334
20,5542.017875,52998
21,5542.006459,55663
22,5542.006459,58324
23,5542.006459,60987
24,5542.006459,63652
25,5542.006459,66315
26,5542.006459,68977
27,5542.006459,71641
28,5542.006459,74305
29,5542.006459,76966
30,5542.006459,79631
31,5542.006459,82295
32,5541.886071,84957
33,5541.886071,87621
34,5541.886071,90286
35,5541.886071,92948
36,5541.886071,95611
37,5541.886071,98275
38,5541.830576,100935
39,5541.830576,103600
40,5541.830576,106263
41,5541.830576,108925
42,5541.830576,111589
43,5541.830576,114248
44,5541.830576,116905
45,5541.830576,119567
46,5541.830576,122229
47,5541.830576,124890
48,5541.830576,127553
49,5541.830576,130216
50,5541.830576,132881
51,5541.830576,135546
52,5541.830576,138210
53,5541.830576,140873
54,5541.830576,143527
55,5541.830576,146187
56,5541.830576,148834
57,5541.830576,151488
58,5541.830576,154134
59,5541.830576,156791
60,5541.830576,159439
61,5541.830576,162093
62,5541.830576,164749
63,5541.830576,167413
64,5541.830576,170073
65,5541.830576,172736
66,5541.830576,175395
67,5541.830576,178059
68,5541.830576,180721
69,5541.830576,183382
70,5541.830576,186041
71,5541.830576,188697
72,5541.700558,191360
73,5541.700558,194010
74,5541.700558,196656
75,5541.700558,199305
76,5541.700558,201957
77,5541.700558,204607
78,5541.700558,207258
79,5541.700558,209922
80,5541.700558,212586
81,5541.700558,215240
82,5541.700558,217894
83,5541.700558,220544
84,5541.700558,223190
85,5541.700558,225840
86,5541.700558,228490
87,5541.700558,231139
88,5541.700558,233783
89,5541.700558,236430
90,5541.700558,239078
91,5541.700558,241723
92,5541.700558,244386
93,5541.700558,247047
94,5541.700558,249708
95,5541.700558,252367
96,5541.700558,255029
97,5541.700558,257686
98,5541.700558,260348
99,5541.700558,263011
100,5541.700558,265663
101,5541.700558,268322
102,5541.700558,270979
103,5541.700558,273630
104,5541.700558,276285
105,5541.647565,278946
106,5541.647565,281605
107,5541.647565,284261
108,5541.647565,286920
109,5541.647565,289584
110,5541.647565,292246
111,5541.647565,294908
112,5541.647565,297566
113,5541.647565,300225
114,5541.647565,302882
115,5541.647565,305540
116,5541.647565,308196
117,5541.647565,310856
118,5541.647565,313517
119,5541.647565,316181
120,5541.647565,318838
121,5541.647565,321495
122,5541.647565,324152
123,5541.647565,326809
124,5541.647565,329466
125,5541.647565,332121
126,5541.647565,334777
127,5541.647565,337430
128,5541.647565,340083
129,5541.647565,342725
130,5541.647565,345374
131,5541.647565,348018
132,5541.647565,350666
133,5541.647565,353308
134,5541.647565,355953
135,5541.647565,358604
136,5541.647565,361251
137,5541.647565,363897
138,5541.647565,366538
139,5541.647565,369177
140,5541.647565,371816
141,5541.647565,374460
142,5541.647565,377103
143,5541.647565,379752
144,5541.647565,382402
145,5541.647565,385050
146,5541.647565,387704
147,5541.647565,390359
148,5541.647565,393012
149,5541.647565,395660
150,5541.647565,398309
151,5541.647565,400960
152,5541.647565,403613
153,5541.647565,406264
154,5541.647565,408911
155,5541.647565,411552
156,5541.647565,414187
157,5541.647565,416825
158,5541.647565,419465
159,5541.647565,422104
160,5541.647565,424743
161,5541.647565,427374
162,5541.647565,430005
163,5541.647565,432635
164,5541.647565,435271
165,5541.647565,437908
166,5541.647565,440544
167,5541.647565,443180
168,5541.647565,445821
169,5541.647565,448465
170,5541.647565,451099
171,5541.647565,453736
172,5541.647565,456368
173,5541.647565,459000
174,5541.647565,461629
175,5541.647565,464261
176,5541.647565,466889
177,5541.647565,469517
178,5541.647565,472146
179,5541.647565,474780
180,5541.647565,477409
181,5541.647565,480036
182,5541.647565,482655
183,5541.647565,485280
184,5541.647565,487910
185,5541.647565,490534
186,5541.647565,493168
187,5541.647565,495795
188,5541.647565,498426
189,5541.647565,501053
190,5541.647565,503681
191,5541.647565,506321
192,5541.647565,508958
193,5541.647565,511587
194,5541.647565,514228
195,5541.647565,516863
196,5541.647565,519498
197,5541.647565,522144
198,5541.647565,524789
199,5541.647565,527426
200,5541.647565,530058
201,5541.647565,532694
202,5541.647565,535324
203,5541.647565,537963
204,5541.647565,540595
205,5541.647565,543221
206,5541.647565,545853
207,5541.647565,548481
208,5541.647565,551114
209,5541.647565,553743
210,5541.647565,556360
211,5541.647565,558974
212,5541.647565,561607
213,5541.647565,564232
214,5541.647565,566842
215,5541.647565,569455
216,5541.647565,572081
217,5541.647565,574696
218,5541.647565,577312
219,5541.647565,579920
220,5541.647565,582520
221,5541.647565,585118
222,5541.647565,587726
223,5541.647565,590333
224,5541.647565,592957
225,5541.647565,595576
226,5541.647565,598205
227,5541.647565,600832
228,5541.647565,603453
229,5541.647565,606082
230,5541.647565,608702
231,5541.647565,611319
232,5541.647565,613946
233,5541.647565,616567
234,5541.647565,619184
235,5541.647565,621815
236,5541.647565,624429
237,5541.647565,627048
238,5541.647565,629661
239,5541.647565,632269
240,5541.647565,634888
241,5541.647565,637496
242,5541.647565,640101
243,5541.647565,642704
244,5541.647565,645312
245,5541.647565,647913
246,5541.647565,650525
247,5541.647565,653141
248,5541.647565,655752
249,5541.647565,658363
250,5541.647565,660969
251,5541.647565,663577
252,5541.647565,666183
253,5541.647565,668788
254,5541.647565,671394
255,5541.647565,673990
256,5541.647565,676600
257,5541.647565,679204
258,5541.647565,681814
259,5541.647565,684433
260,5541.647565,687046
261,5541.647565,689667
262,5541.647565,692280
263,5541.647565,694889
264,5541.647565,697496
265,5541.647565,700107
266,5541.647565,702722
267,5541.647565,705338
268,5541.647565,707941
269,5541.647565,710562
270,5541.647565,713170
271,5541.647565,715789
272,5541.647565,718424
273,5541.647565,721053
274,5541.647565,723679
275,5541.647565,726296
276,5541.647565,728913
277,5541.647565,731526
278,5541.647565,734139
279,5541.647565,736747
280,5541.647565,739361
281,5541.647565,741975
282,5541.647565,744583
5541.647565,3.787043
1,5634.512608,2376
2,5581.129483,5016
3,5544.129703,7656
4,5542.445574,10296
5,5542.395358,12936
6,5542.135561,15576
7,5542.132942,18215
8,5542.132942,20855
9,5542.132942,23495
10,5542.132942,26135
11,5542.132942,28774
12,5542.132942,31414
13,5542.132942,34054
14,5542.126196,36693
15,5542.126196,39333
16,5542.126196,41973
17,5542.014733,44612
18,5542.014733,47249
19,5542.014733,49886
20,5542.014733,52523
21,5542.014733,55162
22,5542.014733,57798
23,5542.014733,60437
24,5542.014733,63074
25,5542.014733,65714
26,5542.014733,68353
27,5542.014733,70991
28,5542.014733,73629
29,5542.014733,76265
30,5542.014733,78901
31,5541.907934,81538
32,5541.907934,84176
33,5541.907934,86814
34,5541.907934,89447
35,5541.907934,92085
36,5541.907934,94721
37,5541.907934,97358
38,5541.907934,99994
39,5541.907934,102629
40,5541.907934,105266
41,5541.907934,107901
42,5541.907934,110534
43,5541.907934,113169
44,5541.907934,115798
45,5541.907934,118429
46,5541.907934,121065
47,5541.907934,123701
48,5541.907934,126339
49,5541.907934,128977
50,5541.907934,131613
51,5541.907934,134248
52,5541.796107,136886
53,5541.796107,139522
54,5541.796107,142159
55,5541.796107,144796
56,5541.796107,147435
57,5541.796107,150073
58,5541.796107,152711
59,5541.796107,155346
60,5541.796107,157984
61,5541.700558,160622
62,5541.700558,163255
63,5541.700558,165882
64,5541.700558,168506
65,5541.700558,171145
66,5541.700558,173783
67,5541.700558,176421
68,5541.700558,179057
69,5541.700558,181693
70,5541.647565,184326
71,5541.647565,186965
72,5541.647565,189601
73,5541.647565,192236
74,5541.647565,194871
75,5541.647565,197506
76,5541.647565,200141
77,5541.647565,202775
78,5541.647565,205410
79,5541.647565,208046
80,5541.647565,210686
81,5541.647565,213325
82,5541.647565,215964
83,5541.647565,218600
84,5541.647565,221237
85,5541.647565,223873
86,5541.647565,226508
87,5541.647565,229142
88,5541.647565,231780
89,5541.647565,234414
90,5541.647565,237049
91,5541.647565,239686
92,5541.647565,242321
93,5541.647565,244956
94,5541.647565,247592
95,5541.647565,250231
96,5541.647565,252867
97,5541.647565,255505
98,5541.647565,258141
99,5541.647565,260778
100,5541.647565,263415
101,5541.647565,266052
102,5541.647565,268687
103,5541.647565,271319
104,5541.647565,273951
105,5541.647565,276589
106,5541.647565,279227
107,5541.647565,281861
108,5541.647565,284498
109,5541.647565,287135
110,5541.647565,289772
111,5541.647565,292408
112,5541.647565,295038
113,5541.647565,297672
114,5541.647565,300307
115,5541.647565,302942
116,5541.647565,305574
117,5541.647565,308207
118,5541.647565,310844
119,5541.647565,313479
120,5541.647565,316117
121,5541.647565,318747
122,5541.647565,321385
123,5541.647565,324019
124,5541.647565,326656
125,5541.647565,329290
126,5541.647565,331927
127,5541.647565,334561
128,5541.647565,337195
129,5541.647565,339831
130,5541.647565,342470
131,5541.647565,345108
132,5541.647565,347743
133,5541.647565,350382
134,5541.647565,353014
135,5541.643141,355649
136,5541.643141,358286
137,5541.643141,360914
138,5541.643141,363551
139,5541.643141,366185
140,5541.643141,368818
141,5541.643141,371451
142,5541.643141,374082
143,5541.643141,376718
144,5541.643141,379349
145,5541.643141,381983
146,5541.643141,384617
147,5541.643141,387252
148,5541.643141,389889
149,5541.643141,392521
150,5541.643141,395151
151,5541.643141,397783
152,5541.643141,400414
153,5541.643141,403047
154,5541.643141,405676
155,5541.643141,408302
156,5541.643141,410929
157,5541.643141,413558
158,5541.643141,416182
159,5541.643141,418807
160,5541.643141,421432
161,5541.643141,424056
162,5541.643141,426680
163,5541.643141,429294
164,5541.643141,431914
165,5541.643141,434532
166,5541.643141,437137
167,5541.643141,439753
168,5541.643141,442371
169,5541.643141,444982
170,5541.643141,447598
171,5541.643141,450208
172,5541.643141,452828
173,5541.643141,455433
174,5541.643141,458047
175,5541.643141,460660
176,5541.643141,463274
177,5541.643141,465888
178,5541.643141,468507
179,5541.643141,471128
180,5541.643141,473747
181,5541.643141,476358
182,5541.643141,478973
183,5541.643141,481580
184,5541.643141,484185
185,5541.643141,486781
186,5541.643141,489382
187,5541.643141,491989
188,5541.643141,494604
189,5541.643141,497221
190,5541.643141,499835
191,5541.643141,502450
192,5541.643141,505063
193,5541.643141,507668
194,5541.643141,510278
195,5541.643141,512888
196,5541.643141,515497
197,5541.643141,518114
198,5541.643141,520733
199,5541.643141,523350
200,5541.643141,525970
201,5541.643141,528585
202,5541.643141,531197
203,5541.643141,533800
204,5541.643141,536398
205,5541.643141,538995
206,5541.643141,541611
207,5541.643141,544225
208,5541.643141,546850
209,5541.643141,549475
210,5541.643141,552094
211,5541.643141,554712
212,5541.643141,557323
213,5541.643141,559921
214,5541.643141,562516
215,5541.643141,565123
216,5541.643141,567717
217,5541.643141,570311
218,5541.643141,572910
219,5541.643141,575509
220,5541.643141,578106
221,5541.643141,580701
222,5541.643141,583293
223,5541.643141,585871
224,5541.643141,588444
225,5541.643141,591024
226,5541.643141,593615
227,5541.643141,596197
228,5541.643141,598789
229,5541.643141,601387
230,5541.643141,603992
231,5541.643141,606606
232,5541.643141,609210
233,5541.643141,611810
234,5541.643141,614416
235,5541.643141,617026
236,5541.643141,619618
237,5541.643141,622208
238,5541.643141,624791
239,5541.643141,627394
240,5541.643141,629987
241,5541.643141,632587
242,5541.643141,635183
243,5541.643141,637782
244,5541.643141,640370
245,5541.643141,642973
246,5541.643141,645554
247,5541.643141,648138
248,5541.643141,650737
249,5541.643141,653324
250,5541.643141,655899
251,5541.643141,658475
252,5541.643141,661058
253,5541.643141,663647
254,5541.643141,666238
255,5541.643141,668830
256,5541.643141,671427
257,5541.643141,674023
258,5541.643141,676601
259,5541.643141,679178
260,5541.643141,681751
261,5541.643141,684324
262,5541.643141,686898
263,5541.643141,689460
264,5541.643141,692025
265,5541.643141,694582
266,5541.643141,697143
267,5541.643141,699701
268,5541.643141,702270
269,5541.643141,704834
270,5541.643141,707406
271,5541.643141,709965
272,5541.643141,712532
273,5541.643141,715086
274,5541.643141,717651
275,5541.643141,720208
276,5541.643141,722766
277,5541.643141,725325
278,5541.643141,727884
279,5541.643141,730450
280,5541.643141,733008
281,5541.643141,735561
282,5541.643141,738105
283,5541.643141,740653
284,5541.643141,743190
285,5541.643141,745731
5541.643141,3.802959
1,5620.364265,2376
2,5620.364265,5037
3,5542.625693,7698
4,5542.568720,10359
5,5542.251199,13020
6,5542.182136,15681
7,5542.182136,18340
8,5542.182136,21000
9,5542.182136,23656
10,5542.182136,26314
11,5542.178395,28974
12,5542.178395,31632
13,5542.178395,34293
14,5542.178395,36953
15,5542.140198,39614
16,5542.140198,42273
17,5542.140198,44934
18,5542.140198,47594
19,5542.006459,50254
20,5542.006459,52915
21,5542.006459,55572
22,5542.006459,58233
23,5542.006459,60891
24,5542.006459,63546
25,5542.006459,66200
26,5542.006459,68856
27,5542.006459,71506
28,5542.006459,74155
29,5542.006459,76808
30,5542.006459,79458
31,5542.006459,82108
32,5542.006459,84762
33,5542.006459,87408
34,5542.006459,90060
35,5542.006459,92714
36,5542.006459,95365
37,5542.006459,98005
38,5542.006459,100643
39,5542.006459,103283
40,5542.006459,105916
41,5542.006459,108556
42,5542.006459,111203
43,5542.006459,113862
44,5542.006459,116521
45,5542.006459,119176
46,5542.006459,121825
47,5542.006459,124466
48,5542.006459,127119
49,5542.006459,129771
50,5542.006459,132420
51,5542.006459,135077
52,5542.006459,137731
53,5542.006459,140382
54,5542.006459,143035
55,5542.006459,145692
56,5542.006459,148347
57,5542.006459,150998
58,5542.006459,153654
59,5542.006459,156305
60,5542.006459,158945
61,5542.006459,161589
62,5541.829390,164228
63,5541.829390,166853
64,5541.829390,169490
65,5541.829390,172124
66,5541.796107,174756
67,5541.796107,177399
68,5541.796107,180046
69,5541.796107,182694
70,5541.796107,185336
71,5541.796107,187979
72,5541.796107,190611
73,5541.796107,193255
74,5541.796107,195893
75,5541.796107,198532
76,5541.796107,201175
77,5541.796107,203818
78,5541.796107,206453
79,5541.796107,209094
80,5541.796107,211730
81,5541.796107,214372
82,5541.796107,217011
83,5541.796107,219656
84,5541.796107,222294
85,5541.796107,224936
86,5541.796107,227577
87,5541.796107,230218
88,5541.796107,232859
89,5541.796107,235496
90,5541.796107,238129
91,5541.796107,240747
92,5541.796107,243373
93,5541.796107,246005
94,5541.796107,248628
95,5541.796107,251253
96,5541.796107,253873
97,5541.796107,256504
98,5541.796107,259127
99,5541.796107,261758
100,5541.796107,264374
101,5541.796107,266986
102,5541.796107,269606
103,5541.796107,272229
104,5541.796107,274833
105,5541.796107,277435
106,5541.796107,280034
107,5541.796107,282633
108,5541.796107,285221
109,5541.796107,287805
110,5541.796107,290407
111,5541.796107,293004
112,5541.796107,295598
113,5541.796107,298179
114,5541.796107,300767
115,5541.796107,303360
116,5541.796107,305947
117,5541.796107,308538
118,5541.796107,311120
119,5541.796107,313715
120,5541.796107,316301
121,5541.796107,318897
122,5541.796107,321491
123,5541.796107,324071
124,5541.796107,326665
125,5541.796107,329254
126,5541.796107,331840
127,5541.796107,334430
128,5541.796107,337025
129,5541.796107,339608
130,5541.796107,342195
131,5541.796107,344764
132,5541.796107,347329
133,5541.796107,349876
134,5541.796107,352432
135,5541.796107,354987
136,5541.796107,357540
137,5541.796107,360076
138,5541.796107,362612
139,5541.796107,365144
140,5541.796107,367692
141,5541.796107,370235
142,5541.796107,372779
143,5541.796107,375324
144,5541.688575,377848
145,5541.688575,380396
146,5541.688575,382949
147,5541.688575,385504
148,5541.688575,388046
149,5541.688575,390594
150,5541.688575,393131
151,5541.688575,395668
152,5541.688575,398210
153,5541.688575,400755
154,5541.688575,403297
155,5541.688575,405846
156,5541.688575,408397
157,5541.688575,410937
158,5541.688575,413483
159,5541.688575,416021
160,5541.688575,418574
161,5541.688575,421103
162,5541.688575,423617
163,5541.688575,426162
164,5541.688575,428701
165,5541.688575,431252
166,5541.688575,433815
167,5541.688575,436363
168,5541.688575,438915
169,5541.688575,441466
170,5541.688575,444020
171,5541.688575,446557
172,5541.688575,449083
173,5541.688575,451624
174,5541.688575,454163
175,5541.688575,456700
176,5541.688575,459232
177,5541.688575,461763
178,5541.688575,464288
179,5541.688575,466795
180,5541.688575,469308
181,5541.688575,471828
182,5541.688575,474341
183,5541.688575,476854
184,5541.688575,479367
185,5541.688575,481887
186,5541.688575,484409
187,5541.688575,486924
188,5541.688575,489459
189,5541.688575,492016
190,5541.688575,494581
191,5541.688575,497121
192,5541.688575,499658
193,5541.688575,502208
194,5541.688575,504756
195,5541.688575,507305
196,5541.688575,509846
197,5541.688575,512370
198,5541.688575,514895
199,5541.688575,517410
200,5541.688575,519919
201,5541.688575,522430
202,5541.688575,524929
203,5541.688575,527425
204,5541.688575,529943
205,5541.688575,532463
206,5541.688575,534975
207,5541.688575,537482
208,5541.688575,539988
209,5541.688575,542485
210,5541.688575,544979
211,5541.688575,547476
212,5541.688575,549971
213,5541.688575,552476
214,5541.688575,554987
215,5541.688575,557494
216,5541.688575,559999
217,5541.688575,562505
218,5541.688575,565010
219,5541.688575,567523
220,5541.688575,570045
221,5541.688575,572563
222,5541.688575,575079
223,5541.688575,577601
224,5541.688575,580102
225,5541.688575,582618
226,5541.688575,585134
227,5541.688575,587667
228,5541.688575,590195
229,5541.688575,592740
230,5541.688575,595284
231,5541.688575,597823
232,5541.688575,600358
233,5541.688575,602907
234,5541.688575,605460
235,5541.688575,608014
236,5541.688575,610569
237,5541.688575,613114
238,5541.688575,615655
239,5541.688575,618187
240,5541.688575,620724
241,5541.688575,623268
242,5541.688575,625802
243,5541.688575,628319
244,5541.688575,630842
245,5541.688575,633374
246,5541.688575,635903
247,5541.688575,638414
248,5541.688575,640926
249,5541.688575,643455
250,5541.688575,645982
251,5541.688575,648489
252,5541.688575,650992
253,5541.688575,653492
254,5541.688575,655994
255,5541.647565,658508
256,5541.647565,661009
257,5541.647565,663511
258,5541.647565,666024
259,5541.647565,668546
260,5541.647565,671069
261,5541.647565,673606
262,5541.647565,676142
263,5541.647565,678680
264,5541.647565,681230
265,5541.647565,683789
266,5541.647565,686345
267,5541.647565,688900
268,5541.647565,691458
269,5541.647565,694014
270,5541.647565,696561
271,5541.647565,699115
272,5541.647565,701669
273,5541.647565,704217
274,5541.647565,706776
275,5541.647565,709317
276,5541.647565,711858
277,5541.647565,714392
278,5541.647565,716912
279,5541.647565,719438
280,5541.647565,721963
281,5541.647565,724477
282,5541.647565,727003
283,5541.647565,729526
284,5541.647565,732054
285,5541.647565,734579
286,5541.647565,737121
287,5541.647565,739644
288,5541.647565,742176
289,5541.647565,744710
5541.647565,3.870700
1,5608.916412,2376
2,5593.444036,5034
3,5544.265954,7692
4,5542.445574,10350
5,5542.325672,13008
6,5542.182136,15666
7,5542.182136,18323
8,5542.182136,20978
9,5542.182136,23636
10,5542.178395,26293
11,5542.017875,28948
12,5542.017875,31606
13,5542.017875,34263
14,5542.017875,36920
15,5542.017875,39577
16,5542.017875,42234
17,5542.017875,44890
18,5542.017875,47545
19,5542.017875,50203
20,5542.017875,52861
21,5542.017875,55518
22,5542.017875,58176
23,5542.017875,60834
24,5542.017875,63489
25,5542.017875,66145
26,5542.017875,68801
27,5542.017875,71458
28,5542.017875,74114
29,5542.017875,76770
30,5542.017875,79428
31,5542.017875,82086
32,5542.017875,84743
33,5542.006459,87400
34,5542.006459,90054
35,5542.006459,92703
36,5542.006459,95356
37,5542.006459,98009
38,5542.006459,100661
39,5542.006459,103309
40,5542.006459,105962
41,5542.006459,108618
42,5542.006459,111264
43,5542.006459,113919
44,5542.006459,116572
45,5542.006459,119224
46,5542.006459,121877
47,5542.006459,124533
48,5542.006459,127189
49,5542.006459,129841
50,5541.838515,132489
51,5541.796107,135142
52,5541.796107,137797
53,5541.796107,140450
54,5541.796107,143107
55,5541.796107,145763
56,5541.796107,148416
57,5541.796107,151065
58,5541.796107,153708
59,5541.796107,156345
60,5541.796107,158983
61,5541.796107,161624
62,5541.796107,164264
63,5541.796107,166908
64,5541.796107,169542
65,5541.796107,172173
66,5541.796107,174815
67,5541.796107,177456
68,5541.796107,180105
69,5541.796107,182748
70,5541.796107,185384
71,5541.796107,188030
72,5541.796107,190681
73,5541.796107,193323
74,5541.796107,195963
75,5541.796107,198609
76,5541.796107,201256
77,5541.796107,203903
78,5541.796107,206548
79,5541.796107,209192
80,5541.796107,211833
81,5541.796107,214476
82,5541.796107,217127
83,5541.796107,219775
84,5541.796107,222423
85,5541.796107,225071
86,5541.796107,227716
87,5541.796107,230360
88,5541.796107,233012
89,5541.796107,235660
90,5541.796107,238310
91,5541.796107,240947
92,5541.796107,243591
93,5541.796107,246236
94,5541.796107,248873
95,5541.796107,251512
96,5541.796107,254149
97,5541.796107,256790
98,5541.796107,259422
99,5541.796107,262048
100,5541.643141,264668
101,5541.643141,267306
102,5541.643141,269947
103,5541.643141,272584
104,5541.643141,275202
105,5541.643141,277832
106,5541.643141,280455
107,5541.643141,283070
108,5541.643141,285697
109,5541.643141,288326
110,5541.643141,290953
111,5541.643141,293579
112,5541.643141,296199
113,5541.643141,298815
114,5541.643141,301434
115,5541.643141,304057
116,5541.643141,306686
117,5541.643141,309310
118,5541.643141,311932
119,5541.643141,314565
120,5541.643141,317198
121,5541.643141,319835
122,5541.643141,322470
123,5541.643141,325107
124,5541.643141,327738
125,5541.643141,330373
126,5541.643141,333012
127,5541.643141,335649
128,5541.643141,338275
129,5541.643141,340895
130,5541.643141,343530
131,5541.643141,346165
132,5541.643141,348790
133,5541.643141,351421
134,5541.643141,354036
135,5541.643141,356650
136,5541.643141,359264
137,5541.643141,361875
138,5541.643141,364482
139,5541.643141,367085
140,5541.643141,369696
141,5541.643141,372305
142,5541.643141,374925
143,5541.643141,377541
144,5541.643141,380152
145,5541.643141,382767
146,5541.643141,385386
147,5541.643141,388002
148,5541.643141,390617
149,5541.643141,393229
150,5541.643141,395842
151,5541.643141,398463
152,5541.643141,401079
153,5541.643141,403679
154,5541.643141,406285
155,5541.643141,408884
156,5541.643141,411479
157,5541.643141,414058
158,5541.643141,416633
159,5541.643141,419216
160,5541.643141,421794
161,5541.643141,424368
162,5541.643141,426944
163,5541.643141,429528
164,5541.643141,432127
165,5541.643141,434713
166,5541.643141,437283
167,5541.643141,439850
168,5541.643141,442420
169,5541.643141,445008
170,5541.643141,447585
171,5541.643141,450155
172,5541.643141,452733
173,5541.643141,455320
174,5541.643141,457893
175,5541.643141,460460
176,5541.643141,463024
177,5541.643141,465586
178,5541.643141,468164
179,5541.643141,470729
180,5541.643141,473303
181,5541.643141,475880
182,5541.643141,478447
183,5541.643141,481015
184,5541.643141,483588
185,5541.643141,486164
186,5541.643141,488737
187,5541.643141,491316
188,5541.643141,493884
189,5541.643141,496449
190,5541.643141,499008
191,5541.643141,501555
192,5541.643141,504121
193,5541.643141,506698
194,5541.643141,509269
195,5541.643141,511834
196,5541.643141,514408
197,5541.643141,516986
198,5541.643141,519566
199,5541.643141,522143
200,5541.643141,524725
201,5541.643141,527316
202,5541.643141,529906
203,5541.643141,532500
204,5541.643141,535081
205,5541.643141,537658
206,5541.643141,540236
207,5541.643141,542816
208,5541.643141,545392
209,5541.643141,547990
210,5541.643141,550579
211,5541.643141,553169
212,5541.643141,555752
213,5541.643141,558337
214,5541.643141,560923
215,5541.643141,563495
216,5541.643141,566064
217,5541.643141,568625
218,5541.643141,571192
219,5541.643141,573769
220,5541.643141,576344
221,5541.643141,578913
222,5541.643141,581482
223,5541.643141,584052
224,5541.643141,586617
225,5541.643141,589205
226,5541.643141,591787
227,5541.643141,594366
228,5541.643141,596949
229,5541.643141,599520
230,5541.643141,602100
231,5541.643141,604685
232,5541.643141,607262
233,5541.643141,609845
234,5541.643141,612422
235,5541.643141,614999
236,5541.643141,617571
237,5541.643141,620158
238,5541.643141,622741
239,5541.643141,625312
240,5541.643141,627878
241,5541.643141,630445
242,5541.643141,633010
243,5541.643141,635588
244,5541.643141,638157
245,5541.643141,640722
246,5541.643141,643282
247,5541.643141,645859
248,5541.643141,648437
249,5541.643141,651018
250,5541.643141,653588
251,5541.643141,656159
252,5541.643141,658739
253,5541.643141,661309
254,5541.643141,663889
255,5541.643141,666473
256,5541.643141,669055
257,5541.643141,671651
258,5541.643141,674238
259,5541.643141,676823
260,5541.643141,679412
261,5541.643141,681998
262,5541.643141,684583
263,5541.643141,687165
264,5541.643141,689732
265,5541.643141,692300
266,5541.643141,694857
267,5541.643141,697418
268,5541.643141,700005
269,5541.643141,702595
270,5541.643141,705178
271,5541.643141,707756
272,5541.643141,710333
273,5541.643141,712920
274,5541.643141,715497
275,5541.643141,718075
276,5541.643141,720642
277,5541.643141,723209
278,5541.643141,725781
279,5541.643141,728346
280,5541.643141,730919
281,5541.643141,733488
282,5541.643141,736054
283,5541.643141,738619
284,5541.643141,741186
285,5541.643141,743736
5541.643141,3.844445
1,5604.562907,2376
2,5585.142060,5000
3,5542.741669,7624
4,5542.568720,10248
5,5542.182136,12872
6,5542.182136,15496
7,5542.182136,18118
8,5542.182136,20742
9,5542.182136,23362
10,5542.182136,25985
11,5542.182136,28608
12,5542.182136,31231
13,5542.182136,33854
14,5542.182136,36477
15,5542.178395,39101
16,5542.178395,41725
17,5542.178395,44349
18,5542.178395,46973
19,5542.178395,49595
20,5542.178395,52219
21,5542.178395,54843
22,5542.178395,57467
23,5542.099083,60090
24,5541.950868,62712
25,5541.950868,65336
26,5541.950868,67958
27,5541.950868,70576
28,5541.950868,73192
29,5541.950868,75811
30,5541.950868,78427
31,5541.950868,81041
32,5541.950868,83653
33,5541.950868,86261
34,5541.898625,88871
35,5541.898625,91484
36,5541.898625,94095
37,5541.898625,96715
38,5541.898625,99326
39,5541.898625,101950
40,5541.898625,104570
41,5541.898625,107191
42,5541.898625,109806
43,5541.898625,112424
44,5541.898625,115043
45,5541.898625,117662
46,5541.898625,120284
47,5541.898625,122903
48,5541.898625,125519
49,5541.898625,128134
50,5541.898625,130745
51,5541.898625,133355
52,5541.898625,135972
53,5541.898625,138587
54,5541.898625,141199
55,5541.898625,143814
56,5541.898625,146431
57,5541.898625,149053
58,5541.898625,151664
59,5541.898625,154279
60,5541.898625,156889
61,5541.898625,159503
62,5541.898625,162113
63,5541.898625,164720
64,5541.898625,167334
65,5541.898625,169948
66,5541.898625,172561
67,5541.898625,175171
68,5541.898625,177772
69,5541.898625,180377
70,5541.898625,182982
71,5541.898625,185587
72,5541.898625,188182
73,5541.898625,190780
74,5541.898625,193377
75,5541.898625,195974
76,5541.898625,198567
77,5541.898625,201158
78,5541.898625,203747
79,5541.898625,206339
80,5541.898625,208932
81,5541.898625,211520
82,5541.898625,214101
83,5541.898625,216692
84,5541.898625,219278
85,5541.898625,221871
86,5541.898625,224458
87,5541.898625,227050
88,5541.898625,229649
89,5541.898625,232249
90,5541.898625,234847
91,5541.898625,237445
92,5541.898625,240043
93,5541.898625,242640
94,5541.898625,245240
95,5541.898625,247833
96,5541.898625,250424
97,5541.898625,253020
98,5541.898625,255609
99,5541.898625,258199
100,5541.898625,260780
101,5541.898625,263359
102,5541.898625,265944
103,5541.898625,268533
104,5541.898625,271116
105,5541.898625,273698
106,5541.898625,276272
107,5541.898625,278853
108,5541.898625,281435
109,5541.898625,284020
110,5541.898625,286598
111,5541.898625,289168
112,5541.898625,291752
113,5541.898625,294327
114,5541.898625,296899
115,5541.898625,299480
116,5541.898625,302061
117,5541.898625,304641
118,5541.898625,307216
119,5541.898625,309803
120,5541.898625,312375
121,5541.898625,314953
122,5541.898625,317530
123,5541.898625,320108
124,5541.898625,322703
125,5541.898625,325285
126,5541.898625,327865
127,5541.898625,330452
128,5541.898625,333027
129,5541.898625,335606
130,5541.898625,338187
131,5541.898625,340763
132,5541.898625,343349
133,5541.898625,345936
134,5541.898625,348517
135,5541.898625,351110
136,5541.898625,353684
137,5541.898625,356265
138,5541.898625,358841
139,5541.898625,361433
140,5541.898625,364024
141,5541.898625,366621
142,5541.898625,369212
143,5541.898625,371804
144,5541.898625,374399
145,5541.898625,376994
146,5541.898625,379590
147,5541.898625,382184
148,5541.898625,384780
149,5541.898625,387371
150,5541.898625,389967
151,5541.898625,392561
152,5541.898625,395152
153,5541.898625,397744
154,5541.898625,400336
155,5541.898625,402921
156,5541.898625,405510
157,5541.898625,408103
158,5541.898625,410692
159,5541.898625,413290
160,5541.898625,415885
161,5541.898625,418483
162,5541.898625,421077
163,5541.898625,423685
164,5541.898625,426295
165,5541.898625,428897
166,5541.898625,431499
167,5541.898625,434114
168,5541.898625,436726
169,5541.898625,439325
170,5541.898625,441927
171,5541.898625,444529
172,5541.898625,447128
173,5541.898625,449720
174,5541.898625,452306
175,5541.898625,454893
176,5541.898625,457483
177,5541.898625,460071
178,5541.898625,462661
179,5541.898625,465251
180,5541.898625,467836
181,5541.898625,470436
182,5541.898625,473033
183,5541.898625,475628
184,5541.898625,478219
185,5541.898625,480803
186,5541.898625,483390
187,5541.898625,485976
188,5541.898625,488581
189,5541.898625,491178
190,5541.898625,493767
191,5541.898625,496355
192,5541.898625,498951
193,5541.898625,501539
194,5541.898625,504124
195,5541.898625,506709
196,5541.898625,509290
197,5541.898625,511874
198,5541.898625,514449
199,5541.898625,517029
200,5541.898625,519597
201,5541.898625,522167
202,5541.898625,524731
203,5541.898625,527297
204,5541.898625,529858
205,5541.898625,532410
206,5541.898625,534956
207,5541.898625,537511
208,5541.898625,540071
209,5541.898625,542634
210,5541.898625,545200
211,5541.898625,547770
212,5541.898625,550336
213,5541.898625,552909
214,5541.898625,555474
215,5541.898625,558045
216,5541.898625,560612
217,5541.898625,563185
218,5541.898625,565765
219,5541.898625,568346
220,5541.898625,570937
221,5541.898625,573527
222,5541.898625,576121
223,5541.898625,578714
224,5541.898625,581308
225,5541.898625,583910
226,5541.898625,586498
227,5541.898625,589088
228,5541.898625,591674
229,5541.898625,594264
230,5541.898625,596853
231,5541.898625,599442
232,5541.898625,602035
233,5541.898625,604621
234,5541.898625,607226
235,5541.898625,609821
236,5541.898625,612423
237,5541.898625,615023
238,5541.898625,617608
239,5541.898625,620185
240,5541.898625,622777
241,5541.898625,625363
242,5541.898625,627956
243,5541.898625,630560
244,5541.898625,633163
245,5541.898625,635761
246,5541.898625,638358
247,5541.898625,640942
248,5541.898625,643526
249,5541.898625,646116
250,5541.898625,648693
251,5541.898625,651262
252,5541.898625,653826
253,5541.898625,656384
254,5541.898625,658942
255,5541.898625,661496
256,5541.898625,664039
257,5541.898625,666586
258,5541.898625,669152
259,5541.898625,671714
260,5541.898625,674277
261,5541.898625,676847
262,5541.898625,679401
263,5541.898625,681951
264,5541.898625,684508
265,5541.898625,687065
266,5541.898625,689618
267,5541.898625,692176
268,5541.898625,694742
269,5541.898625,697311
270,5541.898625,699899
271,5541.898625,702482
272,5541.898625,705063
273,5541.898625,707643
274,5541.898625,710233
275,5541.898625,712817
276,5541.898625,715408
277,5541.898625,718009
278,5541.898625,720606
279,5541.898625,723197
280,5541.898625,725792
281,5541.898625,728389
282,5541.898625,730991
283,5541.898625,733587
284,5541.898625,736194
285,5541.898625,738794
286,5541.898625,741399
287,5541.898625,744007
5541.898625,3.929561
1,5605.948561,2376
2,5580.945083,5023
3,5568.842402,7670
4,5542.427922,10317
5,5542.375446,12963
6,5542.182136,15609
7,5542.182136,18254
8,5542.182136,20901
9,5542.182136,23548
10,5542.178395,26195
11,5542.178395,28842
12,5542.178395,31488
13,5542.178395,34131
14,5542.178395,36778
15,5542.178395,39424
16,5541.981627,42068
17,5541.981627,44712
18,5541.981627,47357
19,5541.981627,50003
20,5541.981627,52646
21,5541.981627,55292
22,5541.981627,57934
23,5541.981627,60579
24,5541.981627,63223
25,5541.981627,65868
26,5541.981627,68512
27,5541.981627,71158
28,5541.981627,73804
29,5541.981627,76450
30,5541.981627,79096
31,5541.981627,81741
32,5541.981627,84388
33,5541.981627,87032
34,5541.981627,89676
35,5541.981627,92319
36,5541.981627,94961
37,5541.981627,97598
38,5541.929235,100240
39,5541.929235,102878
40,5541.830576,105514
41,5541.830576,108154
42,5541.830576,110792
43,5541.830576,113428
44,5541.830576,116056
45,5541.830576,118695
46,5541.830576,121330
47,5541.830576,123969
48,5541.830576,126607
49,5541.830576,129249
50,5541.830576,131887
51,5541.830576,134530
52,5541.830576,137170
53,5541.830576,139809
54,5541.830576,142437
55,5541.830576,145072
56,5541.830576,147711
57,5541.830576,150347
58,5541.830576,152981
59,5541.830576,155613
60,5541.830576,158243
61,5541.830576,160875
62,5541.830576,163506
63,5541.830576,166141
64,5541.830576,168775
65,5541.830576,171403
66,5541.830576,174032
67,5541.830576,176656
68,5541.830576,179273
69,5541.830576,181899
70,5541.830576,184535
71,5541.830576,187169
72,5541.830576,189795
73,5541.830576,192423
74,5541.830576,195059
75,5541.830576,197690
76,5541.830576,200333
77,5541.830576,202974
78,5541.830576,205617
79,5541.830576,208255
80,5541.830576,210893
81,5541.830576,213528
82,5541.830576,216165
83,5541.830576,218791
84,5541.830576,221424
85,5541.830576,224062
86,5541.830576,226698
87,5541.830576,229339
88,5541.830576,231975
89,5541.830576,234610
90,5541.830576,237240
91,5541.830576,239869
92,5541.830576,242494
93,5541.830576,245122
94,5541.830576,247744
95,5541.830576,250375
96,5541.830576,252996
97,5541.830576,255628
98,5541.830576,258246
99,5541.830576,260869
100,5541.830576,263490
101,5541.830576,266116
102,5541.830576,268745
103,5541.830576,271371
104,5541.830576,273997
105,5541.830576,276633
106,5541.796107,279270
107,5541.796107,281912
108,5541.796107,284551
109,5541.647565,287190
110,5541.647565,289830
111,5541.647565,292472
112,5541.647565,295111
113,5541.647565,297749
114,5541.647565,300382
115,5541.647565,303018
116,5541.647565,305645
117,5541.647565,308267
118,5541.647565,310890
119,5541.647565,313511
120,5541.647565,316117
121,5541.647565,318722
122,5541.647565,321329
123,5541.647565,323932
124,5541.647565,326532
125,5541.647565,329148
126,5541.647565,331757
127,5541.647565,334379
128,5541.647565,336990
129,5541.647565,339601
130,5541.647565,342212
131,5541.647565,344822
132,5541.647565,347427
133,5541.647565,350034
134,5541.647565,352640
135,5541.647565,355239
136,5541.647565,357840
137,5541.647565,360442
138,5541.647565,363045
139,5541.647565,365636
140,5541.647565,368258
141,5541.647565,370882
142,5541.647565,373499
143,5541.647565,376120
144,5541.647565,378740
145,5541.647565,381357
146,5541.647565,383973
147,5541.647565,386591
148,5541.647565,389212
149,5541.647565,391826
150,5541.647565,394445
151,5541.647565,397062
152,5541.647565,399680
153,5541.647565,402286
154,5541.647565,404892
155,5541.647565,407496
156,5541.647565,410107
157,5541.647565,412719
158,5541.647565,415331
159,5541.647565,417932
160,5541.647565,420544
161,5541.647565,423163
162,5541.647565,425788
163,5541.647565,428415
164,5541.647565,431038
165,5541.647565,433665
166,5541.647565,436292
167,5541.647565,438917
168,5541.647565,441544
169,5541.647565,444175
170,5541.647565,446811
171,5541.647565,449448
172,5541.647565,452081
173,5541.647565,454714
174,5541.647565,457350
175,5541.647565,459980
176,5541.647565,462605
177,5541.647565,465238
178,5541.647565,467872
179,5541.647565,470500
180,5541.647565,473109
181,5541.647565,475735
182,5541.647565,478355
183,5541.647565,480989
184,5541.647565,483625
185,5541.647565,486256
186,5541.647565,488885
187,5541.647565,491521
188,5541.647565,494152
189,5541.647565,496787
190,5541.647565,499415
191,5541.647565,502038
192,5541.647565,504663
193,5541.647565,507282
194,5541.647565,509904
195,5541.647565,512525
196,5541.647565,515156
197,5541.647565,517791
198,5541.647565,520429
199,5541.647565,523062
200,5541.647565,525682
201,5541.647565,528308
202,5541.647565,530931
203,5541.647565,533549
204,5541.647565,536171
205,5541.647565,538789
206,5541.647565,541403
207,5541.647565,544022
208,5541.647565,546643
209,5541.647565,549257
210,5541.647565,551870
211,5541.647565,554494
212,5541.647565,557111
213,5541.647565,559724
214,5541.647565,562339
215,5541.647565,564968
216,5541.647565,567598
217,5541.647565,570228
218,5541.647565,572863
219,5541.647565,575494
220,5541.647565,578127
221,5541.647565,580753
222,5541.647565,583384
223,5541.647565,586019
224,5541.647565,588653
225,5541.647565,591280
226,5541.647565,593903
227,5541.647565,596530
228,5541.647565,599162
229,5541.647565,601793
230,5541.647565,604422
231,5541.647565,607047
232,5541.647565,609667
233,5541.647565,612309
234,5541.647565,614952
235,5541.647565,617590
236,5541.647565,620220
237,5541.647565,622854
238,5541.647565,625482
239,5541.647565,628110
240,5541.647565,630746
241,5541.647565,633377
242,5541.647565,635999
243,5541.647565,638622
244,5541.647565,641253
245,5541.647565,643877
246,5541.647565,646505
247,5541.647565,649121
248,5541.647565,651735
249,5541.647565,654355
250,5541.647565,656971
251,5541.647565,659588
252,5541.647565,662200
253,5541.647565,664817
254,5541.647565,667431
255,5541.647565,670054
256,5541.647565,672671
257,5541.647565,675287
258,5541.647565,677906
259,5541.647565,680523
260,5541.647565,683143
261,5541.647565,685761
262,5541.647565,688375
263,5541.647565,690999
264,5541.647565,693622
265,5541.647565,696250
266,5541.647565,698876
267,5541.647565,701498
268,5541.647565,704119
269,5541.647565,706745
270,5541.647565,709382
271,5541.647565,712013
272,5541.647565,714641
273,5541.647565,717284
274,5541.647565,719922
275,5541.647565,722558
276,5541.647565,725194
277,5541.647565,727836
278,5541.647565,730478
279,5541.647565,733117
280,5541.647565,735754
281,5541.647565,738379
282,5541.647565,741016
283,5541.647565,743656
5541.647565,3.796185
1,5606.056252,2376
2,5606.056252,5001
3,5542.874299,7626
4,5542.254025,10251
5,5542.198191,12876
6,5542.198191,15501
7,5542.178395,18126
8,5542.178395,20751
9,5542.178395,23376
10,5542.178395,26000
11,5542.178395,28624
12,5542.178395,31249
13,5542.178395,33874
14,5542.178395,36498
15,5542.178395,39121
16,5542.178395,41745
17,5542.017875,44370
18,5542.017875,46994
19,5542.017875,49617
20,5542.017875,52241
21,5542.017875,54865
22,5542.017875,57488
23,5542.017875,60113
24,5542.017875,62737
25,5542.017875,65362
26,5542.017875,67987
27,5542.017875,70612
28,5542.017875,73234
29,5542.017875,75856
30,5542.017875,78481
31,5542.017875,81103
32,5542.017875,83724
33,5542.017875,86348
34,5541.843181,88970
35,5541.843181,91594
36,5541.843181,94217
37,5541.843181,96840
38,5541.843181,99465
39,5541.843181,102090
40,5541.843181,104714
41,5541.843181,107338
42,5541.843181,109962
43,5541.843181,112586
44,5541.843181,115210
45,5541.843181,117829
46,5541.843181,120453
47,5541.843181,123078
48,5541.843181,125703
49,5541.843181,128326
50,5541.843181,130950
51,5541.843181,133572
52,5541.843181,136193
53,5541.843181,138817
54,5541.843181,141440
55,5541.843181,144062
56,5541.843181,146684
57,5541.843181,149307
58,5541.843181,151928
59,5541.843181,154550
60,5541.843181,157168
61,5541.843181,159787
62,5541.843181,162403
63,5541.843181,165022
64,5541.843181,167642
65,5541.843181,170252
66,5541.843181,172865
67,5541.843181,175479
68,5541.843181,178095
69,5541.843181,180710
70,5541.843181,183321
71,5541.843181,185937
72,5541.843181,188556
73,5541.754566,191172
74,5541.754566,193786
75,5541.754566,196403
76,5541.754566,199025
77,5541.754566,201648
78,5541.754566,204267
79,5541.754566,206884
80,5541.754566,209503
81,5541.754566,212125
82,5541.754566,214747
83,5541.754566,217368
84,5541.754566,219989
85,5541.754566,222606
86,5541.754566,225226
87,5541.754566,227830
88,5541.754566,230443
89,5541.754566,233051
90,5541.754566,235666
91,5541.754566,238286
92,5541.754566,240894
93,5541.754566,243511
94,5541.754566,246125
95,5541.754566,248743
96,5541.754566,251356
97,5541.754566,253976
98,5541.735094,256589
99,5541.735094,259205
100,5541.735094,261816
101,5541.735094,264431
102,5541.735094,267050
103,5541.735094,269669
104,5541.735094,272291
105,5541.735094,274909
106,5541.735094,277527
107,5541.735094,280145
108,5541.735094,282762
109,5541.735094,285361
110,5541.735094,287966
111,5541.735094,290566
112,5541.735094,293168
113,5541.735094,295773
114,5541.735094,298376
115,5541.735094,300990
116,5541.735094,303604
117,5541.735094,306218
118,5541.735094,308835
119,5541.735094,311441
120,5541.735094,314050
121,5541.735094,316655
122,5541.647565,319266
123,5541.647565,321876
124,5541.647565,324492
125,5541.647565,327113
126,5541.647565,329720
127,5541.647565,332330
128,5541.647565,334937
129,5541.647565,337541
130,5541.647565,340145
131,5541.647565,342748
132,5541.647565,345350
133,5541.647565,347946
134,5541.647565,350544
135,5541.647565,353145
136,5541.647565,355745
137,5541.647565,358349
138,5541.647565,360935
139,5541.647565,363531
140,5541.647565,366137
141,5541.647565,368730
142,5541.647565,371324
143,5541.647565,373922
144,5541.647565,376527
145,5541.647565,379128
146,5541.647565,381741
147,5541.647565,384339
148,5541.647565,386939
149,5541.647565,389539
150,5541.647565,392128
151,5541.647565,394730
152,5541.647565,397330
153,5541.647565,399942
154,5541.647565,402545
155,5541.647565,405147
156,5541.647565,407737
157,5541.647565,410335
158,5541.647565,412934
159,5541.647565,415531
160,5541.647565,418134
161,5541.647565,420738
162,5541.647565,423352
163,5541.647565,425963
164,5541.647565,428569
165,5541.647565,431158
166,5541.647565,433753
167,5541.647565,436352
168,5541.647565,438952
169,5541.647565,441553
170,5541.647565,444166
171,5541.647565,446782
172,5541.647565,449401
173,5541.647565,452016
174,5541.647565,454635
175,5541.647565,457250
176,5541.647565,459868
177,5541.647565,462486
178,5541.647565,465108
179,5541.647565,467726
180,5541.647565,470338
181,5541.647565,472951
182,5541.647565,475569
183,5541.647565,478190
184,5541.647565,480803
185,5541.647565,483418
186,5541.647565,486027
187,5541.647565,488641
188,5541.647565,491254
189,5541.647565,493870
190,5541.647565,496484
191,5541.647565,499093
192,5541.647565,501706
193,5541.647565,504319
194,5541.647565,506935
195,5541.647565,509551
196,5541.647565,512164
197,5541.647565,514776
198,5541.647565,517387
199,5541.647565,519992
200,5541.647565,522611
201,5541.647565,525222
202,5541.647565,527834
203,5541.647565,530441
204,5541.647565,533052
205,5541.647565,535672
206,5541.647565,538289
207,5541.647565,540907
208,5541.647565,543522
209,5541.647565,546142
210,5541.647565,548758
211,5541.647565,551372
212,5541.647565,553992
213,5541.647565,556602
214,5541.647565,559214
215,5541.647565,561826
216,5541.647565,564448
217,5541.647565,567059
218,5541.647565,569672
219,5541.647565,572288
220,5541.647565,574892
221,5541.647565,577506
222,5541.647565,580105
223,5541.647565,582719
224,5541.647565,585327
225,5541.647565,587936
226,5541.647565,590549
227,5541.647565,593161
228,5541.647565,595770
229,5541.647565,598388
230,5541.647565,601001
231,5541.647565,603612
232,5541.647565,606218
233,5541.643141,608831
234,5541.643141,611435
235,5541.643141,614041
236,5541.643141,616644
237,5541.643141,619258
238,5541.643141,621867
239,5541.643141,624474
240,5541.643141,627077
241,5541.643141,629684
242,5541.643141,632297
243,5541.643141,634902
244,5541.643141,637516
245,5541.643141,640128
246,5541.643141,642739
247,5541.643141,645343
248,5541.643141,647952
249,5541.643141,650564
250,5541.643141,653182
251,5541.643141,655803
252,5541.643141,658415
253,5541.643141,661030
254,5541.643141,663650
255,5541.643141,666267
256,5541.643141,668884
257,5541.643141,671503
258,5541.643141,674121
259,5541.643141,676740
260,5541.643141,679355
261,5541.643141,681961
262,5541.643141,684578
263,5541.643141,687190
264,5541.643141,689807
265,5541.643141,692421
266,5541.643141,695041
267,5541.643141,697658
268,5541.643141,700275
269,5541.643141,702895
270,5541.643141,705507
271,5541.643141,708120
272,5541.643141,710731
273,5541.643141,713343
274,5541.643141,715943
275,5541.643141,718551
276,5541.643141,721155
277,5541.643141,723760
278,5541.643141,726370
279,5541.643141,728982
280,5541.643141,731591
281,5541.643141,734204
282,5541.643141,736815
283,5541.643141,739413
284,5541.643141,742003
285,5541.643141,744613
5541.643141,3.800027
1,5656.640413,2376
2,5656.640413,5002
3,5542.790814,7628
4,5542.375446,10254
5,5542.375446,12880
6,5542.177402,15506
7,5542.177402,18132
8,5542.133629,20758
9,5542.133629,23384
10,5542.133629,26010
11,5542.133629,28635
12,5542.133629,31259
13,5542.133629,33884
14,5542.133629,36510
15,5542.133629,39134
16,5542.133629,41758
17,5542.072571,44384
18,5542.017875,47006
19,5542.017875,49632
20,5542.017875,52257
21,5542.017875,54883
22,5542.017875,57508
23,5542.017875,60133
24,5542.017875,62757
25,5542.017875,65378
26,5541.979841,68000
27,5541.979841,70625
28,5541.979841,73251
29,5541.979841,75877
30,5541.979841,78502
31,5541.979841,81126
32,5541.979841,83752
33,5541.979841,86376
34,5541.979841,89001
35,5541.979841,91623
36,5541.979841,94246
37,5541.979841,96869
38,5541.754566,99495
39,5541.754566,102121
40,5541.754566,104746
41,5541.754566,107370
42,5541.754566,109996
43,5541.754566,112620
44,5541.754566,115246
45,5541.754566,117871
46,5541.754566,120495
47,5541.754566,123120
48,5541.754566,125742
49,5541.754566,128368
50,5541.754566,130991
51,5541.754566,133614
52,5541.754566,136235
53,5541.754566,138860
54,5541.754566,141483
55,5541.754566,144103
56,5541.754566,146728
57,5541.754566,149349
58,5541.754566,151972
59,5541.754566,154591
60,5541.754566,157216
61,5541.754566,159838
62,5541.754566,162461
63,5541.754566,165084
64,5541.754566,167708
65,5541.754566,170334
66,5541.754566,172959
67,5541.754566,175582
68,5541.754566,178207
69,5541.754566,180832
70,5541.754566,183452
71,5541.754566,186076
72,5541.754566,188700
73,5541.754566,191323
74,5541.754566,193949
75,5541.754566,196568
76,5541.754566,199188
77,5541.754566,201807
78,5541.754566,204427
79,5541.754566,207047
80,5541.754566,209671
81,5541.754566,212293
82,5541.754566,214914
83,5541.754566,217535
84,5541.754566,220159
85,5541.754566,222773
86,5541.754566,225392
87,5541.754566,228012
88,5541.754566,230633
89,5541.754566,233246
90,5541.754566,235857
91,5541.754566,238467
92,5541.754566,241076
93,5541.754566,243683
94,5541.754566,246301
95,5541.754566,248919
96,5541.754566,251534
97,5541.754566,254149
98,5541.754566,256768
99,5541.754566,259388
100,5541.647565,262011
101,5541.647565,264635
102,5541.647565,267255
103,5541.647565,269880
104,5541.647565,272506
105,5541.647565,275127
106,5541.647565,277753
107,5541.647565,280376
108,5541.647565,282997
109,5541.647565,285611
110,5541.647565,288226
111,5541.647565,290846
112,5541.647565,293457
113,5541.647565,296079
114,5541.647565,298697
115,5541.647565,301311
116,5541.647565,303928
117,5541.647565,306544
118,5541.647565,309152
119,5541.647565,311756
120,5541.647565,314368
121,5541.647565,316981
122,5541.647565,319601
123,5541.647565,322219
124,5541.647565,324834
125,5541.647565,327439
126,5541.647565,330054
127,5541.647565,332661
128,5541.647565,335265
129,5541.643141,337876
130,5541.643141,340490
131,5541.643141,343106
132,5541.643141,345722
133,5541.643141,348339
134,5541.643141,350957
135,5541.643141,353579
136,5541.643141,356203
137,5541.643141,358817
138,5541.643141,361424
139,5541.643141,364018
140,5541.643141,366624
141,5541.643141,369228
142,5541.643141,371816
143,5541.643141,374418
144,5541.643141,377019
145,5541.643141,379622
146,5541.643141,382232
147,5541.643141,384848
148,5541.643141,387470
149,5541.643141,390083
150,5541.643141,392692
151,5541.643141,395309
152,5541.643141,397925
153,5541.643141,400541
154,5541.643141,403153
155,5541.643141,405773
156,5541.643141,408391
157,5541.643141,411009
158,5541.643141,413623
159,5541.643141,416236
160,5541.643141,418848
161,5541.643141,421461
162,5541.643141,424075
163,5541.643141,426692
164,5541.643141,429312
165,5541.643141,431925
166,5541.643141,434539
167,5541.643141,437160
168,5541.643141,439778
169,5541.643141,442393
170,5541.643141,445010
171,5541.643141,447633
172,5541.643141,450248
173,5541.643141,452868
174,5541.643141,455478
175,5541.643141,458090
176,5541.643141,460710
177,5541.643141,463328
178,5541.643141,465938
179,5541.643141,468547
180,5541.643141,471154
181,5541.643141,473770
182,5541.643141,476384
183,5541.643141,478994
184,5541.643141,481603
185,5541.643141,484216
186,5541.643141,486823
187,5541.643141,489438
188,5541.643141,492053
189,5541.643141,494666
190,5541.643141,497278
191,5541.643141,499878
192,5541.643141,502484
193,5541.643141,505094
194,5541.643141,507708
195,5541.643141,510318
196,5541.643141,512927
197,5541.643141,515534
198,5541.643141,518136
199,5541.643141,520753
200,5541.643141,523360
201,5541.643141,525963
202,5541.643141,528572
203,5541.643141,531193
204,5541.643141,533811
205,5541.643141,536416
206,5541.643141,539026
207,5541.643141,541624
208,5541.643141,544221
209,5541.643141,546823
210,5541.643141,549418
211,5541.643141,552029
212,5541.643141,554637
213,5541.643141,557243
214,5541.643141,559859
215,5541.643141,562470
216,5541.643141,565083
217,5541.643141,567681
218,5541.643141,570290
219,5541.643141,572890
220,5541.643141,575500
221,5541.643141,578114
222,5541.643141,580724
223,5541.643141,583337
224,5541.643141,585945
225,5541.643141,588549
226,5541.643141,591152
227,5541.643141,593757
228,5541.643141,596367
229,5541.643141,598977
230,5541.643141,601593
231,5541.643141,604204
232,5541.643141,606822
233,5541.643141,609434
234,5541.643141,612044
235,5541.643141,614658
236,5541.643141,617260
237,5541.643141,619863
238,5541.643141,622478
239,5541.643141,625094
240,5541.643141,627717
241,5541.643141,630332
242,5541.643141,632945
243,5541.643141,635560
244,5541.643141,638173
245,5541.643141,640781
246,5541.643141,643386
247,5541.643141,645988
248,5541.643141,648599
249,5541.643141,651211
250,5541.643141,653818
251,5541.643141,656425
252,5541.643141,659044
253,5541.643141,661663
254,5541.643141,664284
255,5541.643141,666895
256,5541.643141,669504
257,5541.643141,672119
258,5541.643141,674731
259,5541.643141,677342
260,5541.643141,679954
261,5541.643141,682565
262,5541.643141,685179
263,5541.643141,687791
264,5541.643141,690405
265,5541.643141,693016
266,5541.643141,695625
267,5541.643141,698233
268,5541.643141,700840
269,5541.643141,703449
270,5541.643141,706063
271,5541.643141,708683
272,5541.643141,711289
273,5541.643141,713895
274,5541.643141,716493
275,5541.643141,719110
276,5541.643141,721722
277,5541.643141,724332
278,5541.643141,726946
279,5541.643141,729564
280,5541.643141,732180
281,5541.643141,734801
282,5541.643141,737425
283,5541.643141,740047
284,5541.643141,742663
285,5541.643141,745277
5541.643141,3.840267
1,5626.826554,2376
2,5606.212000,5008
3,5546.118949,7640
4,5542.260997,10272
5,5542.182136,12904
6,5542.182136,15536
7,5542.182136,18167
8,5542.182136,20799
9,5542.178395,23429
10,5542.177402,26059
11,5542.177402,28690
12,5542.177402,31322
13,5542.177402,33953
14,5542.177402,36584
15,5542.177402,39215
16,5542.177402,41846
17,5542.140198,44477
18,5542.006459,47107
19,5542.006459,49739
20,5542.006459,52371
21,5542.006459,55002
22,5542.006459,57630
23,5542.006459,60256
24,5542.006459,62888
25,5542.006459,65515
26,5542.006459,68140
27,5542.006459,70768
28,5541.929235,73397
29,5541.929235,76022
30,5541.929235,78653
31,5541.929235,81279
32,5541.830576,83904
33,5541.830576,86525
34,5541.830576,89149
35,5541.830576,91773
36,5541.830576,94392
37,5541.830576,97016
38,5541.830576,99637
39,5541.830576,102251
40,5541.830576,104864
41,5541.830576,107486
42,5541.830576,110110
43,5541.830576,112739
44,5541.830576,115364
45,5541.830576,117982
46,5541.830576,120606
47,5541.830576,123218
48,5541.830576,125826
49,5541.830576,128432
50,5541.830576,131047
51,5541.830576,133668
52,5541.830576,136288
53,5541.830576,138911
54,5541.830576,141520
55,5541.830576,144134
56,5541.830576,146733
57,5541.796107,149331
58,5541.796107,151930
59,5541.796107,154531
60,5541.796107,157141
61,5541.796107,159747
62,5541.796107,162357
63,5541.796107,164967
64,5541.796107,167579
65,5541.780297,170197
66,5541.780297,172811
67,5541.780297,175426
68,5541.780297,178041
69,5541.780297,180641
70,5541.780297,183248
71,5541.780297,185846
72,5541.780297,188453
73,5541.780297,191049
74,5541.780297,193647
75,5541.780297,196246
76,5541.780297,198834
77,5541.780297,201430
78,5541.780297,204030
79,5541.780297,206628
80,5541.780297,209244
81,5541.780297,211856
82,5541.780297,214461
83,5541.780297,217063
84,5541.780297,219652
85,5541.780297,222246
86,5541.780297,224835
87,5541.780297,227418
88,5541.780297,230000
89,5541.780297,232573
90,5541.780297,235154
91,5541.780297,237734
92,5541.780297,240306
93,5541.780297,242884
94,5541.780297,245456
95,5541.780297,248034
96,5541.780297,250613
97,5541.780297,253195
98,5541.780297,255774
99,5541.780297,258354
100,5541.780297,260940
101,5541.780297,263530
102,5541.780297,266123
103,5541.780297,268715
104,5541.780297,271304
105,5541.780297,273893
106,5541.780297,276485
107,5541.780297,279074
108,5541.780297,281660
109,5541.780297,284248
110,5541.780297,286825
111,5541.780297,289409
112,5541.780297,291995
113,5541.780297,294584
114,5541.780297,297169
115,5541.780297,299752
116,5541.780297,302337
117,5541.780297,304913
118,5541.780297,307493
119,5541.780297,310069
120,5541.780297,312648
121,5541.780297,315228
122,5541.780297,317810
123,5541.780297,320392
124,5541.780297,322975
125,5541.780297,325557
126,5541.780297,328127
127,5541.780297,330700
128,5541.780297,333278
129,5541.780297,335866
130,5541.780297,338449
131,5541.780297,341031
132,5541.780297,343609
133,5541.647565,346188
134,5541.647565,348766
135,5541.647565,351366
136,5541.647565,353965
137,5541.647565,356562
138,5541.647565,359146
139,5541.647565,361736
140,5541.647565,364326
141,5541.647565,366910
142,5541.647565,369499
143,5541.647565,372096
144,5541.647565,374686
145,5541.647565,377263
146,5541.647565,379847
147,5541.647565,382430
148,5541.647565,385015
149,5541.647565,387603
150,5541.647565,390194
151,5541.647565,392767
152,5541.647565,395329
153,5541.647565,397897
154,5541.647565,400477
155,5541.647565,403050
156,5541.647565,405637
157,5541.647565,408220
158,5541.647565,410797
159,5541.647565,413371
160,5541.647565,415939
161,5541.647565,418506
162,5541.647565,421072
163,5541.647565,423634
164,5541.647565,426195
165,5541.647565,428750
166,5541.647565,431312
167,5541.647565,433879
168,5541.647565,436450
169,5541.647565,439029
170,5541.647565,441595
171,5541.647565,444182
172,5541.647565,446759
173,5541.647565,449336
174,5541.647565,451917
175,5541.647565,454491
176,5541.647565,457051
177,5541.647565,459621
178,5541.647565,462198
179,5541.647565,464772
180,5541.647565,467350
181,5541.647565,469914
182,5541.647565,472476
183,5541.647565,475035
184,5541.647565,477597
185,5541.647565,480156
186,5541.647565,482692
187,5541.647565,485248
188,5541.647565,487796
189,5541.647565,490348
190,5541.647565,492888
191,5541.647565,495454
192,5541.647565,498008
193,5541.647565,500576
194,5541.647565,503136
195,5541.647565,505706
196,5541.647565,508262
197,5541.647565,510810
198,5541.647565,513360
199,5541.647565,515910
200,5541.647565,518459
201,5541.647565,520993
202,5541.647565,523545
203,5541.647565,526076
204,5541.647565,528599
205,5541.647565,531137
206,5541.647565,533679
207,5541.647565,536215
208,5541.647565,538747
209,5541.647565,541284
210,5541.647565,543822
211,5541.647565,546358
212,5541.647565,548882
213,5541.647565,551417
214,5541.647565,553945
215,5541.647565,556475
216,5541.647565,558997
217,5541.647565,561522
218,5541.647565,564031
219,5541.647565,566539
220,5541.647565,569065
221,5541.647565,571592
222,5541.647565,574118
223,5541.647565,576642
224,5541.647565,579153
225,5541.647565,581667
226,5541.647565,584193
227,5541.647565,586724
228,5541.647565,589246
229,5541.647565,591775
230,5541.647565,594300
231,5541.647565,596835
232,5541.647565,599349
233,5541.647565,601881
234,5541.647565,604413
235,5541.647565,606944
236,5541.647565,609483
237,5541.647565,612022
238,5541.647565,614570
239,5541.647565,617113
240,5541.647565,619669
241,5541.647565,622212
242,5541.647565,624755
243,5541.647565,627302
244,5541.647565,629834
245,5541.647565,632371
246,5541.647565,634920
247,5541.647565,637470
248,5541.647565,640016
249,5541.647565,642557
250,5541.647565,645104
251,5541.647565,647652
252,5541.647565,650210
253,5541.647565,652748
254,5541.647565,655287
255,5541.647565,657827
256,5541.647565,660364
257,5541.647565,662895
258,5541.647565,665448
259,5541.647565,668000
260,5541.647565,670563
261,5541.647565,673131
262,5541.647565,675694
263,5541.647565,678260
264,5541.647565,680830
265,5541.647565,683418
266,5541.647565,685988
267,5541.647565,688545
268,5541.647565,691096
269,5541.647565,693646
270,5541.647565,696174
271,5541.647565,698713
272,5541.647565,701251
273,5541.647565,703793
274,5541.647565,706350
275,5541.647565,708917
276,5541.647565,711461
277,5541.647565,714010
278,5541.647565,716559
279,5541.647565,719094
280,5541.647565,721649
281,5541.647565,724194
282,5541.647565,726743
283,5541.647565,729286
284,5541.647565,731830
285,5541.647565,734381
286,5541.647565,736938
287,5541.647565,739495
288,5541.647565,742039
289,5541.647565,744590
5541.647565,3.928595
1,5607.798155,2376
2,5592.410974,5035
3,5542.940285,7694
4,5542.198191,10353
5,5542.182136,13012
6,5542.182136,15671
7,5542.182136,18329
8,5542.182136,20988
9,5542.178395,23647
10,5542.178395,26303
11,5542.178395,28961
12,5542.178395,31620
13,5542.178395,34276
14,5542.178395,36933
15,5542.178395,39592
16,5542.178395,42251
17,5542.178395,44909
18,5542.178395,47566
19,5542.178395,50225
20,5541.950868,52884
21,5541.950868,55541
22,5541.950868,58200
23,5541.950868,60859
24,5541.950868,63514
25,5541.950868,66171
26,5541.950868,68827
27,5541.950868,71486
28,5541.950868,74144
29,5541.950868,76802
30,5541.950868,79455
31,5541.950868,82108
32,5541.950868,84761
33,5541.950868,87419
34,5541.950868,90075
35,5541.950868,92731
36,5541.950868,95387
37,5541.950868,98046
38,5541.950868,100703
39,5541.950868,103357
40,5541.950868,106010
41,5541.950868,108662
42,5541.950868,111317
43,5541.950868,113971
44,5541.950868,116626
45,5541.950868,119281
46,5541.950868,121936
47,5541.950868,124581
48,5541.950868,127235
49,5541.950868,129883
50,5541.950868,132532
51,5541.950868,135178
52,5541.950868,137827
53,5541.950868,140473
54,5541.950868,143119
55,5541.754566,145768
56,5541.754566,148413
57,5541.754566,151063
58,5541.754566,153717
59,5541.754566,156373
60,5541.754566,159030
61,5541.754566,161686
62,5541.754566,164336
63,5541.754566,166990
64,5541.754566,169640
65,5541.754566,172297
66,5541.754566,174944
67,5541.754566,177587
68,5541.754566,180240
69,5541.754566,182890
70,5541.754566,185530
71,5541.754566,188173
72,5541.754566,190816
73,5541.754566,193457
74,5541.754566,196099
75,5541.754566,198737
76,5541.754566,201375
77,5541.754566,204007
78,5541.754566,206636
79,5541.754566,209264
80,5541.754566,211891
81,5541.754566,214524
82,5541.754566,217148
83,5541.754566,219779
84,5541.754566,222396
85,5541.754566,225012
86,5541.754566,227627
87,5541.754566,230252
88,5541.735094,232868
89,5541.735094,235479
90,5541.735094,238071
91,5541.735094,240667
92,5541.735094,243264
93,5541.735094,245885
94,5541.735094,248496
95,5541.735094,251112
96,5541.735094,253724
97,5541.735094,256342
98,5541.735094,258964
99,5541.735094,261584
100,5541.735094,264205
101,5541.735094,266819
102,5541.735094,269433
103,5541.735094,272043
104,5541.735094,274653
105,5541.735094,277260
106,5541.735094,279865
107,5541.735094,282466
108,5541.735094,285068
109,5541.735094,287676
110,5541.735094,290293
111,5541.735094,292910
112,5541.735094,295533
113,5541.735094,298156
114,5541.735094,300782
115,5541.735094,303399
116,5541.735094,306016
117,5541.735094,308637
118,5541.735094,311264
119,5541.735094,313886
120,5541.735094,316511
121,5541.735094,319144
122,5541.735094,321780
123,5541.647565,324416
124,5541.647565,327049
125,5541.647565,329676
126,5541.647565,332297
127,5541.647565,334932
128,5541.647565,337562
129,5541.647565,340177
130,5541.647565,342808
131,5541.647565,345432
132,5541.647565,348065
133,5541.647565,350692
134,5541.647565,353322
135,5541.647565,355950
136,5541.647565,358593
137,5541.647565,361223
138,5541.647565,363861
139,5541.647565,366496
140,5541.647565,369126
141,5541.647565,371752
142,5541.647565,374400
143,5541.647565,377048
144,5541.647565,379703
145,5541.647565,382346
146,5541.647565,384987
147,5541.647565,387636
148,5541.647565,390285
149,5541.647565,392924
150,5541.647565,395570
151,5541.647565,398204
152,5541.647565,400861
153,5541.647565,403516
154,5541.647565,406168
155,5541.647565,408810
156,5541.647565,411458
157,5541.647565,414103
158,5541.647565,416748
159,5541.647565,419396
160,5541.647565,422043
161,5541.647565,424696
162,5541.647565,427347
163,5541.647565,429995
164,5541.647565,432644
165,5541.647565,435289
166,5541.647565,437937
167,5541.647565,440585
168,5541.647565,443226
169,5541.647565,445866
170,5541.647565,448512
171,5541.647565,451163
172,5541.647565,453804
173,5541.647565,456439
174,5541.647565,459079
175,5541.647565,461721
176,5541.647565,464366
177,5541.647565,467010
178,5541.647565,469660
179,5541.647565,472295
180,5541.647565,474930
181,5541.647565,477581
182,5541.647565,480237
183,5541.647565,482890
184,5541.647565,485535
185,5541.647565,488187
186,5541.647565,490840
187,5541.647565,493492
188,5541.647565,496146
189,5541.647565,498797
190,5541.647565,501445
191,5541.647565,504101
192,5541.647565,506756
193,5541.647565,509412
194,5541.647565,512063
195,5541.647565,514711
196,5541.647565,517356
197,5541.647565,520003
198,5541.647565,522651
199,5541.647565,525300
200,5541.647565,527943
201,5541.647565,530585
202,5541.647565,533226
203,5541.647565,535873
204,5541.647565,538521
205,5541.647565,541164
206,5541.647565,543803
207,5541.647565,546448
208,5541.647565,549098
209,5541.647565,551741
210,5541.647565,554381
211,5541.647565,557009
212,5541.647565,559642
213,5541.647565,562284
214,5541.647565,564925
215,5541.647565,567560
216,5541.647565,570196
217,5541.647565,572831
218,5541.647565,575468
219,5541.647565,578104
220,5541.647565,580749
221,5541.647565,583384
222,5541.647565,586030
223,5541.647565,588673
224,5541.647565,591312
225,5541.647565,593945
226,5541.647565,596573
227,5541.647565,599204
228,5541.647565,601835
229,5541.647565,604460
230,5541.647565,607081
231,5541.647565,609705
232,5541.647565,612330
233,5541.647565,614963
234,5541.647565,617594
235,5541.647565,620222
236,5541.647565,622860
237,5541.647565,625490
238,5541.647565,628121
239,5541.647565,630743
240,5541.647565,633371
241,5541.647565,635986
242,5541.647565,638588
243,5541.647565,641200
244,5541.647565,643818
245,5541.647565,646438
246,5541.647565,649053
247,5541.647565,651664
248,5541.647565,654275
249,5541.647565,656883
250,5541.647565,659497
251,5541.647565,662129
252,5541.647565,664763
253,5541.647565,667391
254,5541.647565,670023
255,5541.647565,672659
256,5541.647565,675288
257,5541.647565,677933
258,5541.647565,680572
259,5541.647565,683217
260,5541.647565,685856
261,5541.643141,688490
262,5541.643141,691121
263,5541.643141,693746
264,5541.643141,696361
265,5541.643141,698981
266,5541.643141,701598
267,5541.643141,704219
268,5541.643141,706832
269,5541.643141,709454
270,5541.643141,712063
271,5541.643141,714679
272,5541.643141,717298
273,5541.643141,719917
274,5541.643141,722535
275,5541.643141,725155
276,5541.643141,727769
277,5541.643141,730377
278,5541.643141,732975
279,5541.643141,735582
280,5541.643141,738190
281,5541.643141,740803
282,5541.643141,743408
283,5541.643141,746022
5541.643141,3.810381
