1,7245.428030,2376
2,7244.813465,5038
3,7244.805531,7700
4,7244.782536,10354
5,7244.782536,13009
6,7244.754985,15638
7,7244.754985,18248
8,7244.754985,20799
9,7244.754985,23322
10,7244.754985,25845
11,7244.754985,28342
12,7244.754985,30820
13,7244.754985,33280
14,7244.754985,35723
15,7244.754985,38156
16,7244.754985,40585
17,7244.754985,43031
18,7244.754985,45465
19,7244.754985,47895
20,7244.754985,50326
21,7244.754985,52750
22,7244.754985,55173
23,7244.754985,57603
24,7244.754985,60033
25,7244.754985,62465
26,7244.754985,64883
27,7244.754985,67315
28,7244.754985,69740
29,7244.754985,72167
30,7244.754985,74585
31,7244.754985,77004
32,7244.754985,79429
33,7244.754985,81845
34,7244.754985,84259
35,7244.754985,86668
36,7244.754985,89077
37,7244.754985,91500
38,7244.754985,93907
39,7244.754985,96319
40,7244.754985,98740
41,7244.754985,101156
42,7244.754985,103579
43,7244.754985,105989
44,7244.754985,108394
45,7244.754985,110804
46,7244.754985,113204
47,7244.754985,115600
48,7244.754985,118017
49,7244.754985,120430
50,7244.754985,122841
51,7244.754985,125245
52,7244.754985,127656
53,7244.754985,130065
54,7244.754985,132481
55,7244.754985,134896
56,7244.754985,137307
57,7244.754985,139708
58,7244.754985,142134
59,7244.754985,144555
60,7244.754985,146976
61,7244.754985,149404
62,7244.754985,151817
63,7244.754985,154227
64,7244.754985,156630
65,7244.754985,159050
66,7244.754985,161458
67,7244.754985,163861
68,7244.754985,166259
69,7244.754985,168657
70,7244.754985,171068
71,7244.754985,173494
72,7244.754985,175920
73,7244.754985,178344
74,7244.754985,180775
75,7244.754985,183206
76,7244.754985,185639
77,7244.754985,188078
78,7244.754985,190514
79,7244.754985,192940
80,7244.754985,195365
81,7244.754985,197778
82,7244.754985,200183
83,7244.754985,202599
84,7244.754985,205030
85,7244.754985,207449
86,7244.754985,209864
87,7244.754985,212272
88,7244.754985,214678
89,7244.754985,217084
90,7244.754985,219493
91,7244.754985,221906
92,7244.754985,224329
93,7244.754985,226753
94,7244.754985,229177
95,7244.754985,231597
96,7244.754985,234027
97,7244.754985,236450
98,7244.754985,238862
99,7244.754985,241269
100,7244.754985,243683
101,7244.754985,246091
102,7244.754985,248488
103,7244.754985,250887
104,7244.754985,253287
105,7244.754985,255703
106,7244.754985,258108
107,7244.754985,260516
108,7244.754985,262935
109,7244.754985,265345
110,7244.754985,267752
111,7244.754985,270163
112,7244.754985,272577
113,7244.754985,274982
114,7244.754985,277386
115,7244.754985,279784
116,7244.754985,282183
117,7244.754985,284590
118,7244.754985,287008
119,7244.754985,289419
120,7244.754985,291823
121,7244.754985,294226
122,7244.754985,296628
123,7244.754985,299021
124,7244.754985,301420
125,7244.754985,303816
126,7244.754985,306209
127,7244.754985,308599
128,7244.754985,310990
129,7244.754985,313387
130,7244.754985,315799
131,7244.754985,318204
132,7244.754985,320614
133,7244.754985,323022
134,7244.754985,325426
135,7244.754985,327843
136,7244.754985,330257
137,7244.754985,332668
138,7244.754985,335072
139,7244.754985,337482
140,7244.754985,339889
141,7244.754985,342297
142,7244.754985,344706
143,7244.754985,347112
144,7244.754985,349520
145,7244.754985,351933
146,7244.754985,354343
147,7244.754985,356756
148,7244.754985,359163
149,7244.754985,361568
150,7244.754985,363982
151,7244.754985,366393
152,7244.754985,368808
153,7244.754985,371227
154,7244.754985,373661
155,7244.754985,376093
156,7244.754985,378512
157,7244.754985,380925
158,7244.754985,383349
159,7244.754985,385760
160,7244.754985,388169
161,7244.754985,390593
162,7244.754985,393022
163,7244.754985,395451
164,7244.754985,397885
165,7244.754985,400302
166,7244.754985,402716
167,7244.754985,405138
168,7244.754985,407569
169,7244.754985,410007
170,7244.754985,412433
171,7244.754985,414858
172,7244.754985,417287
173,7244.754985,419726
174,7244.754985,422160
175,7244.754985,424576
176,7244.754985,427000
177,7244.754985,429414
178,7244.754985,431821
179,7244.754985,434232
180,7244.754985,436641
181,7244.754985,439041
182,7244.754985,441447
183,7244.754985,443848
184,7244.754985,446256
185,7244.754985,448670
186,7244.754985,451082
187,7244.754985,453500
188,7244.754985,455916
189,7244.754985,458321
190,7244.754985,460728
191,7244.754985,463142
192,7244.754985,465564
193,7244.754985,467980
194,7244.754985,470403
195,7244.754985,472830
196,7244.754985,475239
197,7244.754985,477661
198,7244.754985,480066
199,7244.754985,482471
200,7244.754985,484882
201,7244.754985,487294
202,7244.754985,489709
203,7244.754985,492116
204,7244.754985,494516
205,7244.754985,496917
206,7244.754985,499327
207,7244.754985,501743
208,7244.754985,504156
209,7244.754985,506569
210,7244.754985,508977
211,7244.754985,511380
212,7244.754985,513790
213,7244.754985,516199
214,7244.754985,518604
215,7244.754985,521012
216,7244.754985,523419
217,7244.754985,525817
218,7244.754985,528221
219,7244.754985,530616
220,7244.754985,533021
221,7244.754985,535430
222,7244.754985,537838
223,7244.754985,540242
224,7244.754985,542657
225,7244.754985,545073
226,7244.754985,547489
227,7244.754985,549901
228,7244.754985,552307
229,7244.754985,554713
230,7244.754985,557118
231,7244.754985,559529
232,7244.754985,561939
233,7244.754985,564351
234,7244.754985,566763
235,7244.754985,569169
236,7244.754985,571575
237,7244.754985,573984
238,7244.754985,576389
239,7244.754985,578793
240,7244.754985,581201
241,7244.754985,583605
242,7244.754985,586008
243,7244.754985,588411
244,7244.754985,590818
245,7244.754985,593219
246,7244.754985,595631
247,7244.754985,598031
248,7244.754985,600428
249,7244.754985,602826
250,7244.754985,605223
251,7244.754985,607618
252,7244.754985,610019
253,7244.754985,612424
254,7244.754985,614825
255,7244.754985,617233
256,7244.754985,619639
257,7244.754985,622042
258,7244.754985,624449
259,7244.754985,626874
260,7244.754985,629307
261,7244.754985,631743
262,7244.754985,634190
263,7244.754985,636631
264,7244.754985,639067
265,7244.754985,641497
266,7244.754985,643918
267,7244.754985,646335
268,7244.754985,648742
269,7244.754985,651146
270,7244.754985,653562
271,7244.754985,655971
272,7244.754985,658396
273,7244.754985,660806
274,7244.754985,663229
275,7244.754985,665643
276,7244.754985,668053
277,7244.754985,670468
278,7244.754985,672877
279,7244.754985,675283
280,7244.754985,677688
281,7244.754985,680092
282,7244.754985,682494
283,7244.754985,684904
284,7244.754985,687310
285,7244.754985,689714
286,7244.754985,692116
287,7244.754985,694518
288,7244.754985,696923
289,7244.754985,699333
290,7244.754985,701757
291,7244.754985,704172
292,7244.754985,706581
293,7244.754985,708990
294,7244.754985,711397
295,7244.754985,713805
296,7244.754985,716204
297,7244.754985,718617
298,7244.754985,721035
299,7244.754985,723446
7244.754985,1.847451
1,7245.309871,2376
2,7245.197610,5016
3,7244.813465,7652
4,7244.782536,10289
5,7244.782536,12910
6,7244.754985,15518
7,7244.754985,18106
8,7244.754985,20629
9,7244.754985,23125
10,7244.754985,25607
11,7244.754985,28085
12,7244.754985,30537
13,7244.754985,32981
14,7244.754985,35423
15,7244.754985,37864
16,7244.754985,40296
17,7244.754985,42713
18,7244.754985,45146
19,7244.754985,47578
20,7244.754985,50007
21,7244.754985,52436
22,7244.754985,54880
23,7244.754985,57306
24,7244.754985,59733
25,7244.754985,62163
26,7244.754985,64592
27,7244.754985,67016
28,7244.754985,69432
29,7244.754985,71848
30,7244.754985,74264
31,7244.754985,76676
32,7244.754985,79088
33,7244.754985,81502
34,7244.754985,83914
35,7244.754985,86332
36,7244.754985,88753
37,7244.754985,91167
38,7244.754985,93569
39,7244.754985,95975
40,7244.754985,98388
41,7244.754985,100795
42,7244.754985,103210
43,7244.754985,105621
44,7244.754985,108033
45,7244.754985,110444
46,7244.754985,112851
47,7244.754985,115254
48,7244.754985,117671
49,7244.754985,120085
50,7244.754985,122499
51,7244.754985,124911
52,7244.754985,127322
53,7244.754985,129738
54,7244.754985,132148
55,7244.754985,134558
56,7244.754985,136959
57,7244.754985,139365
58,7244.754985,141767
59,7244.754985,144173
60,7244.754985,146582
61,7244.754985,148987
62,7244.754985,151389
63,7244.754985,153790
64,7244.754985,156193
65,7244.754985,158590
66,7244.754985,160988
67,7244.754985,163391
68,7244.754985,165796
69,7244.754985,168187
70,7244.754985,170590
71,7244.754985,172984
72,7244.754985,175378
73,7244.754985,177778
74,7244.754985,180175
75,7244.754985,182571
76,7244.754985,184967
77,7244.754985,187375
78,7244.754985,189781
79,7244.754985,192194
80,7244.754985,194602
81,7244.754985,197020
82,7244.754985,199421
83,7244.754985,201819
84,7244.754985,204211
85,7244.754985,206601
86,7244.754985,208992
87,7244.754985,211388
88,7244.754985,213780
89,7244.754985,216172
90,7244.754985,218563
91,7244.754985,220954
92,7244.754985,223343
93,7244.754985,225755
94,7244.754985,228185
95,7244.754985,230629
96,7244.754985,233052
97,7244.754985,235482
98,7244.754985,237911
99,7244.754985,240328
100,7244.754985,242736
101,7244.754985,245151
102,7244.754985,247559
103,7244.754985,249972
104,7244.754985,252387
105,7244.754985,254807
106,7244.754985,257227
107,7244.754985,259647
108,7244.754985,262060
109,7244.754985,264470
110,7244.754985,266883
111,7244.754985,269296
112,7244.754985,271695
113,7244.754985,274098
114,7244.754985,276501
115,7244.754985,278896
116,7244.754985,281301
117,7244.754985,283700
118,7244.754985,286121
119,7244.754985,288525
120,7244.754985,290939
121,7244.754985,293362
122,7244.754985,295772
123,7244.754985,298173
124,7244.754985,300590
125,7244.754985,303001
126,7244.754985,305412
127,7244.754985,307823
128,7244.754985,310236
129,7244.754985,312649
130,7244.754985,315049
131,7244.754985,317451
132,7244.754985,319851
133,7244.754985,322251
134,7244.754985,324656
135,7244.754985,327072
136,7244.754985,329476
137,7244.754985,331882
138,7244.754985,334285
139,7244.754985,336687
140,7244.754985,339089
141,7244.754985,341491
142,7244.754985,343892
143,7244.754985,346282
144,7244.754985,348673
145,7244.754985,351066
146,7244.754985,353461
147,7244.754985,355857
148,7244.754985,358267
149,7244.754985,360666
150,7244.754985,363073
151,7244.754985,365477
152,7244.754985,367885
153,7244.754985,370298
154,7244.754985,372724
155,7244.754985,375138
156,7244.754985,377546
157,7244.754985,379963
158,7244.754985,382369
159,7244.754985,384777
160,7244.754985,387187
161,7244.754985,389591
162,7244.754985,392005
163,7244.754985,394421
164,7244.754985,396827
165,7244.754985,399231
166,7244.754985,401643
167,7244.754985,404052
168,7244.754985,406474
169,7244.754985,408874
170,7244.754985,411269
171,7244.754985,413665
172,7244.754985,416065
173,7244.754985,418469
174,7244.754985,420872
175,7244.754985,423275
176,7244.754985,425677
177,7244.754985,428083
178,7244.754985,430485
179,7244.754985,432890
180,7244.754985,435296
181,7244.754985,437697
182,7244.754985,440113
183,7244.754985,442553
184,7244.754985,444979
185,7244.754985,447424
186,7244.754985,449838
187,7244.754985,452252
188,7244.754985,454663
189,7244.754985,457082
190,7244.754985,459492
191,7244.754985,461916
192,7244.754985,464348
193,7244.754985,466784
194,7244.754985,469204
195,7244.754985,471616
196,7244.754985,474034
197,7244.754985,476445
198,7244.754985,478844
199,7244.754985,481253
200,7244.754985,483654
201,7244.754985,486063
202,7244.754985,488470
203,7244.754985,490876
204,7244.754985,493279
205,7244.754985,495683
206,7244.754985,498093
207,7244.754985,500515
208,7244.754985,502934
209,7244.754985,505345
210,7244.754985,507756
211,7244.754985,510172
212,7244.754985,512582
213,7244.754985,514985
214,7244.754985,517392
215,7244.754985,519806
216,7244.754985,522227
217,7244.754985,524636
218,7244.754985,527037
219,7244.754985,529432
220,7244.754985,531835
221,7244.754985,534238
222,7244.754985,536638
223,7244.754985,539050
224,7244.754985,541461
225,7244.754985,543874
226,7244.754985,546284
227,7244.754985,548703
228,7244.754985,551114
229,7244.754985,553522
230,7244.754985,555931
231,7244.754985,558331
232,7244.754985,560741
233,7244.754985,563147
234,7244.754985,565561
235,7244.754985,567976
236,7244.754985,570381
237,7244.754985,572793
238,7244.754985,575212
239,7244.754985,577629
240,7244.754985,580045
241,7244.754985,582461
242,7244.754985,584873
243,7244.754985,587275
244,7244.754985,589683
245,7244.754985,592091
246,7244.754985,594493
247,7244.754985,596894
248,7244.754985,599299
249,7244.754985,601708
250,7244.754985,604120
251,7244.754985,606533
252,7244.754985,608940
253,7244.754985,611336
254,7244.754985,613736
255,7244.754985,616141
256,7244.754985,618552
257,7244.754985,620965
258,7244.754985,623382
259,7244.754985,625787
260,7244.754985,628195
261,7244.722003,630620
262,7244.722003,633053
263,7244.722003,635473
264,7244.722003,637898
265,7244.722003,640313
266,7244.722003,642723
267,7244.722003,645120
268,7244.722003,647521
269,7244.722003,649923
270,7244.722003,652325
271,7244.722003,654730
272,7244.722003,657134
273,7244.722003,659534
274,7244.722003,661935
275,7244.722003,664338
276,7244.722003,666747
277,7244.722003,669174
278,7244.722003,671582
279,7244.722003,673982
280,7244.722003,676383
281,7244.722003,678789
282,7244.722003,681211
283,7244.722003,683619
284,7244.722003,686052
285,7244.722003,688495
286,7244.722003,690941
287,7244.722003,693356
288,7244.722003,695763
289,7244.722003,698159
290,7244.722003,700559
291,7244.722003,702964
292,7244.722003,705378
293,7244.722003,707810
294,7244.722003,710227
295,7244.722003,712633
296,7244.722003,715038
297,7244.722003,717439
298,7244.722003,719840
299,7244.722003,722237
300,7244.722003,724638
7244.722003,1.892578
1,7245.394300,2376
2,7245.394300,5037
3,7244.754985,7693
4,7244.754985,10347
5,7244.754985,12995
6,7244.754985,15638
7,7244.754985,18254
8,7244.754985,20790
9,7244.754985,23312
10,7244.754985,25832
11,7244.754985,28319
12,7244.754985,30798
13,7244.754985,33265
14,7244.754985,35718
15,7244.754985,38170
16,7244.754985,40621
17,7244.754985,43058
18,7244.754985,45488
19,7244.754985,47914
20,7244.754985,50357
21,7244.754985,52794
22,7244.754985,55225
23,7244.754985,57673
24,7244.754985,60115
25,7244.754985,62560
26,7244.754985,65003
27,7244.754985,67428
28,7244.754985,69860
29,7244.754985,72296
30,7244.754985,74719
31,7244.754985,77139
32,7244.754985,79564
33,7244.754985,81989
34,7244.754985,84399
35,7244.754985,86818
36,7244.754985,89238
37,7244.754985,91661
38,7244.754985,94084
39,7244.754985,96499
40,7244.754985,98914
41,7244.754985,101330
42,7244.754985,103750
43,7244.754985,106161
44,7244.754985,108575
45,7244.754985,110991
46,7244.754985,113405
47,7244.754985,115819
48,7244.754985,118233
49,7244.754985,120651
50,7244.754985,123060
51,7244.754985,125474
52,7244.754985,127899
53,7244.754985,130316
54,7244.754985,132725
55,7244.754985,135140
56,7244.754985,137563
57,7244.754985,139979
58,7244.754985,142393
59,7244.754985,144799
60,7244.754985,147206
61,7244.754985,149616
62,7244.754985,152027
63,7244.754985,154439
64,7244.754985,156843
65,7244.754985,159255
66,7244.754985,161667
67,7244.754985,164084
68,7244.754985,166494
69,7244.754985,168913
70,7244.754985,171322
71,7244.754985,173726
72,7244.754985,176138
73,7244.754985,178549
74,7244.754985,180960
75,7244.754985,183377
76,7244.754985,185784
77,7244.754985,188194
78,7244.754985,190611
79,7244.754985,193022
80,7244.754985,195435
81,7244.754985,197843
82,7244.754985,200261
83,7244.754985,202671
84,7244.754985,205081
85,7244.754985,207482
86,7244.754985,209883
87,7244.754985,212287
88,7244.754985,214701
89,7244.754985,217110
90,7244.754985,219516
91,7244.754985,221924
92,7244.754985,224331
93,7244.754985,226733
94,7244.754985,229129
95,7244.754985,231531
96,7244.754985,233928
97,7244.754985,236327
98,7244.754985,238724
99,7244.754985,241122
100,7244.754985,243516
101,7244.754985,245912
102,7244.754985,248305
103,7244.754985,250702
104,7244.754985,253097
105,7244.754985,255495
106,7244.754985,257907
107,7244.754985,260329
108,7244.754985,262741
109,7244.754985,265152
110,7244.754985,267570
111,7244.754985,269976
112,7244.754985,272378
113,7244.754985,274781
114,7244.754985,277184
115,7244.754985,279584
116,7244.754985,281996
117,7244.754985,284417
118,7244.754985,286830
119,7244.754985,289257
120,7244.754985,291671
121,7244.754985,294092
122,7244.754985,296505
123,7244.754985,298912
124,7244.754985,301313
125,7244.754985,303716
126,7244.754985,306117
127,7244.754985,308521
128,7244.754985,310929
129,7244.754985,313333
130,7244.754985,315731
131,7244.754985,318135
132,7244.754985,320536
133,7244.754985,322934
134,7244.754985,325346
135,7244.754985,327754
136,7244.754985,330162
137,7244.754985,332570
138,7244.754985,334982
139,7244.754985,337389
140,7244.754985,339792
141,7244.754985,342204
142,7244.754985,344616
143,7244.754985,347027
144,7244.754985,349432
145,7244.754985,351839
146,7244.754985,354245
147,7244.754985,356650
148,7244.754985,359073
149,7244.754985,361504
150,7244.754985,363922
151,7244.754985,366352
152,7244.754985,368772
153,7244.754985,371178
154,7244.754985,373588
155,7244.754985,375990
156,7244.754985,378399
157,7244.754985,380800
158,7244.754985,383205
159,7244.754985,385605
160,7244.754985,388012
161,7244.754985,390426
162,7244.754985,392836
163,7244.754985,395247
164,7244.754985,397662
165,7244.754985,400078
166,7244.754985,402489
167,7244.754985,404896
168,7244.754985,407297
169,7244.754985,409708
170,7244.754985,412113
171,7244.754985,414514
172,7244.754985,416913
173,7244.754985,419321
174,7244.754985,421725
175,7244.754985,424119
176,7244.754985,426520
177,7244.754985,428919
178,7244.754985,431314
179,7244.754985,433718
180,7244.754985,436115
181,7244.754985,438512
182,7244.754985,440914
183,7244.722003,443332
184,7244.722003,445757
185,7244.722003,448175
186,7244.722003,450609
187,7244.722003,453033
188,7244.722003,455448
189,7244.722003,457871
190,7244.722003,460297
191,7244.722003,462723
192,7244.722003,465140
193,7244.722003,467557
194,7244.722003,469960
195,7244.722003,472372
196,7244.722003,474777
197,7244.722003,477185
198,7244.722003,479587
199,7244.722003,481987
200,7244.722003,484385
201,7244.722003,486790
202,7244.722003,489199
203,7244.722003,491603
204,7244.722003,494016
205,7244.722003,496423
206,7244.722003,498830
207,7244.722003,501251
208,7244.722003,503685
209,7244.722003,506114
210,7244.722003,508543
211,7244.722003,510963
212,7244.722003,513372
213,7244.722003,515788
214,7244.722003,518199
215,7244.722003,520613
216,7244.722003,523038
217,7244.722003,525455
218,7244.722003,527863
219,7244.722003,530269
220,7244.722003,532673
221,7244.722003,535093
222,7244.722003,537506
223,7244.722003,539913
224,7244.722003,542315
225,7244.722003,544724
226,7244.722003,547136
227,7244.722003,549541
228,7244.722003,551964
229,7244.722003,554387
230,7244.722003,556806
231,7244.722003,559227
232,7244.722003,561643
233,7244.722003,564053
234,7244.722003,566463
235,7244.722003,568865
236,7244.722003,571273
237,7244.722003,573696
238,7244.722003,576132
239,7244.722003,578572
240,7244.722003,581009
241,7244.722003,583450
242,7244.722003,585886
243,7244.722003,588312
244,7244.722003,590737
245,7244.722003,593161
246,7244.722003,595576
247,7244.722003,597991
248,7244.722003,600408
249,7244.722003,602835
250,7244.722003,605255
251,7244.722003,607664
252,7244.722003,610074
253,7244.722003,612483
254,7244.722003,614892
255,7244.722003,617299
256,7244.722003,619716
257,7244.722003,622145
258,7244.722003,624554
259,7244.722003,626971
260,7244.722003,629398
261,7244.722003,631820
262,7244.722003,634238
263,7244.722003,636655
264,7244.722003,639074
265,7244.722003,641502
266,7244.722003,643929
267,7244.722003,646358
268,7244.722003,648779
269,7244.722003,651199
270,7244.722003,653638
271,7244.722003,656088
272,7244.722003,658520
273,7244.722003,660956
274,7244.722003,663395
275,7244.722003,665823
276,7244.722003,668239
277,7244.722003,670655
278,7244.722003,673096
279,7244.722003,675548
280,7244.722003,678005
281,7244.722003,680461
282,7244.722003,682908
283,7244.722003,685340
284,7244.722003,687771
285,7244.722003,690195
286,7244.722003,692614
287,7244.722003,695033
288,7244.722003,697447
289,7244.722003,699863
290,7244.722003,702302
291,7244.722003,704732
292,7244.722003,707168
293,7244.722003,709605
294,7244.722003,712037
295,7244.722003,714467
296,7244.722003,716890
297,7244.722003,719312
298,7244.722003,721734
299,7244.722003,724147
7244.722003,1.907956
1,7245.309871,2376
2,7245.197610,5034
3,7244.813465,7687
4,7244.805531,10329
5,7244.782536,12979
6,7244.782536,15610
7,7244.754985,18214
8,7244.754985,20738
9,7244.754985,23240
10,7244.754985,25748
11,7244.754985,28220
12,7244.754985,30676
13,7244.754985,33137
14,7244.754985,35597
15,7244.754985,38051
16,7244.754985,40485
17,7244.754985,42915
18,7244.754985,45344
19,7244.754985,47782
20,7244.754985,50212
21,7244.754985,52647
22,7244.754985,55077
23,7244.754985,57518
24,7244.754985,59946
25,7244.754985,62376
26,7244.754985,64796
27,7244.754985,67211
28,7244.754985,69633
29,7244.754985,72056
30,7244.754985,74475
31,7244.754985,76894
32,7244.754985,79303
33,7244.754985,81718
34,7244.754985,84134
35,7244.754985,86560
36,7244.754985,88977
37,7244.754985,91400
38,7244.754985,93822
39,7244.754985,96234
40,7244.754985,98648
41,7244.754985,101059
42,7244.754985,103484
43,7244.754985,105898
44,7244.754985,108300
45,7244.754985,110700
46,7244.754985,113102
47,7244.754985,115509
48,7244.754985,117911
49,7244.754985,120319
50,7244.754985,122727
51,7244.754985,125132
52,7244.754985,127533
53,7244.754985,129941
54,7244.754985,132344
55,7244.754985,134748
56,7244.754985,137173
57,7244.754985,139583
58,7244.754985,142008
59,7244.754985,144422
60,7244.754985,146839
61,7244.754985,149254
62,7244.754985,151662
63,7244.754985,154066
64,7244.754985,156469
65,7244.754985,158876
66,7244.754985,161279
67,7244.754985,163693
68,7244.754985,166097
69,7244.754985,168502
70,7244.754985,170910
71,7244.754985,173316
72,7244.754985,175732
73,7244.754985,178152
74,7244.754985,180570
75,7244.754985,182988
76,7244.754985,185412
77,7244.754985,187819
78,7244.754985,190223
79,7244.754985,192628
80,7244.754985,195033
81,7244.754985,197442
82,7244.754985,199847
83,7244.754985,202249
84,7244.754985,204653
85,7244.754985,207062
86,7244.754985,209456
87,7244.754985,211853
88,7244.754985,214271
89,7244.754985,216693
90,7244.754985,219120
91,7244.754985,221541
92,7244.754985,223957
93,7244.754985,226366
94,7244.754985,228788
95,7244.754985,231214
96,7244.754985,233639
97,7244.754985,236060
98,7244.754985,238468
99,7244.754985,240872
100,7244.754985,243274
101,7244.754985,245684
102,7244.754985,248090
103,7244.754985,250497
104,7244.754985,252911
105,7244.754985,255316
106,7244.754985,257720
107,7244.754985,260121
108,7244.754985,262515
109,7244.754985,264911
110,7244.754985,267310
111,7244.754985,269702
112,7244.754985,272097
113,7244.754985,274488
114,7244.754985,276878
115,7244.754985,279276
116,7244.754985,281678
117,7244.754985,284081
118,7244.754985,286487
119,7244.754985,288886
120,7244.754985,291290
121,7244.754985,293695
122,7244.754985,296089
123,7244.754985,298482
124,7244.754985,300904
125,7244.754985,303341
126,7244.754985,305769
127,7244.754985,308199
128,7244.754985,310628
129,7244.754985,313063
130,7244.754985,315483
131,7244.754985,317896
132,7244.754985,320306
133,7244.754985,322706
134,7244.754985,325109
135,7244.754985,327511
136,7244.754985,329925
137,7244.754985,332341
138,7244.754985,334762
139,7244.754985,337189
140,7244.754985,339602
141,7244.754985,342016
142,7244.754985,344427
143,7244.754985,346834
144,7244.754985,349245
145,7244.754985,351656
146,7244.754985,354064
147,7244.754985,356476
148,7244.754985,358877
149,7244.754985,361270
150,7244.754985,363665
151,7244.754985,366065
152,7244.754985,368458
153,7244.754985,370853
154,7244.754985,373247
155,7244.754985,375641
156,7244.754985,378032
157,7244.754985,380421
158,7244.754985,382813
159,7244.754985,385230
160,7244.754985,387653
161,7244.754985,390067
162,7244.754985,392461
163,7244.754985,394863
164,7244.754985,397270
165,7244.754985,399685
166,7244.754985,402087
167,7244.754985,404490
168,7244.754985,406889
169,7244.754985,409290
170,7244.754985,411693
171,7244.754985,414098
172,7244.754985,416496
173,7244.754985,418896
174,7244.754985,421300
175,7244.754985,423708
176,7244.754985,426106
177,7244.754985,428503
178,7244.754985,430911
179,7244.754985,433320
180,7244.754985,435737
181,7244.754985,438162
182,7244.754985,440576
183,7244.754985,442990
184,7244.754985,445420
185,7244.754985,447844
186,7244.754985,450256
187,7244.754985,452691
188,7244.722003,455109
189,7244.722003,457543
190,7244.722003,459966
191,7244.722003,462383
192,7244.722003,464788
193,7244.722003,467198
194,7244.722003,469605
195,7244.722003,472006
196,7244.722003,474409
197,7244.722003,476809
198,7244.722003,479217
199,7244.722003,481618
200,7244.722003,484021
201,7244.722003,486425
202,7244.722003,488831
203,7244.722003,491245
204,7244.722003,493648
205,7244.722003,496061
206,7244.722003,498466
207,7244.722003,500877
208,7244.722003,503285
209,7244.722003,505698
210,7244.722003,508110
211,7244.722003,510515
212,7244.722003,512917
213,7244.722003,515337
214,7244.722003,517749
215,7244.722003,520163
216,7244.722003,522582
217,7244.722003,524992
218,7244.722003,527404
219,7244.722003,529815
220,7244.722003,532232
221,7244.722003,534631
222,7244.722003,537030
223,7244.722003,539435
224,7244.722003,541848
225,7244.722003,544274
226,7244.722003,546698
227,7244.722003,549133
228,7244.722003,551562
229,7244.722003,553978
230,7244.722003,556397
231,7244.722003,558811
232,7244.722003,561230
233,7244.722003,563639
234,7244.722003,566055
235,7244.722003,568473
236,7244.722003,570888
237,7244.722003,573300
238,7244.722003,575709
239,7244.722003,578117
240,7244.722003,580521
241,7244.722003,582925
242,7244.722003,585322
243,7244.722003,587717
244,7244.722003,590133
245,7244.722003,592549
246,7244.722003,594963
247,7244.722003,597386
248,7244.722003,599807
249,7244.722003,602227
250,7244.722003,604643
251,7244.722003,607055
252,7244.722003,609467
253,7244.722003,611867
254,7244.722003,614264
255,7244.722003,616658
256,7244.722003,619057
257,7244.722003,621454
258,7244.722003,623852
259,7244.722003,626261
260,7244.722003,628666
261,7244.722003,631067
262,7244.722003,633463
263,7244.722003,635859
264,7244.722003,638253
265,7244.722003,640654
266,7244.722003,643044
267,7244.722003,645434
268,7244.722003,647835
269,7244.722003,650238
270,7244.722003,652643
271,7244.722003,655054
272,7244.722003,657472
273,7244.722003,659895
274,7244.722003,662315
275,7244.722003,664739
276,7244.722003,667178
277,7244.722003,669602
278,7244.722003,672024
279,7244.722003,674447
280,7244.722003,676869
281,7244.722003,679283
282,7244.722003,681697
283,7244.722003,684116
284,7244.722003,686531
285,7244.722003,688938
286,7244.722003,691341
287,7244.722003,693752
288,7244.722003,696162
289,7244.722003,698571
290,7244.722003,700984
291,7244.722003,703404
292,7244.722003,705827
293,7244.722003,708241
294,7244.722003,710650
295,7244.722003,713055
296,7244.722003,715461
297,7244.722003,717873
298,7244.722003,720286
299,7244.722003,722697
300,7244.722003,725114
7244.722003,1.908907
1,7245.372999,2376
2,7245.197610,4999
3,7244.782536,7620
4,7244.782536,10242
5,7244.754985,12861
6,7244.754985,15466
7,7244.754985,18042
8,7244.754985,20546
9,7244.754985,23044
10,7244.754985,25536
11,7244.754985,28008
12,7244.754985,30467
13,7244.754985,32921
14,7244.754985,35378
15,7244.754985,37818
16,7244.754985,40250
17,7244.754985,42685
18,7244.754985,45121
19,7244.754985,47549
20,7244.754985,49972
21,7244.754985,52408
22,7244.754985,54839
23,7244.754985,57264
24,7244.754985,59677
25,7244.754985,62085
26,7244.754985,64500
27,7244.754985,66928
28,7244.754985,69359
29,7244.754985,71782
30,7244.754985,74203
31,7244.754985,76630
32,7244.754985,79046
33,7244.754985,81462
34,7244.754985,83876
35,7244.754985,86280
36,7244.754985,88687
37,7244.754985,91095
38,7244.754985,93501
39,7244.754985,95911
40,7244.754985,98322
41,7244.754985,100735
42,7244.754985,103150
43,7244.754985,105567
44,7244.754985,107977
45,7244.754985,110380
46,7244.754985,112779
47,7244.754985,115175
48,7244.754985,117576
49,7244.754985,119981
50,7244.754985,122390
51,7244.754985,124803
52,7244.754985,127209
53,7244.754985,129614
54,7244.754985,132014
55,7244.754985,134414
56,7244.754985,136817
57,7244.754985,139227
58,7244.754985,141642
59,7244.754985,144046
60,7244.754985,146454
61,7244.754985,148883
62,7244.754985,151309
63,7244.754985,153739
64,7244.754985,156166
65,7244.754985,158579
66,7244.754985,160993
67,7244.754985,163405
68,7244.754985,165816
69,7244.754985,168241
70,7244.754985,170653
71,7244.754985,173064
72,7244.754985,175479
73,7244.754985,177891
74,7244.754985,180299
75,7244.754985,182701
76,7244.754985,185112
77,7244.754985,187522
78,7244.754985,189929
79,7244.754985,192325
80,7244.754985,194719
81,7244.754985,197118
82,7244.754985,199514
83,7244.754985,201912
84,7244.754985,204304
85,7244.754985,206691
86,7244.754985,209090
87,7244.754985,211480
88,7244.754985,213896
89,7244.754985,216304
90,7244.754985,218725
91,7244.754985,221142
92,7244.754985,223556
93,7244.754985,225973
94,7244.754985,228386
95,7244.754985,230796
96,7244.754985,233210
97,7244.754985,235614
98,7244.754985,238019
99,7244.754985,240421
100,7244.754985,242833
101,7244.754985,245244
102,7244.754985,247654
103,7244.754985,250059
104,7244.754985,252473
105,7244.754985,254876
106,7244.754985,257273
107,7244.754985,259668
108,7244.754985,262068
109,7244.754985,264470
110,7244.754985,266876
111,7244.754985,269284
112,7244.754985,271690
113,7244.754985,274122
114,7244.754985,276541
115,7244.754985,278970
116,7244.754985,281405
117,7244.754985,283811
118,7244.754985,286221
119,7244.754985,288627
120,7244.754985,291034
121,7244.754985,293446
122,7244.754985,295848
123,7244.754985,298255
124,7244.754985,300665
125,7244.754985,303067
126,7244.754985,305468
127,7244.754985,307865
128,7244.754985,310262
129,7244.754985,312654
130,7244.754985,315051
131,7244.754985,317455
132,7244.754985,319863
133,7244.754985,322267
134,7244.754985,324667
135,7244.754985,327070
136,7244.754985,329470
137,7244.754985,331872
138,7244.754985,334272
139,7244.754985,336670
140,7244.754985,339071
141,7244.754985,341471
142,7244.754985,343873
143,7244.754985,346271
144,7244.754985,348675
145,7244.754985,351099
146,7244.754985,353509
147,7244.754985,355915
148,7244.754985,358320
149,7244.754985,360720
150,7244.754985,363117
151,7244.754985,365517
152,7244.754985,367922
153,7244.754985,370325
154,7244.754985,372723
155,7244.754985,375129
156,7244.754985,377556
157,7244.754985,379974
158,7244.754985,382393
159,7244.754985,384818
160,7244.754985,387233
161,7244.754985,389656
162,7244.754985,392078
163,7244.754985,394487
164,7244.754985,396896
165,7244.754985,399309
166,7244.754985,401724
167,7244.754985,404134
168,7244.754985,406537
169,7244.754985,408945
170,7244.754985,411345
171,7244.754985,413744
172,7244.754985,416145
173,7244.754985,418546
174,7244.754985,420939
175,7244.754985,423340
176,7244.754985,425734
177,7244.754985,428127
178,7244.754985,430523
179,7244.754985,432919
180,7244.754985,435314
181,7244.754985,437708
182,7244.754985,440100
183,7244.754985,442502
184,7244.754985,444903
185,7244.754985,447309
186,7244.754985,449716
187,7244.754985,452127
188,7244.754985,454528
189,7244.754985,456928
190,7244.754985,459324
191,7244.754985,461715
192,7244.754985,464105
193,7244.754985,466503
194,7244.754985,468895
195,7244.754985,471289
196,7244.754985,473683
197,7244.754985,476078
198,7244.754985,478475
199,7244.754985,480868
200,7244.754985,483262
201,7244.754985,485659
202,7244.754985,488051
203,7244.754985,490441
204,7244.754985,492833
205,7244.754985,495231
206,7244.754985,497625
207,7244.754985,500022
208,7244.754985,502418
209,7244.754985,504809
210,7244.754985,507198
211,7244.754985,509593
212,7244.754985,511984
213,7244.754985,514380
214,7244.754985,516777
215,7244.754985,519187
216,7244.754985,521599
217,7244.754985,524006
218,7244.754985,526410
219,7244.754985,528810
220,7244.754985,531202
221,7244.754985,533592
222,7244.754985,535991
223,7244.754985,538387
224,7244.754985,540787
225,7244.754985,543189
226,7244.754985,545595
227,7244.754985,548009
228,7244.754985,550428
229,7244.754985,552848
230,7244.754985,555252
231,7244.754985,557679
232,7244.754985,560112
233,7244.754985,562535
234,7244.754985,564954
235,7244.754985,567369
236,7244.754985,569785
237,7244.754985,572199
238,7244.754985,574609
239,7244.754985,577018
240,7244.754985,579431
241,7244.754985,581861
242,7244.754985,584284
243,7244.754985,586702
244,7244.754985,589116
245,7244.754985,591528
246,7244.754985,593940
247,7244.754985,596370
248,7244.754985,598790
249,7244.754985,601210
250,7244.754985,603628
251,7244.754985,606048
252,7244.754985,608472
253,7244.754985,610891
254,7244.754985,613306
255,7244.754985,615716
256,7244.754985,618132
257,7244.754985,620551
258,7244.754985,622964
259,7244.754985,625378
260,7244.754985,627789
261,7244.754985,630189
262,7244.754985,632586
263,7244.754985,635002
264,7244.754985,637420
265,7244.754985,639834
266,7244.754985,642242
267,7244.754985,644652
268,7244.754985,647057
269,7244.754985,649457
270,7244.754985,651855
271,7244.754985,654247
272,7244.754985,656644
273,7244.754985,659047
274,7244.754985,661448
275,7244.754985,663846
276,7244.754985,666245
277,7244.754985,668643
278,7244.754985,671032
279,7244.754985,673429
280,7244.754985,675821
281,7244.754985,678212
282,7244.754985,680616
283,7244.754985,683014
284,7244.754985,685417
285,7244.754985,687828
286,7244.754985,690238
287,7244.754985,692640
288,7244.754985,695043
289,7244.754985,697459
290,7244.754985,699889
291,7244.754985,702312
292,7244.754985,704743
293,7244.754985,707167
294,7244.754985,709590
295,7244.754985,712034
296,7244.754985,714471
297,7244.754985,716898
298,7244.754985,719317
299,7244.754985,721742
300,7244.754985,724168
7244.754985,1.899861
1,7245.588610,2376
2,7245.079069,5023
3,7244.805531,7668
4,7244.782536,10312
5,7244.754985,12943
6,7244.754985,15574
7,7244.754985,18176
8,7244.754985,20685
9,7244.754985,23225
10,7244.754985,25724
11,7244.754985,28206
12,7244.754985,30694
13,7244.754985,33153
14,7244.754985,35604
15,7244.754985,38066
16,7244.754985,40513
17,7244.754985,42962
18,7244.754985,45396
19,7244.754985,47822
20,7244.754985,50244
21,7244.754985,52671
22,7244.754985,55109
23,7244.754985,57550
24,7244.754985,59981
25,7244.754985,62412
26,7244.754985,64846
27,7244.754985,67271
28,7244.754985,69707
29,7244.754985,72137
30,7244.754985,74558
31,7244.754985,76972
32,7244.754985,79387
33,7244.754985,81804
34,7244.754985,84223
35,7244.754985,86637
36,7244.754985,89061
37,7244.754985,91482
38,7244.754985,93900
39,7244.754985,96319
40,7244.754985,98746
41,7244.754985,101171
42,7244.754985,103585
43,7244.754985,106009
44,7244.754985,108426
45,7244.754985,110836
46,7244.754985,113249
47,7244.754985,115665
48,7244.754985,118093
49,7244.754985,120518
50,7244.754985,122945
51,7244.754985,125368
52,7244.754985,127787
53,7244.754985,130206
54,7244.754985,132625
55,7244.754985,135041
56,7244.754985,137453
57,7244.754985,139871
58,7244.754985,142285
59,7244.754985,144698
60,7244.754985,147115
61,7244.754985,149518
62,7244.754985,151926
63,7244.754985,154337
64,7244.754985,156754
65,7244.754985,159167
66,7244.754985,161577
67,7244.754985,163983
68,7244.754985,166385
69,7244.754985,168789
70,7244.754985,171201
71,7244.754985,173604
72,7244.754985,176007
73,7244.754985,178410
74,7244.754985,180808
75,7244.754985,183209
76,7244.754985,185606
77,7244.754985,188004
78,7244.754985,190398
79,7244.754985,192798
80,7244.754985,195200
81,7244.754985,197619
82,7244.754985,200035
83,7244.754985,202450
84,7244.754985,204857
85,7244.754985,207265
86,7244.754985,209672
87,7244.754985,212084
88,7244.754985,214503
89,7244.754985,216913
90,7244.754985,219335
91,7244.754985,221763
92,7244.754985,224180
93,7244.754985,226603
94,7244.754985,229017
95,7244.754985,231420
96,7244.754985,233838
97,7244.754985,236249
98,7244.754985,238663
99,7244.754985,241072
100,7244.754985,243488
101,7244.754985,245900
102,7244.754985,248308
103,7244.754985,250717
104,7244.754985,253118
105,7244.754985,255518
106,7244.754985,257922
107,7244.754985,260326
108,7244.754985,262736
109,7244.754985,265144
110,7244.754985,267552
111,7244.754985,269956
112,7244.754985,272359
113,7244.754985,274759
114,7244.754985,277159
115,7244.754985,279564
116,7244.754985,281965
117,7244.754985,284359
118,7244.754985,286749
119,7244.754985,289146
120,7244.754985,291547
121,7244.754985,293944
122,7244.754985,296337
123,7244.754985,298746
124,7244.754985,301155
125,7244.754985,303558
126,7244.754985,305978
127,7244.754985,308392
128,7244.754985,310796
129,7244.754985,313186
130,7244.754985,315577
131,7244.754985,317965
132,7244.754985,320360
133,7244.754985,322764
134,7244.754985,325167
135,7244.754985,327571
136,7244.754985,329992
137,7244.754985,332409
138,7244.754985,334827
139,7244.754985,337236
140,7244.754985,339642
141,7244.754985,342045
142,7244.754985,344459
143,7244.754985,346871
144,7244.754985,349280
145,7244.754985,351687
146,7244.754985,354096
147,7244.754985,356508
148,7244.754985,358921
149,7244.754985,361322
150,7244.754985,363721
151,7244.754985,366121
152,7244.754985,368523
153,7244.754985,370934
154,7244.754985,373353
155,7244.754985,375766
156,7244.754985,378178
157,7244.754985,380584
158,7244.754985,382984
159,7244.754985,385380
160,7244.754985,387774
161,7244.754985,390168
162,7244.754985,392587
163,7244.754985,395017
164,7244.754985,397448
165,7244.754985,399859
166,7244.754985,402265
167,7244.754985,404677
168,7244.754985,407081
169,7244.754985,409486
170,7244.754985,411888
171,7244.754985,414291
172,7244.754985,416691
173,7244.754985,419101
174,7244.754985,421503
175,7244.754985,423903
176,7244.754985,426308
177,7244.754985,428715
178,7244.754985,431122
179,7244.754985,433523
180,7244.754985,435921
181,7244.754985,438314
182,7244.754985,440712
183,7244.754985,443115
184,7244.754985,445514
185,7244.754985,447938
186,7244.754985,450357
187,7244.754985,452780
188,7244.754985,455190
189,7244.754985,457589
190,7244.754985,459991
191,7244.754985,462388
192,7244.754985,464784
193,7244.754985,467186
194,7244.754985,469587
195,7244.754985,471990
196,7244.754985,474388
197,7244.754985,476786
198,7244.754985,479180
199,7244.754985,481579
200,7244.754985,483973
201,7244.754985,486383
202,7244.754985,488791
203,7244.754985,491195
204,7244.754985,493616
205,7244.754985,496032
206,7244.754985,498443
207,7244.754985,500868
208,7244.754985,503283
209,7244.754985,505697
210,7244.754985,508110
211,7244.754985,510520
212,7244.754985,512938
213,7244.754985,515353
214,7244.754985,517766
215,7244.754985,520165
216,7244.754985,522566
217,7244.754985,524977
218,7244.754985,527379
219,7244.754985,529789
220,7244.754985,532203
221,7244.754985,534617
222,7244.754985,537017
223,7244.754985,539428
224,7244.754985,541835
225,7244.754985,544257
226,7244.754985,546682
227,7244.754985,549115
228,7244.754985,551537
229,7244.754985,553950
230,7244.754985,556362
231,7244.754985,558769
232,7244.754985,561179
233,7244.754985,563586
234,7244.754985,565983
235,7244.754985,568383
236,7244.754985,570786
237,7244.754985,573197
238,7244.754985,575600
239,7244.754985,577998
240,7244.754985,580395
241,7244.754985,582796
242,7244.754985,585197
243,7244.754985,587602
244,7244.754985,590009
245,7244.754985,592408
246,7244.754985,594812
247,7244.754985,597213
248,7244.754985,599610
249,7244.754985,602005
250,7244.754985,604401
251,7244.754985,606812
252,7244.754985,609224
253,7244.754985,611632
254,7244.754985,614036
255,7244.754985,616444
256,7244.754985,618850
257,7244.754985,621253
258,7244.754985,623659
259,7244.754985,626067
260,7244.754985,628467
261,7244.754985,630861
262,7244.754985,633261
263,7244.754985,635659
264,7244.754985,638054
265,7244.754985,640449
266,7244.754985,642840
267,7244.754985,645230
268,7244.754985,647626
269,7244.754985,650030
270,7244.754985,652430
271,7244.754985,654834
272,7244.754985,657240
273,7244.754985,659649
274,7244.754985,662059
275,7244.754985,664462
276,7244.754985,666865
277,7244.754985,669273
278,7244.754985,671673
279,7244.754985,674069
280,7244.754985,676472
281,7244.754985,678884
282,7244.754985,681286
283,7244.754985,683689
284,7244.754985,686102
285,7244.754985,688507
286,7244.754985,690921
287,7244.754985,693329
288,7244.754985,695732
289,7244.754985,698134
290,7244.754985,700547
291,7244.754985,702967
292,7244.754985,705375
293,7244.754985,707780
294,7244.754985,710173
295,7244.754985,712570
296,7244.754985,714981
297,7244.754985,717387
298,7244.754985,719804
299,7244.754985,722210
300,7244.754985,724632
7244.754985,1.929815
1,7245.381294,2376
2,7244.967483,4999
3,7244.782536,7624
4,7244.754985,10241
5,7244.754985,12856
6,7244.754985,15459
7,7244.754985,18045
8,7244.754985,20554
9,7244.754985,23066
10,7244.754985,25566
11,7244.754985,28035
12,7244.754985,30501
13,7244.754985,32954
14,7244.754985,35412
15,7244.754985,37849
16,7244.754985,40290
17,7244.754985,42734
18,7244.754985,45173
19,7244.754985,47615
20,7244.754985,50045
21,7244.754985,52473
22,7244.754985,54902
23,7244.754985,57349
24,7244.754985,59802
25,7244.754985,62245
26,7244.754985,64679
27,7244.754985,67107
28,7244.754985,69534
29,7244.754985,71968
30,7244.754985,74398
31,7244.754985,76826
32,7244.754985,79250
33,7244.754985,81671
34,7244.754985,84094
35,7244.754985,86518
36,7244.754985,88940
37,7244.754985,91354
38,7244.754985,93770
39,7244.754985,96189
40,7244.754985,98609
41,7244.754985,101024
42,7244.754985,103439
43,7244.754985,105843
44,7244.754985,108244
45,7244.754985,110652
46,7244.754985,113056
47,7244.754985,115461
48,7244.754985,117871
49,7244.754985,120280
50,7244.754985,122698
51,7244.754985,125115
52,7244.754985,127529
53,7244.754985,129948
54,7244.754985,132372
55,7244.754985,134793
56,7244.754985,137210
57,7244.754985,139621
58,7244.754985,142029
59,7244.754985,144441
60,7244.754985,146847
61,7244.754985,149260
62,7244.754985,151677
63,7244.754985,154096
64,7244.754985,156514
65,7244.754985,158927
66,7244.754985,161339
67,7244.754985,163747
68,7244.754985,166154
69,7244.754985,168572
70,7244.754985,170987
71,7244.754985,173414
72,7244.754985,175831
73,7244.754985,178251
74,7244.754985,180660
75,7244.754985,183063
76,7244.754985,185465
77,7244.754985,187861
78,7244.754985,190268
79,7244.754985,192668
80,7244.754985,195071
81,7244.754985,197475
82,7244.754985,199879
83,7244.754985,202279
84,7244.754985,204677
85,7244.754985,207078
86,7244.754985,209480
87,7244.754985,211880
88,7244.754985,214284
89,7244.754985,216689
90,7244.754985,219091
91,7244.754985,221492
92,7244.754985,223889
93,7244.754985,226292
94,7244.754985,228691
95,7244.754985,231085
96,7244.754985,233482
97,7244.754985,235877
98,7244.754985,238276
99,7244.754985,240675
100,7244.754985,243074
101,7244.754985,245471
102,7244.754985,247871
103,7244.754985,250270
104,7244.754985,252685
105,7244.754985,255088
106,7244.754985,257492
107,7244.754985,259909
108,7244.754985,262327
109,7244.754985,264736
110,7244.754985,267151
111,7244.754985,269573
112,7244.754985,271984
113,7244.754985,274389
114,7244.754985,276793
115,7244.754985,279202
116,7244.754985,281605
117,7244.754985,284011
118,7244.754985,286411
119,7244.754985,288814
120,7244.754985,291207
121,7244.754985,293600
122,7244.754985,295991
123,7244.754985,298384
124,7244.754985,300770
125,7244.754985,303159
126,7244.754985,305551
127,7244.754985,307938
128,7244.754985,310322
129,7244.754985,312712
130,7244.754985,315108
131,7244.754985,317500
132,7244.754985,319895
133,7244.754985,322293
134,7244.754985,324695
135,7244.754985,327101
136,7244.722003,329497
137,7244.722003,331905
138,7244.722003,334302
139,7244.722003,336726
140,7244.722003,339139
141,7244.722003,341552
142,7244.722003,343961
143,7244.722003,346372
144,7244.722003,348784
145,7244.722003,351193
146,7244.722003,353598
147,7244.722003,355999
148,7244.722003,358411
149,7244.722003,360818
150,7244.722003,363227
151,7244.722003,365644
152,7244.722003,368080
153,7244.722003,370518
154,7244.722003,372953
155,7244.722003,375380
156,7244.722003,377810
157,7244.722003,380227
158,7244.722003,382638
159,7244.722003,385040
160,7244.722003,387453
161,7244.722003,389878
162,7244.722003,392296
163,7244.722003,394714
164,7244.722003,397125
165,7244.722003,399531
166,7244.722003,401937
167,7244.722003,404362
168,7244.722003,406785
169,7244.722003,409207
170,7244.722003,411637
171,7244.722003,414062
172,7244.722003,416481
173,7244.722003,418897
174,7244.722003,421305
175,7244.722003,423705
176,7244.722003,426109
177,7244.722003,428516
178,7244.722003,430921
179,7244.722003,433322
180,7244.722003,435730
181,7244.722003,438147
182,7244.722003,440556
183,7244.722003,442964
184,7244.722003,445377
185,7244.722003,447792
186,7244.722003,450207
187,7244.722003,452617
188,7244.722003,455034
189,7244.722003,457449
190,7244.722003,459857
191,7244.722003,462262
192,7244.722003,464666
193,7244.722003,467072
194,7244.722003,469475
195,7244.722003,471884
196,7244.722003,474288
197,7244.722003,476688
198,7244.722003,479082
199,7244.722003,481479
200,7244.722003,483883
201,7244.722003,486288
202,7244.722003,488692
203,7244.722003,491090
204,7244.722003,493481
205,7244.722003,495882
206,7244.722003,498280
207,7244.722003,500686
208,7244.722003,503091
209,7244.722003,505502
210,7244.722003,507909
211,7244.722003,510311
212,7244.722003,512719
213,7244.722003,515121
214,7244.722003,517538
215,7244.722003,519956
216,7244.722003,522375
217,7244.722003,524777
218,7244.722003,527181
219,7244.722003,529592
220,7244.722003,531993
221,7244.722003,534394
222,7244.722003,536793
223,7244.722003,539197
224,7244.722003,541594
225,7244.722003,543998
226,7244.722003,546402
227,7244.722003,548806
228,7244.722003,551223
229,7244.722003,553640
230,7244.722003,556050
231,7244.722003,558466
232,7244.722003,560884
233,7244.722003,563293
234,7244.722003,565694
235,7244.722003,568094
236,7244.722003,570491
237,7244.722003,572885
238,7244.722003,575283
239,7244.722003,577682
240,7244.722003,580087
241,7244.722003,582492
242,7244.722003,584905
243,7244.722003,587314
244,7244.722003,589718
245,7244.722003,592126
246,7244.722003,594529
247,7244.722003,596934
248,7244.722003,599334
249,7244.722003,601732
250,7244.722003,604129
251,7244.722003,606525
252,7244.722003,608918
253,7244.722003,611309
254,7244.722003,613698
255,7244.722003,616090
256,7244.722003,618485
257,7244.722003,620873
258,7244.722003,623263
259,7244.722003,625660
260,7244.722003,628058
261,7244.722003,630465
262,7244.722003,632871
263,7244.722003,635270
264,7244.722003,637682
265,7244.722003,640089
266,7244.722003,642493
267,7244.722003,644885
268,7244.722003,647279
269,7244.722003,649672
270,7244.722003,652061
271,7244.722003,654452
272,7244.722003,656838
273,7244.722003,659228
274,7244.722003,661615
275,7244.722003,664008
276,7244.722003,666411
277,7244.722003,668803
278,7244.722003,671200
279,7244.722003,673594
280,7244.722003,675994
281,7244.722003,678413
282,7244.722003,680823
283,7244.722003,683224
284,7244.722003,685627
285,7244.722003,688024
286,7244.722003,690415
287,7244.722003,692807
288,7244.722003,695197
289,7244.722003,697585
290,7244.722003,699993
291,7244.722003,702400
292,7244.722003,704806
293,7244.722003,707207
294,7244.722003,709607
295,7244.722003,712012
296,7244.722003,714412
297,7244.722003,716808
298,7244.722003,719202
299,7244.722003,721602
300,7244.722003,724007
7244.722003,1.891421
1,7245.466904,2376
2,7245.466904,5002
3,7244.888224,7627
4,7244.888224,10246
5,7244.754985,12861
6,7244.754985,15471
7,7244.754985,18039
8,7244.754985,20544
9,7244.754985,23054
10,7244.754985,25541
11,7244.754985,28016
12,7244.754985,30468
13,7244.754985,32903
14,7244.754985,35348
15,7244.754985,37815
16,7244.754985,40261
17,7244.754985,42701
18,7244.754985,45138
19,7244.754985,47579
20,7244.754985,50014
21,7244.754985,52441
22,7244.754985,54884
23,7244.754985,57336
24,7244.754985,59784
25,7244.754985,62219
26,7244.754985,64650
27,7244.754985,67084
28,7244.754985,69506
29,7244.754985,71933
30,7244.754985,74365
31,7244.754985,76806
32,7244.754985,79233
33,7244.754985,81665
34,7244.754985,84079
35,7244.754985,86492
36,7244.754985,88903
37,7244.754985,91327
38,7244.754985,93750
39,7244.754985,96170
40,7244.754985,98585
41,7244.754985,100994
42,7244.754985,103398
43,7244.754985,105798
44,7244.754985,108199
45,7244.754985,110612
46,7244.754985,113012
47,7244.754985,115420
48,7244.754985,117820
49,7244.754985,120218
50,7244.754985,122612
51,7244.754985,125015
52,7244.754985,127417
53,7244.754985,129829
54,7244.754985,132233
55,7244.754985,134636
56,7244.754985,137041
57,7244.754985,139455
58,7244.754985,141870
59,7244.754985,144277
60,7244.754985,146686
61,7244.754985,149091
62,7244.754985,151504
63,7244.754985,153919
64,7244.754985,156339
65,7244.754985,158761
66,7244.754985,161167
67,7244.754985,163578
68,7244.754985,165984
69,7244.754985,168399
70,7244.754985,170813
71,7244.754985,173230
72,7244.754985,175643
73,7244.754985,178062
74,7244.754985,180473
75,7244.754985,182883
76,7244.754985,185286
77,7244.754985,187695
78,7244.754985,190102
79,7244.754985,192523
80,7244.754985,194938
81,7244.754985,197357
82,7244.754985,199777
83,7244.754985,202193
84,7244.754985,204594
85,7244.754985,207004
86,7244.754985,209424
87,7244.754985,211842
88,7244.754985,214254
89,7244.754985,216667
90,7244.754985,219079
91,7244.754985,221485
92,7244.754985,223894
93,7244.754985,226301
94,7244.754985,228712
95,7244.754985,231124
96,7244.754985,233534
97,7244.754985,235955
98,7244.754985,238376
99,7244.754985,240788
100,7244.754985,243200
101,7244.754985,245622
102,7244.754985,248033
103,7244.754985,250435
104,7244.754985,252843
105,7244.754985,255248
106,7244.754985,257652
107,7244.754985,260065
108,7244.754985,262481
109,7244.754985,264903
110,7244.754985,267331
111,7244.754985,269761
112,7244.754985,272186
113,7244.754985,274611
114,7244.754985,277030
115,7244.754985,279450
116,7244.754985,281860
117,7244.754985,284274
118,7244.754985,286680
119,7244.754985,289081
120,7244.754985,291480
121,7244.754985,293880
122,7244.754985,296278
123,7244.754985,298678
124,7244.754985,301081
125,7244.754985,303482
126,7244.754985,305884
127,7244.754985,308282
128,7244.754985,310683
129,7244.754985,313095
130,7244.754985,315509
131,7244.754985,317921
132,7244.754985,320335
133,7244.754985,322748
134,7244.754985,325163
135,7244.754985,327577
136,7244.754985,329987
137,7244.754985,332393
138,7244.754985,334813
139,7244.754985,337235
140,7244.754985,339656
141,7244.754985,342081
142,7244.754985,344499
143,7244.754985,346908
144,7244.754985,349323
145,7244.754985,351743
146,7244.754985,354154
147,7244.754985,356566
148,7244.754985,358978
149,7244.754985,361393
150,7244.754985,363809
151,7244.754985,366211
152,7244.754985,368608
153,7244.754985,371006
154,7244.754985,373407
155,7244.754985,375807
156,7244.754985,378204
157,7244.754985,380612
158,7244.754985,383017
159,7244.754985,385424
160,7244.754985,387830
161,7244.754985,390256
162,7244.754985,392681
163,7244.754985,395089
164,7244.754985,397503
165,7244.754985,399907
166,7244.754985,402309
167,7244.754985,404704
168,7244.754985,407100
169,7244.754985,409504
170,7244.754985,411904
171,7244.754985,414323
172,7244.754985,416748
173,7244.754985,419163
174,7244.754985,421579
175,7244.754985,423998
176,7244.754985,426410
177,7244.754985,428814
178,7244.754985,431230
179,7244.754985,433629
180,7244.754985,436025
181,7244.754985,438421
182,7244.754985,440821
183,7244.754985,443214
184,7244.754985,445608
185,7244.754985,448001
186,7244.754985,450405
187,7244.754985,452816
188,7244.754985,455220
189,7244.754985,457625
190,7244.754985,460039
191,7244.754985,462440
192,7244.754985,464851
193,7244.754985,467258
194,7244.754985,469665
195,7244.754985,472074
196,7244.754985,474485
197,7244.754985,476893
198,7244.754985,479306
199,7244.754985,481727
200,7244.754985,484139
201,7244.754985,486551
202,7244.754985,488950
203,7244.754985,491351
204,7244.754985,493755
205,7244.754985,496153
206,7244.754985,498555
207,7244.754985,500952
208,7244.754985,503348
209,7244.754985,505751
210,7244.754985,508154
211,7244.754985,510559
212,7244.754985,512971
213,7244.754985,515387
214,7244.754985,517816
215,7244.754985,520234
216,7244.754985,522646
217,7244.754985,525059
218,7244.754985,527464
219,7244.754985,529875
220,7244.754985,532289
221,7244.754985,534711
222,7244.754985,537140
223,7244.754985,539557
224,7244.754985,541982
225,7244.754985,544396
226,7244.754985,546821
227,7244.754985,549243
228,7244.754985,551649
229,7244.754985,554049
230,7244.754985,556448
231,7244.754985,558853
232,7244.754985,561256
233,7244.754985,563653
234,7244.754985,566056
235,7244.754985,568454
236,7244.754985,570850
237,7244.754985,573252
238,7244.754985,575648
239,7244.754985,578043
240,7244.754985,580437
241,7244.754985,582834
242,7244.754985,585232
243,7244.754985,587629
244,7244.754985,590023
245,7244.754985,592416
246,7244.754985,594819
247,7244.754985,597239
248,7244.754985,599656
249,7244.754985,602075
250,7244.754985,604502
251,7244.754985,606918
252,7244.754985,609339
253,7244.754985,611759
254,7244.754985,614171
255,7244.754985,616589
256,7244.754985,619026
257,7244.754985,621454
258,7244.754985,623887
259,7244.754985,626319
260,7244.754985,628741
261,7244.754985,631165
262,7244.754985,633584
263,7244.754985,635997
264,7244.754985,638409
265,7244.754985,640824
266,7244.754985,643243
267,7244.754985,645654
268,7244.754985,648063
269,7244.754985,650469
270,7244.754985,652868
271,7244.754985,655272
272,7244.754985,657673
273,7244.754985,660075
274,7244.754985,662470
275,7244.754985,664871
276,7244.754985,667275
277,7244.754985,669674
278,7244.754985,672076
279,7244.754985,674497
280,7244.754985,676920
281,7244.754985,679341
282,7244.754985,681754
283,7244.754985,684158
284,7244.754985,686580
285,7244.754985,688983
286,7244.754985,691390
287,7244.754985,693796
288,7244.754985,696206
289,7244.754985,698624
290,7244.754985,701043
291,7244.754985,703454
292,7244.754985,705861
293,7244.754985,708278
294,7244.754985,710684
295,7244.754985,713098
296,7244.754985,715530
297,7244.754985,717966
298,7244.754985,720396
299,7244.754985,722827
300,7244.754985,725254
7244.754985,1.899701
1,7245.372999,2376
2,7245.197610,5008
3,7244.813465,7640
4,7244.782536,10270
5,7244.782536,12893
6,7244.754985,15506
7,7244.754985,18100
8,7244.754985,20623
9,7244.754985,23132
10,7244.754985,25630
11,7244.754985,28116
12,7244.754985,30585
13,7244.754985,33037
14,7244.754985,35486
15,7244.754985,37929
16,7244.754985,40369
17,7244.754985,42812
18,7244.754985,45253
19,7244.754985,47698
20,7244.754985,50144
21,7244.754985,52600
22,7244.754985,55054
23,7244.754985,57492
24,7244.754985,59926
25,7244.754985,62350
26,7244.754985,64773
27,7244.754985,67198
28,7244.754985,69620
29,7244.754985,72045
30,7244.754985,74480
31,7244.754985,76902
32,7244.754985,79328
33,7244.754985,81748
34,7244.754985,84171
35,7244.754985,86595
36,7244.754985,89018
37,7244.754985,91432
38,7244.754985,93846
39,7244.754985,96259
40,7244.754985,98663
41,7244.754985,101078
42,7244.754985,103494
43,7244.754985,105917
44,7244.754985,108342
45,7244.754985,110754
46,7244.754985,113166
47,7244.754985,115579
48,7244.754985,117987
49,7244.754985,120398
50,7244.754985,122809
51,7244.754985,125221
52,7244.754985,127631
53,7244.754985,130053
54,7244.754985,132479
55,7244.754985,134908
56,7244.754985,137334
57,7244.754985,139761
58,7244.754985,142192
59,7244.754985,144617
60,7244.754985,147032
61,7244.754985,149454
62,7244.754985,151868
63,7244.754985,154290
64,7244.754985,156698
65,7244.754985,159107
66,7244.754985,161515
67,7244.754985,163925
68,7244.754985,166328
69,7244.754985,168731
70,7244.754985,171146
71,7244.754985,173559
72,7244.754985,175969
73,7244.754985,178374
74,7244.754985,180789
75,7244.754985,183213
76,7244.754985,185628
77,7244.754985,188051
78,7244.754985,190472
79,7244.754985,192890
80,7244.754985,195294
81,7244.754985,197702
82,7244.754985,200121
83,7244.754985,202534
84,7244.754985,204941
85,7244.754985,207341
86,7244.754985,209746
87,7244.754985,212159
88,7244.754985,214573
89,7244.754985,216983
90,7244.754985,219403
91,7244.754985,221825
92,7244.754985,224245
93,7244.754985,226665
94,7244.754985,229079
95,7244.754985,231498
96,7244.722003,233915
97,7244.722003,236339
98,7244.722003,238769
99,7244.722003,241193
100,7244.722003,243617
101,7244.722003,246042
102,7244.722003,248456
103,7244.722003,250867
104,7244.722003,253289
105,7244.722003,255704
106,7244.722003,258116
107,7244.722003,260532
108,7244.722003,262944
109,7244.722003,265362
110,7244.722003,267773
111,7244.722003,270180
112,7244.722003,272584
113,7244.722003,274987
114,7244.722003,277394
115,7244.722003,279798
116,7244.722003,282197
117,7244.722003,284603
118,7244.722003,287006
119,7244.722003,289407
120,7244.722003,291823
121,7244.722003,294257
122,7244.722003,296694
123,7244.722003,299130
124,7244.722003,301559
125,7244.722003,303987
126,7244.722003,306405
127,7244.722003,308817
128,7244.722003,311237
129,7244.722003,313662
130,7244.722003,316085
131,7244.722003,318502
132,7244.722003,320927
133,7244.722003,323343
134,7244.722003,325758
135,7244.722003,328175
136,7244.722003,330597
137,7244.722003,333014
138,7244.722003,335431
139,7244.722003,337844
140,7244.722003,340253
141,7244.722003,342662
142,7244.722003,345080
143,7244.722003,347504
144,7244.722003,349917
145,7244.722003,352343
146,7244.722003,354775
147,7244.722003,357196
148,7244.722003,359613
149,7244.722003,362032
150,7244.722003,364447
151,7244.722003,366866
152,7244.722003,369286
153,7244.722003,371694
154,7244.722003,374105
155,7244.722003,376521
156,7244.722003,378940
157,7244.722003,381346
158,7244.722003,383752
159,7244.722003,386162
160,7244.722003,388569
161,7244.722003,390971
162,7244.722003,393373
163,7244.722003,395789
164,7244.722003,398211
165,7244.722003,400633
166,7244.722003,403052
167,7244.722003,405467
168,7244.722003,407884
169,7244.722003,410300
170,7244.722003,412715
171,7244.722003,415134
172,7244.722003,417546
173,7244.722003,419956
174,7244.722003,422375
175,7244.722003,424791
176,7244.722003,427202
177,7244.722003,429611
178,7244.722003,432018
179,7244.722003,434426
180,7244.722003,436832
181,7244.722003,439244
182,7244.722003,441644
183,7244.722003,444053
184,7244.722003,446456
185,7244.722003,448872
186,7244.722003,451294
187,7244.722003,453713
188,7244.722003,456137
189,7244.722003,458550
190,7244.722003,460954
191,7244.722003,463366
192,7244.722003,465767
193,7244.722003,468165
194,7244.722003,470561
195,7244.722003,472960
196,7244.722003,475364
197,7244.722003,477772
198,7244.722003,480175
199,7244.722003,482589
200,7244.722003,485000
201,7244.722003,487404
202,7244.722003,489819
203,7244.722003,492233
204,7244.722003,494652
205,7244.722003,497069
206,7244.722003,499491
207,7244.722003,501907
208,7244.722003,504310
209,7244.722003,506721
210,7244.722003,509133
211,7244.722003,511553
212,7244.722003,513961
213,7244.722003,516367
214,7244.722003,518774
215,7244.722003,521167
216,7244.722003,523567
217,7244.722003,525973
218,7244.722003,528383
219,7244.722003,530787
220,7244.722003,533194
221,7244.722003,535600
222,7244.722003,538008
223,7244.722003,540410
224,7244.722003,542820
225,7244.722003,545223
226,7244.722003,547625
227,7244.722003,550044
228,7244.722003,552467
229,7244.722003,554894
230,7244.722003,557321
231,7244.722003,559740
232,7244.722003,562153
233,7244.722003,564563
234,7244.722003,566968
235,7244.722003,569382
236,7244.722003,571796
237,7244.722003,574211
238,7244.722003,576619
239,7244.722003,579029
240,7244.722003,581436
241,7244.722003,583848
242,7244.722003,586248
243,7244.722003,588654
244,7244.722003,591058
245,7244.722003,593467
246,7244.722003,595879
247,7244.722003,598287
248,7244.722003,600686
249,7244.722003,603084
250,7244.722003,605491
251,7244.722003,607912
252,7244.722003,610338
253,7244.722003,612756
254,7244.722003,615173
255,7244.722003,617583
256,7244.722003,619995
257,7244.722003,622408
258,7244.722003,624807
259,7244.722003,627209
260,7244.722003,629612
261,7244.722003,632017
262,7244.722003,634430
263,7244.722003,636848
264,7244.722003,639276
265,7244.722003,641706
266,7244.722003,644136
267,7244.722003,646577
268,7244.722003,649007
269,7244.722003,651440
270,7244.722003,653866
271,7244.722003,656285
272,7244.722003,658705
273,7244.722003,661113
274,7244.722003,663521
275,7244.722003,665919
276,7244.722003,668335
277,7244.722003,670747
278,7244.722003,673163
279,7244.722003,675574
280,7244.722003,677973
281,7244.722003,680377
282,7244.722003,682776
283,7244.722003,685171
284,7244.722003,687567
285,7244.722003,689969
286,7244.722003,692366
287,7244.722003,694767
288,7244.722003,697167
289,7244.722003,699569
290,7244.722003,701967
291,7244.722003,704370
292,7244.722003,706798
293,7244.722003,709209
294,7244.722003,711624
295,7244.722003,714038
296,7244.722003,716457
297,7244.722003,718864
298,7244.722003,721276
299,7244.722003,723688
7244.722003,1.849455
1,7245.588610,2376
2,7245.045959,5035
3,7244.805531,7691
4,7244.805531,10343
5,7244.805531,12994
6,7244.782536,15629
7,7244.754985,18240
8,7244.754985,20761
9,7244.754985,23266
10,7244.754985,25742
11,7244.754985,28235
12,7244.754985,30723
13,7244.754985,33179
14,7244.754985,35620
15,7244.754985,38065
16,7244.754985,40514
17,7244.754985,42960
18,7244.754985,45400
19,7244.754985,47838
20,7244.754985,50277
21,7244.754985,52714
22,7244.754985,55142
23,7244.754985,57565
24,7244.754985,59994
25,7244.754985,62434
26,7244.754985,64858
27,7244.754985,67290
28,7244.754985,69717
29,7244.754985,72142
30,7244.754985,74571
31,7244.754985,77002
32,7244.754985,79428
33,7244.754985,81853
34,7244.754985,84277
35,7244.754985,86701
36,7244.754985,89127
37,7244.754985,91542
38,7244.754985,93964
39,7244.754985,96391
40,7244.754985,98817
41,7244.754985,101235
42,7244.754985,103657
43,7244.754985,106077
44,7244.754985,108502
45,7244.754985,110922
46,7244.754985,113344
47,7244.754985,115767
48,7244.754985,118186
49,7244.754985,120611
50,7244.754985,123032
51,7244.754985,125447
52,7244.754985,127861
53,7244.754985,130288
54,7244.754985,132707
55,7244.754985,135118
56,7244.754985,137530
57,7244.754985,139942
58,7244.754985,142365
59,7244.754985,144786
60,7244.754985,147211
61,7244.754985,149622
62,7244.754985,152040
63,7244.754985,154453
64,7244.754985,156871
65,7244.754985,159302
66,7244.754985,161723
67,7244.754985,164143
68,7244.754985,166559
69,7244.754985,168982
70,7244.754985,171399
71,7244.754985,173809
72,7244.754985,176219
73,7244.754985,178627
74,7244.754985,181035
75,7244.754985,183441
76,7244.754985,185852
77,7244.754985,188258
78,7244.754985,190662
79,7244.754985,193063
80,7244.754985,195476
81,7244.754985,197886
82,7244.754985,200315
83,7244.754985,202739
84,7244.754985,205166
85,7244.754985,207594
86,7244.754985,210010
87,7244.754985,212417
88,7244.754985,214837
89,7244.754985,217259
90,7244.754985,219677
91,7244.754985,222096
92,7244.754985,224514
93,7244.754985,226923
94,7244.754985,229339
95,7244.754985,231746
96,7244.754985,234151
97,7244.754985,236572
98,7244.754985,238991
99,7244.754985,241419
100,7244.754985,243845
101,7244.754985,246263
102,7244.754985,248689
103,7244.754985,251097
104,7244.754985,253502
105,7244.754985,255912
106,7244.754985,258322
107,7244.754985,260732
108,7244.754985,263137
109,7244.754985,265543
110,7244.754985,267979
111,7244.754985,270401
112,7244.754985,272822
113,7244.754985,275243
114,7244.754985,277668
115,7244.754985,280089
116,7244.754985,282512
117,7244.754985,284948
118,7244.754985,287384
119,7244.754985,289805
120,7244.754985,292222
121,7244.754985,294634
122,7244.754985,297042
123,7244.754985,299445
124,7244.754985,301845
125,7244.754985,304248
126,7244.754985,306662
127,7244.754985,309074
128,7244.754985,311479
129,7244.754985,313893
130,7244.754985,316303
131,7244.754985,318723
132,7244.754985,321134
133,7244.754985,323547
134,7244.754985,325958
135,7244.754985,328360
136,7244.754985,330772
137,7244.754985,333188
138,7244.754985,335605
139,7244.754985,338022
140,7244.754985,340436
141,7244.754985,342841
142,7244.754985,345251
143,7244.754985,347668
144,7244.754985,350078
145,7244.754985,352477
146,7244.754985,354875
147,7244.754985,357277
148,7244.754985,359677
149,7244.754985,362073
150,7244.754985,364468
151,7244.754985,366866
152,7244.754985,369267
153,7244.754985,371669
154,7244.754985,374075
155,7244.754985,376481
156,7244.754985,378893
157,7244.754985,381321
158,7244.754985,383756
159,7244.754985,386181
160,7244.754985,388606
161,7244.754985,391030
162,7244.754985,393440
163,7244.754985,395851
164,7244.754985,398262
165,7244.754985,400666
166,7244.754985,403087
167,7244.754985,405506
168,7244.754985,407916
169,7244.754985,410323
170,7244.754985,412722
171,7244.754985,415133
172,7244.754985,417542
173,7244.754985,419951
174,7244.754985,422357
175,7244.754985,424772
176,7244.754985,427177
177,7244.754985,429576
178,7244.754985,431980
179,7244.754985,434387
180,7244.754985,436797
181,7244.754985,439199
182,7244.754985,441615
183,7244.754985,444014
184,7244.754985,446416
185,7244.754985,448827
186,7244.754985,451237
187,7244.754985,453644
188,7244.754985,456053
189,7244.754985,458477
190,7244.754985,460891
191,7244.754985,463301
192,7244.754985,465697
193,7244.754985,468101
194,7244.754985,470496
195,7244.754985,472902
196,7244.754985,475309
197,7244.754985,477714
198,7244.754985,480115
199,7244.754985,482509
200,7244.754985,484906
201,7244.754985,487298
202,7244.754985,489691
203,7244.754985,492094
204,7244.754985,494493
205,7244.754985,496890
206,7244.754985,499281
207,7244.754985,501675
208,7244.754985,504068
209,7244.754985,506462
210,7244.754985,508866
211,7244.754985,511262
212,7244.754985,513658
213,7244.754985,516059
214,7244.754985,518460
215,7244.754985,520855
216,7244.754985,523252
217,7244.754985,525658
218,7244.754985,528066
219,7244.754985,530477
220,7244.754985,532897
221,7244.754985,535318
222,7244.754985,537740
223,7244.754985,540176
224,7244.754985,542604
225,7244.754985,545029
226,7244.754985,547455
227,7244.754985,549881
228,7244.754985,552312
229,7244.754985,554734
230,7244.754985,557148
231,7244.754985,559564
232,7244.754985,561974
233,7244.754985,564380
234,7244.754985,566788
235,7244.754985,569194
236,7244.754985,571591
237,7244.754985,573990
238,7244.754985,576390
239,7244.754985,578796
240,7244.754985,581242
241,7244.754985,583687
242,7244.754985,586135
243,7244.754985,588591
244,7244.754985,591032
245,7244.754985,593457
246,7244.754985,595891
247,7244.754985,598325
248,7244.754985,600759
249,7244.754985,603192
250,7244.754985,605615
251,7244.754985,608029
252,7244.754985,610436
253,7244.754985,612840
254,7244.754985,615243
255,7244.754985,617644
256,7244.754985,620062
257,7244.754985,622473
258,7244.754985,624881
259,7244.754985,627282
260,7244.754985,629680
261,7244.754985,632075
262,7244.754985,634471
263,7244.754985,636863
264,7244.754985,639257
265,7244.754985,641653
266,7244.754985,644044
267,7244.754985,646435
268,7244.754985,648825
269,7244.754985,651220
270,7244.754985,653612
271,7244.754985,656006
272,7244.754985,658405
273,7244.754985,660804
274,7244.754985,663215
275,7244.754985,665621
276,7244.754985,668036
277,7244.754985,670450
278,7244.754985,672865
279,7244.754985,675274
280,7244.754985,677697
281,7244.754985,680123
282,7244.754985,682553
283,7244.754985,684976
284,7244.754985,687386
285,7244.754985,689813
286,7244.754985,692229
287,7244.754985,694639
288,7244.754985,697051
289,7244.754985,699469
290,7244.754985,701887
291,7244.754985,704296
292,7244.754985,706712
293,7244.754985,709126
294,7244.754985,711531
295,7244.754985,713935
296,7244.754985,716348
297,7244.754985,718777
298,7244.754985,721207
299,7244.754985,723642
7244.722003,1.880535
