1,18683.692049,2376
2,18565.649748,5039
3,18366.002636,7700
4,18138.504920,10352
5,17945.932980,12996
6,17837.761236,15637
7,17768.315371,18287
8,17728.358729,20945
9,17722.049032,23605
10,17714.979464,26263
11,17698.926918,28922
12,17698.926918,31584
13,17698.926918,34247
14,17698.926918,36909
15,17698.926918,39571
16,17698.926918,42232
17,17698.926918,44895
18,17698.926918,47556
19,17698.926918,50218
20,17680.842132,52880
21,17648.276044,55541
22,17648.276044,58203
23,17640.384174,60866
24,17640.384174,63530
25,17640.384174,66195
26,17632.260124,68860
27,17632.260124,71525
28,17632.260124,74189
29,17629.956599,76853
30,17629.956599,79518
31,17628.473276,82183
32,17628.473276,84848
33,17628.473276,87513
34,17628.473276,90178
35,17628.473276,92843
36,17628.473276,95508
37,17628.473276,98173
38,17628.407740,100838
39,17628.407740,103503
40,17628.407740,106168
41,17628.407740,108833
42,17623.961288,111498
43,17623.961288,114163
44,17623.961288,116828
45,17622.770913,119493
46,17622.770913,122158
47,17622.770913,124823
48,17621.875566,127488
49,17621.875566,130153
50,17621.875566,132818
51,17621.875566,135483
52,17621.875566,138148
53,17621.875566,140813
54,17621.875566,143478
55,17614.389886,146143
56,17614.389886,148808
57,17614.389886,151473
58,17614.389886,154138
59,17614.389886,156803
60,17614.389886,159468
61,17614.389886,162133
62,17614.389886,164798
63,17614.389886,167463
64,17614.389886,170128
65,17614.389886,172793
66,17614.389886,175458
67,17614.389886,178123
68,17612.069231,180788
69,17612.069231,183453
70,17610.503021,186118
71,17610.503021,188783
72,17610.503021,191448
73,17610.503021,194113
74,17610.503021,196778
75,17610.503021,199443
76,17610.503021,202108
77,17607.517507,204773
78,17607.517507,207438
79,17607.517507,210103
80,17607.517507,212768
81,17607.517507,215433
82,17607.517507,218098
83,17607.517507,220763
84,17607.517507,223428
85,17607.517507,226093
86,17607.517507,228758
87,17607.517507,231423
88,17607.517507,234088
89,17607.517507,236753
90,17607.517507,239418
91,17607.517507,242083
92,17607.517507,244748
93,17607.517507,247413
94,17607.517507,250078
95,17607.517507,252743
96,17607.517507,255408
97,17607.517507,258073
98,17607.517507,260738
99,17607.517507,263403
100,17607.517507,266068
101,17607.517507,268733
102,17607.517507,271398
103,17606.188517,274063
104,17606.188517,276728
105,17606.188517,279393
106,17606.188517,282058
107,17606.188517,284723
108,17606.188517,287388
109,17606.188517,290053
110,17606.188517,292718
111,17606.188517,295383
112,17606.188517,298048
113,17606.188517,300713
114,17606.188517,303378
115,17606.188517,306043
116,17606.188517,308708
117,17606.188517,311373
118,17606.188517,314038
119,17606.188517,316703
120,17606.188517,319368
121,17606.188517,322033
122,17606.188517,324698
123,17606.188517,327363
124,17606.188517,330028
125,17606.188517,332693
126,17606.188517,335358
127,17606.188517,338023
128,17606.188517,340688
129,17606.188517,343353
130,17606.188517,346018
131,17606.188517,348683
132,17606.188517,351348
133,17606.188517,354013
134,17606.188517,356678
135,17606.188517,359343
136,17606.188517,362008
137,17606.188517,364673
138,17606.188517,367338
139,17606.188517,370003
140,17606.188517,372668
141,17606.188517,375333
142,17606.188517,377998
143,17606.188517,380663
144,17606.188517,383328
145,17606.188517,385993
146,17606.188517,388658
147,17606.188517,391323
148,17606.188517,393988
149,17606.188517,396653
150,17606.188517,399318
151,17606.188517,401983
152,17606.188517,404648
153,17606.188517,407313
154,17606.188517,409978
155,17606.188517,412643
156,17606.188517,415308
157,17606.188517,417973
158,17606.188517,420638
159,17606.188517,423303
160,17606.188517,425968
161,17606.188517,428633
162,17606.188517,431298
163,17606.188517,433963
164,17606.188517,436628
165,17606.188517,439293
166,17606.188517,441958
167,17606.188517,444623
168,17606.188517,447288
169,17606.188517,449953
170,17606.188517,452618
171,17606.188517,455283
172,17606.188517,457948
173,17606.188517,460613
174,17606.188517,463278
175,17606.188517,465943
176,17606.188517,468608
177,17606.188517,471273
178,17606.188517,473938
179,17606.188517,476603
180,17606.188517,479268
181,17606.188517,481933
182,17606.188517,484598
183,17606.188517,487263
184,17606.188517,489928
185,17606.188517,492593
186,17606.188517,495258
187,17606.188517,497923
188,17606.188517,500588
189,17606.188517,503253
190,17606.188517,505918
191,17606.188517,508583
192,17606.188517,511248
193,17606.188517,513913
194,17606.188517,516578
195,17606.188517,519243
196,17606.188517,521908
197,17606.188517,524573
198,17606.188517,527238
199,17606.188517,529903
200,17606.188517,532568
201,17606.188517,535233
202,17606.188517,537898
203,17606.188517,540563
204,17606.188517,543228
205,17606.188517,545893
206,17606.188517,548558
207,17606.188517,551223
208,17606.188517,553888
209,17606.188517,556553
210,17606.188517,559218
211,17606.188517,561883
212,17606.188517,564548
213,17606.188517,567213
214,17606.188517,569878
215,17606.188517,572543
216,17606.188517,575208
217,17606.188517,577873
218,17606.188517,580538
219,17606.188517,583203
220,17606.188517,585868
221,17606.188517,588533
222,17606.188517,591198
223,17606.188517,593863
224,17606.188517,596528
225,17606.188517,599193
226,17606.188517,601858
227,17606.188517,604523
228,17606.188517,607188
229,17606.188517,609853
230,17606.188517,612518
231,17606.188517,615183
232,17606.188517,617848
233,17606.188517,620513
234,17606.188517,623178
235,17606.188517,625843
236,17606.188517,628508
237,17606.188517,631173
238,17606.188517,633838
239,17606.188517,636503
240,17606.188517,639168
241,17606.188517,641833
242,17606.188517,644498
243,17606.188517,647163
244,17606.188517,649828
245,17606.188517,652493
246,17606.188517,655158
247,17606.188517,657823
248,17606.188517,660488
249,17606.188517,663153
250,17606.188517,665818
251,17606.188517,668483
252,17606.188517,671148
253,17606.188517,673813
254,17606.188517,676478
255,17606.188517,679143
256,17606.188517,681808
257,17606.188517,684473
258,17606.188517,687138
259,17606.188517,689803
260,17606.188517,692468
261,17606.188517,695133
262,17606.188517,697798
263,17606.188517,700463
264,17606.188517,703128
265,17606.188517,705793
266,17606.188517,708458
267,17606.188517,711123
268,17606.188517,713788
269,17606.188517,716453
270,17606.188517,719118
271,17606.188517,721783
272,17606.188517,724448
273,17606.188517,727113
274,17606.188517,729778
275,17606.188517,732443
276,17606.188517,735108
277,17606.188517,737773
278,17606.188517,740438
279,17606.188517,743103
280,17606.188517,745768
281,17606.188517,748433
282,17606.188517,751098
283,17606.188517,753763
284,17606.188517,756428
285,17606.188517,759093
286,17606.188517,761758
287,17606.188517,764423
288,17606.188517,767088
289,17606.188517,769753
290,17606.188517,772418
291,17606.188517,775083
292,17606.188517,777748
293,17606.188517,780413
294,17606.188517,783078
295,17606.188517,785743
296,17606.188517,788408
297,17606.188517,791073
298,17606.188517,793738
299,17606.188517,796403
300,17606.188517,799068
301,17606.188517,801733
302,17606.188517,804398
303,17606.188517,807063
304,17606.188517,809728
305,17606.188517,812393
306,17606.188517,815058
307,17606.188517,817723
17606.188517,83.140808
1,18677.711113,2376
2,18405.166177,5014
3,18219.089867,7653
4,18087.183525,10289
5,17940.236352,12915
6,17803.372674,15533
7,17756.752487,18154
8,17741.129655,20784
9,17728.303419,23418
10,17727.573374,26050
11,17727.573374,28684
12,17705.381443,31316
13,17699.674190,33946
14,17669.864889,36578
15,17669.864889,39210
16,17664.722374,41842
17,17664.354477,44472
18,17641.084763,47106
19,17630.099518,49743
20,17630.099518,52381
21,17630.099518,55020
22,17629.962789,57659
23,17629.962789,60297
24,17627.332940,62937
25,17627.332940,65576
26,17627.332940,68216
27,17627.332940,70855
28,17627.332940,73495
29,17627.332940,76133
30,17626.887301,78773
31,17626.887301,81413
32,17613.754581,84053
33,17613.754581,86693
34,17613.754581,89333
35,17613.754581,91973
36,17613.754581,94610
37,17613.754581,97250
38,17613.754581,99890
39,17612.366230,102529
40,17612.366230,105169
41,17612.366230,107809
42,17612.366230,110449
43,17612.366230,113088
44,17610.865593,115728
45,17610.865593,118368
46,17610.865593,121008
47,17610.865593,123647
48,17610.865593,126286
49,17610.865593,128926
50,17610.865593,131566
51,17610.865593,134204
52,17610.865593,136844
53,17610.865593,139484
54,17610.865593,142124
55,17610.865593,144764
56,17610.865593,147404
57,17610.865593,150043
58,17610.865593,152682
59,17610.865593,155322
60,17610.865593,157962
61,17610.865593,160601
62,17610.865593,163241
63,17610.865593,165881
64,17610.865593,168519
65,17610.865593,171158
66,17610.865593,173796
67,17610.865593,176435
68,17610.865593,179075
69,17610.865593,181715
70,17610.865593,184355
71,17610.865593,186995
72,17610.865593,189633
73,17610.865593,192273
74,17610.865593,194913
75,17610.865593,197553
76,17610.865593,200193
77,17610.865593,202833
78,17610.865593,205473
79,17610.865593,208113
80,17610.865593,210753
81,17610.865593,213392
82,17610.865593,216031
83,17610.865593,218670
84,17610.865593,221310
85,17610.865593,223950
86,17610.865593,226590
87,17610.865593,229230
88,17610.865593,231870
89,17610.865593,234510
90,17610.865593,237150
91,17610.865593,239788
92,17610.865593,242428
93,17609.010402,245067
94,17609.010402,247707
95,17609.010402,250347
96,17609.010402,252987
97,17609.010402,255627
98,17609.010402,258267
99,17609.010402,260907
100,17609.010402,263546
101,17609.010402,266186
102,17609.010402,268826
103,17609.010402,271466
104,17609.010402,274106
105,17608.202397,276746
106,17603.408518,279386
107,17603.408518,282026
108,17603.408518,284666
109,17603.408518,287306
110,17603.408518,289946
111,17603.408518,292586
112,17603.408518,295226
113,17603.408518,297866
114,17603.408518,300506
115,17603.408518,303146
116,17603.408518,305786
117,17603.408518,308426
118,17603.408518,311066
119,17603.408518,313705
120,17603.408518,316344
121,17603.408518,318983
122,17601.540929,321623
123,17601.540929,324263
124,17601.540929,326903
125,17601.540929,329543
126,17601.540929,332183
127,17601.540929,334823
128,17601.540929,337463
129,17601.540929,340103
130,17601.540929,342743
131,17601.540929,345383
132,17601.540929,348023
133,17601.540929,350663
134,17601.540929,353303
135,17601.540929,355943
136,17601.540929,358583
137,17601.540929,361222
138,17601.540929,363861
139,17601.540929,366500
140,17601.540929,369139
141,17601.540929,371778
142,17601.540929,374417
143,17601.540929,377056
144,17601.540929,379695
145,17601.540929,382334
146,17601.540929,384972
147,17601.540929,387610
148,17601.540929,390249
149,17601.540929,392889
150,17601.540929,395529
151,17601.540929,398169
152,17601.540929,400809
153,17601.540929,403449
154,17601.540929,406089
155,17601.540929,408729
156,17601.540929,411369
157,17601.540929,414009
158,17601.540929,416649
159,17601.540929,419289
160,17601.540929,421929
161,17601.540929,424569
162,17601.540929,427209
163,17601.540929,429848
164,17601.540929,432488
165,17601.540929,435128
166,17601.540929,437768
167,17601.540929,440408
168,17601.540929,443048
169,17601.540929,445688
170,17601.540929,448328
171,17601.540929,450968
172,17601.540929,453608
173,17601.540929,456247
174,17601.540929,458887
175,17601.540929,461527
176,17601.540929,464167
177,17601.540929,466807
178,17601.540929,469447
179,17601.540929,472087
180,17601.540929,474727
181,17601.540929,477367
182,17601.540929,480007
183,17601.540929,482647
184,17601.540929,485287
185,17601.540929,487927
186,17601.540929,490567
187,17601.540929,493207
188,17601.540929,495847
189,17601.540929,498487
190,17601.540929,501127
191,17601.540929,503767
192,17601.540929,506407
193,17601.540929,509047
194,17601.540929,511687
195,17601.540929,514327
196,17601.540929,516967
197,17601.540929,519607
198,17601.540929,522247
199,17601.540929,524887
200,17601.540929,527526
201,17601.540929,530166
202,17601.540929,532806
203,17601.540929,535446
204,17601.540929,538086
205,17601.540929,540726
206,17601.540929,543366
207,17601.540929,546006
208,17601.540929,548646
209,17601.540929,551286
210,17601.540929,553926
211,17601.540929,556566
212,17601.540929,559206
213,17601.540929,561846
214,17601.540929,564486
215,17601.540929,567126
216,17601.540929,569766
217,17601.540929,572406
218,17601.540929,575046
219,17601.540929,577686
220,17601.540929,580326
221,17601.540929,582966
222,17601.540929,585606
223,17601.540929,588246
224,17601.540929,590886
225,17601.540929,593526
226,17601.540929,596166
227,17601.540929,598806
228,17601.540929,601446
229,17601.540929,604086
230,17601.540929,606726
231,17601.540929,609366
232,17601.540929,612006
233,17601.540929,614646
234,17601.540929,617286
235,17601.540929,619926
236,17601.540929,622566
237,17601.540929,625206
238,17601.540929,627846
239,17601.540929,630486
240,17601.540929,633126
241,17601.540929,635766
242,17601.540929,638406
243,17601.540929,641046
244,17601.540929,643686
245,17601.540929,646326
246,17601.540929,648966
247,17601.540929,651606
248,17601.540929,654246
249,17601.540929,656886
250,17601.540929,659526
251,17601.540929,662166
252,17601.540929,664806
253,17601.540929,667446
254,17601.540929,670086
255,17601.540929,672726
256,17601.540929,675366
257,17601.540929,678006
258,17601.540929,680646
259,17601.540929,683286
260,17601.540929,685926
261,17601.540929,688566
262,17601.540929,691206
263,17601.540929,693846
264,17601.540929,696486
265,17601.540929,699126
266,17601.540929,701766
267,17601.540929,704406
268,17601.540929,707046
269,17601.540929,709686
270,17601.540929,712326
271,17601.540929,714966
272,17601.540929,717606
273,17601.540929,720246
274,17601.540929,722886
275,17601.540929,725526
276,17601.540929,728166
277,17601.540929,730806
278,17601.540929,733446
279,17601.540929,736086
280,17601.540929,738726
281,17601.540929,741366
282,17601.540929,744006
283,17601.540929,746646
284,17601.540929,749286
285,17601.540929,751926
286,17601.540929,754566
287,17601.540929,757206
288,17601.540929,759846
289,17601.540929,762486
290,17601.540929,765126
291,17601.540929,767766
292,17601.540929,770406
293,17601.540929,773046
294,17601.540929,775686
295,17601.540929,778326
296,17601.540929,780966
297,17601.540929,783606
298,17601.540929,786246
299,17601.540929,788886
300,17601.540929,791526
301,17601.540929,794166
302,17601.540929,796806
303,17601.540929,799446
304,17601.540929,802086
305,17601.540929,804726
306,17601.540929,807366
307,17601.540929,810006
308,17601.540929,812646
309,17601.540929,815286
310,17601.540929,817926
17601.540929,83.626634
1,18716.494940,2376
2,18396.552484,5035
3,18194.974146,7691
4,18042.997365,10345
5,17868.666443,12985
6,17814.417543,15626
7,17789.936019,18274
8,17759.155457,20924
9,17747.870155,23576
10,17710.515751,26232
11,17710.515751,28883
12,17710.515751,31532
13,17706.064740,34185
14,17699.851555,36837
15,17698.822077,39492
16,17692.991572,42145
17,17692.991572,44802
18,17692.991572,47457
19,17692.991572,50114
20,17691.006234,52772
21,17691.006234,55429
22,17683.525782,58088
23,17683.525782,60747
24,17670.182187,63406
25,17670.182187,66066
26,17667.324611,68726
27,17667.324611,71386
28,17658.930802,74046
29,17634.265986,76705
30,17634.265986,79364
31,17623.672825,82022
32,17623.672825,84681
33,17622.049815,87340
34,17618.520383,89999
35,17617.639091,92657
36,17617.639091,95317
37,17617.639091,97977
38,17617.639091,100637
39,17617.639091,103297
40,17617.639091,105957
41,17617.639091,108617
42,17617.639091,111277
43,17616.893204,113937
44,17616.893204,116597
45,17616.893204,119257
46,17616.893204,121917
47,17616.893204,124577
48,17616.400123,127237
49,17611.667595,129897
50,17611.667595,132557
51,17611.667595,135217
52,17611.667595,137877
53,17611.667595,140537
54,17611.667595,143197
55,17611.667595,145857
56,17611.667595,148517
57,17611.667595,151177
58,17611.667595,153837
59,17611.667595,156497
60,17611.667595,159157
61,17611.667595,161818
62,17611.667595,164479
63,17611.667595,167140
64,17611.667595,169801
65,17611.667595,172462
66,17611.667595,175123
67,17611.667595,177784
68,17611.667595,180445
69,17611.667595,183106
70,17611.667595,185767
71,17611.667595,188428
72,17611.667595,191089
73,17611.667595,193750
74,17611.667595,196411
75,17611.667595,199072
76,17611.667595,201732
77,17611.667595,204393
78,17611.667595,207054
79,17611.667595,209715
80,17611.667595,212376
81,17611.667595,215037
82,17611.667595,217698
83,17611.667595,220359
84,17611.667595,223020
85,17611.667595,225681
86,17611.667595,228342
87,17611.667595,231003
88,17611.667595,233664
89,17611.667595,236325
90,17611.667595,238986
91,17611.667595,241647
92,17611.667595,244308
93,17611.667595,246969
94,17611.667595,249630
95,17611.667595,252291
96,17611.667595,254952
97,17611.667595,257613
98,17611.667595,260274
99,17611.667595,262935
100,17611.667595,265596
101,17611.667595,268257
102,17611.667595,270918
103,17611.667595,273579
104,17611.667595,276240
105,17611.667595,278901
106,17611.667595,281562
107,17611.667595,284223
108,17611.667595,286884
109,17611.667595,289545
110,17611.667595,292206
111,17611.667595,294867
112,17611.667595,297528
113,17611.667595,300189
114,17611.667595,302850
115,17611.667595,305511
116,17611.667595,308172
117,17611.667595,310833
118,17611.667595,313494
119,17611.667595,316155
120,17611.667595,318816
121,17611.667595,321477
122,17611.667595,324138
123,17611.667595,326799
124,17611.667595,329460
125,17611.667595,332121
126,17611.667595,334782
127,17611.667595,337443
128,17611.667595,340104
129,17611.667595,342765
130,17611.667595,345426
131,17611.667595,348087
132,17611.667595,350748
133,17611.667595,353409
134,17611.667595,356070
135,17611.667595,358731
136,17611.667595,361392
137,17611.667595,364053
138,17611.667595,366714
139,17611.667595,369375
140,17611.667595,372036
141,17611.667595,374697
142,17611.667595,377358
143,17611.667595,380019
144,17611.667595,382680
145,17611.667595,385341
146,17611.667595,388002
147,17611.667595,390663
148,17611.667595,393324
149,17611.667595,395985
150,17611.667595,398646
151,17611.667595,401307
152,17611.667595,403968
153,17611.667595,406629
154,17611.667595,409290
155,17611.667595,411951
156,17611.667595,414612
157,17611.667595,417273
158,17611.667595,419934
159,17611.667595,422595
160,17611.667595,425256
161,17611.667595,427917
162,17611.667595,430578
163,17611.667595,433239
164,17611.667595,435900
165,17611.667595,438561
166,17611.667595,441222
167,17611.667595,443883
168,17611.667595,446544
169,17611.667595,449205
170,17611.667595,451866
171,17611.667595,454527
172,17611.667595,457188
173,17611.667595,459849
174,17611.667595,462510
175,17611.667595,465171
176,17611.667595,467832
177,17611.667595,470493
178,17611.667595,473154
179,17611.667595,475815
180,17611.667595,478476
181,17611.667595,481137
182,17611.667595,483798
183,17611.667595,486459
184,17611.667595,489120
185,17611.667595,491781
186,17611.499377,494442
187,17611.499377,497103
188,17611.499377,499764
189,17611.499377,502425
190,17611.499377,505086
191,17611.499377,507747
192,17611.499377,510408
193,17611.499377,513069
194,17611.499377,515730
195,17611.499377,518391
196,17611.499377,521052
197,17611.499377,523713
198,17611.499377,526374
199,17611.499377,529035
200,17611.499377,531696
201,17611.499377,534357
202,17611.499377,537018
203,17611.499377,539679
204,17611.499377,542340
205,17611.499377,545001
206,17611.499377,547662
207,17611.499377,550323
208,17611.499377,552984
209,17611.499377,555645
210,17611.499377,558306
211,17611.499377,560967
212,17611.499377,563628
213,17611.499377,566289
214,17611.499377,568950
215,17611.499377,571611
216,17611.499377,574272
217,17611.499377,576933
218,17611.499377,579594
219,17611.499377,582255
220,17611.499377,584916
221,17611.499377,587577
222,17611.499377,590238
223,17611.499377,592899
224,17611.499377,595560
225,17611.499377,598221
226,17611.499377,600882
227,17611.499377,603543
228,17611.499377,606204
229,17611.499377,608865
230,17611.499377,611526
231,17611.499377,614187
232,17611.499377,616848
233,17611.499377,619509
234,17611.499377,622170
235,17611.499377,624831
236,17611.499377,627492
237,17611.499377,630153
238,17611.499377,632814
239,17611.499377,635475
240,17611.499377,638136
241,17611.499377,640797
242,17611.499377,643458
243,17611.499377,646119
244,17611.499377,648780
245,17611.499377,651441
246,17611.499377,654102
247,17611.499377,656763
248,17611.499377,659424
249,17611.499377,662085
250,17611.499377,664746
251,17611.499377,667407
252,17611.499377,670068
253,17611.499377,672729
254,17611.499377,675390
255,17611.499377,678051
256,17611.499377,680712
257,17611.499377,683373
258,17611.499377,686034
259,17611.499377,688695
260,17611.499377,691356
261,17611.499377,694017
262,17611.499377,696678
263,17611.499377,699339
264,17611.499377,702000
265,17611.499377,704661
266,17611.499377,707322
267,17611.499377,709983
268,17611.499377,712644
269,17611.499377,715305
270,17611.499377,717966
271,17611.499377,720627
272,17611.499377,723288
273,17611.499377,725949
274,17611.499377,728610
275,17611.499377,731271
276,17611.499377,733932
277,17611.499377,736593
278,17611.499377,739254
279,17611.499377,741915
280,17611.499377,744576
281,17611.499377,747237
282,17611.499377,749898
283,17611.499377,752559
284,17611.499377,755220
285,17611.499377,757881
286,17611.499377,760542
287,17611.499377,763203
288,17611.499377,765864
289,17611.499377,768525
290,17611.499377,771186
291,17611.499377,773847
292,17611.499377,776508
293,17611.499377,779169
294,17611.499377,781830
295,17611.499377,784491
296,17611.499377,787152
297,17611.499377,789813
298,17611.499377,792474
299,17611.499377,795135
300,17611.499377,797796
301,17611.499377,800457
302,17611.499377,803118
303,17611.499377,805779
304,17611.499377,808440
305,17611.499377,811101
306,17611.499377,813762
307,17611.499377,816423
308,17611.499377,819084
17611.499377,83.589092
1,18697.792343,2376
2,18376.877173,5030
3,18376.877173,7681
4,18050.944693,10321
5,17909.893794,12949
6,17813.608426,15585
7,17770.895919,18226
8,17729.972422,20877
9,17715.769402,23528
10,17715.769402,26182
11,17698.245567,28836
12,17688.390318,31490
13,17688.390318,34145
14,17688.390318,36799
15,17656.024056,39454
16,17644.442604,42109
17,17631.015430,44764
18,17631.015430,47420
19,17627.082154,50078
20,17626.631938,52735
21,17619.349184,55392
22,17619.349184,58049
23,17619.349184,60705
24,17619.349184,63361
25,17617.688669,66016
26,17617.688669,68673
27,17617.688669,71329
28,17617.688669,73986
29,17617.688669,76643
30,17617.688669,79301
31,17617.688669,81959
32,17617.688669,84617
33,17617.688669,87275
34,17617.688669,89933
35,17617.688669,92591
36,17617.688669,95249
37,17617.688669,97907
38,17616.318741,100565
39,17616.318741,103223
40,17616.318741,105880
41,17616.318741,108536
42,17616.318741,111193
43,17616.318741,113850
44,17614.221627,116506
45,17614.221627,119163
46,17613.845162,121821
47,17613.845162,124478
48,17613.845162,127136
49,17613.845162,129792
50,17613.845162,132450
51,17613.845162,135108
52,17613.845162,137766
53,17613.845162,140424
54,17613.845162,143082
55,17613.845162,145740
56,17613.845162,148398
57,17613.845162,151056
58,17613.845162,153714
59,17613.845162,156372
60,17613.845162,159029
61,17613.845162,161687
62,17613.845162,164344
63,17613.845162,167001
64,17613.845162,169659
65,17613.845162,172315
66,17613.845162,174971
67,17613.845162,177629
68,17613.845162,180285
69,17613.845162,182942
70,17613.845162,185599
71,17613.845162,188256
72,17613.845162,190914
73,17613.845162,193572
74,17613.845162,196228
75,17613.845162,198886
76,17613.845162,201543
77,17613.845162,204201
78,17613.845162,206858
79,17613.845162,209515
80,17613.845162,212172
81,17613.845162,214830
82,17613.845162,217488
83,17613.845162,220144
84,17613.845162,222800
85,17613.845162,225457
86,17613.845162,228115
87,17613.845162,230773
88,17613.845162,233429
89,17613.845162,236086
90,17613.845162,238743
91,17613.845162,241401
92,17613.845162,244059
93,17613.845162,246716
94,17613.845162,249374
95,17613.845162,252032
96,17613.845162,254690
97,17613.845162,257347
98,17613.845162,260005
99,17613.845162,262662
100,17613.845162,265318
101,17613.845162,267974
102,17613.845162,270631
103,17613.845162,273289
104,17613.845162,275946
105,17613.845162,278604
106,17613.845162,281262
107,17613.845162,283920
108,17613.845162,286576
109,17613.845162,289234
110,17613.845162,291892
111,17611.719223,294547
112,17611.719223,297204
113,17611.719223,299861
114,17611.719223,302518
115,17611.719223,305173
116,17611.719223,307830
117,17611.719223,310486
118,17611.719223,313142
119,17611.719223,315800
120,17611.719223,318457
121,17611.719223,321112
122,17611.719223,323768
123,17611.719223,326426
124,17611.719223,329082
125,17611.719223,331739
126,17611.719223,334396
127,17611.719223,337053
128,17611.719223,339711
129,17611.719223,342368
130,17611.719223,345024
131,17611.719223,347682
132,17611.719223,350340
133,17611.719223,352998
134,17611.719223,355656
135,17611.719223,358313
136,17611.719223,360970
137,17611.719223,363625
138,17611.719223,366283
139,17610.352739,368941
140,17610.352739,371599
141,17610.352739,374256
142,17610.352739,376913
143,17610.352739,379571
144,17606.199583,382229
145,17606.199583,384887
146,17606.199583,387545
147,17606.199583,390202
148,17606.199583,392859
149,17606.199583,395517
150,17606.199583,398175
151,17606.199583,400833
152,17606.199583,403491
153,17606.199583,406146
154,17606.199583,408803
155,17606.199583,411459
156,17606.199583,414116
157,17606.199583,416773
158,17606.199583,419430
159,17606.199583,422088
160,17606.199583,424745
161,17606.199583,427403
162,17606.199583,430060
163,17606.199583,432717
164,17606.199583,435375
165,17605.471557,438032
166,17605.471557,440690
167,17605.471557,443348
168,17605.471557,446006
169,17605.471557,448664
170,17605.471557,451322
171,17605.471557,453980
172,17605.471557,456637
173,17605.471557,459295
174,17605.471557,461953
175,17605.471557,464610
176,17605.471557,467268
177,17605.471557,469926
178,17605.471557,472584
179,17605.471557,475242
180,17605.471557,477900
181,17605.471557,480558
182,17605.471557,483216
183,17605.471557,485874
184,17605.471557,488532
185,17605.471557,491190
186,17605.471557,493847
187,17605.471557,496504
188,17605.471557,499161
189,17605.471557,501819
190,17605.471557,504476
191,17605.471557,507134
192,17605.471557,509792
193,17605.471557,512450
194,17605.471557,515108
195,17605.471557,517765
196,17605.471557,520423
197,17605.471557,523081
198,17605.471557,525739
199,17605.471557,528396
200,17605.471557,531054
201,17605.471557,533712
202,17605.471557,536370
203,17605.471557,539028
204,17605.471557,541686
205,17605.471557,544344
206,17605.471557,547002
207,17605.471557,549660
208,17605.471557,552318
209,17605.471557,554976
210,17605.471557,557634
211,17605.471557,560292
212,17605.471557,562950
213,17605.471557,565608
214,17605.471557,568266
215,17605.471557,570924
216,17605.471557,573582
217,17605.471557,576240
218,17605.471557,578898
219,17605.471557,581556
220,17605.471557,584214
221,17605.471557,586872
222,17605.471557,589530
223,17605.471557,592188
224,17605.471557,594846
225,17605.471557,597504
226,17605.471557,600162
227,17605.471557,602820
228,17605.471557,605478
229,17605.471557,608136
230,17605.471557,610794
231,17605.471557,613452
232,17605.471557,616110
233,17605.471557,618768
234,17605.471557,621426
235,17605.471557,624084
236,17605.471557,626742
237,17605.471557,629400
238,17605.471557,632057
239,17605.471557,634715
240,17605.471557,637373
241,17605.471557,640031
242,17605.471557,642689
243,17605.471557,645347
244,17605.471557,648005
245,17605.471557,650663
246,17605.471557,653321
247,17605.471557,655979
248,17605.471557,658637
249,17605.471557,661295
250,17605.471557,663953
251,17605.471557,666611
252,17605.471557,669269
253,17605.471557,671927
254,17605.471557,674585
255,17605.471557,677243
256,17605.471557,679901
257,17605.471557,682559
258,17605.471557,685217
259,17605.471557,687875
260,17605.471557,690533
261,17605.471557,693191
262,17605.471557,695849
263,17605.471557,698507
264,17605.471557,701165
265,17605.471557,703823
266,17605.471557,706481
267,17605.471557,709139
268,17605.471557,711797
269,17605.471557,714455
270,17605.471557,717113
271,17605.471557,719771
272,17605.471557,722429
273,17605.471557,725087
274,17605.471557,727745
275,17605.471557,730403
276,17605.471557,733061
277,17605.471557,735719
278,17605.471557,738377
279,17605.471557,741035
280,17605.471557,743693
281,17605.471557,746351
282,17605.471557,749009
283,17605.471557,751667
284,17605.471557,754325
285,17605.471557,756983
286,17605.471557,759641
287,17605.471557,762299
288,17605.471557,764957
289,17605.471557,767615
290,17605.471557,770273
291,17605.471557,772931
292,17605.471557,775589
293,17605.471557,778247
294,17605.471557,780905
295,17605.471557,783563
296,17605.471557,786221
297,17605.471557,788879
298,17605.471557,791537
299,17605.471557,794195
300,17605.471557,796853
301,17605.471557,799511
302,17605.471557,802169
303,17605.471557,804827
304,17605.471557,807485
305,17605.471557,810143
306,17605.471557,812801
307,17605.471557,815459
308,17605.471557,818117
17605.471557,83.630559
1,18621.566729,2376
2,18563.965476,4999
3,18204.032566,7620
4,18051.772690,10233
5,17871.262344,12838
6,17826.968629,15447
7,17818.808780,18057
8,17768.075926,20668
9,17725.377414,23288
10,17725.377414,25907
11,17715.247717,28529
12,17678.212398,31152
13,17649.188103,33772
14,17649.188103,36393
15,17641.027237,39014
16,17629.039691,41635
17,17626.302912,44255
18,17625.284640,46875
19,17625.284640,49496
20,17621.328514,52117
21,17619.885233,54738
22,17619.885233,57360
23,17619.885233,59980
24,17619.885233,62602
25,17619.885233,65224
26,17617.057447,67847
27,17617.057447,70470
28,17617.057447,73093
29,17615.442165,75716
30,17615.442165,78339
31,17615.442165,80962
32,17615.442165,83585
33,17615.442165,86209
34,17614.099642,88833
35,17614.099642,91457
36,17614.099642,94081
37,17614.099642,96705
38,17614.099642,99329
39,17614.099642,101953
40,17612.687255,104577
41,17612.687255,107201
42,17612.687255,109825
43,17612.687255,112449
44,17603.294820,115073
45,17603.294820,117697
46,17603.294820,120320
47,17603.294820,122943
48,17603.294820,125567
49,17603.294820,128191
50,17603.294820,130815
51,17603.294820,133439
52,17603.294820,136063
53,17603.294820,138687
54,17603.294820,141311
55,17603.294820,143935
56,17603.294820,146559
57,17603.294820,149183
58,17603.294820,151807
59,17603.294820,154431
60,17603.294820,157055
61,17603.294820,159679
62,17603.294820,162303
63,17603.294820,164927
64,17603.294820,167551
65,17603.294820,170175
66,17603.294820,172799
67,17603.294820,175423
68,17603.294820,178047
69,17603.294820,180671
70,17603.294820,183295
71,17603.294820,185919
72,17603.294820,188543
73,17603.294820,191167
74,17603.294820,193791
75,17603.294820,196415
76,17603.294820,199039
77,17603.294820,201663
78,17603.294820,204287
79,17603.294820,206911
80,17603.294820,209535
81,17603.294820,212159
82,17603.294820,214783
83,17603.294820,217407
84,17603.294820,220031
85,17603.294820,222655
86,17603.294820,225279
87,17603.294820,227903
88,17603.294820,230527
89,17603.294820,233151
90,17603.294820,235775
91,17603.294820,238399
92,17603.294820,241023
93,17603.294820,243647
94,17603.294820,246271
95,17603.294820,248895
96,17603.294820,251519
97,17603.294820,254143
98,17603.294820,256767
99,17603.294820,259391
100,17603.294820,262015
101,17603.294820,264639
102,17603.294820,267263
103,17603.294820,269887
104,17603.294820,272511
105,17603.294820,275135
106,17603.294820,277759
107,17603.294820,280383
108,17603.294820,283007
109,17603.294820,285631
110,17603.294820,288255
111,17603.294820,290879
112,17603.294820,293503
113,17603.294820,296127
114,17603.294820,298751
115,17603.294820,301375
116,17603.294820,303999
117,17603.294820,306623
118,17603.294820,309247
119,17603.294820,311871
120,17603.294820,314495
121,17603.294820,317119
122,17603.294820,319743
123,17603.294820,322367
124,17603.294820,324991
125,17603.294820,327615
126,17603.294820,330239
127,17603.294820,332863
128,17603.294820,335487
129,17603.294820,338111
130,17603.294820,340735
131,17603.294820,343359
132,17603.294820,345983
133,17603.294820,348607
134,17603.294820,351231
135,17603.294820,353855
136,17603.294820,356479
137,17603.294820,359103
138,17603.294820,361727
139,17603.294820,364351
140,17603.294820,366975
141,17603.294820,369599
142,17603.294820,372223
143,17603.294820,374847
144,17603.294820,377471
145,17603.294820,380095
146,17603.294820,382719
147,17603.294820,385343
148,17603.294820,387967
149,17603.294820,390591
150,17603.294820,393215
151,17603.294820,395839
152,17603.294820,398463
153,17603.294820,401087
154,17603.294820,403711
155,17603.294820,406335
156,17603.294820,408959
157,17603.294820,411583
158,17603.294820,414207
159,17603.294820,416831
160,17603.294820,419455
161,17603.294820,422079
162,17603.294820,424703
163,17603.294820,427327
164,17603.294820,429951
165,17603.294820,432575
166,17603.294820,435199
167,17603.294820,437823
168,17603.294820,440447
169,17603.294820,443071
170,17603.294820,445695
171,17603.294820,448319
172,17603.294820,450943
173,17603.294820,453567
174,17603.294820,456191
175,17603.294820,458815
176,17603.294820,461439
177,17603.294820,464063
178,17603.294820,466687
179,17603.294820,469311
180,17603.294820,471935
181,17603.294820,474559
182,17603.294820,477183
183,17603.294820,479807
184,17603.294820,482431
185,17603.294820,485055
186,17603.294820,487679
187,17603.294820,490303
188,17603.294820,492927
189,17603.294820,495551
190,17603.294820,498175
191,17603.294820,500799
192,17603.294820,503423
193,17603.294820,506047
194,17603.294820,508671
195,17603.294820,511295
196,17603.294820,513919
197,17603.294820,516543
198,17603.294820,519167
199,17603.294820,521791
200,17603.294820,524415
201,17603.294820,527039
202,17603.294820,529663
203,17603.294820,532287
204,17603.294820,534911
205,17603.294820,537535
206,17603.294820,540159
207,17603.294820,542783
208,17603.294820,545407
209,17603.294820,548031
210,17603.294820,550655
211,17603.294820,553279
212,17603.294820,555903
213,17603.294820,558527
214,17603.294820,561151
215,17603.294820,563775
216,17603.294820,566399
217,17603.294820,569023
218,17603.294820,571647
219,17603.294820,574271
220,17603.294820,576895
221,17603.294820,579519
222,17603.294820,582143
223,17603.294820,584767
224,17603.294820,587391
225,17603.294820,590015
226,17603.294820,592639
227,17603.294820,595263
228,17603.294820,597887
229,17603.294820,600511
230,17603.294820,603135
231,17603.294820,605759
232,17603.294820,608383
233,17603.294820,611007
234,17603.294820,613631
235,17603.294820,616255
236,17603.294820,618879
237,17603.294820,621503
238,17603.294820,624127
239,17603.294820,626751
240,17603.294820,629375
241,17603.294820,631999
242,17603.294820,634623
243,17603.294820,637247
244,17603.294820,639871
245,17603.294820,642495
246,17603.294820,645119
247,17603.294820,647743
248,17603.294820,650367
249,17603.294820,652991
250,17603.294820,655615
251,17603.294820,658239
252,17603.294820,660863
253,17603.294820,663487
254,17603.294820,666111
255,17603.294820,668735
256,17603.294820,671359
257,17603.294820,673983
258,17603.294820,676607
259,17603.294820,679231
260,17603.294820,681855
261,17603.294820,684479
262,17603.294820,687103
263,17603.294820,689727
264,17603.294820,692351
265,17603.294820,694975
266,17603.294820,697599
267,17603.294820,700223
268,17603.294820,702847
269,17603.294820,705471
270,17603.294820,708095
271,17603.294820,710719
272,17603.294820,713343
273,17603.294820,715967
274,17603.294820,718591
275,17603.294820,721215
276,17603.294820,723839
277,17603.294820,726463
278,17603.294820,729087
279,17603.294820,731711
280,17603.294820,734335
281,17603.294820,736959
282,17603.294820,739583
283,17603.294820,742207
284,17603.294820,744831
285,17603.294820,747455
286,17603.294820,750079
287,17603.294820,752703
288,17603.294820,755327
289,17603.294820,757951
290,17603.294820,760575
291,17603.294820,763199
292,17603.294820,765823
293,17603.294820,768447
294,17603.294820,771071
295,17603.294820,773695
296,17603.294820,776319
297,17603.294820,778943
298,17603.294820,781567
299,17603.294820,784191
300,17603.294820,786815
301,17603.294820,789439
302,17603.294820,792063
303,17603.294820,794687
304,17603.294820,797311
305,17603.294820,799935
306,17603.294820,802559
307,17603.294820,805183
308,17603.294820,807807
309,17603.294820,810431
310,17603.294820,813055
311,17603.294820,815679
312,17603.294820,818303
17603.294820,84.966049
1,18708.812797,2376
2,18439.039378,5021
3,18157.124583,7662
4,18112.782711,10301
5,17962.202704,12934
6,17805.709596,15562
7,17779.207911,18191
8,17763.626040,20827
9,17730.601565,23465
10,17720.101128,26106
11,17720.101128,28748
12,17716.684486,31389
13,17716.684486,34030
14,17716.684486,36673
15,17716.684486,39315
16,17710.970975,41956
17,17710.970975,44600
18,17698.325074,47243
19,17672.588959,49885
20,17671.560044,52529
21,17665.967618,55171
22,17663.771204,57814
23,17650.697311,60457
24,17650.697311,63100
25,17650.697311,65746
26,17650.697311,68392
27,17626.617539,71039
28,17626.617539,73686
29,17625.488121,76332
30,17625.488121,78978
31,17625.488121,81623
32,17625.488121,84269
33,17625.488121,86915
34,17625.488121,89561
35,17625.488121,92206
36,17625.488121,94852
37,17625.488121,97498
38,17619.170598,100145
39,17619.170598,102792
40,17616.125033,105439
41,17616.125033,108086
42,17616.125033,110733
43,17616.125033,113380
44,17616.125033,116027
45,17616.125033,118674
46,17616.125033,121321
47,17613.959109,123968
48,17612.353191,126615
49,17612.353191,129262
50,17612.353191,131909
51,17612.353191,134556
52,17610.568307,137203
53,17610.568307,139850
54,17610.568307,142497
55,17610.568307,145144
56,17610.568307,147791
57,17610.568307,150438
58,17610.568307,153085
59,17610.568307,155732
60,17610.568307,158379
61,17610.568307,161026
62,17610.568307,163673
63,17610.568307,166320
64,17610.568307,168967
65,17610.568307,171614
66,17610.568307,174261
67,17610.568307,176908
68,17610.568307,179555
69,17610.568307,182202
70,17610.568307,184849
71,17610.568307,187496
72,17610.568307,190143
73,17610.568307,192790
74,17610.568307,195437
75,17610.568307,198084
76,17610.568307,200731
77,17610.568307,203378
78,17610.568307,206025
79,17610.568307,208672
80,17610.568307,211319
81,17610.568307,213966
82,17610.568307,216613
83,17610.568307,219260
84,17610.568307,221907
85,17610.568307,224554
86,17610.568307,227201
87,17610.568307,229848
88,17610.568307,232495
89,17610.568307,235142
90,17610.568307,237789
91,17610.568307,240436
92,17607.066678,243083
93,17607.066678,245730
94,17607.066678,248377
95,17607.066678,251024
96,17607.066678,253671
97,17607.066678,256318
98,17607.066678,258965
99,17607.066678,261612
100,17607.066678,264259
101,17607.066678,266906
102,17607.066678,269553
103,17607.066678,272200
104,17607.066678,274847
105,17607.066678,277494
106,17607.066678,280141
107,17607.066678,282788
108,17607.066678,285435
109,17607.066678,288082
110,17607.066678,290729
111,17607.066678,293376
112,17607.066678,296023
113,17607.066678,298670
114,17607.066678,301317
115,17607.066678,303964
116,17607.066678,306611
117,17607.066678,309258
118,17607.066678,311905
119,17607.066678,314552
120,17607.066678,317199
121,17607.066678,319846
122,17607.066678,322493
123,17607.066678,325140
124,17607.066678,327787
125,17607.066678,330434
126,17607.066678,333081
127,17607.066678,335728
128,17607.066678,338375
129,17607.066678,341022
130,17607.066678,343669
131,17607.066678,346316
132,17607.066678,348963
133,17607.066678,351610
134,17607.066678,354257
135,17607.066678,356904
136,17607.066678,359551
137,17607.066678,362198
138,17607.066678,364845
139,17607.066678,367492
140,17607.066678,370139
141,17607.066678,372786
142,17607.066678,375433
143,17607.066678,378080
144,17607.066678,380727
145,17607.066678,383374
146,17607.066678,386021
147,17607.066678,388668
148,17607.066678,391315
149,17607.066678,393962
150,17607.066678,396609
151,17607.066678,399256
152,17607.066678,401903
153,17607.066678,404550
154,17607.066678,407197
155,17607.066678,409844
156,17607.066678,412491
157,17607.066678,415138
158,17607.066678,417785
159,17607.066678,420432
160,17607.066678,423079
161,17607.066678,425726
162,17607.066678,428373
163,17607.066678,431020
164,17607.066678,433667
165,17607.066678,436314
166,17607.066678,438961
167,17607.066678,441608
168,17607.066678,444255
169,17607.066678,446902
170,17607.066678,449549
171,17607.066678,452196
172,17607.066678,454843
173,17607.066678,457490
174,17607.066678,460137
175,17607.066678,462784
176,17607.066678,465431
177,17607.066678,468078
178,17607.066678,470725
179,17607.066678,473372
180,17607.066678,476019
181,17607.066678,478666
182,17607.066678,481313
183,17607.066678,483960
184,17607.066678,486607
185,17607.066678,489254
186,17607.066678,491901
187,17607.066678,494548
188,17607.066678,497195
189,17607.066678,499842
190,17607.066678,502489
191,17607.066678,505136
192,17607.066678,507783
193,17607.066678,510430
194,17607.066678,513077
195,17607.066678,515724
196,17607.066678,518371
197,17607.066678,521018
198,17607.066678,523665
199,17607.066678,526312
200,17607.066678,528959
201,17607.066678,531606
202,17607.066678,534253
203,17607.066678,536900
204,17607.066678,539547
205,17607.066678,542194
206,17607.066678,544841
207,17607.066678,547488
208,17607.066678,550135
209,17607.066678,552782
210,17607.066678,555429
211,17607.066678,558076
212,17607.066678,560723
213,17607.066678,563370
214,17607.066678,566017
215,17607.066678,568664
216,17607.066678,571311
217,17607.066678,573958
218,17607.066678,576605
219,17607.066678,579252
220,17607.066678,581899
221,17607.066678,584546
222,17607.066678,587193
223,17607.066678,589840
224,17607.066678,592487
225,17607.066678,595134
226,17607.066678,597781
227,17607.066678,600428
228,17607.066678,603075
229,17607.066678,605722
230,17607.066678,608369
231,17607.066678,611016
232,17607.066678,613663
233,17607.066678,616310
234,17607.066678,618957
235,17607.066678,621604
236,17607.066678,624251
237,17607.066678,626898
238,17607.066678,629545
239,17607.066678,632192
240,17607.066678,634839
241,17607.066678,637486
242,17607.066678,640133
243,17607.066678,642780
244,17607.066678,645427
245,17607.066678,648074
246,17607.066678,650721
247,17607.066678,653368
248,17607.066678,656015
249,17607.066678,658662
250,17607.066678,661309
251,17607.066678,663956
252,17607.066678,666603
253,17607.066678,669250
254,17607.066678,671897
255,17607.066678,674544
256,17607.066678,677191
257,17607.066678,679838
258,17607.066678,682485
259,17607.066678,685132
260,17607.066678,687779
261,17607.066678,690426
262,17607.066678,693073
263,17607.066678,695720
264,17607.066678,698367
265,17607.066678,701014
266,17607.066678,703661
267,17607.066678,706308
268,17607.066678,708955
269,17607.066678,711602
270,17607.066678,714249
271,17607.066678,716896
272,17607.066678,719543
273,17607.066678,722190
274,17607.066678,724837
275,17607.066678,727484
276,17607.066678,730131
277,17607.066678,732778
278,17607.066678,735425
279,17607.066678,738072
280,17607.066678,740719
281,17607.066678,743366
282,17607.066678,746013
283,17607.066678,748660
284,17607.066678,751307
285,17607.066678,753954
286,17607.066678,756601
287,17607.066678,759248
288,17607.066678,761895
289,17607.066678,764542
290,17607.066678,767189
291,17607.066678,769836
292,17607.066678,772483
293,17607.066678,775130
294,17607.066678,777777
295,17607.066678,780424
296,17607.066678,783071
297,17607.066678,785718
298,17607.066678,788365
299,17607.066678,791012
300,17607.066678,793659
301,17607.066678,796306
302,17607.066678,798953
303,17607.066678,801600
304,17607.066678,804247
305,17607.066678,806894
306,17607.066678,809541
307,17607.066678,812188
308,17607.066678,814835
309,17607.066678,817482
17607.066678,84.128767
1,18646.717144,2376
2,18457.791149,4999
3,18225.010897,7617
4,18043.991027,10229
5,17893.862186,12839
6,17849.116888,15450
7,17782.590541,18062
8,17751.877547,20676
9,17745.350609,23295
10,17714.587623,25916
11,17710.339069,28540
12,17699.843406,31163
13,17699.820742,33783
14,17694.543350,36403
15,17694.543350,39021
16,17654.542379,41641
17,17654.542379,44259
18,17653.721056,46876
19,17651.089314,49495
20,17651.089314,52114
21,17651.089314,54733
22,17627.558211,57352
23,17627.558211,59974
24,17625.351556,62597
25,17625.351556,65219
26,17625.351556,67842
27,17625.351556,70465
28,17625.351556,73085
29,17625.351556,75706
30,17622.034968,78325
31,17618.822312,80945
32,17617.381126,83566
33,17617.381126,86187
34,17617.381126,88811
35,17617.381126,91435
36,17617.381126,94060
37,17617.381126,96685
38,17617.381126,99310
39,17617.381126,101935
40,17617.381126,104559
41,17617.381126,107183
42,17617.381126,109807
43,17616.965952,112431
44,17616.965952,115056
45,17616.965952,117681
46,17616.965952,120306
47,17616.965952,122931
48,17616.965952,125556
49,17616.965952,128181
50,17616.965952,130806
51,17616.965952,133431
52,17616.965952,136056
53,17616.965952,138681
54,17616.965952,141306
55,17616.965952,143931
56,17616.965952,146556
57,17616.965952,149181
58,17616.965952,151806
59,17616.965952,154431
60,17616.965952,157056
61,17616.965952,159681
62,17616.965952,162306
63,17616.965952,164931
64,17616.965952,167556
65,17616.965952,170181
66,17616.965952,172806
67,17616.965952,175431
68,17616.965952,178056
69,17616.965952,180681
70,17610.929440,183306
71,17610.929440,185931
72,17610.929440,188556
73,17610.929440,191181
74,17610.929440,193806
75,17610.929440,196428
76,17610.929440,199050
77,17610.929440,201673
78,17610.929440,204296
79,17610.929440,206919
80,17610.929440,209542
81,17610.929440,212166
82,17607.921662,214791
83,17607.921662,217416
84,17607.549074,220041
85,17607.549074,222666
86,17607.549074,225291
87,17607.549074,227916
88,17607.549074,230541
89,17607.549074,233166
90,17607.549074,235790
91,17607.549074,238414
92,17607.549074,241039
93,17607.549074,243664
94,17607.549074,246289
95,17607.549074,248914
96,17607.549074,251539
97,17607.549074,254164
98,17607.549074,256789
99,17607.549074,259414
100,17607.549074,262039
101,17607.549074,264664
102,17607.549074,267289
103,17607.549074,269914
104,17607.549074,272539
105,17607.549074,275164
106,17607.549074,277789
107,17607.549074,280414
108,17607.549074,283039
109,17607.549074,285664
110,17607.549074,288289
111,17607.549074,290914
112,17607.549074,293539
113,17607.549074,296164
114,17607.549074,298789
115,17607.549074,301414
116,17607.549074,304039
117,17607.549074,306664
118,17607.549074,309289
119,17607.549074,311914
120,17607.549074,314539
121,17607.549074,317164
122,17607.549074,319788
123,17607.549074,322413
124,17607.549074,325037
125,17607.549074,327661
126,17607.549074,330285
127,17607.549074,332909
128,17607.549074,335533
129,17607.549074,338158
130,17607.549074,340783
131,17607.549074,343408
132,17607.549074,346032
133,17607.549074,348655
134,17607.549074,351280
135,17607.549074,353905
136,17607.549074,356530
137,17607.549074,359155
138,17607.549074,361780
139,17607.549074,364405
140,17607.549074,367030
141,17607.549074,369655
142,17607.549074,372280
143,17607.549074,374905
144,17607.549074,377530
145,17607.549074,380155
146,17607.549074,382780
147,17607.549074,385405
148,17607.549074,388030
149,17607.549074,390655
150,17607.549074,393280
151,17607.549074,395905
152,17607.549074,398530
153,17607.549074,401155
154,17607.549074,403780
155,17607.549074,406405
156,17607.549074,409030
157,17607.549074,411655
158,17607.549074,414280
159,17607.549074,416905
160,17607.549074,419530
161,17607.549074,422155
162,17607.549074,424780
163,17607.549074,427405
164,17607.549074,430030
165,17607.549074,432655
166,17607.549074,435280
167,17607.549074,437905
168,17607.549074,440530
169,17607.549074,443155
170,17607.549074,445780
171,17607.549074,448405
172,17607.549074,451030
173,17607.549074,453655
174,17607.549074,456280
175,17607.549074,458905
176,17607.549074,461530
177,17607.549074,464155
178,17607.549074,466780
179,17607.549074,469404
180,17607.549074,472028
181,17607.549074,474652
182,17607.549074,477276
183,17607.549074,479900
184,17607.549074,482524
185,17607.549074,485148
186,17607.549074,487772
187,17607.549074,490396
188,17607.549074,493021
189,17607.549074,495646
190,17607.549074,498271
191,17607.549074,500896
192,17607.549074,503521
193,17607.549074,506146
194,17607.549074,508771
195,17607.549074,511396
196,17607.549074,514019
197,17607.549074,516644
198,17607.549074,519269
199,17607.549074,521894
200,17607.549074,524519
201,17607.549074,527144
202,17607.549074,529769
203,17607.549074,532394
204,17607.549074,535019
205,17607.549074,537644
206,17607.549074,540269
207,17607.549074,542894
208,17607.549074,545519
209,17607.549074,548144
210,17607.549074,550769
211,17607.549074,553394
212,17607.549074,556019
213,17607.549074,558644
214,17607.549074,561269
215,17607.549074,563894
216,17607.549074,566519
217,17607.549074,569144
218,17607.549074,571769
219,17607.549074,574394
220,17607.549074,577019
221,17607.549074,579644
222,17607.549074,582269
223,17607.549074,584894
224,17607.549074,587519
225,17607.549074,590143
226,17607.549074,592768
227,17607.549074,595393
228,17607.549074,598018
229,17607.549074,600643
230,17607.549074,603268
231,17607.549074,605893
232,17607.549074,608518
233,17607.549074,611143
234,17607.549074,613768
235,17607.549074,616393
236,17607.549074,619018
237,17607.549074,621643
238,17607.549074,624268
239,17607.549074,626893
240,17607.549074,629518
241,17607.549074,632143
242,17607.549074,634768
243,17607.549074,637393
244,17607.549074,640018
245,17607.549074,642643
246,17607.549074,645268
247,17607.549074,647893
248,17607.549074,650518
249,17607.549074,653143
250,17607.549074,655768
251,17607.549074,658393
252,17607.549074,661018
253,17607.549074,663643
254,17607.549074,666268
255,17607.549074,668893
256,17607.549074,671518
257,17607.549074,674143
258,17607.549074,676768
259,17607.549074,679393
260,17607.549074,682018
261,17607.549074,684643
262,17607.549074,687268
263,17607.549074,689893
264,17607.549074,692518
265,17607.549074,695143
266,17607.549074,697768
267,17607.549074,700393
268,17607.549074,703018
269,17607.549074,705643
270,17607.549074,708268
271,17607.549074,710893
272,17607.549074,713518
273,17607.549074,716143
274,17607.549074,718768
275,17607.549074,721393
276,17607.549074,724018
277,17607.549074,726643
278,17607.549074,729268
279,17607.549074,731893
280,17607.549074,734518
281,17607.549074,737143
282,17607.549074,739768
283,17607.549074,742393
284,17607.549074,745018
285,17604.653372,747643
286,17604.653372,750268
287,17604.653372,752893
288,17604.653372,755518
289,17604.653372,758143
290,17604.653372,760768
291,17604.653372,763393
292,17604.653372,766018
293,17604.653372,768643
294,17604.653372,771268
295,17604.653372,773893
296,17604.653372,776518
297,17604.653372,779143
298,17604.653372,781768
299,17604.653372,784393
300,17604.653372,787018
301,17604.653372,789642
302,17604.653372,792263
303,17604.653372,794887
304,17604.653372,797512
305,17604.653372,800137
306,17604.653372,802762
307,17604.653372,805387
308,17604.653372,808012
309,17604.653372,810637
310,17604.653372,813261
311,17604.653372,815885
312,17604.653372,818509
17604.653372,83.965839
1,18764.122120,2376
2,18422.860879,4998
3,18138.039347,7613
4,18138.039347,10222
5,18130.897330,12833
6,17808.497316,15444
7,17753.809405,18064
8,17753.809405,20681
9,17736.134891,23299
10,17712.751632,25922
11,17712.751632,28547
12,17690.198467,31169
13,17689.252902,33793
14,17676.878026,36415
15,17670.270411,39039
16,17661.386681,41663
17,17661.386681,44285
18,17660.852962,46907
19,17659.352957,49529
20,17659.352957,52151
21,17659.352957,54773
22,17640.768614,57396
23,17636.171106,60019
24,17633.940815,62643
25,17633.519665,65267
26,17633.519665,67891
27,17633.519665,70516
28,17633.519665,73141
29,17633.519665,75766
30,17632.091437,78392
31,17632.091437,81018
32,17628.074946,83642
33,17624.746006,86268
34,17621.116807,88894
35,17621.116807,91519
36,17621.116807,94145
37,17621.116807,96771
38,17614.785096,99396
39,17614.785096,102022
40,17614.785096,104648
41,17614.785096,107274
42,17614.785096,109899
43,17614.785096,112525
44,17614.785096,115151
45,17614.785096,117777
46,17614.785096,120401
47,17614.785096,123027
48,17614.785096,125653
49,17614.571351,128279
50,17614.571351,130905
51,17614.571351,133531
52,17614.571351,136156
53,17614.571351,138782
54,17614.571351,141407
55,17614.571351,144033
56,17614.571351,146659
57,17614.571351,149284
58,17614.571351,151910
59,17614.571351,154536
60,17614.571351,157162
61,17614.571351,159787
62,17614.571351,162413
63,17614.571351,165038
64,17614.571351,167664
65,17614.571351,170289
66,17614.571351,172914
67,17614.571351,175540
68,17614.571351,178166
69,17614.571351,180792
70,17614.571351,183418
71,17614.571351,186044
72,17614.571351,188670
73,17614.571351,191295
74,17614.571351,193921
75,17614.571351,196546
76,17614.571351,199172
77,17614.024742,201798
78,17614.024742,204424
79,17614.024742,207049
80,17614.024742,209674
81,17614.024742,212300
82,17614.024742,214925
83,17614.024742,217549
84,17614.024742,220175
85,17614.024742,222801
86,17614.024742,225427
87,17614.024742,228053
88,17614.024742,230678
89,17614.024742,233303
90,17614.024742,235928
91,17610.091589,238553
92,17610.091589,241178
93,17610.091589,243803
94,17610.091589,246428
95,17610.091589,249053
96,17608.132893,251678
97,17608.132893,254303
98,17608.132893,256929
99,17608.132893,259555
100,17608.132893,262179
101,17608.132893,264805
102,17608.132893,267431
103,17608.132893,270057
104,17608.132893,272683
105,17608.132893,275309
106,17608.132893,277935
107,17608.132893,280561
108,17608.132893,283186
109,17608.132893,285812
110,17608.132893,288437
111,17608.132893,291063
112,17608.132893,293689
113,17608.132893,296315
114,17608.132893,298941
115,17608.132893,301567
116,17608.132893,304193
117,17608.132893,306818
118,17608.132893,309444
119,17608.132893,312070
120,17608.132893,314696
121,17608.132893,317321
122,17608.132893,319947
123,17608.132893,322571
124,17608.132893,325197
125,17608.132893,327823
126,17608.132893,330449
127,17608.132893,333074
128,17608.132893,335699
129,17608.003418,338324
130,17608.003418,340950
131,17608.003418,343575
132,17608.003418,346201
133,17608.003418,348827
134,17608.003418,351453
135,17608.003418,354078
136,17608.003418,356703
137,17608.003418,359329
138,17608.003418,361955
139,17608.003418,364580
140,17608.003418,367206
141,17608.003418,369832
142,17608.003418,372458
143,17608.003418,375084
144,17608.003418,377709
145,17608.003418,380333
146,17608.003418,382956
147,17608.003418,385581
148,17608.003418,388206
149,17608.003418,390832
150,17608.003418,393458
151,17607.713144,396084
152,17607.713144,398710
153,17607.713144,401336
154,17607.713144,403961
155,17607.713144,406587
156,17607.713144,409213
157,17607.713144,411839
158,17607.713144,414465
159,17607.713144,417089
160,17607.713144,419714
161,17607.713144,422340
162,17607.713144,424966
163,17607.713144,427592
164,17607.713144,430217
165,17607.713144,432843
166,17607.713144,435469
167,17607.713144,438095
168,17607.713144,440721
169,17607.713144,443347
170,17607.713144,445973
171,17607.713144,448599
172,17607.713144,451225
173,17607.713144,453851
174,17607.713144,456477
175,17607.713144,459103
176,17607.713144,461729
177,17607.713144,464355
178,17607.713144,466981
179,17607.713144,469606
180,17607.713144,472231
181,17607.713144,474857
182,17607.713144,477483
183,17607.713144,480109
184,17607.713144,482735
185,17607.713144,485361
186,17607.713144,487987
187,17607.713144,490612
188,17607.713144,493237
189,17607.713144,495863
190,17607.713144,498488
191,17607.713144,501114
192,17607.713144,503740
193,17607.713144,506366
194,17607.713144,508992
195,17607.713144,511618
196,17607.713144,514244
197,17607.713144,516870
198,17607.713144,519496
199,17607.713144,522122
200,17607.713144,524748
201,17607.713144,527374
202,17607.713144,530000
203,17607.713144,532626
204,17607.713144,535252
205,17607.713144,537878
206,17607.713144,540504
207,17607.713144,543130
208,17607.713144,545756
209,17607.713144,548382
210,17607.713144,551007
211,17607.713144,553633
212,17607.713144,556259
213,17607.713144,558884
214,17607.713144,561510
215,17607.713144,564136
216,17607.713144,566762
217,17607.713144,569388
218,17607.713144,572013
219,17607.713144,574638
220,17607.713144,577264
221,17607.713144,579890
222,17607.713144,582516
223,17607.713144,585142
224,17607.713144,587768
225,17607.713144,590394
226,17607.713144,593020
227,17607.713144,595646
228,17607.713144,598271
229,17607.713144,600897
230,17607.713144,603523
231,17607.713144,606147
232,17607.713144,608773
233,17607.713144,611399
234,17607.713144,614024
235,17607.384102,616650
236,17606.494602,619275
237,17606.494602,621901
238,17606.494602,624527
239,17606.494602,627153
240,17606.494602,629779
241,17606.494602,632405
242,17606.494602,635031
243,17606.494602,637657
244,17606.494602,640283
245,17606.494602,642909
246,17606.494602,645535
247,17606.494602,648160
248,17606.494602,650786
249,17606.494602,653412
250,17606.494602,656038
251,17606.494602,658664
252,17606.494602,661290
253,17606.494602,663915
254,17606.494602,666541
255,17606.494602,669167
256,17606.494602,671793
257,17606.494602,674419
258,17606.494602,677044
259,17606.494602,679670
260,17606.494602,682295
261,17606.494602,684921
262,17606.494602,687547
263,17606.494602,690173
264,17606.494602,692798
265,17606.494602,695424
266,17606.494602,698050
267,17606.494602,700676
268,17606.494602,703301
269,17606.494602,705927
270,17606.494602,708553
271,17606.494602,711179
272,17606.494602,713805
273,17606.494602,716430
274,17606.494602,719055
275,17606.494602,721680
276,17606.494602,724305
277,17606.494602,726930
278,17606.494602,729555
279,17606.494602,732180
280,17606.494602,734806
281,17606.494602,737431
282,17606.494602,740057
283,17606.494602,742682
284,17606.494602,745308
285,17606.494602,747933
286,17606.494602,750558
287,17606.494602,753184
288,17606.494602,755809
289,17606.494602,758435
290,17606.494602,761061
291,17606.494602,763687
292,17606.494602,766313
293,17606.494602,768939
294,17606.494602,771565
295,17606.494602,774190
296,17606.494602,776816
297,17606.494602,779442
298,17606.494602,782068
299,17606.494602,784694
300,17606.494602,787320
301,17606.494602,789946
302,17606.494602,792572
303,17606.494602,795197
304,17606.494602,797821
305,17606.494602,800447
306,17606.494602,803072
307,17606.494602,805698
308,17606.494602,808323
309,17606.494602,810949
310,17606.494602,813575
311,17606.494602,816201
312,17606.494602,818826
17606.494602,84.498851
1,18669.144896,2376
2,18412.048745,5007
3,18237.451776,7634
4,18131.427490,10258
5,17882.784150,12878
6,17819.641239,15491
7,17756.020430,18108
8,17720.442928,20727
9,17664.947488,23352
10,17663.778890,25976
11,17663.246256,28600
12,17646.286673,31227
13,17642.744992,33853
14,17639.371242,36481
15,17639.371242,39109
16,17639.371242,41738
17,17639.371242,44367
18,17625.185715,46996
19,17625.185715,49625
20,17625.185715,52254
21,17625.185715,54883
22,17620.939875,57514
23,17620.939875,60146
24,17620.939875,62776
25,17620.939875,65406
26,17620.939875,68036
27,17620.939875,70666
28,17613.778965,73296
29,17613.778965,75927
30,17613.778965,78558
31,17612.048713,81189
32,17611.827488,83820
33,17611.827488,86452
34,17611.827488,89084
35,17611.827488,91716
36,17611.827488,94348
37,17611.778603,96980
38,17611.778603,99612
39,17611.778603,102244
40,17611.778603,104876
41,17611.778603,107508
42,17611.778603,110140
43,17611.778603,112772
44,17611.778603,115404
45,17611.778603,118036
46,17610.529618,120668
47,17610.529618,123300
48,17610.529618,125932
49,17610.529618,128564
50,17610.529618,131196
51,17610.529618,133828
52,17610.529618,136460
53,17610.529618,139092
54,17610.529618,141724
55,17610.529618,144356
56,17610.529618,146988
57,17610.529618,149620
58,17610.529618,152252
59,17610.529618,154884
60,17610.529618,157516
61,17610.529618,160148
62,17610.529618,162780
63,17610.529618,165412
64,17610.529618,168044
65,17610.529618,170676
66,17610.529618,173308
67,17610.529618,175940
68,17610.529618,178572
69,17610.529618,181204
70,17610.375428,183836
71,17610.375428,186468
72,17610.375428,189100
73,17610.375428,191732
74,17610.375428,194364
75,17610.375428,196996
76,17610.375428,199628
77,17610.375428,202260
78,17610.375428,204892
79,17610.375428,207524
80,17610.375428,210156
81,17610.375428,212788
82,17610.375428,215420
83,17610.375428,218052
84,17610.375428,220684
85,17610.375428,223316
86,17610.375428,225948
87,17610.375428,228580
88,17610.375428,231212
89,17610.375428,233844
90,17610.375428,236476
91,17610.375428,239108
92,17610.375428,241740
93,17610.375428,244372
94,17610.375428,247004
95,17610.375428,249636
96,17610.375428,252268
97,17610.375428,254900
98,17610.375428,257532
99,17610.375428,260164
100,17610.375428,262796
101,17610.375428,265428
102,17610.375428,268060
103,17610.375428,270692
104,17610.375428,273324
105,17610.375428,275956
106,17610.375428,278588
107,17610.375428,281220
108,17610.375428,283852
109,17610.375428,286484
110,17610.375428,289116
111,17610.375428,291748
112,17610.375428,294380
113,17610.375428,297012
114,17610.375428,299644
115,17610.375428,302276
116,17610.375428,304908
117,17610.375428,307540
118,17610.375428,310172
119,17610.375428,312804
120,17610.375428,315436
121,17610.375428,318068
122,17610.375428,320700
123,17610.375428,323332
124,17610.375428,325964
125,17610.375428,328596
126,17610.375428,331228
127,17610.375428,333860
128,17610.375428,336492
129,17610.375428,339124
130,17610.375428,341756
131,17610.375428,344388
132,17610.375428,347020
133,17610.375428,349652
134,17610.375428,352284
135,17610.375428,354916
136,17610.375428,357548
137,17610.375428,360180
138,17610.375428,362812
139,17610.375428,365444
140,17610.375428,368076
141,17610.375428,370708
142,17610.375428,373340
143,17610.375428,375972
144,17610.375428,378604
145,17610.375428,381236
146,17610.375428,383868
147,17610.375428,386500
148,17610.375428,389132
149,17610.375428,391764
150,17610.375428,394396
151,17610.375428,397028
152,17610.375428,399660
153,17610.375428,402292
154,17610.375428,404924
155,17610.375428,407556
156,17610.375428,410188
157,17610.375428,412820
158,17610.375428,415452
159,17610.375428,418084
160,17610.375428,420716
161,17610.375428,423348
162,17610.375428,425980
163,17610.375428,428612
164,17610.375428,431244
165,17610.375428,433876
166,17610.375428,436508
167,17610.375428,439140
168,17610.375428,441772
169,17610.375428,444404
170,17610.375428,447036
171,17610.375428,449668
172,17610.375428,452300
173,17610.375428,454932
174,17610.375428,457564
175,17610.375428,460196
176,17610.375428,462828
177,17610.375428,465460
178,17610.375428,468092
179,17610.375428,470724
180,17610.375428,473356
181,17610.375428,475988
182,17610.375428,478620
183,17610.375428,481252
184,17610.375428,483884
185,17610.375428,486516
186,17610.375428,489148
187,17610.375428,491780
188,17610.375428,494412
189,17610.375428,497044
190,17610.375428,499676
191,17610.375428,502308
192,17610.375428,504940
193,17610.375428,507572
194,17610.375428,510204
195,17610.375428,512836
196,17610.375428,515468
197,17610.375428,518100
198,17610.375428,520732
199,17610.375428,523364
200,17610.375428,525996
201,17610.375428,528628
202,17610.375428,531260
203,17610.375428,533892
204,17610.375428,536524
205,17610.375428,539156
206,17610.375428,541788
207,17610.375428,544420
208,17610.375428,547052
209,17610.375428,549684
210,17610.375428,552316
211,17610.375428,554948
212,17610.375428,557580
213,17610.375428,560212
214,17610.375428,562844
215,17610.375428,565476
216,17610.375428,568108
217,17610.375428,570740
218,17610.375428,573372
219,17610.375428,576004
220,17610.375428,578636
221,17610.375428,581268
222,17610.375428,583900
223,17610.375428,586532
224,17610.375428,589164
225,17610.375428,591796
226,17610.375428,594428
227,17610.375428,597060
228,17610.375428,599692
229,17610.375428,602324
230,17610.375428,604956
231,17610.375428,607588
232,17610.375428,610220
233,17610.375428,612852
234,17610.375428,615484
235,17610.375428,618116
236,17610.375428,620748
237,17610.375428,623380
238,17610.375428,626012
239,17610.375428,628644
240,17610.375428,631276
241,17610.375428,633908
242,17610.375428,636540
243,17610.375428,639172
244,17610.375428,641804
245,17610.375428,644436
246,17610.375428,647068
247,17610.375428,649700
248,17610.375428,652332
249,17610.375428,654964
250,17610.375428,657596
251,17610.375428,660228
252,17610.375428,662860
253,17610.375428,665492
254,17610.375428,668124
255,17610.375428,670756
256,17610.375428,673388
257,17610.375428,676020
258,17610.375428,678652
259,17610.375428,681284
260,17610.375428,683916
261,17610.375428,686548
262,17610.375428,689180
263,17610.375428,691812
264,17610.375428,694444
265,17610.375428,697076
266,17610.375428,699708
267,17610.375428,702340
268,17610.375428,704972
269,17610.375428,707604
270,17610.375428,710236
271,17610.375428,712868
272,17610.375428,715500
273,17610.375428,718132
274,17610.375428,720764
275,17610.375428,723396
276,17610.375428,726028
277,17610.375428,728660
278,17610.375428,731292
279,17610.375428,733924
280,17610.375428,736556
281,17610.375428,739188
282,17610.375428,741820
283,17610.375428,744452
284,17610.375428,747084
285,17610.375428,749716
286,17610.375428,752348
287,17610.375428,754980
288,17610.375428,757612
289,17610.375428,760244
290,17610.375428,762876
291,17610.375428,765508
292,17610.375428,768140
293,17610.375428,770772
294,17610.375428,773404
295,17610.375428,776036
296,17610.375428,778668
297,17610.375428,781300
298,17610.375428,783932
299,17610.375428,786564
300,17610.375428,789196
301,17610.375428,791828
302,17610.375428,794460
303,17610.375428,797092
304,17610.375428,799724
305,17610.375428,802356
306,17610.375428,804988
307,17610.375428,807620
308,17610.375428,810252
309,17610.375428,812884
310,17610.375428,815516
311,17610.375428,818148
17610.375428,84.874128
1,18767.402332,2376
2,18474.926646,5031
3,18267.906769,7682
4,18039.546461,10326
5,17880.789364,12971
6,17792.427984,15603
7,17775.011199,18240
8,17755.502922,20887
9,17755.502922,23537
10,17737.092887,26194
11,17737.092887,28848
12,17725.494276,31506
13,17687.776092,34163
14,17687.776092,36820
15,17675.579638,39475
16,17675.579638,42131
17,17652.043367,44786
18,17622.161738,47443
19,17618.303525,50099
20,17617.582123,52755
21,17617.582123,55410
22,17617.582123,58067
23,17617.582123,60725
24,17617.582123,63383
25,17617.582123,66042
26,17611.830080,68701
27,17611.665971,71360
28,17611.665971,74019
29,17609.806658,76678
30,17609.806658,79337
31,17609.806658,81996
32,17609.806658,84654
33,17608.308900,87311
34,17608.308900,89968
35,17608.308900,92626
36,17608.308900,95284
37,17608.308900,97942
38,17608.308900,100600
39,17608.308900,103258
40,17608.308900,105916
41,17608.308900,108574
42,17608.308900,111232
43,17608.308900,113890
44,17608.308900,116548
45,17608.308900,119206
46,17608.308900,121864
47,17608.308900,124523
48,17608.308900,127182
49,17608.308900,129841
50,17608.308900,132500
51,17608.308900,135159
52,17608.308900,137818
53,17608.308900,140477
54,17608.308900,143136
55,17608.308900,145795
56,17608.308900,148454
57,17608.308900,151113
58,17608.308900,153772
59,17608.308900,156431
60,17608.308900,159090
61,17608.308900,161749
62,17608.308900,164408
63,17608.308900,167067
64,17608.308900,169726
65,17608.308900,172385
66,17608.308900,175044
67,17608.308900,177703
68,17608.308900,180362
69,17608.308900,183021
70,17608.308900,185680
71,17608.308900,188339
72,17608.308900,190998
73,17608.308900,193657
74,17608.308900,196316
75,17608.308900,198975
76,17608.308900,201634
77,17608.308900,204293
78,17608.308900,206952
79,17608.308900,209611
80,17608.308900,212270
81,17608.308900,214929
82,17608.308900,217588
83,17608.308900,220247
84,17608.308900,222906
85,17608.308900,225565
86,17608.308900,228224
87,17608.308900,230883
88,17608.308900,233542
89,17608.308900,236201
90,17608.308900,238860
91,17608.308900,241519
92,17608.308900,244178
93,17608.308900,246837
94,17608.308900,249496
95,17608.308900,252155
96,17608.308900,254814
97,17608.308900,257473
98,17608.308900,260132
99,17608.308900,262791
100,17608.308900,265450
101,17608.308900,268109
102,17608.308900,270768
103,17608.308900,273427
104,17608.308900,276086
105,17608.308900,278745
106,17608.308900,281404
107,17608.308900,284063
108,17608.308900,286722
109,17608.308900,289381
110,17608.308900,292040
111,17608.308900,294699
112,17608.308900,297358
113,17608.308900,300017
114,17608.308900,302676
115,17608.308900,305335
116,17608.308900,307994
117,17608.308900,310653
118,17608.308900,313312
119,17608.308900,315971
120,17608.308900,318630
121,17608.308900,321289
122,17608.308900,323948
123,17608.308900,326607
124,17608.308900,329266
125,17608.308900,331925
126,17608.308900,334584
127,17608.308900,337243
128,17608.308900,339902
129,17608.308900,342561
130,17608.308900,345220
131,17608.308900,347879
132,17608.308900,350538
133,17608.308900,353197
134,17608.308900,355856
135,17608.308900,358515
136,17608.308900,361174
137,17608.308900,363833
138,17608.308900,366492
139,17608.308900,369151
140,17608.308900,371810
141,17608.308900,374469
142,17608.308900,377128
143,17608.308900,379787
144,17608.308900,382446
145,17608.308900,385105
146,17608.308900,387764
147,17608.308900,390423
148,17608.308900,393082
149,17608.308900,395741
150,17608.308900,398400
151,17608.308900,401059
152,17608.308900,403718
153,17608.308900,406377
154,17608.308900,409036
155,17608.308900,411695
156,17608.308900,414354
157,17608.308900,417013
158,17608.308900,419672
159,17608.308900,422331
160,17608.308900,424990
161,17608.308900,427649
162,17608.308900,430308
163,17608.308900,432967
164,17608.308900,435626
165,17608.308900,438285
166,17608.308900,440944
167,17608.308900,443603
168,17608.308900,446262
169,17608.308900,448921
170,17608.308900,451580
171,17608.308900,454239
172,17608.308900,456898
173,17608.308900,459557
174,17608.308900,462216
175,17608.308900,464875
176,17608.308900,467534
177,17608.308900,470193
178,17608.308900,472852
179,17608.308900,475511
180,17608.308900,478170
181,17608.308900,480829
182,17608.308900,483488
183,17608.308900,486147
184,17608.308900,488806
185,17608.308900,491465
186,17608.308900,494124
187,17608.308900,496783
188,17608.308900,499442
189,17608.308900,502101
190,17608.308900,504760
191,17608.308900,507419
192,17608.308900,510078
193,17604.090910,512737
194,17604.090910,515396
195,17604.090910,518055
196,17604.090910,520714
197,17604.090910,523373
198,17604.090910,526032
199,17603.920342,528691
200,17603.920342,531350
201,17603.920342,534009
202,17603.920342,536668
203,17603.920342,539327
204,17603.920342,541986
205,17603.920342,544645
206,17603.920342,547304
207,17603.920342,549963
208,17603.920342,552622
209,17603.920342,555281
210,17603.920342,557940
211,17603.920342,560599
212,17603.920342,563258
213,17603.920342,565917
214,17603.920342,568576
215,17603.920342,571235
216,17603.920342,573894
217,17603.920342,576553
218,17603.920342,579212
219,17603.920342,581871
220,17603.920342,584530
221,17603.920342,587189
222,17603.920342,589848
223,17603.920342,592507
224,17603.920342,595166
225,17603.920342,597825
226,17603.920342,600484
227,17603.920342,603143
228,17603.920342,605802
229,17603.920342,608461
230,17603.920342,611120
231,17603.920342,613779
232,17603.920342,616438
233,17603.920342,619097
234,17603.920342,621756
235,17603.920342,624415
236,17603.920342,627074
237,17603.920342,629733
238,17603.920342,632392
239,17603.920342,635051
240,17603.920342,637710
241,17603.920342,640369
242,17603.920342,643028
243,17603.920342,645687
244,17603.920342,648346
245,17603.920342,651005
246,17603.920342,653664
247,17603.920342,656323
248,17603.920342,658982
249,17603.920342,661641
250,17603.920342,664300
251,17603.920342,666959
252,17603.920342,669618
253,17603.920342,672277
254,17603.920342,674936
255,17603.920342,677595
256,17603.920342,680254
257,17603.920342,682913
258,17603.920342,685572
259,17603.920342,688231
260,17603.920342,690890
261,17603.920342,693549
262,17603.920342,696208
263,17603.920342,698867
264,17603.920342,701526
265,17603.920342,704185
266,17603.920342,706844
267,17603.920342,709503
268,17603.920342,712162
269,17603.920342,714821
270,17603.920342,717480
271,17603.920342,720139
272,17603.920342,722798
273,17603.920342,725457
274,17603.920342,728116
275,17603.920342,730775
276,17603.920342,733434
277,17603.920342,736093
278,17603.920342,738752
279,17603.920342,741411
280,17603.920342,744070
281,17603.920342,746729
282,17603.920342,749388
283,17603.920342,752047
284,17603.920342,754706
285,17603.920342,757365
286,17603.920342,760024
287,17603.920342,762683
288,17603.920342,765342
289,17603.920342,768001
290,17603.920342,770660
291,17603.920342,773319
292,17603.920342,775978
293,17603.920342,778637
294,17603.920342,781296
295,17603.920342,783955
296,17603.920342,786614
297,17603.920342,789273
298,17603.920342,791932
299,17603.920342,794591
300,17603.920342,797250
301,17603.920342,799909
302,17603.920342,802568
303,17603.920342,805227
304,17603.920342,807886
305,17603.920342,810545
306,17603.920342,813204
307,17603.920342,815863
308,17603.920342,818522
17603.920342,83.618082
