1,62356.253434,2376
2,62097.658846,5041
3,62038.494957,7706
4,62037.953821,10371
5,62037.953821,13034
6,62037.953821,15698
7,62037.953821,18360
8,62037.953821,21019
9,62037.953821,23676
10,62037.953821,26336
11,62037.953821,28997
12,62037.953821,31656
13,62037.953821,34316
14,62037.953821,36978
15,62037.953821,39640
16,62037.953821,42300
17,62037.953821,44960
18,62037.953821,47620
19,62037.953821,50275
20,62037.953821,52928
21,62037.953821,55584
22,62037.953821,58243
23,62037.953821,60906
24,62037.953821,63562
25,62037.953821,66221
26,62037.953821,68881
27,62037.953821,71540
28,62037.953821,74190
29,62037.953821,76851
30,62037.953821,79507
31,62037.953821,82168
32,62037.953821,84823
33,62037.953821,87475
34,62037.953821,90124
35,62037.953821,92786
36,62037.953821,95445
37,62037.953821,98106
38,62037.953821,100768
39,62037.953821,103430
40,62037.953821,106091
41,62037.953821,108750
42,62037.953821,111410
43,62037.953821,114072
44,62037.953821,116733
45,62037.953821,119393
46,62037.953821,122044
47,62037.953821,124699
48,62037.953821,127357
49,62037.953821,130013
50,62037.953821,132675
51,62037.953821,135336
52,62037.953821,137995
53,62037.953821,140651
54,62037.953821,143305
55,62037.953821,145964
56,62037.953821,148622
57,62037.953821,151276
58,62037.953821,153930
59,62037.953821,156584
60,62037.953821,159244
61,62037.953821,161896
62,62037.953821,164554
63,62037.953821,167210
64,62037.953821,169871
65,62037.953821,172526
66,62037.953821,175187
67,62037.953821,177843
68,62037.953821,180501
69,62037.953821,183163
70,62037.953821,185819
71,62037.953821,188474
72,62037.953821,191136
73,62037.953821,193798
74,62037.953821,196461
75,62037.953821,199121
76,62037.953821,201783
77,62037.953821,204444
78,62037.953821,207105
79,62037.953821,209767
80,62037.953821,212429
81,62037.953821,215091
82,62037.953821,217754
83,62037.953821,220412
84,62037.953821,223068
85,62037.953821,225727
86,62037.953821,228386
87,62037.953821,231044
88,62037.953821,233701
89,62037.953821,236359
90,62037.953821,239018
91,62037.953821,241676
92,62037.953821,244329
93,62037.953821,246989
94,62037.953821,249640
95,62037.953821,252294
96,62037.953821,254952
97,62037.953821,257608
98,62037.953821,260255
99,62037.953821,262911
100,62037.953821,265576
101,62037.953821,268236
102,62037.953821,270894
103,62037.953821,273547
104,62037.953821,276200
105,62037.953821,278858
106,62037.953821,281517
107,62037.953821,284173
108,62037.953821,286828
109,62037.953821,289491
110,62037.953821,292151
111,62037.953821,294811
112,62037.953821,297467
113,62037.953821,300122
114,62037.953821,302783
115,62037.953821,305440
116,62037.953821,308101
117,62037.953821,310759
118,62037.953821,313420
119,62037.953821,316081
120,62037.953821,318739
121,62037.953821,321399
122,62037.953821,324060
123,62037.953821,326721
124,62037.953821,329379
125,62037.953821,332042
126,62037.953821,334706
127,62037.953821,337367
128,62037.953821,340029
129,62037.953821,342683
130,62037.953821,345339
131,62037.953821,347997
132,62037.953821,350654
133,62037.953821,353317
134,62037.953821,355980
135,62037.953821,358638
136,62037.953821,361299
137,62037.953821,363961
138,62037.953821,366623
139,62037.953821,369279
140,62037.953821,371943
141,62037.953821,374606
142,62037.953821,377268
143,62037.953821,379923
144,62037.953821,382585
145,62037.953821,385239
146,62037.953821,387890
147,62037.953821,390550
148,62037.953821,393205
149,62037.953821,395865
150,62037.953821,398526
151,62037.953821,401186
152,62037.953821,403848
153,62037.953821,406505
154,62037.953821,409163
155,62037.953821,411824
156,62037.953821,414479
157,62037.953821,417135
158,62037.953821,419786
159,62037.953821,422437
160,62037.953821,425094
161,62037.953821,427751
162,62037.953821,430415
163,62037.953821,433073
164,62037.953821,435728
165,62037.953821,438387
166,62037.953821,441047
167,62037.953821,443705
168,62037.953821,446363
169,62037.953821,449021
170,62037.953821,451683
171,62037.953821,454345
172,62037.953821,457002
173,62037.953821,459660
174,62037.953821,462318
175,62037.953821,464977
176,62037.953821,467638
177,62037.953821,470294
178,62037.953821,472953
179,62037.953821,475612
180,62037.953821,478274
181,62037.953821,480938
182,62037.953821,483596
183,62037.953821,486257
184,62037.953821,488912
185,62037.953821,491573
186,62037.953821,494233
187,62037.953821,496892
188,62037.953821,499555
189,62037.953821,502218
190,62037.953821,504881
191,62037.953821,507542
192,62037.953821,510207
193,62037.953821,512870
194,62037.953821,515531
195,62037.953821,518196
196,62037.953821,520858
197,62037.953821,523520
198,62037.953821,526178
199,62037.953821,528833
200,62037.953821,531491
201,62037.953821,534147
202,62037.953821,536805
203,62037.953821,539461
204,62037.953821,542120
205,62037.953821,544771
206,62037.953821,547422
207,62037.953821,550080
208,62037.953821,552736
209,62037.953821,555394
210,62037.953821,558051
211,62037.953821,560706
212,62037.953821,563366
213,62037.953821,566024
214,62037.953821,568682
215,62037.953821,571337
216,62037.953821,573999
217,62037.953821,576662
218,62037.953821,579317
219,62037.953821,581971
220,62037.953821,584631
221,62037.953821,587293
222,62037.953821,589953
223,62037.953821,592615
224,62037.953821,595272
225,62037.953821,597936
226,62037.953821,600593
227,62037.953821,603255
228,62037.953821,605916
229,62037.953821,608578
230,62037.953821,611236
231,62037.953821,613898
232,62037.953821,616562
233,62037.953821,619222
234,62037.953821,621883
235,62037.953821,624541
236,62037.953821,627196
237,62037.953821,629849
238,62037.953821,632508
239,62037.953821,635167
240,62037.953821,637826
241,62037.953821,640477
242,62037.953821,643130
243,62037.953821,645787
244,62037.953821,648441
245,62037.953821,651101
246,62037.953821,653759
247,62037.953821,656422
248,62037.953821,659085
249,62037.953821,661744
250,62037.953821,664403
251,62037.953821,667067
252,62037.953821,669728
253,62037.953821,672391
254,62037.953821,675049
255,62037.953821,677708
256,62037.953821,680370
257,62037.953821,683032
258,62037.953821,685690
259,62037.953821,688351
260,62037.953821,691008
261,62037.953821,693670
262,62037.953821,696333
263,62037.953821,698994
264,62037.953821,701657
265,62037.953821,704312
266,62037.953821,706970
267,62037.953821,709626
268,62037.953821,712283
269,62037.953821,714944
270,62037.953821,717606
271,62037.953821,720259
272,62037.953821,722918
273,62037.953821,725573
274,62037.953821,728234
275,62037.953821,730893
276,62037.953821,733554
277,62037.953821,736215
278,62037.953821,738869
279,62037.953821,741524
280,62037.953821,744182
281,62037.953821,746836
282,62037.953821,749496
283,62037.953821,752150
284,62037.953821,754806
285,62037.953821,757466
286,62037.953821,760122
287,62037.953821,762782
288,62037.953821,765440
289,62037.953821,768104
290,62037.953821,770764
291,62037.953821,773425
292,62037.953821,776087
293,62037.953821,778749
294,62037.953821,781406
295,62037.953821,784065
296,62037.953821,786725
297,62037.953821,789388
298,62037.953821,792045
299,62037.953821,794703
300,62037.953821,797363
301,62037.953821,800026
302,62037.953821,802685
303,62037.953821,805346
304,62037.953821,808008
305,62037.953821,810663
62037.953821,4.589601
1,62272.764351,2376
2,62075.667901,5016
3,62040.024449,7656
4,62038.592934,10296
5,62038.592934,12936
6,62037.953821,15576
7,62037.659026,18211
8,62037.652059,20850
9,62037.652059,23486
10,62037.652059,26121
11,62037.652059,28751
12,62037.652059,31385
13,62037.652059,34020
14,62037.652059,36659
15,62037.652059,39294
16,62037.652059,41928
17,62037.652059,44561
18,62037.652059,47190
19,62037.652059,49819
20,62037.652059,52450
21,62037.652059,55081
22,62037.652059,57713
23,62037.652059,60346
24,62037.652059,62981
25,62037.652059,65615
26,62037.652059,68254
27,62037.652059,70887
28,62037.652059,73521
29,62037.652059,76156
30,62037.652059,78787
31,62037.652059,81421
32,62037.652059,84056
33,62037.652059,86692
34,62037.652059,89326
35,62037.652059,91955
36,62037.652059,94592
37,62037.652059,97227
38,62037.652059,99861
39,62037.652059,102500
40,62037.652059,105133
41,62037.652059,107765
42,62037.652059,110399
43,62037.652059,113034
44,62037.652059,115666
45,62037.652059,118302
46,62037.652059,120935
47,62037.652059,123568
48,62037.652059,126203
49,62037.652059,128830
50,62037.652059,131466
51,62037.652059,134097
52,62037.652059,136733
53,62037.652059,139371
54,62037.652059,142005
55,62037.652059,144642
56,62037.652059,147278
57,62037.652059,149912
58,62037.652059,152544
59,62037.652059,155181
60,62037.652059,157809
61,62037.652059,160443
62,62037.652059,163071
63,62037.652059,165705
64,62037.652059,168337
65,62037.652059,170969
66,62037.652059,173603
67,62037.652059,176242
68,62037.652059,178879
69,62037.652059,181515
70,62037.652059,184150
71,62037.652059,186783
72,62037.652059,189418
73,62037.652059,192055
74,62037.652059,194686
75,62037.652059,197324
76,62037.652059,199957
77,62037.652059,202597
78,62037.652059,205229
79,62037.652059,207861
80,62037.652059,210494
81,62037.652059,213129
82,62037.652059,215765
83,62037.652059,218399
84,62037.652059,221038
85,62037.652059,223672
86,62037.652059,226307
87,62037.652059,228946
88,62037.652059,231581
89,62037.652059,234215
90,62037.652059,236852
91,62037.652059,239485
92,62037.652059,242117
93,62037.652059,244751
94,62037.652059,247385
95,62037.652059,250020
96,62037.652059,252655
97,62037.652059,255288
98,62037.652059,257921
99,62037.652059,260554
100,62037.652059,263190
101,62037.652059,265816
102,62037.652059,268449
103,62037.652059,271076
104,62037.652059,273708
105,62037.652059,276331
106,62037.652059,278966
107,62037.652059,281595
108,62037.652059,284228
109,62037.652059,286862
110,62037.652059,289496
111,62037.652059,292135
112,62037.652059,294772
113,62037.652059,297408
114,62037.652059,300045
115,62037.652059,302681
116,62037.652059,305313
117,62037.652059,307947
118,62037.652059,310572
119,62037.652059,313207
120,62037.652059,315841
121,62037.652059,318473
122,62037.652059,321105
123,62037.652059,323737
124,62037.652059,326375
125,62037.652059,329008
126,62037.652059,331645
127,62037.652059,334280
128,62037.652059,336914
129,62037.652059,339546
130,62037.652059,342178
131,62037.652059,344807
132,62037.652059,347435
133,62037.652059,350074
134,62037.652059,352710
135,62037.652059,355336
136,62037.652059,357974
137,62037.652059,360603
138,62037.652059,363239
139,62037.652059,365874
140,62037.652059,368511
141,62037.652059,371147
142,62037.652059,373780
143,62037.652059,376415
144,62037.652059,379048
145,62037.652059,381676
146,62037.652059,384307
147,62037.652059,386939
148,62037.652059,389573
149,62037.652059,392208
150,62037.652059,394840
151,62037.652059,397472
152,62037.652059,400105
153,62037.652059,402744
154,62037.652059,405382
155,62037.652059,408021
156,62037.652059,410652
157,62037.652059,413286
158,62037.652059,415924
159,62037.652059,418564
160,62037.652059,421199
161,62037.652059,423838
162,62037.652059,426476
163,62037.652059,429109
164,62037.652059,431741
165,62037.652059,434376
166,62037.652059,437011
167,62037.652059,439647
168,62037.652059,442279
169,62037.652059,444914
170,62037.652059,447552
171,62037.652059,450187
172,62037.652059,452817
173,62037.652059,455454
174,62037.652059,458093
175,62037.652059,460728
176,62037.652059,463362
177,62037.652059,465997
178,62037.652059,468630
179,62037.652059,471263
180,62037.652059,473895
181,62037.652059,476523
182,62037.652059,479158
183,62037.652059,481793
184,62037.652059,484426
185,62037.652059,487058
186,62037.652059,489696
187,62037.652059,492327
188,62037.652059,494965
189,62037.652059,497597
190,62037.652059,500234
191,62037.652059,502871
192,62037.652059,505506
193,62037.652059,508145
194,62037.652059,510782
195,62037.652059,513416
196,62037.652059,516050
197,62037.652059,518685
198,62037.652059,521321
199,62037.652059,523952
200,62037.652059,526588
201,62037.652059,529222
202,62037.652059,531856
203,62037.652059,534491
204,62037.652059,537122
205,62037.652059,539759
206,62037.652059,542397
207,62037.652059,545033
208,62037.652059,547668
209,62037.652059,550301
210,62037.652059,552937
211,62037.652059,555572
212,62037.652059,558211
213,62037.652059,560845
214,62037.652059,563484
215,62037.652059,566122
216,62037.652059,568760
217,62037.652059,571399
218,62037.652059,574036
219,62037.652059,576673
220,62037.652059,579304
221,62037.652059,581941
222,62037.652059,584572
223,62037.652059,587198
224,62037.652059,589833
225,62037.652059,592467
226,62037.652059,595102
227,62037.652059,597738
228,62037.652059,600369
229,62037.652059,602998
230,62037.652059,605630
231,62037.652059,608267
232,62037.652059,610897
233,62037.652059,613524
234,62037.652059,616156
235,62037.652059,618788
236,62037.652059,621416
237,62037.652059,624052
238,62037.652059,626684
239,62037.652059,629320
240,62037.652059,631948
241,62037.652059,634583
242,62037.652059,637216
243,62037.652059,639850
244,62037.652059,642488
245,62037.652059,645119
246,62037.652059,647757
247,62037.652059,650395
248,62037.652059,653031
249,62037.652059,655664
250,62037.652059,658304
251,62037.652059,660942
252,62037.652059,663576
253,62037.652059,666209
254,62037.652059,668841
255,62037.652059,671476
256,62037.652059,674113
257,62037.652059,676745
258,62037.652059,679377
259,62037.652059,682013
260,62037.652059,684643
261,62037.652059,687278
262,62037.652059,689910
263,62037.652059,692540
264,62037.652059,695173
265,62037.652059,697805
266,62037.652059,700441
267,62037.652059,703081
268,62037.652059,705718
269,62037.652059,708352
270,62037.652059,710989
271,62037.652059,713625
272,62037.652059,716261
273,62037.652059,718899
274,62037.652059,721534
275,62037.652059,724171
276,62037.652059,726807
277,62037.652059,729442
278,62037.652059,732079
279,62037.652059,734716
280,62037.652059,737353
281,62037.652059,739990
282,62037.652059,742624
283,62037.652059,745260
284,62037.652059,747897
285,62037.652059,750533
286,62037.652059,753172
287,62037.652059,755809
288,62037.652059,758446
289,62037.652059,761083
290,62037.652059,763720
291,62037.652059,766357
292,62037.652059,768994
293,62037.652059,771631
294,62037.652059,774267
295,62037.652059,776903
296,62037.652059,779539
297,62037.652059,782176
298,62037.652059,784812
299,62037.652059,787447
300,62037.652059,790076
301,62037.652059,792709
302,62037.652059,795337
303,62037.652059,797974
304,62037.652059,800611
305,62037.652059,803244
306,62037.652059,805878
307,62037.652059,808515
308,62037.652059,811151
62037.652059,4.516949
1,62201.514112,2376
2,62057.935704,5037
3,62043.588029,7698
4,62038.494957,10359
5,62038.494957,13020
6,62038.494957,15677
7,62038.494957,18332
8,62038.494957,20987
9,62038.494957,23646
10,62037.820924,26300
11,62037.820924,28957
12,62037.820924,31617
13,62037.820924,34271
14,62037.820924,36921
15,62037.820924,39575
16,62037.820924,42230
17,62037.820924,44885
18,62037.820924,47540
19,62037.820924,50193
20,62037.820924,52851
21,62037.820924,55506
22,62037.748655,58164
23,62037.748655,60820
24,62037.748655,63481
25,62037.748655,66135
26,62037.748655,68789
27,62037.748655,71438
28,62037.748655,74099
29,62037.748655,76753
30,62037.748655,79411
31,62037.748655,82070
32,62037.748655,84724
33,62037.748655,87376
34,62037.748655,90030
35,62037.748655,92682
36,62037.748655,95334
37,62037.748655,97992
38,62037.748655,100649
39,62037.748655,103303
40,62037.748655,105961
41,62037.748655,108615
42,62037.748655,111273
43,62037.748655,113934
44,62037.748655,116592
45,62037.748655,119249
46,62037.748655,121904
47,62037.748655,124556
48,62037.748655,127211
49,62037.748655,129862
50,62037.748655,132514
51,62037.748655,135164
52,62037.748655,137815
53,62037.748655,140464
54,62037.748655,143120
55,62037.748655,145770
56,62037.748655,148426
57,62037.748655,151082
58,62037.748655,153736
59,62037.748655,156390
60,62037.748655,159047
61,62037.748655,161706
62,62037.748655,164358
63,62037.748655,167012
64,62037.748655,169665
65,62037.748655,172314
66,62037.748655,174970
67,62037.748655,177621
68,62037.748655,180268
69,62037.748655,182917
70,62037.748655,185571
71,62037.748655,188229
72,62037.748655,190883
73,62037.748655,193542
74,62037.748655,196201
75,62037.748655,198857
76,62037.748655,201506
77,62037.748655,204161
78,62037.748655,206814
79,62037.748655,209469
80,62037.748655,212121
81,62037.748655,214776
82,62037.748655,217428
83,62037.748655,220077
84,62037.748655,222734
85,62037.748655,225389
86,62037.748655,228044
87,62037.748655,230701
88,62037.748655,233356
89,62037.748655,236008
90,62037.748655,238662
91,62037.748655,241313
92,62037.748655,243959
93,62037.748655,246618
94,62037.748655,249274
95,62037.748655,251932
96,62037.748655,254589
97,62037.748655,257248
98,62037.748655,259904
99,62037.748655,262560
100,62037.748655,265212
101,62037.748655,267866
102,62037.748655,270523
103,62037.748655,273179
104,62037.748655,275832
105,62037.748655,278483
106,62037.748655,281129
107,62037.748655,283784
108,62037.748655,286433
109,62037.748655,289079
110,62037.748655,291730
111,62037.748655,294381
112,62037.748655,297036
113,62037.748655,299690
114,62037.748655,302347
115,62037.748655,304997
116,62037.748655,307647
117,62037.748655,310307
118,62037.748655,312958
119,62037.748655,315606
120,62037.748655,318258
121,62037.748655,320912
122,62037.748655,323567
123,62037.748655,326223
124,62037.748655,328870
125,62037.748655,331523
126,62037.748655,334179
127,62037.748655,336835
128,62037.748655,339492
129,62037.748655,342146
130,62037.748655,344797
131,62037.748655,347453
132,62037.748655,350105
133,62037.748655,352756
134,62037.748655,355407
135,62037.748655,358061
136,62037.748655,360712
137,62037.748655,363362
138,62037.748655,366012
139,62037.748655,368667
140,62037.748655,371319
141,62037.748655,373969
142,62037.748655,376621
143,62037.748655,379272
144,62037.748655,381923
145,62037.748655,384581
146,62037.748655,387234
147,62037.748655,389888
148,62037.748655,392540
149,62037.748655,395195
150,62037.748655,397853
151,62037.748655,400511
152,62037.748655,403169
153,62037.748655,405821
154,62037.748655,408474
155,62037.748655,411127
156,62037.748655,413779
157,62037.748655,416433
158,62037.748655,419092
159,62037.748655,421744
160,62037.748655,424396
161,62037.748655,427048
162,62037.748655,429706
163,62037.748655,432364
164,62037.748655,435022
165,62037.748655,437675
166,62037.748655,440329
167,62037.748655,442984
168,62037.748655,445638
169,62037.748655,448287
170,62037.748655,450944
171,62037.748655,453598
172,62037.748655,456252
173,62037.748655,458902
174,62037.748655,461554
175,62037.748655,464202
176,62037.748655,466855
177,62037.748655,469506
178,62037.748655,472165
179,62037.748655,474821
180,62037.748655,477469
181,62037.748655,480121
182,62037.748655,482769
183,62037.748655,485414
184,62037.748655,488070
185,62037.748655,490724
186,62037.748655,493382
187,62037.748655,496035
188,62037.748655,498692
189,62037.748655,501350
190,62037.748655,504010
191,62037.748655,506669
192,62037.748655,509330
193,62037.748655,511987
194,62037.748655,514642
195,62037.748655,517292
196,62037.748655,519947
197,62037.748655,522603
198,62037.748655,525258
199,62037.748655,527907
200,62037.748655,530568
201,62037.748655,533224
202,62037.748655,535877
203,62037.748655,538525
204,62037.748655,541174
205,62037.748655,543826
206,62037.748655,546482
207,62037.748655,549136
208,62037.748655,551787
209,62037.748655,554445
210,62037.748655,557103
211,62037.748655,559759
212,62037.748655,562411
213,62037.748655,565064
214,62037.748655,567718
215,62037.748655,570375
216,62037.748655,573026
217,62037.748655,575679
218,62037.748655,578334
219,62037.748655,580987
220,62037.748655,583643
221,62037.748655,586297
222,62037.748655,588948
223,62037.748655,591604
224,62037.748655,594263
225,62037.748655,596921
226,62037.748655,599578
227,62037.748655,602236
228,62037.748655,604894
229,62037.748655,607551
230,62037.748655,610209
231,62037.748655,612862
232,62037.748655,615518
233,62037.748655,618171
234,62037.748655,620827
235,62037.748655,623479
236,62037.748655,626137
237,62037.748655,628788
238,62037.748655,631441
239,62037.748655,634093
240,62037.748655,636746
241,62037.748655,639398
242,62037.748655,642047
243,62037.748655,644702
244,62037.748655,647352
245,62037.748655,650006
246,62037.748655,652656
247,62037.748655,655312
248,62037.748655,657964
249,62037.748655,660612
250,62037.748655,663270
251,62037.748655,665922
252,62037.748655,668579
253,62037.748655,671232
254,62037.748655,673888
255,62037.748655,676541
256,62037.748655,679195
257,62037.748655,681846
258,62037.748655,684495
259,62037.748655,687140
260,62037.748655,689797
261,62037.748655,692447
262,62037.748655,695097
263,62037.748655,697747
264,62037.748655,700401
265,62037.748655,703053
266,62037.748655,705705
267,62037.748655,708361
268,62037.748655,711019
269,62037.748655,713678
270,62037.748655,716335
271,62037.748655,718986
272,62037.748655,721644
273,62037.748655,724300
274,62037.748655,726951
275,62037.748655,729601
276,62037.748655,732255
277,62037.748655,734915
278,62037.748655,737565
279,62037.748655,740224
280,62037.748655,742881
281,62037.748655,745536
282,62037.748655,748193
283,62037.748655,750844
284,62037.748655,753500
285,62037.748655,756154
286,62037.748655,758810
287,62037.748655,761468
288,62037.748655,764122
289,62037.748655,766776
290,62037.748655,769430
291,62037.748655,772083
292,62037.748655,774737
293,62037.748655,777394
294,62037.748655,780050
295,62037.748655,782706
296,62037.748655,785358
297,62037.748655,788011
298,62037.748655,790666
299,62037.748655,793321
300,62037.748655,795973
301,62037.748655,798626
302,62037.748655,801280
303,62037.748655,803929
304,62037.748655,806587
305,62037.748655,809247
62037.748655,4.472269
1,62243.570715,2376
2,62066.256810,5034
3,62041.387866,7692
4,62038.592434,10350
5,62037.820924,13006
6,62037.820924,15663
7,62036.763151,18318
8,62036.763151,20962
9,62036.763151,23618
10,62036.763151,26271
11,62036.763151,28929
12,62036.763151,31580
13,62036.763151,34236
14,62036.763151,36889
15,62036.763151,39543
16,62036.763151,42200
17,62036.763151,44854
18,62036.763151,47508
19,62036.763151,50163
20,62036.763151,52816
21,62036.763151,55466
22,62036.763151,58122
23,62036.763151,60775
24,62036.763151,63429
25,62036.763151,66078
26,62036.763151,68729
27,62036.763151,71385
28,62036.763151,74041
29,62036.763151,76694
30,62036.763151,79342
31,62036.763151,81997
32,62036.763151,84654
33,62036.763151,87304
34,62036.763151,89954
35,62036.763151,92606
36,62036.763151,95255
37,62036.763151,97906
38,62036.763151,100558
39,62036.763151,103211
40,62036.763151,105861
41,62036.763151,108512
42,62036.763151,111168
43,62036.763151,113824
44,62036.763151,116480
45,62036.763151,119137
46,62036.763151,121793
47,62036.763151,124450
48,62036.763151,127106
49,62036.763151,129760
50,62036.763151,132413
51,62036.763151,135068
52,62036.763151,137715
53,62036.763151,140365
54,62036.763151,143020
55,62036.763151,145669
56,62036.763151,148326
57,62036.763151,150977
58,62036.763151,153628
59,62036.763151,156279
60,62036.763151,158931
61,62036.763151,161584
62,62036.763151,164236
63,62036.763151,166892
64,62036.763151,169547
65,62036.763151,172202
66,62036.763151,174858
67,62036.763151,177514
68,62036.763151,180164
69,62036.763151,182817
70,62036.763151,185471
71,62036.763151,188125
72,62036.763151,190781
73,62036.763151,193433
74,62036.763151,196088
75,62036.763151,198740
76,62036.763151,201392
77,62036.763151,204044
78,62036.763151,206698
79,62036.763151,209350
80,62036.763151,212004
81,62036.763151,214657
82,62036.763151,217312
83,62036.763151,219967
84,62036.763151,222620
85,62036.763151,225270
86,62036.763151,227921
87,62036.763151,230576
88,62036.763151,233227
89,62036.763151,235881
90,62036.763151,238538
91,62036.763151,241192
92,62036.763151,243847
93,62036.763151,246504
94,62036.763151,249157
95,62036.763151,251809
96,62036.763151,254461
97,62036.763151,257115
98,62036.763151,259771
99,62036.763151,262422
100,62036.763151,265075
101,62036.763151,267726
102,62036.763151,270379
103,62036.763151,273025
104,62036.763151,275671
105,62036.763151,278325
106,62036.763151,280974
107,62036.763151,283624
108,62036.763151,286278
109,62036.763151,288927
110,62036.763151,291581
111,62036.763151,294229
112,62036.763151,296884
113,62036.763151,299534
114,62036.763151,302189
115,62036.763151,304831
116,62036.763151,307477
117,62036.763151,310129
118,62036.763151,312779
119,62036.763151,315426
120,62036.763151,318080
121,62036.763151,320724
122,62036.763151,323373
123,62036.763151,326025
124,62036.763151,328676
125,62036.763151,331329
126,62036.763151,333984
127,62036.763151,336636
128,62036.763151,339285
129,62036.763151,341937
130,62036.763151,344590
131,62036.763151,347234
132,62036.763151,349882
133,62036.763151,352532
134,62036.763151,355185
135,62036.763151,357837
136,62036.763151,360490
137,62036.763151,363141
138,62036.763151,365796
139,62036.763151,368443
140,62036.763151,371092
141,62036.763151,373744
142,62036.763151,376395
143,62036.763151,379047
144,62036.763151,381700
145,62036.763151,384354
146,62036.763151,387007
147,62036.763151,389656
148,62036.763151,392309
149,62036.763151,394964
150,62036.763151,397617
151,62036.763151,400264
152,62036.763151,402918
153,62036.763151,405570
154,62036.763151,408223
155,62036.763151,410872
156,62036.763151,413526
157,62036.763151,416174
158,62036.763151,418823
159,62036.763151,421475
160,62036.763151,424128
161,62036.763151,426776
162,62036.763151,429430
163,62036.763151,432085
164,62036.763151,434739
165,62036.763151,437392
166,62036.763151,440039
167,62036.763151,442694
168,62036.763151,445349
169,62036.763151,448000
170,62036.763151,450655
171,62036.763151,453304
172,62036.763151,455951
173,62036.763151,458601
174,62036.763151,461254
175,62036.763151,463904
176,62036.763151,466556
177,62036.763151,469211
178,62036.763151,471866
179,62036.763151,474515
180,62036.763151,477171
181,62036.763151,479822
182,62036.763151,482474
183,62036.763151,485124
184,62036.763151,487778
185,62036.763151,490430
186,62036.763151,493086
187,62036.763151,495740
188,62036.763151,498394
189,62036.763151,501042
190,62036.763151,503691
191,62036.763151,506342
192,62036.763151,508996
193,62036.763151,511650
194,62036.763151,514301
195,62036.763151,516955
196,62036.763151,519608
197,62036.763151,522259
198,62036.763151,524914
199,62036.763151,527565
200,62036.763151,530216
201,62036.763151,532868
202,62036.763151,535523
203,62036.763151,538175
204,62036.763151,540823
205,62036.763151,543474
206,62036.763151,546124
207,62036.763151,548777
208,62036.763151,551429
209,62036.763151,554079
210,62036.763151,556731
211,62036.763151,559384
212,62036.763151,562038
213,62036.763151,564694
214,62036.763151,567343
215,62036.763151,569996
216,62036.763151,572649
217,62036.763151,575299
218,62036.763151,577949
219,62036.763151,580597
220,62036.763151,583247
221,62036.763151,585898
222,62036.763151,588547
223,62036.763151,591196
224,62036.763151,593848
225,62036.763151,596504
226,62036.763151,599158
227,62036.763151,601808
228,62036.763151,604459
229,62036.763151,607111
230,62036.763151,609768
231,62036.763151,612423
232,62036.763151,615078
233,62036.763151,617726
234,62036.763151,620379
235,62036.763151,623034
236,62036.763151,625689
237,62036.763151,628343
238,62036.763151,631000
239,62036.763151,633655
240,62036.763151,636309
241,62036.763151,638960
242,62036.763151,641613
243,62036.763151,644262
244,62036.763151,646915
245,62036.763151,649568
246,62036.763151,652222
247,62036.763151,654871
248,62036.763151,657523
249,62036.763151,660178
250,62036.763151,662825
251,62036.763151,665478
252,62036.763151,668133
253,62036.763151,670785
254,62036.763151,673436
255,62036.763151,676090
256,62036.763151,678741
257,62036.763151,681394
258,62036.763151,684051
259,62036.763151,686699
260,62036.763151,689352
261,62036.763151,692004
262,62036.763151,694655
263,62036.763151,697307
264,62036.763151,699957
265,62036.763151,702607
266,62036.763151,705260
267,62036.763151,707908
268,62036.763151,710557
269,62036.763151,713207
270,62036.763151,715857
271,62036.763151,718505
272,62036.763151,721154
273,62036.763151,723810
274,62036.763151,726461
275,62036.763151,729109
276,62036.763151,731763
277,62036.763151,734417
278,62036.763151,737072
279,62036.763151,739726
280,62036.763151,742382
281,62036.763151,745036
282,62036.763151,747691
283,62036.763151,750349
284,62036.763151,753004
285,62036.763151,755658
286,62036.763151,758311
287,62036.763151,760967
288,62036.763151,763618
289,62036.763151,766271
290,62036.763151,768924
291,62036.763151,771575
292,62036.763151,774232
293,62036.763151,776885
294,62036.763151,779533
295,62036.763151,782179
296,62036.763151,784828
297,62036.763151,787476
298,62036.763151,790120
299,62036.763151,792768
300,62036.763151,795417
301,62036.763151,798063
302,62036.763151,800710
303,62036.763151,803363
304,62036.763151,806015
305,62036.763151,808670
306,62036.763151,811324
62036.763151,4.577624
1,62248.677192,2376
2,62054.476957,5000
3,62042.022752,7624
4,62042.022752,10248
5,62039.011722,12871
6,62039.011722,15492
7,62039.011722,18110
8,62039.011722,20723
9,62039.011722,23339
10,62039.011722,25949
11,62039.011722,28570
12,62039.011722,31190
13,62039.011722,33808
14,62039.011722,36430
15,62039.011722,39051
16,62039.011722,41668
17,62039.011722,44284
18,62039.011722,46906
19,62039.011722,49521
20,62039.011722,52139
21,62039.011722,54756
22,62037.652059,57376
23,62037.652059,59993
24,62037.652059,62616
25,62037.652059,65237
26,62037.652059,67851
27,62037.652059,70469
28,62037.652059,73088
29,62037.652059,75708
30,62037.652059,78328
31,62037.652059,80945
32,62037.652059,83563
33,62037.652059,86182
34,62037.652059,88804
35,62037.652059,91420
36,62037.652059,94042
37,62037.652059,96657
38,62037.652059,99278
39,62037.652059,101899
40,62037.652059,104520
41,62037.652059,107137
42,62037.652059,109757
43,62037.652059,112378
44,62037.652059,114988
45,62037.652059,117611
46,62037.652059,120233
47,62037.652059,122847
48,62037.652059,125463
49,62037.652059,128085
50,62037.652059,130701
51,62037.652059,133313
52,62037.652059,135927
53,62037.652059,138548
54,62037.652059,141169
55,62037.652059,143789
56,62037.652059,146404
57,62037.652059,149023
58,62037.652059,151635
59,62037.652059,154251
60,62037.652059,156864
61,62037.652059,159483
62,62037.652059,162101
63,62037.652059,164718
64,62037.652059,167335
65,62037.652059,169955
66,62037.652059,172573
67,62037.652059,175189
68,62037.652059,177810
69,62037.652059,180431
70,62037.652059,183051
71,62037.652059,185673
72,62037.652059,188293
73,62037.652059,190910
74,62037.652059,193530
75,62037.652059,196151
76,62037.652059,198772
77,62037.097698,201390
78,62037.097698,204007
79,62037.097698,206630
80,62037.097698,209252
81,62037.097698,211866
82,62037.097698,214486
83,62037.097698,217106
84,62037.097698,219729
85,62037.097698,222348
86,62037.097698,224970
87,62037.097698,227587
88,62037.097698,230207
89,62037.097698,232827
90,62037.097698,235442
91,62037.097698,238061
92,62037.097698,240683
93,62037.097698,243294
94,62037.097698,245915
95,62037.097698,248536
96,62037.097698,251155
97,62037.097698,253778
98,62037.097698,256400
99,62037.097698,259020
100,62037.097698,261640
101,62037.097698,264259
102,62037.097698,266881
103,62037.097698,269499
104,62037.097698,272120
105,62037.097698,274738
106,62037.097698,277360
107,62037.097698,279979
108,62037.097698,282599
109,62037.097698,285218
110,62037.097698,287839
111,62037.097698,290459
112,62037.097698,293080
113,62037.097698,295699
114,62037.097698,298318
115,62037.097698,300936
116,62037.097698,303557
117,62037.097698,306173
118,62037.097698,308786
119,62037.097698,311406
120,62037.097698,314028
121,62037.097698,316645
122,62037.097698,319265
123,62037.097698,321884
124,62037.097698,324501
125,62037.097698,327123
126,62037.097698,329743
127,62037.097698,332361
128,62037.097698,334979
129,62037.097698,337597
130,62037.097698,340219
131,62037.097698,342838
132,62037.097698,345457
133,62037.097698,348072
134,62037.097698,350683
135,62037.097698,353301
136,62037.097698,355923
137,62037.097698,358538
138,62037.097698,361156
139,62037.097698,363777
140,62037.097698,366394
141,62037.097698,369012
142,62037.097698,371631
143,62037.097698,374245
144,62037.097698,376866
145,62037.097698,379486
146,62037.097698,382102
147,62037.097698,384724
148,62037.097698,387342
149,62037.097698,389955
150,62037.097698,392576
151,62037.097698,395196
152,62037.097698,397814
153,62037.097698,400434
154,62037.097698,403051
155,62037.097698,405669
156,62037.097698,408283
157,62037.097698,410900
158,62037.097698,413516
159,62037.097698,416136
160,62037.097698,418756
161,62037.097698,421369
162,62037.097698,423985
163,62037.097698,426604
164,62037.097698,429221
165,62037.097698,431843
166,62037.097698,434462
167,62037.097698,437081
168,62037.097698,439700
169,62037.097698,442318
170,62036.763151,444941
171,62036.763151,447560
172,62036.763151,450181
173,62036.763151,452801
174,62036.763151,455418
175,62036.763151,458041
176,62036.763151,460661
177,62036.763151,463274
178,62036.763151,465896
179,62036.763151,468514
180,62036.763151,471135
181,62036.763151,473753
182,62036.763151,476370
183,62036.763151,478987
184,62036.763151,481607
185,62036.763151,484224
186,62036.763151,486843
187,62036.763151,489463
188,62036.763151,492078
189,62036.763151,494699
190,62036.763151,497309
191,62036.763151,499928
192,62036.763151,502548
193,62036.763151,505170
194,62036.763151,507785
195,62036.763151,510407
196,62036.763151,513020
197,62036.763151,515638
198,62036.763151,518257
199,62036.763151,520875
200,62036.763151,523495
201,62036.763151,526114
202,62036.763151,528734
203,62036.763151,531352
204,62036.763151,533969
205,62036.763151,536587
206,62036.763151,539211
207,62036.763151,541827
208,62036.763151,544448
209,62036.763151,547065
210,62036.763151,549681
211,62036.763151,552295
212,62036.763151,554916
213,62036.763151,557534
214,62036.763151,560156
215,62036.763151,562777
216,62036.763151,565395
217,62036.763151,568016
218,62036.763151,570636
219,62036.763151,573252
220,62036.763151,575874
221,62036.763151,578496
222,62036.763151,581114
223,62036.763151,583726
224,62036.763151,586343
225,62036.763151,588961
226,62036.763151,591580
227,62036.763151,594203
228,62036.763151,596822
229,62036.763151,599440
230,62036.763151,602054
231,62036.763151,604672
232,62036.763151,607292
233,62036.763151,609910
234,62036.763151,612525
235,62036.763151,615139
236,62036.763151,617753
237,62036.763151,620371
238,62036.763151,622986
239,62036.763151,625603
240,62036.763151,628219
241,62036.763151,630832
242,62036.763151,633453
243,62036.763151,636070
244,62036.763151,638685
245,62036.763151,641302
246,62036.763151,643917
247,62036.763151,646540
248,62036.763151,649158
249,62036.763151,651775
250,62036.763151,654395
251,62036.763151,657015
252,62036.763151,659635
253,62036.763151,662258
254,62036.763151,664879
255,62036.763151,667502
256,62036.763151,670122
257,62036.763151,672743
258,62036.763151,675363
259,62036.763151,677984
260,62036.763151,680602
261,62036.763151,683225
262,62036.763151,685843
263,62036.730013,688462
264,62036.730013,691078
265,62036.730013,693697
266,62036.730013,696316
267,62036.730013,698934
268,62036.730013,701549
269,62036.730013,704170
270,62036.730013,706787
271,62036.730013,709410
272,62036.730013,712029
273,62036.730013,714651
274,62036.730013,717274
275,62036.730013,719890
276,62036.730013,722507
277,62036.730013,725127
278,62036.730013,727748
279,62036.730013,730367
280,62036.730013,732985
281,62036.730013,735606
282,62036.730013,738221
283,62036.730013,740834
284,62036.730013,743449
285,62036.730013,746071
286,62036.730013,748693
287,62036.730013,751315
288,62036.730013,753935
289,62036.730013,756556
290,62036.730013,759178
291,62036.730013,761796
292,62036.730013,764417
293,62036.730013,767034
294,62036.730013,769654
295,62036.730013,772272
296,62036.730013,774890
297,62036.730013,777508
298,62036.730013,780127
299,62036.730013,782750
300,62036.730013,785371
301,62036.730013,787994
302,62036.730013,790615
303,62036.730013,793235
304,62036.730013,795854
305,62036.730013,798476
306,62036.730013,801094
307,62036.730013,803715
308,62036.730013,806334
309,62036.730013,808954
310,62036.730013,811573
62036.730013,4.569175
1,62184.573406,2376
2,62084.763504,5023
3,62043.206775,7670
4,62037.820924,10317
5,62037.820924,12963
6,62037.820924,15605
7,62037.652059,18247
8,62037.652059,20884
9,62037.652059,23525
10,62037.652059,26167
11,62037.652059,28809
12,62037.652059,31453
13,62037.652059,34088
14,62037.652059,36729
15,62037.652059,39369
16,62037.652059,42012
17,62037.652059,44656
18,62037.652059,47297
19,62037.652059,49942
20,62037.652059,52588
21,62037.652059,55233
22,62037.652059,57877
23,62037.652059,60514
24,62037.652059,63152
25,62037.652059,65795
26,62037.652059,68436
27,62037.652059,71079
28,62037.652059,73724
29,62037.652059,76370
30,62037.652059,79012
31,62037.652059,81653
32,62037.652059,84298
33,62037.652059,86941
34,62037.652059,89582
35,62037.652059,92227
36,62037.652059,94871
37,62037.652059,97515
38,62037.652059,100159
39,62037.652059,102801
40,62037.652059,105441
41,62037.652059,108079
42,62037.652059,110720
43,62037.652059,113354
44,62037.652059,115996
45,62037.652059,118637
46,62037.652059,121278
47,62037.652059,123922
48,62037.652059,126563
49,62037.652059,129208
50,62037.652059,131846
51,62037.652059,134487
52,62037.652059,137127
53,62037.652059,139768
54,62037.652059,142401
55,62037.652059,145044
56,62037.652059,147684
57,62037.652059,150324
58,62037.652059,152965
59,62037.652059,155606
60,62037.652059,158249
61,62037.652059,160891
62,62037.652059,163531
63,62037.652059,166167
64,62037.652059,168804
65,62037.652059,171444
66,62037.652059,174088
67,62037.652059,176729
68,62037.652059,179373
69,62037.652059,182015
70,62037.652059,184658
71,62037.652059,187297
72,62037.652059,189943
73,62037.652059,192587
74,62037.403827,195231
75,62037.403827,197875
76,62037.403827,200517
77,62037.403827,203158
78,62037.403827,205801
79,62037.403827,208445
80,62037.403827,211089
81,62037.403827,213734
82,62037.403827,216376
83,62037.403827,219019
84,62037.403827,221663
85,62037.403827,224305
86,62037.403827,226949
87,62037.403827,229585
88,62037.403827,232222
89,62037.403827,234862
90,62037.403827,237505
91,62037.403827,240148
92,62037.403827,242790
93,62037.403827,245431
94,62037.403827,248073
95,62037.403827,250719
96,62037.403827,253361
97,62037.403827,255998
98,62037.403827,258638
99,62037.403827,261281
100,62037.403827,263926
101,62037.403827,266564
102,62037.403827,269203
103,62037.403827,271839
104,62037.403827,274482
105,62037.403827,277127
106,62037.403827,279769
107,62037.403827,282416
108,62037.403827,285058
109,62037.403827,287699
110,62037.403827,290343
111,62037.403827,292986
112,62037.403827,295627
113,62037.403827,298266
114,62037.403827,300907
115,62037.403827,303550
116,62037.403827,306194
117,62037.403827,308834
118,62037.403827,311475
119,62037.403827,314116
120,62037.403827,316757
121,62037.403827,319399
122,62037.403827,322041
123,62037.403827,324685
124,62037.403827,327327
125,62037.403827,329959
126,62037.403827,332594
127,62037.403827,335237
128,62037.403827,337879
129,62037.403827,340523
130,62037.403827,343163
131,62037.403827,345800
132,62037.403827,348440
133,62037.403827,351078
134,62037.403827,353717
135,62037.403827,356362
136,62037.403827,359002
137,62037.403827,361641
138,62037.403827,364282
139,62037.403827,366923
140,62037.403827,369566
141,62037.403827,372211
142,62037.403827,374854
143,62037.403827,377493
144,62037.403827,380136
145,62037.403827,382775
146,62037.403827,385418
147,62037.403827,388057
148,62037.403827,390697
149,62037.403827,393335
150,62037.403827,395978
151,62037.403827,398618
152,62037.403827,401262
153,62037.403827,403907
154,62037.403827,406553
155,62037.403827,409197
156,62037.403827,411844
157,62037.403827,414491
158,62037.403827,417136
159,62037.403827,419774
160,62037.403827,422416
161,62037.403827,425060
162,62037.403827,427701
163,62037.403827,430345
164,62037.403827,432987
165,62037.403827,435629
166,62037.403827,438268
167,62037.403827,440913
168,62037.403827,443550
169,62037.403827,446189
170,62037.403827,448824
171,62037.403827,451463
172,62037.403827,454108
173,62037.403827,456750
174,62037.403827,459392
175,62037.403827,462031
176,62037.403827,464675
177,62037.403827,467316
178,62037.403827,469957
179,62037.403827,472593
180,62037.403827,475234
181,62037.403827,477864
182,62037.403827,480508
183,62037.403827,483145
184,62037.403827,485782
185,62037.403827,488423
186,62037.403827,491066
187,62037.403827,493709
188,62037.403827,496347
189,62037.403827,498986
190,62037.403827,501626
191,62037.403827,504263
192,62037.403827,506899
193,62037.403827,509539
194,62037.403827,512183
195,62037.403827,514825
196,62037.403827,517465
197,62037.403827,520103
198,62037.403827,522745
199,62037.403827,525388
200,62037.403827,528030
201,62037.403827,530673
202,62037.403827,533315
203,62037.403827,535954
204,62037.403827,538596
205,62037.403827,541238
206,62037.403827,543884
207,62037.403827,546526
208,62037.403827,549169
209,62037.403827,551804
210,62037.403827,554443
211,62037.403827,557086
212,62037.403827,559730
213,62037.403827,562368
214,62037.403827,565008
215,62037.403827,567647
216,62037.403827,570286
217,62037.403827,572920
218,62037.403827,575561
219,62037.403827,578205
220,62037.403827,580846
221,62037.403827,583490
222,62037.403827,586134
223,62037.403827,588780
224,62037.403827,591424
225,62037.403827,594063
226,62037.403827,596705
227,62037.403827,599349
228,62037.403827,601990
229,62037.403827,604630
230,62037.403827,607276
231,62037.403827,609913
232,62037.403827,612553
233,62037.403827,615192
234,62037.403827,617836
235,62037.403827,620472
236,62037.403827,623111
237,62037.403827,625754
238,62037.403827,628394
239,62037.403827,631035
240,62037.403827,633677
241,62037.403827,636317
242,62037.403827,638961
243,62037.403827,641605
244,62037.403827,644250
245,62037.403827,646894
246,62037.403827,649534
247,62037.403827,652174
248,62037.403827,654817
249,62037.403827,657457
250,62037.403827,660095
251,62037.403827,662735
252,62037.403827,665379
253,62037.403827,668015
254,62037.403827,670655
255,62037.403827,673300
256,62037.403827,675942
257,62037.403827,678586
258,62037.403827,681229
259,62037.403827,683873
260,62037.403827,686517
261,62037.403827,689163
262,62037.403827,691808
263,62037.403827,694449
264,62037.403827,697094
265,62037.403827,699741
266,62037.403827,702383
267,62037.403827,705027
268,62037.403827,707669
269,62037.403827,710314
270,62037.403827,712954
271,62037.403827,715597
272,62037.403827,718236
273,62037.403827,720879
274,62037.403827,723522
275,62037.403827,726161
276,62037.403827,728803
277,62037.403827,731439
278,62037.403827,734079
279,62036.936198,736720
280,62036.936198,739358
281,62036.936198,742000
282,62036.936198,744645
283,62036.936198,747287
284,62036.936198,749931
285,62036.936198,752576
286,62036.936198,755212
287,62036.936198,757851
288,62036.936198,760493
289,62036.936198,763132
290,62036.936198,765776
291,62036.936198,768420
292,62036.936198,771062
293,62036.936198,773706
294,62036.936198,776352
295,62036.936198,778994
296,62036.936198,781636
297,62036.936198,784274
298,62036.936198,786918
299,62036.936198,789564
300,62036.936198,792202
301,62036.936198,794840
302,62036.936198,797481
303,62036.936198,800122
304,62036.936198,802759
305,62036.936198,805403
306,62036.936198,808043
307,62036.936198,810687
62036.936198,4.555782
1,62189.657433,2376
2,62056.110370,5001
3,62044.924064,7626
4,62040.815642,10251
5,62038.246927,12876
6,62038.246927,15497
7,62038.246927,18116
8,62038.246927,20739
9,62038.246927,23362
10,62038.246927,25980
11,62038.246927,28604
12,62038.246927,31228
13,62038.246927,33850
14,62038.246927,36471
15,62038.246927,39095
16,62038.246927,41716
17,62038.246927,44341
18,62038.246927,46961
19,62038.246927,49582
20,62038.246927,52202
21,62038.246927,54824
22,62038.246927,57443
23,62038.246927,60061
24,62038.246927,62679
25,62038.246927,65298
26,62038.246927,67916
27,62038.246927,70533
28,62038.246927,73155
29,62038.246927,75777
30,62038.246927,78401
31,62038.246927,81026
32,62038.246927,83648
33,62038.246927,86271
34,62038.246927,88891
35,62038.246927,91512
36,62038.246927,94134
37,62038.246927,96755
38,62038.246927,99376
39,62038.246927,102001
40,62038.246927,104619
41,62038.246927,107242
42,62038.246927,109866
43,62038.246927,112486
44,62038.246927,115108
45,62038.246927,117724
46,62038.246927,120344
47,62038.246927,122963
48,62038.246927,125584
49,62038.246927,128202
50,62038.246927,130823
51,62038.246927,133440
52,62038.246927,136058
53,62038.246927,138677
54,62038.246927,141298
55,62038.246927,143916
56,62038.246927,146538
57,62038.246927,149158
58,62038.246927,151770
59,62038.246927,154385
60,62038.246927,157004
61,62038.246927,159624
62,62038.246927,162245
63,62038.246927,164867
64,62038.246927,167489
65,62038.246927,170110
66,62038.246927,172729
67,62038.246927,175347
68,62038.246927,177967
69,62038.246927,180589
70,62038.246927,183213
71,62038.246927,185834
72,62038.246927,188456
73,62038.246927,191075
74,62038.246927,193695
75,62038.246927,196313
76,62038.246927,198935
77,62038.246927,201555
78,62038.246927,204179
79,62038.246927,206801
80,62038.246927,209422
81,62038.246927,212044
82,62038.246927,214662
83,62038.246927,217285
84,62038.246927,219906
85,62038.246927,222530
86,62038.246927,225151
87,62038.246927,227774
88,62038.246927,230399
89,62038.246927,233022
90,62038.246927,235639
91,62038.246927,238255
92,62038.246927,240876
93,62038.246927,243494
94,62038.246927,246110
95,62038.246927,248728
96,62038.246927,251347
97,62038.246927,253965
98,62038.246927,256582
99,62038.246927,259199
100,62038.246927,261814
101,62038.246927,264433
102,62038.246927,267052
103,62038.246927,269674
104,62038.246927,272292
105,62038.246927,274914
106,62038.246927,277535
107,62038.246927,280152
108,62038.246927,282774
109,62038.246927,285394
110,62038.246927,288014
111,62038.246927,290631
112,62038.246927,293253
113,62038.246927,295872
114,62038.246927,298494
115,62038.246927,301114
116,62038.246927,303733
117,62038.246927,306353
118,62038.246927,308973
119,62038.246927,311592
120,62038.246927,314212
121,62038.246927,316833
122,62038.246927,319457
123,62038.246927,322080
124,62038.246927,324701
125,62038.246927,327318
126,62038.246927,329938
127,62038.246927,332557
128,62038.246927,335179
129,62038.246927,337796
130,62038.246927,340417
131,62038.246927,343038
132,62038.246927,345662
133,62038.246927,348286
134,62038.246927,350907
135,62038.246927,353528
136,62038.246927,356148
137,62038.246927,358770
138,62038.246927,361387
139,62038.246927,364006
140,62038.246927,366617
141,62038.246927,369234
142,62038.246927,371847
143,62038.246927,374468
144,62038.246927,377078
145,62038.246927,379701
146,62038.246927,382314
147,62038.246927,384924
148,62038.246927,387545
149,62038.246927,390154
150,62038.246927,392773
151,62038.246927,395389
152,62038.246927,398006
153,62038.246927,400630
154,62038.246927,403246
155,62038.246927,405864
156,62038.246927,408482
157,62038.246927,411099
158,62038.246927,413717
159,62038.246927,416335
160,62038.246927,418955
161,62038.246927,421576
162,62038.246927,424191
163,62038.246927,426809
164,62038.246927,429423
165,62038.246927,432042
166,62038.246927,434655
167,62038.246927,437274
168,62038.246927,439895
169,62038.246927,442515
170,62038.246927,445132
171,62038.246927,447748
172,62038.246927,450368
173,62038.246927,452990
174,62038.246927,455609
175,62038.246927,458228
176,62038.246927,460844
177,62038.246927,463466
178,62038.246927,466083
179,62038.246927,468696
180,62038.246927,471316
181,62038.246927,473934
182,62038.246927,476553
183,62038.246927,479176
184,62038.246927,481796
185,62038.246927,484418
186,62038.246927,487041
187,62038.246927,489660
188,62038.246927,492280
189,62038.246927,494902
190,62038.246927,497525
191,62038.246927,500150
192,62038.246927,502766
193,62038.246927,505387
194,62038.246927,508006
195,62038.246927,510627
196,62038.246927,513252
197,62038.246927,515872
198,62038.246927,518482
199,62038.246927,521104
200,62038.246927,523723
201,62038.246927,526341
202,62038.246927,528962
203,62038.246927,531586
204,62038.246927,534206
205,62038.246927,536820
206,62038.246927,539437
207,62038.246927,542058
208,62038.246927,544674
209,62038.246927,547289
210,62038.246927,549910
211,62038.246927,552529
212,62038.246927,555146
213,62038.246927,557762
214,62038.246927,560381
215,62038.246927,562993
216,62038.246927,565608
217,62038.246927,568227
218,62038.246927,570847
219,62038.246927,573467
220,62038.246927,576088
221,62038.246927,578706
222,62038.246927,581322
223,62038.246927,583939
224,62038.246927,586552
225,62038.246927,589171
226,62038.246927,591792
227,62038.246927,594414
228,62038.246927,597037
229,62038.246927,599657
230,62038.246927,602279
231,62038.246927,604895
232,62038.246927,607511
233,62038.246927,610131
234,62038.246927,612751
235,62038.246927,615369
236,62038.246927,617991
237,62038.246927,620609
238,62038.246927,623227
239,62038.246927,625845
240,62038.246927,628461
241,62038.246927,631082
242,62038.246927,633700
243,62038.246927,636317
244,62038.246927,638939
245,62038.246927,641558
246,62038.246927,644178
247,62038.246927,646802
248,62038.246927,649427
249,62038.246927,652049
250,62038.246927,654673
251,62038.246927,657296
252,62038.246927,659920
253,62038.246927,662542
254,62038.246927,665163
255,62038.246927,667783
256,62038.246927,670404
257,62038.246927,673026
258,62038.246927,675644
259,62038.246927,678264
260,62038.246927,680877
261,62038.246927,683496
262,62038.246927,686113
263,62038.246927,688734
264,62038.246927,691346
265,62038.246927,693968
266,62038.246927,696584
267,62038.246927,699200
268,62038.246927,701816
269,62038.246927,704435
270,62038.246927,707053
271,62038.246927,709674
272,62038.246927,712295
273,62038.246927,714914
274,62038.246927,717534
275,62038.246927,720145
276,62038.246927,722759
277,62038.246927,725382
278,62038.246927,728002
279,62038.246927,730627
280,62038.246927,733251
281,62038.246927,735875
282,62038.246927,738497
283,62038.246927,741114
284,62038.246927,743736
285,62038.246927,746356
286,62038.246927,748978
287,62038.246927,751600
288,62038.246927,754218
289,62038.246927,756841
290,62038.246927,759460
291,62038.246927,762077
292,62038.246927,764697
293,62038.246927,767314
294,62038.246927,769934
295,62038.246927,772550
296,62038.246927,775168
297,62038.246927,777784
298,62038.246927,780394
299,62038.246927,783013
300,62038.246927,785629
301,62038.246927,788248
302,62038.246927,790861
303,62038.246927,793475
304,62038.246927,796089
305,62038.246927,798709
306,62038.246927,801327
307,62038.246927,803946
308,62038.246927,806566
309,62038.246927,809184
310,62038.246927,811803
62038.246927,4.547327
1,62191.473463,2376
2,62054.233522,5002
3,62043.182561,7628
4,62039.011722,10254
5,62039.011722,12880
6,62037.820924,15504
7,62037.820924,18124
8,62037.820924,20743
9,62037.820924,23363
10,62037.820924,25980
11,62037.820924,28601
12,62037.820924,31222
13,62037.820924,33836
14,62037.820924,36455
15,62037.820924,39075
16,62037.820924,41697
17,62037.820924,44316
18,62037.820924,46934
19,62037.820924,49553
20,62037.820924,52173
21,62037.820924,54790
22,62037.820924,57408
23,62037.820924,60027
24,62037.820924,62646
25,62037.820924,65270
26,62037.820924,67886
27,62037.820924,70508
28,62037.820924,73132
29,62037.820924,75758
30,62037.820924,78379
31,62037.820924,81004
32,62037.820924,83620
33,62037.820924,86239
34,62037.820924,88865
35,62037.820924,91483
36,62037.820924,94103
37,62037.820924,96723
38,62037.820924,99347
39,62037.820924,101966
40,62037.820924,104585
41,62037.820924,107201
42,62037.820924,109825
43,62037.820924,112447
44,62037.820924,115067
45,62037.820924,117688
46,62037.820924,120309
47,62037.820924,122931
48,62037.820924,125553
49,62037.820924,128171
50,62037.820924,130786
51,62037.820924,133407
52,62037.820924,136024
53,62037.820924,138646
54,62037.820924,141263
55,62037.820924,143880
56,62037.820924,146502
57,62037.820924,149120
58,62037.820924,151737
59,62037.820924,154356
60,62037.820924,156977
61,62037.820924,159592
62,62037.820924,162213
63,62037.820924,164828
64,62037.820924,167450
65,62037.820924,170072
66,62037.820924,172690
67,62037.820924,175307
68,62037.820924,177925
69,62037.820924,180545
70,62037.820924,183165
71,62037.820924,185784
72,62037.820924,188403
73,62037.820924,191026
74,62037.820924,193650
75,62037.820924,196272
76,62037.820924,198895
77,62037.820924,201514
78,62037.820924,204135
79,62037.820924,206759
80,62037.820924,209372
81,62037.820924,211994
82,62037.820924,214606
83,62037.820924,217228
84,62037.820924,219849
85,62037.820924,222466
86,62037.820924,225083
87,62037.820924,227707
88,62037.820924,230333
89,62037.820924,232956
90,62037.820924,235577
91,62037.820924,238196
92,62037.820924,240816
93,62037.820924,243436
94,62037.820924,246055
95,62037.820924,248672
96,62037.820924,251288
97,62037.820924,253906
98,62037.820924,256523
99,62037.820924,259143
100,62037.820924,261763
101,62037.820924,264386
102,62037.820924,267006
103,62037.820924,269625
104,62037.820924,272246
105,62037.820924,274869
106,62037.820924,277489
107,62037.820924,280109
108,62037.820924,282729
109,62037.574353,285351
110,62037.574353,287975
111,62037.574353,290600
112,62037.574353,293222
113,62037.574353,295843
114,62037.574353,298463
115,62037.574353,301084
116,62037.574353,303708
117,62037.574353,306331
118,62037.574353,308948
119,62037.574353,311569
120,62037.574353,314192
121,62037.574353,316816
122,62037.574353,319435
123,62037.574353,322057
124,62037.574353,324678
125,62037.574353,327299
126,62037.574353,329920
127,62037.574353,332545
128,62037.574353,335167
129,62037.574353,337791
130,62037.574353,340410
131,62037.574353,343032
132,62037.574353,345650
133,62037.574353,348271
134,62037.574353,350892
135,62037.574353,353506
136,62037.574353,356126
137,62037.574353,358745
138,62037.574353,361360
139,62037.574353,363980
140,62037.574353,366603
141,62037.574353,369224
142,62037.574353,371849
143,62037.574353,374474
144,62037.574353,377097
145,62037.574353,379718
146,62037.574353,382330
147,62037.574353,384950
148,62037.574353,387571
149,62037.574353,390191
150,62037.574353,392811
151,62037.574353,395431
152,62037.574353,398055
153,62037.574353,400671
154,62037.574353,403286
155,62037.574353,405898
156,62037.574353,408513
157,62037.574353,411131
158,62037.574353,413754
159,62037.574353,416376
160,62037.574353,418995
161,62037.574353,421613
162,62037.574353,424233
163,62037.574353,426852
164,62037.574353,429472
165,62037.574353,432094
166,62037.574353,434713
167,62037.574353,437334
168,62037.574353,439954
169,62037.574353,442571
170,62037.574353,445190
171,62037.574353,447813
172,62037.574353,450432
173,62037.574353,453050
174,62037.574353,455674
175,62037.574353,458289
176,62037.574353,460912
177,62037.574353,463526
178,62037.574353,466146
179,62037.574353,468771
180,62037.574353,471393
181,62037.574353,474014
182,62037.574353,476632
183,62037.574353,479253
184,62037.574353,481875
185,62037.574353,484493
186,62037.574353,487116
187,62037.574353,489739
188,62037.574353,492361
189,62037.574353,494979
190,62037.574353,497605
191,62037.574353,500230
192,62037.574353,502853
193,62037.574353,505477
194,62037.574353,508101
195,62037.574353,510725
196,62037.574353,513348
197,62037.574353,515971
198,62037.574353,518593
199,62037.574353,521217
200,62037.574353,523837
201,62037.574353,526457
202,62037.574353,529077
203,62037.574353,531699
204,62037.574353,534320
205,62037.574353,536937
206,62037.574353,539554
207,62037.574353,542170
208,62037.574353,544791
209,62037.574353,547411
210,62037.574353,550031
211,62037.574353,552649
212,62037.574353,555271
213,62037.574353,557888
214,62037.574353,560510
215,62037.574353,563132
216,62037.574353,565749
217,62037.574353,568372
218,62037.574353,570992
219,62037.574353,573615
220,62037.574353,576235
221,62037.574353,578855
222,62037.574353,581477
223,62037.574353,584098
224,62037.574353,586718
225,62037.574353,589340
226,62037.574353,591962
227,62037.574353,594585
228,62037.574353,597204
229,62037.574353,599824
230,62037.574353,602444
231,62037.574353,605068
232,62037.574353,607688
233,62037.574353,610308
234,62037.574353,612927
235,62037.574353,615552
236,62037.574353,618174
237,62037.574353,620797
238,62037.574353,623414
239,62037.574353,626032
240,62037.574353,628651
241,62037.574353,631268
242,62037.574353,633890
243,62037.574353,636514
244,62037.574353,639137
245,62037.574353,641759
246,62037.574353,644385
247,62037.574353,647007
248,62037.574353,649629
249,62037.574353,652251
250,62037.574353,654866
251,62037.574353,657488
252,62037.574353,660107
253,62037.574353,662726
254,62037.574353,665346
255,62037.574353,667964
256,62037.574353,670586
257,62037.574353,673197
258,62037.574353,675808
259,62037.574353,678430
260,62037.574353,681048
261,62037.574353,683665
262,62037.574353,686279
263,62037.574353,688896
264,62037.574353,691513
265,62037.574353,694133
266,62037.574353,696755
267,62037.574353,699381
268,62037.574353,702002
269,62037.574353,704621
270,62037.574353,707239
271,62037.574353,709856
272,62037.574353,712474
273,62037.574353,715095
274,62037.574353,717718
275,62037.574353,720336
276,62037.574353,722956
277,62037.574353,725578
278,62037.574353,728203
279,62037.574353,730821
280,62037.574353,733443
281,62037.574353,736063
282,62037.574353,738685
283,62037.574353,741303
284,62037.574353,743922
285,62037.574353,746537
286,62037.574353,749161
287,62037.574353,751782
288,62037.574353,754404
289,62037.574353,757024
290,62037.574353,759643
291,62037.574353,762264
292,62037.574353,764883
293,62037.574353,767499
294,62037.574353,770120
295,62037.574353,772741
296,62037.574353,775359
297,62037.574353,777981
298,62037.574353,780602
299,62037.574353,783221
300,62037.574353,785841
301,62037.574353,788462
302,62037.574353,791079
303,62037.574353,793698
304,62037.574353,796316
305,62037.574353,798934
306,62037.574353,801556
307,62037.574353,804180
308,62037.574353,806802
309,62037.574353,809415
62037.574353,4.497530
1,62428.464287,2376
2,62113.485520,5008
3,62054.668234,7640
4,62038.592934,10272
5,62038.592934,12901
6,62037.953821,15532
7,62037.953821,18159
8,62037.820924,20786
9,62037.820924,23412
10,62037.820924,26041
11,62037.820924,28668
12,62037.820924,31297
13,62037.820924,33922
14,62037.820924,36549
15,62037.820924,39174
16,62037.820924,41795
17,62037.820924,44424
18,62037.820924,47053
19,62037.820924,49683
20,62037.820924,52310
21,62037.820924,54940
22,62037.820924,57566
23,62037.820924,60196
24,62037.820924,62825
25,62037.820924,65452
26,62037.820924,68074
27,62037.820924,70700
28,62037.820924,73332
29,62037.820924,75962
30,62037.820924,78589
31,62037.820924,81218
32,62037.820924,83846
33,62037.820924,86476
34,62037.820924,89104
35,62037.820924,91729
36,62037.820924,94358
37,62037.820924,96984
38,62037.820924,99613
39,62037.820924,102243
40,62037.820924,104873
41,62037.820924,107505
42,62037.820924,110133
43,62037.820924,112761
44,62037.820924,115389
45,62037.820924,118014
46,62037.820924,120642
47,62037.820924,123269
48,62037.820924,125894
49,62037.820924,128523
50,62037.820924,131152
51,62037.820924,133777
52,62037.820924,136406
53,62037.820924,139036
54,62037.820924,141664
55,62037.820924,144288
56,62037.820924,146917
57,62037.820924,149543
58,62037.820924,152166
59,62037.820924,154790
60,62037.820924,157415
61,62037.820924,160046
62,62037.820924,162675
63,62037.820924,165305
64,62037.820924,167934
65,62037.820924,170557
66,62037.820924,173188
67,62037.820924,175813
68,62037.820924,178441
69,62037.820924,181066
70,62037.820924,183690
71,62037.820924,186317
72,62037.820924,188945
73,62037.820924,191573
74,62037.820924,194201
75,62037.820924,196831
76,62037.820924,199455
77,62037.820924,202081
78,62037.820924,204707
79,62037.820924,207336
80,62037.820924,209959
81,62037.820924,212584
82,62037.820924,215209
83,62037.820924,217837
84,62037.820924,220467
85,62037.820924,223096
86,62037.820924,225725
87,62037.820924,228356
88,62037.820924,230984
89,62037.820924,233612
90,62037.820924,236237
91,62037.820924,238867
92,62037.820924,241491
93,62037.820924,244118
94,62037.820924,246742
95,62037.820924,249370
96,62037.820924,251999
97,62037.820924,254627
98,62037.820924,257252
99,62037.820924,259867
100,62037.820924,262495
101,62037.820924,265125
102,62037.820924,267753
103,62037.820924,270378
104,62037.820924,273004
105,62037.820924,275630
106,62037.820924,278256
107,62037.820924,280880
108,62037.820924,283505
109,62037.820924,286133
110,62037.820924,288762
111,62037.820924,291391
112,62037.820924,294020
113,62037.820924,296646
114,62037.574353,299271
115,62037.574353,301899
116,62037.574353,304528
117,62037.574353,307158
118,62037.574353,309786
119,62037.574353,312413
120,62037.574353,315041
121,62037.574353,317668
122,62037.574353,320297
123,62037.574353,322925
124,62037.574353,325555
125,62037.574353,328186
126,62037.574353,330814
127,62037.574353,333440
128,62037.574353,336063
129,62037.574353,338688
130,62037.574353,341314
131,62037.574353,343943
132,62037.574353,346570
133,62037.574353,349195
134,62037.574353,351824
135,62037.574353,354452
136,62037.574353,357078
137,62037.574353,359701
138,62037.574353,362326
139,62037.574353,364948
140,62037.574353,367577
141,62037.574353,370198
142,62037.574353,372824
143,62037.574353,375449
144,62037.574353,378071
145,62037.574353,380696
146,62037.574353,383322
147,62037.574353,385941
148,62037.574353,388566
149,62037.574353,391189
150,62037.574353,393812
151,62037.574353,396430
152,62037.574353,399055
153,62037.574353,401677
154,62037.574353,404306
155,62037.574353,406935
156,62037.574353,409563
157,62037.574353,412189
158,62037.574353,414812
159,62037.574353,417439
160,62037.574353,420061
161,62037.574353,422683
162,62037.574353,425305
163,62037.574353,427930
164,62037.574353,430554
165,62037.574353,433182
166,62037.574353,435814
167,62037.574353,438439
168,62037.574353,441064
169,62037.574353,443690
170,62037.574353,446316
171,62037.574353,448942
172,62037.574353,451571
173,62037.574353,454197
174,62037.574353,456825
175,62037.574353,459453
176,62037.574353,462083
177,62037.574353,464708
178,62037.574353,467339
179,62037.574353,469968
180,62037.574353,472593
181,62037.574353,475222
182,62037.574353,477848
183,62037.574353,480476
184,62037.574353,483104
185,62037.574353,485733
186,62037.574353,488361
187,62037.574353,490988
188,62037.097698,493614
189,62037.097698,496243
190,62037.097698,498868
191,62037.097698,501494
192,62037.097698,504123
193,62037.097698,506750
194,62037.097698,509381
195,62037.097698,512002
196,62037.097698,514628
197,62037.097698,517251
198,62037.097698,519874
199,62037.097698,522503
200,62037.097698,525131
201,62037.097698,527757
202,62037.097698,530379
203,62037.097698,533002
204,62037.097698,535631
205,62037.097698,538257
206,62037.097698,540881
207,62037.097698,543504
208,62037.097698,546134
209,62037.097698,548764
210,62037.097698,551386
211,62037.097698,554014
212,62037.097698,556640
213,62037.097698,559267
214,62037.097698,561890
215,62037.097698,564517
216,62037.097698,567147
217,62037.097698,569778
218,62037.097698,572406
219,62037.097698,575028
220,62037.097698,577657
221,62037.097698,580285
222,62037.097698,582916
223,62037.097698,585545
224,62037.097698,588171
225,62037.097698,590799
226,62037.097698,593425
227,62037.097698,596049
228,62037.097698,598678
229,62037.097698,601303
230,62037.097698,603929
231,62037.097698,606554
232,62037.097698,609175
233,62037.097698,611806
234,62037.097698,614429
235,62037.097698,617049
236,62037.097698,619674
237,62037.097698,622303
238,62037.097698,624929
239,62037.097698,627558
240,62037.097698,630185
241,62037.097698,632810
242,62037.097698,635435
243,62037.097698,638059
244,62037.097698,640688
245,62037.097698,643312
246,62037.097698,645940
247,62037.097698,648567
248,62037.097698,651196
249,62037.097698,653826
250,62037.097698,656453
251,62037.097698,659081
252,62037.097698,661711
253,62037.097698,664341
254,62037.097698,666971
255,62037.097698,669598
256,62037.097698,672226
257,62037.097698,674852
258,62037.097698,677481
259,62037.097698,680105
260,62037.097698,682733
261,62037.097698,685357
262,62037.097698,687978
263,62037.097698,690599
264,62037.097698,693223
265,62037.097698,695850
266,62037.097698,698478
267,62037.097698,701106
268,62037.097698,703732
269,62037.097698,706362
270,62037.097698,708989
271,62037.097698,711619
272,62037.097698,714244
273,62037.097698,716869
274,62037.097698,719499
275,62037.097698,722123
276,62037.097698,724752
277,62036.936198,727381
278,62036.936198,730013
279,62036.936198,732639
280,62036.936198,735266
281,62036.936198,737894
282,62036.936198,740517
283,62036.936198,743142
284,62036.936198,745761
285,62036.936198,748385
286,62036.936198,751008
287,62036.936198,753637
288,62036.936198,756267
289,62036.936198,758895
290,62036.936198,761523
291,62036.936198,764148
292,62036.936198,766779
293,62036.936198,769411
294,62036.936198,772041
295,62036.936198,774668
296,62036.936198,777296
297,62036.936198,779920
298,62036.936198,782541
299,62036.936198,785166
300,62036.936198,787789
301,62036.936198,790416
302,62036.936198,793045
303,62036.936198,795672
304,62036.936198,798297
305,62036.936198,800923
306,62036.936198,803552
307,62036.936198,806179
308,62036.936198,808801
309,62036.936198,811428
62036.936198,4.577917
1,62146.324380,2376
2,62068.454004,5035
3,62039.453981,7694
4,62037.820924,10353
5,62037.820924,13012
6,62037.820924,15669
7,62037.820924,18328
8,62037.820924,20978
9,62037.820924,23632
10,62037.820924,26284
11,62037.820924,28939
12,62037.820924,31594
13,62037.820924,34247
14,62037.820924,36898
15,62037.820924,39549
16,62037.820924,42204
17,62037.820924,44856
18,62037.820924,47512
19,62037.820924,50169
20,62037.820924,52824
21,62037.820924,55478
22,62037.820924,58127
23,62037.820924,60784
24,62037.820924,63431
25,62037.820924,66086
26,62037.820924,68743
27,62037.820924,71389
28,62037.820924,74034
29,62037.820924,76688
30,62037.820924,79340
31,62037.820924,81991
32,62037.820924,84644
33,62037.820924,87293
34,62037.820924,89945
35,62037.820924,92600
36,62037.820924,95258
37,62037.820924,97915
38,62037.820924,100571
39,62037.820924,103226
40,62037.820924,105881
41,62037.820924,108536
42,62037.820924,111193
43,62037.820924,113848
44,62037.820924,116504
45,62037.820924,119158
46,62037.820924,121805
47,62037.820924,124458
48,62037.820924,127112
49,62037.820924,129766
50,62037.820924,132422
51,62037.820924,135075
52,62037.820924,137731
53,62037.820924,140386
54,62037.820924,143034
55,62037.820924,145677
56,62037.820924,148328
57,62037.820924,150987
58,62037.820924,153644
59,62037.820924,156300
60,62037.820924,158955
61,62037.820924,161612
62,62037.820924,164265
63,62037.820924,166920
64,62037.820924,169577
65,62037.820924,172232
66,62037.820924,174885
67,62037.820924,177536
68,62037.820924,180192
69,62037.820924,182848
70,62037.820924,185506
71,62037.820924,188163
72,62037.820924,190814
73,62037.820924,193467
74,62037.820924,196118
75,62037.820924,198775
76,62037.820924,201431
77,62037.820924,204084
78,62037.820924,206735
79,62037.820924,209389
80,62037.820924,212044
81,62037.820924,214700
82,62037.820924,217351
83,62037.820924,220006
84,62037.820924,222659
85,62037.820924,225316
86,62037.820924,227970
87,62037.403827,230621
88,62037.403827,233274
89,62037.403827,235929
90,62037.403827,238586
91,62037.403827,241240
92,62037.403827,243891
93,62037.403827,246548
94,62037.403827,249206
95,62037.403827,251864
96,62037.403827,254516
97,62037.403827,257162
98,62037.403827,259816
99,62037.403827,262469
100,62037.403827,265124
101,62037.403827,267782
102,62037.403827,270436
103,62037.403827,273090
104,62037.403827,275741
105,62037.403827,278397
106,62037.403827,281044
107,62037.403827,283696
108,62037.403827,286351
109,62037.403827,289001
110,62037.403827,291652
111,62037.403827,294298
112,62037.403827,296952
113,62037.403827,299604
114,62037.403827,302251
115,62037.403827,304902
116,62037.403827,307550
117,62037.403827,310203
118,62037.403827,312855
119,62037.403827,315504
120,62037.403827,318150
121,62037.403827,320804
122,62037.403827,323460
123,62037.403827,326117
124,62037.403827,328769
125,62037.403827,331419
126,62037.403827,334071
127,62037.403827,336726
128,62037.403827,339382
129,62037.403827,342036
130,62037.403827,344688
131,62037.403827,347340
132,62037.403827,349991
133,62037.403827,352644
134,62037.403827,355301
135,62037.403827,357944
136,62037.403827,360596
137,62037.403827,363249
138,62037.403827,365903
139,62037.403827,368557
140,62037.403827,371210
141,62037.403827,373867
142,62037.403827,376525
143,62037.403827,379181
144,62037.403827,381837
145,62037.403827,384494
146,62037.403827,387151
147,62037.403827,389808
148,62037.403827,392465
149,62037.403827,395122
150,62037.403827,397777
151,62037.403827,400429
152,62037.403827,403079
153,62037.403827,405734
154,62037.403827,408389
155,62037.403827,411038
156,62037.403827,413685
157,62037.403827,416338
158,62037.403827,418987
159,62037.403827,421643
160,62037.403827,424297
161,62037.403827,426952
162,62037.403827,429609
163,62037.403827,432258
164,62037.403827,434912
165,62037.403827,437569
166,62037.403827,440223
167,62037.403827,442881
168,62037.403827,445531
169,62037.403827,448186
170,62037.403827,450835
171,62037.403827,453492
172,62037.403827,456144
173,62037.403827,458799
174,62037.403827,461452
175,62037.403827,464107
176,62037.403827,466762
177,62037.403827,469411
178,62037.403827,472065
179,62037.403827,474718
180,62037.403827,477369
181,62037.403827,480024
182,62037.403827,482677
183,62037.403827,485328
184,62037.403827,487983
185,62037.403827,490638
186,62037.403827,493286
187,62037.403827,495941
188,62037.403827,498598
189,62037.403827,501251
190,62037.403827,503901
191,62037.403827,506554
192,62037.403827,509205
193,62037.403827,511861
194,62037.403827,514510
195,62037.403827,517166
196,62037.403827,519821
197,62037.403827,522477
198,62037.403827,525133
199,62037.403827,527787
200,62037.403827,530444
201,62037.403827,533092
202,62037.078592,535742
203,62037.078592,538399
204,62037.078592,541051
205,62037.078592,543700
206,62037.078592,546353
207,62037.078592,549008
208,62037.078592,551660
209,62037.078592,554315
210,62037.078592,556971
211,62037.078592,559625
212,62037.078592,562273
213,62037.078592,564929
214,62037.078592,567582
215,62037.078592,570237
216,62037.078592,572891
217,62037.078592,575545
218,62037.078592,578202
219,62037.078592,580855
220,62037.078592,583509
221,62037.078592,586160
222,62037.078592,588816
223,62037.078592,591467
224,62037.078592,594118
225,62037.078592,596769
226,62037.078592,599419
227,62037.078592,602075
228,62037.078592,604728
229,62037.078592,607384
230,62037.078592,610032
231,62037.078592,612687
232,62037.078592,615338
233,62037.078592,617991
234,62037.078592,620646
235,62037.078592,623302
236,62037.078592,625957
237,62037.078592,628614
238,62037.078592,631264
239,62037.078592,633914
240,62037.078592,636571
241,62037.078592,639222
242,62037.078592,641875
243,62037.078592,644528
244,62037.078592,647182
245,62037.078592,649833
246,62037.078592,652482
247,62037.078592,655138
248,62037.078592,657793
249,62037.078592,660441
250,62037.078592,663093
251,62037.078592,665743
252,62037.078592,668395
253,62037.078592,671046
254,62037.078592,673699
255,62037.078592,676351
256,62037.078592,679008
257,62037.078592,681658
258,62037.078592,684309
259,62037.078592,686965
260,62037.078592,689620
261,62037.078592,692276
262,62037.078592,694934
263,62037.078592,697587
264,62037.078592,700244
265,62037.078592,702899
266,62037.078592,705551
267,62037.078592,708206
268,62037.078592,710862
269,62037.078592,713518
270,62037.078592,716171
271,62037.078592,718821
272,62037.078592,721479
273,62037.078592,724136
274,62037.078592,726786
275,62037.078592,729442
276,62037.078592,732096
277,62037.078592,734752
278,62037.078592,737407
279,62037.078592,740057
280,62037.078592,742707
281,62037.078592,745362
282,62037.078592,748015
283,62037.078592,750671
284,62037.078592,753324
285,62037.078592,755976
286,62037.078592,758629
287,62037.078592,761283
288,62037.078592,763932
289,62037.078592,766588
290,62037.078592,769241
291,62037.078592,771893
292,62037.078592,774550
293,62037.078592,777202
294,62037.078592,779857
295,62037.078592,782507
296,62037.078592,785157
297,62037.078592,787809
298,62037.078592,790458
299,62037.078592,793112
300,62037.078592,795765
301,62037.078592,798420
302,62037.078592,801075
303,62037.078592,803731
304,62037.078592,806386
305,62037.078592,809042
306,62037.078592,811694
62037.078592,4.583539
