1,62042.903928,2376
2,62041.886907,5041
3,62036.936198,7705
4,62036.936198,10369
5,62036.936198,13031
6,62036.936198,15693
7,62036.763151,18354
8,62036.763151,21014
9,62036.763151,23675
10,62036.763151,26336
11,62036.763151,28999
12,62036.763151,31659
13,62036.763151,34318
14,62036.763151,36975
15,62036.763151,39633
16,62036.763151,42291
17,62036.763151,44951
18,62036.763151,47614
19,62036.763151,50270
20,62036.763151,52927
21,62036.763151,55585
22,62036.763151,58240
23,62036.763151,60901
24,62036.763151,63563
25,62036.763151,66225
26,62036.763151,68888
27,62036.763151,71550
28,62036.763151,74206
29,62036.763151,76864
30,62036.763151,79526
31,62036.763151,82190
32,62036.763151,84848
33,62036.763151,87509
34,62036.763151,90169
35,62036.763151,92826
36,62036.763151,95482
37,62036.763151,98140
38,62036.763151,100803
39,62036.763151,103462
40,62036.763151,106118
41,62036.763151,108776
42,62036.763151,111437
43,62036.763151,114097
44,62036.763151,116755
45,62036.763151,119412
46,62036.763151,122072
47,62036.763151,124728
48,62036.763151,127384
49,62036.763151,130038
50,62036.763151,132702
51,62036.763151,135365
52,62036.763151,138025
53,62036.763151,140688
54,62036.763151,143344
55,62036.763151,146002
56,62036.763151,148658
57,62036.763151,151318
58,62036.763151,153979
59,62036.763151,156639
60,62036.763151,159301
61,62036.763151,161963
62,62036.763151,164625
63,62036.763151,167289
64,62036.763151,169948
65,62036.763151,172612
66,62036.763151,175272
67,62036.763151,177935
68,62036.763151,180593
69,62036.763151,183249
70,62036.763151,185908
71,62036.763151,188570
72,62036.763151,191222
73,62036.763151,193876
74,62036.763151,196538
75,62036.763151,199196
76,62036.763151,201853
77,62036.763151,204509
78,62036.763151,207169
79,62036.763151,209823
80,62036.763151,212482
81,62036.763151,215137
82,62036.763151,217796
83,62036.763151,220457
84,62036.763151,223118
85,62036.763151,225777
86,62036.763151,228442
87,62036.763151,231106
88,62036.763151,233767
89,62036.763151,236429
90,62036.763151,239084
91,62036.763151,241739
92,62036.763151,244401
93,62036.763151,247061
94,62036.763151,249719
95,62036.763151,252381
96,62036.763151,255043
97,62036.763151,257701
98,62036.763151,260364
99,62036.763151,263020
100,62036.763151,265683
101,62036.763151,268346
102,62036.763151,271009
103,62036.763151,273669
104,62036.763151,276328
105,62036.763151,278986
106,62036.763151,281648
107,62036.763151,284308
108,62036.763151,286967
109,62036.763151,289630
110,62036.763151,292293
111,62036.763151,294955
112,62036.763151,297611
113,62036.763151,300274
114,62036.763151,302936
115,62036.763151,305597
116,62036.763151,308251
117,62036.763151,310909
118,62036.763151,313567
119,62036.763151,316230
120,62036.763151,318892
121,62036.763151,321554
122,62036.763151,324214
123,62036.763151,326875
124,62036.763151,329536
125,62036.763151,332194
126,62036.763151,334859
127,62036.763151,337517
128,62036.763151,340175
129,62036.763151,342835
130,62036.763151,345496
131,62036.763151,348150
132,62036.763151,350810
133,62036.763151,353470
134,62036.763151,356132
135,62036.763151,358791
136,62036.763151,361450
137,62036.763151,364107
138,62036.763151,366769
139,62036.763151,369428
140,62036.763151,372082
141,62036.763151,374735
142,62036.763151,377394
143,62036.763151,380052
144,62036.763151,382708
145,62036.763151,385364
146,62036.763151,388026
147,62036.763151,390687
148,62036.763151,393346
149,62036.763151,396003
150,62036.763151,398663
151,62036.763151,401323
152,62036.763151,403985
153,62036.763151,406644
154,62036.763151,409300
155,62036.763151,411961
156,62036.763151,414623
157,62036.763151,417280
158,62036.763151,419939
159,62036.763151,422600
160,62036.763151,425261
161,62036.763151,427922
162,62036.763151,430580
163,62036.763151,433241
164,62036.763151,435895
165,62036.763151,438552
166,62036.763151,441209
167,62036.763151,443868
168,62036.763151,446522
169,62036.763151,449178
170,62036.763151,451839
171,62036.763151,454495
172,62036.763151,457156
173,62036.763151,459817
174,62036.763151,462473
175,62036.763151,465132
176,62036.763151,467789
177,62036.763151,470449
178,62036.763151,473102
179,62036.763151,475757
180,62036.763151,478410
181,62036.763151,481071
182,62036.763151,483732
183,62036.763151,486385
184,62036.763151,489043
185,62036.763151,491706
186,62036.763151,494364
187,62036.763151,497023
188,62036.763151,499685
189,62036.763151,502343
190,62036.763151,505006
191,62036.763151,507661
192,62036.763151,510317
193,62036.763151,512978
194,62036.763151,515637
195,62036.763151,518298
196,62036.763151,520952
197,62036.763151,523609
198,62036.763151,526270
199,62036.763151,528928
200,62036.763151,531592
201,62036.763151,534251
202,62036.763151,536912
203,62036.763151,539576
204,62036.763151,542238
205,62036.763151,544899
206,62036.763151,547559
207,62036.763151,550216
208,62036.763151,552874
209,62036.763151,555532
210,62036.763151,558194
211,62036.763151,560850
212,62036.763151,563509
213,62036.763151,566169
214,62036.763151,568827
215,62036.763151,571487
216,62036.763151,574146
217,62036.763151,576807
218,62036.763151,579469
219,62036.763151,582132
220,62036.763151,584788
221,62036.763151,587449
222,62036.763151,590102
223,62036.763151,592759
224,62036.763151,595413
225,62036.763151,598067
226,62036.763151,600724
227,62036.763151,603375
228,62036.763151,606032
229,62036.763151,608692
230,62036.763151,611346
231,62036.763151,614004
232,62036.763151,616657
233,62036.763151,619310
234,62036.763151,621969
235,62036.763151,624628
236,62036.763151,627290
237,62036.763151,629953
238,62036.763151,632609
239,62036.763151,635268
240,62036.763151,637929
241,62036.763151,640587
242,62036.763151,643246
243,62036.763151,645904
244,62036.763151,648565
245,62036.763151,651227
246,62036.763151,653887
247,62036.763151,656548
248,62036.763151,659211
249,62036.763151,661873
250,62036.763151,664533
251,62036.763151,667192
252,62036.763151,669850
253,62036.763151,672511
254,62036.763151,675172
255,62036.763151,677829
256,62036.763151,680484
257,62036.763151,683136
258,62036.763151,685788
259,62036.763151,688445
260,62036.763151,691103
261,62036.763151,693760
262,62036.763151,696415
263,62036.763151,699072
264,62036.763151,701722
265,62036.763151,704378
266,62036.763151,707038
267,62036.763151,709689
268,62036.763151,712351
269,62036.763151,715010
270,62036.763151,717667
271,62036.763151,720324
272,62036.763151,722985
273,62036.763151,725644
274,62036.763151,728300
275,62036.763151,730955
276,62036.763151,733611
277,62036.763151,736273
278,62036.763151,738928
279,62036.763151,741592
280,62036.763151,744253
281,62036.763151,746916
282,62036.763151,749574
283,62036.763151,752234
284,62036.763151,754894
285,62036.763151,757549
286,62036.763151,760210
287,62036.763151,762873
288,62036.763151,765529
289,62036.763151,768189
290,62036.763151,770840
291,62036.763151,773500
292,62036.763151,776159
293,62036.763151,778818
294,62036.763151,781481
295,62036.763151,784133
296,62036.763151,786789
297,62036.763151,789438
298,62036.763151,792097
299,62036.763151,794750
300,62036.763151,797399
301,62036.763151,800048
302,62036.763151,802708
303,62036.763151,805363
304,62036.763151,808018
305,62036.763151,810677
62036.763151,4.510184
1,62040.592355,2376
2,62038.289660,5014
3,62038.289660,7654
4,62037.953821,10294
5,62037.953821,12930
6,62037.953821,15565
7,62037.953821,18201
8,62037.953821,20838
9,62037.953821,23474
10,62037.953821,26114
11,62037.953821,28749
12,62037.953821,31386
13,62037.953821,34023
14,62037.953821,36658
15,62037.953821,39295
16,62037.953821,41931
17,62037.953821,44568
18,62037.953821,47202
19,62037.953821,49837
20,62037.953821,52474
21,62037.953821,55108
22,62037.953821,57742
23,62037.953821,60378
24,62037.953821,63014
25,62037.953821,65650
26,62037.953821,68289
27,62037.953821,70926
28,62037.953821,73564
29,62037.953821,76199
30,62037.953821,78837
31,62037.953821,81470
32,62037.953821,84095
33,62037.953821,86724
34,62037.953821,89357
35,62037.953821,91992
36,62037.953821,94628
37,62037.953821,97261
38,62037.953821,99896
39,62037.953821,102529
40,62037.953821,105162
41,62037.953821,107795
42,62037.953821,110433
43,62037.953821,113072
44,62037.953821,115710
45,62037.953821,118341
46,62037.953821,120977
47,62037.953821,123615
48,62037.953821,126255
49,62037.953821,128891
50,62037.953821,131524
51,62037.953821,134162
52,62037.953821,136801
53,62037.953821,139437
54,62037.953821,142075
55,62037.953821,144715
56,62037.953821,147349
57,62037.953821,149984
58,62037.953821,152621
59,62037.953821,155257
60,62037.953821,157894
61,62037.953821,160530
62,62037.953821,163164
63,62037.953821,165801
64,62037.953821,168439
65,62037.953821,171078
66,62037.953821,173715
67,62037.953821,176354
68,62037.953821,178992
69,62037.953821,181630
70,62037.953821,184269
71,62037.953821,186906
72,62037.953821,189538
73,62037.953821,192173
74,62037.953821,194810
75,62037.953821,197446
76,62037.953821,200083
77,62037.953821,202716
78,62037.953821,205353
79,62037.953821,207992
80,62037.953821,210630
81,62037.953821,213266
82,62037.953821,215904
83,62037.953821,218540
84,62037.953821,221169
85,62037.953821,223805
86,62037.953821,226438
87,62037.953821,229076
88,62037.953821,231712
89,62037.953821,234345
90,62037.953821,236972
91,62037.953821,239607
92,62037.953821,242243
93,62037.953821,244880
94,62037.953821,247513
95,62037.953821,250148
96,62037.953821,252785
97,62037.953821,255417
98,62037.953821,258050
99,62037.953821,260687
100,62037.953821,263315
101,62037.953821,265953
102,62037.953821,268590
103,62037.953821,271226
104,62037.953821,273861
105,62037.953821,276496
106,62037.953821,279128
107,62037.403827,281762
108,62037.403827,284390
109,62037.403827,287028
110,62037.403827,289664
111,62037.403827,292300
112,62037.403827,294935
113,62037.403827,297570
114,62036.763151,300202
115,62036.763151,302836
116,62036.763151,305474
117,62036.763151,308103
118,62036.763151,310737
119,62036.763151,313369
120,62036.763151,316002
121,62036.763151,318631
122,62036.763151,321265
123,62036.763151,323901
124,62036.763151,326537
125,62036.763151,329176
126,62036.763151,331808
127,62036.763151,334444
128,62036.763151,337081
129,62036.763151,339717
130,62036.763151,342351
131,62036.763151,344983
132,62036.763151,347620
133,62036.763151,350257
134,62036.763151,352894
135,62036.763151,355528
136,62036.763151,358160
137,62036.763151,360789
138,62036.763151,363419
139,62036.763151,366056
140,62036.763151,368690
141,62036.763151,371328
142,62036.763151,373962
143,62036.763151,376598
144,62036.763151,379230
145,62036.763151,381868
146,62036.763151,384504
147,62036.763151,387141
148,62036.763151,389778
149,62036.763151,392418
150,62036.763151,395054
151,62036.763151,397688
152,62036.763151,400325
153,62036.763151,402964
154,62036.763151,405601
155,62036.763151,408239
156,62036.763151,410873
157,62036.763151,413510
158,62036.763151,416145
159,62036.763151,418783
160,62036.763151,421419
161,62036.763151,424055
162,62036.763151,426689
163,62036.763151,429325
164,62036.763151,431961
165,62036.763151,434600
166,62036.763151,437239
167,62036.763151,439875
168,62036.763151,442512
169,62036.763151,445146
170,62036.763151,447778
171,62036.763151,450413
172,62036.763151,453052
173,62036.763151,455684
174,62036.763151,458319
175,62036.763151,460958
176,62036.763151,463592
177,62036.763151,466224
178,62036.763151,468859
179,62036.763151,471489
180,62036.763151,474122
181,62036.763151,476752
182,62036.763151,479387
183,62036.763151,482019
184,62036.763151,484655
185,62036.763151,487287
186,62036.763151,489924
187,62036.763151,492561
188,62036.763151,495197
189,62036.763151,497831
190,62036.763151,500465
191,62036.763151,503101
192,62036.763151,505738
193,62036.763151,508369
194,62036.763151,511002
195,62036.763151,513634
196,62036.763151,516271
197,62036.763151,518907
198,62036.763151,521540
199,62036.763151,524177
200,62036.763151,526813
201,62036.763151,529449
202,62036.763151,532085
203,62036.763151,534719
204,62036.763151,537350
205,62036.763151,539987
206,62036.763151,542618
207,62036.763151,545252
208,62036.763151,547885
209,62036.763151,550515
210,62036.763151,553150
211,62036.763151,555787
212,62036.763151,558422
213,62036.763151,561054
214,62036.763151,563689
215,62036.763151,566324
216,62036.763151,568960
217,62036.763151,571596
218,62036.763151,574234
219,62036.763151,576870
220,62036.763151,579505
221,62036.763151,582141
222,62036.763151,584774
223,62036.763151,587408
224,62036.763151,590042
225,62036.763151,592678
226,62036.730013,595313
227,62036.730013,597949
228,62036.730013,600579
229,62036.730013,603210
230,62036.730013,605842
231,62036.730013,608478
232,62036.730013,611110
233,62036.730013,613744
234,62036.730013,616378
235,62036.730013,619004
236,62036.730013,621638
237,62036.730013,624277
238,62036.730013,626906
239,62036.730013,629540
240,62036.730013,632164
241,62036.730013,634796
242,62036.730013,637433
243,62036.730013,640071
244,62036.730013,642709
245,62036.730013,645346
246,62036.730013,647980
247,62036.730013,650616
248,62036.730013,653250
249,62036.730013,655886
250,62036.730013,658520
251,62036.730013,661156
252,62036.730013,663793
253,62036.730013,666427
254,62036.730013,669064
255,62036.730013,671700
256,62036.730013,674335
257,62036.730013,676970
258,62036.730013,679607
259,62036.730013,682241
260,62036.730013,684878
261,62036.730013,687514
262,62036.730013,690147
263,62036.730013,692784
264,62036.730013,695421
265,62036.730013,698059
266,62036.730013,700694
267,62036.730013,703331
268,62036.730013,705963
269,62036.730013,708593
270,62036.730013,711229
271,62036.730013,713862
272,62036.730013,716495
273,62036.730013,719130
274,62036.730013,721761
275,62036.730013,724394
276,62036.730013,727027
277,62036.730013,729657
278,62036.730013,732290
279,62036.730013,734927
280,62036.730013,737561
281,62036.730013,740198
282,62036.730013,742835
283,62036.730013,745470
284,62036.730013,748108
285,62036.730013,750743
286,62036.730013,753377
287,62036.730013,756011
288,62036.730013,758649
289,62036.730013,761282
290,62036.730013,763916
291,62036.730013,766553
292,62036.730013,769185
293,62036.730013,771822
294,62036.730013,774457
295,62036.730013,777090
296,62036.730013,779725
297,62036.730013,782361
298,62036.730013,784995
299,62036.730013,787632
300,62036.730013,790272
301,62036.730013,792907
302,62036.730013,795544
303,62036.730013,798175
304,62036.730013,800815
305,62036.730013,803449
306,62036.730013,806088
307,62036.730013,808724
308,62036.730013,811358
62036.730013,4.769364
1,62039.329063,2376
2,62038.592934,5037
3,62038.592934,7697
4,62038.592934,10354
5,62038.592934,13014
6,62037.953821,15670
7,62037.953821,18328
8,62037.953821,20979
9,62037.953821,23634
10,62037.953821,26287
11,62037.953821,28946
12,62037.953821,31603
13,62037.953821,34264
14,62037.953821,36914
15,62037.953821,39574
16,62037.953821,42224
17,62037.953821,44874
18,62037.953821,47529
19,62037.953821,50183
20,62037.953821,52844
21,62037.953821,55499
22,62037.953821,58156
23,62037.953821,60810
24,62037.953821,63468
25,62037.953821,66122
26,62037.953821,68779
27,62037.953821,71432
28,62037.953821,74087
29,62037.953821,76740
30,62037.953821,79394
31,62037.953821,82047
32,62037.953821,84701
33,62037.953821,87357
34,62037.953821,90014
35,62037.953821,92667
36,62037.953821,95319
37,62037.953821,97974
38,62037.953821,100625
39,62037.953821,103284
40,62037.953821,105931
41,62037.953821,108588
42,62037.953821,111243
43,62037.953821,113899
44,62037.953821,116556
45,62037.953821,119206
46,62037.953821,121859
47,62037.953821,124519
48,62037.953821,127173
49,62037.953821,129830
50,62037.953821,132487
51,62037.953821,135143
52,62037.953821,137797
53,62037.953821,140452
54,62037.953821,143107
55,62037.953821,145761
56,62037.953821,148415
57,62037.953821,151071
58,62037.953821,153729
59,62037.953821,156383
60,62037.953821,159039
61,62037.953821,161699
62,62037.953821,164356
63,62037.953821,167015
64,62037.953821,169672
65,62037.953821,172329
66,62037.953821,174981
67,62037.953821,177632
68,62037.953821,180285
69,62037.953821,182943
70,62037.953821,185596
71,62037.953821,188246
72,62037.953821,190893
73,62037.953821,193550
74,62037.953821,196202
75,62037.953821,198858
76,62037.953821,201513
77,62037.953821,204165
78,62037.953821,206818
79,62037.953821,209472
80,62037.953821,212128
81,62037.953821,214785
82,62037.953821,217443
83,62037.953821,220101
84,62037.953821,222755
85,62037.953821,225409
86,62037.953821,228069
87,62037.953821,230723
88,62037.953821,233376
89,62037.953821,236030
90,62037.953821,238687
91,62037.953821,241342
92,62037.953821,244001
93,62037.953821,246655
94,62037.953821,249311
95,62037.953821,251960
96,62037.953821,254615
97,62037.953821,257268
98,62037.953821,259920
99,62037.953821,262572
100,62037.953821,265219
101,62037.953821,267872
102,62037.953821,270524
103,62037.953821,273175
104,62037.953821,275827
105,62037.953821,278483
106,62037.953821,281134
107,62037.953821,283788
108,62037.953821,286447
109,62037.953821,289100
110,62037.652059,291756
111,62037.652059,294409
112,62037.652059,297068
113,62037.652059,299724
114,62037.652059,302380
115,62037.652059,305037
116,62037.652059,307696
117,62037.652059,310351
118,62037.652059,313005
119,62037.652059,315661
120,62037.652059,318318
121,62037.652059,320974
122,62037.652059,323635
123,62037.652059,326293
124,62037.652059,328949
125,62037.652059,331602
126,62037.652059,334261
127,62037.652059,336920
128,62037.652059,339567
129,62037.652059,342218
130,62037.652059,344871
131,62037.652059,347527
132,62037.652059,350185
133,62037.652059,352841
134,62037.652059,355498
135,62037.652059,358152
136,62037.652059,360807
137,62037.652059,363465
138,62037.652059,366121
139,62037.652059,368776
140,62037.652059,371433
141,62037.652059,374092
142,62037.652059,376742
143,62037.652059,379398
144,62037.652059,382051
145,62037.652059,384704
146,62037.652059,387362
147,62037.652059,390018
148,62037.652059,392673
149,62037.652059,395328
150,62037.652059,397983
151,62037.652059,400643
152,62037.652059,403294
153,62037.652059,405947
154,62037.652059,408601
155,62037.652059,411254
156,62037.652059,413908
157,62037.652059,416556
158,62037.652059,419211
159,62037.652059,421869
160,62037.652059,424526
161,62037.652059,427176
162,62037.652059,429826
163,62037.652059,432479
164,62037.652059,435131
165,62037.652059,437785
166,62037.652059,440438
167,62037.652059,443088
168,62037.652059,445745
169,62037.652059,448399
170,62037.652059,451055
171,62037.652059,453707
172,62037.652059,456366
173,62037.652059,459022
174,62037.652059,461680
175,62037.652059,464340
176,62037.652059,466999
177,62037.652059,469657
178,62037.652059,472314
179,62037.652059,474974
180,62037.652059,477631
181,62037.652059,480289
182,62037.652059,482949
183,62037.652059,485604
184,62037.652059,488258
185,62037.652059,490916
186,62037.652059,493574
187,62037.652059,496232
188,62037.652059,498890
189,62037.652059,501541
190,62037.652059,504192
191,62037.652059,506844
192,62037.652059,509499
193,62037.652059,512150
194,62037.652059,514803
195,62037.652059,517450
196,62037.652059,520105
197,62037.652059,522759
198,62037.652059,525411
199,62037.652059,528069
200,62037.652059,530726
201,62037.652059,533380
202,62037.652059,536037
203,62037.652059,538689
204,62037.652059,541346
205,62037.652059,544002
206,62037.652059,546658
207,62037.652059,549315
208,62037.652059,551971
209,62037.652059,554627
210,62037.652059,557285
211,62037.652059,559939
212,62037.652059,562593
213,62037.652059,565247
214,62037.652059,567898
215,62037.652059,570551
216,62037.652059,573201
217,62037.652059,575847
218,62037.652059,578506
219,62037.652059,581160
220,62037.652059,583810
221,62037.652059,586461
222,62037.652059,589114
223,62037.652059,591772
224,62037.652059,594429
225,62037.652059,597088
226,62037.652059,599745
227,62037.652059,602398
228,62037.652059,605054
229,62037.652059,607707
230,62037.652059,610363
231,62037.652059,613019
232,62037.652059,615675
233,62037.652059,618330
234,62037.652059,620986
235,62037.652059,623643
236,62037.652059,626300
237,62037.652059,628957
238,62037.652059,631613
239,62037.652059,634267
240,62037.652059,636923
241,62037.652059,639578
242,62037.652059,642235
243,62037.652059,644887
244,62037.652059,647543
245,62037.652059,650192
246,62037.652059,652841
247,62037.652059,655494
248,62037.652059,658147
249,62037.652059,660800
250,62037.652059,663456
251,62037.652059,666114
252,62037.652059,668768
253,62037.652059,671416
254,62037.652059,674074
255,62037.652059,676728
256,62037.652059,679388
257,62037.652059,682043
258,62037.652059,684696
259,62037.652059,687350
260,62037.652059,690009
261,62037.652059,692664
262,62037.652059,695316
263,62037.652059,697969
264,62037.652059,700625
265,62037.652059,703280
266,62037.652059,705936
267,62037.652059,708592
268,62037.652059,711248
269,62037.652059,713903
270,62037.652059,716552
271,62037.652059,719208
272,62037.652059,721863
273,62037.652059,724518
274,62037.652059,727168
275,62037.652059,729823
276,62037.652059,732468
277,62037.652059,735116
278,62037.652059,737769
279,62037.652059,740426
280,62037.652059,743085
281,62037.652059,745743
282,62037.652059,748396
283,62037.652059,751052
284,62037.652059,753708
285,62037.652059,756362
286,62037.652059,759021
287,62037.652059,761681
288,62037.652059,764333
289,62037.652059,766988
290,62037.652059,769641
291,62037.652059,772299
292,62037.652059,774956
293,62037.652059,777610
294,62037.652059,780267
295,62037.652059,782926
296,62037.652059,785580
297,62037.652059,788236
298,62037.652059,790888
299,62037.652059,793541
300,62037.652059,796193
301,62037.652059,798843
302,62037.652059,801499
303,62037.652059,804155
304,62037.652059,806806
305,62037.652059,809463
62037.652059,4.537957
1,62041.072513,2376
2,62039.684444,5034
3,62039.018493,7692
4,62039.018493,10347
5,62039.018493,13002
6,62039.018493,15659
7,62039.018493,18315
8,62039.018493,20970
9,62039.018493,23626
10,62039.018493,26282
11,62039.018493,28933
12,62039.018493,31582
13,62039.018493,34234
14,62039.018493,36889
15,62039.018493,39538
16,62039.018493,42194
17,62039.018493,44845
18,62039.018493,47502
19,62039.018493,50156
20,62039.018493,52810
21,62039.018493,55468
22,62039.018493,58123
23,62039.018493,60773
24,62039.018493,63427
25,62039.018493,66080
26,62039.018493,68728
27,62039.018493,71382
28,62039.018493,74035
29,62039.018493,76691
30,62039.018493,79344
31,62039.018493,82002
32,62039.018493,84657
33,62039.018493,87311
34,62039.018493,89963
35,62039.018493,92616
36,62039.018493,95271
37,62039.018493,97921
38,62039.018493,100578
39,62039.018493,103231
40,62039.018493,105882
41,62039.018493,108534
42,62039.018493,111184
43,62039.018493,113838
44,62039.018493,116494
45,62039.018493,119145
46,62039.018493,121799
47,62039.018493,124453
48,62039.018493,127099
49,62039.018493,129738
50,62039.018493,132386
51,62039.018493,135038
52,62039.018493,137691
53,62039.018493,140342
54,62039.018493,142989
55,62039.018493,145640
56,62039.018493,148294
57,62039.018493,150948
58,62039.018493,153600
59,62039.018493,156246
60,62039.018493,158897
61,62039.018493,161550
62,62039.018493,164204
63,62039.018493,166853
64,62039.018493,169500
65,62039.018493,172154
66,62039.018493,174807
67,62039.018493,177462
68,62039.018493,180111
69,62039.018493,182759
70,62039.018493,185410
71,62039.018493,188061
72,62039.018493,190716
73,62039.018493,193368
74,62039.018493,196023
75,62039.018493,198679
76,62039.018493,201336
77,62039.018493,203989
78,62039.018493,206644
79,62039.018493,209302
80,62039.018493,211951
81,62039.018493,214605
82,62039.018493,217257
83,62039.018493,219907
84,62039.018493,222560
85,62039.018493,225212
86,62039.018493,227865
87,62039.018493,230517
88,62039.018493,233170
89,62039.018493,235820
90,62039.018493,238471
91,62039.018493,241123
92,62039.018493,243774
93,62039.018493,246429
94,62039.018493,249085
95,62039.018493,251738
96,62039.018493,254392
97,62039.018493,257045
98,62039.018493,259698
99,62039.018493,262350
100,62039.018493,265006
101,62039.018493,267662
102,62039.018493,270316
103,62039.018493,272968
104,62039.018493,275620
105,62039.018493,278275
106,62039.018493,280931
107,62039.018493,283585
108,62039.018493,286240
109,62039.018493,288893
110,62039.018493,291545
111,62039.018493,294201
112,62039.018493,296849
113,62039.018493,299500
114,62039.018493,302157
115,62039.018493,304813
116,62039.018493,307464
117,62039.018493,310112
118,62039.018493,312766
119,62039.018493,315420
120,62039.018493,318075
121,62039.018493,320727
122,62039.018493,323379
123,62039.018493,326031
124,62039.018493,328688
125,62039.018493,331341
126,62039.018493,333997
127,62039.018493,336652
128,62039.018493,339306
129,62039.018493,341960
130,62039.018493,344616
131,62039.018493,347273
132,62039.018493,349927
133,62039.018493,352581
134,62039.018493,355235
135,62039.018493,357890
136,62039.018493,360543
137,62039.018493,363198
138,62039.018493,365852
139,62039.018493,368506
140,62039.018493,371164
141,62039.018493,373821
142,62039.018493,376478
143,62039.018493,379131
144,62039.018493,381784
145,62039.018493,384441
146,62039.018493,387097
147,62039.018493,389751
148,62039.018493,392406
149,62039.018493,395057
150,62039.018493,397709
151,62039.018493,400363
152,62039.018493,403016
153,62039.018493,405673
154,62039.018493,408324
155,62039.018493,410980
156,62039.018493,413635
157,62039.018493,416290
158,62039.018493,418943
159,62039.018493,421599
160,62039.018493,424254
161,62039.018493,426907
162,62039.018493,429557
163,62039.018493,432210
164,62039.018493,434863
165,62038.289660,437520
166,62038.289660,440167
167,62038.289660,442821
168,62038.289660,445473
169,62038.289660,448126
170,62038.289660,450779
171,62038.289660,453435
172,62038.289660,456091
173,62038.289660,458745
174,62038.289660,461398
175,62038.289660,464050
176,62038.289660,466702
177,62038.289660,469354
178,62038.289660,472008
179,62038.289660,474662
180,62038.289660,477316
181,62038.289660,479971
182,62038.289660,482621
183,62038.289660,485269
184,62038.289660,487923
185,62038.289660,490576
186,62038.289660,493228
187,62038.289660,495877
188,62038.289660,498531
189,62038.289660,501182
190,62038.289660,503834
191,62038.289660,506488
192,62038.289660,509138
193,62038.289660,511793
194,62038.289660,514438
195,62038.289660,517091
196,62038.289660,519745
197,62038.289660,522398
198,62038.289660,525052
199,62038.289660,527704
200,62038.289660,530361
201,62038.289660,533016
202,62038.289660,535671
203,62038.289660,538328
204,62038.289660,540979
205,62038.289660,543633
206,62038.289660,546285
207,62038.289660,548940
208,62038.289660,551590
209,62038.289660,554243
210,62038.289660,556895
211,62038.289660,559544
212,62038.289660,562197
213,62038.289660,564848
214,62038.289660,567501
215,62038.289660,570153
216,62038.289660,572807
217,62038.289660,575459
218,62038.289660,578108
219,62038.289660,580762
220,62038.289660,583415
221,62038.289660,586071
222,62038.289660,588721
223,62038.289660,591378
224,62038.289660,594034
225,62038.289660,596686
226,62038.289660,599341
227,62038.289660,601997
228,62038.289660,604651
229,62038.289660,607302
230,62038.289660,609957
231,62038.289660,612610
232,62038.289660,615264
233,62038.289660,617916
234,62038.289660,620568
235,62038.289660,623219
236,62038.289660,625875
237,62038.289660,628530
238,62038.289660,631185
239,62038.289660,633836
240,62038.289660,636489
241,62038.289660,639144
242,62038.289660,641801
243,62038.289660,644453
244,62038.289660,647107
245,62038.289660,649758
246,62038.289660,652411
247,62038.289660,655068
248,62038.289660,657723
249,62038.289660,660377
250,62038.289660,663032
251,62038.289660,665685
252,62038.289660,668338
253,62038.289660,670992
254,62038.289660,673648
255,62038.289660,676302
256,62038.289660,678956
257,62038.289660,681609
258,62038.289660,684263
259,62038.289660,686917
260,62038.289660,689567
261,62038.289660,692218
262,62038.289660,694872
263,62038.289660,697522
264,62038.289660,700177
265,62038.289660,702829
266,62038.289660,705482
267,62038.289660,708134
268,62037.652059,710786
269,62037.652059,713434
270,62037.652059,716083
271,62037.652059,718734
272,62037.652059,721380
273,62037.652059,724034
274,62037.652059,726686
275,62037.652059,729340
276,62037.652059,731989
277,62037.652059,734639
278,62037.652059,737290
279,62037.652059,739942
280,62037.652059,742590
281,62037.652059,745241
282,62037.652059,747893
283,62037.652059,750550
284,62037.652059,753202
285,62037.652059,755848
286,62037.652059,758500
287,62037.652059,761151
288,62037.652059,763801
289,62037.652059,766456
290,62037.652059,769107
291,62037.652059,771761
292,62037.652059,774409
293,62037.652059,777061
294,62037.652059,779715
295,62037.652059,782370
296,62037.652059,785027
297,62037.652059,787681
298,62037.652059,790329
299,62037.652059,792984
300,62037.652059,795640
301,62037.652059,798295
302,62037.652059,800949
303,62037.652059,803599
304,62037.652059,806247
305,62037.652059,808902
306,62037.652059,811551
62037.652059,4.517254
1,62040.815642,2376
2,62039.011722,5000
3,62039.011722,7624
4,62039.011722,10244
5,62039.011722,12866
6,62039.011722,15488
7,62039.011722,18108
8,62039.011722,20726
9,62039.011722,23345
10,62039.011722,25968
11,62039.011722,28590
12,62039.011722,31212
13,62039.011722,33830
14,62039.011722,36452
15,62039.011722,39071
16,62039.011722,41694
17,62039.011722,44316
18,62039.011722,46938
19,62039.011722,49561
20,62038.289660,52181
21,62038.289660,54800
22,62038.289660,57422
23,62038.289660,60042
24,62038.289660,62665
25,62038.289660,65285
26,62038.289660,67902
27,62038.289660,70520
28,62038.289660,73139
29,62038.289660,75758
30,62038.289660,78378
31,62038.289660,80996
32,62037.820924,83615
33,62037.820924,86233
34,62037.820924,88854
35,62037.820924,91472
36,62037.820924,94090
37,62037.820924,96711
38,62037.820924,99329
39,62037.820924,101950
40,62037.820924,104570
41,62037.820924,107188
42,62037.820924,109808
43,62037.820924,112428
44,62037.820924,115048
45,62037.820924,117668
46,62037.820924,120286
47,62037.820924,122909
48,62037.820924,125531
49,62037.820924,128151
50,62037.820924,130771
51,62037.820924,133390
52,62037.820924,136008
53,62037.820924,138630
54,62037.820924,141250
55,62037.820924,143870
56,62037.820924,146491
57,62037.820924,149109
58,62037.820924,151730
59,62037.820924,154351
60,62037.820924,156970
61,62037.820924,159591
62,62037.820924,162208
63,62037.652059,164824
64,62037.652059,167443
65,62037.652059,170063
66,62037.652059,172681
67,62037.652059,175293
68,62037.652059,177909
69,62037.652059,180530
70,62037.652059,183151
71,62037.652059,185771
72,62037.652059,188386
73,62037.652059,191002
74,62037.652059,193616
75,62037.652059,196231
76,62037.652059,198847
77,62037.652059,201466
78,62037.652059,204086
79,62037.652059,206706
80,62037.652059,209326
81,62037.652059,211945
82,62037.652059,214568
83,62037.652059,217184
84,62037.652059,219797
85,62037.652059,222415
86,62037.652059,225037
87,62037.652059,227654
88,62037.652059,230273
89,62037.652059,232892
90,62037.652059,235508
91,62037.652059,238122
92,62037.652059,240742
93,62037.652059,243365
94,62037.652059,245977
95,62037.652059,248592
96,62037.652059,251204
97,62037.652059,253821
98,62037.652059,256438
99,62037.652059,259051
100,62037.652059,261672
101,62037.652059,264292
102,62037.652059,266914
103,62037.652059,269532
104,62037.652059,272139
105,62037.652059,274755
106,62037.652059,277375
107,62037.652059,279995
108,62037.652059,282608
109,62037.652059,285223
110,62037.652059,287838
111,62037.652059,290458
112,62037.652059,293078
113,62037.652059,295694
114,62037.652059,298316
115,62037.652059,300933
116,62037.652059,303545
117,62037.652059,306158
118,62037.652059,308777
119,62037.652059,311397
120,62037.652059,314013
121,62037.652059,316633
122,62037.652059,319253
123,62037.652059,321873
124,62037.652059,324494
125,62037.652059,327111
126,62037.652059,329728
127,62037.652059,332348
128,62037.652059,334963
129,62037.652059,337579
130,62037.652059,340199
131,62037.652059,342820
132,62037.652059,345439
133,62037.652059,348055
134,62037.652059,350674
135,62037.652059,353293
136,62037.652059,355911
137,62037.652059,358525
138,62037.652059,361145
139,62037.652059,363766
140,62037.652059,366386
141,62037.652059,369006
142,62037.652059,371623
143,62037.652059,374231
144,62037.652059,376846
145,62037.652059,379468
146,62036.936198,382087
147,62036.936198,384705
148,62036.936198,387325
149,62036.936198,389943
150,62036.936198,392559
151,62036.936198,395176
152,62036.936198,397793
153,62036.936198,400413
154,62036.936198,403034
155,62036.936198,405654
156,62036.936198,408273
157,62036.936198,410893
158,62036.936198,413514
159,62036.936198,416136
160,62036.936198,418754
161,62036.936198,421376
162,62036.936198,423999
163,62036.936198,426617
164,62036.936198,429237
165,62036.936198,431853
166,62036.936198,434475
167,62036.936198,437095
168,62036.936198,439713
169,62036.936198,442332
170,62036.936198,444952
171,62036.936198,447572
172,62036.936198,450192
173,62036.936198,452811
174,62036.936198,455432
175,62036.936198,458049
176,62036.936198,460669
177,62036.936198,463286
178,62036.936198,465903
179,62036.936198,468519
180,62036.936198,471134
181,62036.936198,473756
182,62036.936198,476377
183,62036.936198,478998
184,62036.936198,481622
185,62036.936198,484243
186,62036.936198,486862
187,62036.936198,489483
188,62036.936198,492098
189,62036.936198,494714
190,62036.936198,497332
191,62036.936198,499954
192,62036.936198,502564
193,62036.936198,505182
194,62036.936198,507796
195,62036.936198,510417
196,62036.936198,513035
197,62036.936198,515653
198,62036.936198,518272
199,62036.936198,520891
200,62036.936198,523502
201,62036.936198,526118
202,62036.936198,528740
203,62036.936198,531361
204,62036.936198,533980
205,62036.936198,536598
206,62036.936198,539218
207,62036.936198,541840
208,62036.936198,544462
209,62036.936198,547083
210,62036.936198,549705
211,62036.936198,552325
212,62036.936198,554941
213,62036.936198,557559
214,62036.936198,560180
215,62036.936198,562793
216,62036.936198,565409
217,62036.936198,568028
218,62036.936198,570647
219,62036.936198,573270
220,62036.936198,575889
221,62036.936198,578502
222,62036.936198,581116
223,62036.936198,583731
224,62036.936198,586350
225,62036.936198,588970
226,62036.936198,591590
227,62036.936198,594208
228,62036.936198,596824
229,62036.936198,599442
230,62036.936198,602063
231,62036.936198,604683
232,62036.936198,607301
233,62036.936198,609915
234,62036.936198,612531
235,62036.936198,615144
236,62036.936198,617757
237,62036.936198,620377
238,62036.936198,622994
239,62036.936198,625610
240,62036.936198,628228
241,62036.936198,630849
242,62036.936198,633470
243,62036.936198,636093
244,62036.936198,638714
245,62036.936198,641335
246,62036.936198,643955
247,62036.936198,646579
248,62036.936198,649200
249,62036.936198,651822
250,62036.936198,654441
251,62036.936198,657063
252,62036.936198,659685
253,62036.936198,662307
254,62036.936198,664924
255,62036.936198,667542
256,62036.936198,670160
257,62036.936198,672780
258,62036.936198,675401
259,62036.936198,678022
260,62036.936198,680637
261,62036.936198,683247
262,62036.936198,685861
263,62036.936198,688481
264,62036.936198,691100
265,62036.936198,693719
266,62036.936198,696337
267,62036.936198,698956
268,62036.936198,701576
269,62036.936198,704192
270,62036.936198,706808
271,62036.936198,709429
272,62036.936198,712047
273,62036.936198,714668
274,62036.936198,717288
275,62036.936198,719906
276,62036.936198,722527
277,62036.936198,725147
278,62036.936198,727767
279,62036.936198,730385
280,62036.936198,733003
281,62036.936198,735625
282,62036.936198,738245
283,62036.936198,740864
284,62036.936198,743486
285,62036.936198,746107
286,62036.936198,748725
287,62036.936198,751338
288,62036.936198,753955
289,62036.936198,756575
290,62036.936198,759195
291,62036.936198,761813
292,62036.936198,764436
293,62036.936198,767054
294,62036.936198,769672
295,62036.936198,772292
296,62036.936198,774910
297,62036.936198,777527
298,62036.936198,780141
299,62036.936198,782761
300,62036.936198,785378
301,62036.936198,787999
302,62036.936198,790609
303,62036.936198,793232
304,62036.936198,795847
305,62036.936198,798462
306,62036.936198,801083
307,62036.936198,803700
308,62036.936198,806322
309,62036.936198,808944
310,62036.936198,811558
62036.936198,4.600969
1,62040.024449,2376
2,62039.329063,5023
3,62038.289660,7670
4,62037.953821,10317
5,62037.953821,12957
6,62037.953821,15603
7,62037.953821,18247
8,62037.953821,20890
9,62037.953821,23535
10,62037.953821,26178
11,62037.953821,28821
12,62037.953821,31465
13,62037.953821,34109
14,62037.953821,36750
15,62037.953821,39392
16,62037.953821,42036
17,62037.953821,44678
18,62037.953821,47324
19,62037.953821,49966
20,62037.953821,52611
21,62037.953821,55255
22,62037.953821,57897
23,62037.953821,60539
24,62037.953821,63179
25,62037.953821,65822
26,62037.953821,68463
27,62037.953821,71106
28,62037.953821,73750
29,62037.953821,76387
30,62037.953821,79028
31,62037.953821,81670
32,62037.953821,84314
33,62037.953821,86953
34,62037.953821,89594
35,62037.953821,92238
36,62037.953821,94882
37,62037.953821,97523
38,62037.953821,100167
39,62037.953821,102808
40,62037.953821,105447
41,62037.953821,108086
42,62037.953821,110725
43,62037.953821,113366
44,62037.953821,116009
45,62037.953821,118644
46,62037.953821,121285
47,62037.953821,123925
48,62037.953821,126562
49,62037.953821,129205
50,62037.953821,131841
51,62037.953821,134471
52,62037.953821,137116
53,62037.953821,139763
54,62037.953821,142402
55,62037.953821,145044
56,62037.953821,147685
57,62037.953821,150329
58,62037.953821,152968
59,62037.953821,155612
60,62037.953821,158250
61,62037.953821,160889
62,62037.953821,163533
63,62037.953821,166174
64,62037.953821,168819
65,62037.953821,171456
66,62037.953821,174093
67,62037.953821,176736
68,62037.953821,179382
69,62037.953821,182029
70,62037.953821,184670
71,62037.953821,187308
72,62037.953821,189948
73,62037.953821,192591
74,62037.197775,195230
75,62037.197775,197868
76,62037.197775,200513
77,62037.197775,203155
78,62037.197775,205797
79,62037.197775,208438
80,62037.197775,211079
81,62037.197775,213723
82,62037.197775,216369
83,62037.197775,219011
84,62037.197775,221654
85,62037.197775,224298
86,62037.197775,226942
87,62037.197775,229583
88,62037.197775,232216
89,62037.197775,234854
90,62037.197775,237497
91,62037.197775,240138
92,62037.197775,242780
93,62037.197775,245425
94,62037.197775,248063
95,62037.197775,250697
96,62037.197775,253340
97,62037.197775,255984
98,62037.197775,258622
99,62037.197775,261263
100,62037.197775,263905
101,62037.197775,266540
102,62037.197775,269182
103,62037.197775,271828
104,62037.197775,274472
105,62037.197775,277114
106,62037.197775,279752
107,62037.197775,282391
108,62037.197775,285033
109,62037.197775,287679
110,62037.197775,290320
111,62037.197775,292961
112,62037.197775,295603
113,62037.197775,298241
114,62037.197775,300882
115,62037.197775,303524
116,62037.197775,306170
117,62037.197775,308814
118,62037.197775,311458
119,62037.197775,314099
120,62037.197775,316744
121,62037.197775,319385
122,62037.197775,322028
123,62037.197775,324667
124,62037.197775,327308
125,62037.197775,329950
126,62037.197775,332593
127,62037.197775,335234
128,62037.197775,337875
129,62037.197775,340517
130,62037.197775,343158
131,62037.197775,345797
132,62037.197775,348441
133,62037.197775,351081
134,62037.197775,353726
135,62037.197775,356368
136,62037.197775,359012
137,62037.197775,361658
138,62037.197775,364298
139,62037.197775,366936
140,62037.197775,369571
141,62037.197775,372210
142,62037.197775,374847
143,62037.197775,377492
144,62037.197775,380131
145,62037.197775,382772
146,62037.197775,385412
147,62037.197775,388051
148,62037.197775,390689
149,62037.197775,393328
150,62037.197775,395972
151,62037.197775,398613
152,62037.197775,401257
153,62037.197775,403903
154,62037.197775,406546
155,62037.197775,409187
156,62037.197775,411827
157,62037.197775,414472
158,62037.197775,417116
159,62037.197775,419761
160,62037.197775,422403
161,62037.197775,425045
162,62037.197775,427686
163,62037.197775,430323
164,62037.197775,432962
165,62037.197775,435603
166,62037.197775,438244
167,62037.197775,440885
168,62037.197775,443526
169,62037.197775,446169
170,62037.197775,448810
171,62037.197775,451454
172,62037.197775,454098
173,62037.197775,456744
174,62037.197775,459386
175,62037.197775,462026
176,62037.197775,464665
177,62037.197775,467311
178,62037.197775,469952
179,62037.197775,472595
180,62037.197775,475235
181,62037.197775,477875
182,62037.197775,480519
183,62037.197775,483159
184,62037.197775,485802
185,62037.197775,488445
186,62037.197775,491083
187,62037.197775,493728
188,62037.197775,496369
189,62037.197775,499009
190,62037.197775,501646
191,62037.197775,504282
192,62037.197775,506924
193,62037.197775,509568
194,62037.197775,512208
195,62037.197775,514851
196,62037.197775,517491
197,62037.197775,520132
198,62037.197775,522774
199,62037.197775,525418
200,62037.197775,528060
201,62037.197775,530703
202,62037.197775,533348
203,62037.197775,535991
204,62037.197775,538629
205,62037.197775,541270
206,62037.197775,543915
207,62037.197775,546557
208,62037.197775,549202
209,62037.197775,551843
210,62037.197775,554486
211,62037.197775,557130
212,62037.197775,559774
213,62037.197775,562416
214,62037.197775,565059
215,62037.197775,567702
216,62037.197775,570342
217,62037.197775,572984
218,62037.197775,575629
219,62037.197775,578273
220,62037.197775,580916
221,62037.197775,583556
222,62037.197775,586202
223,62037.197775,588848
224,62037.197775,591493
225,62037.197775,594135
226,62037.197775,596776
227,62037.197775,599420
228,62037.197775,602058
229,62037.197775,604699
230,62037.197775,607341
231,62037.197775,609976
232,62037.197775,612617
233,62037.197775,615262
234,62037.197775,617904
235,62037.197775,620546
236,62037.197775,623183
237,62037.197775,625825
238,62037.197775,628471
239,62037.197775,631114
240,62037.197775,633755
241,62037.197775,636400
242,62037.197775,639039
243,62037.197775,641679
244,62037.197775,644315
245,62037.197775,646961
246,62037.197775,649604
247,62037.197775,652247
248,62037.197775,654889
249,62037.197775,657523
250,62037.197775,660167
251,62037.197775,662808
252,62037.197775,665447
253,62037.197775,668084
254,62037.197775,670728
255,62037.197775,673371
256,62037.197775,676014
257,62037.197775,678657
258,62037.197775,681301
259,62037.197775,683941
260,62037.197775,686586
261,62037.197775,689230
262,62037.197775,691868
263,62037.197775,694511
264,62037.197775,697152
265,62037.197775,699786
266,62037.197775,702428
267,62037.197775,705072
268,62037.197775,707708
269,62037.197775,710349
270,62037.197775,712987
271,62037.197775,715622
272,62037.197775,718258
273,62037.197775,720896
274,62037.197775,723539
275,62037.197775,726183
276,62037.197775,728825
277,62037.197775,731462
278,62037.197775,734094
279,62037.197775,736732
280,62037.197775,739372
281,62037.197775,742015
282,62037.197775,744661
283,62037.197775,747304
284,62037.197775,749949
285,62037.197775,752591
286,62037.197775,755234
287,62037.197775,757877
288,62037.197775,760517
289,62037.197775,763162
290,62037.197775,765798
291,62037.197775,768439
292,62037.197775,771082
293,62037.197775,773725
294,62037.197775,776365
295,62037.197775,779007
296,62037.197775,781650
297,62037.197775,784293
298,62037.197775,786937
299,62037.197775,789580
300,62037.197775,792218
301,62037.197775,794861
302,62037.197775,797503
303,62037.197775,800149
304,62037.197775,802790
305,62037.197775,805426
306,62037.197775,808069
307,62037.197775,810714
62037.197775,4.525342
1,62039.011722,2376
2,62039.011722,5001
3,62039.011722,7626
4,62039.011722,10246
5,62039.011722,12871
6,62039.011722,15496
7,62039.011722,18120
8,62039.011722,20742
9,62039.011722,23360
10,62039.011722,25982
11,62039.011722,28604
12,62039.011722,31227
13,62039.011722,33851
14,62039.011722,36473
15,62039.011722,39091
16,62039.011722,41714
17,62039.011722,44337
18,62039.011722,46961
19,62039.011722,49584
20,62039.011722,52203
21,62039.011722,54826
22,62039.011722,57444
23,62039.011722,60063
24,62039.011722,62684
25,62039.011722,65303
26,62039.011722,67924
27,62039.011722,70543
28,62039.011722,73158
29,62039.011722,75777
30,62039.011722,78398
31,62039.011722,81017
32,62039.011722,83640
33,62039.011722,86257
34,62039.011722,88871
35,62039.011722,91493
36,62039.011722,94115
37,62039.011722,96736
38,62039.011722,99357
39,62039.011722,101980
40,62039.011722,104595
41,62039.011722,107211
42,62039.011722,109834
43,62039.011722,112451
44,62039.011722,115070
45,62039.011722,117693
46,62039.011722,120311
47,62039.011722,122934
48,62039.011722,125555
49,62039.011722,128176
50,62039.011722,130797
51,62039.011722,133411
52,62039.011722,136027
53,62039.011722,138646
54,62039.011722,141264
55,62039.011722,143881
56,62039.011722,146502
57,62039.011722,149123
58,62039.011722,151744
59,62039.011722,154368
60,62039.011722,156987
61,62039.011722,159606
62,62039.011722,162228
63,62039.011722,164849
64,62039.011722,167471
65,62039.011722,170094
66,62039.011722,172716
67,62039.011722,175332
68,62039.011722,177953
69,62039.011722,180573
70,62039.011722,183191
71,62039.011722,185809
72,62039.011722,188429
73,62039.011722,191049
74,62039.011722,193667
75,62039.011722,196288
76,62039.011722,198910
77,62039.011722,201529
78,62039.011722,204149
79,62039.011722,206770
80,62039.011722,209392
81,62039.011722,212009
82,62039.011722,214631
83,62039.011722,217254
84,62039.011722,219877
85,62039.011722,222497
86,62039.011722,225116
87,62039.011722,227730
88,62039.011722,230351
89,62039.011722,232969
90,62039.011722,235587
91,62039.011722,238209
92,62039.011722,240827
93,62039.011722,243443
94,62039.011722,246065
95,62039.011722,248687
96,62039.011722,251311
97,62039.011722,253932
98,62039.011722,256551
99,62039.011722,259172
100,62039.011722,261793
101,62039.011722,264412
102,62039.011722,267030
103,62039.011722,269646
104,62039.011722,272266
105,62039.011722,274881
106,62039.011722,277490
107,62039.011722,280111
108,62039.011722,282724
109,62039.011722,285344
110,62039.011722,287959
111,62039.011722,290574
112,62039.011722,293198
113,62039.011722,295820
114,62039.011722,298440
115,62039.011722,301061
116,62039.011722,303679
117,62039.011722,306296
118,62039.011722,308918
119,62039.011722,311533
120,62039.011722,314150
121,62039.011722,316773
122,62039.011722,319392
123,62039.011722,322012
124,62039.011722,324632
125,62039.011722,327254
126,62039.011722,329875
127,62039.011722,332496
128,62039.011722,335118
129,62039.011722,337737
130,62039.011722,340356
131,62039.011722,342975
132,62039.011722,345597
133,62039.011722,348216
134,62039.011722,350835
135,62039.011722,353450
136,62039.011722,356073
137,62039.011722,358690
138,62039.011722,361308
139,62039.011722,363928
140,62039.011722,366545
141,62039.011722,369167
142,62039.011722,371789
143,62039.011722,374410
144,62039.011722,377032
145,62039.011722,379649
146,62039.011722,382270
147,62039.011722,384885
148,62039.011722,387504
149,62039.011722,390123
150,62039.011722,392741
151,62039.011722,395363
152,62039.011722,397986
153,62039.011722,400609
154,62039.011722,403230
155,62039.011722,405853
156,62039.011722,408469
157,62039.011722,411087
158,62039.011722,413709
159,62039.011722,416327
160,62039.011722,418947
161,62039.011722,421566
162,62039.011722,424185
163,62039.011722,426808
164,62039.011722,429431
165,62039.011722,432053
166,62039.011722,434677
167,62039.011722,437300
168,62039.011722,439922
169,62039.011722,442542
170,62039.011722,445162
171,62039.011722,447780
172,62039.011722,450398
173,62039.011722,453019
174,62039.011722,455641
175,62039.011722,458265
176,62039.011722,460889
177,62039.011722,463508
178,62039.011722,466132
179,62039.011722,468754
180,62039.011722,471370
181,62039.011722,473991
182,62039.011722,476612
183,62039.011722,479233
184,62039.011722,481850
185,62039.011722,484471
186,62039.011722,487092
187,62039.011722,489709
188,62039.011722,492328
189,62039.011722,494939
190,62039.011722,497556
191,62039.011722,500173
192,62039.011722,502788
193,62039.011722,505405
194,62039.011722,508027
195,62039.011722,510647
196,62039.011722,513264
197,62039.011722,515886
198,62039.011722,518505
199,62039.011722,521123
200,62039.011722,523746
201,62039.011722,526364
202,62039.011722,528987
203,62039.011722,531608
204,62039.011722,534227
205,62039.011722,536849
206,62039.011722,539464
207,62039.011722,542082
208,62039.011722,544704
209,62039.011722,547324
210,62039.011722,549946
211,62039.011722,552567
212,62039.011722,555189
213,62039.011722,557813
214,62039.011722,560431
215,62039.011722,563047
216,62039.011722,565670
217,62039.011722,568290
218,62039.011722,570910
219,62039.011722,573532
220,62039.011722,576155
221,62039.011722,578770
222,62039.011722,581391
223,62039.011722,584015
224,62039.011722,586636
225,62039.011722,589258
226,62039.011722,591873
227,62039.011722,594489
228,62039.011722,597107
229,62039.011722,599729
230,62039.011722,602344
231,62039.011722,604960
232,62039.011722,607581
233,62039.011722,610202
234,62039.011722,612821
235,62039.011722,615442
236,62039.011722,618061
237,62039.011722,620682
238,62039.011722,623305
239,62039.011722,625928
240,62039.011722,628546
241,62039.011722,631166
242,62039.011722,633788
243,62039.011722,636408
244,62039.011722,639031
245,62039.011722,641652
246,62039.011722,644275
247,62039.011722,646896
248,62039.011722,649518
249,62039.011722,652140
250,62039.011722,654760
251,62039.011722,657385
252,62039.011722,660004
253,62039.011722,662623
254,62039.011722,665238
255,62039.011722,667860
256,62039.011722,670482
257,62039.011722,673095
258,62039.011722,675710
259,62039.011722,678329
260,62039.011722,680945
261,62039.011722,683565
262,62039.011722,686188
263,62039.011722,688811
264,62039.011722,691427
265,62039.011722,694047
266,62039.011722,696665
267,62039.011722,699283
268,62039.011722,701902
269,62039.011722,704520
270,62039.011722,707139
271,62039.011722,709760
272,62039.011722,712380
273,62039.011722,715004
274,62039.011722,717626
275,62039.011722,720247
276,62039.011722,722865
277,62039.011722,725481
278,62039.011722,728099
279,62039.011722,730722
280,62039.011722,733336
281,62039.011722,735957
282,62039.011722,738575
283,62039.011722,741195
284,62039.011722,743814
285,62039.011722,746426
286,62039.011722,749045
287,62039.011722,751665
288,62039.011722,754286
289,62039.011722,756897
290,62039.011722,759515
291,62039.011722,762134
292,62039.011722,764751
293,62039.011722,767368
294,62039.011722,769987
295,62039.011722,772610
296,62039.011722,775231
297,62039.011722,777855
298,62039.011722,780479
299,62039.011722,783100
300,62039.011722,785722
301,62039.011722,788342
302,62039.011722,790963
303,62037.820924,793582
304,62037.820924,796203
305,62037.820924,798824
306,62037.820924,801446
307,62037.820924,804066
308,62037.820924,806690
309,62037.820924,809313
62037.820924,4.556817
1,62039.011722,2376
2,62039.011722,5002
3,62039.011722,7625
4,62039.011722,10250
5,62039.011722,12870
6,62039.011722,15496
7,62039.011722,18118
8,62039.011722,20741
9,62039.011722,23363
10,62039.011722,25981
11,62039.011722,28602
12,62039.011722,31224
13,62039.011722,33844
14,62039.011722,36469
15,62039.011722,39092
16,62039.011722,41711
17,62039.011722,44329
18,62039.011722,46951
19,62039.011722,49575
20,62039.011722,52197
21,62039.011722,54817
22,62039.011722,57442
23,62039.011722,60065
24,62039.011722,62687
25,62039.011722,65307
26,62039.011722,67930
27,62039.011722,70550
28,62039.011722,73174
29,62039.011722,75793
30,62039.011722,78415
31,62039.011722,81040
32,62039.011722,83662
33,62039.011722,86283
34,62039.011722,88902
35,62039.011722,91521
36,62039.011722,94142
37,62039.011722,96764
38,62039.011722,99382
39,62039.011722,101997
40,62039.011722,104612
41,62039.011722,107236
42,62039.011722,109856
43,62039.011722,112471
44,62039.011722,115095
45,62039.011722,117719
46,62039.011722,120343
47,62039.011722,122961
48,62039.011722,125583
49,62039.011722,128200
50,62039.011722,130824
51,62039.011722,133447
52,62039.011722,136064
53,62039.011722,138688
54,62039.011722,141301
55,62039.011722,143920
56,62039.011722,146541
57,62039.011722,149162
58,62039.011722,151781
59,62039.011722,154400
60,62039.011722,157021
61,62039.011722,159641
62,62039.011722,162256
63,62039.011722,164878
64,62039.011722,167502
65,62039.011722,170119
66,62039.011722,172737
67,62039.011722,175359
68,62039.011722,177979
69,62039.011722,180598
70,62039.011722,183215
71,62039.011722,185836
72,62039.011722,188457
73,62039.011722,191078
74,62039.011722,193701
75,62039.011722,196318
76,62039.011722,198939
77,62039.011722,201560
78,62039.011722,204184
79,62039.011722,206809
80,62039.011722,209433
81,62039.011722,212058
82,62039.011722,214683
83,62039.011722,217306
84,62039.011722,219930
85,62039.011722,222551
86,62039.011722,225173
87,62039.011722,227798
88,62039.011722,230420
89,62039.011722,233041
90,62039.011722,235664
91,62039.011722,238280
92,62039.011722,240895
93,62039.011722,243515
94,62039.011722,246137
95,62039.011722,248755
96,62039.011722,251376
97,62039.011722,253993
98,62039.011722,256605
99,62039.011722,259218
100,62039.011722,261836
101,62039.011722,264455
102,62039.011722,267076
103,62039.011722,269694
104,62039.011722,272314
105,62039.011722,274932
106,62039.011722,277554
107,62039.011722,280175
108,62039.011722,282799
109,62039.011722,285422
110,62039.011722,288039
111,62039.011722,290660
112,62039.011722,293279
113,62039.011722,295900
114,62039.011722,298518
115,62039.011722,301138
116,62039.011722,303758
117,62039.011722,306381
118,62039.011722,309004
119,62039.011722,311627
120,62039.011722,314249
121,62039.011722,316868
122,62039.011722,319484
123,62039.011722,322105
124,62039.011722,324723
125,62039.011722,327342
126,62039.011722,329962
127,62039.011722,332577
128,62039.011722,335194
129,62039.011722,337809
130,62039.011722,340426
131,62039.011722,343047
132,62039.011722,345664
133,62039.011722,348278
134,62039.011722,350897
135,62039.011722,353518
136,62039.011722,356139
137,62039.011722,358756
138,62039.011722,361375
139,62039.011722,363997
140,62039.011722,366615
141,62039.011722,369236
142,62039.011722,371855
143,62039.011722,374470
144,62039.011722,377090
145,62039.011722,379708
146,62039.011722,382331
147,62039.011722,384948
148,62039.011722,387562
149,62039.011722,390183
150,62039.011722,392807
151,62039.011722,395430
152,62039.011722,398055
153,62039.011722,400678
154,62039.011722,403299
155,62039.011722,405919
156,62039.011722,408542
157,62039.011722,411163
158,62039.011722,413786
159,62039.011722,416411
160,62039.011722,419036
161,62039.011722,421658
162,62039.011722,424278
163,62039.011722,426901
164,62039.011722,429523
165,62039.011722,432143
166,62039.011722,434764
167,62039.011722,437383
168,62039.011722,440004
169,62039.011722,442628
170,62039.011722,445252
171,62039.011722,447873
172,62039.011722,450494
173,62039.011722,453117
174,62039.011722,455733
175,62039.011722,458354
176,62039.011722,460977
177,62039.011722,463601
178,62039.011722,466225
179,62039.011722,468849
180,62039.011722,471474
181,62039.011722,474095
182,62039.011722,476717
183,62039.011722,479338
184,62039.011722,481961
185,62039.011722,484580
186,62039.011722,487203
187,62039.011722,489821
188,62039.011722,492446
189,62039.011722,495067
190,62039.011722,497687
191,62039.011722,500310
192,62039.011722,502935
193,62039.011722,505558
194,62039.011722,508182
195,62039.011722,510806
196,62039.011722,513425
197,62039.011722,516038
198,62039.011722,518660
199,62039.011722,521278
200,62039.011722,523896
201,62039.011722,526516
202,62039.011722,529136
203,62039.011722,531757
204,62039.011722,534378
205,62039.011722,536998
206,62039.011722,539618
207,62039.011722,542234
208,62039.011722,544855
209,62039.011722,547475
210,62039.011722,550085
211,62039.011722,552702
212,62039.011722,555321
213,62039.011722,557937
214,62039.011722,560556
215,62039.011722,563175
216,62039.011722,565793
217,62039.011722,568409
218,62039.011722,571027
219,62039.011722,573652
220,62039.011722,576276
221,62039.011722,578897
222,62039.011722,581517
223,62039.011722,584137
224,62039.011722,586761
225,62039.011722,589387
226,62039.011722,592012
227,62039.011722,594634
228,62039.011722,597255
229,62039.011722,599877
230,62039.011722,602499
231,62039.011722,605119
232,62039.011722,607736
233,62039.011722,610362
234,62039.011722,612986
235,62039.011722,615610
236,62039.011722,618232
237,62039.011722,620849
238,62039.011722,623467
239,62039.011722,626086
240,62039.011722,628704
241,62039.011722,631324
242,62039.011722,633943
243,62039.011722,636562
244,62039.011722,639183
245,62039.011722,641805
246,62039.011722,644426
247,62039.011722,647048
248,62039.011722,649671
249,62039.011722,652288
250,62039.011722,654911
251,62039.011722,657533
252,62039.011722,660156
253,62039.011722,662775
254,62039.011722,665392
255,62039.011722,668013
256,62039.011722,670635
257,62039.011722,673256
258,62039.011722,675878
259,62039.011722,678494
260,62039.011722,681112
261,62039.011722,683736
262,62039.011722,686361
263,62039.011722,688979
264,62039.011722,691598
265,62039.011722,694216
266,62039.011722,696839
267,62039.011722,699460
268,62039.011722,702084
269,62039.011722,704705
270,62039.011722,707324
271,62039.011722,709947
272,62039.011722,712567
273,62039.011722,715191
274,62039.011722,717813
275,62039.011722,720439
276,62039.011722,723063
277,62039.011722,725679
278,62039.011722,728300
279,62039.011722,730921
280,62039.011722,733545
281,62039.011722,736168
282,62039.011722,738789
283,62039.011722,741410
284,62039.011722,744032
285,62039.011722,746656
286,62039.011722,749275
287,62039.011722,751899
288,62039.011722,754519
289,62039.011722,757138
290,62039.011722,759762
291,62039.011722,762385
292,62039.011722,765009
293,62039.011722,767632
294,62039.011722,770252
295,62039.011722,772877
296,62039.011722,775498
297,62039.011722,778121
298,62039.011722,780738
299,62039.011722,783357
300,62039.011722,785977
301,62039.011722,788595
302,62039.011722,791217
303,62039.011722,793837
304,62039.011722,796461
305,62039.011722,799083
306,62039.011722,801707
307,62039.011722,804329
308,62039.011722,806953
309,62039.011722,809571
62039.011722,4.485506
1,62042.444093,2376
2,62038.289660,5006
3,62037.748655,7637
4,62037.748655,10267
5,62037.748655,12899
6,62037.748655,15529
7,62037.748655,18157
8,62037.748655,20787
9,62037.748655,23418
10,62037.748655,26044
11,62037.748655,28675
12,62037.748655,31305
13,62037.748655,33927
14,62037.748655,36556
15,62037.748655,39184
16,62037.748655,41814
17,62037.748655,44444
18,62037.748655,47072
19,62037.748655,49704
20,62037.748655,52330
21,62037.748655,54960
22,62037.748655,57591
23,62037.748655,60219
24,62037.748655,62847
25,62037.748655,65471
26,62037.748655,68101
27,62037.748655,70723
28,62037.748655,73355
29,62037.748655,75983
30,62037.748655,78612
31,62037.748655,81241
32,62037.748655,83865
33,62037.748655,86494
34,62037.748655,89125
35,62037.748655,91754
36,62037.748655,94385
37,62037.748655,97012
38,62037.748655,99643
39,62037.748655,102272
40,62037.748655,104904
41,62037.748655,107533
42,62037.748655,110164
43,62037.748655,112792
44,62037.748655,115424
45,62037.748655,118053
46,62037.748655,120682
47,62037.748655,123311
48,62037.748655,125937
49,62037.748655,128566
50,62037.748655,131194
51,62037.748655,133819
52,62037.748655,136448
53,62037.748655,139074
54,62037.748655,141702
55,62037.748655,144322
56,62037.748655,146947
57,62037.748655,149573
58,62037.748655,152199
59,62037.748655,154819
60,62037.748655,157447
61,62037.748655,160072
62,62037.748655,162701
63,62037.748655,165321
64,62037.748655,167947
65,62037.748655,170571
66,62037.748655,173199
67,62037.748655,175828
68,62037.748655,178449
69,62037.748655,181080
70,62037.748655,183705
71,62037.748655,186331
72,62037.748655,188959
73,62037.748655,191581
74,62037.748655,194211
75,62037.748655,196831
76,62037.748655,199459
77,62037.748655,202087
78,62037.748655,204715
79,62037.748655,207343
80,62037.748655,209970
81,62037.748655,212600
82,62037.748655,215230
83,62037.659026,217855
84,62037.659026,220479
85,62037.659026,223094
86,62037.659026,225722
87,62037.659026,228341
88,62037.659026,230961
89,62037.659026,233588
90,62037.659026,236215
91,62037.659026,238840
92,62037.659026,241465
93,62037.659026,244096
94,62037.659026,246722
95,62037.659026,249346
96,62037.659026,251971
97,62037.659026,254595
98,62037.659026,257222
99,62037.659026,259846
100,62037.659026,262472
101,62037.659026,265099
102,62037.659026,267723
103,62037.659026,270351
104,62037.659026,272978
105,62037.659026,275599
106,62037.659026,278228
107,62037.659026,280854
108,62037.659026,283478
109,62037.659026,286107
110,62037.659026,288733
111,62037.659026,291359
112,62037.659026,293985
113,62037.659026,296615
114,62037.659026,299243
115,62037.659026,301871
116,62037.659026,304496
117,62037.659026,307119
118,62037.659026,309746
119,62037.659026,312370
120,62037.659026,314999
121,62037.659026,317623
122,62037.659026,320250
123,62037.659026,322871
124,62037.659026,325495
125,62037.659026,328123
126,62037.659026,330747
127,62037.659026,333372
128,62037.659026,335996
129,62037.659026,338625
130,62037.659026,341251
131,62037.659026,343876
132,62037.659026,346504
133,62037.659026,349131
134,62037.659026,351763
135,62037.659026,354389
136,62037.659026,357019
137,62037.659026,359642
138,62037.659026,362266
139,62037.659026,364892
140,62037.659026,367519
141,62037.659026,370148
142,62037.659026,372780
143,62037.659026,375409
144,62037.659026,378039
145,62037.659026,380668
146,62037.659026,383297
147,62037.659026,385925
148,62037.659026,388555
149,62037.659026,391173
150,62037.659026,393796
151,62037.659026,396421
152,62037.659026,399051
153,62037.659026,401680
154,62037.659026,404304
155,62037.659026,406932
156,62037.659026,409559
157,62037.659026,412186
158,62037.659026,414807
159,62037.659026,417432
160,62037.659026,420058
161,62037.659026,422685
162,62037.659026,425312
163,62037.659026,427936
164,62037.659026,430565
165,62037.659026,433191
166,62037.659026,435819
167,62037.659026,438447
168,62037.659026,441072
169,62037.659026,443701
170,62037.659026,446328
171,62037.659026,448953
172,62037.659026,451580
173,62037.659026,454206
174,62037.659026,456823
175,62037.659026,459446
176,62037.659026,462073
177,62037.659026,464703
178,62037.659026,467330
179,62037.659026,469954
180,62037.659026,472585
181,62037.659026,475213
182,62037.659026,477843
183,62037.659026,480470
184,62037.659026,483098
185,62037.659026,485727
186,62037.659026,488355
187,62037.659026,490984
188,62037.659026,493611
189,62037.659026,496237
190,62037.659026,498862
191,62037.659026,501490
192,62037.659026,504120
193,62037.659026,506744
194,62037.659026,509366
195,62037.659026,511990
196,62037.659026,514611
197,62037.659026,517238
198,62037.659026,519862
199,62037.659026,522493
200,62037.659026,525121
201,62037.659026,527748
202,62037.659026,530371
203,62037.659026,532999
204,62037.659026,535625
205,62037.659026,538252
206,62037.659026,540875
207,62037.659026,543503
208,62037.659026,546126
209,62037.659026,548749
210,62037.659026,551374
211,62037.659026,553994
212,62037.659026,556618
213,62037.659026,559245
214,62037.659026,561867
215,62037.659026,564492
216,62037.659026,567113
217,62037.659026,569739
218,62037.659026,572361
219,62037.659026,574985
220,62037.574353,577609
221,62037.574353,580238
222,62037.574353,582864
223,62037.574353,585491
224,62037.574353,588111
225,62037.574353,590731
226,62037.574353,593355
227,62037.574353,595981
228,62037.574353,598610
229,62037.574353,601238
230,62037.574353,603862
231,62037.574353,606487
232,62037.574353,609114
233,62037.574353,611742
234,62037.574353,614372
235,62037.574353,616998
236,62037.574353,619621
237,62037.574353,622249
238,62037.574353,624877
239,62037.574353,627503
240,62037.574353,630133
241,62037.574353,632753
242,62037.574353,635376
243,62037.574353,638001
244,62037.574353,640624
245,62037.574353,643249
246,62037.574353,645876
247,62037.574353,648502
248,62037.574353,651129
249,62037.574353,653759
250,62037.574353,656383
251,62037.574353,659012
252,62037.574353,661644
253,62037.574353,664274
254,62037.574353,666899
255,62037.574353,669528
256,62037.574353,672155
257,62037.574353,674784
258,62037.574353,677406
259,62037.574353,680032
260,62037.574353,682662
261,62037.574353,685290
262,62037.574353,687920
263,62037.574353,690549
264,62037.574353,693177
265,62037.574353,695807
266,62037.574353,698436
267,62037.574353,701065
268,62037.574353,703690
269,62037.574353,706320
270,62037.574353,708948
271,62037.574353,711575
272,62037.574353,714203
273,62037.574353,716828
274,62037.574353,719455
275,62037.574353,722081
276,62037.574353,724712
277,62037.574353,727342
278,62037.574353,729968
279,62037.574353,732595
280,62037.574353,735222
281,62037.574353,737848
282,62037.574353,740474
283,62037.574353,743100
284,62037.574353,745725
285,62037.574353,748356
286,62037.574353,750986
287,62037.574353,753613
288,62037.574353,756240
289,62037.574353,758868
290,62037.574353,761488
291,62037.574353,764110
292,62037.574353,766736
293,62037.574353,769365
294,62037.574353,771992
295,62037.574353,774620
296,62037.574353,777246
297,62037.574353,779872
298,62037.574353,782502
299,62037.574353,785129
300,62037.574353,787756
301,62037.574353,790384
302,62037.574353,793011
303,62037.574353,795633
304,62037.574353,798258
305,62037.574353,800887
306,62037.574353,803514
307,62037.574353,806142
308,62037.574353,808770
309,62037.574353,811398
62037.574353,4.669102
1,62042.022752,2376
2,62039.011722,5034
3,62039.011722,7693
4,62039.011722,10350
5,62039.011722,13007
6,62039.011722,15665
7,62039.011722,18324
8,62039.011722,20979
9,62039.011722,23632
10,62039.011722,26290
11,62039.011722,28946
12,62039.011722,31602
13,62039.011722,34257
14,62039.011722,36914
15,62039.011722,39569
16,62039.011722,42223
17,62039.011722,44879
18,62039.011722,47530
19,62039.011722,50187
20,62039.011722,52836
21,62039.011722,55487
22,62039.011722,58143
23,62039.011722,60798
24,62039.011722,63450
25,62039.011722,66103
26,62039.011722,68757
27,62039.011722,71411
28,62039.011722,74067
29,62039.011722,76722
30,62039.011722,79377
31,62039.011722,82033
32,62039.011722,84689
33,62039.011722,87342
34,62039.011722,89992
35,62039.011722,92644
36,62039.011722,95299
37,62039.011722,97954
38,62039.011722,100608
39,62039.011722,103260
40,62039.011722,105912
41,62039.011722,108563
42,62039.011722,111217
43,62039.011722,113876
44,62039.011722,116530
45,62039.011722,119182
46,62039.011722,121833
47,62039.011722,124490
48,62039.011722,127140
49,62039.011722,129795
50,62039.011722,132447
51,62039.011722,135096
52,62039.011722,137752
53,62039.011722,140407
54,62039.011722,143063
55,62039.011722,145716
56,62039.011722,148370
57,62039.011722,151026
58,62039.011722,153684
59,62039.011722,156342
60,62039.011722,158996
61,62039.011722,161653
62,62039.011722,164311
63,62039.011722,166962
64,62039.011722,169618
65,62039.011722,172271
66,62039.011722,174928
67,62039.011722,177580
68,62039.011722,180238
69,62039.011722,182894
70,62039.011722,185544
71,62039.011722,188198
72,62039.011722,190851
73,62039.011722,193500
74,62039.011722,196150
75,62039.011722,198804
76,62039.011722,201453
77,62039.011722,204107
78,62039.011722,206757
79,62039.011722,209410
80,62039.011722,212060
81,62039.011722,214709
82,62039.011722,217365
83,62039.011722,220019
84,62039.011722,222673
85,62039.011722,225329
86,62039.011722,227985
87,62039.011722,230644
88,62039.011722,233299
89,62038.592434,235957
90,62038.592434,238612
91,62038.592434,241262
92,62038.592434,243918
93,62038.592434,246566
94,62038.592434,249221
95,62038.592434,251880
96,62038.592434,254537
97,62038.592434,257191
98,62038.592434,259846
99,62038.592434,262503
100,62038.592434,265159
101,62038.592434,267812
102,62038.592434,270463
103,62038.592434,273114
104,62038.592434,275764
105,62038.592434,278417
106,62038.592434,281076
107,62038.592434,283734
108,62038.592434,286386
109,62038.592434,289036
110,62038.592434,291690
111,62038.592434,294346
112,62038.592434,297003
113,62038.592434,299656
114,62038.592434,302311
115,62038.592434,304964
116,62038.592434,307605
117,62038.592434,310261
118,62038.592434,312914
119,62038.592434,315569
120,62038.592434,318224
121,62038.592434,320882
122,62038.592434,323536
123,62038.592434,326191
124,62038.592434,328843
125,62038.592434,331499
126,62038.592434,334152
127,62038.592434,336806
128,62038.592434,339459
129,62038.592434,342114
130,62038.592434,344769
131,62038.592434,347424
132,62038.592434,350077
133,62038.592434,352735
134,62038.592434,355386
135,62038.592434,358038
136,62038.592434,360691
137,62038.592434,363339
138,62038.592434,365995
139,62038.592434,368648
140,62038.592434,371305
141,62038.592434,373960
142,62038.592434,376616
143,62038.592434,379266
144,62038.592434,381924
145,62038.592434,384577
146,62038.592434,387234
147,62038.592434,389885
148,62038.592434,392537
149,62038.592434,395190
150,62038.592434,397842
151,62038.592434,400494
152,62038.592434,403149
153,62038.592434,405804
154,62038.592434,408458
155,62038.592434,411113
156,62038.592434,413769
157,62038.592434,416416
158,62038.592434,419072
159,62038.592434,421727
160,62038.592434,424384
161,62038.592434,427035
162,62038.592434,429687
163,62038.592434,432345
164,62038.592434,434993
165,62038.592434,437647
166,62038.592434,440302
167,62038.592434,442953
168,62038.592434,445604
169,62038.592434,448256
170,62038.592434,450913
171,62038.592434,453565
172,62038.592434,456210
173,62038.592434,458862
174,62038.592434,461512
175,62038.592434,464160
176,62038.592434,466817
177,62038.592434,469470
178,62038.592434,472123
179,62038.592434,474769
180,62038.592434,477425
181,62038.592434,480077
182,62038.592434,482733
183,62038.592434,485384
184,62038.592434,488034
185,62038.592434,490684
186,62038.592434,493341
187,62038.592434,495997
188,62038.592434,498651
189,62038.592434,501303
190,62038.592434,503962
191,62038.592434,506611
192,62038.592434,509266
193,62038.592434,511921
194,62038.592434,514578
195,62038.592434,517232
196,62038.592434,519888
197,62038.592434,522535
198,62038.592434,525184
199,62038.592434,527836
200,62038.592434,530482
201,62038.592434,533134
202,62038.592434,535786
203,62038.592434,538436
204,62038.592434,541091
205,62038.592434,543740
206,62038.592434,546395
207,62038.592434,549048
208,62038.592434,551705
209,62038.592434,554355
210,62038.592434,557009
211,62038.592434,559664
212,62038.592434,562315
213,62038.592434,564962
214,62038.592434,567615
215,62038.592434,570262
216,62038.592434,572914
217,62038.592434,575559
218,62038.592434,578215
219,62038.592434,580862
220,62038.592434,583513
221,62038.592434,586171
222,62038.592434,588821
223,62038.592434,591472
224,62038.592434,594129
225,62038.592434,596777
226,62038.592434,599432
227,62038.592434,602083
228,62038.592434,604739
229,62038.592434,607390
230,62038.592434,610047
231,62038.592434,612701
232,62038.592434,615355
233,62038.592434,618006
234,62038.592434,620661
235,62038.592434,623316
236,62038.592434,625975
237,62038.592434,628630
238,62038.592434,631283
239,62038.592434,633937
240,62038.592434,636595
241,62038.592434,639249
242,62038.592434,641904
243,62038.592434,644550
244,62038.592434,647202
245,62038.592434,649857
246,62038.592434,652510
247,62038.592434,655164
248,62038.592434,657819
249,62038.592434,660468
250,62038.592434,663124
251,62038.592434,665777
252,62038.592434,668432
253,62038.592434,671086
254,62038.592434,673736
255,62038.592434,676387
256,62038.592434,679029
257,62038.592434,681680
258,62038.592434,684332
259,62038.592434,686981
260,62038.592434,689632
261,62038.592434,692287
262,62038.592434,694939
263,62038.592434,697589
264,62038.592434,700240
265,62038.592434,702892
266,62038.592434,705541
267,62038.592434,708190
268,62038.592434,710839
269,62038.592434,713493
270,62038.592434,716146
271,62038.592434,718797
272,62038.592434,721449
273,62038.592434,724098
274,62038.592434,726752
275,62038.592434,729401
276,62038.592434,732051
277,62038.592434,734704
278,62038.592434,737355
279,62038.592434,740010
280,62038.592434,742659
281,62038.592434,745308
282,62038.592434,747956
283,62038.592434,750614
284,62038.592434,753271
285,62038.592434,755924
286,62038.592434,758579
287,62038.592434,761231
288,62038.592434,763887
289,62038.592434,766543
290,62038.592434,769194
291,62038.592434,771844
292,62038.592434,774497
293,62038.592434,777147
294,62038.592434,779801
295,62038.592434,782456
296,62038.592434,785113
297,62038.592434,787766
298,62038.592434,790424
299,62038.592434,793080
300,62038.592434,795736
301,62038.592434,798391
302,62038.592434,801042
303,62038.592434,803692
304,62038.592434,806347
305,62038.592434,809002
306,62038.592434,811656
62038.592434,4.526843
