1,20382.486190,2376
2,20381.760879,5038
3,20381.243536,7702
4,20381.243536,10366
5,20381.243536,13028
6,20381.243536,15689
7,20381.243536,18345
8,20381.243536,21006
9,20380.658900,23665
10,20380.658900,26324
11,20380.658900,28981
12,20380.658900,31631
13,20380.103819,34281
14,20380.103819,36939
15,20380.103819,39594
16,20380.103819,42249
17,20380.103819,44910
18,20380.103819,47563
19,20380.071649,50218
20,20380.071649,52879
21,20380.071649,55536
22,20380.071649,58192
23,20380.071649,60851
24,20380.071649,63507
25,20380.071649,66164
26,20380.071649,68816
27,20379.208918,71467
28,20379.208918,74125
29,20379.208918,76780
30,20379.208918,79427
31,20379.208918,82080
32,20379.208918,84737
33,20379.208918,87387
34,20379.208918,90018
35,20379.208918,92648
36,20379.208918,95275
37,20379.208918,97907
38,20379.208918,100534
39,20379.208918,103187
40,20379.208918,105831
41,20379.208918,108468
42,20379.208918,111113
43,20379.208918,113765
44,20379.208918,116405
45,20379.208918,119040
46,20379.208918,121690
47,20379.208918,124334
48,20379.208918,126981
49,20379.208918,129616
50,20379.208918,132274
51,20379.208918,134927
52,20379.208918,137584
53,20379.208918,140240
54,20379.208918,142894
55,20379.208918,145541
56,20379.208918,148170
57,20379.208918,150826
58,20379.208918,153453
59,20379.208918,156091
60,20379.208918,158723
61,20379.208918,161362
62,20379.208918,163991
63,20379.208918,166644
64,20379.208918,169290
65,20379.208918,171936
66,20379.208918,174576
67,20379.208918,177216
68,20379.208918,179858
69,20379.208918,182504
70,20379.208918,185146
71,20379.208918,187774
72,20379.208918,190397
73,20379.208918,193036
74,20379.208918,195672
75,20379.208918,198300
76,20379.208918,200921
77,20379.208918,203535
78,20379.208918,206162
79,20379.208918,208797
80,20379.208918,211446
81,20379.208918,214083
82,20379.208918,216729
83,20379.208918,219371
84,20379.208918,222001
85,20379.208918,224630
86,20379.208918,227254
87,20379.208918,229880
88,20379.208918,232492
89,20379.208918,235125
90,20379.208918,237762
91,20379.208918,240402
92,20379.208918,243037
93,20379.208918,245678
94,20379.208918,248321
95,20379.208918,250960
96,20379.208918,253591
97,20379.208918,256225
98,20379.208918,258867
99,20379.208918,261496
100,20379.208918,264121
101,20379.208918,266744
102,20379.208918,269368
103,20379.208918,271986
104,20379.208918,274606
105,20379.208918,277219
106,20379.208918,279845
107,20379.208918,282472
108,20379.208918,285102
109,20379.208918,287722
110,20379.208918,290349
111,20379.208918,292987
112,20379.208918,295621
113,20379.208918,298250
114,20379.208918,300867
115,20379.208918,303487
116,20379.208918,306129
117,20379.208918,308768
118,20379.208918,311417
119,20379.208918,314048
120,20379.208918,316682
121,20379.208918,319315
122,20379.208918,321946
123,20379.208918,324580
124,20379.208918,327222
125,20379.208918,329860
126,20379.208918,332495
127,20379.208918,335120
128,20379.208918,337752
129,20379.208918,340378
130,20379.208918,342998
131,20379.208918,345617
132,20379.208918,348235
133,20379.208918,350872
134,20379.208918,353499
135,20379.208918,356129
136,20379.208918,358763
137,20379.208918,361386
138,20379.208918,364016
139,20379.208918,366661
140,20379.208918,369288
141,20379.208918,371907
142,20379.208918,374535
143,20379.208918,377157
144,20379.208918,379760
145,20379.208918,382379
146,20379.208918,384994
147,20379.208918,387607
148,20379.208918,390215
149,20379.208918,392811
150,20379.208918,395421
151,20379.208918,398026
152,20379.208918,400637
153,20379.208918,403245
154,20379.208918,405862
155,20379.208918,408477
156,20379.208918,411094
157,20379.208918,413723
158,20379.208918,416346
159,20379.208918,418977
160,20379.208918,421621
161,20379.208918,424256
162,20379.208918,426893
163,20379.208918,429506
164,20379.208918,432111
165,20379.208918,434722
166,20379.208918,437331
167,20379.208918,439948
168,20379.208918,442550
169,20379.208918,445162
170,20379.208918,447779
171,20379.208918,450386
172,20379.208918,453004
173,20379.208918,455606
174,20379.208918,458226
175,20379.208918,460844
176,20379.208918,463466
177,20379.208918,466090
178,20379.208918,468708
179,20379.208918,471331
180,20379.208918,473964
181,20379.208918,476586
182,20379.208918,479218
183,20379.208918,481842
184,20379.208918,484455
185,20379.208918,487076
186,20379.208918,489692
187,20379.208918,492311
188,20379.208918,494942
189,20379.208918,497565
190,20379.208918,500186
191,20379.208918,502796
192,20379.208918,505394
193,20379.208918,508008
194,20379.208918,510632
195,20379.208918,513234
196,20379.208918,515854
197,20379.208918,518472
198,20379.208918,521106
199,20379.208918,523725
200,20379.208918,526352
201,20379.208918,528972
202,20379.208918,531589
203,20379.208918,534203
204,20379.208918,536814
205,20379.208918,539440
206,20379.208918,542079
207,20379.208918,544704
208,20379.208918,547328
209,20379.208918,549950
210,20379.208918,552568
211,20379.208918,555174
212,20379.208918,557795
213,20379.208918,560412
214,20379.208918,563034
215,20379.208918,565662
216,20379.208918,568275
217,20379.208918,570911
218,20379.208918,573523
219,20379.208918,576158
220,20379.208918,578782
221,20379.208918,581405
222,20379.208918,584031
223,20379.208918,586653
224,20379.208918,589283
225,20379.208918,591898
226,20379.208918,594533
227,20379.208918,597163
228,20379.208918,599792
229,20379.208918,602428
230,20379.208918,605065
231,20379.208918,607714
232,20379.208918,610349
233,20379.208918,612982
234,20379.208918,615609
235,20379.208918,618245
236,20379.208918,620875
237,20379.208918,623516
238,20379.208918,626149
239,20379.208918,628782
240,20379.208918,631403
241,20379.208918,634019
242,20379.208918,636645
243,20379.208918,639263
244,20379.208918,641874
245,20379.208918,644483
246,20379.208918,647098
247,20379.208918,649724
248,20379.208918,652353
249,20379.208918,654989
250,20379.208918,657606
251,20379.208918,660244
252,20379.208918,662877
253,20379.208918,665519
254,20379.208918,668159
255,20379.208918,670783
256,20379.208918,673409
257,20379.208918,676043
258,20379.208918,678688
259,20379.208918,681331
260,20379.208918,683969
261,20379.208918,686599
262,20379.208918,689221
263,20379.208918,691861
264,20379.208918,694495
265,20379.208918,697134
266,20379.208918,699777
267,20379.208918,702413
268,20379.208918,705063
269,20379.208918,707703
270,20379.208918,710354
271,20379.208918,713001
272,20379.208918,715636
273,20379.208918,718272
274,20379.208918,720910
275,20379.208918,723548
276,20379.208918,726165
277,20379.208918,728783
278,20379.208918,731400
20379.208918,5.078323
1,20383.290915,2376
2,20383.086257,5014
3,20382.030646,7651
4,20382.030646,10287
5,20382.030646,12925
6,20381.610164,15559
7,20381.610164,18192
8,20380.103819,20830
9,20379.851605,23458
10,20379.851605,26091
11,20379.733593,28720
12,20379.733593,31349
13,20379.733593,33985
14,20379.733593,36622
15,20379.733593,39251
16,20379.070783,41887
17,20379.070783,44518
18,20379.070783,47153
19,20379.070783,49789
20,20379.070783,52423
21,20379.070783,55062
22,20379.070783,57696
23,20379.070783,60332
24,20379.070783,62963
25,20379.070783,65599
26,20379.070783,68229
27,20379.070783,70855
28,20379.070783,73491
29,20379.070783,76124
30,20379.070783,78754
31,20379.070783,81387
32,20379.070783,84021
33,20379.070783,86646
34,20379.070783,89266
35,20379.070783,91890
36,20379.070783,94513
37,20379.070783,97143
38,20379.070783,99767
39,20379.070783,102398
40,20379.070783,105024
41,20379.070783,107654
42,20379.070783,110276
43,20379.070783,112900
44,20379.070783,115535
45,20379.070783,118159
46,20379.070783,120787
47,20379.070783,123419
48,20379.070783,126047
49,20379.070783,128662
50,20379.070783,131286
51,20379.070783,133915
52,20379.070783,136542
53,20379.070783,139171
54,20379.070783,141788
55,20379.070783,144412
56,20379.070783,147040
57,20379.070783,149654
58,20379.070783,152267
59,20379.070783,154885
60,20379.070783,157499
61,20379.070783,160117
62,20379.070783,162722
63,20379.070783,165332
64,20379.070783,167934
65,20379.070783,170550
66,20379.070783,173166
67,20379.070783,175780
68,20379.070783,178398
69,20379.070783,181019
70,20379.070783,183620
71,20379.070783,186227
72,20379.070783,188835
73,20379.070783,191442
74,20379.070783,194052
75,20379.070783,196665
76,20379.070783,199273
77,20379.070783,201870
78,20379.070783,204481
79,20379.070783,207080
80,20379.070783,209700
81,20379.070783,212310
82,20379.070783,214899
83,20379.070783,217488
84,20379.070783,220071
85,20379.070783,222670
86,20379.070783,225259
87,20379.070783,227855
88,20379.070783,230444
89,20379.070783,233034
90,20379.070783,235621
91,20379.070783,238220
92,20379.070783,240812
93,20379.070783,243397
94,20379.070783,245972
95,20379.070783,248558
96,20379.070783,251155
97,20379.070783,253748
98,20379.070783,256342
99,20379.070783,258938
100,20379.070783,261521
101,20379.070783,264110
102,20379.070783,266708
103,20379.070783,269312
104,20379.070783,271910
105,20379.070783,274520
106,20379.070783,277121
107,20379.070783,279714
108,20379.070783,282307
109,20379.070783,284897
110,20379.070783,287475
111,20379.070783,290054
112,20379.070783,292636
113,20379.070783,295216
114,20379.070783,297799
115,20379.070783,300384
116,20379.070783,302966
117,20379.070783,305561
118,20379.070783,308156
119,20379.070783,310759
120,20379.070783,313355
121,20379.070783,315943
122,20379.070783,318550
123,20379.070783,321150
124,20379.070783,323751
125,20379.070783,326359
126,20379.070783,328961
127,20379.070783,331554
128,20379.070783,334156
129,20379.070783,336755
130,20379.070783,339349
131,20379.070783,341934
132,20379.070783,344525
133,20379.070783,347124
134,20379.070783,349711
135,20379.070783,352303
136,20379.070783,354905
137,20379.070783,357509
138,20379.070783,360099
139,20379.070783,362691
140,20379.070783,365277
141,20379.070783,367848
142,20379.070783,370442
143,20379.070783,373042
144,20379.070783,375648
145,20379.070783,378254
146,20379.070783,380870
147,20379.070783,383481
148,20379.070783,386091
149,20379.070783,388695
150,20379.070783,391297
151,20379.070783,393907
152,20379.070783,396513
153,20379.070783,399121
154,20379.070783,401730
155,20379.070783,404317
156,20379.070783,406919
157,20379.070783,409523
158,20379.070783,412126
159,20379.070783,414737
160,20379.070783,417341
161,20379.070783,419956
162,20379.070783,422566
163,20379.070783,425178
164,20379.070783,427794
165,20379.070783,430405
166,20379.070783,433015
167,20379.070783,435632
168,20379.070783,438240
169,20379.070783,440847
170,20379.070783,443464
171,20379.070783,446076
172,20379.070783,448691
173,20379.070783,451301
174,20379.070783,453918
175,20379.070783,456524
176,20379.070783,459134
177,20379.070783,461731
178,20379.070783,464333
179,20379.070783,466944
180,20379.070783,469532
181,20379.070783,472131
182,20379.070783,474733
183,20379.070783,477339
184,20379.070783,479945
185,20379.070783,482552
186,20379.070783,485161
187,20379.070783,487772
188,20379.070783,490377
189,20379.070783,492994
190,20379.070783,495603
191,20379.070783,498204
192,20379.070783,500807
193,20379.070783,503411
194,20379.070783,505996
195,20379.070783,508605
196,20379.070783,511195
197,20379.070783,513803
198,20379.070783,516406
199,20379.070783,519007
200,20379.070783,521608
201,20379.070783,524217
202,20379.070783,526809
203,20379.070783,529402
204,20379.070783,531998
205,20379.070783,534606
206,20379.070783,537213
207,20379.070783,539800
208,20379.070783,542386
209,20379.070783,544982
210,20379.070783,547578
211,20379.070783,550180
212,20379.070783,552771
213,20379.070783,555369
214,20379.070783,557963
215,20379.070783,560562
216,20379.070783,563151
217,20379.070783,565740
218,20379.070783,568327
219,20379.070783,570920
220,20379.070783,573522
221,20379.070783,576119
222,20379.070783,578714
223,20379.070783,581309
224,20379.070783,583903
225,20379.070783,586501
226,20379.070783,589101
227,20379.070783,591689
228,20379.070783,594280
229,20379.070783,596873
230,20379.070783,599476
231,20379.070783,602061
232,20379.070783,604663
233,20379.070783,607248
234,20379.070783,609836
235,20379.070783,612420
236,20379.070783,615013
237,20379.070783,617603
238,20379.070783,620205
239,20379.070783,622813
240,20379.070783,625418
241,20379.070783,628021
242,20379.070783,630620
243,20379.070783,633217
244,20379.070783,635811
245,20379.070783,638412
246,20379.070783,641010
247,20379.070783,643616
248,20379.070783,646207
249,20379.070783,648823
250,20379.070783,651427
251,20379.070783,654015
252,20379.070783,656608
253,20379.070783,659200
254,20379.070783,661793
255,20379.070783,664384
256,20379.070783,666969
257,20379.070783,669556
258,20379.070783,672171
259,20379.070783,674779
260,20379.070783,677377
261,20379.070783,679986
262,20379.070783,682588
263,20379.070783,685187
264,20379.070783,687794
265,20379.070783,690416
266,20379.070783,693034
267,20379.070783,695654
268,20379.070783,698271
269,20379.070783,700878
270,20379.070783,703487
271,20379.070783,706105
272,20379.070783,708724
273,20379.070783,711342
274,20379.070783,713953
275,20379.070783,716568
276,20379.070783,719187
277,20379.070783,721812
278,20379.070783,724416
279,20379.070783,727028
280,20379.070783,729632
281,20379.070783,732247
20379.070783,5.091571
1,20383.570460,2376
2,20383.570460,5030
3,20381.905552,7689
4,20381.905552,10347
5,20381.905552,13001
6,20381.905552,15656
7,20381.905552,18314
8,20381.905552,20970
9,20381.905552,23623
10,20381.905552,26273
11,20381.905552,28929
12,20380.123747,31581
13,20380.123747,34235
14,20379.737564,36890
15,20379.737564,39545
16,20379.737564,42199
17,20379.737564,44855
18,20379.737564,47510
19,20379.737564,50164
20,20379.737564,52802
21,20379.737564,55451
22,20379.737564,58096
23,20379.737564,60738
24,20379.737564,63380
25,20379.737564,66032
26,20379.737564,68678
27,20379.737564,71327
28,20379.737564,73978
29,20379.737564,76622
30,20379.737564,79264
31,20379.737564,81908
32,20379.737564,84553
33,20379.737564,87186
34,20379.737564,89827
35,20379.737564,92444
36,20379.737564,95077
37,20379.737564,97721
38,20379.737564,100357
39,20379.737564,102984
40,20379.737564,105611
41,20379.737564,108243
42,20379.737564,110876
43,20379.737564,113510
44,20379.737564,116127
45,20379.737564,118751
46,20379.737564,121363
47,20379.737564,123977
48,20379.737564,126596
49,20379.737564,129210
50,20379.737564,131827
51,20379.737564,134441
52,20379.737564,137063
53,20379.737564,139689
54,20379.737564,142314
55,20379.737564,144934
56,20379.737564,147556
57,20379.737564,150167
58,20379.737564,152786
59,20379.737564,155417
60,20379.737564,158020
61,20379.737564,160637
62,20379.737564,163258
63,20379.737564,165888
64,20379.737564,168504
65,20379.737564,171136
66,20379.737564,173758
67,20379.737564,176391
68,20379.737564,179010
69,20379.737564,181634
70,20379.737564,184252
71,20379.737564,186869
72,20379.737564,189478
73,20379.737564,192095
74,20379.737564,194714
75,20379.737564,197338
76,20379.737564,199954
77,20379.737564,202567
78,20379.737564,205181
79,20379.737564,207790
80,20379.737564,210403
81,20379.737564,213030
82,20379.737564,215656
83,20379.737564,218279
84,20379.737564,220892
85,20379.642218,223504
86,20379.440835,226124
87,20379.440835,228746
88,20379.440835,231366
89,20379.440835,233989
90,20379.440835,236611
91,20379.440835,239229
92,20379.440835,241841
93,20379.440835,244464
94,20379.440835,247087
95,20379.440835,249694
96,20379.440835,252306
97,20379.440835,254929
98,20379.440835,257557
99,20379.440835,260168
100,20379.440835,262792
101,20379.440835,265412
102,20379.440835,268033
103,20379.440835,270662
104,20379.440835,273285
105,20379.440835,275923
106,20379.440835,278572
107,20379.440835,281201
108,20379.440835,283840
109,20379.440835,286477
110,20379.440835,289102
111,20379.440835,291733
112,20379.440835,294362
113,20379.440835,296986
114,20379.440835,299601
115,20379.440835,302220
116,20379.440835,304832
117,20379.440835,307441
118,20379.440835,310061
119,20379.440835,312679
120,20379.440835,315295
121,20379.440835,317914
122,20379.440835,320529
123,20379.440835,323135
124,20379.440835,325735
125,20379.440835,328331
126,20379.440835,330925
127,20379.440835,333535
128,20379.440835,336144
129,20379.440835,338765
130,20379.440835,341402
131,20379.440835,344035
132,20379.440835,346659
133,20379.440835,349282
134,20379.440835,351916
135,20379.440835,354557
136,20379.440835,357186
137,20379.440835,359804
138,20379.440835,362422
139,20379.440835,365046
140,20379.440835,367666
141,20379.440835,370303
142,20379.440835,372943
143,20379.440835,375575
144,20379.440835,378206
145,20379.440835,380843
146,20379.440835,383464
147,20379.440835,386082
148,20379.440835,388691
149,20379.440835,391315
150,20379.440835,393944
151,20379.440835,396574
152,20379.440835,399197
153,20379.440835,401824
154,20379.440835,404428
155,20379.440835,407050
156,20379.440835,409670
157,20379.440835,412287
158,20379.440835,414906
159,20379.440835,417513
160,20379.440835,420116
161,20379.440835,422733
162,20379.440835,425345
163,20379.440835,427950
164,20379.440835,430556
165,20379.440835,433156
166,20379.440835,435736
167,20379.440835,438343
168,20379.440835,440924
169,20379.440835,443507
170,20379.440835,446112
171,20379.440835,448703
172,20379.440835,451318
173,20379.440835,453929
174,20379.440835,456538
175,20379.440835,459162
176,20379.440835,461770
177,20379.440835,464378
178,20379.440835,467002
179,20379.440835,469622
180,20379.440835,472256
181,20379.440835,474886
182,20379.440835,477517
183,20379.440835,480141
184,20379.440835,482771
185,20379.440835,485402
186,20379.440835,488021
187,20379.440835,490632
188,20379.440835,493262
189,20379.440835,495889
190,20379.440835,498508
191,20379.440835,501130
192,20379.440835,503747
193,20379.440835,506364
194,20379.440835,508985
195,20379.440835,511610
196,20379.440835,514222
197,20379.440835,516842
198,20379.440835,519458
199,20379.440835,522089
200,20379.440835,524715
201,20379.440835,527341
202,20379.440835,529960
203,20379.440835,532584
204,20379.440835,535205
205,20379.440835,537832
206,20379.440835,540451
207,20379.440835,543077
208,20379.440835,545697
209,20379.440835,548329
210,20379.440835,550953
211,20379.237762,553571
212,20379.237762,556194
213,20379.237762,558821
214,20379.237762,561460
215,20379.237762,564095
216,20379.237762,566724
217,20379.237762,569339
218,20379.237762,571952
219,20379.237762,574565
220,20379.237762,577179
221,20379.237762,579798
222,20379.237762,582419
223,20379.237762,585044
224,20379.237762,587670
225,20379.237762,590290
226,20379.237762,592902
227,20379.237762,595522
228,20379.237762,598136
229,20379.237762,600746
230,20379.237762,603355
231,20379.237762,605975
232,20379.237762,608580
233,20379.237762,611188
234,20379.237762,613803
235,20379.237762,616430
236,20379.237762,619049
237,20379.237762,621666
238,20379.237762,624281
239,20379.237762,626905
240,20379.237762,629521
241,20379.237762,632141
242,20379.237762,634761
243,20379.237762,637386
244,20379.237762,640009
245,20379.237762,642615
246,20379.237762,645213
247,20379.237762,647817
248,20379.237762,650415
249,20379.237762,653015
250,20379.237762,655608
251,20379.237762,658201
252,20379.237762,660800
253,20379.237762,663414
254,20379.237762,666000
255,20379.237762,668602
256,20379.237762,671203
257,20379.237762,673814
258,20379.237762,676416
259,20379.237762,679020
260,20379.237762,681626
261,20379.237762,684221
262,20379.237762,686835
263,20379.237762,689464
264,20379.237762,692079
265,20379.237762,694692
266,20379.237762,697294
267,20379.237762,699885
268,20379.237762,702477
269,20379.237762,705072
270,20379.237762,707660
271,20379.237762,710253
272,20379.237762,712828
273,20379.237762,715426
274,20379.237762,718017
275,20379.237762,720602
276,20379.237762,723192
277,20379.237762,725790
278,20379.237762,728390
279,20379.237762,730996
20379.237762,5.119975
1,20383.519674,2376
2,20381.101603,5030
3,20380.852812,7687
4,20380.852812,10343
5,20380.852812,13000
6,20380.655188,15652
7,20380.655188,18305
8,20380.205512,20961
9,20380.205512,23612
10,20380.205512,26262
11,20380.205512,28915
12,20380.205512,31567
13,20380.103819,34215
14,20380.103819,36868
15,20380.103819,39518
16,20380.103819,42167
17,20380.103819,44816
18,20380.103819,47468
19,20380.103819,50118
20,20380.103819,52771
21,20380.103819,55425
22,20380.103819,58077
23,20380.103819,60722
24,20380.103819,63372
25,20380.103819,66025
26,20380.103819,68678
27,20380.103819,71330
28,20380.103819,73972
29,20380.103819,76619
30,20380.103819,79257
31,20380.103819,81902
32,20380.103819,84548
33,20380.103819,87186
34,20380.103819,89825
35,20380.103819,92469
36,20380.103819,95108
37,20380.103819,97754
38,20380.103819,100395
39,20380.103819,103038
40,20380.103819,105688
41,20380.103819,108340
42,20380.103819,110982
43,20380.103819,113618
44,20380.103819,116255
45,20380.103819,118893
46,20380.103819,121536
47,20380.103819,124162
48,20380.103819,126800
49,20380.103819,129442
50,20380.103819,132076
51,20380.103819,134713
52,20380.103819,137344
53,20380.103819,139979
54,20380.103819,142615
55,20380.103819,145240
56,20380.103819,147871
57,20380.103819,150505
58,20380.103819,153140
59,20380.103819,155767
60,20380.103819,158399
61,20380.103819,161021
62,20380.103819,163647
63,20380.103819,166277
64,20380.103819,168904
65,20380.103819,171531
66,20380.103819,174162
67,20380.103819,176784
68,20380.103819,179403
69,20380.103819,182026
70,20380.103819,184646
71,20380.103819,187264
72,20380.103819,189872
73,20380.103819,192501
74,20380.103819,195123
75,20380.103819,197744
76,20380.103819,200356
77,20380.103819,202979
78,20380.103819,205600
79,20380.103819,208220
80,20380.103819,210843
81,20380.103819,213462
82,20380.103819,216092
83,20380.103819,218724
84,20380.103819,221361
85,20380.103819,223995
86,20380.103819,226625
87,20380.103819,229263
88,20380.103819,231896
89,20380.103819,234520
90,20380.103819,237140
91,20380.103819,239764
92,20380.103819,242389
93,20380.103819,245006
94,20380.103819,247638
95,20380.103819,250266
96,20380.103819,252895
97,20380.103819,255522
98,20380.103819,258146
99,20380.103819,260764
100,20380.103819,263387
101,20380.103819,266018
102,20380.103819,268643
103,20380.103819,271265
104,20380.103819,273888
105,20380.103819,276496
106,20380.103819,279123
107,20380.103819,281743
108,20380.103819,284360
109,20380.103819,286984
110,20380.103819,289606
111,20380.103819,292232
112,20380.103819,294857
113,20380.103819,297485
114,20380.103819,300117
115,20380.103819,302744
116,20380.103819,305377
117,20380.103819,307999
118,20380.103819,310623
119,20380.103819,313249
120,20380.103819,315865
121,20380.103819,318497
122,20380.103819,321131
123,20380.103819,323761
124,20380.103819,326380
125,20380.103819,329002
126,20380.103819,331628
127,20380.103819,334248
128,20380.103819,336865
129,20380.103819,339489
130,20380.103819,342105
131,20380.103819,344735
132,20380.103819,347357
133,20380.103819,349985
134,20380.103819,352610
135,20380.103819,355228
136,20380.103819,357855
137,20380.103819,360493
138,20380.103819,363127
139,20380.103819,365770
140,20380.103819,368410
141,20380.103819,371043
142,20380.103819,373680
143,20380.103819,376321
144,20380.103819,378967
145,20380.103819,381611
146,20380.103819,384255
147,20380.103819,386896
148,20380.103819,389535
149,20380.103819,392165
150,20379.986126,394794
151,20379.986126,397419
152,20379.986126,400033
153,20379.986126,402650
154,20379.986126,405277
155,20379.986126,407900
156,20379.986126,410522
157,20379.986126,413148
158,20379.986126,415779
159,20379.986126,418400
160,20379.674757,421031
161,20379.674757,423654
162,20379.674757,426278
163,20379.674757,428903
164,20379.674757,431523
165,20379.674757,434150
166,20379.674757,436780
167,20379.674757,439414
168,20379.674757,442040
169,20379.674757,444673
170,20379.674757,447294
171,20379.674757,449922
172,20379.674757,452548
173,20379.674757,455189
174,20379.674757,457830
175,20379.674757,460474
176,20379.674757,463101
177,20379.674757,465721
178,20379.674757,468359
179,20379.674757,470987
180,20379.674757,473625
181,20379.674757,476253
182,20379.674757,478881
183,20379.674757,481508
184,20379.674757,484124
185,20379.674757,486748
186,20379.674757,489383
187,20379.674757,492007
188,20379.674757,494632
189,20379.674757,497270
190,20379.674757,499918
191,20379.674757,502555
192,20379.674757,505174
193,20379.674757,507805
194,20379.674757,510427
195,20379.674757,513049
196,20379.674757,515680
197,20379.674757,518317
198,20379.674757,520942
199,20379.674757,523568
200,20379.674757,526186
201,20379.674757,528805
202,20379.674757,531435
203,20379.674757,534058
204,20379.674757,536685
205,20379.674757,539323
206,20379.674757,541959
207,20379.674757,544593
208,20379.674757,547226
209,20379.674757,549859
210,20379.674757,552501
211,20379.674757,555133
212,20379.674757,557766
213,20379.674757,560407
214,20379.674757,563039
215,20379.674757,565665
216,20379.674757,568287
217,20379.674757,570916
218,20379.674757,573549
219,20379.674757,576191
220,20379.674757,578805
221,20379.674757,581428
222,20379.674757,584056
223,20379.674757,586685
224,20379.674757,589302
225,20379.674757,591923
226,20379.674757,594541
227,20379.674757,597155
228,20379.674757,599776
229,20379.674757,602389
230,20379.674757,604998
231,20379.674757,607623
232,20379.674757,610250
233,20379.674757,612873
234,20379.674757,615494
235,20379.674757,618121
236,20379.674757,620752
237,20379.674757,623386
238,20379.674757,626009
239,20379.674757,628640
240,20379.674757,631268
241,20379.674757,633899
242,20379.674757,636531
243,20379.674757,639162
244,20379.674757,641786
245,20379.674757,644415
246,20379.674757,647045
247,20379.674757,649686
248,20379.674757,652320
249,20379.674757,654965
250,20379.674757,657603
251,20379.674757,660241
252,20379.674757,662863
253,20379.674757,665489
254,20379.674757,668129
255,20379.674757,670763
256,20379.674757,673381
257,20379.674757,675998
258,20379.674757,678622
259,20379.674757,681236
260,20379.549266,683852
261,20379.549266,686470
262,20379.549266,689078
263,20379.549266,691689
264,20379.549266,694303
265,20379.549266,696924
266,20379.549266,699551
267,20379.549266,702172
268,20379.549266,704791
269,20379.549266,707419
270,20379.549266,710051
271,20379.549266,712672
272,20379.549266,715287
273,20379.549266,717898
274,20379.549266,720515
275,20379.549266,723115
276,20379.549266,725735
277,20379.549266,728361
278,20379.549266,730979
20379.549266,5.077993
1,20382.451998,2376
2,20381.101603,4999
3,20381.101603,7623
4,20380.752130,10245
5,20380.752130,12867
6,20380.752130,15491
7,20380.752130,18105
8,20380.368681,20723
9,20380.368681,23338
10,20380.368681,25956
11,20380.368681,28576
12,20380.368681,31194
13,20380.368681,33807
14,20379.714316,36426
15,20379.714316,39043
16,20379.714316,41661
17,20379.714316,44280
18,20379.714316,46897
19,20379.714316,49521
20,20379.714316,52139
21,20379.714316,54757
22,20379.714316,57373
23,20379.714316,59990
24,20379.714316,62606
25,20379.714316,65221
26,20379.714316,67838
27,20379.714316,70453
28,20379.714316,73072
29,20379.714316,75693
30,20379.714316,78312
31,20379.714316,80928
32,20379.714316,83535
33,20379.714316,86145
34,20379.714316,88750
35,20379.714316,91359
36,20379.714316,93974
37,20379.714316,96580
38,20379.714316,99191
39,20379.714316,101799
40,20379.714316,104395
41,20379.714316,107000
42,20379.436551,109608
43,20379.436551,112208
44,20379.436551,114813
45,20379.436551,117434
46,20379.436551,120044
47,20379.436551,122652
48,20379.436551,125267
49,20379.436551,127881
50,20379.436551,130495
51,20379.436551,133103
52,20379.436551,135706
53,20379.436551,138307
54,20379.436551,140915
55,20379.436551,143513
56,20379.436551,146116
57,20379.436551,148713
58,20379.436551,151311
59,20379.436551,153919
60,20379.436551,156512
61,20379.436551,159116
62,20379.436551,161716
63,20379.436551,164308
64,20379.436551,166893
65,20379.436551,169491
66,20379.436551,172091
67,20379.436551,174692
68,20379.436551,177295
69,20379.436551,179882
70,20379.436551,182472
71,20379.436551,185058
72,20379.436551,187657
73,20379.436551,190263
74,20379.436551,192865
75,20379.436551,195457
76,20379.436551,198053
77,20379.436551,200644
78,20379.436551,203238
79,20379.436551,205821
80,20379.436551,208407
81,20379.436551,210989
82,20379.436551,213565
83,20379.436551,216152
84,20379.436551,218741
85,20379.436551,221327
86,20379.436551,223910
87,20379.436551,226505
88,20379.436551,229105
89,20379.436551,231691
90,20379.436551,234304
91,20379.436551,236904
92,20379.436551,239506
93,20379.436551,242108
94,20379.436551,244710
95,20379.436551,247297
96,20379.436551,249887
97,20379.436551,252482
98,20379.436551,255080
99,20379.436551,257672
100,20379.436551,260265
101,20379.436551,262863
102,20379.436551,265448
103,20379.436551,268027
104,20379.436551,270618
105,20379.436551,273206
106,20379.436551,275793
107,20379.436551,278373
108,20379.436551,280968
109,20379.436551,283562
110,20379.436551,286152
111,20379.436551,288757
112,20379.436551,291345
113,20379.436551,293940
114,20379.436551,296529
115,20379.436551,299104
116,20379.436551,301685
117,20379.436551,304247
118,20379.436551,306819
119,20379.436551,309407
120,20379.436551,311993
121,20379.436551,314582
122,20379.436551,317173
123,20379.436551,319765
124,20379.436551,322358
125,20379.436551,324942
126,20379.436551,327528
127,20379.436551,330108
128,20379.436551,332678
129,20379.436551,335266
130,20379.436551,337862
131,20379.436551,340461
132,20379.436551,343047
133,20379.436551,345644
134,20379.436551,348237
135,20379.436551,350819
136,20379.436551,353415
137,20379.436551,356004
138,20379.436551,358607
139,20379.436551,361191
140,20379.436551,363776
141,20379.436551,366348
142,20379.436551,368932
143,20379.436551,371532
144,20379.436551,374131
145,20379.436551,376720
146,20379.436551,379308
147,20379.436551,381898
148,20379.436551,384491
149,20379.436551,387078
150,20379.436551,389669
151,20379.436551,392258
152,20379.436551,394849
153,20379.436551,397440
154,20379.436551,400027
155,20379.436551,402600
156,20379.436551,405185
157,20379.436551,407770
158,20379.436551,410356
159,20379.436551,412947
160,20379.436551,415548
161,20379.436551,418141
162,20379.436551,420734
163,20379.436551,423326
164,20379.436551,425908
165,20379.436551,428494
166,20379.436551,431073
167,20379.436551,433658
168,20379.436551,436241
169,20379.436551,438820
170,20379.436551,441405
171,20379.436551,443998
172,20379.436551,446580
173,20379.436551,449172
174,20379.436551,451750
175,20379.436551,454347
176,20379.436551,456939
177,20379.436551,459520
178,20379.436551,462119
179,20379.436551,464711
180,20379.436551,467302
181,20379.436551,469891
182,20379.436551,472474
183,20379.436551,475053
184,20379.436551,477651
185,20379.436551,480227
186,20379.436551,482797
187,20379.436551,485372
188,20379.436551,487946
189,20379.436551,490513
190,20379.436551,493094
191,20379.436551,495674
192,20379.436551,498266
193,20379.436551,500866
194,20379.436551,503453
195,20379.436551,506048
196,20379.436551,508637
197,20379.436551,511224
198,20379.436551,513797
199,20379.436551,516374
200,20379.436551,518941
201,20379.436551,521514
202,20379.436551,524094
203,20379.436551,526674
204,20379.436551,529261
205,20379.436551,531838
206,20379.436551,534401
207,20379.436551,536966
208,20379.436551,539536
209,20379.436551,542126
210,20379.436551,544707
211,20379.436551,547285
212,20379.436551,549870
213,20379.436551,552456
214,20379.436551,555039
215,20379.436551,557621
216,20379.436551,560206
217,20379.436551,562771
218,20379.436551,565348
219,20379.436551,567928
220,20379.436551,570518
221,20379.436551,573108
222,20379.436551,575689
223,20379.436551,578272
224,20379.436551,580863
225,20379.436551,583450
226,20379.436551,586041
227,20379.436551,588645
228,20379.436551,591242
229,20379.436551,593831
230,20379.436551,596419
231,20379.436551,599000
232,20379.436551,601570
233,20379.436551,604169
234,20379.436551,606773
235,20379.436551,609373
236,20379.436551,611960
237,20379.436551,614550
238,20379.436551,617130
239,20379.436551,619719
240,20379.436551,622298
241,20379.436551,624893
242,20379.436551,627463
243,20379.436551,630039
244,20379.436551,632619
245,20379.436551,635198
246,20379.436551,637782
247,20379.436551,640364
248,20379.436551,642949
249,20379.436551,645535
250,20379.436551,648117
251,20379.436551,650702
252,20379.436551,653285
253,20379.436551,655864
254,20379.436551,658444
255,20379.436551,661020
256,20379.436551,663593
257,20379.436551,666172
258,20379.436551,668737
259,20379.436551,671307
260,20379.436551,673887
261,20379.436551,676468
262,20379.436551,679029
263,20379.436551,681595
264,20379.436551,684188
265,20379.436551,686787
266,20379.436551,689382
267,20378.965553,691966
268,20378.965553,694538
269,20378.965553,697116
270,20378.965553,699700
271,20378.965553,702287
272,20378.965553,704865
273,20378.965553,707461
274,20378.965553,710045
275,20378.965553,712627
276,20378.965553,715212
277,20378.965553,717789
278,20378.965553,720378
279,20378.965553,722969
280,20378.965553,725546
281,20378.965553,728138
282,20378.965553,730717
20378.965553,5.102463
1,20385.344118,2376
2,20382.643493,5020
3,20381.919203,7666
4,20381.919203,10312
5,20381.650461,12953
6,20380.897407,15597
7,20380.897407,18233
8,20380.897407,20873
9,20380.897407,23518
10,20380.897407,26160
11,20380.897407,28805
12,20380.897407,31447
13,20380.897407,34091
14,20380.897407,36732
15,20380.897407,39379
16,20380.897407,42016
17,20380.897407,44657
18,20379.549266,47298
19,20379.549266,49933
20,20379.549266,52568
21,20379.549266,55212
22,20379.549266,57852
23,20379.549266,60488
24,20379.549266,63132
25,20379.549266,65761
26,20379.549266,68399
27,20379.360129,71040
28,20379.360129,73676
29,20379.360129,76308
30,20379.360129,78934
31,20379.360129,81548
32,20379.360129,84190
33,20379.360129,86825
34,20379.360129,89451
35,20379.360129,92078
36,20379.360129,94717
37,20379.360129,97343
38,20379.360129,99968
39,20379.360129,102592
40,20379.360129,105215
41,20379.360129,107841
42,20379.360129,110470
43,20379.360129,113084
44,20379.360129,115700
45,20379.360129,118322
46,20379.360129,120944
47,20379.360129,123566
48,20379.360129,126177
49,20379.360129,128794
50,20379.360129,131408
51,20379.360129,134034
52,20379.360129,136654
53,20379.360129,139271
54,20379.360129,141898
55,20379.360129,144520
56,20379.360129,147134
57,20379.360129,149757
58,20379.360129,152367
59,20379.360129,154997
60,20379.360129,157613
61,20379.360129,160255
62,20379.360129,162892
63,20379.360129,165531
64,20379.360129,168161
65,20379.360129,170791
66,20379.360129,173424
67,20379.360129,176046
68,20379.360129,178678
69,20379.360129,181311
70,20379.360129,183935
71,20379.360129,186558
72,20379.360129,189196
73,20379.360129,191829
74,20379.360129,194466
75,20379.360129,197103
76,20379.360129,199740
77,20379.360129,202380
78,20379.360129,205020
79,20379.360129,207653
80,20379.360129,210286
81,20379.360129,212918
82,20379.360129,215555
83,20379.360129,218187
84,20379.360129,220824
85,20379.360129,223447
86,20379.360129,226074
87,20379.360129,228691
88,20379.360129,231327
89,20379.360129,233952
90,20379.360129,236587
91,20379.360129,239211
92,20379.360129,241838
93,20379.360129,244466
94,20379.360129,247099
95,20379.360129,249721
96,20379.360129,252332
97,20379.360129,254956
98,20379.360129,257585
99,20379.360129,260220
100,20379.360129,262858
101,20379.360129,265486
102,20379.360129,268114
103,20379.360129,270742
104,20379.360129,273360
105,20379.360129,275985
106,20379.360129,278603
107,20379.360129,281239
108,20379.360129,283855
109,20379.360129,286479
110,20379.360129,289104
111,20379.360129,291723
112,20379.360129,294342
113,20379.360129,296961
114,20379.360129,299576
115,20379.360129,302193
116,20379.360129,304803
117,20379.360129,307404
118,20379.360129,310015
119,20379.360129,312613
120,20379.360129,315224
121,20379.360129,317820
122,20379.360129,320424
123,20379.360129,323040
124,20379.360129,325663
125,20379.360129,328281
126,20379.360129,330892
127,20379.360129,333503
128,20379.360129,336122
129,20379.360129,338734
130,20379.360129,341343
131,20379.360129,343948
132,20379.360129,346557
133,20378.837698,349168
134,20378.837698,351772
135,20378.837698,354373
136,20378.837698,356980
137,20378.837698,359577
138,20378.837698,362182
139,20378.837698,364796
140,20378.837698,367401
141,20378.837698,370002
142,20378.837698,372598
143,20378.837698,375204
144,20378.837698,377811
145,20378.837698,380418
146,20378.837698,383024
147,20378.837698,385623
148,20378.837698,388231
149,20378.837698,390830
150,20378.837698,393431
151,20378.837698,396042
152,20378.837698,398663
153,20378.837698,401270
154,20378.837698,403884
155,20378.837698,406493
156,20378.837698,409108
157,20378.837698,411720
158,20378.837698,414338
159,20378.837698,416953
160,20378.837698,419571
161,20378.837698,422200
162,20378.837698,424827
163,20378.837698,427449
164,20378.837698,430066
165,20378.837698,432692
166,20378.837698,435320
167,20378.837698,437936
168,20378.837698,440562
169,20378.837698,443183
170,20378.837698,445804
171,20378.837698,448411
172,20378.837698,451017
173,20378.837698,453630
174,20378.837698,456237
175,20378.837698,458851
176,20378.837698,461456
177,20378.837698,464065
178,20378.837698,466666
179,20378.837698,469279
180,20378.837698,471892
181,20378.837698,474502
182,20378.837698,477105
183,20378.837698,479712
184,20378.837698,482348
185,20378.837698,484978
186,20378.837698,487605
187,20378.837698,490219
188,20378.837698,492831
189,20378.837698,495443
190,20378.837698,498054
191,20378.837698,500660
192,20378.837698,503261
193,20378.837698,505871
194,20378.837698,508482
195,20378.837698,511097
196,20378.837698,513722
197,20378.837698,516340
198,20378.837698,518952
199,20378.837698,521558
200,20378.837698,524168
201,20378.837698,526781
202,20378.837698,529395
203,20378.837698,531993
204,20378.837698,534596
205,20378.837698,537190
206,20378.837698,539802
207,20378.837698,542413
208,20378.837698,545032
209,20378.837698,547652
210,20378.837698,550281
211,20378.837698,552899
212,20378.837698,555523
213,20378.837698,558124
214,20378.837698,560730
215,20378.837698,563343
216,20378.837698,565945
217,20378.837698,568554
218,20378.837698,571157
219,20378.837698,573774
220,20378.837698,576384
221,20378.837698,579017
222,20378.837698,581645
223,20378.837698,584260
224,20378.837698,586878
225,20378.837698,589482
226,20378.837698,592072
227,20378.837698,594686
228,20378.837698,597298
229,20378.837698,599903
230,20378.837698,602525
231,20378.837698,605141
232,20378.837698,607760
233,20378.837698,610364
234,20378.837698,612965
235,20378.837698,615569
236,20378.837698,618170
237,20378.837698,620774
238,20378.837698,623384
239,20378.837698,625970
240,20378.837698,628567
241,20378.837698,631191
242,20378.837698,633805
243,20378.837698,636409
244,20378.837698,638999
245,20378.837698,641591
246,20378.837698,644180
247,20378.837698,646788
248,20378.837698,649401
249,20378.837698,652003
250,20378.837698,654610
251,20378.837698,657227
252,20378.837698,659838
253,20378.837698,662447
254,20378.837698,665039
255,20378.837698,667643
256,20378.837698,670239
257,20378.837698,672843
258,20378.837698,675447
259,20378.837698,678052
260,20378.837698,680655
261,20378.837698,683240
262,20378.837698,685840
263,20378.837698,688448
264,20378.837698,691046
265,20378.837698,693650
266,20378.837698,696258
267,20378.837698,698873
268,20378.837698,701482
269,20378.837698,704106
270,20378.837698,706714
271,20378.837698,709326
272,20378.837698,711939
273,20378.837698,714544
274,20378.837698,717150
275,20378.837698,719776
276,20378.837698,722390
277,20378.837698,725001
278,20378.837698,727599
279,20378.837698,730211
20378.837698,5.044217
1,20383.447467,2376
2,20381.373051,5001
3,20380.344124,7622
4,20380.344124,10240
5,20380.344124,12860
6,20380.344124,15478
7,20380.344124,18094
8,20380.344124,20711
9,20380.344124,23322
10,20380.195663,25937
11,20380.195663,28557
12,20380.195663,31180
13,20380.195663,33800
14,20380.195663,36418
15,20380.195663,39040
16,20380.195663,41657
17,20380.195663,44275
18,20380.195663,46894
19,20380.195663,49509
20,20380.195663,52126
21,20380.195663,54737
22,20380.195663,57354
23,20380.195663,59970
24,20380.195663,62583
25,20380.195663,65190
26,20380.195663,67801
27,20380.195663,70413
28,20380.195663,73016
29,20380.195663,75624
30,20380.195663,78230
31,20380.195663,80830
32,20380.195663,83428
33,20380.195663,86022
34,20380.195663,88628
35,20380.195663,91246
36,20380.195663,93859
37,20380.195663,96465
38,20380.195663,99068
39,20380.195663,101675
40,20380.195663,104288
41,20380.195663,106904
42,20380.195663,109521
43,20380.195663,112132
44,20380.195663,114735
45,20380.195663,117343
46,20380.195663,119955
47,20380.195663,122562
48,20380.195663,125175
49,20380.195663,127762
50,20380.195663,130359
51,20380.195663,132957
52,20380.195663,135555
53,20380.195663,138163
54,20380.195663,140764
55,20380.195663,143369
56,20380.195663,145973
57,20380.195663,148582
58,20380.195663,151194
59,20380.195663,153809
60,20380.195663,156411
61,20380.195663,159018
62,20380.195663,161626
63,20380.195663,164227
64,20380.195663,166827
65,20380.195663,169420
66,20380.195663,172030
67,20380.195663,174640
68,20380.195663,177251
69,20380.195663,179846
70,20380.195663,182445
71,20380.195663,185046
72,20380.195663,187657
73,20380.195663,190261
74,20380.195663,192864
75,20380.195663,195467
76,20380.195663,198082
77,20380.195663,200693
78,20380.195663,203303
79,20380.195663,205906
80,20380.195663,208512
81,20380.195663,211111
82,20380.195663,213712
83,20380.195663,216317
84,20380.195663,218917
85,20380.195663,221533
86,20380.195663,224144
87,20380.195663,226762
88,20380.195663,229376
89,20380.195663,231994
90,20380.195663,234612
91,20380.195663,237225
92,20380.195663,239834
93,20380.195663,242449
94,20380.195663,245056
95,20380.195663,247678
96,20380.195663,250294
97,20380.195663,252908
98,20380.195663,255515
99,20380.195663,258113
100,20380.195663,260712
101,20380.195663,263318
102,20380.195663,265914
103,20380.195663,268523
104,20380.195663,271129
105,20380.195663,273726
106,20380.195663,276342
107,20380.195663,278950
108,20380.195663,281544
109,20380.195663,284135
110,20380.195663,286721
111,20380.195663,289326
112,20380.195663,291923
113,20380.195663,294526
114,20380.195663,297132
115,20380.195663,299743
116,20380.195663,302352
117,20380.195663,304961
118,20380.195663,307559
119,20380.195663,310162
120,20380.195663,312777
121,20380.195663,315383
122,20380.195663,317989
123,20380.195663,320598
124,20380.195663,323203
125,20380.195663,325799
126,20380.195663,328400
127,20380.195663,331004
128,20380.195663,333605
129,20380.195663,336198
130,20380.195663,338803
131,20380.195663,341392
132,20380.195663,343972
133,20380.195663,346554
134,20380.195663,349135
135,20380.195663,351714
136,20380.195663,354300
137,20380.195663,356889
138,20380.195663,359488
139,20380.195663,362087
140,20380.195663,364691
141,20380.195663,367306
142,20380.195663,369914
143,20380.195663,372518
144,20380.195663,375128
145,20380.195663,377735
146,20380.195663,380335
147,20380.195663,382941
148,20380.195663,385557
149,20380.195663,388160
150,20380.195663,390749
151,20380.195663,393336
152,20380.195663,395940
153,20380.195663,398534
154,20380.195663,401119
155,20380.195663,403705
156,20380.195663,406283
157,20380.195663,408868
158,20380.195663,411449
159,20380.195663,414034
160,20380.195663,416626
161,20380.195663,419227
162,20380.195663,421828
163,20380.195663,424424
164,20380.195663,427024
165,20380.195663,429627
166,20380.195663,432230
167,20380.195663,434818
168,20380.195663,437428
169,20380.195663,440033
170,20380.195663,442634
171,20380.195663,445225
172,20380.195663,447800
173,20380.195663,450389
174,20380.195663,452970
175,20380.195663,455547
176,20380.195663,458111
177,20380.195663,460697
178,20380.195663,463281
179,20380.195663,465858
180,20380.195663,468442
181,20380.195663,471025
182,20380.195663,473608
183,20380.195663,476204
184,20380.195663,478793
185,20380.195663,481377
186,20380.195663,483962
187,20380.195663,486554
188,20380.195663,489141
189,20380.195663,491731
190,20380.195663,494317
191,20380.195663,496907
192,20380.195663,499505
193,20380.195663,502096
194,20380.195663,504681
195,20380.195663,507280
196,20380.195663,509877
197,20380.195663,512457
198,20380.195663,515050
199,20380.195663,517658
200,20380.195663,520250
201,20380.195663,522838
202,20380.195663,525429
203,20380.195663,528027
204,20380.195663,530627
205,20380.195663,533221
206,20380.195663,535808
207,20380.195663,538397
208,20380.195663,540989
209,20380.195663,543586
210,20380.195663,546172
211,20380.195663,548755
212,20380.195663,551348
213,20380.195663,553937
214,20380.195663,556538
215,20380.195663,559140
216,20380.195663,561748
217,20380.195663,564356
218,20380.195663,566965
219,20380.195663,569574
220,20380.195663,572180
221,20380.195663,574775
222,20380.195663,577374
223,20380.195663,579964
224,20380.195663,582552
225,20380.195663,585130
226,20380.195663,587721
227,20380.195663,590310
228,20380.195663,592904
229,20380.195663,595490
230,20380.195663,598058
231,20380.195663,600643
232,20380.195663,603220
233,20380.195663,605800
234,20380.195663,608380
235,20380.195663,610962
236,20380.195663,613542
237,20380.195663,616121
238,20380.195663,618698
239,20380.195663,621281
240,20380.195663,623881
241,20380.195663,626479
242,20380.195663,629074
243,20380.195663,631669
244,20380.195663,634270
245,20380.195663,636863
246,20380.195663,639467
247,20380.195663,642060
248,20380.195663,644650
249,20380.195663,647235
250,20380.195663,649823
251,20380.195663,652398
252,20380.195663,654988
253,20380.195663,657571
254,20380.195663,660170
255,20380.195663,662774
256,20380.195663,665375
257,20380.195663,667980
258,20380.195663,670586
259,20380.195663,673184
260,20380.195663,675778
261,20380.195663,678367
262,20380.195663,680957
263,20380.195663,683553
264,20380.195663,686151
265,20380.195663,688757
266,20380.195663,691356
267,20380.195663,693944
268,20380.195663,696530
269,20380.195663,699104
270,20380.195663,701693
271,20380.195663,704283
272,20380.195663,706869
273,20380.195663,709468
274,20380.195663,712058
275,20380.195663,714654
276,20380.195663,717251
277,20380.195663,719845
278,20380.195663,722437
279,20380.195663,725013
280,20380.195663,727593
281,20380.195663,730178
20380.195663,5.083147
1,20382.427118,2376
2,20381.412402,4998
3,20381.412402,7622
4,20381.412402,10246
5,20381.412402,12866
6,20380.483506,15486
7,20380.483506,18107
8,20380.483506,20724
9,20380.483506,23343
10,20380.483506,25966
11,20380.483506,28586
12,20380.152656,31206
13,20380.152656,33829
14,20380.152656,36453
15,20380.152656,39077
16,20380.152656,41702
17,20380.152656,44322
18,20380.152656,46945
19,20380.152656,49566
20,20380.152656,52186
21,20380.152656,54812
22,20380.152656,57435
23,20380.152656,60052
24,20380.152656,62670
25,20379.559840,65289
26,20379.549266,67899
27,20379.549266,70518
28,20379.549266,73138
29,20379.549266,75751
30,20379.549266,78365
31,20379.549266,80986
32,20379.549266,83612
33,20379.237762,86234
34,20379.237762,88858
35,20379.237762,91479
36,20379.237762,94101
37,20379.237762,96723
38,20379.237762,99342
39,20379.237762,101959
40,20379.237762,104579
41,20379.237762,107199
42,20379.237762,109818
43,20379.237762,112440
44,20379.237762,115054
45,20379.237762,117677
46,20379.237762,120289
47,20379.237762,122901
48,20379.237762,125520
49,20379.237762,128127
50,20379.237762,130727
51,20379.237762,133329
52,20379.237762,135933
53,20379.237762,138545
54,20379.237762,141157
55,20379.237762,143768
56,20379.237762,146368
57,20379.237762,148969
58,20379.237762,151584
59,20379.237762,154192
60,20379.237762,156801
61,20379.237762,159418
62,20379.237762,162037
63,20379.237762,164645
64,20379.237762,167253
65,20379.237762,169867
66,20379.237762,172482
67,20379.237762,175100
68,20379.237762,177719
69,20379.237762,180334
70,20379.237762,182945
71,20379.237762,185559
72,20379.237762,188170
73,20379.237762,190775
74,20379.237762,193380
75,20379.237762,195976
76,20379.237762,198575
77,20379.237762,201170
78,20379.237762,203772
79,20379.148422,206381
80,20379.148422,208993
81,20379.148422,211611
82,20379.148422,214217
83,20379.148422,216823
84,20379.148422,219426
85,20379.148422,222037
86,20379.148422,224657
87,20379.148422,227276
88,20379.148422,229888
89,20379.148422,232509
90,20379.148422,235115
91,20379.148422,237726
92,20379.148422,240331
93,20379.148422,242942
94,20379.148422,245551
95,20379.148422,248156
96,20379.148422,250758
97,20379.148422,253364
98,20379.148422,255974
99,20379.148422,258579
100,20379.148422,261176
101,20379.148422,263782
102,20379.148422,266386
103,20379.148422,269000
104,20379.148422,271599
105,20379.148422,274209
106,20379.049310,276824
107,20379.049310,279442
108,20379.049310,282052
109,20379.049310,284659
110,20379.049310,287269
111,20379.049310,289878
112,20379.049310,292483
113,20379.049310,295103
114,20379.049310,297725
115,20379.049310,300341
116,20379.049310,302947
117,20379.049310,305567
118,20379.049310,308173
119,20379.049310,310770
120,20379.049310,313371
121,20379.049310,315968
122,20379.049310,318571
123,20379.049310,321168
124,20379.049310,323752
125,20379.049310,326345
126,20379.049310,328938
127,20379.049310,331532
128,20379.049310,334126
129,20379.049310,336730
130,20379.049310,339334
131,20379.049310,341942
132,20379.049310,344540
133,20379.049310,347123
134,20379.049310,349725
135,20379.049310,352323
136,20379.049310,354933
137,20379.049310,357533
138,20379.049310,360139
139,20379.049310,362730
140,20379.049310,365334
141,20379.049310,367936
142,20379.049310,370533
143,20379.049310,373136
144,20379.049310,375737
145,20379.049310,378329
146,20379.049310,380931
147,20379.049310,383538
148,20379.049310,386144
149,20379.049310,388761
150,20379.049310,391369
151,20379.049310,393990
152,20379.049310,396602
153,20379.049310,399208
154,20379.049310,401814
155,20379.049310,404419
156,20379.049310,407009
157,20379.049310,409613
158,20379.049310,412209
159,20379.049310,414813
160,20379.049310,417414
161,20379.049310,420004
162,20379.049310,422606
163,20379.049310,425208
164,20379.049310,427810
165,20379.049310,430417
166,20379.049310,433027
167,20379.049310,435624
168,20379.049310,438226
169,20379.049310,440825
170,20379.049310,443433
171,20379.049310,446037
172,20379.049310,448646
173,20379.049310,451254
174,20379.049310,453863
175,20379.049310,456461
176,20379.049310,459071
177,20379.049310,461680
178,20379.049310,464285
179,20379.049310,466885
180,20379.049310,469500
181,20379.049310,472106
182,20379.049310,474720
183,20379.049310,477329
184,20379.049310,479940
185,20379.049310,482544
186,20379.049310,485154
187,20379.049310,487761
188,20379.049310,490373
189,20379.049310,492980
190,20379.049310,495582
191,20379.049310,498186
192,20379.049310,500797
193,20379.049310,503412
194,20379.049310,506012
195,20379.049310,508615
196,20379.049310,511225
197,20379.049310,513832
198,20379.049310,516423
199,20379.049310,519023
200,20379.049310,521621
201,20379.049310,524228
202,20379.049310,526838
203,20379.049310,529454
204,20379.049310,532059
205,20379.049310,534664
206,20379.049310,537275
207,20379.049310,539888
208,20379.049310,542494
209,20379.049310,545098
210,20379.049310,547710
211,20379.049310,550315
212,20379.049310,552920
213,20379.049310,555539
214,20379.049310,558146
215,20379.049310,560760
216,20379.049310,563366
217,20379.049310,565966
218,20379.049310,568567
219,20379.049310,571169
220,20379.049310,573770
221,20379.049310,576371
222,20379.049310,578983
223,20379.049310,581597
224,20379.049310,584210
225,20379.049310,586820
226,20379.049310,589421
227,20379.049310,592026
228,20379.049310,594632
229,20379.049310,597227
230,20379.049310,599838
231,20379.049310,602440
232,20379.049310,605046
233,20379.049310,607655
234,20379.049310,610266
235,20379.049310,612866
236,20379.049310,615459
237,20379.049310,618059
238,20379.049310,620667
239,20379.049310,623273
240,20379.049310,625880
241,20379.049310,628482
242,20379.049310,631082
243,20379.049310,633683
244,20379.049310,636283
245,20379.049310,638884
246,20379.049310,641484
247,20379.049310,644080
248,20379.049310,646689
249,20379.049310,649298
250,20379.049310,651905
251,20379.049310,654524
252,20379.049310,657135
253,20379.049310,659742
254,20379.049310,662347
255,20379.049310,664949
256,20379.049310,667558
257,20379.049310,670170
258,20379.049310,672778
259,20379.049310,675393
260,20379.049310,678005
261,20379.049310,680619
262,20379.049310,683224
263,20379.049310,685817
264,20379.049310,688409
265,20379.049310,691014
266,20379.049310,693614
267,20379.049310,696215
268,20379.049310,698811
269,20379.049310,701406
270,20379.049310,704002
271,20379.049310,706591
272,20379.049310,709181
273,20379.049310,711775
274,20379.049310,714382
275,20379.049310,716991
276,20379.049310,719591
277,20379.049310,722198
278,20379.049310,724802
279,20379.049310,727406
280,20379.049310,730003
20379.049310,5.124473
1,20383.401698,2376
2,20383.401698,5007
3,20381.279504,7637
4,20380.655188,10266
5,20380.655188,12891
6,20380.655188,15516
7,20380.050953,18146
8,20380.050953,20769
9,20380.050953,23399
10,20380.050953,26025
11,20380.050953,28646
12,20380.050953,31269
13,20379.606088,33895
14,20379.606088,36519
15,20379.606088,39145
16,20379.606088,41771
17,20379.606088,44391
18,20379.606088,47013
19,20379.606088,49636
20,20379.606088,52261
21,20379.606088,54880
22,20379.606088,57503
23,20379.606088,60131
24,20379.606088,62753
25,20379.549266,65371
26,20379.549266,67988
27,20379.549266,70598
28,20379.549266,73213
29,20379.549266,75833
30,20379.549266,78461
31,20379.549266,81080
32,20379.549266,83693
33,20379.549266,86312
34,20379.549266,88934
35,20379.549266,91548
36,20379.549266,94161
37,20379.549266,96774
38,20379.549266,99394
39,20379.549266,102010
40,20379.168843,104628
41,20379.168843,107241
42,20379.168843,109856
43,20379.168843,112467
44,20379.168843,115082
45,20379.168843,117698
46,20379.168843,120320
47,20379.168843,122932
48,20379.168843,125546
49,20379.168843,128159
50,20379.168843,130771
51,20379.168843,133397
52,20379.168843,136011
53,20379.168843,138620
54,20379.168843,141245
55,20379.168843,143863
56,20379.168843,146473
57,20379.168843,149084
58,20379.168843,151699
59,20379.168843,154325
60,20379.168843,156946
61,20379.168843,159566
62,20379.168843,162183
63,20379.168843,164802
64,20379.168843,167421
65,20379.168843,170044
66,20379.168843,172662
67,20379.168843,175276
68,20379.168843,177892
69,20379.168843,180501
70,20379.168843,183111
71,20379.168843,185728
72,20379.168843,188339
73,20379.168843,190945
74,20379.168843,193559
75,20379.168843,196172
76,20379.168843,198783
77,20379.168843,201387
78,20379.168843,203991
79,20379.168843,206587
80,20379.168843,209187
81,20379.168843,211793
82,20379.168843,214393
83,20379.168843,217010
84,20379.168843,219625
85,20379.168843,222238
86,20379.168843,224840
87,20379.168843,227451
88,20379.168843,230061
89,20379.168843,232669
90,20379.168843,235285
91,20379.168843,237903
92,20379.168843,240519
93,20379.168843,243130
94,20379.168843,245747
95,20379.168843,248364
96,20379.168843,250983
97,20379.168843,253596
98,20379.168843,256211
99,20379.168843,258819
100,20379.168843,261422
101,20379.168843,264026
102,20379.168843,266628
103,20379.168843,269234
104,20379.168843,271844
105,20379.168843,274444
106,20379.168843,277044
107,20379.168843,279648
108,20379.168843,282255
109,20379.168843,284853
110,20379.168843,287463
111,20379.168843,290065
112,20379.168843,292663
113,20379.168843,295279
114,20379.168843,297892
115,20379.168843,300505
116,20379.168843,303114
117,20379.168843,305730
118,20379.168843,308337
119,20379.168843,310941
120,20379.168843,313545
121,20379.168843,316149
122,20379.168843,318750
123,20379.168843,321356
124,20379.168843,323961
125,20379.168843,326564
126,20379.168843,329173
127,20379.168843,331782
128,20379.168843,334397
129,20379.168843,337006
130,20379.168843,339615
131,20379.168843,342225
132,20379.168843,344838
133,20379.168843,347451
134,20379.168843,350059
135,20379.168843,352673
136,20379.168843,355295
137,20379.168843,357912
138,20379.168843,360528
139,20379.168843,363136
140,20379.168843,365744
141,20379.168843,368346
142,20379.168843,370950
143,20379.168843,373549
144,20379.168843,376156
145,20379.168843,378763
146,20379.168843,381372
147,20379.168843,383987
148,20379.168843,386594
149,20379.168843,389195
150,20379.168843,391796
151,20379.168843,394394
152,20379.168843,397002
153,20379.168843,399603
154,20379.168843,402205
155,20379.168843,404813
156,20379.168843,407415
157,20379.168843,410013
158,20379.168843,412611
159,20379.168843,415201
160,20379.168843,417798
161,20379.168843,420410
162,20379.168843,423013
163,20379.168843,425620
164,20379.168843,428214
165,20379.168843,430812
166,20379.168843,433426
167,20379.168843,436029
168,20379.168843,438642
169,20379.168843,441243
170,20379.168843,443856
171,20379.168843,446468
172,20379.168843,449081
173,20379.168843,451693
174,20379.168843,454312
175,20379.168843,456919
176,20379.168843,459527
177,20379.168843,462133
178,20379.168843,464751
179,20379.168843,467366
180,20379.168843,469970
181,20379.168843,472575
182,20379.168843,475179
183,20379.168843,477781
184,20379.168843,480388
185,20379.168843,482989
186,20379.168843,485589
187,20379.168843,488196
188,20379.168843,490809
189,20379.168843,493425
190,20379.168843,496036
191,20379.168843,498645
192,20379.168843,501241
193,20379.168843,503853
194,20379.168843,506457
195,20379.168843,509052
196,20379.168843,511650
197,20379.168843,514260
198,20379.168843,516880
199,20379.168843,519495
200,20379.168843,522113
201,20379.168843,524723
202,20379.168843,527325
203,20379.168843,529934
204,20379.168843,532534
205,20379.168843,535140
206,20379.168843,537734
207,20379.168843,540343
208,20379.168843,542947
209,20379.168843,545542
210,20379.168843,548136
211,20379.168843,550718
212,20379.168843,553316
213,20379.168843,555905
214,20379.168843,558507
215,20379.168843,561106
216,20379.168843,563701
217,20379.168843,566300
218,20379.168843,568894
219,20379.168843,571489
220,20379.168843,574077
221,20379.168843,576670
222,20379.168843,579270
223,20379.168843,581870
224,20379.168843,584476
225,20379.168843,587074
226,20379.168843,589680
227,20379.168843,592279
228,20379.168843,594874
229,20379.168843,597482
230,20379.168843,600085
231,20379.168843,602695
232,20379.168843,605291
233,20379.168843,607897
234,20379.168843,610505
235,20379.168843,613105
236,20379.168843,615709
237,20379.168843,618317
238,20379.168843,620916
239,20379.168843,623509
240,20379.168843,626101
241,20379.168843,628696
242,20379.168843,631298
243,20379.168843,633896
244,20379.168843,636495
245,20379.168843,639095
246,20379.168843,641692
247,20379.168843,644280
248,20379.168843,646870
249,20379.168843,649461
250,20379.168843,652041
251,20379.168843,654628
252,20379.168843,657209
253,20379.168843,659801
254,20379.168843,662394
255,20379.168843,664986
256,20379.168843,667580
257,20379.168843,670186
258,20379.168843,672765
259,20379.168843,675367
260,20379.168843,677962
261,20379.168843,680557
262,20379.168843,683153
263,20379.168843,685755
264,20379.168843,688359
265,20379.168843,690952
266,20379.168843,693547
267,20379.168843,696152
268,20379.168843,698748
269,20379.168843,701337
270,20379.168843,703942
271,20379.168843,706554
272,20379.168843,709162
273,20379.168843,711782
274,20379.168843,714392
275,20379.168843,717001
276,20379.168843,719602
277,20379.168843,722204
278,20379.168843,724801
279,20379.168843,727390
280,20379.168843,729984
20379.168843,5.135761
1,20383.422169,2376
2,20381.250332,5032
3,20381.250332,7691
4,20381.250332,10349
5,20381.250332,13003
6,20381.250332,15653
7,20381.250332,18306
8,20381.245061,20959
9,20381.245061,23604
10,20381.245061,26252
11,20381.245061,28907
12,20380.050953,31562
13,20380.050953,34216
14,20379.677539,36869
15,20379.677539,39522
16,20379.677539,42173
17,20379.677539,44824
18,20379.677539,47476
19,20379.677539,50130
20,20379.231142,52784
21,20379.231142,55431
22,20379.231142,58082
23,20379.231142,60730
24,20379.231142,63368
25,20379.231142,66008
26,20379.231142,68661
27,20379.231142,71310
28,20379.231142,73955
29,20379.231142,76594
30,20379.231142,79240
31,20379.231142,81888
32,20379.231142,84541
33,20379.231142,87193
34,20379.231142,89845
35,20379.231142,92485
36,20379.231142,95125
37,20379.231142,97772
38,20379.231142,100409
39,20379.231142,103046
40,20379.231142,105691
41,20379.231142,108331
42,20379.231142,110980
43,20379.231142,113622
44,20379.231142,116267
45,20379.231142,118910
46,20379.231142,121557
47,20379.231142,124205
48,20379.231142,126850
49,20379.231142,129498
50,20379.231142,132138
51,20379.231142,134785
52,20379.231142,137432
53,20379.231142,140082
54,20379.231142,142733
55,20379.231142,145372
56,20379.231142,148016
57,20379.231142,150671
58,20379.231142,153320
59,20379.231142,155965
60,20379.231142,158613
61,20379.073794,161263
62,20379.073794,163908
63,20379.073794,166555
64,20379.073794,169210
65,20379.073794,171853
66,20379.073794,174506
67,20379.073794,177157
68,20379.073794,179806
69,20379.073794,182454
70,20379.073794,185104
71,20379.073794,187754
72,20379.073794,190401
73,20379.073794,193049
74,20379.073794,195695
75,20379.073794,198324
76,20379.073794,200967
77,20379.073794,203599
78,20379.073794,206226
79,20379.073794,208877
80,20379.073794,211523
81,20379.073794,214163
82,20379.073794,216813
83,20379.073794,219455
84,20379.073794,222088
85,20379.073794,224733
86,20379.073794,227381
87,20379.073794,230023
88,20379.073794,232666
89,20379.073794,235317
90,20379.073794,237963
91,20379.073794,240589
92,20379.073794,243226
93,20379.073794,245869
94,20379.073794,248520
95,20379.073794,251167
96,20379.073794,253809
97,20379.073794,256437
98,20379.073794,259068
99,20379.073794,261704
100,20379.073794,264349
101,20379.073794,266988
102,20379.073794,269627
103,20379.073794,272255
104,20379.073794,274873
105,20379.073794,277518
106,20379.073794,280162
107,20379.073794,282797
108,20379.073794,285438
109,20379.073794,288065
110,20379.073794,290683
111,20379.073794,293317
112,20379.073794,295945
113,20379.073794,298552
114,20379.073794,301164
115,20379.073794,303780
116,20379.073794,306400
117,20379.073794,309027
118,20379.073794,311642
119,20379.073794,314268
120,20379.073794,316905
121,20379.073794,319537
122,20379.073794,322175
123,20379.073794,324814
124,20379.073794,327443
125,20379.073794,330072
126,20379.073794,332703
127,20379.073794,335345
128,20379.073794,337955
129,20379.073794,340571
130,20379.073794,343183
131,20379.073794,345802
132,20379.073794,348414
133,20379.073794,351033
134,20379.073794,353639
135,20379.073794,356235
136,20379.073794,358823
137,20379.073794,361418
138,20379.073794,364015
139,20379.073794,366628
140,20379.073794,369241
141,20379.073794,371838
142,20379.073794,374440
143,20379.073794,377052
144,20379.073794,379654
145,20379.073794,382248
146,20379.073794,384832
147,20379.073794,387435
148,20379.073794,390026
149,20379.073794,392604
150,20379.073794,395188
151,20379.073794,397784
152,20379.073794,400379
153,20379.073794,402976
154,20379.073794,405580
155,20379.073794,408191
156,20379.073794,410807
157,20379.073794,413419
158,20379.073794,416031
159,20379.073794,418638
160,20379.073794,421234
161,20379.073794,423828
162,20379.073794,426427
163,20379.073794,429024
164,20379.073794,431629
165,20379.073794,434223
166,20379.073794,436836
167,20379.073794,439446
168,20379.073794,442049
169,20379.073794,444637
170,20379.073794,447235
171,20379.073794,449851
172,20379.073794,452462
173,20379.073794,455076
174,20379.073794,457686
175,20379.073794,460295
176,20379.073794,462917
177,20379.073794,465522
178,20379.073794,468123
179,20379.073794,470721
180,20379.073794,473325
181,20379.073794,475927
182,20379.073794,478533
183,20379.073794,481137
184,20379.073794,483751
185,20379.073794,486350
186,20379.073794,488958
187,20379.073794,491565
188,20379.073794,494156
189,20379.073794,496745
190,20379.073794,499337
191,20379.073794,501931
192,20379.073794,504532
193,20379.073794,507128
194,20379.073794,509714
195,20379.073794,512311
196,20379.073794,514896
197,20379.073794,517473
198,20379.073794,520081
199,20379.073794,522680
200,20379.073794,525284
201,20379.073794,527871
202,20379.073794,530474
203,20379.073794,533051
204,20379.073794,535639
205,20379.073794,538228
206,20379.073794,540812
207,20379.073794,543406
208,20379.073794,545982
209,20379.073794,548567
210,20379.073794,551151
211,20379.073794,553732
212,20379.073794,556314
213,20379.073794,558895
214,20379.073794,561488
215,20379.073794,564065
216,20379.073794,566633
217,20379.073794,569233
218,20379.073794,571817
219,20379.073794,574405
220,20379.073794,576995
221,20379.073794,579592
222,20379.073794,582193
223,20379.073794,584790
224,20379.073794,587402
225,20379.073794,589990
226,20379.073794,592590
227,20379.073794,595184
228,20379.073794,597780
229,20379.073794,600366
230,20379.073794,602940
231,20379.073794,605516
232,20379.073794,608093
233,20379.073794,610682
234,20379.073794,613270
235,20379.073794,615862
236,20379.073794,618451
237,20379.073794,621039
238,20379.073794,623625
239,20379.073794,626204
240,20379.073794,628795
241,20379.073794,631366
242,20379.073794,633946
243,20379.073794,636526
244,20379.073794,639112
245,20379.073794,641699
246,20379.073794,644291
247,20379.073794,646894
248,20379.073794,649477
249,20379.073794,652066
250,20379.073794,654647
251,20379.073794,657221
252,20379.073794,659812
253,20379.073794,662415
254,20379.073794,665020
255,20379.073794,667617
256,20379.073794,670211
257,20379.073794,672804
258,20379.073794,675393
259,20379.073794,677984
260,20379.073794,680578
261,20379.073794,683156
262,20379.073794,685759
263,20379.073794,688355
264,20379.073794,690950
265,20379.073794,693561
266,20379.073794,696178
267,20379.073794,698792
268,20379.073794,701403
269,20379.073794,704034
270,20379.073794,706654
271,20379.073794,709272
272,20379.073794,711900
273,20379.073794,714502
274,20379.073794,717119
275,20379.073794,719736
276,20379.073794,722360
277,20379.073794,724974
278,20379.073794,727590
279,20379.073794,730201
20379.073794,5.080810
