1,7257.540033,2376
2,7250.896564,5041
3,7245.884381,7706
4,7245.045959,10371
5,7244.782536,13029
6,7244.754985,15673
7,7244.754985,18315
8,7244.754985,20921
9,7244.754985,23472
10,7244.754985,26009
11,7244.754985,28543
12,7244.754985,31035
13,7244.754985,33518
14,7244.754985,35976
15,7244.754985,38440
16,7244.754985,40896
17,7244.754985,43345
18,7244.754985,45788
19,7244.754985,48241
20,7244.754985,50683
21,7244.754985,53111
22,7244.754985,55542
23,7244.754985,57975
24,7244.754985,60407
25,7244.754985,62838
26,7244.754985,65263
27,7244.754985,67686
28,7244.754985,70107
29,7244.754985,72530
30,7244.754985,74970
31,7244.754985,77396
32,7244.754985,79833
33,7244.754985,82258
34,7244.754985,84687
35,7244.754985,87119
36,7244.754985,89558
37,7244.754985,91982
38,7244.754985,94402
39,7244.754985,96817
40,7244.754985,99245
41,7244.754985,101674
42,7244.754985,104090
43,7244.754985,106503
44,7244.754985,108908
45,7244.754985,111317
46,7244.754985,113724
47,7244.754985,116141
48,7244.754985,118561
49,7244.754985,120989
50,7244.754985,123410
51,7244.754985,125830
52,7244.754985,128245
53,7244.754985,130659
54,7244.754985,133067
55,7244.754985,135469
56,7244.754985,137876
57,7244.754985,140275
58,7244.754985,142681
59,7244.754985,145082
60,7244.754985,147478
61,7244.754985,149877
62,7244.754985,152275
63,7244.754985,154670
64,7244.754985,157080
65,7244.754985,159484
66,7244.754985,161888
67,7244.754985,164301
68,7244.754985,166715
69,7244.722003,169124
70,7244.722003,171552
71,7244.722003,173983
72,7244.722003,176408
73,7244.722003,178827
74,7244.722003,181245
75,7244.722003,183672
76,7244.722003,186093
77,7244.722003,188515
78,7244.722003,190943
79,7244.722003,193390
80,7244.722003,195814
81,7244.722003,198239
82,7244.722003,200665
83,7244.722003,203083
84,7244.722003,205499
85,7244.722003,207915
86,7244.722003,210323
87,7244.722003,212721
88,7244.722003,215114
89,7244.722003,217505
90,7244.722003,219898
91,7244.722003,222290
92,7244.722003,224677
93,7244.722003,227068
94,7244.722003,229475
95,7244.722003,231883
96,7244.722003,234302
97,7244.722003,236738
98,7244.722003,239162
99,7244.722003,241600
100,7244.722003,244042
101,7244.722003,246474
102,7244.722003,248901
103,7244.722003,251331
104,7244.722003,253755
105,7244.722003,256163
106,7244.722003,258563
107,7244.722003,260964
108,7244.722003,263376
109,7244.722003,265784
110,7244.722003,268191
111,7244.722003,270590
112,7244.722003,272988
113,7244.722003,275384
114,7244.722003,277777
115,7244.722003,280180
116,7244.722003,282581
117,7244.722003,284997
118,7244.722003,287414
119,7244.722003,289833
120,7244.722003,292253
121,7244.722003,294670
122,7244.722003,297076
123,7244.722003,299490
124,7244.722003,301897
125,7244.722003,304301
126,7244.722003,306714
127,7244.722003,309127
128,7244.722003,311536
129,7244.722003,313932
130,7244.722003,316343
131,7244.722003,318757
132,7244.722003,321182
133,7244.722003,323613
134,7244.722003,326021
135,7244.722003,328432
136,7244.722003,330841
137,7244.722003,333250
138,7244.722003,335668
139,7244.722003,338079
140,7244.722003,340486
141,7244.722003,342891
142,7244.722003,345297
143,7244.722003,347697
144,7244.722003,350096
145,7244.722003,352488
146,7244.722003,354879
147,7244.722003,357270
148,7244.722003,359658
149,7244.722003,362055
150,7244.722003,364450
151,7244.722003,366846
152,7244.722003,369251
153,7244.722003,371686
154,7244.722003,374113
155,7244.722003,376542
156,7244.722003,378969
157,7244.722003,381397
158,7244.722003,383823
159,7244.722003,386243
160,7244.722003,388657
161,7244.722003,391079
162,7244.722003,393491
163,7244.722003,395896
164,7244.722003,398319
165,7244.722003,400735
166,7244.722003,403151
167,7244.722003,405579
168,7244.722003,408014
169,7244.722003,410448
170,7244.722003,412899
171,7244.722003,415329
172,7244.722003,417752
173,7244.722003,420179
174,7244.722003,422607
175,7244.722003,425023
176,7244.722003,427435
177,7244.722003,429843
178,7244.722003,432256
179,7244.722003,434661
180,7244.722003,437080
181,7244.722003,439489
182,7244.722003,441892
183,7244.722003,444299
184,7244.722003,446707
185,7244.722003,449111
186,7244.722003,451517
187,7244.722003,453918
188,7244.722003,456327
189,7244.722003,458739
190,7244.722003,461150
191,7244.722003,463564
192,7244.722003,465972
193,7244.722003,468384
194,7244.722003,470804
195,7244.722003,473231
196,7244.722003,475658
197,7244.722003,478087
198,7244.722003,480515
199,7244.722003,482946
200,7244.722003,485367
201,7244.722003,487796
202,7244.722003,490221
203,7244.722003,492633
204,7244.722003,495046
205,7244.722003,497464
206,7244.722003,499869
207,7244.722003,502276
208,7244.722003,504675
209,7244.722003,507090
210,7244.722003,509495
211,7244.722003,511897
212,7244.722003,514305
213,7244.722003,516708
214,7244.722003,519113
215,7244.722003,521515
216,7244.722003,523916
217,7244.722003,526345
218,7244.722003,528779
219,7244.722003,531198
220,7244.722003,533606
221,7244.722003,536018
222,7244.722003,538452
223,7244.722003,540888
224,7244.722003,543315
225,7244.722003,545734
226,7244.722003,548150
227,7244.722003,550564
228,7244.722003,552969
229,7244.722003,555370
230,7244.722003,557771
231,7244.722003,560173
232,7244.722003,562580
233,7244.722003,564984
234,7244.722003,567393
235,7244.722003,569793
236,7244.722003,572195
237,7244.722003,574600
238,7244.722003,577021
239,7244.722003,579445
240,7244.722003,581866
241,7244.722003,584283
242,7244.722003,586709
243,7244.722003,589118
244,7244.722003,591520
245,7244.722003,593932
246,7244.722003,596341
247,7244.722003,598756
248,7244.722003,601165
249,7244.722003,603570
250,7244.722003,605970
251,7244.722003,608369
252,7244.722003,610775
253,7244.722003,613180
254,7244.722003,615590
255,7244.722003,617994
256,7244.722003,620396
257,7244.722003,622799
258,7244.722003,625198
259,7244.722003,627594
260,7244.722003,629992
261,7244.722003,632392
262,7244.722003,634792
263,7244.722003,637186
264,7244.722003,639586
265,7244.722003,641987
266,7244.722003,644388
267,7244.722003,646788
268,7244.722003,649213
269,7244.722003,651649
270,7244.722003,654097
271,7244.722003,656539
272,7244.722003,658977
273,7244.722003,661417
274,7244.722003,663839
275,7244.722003,666261
276,7244.722003,668687
277,7244.722003,671105
278,7244.722003,673512
279,7244.722003,675940
280,7244.722003,678366
281,7244.722003,680797
282,7244.722003,683241
283,7244.722003,685677
284,7244.722003,688116
285,7244.722003,690538
286,7244.722003,692961
287,7244.722003,695400
288,7244.722003,697843
289,7244.722003,700280
290,7244.722003,702714
291,7244.722003,705145
292,7244.722003,707572
293,7244.722003,710001
294,7244.722003,712439
295,7244.722003,714870
296,7244.722003,717306
297,7244.722003,719739
298,7244.722003,722167
299,7244.722003,724595
7244.722003,1.899574
1,7253.373492,2376
2,7250.358426,5016
3,7245.045959,7656
4,7244.805531,10296
5,7244.782536,12931
6,7244.782536,15558
7,7244.754985,18174
8,7244.754985,20778
9,7244.754985,23303
10,7244.754985,25799
11,7244.754985,28287
12,7244.754985,30769
13,7244.754985,33245
14,7244.754985,35686
15,7244.754985,38128
16,7244.754985,40570
17,7244.754985,43003
18,7244.754985,45431
19,7244.754985,47852
20,7244.754985,50263
21,7244.754985,52685
22,7244.754985,55110
23,7244.754985,57544
24,7244.754985,59976
25,7244.754985,62413
26,7244.754985,64841
27,7244.754985,67279
28,7244.754985,69696
29,7244.754985,72114
30,7244.754985,74525
31,7244.754985,76932
32,7244.754985,79351
33,7244.754985,81773
34,7244.754985,84181
35,7244.754985,86591
36,7244.754985,88999
37,7244.754985,91412
38,7244.754985,93818
39,7244.754985,96220
40,7244.754985,98631
41,7244.754985,101034
42,7244.754985,103432
43,7244.754985,105842
44,7244.754985,108245
45,7244.754985,110654
46,7244.754985,113066
47,7244.754985,115471
48,7244.754985,117878
49,7244.754985,120282
50,7244.754985,122697
51,7244.754985,125117
52,7244.754985,127543
53,7244.754985,129966
54,7244.754985,132381
55,7244.754985,134799
56,7244.754985,137226
57,7244.754985,139646
58,7244.754985,142055
59,7244.754985,144457
60,7244.754985,146852
61,7244.754985,149248
62,7244.754985,151646
63,7244.754985,154052
64,7244.754985,156460
65,7244.754985,158852
66,7244.754985,161249
67,7244.754985,163650
68,7244.754985,166053
69,7244.754985,168453
70,7244.754985,170851
71,7244.754985,173245
72,7244.754985,175660
73,7244.754985,178084
74,7244.754985,180497
75,7244.754985,182918
76,7244.754985,185330
77,7244.754985,187735
78,7244.754985,190136
79,7244.754985,192532
80,7244.754985,194926
81,7244.754985,197321
82,7244.754985,199730
83,7244.754985,202145
84,7244.754985,204572
85,7244.754985,206997
86,7244.754985,209440
87,7244.754985,211872
88,7244.754985,214284
89,7244.754985,216711
90,7244.754985,219129
91,7244.754985,221541
92,7244.754985,223955
93,7244.754985,226361
94,7244.754985,228767
95,7244.754985,231181
96,7244.754985,233596
97,7244.754985,236018
98,7244.754985,238431
99,7244.754985,240848
100,7244.754985,243251
101,7244.754985,245664
102,7244.754985,248070
103,7244.754985,250472
104,7244.754985,252879
105,7244.754985,255290
106,7244.754985,257704
107,7244.754985,260122
108,7244.754985,262564
109,7244.754985,264990
110,7244.754985,267414
111,7244.754985,269846
112,7244.754985,272265
113,7244.754985,274676
114,7244.754985,277092
115,7244.754985,279506
116,7244.754985,281926
117,7244.754985,284349
118,7244.754985,286760
119,7244.754985,289177
120,7244.754985,291590
121,7244.754985,294000
122,7244.754985,296403
123,7244.754985,298807
124,7244.754985,301217
125,7244.754985,303618
126,7244.754985,306023
127,7244.754985,308429
128,7244.754985,310844
129,7244.754985,313252
130,7244.754985,315665
131,7244.754985,318071
132,7244.754985,320477
133,7244.754985,322885
134,7244.754985,325299
135,7244.754985,327709
136,7244.754985,330119
137,7244.754985,332534
138,7244.754985,334949
139,7244.754985,337359
140,7244.754985,339756
141,7244.754985,342160
142,7244.754985,344556
143,7244.754985,346956
144,7244.754985,349359
145,7244.754985,351756
146,7244.754985,354155
147,7244.754985,356557
148,7244.754985,358946
149,7244.754985,361342
150,7244.754985,363742
151,7244.754985,366145
152,7244.754985,368550
153,7244.754985,370952
154,7244.754985,373354
155,7244.754985,375754
156,7244.754985,378150
157,7244.754985,380550
158,7244.754985,382953
159,7244.754985,385353
160,7244.754985,387751
161,7244.754985,390158
162,7244.754985,392556
163,7244.754985,394962
164,7244.754985,397365
165,7244.754985,399759
166,7244.754985,402154
167,7244.754985,404547
168,7244.754985,406938
169,7244.754985,409336
170,7244.754985,411728
171,7244.754985,414119
172,7244.754985,416508
173,7244.754985,418903
174,7244.754985,421296
175,7244.754985,423696
176,7244.754985,426108
177,7244.754985,428519
178,7244.754985,430930
179,7244.754985,433349
180,7244.754985,435779
181,7244.754985,438202
182,7244.754985,440620
183,7244.754985,443043
184,7244.754985,445472
185,7244.754985,447894
186,7244.754985,450307
187,7244.754985,452723
188,7244.754985,455135
189,7244.754985,457541
190,7244.754985,459953
191,7244.754985,462360
192,7244.754985,464768
193,7244.754985,467182
194,7244.754985,469594
195,7244.754985,471993
196,7244.754985,474402
197,7244.754985,476814
198,7244.754985,479235
199,7244.754985,481655
200,7244.754985,484093
201,7244.754985,486532
202,7244.754985,488965
203,7244.754985,491391
204,7244.754985,493804
205,7244.754985,496222
206,7244.754985,498636
207,7244.754985,501051
208,7244.754985,503477
209,7244.754985,505901
210,7244.754985,508332
211,7244.754985,510750
212,7244.754985,513164
213,7244.754985,515565
214,7244.754985,517962
215,7244.754985,520363
216,7244.754985,522765
217,7244.754985,525179
218,7244.754985,527602
219,7244.754985,530034
220,7244.754985,532453
221,7244.754985,534881
222,7244.754985,537304
223,7244.754985,539729
224,7244.754985,542155
225,7244.754985,544590
226,7244.754985,547013
227,7244.754985,549435
228,7244.754985,551862
229,7244.754985,554287
230,7244.754985,556717
231,7244.754985,559161
232,7244.754985,561602
233,7244.754985,564044
234,7244.754985,566462
235,7244.754985,568892
236,7244.754985,571308
237,7244.754985,573725
238,7244.754985,576139
239,7244.754985,578547
240,7244.754985,580968
241,7244.754985,583386
242,7244.754985,585800
243,7244.754985,588210
244,7244.754985,590616
245,7244.754985,593028
246,7244.754985,595437
247,7244.754985,597841
248,7244.754985,600237
249,7244.754985,602638
250,7244.754985,605033
251,7244.754985,607430
252,7244.754985,609825
253,7244.754985,612218
254,7244.754985,614617
255,7244.754985,617021
256,7244.754985,619416
257,7244.754985,621810
258,7244.754985,624211
259,7244.754985,626623
260,7244.754985,629037
261,7244.754985,631452
262,7244.754985,633868
263,7244.754985,636271
264,7244.754985,638683
265,7244.754985,641103
266,7244.754985,643518
267,7244.754985,645945
268,7244.754985,648369
269,7244.754985,650787
270,7244.754985,653208
271,7244.754985,655611
272,7244.754985,658017
273,7244.754985,660415
274,7244.754985,662823
275,7244.754985,665225
276,7244.754985,667630
277,7244.754985,670034
278,7244.754985,672443
279,7244.754985,674867
280,7244.754985,677279
281,7244.754985,679702
282,7244.754985,682131
283,7244.754985,684552
284,7244.754985,686978
285,7244.754985,689394
286,7244.754985,691801
287,7244.754985,694207
288,7244.754985,696610
289,7244.754985,699009
290,7244.754985,701409
291,7244.754985,703817
292,7244.754985,706243
293,7244.754985,708674
294,7244.754985,711104
295,7244.754985,713525
296,7244.754985,715942
297,7244.754985,718349
298,7244.754985,720755
299,7244.754985,723160
300,7244.754985,725565
7244.754985,1.896264
1,7249.998510,2376
2,7249.930373,5037
3,7245.197610,7697
4,7244.805531,10358
5,7244.754985,13013
6,7244.754985,15666
7,7244.754985,18309
8,7244.754985,20924
9,7244.754985,23489
10,7244.754985,26000
11,7244.754985,28521
12,7244.754985,31009
13,7244.754985,33481
14,7244.754985,35938
15,7244.754985,38393
16,7244.754985,40834
17,7244.754985,43279
18,7244.754985,45721
19,7244.754985,48165
20,7244.754985,50599
21,7244.754985,53033
22,7244.754985,55477
23,7244.754985,57907
24,7244.754985,60342
25,7244.754985,62767
26,7244.754985,65201
27,7244.754985,67640
28,7244.754985,70085
29,7244.754985,72532
30,7244.754985,74965
31,7244.754985,77392
32,7244.754985,79828
33,7244.754985,82257
34,7244.754985,84686
35,7244.754985,87122
36,7244.754985,89559
37,7244.754985,92000
38,7244.754985,94428
39,7244.754985,96848
40,7244.754985,99276
41,7244.754985,101697
42,7244.754985,104108
43,7244.754985,106527
44,7244.754985,108955
45,7244.754985,111374
46,7244.754985,113793
47,7244.754985,116202
48,7244.754985,118616
49,7244.754985,121036
50,7244.754985,123441
51,7244.754985,125859
52,7244.754985,128265
53,7244.754985,130674
54,7244.754985,133083
55,7244.754985,135486
56,7244.754985,137898
57,7244.754985,140307
58,7244.754985,142711
59,7244.754985,145126
60,7244.754985,147532
61,7244.754985,149947
62,7244.754985,152360
63,7244.754985,154770
64,7244.754985,157181
65,7244.754985,159585
66,7244.754985,161986
67,7244.754985,164389
68,7244.754985,166788
69,7244.754985,169183
70,7244.754985,171581
71,7244.754985,173988
72,7244.754985,176393
73,7244.754985,178806
74,7244.754985,181204
75,7244.754985,183616
76,7244.754985,186034
77,7244.754985,188439
78,7244.754985,190853
79,7244.754985,193261
80,7244.754985,195665
81,7244.754985,198064
82,7244.754985,200459
83,7244.754985,202863
84,7244.754985,205264
85,7244.754985,207678
86,7244.754985,210088
87,7244.754985,212500
88,7244.754985,214913
89,7244.754985,217338
90,7244.754985,219759
91,7244.754985,222203
92,7244.754985,224633
93,7244.754985,227047
94,7244.754985,229467
95,7244.754985,231878
96,7244.754985,234298
97,7244.754985,236725
98,7244.754985,239145
99,7244.754985,241577
100,7244.754985,244013
101,7244.754985,246438
102,7244.754985,248869
103,7244.754985,251295
104,7244.754985,253718
105,7244.754985,256148
106,7244.754985,258584
107,7244.754985,261012
108,7244.754985,263446
109,7244.754985,265882
110,7244.754985,268299
111,7244.754985,270736
112,7244.754985,273161
113,7244.754985,275593
114,7244.754985,278019
115,7244.754985,280446
116,7244.754985,282865
117,7244.754985,285282
118,7244.754985,287687
119,7244.754985,290095
120,7244.754985,292516
121,7244.754985,294943
122,7244.754985,297356
123,7244.754985,299767
124,7244.754985,302179
125,7244.754985,304582
126,7244.754985,306982
127,7244.754985,309385
128,7244.754985,311793
129,7244.754985,314194
130,7244.754985,316597
131,7244.754985,318994
132,7244.754985,321402
133,7244.754985,323807
134,7244.754985,326203
135,7244.754985,328607
136,7244.754985,331011
137,7244.754985,333426
138,7244.754985,335840
139,7244.754985,338260
140,7244.754985,340671
141,7244.754985,343079
142,7244.754985,345477
143,7244.754985,347882
144,7244.754985,350305
145,7244.754985,352739
146,7244.754985,355171
147,7244.754985,357591
148,7244.754985,359996
149,7244.754985,362402
150,7244.754985,364808
151,7244.754985,367212
152,7244.754985,369613
153,7244.754985,372022
154,7244.754985,374435
155,7244.754985,376851
156,7244.754985,379249
157,7244.754985,381654
158,7244.754985,384056
159,7244.754985,386472
160,7244.754985,388891
161,7244.754985,391302
162,7244.754985,393712
163,7244.754985,396134
164,7244.754985,398549
165,7244.754985,400977
166,7244.754985,403405
167,7244.754985,405830
168,7244.754985,408253
169,7244.754985,410671
170,7244.754985,413080
171,7244.754985,415501
172,7244.754985,417924
173,7244.754985,420343
174,7244.754985,422757
175,7244.754985,425168
176,7244.754985,427582
177,7244.754985,429997
178,7244.754985,432406
179,7244.754985,434809
180,7244.754985,437209
181,7244.754985,439621
182,7244.754985,442042
183,7244.754985,444463
184,7244.754985,446877
185,7244.754985,449291
186,7244.754985,451698
187,7244.754985,454108
188,7244.754985,456520
189,7244.754985,458935
190,7244.754985,461347
191,7244.754985,463772
192,7244.754985,466200
193,7244.754985,468627
194,7244.754985,471055
195,7244.754985,473477
196,7244.754985,475901
197,7244.754985,478313
198,7244.754985,480725
199,7244.754985,483129
200,7244.754985,485557
201,7244.754985,487969
202,7244.754985,490386
203,7244.754985,492798
204,7244.754985,495209
205,7244.754985,497618
206,7244.754985,500022
207,7244.754985,502425
208,7244.754985,504835
209,7244.754985,507245
210,7244.754985,509661
211,7244.754985,512075
212,7244.754985,514482
213,7244.754985,516892
214,7244.754985,519303
215,7244.754985,521711
216,7244.754985,524130
217,7244.754985,526551
218,7244.754985,528980
219,7244.754985,531401
220,7244.754985,533809
221,7244.754985,536228
222,7244.754985,538632
223,7244.754985,541045
224,7244.754985,543447
225,7244.754985,545849
226,7244.754985,548249
227,7244.754985,550652
228,7244.754985,553052
229,7244.754985,555459
230,7244.754985,557866
231,7244.754985,560271
232,7244.754985,562670
233,7244.754985,565076
234,7244.754985,567478
235,7244.754985,569878
236,7244.754985,572278
237,7244.754985,574675
238,7244.754985,577089
239,7244.754985,579502
240,7244.754985,581923
241,7244.754985,584341
242,7244.754985,586781
243,7244.754985,589193
244,7244.754985,591626
245,7244.754985,594059
246,7244.754985,596503
247,7244.754985,598948
248,7244.754985,601382
249,7244.754985,603815
250,7244.754985,606254
251,7244.754985,608664
252,7244.754985,611084
253,7244.754985,613493
254,7244.754985,615903
255,7244.754985,618315
256,7244.754985,620730
257,7244.754985,623139
258,7244.754985,625546
259,7244.754985,627956
260,7244.754985,630365
261,7244.754985,632773
262,7244.754985,635180
263,7244.754985,637606
264,7244.754985,640025
265,7244.754985,642441
266,7244.754985,644852
267,7244.754985,647260
268,7244.754985,649680
269,7244.754985,652093
270,7244.754985,654499
271,7244.754985,656901
272,7244.754985,659298
273,7244.754985,661698
274,7244.754985,664095
275,7244.754985,666498
276,7244.754985,668917
277,7244.754985,671326
278,7244.754985,673767
279,7244.754985,676195
280,7244.754985,678613
281,7244.754985,681028
282,7244.754985,683436
283,7244.754985,685834
284,7244.754985,688230
285,7244.754985,690632
286,7244.754985,693034
287,7244.754985,695434
288,7244.754985,697838
289,7244.754985,700249
290,7244.754985,702658
291,7244.754985,705080
292,7244.754985,707498
293,7244.754985,709906
294,7244.754985,712313
295,7244.754985,714718
296,7244.754985,717132
297,7244.754985,719534
298,7244.754985,721928
299,7244.754985,724321
7244.754985,1.894044
1,7262.180929,2376
2,7262.180929,5034
3,7262.180929,7692
4,7244.967483,10346
5,7244.813465,12993
6,7244.813465,15633
7,7244.754985,18255
8,7244.754985,20863
9,7244.754985,23398
10,7244.754985,25897
11,7244.754985,28401
12,7244.754985,30884
13,7244.754985,33363
14,7244.754985,35831
15,7244.754985,38284
16,7244.754985,40730
17,7244.754985,43173
18,7244.754985,45601
19,7244.754985,48034
20,7244.754985,50476
21,7244.754985,52913
22,7244.754985,55356
23,7244.754985,57794
24,7244.754985,60243
25,7244.754985,62689
26,7244.754985,65128
27,7244.754985,67551
28,7244.754985,69969
29,7244.754985,72384
30,7244.754985,74803
31,7244.754985,77227
32,7244.754985,79635
33,7244.754985,82049
34,7244.754985,84460
35,7244.754985,86882
36,7244.754985,89308
37,7244.754985,91746
38,7244.754985,94200
39,7244.754985,96632
40,7244.754985,99066
41,7244.754985,101489
42,7244.754985,103906
43,7244.754985,106330
44,7244.754985,108746
45,7244.754985,111163
46,7244.754985,113569
47,7244.754985,115976
48,7244.754985,118390
49,7244.754985,120802
50,7244.754985,123216
51,7244.754985,125627
52,7244.754985,128026
53,7244.754985,130441
54,7244.754985,132858
55,7244.754985,135268
56,7244.754985,137672
57,7244.754985,140079
58,7244.754985,142487
59,7244.754985,144887
60,7244.754985,147291
61,7244.754985,149701
62,7244.754985,152111
63,7244.754985,154521
64,7244.754985,156930
65,7244.754985,159348
66,7244.754985,161775
67,7244.754985,164198
68,7244.754985,166605
69,7244.754985,169026
70,7244.754985,171439
71,7244.754985,173861
72,7244.754985,176282
73,7244.754985,178715
74,7244.754985,181143
75,7244.754985,183568
76,7244.754985,185984
77,7244.754985,188394
78,7244.754985,190808
79,7244.754985,193216
80,7244.754985,195621
81,7244.754985,198025
82,7244.754985,200422
83,7244.754985,202829
84,7244.754985,205233
85,7244.754985,207657
86,7244.754985,210081
87,7244.754985,212500
88,7244.754985,214922
89,7244.754985,217337
90,7244.754985,219747
91,7244.754985,222173
92,7244.754985,224594
93,7244.754985,227010
94,7244.754985,229421
95,7244.754985,231846
96,7244.754985,234247
97,7244.754985,236646
98,7244.754985,239046
99,7244.754985,241450
100,7244.754985,243857
101,7244.754985,246261
102,7244.754985,248661
103,7244.754985,251068
104,7244.754985,253472
105,7244.754985,255889
106,7244.754985,258307
107,7244.754985,260718
108,7244.754985,263132
109,7244.754985,265536
110,7244.754985,267951
111,7244.754985,270360
112,7244.754985,272767
113,7244.754985,275170
114,7244.754985,277576
115,7244.754985,279986
116,7244.754985,282390
117,7244.754985,284797
118,7244.754985,287210
119,7244.754985,289631
120,7244.754985,292039
121,7244.754985,294446
122,7244.754985,296857
123,7244.754985,299261
124,7244.754985,301662
125,7244.754985,304058
126,7244.754985,306450
127,7244.754985,308841
128,7244.754985,311232
129,7244.754985,313622
130,7244.754985,316038
131,7244.754985,318443
132,7244.754985,320856
133,7244.754985,323263
134,7244.754985,325675
135,7244.754985,328082
136,7244.754985,330500
137,7244.754985,332918
138,7244.754985,335330
139,7244.754985,337728
140,7244.754985,340131
141,7244.754985,342531
142,7244.754985,344929
143,7244.754985,347325
144,7244.754985,349720
145,7244.754985,352115
146,7244.754985,354507
147,7244.754985,356914
148,7244.754985,359317
149,7244.754985,361728
150,7244.754985,364129
151,7244.754985,366527
152,7244.754985,368925
153,7244.754985,371316
154,7244.754985,373716
155,7244.754985,376111
156,7244.754985,378511
157,7244.754985,380913
158,7244.754985,383306
159,7244.754985,385699
160,7244.754985,388093
161,7244.754985,390497
162,7244.754985,392913
163,7244.754985,395319
164,7244.754985,397727
165,7244.754985,400144
166,7244.754985,402558
167,7244.754985,404977
168,7244.754985,407390
169,7244.754985,409796
170,7244.754985,412209
171,7244.754985,414625
172,7244.754985,417025
173,7244.754985,419419
174,7244.754985,421813
175,7244.754985,424207
176,7244.754985,426614
177,7244.754985,429025
178,7244.754985,431435
179,7244.754985,433836
180,7244.754985,436236
181,7244.754985,438636
182,7244.754985,441049
183,7244.754985,443460
184,7244.754985,445873
185,7244.754985,448306
186,7244.754985,450728
187,7244.754985,453149
188,7244.754985,455568
189,7244.754985,457985
190,7244.754985,460402
191,7244.754985,462814
192,7244.754985,465247
193,7244.754985,467668
194,7244.754985,470090
195,7244.754985,472514
196,7244.754985,474939
197,7244.754985,477366
198,7244.754985,479806
199,7244.754985,482251
200,7244.754985,484690
201,7244.754985,487148
202,7244.754985,489612
203,7244.754985,492057
204,7244.754985,494491
205,7244.754985,496913
206,7244.754985,499354
207,7244.754985,501781
208,7244.754985,504212
209,7244.754985,506639
210,7244.754985,509063
211,7244.754985,511488
212,7244.754985,513909
213,7244.754985,516327
214,7244.754985,518739
215,7244.754985,521168
216,7244.754985,523607
217,7244.754985,526030
218,7244.754985,528471
219,7244.754985,530911
220,7244.754985,533349
221,7244.754985,535791
222,7244.754985,538230
223,7244.754985,540676
224,7244.754985,543132
225,7244.754985,545586
226,7244.754985,548020
227,7244.754985,550451
228,7244.754985,552872
229,7244.754985,555291
230,7244.754985,557712
231,7244.754985,560124
232,7244.754985,562531
233,7244.754985,564953
234,7244.754985,567365
235,7244.754985,569777
236,7244.754985,572191
237,7244.754985,574594
238,7244.754985,577005
239,7244.754985,579412
240,7244.754985,581825
241,7244.754985,584231
242,7244.754985,586632
243,7244.754985,589039
244,7244.754985,591442
245,7244.754985,593835
246,7244.754985,596236
247,7244.754985,598638
248,7244.754985,601051
249,7244.754985,603469
250,7244.754985,605906
251,7244.754985,608339
252,7244.754985,610761
253,7244.754985,613173
254,7244.754985,615600
255,7244.754985,618008
256,7244.754985,620406
257,7244.754985,622810
258,7244.754985,625210
259,7244.754985,627607
260,7244.754985,630010
261,7244.754985,632414
262,7244.754985,634815
263,7244.754985,637221
264,7244.754985,639619
265,7244.754985,642009
266,7244.754985,644398
267,7244.754985,646787
268,7244.754985,649179
269,7244.754985,651575
270,7244.754985,653971
271,7244.754985,656370
272,7244.754985,658770
273,7244.754985,661169
274,7244.754985,663567
275,7244.754985,665969
276,7244.754985,668367
277,7244.754985,670766
278,7244.754985,673176
279,7244.754985,675593
280,7244.754985,678008
281,7244.754985,680410
282,7244.754985,682809
283,7244.754985,685211
284,7244.754985,687605
285,7244.754985,690001
286,7244.754985,692402
287,7244.754985,694822
288,7244.754985,697257
289,7244.754985,699693
290,7244.754985,702124
291,7244.754985,704557
292,7244.754985,707004
293,7244.754985,709443
294,7244.754985,711878
295,7244.754985,714317
296,7244.754985,716758
297,7244.754985,719185
298,7244.754985,721601
299,7244.754985,724015
7244.754985,1.897377
1,7259.631028,2376
2,7256.372092,5000
3,7245.197610,7624
4,7244.813465,10248
5,7244.813465,12869
6,7244.754985,15480
7,7244.754985,18076
8,7244.754985,20652
9,7244.754985,23178
10,7244.754985,25681
11,7244.754985,28171
12,7244.754985,30639
13,7244.754985,33098
14,7244.754985,35559
15,7244.754985,38000
16,7244.754985,40456
17,7244.754985,42893
18,7244.754985,45341
19,7244.754985,47776
20,7244.754985,50207
21,7244.754985,52643
22,7244.754985,55070
23,7244.754985,57488
24,7244.754985,59919
25,7244.754985,62347
26,7244.754985,64769
27,7244.754985,67180
28,7244.754985,69592
29,7244.754985,72004
30,7244.754985,74426
31,7244.754985,76843
32,7244.754985,79255
33,7244.754985,81668
34,7244.754985,84085
35,7244.754985,86499
36,7244.754985,88913
37,7244.754985,91333
38,7244.754985,93747
39,7244.754985,96170
40,7244.754985,98590
41,7244.754985,101016
42,7244.754985,103431
43,7244.754985,105847
44,7244.754985,108257
45,7244.754985,110670
46,7244.754985,113078
47,7244.754985,115486
48,7244.754985,117898
49,7244.754985,120298
50,7244.754985,122711
51,7244.754985,125125
52,7244.754985,127533
53,7244.754985,129946
54,7244.754985,132363
55,7244.754985,134772
56,7244.754985,137179
57,7244.754985,139585
58,7244.754985,141996
59,7244.754985,144404
60,7244.754985,146805
61,7244.754985,149209
62,7244.754985,151619
63,7244.754985,154024
64,7244.754985,156432
65,7244.754985,158838
66,7244.754985,161242
67,7244.754985,163650
68,7244.754985,166053
69,7244.754985,168459
70,7244.754985,170866
71,7244.754985,173281
72,7244.754985,175690
73,7244.754985,178101
74,7244.754985,180515
75,7244.754985,182930
76,7244.754985,185342
77,7244.754985,187743
78,7244.754985,190149
79,7244.754985,192556
80,7244.754985,194952
81,7244.754985,197353
82,7244.754985,199746
83,7244.754985,202154
84,7244.754985,204558
85,7244.754985,206953
86,7244.754985,209357
87,7244.754985,211752
88,7244.754985,214154
89,7244.754985,216558
90,7244.754985,218962
91,7244.754985,221368
92,7244.754985,223768
93,7244.754985,226175
94,7244.754985,228593
95,7244.754985,231020
96,7244.754985,233442
97,7244.754985,235863
98,7244.754985,238274
99,7244.754985,240692
100,7244.754985,243101
101,7244.754985,245505
102,7244.754985,247907
103,7244.754985,250306
104,7244.754985,252701
105,7244.754985,255095
106,7244.754985,257489
107,7244.754985,259882
108,7244.754985,262274
109,7244.754985,264677
110,7244.754985,267076
111,7244.754985,269475
112,7244.754985,271877
113,7244.754985,274276
114,7244.754985,276690
115,7244.754985,279100
116,7244.754985,281502
117,7244.754985,283905
118,7244.754985,286308
119,7244.754985,288707
120,7244.754985,291120
121,7244.754985,293531
122,7244.754985,295968
123,7244.754985,298386
124,7244.754985,300815
125,7244.754985,303235
126,7244.754985,305647
127,7244.754985,308059
128,7244.754985,310479
129,7244.754985,312886
130,7244.754985,315303
131,7244.754985,317711
132,7244.754985,320118
133,7244.754985,322524
134,7244.754985,324930
135,7244.754985,327332
136,7244.754985,329736
137,7244.754985,332139
138,7244.754985,334538
139,7244.754985,336941
140,7244.754985,339342
141,7244.754985,341744
142,7244.754985,344137
143,7244.754985,346529
144,7244.754985,348915
145,7244.754985,351306
146,7244.754985,353696
147,7244.754985,356106
148,7244.754985,358515
149,7244.754985,360938
150,7244.754985,363369
151,7244.754985,365788
152,7244.754985,368214
153,7244.754985,370626
154,7244.754985,373037
155,7244.754985,375447
156,7244.754985,377853
157,7244.754985,380266
158,7244.754985,382670
159,7244.754985,385069
160,7244.754985,387475
161,7244.754985,389878
162,7244.754985,392286
163,7244.754985,394685
164,7244.754985,397082
165,7244.754985,399480
166,7244.754985,401880
167,7244.754985,404282
168,7244.754985,406698
169,7244.754985,409109
170,7244.754985,411511
171,7244.754985,413915
172,7244.754985,416324
173,7244.754985,418725
174,7244.754985,421131
175,7244.754985,423537
176,7244.754985,425933
177,7244.754985,428328
178,7244.754985,430720
179,7244.754985,433116
180,7244.754985,435517
181,7244.754985,437909
182,7244.754985,440300
183,7244.754985,442689
184,7244.754985,445078
185,7244.754985,447470
186,7244.754985,449866
187,7244.754985,452262
188,7244.754985,454664
189,7244.754985,457063
190,7244.754985,459462
191,7244.754985,461866
192,7244.754985,464282
193,7244.754985,466683
194,7244.754985,469087
195,7244.754985,471499
196,7244.754985,473918
197,7244.754985,476339
198,7244.754985,478753
199,7244.754985,481163
200,7244.754985,483578
201,7244.754985,486003
202,7244.754985,488428
203,7244.754985,490842
204,7244.754985,493263
205,7244.754985,495680
206,7244.754985,498089
207,7244.754985,500492
208,7244.754985,502898
209,7244.754985,505314
210,7244.754985,507745
211,7244.754985,510169
212,7244.754985,512595
213,7244.754985,515024
214,7244.754985,517465
215,7244.754985,519912
216,7244.754985,522360
217,7244.754985,524812
218,7244.754985,527258
219,7244.754985,529695
220,7244.754985,532120
221,7244.754985,534536
222,7244.754985,536952
223,7244.754985,539358
224,7244.754985,541766
225,7244.754985,544169
226,7244.754985,546577
227,7244.754985,549000
228,7244.754985,551435
229,7244.754985,553867
230,7244.754985,556292
231,7244.754985,558708
232,7244.754985,561138
233,7244.754985,563567
234,7244.754985,565989
235,7244.754985,568417
236,7244.754985,570846
237,7244.754985,573281
238,7244.754985,575707
239,7244.754985,578122
240,7244.754985,580542
241,7244.754985,582960
242,7244.754985,585382
243,7244.754985,587796
244,7244.754985,590202
245,7244.754985,592611
246,7244.754985,595012
247,7244.754985,597421
248,7244.754985,599825
249,7244.754985,602232
250,7244.754985,604634
251,7244.754985,607042
252,7244.754985,609445
253,7244.754985,611852
254,7244.754985,614255
255,7244.754985,616652
256,7244.754985,619054
257,7244.754985,621453
258,7244.754985,623854
259,7244.754985,626251
260,7244.754985,628647
261,7244.754985,631052
262,7244.754985,633457
263,7244.754985,635897
264,7244.754985,638337
265,7244.754985,640773
266,7244.754985,643214
267,7244.754985,645653
268,7244.754985,648100
269,7244.754985,650528
270,7244.754985,652952
271,7244.754985,655381
272,7244.754985,657800
273,7244.754985,660217
274,7244.754985,662634
275,7244.754985,665054
276,7244.754985,667457
277,7244.754985,669873
278,7244.754985,672287
279,7244.754985,674690
280,7244.754985,677103
281,7244.754985,679521
282,7244.754985,681935
283,7244.754985,684357
284,7244.754985,686784
285,7244.754985,689201
286,7244.754985,691624
287,7244.754985,694057
288,7244.754985,696469
289,7244.754985,698877
290,7244.754985,701286
291,7244.754985,703699
292,7244.754985,706102
293,7244.754985,708505
294,7244.754985,710905
295,7244.754985,713308
296,7244.754985,715709
297,7244.754985,718107
298,7244.754985,720506
299,7244.754985,722900
300,7244.754985,725298
7244.754985,1.885090
1,7255.169938,2376
2,7249.666904,5023
3,7245.170693,7670
4,7244.805531,10316
5,7244.805531,12959
6,7244.805531,15594
7,7244.754985,18219
8,7244.754985,20811
9,7244.754985,23338
10,7244.754985,25855
11,7244.754985,28375
12,7244.754985,30877
13,7244.754985,33378
14,7244.754985,35848
15,7244.754985,38303
16,7244.754985,40745
17,7244.754985,43173
18,7244.754985,45612
19,7244.754985,48039
20,7244.754985,50468
21,7244.754985,52891
22,7244.754985,55320
23,7244.754985,57748
24,7244.754985,60180
25,7244.754985,62600
26,7244.754985,65027
27,7244.754985,67451
28,7244.754985,69863
29,7244.754985,72272
30,7244.754985,74678
31,7244.754985,77093
32,7244.754985,79516
33,7244.754985,81945
34,7244.754985,84372
35,7244.754985,86805
36,7244.754985,89228
37,7244.754985,91664
38,7244.754985,94102
39,7244.754985,96543
40,7244.754985,98974
41,7244.754985,101393
42,7244.754985,103805
43,7244.754985,106221
44,7244.754985,108637
45,7244.754985,111052
46,7244.754985,113457
47,7244.754985,115863
48,7244.754985,118269
49,7244.754985,120676
50,7244.754985,123086
51,7244.754985,125500
52,7244.754985,127915
53,7244.754985,130328
54,7244.754985,132730
55,7244.754985,135139
56,7244.754985,137555
57,7244.754985,139977
58,7244.754985,142396
59,7244.754985,144823
60,7244.754985,147251
61,7244.754985,149669
62,7244.754985,152100
63,7244.754985,154527
64,7244.754985,156948
65,7244.754985,159359
66,7244.754985,161769
67,7244.754985,164178
68,7244.754985,166582
69,7244.754985,168997
70,7244.754985,171412
71,7244.754985,173819
72,7244.754985,176231
73,7244.754985,178647
74,7244.754985,181061
75,7244.754985,183471
76,7244.754985,185875
77,7244.754985,188275
78,7244.754985,190687
79,7244.754985,193096
80,7244.754985,195502
81,7244.754985,197919
82,7244.754985,200319
83,7244.754985,202718
84,7244.754985,205123
85,7244.754985,207531
86,7244.754985,209937
87,7244.754985,212341
88,7244.754985,214746
89,7244.754985,217139
90,7244.754985,219534
91,7244.754985,221948
92,7244.754985,224368
93,7244.754985,226788
94,7244.754985,229210
95,7244.754985,231650
96,7244.754985,234070
97,7244.754985,236493
98,7244.754985,238913
99,7244.754985,241344
100,7244.754985,243773
101,7244.754985,246202
102,7244.754985,248627
103,7244.754985,251041
104,7244.754985,253454
105,7244.754985,255857
106,7244.754985,258256
107,7244.754985,260664
108,7244.754985,263087
109,7244.754985,265507
110,7244.754985,267909
111,7244.754985,270313
112,7244.754985,272711
113,7244.754985,275112
114,7244.754985,277523
115,7244.754985,279927
116,7244.754985,282325
117,7244.754985,284737
118,7244.754985,287146
119,7244.754985,289567
120,7244.754985,291984
121,7244.754985,294403
122,7244.754985,296816
123,7244.754985,299225
124,7244.754985,301626
125,7244.754985,304033
126,7244.754985,306448
127,7244.754985,308860
128,7244.754985,311269
129,7244.754985,313669
130,7244.754985,316077
131,7244.754985,318472
132,7244.754985,320867
133,7244.754985,323275
134,7244.754985,325709
135,7244.754985,328156
136,7244.754985,330601
137,7244.754985,333030
138,7244.754985,335468
139,7244.754985,337904
140,7244.754985,340327
141,7244.754985,342752
142,7244.754985,345172
143,7244.754985,347600
144,7244.754985,350025
145,7244.754985,352445
146,7244.754985,354867
147,7244.754985,357291
148,7244.754985,359713
149,7244.754985,362139
150,7244.754985,364556
151,7244.754985,366980
152,7244.754985,369393
153,7244.754985,371800
154,7244.754985,374201
155,7244.754985,376604
156,7244.754985,379008
157,7244.754985,381408
158,7244.754985,383805
159,7244.754985,386207
160,7244.754985,388610
161,7244.754985,391008
162,7244.754985,393405
163,7244.754985,395803
164,7244.754985,398200
165,7244.754985,400597
166,7244.754985,402991
167,7244.754985,405385
168,7244.754985,407780
169,7244.754985,410169
170,7244.754985,412564
171,7244.754985,414958
172,7244.754985,417357
173,7244.722003,419750
174,7244.722003,422147
175,7244.722003,424551
176,7244.722003,426962
177,7244.722003,429369
178,7244.722003,431782
179,7244.722003,434188
180,7244.722003,436607
181,7244.722003,439012
182,7244.722003,441417
183,7244.722003,443817
184,7244.722003,446224
185,7244.722003,448637
186,7244.722003,451049
187,7244.722003,453461
188,7244.722003,455886
189,7244.722003,458298
190,7244.722003,460720
191,7244.722003,463135
192,7244.722003,465550
193,7244.722003,467963
194,7244.722003,470370
195,7244.722003,472789
196,7244.722003,475198
197,7244.722003,477617
198,7244.722003,480045
199,7244.722003,482464
200,7244.722003,484883
201,7244.722003,487304
202,7244.722003,489710
203,7244.722003,492131
204,7244.722003,494539
205,7244.722003,496956
206,7244.722003,499363
207,7244.722003,501766
208,7244.722003,504162
209,7244.722003,506566
210,7244.722003,508968
211,7244.722003,511371
212,7244.722003,513778
213,7244.722003,516184
214,7244.722003,518591
215,7244.722003,521000
216,7244.722003,523407
217,7244.722003,525809
218,7244.722003,528223
219,7244.722003,530633
220,7244.722003,533033
221,7244.722003,535429
222,7244.722003,537834
223,7244.722003,540253
224,7244.722003,542674
225,7244.722003,545098
226,7244.722003,547526
227,7244.722003,549949
228,7244.722003,552394
229,7244.722003,554841
230,7244.722003,557276
231,7244.722003,559708
232,7244.722003,562121
233,7244.722003,564543
234,7244.722003,566962
235,7244.722003,569382
236,7244.722003,571793
237,7244.722003,574205
238,7244.722003,576614
239,7244.722003,579032
240,7244.722003,581452
241,7244.722003,583861
242,7244.722003,586266
243,7244.722003,588684
244,7244.722003,591100
245,7244.722003,593511
246,7244.722003,595921
247,7244.722003,598329
248,7244.722003,600740
249,7244.722003,603168
250,7244.722003,605606
251,7244.722003,608038
252,7244.722003,610466
253,7244.722003,612882
254,7244.722003,615305
255,7244.722003,617716
256,7244.722003,620131
257,7244.722003,622541
258,7244.722003,624948
259,7244.722003,627347
260,7244.722003,629747
261,7244.722003,632148
262,7244.722003,634541
263,7244.722003,636931
264,7244.722003,639327
265,7244.722003,641724
266,7244.722003,644120
267,7244.722003,646519
268,7244.722003,648917
269,7244.722003,651326
270,7244.722003,653732
271,7244.722003,656138
272,7244.722003,658548
273,7244.722003,660958
274,7244.722003,663371
275,7244.722003,665790
276,7244.722003,668196
277,7244.722003,670604
278,7244.722003,673015
279,7244.722003,675431
280,7244.722003,677841
281,7244.722003,680246
282,7244.722003,682652
283,7244.722003,685052
284,7244.722003,687449
285,7244.722003,689852
286,7244.722003,692255
287,7244.722003,694652
288,7244.722003,697047
289,7244.722003,699442
290,7244.722003,701836
291,7244.722003,704243
292,7244.722003,706662
293,7244.722003,709099
294,7244.722003,711536
295,7244.722003,713973
296,7244.722003,716404
297,7244.722003,718819
298,7244.722003,721233
299,7244.722003,723637
7244.722003,1.894658
1,7255.728417,2376
2,7250.505183,5001
3,7245.197610,7626
4,7245.045959,10251
5,7244.813465,12872
6,7244.754985,15483
7,7244.754985,18083
8,7244.754985,20665
9,7244.754985,23187
10,7244.754985,25667
11,7244.754985,28141
12,7244.754985,30618
13,7244.754985,33092
14,7244.754985,35549
15,7244.754985,37980
16,7244.754985,40425
17,7244.754985,42885
18,7244.754985,45322
19,7244.754985,47757
20,7244.754985,50194
21,7244.754985,52629
22,7244.754985,55060
23,7244.754985,57494
24,7244.754985,59932
25,7244.754985,62370
26,7244.754985,64807
27,7244.754985,67258
28,7244.754985,69693
29,7244.754985,72134
30,7244.754985,74562
31,7244.754985,76985
32,7244.754985,79404
33,7244.754985,81824
34,7244.754985,84250
35,7244.754985,86669
36,7244.754985,89088
37,7244.754985,91501
38,7244.754985,93913
39,7244.754985,96330
40,7244.754985,98746
41,7244.754985,101165
42,7244.754985,103582
43,7244.754985,105993
44,7244.754985,108401
45,7244.754985,110812
46,7244.754985,113223
47,7244.754985,115637
48,7244.754985,118050
49,7244.754985,120455
50,7244.754985,122863
51,7244.754985,125270
52,7244.754985,127667
53,7244.754985,130072
54,7244.754985,132476
55,7244.754985,134880
56,7244.754985,137300
57,7244.754985,139732
58,7244.754985,142150
59,7244.754985,144563
60,7244.754985,146976
61,7244.754985,149386
62,7244.754985,151797
63,7244.754985,154200
64,7244.754985,156620
65,7244.754985,159032
66,7244.754985,161447
67,7244.754985,163860
68,7244.754985,166267
69,7244.754985,168678
70,7244.754985,171107
71,7244.754985,173518
72,7244.754985,175932
73,7244.754985,178348
74,7244.754985,180774
75,7244.754985,183191
76,7244.754985,185603
77,7244.754985,188012
78,7244.754985,190419
79,7244.754985,192823
80,7244.754985,195227
81,7244.754985,197626
82,7244.754985,200024
83,7244.754985,202428
84,7244.754985,204844
85,7244.754985,207248
86,7244.754985,209652
87,7244.754985,212056
88,7244.754985,214454
89,7244.754985,216861
90,7244.754985,219258
91,7244.754985,221654
92,7244.754985,224057
93,7244.754985,226457
94,7244.754985,228856
95,7244.754985,231262
96,7244.754985,233681
97,7244.754985,236105
98,7244.754985,238541
99,7244.754985,240979
100,7244.754985,243412
101,7244.754985,245849
102,7244.754985,248287
103,7244.754985,250719
104,7244.754985,253145
105,7244.754985,255572
106,7244.754985,257997
107,7244.754985,260411
108,7244.754985,262812
109,7244.754985,265213
110,7244.754985,267611
111,7244.754985,270022
112,7244.754985,272430
113,7244.754985,274839
114,7244.754985,277249
115,7244.754985,279652
116,7244.754985,282056
117,7244.754985,284456
118,7244.754985,286857
119,7244.754985,289256
120,7244.754985,291653
121,7244.754985,294059
122,7244.754985,296464
123,7244.754985,298867
124,7244.754985,301267
125,7244.754985,303679
126,7244.754985,306090
127,7244.754985,308505
128,7244.754985,310913
129,7244.754985,313330
130,7244.754985,315745
131,7244.754985,318161
132,7244.754985,320569
133,7244.754985,322971
134,7244.754985,325399
135,7244.754985,327820
136,7244.754985,330244
137,7244.754985,332670
138,7244.754985,335094
139,7244.754985,337514
140,7244.754985,339927
141,7244.754985,342339
142,7244.754985,344745
143,7244.754985,347156
144,7244.754985,349570
145,7244.754985,351980
146,7244.754985,354387
147,7244.754985,356796
148,7244.754985,359197
149,7244.754985,361605
150,7244.754985,364020
151,7244.754985,366444
152,7244.754985,368868
153,7244.754985,371299
154,7244.754985,373728
155,7244.754985,376154
156,7244.754985,378586
157,7244.754985,381017
158,7244.754985,383445
159,7244.754985,385865
160,7244.754985,388284
161,7244.754985,390698
162,7244.754985,393107
163,7244.754985,395507
164,7244.754985,397917
165,7244.754985,400330
166,7244.754985,402739
167,7244.754985,405160
168,7244.754985,407592
169,7244.754985,410012
170,7244.754985,412434
171,7244.754985,414855
172,7244.754985,417264
173,7244.754985,419678
174,7244.754985,422083
175,7244.754985,424495
176,7244.754985,426911
177,7244.754985,429322
178,7244.754985,431727
179,7244.754985,434129
180,7244.754985,436539
181,7244.754985,438948
182,7244.754985,441362
183,7244.754985,443764
184,7244.754985,446168
185,7244.754985,448569
186,7244.754985,450976
187,7244.754985,453382
188,7244.754985,455781
189,7244.754985,458188
190,7244.754985,460590
191,7244.754985,462997
192,7244.754985,465401
193,7244.754985,467802
194,7244.754985,470199
195,7244.754985,472598
196,7244.754985,475014
197,7244.754985,477419
198,7244.754985,479820
199,7244.754985,482224
200,7244.754985,484649
201,7244.754985,487073
202,7244.754985,489496
203,7244.754985,491911
204,7244.754985,494335
205,7244.754985,496761
206,7244.754985,499180
207,7244.754985,501596
208,7244.754985,504012
209,7244.754985,506441
210,7244.754985,508854
211,7244.754985,511276
212,7244.754985,513707
213,7244.754985,516120
214,7244.754985,518523
215,7244.754985,520935
216,7244.754985,523357
217,7244.754985,525765
218,7244.754985,528171
219,7244.754985,530597
220,7244.754985,533015
221,7244.754985,535434
222,7244.754985,537862
223,7244.754985,540287
224,7244.754985,542704
225,7244.754985,545119
226,7244.754985,547534
227,7244.754985,549951
228,7244.754985,552378
229,7244.754985,554803
230,7244.754985,557225
231,7244.754985,559646
232,7244.754985,562068
233,7244.754985,564491
234,7244.754985,566910
235,7244.754985,569334
236,7244.754985,571746
237,7244.754985,574149
238,7244.754985,576568
239,7244.754985,578980
240,7244.754985,581401
241,7244.754985,583819
242,7244.754985,586238
243,7244.754985,588656
244,7244.754985,591073
245,7244.754985,593503
246,7244.754985,595923
247,7244.754985,598342
248,7244.754985,600765
249,7244.754985,603178
250,7244.754985,605591
251,7244.754985,608003
252,7244.754985,610414
253,7244.754985,612823
254,7244.754985,615231
255,7244.754985,617635
256,7244.754985,620036
257,7244.754985,622439
258,7244.754985,624841
259,7244.754985,627245
260,7244.754985,629643
261,7244.754985,632041
262,7244.754985,634444
263,7244.754985,636862
264,7244.754985,639268
265,7244.754985,641677
266,7244.754985,644078
267,7244.754985,646481
268,7244.754985,648881
269,7244.754985,651282
270,7244.754985,653692
271,7244.754985,656106
272,7244.754985,658521
273,7244.754985,660940
274,7244.754985,663356
275,7244.754985,665774
276,7244.754985,668190
277,7244.754985,670596
278,7244.754985,673004
279,7244.754985,675415
280,7244.754985,677819
281,7244.754985,680228
282,7244.754985,682634
283,7244.754985,685048
284,7244.754985,687462
285,7244.754985,689868
286,7244.754985,692277
287,7244.754985,694691
288,7244.754985,697127
289,7244.754985,699556
290,7244.754985,701992
291,7244.754985,704420
292,7244.754985,706843
293,7244.754985,709271
294,7244.754985,711689
295,7244.754985,714105
296,7244.754985,716516
297,7244.754985,718922
298,7244.754985,721332
299,7244.754985,723740
7244.754985,1.911057
1,7252.132909,2376
2,7247.213811,5002
3,7245.045959,7628
4,7244.888224,10251
5,7244.888224,12869
6,7244.754985,15483
7,7244.754985,18084
8,7244.754985,20663
9,7244.754985,23206
10,7244.754985,25728
11,7244.754985,28221
12,7244.754985,30706
13,7244.754985,33167
14,7244.754985,35628
15,7244.754985,38078
16,7244.754985,40517
17,7244.754985,42951
18,7244.754985,45381
19,7244.754985,47798
20,7244.754985,50228
21,7244.754985,52670
22,7244.754985,55100
23,7244.754985,57525
24,7244.754985,59956
25,7244.754985,62379
26,7244.754985,64807
27,7244.754985,67239
28,7244.754985,69658
29,7244.754985,72070
30,7244.754985,74488
31,7244.754985,76910
32,7244.754985,79329
33,7244.754985,81756
34,7244.754985,84179
35,7244.754985,86598
36,7244.754985,89018
37,7244.754985,91446
38,7244.754985,93876
39,7244.754985,96296
40,7244.754985,98716
41,7244.754985,101134
42,7244.754985,103554
43,7244.754985,105977
44,7244.754985,108387
45,7244.754985,110798
46,7244.754985,113215
47,7244.754985,115646
48,7244.754985,118072
49,7244.754985,120497
50,7244.754985,122914
51,7244.754985,125339
52,7244.754985,127752
53,7244.754985,130154
54,7244.754985,132565
55,7244.754985,134985
56,7244.754985,137418
57,7244.754985,139842
58,7244.754985,142261
59,7244.754985,144674
60,7244.754985,147087
61,7244.754985,149505
62,7244.754985,151915
63,7244.754985,154328
64,7244.754985,156742
65,7244.754985,159150
66,7244.754985,161551
67,7244.754985,163947
68,7244.754985,166339
69,7244.754985,168750
70,7244.754985,171154
71,7244.754985,173563
72,7244.754985,175982
73,7244.754985,178399
74,7244.754985,180807
75,7244.754985,183210
76,7244.754985,185623
77,7244.754985,188041
78,7244.754985,190445
79,7244.754985,192861
80,7244.754985,195272
81,7244.754985,197672
82,7244.754985,200090
83,7244.754985,202508
84,7244.754985,204918
85,7244.754985,207321
86,7244.754985,209721
87,7244.754985,212124
88,7244.754985,214521
89,7244.754985,216913
90,7244.754985,219322
91,7244.754985,221726
92,7244.754985,224145
93,7244.754985,226558
94,7244.754985,228960
95,7244.754985,231371
96,7244.754985,233787
97,7244.754985,236191
98,7244.754985,238594
99,7244.754985,240996
100,7244.754985,243400
101,7244.754985,245798
102,7244.754985,248192
103,7244.754985,250586
104,7244.754985,252993
105,7244.754985,255404
106,7244.754985,257808
107,7244.754985,260210
108,7244.754985,262608
109,7244.754985,265017
110,7244.754985,267421
111,7244.754985,269827
112,7244.754985,272229
113,7244.754985,274629
114,7244.754985,277035
115,7244.754985,279446
116,7244.754985,281850
117,7244.754985,284267
118,7244.754985,286676
119,7244.754985,289081
120,7244.754985,291478
121,7244.754985,293877
122,7244.754985,296269
123,7244.754985,298679
124,7244.754985,301087
125,7244.754985,303506
126,7244.754985,305936
127,7244.754985,308351
128,7244.754985,310760
129,7244.754985,313171
130,7244.754985,315578
131,7244.754985,317986
132,7244.754985,320405
133,7244.754985,322849
134,7244.754985,325271
135,7244.754985,327691
136,7244.754985,330111
137,7244.754985,332519
138,7244.754985,334924
139,7244.754985,337334
140,7244.754985,339743
141,7244.754985,342154
142,7244.754985,344561
143,7244.754985,346984
144,7244.754985,349411
145,7244.754985,351845
146,7244.754985,354267
147,7244.754985,356686
148,7244.754985,359098
149,7244.754985,361512
150,7244.754985,363914
151,7244.754985,366315
152,7244.754985,368714
153,7244.754985,371120
154,7244.754985,373535
155,7244.754985,375944
156,7244.754985,378357
157,7244.754985,380767
158,7244.754985,383176
159,7244.754985,385583
160,7244.754985,387990
161,7244.754985,390401
162,7244.754985,392806
163,7244.754985,395211
164,7244.754985,397622
165,7244.754985,400041
166,7244.754985,402458
167,7244.754985,404865
168,7244.754985,407279
169,7244.754985,409681
170,7244.754985,412087
171,7244.754985,414495
172,7244.754985,416895
173,7244.754985,419291
174,7244.754985,421694
175,7244.754985,424093
176,7244.754985,426497
177,7244.754985,428901
178,7244.754985,431299
179,7244.754985,433692
180,7244.754985,436081
181,7244.754985,438479
182,7244.754985,440881
183,7244.754985,443286
184,7244.754985,445712
185,7244.754985,448124
186,7244.754985,450545
187,7244.754985,452970
188,7244.754985,455383
189,7244.754985,457779
190,7244.754985,460175
191,7244.754985,462575
192,7244.754985,464969
193,7244.754985,467379
194,7244.754985,469794
195,7244.754985,472209
196,7244.754985,474628
197,7244.754985,477052
198,7244.754985,479463
199,7244.754985,481876
200,7244.754985,484274
201,7244.754985,486672
202,7244.754985,489080
203,7244.754985,491487
204,7244.754985,493895
205,7244.754985,496303
206,7244.754985,498713
207,7244.754985,501144
208,7244.754985,503578
209,7244.754985,506009
210,7244.754985,508429
211,7244.754985,510851
212,7244.754985,513273
213,7244.754985,515684
214,7244.754985,518087
215,7244.754985,520479
216,7244.754985,522869
217,7244.754985,525261
218,7244.754985,527658
219,7244.754985,530055
220,7244.754985,532457
221,7244.754985,534860
222,7244.754985,537260
223,7244.754985,539665
224,7244.754985,542059
225,7244.754985,544457
226,7244.754985,546858
227,7244.754985,549255
228,7244.754985,551648
229,7244.754985,554045
230,7244.754985,556452
231,7244.754985,558864
232,7244.754985,561269
233,7244.754985,563688
234,7244.754985,566101
235,7244.754985,568528
236,7244.754985,570966
237,7244.754985,573392
238,7244.754985,575814
239,7244.754985,578242
240,7244.754985,580660
241,7244.754985,583072
242,7244.754985,585475
243,7244.754985,587871
244,7244.754985,590269
245,7244.754985,592666
246,7244.754985,595074
247,7244.754985,597486
248,7244.754985,599897
249,7244.754985,602300
250,7244.754985,604702
251,7244.754985,607106
252,7244.754985,609500
253,7244.754985,611897
254,7244.754985,614295
255,7244.754985,616691
256,7244.754985,619087
257,7244.754985,621482
258,7244.754985,623884
259,7244.754985,626285
260,7244.754985,628678
261,7244.754985,631073
262,7244.754985,633469
263,7244.754985,635870
264,7244.754985,638272
265,7244.754985,640683
266,7244.754985,643087
267,7244.754985,645498
268,7244.754985,647900
269,7244.754985,650302
270,7244.754985,652710
271,7244.754985,655125
272,7244.754985,657535
273,7244.754985,659937
274,7244.754985,662344
275,7244.754985,664748
276,7244.754985,667155
277,7244.754985,669560
278,7244.754985,671968
279,7244.754985,674367
280,7244.754985,676765
281,7244.754985,679161
282,7244.754985,681563
283,7244.754985,683956
284,7244.754985,686348
285,7244.754985,688753
286,7244.754985,691157
287,7244.754985,693557
288,7244.754985,695971
289,7244.754985,698383
290,7244.754985,700789
291,7244.754985,703199
292,7244.754985,705604
293,7244.754985,708015
294,7244.754985,710431
295,7244.754985,712838
296,7244.754985,715233
297,7244.754985,717632
298,7244.754985,720021
299,7244.754985,722416
300,7244.754985,724820
7244.754985,1.878841
1,7253.618866,2376
2,7253.618866,5008
3,7245.197610,7640
4,7244.813465,10272
5,7244.754985,12902
6,7244.754985,15522
7,7244.754985,18144
8,7244.754985,20730
9,7244.754985,23259
10,7244.754985,25768
11,7244.754985,28293
12,7244.754985,30772
13,7244.754985,33249
14,7244.754985,35694
15,7244.754985,38132
16,7244.754985,40567
17,7244.754985,43007
18,7244.754985,45441
19,7244.754985,47871
20,7244.754985,50297
21,7244.754985,52704
22,7244.754985,55120
23,7244.754985,57536
24,7244.754985,59945
25,7244.754985,62361
26,7244.754985,64775
27,7244.754985,67186
28,7244.754985,69595
29,7244.754985,72006
30,7244.754985,74435
31,7244.754985,76861
32,7244.754985,79270
33,7244.754985,81679
34,7244.754985,84079
35,7244.754985,86476
36,7244.754985,88873
37,7244.754985,91276
38,7244.754985,93684
39,7244.754985,96086
40,7244.754985,98489
41,7244.754985,100897
42,7244.754985,103288
43,7244.754985,105685
44,7244.754985,108084
45,7244.754985,110486
46,7244.754985,112890
47,7244.754985,115291
48,7244.754985,117696
49,7244.754985,120096
50,7244.754985,122499
51,7244.754985,124897
52,7244.754985,127302
53,7244.754985,129716
54,7244.754985,132125
55,7244.754985,134536
56,7244.754985,136950
57,7244.754985,139377
58,7244.754985,141801
59,7244.754985,144218
60,7244.754985,146621
61,7244.754985,149021
62,7244.754985,151439
63,7244.754985,153865
64,7244.754985,156303
65,7244.754985,158738
66,7244.754985,161170
67,7244.754985,163589
68,7244.754985,166002
69,7244.754985,168422
70,7244.754985,170836
71,7244.754985,173242
72,7244.754985,175645
73,7244.754985,178054
74,7244.754985,180462
75,7244.754985,182863
76,7244.754985,185280
77,7244.754985,187697
78,7244.754985,190117
79,7244.754985,192539
80,7244.754985,194952
81,7244.754985,197367
82,7244.754985,199778
83,7244.754985,202187
84,7244.754985,204583
85,7244.754985,206983
86,7244.754985,209379
87,7244.754985,211782
88,7244.754985,214189
89,7244.754985,216611
90,7244.754985,219029
91,7244.754985,221449
92,7244.754985,223862
93,7244.754985,226272
94,7244.754985,228676
95,7244.754985,231080
96,7244.754985,233487
97,7244.754985,235906
98,7244.754985,238326
99,7244.754985,240746
100,7244.754985,243156
101,7244.754985,245558
102,7244.754985,247957
103,7244.754985,250366
104,7244.754985,252775
105,7244.754985,255171
106,7244.754985,257568
107,7244.754985,259968
108,7244.754985,262364
109,7244.754985,264770
110,7244.754985,267172
111,7244.754985,269583
112,7244.754985,271996
113,7244.754985,274404
114,7244.754985,276800
115,7244.754985,279198
116,7244.754985,281592
117,7244.754985,283981
118,7244.754985,286376
119,7244.754985,288779
120,7244.754985,291175
121,7244.754985,293576
122,7244.754985,295974
123,7244.754985,298390
124,7244.754985,300796
125,7244.754985,303195
126,7244.754985,305598
127,7244.754985,308002
128,7244.754985,310409
129,7244.754985,312810
130,7244.754985,315212
131,7244.754985,317614
132,7244.754985,320006
133,7244.754985,322399
134,7244.754985,324791
135,7244.754985,327185
136,7244.754985,329588
137,7244.754985,331990
138,7244.754985,334386
139,7244.754985,336780
140,7244.754985,339177
141,7244.754985,341587
142,7244.754985,343993
143,7244.754985,346408
144,7244.754985,348823
145,7244.754985,351232
146,7244.754985,353646
147,7244.754985,356046
148,7244.754985,358437
149,7244.754985,360831
150,7244.754985,363230
151,7244.754985,365645
152,7244.754985,368054
153,7244.754985,370464
154,7244.754985,372871
155,7244.754985,375286
156,7244.754985,377710
157,7244.754985,380122
158,7244.754985,382551
159,7244.754985,384966
160,7244.754985,387388
161,7244.754985,389795
162,7244.754985,392195
163,7244.754985,394592
164,7244.754985,396989
165,7244.754985,399385
166,7244.754985,401793
167,7244.754985,404199
168,7244.754985,406606
169,7244.754985,409013
170,7244.754985,411410
171,7244.754985,413807
172,7244.754985,416208
173,7244.754985,418625
174,7244.754985,421041
175,7244.754985,423446
176,7244.754985,425853
177,7244.754985,428256
178,7244.754985,430657
179,7244.754985,433078
180,7244.754985,435490
181,7244.754985,437897
182,7244.754985,440307
183,7244.754985,442719
184,7244.754985,445135
185,7244.754985,447537
186,7244.754985,449933
187,7244.754985,452331
188,7244.754985,454727
189,7244.754985,457124
190,7244.754985,459527
191,7244.754985,461931
192,7244.754985,464321
193,7244.754985,466724
194,7244.754985,469123
195,7244.754985,471522
196,7244.754985,473916
197,7244.754985,476310
198,7244.754985,478702
199,7244.754985,481101
200,7244.754985,483504
201,7244.754985,485907
202,7244.754985,488317
203,7244.754985,490743
204,7244.754985,493158
205,7244.754985,495590
206,7244.754985,498002
207,7244.754985,500406
208,7244.754985,502801
209,7244.754985,505208
210,7244.754985,507611
211,7244.754985,510022
212,7244.754985,512441
213,7244.754985,514855
214,7244.754985,517261
215,7244.754985,519664
216,7244.754985,522078
217,7244.754985,524486
218,7244.754985,526898
219,7244.754985,529302
220,7244.754985,531703
221,7244.754985,534098
222,7244.754985,536495
223,7244.754985,538895
224,7244.754985,541304
225,7244.754985,543718
226,7244.754985,546139
227,7244.754985,548554
228,7244.754985,550981
229,7244.754985,553404
230,7244.754985,555826
231,7244.754985,558238
232,7244.754985,560649
233,7244.754985,563051
234,7244.754985,565454
235,7244.754985,567857
236,7244.754985,570255
237,7244.754985,572658
238,7244.754985,575057
239,7244.754985,577461
240,7244.754985,579870
241,7244.754985,582273
242,7244.754985,584674
243,7244.754985,587076
244,7244.754985,589481
245,7244.754985,591893
246,7244.754985,594315
247,7244.754985,596733
248,7244.754985,599141
249,7244.754985,601553
250,7244.754985,603961
251,7244.754985,606373
252,7244.754985,608782
253,7244.754985,611187
254,7244.754985,613592
255,7244.754985,615996
256,7244.754985,618394
257,7244.754985,620791
258,7244.754985,623196
259,7244.754985,625603
260,7244.754985,628001
261,7244.754985,630402
262,7244.754985,632800
263,7244.754985,635215
264,7244.754985,637625
265,7244.754985,640043
266,7244.754985,642464
267,7244.754985,644880
268,7244.754985,647292
269,7244.754985,649703
270,7244.754985,652107
271,7244.754985,654509
272,7244.754985,656904
273,7244.754985,659299
274,7244.754985,661690
275,7244.754985,664093
276,7244.754985,666493
277,7244.754985,668895
278,7244.754985,671300
279,7244.754985,673705
280,7244.754985,676107
281,7244.754985,678500
282,7244.754985,680893
283,7244.754985,683282
284,7244.754985,685674
285,7244.754985,688062
286,7244.754985,690465
287,7244.754985,692867
288,7244.754985,695268
289,7244.754985,697669
290,7244.754985,700069
291,7244.754985,702473
292,7244.754985,704876
293,7244.754985,707277
294,7244.754985,709709
295,7244.754985,712124
296,7244.754985,714531
297,7244.754985,716941
298,7244.754985,719343
299,7244.754985,721740
300,7244.754985,724135
7244.754985,1.871824
1,7259.447957,2376
2,7252.515428,5035
3,7245.045959,7694
4,7244.813465,10351
5,7244.782536,13006
6,7244.754985,15656
7,7244.754985,18289
8,7244.754985,20899
9,7244.754985,23459
10,7244.754985,25968
11,7244.754985,28469
12,7244.754985,30960
13,7244.754985,33416
14,7244.754985,35878
15,7244.754985,38327
16,7244.754985,40773
17,7244.754985,43201
18,7244.754985,45628
19,7244.754985,48062
20,7244.754985,50501
21,7244.754985,52932
22,7244.754985,55357
23,7244.754985,57790
24,7244.754985,60217
25,7244.754985,62651
26,7244.754985,65080
27,7244.754985,67508
28,7244.754985,69928
29,7244.754985,72340
30,7244.754985,74757
31,7244.754985,77175
32,7244.754985,79586
33,7244.754985,82001
34,7244.754985,84408
35,7244.754985,86821
36,7244.754985,89235
37,7244.754985,91648
38,7244.754985,94061
39,7244.754985,96473
40,7244.754985,98896
41,7244.754985,101307
42,7244.754985,103714
43,7244.754985,106121
44,7244.754985,108521
45,7244.754985,110924
46,7244.754985,113323
47,7244.754985,115728
48,7244.754985,118122
49,7244.754985,120521
50,7244.754985,122921
51,7244.754985,125334
52,7244.754985,127744
53,7244.754985,130164
54,7244.754985,132588
55,7244.754985,135018
56,7244.754985,137432
57,7244.754985,139842
58,7244.754985,142257
59,7244.754985,144656
60,7244.754985,147061
61,7244.754985,149459
62,7244.754985,151847
63,7244.754985,154240
64,7244.754985,156635
65,7244.754985,159033
66,7244.754985,161427
67,7244.754985,163821
68,7244.754985,166211
69,7244.754985,168609
70,7244.754985,171003
71,7244.754985,173404
72,7244.754985,175813
73,7244.754985,178233
74,7244.754985,180664
75,7244.754985,183092
76,7244.754985,185504
77,7244.754985,187915
78,7244.754985,190318
79,7244.754985,192735
80,7244.754985,195151
81,7244.754985,197554
82,7244.754985,199956
83,7244.754985,202362
84,7244.754985,204767
85,7244.754985,207184
86,7244.754985,209588
87,7244.754985,211994
88,7244.754985,214408
89,7244.754985,216812
90,7244.754985,219212
91,7244.754985,221610
92,7244.754985,224015
93,7244.754985,226413
94,7244.754985,228811
95,7244.754985,231204
96,7244.754985,233598
97,7244.754985,235994
98,7244.754985,238392
99,7244.754985,240787
100,7244.754985,243180
101,7244.754985,245572
102,7244.754985,247956
103,7244.754985,250364
104,7244.754985,252759
105,7244.754985,255147
106,7244.754985,257547
107,7244.754985,259961
108,7244.754985,262383
109,7244.754985,264794
110,7244.754985,267203
111,7244.754985,269609
112,7244.754985,272016
113,7244.754985,274428
114,7244.754985,276846
115,7244.754985,279262
116,7244.754985,281672
117,7244.754985,284082
118,7244.754985,286493
119,7244.754985,288897
120,7244.754985,291304
121,7244.754985,293711
122,7244.754985,296112
123,7244.754985,298511
124,7244.754985,300913
125,7244.754985,303315
126,7244.754985,305707
127,7244.754985,308098
128,7244.754985,310513
129,7244.754985,312937
130,7244.754985,315366
131,7244.754985,317792
132,7244.754985,320204
133,7244.754985,322632
134,7244.754985,325048
135,7244.754985,327471
136,7244.754985,329894
137,7244.754985,332307
138,7244.754985,334726
139,7244.754985,337144
140,7244.754985,339561
141,7244.754985,341968
142,7244.754985,344384
143,7244.754985,346790
144,7244.754985,349201
145,7244.754985,351604
146,7244.754985,354017
147,7244.754985,356430
148,7244.754985,358840
149,7244.754985,361247
150,7244.754985,363665
151,7244.754985,366079
152,7244.754985,368494
153,7244.754985,370897
154,7244.754985,373311
155,7244.754985,375739
156,7244.754985,378163
157,7244.754985,380586
158,7244.754985,383010
159,7244.754985,385421
160,7244.754985,387821
161,7244.754985,390227
162,7244.754985,392638
163,7244.754985,395042
164,7244.754985,397439
165,7244.754985,399836
166,7244.754985,402232
167,7244.754985,404630
168,7244.754985,407029
169,7244.754985,409427
170,7244.754985,411823
171,7244.754985,414219
172,7244.754985,416640
173,7244.754985,419067
174,7244.754985,421492
175,7244.754985,423912
176,7244.754985,426332
177,7244.754985,428750
178,7244.754985,431169
179,7244.754985,433579
180,7244.754985,435983
181,7244.754985,438375
182,7244.754985,440766
183,7244.754985,443157
184,7244.754985,445547
185,7244.754985,447938
186,7244.754985,450321
187,7244.754985,452746
188,7244.754985,455160
189,7244.754985,457576
190,7244.754985,460006
191,7244.754985,462422
192,7244.754985,464833
193,7244.754985,467250
194,7244.754985,469654
195,7244.754985,472045
196,7244.754985,474435
197,7244.754985,476826
198,7244.754985,479225
199,7244.754985,481624
200,7244.754985,484041
201,7244.754985,486475
202,7244.754985,488902
203,7244.754985,491332
204,7244.754985,493759
205,7244.754985,496169
206,7244.754985,498572
207,7244.754985,500996
208,7244.754985,503424
209,7244.754985,505841
210,7244.754985,508256
211,7244.754985,510664
212,7244.754985,513080
213,7244.754985,515500
214,7244.754985,517924
215,7244.754985,520341
216,7244.754985,522747
217,7244.754985,525156
218,7244.754985,527576
219,7244.754985,529984
220,7244.754985,532411
221,7244.754985,534831
222,7244.754985,537252
223,7244.754985,539664
224,7244.754985,542072
225,7244.754985,544475
226,7244.754985,546877
227,7244.754985,549280
228,7244.754985,551680
229,7244.754985,554082
230,7244.754985,556476
231,7244.754985,558872
232,7244.754985,561267
233,7244.754985,563660
234,7244.754985,566068
235,7244.754985,568473
236,7244.754985,570886
237,7244.754985,573282
238,7244.754985,575679
239,7244.754985,578075
240,7244.754985,580467
241,7244.754985,582860
242,7244.754985,585276
243,7244.754985,587677
244,7244.754985,590093
245,7244.754985,592501
246,7244.754985,594918
247,7244.754985,597324
248,7244.754985,599733
249,7244.754985,602137
250,7244.754985,604541
251,7244.754985,606935
252,7244.754985,609356
253,7244.754985,611769
254,7244.754985,614210
255,7244.754985,616636
256,7244.754985,619072
257,7244.754985,621498
258,7244.754985,623916
259,7244.754985,626344
260,7244.754985,628753
261,7244.754985,631164
262,7244.754985,633571
263,7244.754985,635972
264,7244.754985,638378
265,7244.754985,640775
266,7244.754985,643187
267,7244.754985,645595
268,7244.754985,648007
269,7244.754985,650427
270,7244.754985,652839
271,7244.754985,655245
272,7244.754985,657649
273,7244.754985,660043
274,7244.754985,662440
275,7244.754985,664836
276,7244.754985,667229
277,7244.754985,669621
278,7244.754985,672007
279,7244.754985,674394
280,7244.754985,676783
281,7244.754985,679179
282,7244.754985,681576
283,7244.754985,683976
284,7244.754985,686373
285,7244.754985,688773
286,7244.754985,691196
287,7244.754985,693629
288,7244.754985,696061
289,7244.754985,698503
290,7244.754985,700933
291,7244.754985,703356
292,7244.754985,705784
293,7244.754985,708221
294,7244.754985,710644
295,7244.754985,713076
296,7244.754985,715497
297,7244.754985,717896
298,7244.754985,720292
299,7244.754985,722690
300,7244.754985,725087
7244.754985,1.885855
