1,19589.206119,2376
2,18725.275344,5040
3,18370.415130,7701
4,18167.439148,10358
5,18111.321629,12997
6,17899.596966,15640
7,17873.666747,18280
8,17766.158499,20926
9,17759.673928,23579
10,17750.541399,26239
11,17732.972028,28900
12,17732.972028,31560
13,17723.319660,34221
14,17701.690784,36880
15,17660.325877,39541
16,17654.477132,42202
17,17639.634426,44862
18,17639.634426,47523
19,17622.947015,50183
20,17622.947015,52843
21,17622.947015,55503
22,17622.947015,58163
23,17622.947015,60824
24,17622.823852,63486
25,17622.823852,66150
26,17622.823852,68814
27,17622.823852,71476
28,17622.823852,74140
29,17622.823852,76803
30,17622.823852,79466
31,17622.823852,82131
32,17622.823852,84796
33,17622.823852,87461
34,17622.823852,90126
35,17622.823852,92791
36,17622.823852,95456
37,17622.823852,98120
38,17622.823852,100784
39,17622.823852,103449
40,17622.823852,106113
41,17622.823852,108776
42,17618.010337,111441
43,17618.010337,114105
44,17618.010337,116770
45,17618.010337,119435
46,17618.010337,122100
47,17618.010337,124765
48,17618.010337,127430
49,17618.010337,130095
50,17618.010337,132760
51,17618.010337,135424
52,17618.010337,138089
53,17612.641572,140754
54,17612.641572,143419
55,17612.641572,146084
56,17612.641572,148749
57,17612.010239,151413
58,17612.010239,154077
59,17612.010239,156742
60,17612.010239,159406
61,17612.010239,162071
62,17612.010239,164736
63,17612.010239,167401
64,17612.010239,170066
65,17612.010239,172731
66,17612.010239,175396
67,17612.010239,178060
68,17612.010239,180724
69,17612.010239,183388
70,17612.010239,186052
71,17612.010239,188716
72,17612.010239,191381
73,17612.010239,194046
74,17612.010239,196711
75,17612.010239,199375
76,17612.010239,202040
77,17612.010239,204703
78,17612.010239,207368
79,17612.010239,210033
80,17612.010239,212698
81,17612.010239,215363
82,17612.010239,218028
83,17612.010239,220692
84,17612.010239,223357
85,17612.010239,226021
86,17612.010239,228686
87,17612.010239,231351
88,17612.010239,234016
89,17612.010239,236680
90,17609.493859,239345
91,17609.493859,242010
92,17609.493859,244675
93,17609.493859,247340
94,17609.493859,250004
95,17609.493859,252669
96,17609.493859,255333
97,17609.493859,257998
98,17609.493859,260662
99,17608.702923,263327
100,17608.702923,265991
101,17608.702923,268656
102,17608.702923,271320
103,17608.702923,273985
104,17608.702923,276650
105,17608.702923,279315
106,17608.702923,281978
107,17608.702923,284643
108,17608.702923,287308
109,17608.702923,289973
110,17608.702923,292638
111,17608.702923,295303
112,17608.702923,297968
113,17608.702923,300632
114,17608.702923,303296
115,17608.702923,305961
116,17608.702923,308626
117,17608.702923,311291
118,17608.702923,313955
119,17608.702923,316620
120,17608.702923,319284
121,17608.702923,321949
122,17608.702923,324614
123,17608.702923,327278
124,17608.702923,329943
125,17608.702923,332608
126,17608.702923,335273
127,17608.702923,337938
128,17608.702923,340603
129,17608.702923,343268
130,17608.702923,345932
131,17608.702923,348596
132,17608.702923,351259
133,17608.702923,353924
134,17608.702923,356588
135,17608.702923,359253
136,17608.702923,361917
137,17608.702923,364581
138,17608.702923,367245
139,17608.702923,369909
140,17608.702923,372570
141,17608.702923,375232
142,17608.702923,377895
143,17608.702923,380558
144,17608.702923,383221
145,17608.702923,385886
146,17608.702923,388551
147,17608.702923,391216
148,17608.702923,393880
149,17608.702923,396545
150,17608.702923,399210
151,17608.702923,401875
152,17608.702923,404540
153,17608.702923,407205
154,17608.702923,409870
155,17608.702923,412535
156,17608.702923,415200
157,17608.702923,417865
158,17608.702923,420530
159,17608.702923,423195
160,17608.702923,425860
161,17608.702923,428525
162,17608.702923,431190
163,17604.322846,433855
164,17604.322846,436520
165,17604.322846,439185
166,17604.322846,441850
167,17604.322846,444515
168,17603.378824,447180
169,17603.378824,449845
170,17601.798770,452510
171,17601.798770,455175
172,17601.798770,457840
173,17601.798770,460505
174,17601.798770,463170
175,17601.798770,465835
176,17601.798770,468500
177,17601.798770,471165
178,17601.798770,473830
179,17601.798770,476495
180,17601.798770,479160
181,17601.798770,481825
182,17601.798770,484490
183,17601.798770,487155
184,17601.798770,489820
185,17601.798770,492485
186,17601.798770,495150
187,17601.798770,497815
188,17601.798770,500480
189,17601.798770,503145
190,17601.798770,505810
191,17601.798770,508475
192,17601.798770,511140
193,17601.798770,513805
194,17601.798770,516470
195,17601.798770,519135
196,17601.798770,521800
197,17601.798770,524465
198,17601.798770,527130
199,17601.798770,529795
200,17601.798770,532460
201,17601.798770,535125
202,17601.798770,537790
203,17601.798770,540455
204,17601.798770,543120
205,17601.798770,545785
206,17601.798770,548450
207,17601.798770,551115
208,17601.798770,553780
209,17601.798770,556445
210,17601.798770,559110
211,17601.798770,561775
212,17601.798770,564440
213,17601.798770,567105
214,17601.798770,569770
215,17601.798770,572435
216,17601.798770,575100
217,17601.798770,577765
218,17601.798770,580430
219,17601.798770,583095
220,17601.798770,585760
221,17601.798770,588425
222,17601.798770,591090
223,17601.798770,593755
224,17601.798770,596420
225,17601.798770,599085
226,17601.798770,601750
227,17601.798770,604415
228,17601.798770,607080
229,17601.798770,609745
230,17601.798770,612410
231,17601.798770,615075
232,17601.798770,617740
233,17601.798770,620405
234,17601.798770,623070
235,17601.798770,625735
236,17601.798770,628400
237,17601.798770,631065
238,17601.798770,633730
239,17601.798770,636395
240,17601.798770,639060
241,17601.798770,641725
242,17601.798770,644390
243,17601.798770,647055
244,17601.798770,649720
245,17601.798770,652385
246,17601.798770,655050
247,17601.798770,657715
248,17601.798770,660380
249,17601.798770,663045
250,17601.798770,665710
251,17601.798770,668375
252,17601.798770,671040
253,17601.798770,673705
254,17601.798770,676370
255,17601.798770,679035
256,17601.798770,681700
257,17601.798770,684365
258,17601.798770,687030
259,17601.798770,689695
260,17601.798770,692360
261,17601.798770,695025
262,17601.798770,697690
263,17601.798770,700355
264,17601.798770,703020
265,17601.798770,705685
266,17601.798770,708350
267,17601.798770,711015
268,17601.798770,713680
269,17601.798770,716345
270,17601.798770,719010
271,17601.798770,721675
272,17601.798770,724340
273,17601.798770,727005
274,17601.798770,729670
275,17601.798770,732335
276,17601.798770,735000
277,17601.798770,737665
278,17601.798770,740330
279,17601.798770,742995
280,17601.798770,745660
281,17601.798770,748325
282,17601.798770,750990
283,17601.798770,753655
284,17601.798770,756320
285,17601.798770,758985
286,17601.798770,761650
287,17601.798770,764315
288,17601.798770,766980
289,17601.798770,769645
290,17601.798770,772310
291,17601.798770,774975
292,17601.798770,777640
293,17601.798770,780305
294,17601.798770,782970
295,17601.798770,785635
296,17601.798770,788300
297,17601.798770,790965
298,17601.798770,793630
299,17601.798770,796295
300,17601.798770,798960
301,17601.798770,801625
302,17601.798770,804290
303,17601.798770,806955
304,17601.798770,809620
305,17601.798770,812285
306,17601.798770,814950
307,17601.798770,817615
17601.798770,83.393535
1,19550.841601,2376
2,18737.451116,5016
3,18407.591678,7654
4,18273.473440,10292
5,18090.298178,12925
6,17986.108777,15545
7,17849.728269,18169
8,17732.729287,20787
9,17711.784608,23415
10,17701.703702,26048
11,17701.703702,28680
12,17692.863316,31310
13,17692.863316,33938
14,17689.999264,36569
15,17668.648525,39202
16,17628.119637,41835
17,17628.119637,44470
18,17625.599083,47106
19,17612.142241,49743
20,17610.819696,52379
21,17608.941165,55016
22,17608.905146,57653
23,17608.905146,60291
24,17608.905146,62928
25,17608.905146,65566
26,17608.905146,68204
27,17608.905146,70843
28,17608.905146,73482
29,17608.905146,76121
30,17608.905146,78760
31,17608.905146,81399
32,17608.905146,84037
33,17608.905146,86676
34,17608.905146,89315
35,17608.905146,91955
36,17608.905146,94595
37,17608.905146,97235
38,17608.905146,99875
39,17608.905146,102515
40,17608.905146,105155
41,17608.905146,107795
42,17608.905146,110435
43,17608.905146,113075
44,17608.905146,115715
45,17608.905146,118355
46,17608.905146,120995
47,17608.905146,123635
48,17608.905146,126275
49,17608.905146,128915
50,17608.905146,131555
51,17608.905146,134195
52,17608.905146,136835
53,17608.905146,139474
54,17608.905146,142114
55,17608.905146,144754
56,17608.905146,147394
57,17608.905146,150034
58,17608.905146,152674
59,17608.905146,155314
60,17608.905146,157954
61,17608.905146,160594
62,17608.905146,163234
63,17608.905146,165874
64,17608.905146,168514
65,17608.905146,171154
66,17608.905146,173794
67,17608.905146,176434
68,17608.905146,179074
69,17608.905146,181714
70,17608.905146,184354
71,17608.905146,186994
72,17608.905146,189634
73,17608.905146,192274
74,17608.905146,194914
75,17608.905146,197554
76,17608.905146,200194
77,17608.905146,202834
78,17608.905146,205474
79,17608.905146,208114
80,17608.905146,210754
81,17608.905146,213394
82,17608.905146,216034
83,17608.905146,218674
84,17608.905146,221314
85,17608.905146,223954
86,17608.905146,226594
87,17608.905146,229234
88,17608.905146,231874
89,17608.905146,234514
90,17608.905146,237154
91,17608.905146,239794
92,17608.905146,242434
93,17608.905146,245074
94,17608.905146,247714
95,17608.905146,250354
96,17608.905146,252994
97,17608.905146,255634
98,17608.905146,258274
99,17608.905146,260914
100,17608.905146,263554
101,17608.905146,266194
102,17608.905146,268834
103,17608.905146,271474
104,17608.905146,274114
105,17608.905146,276754
106,17608.905146,279394
107,17608.905146,282034
108,17608.905146,284674
109,17608.905146,287314
110,17608.905146,289954
111,17608.905146,292594
112,17608.905146,295234
113,17608.905146,297874
114,17608.905146,300514
115,17608.905146,303154
116,17608.905146,305794
117,17608.905146,308434
118,17608.905146,311074
119,17608.905146,313714
120,17608.905146,316354
121,17608.905146,318994
122,17608.905146,321634
123,17608.905146,324274
124,17608.905146,326914
125,17608.905146,329554
126,17608.905146,332194
127,17608.905146,334834
128,17608.905146,337474
129,17608.905146,340114
130,17608.905146,342754
131,17608.905146,345394
132,17608.905146,348034
133,17608.905146,350674
134,17608.905146,353314
135,17608.905146,355954
136,17608.905146,358594
137,17608.905146,361234
138,17608.905146,363874
139,17608.905146,366514
140,17608.905146,369154
141,17608.905146,371794
142,17608.905146,374434
143,17608.905146,377074
144,17608.905146,379714
145,17608.905146,382354
146,17608.905146,384994
147,17608.905146,387634
148,17608.905146,390274
149,17608.905146,392914
150,17608.905146,395554
151,17608.905146,398194
152,17608.905146,400834
153,17608.905146,403474
154,17608.905146,406114
155,17608.905146,408754
156,17608.905146,411394
157,17608.905146,414034
158,17608.905146,416674
159,17608.905146,419314
160,17608.905146,421954
161,17608.905146,424594
162,17608.905146,427234
163,17608.905146,429874
164,17608.905146,432514
165,17608.905146,435154
166,17608.905146,437794
167,17608.905146,440434
168,17608.905146,443074
169,17608.905146,445714
170,17608.905146,448354
171,17608.905146,450994
172,17608.905146,453634
173,17608.905146,456274
174,17608.905146,458914
175,17608.905146,461554
176,17608.905146,464194
177,17608.905146,466834
178,17608.905146,469474
179,17608.905146,472114
180,17608.905146,474754
181,17608.905146,477394
182,17608.905146,480034
183,17608.905146,482674
184,17608.905146,485314
185,17608.905146,487954
186,17608.905146,490594
187,17608.905146,493234
188,17608.905146,495874
189,17608.905146,498514
190,17608.905146,501154
191,17608.905146,503794
192,17608.905146,506434
193,17608.905146,509074
194,17608.905146,511714
195,17608.905146,514354
196,17608.905146,516994
197,17608.905146,519634
198,17608.905146,522274
199,17608.905146,524914
200,17608.905146,527554
201,17608.905146,530194
202,17608.905146,532834
203,17608.905146,535474
204,17608.905146,538114
205,17608.905146,540754
206,17608.905146,543394
207,17608.905146,546034
208,17608.905146,548674
209,17608.905146,551314
210,17608.905146,553954
211,17608.905146,556594
212,17608.905146,559234
213,17608.905146,561874
214,17608.905146,564514
215,17608.905146,567154
216,17608.905146,569794
217,17608.905146,572434
218,17608.905146,575074
219,17608.905146,577714
220,17608.905146,580354
221,17608.905146,582994
222,17608.905146,585634
223,17608.905146,588274
224,17608.905146,590914
225,17608.905146,593554
226,17608.905146,596194
227,17604.413395,598834
228,17604.413395,601474
229,17604.413395,604114
230,17604.413395,606754
231,17604.413395,609394
232,17604.413395,612034
233,17604.413395,614674
234,17604.413395,617314
235,17604.413395,619954
236,17604.413395,622594
237,17604.413395,625234
238,17604.413395,627874
239,17604.413395,630514
240,17604.413395,633154
241,17604.413395,635794
242,17604.413395,638434
243,17604.413395,641074
244,17604.413395,643714
245,17604.413395,646354
246,17604.413395,648994
247,17604.413395,651634
248,17604.413395,654274
249,17604.413395,656914
250,17604.413395,659554
251,17604.413395,662194
252,17604.413395,664834
253,17604.413395,667474
254,17604.413395,670114
255,17604.413395,672754
256,17604.413395,675394
257,17604.413395,678034
258,17604.413395,680674
259,17604.413395,683314
260,17604.413395,685954
261,17604.413395,688594
262,17604.413395,691234
263,17604.413395,693874
264,17604.413395,696514
265,17604.413395,699154
266,17604.413395,701794
267,17604.413395,704434
268,17604.413395,707074
269,17604.413395,709714
270,17604.413395,712354
271,17604.413395,714994
272,17604.413395,717634
273,17604.413395,720274
274,17604.413395,722914
275,17604.413395,725554
276,17604.413395,728194
277,17604.413395,730834
278,17604.413395,733474
279,17604.413395,736114
280,17604.413395,738754
281,17604.413395,741394
282,17604.413395,744034
283,17604.413395,746674
284,17604.413395,749314
285,17604.413395,751954
286,17604.413395,754594
287,17604.413395,757234
288,17604.413395,759874
289,17604.413395,762514
290,17604.413395,765154
291,17604.413395,767794
292,17604.413395,770434
293,17604.413395,773074
294,17604.413395,775714
295,17604.413395,778354
296,17604.413395,780994
297,17604.413395,783634
298,17604.413395,786274
299,17604.413395,788914
300,17604.413395,791554
301,17604.413395,794194
302,17604.413395,796834
303,17604.413395,799474
304,17604.413395,802114
305,17604.413395,804754
306,17604.413395,807394
307,17604.413395,810034
308,17604.413395,812674
309,17604.413395,815314
310,17604.413395,817954
17604.413395,83.454114
1,19541.677063,2376
2,19158.629302,5037
3,18356.065610,7696
4,18188.012092,10351
5,18101.671104,13004
6,17884.033765,15648
7,17799.038730,18291
8,17758.447353,20924
9,17750.843081,23565
10,17750.843081,26208
11,17724.791662,28857
12,17719.404266,31502
13,17693.644873,34151
14,17693.644873,36805
15,17693.448029,39459
16,17693.448029,42116
17,17655.042374,44772
18,17651.489611,47426
19,17651.489611,50081
20,17641.355350,52736
21,17631.689542,55391
22,17631.689542,58046
23,17631.689542,60702
24,17631.689542,63360
25,17625.288123,66019
26,17625.288123,68680
27,17625.288123,71340
28,17625.288123,73999
29,17625.288123,76658
30,17623.449259,79317
31,17623.449259,81977
32,17623.449259,84637
33,17622.439075,87297
34,17622.439075,89958
35,17622.439075,92618
36,17615.902524,95279
37,17615.902524,97939
38,17615.902524,100600
39,17615.902524,103261
40,17613.503042,105921
41,17613.317697,108582
42,17613.317697,111243
43,17613.317697,113904
44,17613.317697,116564
45,17613.317697,119224
46,17613.317697,121885
47,17613.317697,124546
48,17613.317697,127206
49,17613.317697,129867
50,17613.317697,132526
51,17613.317697,135187
52,17613.317697,137848
53,17613.317697,140509
54,17613.317697,143167
55,17613.317697,145825
56,17613.317697,148486
57,17613.317697,151147
58,17613.317697,153808
59,17613.317697,156467
60,17613.317697,159128
61,17613.317697,161788
62,17613.317697,164449
63,17613.317697,167110
64,17613.317697,169771
65,17613.317697,172432
66,17613.317697,175093
67,17613.317697,177754
68,17613.317697,180415
69,17613.317697,183073
70,17613.317697,185732
71,17613.317697,188392
72,17613.317697,191053
73,17613.317697,193714
74,17613.317697,196370
75,17613.317697,199030
76,17613.317697,201691
77,17613.317697,204352
78,17613.317697,207013
79,17613.317697,209674
80,17613.317697,212335
81,17613.317697,214996
82,17613.317697,217657
83,17613.317697,220318
84,17613.317697,222979
85,17613.317697,225638
86,17613.317697,228298
87,17613.317697,230959
88,17613.317697,233620
89,17613.317697,236279
90,17613.317697,238935
91,17613.317697,241594
92,17613.317697,244252
93,17613.317697,246911
94,17613.317697,249569
95,17613.317697,252225
96,17613.317697,254884
97,17613.317697,257542
98,17613.317697,260202
99,17613.317697,262862
100,17613.317697,265522
101,17613.317697,268181
102,17613.317697,270840
103,17613.317697,273500
104,17613.317697,276159
105,17613.317697,278818
106,17613.317697,281476
107,17613.317697,284136
108,17613.317697,286795
109,17613.193411,289456
110,17608.185625,292117
111,17608.185625,294778
112,17608.185625,297437
113,17608.185625,300097
114,17608.185625,302758
115,17608.185625,305418
116,17608.185625,308079
117,17606.885404,310740
118,17606.885404,313401
119,17606.885404,316062
120,17606.885404,318722
121,17606.885404,321383
122,17606.885404,324044
123,17605.360015,326704
124,17605.360015,329365
125,17605.360015,332026
126,17605.360015,334686
127,17605.360015,337346
128,17605.360015,340007
129,17605.360015,342668
130,17605.310585,345327
131,17605.310585,347988
132,17605.310585,350649
133,17605.310585,353310
134,17605.310585,355971
135,17605.310585,358632
136,17605.310585,361293
137,17605.310585,363954
138,17605.310585,366615
139,17605.310585,369275
140,17605.310585,371936
141,17605.310585,374597
142,17604.019265,377257
143,17604.019265,379918
144,17604.019265,382578
145,17604.019265,385239
146,17604.019265,387900
147,17604.019265,390561
148,17604.019265,393222
149,17604.019265,395883
150,17604.019265,398544
151,17604.019265,401205
152,17604.019265,403866
153,17604.019265,406527
154,17604.019265,409187
155,17604.019265,411848
156,17604.019265,414508
157,17604.019265,417169
158,17604.019265,419829
159,17604.019265,422488
160,17604.019265,425149
161,17604.019265,427809
162,17604.019265,430470
163,17604.019265,433131
164,17604.019265,435792
165,17604.019265,438452
166,17604.019265,441112
167,17604.019265,443772
168,17604.019265,446432
169,17604.019265,449092
170,17604.019265,451753
171,17604.019265,454414
172,17604.019265,457073
173,17604.019265,459734
174,17604.019265,462394
175,17604.019265,465055
176,17604.019265,467716
177,17604.019265,470375
178,17604.019265,473035
179,17604.019265,475696
180,17604.019265,478356
181,17604.019265,481017
182,17604.019265,483678
183,17604.019265,486338
184,17604.019265,488998
185,17604.019265,491658
186,17604.019265,494319
187,17604.019265,496980
188,17604.019265,499641
189,17604.019265,502302
190,17604.019265,504963
191,17604.019265,507624
192,17604.019265,510284
193,17604.019265,512944
194,17604.019265,515605
195,17604.019265,518266
196,17604.019265,520927
197,17604.019265,523588
198,17604.019265,526249
199,17604.019265,528910
200,17604.019265,531571
201,17604.019265,534232
202,17604.019265,536892
203,17604.019265,539553
204,17604.019265,542214
205,17604.019265,544875
206,17604.019265,547536
207,17604.019265,550197
208,17604.019265,552858
209,17604.019265,555519
210,17604.019265,558180
211,17604.019265,560841
212,17604.019265,563502
213,17604.019265,566162
214,17604.019265,568823
215,17604.019265,571484
216,17604.019265,574145
217,17604.019265,576806
218,17604.019265,579467
219,17604.019265,582128
220,17604.019265,584789
221,17604.019265,587450
222,17604.019265,590111
223,17604.019265,592772
224,17604.019265,595433
225,17604.019265,598094
226,17604.019265,600755
227,17604.019265,603416
228,17604.019265,606077
229,17604.019265,608738
230,17604.019265,611399
231,17604.019265,614060
232,17604.019265,616721
233,17604.019265,619382
234,17604.019265,622043
235,17604.019265,624704
236,17604.019265,627365
237,17604.019265,630026
238,17604.019265,632687
239,17604.019265,635348
240,17604.019265,638009
241,17604.019265,640670
242,17604.019265,643331
243,17604.019265,645992
244,17604.019265,648653
245,17604.019265,651314
246,17604.019265,653975
247,17604.019265,656636
248,17604.019265,659297
249,17604.019265,661958
250,17604.019265,664618
251,17604.019265,667279
252,17604.019265,669939
253,17604.019265,672600
254,17604.019265,675260
255,17604.019265,677920
256,17604.019265,680581
257,17604.019265,683242
258,17604.019265,685903
259,17604.019265,688564
260,17604.019265,691225
261,17604.019265,693886
262,17604.019265,696547
263,17604.019265,699208
264,17604.019265,701869
265,17604.019265,704530
266,17604.019265,707191
267,17604.019265,709852
268,17604.019265,712513
269,17604.019265,715174
270,17604.019265,717835
271,17604.019265,720496
272,17604.019265,723157
273,17604.019265,725818
274,17604.019265,728479
275,17604.019265,731140
276,17604.019265,733801
277,17604.019265,736462
278,17604.019265,739123
279,17604.019265,741784
280,17604.019265,744445
281,17604.019265,747106
282,17604.019265,749767
283,17604.019265,752428
284,17604.019265,755089
285,17604.019265,757750
286,17604.019265,760411
287,17604.019265,763072
288,17604.019265,765733
289,17604.019265,768394
290,17604.019265,771055
291,17604.019265,773716
292,17604.019265,776377
293,17604.019265,779038
294,17604.019265,781699
295,17604.019265,784360
296,17604.019265,787021
297,17604.019265,789682
298,17604.019265,792343
299,17604.019265,795004
300,17604.019265,797665
301,17604.019265,800326
302,17604.019265,802987
303,17604.019265,805648
304,17604.019265,808309
305,17604.019265,810970
306,17604.019265,813631
307,17604.019265,816292
308,17604.019265,818953
17604.019265,83.777876
1,19524.154549,2376
2,18695.608908,5031
3,18359.429827,7684
4,18176.664366,10333
5,18068.929301,12974
6,17859.600254,15610
7,17810.886253,18234
8,17788.099395,20873
9,17765.227353,23522
10,17723.294099,26173
11,17707.885191,28822
12,17699.420344,31474
13,17699.420344,34129
14,17699.420344,36784
15,17659.658300,39437
16,17659.658300,42091
17,17659.658300,44743
18,17649.439382,47397
19,17648.232576,50053
20,17646.092310,52709
21,17642.886711,55367
22,17642.886711,58024
23,17642.886711,60681
24,17642.886711,63338
25,17642.886711,65994
26,17633.402301,68650
27,17632.994999,71307
28,17632.994999,73962
29,17632.994999,76618
30,17632.994999,79275
31,17624.900530,81933
32,17624.189885,84591
33,17624.189885,87249
34,17624.189885,89907
35,17624.189885,92565
36,17624.189885,95223
37,17624.189885,97880
38,17624.189885,100537
39,17624.189885,103195
40,17624.189885,105852
41,17624.189885,108509
42,17624.189885,111167
43,17624.189885,113825
44,17624.189885,116483
45,17624.189885,119141
46,17616.237907,121799
47,17616.237907,124457
48,17613.235919,127115
49,17612.930934,129773
50,17612.930934,132431
51,17612.930934,135089
52,17612.930934,137747
53,17612.930934,140405
54,17612.930934,143063
55,17612.930934,145721
56,17612.930934,148379
57,17612.930934,151037
58,17612.930934,153695
59,17612.930934,156353
60,17612.930934,159011
61,17612.930934,161669
62,17612.930934,164327
63,17612.930934,166985
64,17612.930934,169643
65,17612.930934,172301
66,17612.930934,174959
67,17612.930934,177617
68,17612.930934,180275
69,17612.930934,182933
70,17612.930934,185591
71,17610.209185,188249
72,17610.209185,190907
73,17610.209185,193565
74,17610.209185,196223
75,17610.209185,198881
76,17610.209185,201539
77,17610.209185,204197
78,17610.209185,206855
79,17610.209185,209513
80,17610.209185,212171
81,17610.209185,214829
82,17610.209185,217487
83,17610.209185,220145
84,17610.209185,222803
85,17610.209185,225461
86,17610.209185,228119
87,17610.209185,230777
88,17610.209185,233435
89,17610.209185,236093
90,17610.209185,238751
91,17610.209185,241409
92,17610.209185,244067
93,17610.209185,246725
94,17610.209185,249383
95,17610.209185,252041
96,17610.209185,254699
97,17610.209185,257357
98,17610.209185,260015
99,17610.209185,262673
100,17610.209185,265331
101,17610.209185,267989
102,17610.209185,270647
103,17610.209185,273305
104,17610.209185,275963
105,17610.209185,278621
106,17610.209185,281279
107,17610.209185,283937
108,17610.209185,286595
109,17610.209185,289253
110,17610.209185,291911
111,17610.209185,294569
112,17610.209185,297227
113,17610.209185,299885
114,17610.209185,302543
115,17610.209185,305201
116,17610.209185,307859
117,17610.209185,310517
118,17610.209185,313175
119,17610.209185,315833
120,17610.209185,318491
121,17610.209185,321149
122,17610.209185,323807
123,17610.209185,326465
124,17610.209185,329123
125,17610.209185,331781
126,17610.209185,334439
127,17610.209185,337097
128,17610.209185,339755
129,17610.209185,342413
130,17610.209185,345071
131,17610.209185,347729
132,17610.209185,350387
133,17610.209185,353045
134,17610.209185,355703
135,17610.209185,358361
136,17610.209185,361019
137,17610.209185,363677
138,17610.209185,366335
139,17610.209185,368993
140,17610.209185,371651
141,17610.209185,374309
142,17610.209185,376967
143,17610.209185,379625
144,17610.209185,382283
145,17610.209185,384941
146,17607.078692,387599
147,17607.078692,390257
148,17607.078692,392915
149,17607.078692,395573
150,17607.078692,398231
151,17607.078692,400889
152,17607.078692,403547
153,17607.078692,406205
154,17607.078692,408863
155,17607.078692,411521
156,17607.078692,414179
157,17607.078692,416837
158,17607.078692,419495
159,17607.078692,422153
160,17607.078692,424811
161,17607.078692,427469
162,17607.078692,430127
163,17607.078692,432785
164,17607.078692,435443
165,17607.078692,438101
166,17607.078692,440759
167,17607.078692,443417
168,17607.078692,446075
169,17604.978467,448733
170,17604.978467,451391
171,17604.978467,454049
172,17604.978467,456707
173,17604.978467,459365
174,17604.978467,462023
175,17604.978467,464681
176,17604.978467,467339
177,17604.978467,469997
178,17604.978467,472655
179,17604.978467,475313
180,17604.978467,477971
181,17604.978467,480629
182,17604.978467,483287
183,17604.978467,485945
184,17604.978467,488603
185,17604.978467,491261
186,17604.978467,493919
187,17604.978467,496577
188,17604.978467,499235
189,17604.978467,501893
190,17604.978467,504551
191,17604.978467,507209
192,17604.978467,509867
193,17604.978467,512525
194,17604.978467,515183
195,17604.978467,517841
196,17604.978467,520499
197,17604.978467,523157
198,17604.978467,525815
199,17604.978467,528473
200,17604.978467,531131
201,17604.978467,533789
202,17604.978467,536447
203,17604.978467,539105
204,17604.978467,541763
205,17604.978467,544421
206,17604.978467,547079
207,17604.978467,549737
208,17604.978467,552395
209,17604.978467,555053
210,17604.978467,557711
211,17604.978467,560369
212,17604.978467,563027
213,17604.978467,565685
214,17604.978467,568343
215,17604.978467,571001
216,17604.978467,573659
217,17604.978467,576317
218,17604.978467,578975
219,17604.978467,581633
220,17604.978467,584291
221,17604.978467,586949
222,17604.978467,589607
223,17604.978467,592265
224,17604.978467,594923
225,17604.978467,597581
226,17604.978467,600239
227,17604.978467,602897
228,17604.978467,605555
229,17604.978467,608213
230,17604.978467,610871
231,17604.978467,613529
232,17604.978467,616187
233,17604.978467,618845
234,17604.978467,621503
235,17604.978467,624161
236,17604.978467,626819
237,17604.978467,629477
238,17604.978467,632135
239,17604.978467,634793
240,17604.978467,637451
241,17604.978467,640109
242,17604.978467,642767
243,17604.978467,645425
244,17604.978467,648083
245,17604.978467,650741
246,17604.978467,653399
247,17604.978467,656057
248,17604.978467,658715
249,17604.978467,661373
250,17604.978467,664031
251,17604.978467,666689
252,17604.978467,669347
253,17604.978467,672005
254,17604.978467,674663
255,17604.978467,677321
256,17604.978467,679979
257,17604.978467,682637
258,17604.978467,685295
259,17604.978467,687953
260,17604.978467,690611
261,17604.978467,693269
262,17604.978467,695927
263,17604.978467,698585
264,17604.978467,701243
265,17604.978467,703901
266,17604.978467,706559
267,17604.978467,709217
268,17604.978467,711875
269,17604.978467,714533
270,17604.978467,717191
271,17604.978467,719849
272,17604.978467,722507
273,17604.978467,725165
274,17604.978467,727823
275,17604.978467,730481
276,17604.978467,733139
277,17604.978467,735797
278,17604.978467,738455
279,17604.978467,741113
280,17604.978467,743771
281,17604.978467,746429
282,17604.978467,749087
283,17604.978467,751745
284,17604.978467,754403
285,17604.978467,757061
286,17604.978467,759719
287,17604.978467,762377
288,17604.978467,765035
289,17604.978467,767693
290,17604.978467,770351
291,17604.978467,773009
292,17604.978467,775667
293,17604.978467,778325
294,17604.978467,780983
295,17604.978467,783641
296,17604.978467,786299
297,17604.978467,788957
298,17604.978467,791615
299,17604.978467,794273
300,17604.978467,796931
301,17604.978467,799589
302,17604.978467,802247
303,17604.978467,804905
304,17604.978467,807563
305,17604.978467,810221
306,17604.978467,812879
307,17604.978467,815537
308,17604.978467,818195
17604.978467,82.993433
1,19553.285216,2376
2,18700.856546,5000
3,18337.225591,7624
4,18209.887142,10245
5,18049.862807,12860
6,17886.202416,15475
7,17775.452851,18086
8,17775.452851,20692
9,17746.151100,23309
10,17731.739644,25929
11,17731.739644,28546
12,17711.281215,31167
13,17702.823911,33788
14,17679.596129,36410
15,17660.205531,39032
16,17627.303575,41655
17,17627.303575,44278
18,17625.799223,46901
19,17622.188859,49524
20,17622.188859,52144
21,17622.188859,54768
22,17622.188859,57392
23,17620.778503,60013
24,17620.778503,62632
25,17616.192868,65250
26,17616.192868,67869
27,17616.192868,70490
28,17616.192868,73113
29,17616.192868,75737
30,17616.192868,78361
31,17616.192868,80985
32,17616.192868,83608
33,17616.192868,86231
34,17616.192868,88853
35,17616.192868,91476
36,17616.192868,94100
37,17615.945516,96724
38,17615.945516,99347
39,17615.945516,101970
40,17615.945516,104594
41,17615.945516,107218
42,17611.768703,109842
43,17611.768703,112465
44,17611.768703,115089
45,17611.768703,117713
46,17611.768703,120336
47,17611.768703,122959
48,17611.768703,125583
49,17611.768703,128206
50,17611.768703,130829
51,17611.768703,133453
52,17611.768703,136077
53,17611.768703,138701
54,17611.768703,141325
55,17611.768703,143949
56,17611.768703,146572
57,17611.768703,149196
58,17611.768703,151820
59,17609.980456,154444
60,17609.980456,157068
61,17609.980456,159692
62,17609.980456,162316
63,17609.980456,164940
64,17609.980456,167564
65,17609.980456,170188
66,17609.980456,172811
67,17609.980456,175435
68,17609.980456,178059
69,17609.980456,180683
70,17609.980456,183307
71,17609.980456,185930
72,17609.980456,188553
73,17609.980456,191176
74,17609.980456,193799
75,17609.980456,196422
76,17609.980456,199045
77,17609.980456,201669
78,17609.980456,204293
79,17609.980456,206917
80,17609.980456,209541
81,17609.980456,212165
82,17609.980456,214789
83,17607.509278,217412
84,17607.509278,220036
85,17607.509278,222660
86,17607.509278,225284
87,17607.509278,227908
88,17607.509278,230532
89,17607.509278,233156
90,17607.509278,235780
91,17607.509278,238404
92,17607.509278,241028
93,17607.509278,243652
94,17607.509278,246276
95,17607.509278,248900
96,17607.509278,251524
97,17607.509278,254148
98,17606.467518,256772
99,17606.467518,259396
100,17606.467518,262020
101,17606.467518,264643
102,17606.467518,267267
103,17606.467518,269890
104,17606.467518,272513
105,17606.467518,275137
106,17606.467518,277760
107,17606.467518,280383
108,17606.467518,283006
109,17606.467518,285627
110,17606.467518,288251
111,17606.467518,290875
112,17606.467518,293498
113,17606.467518,296122
114,17606.467518,298745
115,17606.467518,301367
116,17606.467518,303991
117,17606.467518,306615
118,17606.467518,309238
119,17606.467518,311862
120,17606.467518,314486
121,17606.467518,317110
122,17606.467518,319734
123,17606.467518,322358
124,17606.467518,324982
125,17606.467518,327606
126,17606.467518,330230
127,17606.467518,332854
128,17606.467518,335478
129,17606.467518,338102
130,17606.467518,340726
131,17606.467518,343348
132,17606.467518,345971
133,17606.467518,348594
134,17606.467518,351217
135,17606.467518,353839
136,17606.467518,356462
137,17606.467518,359084
138,17606.467518,361706
139,17606.467518,364329
140,17606.467518,366953
141,17606.467518,369576
142,17606.467518,372199
143,17606.467518,374822
144,17606.467518,377445
145,17606.467518,380067
146,17606.467518,382690
147,17606.467518,385313
148,17606.467518,387936
149,17606.467518,390559
150,17606.467518,393181
151,17606.467518,395804
152,17606.467518,398427
153,17606.467518,401051
154,17606.467518,403675
155,17606.467518,406299
156,17606.467518,408923
157,17606.467518,411547
158,17606.467518,414170
159,17606.467518,416794
160,17606.467518,419418
161,17606.467518,422042
162,17606.467518,424666
163,17606.467518,427290
164,17606.467518,429914
165,17604.300931,432538
166,17604.300931,435162
167,17604.300931,437786
168,17604.300931,440410
169,17604.300931,443034
170,17604.300931,445658
171,17604.300931,448282
172,17604.300931,450906
173,17604.300931,453530
174,17604.300931,456154
175,17604.300931,458778
176,17604.300931,461402
177,17604.300931,464026
178,17604.300931,466650
179,17604.300931,469274
180,17604.300931,471898
181,17604.300931,474522
182,17604.300931,477146
183,17604.300931,479769
184,17604.300931,482393
185,17604.300931,485017
186,17604.300931,487641
187,17604.300931,490265
188,17604.300931,492889
189,17604.300931,495513
190,17604.300931,498137
191,17604.300931,500761
192,17604.300931,503385
193,17604.300931,506009
194,17604.300931,508633
195,17604.300931,511257
196,17604.300931,513881
197,17604.300931,516505
198,17604.300931,519129
199,17604.300931,521753
200,17604.300931,524377
201,17604.300931,527001
202,17604.300931,529625
203,17604.300931,532249
204,17604.300931,534873
205,17604.300931,537497
206,17601.054543,540121
207,17601.054543,542745
208,17601.054543,545369
209,17601.054543,547993
210,17601.054543,550617
211,17601.054543,553241
212,17601.054543,555865
213,17601.054543,558489
214,17601.054543,561113
215,17601.054543,563737
216,17601.054543,566361
217,17601.054543,568985
218,17601.054543,571609
219,17601.054543,574233
220,17601.054543,576857
221,17601.054543,579481
222,17601.054543,582105
223,17601.054543,584729
224,17601.054543,587353
225,17601.054543,589977
226,17601.054543,592601
227,17601.054543,595225
228,17601.054543,597849
229,17601.054543,600473
230,17601.054543,603097
231,17601.054543,605721
232,17601.054543,608345
233,17601.054543,610969
234,17601.054543,613593
235,17601.054543,616217
236,17601.054543,618841
237,17601.054543,621465
238,17601.054543,624089
239,17601.054543,626713
240,17601.054543,629337
241,17601.054543,631961
242,17601.054543,634585
243,17601.054543,637209
244,17601.054543,639833
245,17601.054543,642457
246,17601.054543,645081
247,17601.054543,647705
248,17601.054543,650329
249,17601.054543,652953
250,17601.054543,655577
251,17601.054543,658201
252,17601.054543,660825
253,17601.054543,663449
254,17601.054543,666073
255,17601.054543,668697
256,17601.054543,671321
257,17601.054543,673945
258,17601.054543,676569
259,17601.054543,679193
260,17601.054543,681817
261,17601.054543,684441
262,17601.054543,687065
263,17601.054543,689689
264,17601.054543,692313
265,17601.054543,694937
266,17601.054543,697561
267,17601.054543,700185
268,17601.054543,702809
269,17601.054543,705433
270,17601.054543,708057
271,17601.054543,710681
272,17601.054543,713305
273,17601.054543,715929
274,17601.054543,718553
275,17601.054543,721177
276,17601.054543,723801
277,17601.054543,726425
278,17601.054543,729049
279,17601.054543,731673
280,17601.054543,734297
281,17601.054543,736921
282,17601.054543,739545
283,17601.054543,742169
284,17601.054543,744793
285,17601.054543,747417
286,17601.054543,750041
287,17601.054543,752665
288,17601.054543,755289
289,17601.054543,757913
290,17601.054543,760537
291,17601.054543,763161
292,17601.054543,765785
293,17601.054543,768409
294,17601.054543,771033
295,17601.054543,773657
296,17601.054543,776281
297,17601.054543,778905
298,17601.054543,781529
299,17601.054543,784153
300,17601.054543,786777
301,17601.054543,789401
302,17601.054543,792025
303,17601.054543,794649
304,17601.054543,797273
305,17601.054543,799897
306,17601.054543,802521
307,17601.054543,805145
308,17601.054543,807769
309,17601.054543,810393
310,17601.054543,813017
311,17601.054543,815641
312,17601.054543,818265
17601.054543,84.535122
1,19523.562536,2376
2,18789.887121,5023
3,18591.093395,7668
4,18233.250148,10309
5,18079.634868,12947
6,17893.300829,15580
7,17893.300829,18209
8,17769.960305,20841
9,17763.066074,23475
10,17731.837456,26112
11,17730.608593,28745
12,17716.512617,31386
13,17707.189698,34028
14,17707.189698,36671
15,17689.499652,39313
16,17689.499652,41957
17,17689.499652,44603
18,17678.264715,47246
19,17678.264715,49890
20,17675.385230,52532
21,17667.105421,55175
22,17667.105421,57819
23,17667.105421,60463
24,17667.105421,63106
25,17667.105421,65749
26,17660.010580,68393
27,17654.138315,71038
28,17650.608699,73683
29,17650.608699,76328
30,17650.608699,78973
31,17643.875291,81618
32,17641.796054,84263
33,17635.452292,86907
34,17635.452292,89552
35,17635.452292,92195
36,17634.867253,94842
37,17634.867253,97489
38,17634.794762,100135
39,17634.794762,102782
40,17621.420075,105429
41,17621.420075,108075
42,17619.343105,110722
43,17619.343105,113369
44,17619.343105,116016
45,17617.468611,118662
46,17617.468611,121309
47,17617.468611,123956
48,17617.468611,126602
49,17617.468611,129249
50,17617.468611,131896
51,17617.468611,134543
52,17617.468611,137190
53,17617.468611,139836
54,17617.468611,142482
55,17617.468611,145127
56,17617.468611,147772
57,17617.468611,150418
58,17617.468611,153064
59,17617.468611,155710
60,17617.468611,158357
61,17617.468611,161003
62,17617.468611,163650
63,17617.468611,166297
64,17617.468611,168944
65,17617.468611,171591
66,17617.468611,174238
67,17617.468611,176885
68,17617.468611,179532
69,17616.629935,182179
70,17616.629935,184826
71,17611.876465,187473
72,17611.876465,190120
73,17611.876465,192767
74,17611.876465,195414
75,17611.876465,198061
76,17611.876465,200708
77,17611.876465,203354
78,17611.876465,206000
79,17611.876465,208647
80,17611.876465,211294
81,17611.876465,213941
82,17611.876465,216588
83,17611.876465,219235
84,17611.876465,221882
85,17611.876465,224529
86,17611.876465,227176
87,17611.876465,229823
88,17611.876465,232470
89,17611.876465,235117
90,17611.876465,237764
91,17611.876465,240411
92,17611.876465,243058
93,17611.876465,245705
94,17611.876465,248352
95,17611.876465,250999
96,17611.876465,253646
97,17611.876465,256293
98,17611.876465,258940
99,17611.876465,261587
100,17611.876465,264234
101,17611.876465,266881
102,17611.876465,269528
103,17611.876465,272174
104,17611.876465,274821
105,17611.876465,277468
106,17611.876465,280115
107,17611.876465,282762
108,17611.876465,285409
109,17611.876465,288056
110,17611.876465,290703
111,17611.876465,293350
112,17611.876465,295997
113,17611.876465,298644
114,17611.876465,301291
115,17610.507919,303938
116,17610.507919,306585
117,17610.507919,309232
118,17610.507919,311879
119,17610.507919,314526
120,17610.507919,317173
121,17608.169914,319820
122,17608.169914,322467
123,17608.169914,325114
124,17608.169914,327761
125,17608.169914,330408
126,17608.169914,333055
127,17608.169914,335702
128,17608.169914,338349
129,17608.169914,340996
130,17608.169914,343643
131,17608.169914,346290
132,17608.169914,348937
133,17608.169914,351583
134,17608.169914,354229
135,17608.169914,356875
136,17608.169914,359521
137,17608.169914,362168
138,17608.169914,364815
139,17608.169914,367462
140,17608.169914,370109
141,17608.169914,372756
142,17608.169914,375403
143,17608.169914,378050
144,17608.169914,380697
145,17608.169914,383344
146,17608.169914,385991
147,17608.169914,388638
148,17608.169914,391283
149,17608.169914,393930
150,17608.169914,396574
151,17608.169914,399219
152,17608.169914,401865
153,17608.169914,404512
154,17608.169914,407159
155,17608.169914,409806
156,17608.169914,412452
157,17608.169914,415099
158,17608.169914,417746
159,17608.169914,420393
160,17608.169914,423040
161,17608.169914,425687
162,17608.169914,428334
163,17608.169914,430981
164,17608.169914,433628
165,17608.169914,436275
166,17608.169914,438922
167,17608.169914,441569
168,17608.169914,444216
169,17608.169914,446863
170,17608.169914,449510
171,17608.169914,452157
172,17607.153365,454804
173,17607.153365,457451
174,17607.153365,460098
175,17607.153365,462745
176,17607.153365,465392
177,17607.153365,468039
178,17607.153365,470686
179,17607.153365,473333
180,17607.153365,475980
181,17607.153365,478627
182,17607.153365,481274
183,17607.153365,483921
184,17607.153365,486568
185,17607.153365,489215
186,17607.153365,491862
187,17607.153365,494509
188,17607.153365,497156
189,17607.153365,499803
190,17607.153365,502450
191,17607.153365,505097
192,17607.153365,507744
193,17607.153365,510391
194,17607.153365,513038
195,17607.153365,515685
196,17607.153365,518332
197,17607.153365,520979
198,17607.153365,523626
199,17607.153365,526273
200,17603.747993,528920
201,17603.747993,531567
202,17603.747993,534214
203,17603.747993,536861
204,17603.747993,539508
205,17603.747993,542155
206,17603.747993,544802
207,17603.747993,547449
208,17603.747993,550096
209,17603.747993,552743
210,17603.747993,555390
211,17603.747993,558037
212,17603.747993,560684
213,17603.747993,563331
214,17603.747993,565978
215,17603.747993,568625
216,17603.747993,571272
217,17603.747993,573919
218,17603.747993,576566
219,17603.747993,579213
220,17603.747993,581860
221,17603.747993,584507
222,17603.747993,587154
223,17603.747993,589801
224,17603.747993,592448
225,17603.747993,595095
226,17603.747993,597742
227,17603.747993,600389
228,17603.747993,603036
229,17603.747993,605683
230,17603.747993,608330
231,17603.747993,610977
232,17603.747993,613624
233,17603.747993,616271
234,17603.747993,618918
235,17603.747993,621565
236,17603.747993,624212
237,17603.747993,626859
238,17603.747993,629506
239,17603.747993,632153
240,17603.747993,634800
241,17603.747993,637447
242,17603.747993,640094
243,17603.747993,642741
244,17603.747993,645388
245,17603.747993,648035
246,17603.747993,650682
247,17603.747993,653329
248,17603.747993,655976
249,17603.747993,658623
250,17603.747993,661270
251,17603.747993,663917
252,17603.747993,666564
253,17603.747993,669211
254,17603.747993,671858
255,17603.747993,674505
256,17603.747993,677152
257,17603.747993,679799
258,17603.747993,682446
259,17603.747993,685092
260,17603.747993,687738
261,17603.747993,690384
262,17603.747993,693030
263,17603.747993,695676
264,17603.747993,698322
265,17603.747993,700969
266,17603.747993,703616
267,17603.747993,706263
268,17603.747993,708910
269,17603.747993,711557
270,17603.747993,714204
271,17603.747993,716851
272,17603.747993,719498
273,17603.747993,722145
274,17603.747993,724792
275,17603.747993,727439
276,17603.747993,730086
277,17603.747993,732733
278,17603.747993,735380
279,17603.747993,738027
280,17603.747993,740674
281,17603.747993,743321
282,17603.747993,745968
283,17603.747993,748615
284,17603.747993,751262
285,17603.747993,753909
286,17603.747993,756556
287,17603.747993,759203
288,17603.747993,761850
289,17603.747993,764497
290,17603.747993,767144
291,17603.747993,769791
292,17603.747993,772438
293,17603.747993,775085
294,17603.747993,777732
295,17603.747993,780379
296,17603.747993,783026
297,17603.747993,785673
298,17603.747993,788320
299,17603.747993,790967
300,17603.747993,793614
301,17603.747993,796261
302,17603.747993,798908
303,17603.747993,801555
304,17603.747993,804202
305,17603.747993,806849
306,17603.747993,809496
307,17603.747993,812143
308,17603.747993,814790
309,17603.747993,817437
17603.747993,83.656607
1,19442.143216,2376
2,18729.584245,5001
3,18620.161284,7624
4,18145.560985,10241
5,18076.055868,12857
6,17888.284782,15470
7,17845.822157,18083
8,17831.196778,20698
9,17800.407655,23306
10,17726.755468,25923
11,17726.755468,28542
12,17711.319276,31159
13,17704.469440,33777
14,17686.813573,36396
15,17686.813573,39012
16,17686.813573,41627
17,17686.756399,44243
18,17660.832925,46861
19,17658.963980,49480
20,17644.408355,52100
21,17644.408355,54720
22,17644.408355,57340
23,17644.408355,59959
24,17638.984669,62580
25,17638.984669,65202
26,17637.698041,67824
27,17637.698041,70447
28,17637.698041,73070
29,17637.698041,75693
30,17627.805175,78317
31,17627.805175,80941
32,17627.805175,83565
33,17627.805175,86189
34,17621.323736,88813
35,17621.323736,91437
36,17621.323736,94062
37,17621.323736,96687
38,17617.900275,99312
39,17617.900275,101937
40,17617.900275,104562
41,17617.900275,107187
42,17611.905986,109812
43,17611.905986,112437
44,17611.905986,115062
45,17611.905986,117687
46,17611.905986,120312
47,17611.905986,122937
48,17611.905986,125562
49,17611.905986,128187
50,17611.905986,130812
51,17611.905986,133437
52,17611.905986,136062
53,17611.905986,138687
54,17611.905986,141312
55,17610.131782,143937
56,17610.131782,146562
57,17610.131782,149187
58,17610.131782,151812
59,17610.131782,154437
60,17610.131782,157062
61,17610.131782,159687
62,17610.004026,162312
63,17610.004026,164937
64,17610.004026,167562
65,17610.004026,170187
66,17610.004026,172812
67,17610.004026,175437
68,17610.004026,178062
69,17610.004026,180687
70,17610.004026,183312
71,17610.004026,185937
72,17610.004026,188562
73,17610.004026,191187
74,17610.004026,193812
75,17610.004026,196437
76,17610.004026,199062
77,17610.004026,201687
78,17610.004026,204312
79,17609.447944,206937
80,17609.447944,209562
81,17609.447944,212187
82,17609.447944,214812
83,17609.447944,217437
84,17609.447944,220062
85,17609.447944,222687
86,17608.493532,225312
87,17608.493532,227937
88,17608.493532,230562
89,17608.493532,233187
90,17608.493532,235812
91,17608.493532,238437
92,17608.493532,241062
93,17608.493532,243687
94,17608.493532,246312
95,17608.493532,248937
96,17608.493532,251562
97,17608.493532,254187
98,17608.493532,256812
99,17608.493532,259437
100,17608.493532,262062
101,17608.493532,264687
102,17608.493532,267312
103,17608.493532,269937
104,17608.493532,272562
105,17608.493532,275187
106,17608.493532,277812
107,17608.493532,280437
108,17608.493532,283062
109,17608.493532,285687
110,17608.493532,288312
111,17608.493532,290937
112,17608.493532,293562
113,17608.493532,296187
114,17608.493532,298812
115,17608.493532,301437
116,17608.493532,304062
117,17608.493532,306687
118,17608.493532,309312
119,17608.493532,311937
120,17608.493532,314562
121,17608.493532,317187
122,17608.493532,319812
123,17608.493532,322437
124,17608.493532,325062
125,17608.493532,327687
126,17608.493532,330312
127,17608.493532,332937
128,17608.493532,335562
129,17608.493532,338187
130,17608.493532,340812
131,17608.493532,343437
132,17608.493532,346062
133,17608.493532,348687
134,17608.493532,351312
135,17608.493532,353937
136,17608.493532,356562
137,17608.493532,359187
138,17608.493532,361812
139,17608.493532,364437
140,17608.493532,367062
141,17608.493532,369687
142,17608.493532,372312
143,17608.493532,374937
144,17608.493532,377562
145,17608.493532,380187
146,17608.493532,382812
147,17608.493532,385437
148,17608.493532,388062
149,17608.493532,390687
150,17608.493532,393312
151,17608.493532,395937
152,17608.493532,398562
153,17608.493532,401187
154,17608.493532,403812
155,17608.493532,406437
156,17608.493532,409062
157,17608.493532,411687
158,17608.493532,414312
159,17608.493532,416937
160,17608.493532,419562
161,17608.493532,422187
162,17608.493532,424812
163,17608.493532,427437
164,17608.493532,430062
165,17608.493532,432687
166,17608.493532,435312
167,17608.493532,437937
168,17608.493532,440562
169,17608.493532,443187
170,17608.493532,445812
171,17608.493532,448437
172,17608.493532,451062
173,17608.493532,453687
174,17608.493532,456312
175,17608.493532,458937
176,17608.493532,461562
177,17608.493532,464187
178,17608.493532,466812
179,17608.493532,469437
180,17608.493532,472062
181,17605.935230,474687
182,17605.935230,477312
183,17605.935230,479937
184,17605.935230,482562
185,17605.935230,485187
186,17605.935230,487812
187,17605.935230,490437
188,17605.935230,493062
189,17605.935230,495687
190,17605.935230,498312
191,17605.935230,500937
192,17605.935230,503562
193,17605.935230,506187
194,17605.935230,508812
195,17605.935230,511437
196,17605.935230,514062
197,17605.935230,516687
198,17605.935230,519312
199,17605.935230,521937
200,17605.935230,524562
201,17605.935230,527187
202,17605.935230,529812
203,17605.935230,532437
204,17605.935230,535062
205,17605.935230,537687
206,17605.935230,540312
207,17605.935230,542937
208,17605.935230,545562
209,17605.935230,548187
210,17605.935230,550812
211,17605.935230,553437
212,17605.935230,556062
213,17605.935230,558687
214,17605.935230,561312
215,17605.935230,563937
216,17605.935230,566562
217,17605.935230,569187
218,17605.935230,571812
219,17605.935230,574437
220,17605.935230,577062
221,17605.935230,579687
222,17605.935230,582312
223,17605.935230,584937
224,17605.935230,587562
225,17605.935230,590187
226,17605.935230,592812
227,17605.935230,595437
228,17605.935230,598062
229,17605.935230,600687
230,17605.935230,603312
231,17605.935230,605937
232,17605.935230,608562
233,17605.935230,611187
234,17605.935230,613812
235,17605.935230,616437
236,17605.935230,619062
237,17605.935230,621687
238,17605.935230,624312
239,17605.935230,626937
240,17605.935230,629562
241,17605.935230,632187
242,17605.935230,634812
243,17605.935230,637437
244,17605.935230,640062
245,17605.935230,642687
246,17605.935230,645312
247,17605.935230,647937
248,17605.935230,650562
249,17605.935230,653187
250,17605.935230,655812
251,17605.935230,658437
252,17605.935230,661062
253,17605.935230,663687
254,17605.935230,666312
255,17605.935230,668937
256,17605.935230,671562
257,17605.935230,674187
258,17605.935230,676812
259,17605.935230,679437
260,17605.935230,682062
261,17605.935230,684687
262,17605.935230,687312
263,17605.935230,689937
264,17605.935230,692562
265,17605.935230,695187
266,17605.935230,697812
267,17605.935230,700437
268,17605.935230,703062
269,17605.935230,705687
270,17605.935230,708312
271,17605.935230,710937
272,17605.935230,713562
273,17605.935230,716187
274,17605.935230,718812
275,17605.935230,721437
276,17605.935230,724062
277,17605.935230,726687
278,17605.935230,729312
279,17605.935230,731937
280,17605.935230,734562
281,17605.935230,737187
282,17605.935230,739812
283,17605.935230,742437
284,17605.935230,745062
285,17605.935230,747687
286,17605.935230,750312
287,17605.935230,752937
288,17605.935230,755562
289,17605.935230,758187
290,17605.935230,760812
291,17605.935230,763437
292,17605.935230,766062
293,17605.935230,768687
294,17605.935230,771312
295,17605.935230,773937
296,17605.935230,776562
297,17605.935230,779187
298,17605.935230,781812
299,17605.935230,784437
300,17605.935230,787062
301,17605.935230,789687
302,17605.935230,792312
303,17605.935230,794937
304,17605.935230,797562
305,17605.935230,800187
306,17605.935230,802812
307,17605.935230,805437
308,17605.935230,808062
309,17605.935230,810687
310,17605.935230,813312
311,17605.935230,815937
312,17605.935230,818562
17605.935230,84.579693
1,19602.749427,2376
2,18783.904157,5000
3,18354.175969,7624
4,18180.195004,10244
5,18094.487644,12861
6,18074.309242,15471
7,17821.750921,18082
8,17756.773558,20693
9,17753.221874,23309
10,17737.664293,25928
11,17710.304329,28550
12,17710.304329,31172
13,17710.304329,33794
14,17696.527857,36416
15,17696.527857,39038
16,17681.891245,41659
17,17681.891245,44280
18,17666.429397,46901
19,17659.685648,49522
20,17643.488959,52146
21,17643.488959,54770
22,17637.977081,57394
23,17637.977081,60018
24,17635.384078,62644
25,17635.384078,65269
26,17635.384078,67895
27,17629.778814,70521
28,17629.778814,73144
29,17626.647456,75769
30,17626.647456,78394
31,17626.647456,81019
32,17626.647456,83645
33,17626.647456,86271
34,17626.647456,88897
35,17621.275946,91523
36,17616.254997,94149
37,17616.254997,96775
38,17616.254997,99401
39,17616.254997,102027
40,17613.641744,104653
41,17613.641744,107279
42,17613.641744,109905
43,17613.641744,112531
44,17613.641744,115157
45,17613.641744,117783
46,17613.641744,120409
47,17613.641744,123035
48,17606.760604,125661
49,17606.760604,128287
50,17606.760604,130913
51,17606.760604,133539
52,17606.082603,136165
53,17606.082603,138791
54,17606.082603,141417
55,17606.082603,144043
56,17606.082603,146669
57,17606.082603,149295
58,17606.082603,151921
59,17606.082603,154547
60,17606.082603,157173
61,17605.258158,159799
62,17605.253567,162425
63,17605.253567,165051
64,17605.253567,167677
65,17605.253567,170303
66,17605.253567,172929
67,17605.253567,175555
68,17605.253567,178181
69,17605.253567,180807
70,17605.253567,183433
71,17605.253567,186059
72,17605.253567,188685
73,17605.253567,191311
74,17605.253567,193937
75,17605.253567,196563
76,17605.253567,199189
77,17605.253567,201815
78,17605.253567,204441
79,17605.253567,207067
80,17605.253567,209693
81,17602.949840,212319
82,17602.949840,214945
83,17602.949840,217571
84,17602.949840,220197
85,17602.949840,222823
86,17602.949840,225449
87,17602.949840,228075
88,17602.949840,230701
89,17602.949840,233327
90,17602.949840,235953
91,17602.949840,238579
92,17602.949840,241205
93,17602.949840,243831
94,17602.949840,246457
95,17602.949840,249083
96,17602.949840,251709
97,17602.949840,254335
98,17602.949840,256961
99,17602.949840,259587
100,17602.949840,262213
101,17602.949840,264839
102,17602.949840,267465
103,17602.949840,270091
104,17602.949840,272717
105,17602.949840,275343
106,17602.949840,277969
107,17602.949840,280595
108,17602.949840,283221
109,17602.949840,285847
110,17602.949840,288473
111,17602.949840,291099
112,17602.949840,293725
113,17602.949840,296351
114,17602.949840,298977
115,17602.949840,301603
116,17602.949840,304229
117,17602.949840,306855
118,17602.949840,309481
119,17602.949840,312107
120,17602.949840,314733
121,17602.949840,317359
122,17602.949840,319985
123,17602.949840,322611
124,17602.949840,325237
125,17602.949840,327863
126,17602.949840,330489
127,17602.949840,333115
128,17602.949840,335741
129,17602.949840,338367
130,17602.949840,340993
131,17602.949840,343619
132,17602.949840,346245
133,17602.949840,348871
134,17602.949840,351497
135,17602.949840,354123
136,17602.949840,356749
137,17602.949840,359375
138,17602.949840,362001
139,17602.949840,364627
140,17602.949840,367253
141,17602.949840,369879
142,17602.949840,372505
143,17602.949840,375131
144,17602.949840,377757
145,17602.949840,380383
146,17602.949840,383009
147,17602.949840,385635
148,17602.949840,388261
149,17602.949840,390887
150,17602.949840,393513
151,17602.949840,396139
152,17602.949840,398765
153,17602.949840,401391
154,17602.949840,404017
155,17602.949840,406643
156,17602.949840,409269
157,17602.949840,411895
158,17602.949840,414521
159,17602.949840,417147
160,17602.949840,419773
161,17602.949840,422399
162,17602.949840,425025
163,17602.949840,427651
164,17602.949840,430277
165,17602.949840,432903
166,17602.949840,435529
167,17602.949840,438155
168,17602.949840,440781
169,17602.949840,443407
170,17602.949840,446033
171,17602.949840,448659
172,17602.949840,451285
173,17602.949840,453911
174,17602.949840,456537
175,17602.949840,459163
176,17602.949840,461789
177,17602.949840,464415
178,17602.949840,467041
179,17602.949840,469667
180,17602.949840,472293
181,17602.949840,474919
182,17602.949840,477545
183,17602.949840,480171
184,17602.949840,482797
185,17602.949840,485423
186,17602.949840,488049
187,17602.949840,490675
188,17602.949840,493301
189,17602.949840,495927
190,17602.949840,498553
191,17602.949840,501179
192,17602.949840,503805
193,17602.949840,506431
194,17602.949840,509057
195,17602.949840,511683
196,17602.949840,514309
197,17602.949840,516935
198,17602.949840,519561
199,17602.949840,522187
200,17602.949840,524813
201,17602.949840,527439
202,17602.949840,530065
203,17602.949840,532691
204,17602.949840,535317
205,17602.949840,537943
206,17602.949840,540569
207,17602.949840,543195
208,17602.949840,545821
209,17602.949840,548447
210,17602.949840,551073
211,17602.949840,553699
212,17602.949840,556325
213,17602.949840,558951
214,17602.949840,561577
215,17602.949840,564203
216,17602.949840,566829
217,17602.949840,569455
218,17602.949840,572081
219,17602.949840,574707
220,17602.949840,577333
221,17602.949840,579959
222,17602.949840,582585
223,17602.949840,585211
224,17602.949840,587837
225,17602.949840,590463
226,17602.949840,593089
227,17602.949840,595715
228,17602.949840,598341
229,17602.949840,600967
230,17602.949840,603593
231,17602.949840,606219
232,17602.949840,608845
233,17602.949840,611471
234,17602.949840,614097
235,17602.949840,616723
236,17602.949840,619349
237,17602.949840,621975
238,17602.949840,624601
239,17602.949840,627227
240,17602.949840,629853
241,17602.949840,632479
242,17602.949840,635105
243,17602.949840,637731
244,17602.949840,640357
245,17602.949840,642983
246,17602.949840,645609
247,17602.949840,648235
248,17602.949840,650861
249,17602.949840,653487
250,17602.949840,656113
251,17602.949840,658739
252,17602.949840,661365
253,17602.949840,663991
254,17602.949840,666617
255,17602.949840,669243
256,17602.949840,671869
257,17602.949840,674495
258,17602.949840,677121
259,17602.949840,679747
260,17602.949840,682373
261,17602.949840,684999
262,17602.949840,687625
263,17602.949840,690251
264,17602.949840,692877
265,17602.949840,695503
266,17602.949840,698129
267,17602.949840,700755
268,17602.949840,703381
269,17602.949840,706007
270,17602.949840,708633
271,17602.949840,711259
272,17602.949840,713885
273,17602.949840,716511
274,17602.949840,719137
275,17602.949840,721763
276,17602.949840,724389
277,17602.949840,727015
278,17602.949840,729641
279,17602.949840,732267
280,17602.949840,734893
281,17602.949840,737519
282,17602.949840,740145
283,17602.949840,742771
284,17602.949840,745397
285,17602.949840,748023
286,17602.949840,750649
287,17602.949840,753275
288,17602.949840,755901
289,17602.949840,758527
290,17602.949840,761153
291,17602.949840,763779
292,17602.949840,766405
293,17602.949840,769031
294,17602.949840,771657
295,17602.949840,774283
296,17602.949840,776909
297,17602.949840,779535
298,17602.949840,782161
299,17602.949840,784787
300,17602.949840,787413
301,17602.949840,790039
302,17602.949840,792665
303,17602.949840,795291
304,17602.949840,797917
305,17602.949840,800543
306,17602.949840,803169
307,17602.949840,805795
308,17602.949840,808421
309,17602.949840,811047
310,17602.949840,813673
311,17602.949840,816299
312,17602.949840,818925
17602.949840,84.421585
1,19489.635954,2376
2,18864.458415,5006
3,18349.250981,7636
4,18195.762364,10265
5,18126.901130,12887
6,17976.692693,15505
7,17848.861457,18125
8,17795.798532,20742
9,17795.798532,23365
10,17758.207789,25992
11,17758.207789,28618
12,17680.776049,31245
13,17664.884898,33870
14,17657.307210,36496
15,17641.399575,39122
16,17634.692683,41750
17,17634.692683,44378
18,17634.692683,47007
19,17628.904946,49636
20,17627.882121,52266
21,17626.098886,54897
22,17626.098886,57529
23,17626.098886,60161
24,17626.098886,62792
25,17623.875620,65423
26,17623.875620,68054
27,17623.875620,70685
28,17623.875620,73316
29,17623.875620,75948
30,17623.875620,78580
31,17623.875620,81212
32,17618.778064,83844
33,17614.890596,86476
34,17614.890596,89108
35,17614.890596,91740
36,17614.890596,94372
37,17614.890596,97004
38,17613.938837,99636
39,17613.938837,102268
40,17613.938837,104900
41,17610.297666,107532
42,17610.297666,110164
43,17610.297666,112796
44,17610.297666,115428
45,17610.297666,118060
46,17610.297666,120692
47,17610.297666,123324
48,17610.297666,125956
49,17610.297666,128588
50,17605.527301,131220
51,17605.527301,133852
52,17605.527301,136484
53,17605.527301,139116
54,17605.527301,141748
55,17605.527301,144380
56,17605.527301,147012
57,17605.527301,149644
58,17604.189731,152276
59,17604.189731,154908
60,17604.189731,157540
61,17604.189731,160172
62,17604.189731,162804
63,17604.189731,165436
64,17604.189731,168068
65,17604.189731,170700
66,17604.189731,173332
67,17604.189731,175964
68,17604.189731,178596
69,17604.189731,181228
70,17604.189731,183860
71,17604.189731,186492
72,17604.189731,189124
73,17604.189731,191756
74,17604.189731,194388
75,17604.189731,197020
76,17604.189731,199652
77,17604.189731,202284
78,17604.189731,204916
79,17604.189731,207548
80,17604.189731,210180
81,17604.189731,212812
82,17604.189731,215444
83,17604.189731,218076
84,17604.189731,220708
85,17604.189731,223340
86,17604.189731,225972
87,17604.189731,228604
88,17604.189731,231236
89,17604.189731,233868
90,17604.189731,236500
91,17604.189731,239132
92,17604.189731,241764
93,17604.189731,244396
94,17604.189731,247028
95,17604.189731,249660
96,17604.189731,252292
97,17604.189731,254924
98,17604.189731,257556
99,17604.189731,260188
100,17604.189731,262820
101,17604.189731,265452
102,17604.189731,268084
103,17604.189731,270716
104,17604.189731,273348
105,17604.189731,275980
106,17604.189731,278612
107,17604.189731,281244
108,17604.189731,283876
109,17604.189731,286508
110,17604.189731,289140
111,17604.189731,291772
112,17604.189731,294404
113,17604.189731,297036
114,17604.189731,299668
115,17604.189731,302300
116,17604.189731,304932
117,17604.189731,307564
118,17604.189731,310196
119,17604.189731,312828
120,17604.189731,315460
121,17604.189731,318092
122,17604.189731,320724
123,17604.189731,323356
124,17604.189731,325988
125,17604.189731,328620
126,17604.189731,331252
127,17604.189731,333884
128,17604.189731,336516
129,17604.189731,339148
130,17604.189731,341780
131,17604.189731,344412
132,17604.189731,347044
133,17604.189731,349676
134,17604.189731,352308
135,17604.189731,354940
136,17604.189731,357572
137,17604.189731,360204
138,17604.189731,362836
139,17604.189731,365468
140,17604.189731,368100
141,17604.189731,370732
142,17604.189731,373364
143,17604.189731,375996
144,17604.189731,378628
145,17604.189731,381260
146,17604.189731,383892
147,17604.189731,386524
148,17604.189731,389156
149,17604.189731,391788
150,17604.189731,394420
151,17604.189731,397052
152,17604.189731,399684
153,17604.189731,402316
154,17604.189731,404948
155,17604.189731,407580
156,17604.189731,410212
157,17604.189731,412844
158,17604.189731,415476
159,17604.189731,418108
160,17604.189731,420740
161,17604.189731,423372
162,17604.189731,426004
163,17604.189731,428636
164,17604.189731,431268
165,17604.189731,433900
166,17604.189731,436532
167,17604.189731,439164
168,17604.189731,441796
169,17604.189731,444428
170,17604.189731,447060
171,17604.189731,449692
172,17604.189731,452324
173,17604.189731,454956
174,17604.189731,457588
175,17604.189731,460220
176,17604.189731,462852
177,17604.189731,465484
178,17604.189731,468116
179,17604.189731,470748
180,17604.189731,473380
181,17604.189731,476012
182,17604.189731,478644
183,17604.189731,481276
184,17604.189731,483908
185,17604.189731,486540
186,17604.189731,489172
187,17604.189731,491804
188,17604.189731,494436
189,17604.189731,497068
190,17604.189731,499700
191,17604.189731,502332
192,17604.189731,504964
193,17604.189731,507596
194,17604.189731,510228
195,17604.189731,512860
196,17604.189731,515492
197,17604.189731,518124
198,17604.189731,520756
199,17604.189731,523388
200,17604.189731,526020
201,17604.189731,528652
202,17604.189731,531284
203,17604.189731,533916
204,17604.189731,536548
205,17604.189731,539180
206,17604.189731,541812
207,17604.189731,544444
208,17604.189731,547076
209,17604.189731,549708
210,17604.189731,552340
211,17604.189731,554972
212,17604.189731,557604
213,17604.189731,560236
214,17604.189731,562868
215,17604.189731,565500
216,17604.189731,568132
217,17604.189731,570764
218,17604.189731,573396
219,17604.189731,576028
220,17604.189731,578660
221,17604.189731,581292
222,17604.189731,583924
223,17604.189731,586556
224,17604.189731,589188
225,17604.189731,591820
226,17604.189731,594452
227,17604.189731,597084
228,17604.189731,599716
229,17604.189731,602348
230,17604.189731,604980
231,17604.189731,607612
232,17604.189731,610244
233,17604.189731,612876
234,17596.973393,615508
235,17596.973393,618140
236,17596.973393,620772
237,17596.973393,623404
238,17596.973393,626036
239,17596.973393,628668
240,17596.621812,631300
241,17596.621812,633932
242,17596.621812,636564
243,17596.621812,639196
244,17596.621812,641828
245,17596.621812,644460
246,17596.621812,647092
247,17596.621812,649724
248,17596.621812,652356
249,17596.621812,654988
250,17596.621812,657620
251,17596.621812,660252
252,17596.621812,662884
253,17596.621812,665516
254,17596.621812,668148
255,17596.621812,670780
256,17596.621812,673412
257,17596.621812,676044
258,17596.621812,678676
259,17596.621812,681308
260,17596.621812,683940
261,17596.621812,686572
262,17596.621812,689204
263,17596.621812,691836
264,17596.621812,694468
265,17596.621812,697100
266,17596.621812,699732
267,17596.621812,702364
268,17596.621812,704996
269,17596.621812,707628
270,17596.621812,710260
271,17596.621812,712892
272,17596.621812,715524
273,17596.621812,718156
274,17596.621812,720788
275,17596.621812,723420
276,17596.621812,726052
277,17596.621812,728684
278,17596.621812,731316
279,17596.621812,733948
280,17596.621812,736580
281,17596.621812,739212
282,17596.621812,741844
283,17596.621812,744476
284,17596.621812,747108
285,17596.621812,749740
286,17596.621812,752372
287,17596.621812,755004
288,17596.621812,757636
289,17596.621812,760268
290,17596.621812,762900
291,17596.621812,765532
292,17596.621812,768164
293,17596.621812,770796
294,17596.621812,773428
295,17596.621812,776060
296,17596.621812,778692
297,17596.621812,781324
298,17596.621812,783956
299,17596.621812,786588
300,17596.621812,789220
301,17596.621812,791852
302,17596.621812,794484
303,17596.621812,797116
304,17596.621812,799748
305,17596.621812,802380
306,17596.621812,805012
307,17596.621812,807644
308,17596.621812,810276
309,17596.621812,812908
310,17596.621812,815540
311,17596.621812,818172
17596.621812,84.111732
1,19593.963170,2376
2,18723.341278,5035
3,18723.341278,7690
4,18201.762867,10345
5,18042.711180,12995
6,17908.047150,15637
7,17817.840223,18271
8,17754.988241,20913
9,17733.717604,23560
10,17733.296231,26213
11,17726.453600,28867
12,17726.453600,31524
13,17648.761152,34180
14,17632.142812,36834
15,17631.412623,39490
16,17630.478885,42145
17,17630.478885,44801
18,17629.220717,47459
19,17629.220717,50116
20,17629.220717,52775
21,17627.083102,55433
22,17627.083102,58092
23,17627.083102,60751
24,17627.083102,63408
25,17627.083102,66064
26,17627.083102,68722
27,17627.083102,71381
28,17622.218563,74040
29,17621.199477,76697
30,17621.199477,79353
31,17621.199477,82011
32,17621.199477,84670
33,17621.199477,87329
34,17621.199477,89987
35,17621.199477,92643
36,17621.199477,95302
37,17621.199477,97960
38,17613.275900,100618
39,17613.275900,103277
40,17613.275900,105936
41,17613.275900,108594
42,17613.275900,111253
43,17613.275900,113910
44,17613.275900,116569
45,17613.275900,119227
46,17613.275900,121886
47,17613.275900,124545
48,17613.275900,127204
49,17613.275900,129859
50,17613.275900,132516
51,17613.275900,135172
52,17611.898674,137829
53,17611.898674,140486
54,17611.898674,143143
55,17611.898674,145799
56,17611.898674,148456
57,17611.898674,151113
58,17611.898674,153772
59,17611.898674,156431
60,17611.898674,159090
61,17611.898674,161748
62,17611.898674,164407
63,17611.898674,167066
64,17610.353290,169725
65,17610.353290,172383
66,17610.353290,175042
67,17610.353290,177701
68,17610.353290,180360
69,17610.353290,183019
70,17601.964186,185678
71,17601.964186,188336
72,17601.964186,190995
73,17601.964186,193654
74,17601.964186,196312
75,17601.964186,198970
76,17601.701544,201628
77,17601.701544,204287
78,17601.701544,206946
79,17601.701544,209605
80,17601.701544,212264
81,17601.701544,214923
82,17601.701544,217582
83,17601.701544,220239
84,17601.701544,222896
85,17601.701544,225555
86,17599.674321,228214
87,17599.674321,230873
88,17599.674321,233530
89,17599.674321,236189
90,17599.674321,238848
91,17599.674321,241507
92,17599.674321,244165
93,17599.674321,246824
94,17599.674321,249483
95,17599.674321,252139
96,17599.674321,254798
97,17599.674321,257456
98,17599.674321,260114
99,17599.674321,262772
100,17599.674321,265431
101,17599.674321,268090
102,17599.674321,270749
103,17599.674321,273408
104,17599.674321,276067
105,17599.674321,278726
106,17599.674321,281383
107,17599.674321,284041
108,17599.674321,286699
109,17599.674321,289357
110,17599.674321,292013
111,17599.674321,294671
112,17599.674321,297330
113,17599.674321,299989
114,17599.674321,302647
115,17599.674321,305306
116,17599.674321,307965
117,17599.674321,310624
118,17599.674321,313283
119,17599.674321,315942
120,17599.674321,318601
121,17599.674321,321260
122,17599.674321,323919
123,17599.674321,326578
124,17599.674321,329235
125,17599.674321,331892
126,17599.674321,334549
127,17599.674321,337208
128,17599.674321,339867
129,17599.674321,342526
130,17599.674321,345185
131,17599.674321,347844
132,17599.674321,350503
133,17599.674321,353162
134,17599.674321,355821
135,17599.674321,358480
136,17599.674321,361139
137,17599.674321,363798
138,17599.674321,366457
139,17599.674321,369116
140,17599.674321,371775
141,17599.674321,374434
142,17599.674321,377093
143,17599.674321,379752
144,17599.674321,382411
145,17599.674321,385070
146,17599.674321,387729
147,17599.674321,390388
148,17599.674321,393047
149,17599.674321,395706
150,17599.674321,398365
151,17599.674321,401024
152,17599.674321,403683
153,17599.674321,406342
154,17599.674321,409001
155,17599.674321,411659
156,17599.674321,414317
157,17599.674321,416975
158,17599.674321,419632
159,17599.674321,422289
160,17599.674321,424946
161,17599.674321,427603
162,17599.674321,430262
163,17599.674321,432921
164,17599.674321,435580
165,17599.674321,438239
166,17599.674321,440898
167,17599.674321,443557
168,17599.674321,446216
169,17599.674321,448875
170,17599.674321,451534
171,17599.674321,454192
172,17599.674321,456851
173,17599.674321,459510
174,17599.674321,462169
175,17599.674321,464828
176,17599.674321,467487
177,17599.674321,470146
178,17599.674321,472805
179,17599.674321,475464
180,17599.674321,478123
181,17599.674321,480782
182,17599.674321,483440
183,17599.674321,486097
184,17599.674321,488756
185,17599.674321,491415
186,17599.674321,494074
187,17599.674321,496733
188,17599.674321,499392
189,17599.674321,502051
190,17599.674321,504710
191,17599.674321,507369
192,17599.674321,510028
193,17599.674321,512687
194,17599.674321,515346
195,17599.674321,518005
196,17599.674321,520664
197,17599.674321,523323
198,17599.674321,525982
199,17599.674321,528641
200,17599.674321,531300
201,17599.674321,533957
202,17599.674321,536616
203,17599.674321,539275
204,17599.674321,541933
205,17599.674321,544590
206,17599.674321,547249
207,17599.674321,549908
208,17599.151775,552566
209,17599.151775,555225
210,17599.151775,557884
211,17599.151775,560543
212,17599.151775,563202
213,17599.151775,565861
214,17599.151775,568520
215,17599.151775,571179
216,17599.151775,573838
217,17599.151775,576497
218,17599.151775,579156
219,17599.151775,581815
220,17599.151775,584474
221,17599.151775,587133
222,17599.151775,589792
223,17599.151775,592451
224,17599.151775,595110
225,17599.151775,597769
226,17599.151775,600428
227,17599.151775,603087
228,17599.151775,605746
229,17599.151775,608405
230,17599.151775,611064
231,17599.151775,613723
232,17599.151775,616382
233,17599.151775,619041
234,17599.151775,621700
235,17599.151775,624359
236,17599.151775,627018
237,17599.151775,629677
238,17599.151775,632336
239,17599.151775,634995
240,17599.151775,637654
241,17599.151775,640313
242,17599.151775,642972
243,17599.151775,645631
244,17599.151775,648290
245,17599.151775,650949
246,17599.151775,653608
247,17599.151775,656267
248,17599.151775,658926
249,17599.151775,661585
250,17599.151775,664244
251,17599.151775,666903
252,17599.151775,669562
253,17599.151775,672221
254,17599.151775,674880
255,17599.151775,677539
256,17599.151775,680198
257,17599.151775,682857
258,17599.151775,685516
259,17599.151775,688175
260,17599.151775,690834
261,17599.151775,693493
262,17599.151775,696152
263,17599.151775,698811
264,17599.151775,701470
265,17599.151775,704129
266,17599.151775,706788
267,17599.151775,709447
268,17599.151775,712106
269,17599.151775,714765
270,17599.151775,717424
271,17599.151775,720083
272,17599.151775,722742
273,17599.151775,725401
274,17599.151775,728060
275,17599.151775,730719
276,17599.151775,733378
277,17599.151775,736037
278,17599.151775,738696
279,17599.151775,741355
280,17599.151775,744014
281,17599.151775,746673
282,17599.151775,749332
283,17599.151775,751991
284,17599.151775,754650
285,17599.151775,757309
286,17599.151775,759968
287,17599.151775,762627
288,17599.151775,765286
289,17599.151775,767945
290,17599.151775,770604
291,17599.151775,773263
292,17599.151775,775922
293,17599.151775,778581
294,17599.151775,781240
295,17599.151775,783899
296,17599.151775,786558
297,17599.151775,789217
298,17599.151775,791876
299,17599.151775,794535
300,17599.151775,797194
301,17599.151775,799853
302,17599.151775,802512
303,17599.151775,805171
304,17599.151775,807830
305,17599.151775,810489
306,17599.151775,813148
307,17599.151775,815807
308,17599.151775,818466
17599.151775,83.462781
