14.918380
14.718488
14.794890
14.921784
14.854423
14.623023
14.752773
14.740154
14.840171
14.824340
14.664359
14.811948
14.799625
14.674130
14.753613
14.708888
14.730762
14.893659
14.591397
14.883732
14.766693
14.942449
14.871777
14.787166
14.766429
14.711544
14.769540
14.795471
14.901130
14.740843
14.630783
14.789086
14.606674
14.921977
14.828389
14.892401
14.931936
14.915317
14.761856
14.720936
14.909107
14.866970
14.700065
14.898215
14.780999
14.875362
14.958769
14.706040
14.777823
14.823328
