28.390902
28.497886
28.489296
28.429734
28.853485
28.844195
28.501864
28.782128
28.849529
28.436624
28.281005
28.501406
28.578149
28.882921
28.500956
28.700854
28.406357
28.425460
28.585968
28.664856
28.694764
28.457280
28.359177
28.998337
28.607234
28.817793
28.840178
28.521923
28.473678
28.569665
28.581974
28.472853
28.854228
28.575491
28.578911
28.174338
28.604810
28.855096
28.529986
28.652553
28.579792
27.986962
28.383380
28.518707
28.835550
28.826879
28.439047
28.806675
28.512479
28.757096
