28.473482
28.540967
28.427530
28.356070
28.802325
28.772799
28.757891
28.763527
28.834751
28.512043
28.664713
28.343315
28.343936
28.749798
28.516680
28.750757
28.457602
28.404021
28.624219
28.885113
28.753333
28.561381
28.467434
28.487864
28.727754
28.717322
28.783367
28.730059
28.438583
28.565986
28.862082
28.363182
29.076749
28.544169
28.544961
28.306225
28.522297
28.496977
28.447565
28.740694
28.733264
28.085543
28.599748
28.518816
28.819414
28.528423
28.504192
28.882134
28.510213
28.816164
