206.025092
206.930841
206.442605
206.020775
206.241680
207.072557
206.514654
207.215125
207.095204
206.913848
206.818430
206.323273
206.894756
206.915274
207.541616
207.419237
207.891999
207.124683
206.356175
207.006242
207.072491
206.433484
207.218407
207.215889
206.394385
207.452959
206.762460
206.989284
206.805086
207.188822
206.175213
206.755321
206.706628
206.880839
206.460484
207.172097
206.399354
207.100263
207.168644
206.261627
206.457372
207.100220
206.821699
206.736562
206.389368
206.754500
206.274249
206.148324
206.432947
207.471291
