20379.490024
20379.157202
20379.384319
20379.453941
20379.257556
20379.737564
20379.523196
20380.492877
20379.345650
20380.050953
20379.606088
20379.606088
20380.130696
20379.642218
20379.237762
20379.339235
20379.848457
20379.826261
20379.807759
20379.440835
20380.141277
20380.103819
20379.559840
20380.124673
20379.737564
20379.414680
20379.606088
20380.103819
20380.050953
20380.102956
20379.642218
20380.015201
20379.257556
20379.937746
20379.606088
20380.105058
20380.897407
20379.708874
20379.887544
20380.338223
20381.202039
20380.367666
20379.423935
20380.692283
20381.064494
20379.395851
20380.283515
20379.109427
20379.737564
20379.888251
