49356.938535
49356.943133
49356.934224
49356.933242
49356.943607
49356.971887
49356.946179
49356.964542
49356.925556
49356.943403
49356.948919
49356.926812
49356.946443
49356.951737
49356.953529
49356.943607
49356.922600
49356.948127
49356.956478
49356.942586
49356.946480
49356.920940
49356.928742
49356.964930
49356.947772
49356.938069
49356.947180
49356.943133
49356.943224
49356.949311
49356.937896
49356.943635
49356.954944
49356.949632
49356.946223
49356.943376
49356.950627
49356.937300
49356.951972
49356.951158
49356.944793
49356.955857
49356.935057
49356.929588
49356.936572
49356.952705
49356.936886
49356.925392
49356.932807
49356.944753
