1,7245.341797,2399
2,7244.722168,5148
3,7244.722168,7897
4,7244.710938,10646
5,7244.710938,13395
6,7244.710938,16143
7,7244.710938,18879
8,7244.710938,21628
9,7244.710938,24249
10,7244.710938,26886
11,7244.710938,29401
12,7244.710938,31857
13,7244.710938,34278
14,7244.710938,36683
15,7244.710938,39086
16,7244.710938,41486
17,7244.710938,43886
18,7244.710938,46285
19,7244.710938,48684
20,7244.710938,51083
21,7244.710938,53482
22,7244.710938,55881
23,7244.710938,58280
24,7244.710938,60679
25,7244.710938,63078
26,7244.710938,65477
27,7244.710938,67876
28,7244.710938,70275
29,7244.710938,72674
30,7244.710938,75073
31,7244.710938,77472
32,7244.710938,79871
33,7244.710938,82270
34,7244.710938,84669
35,7244.710938,87068
36,7244.710938,89467
37,7244.710938,91866
38,7244.710938,94265
39,7244.710938,96664
40,7244.710938,99063
41,7244.710938,101462
42,7244.710938,103861
43,7244.710938,106260
44,7244.710938,108659
45,7244.710938,111058
46,7244.710938,113457
47,7244.710938,115856
48,7244.710938,118255
49,7244.710938,120654
50,7244.710938,123053
51,7244.710938,125452
52,7244.710938,127851
53,7244.710938,130250
54,7244.710938,132649
55,7244.710938,135048
56,7244.710938,137447
57,7244.710938,139846
58,7244.710938,142245
59,7244.710938,144644
60,7244.710938,147043
61,7244.710938,149442
62,7244.710938,151841
63,7244.710938,154240
64,7244.710938,156639
65,7244.710938,159038
66,7244.710938,161437
67,7244.710938,163836
68,7244.710938,166235
69,7244.710938,168634
70,7244.710938,171033
71,7244.710938,173432
72,7244.710938,175831
73,7244.710938,178230
74,7244.710938,180629
75,7244.710938,183028
76,7244.710938,185427
77,7244.710938,187826
78,7244.710938,190225
79,7244.710938,192624
80,7244.710938,195023
81,7244.710938,197422
82,7244.710938,199821
83,7244.710938,202220
84,7244.710938,204619
85,7244.710938,207018
86,7244.710938,209417
87,7244.710938,211816
88,7244.710938,214215
89,7244.710938,216614
90,7244.710938,219013
91,7244.710938,221412
92,7244.710938,223811
93,7244.710938,226210
94,7244.710938,228609
95,7244.710938,231008
96,7244.710938,233407
97,7244.710938,235806
98,7244.710938,238205
99,7244.710938,240604
100,7244.710938,243003
101,7244.710938,245402
102,7244.710938,247801
103,7244.710938,250200
104,7244.710938,252599
105,7244.710938,254998
106,7244.710938,257397
107,7244.710938,259796
108,7244.710938,262195
109,7244.710938,264594
110,7244.710938,266993
111,7244.710938,269392
112,7244.710938,271791
113,7244.710938,274190
114,7244.710938,276589
115,7244.710938,278988
116,7244.710938,281387
117,7244.710938,283786
118,7244.710938,286185
119,7244.710938,288584
120,7244.710938,290983
121,7244.710938,293382
122,7244.710938,295781
123,7244.710938,298180
124,7244.710938,300579
125,7244.710938,302978
126,7244.710938,305377
127,7244.710938,307776
128,7244.710938,310175
129,7244.710938,312574
130,7244.710938,314973
131,7244.710938,317372
132,7244.710938,319771
133,7244.710938,322170
134,7244.710938,324569
135,7244.710938,326968
136,7244.710938,329367
137,7244.710938,331766
138,7244.710938,334165
139,7244.710938,336564
140,7244.710938,338963
141,7244.710938,341362
142,7244.710938,343761
143,7244.710938,346160
144,7244.710938,348559
145,7244.710938,350958
146,7244.710938,353357
147,7244.710938,355756
148,7244.710938,358155
149,7244.710938,360554
150,7244.710938,362953
151,7244.710938,365352
152,7244.710938,367751
153,7244.710938,370150
154,7244.710938,372549
155,7244.710938,374948
156,7244.710938,377347
157,7244.710938,379746
158,7244.710938,382145
159,7244.710938,384544
160,7244.710938,386943
161,7244.710938,389342
162,7244.710938,391741
163,7244.710938,394140
164,7244.710938,396539
165,7244.710938,398938
166,7244.710938,401337
167,7244.710938,403736
168,7244.710938,406135
169,7244.710938,408534
170,7244.710938,410933
171,7244.710938,413332
172,7244.710938,415731
173,7244.710938,418130
174,7244.710938,420529
175,7244.710938,422928
176,7244.710938,425327
177,7244.710938,427726
178,7244.710938,430125
179,7244.710938,432524
180,7244.710938,434923
181,7244.710938,437322
182,7244.710938,439721
183,7244.710938,442120
184,7244.710938,444519
185,7244.710938,446918
186,7244.710938,449317
187,7244.710938,451716
188,7244.710938,454115
189,7244.710938,456514
190,7244.710938,458913
191,7244.710938,461312
192,7244.710938,463711
193,7244.710938,466110
194,7244.710938,468509
195,7244.710938,470908
196,7244.710938,473307
197,7244.710938,475706
198,7244.710938,478105
199,7244.710938,480504
200,7244.710938,482903
201,7244.710938,485302
202,7244.710938,487701
203,7244.710938,490100
204,7244.710938,492499
205,7244.710938,494898
206,7244.710938,497297
207,7244.710938,499696
208,7244.710938,502095
209,7244.710938,504494
210,7244.710938,506893
211,7244.710938,509292
212,7244.710938,511691
213,7244.710938,514090
214,7244.710938,516489
215,7244.710938,518888
216,7244.710938,521287
217,7244.710938,523686
218,7244.710938,526085
219,7244.710938,528484
220,7244.710938,530883
221,7244.710938,533282
222,7244.710938,535681
223,7244.710938,538080
224,7244.710938,540479
225,7244.710938,542878
226,7244.710938,545277
227,7244.710938,547676
228,7244.710938,550075
229,7244.710938,552474
230,7244.710938,554873
231,7244.710938,557272
232,7244.710938,559671
233,7244.710938,562070
234,7244.710938,564469
235,7244.710938,566868
236,7244.710938,569267
237,7244.710938,571666
238,7244.710938,574065
239,7244.710938,576464
240,7244.710938,578863
241,7244.710938,581262
242,7244.710938,583661
243,7244.710938,586060
244,7244.710938,588459
245,7244.710938,590858
246,7244.710938,593257
247,7244.710938,595656
248,7244.710938,598055
249,7244.710938,600454
250,7244.710938,602853
251,7244.710938,605252
252,7244.710938,607651
253,7244.710938,610050
254,7244.710938,612449
255,7244.710938,614848
256,7244.710938,617247
257,7244.710938,619646
258,7244.710938,622045
259,7244.710938,624444
260,7244.710938,626843
261,7244.710938,629242
262,7244.710938,631641
263,7244.710938,634040
264,7244.710938,636439
265,7244.710938,638838
266,7244.710938,641237
267,7244.710938,643636
268,7244.710938,646035
269,7244.710938,648434
270,7244.710938,650833
271,7244.710938,653232
272,7244.710938,655631
273,7244.710938,658030
274,7244.710938,660429
275,7244.710938,662828
276,7244.710938,665227
277,7244.710938,667626
278,7244.710938,670025
279,7244.710938,672424
280,7244.710938,674823
281,7244.710938,677222
282,7244.710938,679621
283,7244.710938,682020
284,7244.710938,684419
285,7244.710938,686818
286,7244.710938,689217
287,7244.710938,691616
288,7244.710938,694015
289,7244.710938,696414
290,7244.710938,698813
291,7244.710938,701212
292,7244.710938,703611
293,7244.710938,706010
294,7244.710938,708409
295,7244.710938,710808
296,7244.710938,713207
297,7244.710938,715606
298,7244.710938,718005
299,7244.710938,720404
300,7244.710938,722803
301,7244.710938,725202
7244.710938,46.964173
1,7245.624512,2399
2,7244.710938,5068
3,7244.710938,7737
4,7244.710938,10402
5,7244.710938,13071
6,7244.710938,15726
7,7244.710938,18373
8,7244.710938,20996
9,7244.710938,23626
10,7244.710938,26082
11,7244.710938,28531
12,7244.710938,30956
13,7244.710938,33363
14,7244.710938,35764
15,7244.710938,38164
16,7244.710938,40563
17,7244.710938,42962
18,7244.710938,45361
19,7244.710938,47760
20,7244.710938,50159
21,7244.710938,52558
22,7244.710938,54957
23,7244.710938,57356
24,7244.710938,59755
25,7244.710938,62154
26,7244.710938,64553
27,7244.710938,66952
28,7244.710938,69351
29,7244.710938,71750
30,7244.710938,74149
31,7244.710938,76548
32,7244.710938,78947
33,7244.710938,81346
34,7244.710938,83745
35,7244.710938,86144
36,7244.710938,88543
37,7244.710938,90942
38,7244.710938,93341
39,7244.710938,95740
40,7244.710938,98139
41,7244.710938,100538
42,7244.710938,102937
43,7244.710938,105336
44,7244.710938,107735
45,7244.710938,110134
46,7244.710938,112533
47,7244.710938,114932
48,7244.710938,117331
49,7244.710938,119730
50,7244.710938,122129
51,7244.710938,124528
52,7244.710938,126927
53,7244.710938,129326
54,7244.710938,131725
55,7244.710938,134124
56,7244.710938,136523
57,7244.710938,138922
58,7244.710938,141321
59,7244.710938,143720
60,7244.710938,146119
61,7244.710938,148518
62,7244.710938,150917
63,7244.710938,153316
64,7244.710938,155715
65,7244.710938,158114
66,7244.710938,160513
67,7244.710938,162912
68,7244.710938,165311
69,7244.710938,167710
70,7244.710938,170109
71,7244.710938,172508
72,7244.710938,174907
73,7244.710938,177306
74,7244.710938,179705
75,7244.710938,182104
76,7244.710938,184503
77,7244.710938,186902
78,7244.710938,189301
79,7244.710938,191700
80,7244.710938,194099
81,7244.710938,196498
82,7244.710938,198897
83,7244.710938,201296
84,7244.710938,203695
85,7244.710938,206094
86,7244.710938,208493
87,7244.710938,210892
88,7244.710938,213291
89,7244.710938,215690
90,7244.710938,218089
91,7244.710938,220488
92,7244.710938,222887
93,7244.710938,225286
94,7244.710938,227685
95,7244.710938,230084
96,7244.710938,232483
97,7244.710938,234882
98,7244.710938,237281
99,7244.710938,239680
100,7244.710938,242079
101,7244.710938,244478
102,7244.710938,246877
103,7244.710938,249276
104,7244.710938,251675
105,7244.710938,254074
106,7244.710938,256473
107,7244.710938,258872
108,7244.710938,261271
109,7244.710938,263670
110,7244.710938,266069
111,7244.710938,268468
112,7244.710938,270867
113,7244.710938,273266
114,7244.710938,275665
115,7244.710938,278064
116,7244.710938,280463
117,7244.710938,282862
118,7244.710938,285261
119,7244.710938,287660
120,7244.710938,290059
121,7244.710938,292458
122,7244.710938,294857
123,7244.710938,297256
124,7244.710938,299655
125,7244.710938,302054
126,7244.710938,304453
127,7244.710938,306852
128,7244.710938,309251
129,7244.710938,311650
130,7244.710938,314049
131,7244.710938,316448
132,7244.710938,318847
133,7244.710938,321246
134,7244.710938,323645
135,7244.710938,326044
136,7244.710938,328443
137,7244.710938,330842
138,7244.710938,333241
139,7244.710938,335640
140,7244.710938,338039
141,7244.710938,340438
142,7244.710938,342837
143,7244.710938,345236
144,7244.710938,347635
145,7244.710938,350034
146,7244.710938,352433
147,7244.710938,354832
148,7244.710938,357231
149,7244.710938,359630
150,7244.710938,362029
151,7244.710938,364428
152,7244.710938,366827
153,7244.710938,369226
154,7244.710938,371625
155,7244.710938,374024
156,7244.710938,376423
157,7244.710938,378822
158,7244.710938,381221
159,7244.710938,383620
160,7244.710938,386019
161,7244.710938,388418
162,7244.710938,390817
163,7244.710938,393216
164,7244.710938,395615
165,7244.710938,398014
166,7244.710938,400413
167,7244.710938,402812
168,7244.710938,405211
169,7244.710938,407610
170,7244.710938,410009
171,7244.710938,412408
172,7244.710938,414807
173,7244.710938,417206
174,7244.710938,419605
175,7244.710938,422004
176,7244.710938,424403
177,7244.710938,426802
178,7244.710938,429201
179,7244.710938,431600
180,7244.710938,433999
181,7244.710938,436398
182,7244.710938,438797
183,7244.710938,441196
184,7244.710938,443595
185,7244.710938,445994
186,7244.710938,448393
187,7244.710938,450792
188,7244.710938,453191
189,7244.710938,455590
190,7244.710938,457989
191,7244.710938,460388
192,7244.710938,462787
193,7244.710938,465186
194,7244.710938,467585
195,7244.710938,469984
196,7244.710938,472383
197,7244.710938,474782
198,7244.710938,477181
199,7244.710938,479580
200,7244.710938,481979
201,7244.710938,484378
202,7244.710938,486777
203,7244.710938,489176
204,7244.710938,491575
205,7244.710938,493974
206,7244.710938,496373
207,7244.710938,498772
208,7244.710938,501171
209,7244.710938,503570
210,7244.710938,505969
211,7244.710938,508368
212,7244.710938,510767
213,7244.710938,513166
214,7244.710938,515565
215,7244.710938,517964
216,7244.710938,520363
217,7244.710938,522762
218,7244.710938,525161
219,7244.710938,527560
220,7244.710938,529959
221,7244.710938,532358
222,7244.710938,534757
223,7244.710938,537156
224,7244.710938,539555
225,7244.710938,541954
226,7244.710938,544353
227,7244.710938,546752
228,7244.710938,549151
229,7244.710938,551550
230,7244.710938,553949
231,7244.710938,556348
232,7244.710938,558747
233,7244.710938,561146
234,7244.710938,563545
235,7244.710938,565944
236,7244.710938,568343
237,7244.710938,570742
238,7244.710938,573141
239,7244.710938,575540
240,7244.710938,577939
241,7244.710938,580338
242,7244.710938,582737
243,7244.710938,585136
244,7244.710938,587535
245,7244.710938,589934
246,7244.710938,592333
247,7244.710938,594732
248,7244.710938,597131
249,7244.710938,599530
250,7244.710938,601929
251,7244.710938,604328
252,7244.710938,606727
253,7244.710938,609126
254,7244.710938,611525
255,7244.710938,613924
256,7244.710938,616323
257,7244.710938,618722
258,7244.710938,621121
259,7244.710938,623520
260,7244.710938,625919
261,7244.710938,628318
262,7244.710938,630717
263,7244.710938,633116
264,7244.710938,635515
265,7244.710938,637914
266,7244.710938,640313
267,7244.710938,642712
268,7244.710938,645111
269,7244.710938,647510
270,7244.710938,649909
271,7244.710938,652308
272,7244.710938,654707
273,7244.710938,657106
274,7244.710938,659505
275,7244.710938,661904
276,7244.710938,664303
277,7244.710938,666702
278,7244.710938,669101
279,7244.710938,671500
280,7244.710938,673899
281,7244.710938,676298
282,7244.710938,678697
283,7244.710938,681096
284,7244.710938,683495
285,7244.710938,685894
286,7244.710938,688293
287,7244.710938,690692
288,7244.710938,693091
289,7244.710938,695490
290,7244.710938,697889
291,7244.710938,700288
292,7244.710938,702687
293,7244.710938,705086
294,7244.710938,707485
295,7244.710938,709884
296,7244.710938,712283
297,7244.710938,714682
298,7244.710938,717081
299,7244.710938,719480
300,7244.710938,721879
301,7244.710938,724278
7244.710938,46.843970
1,7246.123047,2399
2,7244.710938,5164
3,7244.710938,7929
4,7244.710938,10694
5,7244.710938,13459
6,7244.710938,16194
7,7244.710938,18940
8,7244.710938,21552
9,7244.710938,24125
10,7244.710938,26691
11,7244.710938,29183
12,7244.710938,31632
13,7244.710938,34045
14,7244.710938,36447
15,7244.710938,38848
16,7244.710938,41248
17,7244.710938,43648
18,7244.710938,46047
19,7244.710938,48446
20,7244.710938,50845
21,7244.710938,53244
22,7244.710938,55643
23,7244.710938,58042
24,7244.710938,60441
25,7244.710938,62840
26,7244.710938,65239
27,7244.710938,67638
28,7244.710938,70037
29,7244.710938,72436
30,7244.710938,74835
31,7244.710938,77234
32,7244.710938,79633
33,7244.710938,82032
34,7244.710938,84431
35,7244.710938,86830
36,7244.710938,89229
37,7244.710938,91628
38,7244.710938,94027
39,7244.710938,96426
40,7244.710938,98825
41,7244.710938,101224
42,7244.710938,103623
43,7244.710938,106022
44,7244.710938,108421
45,7244.710938,110820
46,7244.710938,113219
47,7244.710938,115618
48,7244.710938,118017
49,7244.710938,120416
50,7244.710938,122815
51,7244.710938,125214
52,7244.710938,127613
53,7244.710938,130012
54,7244.710938,132411
55,7244.710938,134810
56,7244.710938,137209
57,7244.710938,139608
58,7244.710938,142007
59,7244.710938,144406
60,7244.710938,146805
61,7244.710938,149204
62,7244.710938,151603
63,7244.710938,154002
64,7244.710938,156401
65,7244.710938,158800
66,7244.710938,161199
67,7244.710938,163598
68,7244.710938,165997
69,7244.710938,168396
70,7244.710938,170795
71,7244.710938,173194
72,7244.710938,175593
73,7244.710938,177992
74,7244.710938,180391
75,7244.710938,182790
76,7244.710938,185189
77,7244.710938,187588
78,7244.710938,189987
79,7244.710938,192386
80,7244.710938,194785
81,7244.710938,197184
82,7244.710938,199583
83,7244.710938,201982
84,7244.710938,204381
85,7244.710938,206780
86,7244.710938,209179
87,7244.710938,211578
88,7244.710938,213977
89,7244.710938,216376
90,7244.710938,218775
91,7244.710938,221174
92,7244.710938,223573
93,7244.710938,225972
94,7244.710938,228371
95,7244.710938,230770
96,7244.710938,233169
97,7244.710938,235568
98,7244.710938,237967
99,7244.710938,240366
100,7244.710938,242765
101,7244.710938,245164
102,7244.710938,247563
103,7244.710938,249962
104,7244.710938,252361
105,7244.710938,254760
106,7244.710938,257159
107,7244.710938,259558
108,7244.710938,261957
109,7244.710938,264356
110,7244.710938,266755
111,7244.710938,269154
112,7244.710938,271553
113,7244.710938,273952
114,7244.710938,276351
115,7244.710938,278750
116,7244.710938,281149
117,7244.710938,283548
118,7244.710938,285947
119,7244.710938,288346
120,7244.710938,290745
121,7244.710938,293144
122,7244.710938,295543
123,7244.710938,297942
124,7244.710938,300341
125,7244.710938,302740
126,7244.710938,305139
127,7244.710938,307538
128,7244.710938,309937
129,7244.710938,312336
130,7244.710938,314735
131,7244.710938,317134
132,7244.710938,319533
133,7244.710938,321932
134,7244.710938,324331
135,7244.710938,326730
136,7244.710938,329129
137,7244.710938,331528
138,7244.710938,333927
139,7244.710938,336326
140,7244.710938,338725
141,7244.710938,341124
142,7244.710938,343523
143,7244.710938,345922
144,7244.710938,348321
145,7244.710938,350720
146,7244.710938,353119
147,7244.710938,355518
148,7244.710938,357917
149,7244.710938,360316
150,7244.710938,362715
151,7244.710938,365114
152,7244.710938,367513
153,7244.710938,369912
154,7244.710938,372311
155,7244.710938,374710
156,7244.710938,377109
157,7244.710938,379508
158,7244.710938,381907
159,7244.710938,384306
160,7244.710938,386705
161,7244.710938,389104
162,7244.710938,391503
163,7244.710938,393902
164,7244.710938,396301
165,7244.710938,398700
166,7244.710938,401099
167,7244.710938,403498
168,7244.710938,405897
169,7244.710938,408296
170,7244.710938,410695
171,7244.710938,413094
172,7244.710938,415493
173,7244.710938,417892
174,7244.710938,420291
175,7244.710938,422690
176,7244.710938,425089
177,7244.710938,427488
178,7244.710938,429887
179,7244.710938,432286
180,7244.710938,434685
181,7244.710938,437084
182,7244.710938,439483
183,7244.710938,441882
184,7244.710938,444281
185,7244.710938,446680
186,7244.710938,449079
187,7244.710938,451478
188,7244.710938,453877
189,7244.710938,456276
190,7244.710938,458675
191,7244.710938,461074
192,7244.710938,463473
193,7244.710938,465872
194,7244.710938,468271
195,7244.710938,470670
196,7244.710938,473069
197,7244.710938,475468
198,7244.710938,477867
199,7244.710938,480266
200,7244.710938,482665
201,7244.710938,485064
202,7244.710938,487463
203,7244.710938,489862
204,7244.710938,492261
205,7244.710938,494660
206,7244.710938,497059
207,7244.710938,499458
208,7244.710938,501857
209,7244.710938,504256
210,7244.710938,506655
211,7244.710938,509054
212,7244.710938,511453
213,7244.710938,513852
214,7244.710938,516251
215,7244.710938,518650
216,7244.710938,521049
217,7244.710938,523448
218,7244.710938,525847
219,7244.710938,528246
220,7244.710938,530645
221,7244.710938,533044
222,7244.710938,535443
223,7244.710938,537842
224,7244.710938,540241
225,7244.710938,542640
226,7244.710938,545039
227,7244.710938,547438
228,7244.710938,549837
229,7244.710938,552236
230,7244.710938,554635
231,7244.710938,557034
232,7244.710938,559433
233,7244.710938,561832
234,7244.710938,564231
235,7244.710938,566630
236,7244.710938,569029
237,7244.710938,571428
238,7244.710938,573827
239,7244.710938,576226
240,7244.710938,578625
241,7244.710938,581024
242,7244.710938,583423
243,7244.710938,585822
244,7244.710938,588221
245,7244.710938,590620
246,7244.710938,593019
247,7244.710938,595418
248,7244.710938,597817
249,7244.710938,600216
250,7244.710938,602615
251,7244.710938,605014
252,7244.710938,607413
253,7244.710938,609812
254,7244.710938,612211
255,7244.710938,614610
256,7244.710938,617009
257,7244.710938,619408
258,7244.710938,621807
259,7244.710938,624206
260,7244.710938,626605
261,7244.710938,629004
262,7244.710938,631403
263,7244.710938,633802
264,7244.710938,636201
265,7244.710938,638600
266,7244.710938,640999
267,7244.710938,643398
268,7244.710938,645797
269,7244.710938,648196
270,7244.710938,650595
271,7244.710938,652994
272,7244.710938,655393
273,7244.710938,657792
274,7244.710938,660191
275,7244.710938,662590
276,7244.710938,664989
277,7244.710938,667388
278,7244.710938,669787
279,7244.710938,672186
280,7244.710938,674585
281,7244.710938,676984
282,7244.710938,679383
283,7244.710938,681782
284,7244.710938,684181
285,7244.710938,686580
286,7244.710938,688979
287,7244.710938,691378
288,7244.710938,693777
289,7244.710938,696176
290,7244.710938,698575
291,7244.710938,700974
292,7244.710938,703373
293,7244.710938,705772
294,7244.710938,708171
295,7244.710938,710570
296,7244.710938,712969
297,7244.710938,715368
298,7244.710938,717767
299,7244.710938,720166
300,7244.710938,722565
301,7244.710938,724964
7244.710938,45.821622
1,7245.666016,2399
2,7244.710938,5186
3,7244.710938,7973
4,7244.710938,10760
5,7244.710938,13544
6,7244.710938,16320
7,7244.710938,19086
8,7244.710938,21870
9,7244.710938,24517
10,7244.710938,27178
11,7244.710938,29711
12,7244.710938,32169
13,7244.710938,34589
14,7244.710938,36997
15,7244.710938,39399
16,7244.710938,41798
17,7244.710938,44197
18,7244.710938,46596
19,7244.710938,48995
20,7244.710938,51394
21,7244.710938,53793
22,7244.710938,56192
23,7244.710938,58591
24,7244.710938,60990
25,7244.710938,63389
26,7244.710938,65788
27,7244.710938,68187
28,7244.710938,70586
29,7244.710938,72985
30,7244.710938,75384
31,7244.710938,77783
32,7244.710938,80182
33,7244.710938,82581
34,7244.710938,84980
35,7244.710938,87379
36,7244.710938,89778
37,7244.710938,92177
38,7244.710938,94576
39,7244.710938,96975
40,7244.710938,99374
41,7244.710938,101773
42,7244.710938,104172
43,7244.710938,106571
44,7244.710938,108970
45,7244.710938,111369
46,7244.710938,113768
47,7244.710938,116167
48,7244.710938,118566
49,7244.710938,120965
50,7244.710938,123364
51,7244.710938,125763
52,7244.710938,128162
53,7244.710938,130561
54,7244.710938,132960
55,7244.710938,135359
56,7244.710938,137758
57,7244.710938,140157
58,7244.710938,142556
59,7244.710938,144955
60,7244.710938,147354
61,7244.710938,149753
62,7244.710938,152152
63,7244.710938,154551
64,7244.710938,156950
65,7244.710938,159349
66,7244.710938,161748
67,7244.710938,164147
68,7244.710938,166546
69,7244.710938,168945
70,7244.710938,171344
71,7244.710938,173743
72,7244.710938,176142
73,7244.710938,178541
74,7244.710938,180940
75,7244.710938,183339
76,7244.710938,185738
77,7244.710938,188137
78,7244.710938,190536
79,7244.710938,192935
80,7244.710938,195334
81,7244.710938,197733
82,7244.710938,200132
83,7244.710938,202531
84,7244.710938,204930
85,7244.710938,207329
86,7244.710938,209728
87,7244.710938,212127
88,7244.710938,214526
89,7244.710938,216925
90,7244.710938,219324
91,7244.710938,221723
92,7244.710938,224122
93,7244.710938,226521
94,7244.710938,228920
95,7244.710938,231319
96,7244.710938,233718
97,7244.710938,236117
98,7244.710938,238516
99,7244.710938,240915
100,7244.710938,243314
101,7244.710938,245713
102,7244.710938,248112
103,7244.710938,250511
104,7244.710938,252910
105,7244.710938,255309
106,7244.710938,257708
107,7244.710938,260107
108,7244.710938,262506
109,7244.710938,264905
110,7244.710938,267304
111,7244.710938,269703
112,7244.710938,272102
113,7244.710938,274501
114,7244.710938,276900
115,7244.710938,279299
116,7244.710938,281698
117,7244.710938,284097
118,7244.710938,286496
119,7244.710938,288895
120,7244.710938,291294
121,7244.710938,293693
122,7244.710938,296092
123,7244.710938,298491
124,7244.710938,300890
125,7244.710938,303289
126,7244.710938,305688
127,7244.710938,308087
128,7244.710938,310486
129,7244.710938,312885
130,7244.710938,315284
131,7244.710938,317683
132,7244.710938,320082
133,7244.710938,322481
134,7244.710938,324880
135,7244.710938,327279
136,7244.710938,329678
137,7244.710938,332077
138,7244.710938,334476
139,7244.710938,336875
140,7244.710938,339274
141,7244.710938,341673
142,7244.710938,344072
143,7244.710938,346471
144,7244.710938,348870
145,7244.710938,351269
146,7244.710938,353668
147,7244.710938,356067
148,7244.710938,358466
149,7244.710938,360865
150,7244.710938,363264
151,7244.710938,365663
152,7244.710938,368062
153,7244.710938,370461
154,7244.710938,372860
155,7244.710938,375259
156,7244.710938,377658
157,7244.710938,380057
158,7244.710938,382456
159,7244.710938,384855
160,7244.710938,387254
161,7244.710938,389653
162,7244.710938,392052
163,7244.710938,394451
164,7244.710938,396850
165,7244.710938,399249
166,7244.710938,401648
167,7244.710938,404047
168,7244.710938,406446
169,7244.710938,408845
170,7244.710938,411244
171,7244.710938,413643
172,7244.710938,416042
173,7244.710938,418441
174,7244.710938,420840
175,7244.710938,423239
176,7244.710938,425638
177,7244.710938,428037
178,7244.710938,430436
179,7244.710938,432835
180,7244.710938,435234
181,7244.710938,437633
182,7244.710938,440032
183,7244.710938,442431
184,7244.710938,444830
185,7244.710938,447229
186,7244.710938,449628
187,7244.710938,452027
188,7244.710938,454426
189,7244.710938,456825
190,7244.710938,459224
191,7244.710938,461623
192,7244.710938,464022
193,7244.710938,466421
194,7244.710938,468820
195,7244.710938,471219
196,7244.710938,473618
197,7244.710938,476017
198,7244.710938,478416
199,7244.710938,480815
200,7244.710938,483214
201,7244.710938,485613
202,7244.710938,488012
203,7244.710938,490411
204,7244.710938,492810
205,7244.710938,495209
206,7244.710938,497608
207,7244.710938,500007
208,7244.710938,502406
209,7244.710938,504805
210,7244.710938,507204
211,7244.710938,509603
212,7244.710938,512002
213,7244.710938,514401
214,7244.710938,516800
215,7244.710938,519199
216,7244.710938,521598
217,7244.710938,523997
218,7244.710938,526396
219,7244.710938,528795
220,7244.710938,531194
221,7244.710938,533593
222,7244.710938,535992
223,7244.710938,538391
224,7244.710938,540790
225,7244.710938,543189
226,7244.710938,545588
227,7244.710938,547987
228,7244.710938,550386
229,7244.710938,552785
230,7244.710938,555184
231,7244.710938,557583
232,7244.710938,559982
233,7244.710938,562381
234,7244.710938,564780
235,7244.710938,567179
236,7244.710938,569578
237,7244.710938,571977
238,7244.710938,574376
239,7244.710938,576775
240,7244.710938,579174
241,7244.710938,581573
242,7244.710938,583972
243,7244.710938,586371
244,7244.710938,588770
245,7244.710938,591169
246,7244.710938,593568
247,7244.710938,595967
248,7244.710938,598366
249,7244.710938,600765
250,7244.710938,603164
251,7244.710938,605563
252,7244.710938,607962
253,7244.710938,610361
254,7244.710938,612760
255,7244.710938,615159
256,7244.710938,617558
257,7244.710938,619957
258,7244.710938,622356
259,7244.710938,624755
260,7244.710938,627154
261,7244.710938,629553
262,7244.710938,631952
263,7244.710938,634351
264,7244.710938,636750
265,7244.710938,639149
266,7244.710938,641548
267,7244.710938,643947
268,7244.710938,646346
269,7244.710938,648745
270,7244.710938,651144
271,7244.710938,653543
272,7244.710938,655942
273,7244.710938,658341
274,7244.710938,660740
275,7244.710938,663139
276,7244.710938,665538
277,7244.710938,667937
278,7244.710938,670336
279,7244.710938,672735
280,7244.710938,675134
281,7244.710938,677533
282,7244.710938,679932
283,7244.710938,682331
284,7244.710938,684730
285,7244.710938,687129
286,7244.710938,689528
287,7244.710938,691927
288,7244.710938,694326
289,7244.710938,696725
290,7244.710938,699124
291,7244.710938,701523
292,7244.710938,703922
293,7244.710938,706321
294,7244.710938,708720
295,7244.710938,711119
296,7244.710938,713518
297,7244.710938,715917
298,7244.710938,718316
299,7244.710938,720715
300,7244.710938,723114
301,7244.710938,725513
7244.710938,46.343411
1,7245.697266,2399
2,7244.710938,5100
3,7244.710938,7801
4,7244.710938,10502
5,7244.710938,13203
6,7244.710938,15863
7,7244.710938,18552
8,7244.710938,21250
9,7244.710938,23935
10,7244.710938,26450
11,7244.710938,28942
12,7244.710938,31384
13,7244.710938,33805
14,7244.710938,36214
15,7244.710938,38616
16,7244.710938,41016
17,7244.710938,43415
18,7244.710938,45814
19,7244.710938,48213
20,7244.710938,50612
21,7244.710938,53011
22,7244.710938,55410
23,7244.710938,57809
24,7244.710938,60208
25,7244.710938,62607
26,7244.710938,65006
27,7244.710938,67405
28,7244.710938,69804
29,7244.710938,72203
30,7244.710938,74602
31,7244.710938,77001
32,7244.710938,79400
33,7244.710938,81799
34,7244.710938,84198
35,7244.710938,86597
36,7244.710938,88996
37,7244.710938,91395
38,7244.710938,93794
39,7244.710938,96193
40,7244.710938,98592
41,7244.710938,100991
42,7244.710938,103390
43,7244.710938,105789
44,7244.710938,108188
45,7244.710938,110587
46,7244.710938,112986
47,7244.710938,115385
48,7244.710938,117784
49,7244.710938,120183
50,7244.710938,122582
51,7244.710938,124981
52,7244.710938,127380
53,7244.710938,129779
54,7244.710938,132178
55,7244.710938,134577
56,7244.710938,136976
57,7244.710938,139375
58,7244.710938,141774
59,7244.710938,144173
60,7244.710938,146572
61,7244.710938,148971
62,7244.710938,151370
63,7244.710938,153769
64,7244.710938,156168
65,7244.710938,158567
66,7244.710938,160966
67,7244.710938,163365
68,7244.710938,165764
69,7244.710938,168163
70,7244.710938,170562
71,7244.710938,172961
72,7244.710938,175360
73,7244.710938,177759
74,7244.710938,180158
75,7244.710938,182557
76,7244.710938,184956
77,7244.710938,187355
78,7244.710938,189754
79,7244.710938,192153
80,7244.710938,194552
81,7244.710938,196951
82,7244.710938,199350
83,7244.710938,201749
84,7244.710938,204148
85,7244.710938,206547
86,7244.710938,208946
87,7244.710938,211345
88,7244.710938,213744
89,7244.710938,216143
90,7244.710938,218542
91,7244.710938,220941
92,7244.710938,223340
93,7244.710938,225739
94,7244.710938,228138
95,7244.710938,230537
96,7244.710938,232936
97,7244.710938,235335
98,7244.710938,237734
99,7244.710938,240133
100,7244.710938,242532
101,7244.710938,244931
102,7244.710938,247330
103,7244.710938,249729
104,7244.710938,252128
105,7244.710938,254527
106,7244.710938,256926
107,7244.710938,259325
108,7244.710938,261724
109,7244.710938,264123
110,7244.710938,266522
111,7244.710938,268921
112,7244.710938,271320
113,7244.710938,273719
114,7244.710938,276118
115,7244.710938,278517
116,7244.710938,280916
117,7244.710938,283315
118,7244.710938,285714
119,7244.710938,288113
120,7244.710938,290512
121,7244.710938,292911
122,7244.710938,295310
123,7244.710938,297709
124,7244.710938,300108
125,7244.710938,302507
126,7244.710938,304906
127,7244.710938,307305
128,7244.710938,309704
129,7244.710938,312103
130,7244.710938,314502
131,7244.710938,316901
132,7244.710938,319300
133,7244.710938,321699
134,7244.710938,324098
135,7244.710938,326497
136,7244.710938,328896
137,7244.710938,331295
138,7244.710938,333694
139,7244.710938,336093
140,7244.710938,338492
141,7244.710938,340891
142,7244.710938,343290
143,7244.710938,345689
144,7244.710938,348088
145,7244.710938,350487
146,7244.710938,352886
147,7244.710938,355285
148,7244.710938,357684
149,7244.710938,360083
150,7244.710938,362482
151,7244.710938,364881
152,7244.710938,367280
153,7244.710938,369679
154,7244.710938,372078
155,7244.710938,374477
156,7244.710938,376876
157,7244.710938,379275
158,7244.710938,381674
159,7244.710938,384073
160,7244.710938,386472
161,7244.710938,388871
162,7244.710938,391270
163,7244.710938,393669
164,7244.710938,396068
165,7244.710938,398467
166,7244.710938,400866
167,7244.710938,403265
168,7244.710938,405664
169,7244.710938,408063
170,7244.710938,410462
171,7244.710938,412861
172,7244.710938,415260
173,7244.710938,417659
174,7244.710938,420058
175,7244.710938,422457
176,7244.710938,424856
177,7244.710938,427255
178,7244.710938,429654
179,7244.710938,432053
180,7244.710938,434452
181,7244.710938,436851
182,7244.710938,439250
183,7244.710938,441649
184,7244.710938,444048
185,7244.710938,446447
186,7244.710938,448846
187,7244.710938,451245
188,7244.710938,453644
189,7244.710938,456043
190,7244.710938,458442
191,7244.710938,460841
192,7244.710938,463240
193,7244.710938,465639
194,7244.710938,468038
195,7244.710938,470437
196,7244.710938,472836
197,7244.710938,475235
198,7244.710938,477634
199,7244.710938,480033
200,7244.710938,482432
201,7244.710938,484831
202,7244.710938,487230
203,7244.710938,489629
204,7244.710938,492028
205,7244.710938,494427
206,7244.710938,496826
207,7244.710938,499225
208,7244.710938,501624
209,7244.710938,504023
210,7244.710938,506422
211,7244.710938,508821
212,7244.710938,511220
213,7244.710938,513619
214,7244.710938,516018
215,7244.710938,518417
216,7244.710938,520816
217,7244.710938,523215
218,7244.710938,525614
219,7244.710938,528013
220,7244.710938,530412
221,7244.710938,532811
222,7244.710938,535210
223,7244.710938,537609
224,7244.710938,540008
225,7244.710938,542407
226,7244.710938,544806
227,7244.710938,547205
228,7244.710938,549604
229,7244.710938,552003
230,7244.710938,554402
231,7244.710938,556801
232,7244.710938,559200
233,7244.710938,561599
234,7244.710938,563998
235,7244.710938,566397
236,7244.710938,568796
237,7244.710938,571195
238,7244.710938,573594
239,7244.710938,575993
240,7244.710938,578392
241,7244.710938,580791
242,7244.710938,583190
243,7244.710938,585589
244,7244.710938,587988
245,7244.710938,590387
246,7244.710938,592786
247,7244.710938,595185
248,7244.710938,597584
249,7244.710938,599983
250,7244.710938,602382
251,7244.710938,604781
252,7244.710938,607180
253,7244.710938,609579
254,7244.710938,611978
255,7244.710938,614377
256,7244.710938,616776
257,7244.710938,619175
258,7244.710938,621574
259,7244.710938,623973
260,7244.710938,626372
261,7244.710938,628771
262,7244.710938,631170
263,7244.710938,633569
264,7244.710938,635968
265,7244.710938,638367
266,7244.710938,640766
267,7244.710938,643165
268,7244.710938,645564
269,7244.710938,647963
270,7244.710938,650362
271,7244.710938,652761
272,7244.710938,655160
273,7244.710938,657559
274,7244.710938,659958
275,7244.710938,662357
276,7244.710938,664756
277,7244.710938,667155
278,7244.710938,669554
279,7244.710938,671953
280,7244.710938,674352
281,7244.710938,676751
282,7244.710938,679150
283,7244.710938,681549
284,7244.710938,683948
285,7244.710938,686347
286,7244.710938,688746
287,7244.710938,691145
288,7244.710938,693544
289,7244.710938,695943
290,7244.710938,698342
291,7244.710938,700741
292,7244.710938,703140
293,7244.710938,705539
294,7244.710938,707938
295,7244.710938,710337
296,7244.710938,712736
297,7244.710938,715135
298,7244.710938,717534
299,7244.710938,719933
300,7244.710938,722332
301,7244.710938,724731
7244.710938,48.263865
1,7245.133789,2399
2,7244.710938,4969
3,7244.710938,7539
4,7244.710938,10109
5,7244.710938,12676
6,7244.710938,15243
7,7244.710938,17811
8,7244.710938,20317
9,7244.710938,22813
10,7244.710938,25297
11,7244.710938,27736
12,7244.710938,30143
13,7244.710938,32544
14,7244.710938,34943
15,7244.710938,37342
16,7244.710938,39741
17,7244.710938,42140
18,7244.710938,44539
19,7244.710938,46938
20,7244.710938,49337
21,7244.710938,51736
22,7244.710938,54135
23,7244.710938,56534
24,7244.710938,58933
25,7244.710938,61332
26,7244.710938,63731
27,7244.710938,66130
28,7244.710938,68529
29,7244.710938,70928
30,7244.710938,73327
31,7244.710938,75726
32,7244.710938,78125
33,7244.710938,80524
34,7244.710938,82923
35,7244.710938,85322
36,7244.710938,87721
37,7244.710938,90120
38,7244.710938,92519
39,7244.710938,94918
40,7244.710938,97317
41,7244.710938,99716
42,7244.710938,102115
43,7244.710938,104514
44,7244.710938,106913
45,7244.710938,109312
46,7244.710938,111711
47,7244.710938,114110
48,7244.710938,116509
49,7244.710938,118908
50,7244.710938,121307
51,7244.710938,123706
52,7244.710938,126105
53,7244.710938,128504
54,7244.710938,130903
55,7244.710938,133302
56,7244.710938,135701
57,7244.710938,138100
58,7244.710938,140499
59,7244.710938,142898
60,7244.710938,145297
61,7244.710938,147696
62,7244.710938,150095
63,7244.710938,152494
64,7244.710938,154893
65,7244.710938,157292
66,7244.710938,159691
67,7244.710938,162090
68,7244.710938,164489
69,7244.710938,166888
70,7244.710938,169287
71,7244.710938,171686
72,7244.710938,174085
73,7244.710938,176484
74,7244.710938,178883
75,7244.710938,181282
76,7244.710938,183681
77,7244.710938,186080
78,7244.710938,188479
79,7244.710938,190878
80,7244.710938,193277
81,7244.710938,195676
82,7244.710938,198075
83,7244.710938,200474
84,7244.710938,202873
85,7244.710938,205272
86,7244.710938,207671
87,7244.710938,210070
88,7244.710938,212469
89,7244.710938,214868
90,7244.710938,217267
91,7244.710938,219666
92,7244.710938,222065
93,7244.710938,224464
94,7244.710938,226863
95,7244.710938,229262
96,7244.710938,231661
97,7244.710938,234060
98,7244.710938,236459
99,7244.710938,238858
100,7244.710938,241257
101,7244.710938,243656
102,7244.710938,246055
103,7244.710938,248454
104,7244.710938,250853
105,7244.710938,253252
106,7244.710938,255651
107,7244.710938,258050
108,7244.710938,260449
109,7244.710938,262848
110,7244.710938,265247
111,7244.710938,267646
112,7244.710938,270045
113,7244.710938,272444
114,7244.710938,274843
115,7244.710938,277242
116,7244.710938,279641
117,7244.710938,282040
118,7244.710938,284439
119,7244.710938,286838
120,7244.710938,289237
121,7244.710938,291636
122,7244.710938,294035
123,7244.710938,296434
124,7244.710938,298833
125,7244.710938,301232
126,7244.710938,303631
127,7244.710938,306030
128,7244.710938,308429
129,7244.710938,310828
130,7244.710938,313227
131,7244.710938,315626
132,7244.710938,318025
133,7244.710938,320424
134,7244.710938,322823
135,7244.710938,325222
136,7244.710938,327621
137,7244.710938,330020
138,7244.710938,332419
139,7244.710938,334818
140,7244.710938,337217
141,7244.710938,339616
142,7244.710938,342015
143,7244.710938,344414
144,7244.710938,346813
145,7244.710938,349212
146,7244.710938,351611
147,7244.710938,354010
148,7244.710938,356409
149,7244.710938,358808
150,7244.710938,361207
151,7244.710938,363606
152,7244.710938,366005
153,7244.710938,368404
154,7244.710938,370803
155,7244.710938,373202
156,7244.710938,375601
157,7244.710938,378000
158,7244.710938,380399
159,7244.710938,382798
160,7244.710938,385197
161,7244.710938,387596
162,7244.710938,389995
163,7244.710938,392394
164,7244.710938,394793
165,7244.710938,397192
166,7244.710938,399591
167,7244.710938,401990
168,7244.710938,404389
169,7244.710938,406788
170,7244.710938,409187
171,7244.710938,411586
172,7244.710938,413985
173,7244.710938,416384
174,7244.710938,418783
175,7244.710938,421182
176,7244.710938,423581
177,7244.710938,425980
178,7244.710938,428379
179,7244.710938,430778
180,7244.710938,433177
181,7244.710938,435576
182,7244.710938,437975
183,7244.710938,440374
184,7244.710938,442773
185,7244.710938,445172
186,7244.710938,447571
187,7244.710938,449970
188,7244.710938,452369
189,7244.710938,454768
190,7244.710938,457167
191,7244.710938,459566
192,7244.710938,461965
193,7244.710938,464364
194,7244.710938,466763
195,7244.710938,469162
196,7244.710938,471561
197,7244.710938,473960
198,7244.710938,476359
199,7244.710938,478758
200,7244.710938,481157
201,7244.710938,483556
202,7244.710938,485955
203,7244.710938,488354
204,7244.710938,490753
205,7244.710938,493152
206,7244.710938,495551
207,7244.710938,497950
208,7244.710938,500349
209,7244.710938,502748
210,7244.710938,505147
211,7244.710938,507546
212,7244.710938,509945
213,7244.710938,512344
214,7244.710938,514743
215,7244.710938,517142
216,7244.710938,519541
217,7244.710938,521940
218,7244.710938,524339
219,7244.710938,526738
220,7244.710938,529137
221,7244.710938,531536
222,7244.710938,533935
223,7244.710938,536334
224,7244.710938,538733
225,7244.710938,541132
226,7244.710938,543531
227,7244.710938,545930
228,7244.710938,548329
229,7244.710938,550728
230,7244.710938,553127
231,7244.710938,555526
232,7244.710938,557925
233,7244.710938,560324
234,7244.710938,562723
235,7244.710938,565122
236,7244.710938,567521
237,7244.710938,569920
238,7244.710938,572319
239,7244.710938,574718
240,7244.710938,577117
241,7244.710938,579516
242,7244.710938,581915
243,7244.710938,584314
244,7244.710938,586713
245,7244.710938,589112
246,7244.710938,591511
247,7244.710938,593910
248,7244.710938,596309
249,7244.710938,598708
250,7244.710938,601107
251,7244.710938,603506
252,7244.710938,605905
253,7244.710938,608304
254,7244.710938,610703
255,7244.710938,613102
256,7244.710938,615501
257,7244.710938,617900
258,7244.710938,620299
259,7244.710938,622698
260,7244.710938,625097
261,7244.710938,627496
262,7244.710938,629895
263,7244.710938,632294
264,7244.710938,634693
265,7244.710938,637092
266,7244.710938,639491
267,7244.710938,641890
268,7244.710938,644289
269,7244.710938,646688
270,7244.710938,649087
271,7244.710938,651486
272,7244.710938,653885
273,7244.710938,656284
274,7244.710938,658683
275,7244.710938,661082
276,7244.710938,663481
277,7244.710938,665880
278,7244.710938,668279
279,7244.710938,670678
280,7244.710938,673077
281,7244.710938,675476
282,7244.710938,677875
283,7244.710938,680274
284,7244.710938,682673
285,7244.710938,685072
286,7244.710938,687471
287,7244.710938,689870
288,7244.710938,692269
289,7244.710938,694668
290,7244.710938,697067
291,7244.710938,699466
292,7244.710938,701865
293,7244.710938,704264
294,7244.710938,706663
295,7244.710938,709062
296,7244.710938,711461
297,7244.710938,713860
298,7244.710938,716259
299,7244.710938,718658
300,7244.710938,721057
301,7244.710938,723456
7244.710938,48.019054
1,7245.901855,2399
2,7244.710938,5162
3,7244.710938,7925
4,7244.710938,10688
5,7244.710938,13447
6,7244.710938,16204
7,7244.710938,18966
8,7244.710938,21575
9,7244.710938,24157
10,7244.710938,26722
11,7244.710938,29210
12,7244.710938,31656
13,7244.710938,34071
14,7244.710938,36476
15,7244.710938,38876
16,7244.710938,41275
17,7244.710938,43674
18,7244.710938,46073
19,7244.710938,48472
20,7244.710938,50871
21,7244.710938,53270
22,7244.710938,55669
23,7244.710938,58068
24,7244.710938,60467
25,7244.710938,62866
26,7244.710938,65265
27,7244.710938,67664
28,7244.710938,70063
29,7244.710938,72462
30,7244.710938,74861
31,7244.710938,77260
32,7244.710938,79659
33,7244.710938,82058
34,7244.710938,84457
35,7244.710938,86856
36,7244.710938,89255
37,7244.710938,91654
38,7244.710938,94053
39,7244.710938,96452
40,7244.710938,98851
41,7244.710938,101250
42,7244.710938,103649
43,7244.710938,106048
44,7244.710938,108447
45,7244.710938,110846
46,7244.710938,113245
47,7244.710938,115644
48,7244.710938,118043
49,7244.710938,120442
50,7244.710938,122841
51,7244.710938,125240
52,7244.710938,127639
53,7244.710938,130038
54,7244.710938,132437
55,7244.710938,134836
56,7244.710938,137235
57,7244.710938,139634
58,7244.710938,142033
59,7244.710938,144432
60,7244.710938,146831
61,7244.710938,149230
62,7244.710938,151629
63,7244.710938,154028
64,7244.710938,156427
65,7244.710938,158826
66,7244.710938,161225
67,7244.710938,163624
68,7244.710938,166023
69,7244.710938,168422
70,7244.710938,170821
71,7244.710938,173220
72,7244.710938,175619
73,7244.710938,178018
74,7244.710938,180417
75,7244.710938,182816
76,7244.710938,185215
77,7244.710938,187614
78,7244.710938,190013
79,7244.710938,192412
80,7244.710938,194811
81,7244.710938,197210
82,7244.710938,199609
83,7244.710938,202008
84,7244.710938,204407
85,7244.710938,206806
86,7244.710938,209205
87,7244.710938,211604
88,7244.710938,214003
89,7244.710938,216402
90,7244.710938,218801
91,7244.710938,221200
92,7244.710938,223599
93,7244.710938,225998
94,7244.710938,228397
95,7244.710938,230796
96,7244.710938,233195
97,7244.710938,235594
98,7244.710938,237993
99,7244.710938,240392
100,7244.710938,242791
101,7244.710938,245190
102,7244.710938,247589
103,7244.710938,249988
104,7244.710938,252387
105,7244.710938,254786
106,7244.710938,257185
107,7244.710938,259584
108,7244.710938,261983
109,7244.710938,264382
110,7244.710938,266781
111,7244.710938,269180
112,7244.710938,271579
113,7244.710938,273978
114,7244.710938,276377
115,7244.710938,278776
116,7244.710938,281175
117,7244.710938,283574
118,7244.710938,285973
119,7244.710938,288372
120,7244.710938,290771
121,7244.710938,293170
122,7244.710938,295569
123,7244.710938,297968
124,7244.710938,300367
125,7244.710938,302766
126,7244.710938,305165
127,7244.710938,307564
128,7244.710938,309963
129,7244.710938,312362
130,7244.710938,314761
131,7244.710938,317160
132,7244.710938,319559
133,7244.710938,321958
134,7244.710938,324357
135,7244.710938,326756
136,7244.710938,329155
137,7244.710938,331554
138,7244.710938,333953
139,7244.710938,336352
140,7244.710938,338751
141,7244.710938,341150
142,7244.710938,343549
143,7244.710938,345948
144,7244.710938,348347
145,7244.710938,350746
146,7244.710938,353145
147,7244.710938,355544
148,7244.710938,357943
149,7244.710938,360342
150,7244.710938,362741
151,7244.710938,365140
152,7244.710938,367539
153,7244.710938,369938
154,7244.710938,372337
155,7244.710938,374736
156,7244.710938,377135
157,7244.710938,379534
158,7244.710938,381933
159,7244.710938,384332
160,7244.710938,386731
161,7244.710938,389130
162,7244.710938,391529
163,7244.710938,393928
164,7244.710938,396327
165,7244.710938,398726
166,7244.710938,401125
167,7244.710938,403524
168,7244.710938,405923
169,7244.710938,408322
170,7244.710938,410721
171,7244.710938,413120
172,7244.710938,415519
173,7244.710938,417918
174,7244.710938,420317
175,7244.710938,422716
176,7244.710938,425115
177,7244.710938,427514
178,7244.710938,429913
179,7244.710938,432312
180,7244.710938,434711
181,7244.710938,437110
182,7244.710938,439509
183,7244.710938,441908
184,7244.710938,444307
185,7244.710938,446706
186,7244.710938,449105
187,7244.710938,451504
188,7244.710938,453903
189,7244.710938,456302
190,7244.710938,458701
191,7244.710938,461100
192,7244.710938,463499
193,7244.710938,465898
194,7244.710938,468297
195,7244.710938,470696
196,7244.710938,473095
197,7244.710938,475494
198,7244.710938,477893
199,7244.710938,480292
200,7244.710938,482691
201,7244.710938,485090
202,7244.710938,487489
203,7244.710938,489888
204,7244.710938,492287
205,7244.710938,494686
206,7244.710938,497085
207,7244.710938,499484
208,7244.710938,501883
209,7244.710938,504282
210,7244.710938,506681
211,7244.710938,509080
212,7244.710938,511479
213,7244.710938,513878
214,7244.710938,516277
215,7244.710938,518676
216,7244.710938,521075
217,7244.710938,523474
218,7244.710938,525873
219,7244.710938,528272
220,7244.710938,530671
221,7244.710938,533070
222,7244.710938,535469
223,7244.710938,537868
224,7244.710938,540267
225,7244.710938,542666
226,7244.710938,545065
227,7244.710938,547464
228,7244.710938,549863
229,7244.710938,552262
230,7244.710938,554661
231,7244.710938,557060
232,7244.710938,559459
233,7244.710938,561858
234,7244.710938,564257
235,7244.710938,566656
236,7244.710938,569055
237,7244.710938,571454
238,7244.710938,573853
239,7244.710938,576252
240,7244.710938,578651
241,7244.710938,581050
242,7244.710938,583449
243,7244.710938,585848
244,7244.710938,588247
245,7244.710938,590646
246,7244.710938,593045
247,7244.710938,595444
248,7244.710938,597843
249,7244.710938,600242
250,7244.710938,602641
251,7244.710938,605040
252,7244.710938,607439
253,7244.710938,609838
254,7244.710938,612237
255,7244.710938,614636
256,7244.710938,617035
257,7244.710938,619434
258,7244.710938,621833
259,7244.710938,624232
260,7244.710938,626631
261,7244.710938,629030
262,7244.710938,631429
263,7244.710938,633828
264,7244.710938,636227
265,7244.710938,638626
266,7244.710938,641025
267,7244.710938,643424
268,7244.710938,645823
269,7244.710938,648222
270,7244.710938,650621
271,7244.710938,653020
272,7244.710938,655419
273,7244.710938,657818
274,7244.710938,660217
275,7244.710938,662616
276,7244.710938,665015
277,7244.710938,667414
278,7244.710938,669813
279,7244.710938,672212
280,7244.710938,674611
281,7244.710938,677010
282,7244.710938,679409
283,7244.710938,681808
284,7244.710938,684207
285,7244.710938,686606
286,7244.710938,689005
287,7244.710938,691404
288,7244.710938,693803
289,7244.710938,696202
290,7244.710938,698601
291,7244.710938,701000
292,7244.710938,703399
293,7244.710938,705798
294,7244.710938,708197
295,7244.710938,710596
296,7244.710938,712995
297,7244.710938,715394
298,7244.710938,717793
299,7244.710938,720192
300,7244.710938,722591
301,7244.710938,724990
7244.710938,46.262364
1,7245.341797,2399
2,7244.710938,5206
3,7244.710938,8013
4,7244.710938,10820
5,7244.710938,13624
6,7244.710938,16406
7,7244.710938,19210
8,7244.710938,22013
9,7244.710938,24692
10,7244.710938,27411
11,7244.710938,29989
12,7244.710938,32470
13,7244.710938,34903
14,7244.710938,37319
15,7244.710938,39725
16,7244.710938,42126
17,7244.710938,44526
18,7244.710938,46925
19,7244.710938,49324
20,7244.710938,51723
21,7244.710938,54122
22,7244.710938,56521
23,7244.710938,58920
24,7244.710938,61319
25,7244.710938,63718
26,7244.710938,66117
27,7244.710938,68516
28,7244.710938,70915
29,7244.710938,73314
30,7244.710938,75713
31,7244.710938,78112
32,7244.710938,80511
33,7244.710938,82910
34,7244.710938,85309
35,7244.710938,87708
36,7244.710938,90107
37,7244.710938,92506
38,7244.710938,94905
39,7244.710938,97304
40,7244.710938,99703
41,7244.710938,102102
42,7244.710938,104501
43,7244.710938,106900
44,7244.710938,109299
45,7244.710938,111698
46,7244.710938,114097
47,7244.710938,116496
48,7244.710938,118895
49,7244.710938,121294
50,7244.710938,123693
51,7244.710938,126092
52,7244.710938,128491
53,7244.710938,130890
54,7244.710938,133289
55,7244.710938,135688
56,7244.710938,138087
57,7244.710938,140486
58,7244.710938,142885
59,7244.710938,145284
60,7244.710938,147683
61,7244.710938,150082
62,7244.710938,152481
63,7244.710938,154880
64,7244.710938,157279
65,7244.710938,159678
66,7244.710938,162077
67,7244.710938,164476
68,7244.710938,166875
69,7244.710938,169274
70,7244.710938,171673
71,7244.710938,174072
72,7244.710938,176471
73,7244.710938,178870
74,7244.710938,181269
75,7244.710938,183668
76,7244.710938,186067
77,7244.710938,188466
78,7244.710938,190865
79,7244.710938,193264
80,7244.710938,195663
81,7244.710938,198062
82,7244.710938,200461
83,7244.710938,202860
84,7244.710938,205259
85,7244.710938,207658
86,7244.710938,210057
87,7244.710938,212456
88,7244.710938,214855
89,7244.710938,217254
90,7244.710938,219653
91,7244.710938,222052
92,7244.710938,224451
93,7244.710938,226850
94,7244.710938,229249
95,7244.710938,231648
96,7244.710938,234047
97,7244.710938,236446
98,7244.710938,238845
99,7244.710938,241244
100,7244.710938,243643
101,7244.710938,246042
102,7244.710938,248441
103,7244.710938,250840
104,7244.710938,253239
105,7244.710938,255638
106,7244.710938,258037
107,7244.710938,260436
108,7244.710938,262835
109,7244.710938,265234
110,7244.710938,267633
111,7244.710938,270032
112,7244.710938,272431
113,7244.710938,274830
114,7244.710938,277229
115,7244.710938,279628
116,7244.710938,282027
117,7244.710938,284426
118,7244.710938,286825
119,7244.710938,289224
120,7244.710938,291623
121,7244.710938,294022
122,7244.710938,296421
123,7244.710938,298820
124,7244.710938,301219
125,7244.710938,303618
126,7244.710938,306017
127,7244.710938,308416
128,7244.710938,310815
129,7244.710938,313214
130,7244.710938,315613
131,7244.710938,318012
132,7244.710938,320411
133,7244.710938,322810
134,7244.710938,325209
135,7244.710938,327608
136,7244.710938,330007
137,7244.710938,332406
138,7244.710938,334805
139,7244.710938,337204
140,7244.710938,339603
141,7244.710938,342002
142,7244.710938,344401
143,7244.710938,346800
144,7244.710938,349199
145,7244.710938,351598
146,7244.710938,353997
147,7244.710938,356396
148,7244.710938,358795
149,7244.710938,361194
150,7244.710938,363593
151,7244.710938,365992
152,7244.710938,368391
153,7244.710938,370790
154,7244.710938,373189
155,7244.710938,375588
156,7244.710938,377987
157,7244.710938,380386
158,7244.710938,382785
159,7244.710938,385184
160,7244.710938,387583
161,7244.710938,389982
162,7244.710938,392381
163,7244.710938,394780
164,7244.710938,397179
165,7244.710938,399578
166,7244.710938,401977
167,7244.710938,404376
168,7244.710938,406775
169,7244.710938,409174
170,7244.710938,411573
171,7244.710938,413972
172,7244.710938,416371
173,7244.710938,418770
174,7244.710938,421169
175,7244.710938,423568
176,7244.710938,425967
177,7244.710938,428366
178,7244.710938,430765
179,7244.710938,433164
180,7244.710938,435563
181,7244.710938,437962
182,7244.710938,440361
183,7244.710938,442760
184,7244.710938,445159
185,7244.710938,447558
186,7244.710938,449957
187,7244.710938,452356
188,7244.710938,454755
189,7244.710938,457154
190,7244.710938,459553
191,7244.710938,461952
192,7244.710938,464351
193,7244.710938,466750
194,7244.710938,469149
195,7244.710938,471548
196,7244.710938,473947
197,7244.710938,476346
198,7244.710938,478745
199,7244.710938,481144
200,7244.710938,483543
201,7244.710938,485942
202,7244.710938,488341
203,7244.710938,490740
204,7244.710938,493139
205,7244.710938,495538
206,7244.710938,497937
207,7244.710938,500336
208,7244.710938,502735
209,7244.710938,505134
210,7244.710938,507533
211,7244.710938,509932
212,7244.710938,512331
213,7244.710938,514730
214,7244.710938,517129
215,7244.710938,519528
216,7244.710938,521927
217,7244.710938,524326
218,7244.710938,526725
219,7244.710938,529124
220,7244.710938,531523
221,7244.710938,533922
222,7244.710938,536321
223,7244.710938,538720
224,7244.710938,541119
225,7244.710938,543518
226,7244.710938,545917
227,7244.710938,548316
228,7244.710938,550715
229,7244.710938,553114
230,7244.710938,555513
231,7244.710938,557912
232,7244.710938,560311
233,7244.710938,562710
234,7244.710938,565109
235,7244.710938,567508
236,7244.710938,569907
237,7244.710938,572306
238,7244.710938,574705
239,7244.710938,577104
240,7244.710938,579503
241,7244.710938,581902
242,7244.710938,584301
243,7244.710938,586700
244,7244.710938,589099
245,7244.710938,591498
246,7244.710938,593897
247,7244.710938,596296
248,7244.710938,598695
249,7244.710938,601094
250,7244.710938,603493
251,7244.710938,605892
252,7244.710938,608291
253,7244.710938,610690
254,7244.710938,613089
255,7244.710938,615488
256,7244.710938,617887
257,7244.710938,620286
258,7244.710938,622685
259,7244.710938,625084
260,7244.710938,627483
261,7244.710938,629882
262,7244.710938,632281
263,7244.710938,634680
264,7244.710938,637079
265,7244.710938,639478
266,7244.710938,641877
267,7244.710938,644276
268,7244.710938,646675
269,7244.710938,649074
270,7244.710938,651473
271,7244.710938,653872
272,7244.710938,656271
273,7244.710938,658670
274,7244.710938,661069
275,7244.710938,663468
276,7244.710938,665867
277,7244.710938,668266
278,7244.710938,670665
279,7244.710938,673064
280,7244.710938,675463
281,7244.710938,677862
282,7244.710938,680261
283,7244.710938,682660
284,7244.710938,685059
285,7244.710938,687458
286,7244.710938,689857
287,7244.710938,692256
288,7244.710938,694655
289,7244.710938,697054
290,7244.710938,699453
291,7244.710938,701852
292,7244.710938,704251
293,7244.710938,706650
294,7244.710938,709049
295,7244.710938,711448
296,7244.710938,713847
297,7244.710938,716246
298,7244.710938,718645
299,7244.710938,721044
300,7244.710938,723443
7244.710938,45.477885
1,7246.064453,2399
2,7244.710938,5093
3,7244.710938,7787
4,7244.710938,10481
5,7244.710938,13175
6,7244.710938,15867
7,7244.710938,18555
8,7244.710938,21191
9,7244.710938,23798
10,7244.710938,26286
11,7244.710938,28767
12,7244.710938,31205
13,7244.710938,33622
14,7244.710938,36025
15,7244.710938,38426
16,7244.710938,40825
17,7244.710938,43224
18,7244.710938,45623
19,7244.710938,48022
20,7244.710938,50421
21,7244.710938,52820
22,7244.710938,55219
23,7244.710938,57618
24,7244.710938,60017
25,7244.710938,62416
26,7244.710938,64815
27,7244.710938,67214
28,7244.710938,69613
29,7244.710938,72012
30,7244.710938,74411
31,7244.710938,76810
32,7244.710938,79209
33,7244.710938,81608
34,7244.710938,84007
35,7244.710938,86406
36,7244.710938,88805
37,7244.710938,91204
38,7244.710938,93603
39,7244.710938,96002
40,7244.710938,98401
41,7244.710938,100800
42,7244.710938,103199
43,7244.710938,105598
44,7244.710938,107997
45,7244.710938,110396
46,7244.710938,112795
47,7244.710938,115194
48,7244.710938,117593
49,7244.710938,119992
50,7244.710938,122391
51,7244.710938,124790
52,7244.710938,127189
53,7244.710938,129588
54,7244.710938,131987
55,7244.710938,134386
56,7244.710938,136785
57,7244.710938,139184
58,7244.710938,141583
59,7244.710938,143982
60,7244.710938,146381
61,7244.710938,148780
62,7244.710938,151179
63,7244.710938,153578
64,7244.710938,155977
65,7244.710938,158376
66,7244.710938,160775
67,7244.710938,163174
68,7244.710938,165573
69,7244.710938,167972
70,7244.710938,170371
71,7244.710938,172770
72,7244.710938,175169
73,7244.710938,177568
74,7244.710938,179967
75,7244.710938,182366
76,7244.710938,184765
77,7244.710938,187164
78,7244.710938,189563
79,7244.710938,191962
80,7244.710938,194361
81,7244.710938,196760
82,7244.710938,199159
83,7244.710938,201558
84,7244.710938,203957
85,7244.710938,206356
86,7244.710938,208755
87,7244.710938,211154
88,7244.710938,213553
89,7244.710938,215952
90,7244.710938,218351
91,7244.710938,220750
92,7244.710938,223149
93,7244.710938,225548
94,7244.710938,227947
95,7244.710938,230346
96,7244.710938,232745
97,7244.710938,235144
98,7244.710938,237543
99,7244.710938,239942
100,7244.710938,242341
101,7244.710938,244740
102,7244.710938,247139
103,7244.710938,249538
104,7244.710938,251937
105,7244.710938,254336
106,7244.710938,256735
107,7244.710938,259134
108,7244.710938,261533
109,7244.710938,263932
110,7244.710938,266331
111,7244.710938,268730
112,7244.710938,271129
113,7244.710938,273528
114,7244.710938,275927
115,7244.710938,278326
116,7244.710938,280725
117,7244.710938,283124
118,7244.710938,285523
119,7244.710938,287922
120,7244.710938,290321
121,7244.710938,292720
122,7244.710938,295119
123,7244.710938,297518
124,7244.710938,299917
125,7244.710938,302316
126,7244.710938,304715
127,7244.710938,307114
128,7244.710938,309513
129,7244.710938,311912
130,7244.710938,314311
131,7244.710938,316710
132,7244.710938,319109
133,7244.710938,321508
134,7244.710938,323907
135,7244.710938,326306
136,7244.710938,328705
137,7244.710938,331104
138,7244.710938,333503
139,7244.710938,335902
140,7244.710938,338301
141,7244.710938,340700
142,7244.710938,343099
143,7244.710938,345498
144,7244.710938,347897
145,7244.710938,350296
146,7244.710938,352695
147,7244.710938,355094
148,7244.710938,357493
149,7244.710938,359892
150,7244.710938,362291
151,7244.710938,364690
152,7244.710938,367089
153,7244.710938,369488
154,7244.710938,371887
155,7244.710938,374286
156,7244.710938,376685
157,7244.710938,379084
158,7244.710938,381483
159,7244.710938,383882
160,7244.710938,386281
161,7244.710938,388680
162,7244.710938,391079
163,7244.710938,393478
164,7244.710938,395877
165,7244.710938,398276
166,7244.710938,400675
167,7244.710938,403074
168,7244.710938,405473
169,7244.710938,407872
170,7244.710938,410271
171,7244.710938,412670
172,7244.710938,415069
173,7244.710938,417468
174,7244.710938,419867
175,7244.710938,422266
176,7244.710938,424665
177,7244.710938,427064
178,7244.710938,429463
179,7244.710938,431862
180,7244.710938,434261
181,7244.710938,436660
182,7244.710938,439059
183,7244.710938,441458
184,7244.710938,443857
185,7244.710938,446256
186,7244.710938,448655
187,7244.710938,451054
188,7244.710938,453453
189,7244.710938,455852
190,7244.710938,458251
191,7244.710938,460650
192,7244.710938,463049
193,7244.710938,465448
194,7244.710938,467847
195,7244.710938,470246
196,7244.710938,472645
197,7244.710938,475044
198,7244.710938,477443
199,7244.710938,479842
200,7244.710938,482241
201,7244.710938,484640
202,7244.710938,487039
203,7244.710938,489438
204,7244.710938,491837
205,7244.710938,494236
206,7244.710938,496635
207,7244.710938,499034
208,7244.710938,501433
209,7244.710938,503832
210,7244.710938,506231
211,7244.710938,508630
212,7244.710938,511029
213,7244.710938,513428
214,7244.710938,515827
215,7244.710938,518226
216,7244.710938,520625
217,7244.710938,523024
218,7244.710938,525423
219,7244.710938,527822
220,7244.710938,530221
221,7244.710938,532620
222,7244.710938,535019
223,7244.710938,537418
224,7244.710938,539817
225,7244.710938,542216
226,7244.710938,544615
227,7244.710938,547014
228,7244.710938,549413
229,7244.710938,551812
230,7244.710938,554211
231,7244.710938,556610
232,7244.710938,559009
233,7244.710938,561408
234,7244.710938,563807
235,7244.710938,566206
236,7244.710938,568605
237,7244.710938,571004
238,7244.710938,573403
239,7244.710938,575802
240,7244.710938,578201
241,7244.710938,580600
242,7244.710938,582999
243,7244.710938,585398
244,7244.710938,587797
245,7244.710938,590196
246,7244.710938,592595
247,7244.710938,594994
248,7244.710938,597393
249,7244.710938,599792
250,7244.710938,602191
251,7244.710938,604590
252,7244.710938,606989
253,7244.710938,609388
254,7244.710938,611787
255,7244.710938,614186
256,7244.710938,616585
257,7244.710938,618984
258,7244.710938,621383
259,7244.710938,623782
260,7244.710938,626181
261,7244.710938,628580
262,7244.710938,630979
263,7244.710938,633378
264,7244.710938,635777
265,7244.710938,638176
266,7244.710938,640575
267,7244.710938,642974
268,7244.710938,645373
269,7244.710938,647772
270,7244.710938,650171
271,7244.710938,652570
272,7244.710938,654969
273,7244.710938,657368
274,7244.710938,659767
275,7244.710938,662166
276,7244.710938,664565
277,7244.710938,666964
278,7244.710938,669363
279,7244.710938,671762
280,7244.710938,674161
281,7244.710938,676560
282,7244.710938,678959
283,7244.710938,681358
284,7244.710938,683757
285,7244.710938,686156
286,7244.710938,688555
287,7244.710938,690954
288,7244.710938,693353
289,7244.710938,695752
290,7244.710938,698151
291,7244.710938,700550
292,7244.710938,702949
293,7244.710938,705348
294,7244.710938,707747
295,7244.710938,710146
296,7244.710938,712545
297,7244.710938,714944
298,7244.710938,717343
299,7244.710938,719742
300,7244.710938,722141
301,7244.710938,724540
7244.710938,47.341992
1,7245.197754,2399
2,7244.710938,4974
3,7244.710938,7549
4,7244.710938,10123
5,7244.710938,12698
6,7244.710938,15273
7,7244.710938,17828
8,7244.710938,20383
9,7244.710938,22920
10,7244.710938,25476
11,7244.710938,27938
12,7244.710938,30362
13,7244.710938,32772
14,7244.710938,35173
15,7244.710938,37573
16,7244.710938,39972
17,7244.710938,42371
18,7244.710938,44770
19,7244.710938,47169
20,7244.710938,49568
21,7244.710938,51967
22,7244.710938,54366
23,7244.710938,56765
24,7244.710938,59164
25,7244.710938,61563
26,7244.710938,63962
27,7244.710938,66361
28,7244.710938,68760
29,7244.710938,71159
30,7244.710938,73558
31,7244.710938,75957
32,7244.710938,78356
33,7244.710938,80755
34,7244.710938,83154
35,7244.710938,85553
36,7244.710938,87952
37,7244.710938,90351
38,7244.710938,92750
39,7244.710938,95149
40,7244.710938,97548
41,7244.710938,99947
42,7244.710938,102346
43,7244.710938,104745
44,7244.710938,107144
45,7244.710938,109543
46,7244.710938,111942
47,7244.710938,114341
48,7244.710938,116740
49,7244.710938,119139
50,7244.710938,121538
51,7244.710938,123937
52,7244.710938,126336
53,7244.710938,128735
54,7244.710938,131134
55,7244.710938,133533
56,7244.710938,135932
57,7244.710938,138331
58,7244.710938,140730
59,7244.710938,143129
60,7244.710938,145528
61,7244.710938,147927
62,7244.710938,150326
63,7244.710938,152725
64,7244.710938,155124
65,7244.710938,157523
66,7244.710938,159922
67,7244.710938,162321
68,7244.710938,164720
69,7244.710938,167119
70,7244.710938,169518
71,7244.710938,171917
72,7244.710938,174316
73,7244.710938,176715
74,7244.710938,179114
75,7244.710938,181513
76,7244.710938,183912
77,7244.710938,186311
78,7244.710938,188710
79,7244.710938,191109
80,7244.710938,193508
81,7244.710938,195907
82,7244.710938,198306
83,7244.710938,200705
84,7244.710938,203104
85,7244.710938,205503
86,7244.710938,207902
87,7244.710938,210301
88,7244.710938,212700
89,7244.710938,215099
90,7244.710938,217498
91,7244.710938,219897
92,7244.710938,222296
93,7244.710938,224695
94,7244.710938,227094
95,7244.710938,229493
96,7244.710938,231892
97,7244.710938,234291
98,7244.710938,236690
99,7244.710938,239089
100,7244.710938,241488
101,7244.710938,243887
102,7244.710938,246286
103,7244.710938,248685
104,7244.710938,251084
105,7244.710938,253483
106,7244.710938,255882
107,7244.710938,258281
108,7244.710938,260680
109,7244.710938,263079
110,7244.710938,265478
111,7244.710938,267877
112,7244.710938,270276
113,7244.710938,272675
114,7244.710938,275074
115,7244.710938,277473
116,7244.710938,279872
117,7244.710938,282271
118,7244.710938,284670
119,7244.710938,287069
120,7244.710938,289468
121,7244.710938,291867
122,7244.710938,294266
123,7244.710938,296665
124,7244.710938,299064
125,7244.710938,301463
126,7244.710938,303862
127,7244.710938,306261
128,7244.710938,308660
129,7244.710938,311059
130,7244.710938,313458
131,7244.710938,315857
132,7244.710938,318256
133,7244.710938,320655
134,7244.710938,323054
135,7244.710938,325453
136,7244.710938,327852
137,7244.710938,330251
138,7244.710938,332650
139,7244.710938,335049
140,7244.710938,337448
141,7244.710938,339847
142,7244.710938,342246
143,7244.710938,344645
144,7244.710938,347044
145,7244.710938,349443
146,7244.710938,351842
147,7244.710938,354241
148,7244.710938,356640
149,7244.710938,359039
150,7244.710938,361438
151,7244.710938,363837
152,7244.710938,366236
153,7244.710938,368635
154,7244.710938,371034
155,7244.710938,373433
156,7244.710938,375832
157,7244.710938,378231
158,7244.710938,380630
159,7244.710938,383029
160,7244.710938,385428
161,7244.710938,387827
162,7244.710938,390226
163,7244.710938,392625
164,7244.710938,395024
165,7244.710938,397423
166,7244.710938,399822
167,7244.710938,402221
168,7244.710938,404620
169,7244.710938,407019
170,7244.710938,409418
171,7244.710938,411817
172,7244.710938,414216
173,7244.710938,416615
174,7244.710938,419014
175,7244.710938,421413
176,7244.710938,423812
177,7244.710938,426211
178,7244.710938,428610
179,7244.710938,431009
180,7244.710938,433409
181,7244.710938,435984
182,7244.710938,438559
183,7244.710938,441128
184,7244.710938,443624
185,7244.710938,446052
186,7244.710938,448472
187,7244.710938,450883
188,7244.710938,453287
189,7244.710938,455687
190,7244.710938,458086
191,7244.710938,460485
192,7244.710938,462884
193,7244.710938,465283
194,7244.710938,467682
195,7244.710938,470081
196,7244.710938,472480
197,7244.710938,474879
198,7244.710938,477278
199,7244.710938,479677
200,7244.710938,482076
201,7244.710938,484475
202,7244.710938,486874
203,7244.710938,489273
204,7244.710938,491672
205,7244.710938,494071
206,7244.710938,496470
207,7244.710938,498869
208,7244.710938,501268
209,7244.710938,503667
210,7244.710938,506066
211,7244.710938,508465
212,7244.710938,510864
213,7244.710938,513263
214,7244.710938,515662
215,7244.710938,518061
216,7244.710938,520460
217,7244.710938,522859
218,7244.710938,525258
219,7244.710938,527657
220,7244.710938,530056
221,7244.710938,532455
222,7244.710938,534854
223,7244.710938,537253
224,7244.710938,539652
225,7244.710938,542051
226,7244.710938,544450
227,7244.710938,546849
228,7244.710938,549248
229,7244.710938,551647
230,7244.710938,554046
231,7244.710938,556445
232,7244.710938,558844
233,7244.710938,561243
234,7244.710938,563642
235,7244.710938,566041
236,7244.710938,568440
237,7244.710938,570839
238,7244.710938,573238
239,7244.710938,575637
240,7244.710938,578036
241,7244.710938,580435
242,7244.710938,582834
243,7244.710938,585233
244,7244.710938,587632
245,7244.710938,590031
246,7244.710938,592430
247,7244.710938,594829
248,7244.710938,597228
249,7244.710938,599627
250,7244.710938,602026
251,7244.710938,604425
252,7244.710938,606824
253,7244.710938,609223
254,7244.710938,611622
255,7244.710938,614021
256,7244.710938,616420
257,7244.710938,618819
258,7244.710938,621218
259,7244.710938,623617
260,7244.710938,626016
261,7244.710938,628415
262,7244.710938,630814
263,7244.710938,633213
264,7244.710938,635612
265,7244.710938,638011
266,7244.710938,640410
267,7244.710938,642809
268,7244.710938,645208
269,7244.710938,647607
270,7244.710938,650006
271,7244.710938,652405
272,7244.710938,654804
273,7244.710938,657203
274,7244.710938,659602
275,7244.710938,662001
276,7244.710938,664400
277,7244.710938,666799
278,7244.710938,669198
279,7244.710938,671597
280,7244.710938,673996
281,7244.710938,676395
282,7244.710938,678794
283,7244.710938,681193
284,7244.710938,683592
285,7244.710938,685991
286,7244.710938,688390
287,7244.710938,690789
288,7244.710938,693188
289,7244.710938,695587
290,7244.710938,697986
291,7244.710938,700385
292,7244.710938,702784
293,7244.710938,705183
294,7244.710938,707582
295,7244.710938,709981
296,7244.710938,712380
297,7244.710938,714779
298,7244.710938,717178
299,7244.710938,719577
300,7244.710938,721976
301,7244.710938,724375
7244.710938,46.656228
