1,2762809.500000,2399
2,2762809.500000,5147
3,2762809.500000,7896
4,2762809.500000,10362
5,2762809.500000,12851
6,2762809.500000,15365
7,2762809.500000,17908
8,2762809.500000,20491
9,2762809.500000,23112
10,2762809.500000,25773
11,2762809.500000,28474
12,2762809.500000,31219
13,2762809.500000,33618
14,2762809.500000,36017
15,2762809.500000,38416
16,2762809.500000,40815
17,2762809.500000,43214
18,2762809.500000,45613
19,2762809.500000,48012
20,2762809.500000,50411
21,2762809.500000,52810
22,2762809.500000,55209
23,2762809.500000,57608
24,2762809.500000,60007
25,2762809.500000,62406
26,2762809.500000,64805
27,2762809.500000,67204
28,2762809.500000,69603
29,2762809.500000,72002
30,2762809.500000,74401
31,2762809.500000,76800
32,2762809.500000,79199
33,2762809.500000,81598
34,2762809.500000,83997
35,2762809.500000,86396
36,2762809.500000,88795
37,2762809.500000,91194
38,2762809.500000,93593
39,2762809.500000,95992
40,2762809.500000,98391
41,2762809.500000,100790
42,2762809.500000,103189
43,2762809.500000,105588
44,2762809.500000,107987
45,2762809.500000,110386
46,2762809.500000,112785
47,2762809.500000,115184
48,2762809.500000,117583
49,2762809.500000,119982
50,2762809.500000,122381
51,2762809.500000,124780
52,2762809.500000,127179
53,2762809.500000,129578
54,2762809.500000,131977
55,2762809.500000,134376
56,2762809.500000,136775
57,2762809.500000,139174
58,2762809.500000,141573
59,2762809.500000,143972
60,2762809.500000,146371
61,2762809.500000,148770
62,2762809.500000,151169
63,2762809.500000,153568
64,2762809.500000,155967
65,2762809.500000,158366
66,2762809.500000,160765
67,2762809.500000,163164
68,2762809.500000,165563
69,2762809.500000,167962
70,2762809.500000,170361
71,2762809.500000,172760
72,2762809.500000,175159
73,2762809.500000,177558
74,2762809.500000,179957
75,2762809.500000,182356
76,2762809.500000,184755
77,2762809.500000,187154
78,2762809.500000,189553
79,2762809.500000,191952
80,2762809.500000,194351
81,2762809.500000,196750
82,2762809.500000,199149
83,2762809.500000,201548
84,2762809.500000,203947
85,2762809.500000,206346
86,2762809.500000,208745
87,2762809.500000,211144
88,2762809.500000,213543
89,2762809.500000,215942
90,2762809.500000,218341
91,2762809.500000,220740
92,2762809.500000,223139
93,2762809.500000,225538
94,2762809.500000,227937
95,2762809.500000,230336
96,2762809.500000,232735
97,2762809.500000,235134
98,2762809.500000,237533
99,2762809.500000,239932
2762809.500000,421.197718
1,3890596.000000,2399
2,3890596.000000,5068
3,3890596.000000,7737
4,3890596.000000,10290
5,3890596.000000,12711
6,3890596.000000,15137
7,2762809.500000,17536
8,2762809.500000,19941
9,2762809.500000,22349
10,2762809.500000,24763
11,2762809.500000,27175
12,2762809.500000,29591
13,2762809.500000,32011
14,2762809.500000,34433
15,2762809.500000,36864
16,2762809.500000,39299
17,2762809.500000,41742
18,2762809.500000,44193
19,2762809.500000,46658
20,2762809.500000,49141
21,2762809.500000,51644
22,2762809.500000,54162
23,2762809.500000,56700
24,2762809.500000,59263
25,2762809.500000,61855
26,2762809.500000,64480
27,2762809.500000,67137
28,2762809.500000,69536
29,2762809.500000,71935
30,2762809.500000,74334
31,2762809.500000,76733
32,2762809.500000,79132
33,2762809.500000,81531
34,2762809.500000,83930
35,2762809.500000,86329
36,2762809.500000,88728
37,2762809.500000,91127
38,2762809.500000,93526
39,2762809.500000,95925
40,2762809.500000,98324
41,2762809.500000,100723
42,2762809.500000,103122
43,2762809.500000,105521
44,2762809.500000,107920
45,2762809.500000,110319
46,2762809.500000,112718
47,2762809.500000,115117
48,2762809.500000,117516
49,2762809.500000,119915
50,2762809.500000,122314
51,2762809.500000,124713
52,2762809.500000,127112
53,2762809.500000,129511
54,2762809.500000,131910
55,2762809.500000,134309
56,2762809.500000,136708
57,2762809.500000,139107
58,2762809.500000,141506
59,2762809.500000,143905
60,2762809.500000,146304
61,2762809.500000,148703
62,2762809.500000,151102
63,2762809.500000,153501
64,2762809.500000,155900
65,2762809.500000,158299
66,2762809.500000,160698
67,2762809.500000,163097
68,2762809.500000,165496
69,2762809.500000,167895
70,2762809.500000,170294
71,2762809.500000,172693
72,2762809.500000,175092
73,2762809.500000,177491
74,2762809.500000,179890
75,2762809.500000,182289
76,2762809.500000,184688
77,2762809.500000,187087
78,2762809.500000,189486
79,2762809.500000,191885
80,2762809.500000,194284
81,2762809.500000,196683
82,2762809.500000,199082
83,2762809.500000,201481
84,2762809.500000,203880
85,2762809.500000,206279
86,2762809.500000,208678
87,2762809.500000,211077
88,2762809.500000,213476
89,2762809.500000,215875
90,2762809.500000,218274
91,2762809.500000,220673
92,2762809.500000,223072
93,2762809.500000,225528
94,2762809.500000,228045
95,2762809.500000,230586
96,2762809.500000,233144
97,2762809.500000,235728
98,2762809.500000,238340
99,2762809.500000,240981
2762809.500000,293.420320
1,2762809.500000,2399
2,2762809.500000,5164
3,2762809.500000,7929
4,2762809.500000,10369
5,2762809.500000,12820
6,2762809.500000,15284
7,2762809.500000,17765
8,2762809.500000,20265
9,2762809.500000,22793
10,2762809.500000,25356
11,2762809.500000,27954
12,2762809.500000,30601
13,2762809.500000,33299
14,2762809.500000,36047
15,2762809.500000,38446
16,2762809.500000,41176
17,2762809.500000,43575
18,2762809.500000,46340
19,2762809.500000,48739
20,2762809.500000,51138
21,2762809.500000,53900
22,2762809.500000,56299
23,2762809.500000,58698
24,2762809.500000,61097
25,2762809.500000,63496
26,2762809.500000,65895
27,2762809.500000,68294
28,2762809.500000,70693
29,2762809.500000,73092
30,2762809.500000,75491
31,2762809.500000,77890
32,2762809.500000,80289
33,2762809.500000,82688
34,2762809.500000,85087
35,2762809.500000,87486
36,2762809.500000,89885
37,2762809.500000,92284
38,2762809.500000,94683
39,2762809.500000,97082
40,2762809.500000,99481
41,2762809.500000,101880
42,2762809.500000,104279
43,2762809.500000,106678
44,2762809.500000,109077
45,2762809.500000,111476
46,2762809.500000,113875
47,2762809.500000,116274
48,2762809.500000,118673
49,2762809.500000,121072
50,2762809.500000,123471
51,2762809.500000,125870
52,2762809.500000,128269
53,2762809.500000,130668
54,2762809.500000,133067
55,2762809.500000,135466
56,2762809.500000,137865
57,2762809.500000,140264
58,2762809.500000,142663
59,2762809.500000,145062
60,2762809.500000,147461
61,2762809.500000,149860
62,2762809.500000,152259
63,2762809.500000,154658
64,2762809.500000,157057
65,2762809.500000,159456
66,2762809.500000,161855
67,2762809.500000,164254
68,2762809.500000,166759
69,2762809.500000,169475
70,2762809.500000,172238
71,2762809.500000,174637
72,2762809.500000,177036
73,2762809.500000,179435
74,2762809.500000,181834
75,2762809.500000,184233
76,2762809.500000,186632
77,2762809.500000,189031
78,2762809.500000,191430
79,2762809.500000,193829
80,2762809.500000,196228
81,2762809.500000,198627
82,2762809.500000,201026
83,2762809.500000,203425
84,2762809.500000,205824
85,2762809.500000,208223
86,2762809.500000,210622
87,2762809.500000,213021
88,2762809.500000,215420
89,2762809.500000,217819
90,2762809.500000,220218
91,2762809.500000,222617
92,2762809.500000,225016
93,2762809.500000,227415
94,2762809.500000,229814
95,2762809.500000,232213
96,2762809.500000,234612
97,2762809.500000,237011
98,2762809.500000,239410
99,2762809.500000,241809
2762809.500000,275.866760
1,3909665.500000,2399
2,2762809.500000,5186
3,2762809.500000,7973
4,2762809.500000,10410
5,2762809.500000,12862
6,2762809.500000,15336
7,2762809.500000,17829
8,2762809.500000,20353
9,2762809.500000,22908
10,2762809.500000,25502
11,2762809.500000,28146
12,2762809.500000,30838
13,2762809.500000,33597
14,2762809.500000,35996
15,2762809.500000,38783
16,2762809.500000,41182
17,2762809.500000,43963
18,2762809.500000,46362
19,2762809.500000,48761
20,2762809.500000,51160
21,2762809.500000,53559
22,2762809.500000,55958
23,2762809.500000,58357
24,2762809.500000,60756
25,2762809.500000,63155
26,2762809.500000,65554
27,2762809.500000,67953
28,2762809.500000,70352
29,2762809.500000,72751
30,2762809.500000,75150
31,2762809.500000,77549
32,2762809.500000,79948
33,2762809.500000,82347
34,2762809.500000,84746
35,2762809.500000,87145
36,2762809.500000,89544
37,2762809.500000,91943
38,2762809.500000,94342
39,2762809.500000,96741
40,2762809.500000,99140
41,2762809.500000,101539
42,2762809.500000,103938
43,2762809.500000,106337
44,2762809.500000,108736
45,2762809.500000,111135
46,2762809.500000,113534
47,2762809.500000,115933
48,2762809.500000,118332
49,2762809.500000,120731
50,2762809.500000,123130
51,2762809.500000,125529
52,2762809.500000,127928
53,2762809.500000,130327
54,2762809.500000,132726
55,2762809.500000,135125
56,2762809.500000,137524
57,2762809.500000,139923
58,2762809.500000,142322
59,2762809.500000,144721
60,2762809.500000,147120
61,2762809.500000,149519
62,2762809.500000,151918
63,2762809.500000,154317
64,2762809.500000,156716
65,2762809.500000,159115
66,2762809.500000,161514
67,2762809.500000,163913
68,2762809.500000,166312
69,2762809.500000,168711
70,2762809.500000,171110
71,2762809.500000,173509
72,2762809.500000,175908
73,2762809.500000,178307
74,2762809.500000,180706
75,2762809.500000,183105
76,2762809.500000,185504
77,2762809.500000,187903
78,2762809.500000,190302
79,2762809.500000,192701
80,2762809.500000,195100
81,2762809.500000,197499
82,2762809.500000,199898
83,2762809.500000,202297
84,2762809.500000,204696
85,2762809.500000,207095
86,2762809.500000,209494
87,2762809.500000,211893
88,2762809.500000,214292
89,2762809.500000,216691
90,2762809.500000,219193
91,2762809.500000,221892
92,2762809.500000,224636
93,2762809.500000,227035
94,2762809.500000,229434
95,2762809.500000,231833
96,2762809.500000,234232
97,2762809.500000,236631
98,2762809.500000,239030
99,2762809.500000,241429
2762809.500000,291.354259
1,3910731.000000,2399
2,3910731.000000,5100
3,2789109.500000,7801
4,2789109.500000,10225
5,2789109.500000,12658
6,2789109.500000,15104
7,2789109.500000,17558
8,2789109.500000,20024
9,2789109.500000,22505
10,2789109.500000,25002
11,2789109.500000,27516
12,2789109.500000,30052
13,2789109.500000,32607
14,2789109.500000,35196
15,2789109.500000,37827
16,2789109.500000,40498
17,2789109.500000,42897
18,2762809.500000,45567
19,2762809.500000,47966
20,2762809.500000,50651
21,2762809.500000,53050
22,2762809.500000,55449
23,2762809.500000,57848
24,2762809.500000,60247
25,2762809.500000,62646
26,2762809.500000,65045
27,2762809.500000,67444
28,2762809.500000,69843
29,2762809.500000,72242
30,2762809.500000,74641
31,2762809.500000,77040
32,2762809.500000,79439
33,2762809.500000,81838
34,2762809.500000,84237
35,2762809.500000,86636
36,2762809.500000,89035
37,2762809.500000,91434
38,2762809.500000,93833
39,2762809.500000,96232
40,2762809.500000,98631
41,2762809.500000,101030
42,2762809.500000,103429
43,2762809.500000,105828
44,2762809.500000,108227
45,2762809.500000,110626
46,2762809.500000,113025
47,2762809.500000,115424
48,2762809.500000,117823
49,2762809.500000,120222
50,2762809.500000,122621
51,2762809.500000,125020
52,2762809.500000,127419
53,2762809.500000,129818
54,2762809.500000,132217
55,2762809.500000,134616
56,2762809.500000,137015
57,2762809.500000,139414
58,2762809.500000,141813
59,2762809.500000,144212
60,2762809.500000,146611
61,2762809.500000,149010
62,2762809.500000,151409
63,2762809.500000,153808
64,2762809.500000,156207
65,2762809.500000,158677
66,2762809.500000,161243
67,2762809.500000,163832
68,2762809.500000,166457
69,2762809.500000,169113
70,2762809.500000,171803
71,2762809.500000,174202
72,2762809.500000,176601
73,2762809.500000,179000
74,2762809.500000,181399
75,2762809.500000,183798
76,2762809.500000,186197
77,2762809.500000,188596
78,2762809.500000,190995
79,2762809.500000,193394
80,2762809.500000,195793
81,2762809.500000,198192
82,2762809.500000,200591
83,2762809.500000,202990
84,2762809.500000,205389
85,2762809.500000,207788
86,2762809.500000,210187
87,2762809.500000,212586
88,2762809.500000,214985
89,2762809.500000,217384
90,2762809.500000,219783
91,2762809.500000,222182
92,2762809.500000,224581
93,2762809.500000,226980
94,2762809.500000,229379
95,2762809.500000,231778
96,2762809.500000,234177
97,2762809.500000,236576
98,2762809.500000,238975
99,2762809.500000,241374
2762809.500000,284.401291
1,2867748.250000,2399
2,2762809.500000,4969
3,2762809.500000,7539
4,2762809.500000,10043
5,2762809.500000,12452
6,2762809.500000,14862
7,2762809.500000,17275
8,2762809.500000,19693
9,2762809.500000,22114
10,2762809.500000,24537
11,2762809.500000,26966
12,2762809.500000,29397
13,2762809.500000,31832
14,2762809.500000,34273
15,2762809.500000,36720
16,2762809.500000,39171
17,2762809.500000,41627
18,2762809.500000,44091
19,2762809.500000,46565
20,2762809.500000,49050
21,2762809.500000,51547
22,2762809.500000,54056
23,2762809.500000,56576
24,2762809.500000,59107
25,2762809.500000,61651
26,2762809.500000,64207
27,2762809.500000,66772
28,2762809.500000,69171
29,2762809.500000,71737
30,2762809.500000,74136
31,2762809.500000,76700
32,2762809.500000,79099
33,2762809.500000,81498
34,2762809.500000,83897
35,2762809.500000,86296
36,2762809.500000,88695
37,2762809.500000,91094
38,2762809.500000,93493
39,2762809.500000,95892
40,2762809.500000,98291
41,2762809.500000,100690
42,2762809.500000,103089
43,2762809.500000,105488
44,2762809.500000,107887
45,2762809.500000,110286
46,2762809.500000,112685
47,2762809.500000,115084
48,2762809.500000,117483
49,2762809.500000,119882
50,2762809.500000,122281
51,2762809.500000,124680
52,2762809.500000,127079
53,2762809.500000,129478
54,2762809.500000,131877
55,2762809.500000,134276
56,2762809.500000,136675
57,2762809.500000,139074
58,2762809.500000,141473
59,2762809.500000,143872
60,2762809.500000,146271
61,2762809.500000,148670
62,2762809.500000,151069
63,2762809.500000,153468
64,2762809.500000,155867
65,2762809.500000,158266
66,2762809.500000,160665
67,2762809.500000,163064
68,2762809.500000,165463
69,2762809.500000,167862
70,2762809.500000,170261
71,2762809.500000,172660
72,2762809.500000,175059
73,2762809.500000,177458
74,2762809.500000,179857
75,2762809.500000,182256
76,2762809.500000,184655
77,2762809.500000,187054
78,2762809.500000,189453
79,2762809.500000,191852
80,2762809.500000,194251
81,2762809.500000,196650
82,2762809.500000,199049
83,2762809.500000,201448
84,2762809.500000,203847
85,2762809.500000,206246
86,2762809.500000,208645
87,2762809.500000,211044
88,2762809.500000,213443
89,2762809.500000,215842
90,2762809.500000,218241
91,2762809.500000,220640
92,2762809.500000,223039
93,2762809.500000,225438
94,2762809.500000,227837
95,2762809.500000,230236
96,2762809.500000,232635
97,2762809.500000,235034
98,2762809.500000,237433
99,2762809.500000,239832
2762809.500000,278.804836
1,2762809.500000,2399
2,2762809.500000,5161
3,2762809.500000,7924
4,2762809.500000,10396
5,2762809.500000,12893
6,2762809.500000,15424
7,2762809.500000,17994
8,2762809.500000,20604
9,2762809.500000,23267
10,2762809.500000,25976
11,2762809.500000,28728
12,2762809.500000,31127
13,2762809.500000,33526
14,2762809.500000,35925
15,2762809.500000,38324
16,2762809.500000,40723
17,2762809.500000,43122
18,2762809.500000,45521
19,2762809.500000,47920
20,2762809.500000,50319
21,2762809.500000,52718
22,2762809.500000,55117
23,2762809.500000,57516
24,2762809.500000,59915
25,2762809.500000,62314
26,2762809.500000,64713
27,2762809.500000,67112
28,2762809.500000,69511
29,2762809.500000,71910
30,2762809.500000,74309
31,2762809.500000,76708
32,2762809.500000,79107
33,2762809.500000,81506
34,2762809.500000,83905
35,2762809.500000,86304
36,2762809.500000,88703
37,2762809.500000,91102
38,2762809.500000,93501
39,2762809.500000,95900
40,2762809.500000,98299
41,2762809.500000,100698
42,2762809.500000,103097
43,2762809.500000,105496
44,2762809.500000,107895
45,2762809.500000,110294
46,2762809.500000,112693
47,2762809.500000,115092
48,2762809.500000,117491
49,2762809.500000,119890
50,2762809.500000,122289
51,2762809.500000,124688
52,2762809.500000,127087
53,2762809.500000,129486
54,2762809.500000,131885
55,2762809.500000,134284
56,2762809.500000,136683
57,2762809.500000,139082
58,2762809.500000,141481
59,2762809.500000,143992
60,2762809.500000,146391
61,2762809.500000,148790
62,2762809.500000,151189
63,2762809.500000,153588
64,2762809.500000,155987
65,2762809.500000,158386
66,2762809.500000,160785
67,2762809.500000,163184
68,2762809.500000,165583
69,2762809.500000,167982
70,2762809.500000,170381
71,2762809.500000,172780
72,2762809.500000,175179
73,2762809.500000,177578
74,2762809.500000,179977
75,2762809.500000,182376
76,2762809.500000,184775
77,2762809.500000,187174
78,2762809.500000,189573
79,2762809.500000,191972
80,2762809.500000,194371
81,2762809.500000,196770
82,2762809.500000,199169
83,2762809.500000,201568
84,2762809.500000,203967
85,2762809.500000,206366
86,2762809.500000,208765
87,2762809.500000,211164
88,2762809.500000,213563
89,2762809.500000,215962
90,2762809.500000,218361
91,2762809.500000,220760
92,2762809.500000,223159
93,2762809.500000,225558
94,2762809.500000,227957
95,2762809.500000,230356
96,2762809.500000,232755
97,2762809.500000,235154
98,2762809.500000,237553
99,2762809.500000,239952
2762809.500000,286.927322
1,2867748.250000,2399
2,2867748.250000,5205
3,2867748.250000,8012
4,2867748.250000,10424
5,2867748.250000,12843
6,2867748.250000,15265
7,2867748.250000,17696
8,2867748.250000,20136
9,2867748.250000,22593
10,2867748.250000,25063
11,2867748.250000,27550
12,2867748.250000,30058
13,2867748.250000,32594
14,2762809.500000,35162
15,2762809.500000,37765
16,2762809.500000,40417
17,2762809.500000,43122
18,2762809.500000,45888
19,2762809.500000,48287
20,2762809.500000,50686
21,2762809.500000,53085
22,2762809.500000,55484
23,2762809.500000,57883
24,2762809.500000,60282
25,2762809.500000,62681
26,2762809.500000,65080
27,2762809.500000,67479
28,2762809.500000,69878
29,2762809.500000,72277
30,2762809.500000,74676
31,2762809.500000,77075
32,2762809.500000,79474
33,2762809.500000,81873
34,2762809.500000,84272
35,2762809.500000,86671
36,2762809.500000,89070
37,2762809.500000,91469
38,2762809.500000,93868
39,2762809.500000,96267
40,2762809.500000,98666
41,2762809.500000,101065
42,2762809.500000,103464
43,2762809.500000,105863
44,2762809.500000,108262
45,2762809.500000,110661
46,2762809.500000,113060
47,2762809.500000,115459
48,2762809.500000,117858
49,2762809.500000,120257
50,2762809.500000,122656
51,2762809.500000,125055
52,2762809.500000,127454
53,2762809.500000,129853
54,2762809.500000,132252
55,2762809.500000,134651
56,2762809.500000,137050
57,2762809.500000,139449
58,2762809.500000,141848
59,2762809.500000,144247
60,2762809.500000,146646
61,2762809.500000,149045
62,2762809.500000,151444
63,2762809.500000,153843
64,2762809.500000,156242
65,2762809.500000,158641
66,2762809.500000,161040
67,2762809.500000,163439
68,2762809.500000,165838
69,2762809.500000,168237
70,2762809.500000,170636
71,2762809.500000,173035
72,2762809.500000,175434
73,2762809.500000,177833
74,2762809.500000,180232
75,2762809.500000,182631
76,2762809.500000,185030
77,2762809.500000,187429
78,2762809.500000,189828
79,2762809.500000,192227
80,2762809.500000,194626
81,2762809.500000,197025
82,2762809.500000,199424
83,2762809.500000,201823
84,2762809.500000,204222
85,2762809.500000,206621
86,2762809.500000,209020
87,2762809.500000,211419
88,2762809.500000,213818
89,2762809.500000,216217
90,2762809.500000,218616
91,2762809.500000,221015
92,2762809.500000,223414
93,2762809.500000,225813
94,2762809.500000,228212
95,2762809.500000,230611
96,2762809.500000,233010
97,2762809.500000,235409
98,2762809.500000,237808
99,2762809.500000,240207
2762809.500000,280.198778
1,2762809.500000,2399
2,2762809.500000,5093
3,2762809.500000,7787
4,2762809.500000,10210
5,2762809.500000,12642
6,2762809.500000,15081
7,2762809.500000,17535
8,2762809.500000,20005
9,2762809.500000,22492
10,2762809.500000,24997
11,2762809.500000,27520
12,2762809.500000,30065
13,2762809.500000,32638
14,2762809.500000,35232
15,2762809.500000,37852
16,2762809.500000,40506
17,2762809.500000,43185
18,2762809.500000,45584
19,2762809.500000,48266
20,2762809.500000,50665
21,2762809.500000,53064
22,2762809.500000,55463
23,2762809.500000,57862
24,2762809.500000,60261
25,2762809.500000,62660
26,2762809.500000,65059
27,2762809.500000,67458
28,2762809.500000,69857
29,2762809.500000,72256
30,2762809.500000,74655
31,2762809.500000,77054
32,2762809.500000,79453
33,2762809.500000,81852
34,2762809.500000,84251
35,2762809.500000,86650
36,2762809.500000,89049
37,2762809.500000,91448
38,2762809.500000,93847
39,2762809.500000,96246
40,2762809.500000,98645
41,2762809.500000,101044
42,2762809.500000,103443
43,2762809.500000,105842
44,2762809.500000,108241
45,2762809.500000,110640
46,2762809.500000,113039
47,2762809.500000,115438
48,2762809.500000,117837
49,2762809.500000,120236
50,2762809.500000,122635
51,2762809.500000,125034
52,2762809.500000,127433
53,2762809.500000,129832
54,2762809.500000,132231
55,2762809.500000,134630
56,2762809.500000,137029
57,2762809.500000,139428
58,2762809.500000,141827
59,2762809.500000,144226
60,2762809.500000,146625
61,2762809.500000,149024
62,2762809.500000,151423
63,2762809.500000,153822
64,2762809.500000,156221
65,2762809.500000,158620
66,2762809.500000,161019
67,2762809.500000,163418
68,2762809.500000,165817
69,2762809.500000,168216
70,2762809.500000,170615
71,2762809.500000,173014
72,2762809.500000,175413
73,2762809.500000,177812
74,2762809.500000,180211
75,2762809.500000,182610
76,2762809.500000,185009
77,2762809.500000,187408
78,2762809.500000,189807
79,2762809.500000,192206
80,2762809.500000,194605
81,2762809.500000,197004
82,2762809.500000,199468
83,2762809.500000,202054
84,2762809.500000,204663
85,2762809.500000,207301
86,2762809.500000,209971
87,2762809.500000,212370
88,2762809.500000,214769
89,2762809.500000,217168
90,2762809.500000,219567
91,2762809.500000,221966
92,2762809.500000,224365
93,2762809.500000,226764
94,2762809.500000,229163
95,2762809.500000,231562
96,2762809.500000,233961
97,2762809.500000,236360
98,2762809.500000,238759
99,2762809.500000,241158
2762809.500000,283.198420
1,2762809.500000,2399
2,2762809.500000,4974
3,2762809.500000,7549
4,2762809.500000,9966
5,2762809.500000,12386
6,2762809.500000,14810
7,2762809.500000,17236
8,2762809.500000,19666
9,2762809.500000,22099
10,2762809.500000,24538
11,2762809.500000,26986
12,2762809.500000,29439
13,2762809.500000,31900
14,2762809.500000,34368
15,2762809.500000,36843
16,2762809.500000,39326
17,2762809.500000,41818
18,2762809.500000,44320
19,2762809.500000,46830
20,2762809.500000,49349
21,2762809.500000,51879
22,2762809.500000,54417
23,2762809.500000,56966
24,2762809.500000,59521
25,2762809.500000,62088
26,2762809.500000,64487
27,2762809.500000,67042
28,2762809.500000,69612
29,2762809.500000,72011
30,2762809.500000,74571
31,2762809.500000,77143
32,2762809.500000,79542
33,2762809.500000,82113
34,2762809.500000,84512
35,2762809.500000,86911
36,2762809.500000,89310
37,2762809.500000,91709
38,2762809.500000,94108
39,2762809.500000,96507
40,2762809.500000,98906
41,2762809.500000,101305
42,2762809.500000,103704
43,2762809.500000,106103
44,2762809.500000,108502
45,2762809.500000,110901
46,2762809.500000,113300
47,2762809.500000,115699
48,2762809.500000,118098
49,2762809.500000,120497
50,2762809.500000,122896
51,2762809.500000,125295
52,2762809.500000,127694
53,2762809.500000,130093
54,2762809.500000,132492
55,2762809.500000,134891
56,2762809.500000,137290
57,2762809.500000,139689
58,2762809.500000,142088
59,2762809.500000,144487
60,2762809.500000,146886
61,2762809.500000,149285
62,2762809.500000,151684
63,2762809.500000,154083
64,2762809.500000,156482
65,2762809.500000,158881
66,2762809.500000,161280
67,2762809.500000,163679
68,2762809.500000,166078
69,2762809.500000,168477
70,2762809.500000,170876
71,2762809.500000,173275
72,2762809.500000,175674
73,2762809.500000,178073
74,2762809.500000,180472
75,2762809.500000,182871
76,2762809.500000,185270
77,2762809.500000,187669
78,2762809.500000,190068
79,2762809.500000,192467
80,2762809.500000,194866
81,2762809.500000,197265
82,2762809.500000,199664
83,2762809.500000,202063
84,2762809.500000,204462
85,2762809.500000,206861
86,2762809.500000,209260
87,2762809.500000,211659
88,2762809.500000,214058
89,2762809.500000,216457
90,2762809.500000,218856
91,2762809.500000,221255
92,2762809.500000,223654
93,2762809.500000,226053
94,2762809.500000,228452
95,2762809.500000,230851
96,2762809.500000,233250
97,2762809.500000,235649
98,2762809.500000,238048
99,2762809.500000,240447
2762809.500000,283.612365
