1,20378.626953,2399
2,20378.281250,5148
3,20378.281250,7897
4,20378.281250,10642
5,20378.250000,13391
6,20378.250000,16140
7,20377.964844,18888
8,20377.964844,21591
9,20377.964844,24340
10,20377.964844,27053
11,20377.964844,29802
12,20377.964844,32551
13,20377.964844,35257
14,20377.964844,38005
15,20377.964844,40707
16,20377.964844,43456
17,20377.964844,46195
18,20377.615234,48927
19,20377.615234,51653
20,20377.615234,54385
21,20377.615234,57134
22,20377.615234,59870
23,20377.615234,62613
24,20377.615234,65355
25,20377.615234,68099
26,20377.615234,70848
27,20377.615234,73580
28,20377.615234,76326
29,20377.615234,79075
30,20377.615234,81823
31,20377.615234,84523
32,20377.615234,87272
33,20377.615234,89937
34,20377.615234,92506
35,20377.615234,95093
36,20377.615234,97838
37,20377.615234,100539
38,20377.615234,103222
39,20377.615234,105882
40,20377.615234,108554
41,20377.615234,111235
42,20377.615234,113894
43,20377.615234,116557
44,20377.615234,119267
45,20377.615234,121863
46,20377.615234,124430
47,20377.615234,126956
48,20377.615234,129479
49,20377.615234,131970
50,20377.615234,134455
51,20377.615234,136924
52,20377.615234,139395
53,20377.615234,141847
54,20377.615234,144294
55,20377.615234,146729
56,20377.615234,149161
57,20377.615234,151595
58,20377.615234,154021
59,20377.615234,156445
60,20377.615234,158868
61,20377.615234,161288
62,20377.615234,163701
63,20377.615234,166114
64,20377.615234,168525
65,20377.615234,170940
66,20377.615234,173349
67,20377.615234,175757
68,20377.615234,178164
69,20377.615234,180572
70,20377.615234,182979
71,20377.615234,185383
72,20377.615234,187787
73,20377.615234,190191
74,20377.615234,192593
75,20377.615234,194998
76,20377.615234,197402
77,20377.615234,199806
78,20377.615234,202209
79,20377.615234,204612
80,20377.615234,207015
81,20377.615234,209419
82,20377.615234,211822
83,20377.615234,214222
84,20377.615234,216622
85,20377.615234,219023
86,20377.615234,221424
87,20377.615234,223825
88,20377.615234,226226
89,20377.615234,228627
90,20377.615234,231028
91,20377.615234,233429
92,20377.615234,235830
93,20377.615234,238230
94,20377.615234,240630
95,20377.615234,243030
96,20377.615234,245431
97,20377.615234,247832
98,20377.615234,250232
99,20377.615234,252632
100,20377.615234,255032
101,20377.615234,257432
102,20377.615234,259832
103,20377.615234,262232
104,20377.615234,264632
105,20377.615234,267032
106,20377.615234,269432
107,20377.615234,271832
108,20377.615234,274233
109,20377.615234,276633
110,20377.615234,279033
111,20377.615234,281433
112,20377.615234,283833
113,20377.615234,286233
114,20377.615234,288633
115,20377.615234,291033
116,20377.615234,293433
117,20377.615234,295833
118,20377.615234,298233
119,20377.615234,300633
120,20377.615234,303033
121,20377.615234,305433
122,20377.615234,307833
123,20377.615234,310233
124,20377.615234,312633
125,20377.615234,315033
126,20377.615234,317433
127,20377.615234,319833
128,20377.615234,322233
129,20377.615234,324633
130,20377.615234,327033
131,20377.615234,329433
132,20377.615234,331833
133,20377.615234,334234
134,20377.615234,336634
135,20377.615234,339034
136,20377.615234,341435
137,20377.615234,343835
138,20377.615234,346236
139,20377.615234,348636
140,20377.615234,351036
141,20377.615234,353436
142,20377.615234,355837
143,20377.615234,358238
144,20377.615234,360639
145,20377.615234,363039
146,20377.615234,365439
147,20377.615234,367840
148,20377.615234,370241
149,20377.615234,372642
150,20377.615234,375043
151,20377.615234,377444
152,20377.615234,379844
153,20377.615234,382244
154,20377.615234,384644
155,20377.615234,387045
156,20377.615234,389446
157,20377.615234,391847
158,20377.615234,394248
159,20377.615234,396649
160,20377.615234,399050
161,20377.615234,401450
162,20377.615234,403850
163,20377.615234,406250
164,20377.615234,408650
165,20377.615234,411050
166,20377.615234,413450
167,20377.615234,415850
168,20377.615234,418250
169,20377.615234,420650
170,20377.615234,423050
171,20377.615234,425450
172,20377.615234,427850
173,20377.615234,430251
174,20377.615234,432652
175,20377.615234,435053
176,20377.615234,437453
177,20377.615234,439853
178,20377.615234,442254
179,20377.615234,444654
180,20377.615234,447054
181,20377.615234,449454
182,20377.615234,451854
183,20377.615234,454254
184,20377.615234,456654
185,20377.615234,459054
186,20377.615234,461454
187,20377.615234,463854
188,20377.615234,466254
189,20377.615234,468654
190,20377.615234,471054
191,20377.615234,473454
192,20377.615234,475854
193,20377.615234,478255
194,20377.615234,480656
195,20377.615234,483057
196,20377.615234,485457
197,20377.615234,487857
198,20377.615234,490257
199,20377.615234,492657
200,20377.615234,495057
201,20377.615234,497457
202,20377.615234,499858
203,20377.615234,502260
204,20377.615234,504661
205,20377.615234,507063
206,20377.615234,509465
207,20377.615234,511865
208,20377.615234,514265
209,20377.615234,516665
210,20377.615234,519065
211,20377.615234,521465
212,20377.615234,523865
213,20377.615234,526265
214,20377.615234,528665
215,20377.615234,531065
216,20377.615234,533465
217,20377.615234,535865
218,20377.615234,538265
219,20377.615234,540665
220,20377.615234,543065
221,20377.615234,545465
222,20377.615234,547866
223,20377.615234,550267
224,20377.615234,552668
225,20377.615234,555068
226,20377.615234,557469
227,20377.615234,559870
228,20377.615234,562271
229,20377.615234,564671
230,20377.615234,567072
231,20377.615234,569472
232,20377.615234,571872
233,20377.615234,574272
234,20377.615234,576672
235,20377.615234,579072
236,20377.615234,581472
237,20377.615234,583873
238,20377.615234,586273
239,20377.615234,588673
240,20377.615234,591073
241,20377.615234,593473
242,20377.615234,595873
243,20377.615234,598273
244,20377.615234,600673
245,20377.615234,603073
246,20377.615234,605473
247,20377.615234,607873
248,20377.615234,610273
249,20377.615234,612673
250,20377.615234,615073
251,20377.615234,617473
252,20377.615234,619873
253,20377.615234,622273
254,20377.615234,624673
255,20377.615234,627073
256,20377.615234,629473
257,20377.615234,631873
258,20377.615234,634273
259,20377.615234,636673
260,20377.615234,639073
261,20377.615234,641473
262,20377.615234,643873
263,20377.615234,646273
264,20377.615234,648673
265,20377.615234,651073
266,20377.615234,653473
267,20377.615234,655873
268,20377.615234,658273
269,20377.615234,660673
270,20377.615234,663073
271,20377.615234,665473
272,20377.615234,667873
273,20377.615234,670273
274,20377.615234,672673
275,20377.615234,675073
276,20377.615234,677474
277,20377.615234,679876
278,20377.615234,682277
279,20377.615234,684677
280,20377.615234,687077
281,20377.615234,689477
282,20377.615234,691877
283,20377.615234,694277
284,20377.615234,696677
285,20377.615234,699077
286,20377.615234,701477
287,20377.615234,703877
288,20377.615234,706277
289,20377.615234,708677
290,20377.615234,711077
291,20377.615234,713477
292,20377.615234,715877
293,20377.615234,718277
294,20377.615234,720677
295,20377.615234,723077
296,20377.615234,725477
297,20377.615234,727877
298,20377.615234,730277
20377.615234,149.940689
1,20378.273438,2399
2,20378.273438,5068
3,20378.273438,7737
4,20378.273438,10402
5,20377.615234,13071
6,20377.615234,15739
7,20377.615234,18372
8,20377.615234,21041
9,20377.615234,23710
10,20377.615234,26379
11,20377.615234,29012
12,20377.615234,31677
13,20377.615234,34346
14,20377.615234,37000
15,20377.615234,39659
16,20377.615234,42327
17,20377.615234,44995
18,20377.615234,47658
19,20377.615234,50324
20,20377.615234,52968
21,20377.615234,55631
22,20377.615234,58292
23,20377.615234,60960
24,20377.615234,63619
25,20377.615234,66233
26,20377.615234,68735
27,20377.615234,71379
28,20377.615234,73957
29,20377.615234,76478
30,20377.615234,78983
31,20377.615234,81473
32,20377.615234,83954
33,20377.615234,86416
34,20377.615234,88876
35,20377.615234,91321
36,20377.615234,93763
37,20377.615234,96196
38,20377.615234,98628
39,20377.615234,101053
40,20377.615234,103473
41,20377.615234,105893
42,20377.615234,108311
43,20377.615234,110727
44,20377.615234,113138
45,20377.615234,115553
46,20377.615234,117963
47,20377.615234,120372
48,20377.615234,122779
49,20377.615234,125185
50,20377.615234,127592
51,20377.615234,129999
52,20377.615234,132402
53,20377.615234,134805
54,20377.615234,137208
55,20377.615234,139610
56,20377.615234,142013
57,20377.615234,144414
58,20377.615234,146816
59,20377.615234,149219
60,20377.615234,151621
61,20377.615234,154022
62,20377.615234,156423
63,20377.615234,158824
64,20377.615234,161224
65,20377.615234,163625
66,20377.615234,166026
67,20377.615234,168427
68,20377.615234,170827
69,20377.615234,173227
70,20377.615234,175628
71,20377.615234,178028
72,20377.615234,180428
73,20377.615234,182828
74,20377.615234,185228
75,20377.615234,187628
76,20377.615234,190028
77,20377.615234,192429
78,20377.615234,194830
79,20377.615234,197231
80,20377.615234,199632
81,20377.615234,202033
82,20377.615234,204434
83,20377.615234,206834
84,20377.615234,209235
85,20377.615234,211635
86,20377.615234,214035
87,20377.615234,216435
88,20377.615234,218835
89,20377.615234,221235
90,20377.615234,223635
91,20377.615234,226035
92,20377.615234,228435
93,20377.615234,230835
94,20377.615234,233235
95,20377.615234,235635
96,20377.615234,238035
97,20377.615234,240435
98,20377.615234,242835
99,20377.615234,245235
100,20377.615234,247635
101,20377.615234,250035
102,20377.615234,252435
103,20377.615234,254835
104,20377.615234,257235
105,20377.615234,259635
106,20377.615234,262035
107,20377.615234,264435
108,20377.615234,266835
109,20377.615234,269235
110,20377.615234,271635
111,20377.615234,274035
112,20377.615234,276435
113,20377.615234,278835
114,20377.615234,281235
115,20377.615234,283635
116,20377.615234,286035
117,20377.615234,288435
118,20377.615234,290835
119,20377.615234,293235
120,20377.615234,295636
121,20377.615234,298037
122,20377.615234,300437
123,20377.615234,302837
124,20377.615234,305238
125,20377.615234,307638
126,20377.615234,310038
127,20377.615234,312438
128,20377.615234,314838
129,20377.615234,317238
130,20377.615234,319638
131,20377.615234,322038
132,20377.615234,324438
133,20377.615234,326838
134,20377.615234,329238
135,20377.615234,331638
136,20377.615234,334038
137,20377.615234,336438
138,20377.615234,338838
139,20377.615234,341238
140,20377.615234,343638
141,20377.615234,346038
142,20377.615234,348438
143,20377.615234,350838
144,20377.615234,353238
145,20377.615234,355638
146,20377.615234,358038
147,20377.615234,360438
148,20377.615234,362838
149,20377.615234,365238
150,20377.615234,367638
151,20377.615234,370038
152,20377.615234,372438
153,20377.615234,374838
154,20377.615234,377238
155,20377.615234,379638
156,20377.615234,382038
157,20377.615234,384438
158,20377.615234,386838
159,20377.615234,389238
160,20377.615234,391638
161,20377.615234,394038
162,20377.615234,396438
163,20377.615234,398838
164,20377.615234,401238
165,20377.615234,403638
166,20377.615234,406038
167,20377.615234,408438
168,20377.615234,410838
169,20377.615234,413238
170,20377.615234,415638
171,20377.615234,418038
172,20377.615234,420438
173,20377.615234,422838
174,20377.615234,425238
175,20377.615234,427638
176,20377.615234,430038
177,20377.615234,432438
178,20377.615234,434838
179,20377.615234,437238
180,20377.615234,439638
181,20377.615234,442038
182,20377.615234,444438
183,20377.615234,446838
184,20377.615234,449238
185,20377.615234,451638
186,20377.615234,454038
187,20377.615234,456438
188,20377.615234,458838
189,20377.615234,461239
190,20377.615234,463639
191,20377.615234,466039
192,20377.615234,468440
193,20377.615234,470841
194,20377.615234,473242
195,20377.615234,475642
196,20377.615234,478042
197,20377.615234,480442
198,20377.615234,482842
199,20377.615234,485242
200,20377.615234,487643
201,20377.615234,490043
202,20377.615234,492443
203,20377.615234,494843
204,20377.615234,497243
205,20377.615234,499643
206,20377.615234,502043
207,20377.615234,504443
208,20377.615234,506843
209,20377.615234,509243
210,20377.615234,511643
211,20377.615234,514043
212,20377.615234,516443
213,20377.615234,518843
214,20377.615234,521243
215,20377.615234,523643
216,20377.615234,526043
217,20377.615234,528443
218,20377.615234,530843
219,20377.615234,533243
220,20377.615234,535643
221,20377.615234,538043
222,20377.615234,540443
223,20377.615234,542843
224,20377.615234,545243
225,20377.615234,547643
226,20377.615234,550043
227,20377.615234,552443
228,20377.615234,554843
229,20377.615234,557243
230,20377.615234,559643
231,20377.615234,562043
232,20377.615234,564443
233,20377.615234,566843
234,20377.615234,569243
235,20377.615234,571643
236,20377.615234,574043
237,20377.615234,576443
238,20377.615234,578843
239,20377.615234,581244
240,20377.615234,583644
241,20377.615234,586044
242,20377.615234,588445
243,20377.615234,590845
244,20377.615234,593245
245,20377.615234,595645
246,20377.615234,598045
247,20377.615234,600445
248,20377.615234,602845
249,20377.615234,605246
250,20377.615234,607646
251,20377.615234,610046
252,20377.615234,612446
253,20377.615234,614846
254,20377.615234,617246
255,20377.615234,619646
256,20377.615234,622046
257,20377.615234,624446
258,20377.615234,626846
259,20377.615234,629246
260,20377.615234,631646
261,20377.615234,634046
262,20377.615234,636446
263,20377.615234,638846
264,20377.615234,641246
265,20377.615234,643647
266,20377.615234,646048
267,20377.615234,648448
268,20377.615234,650848
269,20377.615234,653249
270,20377.615234,655650
271,20377.615234,658051
272,20377.615234,660451
273,20377.615234,662852
274,20377.615234,665252
275,20377.615234,667653
276,20377.615234,670054
277,20377.615234,672455
278,20377.615234,674857
279,20377.615234,677259
280,20377.615234,679660
281,20377.615234,682061
282,20377.615234,684463
283,20377.615234,686864
284,20377.615234,689264
285,20377.615234,691664
286,20377.615234,694064
287,20377.615234,696464
288,20377.615234,698864
289,20377.615234,701264
290,20377.615234,703664
291,20377.615234,706064
292,20377.615234,708464
293,20377.615234,710865
294,20377.615234,713266
295,20377.615234,715667
296,20377.615234,718067
297,20377.615234,720468
298,20377.615234,722869
299,20377.615234,725272
300,20377.615234,727673
301,20377.615234,730073
20377.615234,152.514094
1,20378.576172,2399
2,20378.300781,5164
3,20378.300781,7929
4,20378.300781,10690
5,20378.242188,13453
6,20378.130859,16218
7,20377.751953,18942
8,20377.751953,21707
9,20377.751953,24465
10,20377.615234,27179
11,20377.615234,29944
12,20377.615234,32686
13,20377.615234,35422
14,20377.615234,38159
15,20377.615234,40921
16,20377.615234,43663
17,20377.615234,46421
18,20377.615234,49173
19,20377.615234,51935
20,20377.615234,54698
21,20377.615234,57457
22,20377.615234,60192
23,20377.615234,62957
24,20377.615234,65704
25,20377.615234,68450
26,20377.615234,71047
27,20377.615234,73590
28,20377.615234,76208
29,20377.615234,78714
30,20377.615234,81382
31,20377.615234,84052
32,20377.615234,86654
33,20377.615234,89229
34,20377.615234,91917
35,20377.615234,94519
36,20377.615234,97101
37,20377.615234,99675
38,20377.615234,102394
39,20377.615234,105011
40,20377.615234,107576
41,20377.615234,110139
42,20377.615234,112677
43,20377.615234,115188
44,20377.615234,117699
45,20377.615234,120204
46,20377.615234,122676
47,20377.615234,125126
48,20377.615234,127569
49,20377.615234,130011
50,20377.615234,132441
51,20377.615234,134869
52,20377.615234,137292
53,20377.615234,139714
54,20377.615234,142133
55,20377.615234,144550
56,20377.615234,146968
57,20377.615234,149382
58,20377.615234,151791
59,20377.615234,154199
60,20377.615234,156604
61,20377.615234,159011
62,20377.615234,161414
63,20377.615234,163815
64,20377.615234,166217
65,20377.615234,168619
66,20377.615234,171022
67,20377.615234,173423
68,20377.615234,175823
69,20377.615234,178224
70,20377.615234,180625
71,20377.615234,183025
72,20377.615234,185425
73,20377.615234,187826
74,20377.615234,190226
75,20377.615234,192626
76,20377.615234,195026
77,20377.615234,197426
78,20377.615234,199826
79,20377.615234,202226
80,20377.615234,204626
81,20377.615234,207026
82,20377.615234,209426
83,20377.615234,211826
84,20377.615234,214226
85,20377.615234,216626
86,20377.615234,219026
87,20377.615234,221426
88,20377.615234,223826
89,20377.615234,226226
90,20377.615234,228626
91,20377.615234,231026
92,20377.615234,233426
93,20377.615234,235826
94,20377.615234,238226
95,20377.615234,240626
96,20377.615234,243026
97,20377.615234,245426
98,20377.615234,247826
99,20377.615234,250226
100,20377.615234,252626
101,20377.615234,255026
102,20377.615234,257426
103,20377.615234,259826
104,20377.615234,262226
105,20377.615234,264626
106,20377.615234,267027
107,20377.615234,269428
108,20377.615234,271830
109,20377.615234,274231
110,20377.615234,276631
111,20377.615234,279031
112,20377.615234,281431
113,20377.615234,283831
114,20377.615234,286231
115,20377.615234,288631
116,20377.615234,291031
117,20377.615234,293431
118,20377.615234,295832
119,20377.615234,298233
120,20377.615234,300633
121,20377.615234,303033
122,20377.615234,305434
123,20377.615234,307835
124,20377.615234,310237
125,20377.615234,312639
126,20377.615234,315041
127,20377.615234,317441
128,20377.615234,319842
129,20377.615234,322243
130,20377.615234,324644
131,20377.615234,327046
132,20377.615234,329447
133,20377.615234,331850
134,20377.615234,334253
135,20377.615234,336657
136,20377.615234,339061
137,20377.615234,341464
138,20377.615234,343866
139,20377.615234,346268
140,20377.615234,348670
141,20377.615234,351071
142,20377.615234,353471
143,20377.615234,355871
144,20377.615234,358271
145,20377.615234,360671
146,20377.615234,363071
147,20377.615234,365472
148,20377.615234,367873
149,20377.615234,370274
150,20377.615234,372675
151,20377.615234,375075
152,20377.615234,377475
153,20377.615234,379875
154,20377.615234,382275
155,20377.615234,384675
156,20377.615234,387075
157,20377.615234,389475
158,20377.615234,391876
159,20377.615234,394278
160,20377.615234,396680
161,20377.615234,399082
162,20377.615234,401483
163,20377.615234,403884
164,20377.615234,406285
165,20377.615234,408686
166,20377.615234,411086
167,20377.615234,413486
168,20377.615234,415886
169,20377.615234,418286
170,20377.615234,420686
171,20377.615234,423086
172,20377.615234,425486
173,20377.615234,427886
174,20377.615234,430286
175,20377.615234,432686
176,20377.615234,435086
177,20377.615234,437486
178,20377.615234,439886
179,20377.615234,442286
180,20377.615234,444686
181,20377.615234,447086
182,20377.615234,449486
183,20377.615234,451886
184,20377.615234,454286
185,20377.615234,456686
186,20377.615234,459086
187,20377.615234,461487
188,20377.615234,463887
189,20377.615234,466287
190,20377.615234,468687
191,20377.615234,471087
192,20377.615234,473487
193,20377.615234,475887
194,20377.615234,478287
195,20377.615234,480687
196,20377.615234,483087
197,20377.615234,485487
198,20377.615234,487887
199,20377.615234,490287
200,20377.615234,492687
201,20377.615234,495087
202,20377.615234,497488
203,20377.615234,499890
204,20377.615234,502291
205,20377.615234,504693
206,20377.615234,507094
207,20377.615234,509494
208,20377.615234,511894
209,20377.615234,514294
210,20377.615234,516694
211,20377.615234,519094
212,20377.615234,521494
213,20377.615234,523894
214,20377.615234,526294
215,20377.615234,528694
216,20377.615234,531094
217,20377.615234,533494
218,20377.615234,535894
219,20377.615234,538294
220,20377.615234,540694
221,20377.615234,543094
222,20377.615234,545495
223,20377.615234,547896
224,20377.615234,550297
225,20377.615234,552697
226,20377.615234,555097
227,20377.615234,557497
228,20377.615234,559897
229,20377.615234,562298
230,20377.615234,564698
231,20377.615234,567098
232,20377.615234,569498
233,20377.615234,571898
234,20377.615234,574298
235,20377.615234,576698
236,20377.615234,579098
237,20377.615234,581498
238,20377.615234,583898
239,20377.615234,586298
240,20377.615234,588698
241,20377.615234,591098
242,20377.615234,593498
243,20377.615234,595898
244,20377.615234,598298
245,20377.615234,600698
246,20377.615234,603098
247,20377.615234,605499
248,20377.615234,607899
249,20377.615234,610300
250,20377.615234,612700
251,20377.615234,615100
252,20377.615234,617500
253,20377.615234,619900
254,20377.615234,622300
255,20377.615234,624700
256,20377.615234,627101
257,20377.615234,629503
258,20377.615234,631904
259,20377.615234,634306
260,20377.615234,636708
261,20377.615234,639110
262,20377.615234,641512
263,20377.615234,643912
264,20377.615234,646312
265,20377.615234,648712
266,20377.615234,651112
267,20377.615234,653512
268,20377.615234,655912
269,20377.615234,658312
270,20377.615234,660712
271,20377.615234,663112
272,20377.615234,665512
273,20377.615234,667912
274,20377.615234,670312
275,20377.615234,672712
276,20377.615234,675112
277,20377.615234,677512
278,20377.615234,679912
279,20377.615234,682312
280,20377.615234,684712
281,20377.615234,687112
282,20377.615234,689512
283,20377.615234,691912
284,20377.615234,694312
285,20377.615234,696713
286,20377.615234,699113
287,20377.615234,701513
288,20377.615234,703913
289,20377.615234,706313
290,20377.615234,708713
291,20377.615234,711113
292,20377.615234,713513
293,20377.615234,715913
294,20377.615234,718313
295,20377.615234,720714
296,20377.615234,723115
297,20377.615234,725516
298,20377.615234,727917
299,20377.615234,730317
20377.615234,150.038275
1,20378.064453,2399
2,20378.064453,5186
3,20378.064453,7973
4,20378.064453,10758
5,20377.615234,13545
6,20377.615234,16332
7,20377.615234,19083
8,20377.615234,21870
9,20377.615234,24617
10,20377.615234,27400
11,20377.615234,30148
12,20377.615234,32935
13,20377.615234,35683
14,20377.615234,38452
15,20377.615234,41238
16,20377.615234,44025
17,20377.615234,46807
18,20377.615234,49590
19,20377.615234,52377
20,20377.615234,55152
21,20377.615234,57935
22,20377.615234,60701
23,20377.615234,63487
24,20377.615234,66265
25,20377.615234,69045
26,20377.615234,71798
27,20377.615234,74580
28,20377.615234,77341
29,20377.615234,80043
30,20377.615234,82611
31,20377.615234,85114
32,20377.615234,87565
33,20377.615234,90002
34,20377.615234,92706
35,20377.615234,95265
36,20377.615234,97778
37,20377.615234,100280
38,20377.615234,102748
39,20377.615234,105200
40,20377.615234,107638
41,20377.615234,110068
42,20377.615234,112497
43,20377.615234,114920
44,20377.615234,117343
45,20377.615234,119760
46,20377.615234,122170
47,20377.615234,124575
48,20377.615234,126979
49,20377.615234,129382
50,20377.615234,131784
51,20377.615234,134185
52,20377.615234,136586
53,20377.615234,138987
54,20377.615234,141387
55,20377.615234,143787
56,20377.615234,146187
57,20377.615234,148587
58,20377.615234,150987
59,20377.615234,153387
60,20377.615234,155787
61,20377.615234,158187
62,20377.615234,160587
63,20377.615234,162987
64,20377.615234,165387
65,20377.615234,167787
66,20377.615234,170187
67,20377.615234,172587
68,20377.615234,174987
69,20377.615234,177387
70,20377.615234,179787
71,20377.615234,182187
72,20377.615234,184587
73,20377.615234,186988
74,20377.615234,189390
75,20377.615234,191791
76,20377.615234,194193
77,20377.615234,196594
78,20377.615234,198995
79,20377.615234,201396
80,20377.615234,203796
81,20377.615234,206196
82,20377.615234,208596
83,20377.615234,210996
84,20377.615234,213396
85,20377.615234,215796
86,20377.615234,218196
87,20377.615234,220596
88,20377.615234,222996
89,20377.615234,225396
90,20377.615234,227796
91,20377.615234,230196
92,20377.615234,232596
93,20377.615234,234996
94,20377.615234,237396
95,20377.615234,239797
96,20377.615234,242198
97,20377.615234,244599
98,20377.615234,247000
99,20377.615234,249401
100,20377.615234,251802
101,20377.615234,254203
102,20377.615234,256604
103,20377.615234,259006
104,20377.615234,261408
105,20377.615234,263810
106,20377.615234,266213
107,20377.615234,268615
108,20377.615234,271015
109,20377.615234,273415
110,20377.615234,275816
111,20377.615234,278219
112,20377.615234,280623
113,20377.615234,283026
114,20377.615234,285429
115,20377.615234,287830
116,20377.615234,290230
117,20377.615234,292631
118,20377.615234,295031
119,20377.615234,297431
120,20377.615234,299831
121,20377.615234,302231
122,20377.615234,304631
123,20377.615234,307031
124,20377.615234,309431
125,20377.615234,311831
126,20377.615234,314231
127,20377.615234,316631
128,20377.615234,319031
129,20377.615234,321431
130,20377.615234,323831
131,20377.615234,326231
132,20377.615234,328631
133,20377.615234,331031
134,20377.615234,333431
135,20377.615234,335831
136,20377.615234,338231
137,20377.615234,340631
138,20377.615234,343031
139,20377.615234,345431
140,20377.615234,347831
141,20377.615234,350231
142,20377.615234,352631
143,20377.615234,355031
144,20377.615234,357431
145,20377.615234,359831
146,20377.615234,362231
147,20377.615234,364632
148,20377.615234,367033
149,20377.615234,369434
150,20377.615234,371835
151,20377.615234,374237
152,20377.615234,376639
153,20377.615234,379041
154,20377.615234,381442
155,20377.615234,383842
156,20377.615234,386243
157,20377.615234,388644
158,20377.615234,391045
159,20377.615234,393447
160,20377.615234,395848
161,20377.615234,398250
162,20377.615234,400652
163,20377.615234,403053
164,20377.615234,405455
165,20377.615234,407857
166,20377.615234,410259
167,20377.615234,412661
168,20377.615234,415062
169,20377.615234,417463
170,20377.615234,419864
171,20377.615234,422265
172,20377.615234,424665
173,20377.615234,427066
174,20377.615234,429466
175,20377.615234,431866
176,20377.615234,434266
177,20377.615234,436666
178,20377.615234,439066
179,20377.615234,441466
180,20377.615234,443866
181,20377.615234,446266
182,20377.615234,448666
183,20377.615234,451066
184,20377.615234,453466
185,20377.615234,455867
186,20377.615234,458267
187,20377.615234,460668
188,20377.615234,463069
189,20377.615234,465469
190,20377.615234,467869
191,20377.615234,470269
192,20377.615234,472669
193,20377.615234,475069
194,20377.615234,477469
195,20377.615234,479869
196,20377.615234,482269
197,20377.615234,484669
198,20377.615234,487069
199,20377.615234,489469
200,20377.615234,491869
201,20377.615234,494269
202,20377.615234,496670
203,20377.615234,499071
204,20377.615234,501471
205,20377.615234,503871
206,20377.615234,506271
207,20377.615234,508671
208,20377.615234,511071
209,20377.615234,513471
210,20377.615234,515871
211,20377.615234,518271
212,20377.615234,520671
213,20377.615234,523071
214,20377.615234,525471
215,20377.615234,527871
216,20377.615234,530271
217,20377.615234,532671
218,20377.615234,535071
219,20377.615234,537471
220,20377.615234,539871
221,20377.615234,542271
222,20377.615234,544671
223,20377.615234,547071
224,20377.615234,549471
225,20377.615234,551871
226,20377.615234,554271
227,20377.615234,556671
228,20377.615234,559071
229,20377.615234,561471
230,20377.615234,563872
231,20377.615234,566273
232,20377.615234,568674
233,20377.615234,571074
234,20377.615234,573474
235,20377.615234,575874
236,20377.615234,578274
237,20377.615234,580674
238,20377.615234,583074
239,20377.615234,585474
240,20377.615234,587875
241,20377.615234,590276
242,20377.615234,592676
243,20377.615234,595078
244,20377.615234,597481
245,20377.615234,599972
246,20377.615234,602551
247,20377.615234,605120
248,20377.615234,607642
249,20377.615234,610132
250,20377.615234,612590
251,20377.615234,615040
252,20377.615234,617478
253,20377.615234,619907
254,20377.615234,622328
255,20377.615234,624746
256,20377.615234,627165
257,20377.615234,629575
258,20377.615234,631986
259,20377.615234,634392
260,20377.615234,636798
261,20377.615234,639201
262,20377.615234,641603
263,20377.615234,644004
264,20377.615234,646405
265,20377.615234,648805
266,20377.615234,651205
267,20377.615234,653606
268,20377.615234,656006
269,20377.615234,658406
270,20377.615234,660808
271,20377.615234,663210
272,20377.615234,665612
273,20377.615234,668015
274,20377.615234,670416
275,20377.615234,672817
276,20377.615234,675219
277,20377.615234,677620
278,20377.615234,680021
279,20377.615234,682423
280,20377.615234,684824
281,20377.615234,687226
282,20377.615234,689628
283,20377.615234,692029
284,20377.615234,694431
285,20377.615234,696834
286,20377.615234,699236
287,20377.615234,701638
288,20377.615234,704041
289,20377.615234,706445
290,20377.615234,708848
291,20377.615234,711251
292,20377.615234,713654
293,20377.615234,716056
294,20377.615234,718457
295,20377.615234,720857
296,20377.615234,723257
297,20377.615234,725657
298,20377.615234,728057
299,20377.615234,730457
20377.615234,148.908969
1,20378.158203,2399
2,20378.064453,5100
3,20378.064453,7801
4,20378.064453,10493
5,20378.064453,13194
6,20378.064453,15891
7,20378.021484,18592
8,20378.021484,21293
9,20378.021484,23957
10,20378.021484,26657
11,20377.916016,29354
12,20377.916016,32055
13,20377.916016,34712
14,20377.615234,37387
15,20377.615234,40088
16,20377.615234,42788
17,20377.615234,45483
18,20377.615234,48179
19,20377.615234,50862
20,20377.615234,53562
21,20377.615234,56263
22,20377.615234,58964
23,20377.615234,61649
24,20377.615234,64282
25,20377.615234,66927
26,20377.615234,69424
27,20377.615234,71874
28,20377.615234,74568
29,20377.615234,77144
30,20377.615234,79680
31,20377.615234,82215
32,20377.615234,84782
33,20377.615234,87296
34,20377.615234,89804
35,20377.615234,92309
36,20377.615234,94794
37,20377.615234,97270
38,20377.615234,99739
39,20377.615234,102193
40,20377.615234,104651
41,20377.615234,107100
42,20377.615234,109541
43,20377.615234,111981
44,20377.615234,114413
45,20377.615234,116840
46,20377.615234,119265
47,20377.615234,121683
48,20377.615234,124103
49,20377.615234,126523
50,20377.615234,128938
51,20377.615234,131352
52,20377.615234,133765
53,20377.615234,136175
54,20377.615234,138580
55,20377.615234,140986
56,20377.615234,143391
57,20377.615234,145797
58,20377.615234,148202
59,20377.615234,150605
60,20377.615234,153006
61,20377.615234,155409
62,20377.615234,157811
63,20377.615234,160214
64,20377.615234,162618
65,20377.615234,165022
66,20377.615234,167424
67,20377.615234,169828
68,20377.615234,172230
69,20377.615234,174631
70,20377.615234,177033
71,20377.615234,179435
72,20377.615234,181836
73,20377.615234,184240
74,20377.615234,186643
75,20377.615234,189046
76,20377.615234,191448
77,20377.615234,193849
78,20377.615234,196252
79,20377.615234,198656
80,20377.615234,201059
81,20377.615234,203462
82,20377.615234,205864
83,20377.615234,208266
84,20377.615234,210668
85,20377.615234,213070
86,20377.615234,215473
87,20377.615234,217875
88,20377.615234,220277
89,20377.615234,222678
90,20377.615234,225080
91,20377.615234,227481
92,20377.615234,229882
93,20377.615234,232283
94,20377.615234,234683
95,20377.615234,237084
96,20377.615234,239485
97,20377.615234,241886
98,20377.615234,244286
99,20377.615234,246686
100,20377.615234,249086
101,20377.615234,251486
102,20377.615234,253886
103,20377.615234,256287
104,20377.615234,258687
105,20377.615234,261087
106,20377.615234,263487
107,20377.615234,265887
108,20377.615234,268287
109,20377.615234,270687
110,20377.615234,273087
111,20377.615234,275487
112,20377.615234,277888
113,20377.615234,280288
114,20377.615234,282688
115,20377.615234,285088
116,20377.615234,287488
117,20377.615234,289888
118,20377.615234,292288
119,20377.615234,294688
120,20377.615234,297089
121,20377.615234,299489
122,20377.615234,301889
123,20377.615234,304289
124,20377.615234,306689
125,20377.615234,309089
126,20377.615234,311489
127,20377.615234,313889
128,20377.615234,316289
129,20377.615234,318689
130,20377.615234,321089
131,20377.615234,323489
132,20377.615234,325889
133,20377.615234,328289
134,20377.615234,330689
135,20377.615234,333089
136,20377.615234,335489
137,20377.615234,337889
138,20377.615234,340289
139,20377.615234,342689
140,20377.615234,345089
141,20377.615234,347489
142,20377.615234,349889
143,20377.615234,352289
144,20377.615234,354689
145,20377.615234,357089
146,20377.615234,359489
147,20377.615234,361889
148,20377.615234,364289
149,20377.615234,366689
150,20377.615234,369089
151,20377.615234,371489
152,20377.615234,373889
153,20377.615234,376289
154,20377.615234,378689
155,20377.615234,381089
156,20377.615234,383489
157,20377.615234,385889
158,20377.615234,388289
159,20377.615234,390689
160,20377.615234,393089
161,20377.615234,395489
162,20377.615234,397889
163,20377.615234,400289
164,20377.615234,402689
165,20377.615234,405089
166,20377.615234,407489
167,20377.615234,409889
168,20377.615234,412289
169,20377.615234,414689
170,20377.615234,417089
171,20377.615234,419489
172,20377.615234,421889
173,20377.615234,424289
174,20377.615234,426689
175,20377.615234,429089
176,20377.615234,431489
177,20377.615234,433889
178,20377.615234,436289
179,20377.615234,438689
180,20377.615234,441089
181,20377.615234,443489
182,20377.615234,445889
183,20377.615234,448289
184,20377.615234,450690
185,20377.615234,453090
186,20377.615234,455490
187,20377.615234,457890
188,20377.615234,460290
189,20377.615234,462690
190,20377.615234,465090
191,20377.615234,467490
192,20377.615234,469890
193,20377.615234,472290
194,20377.615234,474690
195,20377.615234,477090
196,20377.615234,479490
197,20377.615234,481890
198,20377.615234,484290
199,20377.615234,486690
200,20377.615234,489091
201,20377.615234,491491
202,20377.615234,493891
203,20377.615234,496291
204,20377.615234,498691
205,20377.615234,501091
206,20377.615234,503492
207,20377.615234,505893
208,20377.615234,508293
209,20377.615234,510693
210,20377.615234,513093
211,20377.615234,515493
212,20377.615234,517893
213,20377.615234,520293
214,20377.615234,522693
215,20377.615234,525093
216,20377.615234,527493
217,20377.615234,529893
218,20377.615234,532293
219,20377.615234,534693
220,20377.615234,537093
221,20377.615234,539493
222,20377.615234,541893
223,20377.615234,544293
224,20377.615234,546693
225,20377.615234,549093
226,20377.615234,551493
227,20377.615234,553893
228,20377.615234,556293
229,20377.615234,558693
230,20377.615234,561093
231,20377.615234,563493
232,20377.615234,565893
233,20377.615234,568293
234,20377.615234,570693
235,20377.615234,573093
236,20377.615234,575493
237,20377.615234,577893
238,20377.615234,580293
239,20377.615234,582693
240,20377.615234,585093
241,20377.615234,587494
242,20377.615234,589895
243,20377.615234,592296
244,20377.615234,594697
245,20377.615234,597098
246,20377.615234,599499
247,20377.615234,601900
248,20377.615234,604300
249,20377.615234,606700
250,20377.615234,609100
251,20377.615234,611500
252,20377.615234,613900
253,20377.615234,616300
254,20377.615234,618700
255,20377.615234,621100
256,20377.615234,623500
257,20377.615234,625900
258,20377.615234,628300
259,20377.615234,630700
260,20377.615234,633100
261,20377.615234,635500
262,20377.615234,637900
263,20377.615234,640300
264,20377.615234,642700
265,20377.615234,645100
266,20377.615234,647500
267,20377.615234,649900
268,20377.615234,652300
269,20377.615234,654700
270,20377.615234,657100
271,20377.615234,659500
272,20377.615234,661900
273,20377.615234,664300
274,20377.615234,666700
275,20377.615234,669101
276,20377.615234,671501
277,20377.615234,673901
278,20377.615234,676301
279,20377.615234,678701
280,20377.615234,681101
281,20377.615234,683501
282,20377.615234,685901
283,20377.615234,688301
284,20377.615234,690701
285,20377.615234,693101
286,20377.615234,695501
287,20377.615234,697902
288,20377.615234,700302
289,20377.615234,702702
290,20377.615234,705103
291,20377.615234,707504
292,20377.615234,709905
293,20377.615234,712306
294,20377.615234,714707
295,20377.615234,717108
296,20377.615234,719508
297,20377.615234,721908
298,20377.615234,724308
299,20377.615234,726708
300,20377.615234,729108
301,20377.615234,731508
20377.615234,155.180463
1,20377.917969,2399
2,20377.917969,4969
3,20377.917969,7539
4,20377.917969,10106
5,20377.917969,12676
6,20377.917969,15244
7,20377.917969,17814
8,20377.917969,20379
9,20377.917969,22947
10,20377.917969,25507
11,20377.917969,28077
12,20377.917969,30647
13,20377.917969,33216
14,20377.917969,35786
15,20377.751953,38354
16,20377.751953,40924
17,20377.751953,43486
18,20377.751953,46055
19,20377.751953,48625
20,20377.751953,51194
21,20377.751953,53760
22,20377.751953,56323
23,20377.751953,58893
24,20377.751953,61375
25,20377.751953,63933
26,20377.751953,66490
27,20377.751953,69054
28,20377.751953,71586
29,20377.751953,74097
30,20377.751953,76644
31,20377.751953,79169
32,20377.751953,81669
33,20377.751953,84176
34,20377.751953,86656
35,20377.751953,89127
36,20377.751953,91580
37,20377.751953,94026
38,20377.751953,96466
39,20377.751953,98906
40,20377.751953,101337
41,20377.751953,103761
42,20377.751953,106188
43,20377.751953,108615
44,20377.751953,111035
45,20377.751953,113450
46,20377.751953,115860
47,20377.751953,118270
48,20377.751953,120678
49,20377.751953,123084
50,20377.751953,125488
51,20377.751953,127895
52,20377.751953,130298
53,20377.751953,132702
54,20377.751953,135105
55,20377.751953,137507
56,20377.751953,139909
57,20377.751953,142309
58,20377.751953,144709
59,20377.751953,147109
60,20377.751953,149509
61,20377.751953,151909
62,20377.751953,154309
63,20377.751953,156709
64,20377.751953,159109
65,20377.751953,161509
66,20377.751953,163909
67,20377.751953,166309
68,20377.751953,168709
69,20377.751953,171109
70,20377.751953,173510
71,20377.751953,175910
72,20377.751953,178310
73,20377.751953,180711
74,20377.751953,183111
75,20377.751953,185511
76,20377.751953,187911
77,20377.751953,190311
78,20377.751953,192711
79,20377.751953,195111
80,20377.751953,197511
81,20377.751953,199911
82,20377.751953,202311
83,20377.751953,204711
84,20377.751953,207111
85,20377.751953,209511
86,20377.751953,211911
87,20377.751953,214311
88,20377.751953,216711
89,20377.751953,219111
90,20377.751953,221511
91,20377.751953,223911
92,20377.751953,226311
93,20377.751953,228711
94,20377.751953,231111
95,20377.751953,233511
96,20377.751953,235911
97,20377.751953,238311
98,20377.751953,240711
99,20377.751953,243111
100,20377.751953,245511
101,20377.751953,247911
102,20377.751953,250311
103,20377.751953,252711
104,20377.751953,255111
105,20377.751953,257511
106,20377.751953,259911
107,20377.751953,262311
108,20377.751953,264711
109,20377.751953,267111
110,20377.751953,269511
111,20377.751953,271911
112,20377.751953,274311
113,20377.751953,276711
114,20377.751953,279111
115,20377.751953,281511
116,20377.751953,283911
117,20377.751953,286311
118,20377.751953,288711
119,20377.751953,291111
120,20377.751953,293511
121,20377.751953,295911
122,20377.751953,298311
123,20377.751953,300711
124,20377.751953,303111
125,20377.751953,305511
126,20377.751953,307911
127,20377.751953,310311
128,20377.751953,312711
129,20377.751953,315111
130,20377.751953,317511
131,20377.751953,319911
132,20377.751953,322311
133,20377.751953,324711
134,20377.751953,327111
135,20377.751953,329511
136,20377.751953,331911
137,20377.751953,334311
138,20377.751953,336711
139,20377.751953,339111
140,20377.751953,341511
141,20377.751953,343911
142,20377.751953,346311
143,20377.751953,348711
144,20377.751953,351111
145,20377.751953,353511
146,20377.751953,355911
147,20377.751953,358311
148,20377.751953,360711
149,20377.751953,363111
150,20377.751953,365511
151,20377.751953,367911
152,20377.751953,370311
153,20377.751953,372711
154,20377.751953,375111
155,20377.751953,377511
156,20377.751953,379911
157,20377.751953,382311
158,20377.751953,384711
159,20377.751953,387111
160,20377.751953,389511
161,20377.751953,391911
162,20377.751953,394311
163,20377.751953,396711
164,20377.751953,399111
165,20377.751953,401511
166,20377.751953,403911
167,20377.751953,406311
168,20377.751953,408711
169,20377.751953,411111
170,20377.751953,413511
171,20377.751953,415911
172,20377.751953,418311
173,20377.751953,420711
174,20377.751953,423111
175,20377.751953,425511
176,20377.751953,427911
177,20377.751953,430311
178,20377.751953,432711
179,20377.751953,435111
180,20377.751953,437512
181,20377.751953,439912
182,20377.751953,442312
183,20377.751953,444712
184,20377.751953,447112
185,20377.751953,449513
186,20377.751953,451915
187,20377.751953,454316
188,20377.751953,456716
189,20377.751953,459116
190,20377.751953,461516
191,20377.751953,463916
192,20377.751953,466316
193,20377.751953,468716
194,20377.751953,471116
195,20377.751953,473516
196,20377.751953,475916
197,20377.751953,478316
198,20377.751953,480716
199,20377.751953,483116
200,20377.751953,485516
201,20377.751953,487916
202,20377.751953,490316
203,20377.751953,492716
204,20377.751953,495116
205,20377.751953,497516
206,20377.751953,499917
207,20377.751953,502318
208,20377.751953,504718
209,20377.751953,507118
210,20377.751953,509519
211,20377.751953,511919
212,20377.751953,514320
213,20377.751953,516720
214,20377.751953,519120
215,20377.751953,521520
216,20377.751953,523920
217,20377.751953,526320
218,20377.751953,528720
219,20377.751953,531120
220,20377.751953,533520
221,20377.751953,535920
222,20377.751953,538320
223,20377.751953,540720
224,20377.751953,543120
225,20377.751953,545520
226,20377.751953,547920
227,20377.751953,550320
228,20377.751953,552721
229,20377.751953,555122
230,20377.751953,557522
231,20377.751953,559922
232,20377.751953,562322
233,20377.751953,564722
234,20377.751953,567122
235,20377.751953,569522
236,20377.751953,571922
237,20377.751953,574322
238,20377.751953,576722
239,20377.751953,579122
240,20377.751953,581522
241,20377.751953,583922
242,20377.751953,586322
243,20377.751953,588722
244,20377.751953,591123
245,20377.751953,593524
246,20377.751953,595926
247,20377.751953,598327
248,20377.751953,600728
249,20377.751953,603128
250,20377.751953,605528
251,20377.751953,607928
252,20377.751953,610328
253,20377.751953,612728
254,20377.751953,615128
255,20377.751953,617528
256,20377.751953,619928
257,20377.751953,622328
258,20377.751953,624728
259,20377.751953,627128
260,20377.751953,629528
261,20377.751953,631928
262,20377.751953,634329
263,20377.751953,636730
264,20377.751953,639131
265,20377.751953,641532
266,20377.751953,643933
267,20377.751953,646333
268,20377.751953,648733
269,20377.751953,651133
270,20377.751953,653533
271,20377.751953,655933
272,20377.751953,658333
273,20377.751953,660733
274,20377.751953,663133
275,20377.751953,665533
276,20377.751953,667933
277,20377.751953,670333
278,20377.751953,672733
279,20377.751953,675133
280,20377.751953,677533
281,20377.751953,679933
282,20377.751953,682333
283,20377.751953,684733
284,20377.751953,687133
285,20377.751953,689533
286,20377.751953,691933
287,20377.751953,694333
288,20377.751953,696733
289,20377.751953,699133
290,20377.751953,701533
291,20377.751953,703933
292,20377.751953,706333
293,20377.751953,708733
294,20377.751953,711133
295,20377.751953,713533
296,20377.751953,715933
297,20377.751953,718333
298,20377.751953,720733
299,20377.751953,723133
300,20377.751953,725533
301,20377.751953,727933
302,20377.751953,730333
20377.751953,150.747533
1,20378.576172,2399
2,20378.576172,5162
3,20378.576172,7925
4,20378.242188,10685
5,20378.242188,13448
6,20378.242188,16207
7,20378.072266,18936
8,20378.072266,21697
9,20377.964844,24422
10,20377.964844,27183
11,20377.964844,29917
12,20377.964844,32678
13,20377.964844,35440
14,20377.964844,38187
15,20377.916016,40945
16,20377.916016,43707
17,20377.916016,46448
18,20377.916016,49211
19,20377.916016,51966
20,20377.916016,54713
21,20377.916016,57475
22,20377.916016,60236
23,20377.916016,62829
24,20377.916016,65538
25,20377.916016,68184
26,20377.916016,70695
27,20377.916016,73152
28,20377.916016,75590
29,20377.916016,78314
30,20377.916016,81012
31,20377.916016,83754
32,20377.916016,86493
33,20377.916016,89181
34,20377.916016,91940
35,20377.916016,94676
36,20377.916016,97402
37,20377.916016,100050
38,20377.916016,102654
39,20377.916016,105311
40,20377.916016,107923
41,20377.916016,110502
42,20377.916016,113189
43,20377.916016,115909
44,20377.916016,118672
45,20377.916016,121357
46,20377.916016,124075
47,20377.916016,126780
48,20377.916016,129494
49,20377.916016,132180
50,20377.916016,134868
51,20377.916016,137563
52,20377.916016,140289
53,20377.916016,142979
54,20377.916016,145641
55,20377.916016,148289
56,20377.916016,150937
57,20377.916016,153575
58,20377.916016,156331
59,20377.916016,159078
60,20377.916016,161800
61,20377.916016,164556
62,20377.916016,167291
63,20377.916016,170024
64,20377.916016,172776
65,20377.916016,175531
66,20377.916016,178285
67,20377.916016,180948
68,20377.916016,183603
69,20377.916016,186254
70,20377.916016,188891
71,20377.916016,191558
72,20377.916016,194198
73,20377.916016,196857
74,20377.916016,199508
75,20377.916016,202266
76,20377.916016,204925
77,20377.916016,207597
78,20377.916016,210242
79,20377.916016,212882
80,20377.916016,215488
81,20377.916016,218092
82,20377.916016,220695
83,20377.916016,223330
84,20377.916016,225998
85,20377.916016,228661
86,20377.916016,231414
87,20377.916016,234139
88,20377.916016,236785
89,20377.916016,239475
90,20377.916016,242136
91,20377.916016,244792
92,20377.916016,247475
93,20377.916016,250127
94,20377.916016,252876
95,20377.916016,255605
96,20377.916016,258332
97,20377.916016,261089
98,20377.916016,263833
99,20377.916016,266530
100,20377.916016,269233
101,20377.916016,271910
102,20377.916016,274639
103,20377.916016,277347
104,20377.916016,280070
105,20377.916016,282664
106,20377.916016,285414
107,20377.916016,288144
108,20377.916016,290885
109,20377.916016,293641
110,20377.916016,296350
111,20377.916016,299050
112,20377.916016,301813
113,20377.916016,304547
114,20377.916016,307303
115,20377.916016,310030
116,20377.916016,312668
117,20377.916016,315405
118,20377.916016,318124
119,20377.916016,320860
120,20377.916016,323538
121,20377.916016,326234
122,20377.916016,328880
123,20377.916016,331592
124,20377.916016,334348
125,20377.916016,337061
126,20377.916016,339802
127,20377.916016,342554
128,20377.916016,345308
129,20377.916016,347996
130,20377.916016,350753
131,20377.916016,353485
132,20377.916016,356233
133,20377.916016,358978
134,20377.916016,361645
135,20377.916016,364398
136,20377.916016,367147
137,20377.916016,369893
138,20377.916016,372569
139,20377.916016,375325
140,20377.916016,378064
141,20377.916016,380809
142,20377.916016,383563
143,20377.916016,386307
144,20377.916016,388967
145,20377.916016,391627
146,20377.916016,394304
147,20377.916016,396973
148,20377.916016,399626
149,20377.916016,402370
150,20377.916016,405106
151,20377.916016,407843
152,20377.916016,410576
153,20377.916016,413302
154,20377.916016,416029
155,20377.916016,418767
156,20377.916016,421427
157,20377.916016,424180
158,20377.916016,426899
159,20377.916016,429637
160,20377.916016,432398
161,20377.916016,435050
162,20377.916016,437680
163,20377.916016,440378
164,20377.916016,443117
165,20377.916016,445871
166,20377.916016,448602
167,20377.916016,451364
168,20377.916016,454048
169,20377.916016,456681
170,20377.916016,459345
171,20377.916016,462057
172,20377.916016,464795
173,20377.916016,467496
174,20377.916016,470203
175,20377.916016,472915
176,20377.916016,475630
177,20377.916016,478333
178,20377.916016,481064
179,20377.916016,483797
180,20377.916016,486531
181,20377.916016,489229
182,20377.916016,491953
183,20377.916016,494656
184,20377.916016,497387
185,20377.916016,500089
186,20377.916016,502806
187,20377.916016,505506
188,20377.916016,508175
189,20377.916016,510889
190,20377.916016,513580
191,20377.916016,516223
192,20377.916016,518832
193,20377.916016,521584
194,20377.916016,524305
195,20377.916016,527061
196,20377.916016,529747
197,20377.916016,532503
198,20377.916016,535236
199,20377.916016,537995
200,20377.916016,540742
201,20377.916016,543366
202,20377.916016,546091
203,20377.916016,548776
204,20377.916016,551419
205,20377.916016,554121
206,20377.916016,556841
207,20377.916016,559596
208,20377.916016,562330
209,20377.916016,565037
210,20377.916016,567735
211,20377.916016,570389
212,20377.916016,573015
213,20377.916016,575718
214,20377.916016,578473
215,20377.916016,581211
216,20377.916016,583933
217,20377.916016,586635
218,20377.916016,589394
219,20377.916016,592065
220,20377.916016,594780
221,20377.916016,597446
222,20377.916016,600106
223,20377.916016,602781
224,20377.916016,605374
225,20377.916016,608122
226,20377.916016,610859
227,20377.916016,613497
228,20377.916016,616113
229,20377.916016,618834
230,20377.916016,621549
231,20377.916016,624279
232,20377.916016,627012
233,20377.916016,629739
234,20377.916016,632407
235,20377.916016,635071
236,20377.916016,637730
237,20377.916016,640389
238,20377.916016,643144
239,20377.916016,645885
240,20377.916016,648572
241,20377.916016,651236
242,20377.916016,653874
243,20377.916016,656597
244,20377.916016,659291
245,20377.916016,662021
246,20377.916016,664778
247,20377.916016,667384
248,20377.916016,670097
249,20377.916016,672672
250,20377.916016,675369
251,20377.916016,677886
252,20377.916016,680583
253,20377.916016,683315
254,20377.916016,686026
255,20377.916016,688741
256,20377.916016,691388
257,20377.916016,693988
258,20377.916016,696501
259,20377.916016,699204
260,20377.916016,701759
261,20377.916016,704466
262,20377.916016,707120
263,20377.916016,709814
264,20377.916016,712518
265,20377.916016,715253
266,20377.916016,718000
267,20377.916016,720747
268,20377.916016,723407
269,20377.916016,726051
270,20377.916016,728697
271,20377.916016,731357
20377.916016,150.318294
1,20378.205078,2399
2,20378.205078,5206
3,20378.205078,8013
4,20378.205078,10814
5,20377.964844,13596
6,20377.964844,16400
7,20377.615234,19165
8,20377.615234,21970
9,20377.615234,24737
10,20377.615234,27543
11,20377.615234,30350
12,20377.615234,33109
13,20377.615234,35915
14,20377.615234,38710
15,20377.615234,41516
16,20377.615234,44284
17,20377.615234,47059
18,20377.615234,49842
19,20377.615234,52626
20,20377.615234,55431
21,20377.615234,58226
22,20377.615234,61032
23,20377.615234,63838
24,20377.615234,66645
25,20377.615234,69427
26,20377.615234,72233
27,20377.615234,75003
28,20377.615234,77754
29,20377.615234,80338
30,20377.615234,82849
31,20377.615234,85317
32,20377.615234,88045
33,20377.615234,90623
34,20377.615234,93178
35,20377.615234,95719
36,20377.615234,98237
37,20377.615234,100735
38,20377.615234,103213
39,20377.615234,105687
40,20377.615234,108147
41,20377.615234,110594
42,20377.615234,113032
43,20377.615234,115466
44,20377.615234,117891
45,20377.615234,120309
46,20377.615234,122725
47,20377.615234,125140
48,20377.615234,127552
49,20377.615234,129959
50,20377.615234,132371
51,20377.615234,134782
52,20377.615234,137190
53,20377.615234,139596
54,20377.615234,142000
55,20377.615234,144401
56,20377.615234,146804
57,20377.615234,149206
58,20377.615234,151606
59,20377.615234,154006
60,20377.615234,156407
61,20377.615234,158808
62,20377.615234,161209
63,20377.615234,163609
64,20377.615234,166009
65,20377.615234,168409
66,20377.615234,170810
67,20377.615234,173211
68,20377.615234,175612
69,20377.615234,178013
70,20377.615234,180415
71,20377.615234,182815
72,20377.615234,185215
73,20377.615234,187615
74,20377.615234,190015
75,20377.615234,192415
76,20377.615234,194815
77,20377.615234,197215
78,20377.615234,199615
79,20377.615234,202015
80,20377.615234,204415
81,20377.615234,206815
82,20377.615234,209215
83,20377.615234,211615
84,20377.615234,214015
85,20377.615234,216415
86,20377.615234,218815
87,20377.615234,221215
88,20377.615234,223615
89,20377.615234,226015
90,20377.615234,228416
91,20377.615234,230816
92,20377.615234,233216
93,20377.615234,235616
94,20377.615234,238016
95,20377.615234,240416
96,20377.615234,242817
97,20377.615234,245218
98,20377.615234,247618
99,20377.615234,250018
100,20377.615234,252418
101,20377.615234,254818
102,20377.615234,257218
103,20377.615234,259618
104,20377.615234,262018
105,20377.615234,264418
106,20377.615234,266818
107,20377.615234,269219
108,20377.615234,271619
109,20377.615234,274019
110,20377.615234,276419
111,20377.615234,278819
112,20377.615234,281219
113,20377.615234,283619
114,20377.615234,286019
115,20377.615234,288419
116,20377.615234,290819
117,20377.615234,293219
118,20377.615234,295619
119,20377.615234,298020
120,20377.615234,300420
121,20377.615234,302820
122,20377.615234,305220
123,20377.615234,307620
124,20377.615234,310020
125,20377.615234,312420
126,20377.615234,314820
127,20377.615234,317220
128,20377.615234,319620
129,20377.615234,322020
130,20377.615234,324420
131,20377.615234,326820
132,20377.615234,329220
133,20377.615234,331620
134,20377.615234,334021
135,20377.615234,336422
136,20377.615234,338822
137,20377.615234,341222
138,20377.615234,343622
139,20377.615234,346022
140,20377.615234,348422
141,20377.615234,350822
142,20377.615234,353222
143,20377.615234,355622
144,20377.615234,358022
145,20377.615234,360422
146,20377.615234,362822
147,20377.615234,365222
148,20377.615234,367622
149,20377.615234,370022
150,20377.615234,372423
151,20377.615234,374824
152,20377.615234,377226
153,20377.615234,379628
154,20377.615234,382030
155,20377.615234,384432
156,20377.615234,386833
157,20377.615234,389233
158,20377.615234,391633
159,20377.615234,394033
160,20377.615234,396433
161,20377.615234,398833
162,20377.615234,401233
163,20377.615234,403633
164,20377.615234,406033
165,20377.615234,408434
166,20377.615234,410835
167,20377.615234,413235
168,20377.615234,415636
169,20377.615234,418036
170,20377.615234,420437
171,20377.615234,422837
172,20377.615234,425237
173,20377.615234,427637
174,20377.615234,430037
175,20377.615234,432437
176,20377.615234,434837
177,20377.615234,437237
178,20377.615234,439637
179,20377.615234,442037
180,20377.615234,444437
181,20377.615234,446837
182,20377.615234,449237
183,20377.615234,451637
184,20377.615234,454037
185,20377.615234,456437
186,20377.615234,458837
187,20377.615234,461237
188,20377.615234,463637
189,20377.615234,466037
190,20377.615234,468437
191,20377.615234,470837
192,20377.615234,473237
193,20377.615234,475637
194,20377.615234,478037
195,20377.615234,480437
196,20377.615234,482837
197,20377.615234,485238
198,20377.615234,487639
199,20377.615234,490040
200,20377.615234,492441
201,20377.615234,494842
202,20377.615234,497242
203,20377.615234,499642
204,20377.615234,502042
205,20377.615234,504442
206,20377.615234,506843
207,20377.615234,509244
208,20377.615234,511645
209,20377.615234,514046
210,20377.615234,516447
211,20377.615234,518847
212,20377.615234,521247
213,20377.615234,523647
214,20377.615234,526047
215,20377.615234,528447
216,20377.615234,530847
217,20377.615234,533247
218,20377.615234,535647
219,20377.615234,538047
220,20377.615234,540447
221,20377.615234,542847
222,20377.615234,545247
223,20377.615234,547647
224,20377.615234,550047
225,20377.615234,552447
226,20377.615234,554847
227,20377.615234,557248
228,20377.615234,559648
229,20377.615234,562049
230,20377.615234,564450
231,20377.615234,566850
232,20377.615234,569251
233,20377.615234,571652
234,20377.615234,574052
235,20377.615234,576453
236,20377.615234,578854
237,20377.615234,581255
238,20377.615234,583655
239,20377.615234,586056
240,20377.615234,588458
241,20377.615234,590859
242,20377.615234,593260
243,20377.615234,595661
244,20377.615234,598062
245,20377.615234,600463
246,20377.615234,602863
247,20377.615234,605263
248,20377.615234,607663
249,20377.615234,610063
250,20377.615234,612463
251,20377.615234,614863
252,20377.615234,617263
253,20377.615234,619663
254,20377.615234,622063
255,20377.615234,624464
256,20377.615234,626864
257,20377.615234,629265
258,20377.615234,631666
259,20377.615234,634068
260,20377.615234,636470
261,20377.615234,638872
262,20377.615234,641273
263,20377.615234,643674
264,20377.615234,646075
265,20377.615234,648475
266,20377.615234,650875
267,20377.615234,653275
268,20377.615234,655675
269,20377.615234,658075
270,20377.615234,660475
271,20377.615234,662875
272,20377.615234,665275
273,20377.615234,667675
274,20377.615234,670075
275,20377.615234,672475
276,20377.615234,674875
277,20377.615234,677275
278,20377.615234,679675
279,20377.615234,682075
280,20377.615234,684475
281,20377.615234,686875
282,20377.615234,689275
283,20377.615234,691675
284,20377.615234,694075
285,20377.615234,696475
286,20377.615234,698875
287,20377.615234,701275
288,20377.615234,703675
289,20377.615234,706075
290,20377.615234,708475
291,20377.615234,710875
292,20377.615234,713276
293,20377.615234,715677
294,20377.615234,718077
295,20377.615234,720477
296,20377.615234,722877
297,20377.615234,725277
298,20377.615234,727677
299,20377.615234,730077
20377.615234,148.513106
1,20379.074219,2399
2,20378.818359,5093
3,20378.818359,7787
4,20378.095703,10481
5,20378.095703,13174
6,20378.095703,15860
7,20378.095703,18550
8,20378.095703,21244
9,20377.964844,23908
10,20377.964844,26598
11,20377.964844,29261
12,20377.964844,31955
13,20377.964844,34647
14,20377.615234,37327
15,20377.615234,40015
16,20377.615234,42704
17,20377.615234,45398
18,20377.615234,48092
19,20377.615234,50785
20,20377.615234,53447
21,20377.615234,56141
22,20377.615234,58834
23,20377.615234,61503
24,20377.615234,64186
25,20377.615234,66775
26,20377.615234,69364
27,20377.615234,71939
28,20377.615234,74515
29,20377.615234,77073
30,20377.615234,79638
31,20377.615234,82251
32,20377.615234,84874
33,20377.615234,87508
34,20377.615234,90115
35,20377.615234,92710
36,20377.615234,95282
37,20377.615234,97861
38,20377.615234,100456
39,20377.615234,103073
40,20377.615234,105662
41,20377.615234,108336
42,20377.615234,110994
43,20377.615234,113675
44,20377.615234,116366
45,20377.615234,119055
46,20377.615234,121741
47,20377.615234,124422
48,20377.615234,127097
49,20377.615234,129791
50,20377.615234,132480
51,20377.615234,135172
52,20377.615234,137866
53,20377.615234,140556
54,20377.615234,143214
55,20377.615234,145887
56,20377.615234,148579
57,20377.615234,151265
58,20377.615234,153956
59,20377.615234,156648
60,20377.615234,159336
61,20377.615234,162016
62,20377.615234,164709
63,20377.615234,167392
64,20377.615234,170073
65,20377.615234,172763
66,20377.615234,175444
67,20377.615234,178138
68,20377.615234,180822
69,20377.615234,183507
70,20377.615234,186199
71,20377.615234,188878
72,20377.615234,191566
73,20377.615234,194252
74,20377.615234,196944
75,20377.615234,199634
76,20377.615234,202323
77,20377.615234,204997
78,20377.615234,207670
79,20377.615234,210364
80,20377.615234,213057
81,20377.615234,215746
82,20377.615234,218426
83,20377.615234,221116
84,20377.615234,223794
85,20377.615234,226483
86,20377.615234,229161
87,20377.615234,231836
88,20377.615234,234527
89,20377.615234,237220
90,20377.615234,239904
91,20377.615234,242593
92,20377.615234,245264
93,20377.615234,247957
94,20377.615234,250635
95,20377.615234,253321
96,20377.615234,256005
97,20377.615234,258681
98,20377.615234,261369
99,20377.615234,264057
100,20377.615234,266751
101,20377.615234,269434
102,20377.615234,272123
103,20377.615234,274815
104,20377.615234,277495
105,20377.615234,280182
106,20377.615234,282861
107,20377.615234,285553
108,20377.615234,288238
109,20377.615234,290926
110,20377.615234,293605
111,20377.615234,296281
112,20377.615234,298956
113,20377.615234,301643
114,20377.615234,304337
115,20377.615234,307027
116,20377.615234,309719
117,20377.615234,312394
118,20377.615234,315084
119,20377.615234,317778
120,20377.615234,320467
121,20377.615234,323160
122,20377.615234,325841
123,20377.615234,328526
124,20377.615234,331216
125,20377.615234,333905
126,20377.615234,336563
127,20377.615234,339236
128,20377.615234,341928
129,20377.615234,344610
130,20377.615234,347301
131,20377.615234,349977
132,20377.615234,352671
133,20377.615234,355365
134,20377.615234,358037
135,20377.615234,360706
136,20377.615234,363399
137,20377.615234,366091
138,20377.615234,368785
139,20377.615234,371478
140,20377.615234,374169
141,20377.615234,376860
142,20377.615234,379544
143,20377.615234,382231
144,20377.615234,384920
145,20377.615234,387605
146,20377.615234,390289
147,20377.615234,392979
148,20377.615234,395668
149,20377.615234,398348
150,20377.615234,401033
151,20377.615234,403726
152,20377.615234,406409
153,20377.615234,409100
154,20377.615234,411787
155,20377.615234,414473
156,20377.615234,417160
157,20377.615234,419851
158,20377.615234,422543
159,20377.615234,425231
160,20377.615234,427914
161,20377.615234,430608
162,20377.615234,433291
163,20377.615234,435971
164,20377.615234,438665
165,20377.615234,441357
166,20377.615234,444050
167,20377.615234,446726
168,20377.615234,449391
169,20377.615234,452081
170,20377.615234,454767
171,20377.615234,457459
172,20377.615234,460149
173,20377.615234,462843
174,20377.615234,465522
175,20377.615234,468210
176,20377.615234,470891
177,20377.615234,473571
178,20377.615234,476263
179,20377.615234,478949
180,20377.615234,481624
181,20377.615234,484305
182,20377.615234,486988
183,20377.615234,489672
184,20377.615234,492353
185,20377.615234,495046
186,20377.615234,497725
187,20377.615234,500412
188,20377.615234,503104
189,20377.615234,505785
190,20377.615234,508475
191,20377.615234,511160
192,20377.615234,513852
193,20377.615234,516530
194,20377.615234,519218
195,20377.615234,521886
196,20377.615234,524575
197,20377.615234,527264
198,20377.615234,529956
199,20377.615234,532628
200,20377.615234,535307
201,20377.615234,537995
202,20377.615234,540689
203,20377.615234,543379
204,20377.615234,546071
205,20377.615234,548764
206,20377.615234,551455
207,20377.615234,554143
208,20377.615234,556831
209,20377.615234,559518
210,20377.615234,562203
211,20377.615234,564890
212,20377.615234,567583
213,20377.615234,570276
214,20377.615234,572957
215,20377.615234,575641
216,20377.615234,578334
217,20377.615234,581028
218,20377.615234,583709
219,20377.615234,586403
220,20377.615234,589078
221,20377.615234,591766
222,20377.615234,594447
223,20377.615234,597123
224,20377.615234,599817
225,20377.615234,602501
226,20377.615234,605186
227,20377.615234,607862
228,20377.615234,610539
229,20377.615234,613230
230,20377.615234,615913
231,20377.615234,618593
232,20377.615234,621284
233,20377.615234,623966
234,20377.615234,626655
235,20377.615234,629333
236,20377.615234,632027
237,20377.615234,634719
238,20377.615234,637413
239,20377.615234,640083
240,20377.615234,642762
241,20377.615234,645440
242,20377.615234,648131
243,20377.615234,650818
244,20377.615234,653497
245,20377.615234,656188
246,20377.615234,658863
247,20377.615234,661535
248,20377.615234,664228
249,20377.615234,666915
250,20377.615234,669603
251,20377.615234,672297
252,20377.615234,674989
253,20377.615234,677679
254,20377.615234,680366
255,20377.615234,683057
256,20377.615234,685751
257,20377.615234,688436
258,20377.615234,691105
259,20377.615234,693789
260,20377.615234,696481
261,20377.615234,699175
262,20377.615234,701859
263,20377.615234,704523
264,20377.615234,707216
265,20377.615234,709898
266,20377.615234,712575
267,20377.615234,715248
268,20377.615234,717929
269,20377.615234,720609
270,20377.615234,723300
271,20377.615234,725979
272,20377.615234,728654
273,20377.615234,731341
20377.615234,159.592397
1,20378.302734,2399
2,20378.064453,4974
3,20377.964844,7549
4,20377.964844,10123
5,20377.964844,12697
6,20377.964844,15272
7,20377.964844,17847
8,20377.964844,20420
9,20377.964844,22995
10,20377.964844,25565
11,20377.964844,28139
12,20377.964844,30713
13,20377.964844,33277
14,20377.964844,35852
15,20377.964844,38425
16,20377.964844,41000
17,20377.964844,43569
18,20377.964844,46144
19,20377.964844,48717
20,20377.964844,51291
21,20377.964844,53866
22,20377.964844,56432
23,20377.964844,58985
24,20377.964844,61443
25,20377.964844,63879
26,20377.964844,66304
27,20377.964844,68718
28,20377.964844,71162
29,20377.964844,73584
30,20377.964844,75998
31,20377.964844,78408
32,20377.964844,80815
33,20377.964844,83330
34,20377.964844,85808
35,20377.964844,88279
36,20377.964844,90756
37,20377.964844,93207
38,20377.964844,95650
39,20377.964844,98091
40,20377.964844,100532
41,20377.964844,102966
42,20377.964844,105397
43,20377.964844,107826
44,20377.964844,110251
45,20377.964844,112666
46,20377.964844,115082
47,20377.964844,117493
48,20377.964844,119900
49,20377.964844,122305
50,20377.964844,124708
51,20377.964844,127109
52,20377.964844,129512
53,20377.964844,131913
54,20377.964844,134313
55,20377.964844,136713
56,20377.964844,139113
57,20377.964844,141513
58,20377.964844,143913
59,20377.964844,146313
60,20377.964844,148713
61,20377.964844,151113
62,20377.964844,153513
63,20377.964844,155913
64,20377.964844,158313
65,20377.964844,160713
66,20377.964844,163113
67,20377.964844,165513
68,20377.964844,167913
69,20377.964844,170313
70,20377.964844,172713
71,20377.964844,175113
72,20377.964844,177513
73,20377.964844,179913
74,20377.964844,182313
75,20377.964844,184713
76,20377.964844,187113
77,20377.964844,189513
78,20377.964844,191913
79,20377.964844,194313
80,20377.964844,196713
81,20377.964844,199113
82,20377.964844,201513
83,20377.964844,203913
84,20377.964844,206313
85,20377.964844,208713
86,20377.964844,211113
87,20377.964844,213513
88,20377.964844,215913
89,20377.964844,218313
90,20377.964844,220713
91,20377.964844,223113
92,20377.964844,225513
93,20377.964844,227913
94,20377.964844,230313
95,20377.964844,232713
96,20377.964844,235113
97,20377.964844,237513
98,20377.964844,239913
99,20377.964844,242313
100,20377.964844,244713
101,20377.964844,247113
102,20377.964844,249513
103,20377.964844,251913
104,20377.964844,254313
105,20377.964844,256713
106,20377.964844,259113
107,20377.964844,261513
108,20377.964844,263913
109,20377.964844,266313
110,20377.964844,268713
111,20377.964844,271113
112,20377.964844,273513
113,20377.964844,275913
114,20377.964844,278313
115,20377.964844,280714
116,20377.964844,283116
117,20377.964844,285517
118,20377.964844,287918
119,20377.964844,290318
120,20377.964844,292718
121,20377.964844,295119
122,20377.964844,297519
123,20377.964844,299919
124,20377.964844,302319
125,20377.964844,304719
126,20377.964844,307119
127,20377.964844,309519
128,20377.964844,311919
129,20377.964844,314319
130,20377.964844,316719
131,20377.964844,319119
132,20377.964844,321519
133,20377.964844,323919
134,20377.964844,326319
135,20377.964844,328719
136,20377.964844,331119
137,20377.964844,333519
138,20377.964844,335919
139,20377.964844,338319
140,20377.964844,340719
141,20377.964844,343119
142,20377.964844,345519
143,20377.964844,347919
144,20377.964844,350319
145,20377.964844,352719
146,20377.964844,355119
147,20377.964844,357519
148,20377.964844,359919
149,20377.964844,362319
150,20377.964844,364719
151,20377.964844,367119
152,20377.964844,369519
153,20377.964844,371919
154,20377.964844,374319
155,20377.964844,376719
156,20377.964844,379119
157,20377.964844,381519
158,20377.964844,383919
159,20377.964844,386319
160,20377.964844,388719
161,20377.964844,391119
162,20377.964844,393519
163,20377.964844,395919
164,20377.964844,398319
165,20377.964844,400719
166,20377.964844,403119
167,20377.964844,405519
168,20377.964844,407919
169,20377.964844,410319
170,20377.964844,412719
171,20377.964844,415119
172,20377.964844,417519
173,20377.964844,419919
174,20377.964844,422319
175,20377.964844,424719
176,20377.964844,427119
177,20377.964844,429519
178,20377.964844,431919
179,20377.964844,434319
180,20377.964844,436719
181,20377.964844,439119
182,20377.964844,441519
183,20377.964844,443919
184,20377.964844,446319
185,20377.964844,448719
186,20377.964844,451119
187,20377.964844,453519
188,20377.964844,455919
189,20377.964844,458319
190,20377.964844,460719
191,20377.964844,463119
192,20377.964844,465519
193,20377.964844,467919
194,20377.964844,470319
195,20377.964844,472719
196,20377.964844,475119
197,20377.964844,477519
198,20377.964844,479919
199,20377.964844,482319
200,20377.964844,484719
201,20377.964844,487119
202,20377.964844,489519
203,20377.964844,491919
204,20377.964844,494319
205,20377.964844,496719
206,20377.964844,499119
207,20377.964844,501519
208,20377.964844,503919
209,20377.964844,506319
210,20377.964844,508719
211,20377.964844,511119
212,20377.964844,513519
213,20377.964844,515919
214,20377.964844,518319
215,20377.964844,520719
216,20377.964844,523119
217,20377.964844,525519
218,20377.964844,527919
219,20377.964844,530319
220,20377.964844,532719
221,20377.964844,535119
222,20377.964844,537519
223,20377.964844,539919
224,20377.964844,542319
225,20377.964844,544719
226,20377.964844,547119
227,20377.964844,549519
228,20377.964844,551919
229,20377.964844,554319
230,20377.964844,556719
231,20377.964844,559119
232,20377.964844,561519
233,20377.964844,563919
234,20377.964844,566319
235,20377.964844,568719
236,20377.964844,571119
237,20377.964844,573519
238,20377.964844,575919
239,20377.964844,578319
240,20377.964844,580719
241,20377.964844,583119
242,20377.964844,585519
243,20377.964844,587919
244,20377.964844,590319
245,20377.964844,592719
246,20377.964844,595119
247,20377.964844,597519
248,20377.964844,599919
249,20377.964844,602319
250,20377.964844,604719
251,20377.964844,607119
252,20377.964844,609519
253,20377.964844,611919
254,20377.964844,614319
255,20377.964844,616719
256,20377.964844,619119
257,20377.964844,621519
258,20377.964844,623919
259,20377.964844,626319
260,20377.964844,628719
261,20377.964844,631119
262,20377.964844,633519
263,20377.964844,635919
264,20377.964844,638319
265,20377.964844,640719
266,20377.964844,643119
267,20377.964844,645519
268,20377.964844,647919
269,20377.964844,650319
270,20377.964844,652719
271,20377.964844,655119
272,20377.964844,657519
273,20377.964844,659919
274,20377.964844,662319
275,20377.964844,664719
276,20377.964844,667119
277,20377.964844,669519
278,20377.964844,671919
279,20377.964844,674319
280,20377.964844,676719
281,20377.964844,679120
282,20377.964844,681520
283,20377.964844,683920
284,20377.964844,686320
285,20377.964844,688721
286,20377.964844,691122
287,20377.964844,693522
288,20377.964844,695922
289,20377.964844,698323
290,20377.964844,700723
291,20377.964844,703124
292,20377.964844,705525
293,20377.964844,707926
294,20377.964844,710327
295,20377.964844,712728
296,20377.964844,715128
297,20377.964844,717529
298,20377.964844,719929
299,20377.964844,722329
300,20377.964844,724729
301,20377.964844,727129
302,20377.964844,729529
303,20377.964844,731929
20377.964844,150.631124
