1,20378.011719,2399
2,20378.011719,5148
3,20378.011719,7897
4,20378.011719,10646
5,20378.011719,13385
6,20378.011719,16134
7,20378.011719,18881
8,20378.011719,21599
9,20378.011719,24348
10,20377.916016,27090
11,20377.916016,29801
12,20377.916016,32550
13,20377.916016,35265
14,20377.916016,38010
15,20377.916016,40759
16,20377.916016,43506
17,20377.916016,46225
18,20377.916016,48945
19,20377.916016,51677
20,20377.916016,54415
21,20377.916016,57135
22,20377.916016,59880
23,20377.916016,62623
24,20377.916016,65371
25,20377.916016,68120
26,20377.916016,70869
27,20377.916016,73610
28,20377.916016,76357
29,20377.916016,79106
30,20377.916016,81735
31,20377.916016,84272
32,20377.916016,86939
33,20377.916016,89549
34,20377.916016,92061
35,20377.916016,94538
36,20377.916016,97011
37,20377.916016,99456
38,20377.916016,101904
39,20377.916016,104347
40,20377.916016,106776
41,20377.916016,109215
42,20377.916016,111639
43,20377.916016,114063
44,20377.916016,116503
45,20377.916016,118917
46,20377.916016,121333
47,20377.916016,123761
48,20377.916016,126193
49,20377.916016,128616
50,20377.916016,131225
51,20377.916016,133890
52,20377.916016,136550
53,20377.916016,139187
54,20377.916016,141800
55,20377.916016,144331
56,20377.916016,146823
57,20377.916016,149294
58,20377.916016,151758
59,20377.916016,154202
60,20377.916016,156639
61,20377.916016,159073
62,20377.916016,161501
63,20377.916016,163929
64,20377.916016,166357
65,20377.916016,168776
66,20377.916016,171193
67,20377.916016,173610
68,20377.916016,176024
69,20377.916016,178456
70,20377.916016,180875
71,20377.916016,183301
72,20377.916016,185715
73,20377.916016,188147
74,20377.916016,190570
75,20377.916016,192987
76,20377.916016,195429
77,20377.916016,197852
78,20377.916016,200272
79,20377.916016,202694
80,20377.916016,205112
81,20377.916016,207524
82,20377.916016,209943
83,20377.916016,212377
84,20377.916016,214792
85,20377.916016,217208
86,20377.916016,219632
87,20377.916016,222051
88,20377.916016,224470
89,20377.916016,226882
90,20377.916016,229293
91,20377.916016,231951
92,20377.916016,234616
93,20377.916016,237226
94,20377.916016,239742
95,20377.916016,242236
96,20377.916016,244728
97,20377.916016,247194
98,20377.916016,249646
99,20377.916016,252091
100,20377.916016,254521
101,20377.916016,256953
102,20377.916016,259377
103,20377.916016,261790
104,20377.916016,264203
105,20377.916016,266648
106,20377.916016,269122
107,20377.916016,271555
108,20377.916016,273997
109,20377.916016,276424
110,20377.916016,278844
111,20377.916016,281259
112,20377.916016,283679
113,20377.916016,286093
114,20377.916016,288507
115,20377.916016,290917
116,20377.916016,293326
117,20377.916016,295735
118,20377.916016,298142
119,20377.916016,300547
120,20377.916016,302952
121,20377.916016,305354
122,20377.916016,307971
123,20377.916016,310559
124,20377.916016,313083
125,20377.916016,315586
126,20377.916016,318088
127,20377.916016,320553
128,20377.916016,322998
129,20377.916016,325446
130,20377.916016,327880
131,20377.916016,330313
132,20377.916016,332734
133,20377.916016,335153
134,20377.916016,337573
135,20377.916016,339986
136,20377.916016,342392
137,20377.916016,344804
138,20377.916016,347210
139,20377.916016,349836
140,20377.916016,352325
141,20377.916016,354796
142,20377.916016,357284
143,20377.916016,359774
144,20377.916016,362241
145,20377.916016,364690
146,20377.916016,367137
147,20377.916016,369572
148,20377.916016,371994
149,20377.916016,374411
150,20377.916016,376832
151,20377.916016,379249
152,20377.916016,381662
153,20377.916016,384073
154,20377.916016,386479
155,20377.916016,388888
156,20377.916016,391295
157,20377.916016,393700
158,20377.916016,396105
159,20377.916016,398507
160,20377.916016,400927
161,20377.916016,403357
162,20377.916016,405777
163,20377.916016,408212
164,20377.916016,410634
165,20377.916016,413063
166,20377.916016,415705
167,20377.916016,418215
168,20377.916016,420687
169,20377.916016,423154
170,20377.916016,425610
171,20377.916016,428050
172,20377.916016,430485
173,20377.916016,432914
174,20377.916016,435341
175,20377.916016,437757
176,20377.916016,440178
177,20377.916016,442591
178,20377.916016,445005
179,20377.916016,447432
180,20377.916016,449868
181,20377.916016,452291
182,20377.916016,454727
183,20377.916016,457176
184,20377.916016,459621
185,20377.916016,462052
186,20377.916016,464485
187,20377.916016,467144
188,20377.916016,469640
189,20377.916016,472128
190,20377.916016,474600
191,20377.916016,477074
192,20377.916016,479535
193,20377.916016,481990
194,20377.916016,484424
195,20377.916016,486861
196,20377.916016,489288
197,20377.916016,491716
198,20377.916016,494140
199,20377.916016,496558
200,20377.916016,498968
201,20377.916016,501380
202,20377.916016,503792
203,20377.916016,506204
204,20377.916016,508614
205,20377.916016,511028
206,20377.916016,513434
207,20377.916016,515848
208,20377.916016,518257
209,20377.916016,520673
210,20377.916016,523184
211,20377.916016,525627
212,20377.916016,528138
213,20377.916016,530635
214,20377.916016,533084
215,20377.916016,535527
216,20377.916016,537968
217,20377.916016,540403
218,20377.916016,542844
219,20377.916016,545276
220,20377.916016,547703
221,20377.916016,550124
222,20377.916016,552546
223,20377.916016,554968
224,20377.916016,557387
225,20377.916016,559800
226,20377.916016,562216
227,20377.916016,564630
228,20377.916016,567039
229,20377.916016,569443
230,20377.916016,571848
231,20377.916016,574266
232,20377.916016,576685
233,20377.916016,579099
234,20377.916016,581506
235,20377.916016,583952
236,20377.916016,586400
237,20377.916016,588845
238,20377.916016,591303
239,20377.916016,593757
240,20377.916016,596192
241,20377.916016,598633
242,20377.916016,601068
243,20377.916016,603498
244,20377.916016,605928
245,20377.916016,608350
246,20377.916016,610771
247,20377.916016,613425
248,20377.916016,616121
249,20377.916016,618804
250,20377.916016,621388
251,20377.916016,623922
252,20377.916016,626428
253,20377.916016,628909
254,20377.916016,631373
255,20377.916016,633821
256,20377.916016,636261
257,20377.916016,638697
258,20377.916016,641138
259,20377.916016,643568
260,20377.916016,646003
261,20377.916016,648449
262,20377.916016,650912
263,20377.916016,653357
264,20377.916016,655794
265,20377.916016,658227
266,20377.916016,660653
267,20377.916016,663078
268,20377.916016,665496
269,20377.916016,667951
270,20377.916016,670375
271,20377.916016,672875
272,20377.916016,675342
273,20377.916016,677830
274,20377.916016,680293
275,20377.916016,682763
276,20377.916016,685488
277,20377.916016,688078
278,20377.916016,690588
279,20377.916016,693075
280,20377.916016,695534
281,20377.916016,697982
282,20377.916016,700422
283,20377.916016,702853
284,20377.916016,705283
285,20377.916016,707706
286,20377.916016,710122
287,20377.916016,712541
288,20377.916016,714955
289,20377.916016,717369
290,20377.916016,719786
291,20377.916016,722198
292,20377.916016,724622
293,20377.916016,727034
294,20377.916016,729448
295,20377.916016,731860
20377.916016,155.425513
1,20378.791016,2399
2,20377.917969,5068
3,20377.917969,7737
4,20377.917969,10406
5,20377.917969,13073
6,20377.751953,15741
7,20377.751953,18409
8,20377.751953,21078
9,20377.751953,23746
10,20377.751953,26411
11,20377.751953,29080
12,20377.751953,31744
13,20377.751953,34413
14,20377.751953,37048
15,20377.751953,39716
16,20377.751953,42385
17,20377.751953,45048
18,20377.751953,47709
19,20377.751953,50378
20,20377.751953,53041
21,20377.751953,55700
22,20377.751953,58369
23,20377.751953,61035
24,20377.751953,63704
25,20377.751953,66370
26,20377.751953,68976
27,20377.751953,71596
28,20377.751953,74124
29,20377.751953,76783
30,20377.751953,79398
31,20377.751953,82014
32,20377.751953,84544
33,20377.751953,87096
34,20377.751953,89673
35,20377.751953,92248
36,20377.751953,94819
37,20377.751953,97337
38,20377.751953,99815
39,20377.751953,102281
40,20377.751953,104735
41,20377.751953,107178
42,20377.751953,109615
43,20377.751953,112040
44,20377.751953,114463
45,20377.751953,116918
46,20377.751953,119413
47,20377.751953,121875
48,20377.751953,124310
49,20377.751953,126740
50,20377.751953,129165
51,20377.751953,131582
52,20377.751953,133990
53,20377.751953,136400
54,20377.751953,138809
55,20377.751953,141215
56,20377.751953,143623
57,20377.751953,146031
58,20377.751953,148437
59,20377.751953,150840
60,20377.751953,153245
61,20377.751953,155647
62,20377.751953,158050
63,20377.751953,160455
64,20377.751953,162860
65,20377.751953,165264
66,20377.751953,167666
67,20377.751953,170066
68,20377.751953,172466
69,20377.751953,174866
70,20377.751953,177266
71,20377.751953,179666
72,20377.751953,182066
73,20377.751953,184466
74,20377.751953,186866
75,20377.751953,189266
76,20377.751953,191711
77,20377.751953,194128
78,20377.751953,196539
79,20377.751953,198945
80,20377.751953,201349
81,20377.751953,203752
82,20377.751953,206154
83,20377.751953,208556
84,20377.751953,210957
85,20377.751953,213358
86,20377.751953,215759
87,20377.751953,218160
88,20377.751953,220561
89,20377.751953,222962
90,20377.751953,225362
91,20377.751953,227762
92,20377.751953,230162
93,20377.751953,232562
94,20377.751953,234962
95,20377.751953,237362
96,20377.751953,239762
97,20377.751953,242162
98,20377.751953,244562
99,20377.751953,246962
100,20377.751953,249362
101,20377.751953,251762
102,20377.751953,254162
103,20377.751953,256562
104,20377.751953,258963
105,20377.751953,261404
106,20377.751953,263868
107,20377.751953,266352
108,20377.751953,268858
109,20377.751953,271321
110,20377.751953,273773
111,20377.751953,276214
112,20377.751953,278648
113,20377.751953,281077
114,20377.751953,283507
115,20377.751953,285925
116,20377.751953,288338
117,20377.751953,290747
118,20377.751953,293154
119,20377.751953,295559
120,20377.751953,297963
121,20377.751953,300367
122,20377.751953,302771
123,20377.751953,305174
124,20377.751953,307575
125,20377.751953,309975
126,20377.751953,312376
127,20377.751953,314777
128,20377.751953,317178
129,20377.751953,319578
130,20377.751953,321978
131,20377.751953,324379
132,20377.751953,326780
133,20377.751953,329181
134,20377.751953,331583
135,20377.751953,333983
136,20377.751953,336383
137,20377.751953,338783
138,20377.751953,341183
139,20377.751953,343583
140,20377.751953,345983
141,20377.751953,348383
142,20377.751953,350784
143,20377.751953,353220
144,20377.751953,355685
145,20377.751953,358164
146,20377.751953,360803
147,20377.751953,363394
148,20377.751953,365926
149,20377.751953,368470
150,20377.751953,371001
151,20377.751953,373521
152,20377.751953,376008
153,20377.751953,378464
154,20377.751953,380914
155,20377.751953,383354
156,20377.751953,385783
157,20377.751953,388208
158,20377.751953,390633
159,20377.751953,393051
160,20377.751953,395463
161,20377.751953,397874
162,20377.751953,400279
163,20377.751953,402684
164,20377.751953,405134
165,20377.751953,407564
166,20377.751953,409995
167,20377.751953,412422
168,20377.751953,414890
169,20377.751953,417351
170,20377.751953,419816
171,20377.751953,422321
172,20377.751953,424812
173,20377.751953,427341
174,20377.751953,429868
175,20377.751953,432513
176,20377.751953,435161
177,20377.751953,437826
178,20377.751953,440485
179,20377.751953,443135
180,20377.751953,445763
181,20377.751953,448428
182,20377.751953,450990
183,20377.751953,453521
184,20377.751953,456071
185,20377.751953,458654
186,20377.751953,461231
187,20377.751953,463816
188,20377.751953,466411
189,20377.751953,469022
190,20377.751953,471630
191,20377.751953,474208
192,20377.751953,476771
193,20377.751953,479315
194,20377.751953,481874
195,20377.751953,484426
196,20377.751953,487075
197,20377.751953,489666
198,20377.751953,492263
199,20377.751953,494845
200,20377.751953,497429
201,20377.751953,500040
202,20377.751953,502658
203,20377.751953,505221
204,20377.751953,507808
205,20377.751953,510396
206,20377.751953,512969
207,20377.751953,515542
208,20377.751953,518082
209,20377.751953,520648
210,20377.751953,523202
211,20377.751953,525764
212,20377.751953,528334
213,20377.751953,530895
214,20377.751953,533437
215,20377.751953,535997
216,20377.751953,538573
217,20377.751953,541209
218,20377.751953,543863
219,20377.751953,546525
220,20377.751953,549175
221,20377.751953,551797
222,20377.751953,554459
223,20377.751953,557116
224,20377.751953,559697
225,20377.751953,562303
226,20377.751953,564884
227,20377.751953,567463
228,20377.751953,570039
229,20377.751953,572617
230,20377.751953,575164
231,20377.751953,577737
232,20377.751953,580321
233,20377.751953,582908
234,20377.751953,585448
235,20377.751953,588004
236,20377.751953,590567
237,20377.751953,593136
238,20377.751953,595679
239,20377.751953,598250
240,20377.751953,600908
241,20377.751953,603466
242,20377.751953,606056
243,20377.751953,608637
244,20377.751953,611225
245,20377.751953,613822
246,20377.751953,616399
247,20377.751953,618976
248,20377.751953,621554
249,20377.751953,624105
250,20377.751953,626672
251,20377.751953,629248
252,20377.751953,631809
253,20377.751953,634384
254,20377.751953,636960
255,20377.751953,639554
256,20377.751953,642121
257,20377.751953,644708
258,20377.751953,647251
259,20377.751953,649785
260,20377.751953,652358
261,20377.751953,654934
262,20377.751953,657509
263,20377.751953,660083
264,20377.751953,662670
265,20377.751953,665322
266,20377.751953,667955
267,20377.751953,670584
268,20377.751953,673210
269,20377.751953,675819
270,20377.751953,678418
271,20377.751953,681017
272,20377.751953,683630
273,20377.751953,686220
274,20377.751953,688828
275,20377.751953,691470
276,20377.751953,694096
277,20377.751953,696679
278,20377.751953,699252
279,20377.751953,701812
280,20377.751953,704401
281,20377.751953,707001
282,20377.751953,709661
283,20377.751953,712325
284,20377.751953,714939
285,20377.751953,717588
286,20377.751953,720230
287,20377.751953,722853
288,20377.751953,725463
289,20377.751953,728067
290,20377.751953,730656
20377.751953,151.242655
1,20378.974609,2399
2,20378.275391,5164
3,20378.275391,7929
4,20378.275391,10694
5,20378.275391,13453
6,20378.275391,16180
7,20378.242188,18942
8,20378.205078,21702
9,20378.205078,24432
10,20377.964844,27197
11,20377.964844,29934
12,20377.964844,32655
13,20377.964844,35420
14,20377.964844,38153
15,20377.964844,40905
16,20377.964844,43648
17,20377.964844,46413
18,20377.964844,49177
19,20377.964844,51936
20,20377.964844,54701
21,20377.964844,57433
22,20377.964844,60192
23,20377.964844,62926
24,20377.964844,65647
25,20377.964844,68402
26,20377.964844,71078
27,20377.964844,73743
28,20377.964844,76483
29,20377.964844,79155
30,20377.964844,81765
31,20377.964844,84334
32,20377.964844,86883
33,20377.964844,89417
34,20377.964844,91915
35,20377.964844,94387
36,20377.964844,96840
37,20377.964844,99297
38,20377.964844,101741
39,20377.964844,104191
40,20377.964844,106628
41,20377.964844,109060
42,20377.964844,111495
43,20377.964844,113912
44,20377.964844,116325
45,20377.964844,118741
46,20377.964844,121151
47,20377.964844,123557
48,20377.964844,125962
49,20377.964844,128371
50,20377.964844,130779
51,20377.964844,133182
52,20377.964844,135585
53,20377.964844,137989
54,20377.964844,140391
55,20377.964844,142792
56,20377.964844,145194
57,20377.964844,147594
58,20377.964844,149995
59,20377.964844,152396
60,20377.964844,154797
61,20377.964844,157197
62,20377.964844,159597
63,20377.964844,161997
64,20377.964844,164397
65,20377.964844,166797
66,20377.964844,169197
67,20377.964844,171597
68,20377.964844,173997
69,20377.964844,176397
70,20377.964844,178797
71,20377.964844,181197
72,20377.964844,183597
73,20377.964844,185997
74,20377.964844,188397
75,20377.964844,190797
76,20377.964844,193197
77,20377.964844,195597
78,20377.964844,197997
79,20377.964844,200397
80,20377.964844,202797
81,20377.964844,205197
82,20377.964844,207597
83,20377.964844,209997
84,20377.964844,212397
85,20377.964844,214797
86,20377.964844,217197
87,20377.964844,219597
88,20377.964844,221997
89,20377.964844,224398
90,20377.964844,226799
91,20377.964844,229200
92,20377.964844,231600
93,20377.964844,234000
94,20377.964844,236400
95,20377.964844,238800
96,20377.964844,241200
97,20377.964844,243600
98,20377.964844,246000
99,20377.964844,248400
100,20377.964844,250800
101,20377.964844,253200
102,20377.964844,255600
103,20377.964844,258000
104,20377.964844,260400
105,20377.964844,262800
106,20377.964844,265200
107,20377.964844,267601
108,20377.964844,270002
109,20377.964844,272403
110,20377.964844,274805
111,20377.964844,277207
112,20377.964844,279610
113,20377.964844,282012
114,20377.964844,284414
115,20377.964844,286815
116,20377.964844,289216
117,20377.964844,291617
118,20377.964844,294018
119,20377.964844,296418
120,20377.964844,298818
121,20377.964844,301218
122,20377.964844,303618
123,20377.964844,306018
124,20377.964844,308418
125,20377.964844,310818
126,20377.964844,313218
127,20377.964844,315618
128,20377.964844,318018
129,20377.964844,320418
130,20377.964844,322818
131,20377.964844,325218
132,20377.964844,327618
133,20377.964844,330019
134,20377.964844,332420
135,20377.964844,334822
136,20377.964844,337223
137,20377.964844,339624
138,20377.964844,342024
139,20377.964844,344424
140,20377.964844,346824
141,20377.964844,349225
142,20377.964844,351625
143,20377.964844,354026
144,20377.964844,356428
145,20377.964844,358829
146,20377.964844,361230
147,20377.964844,363632
148,20377.964844,366034
149,20377.964844,368437
150,20377.964844,370840
151,20377.964844,373242
152,20377.964844,375644
153,20377.964844,378046
154,20377.964844,380447
155,20377.964844,382848
156,20377.964844,385249
157,20377.964844,387650
158,20377.964844,390051
159,20377.964844,392452
160,20377.964844,394853
161,20377.964844,397253
162,20377.964844,399654
163,20377.964844,402054
164,20377.964844,404454
165,20377.964844,406855
166,20377.964844,409255
167,20377.964844,411658
168,20377.964844,414059
169,20377.964844,416459
170,20377.964844,418861
171,20377.964844,421262
172,20377.964844,423664
173,20377.964844,426064
174,20377.964844,428465
175,20377.964844,430867
176,20377.964844,433269
177,20377.964844,435671
178,20377.964844,438072
179,20377.964844,440473
180,20377.964844,442874
181,20377.964844,445275
182,20377.964844,447676
183,20377.964844,450077
184,20377.964844,452477
185,20377.964844,454877
186,20377.964844,457277
187,20377.964844,459677
188,20377.964844,462077
189,20377.964844,464477
190,20377.964844,466877
191,20377.964844,469277
192,20377.964844,471678
193,20377.964844,474078
194,20377.964844,476478
195,20377.964844,478878
196,20377.964844,481279
197,20377.964844,483680
198,20377.964844,486081
199,20377.964844,488482
200,20377.964844,490884
201,20377.964844,493286
202,20377.964844,495687
203,20377.964844,498087
204,20377.964844,500487
205,20377.964844,502887
206,20377.964844,505288
207,20377.964844,507688
208,20377.964844,510089
209,20377.964844,512489
210,20377.964844,514889
211,20377.964844,517289
212,20377.964844,519689
213,20377.964844,522089
214,20377.964844,524489
215,20377.964844,526889
216,20377.964844,529289
217,20377.964844,531689
218,20377.964844,534089
219,20377.964844,536489
220,20377.964844,538889
221,20377.964844,541290
222,20377.964844,543691
223,20377.964844,546091
224,20377.964844,548491
225,20377.964844,550891
226,20377.964844,553291
227,20377.964844,555691
228,20377.964844,558091
229,20377.964844,560491
230,20377.964844,562891
231,20377.964844,565291
232,20377.964844,567691
233,20377.964844,570091
234,20377.964844,572491
235,20377.964844,574891
236,20377.964844,577291
237,20377.964844,579691
238,20377.964844,582091
239,20377.964844,584491
240,20377.964844,586891
241,20377.964844,589291
242,20377.964844,591691
243,20377.964844,594091
244,20377.964844,596491
245,20377.964844,598891
246,20377.964844,601291
247,20377.964844,603692
248,20377.964844,606093
249,20377.964844,608495
250,20377.964844,610897
251,20377.964844,613297
252,20377.964844,615697
253,20377.964844,618097
254,20377.964844,620497
255,20377.964844,622897
256,20377.964844,625297
257,20377.964844,627697
258,20377.964844,630097
259,20377.964844,632497
260,20377.964844,634897
261,20377.964844,637297
262,20377.964844,639697
263,20377.964844,642097
264,20377.964844,644497
265,20377.964844,646898
266,20377.964844,649298
267,20377.964844,651698
268,20377.964844,654098
269,20377.964844,656498
270,20377.964844,658898
271,20377.964844,661298
272,20377.964844,663698
273,20377.964844,666098
274,20377.964844,668499
275,20377.964844,670900
276,20377.964844,673301
277,20377.964844,675701
278,20377.964844,678101
279,20377.964844,680501
280,20377.964844,682901
281,20377.964844,685301
282,20377.964844,687701
283,20377.964844,690101
284,20377.964844,692501
285,20377.964844,694901
286,20377.964844,697301
287,20377.964844,699701
288,20377.964844,702101
289,20377.964844,704501
290,20377.964844,706901
291,20377.964844,709301
292,20377.964844,711701
293,20377.964844,714102
294,20377.964844,716502
295,20377.964844,718902
296,20377.964844,721302
297,20377.964844,723702
298,20377.964844,726102
299,20377.964844,728502
300,20377.964844,730902
20377.964844,149.281552
1,20378.542969,2399
2,20378.281250,5186
3,20378.281250,7973
4,20378.281250,10760
5,20378.281250,13547
6,20377.615234,16334
7,20377.615234,19081
8,20377.615234,21868
9,20377.615234,24654
10,20377.615234,27392
11,20377.615234,30179
12,20377.615234,32947
13,20377.615234,35698
14,20377.615234,38456
15,20377.615234,41238
16,20377.615234,44005
17,20377.615234,46757
18,20377.615234,49535
19,20377.615234,52317
20,20377.615234,55095
21,20377.615234,57882
22,20377.615234,60655
23,20377.615234,63440
24,20377.615234,66226
25,20377.615234,69013
26,20377.615234,71773
27,20377.615234,74552
28,20377.615234,77312
29,20377.615234,80057
30,20377.615234,82720
31,20377.615234,85341
32,20377.615234,88030
33,20377.615234,90636
34,20377.615234,93333
35,20377.615234,96017
36,20377.615234,98577
37,20377.615234,101069
38,20377.615234,103529
39,20377.615234,105965
40,20377.615234,108390
41,20377.615234,110803
42,20377.615234,113213
43,20377.615234,115620
44,20377.615234,118025
45,20377.615234,120428
46,20377.615234,122831
47,20377.615234,125235
48,20377.615234,127636
49,20377.615234,130037
50,20377.615234,132439
51,20377.615234,134840
52,20377.615234,137241
53,20377.615234,139642
54,20377.615234,142042
55,20377.615234,144442
56,20377.615234,146842
57,20377.615234,149243
58,20377.615234,151644
59,20377.615234,154044
60,20377.615234,156444
61,20377.615234,158844
62,20377.615234,161244
63,20377.615234,163644
64,20377.615234,166044
65,20377.615234,168444
66,20377.615234,170845
67,20377.615234,173246
68,20377.615234,175647
69,20377.615234,178047
70,20377.615234,180447
71,20377.615234,182847
72,20377.615234,185247
73,20377.615234,187647
74,20377.615234,190047
75,20377.615234,192447
76,20377.615234,194847
77,20377.615234,197247
78,20377.615234,199647
79,20377.615234,202047
80,20377.615234,204447
81,20377.615234,206847
82,20377.615234,209248
83,20377.615234,211648
84,20377.615234,214049
85,20377.615234,216450
86,20377.615234,218850
87,20377.615234,221250
88,20377.615234,223651
89,20377.615234,226051
90,20377.615234,228452
91,20377.615234,230853
92,20377.615234,233253
93,20377.615234,235653
94,20377.615234,238053
95,20377.615234,240453
96,20377.615234,242853
97,20377.615234,245253
98,20377.615234,247653
99,20377.615234,250053
100,20377.615234,252453
101,20377.615234,254853
102,20377.615234,257253
103,20377.615234,259653
104,20377.615234,262053
105,20377.615234,264453
106,20377.615234,266853
107,20377.615234,269253
108,20377.615234,271653
109,20377.615234,274053
110,20377.615234,276453
111,20377.615234,278853
112,20377.615234,281253
113,20377.615234,283653
114,20377.615234,286053
115,20377.615234,288453
116,20377.615234,290853
117,20377.615234,293253
118,20377.615234,295654
119,20377.615234,298055
120,20377.615234,300456
121,20377.615234,302857
122,20377.615234,305257
123,20377.615234,307657
124,20377.615234,310057
125,20377.615234,312457
126,20377.615234,314857
127,20377.615234,317257
128,20377.615234,319657
129,20377.615234,322057
130,20377.615234,324457
131,20377.615234,326857
132,20377.615234,329257
133,20377.615234,331657
134,20377.615234,334057
135,20377.615234,336457
136,20377.615234,338857
137,20377.615234,341257
138,20377.615234,343657
139,20377.615234,346057
140,20377.615234,348457
141,20377.615234,350857
142,20377.615234,353257
143,20377.615234,355657
144,20377.615234,358057
145,20377.615234,360457
146,20377.615234,362857
147,20377.615234,365257
148,20377.615234,367657
149,20377.615234,370057
150,20377.615234,372458
151,20377.615234,374859
152,20377.615234,377260
153,20377.615234,379660
154,20377.615234,382060
155,20377.615234,384460
156,20377.615234,386860
157,20377.615234,389260
158,20377.615234,391661
159,20377.615234,394062
160,20377.615234,396463
161,20377.615234,398863
162,20377.615234,401263
163,20377.615234,403663
164,20377.615234,406063
165,20377.615234,408463
166,20377.615234,410863
167,20377.615234,413263
168,20377.615234,415663
169,20377.615234,418063
170,20377.615234,420463
171,20377.615234,422863
172,20377.615234,425263
173,20377.615234,427663
174,20377.615234,430063
175,20377.615234,432463
176,20377.615234,434863
177,20377.615234,437263
178,20377.615234,439663
179,20377.615234,442063
180,20377.615234,444463
181,20377.615234,446863
182,20377.615234,449264
183,20377.615234,451664
184,20377.615234,454064
185,20377.615234,456464
186,20377.615234,458864
187,20377.615234,461264
188,20377.615234,463664
189,20377.615234,466064
190,20377.615234,468464
191,20377.615234,470864
192,20377.615234,473264
193,20377.615234,475664
194,20377.615234,478064
195,20377.615234,480464
196,20377.615234,482864
197,20377.615234,485264
198,20377.615234,487664
199,20377.615234,490064
200,20377.615234,492464
201,20377.615234,494864
202,20377.615234,497264
203,20377.615234,499664
204,20377.615234,502064
205,20377.615234,504464
206,20377.615234,506864
207,20377.615234,509264
208,20377.615234,511664
209,20377.615234,514064
210,20377.615234,516464
211,20377.615234,518864
212,20377.615234,521264
213,20377.615234,523664
214,20377.615234,526064
215,20377.615234,528464
216,20377.615234,530864
217,20377.615234,533264
218,20377.615234,535664
219,20377.615234,538064
220,20377.615234,540465
221,20377.615234,542865
222,20377.615234,545265
223,20377.615234,547665
224,20377.615234,550065
225,20377.615234,552465
226,20377.615234,554865
227,20377.615234,557265
228,20377.615234,559665
229,20377.615234,562065
230,20377.615234,564465
231,20377.615234,566865
232,20377.615234,569265
233,20377.615234,571665
234,20377.615234,574066
235,20377.615234,576468
236,20377.615234,578869
237,20377.615234,581269
238,20377.615234,583670
239,20377.615234,586070
240,20377.615234,588470
241,20377.615234,590870
242,20377.615234,593270
243,20377.615234,595670
244,20377.615234,598070
245,20377.615234,600470
246,20377.615234,602870
247,20377.615234,605270
248,20377.615234,607670
249,20377.615234,610070
250,20377.615234,612470
251,20377.615234,614870
252,20377.615234,617270
253,20377.615234,619670
254,20377.615234,622070
255,20377.615234,624470
256,20377.615234,626870
257,20377.615234,629270
258,20377.615234,631670
259,20377.615234,634070
260,20377.615234,636471
261,20377.615234,638872
262,20377.615234,641273
263,20377.615234,643674
264,20377.615234,646074
265,20377.615234,648474
266,20377.615234,650874
267,20377.615234,653275
268,20377.615234,655676
269,20377.615234,658076
270,20377.615234,660476
271,20377.615234,662876
272,20377.615234,665278
273,20377.615234,667679
274,20377.615234,670079
275,20377.615234,672481
276,20377.615234,674881
277,20377.615234,677281
278,20377.615234,679681
279,20377.615234,682082
280,20377.615234,684482
281,20377.615234,686882
282,20377.615234,689283
283,20377.615234,691683
284,20377.615234,694083
285,20377.615234,696483
286,20377.615234,698883
287,20377.615234,701283
288,20377.615234,703683
289,20377.615234,706083
290,20377.615234,708483
291,20377.615234,710883
292,20377.615234,713283
293,20377.615234,715683
294,20377.615234,718083
295,20377.615234,720483
296,20377.615234,722883
297,20377.615234,725283
298,20377.615234,727683
299,20377.615234,730083
20377.615234,150.892709
1,20378.439453,2399
2,20378.439453,5100
3,20378.439453,7801
4,20378.439453,10502
5,20378.439453,13199
6,20377.964844,15898
7,20377.615234,18598
8,20377.615234,21291
9,20377.615234,23988
10,20377.615234,26689
11,20377.615234,29389
12,20377.615234,32066
13,20377.615234,34767
14,20377.615234,37448
15,20377.615234,40133
16,20377.615234,42807
17,20377.615234,45497
18,20377.615234,48194
19,20377.615234,50883
20,20377.615234,53584
21,20377.615234,56279
22,20377.615234,58980
23,20377.615234,61676
24,20377.615234,64377
25,20377.615234,67076
26,20377.615234,69745
27,20377.615234,72410
28,20377.615234,75108
29,20377.615234,77681
30,20377.615234,80285
31,20377.615234,82789
32,20377.615234,85252
33,20377.615234,87689
34,20377.615234,90111
35,20377.615234,92527
36,20377.615234,94936
37,20377.615234,97339
38,20377.615234,99740
39,20377.615234,102140
40,20377.615234,104540
41,20377.615234,106940
42,20377.615234,109340
43,20377.615234,111740
44,20377.615234,114140
45,20377.615234,116540
46,20377.615234,118940
47,20377.615234,121340
48,20377.615234,123740
49,20377.615234,126140
50,20377.615234,128540
51,20377.615234,130940
52,20377.615234,133340
53,20377.615234,135740
54,20377.615234,138140
55,20377.615234,140540
56,20377.615234,142940
57,20377.615234,145340
58,20377.615234,147740
59,20377.615234,150140
60,20377.615234,152540
61,20377.615234,154940
62,20377.615234,157340
63,20377.615234,159740
64,20377.615234,162140
65,20377.615234,164540
66,20377.615234,166940
67,20377.615234,169340
68,20377.615234,171740
69,20377.615234,174140
70,20377.615234,176540
71,20377.615234,178940
72,20377.615234,181340
73,20377.615234,183740
74,20377.615234,186140
75,20377.615234,188540
76,20377.615234,190940
77,20377.615234,193340
78,20377.615234,195740
79,20377.615234,198140
80,20377.615234,200540
81,20377.615234,202940
82,20377.615234,205340
83,20377.615234,207740
84,20377.615234,210140
85,20377.615234,212540
86,20377.615234,214940
87,20377.615234,217340
88,20377.615234,219740
89,20377.615234,222140
90,20377.615234,224540
91,20377.615234,226940
92,20377.615234,229340
93,20377.615234,231740
94,20377.615234,234140
95,20377.615234,236540
96,20377.615234,238940
97,20377.615234,241340
98,20377.615234,243740
99,20377.615234,246140
100,20377.615234,248540
101,20377.615234,250940
102,20377.615234,253340
103,20377.615234,255740
104,20377.615234,258140
105,20377.615234,260540
106,20377.615234,262940
107,20377.615234,265341
108,20377.615234,267742
109,20377.615234,270143
110,20377.615234,272543
111,20377.615234,274944
112,20377.615234,277345
113,20377.615234,279745
114,20377.615234,282146
115,20377.615234,284546
116,20377.615234,286946
117,20377.615234,289346
118,20377.615234,291746
119,20377.615234,294146
120,20377.615234,296546
121,20377.615234,298946
122,20377.615234,301346
123,20377.615234,303746
124,20377.615234,306146
125,20377.615234,308546
126,20377.615234,310946
127,20377.615234,313346
128,20377.615234,315746
129,20377.615234,318146
130,20377.615234,320546
131,20377.615234,322946
132,20377.615234,325346
133,20377.615234,327746
134,20377.615234,330146
135,20377.615234,332546
136,20377.615234,334946
137,20377.615234,337346
138,20377.615234,339746
139,20377.615234,342146
140,20377.615234,344546
141,20377.615234,346946
142,20377.615234,349346
143,20377.615234,351746
144,20377.615234,354146
145,20377.615234,356546
146,20377.615234,358946
147,20377.615234,361346
148,20377.615234,363746
149,20377.615234,366146
150,20377.615234,368546
151,20377.615234,370946
152,20377.615234,373346
153,20377.615234,375746
154,20377.615234,378146
155,20377.615234,380546
156,20377.615234,382946
157,20377.615234,385346
158,20377.615234,387746
159,20377.615234,390146
160,20377.615234,392546
161,20377.615234,394946
162,20377.615234,397346
163,20377.615234,399746
164,20377.615234,402146
165,20377.615234,404546
166,20377.615234,406946
167,20377.615234,409346
168,20377.615234,411746
169,20377.615234,414146
170,20377.615234,416546
171,20377.615234,418946
172,20377.615234,421346
173,20377.615234,423746
174,20377.615234,426146
175,20377.615234,428546
176,20377.615234,430946
177,20377.615234,433346
178,20377.615234,435746
179,20377.615234,438146
180,20377.615234,440546
181,20377.615234,442946
182,20377.615234,445346
183,20377.615234,447746
184,20377.615234,450146
185,20377.615234,452546
186,20377.615234,454946
187,20377.615234,457346
188,20377.615234,459746
189,20377.615234,462146
190,20377.615234,464546
191,20377.615234,466946
192,20377.615234,469346
193,20377.615234,471746
194,20377.615234,474146
195,20377.615234,476546
196,20377.615234,478946
197,20377.615234,481346
198,20377.615234,483746
199,20377.615234,486146
200,20377.615234,488546
201,20377.615234,490946
202,20377.615234,493346
203,20377.615234,495746
204,20377.615234,498146
205,20377.615234,500546
206,20377.615234,502946
207,20377.615234,505346
208,20377.615234,507746
209,20377.615234,510146
210,20377.615234,512546
211,20377.615234,514946
212,20377.615234,517346
213,20377.615234,519746
214,20377.615234,522146
215,20377.615234,524546
216,20377.615234,526946
217,20377.615234,529346
218,20377.615234,531746
219,20377.615234,534146
220,20377.615234,536546
221,20377.615234,538946
222,20377.615234,541346
223,20377.615234,543746
224,20377.615234,546147
225,20377.615234,548547
226,20377.615234,550947
227,20377.615234,553347
228,20377.615234,555747
229,20377.615234,558147
230,20377.615234,560547
231,20377.615234,562947
232,20377.615234,565347
233,20377.615234,567747
234,20377.615234,570147
235,20377.615234,572547
236,20377.615234,574947
237,20377.615234,577347
238,20377.615234,579747
239,20377.615234,582147
240,20377.615234,584547
241,20377.615234,586947
242,20377.615234,589347
243,20377.615234,591747
244,20377.615234,594147
245,20377.615234,596547
246,20377.615234,598947
247,20377.615234,601347
248,20377.615234,603747
249,20377.615234,606147
250,20377.615234,608547
251,20377.615234,610947
252,20377.615234,613347
253,20377.615234,615747
254,20377.615234,618147
255,20377.615234,620548
256,20377.615234,622948
257,20377.615234,625348
258,20377.615234,627748
259,20377.615234,630148
260,20377.615234,632548
261,20377.615234,634948
262,20377.615234,637348
263,20377.615234,639748
264,20377.615234,642148
265,20377.615234,644548
266,20377.615234,646948
267,20377.615234,649348
268,20377.615234,651748
269,20377.615234,654148
270,20377.615234,656548
271,20377.615234,658948
272,20377.615234,661348
273,20377.615234,663748
274,20377.615234,666148
275,20377.615234,668548
276,20377.615234,670948
277,20377.615234,673348
278,20377.615234,675748
279,20377.615234,678148
280,20377.615234,680549
281,20377.615234,682949
282,20377.615234,685349
283,20377.615234,687749
284,20377.615234,690149
285,20377.615234,692549
286,20377.615234,694949
287,20377.615234,697349
288,20377.615234,699749
289,20377.615234,702149
290,20377.615234,704549
291,20377.615234,706949
292,20377.615234,709349
293,20377.615234,711749
294,20377.615234,714149
295,20377.615234,716549
296,20377.615234,718949
297,20377.615234,721349
298,20377.615234,723749
299,20377.615234,726149
300,20377.615234,728549
301,20377.615234,730949
20377.615234,154.586110
1,20378.750000,2399
2,20377.917969,4969
3,20377.917969,7539
4,20377.917969,10109
5,20377.917969,12679
6,20377.917969,15247
7,20377.917969,17815
8,20377.917969,20385
9,20377.917969,22955
10,20377.917969,25511
11,20377.917969,28062
12,20377.917969,30632
13,20377.917969,33195
14,20377.917969,35759
15,20377.917969,38329
16,20377.917969,40898
17,20377.917969,43467
18,20377.917969,46035
19,20377.917969,48605
20,20377.917969,51166
21,20377.917969,53728
22,20377.917969,56284
23,20377.917969,58808
24,20377.917969,61372
25,20377.917969,63910
26,20377.917969,66432
27,20377.917969,68902
28,20377.917969,71413
29,20377.917969,73902
30,20377.917969,76472
31,20377.917969,79030
32,20377.917969,81577
33,20377.917969,84134
34,20377.917969,86656
35,20377.917969,89183
36,20377.917969,91726
37,20377.917969,94252
38,20377.917969,96821
39,20377.917969,99325
40,20377.917969,101846
41,20377.917969,104368
42,20377.917969,106892
43,20377.917969,109429
44,20377.917969,111950
45,20377.917969,114467
46,20377.917969,116981
47,20377.917969,119479
48,20377.917969,121964
49,20377.917969,124431
50,20377.917969,126879
51,20377.917969,129322
52,20377.917969,131759
53,20377.917969,134178
54,20377.917969,136608
55,20377.917969,139035
56,20377.917969,141458
57,20377.917969,143876
58,20377.917969,146290
59,20377.917969,148706
60,20377.917969,151114
61,20377.917969,153521
62,20377.917969,155928
63,20377.917969,158333
64,20377.917969,160735
65,20377.917969,163137
66,20377.917969,165541
67,20377.917969,167943
68,20377.917969,170343
69,20377.917969,172743
70,20377.917969,175142
71,20377.917969,177541
72,20377.917969,179940
73,20377.917969,182339
74,20377.917969,184738
75,20377.917969,187137
76,20377.917969,189536
77,20377.917969,191935
78,20377.917969,194334
79,20377.917969,196733
80,20377.917969,199132
81,20377.917969,201531
82,20377.917969,203930
83,20377.917969,206329
84,20377.917969,208728
85,20377.917969,211127
86,20377.917969,213526
87,20377.917969,215925
88,20377.917969,218324
89,20377.917969,220723
90,20377.917969,223122
91,20377.917969,225521
92,20377.917969,227920
93,20377.917969,230319
94,20377.917969,232718
95,20377.917969,235117
96,20377.917969,237516
97,20377.917969,239915
98,20377.917969,242314
99,20377.917969,244713
100,20377.917969,247112
101,20377.917969,249511
102,20377.917969,251910
103,20377.917969,254309
104,20377.917969,256708
105,20377.917969,259107
106,20377.917969,261506
107,20377.917969,263905
108,20377.917969,266304
109,20377.917969,268703
110,20377.917969,271102
111,20377.917969,273501
112,20377.917969,275900
113,20377.917969,278299
114,20377.917969,280698
115,20377.917969,283097
116,20377.917969,285496
117,20377.917969,287895
118,20377.917969,290294
119,20377.917969,292693
120,20377.917969,295092
121,20377.917969,297491
122,20377.917969,299890
123,20377.917969,302289
124,20377.917969,304688
125,20377.917969,307087
126,20377.917969,309486
127,20377.917969,311885
128,20377.917969,314284
129,20377.917969,316683
130,20377.917969,319082
131,20377.917969,321481
132,20377.917969,323880
133,20377.917969,326279
134,20377.917969,328678
135,20377.917969,331077
136,20377.917969,333476
137,20377.917969,335875
138,20377.917969,338274
139,20377.917969,340673
140,20377.917969,343072
141,20377.917969,345471
142,20377.917969,347870
143,20377.917969,350269
144,20377.917969,352668
145,20377.917969,355067
146,20377.917969,357466
147,20377.917969,359865
148,20377.917969,362264
149,20377.917969,364663
150,20377.917969,367062
151,20377.917969,369461
152,20377.917969,371860
153,20377.917969,374259
154,20377.917969,376658
155,20377.917969,379057
156,20377.917969,381456
157,20377.917969,383855
158,20377.917969,386254
159,20377.917969,388653
160,20377.917969,391052
161,20377.917969,393451
162,20377.917969,395850
163,20377.917969,398249
164,20377.917969,400648
165,20377.917969,403047
166,20377.917969,405446
167,20377.917969,407845
168,20377.917969,410244
169,20377.917969,412643
170,20377.917969,415042
171,20377.917969,417441
172,20377.917969,419840
173,20377.917969,422239
174,20377.917969,424638
175,20377.917969,427037
176,20377.917969,429436
177,20377.917969,431835
178,20377.917969,434234
179,20377.917969,436633
180,20377.917969,439032
181,20377.917969,441431
182,20377.917969,443830
183,20377.917969,446229
184,20377.917969,448628
185,20377.917969,451027
186,20377.917969,453426
187,20377.917969,455825
188,20377.917969,458224
189,20377.917969,460623
190,20377.917969,463022
191,20377.917969,465421
192,20377.917969,467820
193,20377.917969,470219
194,20377.917969,472618
195,20377.917969,475017
196,20377.917969,477416
197,20377.917969,479815
198,20377.917969,482214
199,20377.917969,484613
200,20377.917969,487012
201,20377.917969,489411
202,20377.917969,491810
203,20377.917969,494209
204,20377.917969,496608
205,20377.917969,499007
206,20377.917969,501406
207,20377.917969,503805
208,20377.917969,506204
209,20377.917969,508603
210,20377.917969,511002
211,20377.917969,513401
212,20377.917969,515800
213,20377.917969,518199
214,20377.917969,520598
215,20377.917969,522997
216,20377.917969,525396
217,20377.917969,527795
218,20377.917969,530194
219,20377.917969,532593
220,20377.917969,534992
221,20377.917969,537391
222,20377.917969,539790
223,20377.917969,542189
224,20377.917969,544588
225,20377.917969,546987
226,20377.917969,549386
227,20377.917969,551785
228,20377.917969,554184
229,20377.917969,556583
230,20377.917969,558982
231,20377.917969,561381
232,20377.917969,563780
233,20377.917969,566179
234,20377.917969,568578
235,20377.917969,570977
236,20377.917969,573376
237,20377.917969,575775
238,20377.917969,578174
239,20377.917969,580573
240,20377.917969,582972
241,20377.917969,585371
242,20377.917969,587770
243,20377.917969,590169
244,20377.917969,592568
245,20377.917969,594967
246,20377.917969,597366
247,20377.917969,599765
248,20377.917969,602164
249,20377.917969,604563
250,20377.917969,606962
251,20377.917969,609361
252,20377.917969,611760
253,20377.917969,614159
254,20377.917969,616558
255,20377.917969,618957
256,20377.917969,621356
257,20377.917969,623755
258,20377.917969,626154
259,20377.917969,628553
260,20377.917969,630952
261,20377.917969,633351
262,20377.917969,635750
263,20377.917969,638149
264,20377.917969,640548
265,20377.917969,642947
266,20377.917969,645346
267,20377.917969,647745
268,20377.917969,650144
269,20377.917969,652543
270,20377.917969,654942
271,20377.917969,657341
272,20377.917969,659740
273,20377.917969,662139
274,20377.917969,664538
275,20377.917969,666937
276,20377.917969,669336
277,20377.917969,671735
278,20377.917969,674134
279,20377.917969,676533
280,20377.917969,678932
281,20377.917969,681331
282,20377.917969,683730
283,20377.917969,686129
284,20377.917969,688528
285,20377.917969,690927
286,20377.917969,693326
287,20377.917969,695725
288,20377.917969,698124
289,20377.917969,700523
290,20377.917969,702922
291,20377.917969,705321
292,20377.917969,707720
293,20377.917969,710119
294,20377.917969,712518
295,20377.917969,714917
296,20377.917969,717316
297,20377.917969,719715
298,20377.917969,722114
299,20377.917969,724513
300,20377.917969,726912
301,20377.917969,729311
302,20377.917969,731710
20377.917969,149.754627
1,20380.050781,2399
2,20378.498047,5162
3,20378.498047,7925
4,20378.498047,10688
5,20378.273438,13450
6,20377.615234,16213
7,20377.615234,18976
8,20377.615234,21718
9,20377.615234,24481
10,20377.615234,27197
11,20377.615234,29954
12,20377.615234,32701
13,20377.615234,35432
14,20377.615234,38195
15,20377.615234,40947
16,20377.615234,43700
17,20377.615234,46422
18,20377.615234,49184
19,20377.615234,51943
20,20377.615234,54698
21,20377.615234,57449
22,20377.615234,60211
23,20377.615234,62973
24,20377.615234,65726
25,20377.615234,68453
26,20377.615234,71156
27,20377.615234,73804
28,20377.615234,76389
29,20377.615234,78882
30,20377.615234,81343
31,20377.615234,83779
32,20377.615234,86206
33,20377.615234,88910
34,20377.615234,91632
35,20377.615234,94345
36,20377.615234,97108
37,20377.615234,99797
38,20377.615234,102532
39,20377.615234,105287
40,20377.615234,108013
41,20377.615234,110774
42,20377.615234,113502
43,20377.615234,116263
44,20377.615234,119026
45,20377.615234,121765
46,20377.615234,124514
47,20377.615234,127252
48,20377.615234,130011
49,20377.615234,132774
50,20377.615234,135528
51,20377.615234,138265
52,20377.615234,141014
53,20377.615234,143774
54,20377.615234,146511
55,20377.615234,149263
56,20377.615234,152026
57,20377.615234,154780
58,20377.615234,157523
59,20377.615234,160286
60,20377.615234,163040
61,20377.615234,165798
62,20377.615234,168556
63,20377.615234,171287
64,20377.615234,174040
65,20377.615234,176802
66,20377.615234,179534
67,20377.615234,182287
68,20377.615234,185033
69,20377.615234,187796
70,20377.615234,190536
71,20377.615234,193299
72,20377.615234,196043
73,20377.615234,198774
74,20377.615234,201510
75,20377.615234,204260
76,20377.615234,207010
77,20377.615234,209771
78,20377.615234,212529
79,20377.615234,215260
80,20377.615234,217992
81,20377.615234,220743
82,20377.615234,223487
83,20377.615234,226247
84,20377.615234,228987
85,20377.615234,231750
86,20377.615234,234513
87,20377.615234,237268
88,20377.615234,240010
89,20377.615234,242755
90,20377.615234,245517
91,20377.615234,248262
92,20377.615234,251013
93,20377.615234,253773
94,20377.615234,256525
95,20377.615234,259266
96,20377.615234,262022
97,20377.615234,264762
98,20377.615234,267515
99,20377.615234,270264
100,20377.615234,272998
101,20377.615234,275740
102,20377.615234,278502
103,20377.615234,281261
104,20377.615234,284003
105,20377.615234,286764
106,20377.615234,289506
107,20377.615234,292260
108,20377.615234,295018
109,20377.615234,297760
110,20377.615234,300516
111,20377.615234,303269
112,20377.615234,306018
113,20377.615234,308781
114,20377.615234,311540
115,20377.615234,314302
116,20377.615234,317060
117,20377.615234,319822
118,20377.615234,322585
119,20377.615234,325342
120,20377.615234,328103
121,20377.615234,330843
122,20377.615234,333605
123,20377.615234,336351
124,20377.615234,339113
125,20377.615234,341859
126,20377.615234,344603
127,20377.615234,347352
128,20377.615234,350110
129,20377.615234,352872
130,20377.615234,355627
131,20377.615234,358387
132,20377.615234,361149
133,20377.615234,363881
134,20377.615234,366637
135,20377.615234,369394
136,20377.615234,372136
137,20377.615234,374868
138,20377.615234,377629
139,20377.615234,380392
140,20377.615234,383148
141,20377.615234,385900
142,20377.615234,388663
143,20377.615234,391425
144,20377.615234,394174
145,20377.615234,396915
146,20377.615234,399655
147,20377.615234,402418
148,20377.615234,405180
149,20377.615234,407933
150,20377.615234,410692
151,20377.615234,413453
152,20377.615234,416198
153,20377.615234,418946
154,20377.615234,421692
155,20377.615234,424433
156,20377.615234,427159
157,20377.615234,429891
158,20377.615234,432650
159,20377.615234,435413
160,20377.615234,438174
161,20377.615234,440937
162,20377.615234,443700
163,20377.615234,446456
164,20377.615234,449215
165,20377.615234,451962
166,20377.615234,454717
167,20377.615234,457472
168,20377.615234,460233
169,20377.615234,462993
170,20377.615234,465748
171,20377.615234,468476
172,20377.615234,471237
173,20377.615234,473966
174,20377.615234,476714
175,20377.615234,479464
176,20377.615234,482196
177,20377.615234,484939
178,20377.615234,487666
179,20377.615234,490411
180,20377.615234,493149
181,20377.615234,495912
182,20377.615234,498673
183,20377.615234,501427
184,20377.615234,504183
185,20377.615234,506943
186,20377.615234,509687
187,20377.615234,512422
188,20377.615234,515184
189,20377.615234,517928
190,20377.615234,520685
191,20377.615234,523436
192,20377.615234,526187
193,20377.615234,528919
194,20377.615234,531682
195,20377.615234,534420
196,20377.615234,537153
197,20377.615234,539913
198,20377.615234,542670
199,20377.615234,545418
200,20377.615234,548180
201,20377.615234,550929
202,20377.615234,553668
203,20377.615234,556412
204,20377.615234,559175
205,20377.615234,561930
206,20377.615234,564685
207,20377.615234,567438
208,20377.615234,570201
209,20377.615234,572961
210,20377.615234,575724
211,20377.615234,578473
212,20377.615234,581233
213,20377.615234,583984
214,20377.615234,586740
215,20377.615234,589492
216,20377.615234,592252
217,20377.615234,595005
218,20377.615234,597750
219,20377.615234,600512
220,20377.615234,603264
221,20377.615234,606018
222,20377.615234,608780
223,20377.615234,611528
224,20377.615234,614291
225,20377.615234,617050
226,20377.615234,619811
227,20377.615234,622573
228,20377.615234,625332
229,20377.615234,628092
230,20377.615234,630848
231,20377.615234,633592
232,20377.615234,636343
233,20377.615234,639084
234,20377.615234,641836
235,20377.615234,644591
236,20377.615234,647345
237,20377.615234,650095
238,20377.615234,652845
239,20377.615234,655601
240,20377.615234,658363
241,20377.615234,661124
242,20377.615234,663883
243,20377.615234,666646
244,20377.615234,669403
245,20377.615234,672139
246,20377.615234,674902
247,20377.615234,677643
248,20377.615234,680396
249,20377.615234,683137
250,20377.615234,685895
251,20377.615234,688649
252,20377.615234,691405
253,20377.615234,694145
254,20377.615234,696904
255,20377.615234,699654
256,20377.615234,702397
257,20377.615234,705154
258,20377.615234,707905
259,20377.615234,710646
260,20377.615234,713400
261,20377.615234,716153
262,20377.615234,718911
263,20377.615234,721669
264,20377.615234,724426
265,20377.615234,727189
266,20377.615234,729943
20377.615234,157.077470
1,20379.050781,2399
2,20378.757812,5206
3,20378.064453,8013
4,20378.064453,10820
5,20378.064453,13627
6,20378.064453,16434
7,20378.064453,19235
8,20378.064453,21994
9,20377.917969,24795
10,20377.917969,27602
11,20377.917969,30407
12,20377.917969,33172
13,20377.917969,35977
14,20377.917969,38742
15,20377.917969,41549
16,20377.917969,44356
17,20377.917969,47135
18,20377.917969,49937
19,20377.917969,52725
20,20377.917969,55518
21,20377.615234,58319
22,20377.615234,61126
23,20377.615234,63928
24,20377.615234,66733
25,20377.615234,69540
26,20377.615234,72341
27,20377.615234,75139
28,20377.615234,77915
29,20377.615234,80710
30,20377.615234,83490
31,20377.615234,86098
32,20377.615234,88781
33,20377.615234,91390
34,20377.615234,93984
35,20377.615234,96515
36,20377.615234,99199
37,20377.615234,101729
38,20377.615234,104234
39,20377.615234,106701
40,20377.615234,109147
41,20377.615234,111573
42,20377.615234,114001
43,20377.615234,116423
44,20377.615234,118840
45,20377.615234,121252
46,20377.615234,123659
47,20377.615234,126065
48,20377.615234,128471
49,20377.615234,130877
50,20377.615234,133282
51,20377.615234,135686
52,20377.615234,138090
53,20377.615234,140494
54,20377.615234,142896
55,20377.615234,145297
56,20377.615234,147698
57,20377.615234,150099
58,20377.615234,152500
59,20377.615234,154901
60,20377.615234,157303
61,20377.615234,159705
62,20377.615234,162106
63,20377.615234,164507
64,20377.615234,166907
65,20377.615234,169307
66,20377.615234,171707
67,20377.615234,174107
68,20377.615234,176507
69,20377.615234,178907
70,20377.615234,181307
71,20377.615234,183707
72,20377.615234,186107
73,20377.615234,188507
74,20377.615234,190907
75,20377.615234,193307
76,20377.615234,195707
77,20377.615234,198107
78,20377.615234,200507
79,20377.615234,202907
80,20377.615234,205307
81,20377.615234,207707
82,20377.615234,210107
83,20377.615234,212507
84,20377.615234,214907
85,20377.615234,217307
86,20377.615234,219707
87,20377.615234,222107
88,20377.615234,224507
89,20377.615234,226907
90,20377.615234,229307
91,20377.615234,231707
92,20377.615234,234107
93,20377.615234,236507
94,20377.615234,238907
95,20377.615234,241307
96,20377.615234,243707
97,20377.615234,246107
98,20377.615234,248507
99,20377.615234,250907
100,20377.615234,253308
101,20377.615234,255709
102,20377.615234,258110
103,20377.615234,260510
104,20377.615234,262910
105,20377.615234,265310
106,20377.615234,267711
107,20377.615234,270111
108,20377.615234,272511
109,20377.615234,274911
110,20377.615234,277311
111,20377.615234,279711
112,20377.615234,282111
113,20377.615234,284511
114,20377.615234,286911
115,20377.615234,289311
116,20377.615234,291711
117,20377.615234,294112
118,20377.615234,296512
119,20377.615234,298912
120,20377.615234,301312
121,20377.615234,303712
122,20377.615234,306112
123,20377.615234,308512
124,20377.615234,310912
125,20377.615234,313312
126,20377.615234,315712
127,20377.615234,318112
128,20377.615234,320512
129,20377.615234,322912
130,20377.615234,325312
131,20377.615234,327712
132,20377.615234,330112
133,20377.615234,332512
134,20377.615234,334912
135,20377.615234,337312
136,20377.615234,339712
137,20377.615234,342112
138,20377.615234,344512
139,20377.615234,346912
140,20377.615234,349312
141,20377.615234,351712
142,20377.615234,354112
143,20377.615234,356512
144,20377.615234,358912
145,20377.615234,361312
146,20377.615234,363712
147,20377.615234,366112
148,20377.615234,368512
149,20377.615234,370912
150,20377.615234,373312
151,20377.615234,375712
152,20377.615234,378112
153,20377.615234,380512
154,20377.615234,382912
155,20377.615234,385312
156,20377.615234,387712
157,20377.615234,390112
158,20377.615234,392512
159,20377.615234,394912
160,20377.615234,397312
161,20377.615234,399712
162,20377.615234,402112
163,20377.615234,404512
164,20377.615234,406912
165,20377.615234,409312
166,20377.615234,411712
167,20377.615234,414112
168,20377.615234,416512
169,20377.615234,418912
170,20377.615234,421312
171,20377.615234,423713
172,20377.615234,426114
173,20377.615234,428516
174,20377.615234,430916
175,20377.615234,433316
176,20377.615234,435717
177,20377.615234,438117
178,20377.615234,440517
179,20377.615234,442917
180,20377.615234,445317
181,20377.615234,447717
182,20377.615234,450117
183,20377.615234,452517
184,20377.615234,454918
185,20377.615234,457318
186,20377.615234,459718
187,20377.615234,462118
188,20377.615234,464518
189,20377.615234,466918
190,20377.615234,469318
191,20377.615234,471718
192,20377.615234,474119
193,20377.615234,476519
194,20377.615234,478919
195,20377.615234,481319
196,20377.615234,483719
197,20377.615234,486119
198,20377.615234,488519
199,20377.615234,490919
200,20377.615234,493319
201,20377.615234,495719
202,20377.615234,498119
203,20377.615234,500519
204,20377.615234,502919
205,20377.615234,505320
206,20377.615234,507720
207,20377.615234,510120
208,20377.615234,512520
209,20377.615234,514920
210,20377.615234,517320
211,20377.615234,519720
212,20377.615234,522120
213,20377.615234,524520
214,20377.615234,526920
215,20377.615234,529320
216,20377.615234,531720
217,20377.615234,534120
218,20377.615234,536520
219,20377.615234,538920
220,20377.615234,541320
221,20377.615234,543720
222,20377.615234,546120
223,20377.615234,548520
224,20377.615234,550920
225,20377.615234,553320
226,20377.615234,555720
227,20377.615234,558120
228,20377.615234,560520
229,20377.615234,562920
230,20377.615234,565320
231,20377.615234,567720
232,20377.615234,570120
233,20377.615234,572520
234,20377.615234,574920
235,20377.615234,577320
236,20377.615234,579720
237,20377.615234,582120
238,20377.615234,584520
239,20377.615234,586920
240,20377.615234,589320
241,20377.615234,591720
242,20377.615234,594120
243,20377.615234,596520
244,20377.615234,598920
245,20377.615234,601320
246,20377.615234,603720
247,20377.615234,606120
248,20377.615234,608520
249,20377.615234,610920
250,20377.615234,613320
251,20377.615234,615720
252,20377.615234,618120
253,20377.615234,620520
254,20377.615234,622920
255,20377.615234,625320
256,20377.615234,627720
257,20377.615234,630120
258,20377.615234,632520
259,20377.615234,634920
260,20377.615234,637320
261,20377.615234,639720
262,20377.615234,642120
263,20377.615234,644520
264,20377.615234,646921
265,20377.615234,649321
266,20377.615234,651721
267,20377.615234,654121
268,20377.615234,656522
269,20377.615234,658922
270,20377.615234,661323
271,20377.615234,663723
272,20377.615234,666123
273,20377.615234,668523
274,20377.615234,670923
275,20377.615234,673324
276,20377.615234,675725
277,20377.615234,678125
278,20377.615234,680525
279,20377.615234,682925
280,20377.615234,685325
281,20377.615234,687725
282,20377.615234,690125
283,20377.615234,692525
284,20377.615234,694925
285,20377.615234,697325
286,20377.615234,699725
287,20377.615234,702125
288,20377.615234,704525
289,20377.615234,706925
290,20377.615234,709325
291,20377.615234,711725
292,20377.615234,714125
293,20377.615234,716525
294,20377.615234,718925
295,20377.615234,721325
296,20377.615234,723725
297,20377.615234,726125
298,20377.615234,728525
299,20377.615234,730926
20377.615234,152.786908
1,20378.244141,2399
2,20378.244141,5093
3,20378.244141,7787
4,20378.244141,10481
5,20378.244141,13175
6,20378.244141,15869
7,20378.242188,18563
8,20378.242188,21251
9,20378.242188,23945
10,20378.095703,26638
11,20378.095703,29300
12,20378.095703,31993
13,20377.964844,34658
14,20377.964844,37352
15,20377.964844,40046
16,20377.964844,42736
17,20377.964844,45425
18,20377.964844,48117
19,20377.964844,50783
20,20377.964844,53475
21,20377.964844,56132
22,20377.964844,58825
23,20377.964844,61505
24,20377.964844,64171
25,20377.964844,66858
26,20377.964844,69549
27,20377.964844,72241
28,20377.964844,74931
29,20377.964844,77625
30,20377.964844,80317
31,20377.964844,83002
32,20377.964844,85666
33,20377.964844,88349
34,20377.964844,91028
35,20377.964844,93717
36,20377.964844,96382
37,20377.964844,99020
38,20377.964844,101666
39,20377.964844,104359
40,20377.964844,107027
41,20377.964844,109685
42,20377.964844,112316
43,20377.964844,114949
44,20377.964844,117557
45,20377.964844,120176
46,20377.964844,122839
47,20377.964844,125497
48,20377.964844,128138
49,20377.964844,130770
50,20377.964844,133371
51,20377.964844,135960
52,20377.964844,138595
53,20377.964844,141235
54,20377.964844,143838
55,20377.964844,146528
56,20377.964844,149183
57,20377.964844,151852
58,20377.964844,154491
59,20377.964844,157136
60,20377.964844,159784
61,20377.964844,162448
62,20377.964844,165094
63,20377.964844,167744
64,20377.964844,170364
65,20377.964844,172984
66,20377.964844,175586
67,20377.964844,178201
68,20377.964844,180893
69,20377.964844,183525
70,20377.964844,186114
71,20377.964844,188692
72,20377.964844,191241
73,20377.964844,193756
74,20377.964844,196255
75,20377.964844,198734
76,20377.964844,201200
77,20377.964844,203652
78,20377.964844,206106
79,20377.964844,208545
80,20377.964844,210970
81,20377.964844,213401
82,20377.964844,215823
83,20377.964844,218241
84,20377.964844,220656
85,20377.964844,223070
86,20377.964844,225481
87,20377.964844,227892
88,20377.964844,230298
89,20377.964844,232701
90,20377.964844,235106
91,20377.964844,237510
92,20377.964844,239914
93,20377.964844,242317
94,20377.964844,244720
95,20377.964844,247121
96,20377.964844,249521
97,20377.964844,251921
98,20377.964844,254322
99,20377.964844,256723
100,20377.964844,259124
101,20377.964844,261525
102,20377.964844,263926
103,20377.964844,266326
104,20377.964844,268726
105,20377.964844,271126
106,20377.964844,273526
107,20377.964844,275927
108,20377.964844,278328
109,20377.964844,280729
110,20377.964844,283130
111,20377.964844,285530
112,20377.964844,287930
113,20377.964844,290330
114,20377.964844,292730
115,20377.964844,295131
116,20377.964844,297531
117,20377.964844,299931
118,20377.964844,302332
119,20377.964844,304732
120,20377.964844,307132
121,20377.964844,309532
122,20377.964844,311932
123,20377.964844,314332
124,20377.964844,316732
125,20377.964844,319132
126,20377.964844,321532
127,20377.964844,323932
128,20377.964844,326332
129,20377.964844,328732
130,20377.964844,331132
131,20377.964844,333532
132,20377.964844,335932
133,20377.964844,338332
134,20377.964844,340732
135,20377.964844,343132
136,20377.964844,345532
137,20377.964844,347932
138,20377.964844,350332
139,20377.964844,352732
140,20377.964844,355132
141,20377.964844,357532
142,20377.964844,359932
143,20377.964844,362332
144,20377.964844,364732
145,20377.964844,367132
146,20377.964844,369532
147,20377.964844,371932
148,20377.964844,374333
149,20377.964844,376734
150,20377.964844,379135
151,20377.964844,381536
152,20377.964844,383937
153,20377.964844,386339
154,20377.964844,388741
155,20377.964844,391141
156,20377.964844,393541
157,20377.964844,395941
158,20377.964844,398342
159,20377.964844,400744
160,20377.964844,403146
161,20377.964844,405546
162,20377.964844,407946
163,20377.964844,410346
164,20377.964844,412746
165,20377.964844,415146
166,20377.964844,417546
167,20377.964844,419946
168,20377.964844,422346
169,20377.964844,424746
170,20377.964844,427146
171,20377.964844,429547
172,20377.964844,431948
173,20377.964844,434349
174,20377.964844,436749
175,20377.964844,439150
176,20377.964844,441551
177,20377.964844,443951
178,20377.964844,446351
179,20377.964844,448751
180,20377.964844,451151
181,20377.964844,453551
182,20377.964844,455951
183,20377.964844,458351
184,20377.964844,460751
185,20377.964844,463151
186,20377.964844,465551
187,20377.964844,467951
188,20377.964844,470351
189,20377.964844,472751
190,20377.964844,475151
191,20377.964844,477551
192,20377.964844,479951
193,20377.964844,482351
194,20377.964844,484751
195,20377.964844,487151
196,20377.964844,489551
197,20377.964844,491951
198,20377.964844,494351
199,20377.964844,496751
200,20377.964844,499151
201,20377.964844,501551
202,20377.964844,503951
203,20377.964844,506351
204,20377.964844,508751
205,20377.964844,511151
206,20377.964844,513551
207,20377.964844,515951
208,20377.964844,518351
209,20377.964844,520751
210,20377.964844,523152
211,20377.964844,525552
212,20377.964844,527952
213,20377.964844,530352
214,20377.964844,532752
215,20377.964844,535152
216,20377.964844,537552
217,20377.964844,539952
218,20377.964844,542352
219,20377.964844,544752
220,20377.964844,547152
221,20377.964844,549552
222,20377.964844,551952
223,20377.964844,554352
224,20377.964844,556752
225,20377.964844,559152
226,20377.964844,561552
227,20377.964844,563952
228,20377.964844,566352
229,20377.964844,568752
230,20377.964844,571152
231,20377.964844,573552
232,20377.964844,575952
233,20377.964844,578352
234,20377.964844,580752
235,20377.964844,583152
236,20377.964844,585552
237,20377.964844,587952
238,20377.964844,590352
239,20377.964844,592752
240,20377.964844,595153
241,20377.964844,597554
242,20377.964844,599955
243,20377.964844,602356
244,20377.964844,604757
245,20377.964844,607157
246,20377.964844,609557
247,20377.964844,611957
248,20377.964844,614357
249,20377.964844,616757
250,20377.964844,619157
251,20377.964844,621557
252,20377.964844,623957
253,20377.964844,626357
254,20377.964844,628757
255,20377.964844,631157
256,20377.964844,633557
257,20377.964844,635957
258,20377.964844,638357
259,20377.964844,640757
260,20377.964844,643157
261,20377.964844,645557
262,20377.964844,647957
263,20377.964844,650357
264,20377.964844,652757
265,20377.964844,655157
266,20377.964844,657557
267,20377.964844,659957
268,20377.964844,662357
269,20377.964844,664757
270,20377.964844,667157
271,20377.964844,669557
272,20377.964844,671957
273,20377.964844,674357
274,20377.964844,676757
275,20377.964844,679157
276,20377.964844,681557
277,20377.964844,683957
278,20377.964844,686357
279,20377.964844,688757
280,20377.964844,691157
281,20377.964844,693557
282,20377.964844,695957
283,20377.964844,698357
284,20377.964844,700757
285,20377.964844,703157
286,20377.964844,705557
287,20377.964844,707957
288,20377.964844,710357
289,20377.964844,712757
290,20377.964844,715157
291,20377.964844,717557
292,20377.964844,719957
293,20377.964844,722357
294,20377.964844,724757
295,20377.964844,727157
296,20377.964844,729557
297,20377.964844,731957
20377.964844,149.990809
1,20378.400391,2399
2,20378.400391,4974
3,20378.400391,7549
4,20378.400391,10124
5,20378.400391,12696
6,20378.400391,15254
7,20378.273438,17829
8,20378.273438,20402
9,20378.273438,22977
10,20378.273438,25549
11,20378.273438,28111
12,20378.273438,30682
13,20378.273438,33248
14,20378.242188,35817
15,20378.064453,38391
16,20378.064453,40964
17,20378.064453,43538
18,20378.064453,46112
19,20378.064453,48687
20,20378.064453,51257
21,20378.064453,53831
22,20378.064453,56404
23,20378.064453,58978
24,20378.064453,61520
25,20378.064453,64014
26,20378.064453,66573
27,20378.064453,69138
28,20378.064453,71696
29,20378.064453,74219
30,20378.064453,76722
31,20378.064453,79200
32,20378.064453,81725
33,20378.064453,84255
34,20378.064453,86791
35,20378.064453,89299
36,20378.064453,91791
37,20378.064453,94273
38,20378.064453,96738
39,20378.064453,99209
40,20378.064453,101667
41,20378.064453,104121
42,20378.064453,106637
43,20378.064453,109184
44,20378.064453,111741
45,20378.064453,114316
46,20378.064453,116876
47,20378.064453,119447
48,20378.064453,121988
49,20378.064453,124513
50,20378.064453,127015
51,20378.064453,129505
52,20378.064453,131986
53,20378.064453,134456
54,20378.064453,136912
55,20378.064453,139366
56,20378.064453,141816
57,20378.064453,144253
58,20378.064453,146691
59,20378.064453,149117
60,20378.064453,151541
61,20378.064453,153960
62,20378.064453,156373
63,20378.064453,158783
64,20378.064453,161193
65,20378.064453,163603
66,20378.064453,166015
67,20378.064453,168428
68,20378.064453,170837
69,20378.064453,173242
70,20378.064453,175645
71,20378.064453,178046
72,20378.064453,180446
73,20378.064453,182847
74,20378.064453,185248
75,20378.064453,187649
76,20378.064453,190049
77,20378.064453,192449
78,20378.064453,194849
79,20378.064453,197249
80,20378.064453,199649
81,20378.064453,202049
82,20378.064453,204449
83,20378.064453,206849
84,20378.064453,209249
85,20378.064453,211649
86,20378.064453,214049
87,20378.064453,216449
88,20378.064453,218849
89,20378.064453,221249
90,20378.064453,223649
91,20378.064453,226049
92,20378.064453,228449
93,20378.064453,230849
94,20378.064453,233249
95,20378.064453,235649
96,20378.064453,238049
97,20378.064453,240449
98,20378.064453,242849
99,20378.064453,245249
100,20378.064453,247649
101,20378.064453,250049
102,20378.064453,252449
103,20378.064453,254849
104,20378.064453,257249
105,20378.064453,259649
106,20378.064453,262049
107,20378.064453,264449
108,20378.064453,266849
109,20378.064453,269249
110,20378.064453,271649
111,20378.064453,274049
112,20378.064453,276449
113,20378.064453,278849
114,20378.064453,281249
115,20378.064453,283649
116,20378.064453,286049
117,20378.064453,288449
118,20378.064453,290849
119,20378.064453,293249
120,20378.064453,295649
121,20378.064453,298050
122,20378.064453,300450
123,20378.064453,302850
124,20378.064453,305250
125,20378.064453,307650
126,20378.064453,310050
127,20378.064453,312450
128,20378.064453,314850
129,20378.064453,317250
130,20378.064453,319650
131,20378.064453,322050
132,20378.064453,324450
133,20378.064453,326850
134,20378.064453,329250
135,20378.064453,331650
136,20378.064453,334050
137,20378.064453,336450
138,20378.064453,338850
139,20378.064453,341250
140,20378.064453,343650
141,20378.064453,346050
142,20378.064453,348450
143,20378.064453,350850
144,20378.064453,353250
145,20378.064453,355650
146,20378.064453,358050
147,20378.064453,360450
148,20378.064453,362850
149,20378.064453,365250
150,20378.064453,367650
151,20378.064453,370050
152,20378.064453,372450
153,20378.064453,374850
154,20378.064453,377250
155,20378.064453,379650
156,20378.064453,382050
157,20378.064453,384450
158,20378.064453,386850
159,20378.064453,389250
160,20378.064453,391650
161,20378.064453,394050
162,20378.064453,396450
163,20378.064453,398850
164,20378.064453,401250
165,20378.064453,403650
166,20378.064453,406050
167,20378.064453,408450
168,20378.064453,410850
169,20378.064453,413250
170,20378.064453,415650
171,20378.064453,418050
172,20378.064453,420450
173,20378.064453,422850
174,20378.064453,425250
175,20378.064453,427650
176,20378.064453,430050
177,20378.064453,432450
178,20378.064453,434850
179,20378.064453,437250
180,20378.064453,439650
181,20378.064453,442050
182,20378.064453,444450
183,20378.064453,446850
184,20378.064453,449250
185,20378.064453,451650
186,20378.064453,454050
187,20378.064453,456450
188,20378.064453,458850
189,20378.064453,461251
190,20378.064453,463651
191,20378.064453,466051
192,20378.064453,468451
193,20378.064453,470851
194,20378.064453,473251
195,20378.064453,475651
196,20378.064453,478051
197,20378.064453,480451
198,20378.064453,482851
199,20378.064453,485251
200,20378.064453,487651
201,20378.064453,490051
202,20378.064453,492451
203,20378.064453,494851
204,20378.064453,497251
205,20378.064453,499651
206,20378.064453,502051
207,20378.064453,504451
208,20378.064453,506851
209,20378.064453,509251
210,20378.064453,511651
211,20378.064453,514051
212,20378.064453,516451
213,20378.064453,518851
214,20378.064453,521251
215,20378.064453,523651
216,20378.064453,526051
217,20378.064453,528451
218,20378.064453,530851
219,20378.064453,533251
220,20378.064453,535651
221,20378.064453,538051
222,20378.064453,540451
223,20378.064453,542851
224,20378.064453,545251
225,20378.064453,547651
226,20378.064453,550051
227,20378.064453,552451
228,20378.064453,554851
229,20378.064453,557251
230,20378.064453,559651
231,20378.064453,562051
232,20378.064453,564451
233,20378.064453,566851
234,20378.064453,569251
235,20378.064453,571651
236,20378.064453,574051
237,20378.064453,576451
238,20378.064453,578851
239,20378.064453,581251
240,20378.064453,583652
241,20378.064453,586052
242,20378.064453,588452
243,20378.064453,590852
244,20378.064453,593252
245,20378.064453,595652
246,20378.064453,598052
247,20378.064453,600452
248,20378.064453,602852
249,20378.064453,605252
250,20378.064453,607652
251,20378.064453,610052
252,20378.064453,612452
253,20378.064453,614852
254,20378.064453,617253
255,20378.064453,619653
256,20378.064453,622054
257,20378.064453,624455
258,20378.064453,626856
259,20378.064453,629256
260,20378.064453,631657
261,20378.064453,634057
262,20378.064453,636457
263,20378.064453,638857
264,20378.064453,641257
265,20378.064453,643657
266,20378.064453,646057
267,20378.064453,648457
268,20378.064453,650857
269,20378.064453,653257
270,20378.064453,655657
271,20378.064453,658057
272,20378.064453,660457
273,20378.064453,662857
274,20378.064453,665257
275,20378.064453,667657
276,20378.064453,670057
277,20378.064453,672457
278,20378.064453,674857
279,20378.064453,677257
280,20378.064453,679657
281,20378.064453,682057
282,20378.064453,684457
283,20378.064453,686857
284,20378.064453,689257
285,20378.064453,691657
286,20378.064453,694057
287,20378.064453,696457
288,20378.064453,698857
289,20378.064453,701257
290,20378.064453,703657
291,20378.064453,706057
292,20378.064453,708457
293,20378.064453,710857
294,20378.064453,713257
295,20378.064453,715657
296,20378.064453,718057
297,20378.064453,720457
298,20378.064453,722857
299,20378.064453,725257
300,20378.064453,727657
301,20378.064453,730057
20378.064453,150.544136
