20213.199895
20213.695771
20211.945556
20178.232537
20210.065861
20178.504568
20177.942437
20211.204610
20213.144432
20212.761958
20219.410854
20211.287428
20179.194412
20178.355288
20213.084188
20178.312575
20214.000858
20211.213605
20213.866733
20211.201321
20213.435414
20178.177999
20177.942437
20213.695771
20213.449343
20211.197348
20213.439336
20211.313004
20210.062757
20213.420327
20212.910976
20211.762666
20216.523090
20213.436452
20213.454270
20211.382281
20212.306420
20177.505071
20176.190749
20213.436648
20177.741373
20211.206209
20178.177999
20216.608114
20209.769749
20211.216982
20217.152533
20211.378376
20210.769920
20178.312575
