49356.937560
49356.921226
49356.938895
49356.914579
49356.922678
49356.934495
49356.917226
49356.932410
49356.916446
49356.932061
49356.922858
49356.913722
49356.915213
49356.936926
49356.929745
49356.912555
49356.940821
49356.923183
49356.933169
49356.933366
49356.910641
49356.927384
49356.921372
49356.942857
49356.916208
49356.914542
49356.938094
49356.927112
49356.936075
49356.932896
49356.950208
49356.920277
49356.908780
49356.917141
49356.925420
49356.918763
49356.916546
49356.932791
49356.919142
49356.923990
49356.920841
49356.918265
49356.919498
49356.930620
49356.906891
49356.933827
49356.953076
49356.930739
49356.941372
49356.908671
