17714.236350
17746.862810
17710.477386
17734.226848
17710.614233
17731.180911
17705.818122
17717.549256
17713.739057
17717.146312
17737.295387
17706.166546
17713.471190
17697.117987
17709.916115
17717.428622
17740.578395
17712.213791
17755.835527
17723.003599
17716.065490
17702.687995
17704.800182
17708.808237
17707.298637
17703.845429
17711.063153
17708.719402
17719.055779
17694.924818
17702.053921
17707.520986
17736.435621
17716.867998
17716.790914
17713.439531
17702.014755
17714.130511
17713.434374
17701.513569
17711.689586
17698.531435
17716.816482
17709.701590
17730.026269
17719.772044
17717.511378
17708.813946
17701.930858
17703.551053
