17644.048828
17620.517578
17640.738281
17634.365234
17609.228516
17645.800781
17636.541016
17619.896484
17637.798828
17644.132812
17630.939453
17610.373047
17637.853516
17627.611328
17625.929688
17634.593750
17644.980469
17634.521484
17617.230469
17608.431641
17628.707031
17609.853516
17626.847656
17628.582031
17629.619141
17624.931641
17618.224609
17617.974609
17630.373047
17603.626953
17628.603516
17624.751953
17625.271484
17616.166016
17612.919922
17635.566406
17650.349609
17647.187500
17624.634766
17610.880859
17649.625000
17614.449219
17606.150391
17635.037109
17613.714844
17608.566406
17621.251953
17618.537109
17622.673828
17633.396484
