5541.643066
5541.643066
5541.643066
5541.643066
5541.643066
5541.643066
5541.643066
5541.643066
5541.643066
5541.643066
5541.643066
5541.643066
5541.643066
5541.643066
5541.643066
5541.643066
5541.643066
5541.643066
5541.643066
5541.643066
5541.643066
5541.643066
5541.643066
5541.643066
5541.643066
5541.643066
5541.643066
5541.643066
5541.643066
5541.643066
5541.643066
5541.643066
5541.643066
5541.643066
5541.643066
5541.643066
5541.643066
5541.643066
5541.643066
5541.643066
5541.643066
5541.643066
5541.643066
5541.643066
5541.643066
5541.643066
5541.643066
5541.643066
5541.643066
5541.643066
